(0,0,0)
(0,0,0)
(0,0,0)
(0,0,0)
(0,0,0)
(0,0,0)
(0,0,0)
(0,0,0)
(0,0,0)
(0,0,0)
(0,0,0)
(0,0,0)
(0,0,0)
(0,0,0)
(0,0,0)
(0,0,0)
(0,0,0)
(0,0,0)
(0,0,0)
(0,0,0)
(0,0,0)
(0,0,0)
(0,0,0)
(0,0,0)
(0,0,0)
(0,0,0)
(0,0,0)
(0,0,0)
(0,0,0)
(0,0,0)
(0,0,0)
(0,0,0)
(0,0,0)
(0,0,0)
(0,0,0)
(0,0,0)
(0,0,0)
(0,0,0)
(0,0,0)
(0,0,0)
(0,0,0)
(0,0,0)
(0,0,0)
(0,0,0)
(0,0,0)
(0,0,0)
(0,0,0)
(0,0,0)
(0,0,0)
(0,0,0)
(0,0,0)
(0,0,0)
(0,0,0)
(0,0,0)
(0,0,0)
(0,0,0)
(0,0,0)
(0,0,0)
(0,0,0)
(0,0,0)
(0,0,0)
(0,0,0)
(0,0,0)
(0,0,0)
(0,0,0)
(0,0,0)
(0,0,0)
(0,0,0)
(0,0,0)
(0,0,0)
(0,0,0)
(0,0,0)
(0,0,0)
(0,0,0)
(0,0,0)
(0,0,0)
(0,0,0)
(0,0,0)
(0,0,0)
(0,0,0)
(0,0,0)
(0,0,0)
(0,0,0)
(0,0,0)
(0,0,0)
(0,0,0)
(0,0,0)
(0,0,0)
(0,0,0)
(0,0,0)
(0,0,0)
(0,0,0)
(0,0,0)
(0,0,0)
(0,0,0)
(0,0,0)
(0,0,0)
(0,0,0)
(0,0,0)
(0,0,0)
(0,0,0)
(0,0,0)
(0,0,0)
(0,0,0)
(0,0,0)
(0,0,0)
(0,0,0)
(0,0,0)
(0,0,0)
(0,0,0)
(0,0,0)
(0,0,0)
(0,0,0)
(0,0,0)
(0,0,0)
(0,0,0)
(0,0,0)
(0,0,0)
(0,0,0)
(0,0,0)
(0,0,0)
(0,0,0)
(0,0,0)
(0,0,0)
(0,0,0)
(0,0,0)
(0,0,0)
(0,0,0)
(0,0,0)
(0,0,0)
(0,0,0)
(0,0,0)
(0,0,0)
(0,0,0)
(0,0,0)
(0,0,0)
(0,0,0)
(0,0,0)
(0,0,0)
(0,0,0)
(0,0,0)
(0,0,0)
(0,0,0)
(0,0,0)
(0,0,0)
(0,0,0)
(0,0,0)
(0,0,0)
(0,0,0)
(0,0,0)
(0,0,0)
(0,0,0)
(0,0,0)
(0,0,0)
(0,0,0)
(0,0,0)
(0,0,0)
(0,0,0)
(0,0,0)
(0,0,0)
(0,0,0)
(0,0,0)
(0,0,0)
(0,0,0)
(0,0,0)
(0,0,0)
(0,0,0)
(0,0,0)
(0,0,0)
(0,0,0)
(0,0,0)
(0,0,0)
(0,0,0)
(0,0,0)
(0,0,0)
(0,0,0)
(0,0,0)
(0,0,0)
(0,0,0)
(0,0,0)
(0,0,0)
(0,0,0)
(0,0,0)
(0,0,0)
(0,0,0)
(0,0,0)
(0,0,0)
(0,0,0)
(0,0,0)
(0,0,0)
(0,0,0)
(0,0,0)
(0,0,0)
(0,0,0)
(0,0,0)
(0,0,0)
(0,0,0)
(0,0,0)
(0,0,0)
(0,0,0)
(0,0,0)
(0,0,0)
(0,0,0)
(0,0,0)
(0,0,0)
(0,0,0)
(0,0,0)
(0,0,0)
(0,0,0)
(0,0,0)
(0,0,0)
(0,0,0)
(0,0,0)
(0,0,0)
(0,0,0)
(0,0,0)
(0,0,0)
(0,0,0)
(0,0,0)
(0,0,0)
(0,0,0)
(0,0,0)
(0,0,0)
(0,0,0)
(0,0,0)
(0,0,0)
(0,0,0)
(0,0,0)
(0,0,0)
(0,0,0)
(0,0,0)
(0,0,0)
(0,0,0)
(0,0,0)
(0,0,0)
(0,0,0)
(0,0,0)
(0,0,0)
(0,0,0)
(0,0,0)
(0,0,0)
(0,0,0)
(0,0,0)
(0,0,0)
(0,0,0)
(0,0,0)
(0,0,0)
(0,0,0)
(0,0,0)
(0,0,0)
(0,0,0)
(0,0,0)
(0,0,0)
(0,0,0)
(0,0,0)
(0,0,0)
(0,0,0)
(0,0,0)
(0,0,0)
(0,0,0)
(0,0,0)
(0,0,0)
(0,0,0)
(0,0,0)
(0,0,0)
(0,0,0)
(0,0,0)
(0,0,0)
(0,0,0)
(0,0,0)
(0,0,0)
(0,0,0)
(0,0,0)
(0,0,0)
(0,0,0)
(0,0,0)
(0,0,0)
(0,0,0)
(0,0,0)
(0,0,0)
(0,0,0)
(0,0,0)
(0,0,0)
(0,0,0)
(0,0,0)
(0,0,0)
(0,0,0)
(0,0,0)
(0,0,0)
(0,0,0)
(0,0,0)
(0,0,0)
(0,0,0)
(0,0,0)
(0,0,0)
(0,0,0)
(0,0,0)
(0,0,0)
(0,0,0)
(0,0,0)
(0,0,0)
(0,0,0)
(0,0,0)
(0,0,0)
(0,0,0)
(0,0,0)
(0,0,0)
(0,0,0)
(0,0,0)
(0,0,0)
(0,0,0)
(0,0,0)
(0,0,0)
(0,0,0)
(0,0,0)
(0,0,0)
(0,0,0)
(0,0,0)
(0,0,0)
(0,0,0)
(0,0,0)
(0,0,0)
(0,0,0)
(0,0,0)
(0,0,0)
(0,0,0)
(0,0,0)
(0,0,0)
(0,0,0)
(0,0,0)
(0,0,0)
(0,0,0)
(0,0,0)
(0,0,0)
(0,0,0)
(0,0,0)
(0,0,0)
(0,0,0)
(0,0,0)
(0,0,0)
(0,0,0)
(0,0,0)
(0,0,0)
(0,0,0)
(0,0,0)
(0,0,0)
(0,0,0)
(0,0,0)
(0,0,0)
(0,0,0)
(0,0,0)
(0,0,0)
(0,0,0)
(0,0,0)
(0,0,0)
(0,0,0)
(0,0,0)
(0,0,0)
(0,0,0)
(0,0,0)
(0,0,0)
(0,0,0)
(0,0,0)
(0,0,0)
(0,0,0)
(0,0,0)
(0,0,0)
(0,0,0)
(0,0,0)
(0,0,0)
(0,0,0)
(0,0,0)
(0,0,0)
(0,0,0)
(0,0,0)
(0,0,0)
(0,0,0)
(0,0,0)
(0,0,0)
(0,0,0)
(0,0,0)
(0,0,0)
(0,0,0)
(0,0,0)
(0,0,0)
(0,0,0)
(0,0,0)
(0,0,0)
(0,0,0)
(0,0,0)
(0,0,0)
(0,0,0)
(0,0,0)
(0,0,0)
(0,0,0)
(0,0,0)
(0,0,0)
(0,0,0)
(0,0,0)
(0,0,0)
(0,0,0)
(0,0,0)
(0,0,0)
(0,0,0)
(0,0,0)
(0,0,0)
(0,0,0)
(0,0,0)
(0,0,0)
(0,0,0)
(0,0,0)
(0,0,0)
(0,0,0)
(0,0,0)
(0,0,0)
(0,0,0)
(0,0,0)
(0,0,0)
(0,0,0)
(0,0,0)
(0,0,0)
(0,0,0)
(0,0,0)
(0,0,0)
(0,0,0)
(0,0,0)
(0,0,0)
(0,0,0)
(0,0,0)
(0,0,0)
(0,0,0)
(0,0,0)
(0,0,0)
(0,0,0)
(0,0,0)
(0,0,0)
(0,0,0)
(0,0,0)
(0,0,0)
(0,0,0)
(0,0,0)
(0,0,0)
(0,0,0)
(0,0,0)
(0,0,0)
(0,0,0)
(0,0,0)
(0,0,0)
(0,0,0)
(0,0,0)
(0,0,0)
(0,0,0)
(0,0,0)
(0,0,0)
(0,0,0)
(0,0,0)
(0,0,0)
(0,0,0)
(0,0,0)
(0,0,0)
(0,0,0)
(0,0,0)
(0,0,0)
(0,0,0)
(0,0,0)
(0,0,0)
(0,0,0)
(0,0,0)
(0,0,0)
(0,0,0)
(0,0,0)
(0,0,0)
(0,0,0)
(0,0,0)
(0,0,0)
(0,0,0)
(0,0,0)
(0,0,0)
(0,0,0)
(0,0,0)
(0,0,0)
(0,0,0)
(0,0,0)
(0,0,0)
(0,0,0)
(0,0,0)
(0,0,0)
(0,0,0)
(0,0,0)
(0,0,0)
(0,0,0)
(0,0,0)
(0,0,0)
(0,0,0)
(0,0,0)
(0,0,0)
(0,0,0)
(0,0,0)
(0,0,0)
(0,0,0)
(0,0,0)
(0,0,0)
(0,0,0)
(0,0,0)
(0,0,0)
(0,0,0)
(0,0,0)
(0,0,0)
(0,0,0)
(0,0,0)
(0,0,0)
(0,0,0)
(0,0,0)
(0,0,0)
(0,0,0)
(0,0,0)
(0,0,0)
(0,0,0)
(0,0,0)
(0,0,0)
(0,0,0)
(0,0,0)
(0,0,0)
(0,0,0)
(0,0,0)
(0,0,0)
(0,0,0)
(0,0,0)
(0,0,0)
(0,0,0)
(0,0,0)
(0,0,0)
(0,0,0)
(0,0,0)
(0,0,0)
(0,0,0)
(0,0,0)
(0,0,0)
(0,0,0)
(0,0,0)
(0,0,0)
(0,0,0)
(0,0,0)
(0,0,0)
(0,0,0)
(0,0,0)
(0,0,0)
(0,0,0)
(0,0,0)
(0,0,0)
(0,0,0)
(0,0,0)
(0,0,0)
(0,0,0)
(0,0,0)
(0,0,0)
(0,0,0)
(0,0,0)
(0,0,0)
(0,0,0)
(0,0,0)
(0,0,0)
(0,0,0)
(0,0,0)
(0,0,0)
(0,0,0)
(0,0,0)
(0,0,0)
(0,0,0)
(0,0,0)
(0,0,0)
(0,0,0)
(0,0,0)
(0,0,0)
(0,0,0)
(0,0,0)
(0,0,0)
(0,0,0)
(0,0,0)
(0,0,0)
(0,0,0)
(0,0,0)
(0,0,0)
(0,0,0)
(0,0,0)
(0,0,0)
(0,0,0)
(0,0,0)
(0,0,0)
(0,0,0)
(0,0,0)
(0,0,0)
(0,0,0)
(0,0,0)
(0,0,0)
(0,0,0)
(0,0,0)
(0,0,0)
(0,0,0)
(0,0,0)
(0,0,0)
(0,0,0)
(0,0,0)
(0,0,0)
(0,0,0)
(0,0,0)
(0,0,0)
(0,0,0)
(0,0,0)
(0,0,0)
(0,0,0)
(0,0,0)
(0,0,0)
(0,0,0)
(0,0,0)
(0,0,0)
(0,0,0)
(0,0,0)
(0,0,0)
(0,0,0)
(0,0,0)
(0,0,0)
(0,0,0)
(0,0,0)
(0,0,0)
(0,0,0)
(0,0,0)
(0,0,0)
(0,0,0)
(0,0,0)
(0,0,0)
(0,0,0)
(0,0,0)
(0,0,0)
(0,0,0)
(0,0,0)
(0,0,0)
(0,0,0)
(0,0,0)
(0,0,0)
(0,0,0)
(0,0,0)
(0,0,0)
(0,0,0)
(0,0,0)
(0,0,0)
(0,0,0)
(0,0,0)
(0,0,0)
(0,0,0)
(0,0,0)
(0,0,0)
(0,0,0)
(0,0,0)
(0,0,0)
(0,0,0)
(0,0,0)
(0,0,0)
(0,0,0)
(0,0,0)
(0,0,0)
(0,0,0)
(0,0,0)
(0,0,0)
(0,0,0)
(0,0,0)
(0,0,0)
(0,0,0)
(0,0,0)
(0,0,0)
(0,0,0)
(0,0,0)
(0,0,0)
(0,0,0)
(0,0,0)
(0,0,0)
(0,0,0)
(0,0,0)
(0,0,0)
(0,0,0)
(0,0,0)
(0,0,0)
(0,0,0)
(0,0,0)
(0,0,0)
(0,0,0)
(0,0,0)
(0,0,0)
(0,0,0)
(0,0,0)
(0,0,0)
(0,0,0)
(0,0,0)
(0,0,0)
(0,0,0)
(0,0,0)
(0,0,0)
(0,0,0)
(0,0,0)
(0,0,0)
(0,0,0)
(0,0,0)
(0,0,0)
(0,0,0)
(0,0,0)
(0,0,0)
(0,0,0)
(0,0,0)
(0,0,0)
(0,0,0)
(0,0,0)
(0,0,0)
(0,0,0)
(0,0,0)
(0,0,0)
(0,0,0)
(0,0,0)
(0,0,0)
(0,0,0)
(0,0,0)
(0,0,0)
(0,0,0)
(0,0,0)
(0,0,0)
(0,0,0)
(0,0,0)
(0,0,0)
(0,0,0)
(0,0,0)
(0,0,0)
(0,0,0)
(0,0,0)
(0,0,0)
(0,0,0)
(0,0,0)
(0,0,0)
(0,0,0)
(0,0,0)
(0,0,0)
(0,0,0)
(0,0,0)
(0,0,0)
(0,0,0)
(0,0,0)
(0,0,0)
(0,0,0)
(0,0,0)
(0,0,0)
(0,0,0)
(0,0,0)
(0,0,0)
(0,0,0)
(0,0,0)
(0,0,0)
(0,0,0)
(0,0,0)
(0,0,0)
(0,0,0)
(0,0,0)
(0,0,0)
(0,0,0)
(0,0,0)
(0,0,0)
(0,0,0)
(0,0,0)
(0,0,0)
(0,0,0)
(0,0,0)
(0,0,0)
(0,0,0)
(0,0,0)
(0,0,0)
(0,0,0)
(0,0,0)
(0,0,0)
(0,0,0)
(0,0,0)
(0,0,0)
(0,0,0)
(0,0,0)
(0,0,0)
(0,0,0)
(0,0,0)
(0,0,0)
(0,0,0)
(0,0,0)
(0,0,0)
(0,0,0)
(0,0,0)
(0,0,0)
(0,0,0)
(0,0,0)
(0,0,0)
(0,0,0)
(0,0,0)
(0,0,0)
(0,0,0)
(0,0,0)
(0,0,0)
(0,0,0)
(0,0,0)
(0,0,0)
(0,0,0)
(0,0,0)
(0,0,0)
(0,0,0)
(0,0,0)
(0,0,0)
(0,0,0)
(0,0,0)
(0,0,0)
(0,0,0)
(0,0,0)
(0,0,0)
(0,0,0)
(0,0,0)
(0,0,0)
(0,0,0)
(0,0,0)
(-11178.8833896326,5823.35008209181,5355.5333075394)
(-11830.0903038961,5590.17672866261,11595.4468827712)
(-13330.674439304,5126.92752136392,19799.1938007061)
(-16127.0449148619,4365.32362450043,31560.9150910807)
(-21221.1926557138,3285.01623359308,49497.0915131973)
(-30460.7825679438,2063.02027752666,77894.8538036201)
(-47160.77516582,969.65226586296,124085.976703605)
(-77396.7794814969,276.970661144422,201205.785523958)
(-127907.535581542,50.8942980557659,329062.426807421)
(-178397.48665634,-0.466474146275282,507460.379937956)
(0,0,0)
(0,0,0)
(0,0,0)
(0,0,0)
(0,0,0)
(0,0,0)
(-11843.8824544851,12568.0151005439,5099.2174360326)
(-12484.0166613755,12114.0334155493,11059.3774105217)
(-13980.4923980436,11203.5822042183,18963.2151257103)
(-16851.0347546633,9728.82995870538,30450.7435461679)
(-22089.2672886464,7611.45636510554,48213.570703299)
(-31549.9818871019,5122.06335986428,76704.5095080541)
(-48445.6225419223,2808.21438293197,123311.569932892)
(-78570.9034764382,1301.3179317038,200858.126138725)
(-128685.995149809,692.813607319168,328902.201979351)
(-178768.771893352,338.570017715265,507331.937380692)
(0,0,0)
(0,0,0)
(0,0,0)
(0,0,0)
(0,0,0)
(0,0,0)
(-13312.2572587231,21279.847484433,4600.42487483376)
(-13974.5729592226,20667.1385392581,10021.8927103508)
(-15493.188302402,19373.711605957,17344.9516110201)
(-18494.0911488635,17303.7296018452,28264.1431167437)
(-24073.4133125306,14346.2378219598,45602.7749724069)
(-34108.5197307757,10659.3778838236,74173.9801792293)
(-51574.6973253562,6903.84309028856,121653.048797253)
(-81462.6081771116,4307.55496773959,200109.419938287)
(-130535.928045865,2896.94284020477,328441.218751277)
(-179605.522207232,1564.46239441624,506820.848581889)
(0,0,0)
(0,0,0)
(0,0,0)
(0,0,0)
(0,0,0)
(0,0,0)
(-16107.8096702032,33435.3994766781,3952.25767795804)
(-16780.1803028477,32758.3147439402,8641.26177612814)
(-18373.0007800392,31279.5777868726,15108.3963752439)
(-21590.8638806636,28904.7471055639,25098.2427521743)
(-27710.0445699385,25474.9149532059,41679.6101908863)
(-38823.4677639372,20963.7857440255,70198.670094617)
(-57647.8246172549,15883.429121895,118866.908680234)
(-87122.6942180594,11744.5907453637,198552.567120647)
(-133978.862533582,8408.81397670591,327019.558517665)
(-181093.520249259,4528.54933291422,505148.991828682)
(0,0,0)
(0,0,0)
(0,0,0)
(0,0,0)
(0,0,0)
(0,0,0)
(-21104.978205411,51329.7304349305,3210.64724715042)
(-21767.6190311506,50634.6294973211,7101.95152491352)
(-23399.7921252185,49178.672494878,12602.6489421308)
(-26804.9599227705,46877.1439815889,21435.2119888822)
(-33489.5985639646,43495.3021064375,36904.4233996031)
(-45957.235677976,38899.1718444209,64926.2729771727)
(-66926.2511938554,33178.9118196337,114557.041473311)
(-95734.5982541275,26844.4840829811,195191.746389808)
(-138990.547994939,19385.4549870792,323205.653374486)
(-183255.76712507,10302.1729998321,500687.796832673)
(0,0,0)
(0,0,0)
(0,0,0)
(0,0,0)
(0,0,0)
(0,0,0)
(-30096.0510523246,78909.5662961474,2516.21519111369)
(-30716.5474964597,78265.0463696892,5602.34581520234)
(-32285.072259175,76962.1340736921,10103.956495566)
(-35657.670466761,74860.0708131178,17778.7001307882)
(-42428.2595074569,71669.412624493,32032.8491202117)
(-55122.7057702346,67028.8643898262,59025.8623450402)
(-76126.107606818,60291.6735141321,108039.208257365)
(-103608.540246571,50761.4770341375,187730.755552815)
(-144413.266940931,37257.3156119155,314272.161868885)
(-185991.51402763,19929.4936410918,490636.355255239)
(0,0,0)
(0,0,0)
(0,0,0)
(0,0,0)
(0,0,0)
(0,0,0)
(-46548.6478101876,123550.800372036,1907.41373430022)
(-47093.7562422463,122969.691812662,4296.52453358834)
(-48527.3828668965,121834.496845907,7951.54462827001)
(-51631.1582078063,119948.151904755,14494.6217444323)
(-57938.4424641139,116908.284091757,27194.1927412854)
(-69860.0341624668,111959.419431625,52123.6718619763)
(-89553.540110973,103559.080326511,98409.8051605754)
(-114545.362936215,89401.6054871058,174315.039643803)
(-152578.837432686,66974.6158284544,297176.576859973)
(-190504.151413909,36528.1101430064,471082.111771997)
(0,0,0)
(0,0,0)
(0,0,0)
(0,0,0)
(0,0,0)
(0,0,0)
(-76732.3542542338,198926.084205658,1357.07042059135)
(-77173.8117749452,198367.256383516,3133.31762468643)
(-78343.5413278337,197295.886914109,6015.46888432207)
(-80881.7617799822,195461.641625605,11383.7409434272)
(-86064.8019788985,192263.300783471,22093.5262306132)
(-95960.7946936067,186445.572205958,43568.1681498626)
(-112447.983074275,175368.603766537,84206.6277840675)
(-132715.851611069,154279.78738482,152044.297497459)
(-167447.558624126,119478.440273238,266988.031676804)
(-199136.949997199,67771.4133766707,434881.678440296)
(0,0,0)
(0,0,0)
(0,0,0)
(0,0,0)
(0,0,0)
(0,0,0)
(-127434.575557137,325432.994033947,927.665728843534)
(-127726.933575283,324885.774786423,2136.08090119427)
(-128502.449940115,323753.793946588,4180.62380879176)
(-130207.503684759,321685.032752643,8164.73636649826)
(-133632.78543858,317832.883737147,16227.9388514392)
(-140035.628865961,310339.945320031,32369.1946033418)
(-150833.101913289,295526.044585112,63044.8556980817)
(-167010.561609822,267001.859686592,117333.345006153)
(-194894.627371892,216194.805609559,215511.6070416)
(-214220.229927964,130068.865931723,367434.384414485)
(0,0,0)
(0,0,0)
(0,0,0)
(0,0,0)
(0,0,0)
(0,0,0)
(-178168.730632127,503129.334587075,472.390078989512)
(-178317.966050805,502569.489611782,1106.64130441382)
(-178702.076312297,501354.894345141,2207.61721816818)
(-179525.749820333,499036.082469461,4382.31732173814)
(-181192.564721839,494636.90160715,8770.8641736061)
(-184296.446842866,485850.34830388,17556.9080325781)
(-189699.161059886,468279.463342961,34502.6503346146)
(-198874.689835399,433859.098488813,66520.1013677484)
(-214184.491490947,367387.823352487,129511.575115663)
(-215797.233469659,237770.415028322,237607.259488825)
(0,0,0)
(0,0,0)
(0,0,0)
(0,0,0)
(0,0,0)
(0,0,0)
(0,0,0)
(0,0,0)
(0,0,0)
(0,0,0)
(0,0,0)
(0,0,0)
(0,0,0)
(0,0,0)
(0,0,0)
(0,0,0)
(0,0,0)
(0,0,0)
(0,0,0)
(0,0,0)
(0,0,0)
(0,0,0)
(0,0,0)
(0,0,0)
(0,0,0)
(0,0,0)
(0,0,0)
(0,0,0)
(0,0,0)
(0,0,0)
(0,0,0)
(0,0,0)
(0,0,0)
(0,0,0)
(0,0,0)
(0,0,0)
(0,0,0)
(0,0,0)
(0,0,0)
(0,0,0)
(0,0,0)
(0,0,0)
(0,0,0)
(0,0,0)
(0,0,0)
(0,0,0)
(0,0,0)
(0,0,0)
(0,0,0)
(0,0,0)
(0,0,0)
(0,0,0)
(0,0,0)
(0,0,0)
(0,0,0)
(0,0,0)
(0,0,0)
(0,0,0)
(0,0,0)
(0,0,0)
(0,0,0)
(0,0,0)
(0,0,0)
(0,0,0)
(0,0,0)
(0,0,0)
(0,0,0)
(0,0,0)
(0,0,0)
(0,0,0)
(0,0,0)
(0,0,0)
(0,0,0)
(0,0,0)
(0,0,0)
(0,0,0)
(0,0,0)
(0,0,0)
(0,0,0)
(0,0,0)
(0,0,0)
(0,0,0)
(0,0,0)
(0,0,0)
(0,0,0)
(0,0,0)
(0,0,0)
(0,0,0)
(0,0,0)
(0,0,0)
(0,0,0)
(0,0,0)
(0,0,0)
(0,0,0)
(0,0,0)
(0,0,0)
(0,0,0)
(0,0,0)
(0,0,0)
(0,0,0)
(0,0,0)
(0,0,0)
(1675512.71117282,5143.6299230014,4730.1093682804)
(1674449.11588407,4932.58390534103,10083.6531287685)
(1671976.58809384,4438.68527887929,16903.0391703172)
(1667369.96084348,3587.70135151615,26383.6659141282)
(1659066.35891187,2382.03856211633,40279.4096381286)
(1644206.6423729,961.006780525933,61216.3117703306)
(1616977.62870122,-324.687800443556,93967.9295572653)
(1563069.52876763,-889.886093508467,150956.841255307)
(1441419.41203368,-724.445444971743,278919.672938756)
(1111079.15826909,-355.367178158978,686363.729045401)
(0,0,0)
(0,0,0)
(0,0,0)
(0,0,0)
(0,0,0)
(0,0,0)
(1674385.79558592,11025.7927691047,4453.4929672303)
(1673339.98629,10609.9419291282,9517.46584578045)
(1670872.33298679,9642.5044404573,16026.1551530646)
(1666161.00730991,7998.95324189699,25168.1950518822)
(1657641.48286261,5572.01624112467,38812.8010753922)
(1642379.46798704,2519.72493301858,59889.9669025023)
(1614734.24925878,-390.338064128144,93341.0792193074)
(1561053.32186179,-1622.5020312604,151014.80367256)
(1440172.08977257,-1195.89087619312,279193.49803484)
(1110531.41270287,-514.720428789073,686618.00054274)
(0,0,0)
(0,0,0)
(0,0,0)
(0,0,0)
(0,0,0)
(0,0,0)
(1671870.60720291,18474.604275292,3933.65788577538)
(1670806.01008674,17899.3046661317,8429.0459564855)
(1668313.61631771,16559.6173003956,14270.4623302429)
(1663423.7525061,14264.755703557,22652.1500673903)
(1654326.8359573,10757.7899959719,35631.4608964396)
(1637840.45299979,5951.0404742217,56816.5064784917)
(1608651.85353391,811.812091119064,91953.1393176929)
(1555468.16817523,-1337.10994470489,151302.304732595)
(1436929.32027674,-563.138913505744,279769.638300775)
(1109180.42004001,49.1839705541939,686985.125507856)
(0,0,0)
(0,0,0)
(0,0,0)
(0,0,0)
(0,0,0)
(0,0,0)
(1667225.70890736,28440.1135206714,3266.30603071831)
(1666155.41320797,27801.0387033309,6994.31233643756)
(1663586.31431349,26307.5426468788,11852.4057500996)
(1658369.18348431,23745.1850939098,18977.2628484629)
(1648209.45131878,19754.0005531828,30626.8902563146)
(1628971.18657829,13856.8077426625,51491.8024993548)
(1595009.94363446,6604.14600897827,89607.0341835055)
(1542640.94752577,3120.3763933574,151951.239955354)
(1430307.25602447,3373.10557923787,280294.210758242)
(1106648.88126447,2337.89520455695,686828.431864309)
(0,0,0)
(0,0,0)
(0,0,0)
(0,0,0)
(0,0,0)
(0,0,0)
(1659025.6625143,42338.3867621778,2536.41989251887)
(1657992.33967469,41708.067823529,5434.7659201192)
(1655408.69487771,40326.5177318607,9172.63768606939)
(1649898.17246261,38027.737079095,14752.2871690816)
(1638505.88095123,34584.0618708419,24492.080190042)
(1615126.83010371,29745.1112658032,44085.0447389923)
(1570412.98428086,23950.9055316657,85964.3835953527)
(1518832.59390973,18906.8680558249,152176.033622822)
(1419896.33653414,13905.5801440622,279322.00838249)
(1102851.85960031,7543.6794750707,684573.931240179)
(0,0,0)
(0,0,0)
(0,0,0)
(0,0,0)
(0,0,0)
(0,0,0)
(1644518.17801414,62407.6781366471,1881.81341264195)
(1643573.51955654,61857.1135582438,4008.03447860819)
(1641131.93565121,60737.8054974202,6745.07265636273)
(1635713.30593758,58911.5381530178,11055.6290318699)
(1624163.63914422,56215.7489339904,19397.3771706995)
(1600128.79705651,52336.5976234282,38119.7218399343)
(1554879.69350971,46874.7564257791,80755.4036831341)
(1505611.17330255,39812.2946495039,147195.597394041)
(1411045.76889436,29089.135233722,273118.340322978)
(1098501.10701917,15439.1848824299,677295.5477224)
(0,0,0)
(0,0,0)
(0,0,0)
(0,0,0)
(0,0,0)
(0,0,0)
(1617668.37666406,93405.040744747,1350.94677133286)
(1616853.43366862,92941.4679979854,2884.73627448032)
(1614656.55138591,92093.1675545075,4910.77381837019)
(1609722.78424783,90773.1735346183,8260.52983476658)
(1598937.82832505,88856.6042748562,15308.7375584443)
(1575956.96652126,85914.7657748336,32478.9025769675)
(1532092.25710337,80695.3547829865,73577.8408589274)
(1487611.65326639,71252.1625185577,136546.290640982)
(1397814.73589702,52130.964667361,259676.221731127)
(1091022.77699657,27922.5402871939,662231.271769696)
(0,0,0)
(0,0,0)
(0,0,0)
(0,0,0)
(0,0,0)
(0,0,0)
(1563851.44269058,148449.906729743,936.670923956124)
(1563198.24690557,148040.970566252,2030.44352883901)
(1561423.11720809,147345.928985307,3576.35741579234)
(1557417.24238618,146326.103303654,6289.75733423756)
(1548528.83674076,144888.088161185,12229.9685818839)
(1529057.5424527,142565.631439284,27126.0996249115)
(1490701.56968049,137156.548489198,64080.687017582)
(1461492.23316958,120124.815163963,117565.283445015)
(1370970.52362394,92140.6786325142,235702.821085517)
(1073651.57298577,52756.4368188665,634645.73542461)
(0,0,0)
(0,0,0)
(0,0,0)
(0,0,0)
(0,0,0)
(0,0,0)
(1441932.99469674,275008.978499497,638.691830147047)
(1441495.63304526,274643.908627881,1378.52100166832)
(1440326.82444036,273920.440239417,2540.06922077405)
(1437694.34242098,272722.652328747,4807.00794358305)
(1432130.0618984,270654.63968488,9842.94293652125)
(1420857.10476986,266490.905134581,21590.2694592873)
(1400458.56294149,257066.541430948,46953.9455165741)
(1371493.42720086,235491.663949466,89648.4417741628)
(1289771.24181357,197171.590074491,196516.995000481)
(1020793.6536059,128646.005525317,582178.87661382)
(0,0,0)
(0,0,0)
(0,0,0)
(0,0,0)
(0,0,0)
(0,0,0)
(1111289.39951933,681791.96024785,324.221953837757)
(1111067.38923198,681427.986710115,720.122442350563)
(1110499.1928531,680622.522135246,1382.10523484746)
(1109245.52110976,679167.358843314,2731.46164403154)
(1106637.35097494,676457.724652482,5663.79483344065)
(1101537.22977634,670757.449902016,12128.9073005878)
(1092119.49681881,658591.627811035,25350.4968955017)
(1073931.37182283,633267.343944491,51334.0890961203)
(1020818.71315597,581970.039878646,128097.768498857)
(829990.121840927,453808.812747611,453712.939819675)
(0,0,0)
(0,0,0)
(0,0,0)
(0,0,0)
(0,0,0)
(0,0,0)
(0,0,0)
(0,0,0)
(0,0,0)
(0,0,0)
(0,0,0)
(0,0,0)
(0,0,0)
(0,0,0)
(0,0,0)
(0,0,0)
(0,0,0)
(0,0,0)
(0,0,0)
(0,0,0)
(0,0,0)
(0,0,0)
(0,0,0)
(0,0,0)
(0,0,0)
(0,0,0)
(0,0,0)
(0,0,0)
(0,0,0)
(0,0,0)
(0,0,0)
(0,0,0)
(0,0,0)
(0,0,0)
(0,0,0)
(0,0,0)
(0,0,0)
(0,0,0)
(0,0,0)
(0,0,0)
(0,0,0)
(0,0,0)
(0,0,0)
(0,0,0)
(0,0,0)
(0,0,0)
(0,0,0)
(0,0,0)
(0,0,0)
(0,0,0)
(0,0,0)
(0,0,0)
(0,0,0)
(0,0,0)
(0,0,0)
(0,0,0)
(0,0,0)
(0,0,0)
(0,0,0)
(0,0,0)
(0,0,0)
(0,0,0)
(0,0,0)
(0,0,0)
(0,0,0)
(0,0,0)
(0,0,0)
(0,0,0)
(0,0,0)
(0,0,0)
(0,0,0)
(0,0,0)
(0,0,0)
(0,0,0)
(0,0,0)
(0,0,0)
(0,0,0)
(0,0,0)
(0,0,0)
(0,0,0)
(0,0,0)
(0,0,0)
(0,0,0)
(0,0,0)
(0,0,0)
(0,0,0)
(0,0,0)
(0,0,0)
(0,0,0)
(0,0,0)
(0,0,0)
(0,0,0)
(0,0,0)
(0,0,0)
(0,0,0)
(0,0,0)
(0,0,0)
(0,0,0)
(0,0,0)
(0,0,0)
(0,0,0)
(0,0,0)
(-28775.9825464774,4096.99480281382,3626.36506274893)
(-29917.8637951695,3880.19546158241,7547.81542661035)
(-32568.8291236251,3335.41471002838,12192.4840804777)
(-37432.0191838548,2383.77764917868,18045.3526049536)
(-45890.4031781624,961.416255879858,25475.3645854202)
(-60046.4995922956,-888.125870867692,34051.2985679039)
(-83202.217337013,-2611.69983795029,40277.5105905104)
(-119957.215155144,-2947.57471941375,29686.4953790523)
(-172646.821574517,-2000.50066948491,-50812.1041969583)
(-211888.811808812,-920.631673293501,-423488.836299397)
(0,0,0)
(0,0,0)
(0,0,0)
(0,0,0)
(0,0,0)
(0,0,0)
(-30020.6771748658,8578.4154556981,3359.71825415928)
(-31132.1068435469,8164.77769532576,6981.89530024669)
(-33749.8481432728,7122.22032508051,11251.9369615642)
(-38638.7118664901,5245.62331998496,16624.4766133879)
(-47208.8880972923,2234.88726294212,23636.0427124698)
(-61734.8990525013,-2067.47547810671,32364.4255054947)
(-85424.8332751212,-6568.15422571822,39914.6285733636)
(-121814.838739687,-7283.8055732405,30553.6861749096)
(-173565.515161158,-4484.92732807366,-49789.6160861994)
(-212213.187481801,-1883.20451785872,-422647.776910562)
(0,0,0)
(0,0,0)
(0,0,0)
(0,0,0)
(0,0,0)
(0,0,0)
(-32877.1440888628,13903.9735953227,2856.85929855604)
(-33964.4750316936,13349.0125185997,5877.77574003514)
(-36525.465010331,11956.5719265727,9317.17161277397)
(-41440.2323713161,9316.93485162005,13544.5111047939)
(-50416.1186211497,4694.71629940482,19262.3027930437)
(-66389.545889922,-2927.41117400018,27786.903524815)
(-92903.7203885198,-12868.5914208549,39077.5807886669)
(-128337.2369933,-14190.2142618126,33224.0607919721)
(-176410.07362636,-7218.42818162563,-47268.3783048534)
(-213131.792515462,-2517.96059963911,-420886.74352131)
(0,0,0)
(0,0,0)
(0,0,0)
(0,0,0)
(0,0,0)
(0,0,0)
(-37966.7427376715,20338.5436910216,2192.54769566311)
(-39000.6078374472,19733.1107226355,4399.13668330635)
(-41493.5531018028,18248.4646802888,6621.7774912008)
(-46514.8468734124,15402.9452395018,8854.46360734991)
(-56458.1449449518,10131.0001276532,11520.4421890611)
(-76718.419576989,7.59304551644906,17709.7102711362)
(-116310.095768828,-18013.588417991,37609.4128178056)
(-149889.0618659,-20743.7641563625,40127.6382502864)
(-183646.182298767,-7089.708135194,-42612.9773265403)
(-215113.145430811,-1497.71888886575,-418436.526195899)
(0,0,0)
(0,0,0)
(0,0,0)
(0,0,0)
(0,0,0)
(0,0,0)
(-46561.5972312586,27865.3418955803,1495.12768726435)
(-47500.2240589786,27313.7846635611,2841.68362636946)
(-49848.540494937,26082.4223444675,3699.62748097301)
(-54888.1519071317,23883.28224631,3440.28099032623)
(-65998.6702538764,20277.6242821393,1232.87418713743)
(-94495.8840219077,14736.0805938422,-438.233089330914)
(-187775.790302895,8391.98222462526,34779.636998001)
(-223077.99746874,5591.23101504297,53789.8993513228)
(-197927.323044505,4918.96582638293,-36960.4488852063)
(-218405.923985084,3106.03635149454,-416871.754393742)
(0,0,0)
(0,0,0)
(0,0,0)
(0,0,0)
(0,0,0)
(0,0,0)
(-60599.9018199047,35498.0869946632,920.0008813908)
(-61408.9796301174,35097.7446308806,1553.20624704729)
(-63498.1283525484,34290.8611356404,1409.49760592735)
(-68204.5456748905,32985.8488259612,-340.551215014444)
(-79028.1137232212,31057.1066143753,-4493.61453345904)
(-107439.447664453,28190.8902434677,-6945.51331572412)
(-196167.891273677,24087.4529152864,31841.2669231421)
(-228449.836004585,21761.6308419244,53166.5425496087)
(-204559.969995906,15757.4627994054,-38631.5493870416)
(-221680.924946343,7886.18827051879,-419795.003194209)
(0,0,0)
(0,0,0)
(0,0,0)
(0,0,0)
(0,0,0)
(0,0,0)
(-83520.639322849,39604.0240157407,517.745112136124)
(-84174.261740787,39360.9222685337,716.929030140804)
(-85955.3822943289,38994.3696817127,60.0203105102258)
(-90062.590731366,38637.3341859621,-2371.42392392237)
(-100022.399312917,38603.5115681986,-7522.93509348331)
(-127848.23917965,39124.6395232436,-11216.812526001)
(-220349.385772608,39352.3442538741,29394.6051578647)
(-250153.359229286,45149.7996513303,47206.1149904875)
(-214701.353936413,25281.6952800903,-46367.3615102512)
(-227131.576084531,10535.0569543014,-427427.21096673)
(0,0,0)
(0,0,0)
(0,0,0)
(0,0,0)
(0,0,0)
(0,0,0)
(-120210.248333062,26786.7879485592,313.593237057568)
(-120696.996881074,26655.7475744511,348.677864112293)
(-122078.792185342,26584.1330763835,-304.509990811592)
(-125322.675811781,26951.2035329657,-2443.79499350434)
(-133583.707319069,28821.7643899486,-7114.83760904898)
(-159095.022856259,34687.6117016216,-11090.5783322282)
(-259905.895228845,47176.9094215059,35126.9875558401)
(-212579.299550993,30335.2441231504,27447.7419510001)
(-223034.026112922,11105.6307479414,-60936.9776335769)
(-235620.023257898,-8.0181240722549,-437687.640165201)
(0,0,0)
(0,0,0)
(0,0,0)
(0,0,0)
(0,0,0)
(0,0,0)
(-172974.596109606,-55078.7392836485,207.784184802691)
(-173283.304617104,-55170.7285067932,247.864074753541)
(-174174.955856322,-55252.9397707221,21.3833648501225)
(-176204.543782451,-55055.5016328539,-638.359119542915)
(-180754.091577632,-54140.6730415877,-1357.10206560279)
(-191570.285253296,-52081.1223058732,1273.6881111576)
(-215267.123734486,-50565.5501811029,18176.5005359571)
(-223367.307106951,-61450.8354777522,8257.98059086297)
(-244225.709369577,-71297.4992707033,-71907.2720610431)
(-248340.750542571,-61874.0416399565,-437472.178250331)
(0,0,0)
(0,0,0)
(0,0,0)
(0,0,0)
(0,0,0)
(0,0,0)
(-212157.518496299,-428302.562765437,105.4076437553)
(-212314.278138161,-428409.059264386,160.071917759255)
(-212745.379044202,-428580.504963278,166.875153955765)
(-213684.946802549,-428720.362742146,196.870321721709)
(-215653.196246823,-428843.121795726,624.532443867622)
(-219752.467891242,-429460.248494324,2728.02244609356)
(-227312.163224545,-432207.055173852,7235.85362851627)
(-235858.488751854,-439410.905382019,-1579.54974637948)
(-248428.406950553,-437798.175382273,-62397.0873820916)
(-239870.529903255,-375464.980952101,-375510.83017951)
(0,0,0)
(0,0,0)
(0,0,0)
(0,0,0)
(0,0,0)
(0,0,0)
(0,0,0)
(0,0,0)
(0,0,0)
(0,0,0)
(0,0,0)
(0,0,0)
(0,0,0)
(0,0,0)
(0,0,0)
(0,0,0)
(0,0,0)
(0,0,0)
(0,0,0)
(0,0,0)
(0,0,0)
(0,0,0)
(0,0,0)
(0,0,0)
(0,0,0)
(0,0,0)
(0,0,0)
(0,0,0)
(0,0,0)
(0,0,0)
(0,0,0)
(0,0,0)
(0,0,0)
(0,0,0)
(0,0,0)
(0,0,0)
(0,0,0)
(0,0,0)
(0,0,0)
(0,0,0)
(0,0,0)
(0,0,0)
(0,0,0)
(0,0,0)
(0,0,0)
(0,0,0)
(0,0,0)
(0,0,0)
(0,0,0)
(0,0,0)
(0,0,0)
(0,0,0)
(0,0,0)
(0,0,0)
(0,0,0)
(0,0,0)
(0,0,0)
(0,0,0)
(0,0,0)
(0,0,0)
(0,0,0)
(0,0,0)
(0,0,0)
(0,0,0)
(0,0,0)
(0,0,0)
(0,0,0)
(0,0,0)
(0,0,0)
(0,0,0)
(0,0,0)
(0,0,0)
(0,0,0)
(0,0,0)
(0,0,0)
(0,0,0)
(0,0,0)
(0,0,0)
(0,0,0)
(0,0,0)
(0,0,0)
(0,0,0)
(0,0,0)
(0,0,0)
(0,0,0)
(0,0,0)
(0,0,0)
(0,0,0)
(0,0,0)
(0,0,0)
(0,0,0)
(0,0,0)
(0,0,0)
(0,0,0)
(0,0,0)
(0,0,0)
(0,0,0)
(0,0,0)
(0,0,0)
(0,0,0)
(0,0,0)
(0,0,0)
(-34019.0941726457,2865.56171325458,2377.54991291453)
(-34949.8494049355,2643.52537019755,4766.01015248447)
(-37114.0051835401,2097.56690540305,7213.61930699846)
(-40962.7965758536,1142.66182791469,9601.73487108428)
(-47301.78924433,-383.960882464696,11397.081819717)
(-57095.8344794446,-2602.85344814357,11049.2701550049)
(-71177.56710833,-4876.64482952264,3901.26475584386)
(-88678.158712278,-4876.47520864507,-22501.3164783723)
(-102713.529216481,-2992.84644911038,-89441.7623872543)
(-89345.3829462116,-1286.62577715223,-210698.565472649)
(0,0,0)
(0,0,0)
(0,0,0)
(0,0,0)
(0,0,0)
(0,0,0)
(-35125.9007161787,5809.00726873073,2161.77798583239)
(-36015.0015576389,5407.93115479614,4280.2669153295)
(-38069.6701791006,4390.38584121623,6307.27001534519)
(-41729.1569091318,2466.75472343443,8073.62216246292)
(-47768.0163306958,-961.828476170424,9210.61798956722)
(-57260.4360558766,-6731.21543753676,8864.51698234005)
(-71234.5205838061,-14112.7290908578,3910.28855236356)
(-88217.0180671757,-13917.5207803317,-20646.4865484636)
(-102015.645824866,-7442.46926727141,-87746.7330665654)
(-88932.8110201691,-2854.28539115718,-209459.449914289)
(0,0,0)
(0,0,0)
(0,0,0)
(0,0,0)
(0,0,0)
(0,0,0)
(-37669.0030327063,8883.94650250466,1716.91971007189)
(-38472.4336382988,8367.31282697581,3265.49664449706)
(-40280.7591047189,7042.85271830676,4368.32386179239)
(-43515.6209570862,4316.20162644408,4594.26554454963)
(-48919.5305551355,-1286.48441774073,3422.33342010459)
(-57965.6513323793,-13235.5150999588,1502.73852496786)
(-73267.8558938672,-36300.5329410366,4054.67788049065)
(-88123.9205390939,-35817.4259332467,-14258.7334208175)
(-100323.061258626,-14549.8151618386,-83238.3998939922)
(-87916.3515816773,-4566.37990076567,-206741.74631821)
(0,0,0)
(0,0,0)
(0,0,0)
(0,0,0)
(0,0,0)
(0,0,0)
(-42062.4134318824,11866.9896419512,1112.62755477433)
(-42721.4067544192,11321.8896898415,1878.84960888757)
(-44172.2350859602,9983.56016434005,1616.82414701609)
(-46716.0034421992,7164.65407681413,-1030.47173456268)
(-50908.4726146281,723.137366570092,-8589.76584919679)
(-59217.9715045866,-17711.6626678707,-21614.0663536978)
(-89272.3173793761,-89455.0679356151,4502.69025143528)
(-94215.9282667908,-94006.7257789581,7018.8564980118)
(-96455.1432369449,-21453.3354196164,-73268.6623060265)
(-85868.8166029553,-4843.17611331718,-202236.194921425)
(0,0,0)
(0,0,0)
(0,0,0)
(0,0,0)
(0,0,0)
(0,0,0)
(-49060.160674079,13848.5590684447,516.994016323723)
(-49547.9449125629,13404.754222745,481.850337009267)
(-50550.2503919134,12434.6257980033,-1267.50539967283)
(-52033.1770612713,10629.6246456177,-7587.45081433345)
(-53045.6361696694,7347.53615145828,-27164.8836834313)
(-47757.7161835547,1851.18185372222,-93465.8960433744)
(4.03628830304159e-05,8.65434048336597e-06,-2.57704395919536e-05)
(-784.312258926731,115.935445157999,79663.2591426067)
(-81264.9120882087,-1852.55544523878,-56599.9317881162)
(-82222.3854545505,-255.54138029147,-197371.105051649)
(0,0,0)
(0,0,0)
(0,0,0)
(0,0,0)
(0,0,0)
(0,0,0)
(-59392.9951395773,12553.6009369826,88.0514511379644)
(-59699.4136207303,12316.5881880661,-533.348523569798)
(-60281.3837436893,11870.0077817811,-3185.47511620004)
(-60927.8407665928,11213.2408380767,-11045.7962169609)
(-60105.6849794539,10195.7203605984,-32816.409169885)
(-50846.5661776503,7915.18351858761,-95473.2923215509)
(3.60877024295084e-05,1.2478848894778e-05,-2.13985562350423e-05)
(-829.994304921175,61.4536397293692,77747.7356169296)
(-79329.1289643862,5569.13737493207,-54904.7982347578)
(-82186.7659487243,2385.64024074065,-197040.138853279)
(0,0,0)
(0,0,0)
(0,0,0)
(0,0,0)
(0,0,0)
(0,0,0)
(-73765.9964929473,2959.63292677376,-160.674819678709)
(-73911.2774929298,2923.31475930198,-1030.38563877841)
(-74169.0695942935,3021.01086057436,-3967.70141759979)
(-74178.2434822737,3594.96549768493,-12233.773326297)
(-72088.363827885,5296.69227107224,-35268.7807218141)
(-59787.289662475,8151.10132924997,-103565.648049643)
(9.53456764365337e-05,-3.52806134856832e-05,-2.6865558808007e-05)
(-914.173665051612,82893.9668335991,83271.7861340985)
(-84855.4933633991,17023.921568715,-58028.8586326869)
(-85499.2172010912,2051.95608768759,-199327.5333631)
(0,0,0)
(0,0,0)
(0,0,0)
(0,0,0)
(0,0,0)
(0,0,0)
(-91279.1767728777,-25784.8630372,-186.575596217761)
(-91317.8430127918,-25683.9913797077,-958.423325494798)
(-91374.9418505647,-25194.9168620029,-3446.34593769365)
(-91035.448075811,-23535.558312332,-10603.0498636565)
(-88361.3917099885,-17963.8463374187,-32564.8268642465)
(-74347.3684501253,2622.4159506358,-111783.795891755)
(-1000.54560947087,92207.9959193276,82782.4629786463)
(-84194.2191421109,19834.1709266885,17457.1784766581)
(-105760.880313289,-9894.04737910306,-72897.998375155)
(-92640.1461893261,-12621.0419078079,-201204.877448277)
(0,0,0)
(0,0,0)
(0,0,0)
(0,0,0)
(0,0,0)
(0,0,0)
(-104821.030150089,-93831.5485859316,-106.880410782948)
(-104809.414882991,-93712.3542693026,-552.407255279583)
(-104815.530797053,-93252.6872548658,-1854.0619216585)
(-104582.485685243,-91918.3922718749,-5093.28605931071)
(-103263.434186861,-88408.9734431907,-12138.8163443074)
(-99161.5160511911,-79566.1703053475,-22358.9992904387)
(-93771.6663161613,-61936.954946278,10290.494156843)
(-107576.37790099,-73405.1772404406,-12261.0868819711)
(-115708.423304222,-75128.513885373,-75543.906441034)
(-94867.2893787289,-53198.3041478823,-188440.105364855)
(0,0,0)
(0,0,0)
(0,0,0)
(0,0,0)
(0,0,0)
(0,0,0)
(-90552.5020106481,-215400.114293964,-36.4507776029469)
(-90540.2431788042,-215320.506736029,-202.333270225493)
(-90552.6355971535,-214975.82669374,-671.93727839658)
(-90465.0068434311,-214107.115355351,-1703.15415401511)
(-90041.4770909135,-212277.199859088,-3446.64689405115)
(-89154.5131949058,-208777.952928966,-4832.81896678021)
(-88886.5052834518,-203963.027823562,-1232.40403055023)
(-93764.4623078943,-202754.290721055,-13977.3169938859)
(-95121.6479775016,-188820.377131009,-53592.2127212794)
(-76100.2955401321,-135295.390596447,-135265.360635823)
(0,0,0)
(0,0,0)
(0,0,0)
(0,0,0)
(0,0,0)
(0,0,0)
(0,0,0)
(0,0,0)
(0,0,0)
(0,0,0)
(0,0,0)
(0,0,0)
(0,0,0)
(0,0,0)
(0,0,0)
(0,0,0)
(0,0,0)
(0,0,0)
(0,0,0)
(0,0,0)
(0,0,0)
(0,0,0)
(0,0,0)
(0,0,0)
(0,0,0)
(0,0,0)
(0,0,0)
(0,0,0)
(0,0,0)
(0,0,0)
(0,0,0)
(0,0,0)
(0,0,0)
(0,0,0)
(0,0,0)
(0,0,0)
(0,0,0)
(0,0,0)
(0,0,0)
(0,0,0)
(0,0,0)
(0,0,0)
(0,0,0)
(0,0,0)
(0,0,0)
(0,0,0)
(0,0,0)
(0,0,0)
(0,0,0)
(0,0,0)
(0,0,0)
(0,0,0)
(0,0,0)
(0,0,0)
(0,0,0)
(0,0,0)
(0,0,0)
(0,0,0)
(0,0,0)
(0,0,0)
(0,0,0)
(0,0,0)
(0,0,0)
(0,0,0)
(0,0,0)
(0,0,0)
(0,0,0)
(0,0,0)
(0,0,0)
(0,0,0)
(0,0,0)
(0,0,0)
(0,0,0)
(0,0,0)
(0,0,0)
(0,0,0)
(0,0,0)
(0,0,0)
(0,0,0)
(0,0,0)
(0,0,0)
(0,0,0)
(0,0,0)
(0,0,0)
(0,0,0)
(0,0,0)
(0,0,0)
(0,0,0)
(0,0,0)
(0,0,0)
(0,0,0)
(0,0,0)
(0,0,0)
(0,0,0)
(0,0,0)
(0,0,0)
(0,0,0)
(0,0,0)
(0,0,0)
(0,0,0)
(0,0,0)
(0,0,0)
(-37072.8089907193,1731.11743698906,1322.5973810887)
(-37696.3165456119,1566.76952825259,2502.29499351783)
(-39067.6596559486,1142.20478957789,3313.74467634259)
(-41384.2553678143,395.585297085859,3339.61817121748)
(-44900.4683333645,-857.591117758691,1795.88837801297)
(-49736.2046519402,-2811.63354427697,-2752.10790522127)
(-55715.6493453862,-4990.66575890998,-13223.359909257)
(-61338.703095854,-4473.76145281077,-36089.0540728791)
(-60919.9991600139,-2335.5886476983,-75546.9954816695)
(-43357.8912534361,-865.379702648078,-120669.107471789)
(0,0,0)
(0,0,0)
(0,0,0)
(0,0,0)
(0,0,0)
(0,0,0)
(-37912.1744677403,3324.72315388484,1192.66803466751)
(-38473.9840315899,3032.28651063048,2186.13352623307)
(-39668.3847724757,2266.2793351172,2660.77357406882)
(-41580.8542286911,770.279896249389,2137.77629446896)
(-44317.6004177213,-2083.20332739916,-87.0274088670852)
(-47855.2577062346,-7480.0815570709,-4823.75774571361)
(-52153.0588715843,-16229.6140142218,-12666.2712026196)
(-57479.5793864541,-13932.0331144483,-33945.4382216912)
(-58374.6250133031,-5840.05892621667,-74081.9887547565)
(-42218.8023814304,-1848.30705365666,-119813.070042443)
(0,0,0)
(0,0,0)
(0,0,0)
(0,0,0)
(0,0,0)
(0,0,0)
(-39816.2933602655,4598.96343872635,873.05004271852)
(-40237.247207681,4234.6395046461,1435.51061809065)
(-41029.1693454789,3269.73249098516,1180.46770298659)
(-42092.0411780557,1224.58452954771,-697.416709336946)
(-43028.5958565432,-3222.88989045315,-5448.66484487783)
(-42863.1834423483,-14512.1978457073,-13519.0164462573)
(-40286.3769071398,-52378.2770724285,-10351.8323747603)
(-44506.1248407476,-42023.2046867491,-25878.4565008113)
(-51097.8053683591,-10782.1810141081,-70161.5903032013)
(-39305.4425789395,-2557.10957613284,-118063.696783484)
(0,0,0)
(0,0,0)
(0,0,0)
(0,0,0)
(0,0,0)
(0,0,0)
(-42975.0189383415,5082.57411452548,428.994830659181)
(-43188.0017082321,4718.13611673928,412.093172373987)
(-43440.7619013665,3828.32834540955,-877.975866643218)
(-43278.8667043696,2048.98366695512,-5139.51174188447)
(-41262.3641987154,-1256.37922274044,-16752.1308255167)
(-32950.9426576266,-6130.72861029875,-51400.6289078895)
(1.86892701881568e-05,9.75144722586126e-07,-8.40333815196645e-06)
(-669.674669720624,-637.698639263992,5426.88965984837)
(-33522.7300840285,-6339.26258741915,-61948.4419197629)
(-33579.3388472435,-1225.81084048339,-115569.218411119)
(0,0,0)
(0,0,0)
(0,0,0)
(0,0,0)
(0,0,0)
(0,0,0)
(-47643.934407,3630.33271697259,36.0151304756321)
(-47641.6891096501,3365.16997890415,-517.274534610318)
(-47357.5849425935,2811.37846091738,-2692.99009944146)
(-46001.6602319964,1862.59112932634,-8538.11439109217)
(-41511.3576432296,433.259263470392,-21762.0314037365)
(-29084.8563812429,-1113.3385116478,-45452.2813046687)
(-3.0976772490134e-06,2.65931420259518e-07,4.67102513854408e-05)
(4.52495639377837e-05,4.07591451493347e-06,-2.436436541317e-06)
(-647.378983383822,-3.08797901798461,-56769.9903379135)
(-25621.7540669781,-260.890795035404,-114335.541770929)
(0,0,0)
(0,0,0)
(0,0,0)
(0,0,0)
(0,0,0)
(0,0,0)
(-53802.2037543269,-1756.10119705928,-204.357471222525)
(-53605.4154559698,-1838.12812160982,-1095.05753547004)
(-52884.7848453877,-1943.36574181825,-3736.91223103864)
(-50708.6938833635,-1940.34044008176,-10153.1275448556)
(-44723.3699691607,-1609.87874037749,-23492.3045512837)
(-30082.9521717024,-838.062733415819,-44531.194335451)
(-7.88429946785067e-08,2.71362392020223e-06,3.64710919691667e-05)
(3.27013892347183e-05,8.69681283780241e-06,-1.22173415471617e-06)
(-841.038661606213,59.4030632253523,-56986.4935730589)
(-24483.5363090329,-924.081974094468,-114026.532033711)
(0,0,0)
(0,0,0)
(0,0,0)
(0,0,0)
(0,0,0)
(0,0,0)
(-60796.0977637337,-14403.7144637764,-322.28546249781)
(-60474.556217523,-14329.2208907111,-1267.91396879957)
(-59511.045069422,-13997.6642170355,-3871.64001845901)
(-56915.8255639517,-13037.873612419,-10036.5247644402)
(-50121.9927117854,-10669.6696233028,-22943.1049976093)
(-33675.5288275995,-5974.04172237928,-43918.8868435387)
(4.84637736800895e-06,5.40088156035823e-05,4.21247560548728e-05)
(5.63239817255455e-05,-3.39904373801621e-06,-2.04885551294303e-06)
(-922.728884441915,-3713.26188707656,-57964.9097982864)
(-26299.0552996463,-5035.8168830556,-113053.336790774)
(0,0,0)
(0,0,0)
(0,0,0)
(0,0,0)
(0,0,0)
(0,0,0)
(-66351.6816343541,-39082.0619199768,-249.147682335304)
(-66006.5486852861,-38914.6672913901,-974.995609170617)
(-65041.3373951975,-38325.1981301819,-2981.06615138186)
(-62524.7523570531,-36723.0772063352,-7806.55827622046)
(-55837.3042091814,-32497.6280698664,-18502.6873304516)
(-38691.0650719809,-21764.7506043027,-38368.2818266768)
(6.92079039374503e-05,-8.63075682534974e-06,-3.28341410452227e-06)
(-384.102881288687,-3174.00922138933,-3659.9469856181)
(-34283.4641919013,-19597.5833100758,-59253.0416840021)
(-34292.9167369883,-14711.0761608825,-107925.011858527)
(0,0,0)
(0,0,0)
(0,0,0)
(0,0,0)
(0,0,0)
(0,0,0)
(-64677.0608381824,-79113.0784120057,-112.952819881471)
(-64397.616871522,-78954.5029154558,-484.915207296855)
(-63687.3156040755,-78455.8631376784,-1482.46539277715)
(-61838.3773578232,-77256.3543549951,-3693.29657154115)
(-56850.6454677764,-74634.0909882776,-7969.62237220896)
(-43061.9401825306,-68991.3662447339,-16842.5826004303)
(-606.776258194035,-56495.5547313158,-3261.18687356376)
(-34767.0549454212,-59160.8482208648,-20083.6708296719)
(-46820.3570371314,-54231.7037200755,-54337.6166867601)
(-36519.0525149892,-34253.4169693946,-93143.5127419999)
(0,0,0)
(0,0,0)
(0,0,0)
(0,0,0)
(0,0,0)
(0,0,0)
(-45323.7374247347,-124306.521927573,-35.3210703561045)
(-45174.6161769662,-124193.841463929,-161.609523738372)
(-44836.7171277435,-123819.185917068,-514.205213767415)
(-43965.1219111136,-123020.702339424,-1249.74216165523)
(-41842.4768010404,-121569.412709168,-2513.42073061418)
(-37197.2694808551,-118971.413352965,-4490.61733644306)
(-29437.6669868353,-114456.242580594,-5978.76778380311)
(-35255.7261217582,-108492.518246323,-15155.8339444968)
(-36759.2074621133,-93374.7240172129,-34375.2541627528)
(-26747.3279848345,-59028.6473392915,-58952.9913481523)
(0,0,0)
(0,0,0)
(0,0,0)
(0,0,0)
(0,0,0)
(0,0,0)
(0,0,0)
(0,0,0)
(0,0,0)
(0,0,0)
(0,0,0)
(0,0,0)
(0,0,0)
(0,0,0)
(0,0,0)
(0,0,0)
(0,0,0)
(0,0,0)
(0,0,0)
(0,0,0)
(0,0,0)
(0,0,0)
(0,0,0)
(0,0,0)
(0,0,0)
(0,0,0)
(0,0,0)
(0,0,0)
(0,0,0)
(0,0,0)
(0,0,0)
(0,0,0)
(0,0,0)
(0,0,0)
(0,0,0)
(0,0,0)
(0,0,0)
(0,0,0)
(0,0,0)
(0,0,0)
(0,0,0)
(0,0,0)
(0,0,0)
(0,0,0)
(0,0,0)
(0,0,0)
(0,0,0)
(0,0,0)
(0,0,0)
(0,0,0)
(0,0,0)
(0,0,0)
(0,0,0)
(0,0,0)
(0,0,0)
(0,0,0)
(0,0,0)
(0,0,0)
(0,0,0)
(0,0,0)
(0,0,0)
(0,0,0)
(0,0,0)
(0,0,0)
(0,0,0)
(0,0,0)
(0,0,0)
(0,0,0)
(0,0,0)
(0,0,0)
(0,0,0)
(0,0,0)
(0,0,0)
(0,0,0)
(0,0,0)
(0,0,0)
(0,0,0)
(0,0,0)
(0,0,0)
(0,0,0)
(0,0,0)
(0,0,0)
(0,0,0)
(0,0,0)
(0,0,0)
(0,0,0)
(0,0,0)
(0,0,0)
(0,0,0)
(0,0,0)
(0,0,0)
(0,0,0)
(0,0,0)
(0,0,0)
(0,0,0)
(0,0,0)
(0,0,0)
(0,0,0)
(0,0,0)
(0,0,0)
(0,0,0)
(0,0,0)
(-38560.2373286264,848.424637316639,639.003700594604)
(-38917.9047716429,776.982246425039,1083.6096802)
(-39573.3297828429,572.866262040573,1016.41354505411)
(-40546.5064697294,223.634208395042,-44.9695614317211)
(-41813.6714545819,-316.46670062662,-2815.29973959)
(-43160.1532302617,-999.094139027187,-8392.25702223198)
(-44201.3288323247,-1481.29354122384,-18425.283994076)
(-43912.7712803782,-649.088994555962,-35202.1268149904)
(-38816.4570352458,179.329826051151,-57484.9987657828)
(-24376.7413145083,263.214178399747,-76729.3628831708)
(0,0,0)
(0,0,0)
(0,0,0)
(0,0,0)
(0,0,0)
(0,0,0)
(-39138.0662624431,1476.65902937699,597.657402645879)
(-39420.9759358645,1348.41981060317,973.211742746527)
(-39896.3775237719,997.693961286749,776.376794798756)
(-40450.2431589715,344.577395361026,-475.177461889419)
(-40890.7598723176,-796.303573883961,-3422.18113403144)
(-40892.0594316713,-2566.21501605517,-8818.25853156758)
(-40386.9471137053,-4471.11203299496,-17594.5517976742)
(-40263.2658154188,-1058.50092742188,-34401.4534358357)
(-36551.1965185485,1354.50102330772,-57400.0531278265)
(-23394.7735006236,1031.29498381611,-76992.1628140548)
(0,0,0)
(0,0,0)
(0,0,0)
(0,0,0)
(0,0,0)
(0,0,0)
(-40376.4704713856,1576.44411889782,460.392021603462)
(-40489.8854529072,1413.86169049043,647.58838694345)
(-40550.5870293641,998.773139241202,167.926892875495)
(-40222.8234856023,176.470923442001,-1533.18432766363)
(-38805.0500342356,-1408.84833703972,-5144.18538681345)
(-35172.2582123421,-4681.19535978455,-10720.1302731038)
(-28954.6664191138,-12359.4875340379,-14163.465260088)
(-29365.9063385864,1644.26190117242,-32006.4465908474)
(-30689.3918533512,6700.10932644789,-57760.4684090031)
(-21084.5544996672,3138.90758956996,-78088.9690940053)
(0,0,0)
(0,0,0)
(0,0,0)
(0,0,0)
(0,0,0)
(0,0,0)
(-42259.7238587092,613.550895446946,247.59814381591)
(-42173.3697153887,456.977567615464,189.850273850099)
(-41707.811375416,113.303639310989,-657.630752174091)
(-40185.3425076895,-487.181369254388,-3087.50265615639)
(-35989.0108133639,-1375.63682531923,-8394.06755322802)
(-25444.9539367549,-2195.19994525597,-18386.0516886268)
(1.77046567136773e-05,1.51849129463758e-06,4.57017356383087e-07)
(56.1653291740399,-203.570223682076,-26875.79870212)
(-18820.4244732825,26460.6471200339,-61338.642106463)
(-17195.7076752739,6726.67520335088,-81310.0408921947)
(0,0,0)
(0,0,0)
(0,0,0)
(0,0,0)
(0,0,0)
(0,0,0)
(-44754.6657202858,-2346.7676629797,71.0498717177896)
(-44473.2215519826,-2439.37451777569,-201.065600556725)
(-43541.3029473113,-2587.45744308677,-1316.58651344283)
(-41025.6101514338,-2702.81693729598,-4077.00102596583)
(-35033.8617069583,-2615.57186330196,-9314.56192425238)
(-22341.1877588507,-1977.75090605307,-16275.6795858482)
(-3.22415291124705e-06,-6.1108676347313e-07,2.95989017180716e-06)
(3.9289544754341e-05,-1.45494654188818e-07,8.76013748061601e-06)
(-302.525537014863,-228.479823795568,-81052.3304513347)
(-12719.4510520953,849.920766776288,-88077.8790296397)
(0,0,0)
(0,0,0)
(0,0,0)
(0,0,0)
(0,0,0)
(0,0,0)
(-47524.1148699058,-8616.9258522746,-7.93069513130509)
(-47100.4069747197,-8588.45194757672,-363.861746579923)
(-45842.1716104116,-8472.82828507787,-1521.10413956936)
(-42738.3465594298,-8029.43992531465,-4164.82847548595)
(-35845.9087618215,-6831.88998410685,-8825.97156201984)
(-22183.5679454966,-4296.48665520876,-14406.6200390722)
(-6.26870994261235e-07,7.72844907931643e-07,-1.34673361408468e-12)
(2.75297200763205e-05,-2.65200273091975e-07,5.29137343056674e-06)
(-268.420401732279,26.3186339861819,-79936.6138829103)
(-11918.9838836062,-2738.39675854575,-88912.8487830099)
(0,0,0)
(0,0,0)
(0,0,0)
(0,0,0)
(0,0,0)
(0,0,0)
(-49570.473151823,-19810.939510455,-31.6109537419471)
(-49092.6971632919,-19696.2870838338,-305.63487172066)
(-47738.9715255803,-19360.2771238884,-1190.25957675155)
(-44533.3918938685,-18447.335172559,-3154.79799958508)
(-37505.428214188,-16135.4234685563,-6467.82901273338)
(-23419.2326210505,-10766.7792384649,-10253.8326360236)
(3.36881588345948e-06,2.95917359838929e-06,-1.59055673756585e-12)
(4.81207872334193e-05,1.32482690699001e-06,6.61316572148741e-06)
(-239.931186394031,-36885.8975741916,-82735.6695312277)
(-12647.2399368759,-12957.4476996467,-86168.4339529152)
(0,0,0)
(0,0,0)
(0,0,0)
(0,0,0)
(0,0,0)
(0,0,0)
(-48983.8266816519,-37227.67943437,48.8849712124558)
(-48531.2158167639,-37104.9639738886,-17.7710072503836)
(-47329.716548208,-36726.5252022743,-363.143775861474)
(-44577.0223874137,-35762.1831863022,-996.025731756922)
(-38426.3662670997,-33235.1493818238,-1307.23776057533)
(-25229.8185995174,-25806.2909288732,271.027457372804)
(6.00754914961814e-05,9.77628304321705e-06,2.34110323675587e-06)
(-193.69148399971,-37242.1297467959,-37126.8812765483)
(-17484.6050126419,-31939.1287807528,-58872.5092492378)
(-16105.6121458516,-16833.092201794,-73184.1693382159)
(0,0,0)
(0,0,0)
(0,0,0)
(0,0,0)
(0,0,0)
(0,0,0)
(-42507.1323116518,-59520.2555964008,122.647635507488)
(-42158.9821868902,-59457.486760496,236.535737473977)
(-41330.4007947776,-59276.6960346285,429.791760516862)
(-39472.0764202346,-59045.2019510368,1346.50958767223)
(-35362.2248396994,-59270.9727932777,5893.91237104717)
(-25945.9666637129,-62773.2319534443,25744.8798767927)
(50.5566385026393,-84976.6386835115,-37166.7633465136)
(-17881.9912486317,-59416.0618602219,-31877.8949298594)
(-22809.2144739566,-44020.6526751332,-43807.5135986591)
(-16380.3893275219,-24392.1753621604,-56387.0936257802)
(0,0,0)
(0,0,0)
(0,0,0)
(0,0,0)
(0,0,0)
(0,0,0)
(-26246.414137811,-78693.2518110986,95.6729277796533)
(-26069.5274281945,-78680.4251953952,213.522613908843)
(-25686.2406335348,-78617.7329316838,404.083016753627)
(-24820.0329816099,-78692.1871060299,905.979242234621)
(-23060.4205894632,-79335.7585537962,2188.70879118565)
(-19759.4857515756,-81404.1933531614,3381.8864616152)
(-14695.7420138568,-84691.3051521727,-11645.3720426915)
(-16799.2399217753,-73006.0335985675,-16511.8865043303)
(-16562.1958208682,-56489.3835143521,-24240.1673063492)
(-11061.3481123454,-32216.0207699641,-32102.3017710423)
(0,0,0)
(0,0,0)
(0,0,0)
(0,0,0)
(0,0,0)
(0,0,0)
(0,0,0)
(0,0,0)
(0,0,0)
(0,0,0)
(0,0,0)
(0,0,0)
(0,0,0)
(0,0,0)
(0,0,0)
(0,0,0)
(0,0,0)
(0,0,0)
(0,0,0)
(0,0,0)
(0,0,0)
(0,0,0)
(0,0,0)
(0,0,0)
(0,0,0)
(0,0,0)
(0,0,0)
(0,0,0)
(0,0,0)
(0,0,0)
(0,0,0)
(0,0,0)
(0,0,0)
(0,0,0)
(0,0,0)
(0,0,0)
(0,0,0)
(0,0,0)
(0,0,0)
(0,0,0)
(0,0,0)
(0,0,0)
(0,0,0)
(0,0,0)
(0,0,0)
(0,0,0)
(0,0,0)
(0,0,0)
(0,0,0)
(0,0,0)
(0,0,0)
(0,0,0)
(0,0,0)
(0,0,0)
(0,0,0)
(0,0,0)
(0,0,0)
(0,0,0)
(0,0,0)
(0,0,0)
(0,0,0)
(0,0,0)
(0,0,0)
(0,0,0)
(0,0,0)
(0,0,0)
(0,0,0)
(0,0,0)
(0,0,0)
(0,0,0)
(0,0,0)
(0,0,0)
(0,0,0)
(0,0,0)
(0,0,0)
(0,0,0)
(0,0,0)
(0,0,0)
(0,0,0)
(0,0,0)
(0,0,0)
(0,0,0)
(0,0,0)
(0,0,0)
(0,0,0)
(0,0,0)
(0,0,0)
(0,0,0)
(0,0,0)
(0,0,0)
(0,0,0)
(0,0,0)
(0,0,0)
(0,0,0)
(0,0,0)
(0,0,0)
(0,0,0)
(0,0,0)
(0,0,0)
(0,0,0)
(0,0,0)
(0,0,0)
(-39134.5557968842,297.791548087807,276.526920159842)
(-39291.0669477809,278.149381931256,371.539714362687)
(-39497.7615788052,294.344156227235,1.6273541010772)
(-39686.7066946453,388.110442942535,-1246.28286392077)
(-39706.6001732145,652.260187804539,-4005.61433309525)
(-39280.5912336379,1314.40010398362,-9199.576433705)
(-37958.0038731915,2366.60130302583,-17809.5026958563)
(-35028.0046911508,3008.21583232618,-29702.4851174126)
(-28335.3009755195,2417.19183028237,-42600.8330074349)
(-16363.883897307,1224.76978071163,-51838.4602053359)
(0,0,0)
(0,0,0)
(0,0,0)
(0,0,0)
(0,0,0)
(0,0,0)
(-39493.1748242311,337.414732935147,315.485376939769)
(-39605.3993513569,320.257833426234,457.800340933922)
(-39701.5842039166,384.330337826756,173.020839473244)
(-39628.6852449822,619.532853407787,-879.959484978384)
(-39125.0796108101,1301.23075120091,-3294.61030988583)
(-37896.2427012936,3150.65823601371,-8126.68517230005)
(-35849.4380216595,6925.05899214224,-17222.6519534755)
(-33837.010308869,9745.854154293,-30386.5457820039)
(-27779.7260845879,7105.32433818063,-43846.1487238825)
(-16142.3978499607,3278.58482974407,-53152.3394235565)
(0,0,0)
(0,0,0)
(0,0,0)
(0,0,0)
(0,0,0)
(0,0,0)
(-40196.9548706098,-191.981629284389,349.880761436201)
(-40184.3284455296,-190.87707264225,555.458660120106)
(-39996.7350860324,-68.0667284823507,454.003783094565)
(-39344.8644024604,302.037172217349,-106.459618859594)
(-37630.4506929172,1437.4804649822,-1417.3086739643)
(-34074.6667785551,5005.33437808925,-4369.57624982403)
(-28514.9247259159,16526.7072849023,-14410.9662357902)
(-31895.7130545664,30930.5802137453,-33065.8855792642)
(-27378.1919098282,18460.2033917456,-47731.9645763425)
(-15975.7965009533,6979.32198795838,-56541.4597332637)
(0,0,0)
(0,0,0)
(0,0,0)
(0,0,0)
(0,0,0)
(0,0,0)
(-41068.9019673617,-1737.26258590027,354.459065264537)
(-40925.4084436598,-1723.22754800713,638.848268896351)
(-40383.4447578647,-1576.71931704909,823.134239911388)
(-38917.2424223156,-1205.45668815891,1062.52801491622)
(-35263.0975350653,-373.199272783934,2147.2944743929)
(-26282.680963979,888.387610831983,7101.96826887375)
(1.61932183172086e-05,-1.13924234406014e-05,1.00823441267988e-05)
(-36996.6744343121,-474.347551104053,-45510.6988123346)
(-31497.3618395604,44900.6604976842,-59274.2185519881)
(-17034.4847025922,11192.8093982397,-63648.9289349316)
(0,0,0)
(0,0,0)
(0,0,0)
(0,0,0)
(0,0,0)
(0,0,0)
(-41902.2097786455,-4953.97173334755,364.25320580527)
(-41632.3179622747,-4915.40999762871,715.532065726357)
(-40784.2812731073,-4747.58328699171,1129.37436147005)
(-38616.491269379,-4294.50016103384,1809.29895229595)
(-33557.7147376229,-3342.77627487647,3302.72898504355)
(-22389.8642413773,-1765.99389210484,6005.78697050531)
(-1.0150636005783e-05,-1.88827390675202e-06,-3.29694732623856e-06)
(2.73834597428613e-05,-5.06197919878571e-06,1.40916382072946e-05)
(-57096.3279181332,-198.445090474263,-93013.0419539915)
(-21258.0246320786,1635.75553239654,-74917.4145081487)
(0,0,0)
(0,0,0)
(0,0,0)
(0,0,0)
(0,0,0)
(0,0,0)
(-42345.6521936392,-10529.2012715359,396.766861929994)
(-41995.9560124845,-10464.453515247,841.35941732007)
(-40974.1290198653,-10257.8722458578,1483.60578564157)
(-38475.2891966234,-9701.1518100876,2627.20007188625)
(-32953.4619883513,-8383.23698758053,4775.21401112047)
(-21400.0240033895,-5480.10205806709,7705.77823497678)
(-1.69165377887738e-06,-1.36143177625383e-06,1.11487627435911e-13)
(1.95732429314999e-05,-6.35174148297824e-06,9.24623954050102e-06)
(-53970.8043807745,84.6468561571427,-91174.5263461263)
(-21388.2869589565,-3479.45797121497,-76590.009767162)
(0,0,0)
(0,0,0)
(0,0,0)
(0,0,0)
(0,0,0)
(0,0,0)
(-41450.6908688998,-19073.5260320871,424.542477636962)
(-41096.2995614647,-19018.9824018362,982.67376239366)
(-40111.3178484738,-18831.9204631241,1929.0683025548)
(-37792.5937162795,-18330.3945025919,3817.51281746508)
(-32760.8491613231,-16892.9106524582,7582.60742947823)
(-21972.4005998138,-12476.729960243,13132.4033104124)
(1.24796966280673e-06,-7.00026152176387e-08,-1.07051292114879e-13)
(2.6682932893498e-05,3.29099045531748e-06,1.17951222945747e-05)
(-59308.0721993846,-54068.6424907567,-94820.2642750805)
(-21368.5886217068,-16410.6024894976,-73167.7710719664)
(0,0,0)
(0,0,0)
(0,0,0)
(0,0,0)
(0,0,0)
(0,0,0)
(-37990.2563719491,-30522.4378080554,455.341466274714)
(-37671.7582957839,-30528.8200892001,1105.72163266485)
(-36907.914796934,-30503.4436866553,2355.44310492144)
(-35289.8783330993,-30435.0811334471,5172.98568145923)
(-32050.7260567082,-29996.5361518554,11900.9709704624)
(-24887.8193984072,-26408.6940480289,25490.9358571374)
(3.65298142585935e-05,1.59363795395879e-05,5.99930463439121e-06)
(-43768.5389024665,-54826.2880466522,-54218.3137106333)
(-31351.0616052382,-37177.6613939457,-57242.8382148513)
(-15895.3282720584,-17071.558039188,-56792.1665389543)
(0,0,0)
(0,0,0)
(0,0,0)
(0,0,0)
(0,0,0)
(0,0,0)
(-30397.389323968,-43059.2329219194,427.052126177588)
(-30152.404296733,-43135.3542685448,1027.00841536419)
(-29705.6410487044,-43368.501459735,2267.30644237409)
(-28966.2888469031,-44144.8107068872,5471.24844248428)
(-28478.5087086173,-46768.6548871336,15359.6510466827)
(-32349.5322510073,-56445.2934110587,51799.8159969944)
(-66943.1230361137,-99623.5272547719,-54953.4982333801)
(-32788.9231911881,-58223.5424772326,-36649.3118602394)
(-21765.2886461067,-37678.324279584,-37192.5748024544)
(-11811.0513857235,-19020.4097797709,-39813.0610036672)
(0,0,0)
(0,0,0)
(0,0,0)
(0,0,0)
(0,0,0)
(0,0,0)
(-17402.5718218347,-52162.3147268101,259.239488916764)
(-17284.6855669503,-52270.7522101991,609.79556933287)
(-17095.4928185141,-52619.0969386588,1269.64323323515)
(-16789.7987161055,-53590.4250463692,2685.02330721092)
(-16656.9220937736,-56026.1918092275,5539.06173360877)
(-17776.3962651103,-61422.1915604195,8532.87039650715)
(-22317.3784698317,-69834.3362835745,-13634.6841187109)
(-16401.3668295096,-56086.804891239,-16169.2947969712)
(-11929.7493584548,-39841.8452482548,-18638.2202907095)
(-6681.93866557775,-21097.9066413345,-20940.1328759149)
(0,0,0)
(0,0,0)
(0,0,0)
(0,0,0)
(0,0,0)
(0,0,0)
(0,0,0)
(0,0,0)
(0,0,0)
(0,0,0)
(0,0,0)
(0,0,0)
(0,0,0)
(0,0,0)
(0,0,0)
(0,0,0)
(0,0,0)
(0,0,0)
(0,0,0)
(0,0,0)
(0,0,0)
(0,0,0)
(0,0,0)
(0,0,0)
(0,0,0)
(0,0,0)
(0,0,0)
(0,0,0)
(0,0,0)
(0,0,0)
(0,0,0)
(0,0,0)
(0,0,0)
(0,0,0)
(0,0,0)
(0,0,0)
(0,0,0)
(0,0,0)
(0,0,0)
(0,0,0)
(0,0,0)
(0,0,0)
(0,0,0)
(0,0,0)
(0,0,0)
(0,0,0)
(0,0,0)
(0,0,0)
(0,0,0)
(0,0,0)
(0,0,0)
(0,0,0)
(0,0,0)
(0,0,0)
(0,0,0)
(0,0,0)
(0,0,0)
(0,0,0)
(0,0,0)
(0,0,0)
(0,0,0)
(0,0,0)
(0,0,0)
(0,0,0)
(0,0,0)
(0,0,0)
(0,0,0)
(0,0,0)
(0,0,0)
(0,0,0)
(0,0,0)
(0,0,0)
(0,0,0)
(0,0,0)
(0,0,0)
(0,0,0)
(0,0,0)
(0,0,0)
(0,0,0)
(0,0,0)
(0,0,0)
(0,0,0)
(0,0,0)
(0,0,0)
(0,0,0)
(0,0,0)
(0,0,0)
(0,0,0)
(0,0,0)
(0,0,0)
(0,0,0)
(0,0,0)
(0,0,0)
(0,0,0)
(0,0,0)
(0,0,0)
(0,0,0)
(0,0,0)
(0,0,0)
(0,0,0)
(0,0,0)
(0,0,0)
(-39292.9478492518,21.3227878164035,137.06926455734)
(-39351.4785014839,55.3647005481579,142.116117712367)
(-39364.6694691485,216.913723598465,-207.889715546941)
(-39254.507590886,607.155031536583,-1247.24385084142)
(-38840.4346991634,1381.59765645007,-3495.00698133972)
(-37822.7919476802,2811.7655383986,-7764.57180569891)
(-35592.5064366945,4582.82008350765,-14712.8893257081)
(-31175.1079607273,4267.01705023381,-22832.8031063507)
(-23726.9169573613,2981.25265854167,-30422.4397830599)
(-13004.1519851041,1448.83728931276,-35231.0089845707)
(0,0,0)
(0,0,0)
(0,0,0)
(0,0,0)
(0,0,0)
(0,0,0)
(-39483.4947557866,-201.445714726424,213.088434093768)
(-39552.3070107829,-120.595319153075,335.95611322525)
(-39570.4002010828,218.802383472924,202.883450522762)
(-39440.7903917929,1029.26396510597,-407.120336241729)
(-39014.1820745552,2889.32566556209,-2025.74588160638)
(-38143.758752971,7016.74416872542,-5983.20846025053)
(-36451.8787042565,14277.9819327136,-15075.9296268575)
(-32081.7914240117,11630.8964503761,-24195.0279118432)
(-24400.1671571177,7437.01932885342,-32030.3535096252)
(-13336.6498796327,3416.73005149418,-36803.9942421382)
(0,0,0)
(0,0,0)
(0,0,0)
(0,0,0)
(0,0,0)
(0,0,0)
(-39816.3667794952,-933.852880226111,351.81907438814)
(-39854.2471805839,-804.97519681241,706.117687103027)
(-39809.6421297415,-329.418763439028,1067.24587773287)
(-39605.6987831563,817.269373343815,1540.07485019836)
(-39183.7926157727,3854.62758686584,2128.11485175137)
(-38989.6785250054,12778.3166355318,1281.55413139681)
(-40293.1062852906,45041.290646855,-17703.5730233589)
(-35227.183129869,25690.683538947,-28431.8900366276)
(-26471.8663444729,14247.3004790222,-36148.4967521561)
(-14264.7538948546,5902.33598366562,-40345.1452904222)
(0,0,0)
(0,0,0)
(0,0,0)
(0,0,0)
(0,0,0)
(0,0,0)
(-40014.046333656,-2506.1771585119,517.468644583735)
(-40014.9320741825,-2366.4058221425,1168.42290044447)
(-39896.7005878101,-1904.47133276753,2256.7312997228)
(-39557.6863540287,-901.829555388665,4616.27416016348)
(-39094.3449962343,1244.04293207119,11058.1062761221)
(-40532.6678073627,4539.13973258187,33547.2700224471)
(-60084.6966565117,-811.202098956336,-37040.5878744713)
(-44644.9779781763,36208.8504828821,-39910.451274538)
(-31750.4071702033,19222.6966629056,-44632.8021277948)
(-16330.8473437081,6968.75262711037,-46402.8561301078)
(0,0,0)
(0,0,0)
(0,0,0)
(0,0,0)
(0,0,0)
(0,0,0)
(-39770.2734621879,-5295.13040079401,657.016925824201)
(-39724.8421489566,-5177.72751521716,1560.86280557431)
(-39520.6943342025,-4844.60538775094,3237.40992164141)
(-38869.7932741288,-4149.42282932535,6738.30520031999)
(-37081.2694535867,-2817.68973585836,14323.5925842254)
(-30836.5706682158,-862.728356284532,28172.1670999259)
(2.0353734092571e-05,-1.47198688198753e-05,-1.68782212570369e-05)
(-58577.219088268,46.9555594243971,-56926.6954683316)
(-40804.5787040504,2946.61736118705,-56942.3653806891)
(-19339.4713912476,1514.2952656528,-53406.4612600655)
(0,0,0)
(0,0,0)
(0,0,0)
(0,0,0)
(0,0,0)
(0,0,0)
(-38760.7130023351,-9618.69300168502,738.623409582725)
(-38690.5906077132,-9569.32937728059,1824.85986687448)
(-38460.461131747,-9396.7190785107,3863.3056695187)
(-37729.589309844,-9039.23167131091,8007.4146247253)
(-35746.515228958,-8228.9445450976,16211.7226745739)
(-28947.109190301,-6095.31113147591,28991.3906366747)
(1.47079988459923e-05,-2.02541465505612e-05,-1.2764332903614e-05)
(-55198.6444860889,-2.45724361420847,-54068.4393538631)
(-41473.5015468898,-5207.41031115319,-58411.7145153876)
(-19905.6901916847,-3427.49989239747,-54952.5161246032)
(0,0,0)
(0,0,0)
(0,0,0)
(0,0,0)
(0,0,0)
(0,0,0)
(-36279.4359183122,-15555.5142967524,765.566344473308)
(-36216.1010712489,-15611.4800584704,1927.51853544329)
(-36049.6364581625,-15658.8421556121,4127.96022223027)
(-35586.6879233262,-15829.2601359985,8712.08289395732)
(-34381.0327861256,-16129.2375191452,18232.5594928024)
(-29447.3561752703,-15335.5346196324,34947.7385564254)
(1.86475755786668e-05,-2.320436689137e-05,-1.65590912089888e-05)
(-60824.3589774357,-43773.5919308461,-59377.4809819608)
(-41064.2531633096,-26083.1160341319,-56745.5942950456)
(-19020.0521009188,-10916.4935592472,-51605.1371489809)
(0,0,0)
(0,0,0)
(0,0,0)
(0,0,0)
(0,0,0)
(0,0,0)
(-31548.9253660632,-22725.0759104078,728.230607767215)
(-31491.5887701431,-22878.5260974318,1815.10712108541)
(-31457.6816591939,-23192.0238465407,3898.05567427129)
(-31544.6357589184,-24028.844443992,8352.39740808392)
(-32468.0469234181,-26347.2158531788,18987.6966088296)
(-37701.6833965774,-33786.6047873007,50252.6307746729)
(-68135.8746990048,-66829.8570692762,-43795.1583148134)
(-45768.6042157739,-43793.7204628809,-41774.9644694789)
(-30057.5675798332,-27525.8641729069,-41625.7103560948)
(-14773.5813475866,-12952.2804995354,-40711.6703402853)
(0,0,0)
(0,0,0)
(0,0,0)
(0,0,0)
(0,0,0)
(0,0,0)
(-23892.9092080288,-29838.3457927559,608.789766409575)
(-23831.9054389048,-30030.7383622228,1440.50317336974)
(-23881.1735138483,-30532.5658349073,2956.5776268838)
(-24192.8360053707,-31791.3692458664,5945.64958723017)
(-25545.5587590417,-34835.4223080075,11500.9060924784)
(-30044.5908172264,-41777.9405530046,17187.3004244099)
(-40930.5262515556,-54867.746917024,-20787.4065123974)
(-30091.322375003,-41713.8089555497,-25564.9188359133)
(-20067.0684454582,-27715.1358987477,-27073.8673107171)
(-10189.7700566535,-13829.0795863343,-27818.3495529767)
(0,0,0)
(0,0,0)
(0,0,0)
(0,0,0)
(0,0,0)
(0,0,0)
(-13076.1456091889,-34511.9264913992,347.154485999499)
(-13039.4755242969,-34714.5712772834,785.777358404276)
(-13076.9303077393,-35289.9919894925,1524.64100220853)
(-13267.2842828032,-36586.0125369502,2796.76985999234)
(-13950.4950254786,-39185.3070782959,4440.22756199871)
(-15666.4060711632,-43462.1891512645,4014.48596631449)
(-18112.6414688572,-47353.4265082508,-7704.57144344138)
(-14605.6325600217,-39558.3433358826,-11655.7713325951)
(-10177.1803112382,-27813.9521281451,-13309.5241504114)
(-5292.57810099942,-14369.9939091612,-14157.9703921732)
(0,0,0)
(0,0,0)
(0,0,0)
(0,0,0)
(0,0,0)
(0,0,0)
(0,0,0)
(0,0,0)
(0,0,0)
(0,0,0)
(0,0,0)
(0,0,0)
(0,0,0)
(0,0,0)
(0,0,0)
(0,0,0)
(0,0,0)
(0,0,0)
(0,0,0)
(0,0,0)
(0,0,0)
(0,0,0)
(0,0,0)
(0,0,0)
(0,0,0)
(0,0,0)
(0,0,0)
(0,0,0)
(0,0,0)
(0,0,0)
(0,0,0)
(0,0,0)
(0,0,0)
(0,0,0)
(0,0,0)
(0,0,0)
(0,0,0)
(0,0,0)
(0,0,0)
(0,0,0)
(0,0,0)
(0,0,0)
(0,0,0)
(0,0,0)
(0,0,0)
(0,0,0)
(0,0,0)
(0,0,0)
(0,0,0)
(0,0,0)
(0,0,0)
(0,0,0)
(0,0,0)
(0,0,0)
(0,0,0)
(0,0,0)
(0,0,0)
(0,0,0)
(0,0,0)
(0,0,0)
(0,0,0)
(0,0,0)
(0,0,0)
(0,0,0)
(0,0,0)
(0,0,0)
(0,0,0)
(0,0,0)
(0,0,0)
(0,0,0)
(0,0,0)
(0,0,0)
(0,0,0)
(0,0,0)
(0,0,0)
(0,0,0)
(0,0,0)
(0,0,0)
(0,0,0)
(0,0,0)
(0,0,0)
(0,0,0)
(0,0,0)
(0,0,0)
(0,0,0)
(0,0,0)
(0,0,0)
(0,0,0)
(0,0,0)
(0,0,0)
(0,0,0)
(0,0,0)
(0,0,0)
(0,0,0)
(0,0,0)
(0,0,0)
(0,0,0)
(0,0,0)
(0,0,0)
(0,0,0)
(0,0,0)
(0,0,0)
(-39307.1729690491,-66.091578695386,80.3166984850625)
(-39332.6005188349,-4.49135946656462,65.9300753027189)
(-39301.4358962718,188.690331504879,-185.993829071571)
(-39143.3696070421,619.783841382896,-916.915654305238)
(-38654.2658847703,1398.13063914922,-2501.21510784952)
(-37444.601733358,2633.98430038189,-5513.38962254385)
(-34714.0582985471,3870.83669364074,-10262.6744543314)
(-29566.9053299473,3482.56739430059,-15353.4444794096)
(-21783.7219662494,2370.79054075949,-19667.4300112777)
(-11617.3722096502,1160.57684494672,-22214.7866316837)
(0,0,0)
(0,0,0)
(0,0,0)
(0,0,0)
(0,0,0)
(0,0,0)
(-39375.8934827237,-335.936786334707,162.24393457786)
(-39443.0782842571,-216.681318486056,265.205167067715)
(-39518.488259354,172.670358471415,229.3131983734)
(-39537.5317581199,1048.79897897932,-102.960572891362)
(-39379.373601127,2880.78292496118,-1220.42133213239)
(-38732.0814717259,6274.15765218514,-4272.27196518544)
(-36697.3805087812,10529.1095656252,-10685.0430326425)
(-31336.959066428,8558.23157060296,-16505.5395665375)
(-22970.8533027587,5408.16122331386,-20972.2241034401)
(-12181.1464668048,2527.64191426385,-23494.7925855913)
(0,0,0)
(0,0,0)
(0,0,0)
(0,0,0)
(0,0,0)
(0,0,0)
(-39469.7997046243,-1000.93153869687,318.427677493758)
(-39599.2099571998,-835.12005348765,681.829189110645)
(-39816.5542655484,-294.567866540572,1155.97954992655)
(-40155.6782498206,967.600183657593,1787.15781190884)
(-40769.2137878057,4067.41168503847,2185.95022386537)
(-41822.4837892276,11318.5681428204,-25.6550025459124)
(-42413.5677849053,25256.3302261558,-12632.4141634634)
(-35857.0775161657,16242.2952590213,-19686.5834656004)
(-25777.1922773246,8972.34206691543,-23945.4383763504)
(-13469.4936049944,3871.15008570009,-26084.2068376385)
(0,0,0)
(0,0,0)
(0,0,0)
(0,0,0)
(0,0,0)
(0,0,0)
(-39293.0498915587,-2249.19560733486,527.267626546969)
(-39494.4067389184,-2068.24143067543,1239.86366846834)
(-39909.3372595657,-1529.13313166812,2487.06560534713)
(-40744.1219696941,-252.201301320661,4893.30270599681)
(-42779.0225033586,3225.07416605883,9420.31773210383)
(-47883.6501099332,14168.1110358994,13921.7571416099)
(-58300.2634795153,59013.3265641079,-21619.6723733493)
(-45165.4714031498,22170.6785188121,-27027.5622081476)
(-30711.1063930856,10112.4324087118,-29206.9533270708)
(-15538.4450095043,3941.01492232685,-30069.2204979037)
(0,0,0)
(0,0,0)
(0,0,0)
(0,0,0)
(0,0,0)
(0,0,0)
(-38476.2246737222,-4236.35381009308,693.109414292132)
(-38717.4914220426,-4098.461675094,1715.9789317993)
(-39312.1247797826,-3776.77871182023,3755.05495753833)
(-40630.1436563486,-3078.49113895606,8341.69517739226)
(-44286.5252275821,-1585.36871925866,20357.3938367067)
(-56066.8518518319,974.894305166822,58780.8917510492)
(-103194.747431124,169.80822115071,-58466.2325681544)
(-59172.889027801,3455.5548662008,-39155.4389760034)
(-36660.40292467,2271.15025745297,-35458.3326041201)
(-17747.829219557,935.450909258704,-34044.4107627464)
(0,0,0)
(0,0,0)
(0,0,0)
(0,0,0)
(0,0,0)
(0,0,0)
(-36680.4042835471,-7102.03814485429,785.375615975603)
(-36929.9851962533,-7076.26421231554,2002.57274173442)
(-37631.4081764411,-7025.20007223096,4421.94114683766)
(-39203.8802938716,-6971.5276611034,9789.26865301429)
(-43456.197389371,-6953.05024668996,22866.6323408574)
(-56326.2539471553,-6707.43633403036,57928.1077369186)
(-101256.19048518,-341.148872625227,-55207.5859555916)
(-60830.4971652632,-5703.30197379316,-40416.8764363994)
(-37948.7993643557,-4796.88392492708,-36873.5444365855)
(-18281.7533024545,-2519.71331096961,-35042.3171055809)
(0,0,0)
(0,0,0)
(0,0,0)
(0,0,0)
(0,0,0)
(0,0,0)
(-33370.2257033807,-10812.3565723249,801.108212540664)
(-33616.4825684796,-10915.4495109587,2040.67500841601)
(-34330.8151359748,-11137.3903250608,4434.04393905936)
(-35991.4060207538,-11848.2624676328,9715.49684302457)
(-40363.7871490057,-14238.2422754269,22983.4432346407)
(-53774.1800211166,-23577.8342204313,64180.6649669061)
(-104963.80781015,-68009.7392083986,-60637.5055687733)
(-58807.5335299255,-28717.1519593431,-39640.4810307429)
(-35722.6417505446,-15048.0511994191,-34730.9251690289)
(-17044.2787989513,-6630.40964171964,-32596.0021402398)
(0,0,0)
(0,0,0)
(0,0,0)
(0,0,0)
(0,0,0)
(0,0,0)
(-28076.2992100644,-15007.1383655132,722.155637189452)
(-28268.4960743278,-15195.0897421624,1778.70317257833)
(-28891.4695387963,-15610.8395611563,3685.94028827368)
(-30319.2926700963,-16680.1491551622,7292.48388698036)
(-33640.4286462311,-19398.9667327909,13625.5900671637)
(-41293.5433614919,-26065.7151576798,19705.3309693205)
(-55506.3278169699,-39528.0817298319,-21405.8733912731)
(-41789.4063968995,-28054.9485902436,-26047.2745792572)
(-27382.9216118459,-17456.2363537212,-26313.7353929542)
(-13487.2824204148,-8305.14110100733,-25925.3028608347)
(0,0,0)
(0,0,0)
(0,0,0)
(0,0,0)
(0,0,0)
(0,0,0)
(-20578.5342017067,-18883.4771667952,561.963794962238)
(-20693.0561543027,-19092.9374367034,1320.96220490231)
(-21128.8057527249,-19599.584243572,2557.33912619755)
(-22105.9687837225,-20750.0542123022,4540.37696168634)
(-24203.5838873289,-23157.1866785306,6956.62203571163)
(-28064.529515349,-27305.703501294,6216.54907744579)
(-32373.4191042629,-31896.6252871824,-9972.0145125111)
(-26520.215139524,-26084.9202269458,-15513.1501112804)
(-18158.7978890087,-17708.1311930486,-17169.5258283948)
(-9170.06412075028,-8868.60566814551,-17625.7671971605)
(0,0,0)
(0,0,0)
(0,0,0)
(0,0,0)
(0,0,0)
(0,0,0)
(-10971.5548506532,-21289.7558064021,301.687881071742)
(-11015.3021254232,-21504.0950421794,688.672087673422)
(-11217.6146762039,-22042.8194877605,1272.59170032612)
(-11692.695970328,-23135.6807806013,2083.62995614883)
(-12642.2133029495,-25097.9309893544,2716.09254443986)
(-14111.1723569079,-27680.1358708455,1535.29119972851)
(-15161.5869078568,-29102.948146095,-4209.44050235664)
(-12840.7538289506,-24852.9648558413,-7206.27460453405)
(-9043.09289449301,-17609.4155787734,-8439.07763555518)
(-4638.49221702061,-9069.53850494602,-8892.23068273192)
(0,0,0)
(0,0,0)
(0,0,0)
(0,0,0)
(0,0,0)
(0,0,0)
(0,0,0)
(0,0,0)
(0,0,0)
(0,0,0)
(0,0,0)
(0,0,0)
(0,0,0)
(0,0,0)
(0,0,0)
(0,0,0)
(0,0,0)
(0,0,0)
(0,0,0)
(0,0,0)
(0,0,0)
(0,0,0)
(0,0,0)
(0,0,0)
(0,0,0)
(0,0,0)
(0,0,0)
(0,0,0)
(0,0,0)
(0,0,0)
(0,0,0)
(0,0,0)
(0,0,0)
(0,0,0)
(0,0,0)
(0,0,0)
(0,0,0)
(0,0,0)
(0,0,0)
(0,0,0)
(0,0,0)
(0,0,0)
(0,0,0)
(0,0,0)
(0,0,0)
(0,0,0)
(0,0,0)
(0,0,0)
(0,0,0)
(0,0,0)
(0,0,0)
(0,0,0)
(0,0,0)
(0,0,0)
(0,0,0)
(0,0,0)
(0,0,0)
(0,0,0)
(0,0,0)
(0,0,0)
(0,0,0)
(0,0,0)
(0,0,0)
(0,0,0)
(0,0,0)
(0,0,0)
(0,0,0)
(0,0,0)
(0,0,0)
(0,0,0)
(0,0,0)
(0,0,0)
(0,0,0)
(0,0,0)
(0,0,0)
(0,0,0)
(0,0,0)
(0,0,0)
(0,0,0)
(0,0,0)
(0,0,0)
(0,0,0)
(0,0,0)
(0,0,0)
(0,0,0)
(0,0,0)
(0,0,0)
(0,0,0)
(0,0,0)
(0,0,0)
(0,0,0)
(0,0,0)
(0,0,0)
(0,0,0)
(0,0,0)
(0,0,0)
(0,0,0)
(0,0,0)
(0,0,0)
(0,0,0)
(0,0,0)
(0,0,0)
(-39275.6558072309,-69.3032312582043,37.7860694404556)
(-39293.4649820115,-19.8893806599805,18.5399132846128)
(-39271.0164127678,103.095081021576,-114.974651245109)
(-39126.3383157508,366.936216966776,-498.942159502201)
(-38638.173553622,812.094727515105,-1327.12921815923)
(-37332.8079053761,1455.27791052318,-2894.20095666822)
(-34359.5418970597,2015.28875231345,-5264.00611047357)
(-28950.6842856482,1820.98521224744,-7701.21236702282)
(-21045.1933057767,1232.24454111481,-9671.98556860276)
(-11094.1196757042,605.319812652642,-10800.5579152045)
(0,0,0)
(0,0,0)
(0,0,0)
(0,0,0)
(0,0,0)
(0,0,0)
(-39284.950583622,-247.542242335619,87.2961119758531)
(-39357.5893505176,-161.802819254649,143.720616830942)
(-39489.5295668199,82.7577017193127,135.099303596648)
(-39609.6385277868,611.550859465229,-37.4085692386461)
(-39570.7965762515,1625.69113094492,-659.581997544364)
(-38874.8079018774,3268.15973162839,-2329.73738849561)
(-36460.6535640748,4902.28416520244,-5453.45974608315)
(-30847.7905580514,4148.55502412667,-8270.19806634037)
(-22342.3843565874,2676.32566342147,-10342.7481348131)
(-11723.7256447638,1266.960785571,-11461.8099297651)
(0,0,0)
(0,0,0)
(0,0,0)
(0,0,0)
(0,0,0)
(0,0,0)
(-39257.1770656501,-631.119111268415,170.954229957311)
(-39450.0509789525,-529.409351057584,389.401783515682)
(-39827.3622502088,-191.305555027429,674.273024923068)
(-40434.7038293905,566.096695581755,998.752768378735)
(-41363.6637513319,2227.50753779268,991.386325061378)
(-42253.6682077474,5382.89388466412,-692.163409454546)
(-41468.9437645652,9442.71305727165,-6177.2163218634)
(-35138.1937730306,7001.74052059745,-9749.28556145962)
(-25142.8518790854,4104.25172432124,-11811.5520206122)
(-13070.6188450179,1836.92081003821,-12780.3868050555)
(0,0,0)
(0,0,0)
(0,0,0)
(0,0,0)
(0,0,0)
(0,0,0)
(-38925.1324882443,-1301.1620188733,302.125504285925)
(-39263.7625258576,-1191.78412816837,733.856068333969)
(-39965.5982535446,-853.142870656593,1451.9543779491)
(-41279.7450472559,-84.4845154376863,2638.15866652766)
(-43796.4540087085,1759.11831872768,4123.9793909385)
(-47769.4032815456,6018.09845523166,3374.52799197838)
(-51007.0562090894,14122.6766645452,-8598.64288571032)
(-42251.5293622433,8204.25532678536,-12715.0997328029)
(-29328.0245693034,4193.87381494162,-14187.8036472197)
(-14935.2311428745,1739.73812599319,-14693.8348298037)
(0,0,0)
(0,0,0)
(0,0,0)
(0,0,0)
(0,0,0)
(0,0,0)
(-37870.2028378983,-2319.81182361628,412.627968922097)
(-38304.4983884898,-2227.98537472471,1035.83618192499)
(-39312.1092825927,-2033.4464327402,2216.12424682428)
(-41345.5851808682,-1624.48116514322,4471.56242104661)
(-45661.62425332,-774.72470255755,8380.50446806887)
(-53850.062677141,697.166020434296,11484.6477281804)
(-65181.6649487959,2119.39391333101,-14525.1520029559)
(-50541.36534853,1835.02350844691,-16787.4438638615)
(-33572.5679029217,1016.68052046236,-16698.0855911347)
(-16671.3743377871,407.434712062134,-16442.2370589687)
(0,0,0)
(0,0,0)
(0,0,0)
(0,0,0)
(0,0,0)
(0,0,0)
(-35745.8505429515,-3736.20377844987,481.838214240342)
(-36190.7394903531,-3710.39300169534,1225.0001353133)
(-37363.6272604842,-3702.50358664428,2626.27637325559)
(-39779.727396842,-3732.73437368418,5310.37668476479)
(-44891.2956826085,-3861.97645387263,9832.72672931881)
(-54533.6121801472,-4174.08604530872,12911.3370280472)
(-67308.4249181051,-4118.63499692974,-14798.3996287674)
(-52423.6033553629,-3725.45721318689,-17644.8127170289)
(-34627.6286867955,-2592.19306422459,-17357.1098099151)
(-17065.3100871006,-1291.3224916538,-16874.7958215595)
(0,0,0)
(0,0,0)
(0,0,0)
(0,0,0)
(0,0,0)
(0,0,0)
(-32082.5649243842,-5520.43832070509,496.573763255101)
(-32502.4323386927,-5570.91452822499,1243.0450600011)
(-33651.610393283,-5731.21266587241,2592.54939653647)
(-36054.3758357637,-6214.06420093569,5136.84903879702)
(-40991.4888176062,-7548.4659706952,9451.04022421663)
(-50320.4116501955,-11099.6334849229,12922.8192928984)
(-63161.7067475606,-18553.3831068437,-14444.5336597501)
(-48651.7237371721,-11741.2960935302,-16584.5045721648)
(-31997.133242511,-6767.17494126145,-16135.0312031607)
(-15741.492141908,-3107.73082066385,-15621.4095311984)
(0,0,0)
(0,0,0)
(0,0,0)
(0,0,0)
(0,0,0)
(0,0,0)
(-26577.9397360755,-7454.92095208064,436.12315738376)
(-26907.5153207773,-7553.79015349046,1058.01802910267)
(-27848.9870849258,-7818.21280699144,2102.53571635626)
(-29767.488381936,-8466.08943822032,3802.75666548114)
(-33350.6117419845,-9931.72410882399,5896.19789937019)
(-39158.7199922894,-12780.9839452019,5442.72499044571)
(-44563.4960111769,-16365.710534208,-7687.77938797819)
(-36811.2571931924,-12772.1655388647,-11635.0591463327)
(-25104.6675961802,-8237.89876624683,-12442.5893370282)
(-12569.5681730942,-3990.00110452007,-12478.0333004884)
(0,0,0)
(0,0,0)
(0,0,0)
(0,0,0)
(0,0,0)
(0,0,0)
(-19184.4101551117,-9168.42524864653,319.380249967267)
(-19408.3842671154,-9287.0529931728,767.971202463321)
(-20017.7969156276,-9596.41115966309,1435.16071803776)
(-21238.4222257831,-10239.3791977777,2340.90391965308)
(-23380.1453019774,-11476.3520851456,3062.09331062611)
(-26367.724395931,-13261.2632642894,1845.56751029747)
(-28170.2949602809,-14592.1808974232,-4131.0862704702)
(-23991.3096303555,-12301.0593006816,-7131.09801782434)
(-16815.0800846968,-8512.03706892611,-8200.6775194566)
(-8559.5659730767,-4291.38338232574,-8509.79338932443)
(0,0,0)
(0,0,0)
(0,0,0)
(0,0,0)
(0,0,0)
(0,0,0)
(-10108.0364153286,-10186.3555859445,154.4119019738)
(-10213.7343898599,-10321.7836903995,387.574863638276)
(-10486.4814928826,-10646.9874347015,707.017955353526)
(-11065.1066454302,-11237.666753787,1077.71618646535)
(-12024.2891231189,-12251.7889954949,1235.22891698496)
(-13197.2977190183,-13409.104488398,469.195503206805)
(-13628.9649681131,-13790.9451016798,-1864.66223227671)
(-11745.2294599156,-11882.2905175722,-3378.95538442284)
(-8364.55136845279,-8497.26769797448,-4072.26628141524)
(-4301.44072839115,-4381.7937788476,-4318.9073735231)
(0,0,0)
(0,0,0)
(0,0,0)
(0,0,0)
(0,0,0)
(0,0,0)
(0,0,0)
(0,0,0)
(0,0,0)
(0,0,0)
(0,0,0)
(0,0,0)
(0,0,0)
(0,0,0)
(0,0,0)
(0,0,0)
(0,0,0)
(0,0,0)
(0,0,0)
(0,0,0)
(0,0,0)
(0,0,0)
(0,0,0)
(0,0,0)
(0,0,0)
(0,0,0)
(0,0,0)
(0,0,0)
(0,0,0)
(0,0,0)
(0,0,0)
(0,0,0)
(0,0,0)
(0,0,0)
(0,0,0)
(0,0,0)
(0,0,0)
(0,0,0)
(0,0,0)
(0,0,0)
(0,0,0)
(0,0,0)
(0,0,0)
(0,0,0)
(0,0,0)
(0,0,0)
(0,0,0)
(0,0,0)
(0,0,0)
(0,0,0)
(0,0,0)
(0,0,0)
(0,0,0)
(0,0,0)
(0,0,0)
(0,0,0)
(0,0,0)
(0,0,0)
(0,0,0)
(0,0,0)
(0,0,0)
(0,0,0)
(0,0,0)
(0,0,0)
(0,0,0)
(0,0,0)
(0,0,0)
(0,0,0)
(0,0,0)
(0,0,0)
(0,0,0)
(0,0,0)
(0,0,0)
(0,0,0)
(0,0,0)
(0,0,0)
(0,0,0)
(0,0,0)
(0,0,0)
(0,0,0)
(0,0,0)
(0,0,0)
(0,0,0)
(0,0,0)
(0,0,0)
(0,0,0)
(0,0,0)
(0,0,0)
(0,0,0)
(0,0,0)
(0,0,0)
(0,0,0)
(0,0,0)
(0,0,0)
(0,0,0)
(0,0,0)
(0,0,0)
(0,0,0)
(0,0,0)
(0,0,0)
(0,0,0)
(0,0,0)
(0,0,0)
(0,0,0)
(0,0,0)
(0,0,0)
(0,0,0)
(0,0,0)
(0,0,0)
(0,0,0)
(0,0,0)
(0,0,0)
(0,0,0)
(0,0,0)
(0,0,0)
(0,0,0)
(0,0,0)
(0,0,0)
(0,0,0)
(0,0,0)
(0,0,0)
(0,0,0)
(0,0,0)
(0,0,0)
(0,0,0)
(0,0,0)
(0,0,0)
(0,0,0)
(0,0,0)
(0,0,0)
(0,0,0)
(0,0,0)
(0,0,0)
(0,0,0)
(0,0,0)
(0,0,0)
(0,0,0)
(0,0,0)
(0,0,0)
(0,0,0)
(0,0,0)
(0,0,0)
(0,0,0)
(0,0,0)
(0,0,0)
(0,0,0)
(0,0,0)
(0,0,0)
(0,0,0)
(0,0,0)
(0,0,0)
(0,0,0)
(0,0,0)
(0,0,0)
(0,0,0)
(0,0,0)
(0,0,0)
(0,0,0)
(0,0,0)
(0,0,0)
(0,0,0)
(0,0,0)
(0,0,0)
(0,0,0)
(0,0,0)
(0,0,0)
(0,0,0)
(0,0,0)
(0,0,0)
(0,0,0)
(0,0,0)
(0,0,0)
(0,0,0)
(0,0,0)
(0,0,0)
(0,0,0)
(0,0,0)
(0,0,0)
(0,0,0)
(0,0,0)
(0,0,0)
(0,0,0)
(0,0,0)
(0,0,0)
(0,0,0)
(0,0,0)
(0,0,0)
(0,0,0)
(0,0,0)
(0,0,0)
(0,0,0)
(0,0,0)
(0,0,0)
(0,0,0)
(0,0,0)
(0,0,0)
(0,0,0)
(0,0,0)
(0,0,0)
(0,0,0)
(0,0,0)
(0,0,0)
(0,0,0)
(0,0,0)
(0,0,0)
(0,0,0)
(0,0,0)
(0,0,0)
(0,0,0)
(0,0,0)
(0,0,0)
(0,0,0)
(0,0,0)
(0,0,0)
(0,0,0)
(0,0,0)
(0,0,0)
(0,0,0)
(0,0,0)
(0,0,0)
(0,0,0)
(0,0,0)
(0,0,0)
(0,0,0)
(0,0,0)
(0,0,0)
(0,0,0)
(0,0,0)
(0,0,0)
(0,0,0)
(0,0,0)
(0,0,0)
(0,0,0)
(0,0,0)
(0,0,0)
(0,0,0)
(0,0,0)
(0,0,0)
(0,0,0)
(0,0,0)
(0,0,0)
(0,0,0)
(0,0,0)
(0,0,0)
(0,0,0)
(0,0,0)
(0,0,0)
(0,0,0)
(0,0,0)
(0,0,0)
(0,0,0)
(0,0,0)
(0,0,0)
(0,0,0)
(0,0,0)
(0,0,0)
(0,0,0)
(0,0,0)
(0,0,0)
(0,0,0)
(0,0,0)
(0,0,0)
(0,0,0)
(0,0,0)
(0,0,0)
(0,0,0)
(0,0,0)
(0,0,0)
(0,0,0)
(0,0,0)
(0,0,0)
(0,0,0)
(0,0,0)
(0,0,0)
(0,0,0)
(0,0,0)
(0,0,0)
(0,0,0)
(0,0,0)
(0,0,0)
(0,0,0)
(0,0,0)
(0,0,0)
(0,0,0)
(0,0,0)
(0,0,0)
(0,0,0)
(0,0,0)
(0,0,0)
(0,0,0)
(0,0,0)
(0,0,0)
(0,0,0)
(0,0,0)
(0,0,0)
(0,0,0)
(0,0,0)
(0,0,0)
(0,0,0)
(0,0,0)
(0,0,0)
(0,0,0)
(0,0,0)
(0,0,0)
(0,0,0)
(0,0,0)
(0,0,0)
(0,0,0)
(0,0,0)
(0,0,0)
(0,0,0)
(0,0,0)
(0,0,0)
(0,0,0)
(0,0,0)
(0,0,0)
(0,0,0)
(0,0,0)
(0,0,0)
(0,0,0)
(0,0,0)
(0,0,0)
(0,0,0)
(0,0,0)
(0,0,0)
(0,0,0)
(0,0,0)
(0,0,0)
(0,0,0)
(0,0,0)
(0,0,0)
(0,0,0)
(0,0,0)
(0,0,0)
(0,0,0)
(0,0,0)
(0,0,0)
(0,0,0)
(0,0,0)
(0,0,0)
(0,0,0)
(0,0,0)
(0,0,0)
(0,0,0)
(0,0,0)
(0,0,0)
(0,0,0)
(0,0,0)
(0,0,0)
(0,0,0)
(0,0,0)
(0,0,0)
(0,0,0)
(0,0,0)
(0,0,0)
(0,0,0)
(0,0,0)
(0,0,0)
(0,0,0)
(0,0,0)
(0,0,0)
(0,0,0)
(0,0,0)
(0,0,0)
(0,0,0)
(0,0,0)
(0,0,0)
(0,0,0)
(0,0,0)
(0,0,0)
(0,0,0)
(0,0,0)
(0,0,0)
(0,0,0)
(0,0,0)
(0,0,0)
(0,0,0)
(0,0,0)
(0,0,0)
(0,0,0)
(0,0,0)
(0,0,0)
(0,0,0)
(0,0,0)
(0,0,0)
(0,0,0)
(0,0,0)
(0,0,0)
(0,0,0)
(0,0,0)
(0,0,0)
(0,0,0)
(0,0,0)
(0,0,0)
(0,0,0)
(0,0,0)
(0,0,0)
(0,0,0)
(0,0,0)
(0,0,0)
(0,0,0)
(0,0,0)
(0,0,0)
(0,0,0)
(0,0,0)
(0,0,0)
(0,0,0)
(0,0,0)
(0,0,0)
(0,0,0)
(0,0,0)
(0,0,0)
(0,0,0)
(0,0,0)
(0,0,0)
(0,0,0)
(0,0,0)
(0,0,0)
(0,0,0)
(0,0,0)
(0,0,0)
(0,0,0)
(0,0,0)
(0,0,0)
(0,0,0)
(0,0,0)
(0,0,0)
(0,0,0)
(0,0,0)
(0,0,0)
(0,0,0)
(0,0,0)
(0,0,0)
(0,0,0)
(0,0,0)
(0,0,0)
(0,0,0)
(0,0,0)
(0,0,0)
(0,0,0)
(0,0,0)
(0,0,0)
(0,0,0)
(0,0,0)
(0,0,0)
(0,0,0)
(0,0,0)
(0,0,0)
(0,0,0)
(0,0,0)
(0,0,0)
(0,0,0)
(0,0,0)
(0,0,0)
(0,0,0)
(0,0,0)
(0,0,0)
(0,0,0)
(0,0,0)
(0,0,0)
(0,0,0)
(0,0,0)
(0,0,0)
(0,0,0)
(0,0,0)
(0,0,0)
(0,0,0)
(0,0,0)
(0,0,0)
(0,0,0)
(0,0,0)
(0,0,0)
(0,0,0)
(0,0,0)
(0,0,0)
(0,0,0)
(0,0,0)
(0,0,0)
(0,0,0)
(0,0,0)
(0,0,0)
(0,0,0)
(0,0,0)
(0,0,0)
(0,0,0)
(0,0,0)
(0,0,0)
(0,0,0)
(0,0,0)
(0,0,0)
(0,0,0)
(0,0,0)
(0,0,0)
(0,0,0)
(0,0,0)
(0,0,0)
(0,0,0)
(0,0,0)
(0,0,0)
(0,0,0)
(0,0,0)
(0,0,0)
(0,0,0)
(0,0,0)
(0,0,0)
(0,0,0)
(0,0,0)
(0,0,0)
(0,0,0)
(0,0,0)
(0,0,0)
(0,0,0)
(0,0,0)
(0,0,0)
(0,0,0)
(0,0,0)
(0,0,0)
(0,0,0)
(0,0,0)
(0,0,0)
(0,0,0)
(0,0,0)
(0,0,0)
(0,0,0)
(0,0,0)
(0,0,0)
(0,0,0)
(0,0,0)
(0,0,0)
(0,0,0)
(0,0,0)
(0,0,0)
(0,0,0)
(0,0,0)
(0,0,0)
(0,0,0)
(0,0,0)
(0,0,0)
(0,0,0)
(0,0,0)
(0,0,0)
(0,0,0)
(0,0,0)
(0,0,0)
(0,0,0)
(0,0,0)
(0,0,0)
(0,0,0)
(0,0,0)
(0,0,0)
(0,0,0)
(0,0,0)
(0,0,0)
(0,0,0)
(0,0,0)
(0,0,0)
(0,0,0)
(0,0,0)
(0,0,0)
(0,0,0)
(0,0,0)
(0,0,0)
(0,0,0)
(0,0,0)
(0,0,0)
(0,0,0)
(0,0,0)
(0,0,0)
(0,0,0)
(0,0,0)
(0,0,0)
(0,0,0)
(0,0,0)
(0,0,0)
(0,0,0)
(0,0,0)
(0,0,0)
(0,0,0)
(0,0,0)
(0,0,0)
(0,0,0)
(0,0,0)
(0,0,0)
(0,0,0)
(0,0,0)
(0,0,0)
(0,0,0)
(0,0,0)
(0,0,0)
(0,0,0)
(0,0,0)
(0,0,0)
(0,0,0)
(0,0,0)
(0,0,0)
(0,0,0)
(0,0,0)
(0,0,0)
(0,0,0)
(0,0,0)
(0,0,0)
(0,0,0)
(0,0,0)
(0,0,0)
(0,0,0)
(0,0,0)
(0,0,0)
(0,0,0)
(0,0,0)
(0,0,0)
(0,0,0)
(0,0,0)
(0,0,0)
(0,0,0)
(0,0,0)
(0,0,0)
(0,0,0)
(0,0,0)
(0,0,0)
(0,0,0)
(0,0,0)
(0,0,0)
(0,0,0)
(0,0,0)
(0,0,0)
(0,0,0)
(0,0,0)
(0,0,0)
(0,0,0)
(0,0,0)
(0,0,0)
(0,0,0)
(0,0,0)
(0,0,0)
(0,0,0)
(0,0,0)
(0,0,0)
(0,0,0)
(0,0,0)
(0,0,0)
(0,0,0)
(0,0,0)
(0,0,0)
(0,0,0)
(0,0,0)
(0,0,0)
(0,0,0)
(0,0,0)
(0,0,0)
(0,0,0)
(0,0,0)
(0,0,0)
(0,0,0)
(0,0,0)
(0,0,0)
(0,0,0)
(0,0,0)
(0,0,0)
(0,0,0)
(0,0,0)
(0,0,0)
(0,0,0)
(0,0,0)
(0,0,0)
(0,0,0)
(0,0,0)
(0,0,0)
(0,0,0)
(0,0,0)
(0,0,0)
(0,0,0)
(0,0,0)
(0,0,0)
(0,0,0)
(0,0,0)
(0,0,0)
(0,0,0)
(0,0,0)
(0,0,0)
(0,0,0)
(0,0,0)
(0,0,0)
(0,0,0)
(0,0,0)
(0,0,0)
(0,0,0)
(0,0,0)
(0,0,0)
(0,0,0)
(0,0,0)
(0,0,0)
(0,0,0)
(0,0,0)
(0,0,0)
(0,0,0)
(0,0,0)
(0,0,0)
(0,0,0)
(0,0,0)
(0,0,0)
(0,0,0)
(0,0,0)
(0,0,0)
(0,0,0)
(0,0,0)
(0,0,0)
(0,0,0)
(0,0,0)
(0,0,0)
(0,0,0)
(0,0,0)
(0,0,0)
(0,0,0)
(0,0,0)
(0,0,0)
(0,0,0)
(0,0,0)
(0,0,0)
(0,0,0)
(0,0,0)
(0,0,0)
(0,0,0)
(0,0,0)
(0,0,0)
(0,0,0)
(0,0,0)
(0,0,0)
(0,0,0)
(0,0,0)
(0,0,0)
(0,0,0)
(0,0,0)
(0,0,0)
(0,0,0)
(0,0,0)
(0,0,0)
(0,0,0)
(0,0,0)
(0,0,0)
(0,0,0)
(0,0,0)
(0,0,0)
(0,0,0)
(0,0,0)
(0,0,0)
(0,0,0)
(0,0,0)
(0,0,0)
(0,0,0)
(0,0,0)
(0,0,0)
(0,0,0)
(0,0,0)
(0,0,0)
(0,0,0)
(0,0,0)
(0,0,0)
(0,0,0)
(0,0,0)
(0,0,0)
(0,0,0)
(0,0,0)
(0,0,0)
(0,0,0)
(0,0,0)
(0,0,0)
(0,0,0)
(0,0,0)
(0,0,0)
(0,0,0)
(0,0,0)
(0,0,0)
(0,0,0)
(0,0,0)
(0,0,0)
(0,0,0)
(0,0,0)
(0,0,0)
(0,0,0)
(0,0,0)
(0,0,0)
(0,0,0)
(0,0,0)
(0,0,0)
(0,0,0)
(0,0,0)
(0,0,0)
(0,0,0)
(0,0,0)
(0,0,0)
(0,0,0)
(0,0,0)
(0,0,0)
(0,0,0)
(0,0,0)
(0,0,0)
(0,0,0)
(0,0,0)
(0,0,0)
(0,0,0)
(0,0,0)
(0,0,0)
(0,0,0)
(0,0,0)
(0,0,0)
(0,0,0)
(0,0,0)
(0,0,0)
(0,0,0)
(0,0,0)
(0,0,0)
(0,0,0)
(0,0,0)
(0,0,0)
(0,0,0)
(0,0,0)
(0,0,0)
(0,0,0)
(0,0,0)
