(0,0,0)
(0,0,0)
(0,0,0)
(0,0,0)
(0,0,0)
(0,0,0)
(0,0,0)
(0,0,0)
(0,0,0)
(0,0,0)
(0,0,0)
(0,0,0)
(0,0,0)
(0,0,0)
(0,0,0)
(0,0,0)
(0,0,0)
(0,0,0)
(0,0,0)
(0,0,0)
(0,0,0)
(0,0,0)
(0,0,0)
(0,0,0)
(0,0,0)
(0,0,0)
(0,0,0)
(0,0,0)
(0,0,0)
(0,0,0)
(0,0,0)
(0,0,0)
(0,0,0)
(0,0,0)
(0,0,0)
(0,0,0)
(0,0,0)
(0,0,0)
(0,0,0)
(0,0,0)
(0,0,0)
(0,0,0)
(0,0,0)
(0,0,0)
(0,0,0)
(0,0,0)
(0,0,0)
(0,0,0)
(0,0,0)
(0,0,0)
(0,0,0)
(0,0,0)
(0,0,0)
(0,0,0)
(0,0,0)
(0,0,0)
(0,0,0)
(0,0,0)
(0,0,0)
(0,0,0)
(0,0,0)
(0,0,0)
(0,0,0)
(0,0,0)
(0,0,0)
(0,0,0)
(0,0,0)
(0,0,0)
(0,0,0)
(0,0,0)
(0,0,0)
(0,0,0)
(0,0,0)
(0,0,0)
(0,0,0)
(0,0,0)
(0,0,0)
(0,0,0)
(0,0,0)
(0,0,0)
(0,0,0)
(0,0,0)
(0,0,0)
(0,0,0)
(0,0,0)
(0,0,0)
(0,0,0)
(0,0,0)
(0,0,0)
(0,0,0)
(0,0,0)
(0,0,0)
(0,0,0)
(0,0,0)
(0,0,0)
(0,0,0)
(0,0,0)
(0,0,0)
(0,0,0)
(0,0,0)
(0,0,0)
(0,0,0)
(0,0,0)
(0,0,0)
(0,0,0)
(0,0,0)
(0,0,0)
(0,0,0)
(0,0,0)
(0,0,0)
(0,0,0)
(0,0,0)
(0,0,0)
(0,0,0)
(0,0,0)
(0,0,0)
(0,0,0)
(0,0,0)
(0,0,0)
(0,0,0)
(0,0,0)
(0,0,0)
(0,0,0)
(0,0,0)
(0,0,0)
(0,0,0)
(0,0,0)
(0,0,0)
(0,0,0)
(0,0,0)
(0,0,0)
(0,0,0)
(0,0,0)
(0,0,0)
(0,0,0)
(0,0,0)
(0,0,0)
(0,0,0)
(0,0,0)
(0,0,0)
(0,0,0)
(0,0,0)
(0,0,0)
(0,0,0)
(0,0,0)
(0,0,0)
(0,0,0)
(0,0,0)
(0,0,0)
(0,0,0)
(0,0,0)
(0,0,0)
(0,0,0)
(0,0,0)
(0,0,0)
(0,0,0)
(0,0,0)
(0,0,0)
(0,0,0)
(0,0,0)
(0,0,0)
(0,0,0)
(0,0,0)
(0,0,0)
(0,0,0)
(0,0,0)
(0,0,0)
(0,0,0)
(0,0,0)
(0,0,0)
(0,0,0)
(0,0,0)
(0,0,0)
(0,0,0)
(0,0,0)
(0,0,0)
(0,0,0)
(0,0,0)
(0,0,0)
(0,0,0)
(0,0,0)
(0,0,0)
(0,0,0)
(0,0,0)
(0,0,0)
(0,0,0)
(0,0,0)
(0,0,0)
(0,0,0)
(0,0,0)
(0,0,0)
(0,0,0)
(0,0,0)
(0,0,0)
(0,0,0)
(0,0,0)
(0,0,0)
(0,0,0)
(0,0,0)
(0,0,0)
(0,0,0)
(0,0,0)
(0,0,0)
(0,0,0)
(0,0,0)
(0,0,0)
(0,0,0)
(0,0,0)
(0,0,0)
(0,0,0)
(0,0,0)
(0,0,0)
(0,0,0)
(0,0,0)
(0,0,0)
(0,0,0)
(0,0,0)
(0,0,0)
(0,0,0)
(0,0,0)
(0,0,0)
(0,0,0)
(0,0,0)
(0,0,0)
(0,0,0)
(0,0,0)
(0,0,0)
(0,0,0)
(0,0,0)
(0,0,0)
(0,0,0)
(0,0,0)
(0,0,0)
(0,0,0)
(0,0,0)
(0,0,0)
(0,0,0)
(0,0,0)
(0,0,0)
(0,0,0)
(0,0,0)
(0,0,0)
(0,0,0)
(0,0,0)
(0,0,0)
(0,0,0)
(0,0,0)
(0,0,0)
(0,0,0)
(0,0,0)
(0,0,0)
(0,0,0)
(0,0,0)
(0,0,0)
(0,0,0)
(0,0,0)
(0,0,0)
(0,0,0)
(0,0,0)
(0,0,0)
(0,0,0)
(0,0,0)
(0,0,0)
(0,0,0)
(0,0,0)
(0,0,0)
(0,0,0)
(0,0,0)
(0,0,0)
(0,0,0)
(0,0,0)
(0,0,0)
(0,0,0)
(0,0,0)
(0,0,0)
(0,0,0)
(0,0,0)
(0,0,0)
(0,0,0)
(0,0,0)
(0,0,0)
(0,0,0)
(0,0,0)
(0,0,0)
(0,0,0)
(0,0,0)
(0,0,0)
(0,0,0)
(0,0,0)
(0,0,0)
(0,0,0)
(0,0,0)
(0,0,0)
(0,0,0)
(0,0,0)
(0,0,0)
(0,0,0)
(0,0,0)
(0,0,0)
(0,0,0)
(0,0,0)
(0,0,0)
(0,0,0)
(0,0,0)
(0,0,0)
(0,0,0)
(0,0,0)
(0,0,0)
(0,0,0)
(0,0,0)
(0,0,0)
(0,0,0)
(0,0,0)
(0,0,0)
(0,0,0)
(0,0,0)
(0,0,0)
(0,0,0)
(0,0,0)
(0,0,0)
(0,0,0)
(0,0,0)
(0,0,0)
(0,0,0)
(0,0,0)
(0,0,0)
(0,0,0)
(0,0,0)
(0,0,0)
(0,0,0)
(0,0,0)
(0,0,0)
(0,0,0)
(0,0,0)
(0,0,0)
(0,0,0)
(0,0,0)
(0,0,0)
(0,0,0)
(0,0,0)
(0,0,0)
(0,0,0)
(0,0,0)
(0,0,0)
(0,0,0)
(0,0,0)
(0,0,0)
(0,0,0)
(0,0,0)
(0,0,0)
(0,0,0)
(0,0,0)
(0,0,0)
(0,0,0)
(0,0,0)
(0,0,0)
(0,0,0)
(0,0,0)
(0,0,0)
(0,0,0)
(0,0,0)
(0,0,0)
(0,0,0)
(0,0,0)
(0,0,0)
(0,0,0)
(0,0,0)
(0,0,0)
(0,0,0)
(0,0,0)
(0,0,0)
(0,0,0)
(0,0,0)
(0,0,0)
(0,0,0)
(0,0,0)
(0,0,0)
(0,0,0)
(0,0,0)
(0,0,0)
(0,0,0)
(0,0,0)
(0,0,0)
(0,0,0)
(0,0,0)
(0,0,0)
(0,0,0)
(0,0,0)
(0,0,0)
(0,0,0)
(0,0,0)
(0,0,0)
(0,0,0)
(0,0,0)
(0,0,0)
(0,0,0)
(0,0,0)
(0,0,0)
(0,0,0)
(0,0,0)
(0,0,0)
(0,0,0)
(0,0,0)
(0,0,0)
(0,0,0)
(0,0,0)
(0,0,0)
(0,0,0)
(0,0,0)
(0,0,0)
(0,0,0)
(0,0,0)
(0,0,0)
(0,0,0)
(0,0,0)
(0,0,0)
(0,0,0)
(0,0,0)
(0,0,0)
(0,0,0)
(0,0,0)
(0,0,0)
(0,0,0)
(0,0,0)
(0,0,0)
(0,0,0)
(0,0,0)
(0,0,0)
(0,0,0)
(0,0,0)
(0,0,0)
(0,0,0)
(0,0,0)
(0,0,0)
(0,0,0)
(0,0,0)
(0,0,0)
(0,0,0)
(0,0,0)
(0,0,0)
(0,0,0)
(0,0,0)
(0,0,0)
(0,0,0)
(0,0,0)
(0,0,0)
(0,0,0)
(0,0,0)
(0,0,0)
(0,0,0)
(0,0,0)
(0,0,0)
(0,0,0)
(0,0,0)
(0,0,0)
(0,0,0)
(0,0,0)
(0,0,0)
(0,0,0)
(0,0,0)
(0,0,0)
(0,0,0)
(0,0,0)
(0,0,0)
(0,0,0)
(0,0,0)
(0,0,0)
(0,0,0)
(0,0,0)
(0,0,0)
(0,0,0)
(0,0,0)
(0,0,0)
(0,0,0)
(0,0,0)
(0,0,0)
(0,0,0)
(0,0,0)
(0,0,0)
(0,0,0)
(0,0,0)
(0,0,0)
(0,0,0)
(0,0,0)
(0,0,0)
(0,0,0)
(0,0,0)
(0,0,0)
(0,0,0)
(0,0,0)
(0,0,0)
(0,0,0)
(0,0,0)
(0,0,0)
(0,0,0)
(0,0,0)
(0,0,0)
(0,0,0)
(0,0,0)
(0,0,0)
(0,0,0)
(0,0,0)
(0,0,0)
(0,0,0)
(0,0,0)
(0,0,0)
(0,0,0)
(0,0,0)
(0,0,0)
(0,0,0)
(0,0,0)
(0,0,0)
(0,0,0)
(0,0,0)
(0,0,0)
(0,0,0)
(0,0,0)
(0,0,0)
(0,0,0)
(0,0,0)
(0,0,0)
(0,0,0)
(0,0,0)
(0,0,0)
(0,0,0)
(0,0,0)
(0,0,0)
(0,0,0)
(0,0,0)
(0,0,0)
(0,0,0)
(0,0,0)
(0,0,0)
(0,0,0)
(0,0,0)
(0,0,0)
(0,0,0)
(0,0,0)
(0,0,0)
(0,0,0)
(0,0,0)
(0,0,0)
(0,0,0)
(0,0,0)
(0,0,0)
(0,0,0)
(0,0,0)
(0,0,0)
(0,0,0)
(0,0,0)
(0,0,0)
(0,0,0)
(0,0,0)
(0,0,0)
(0,0,0)
(0,0,0)
(0,0,0)
(0,0,0)
(0,0,0)
(0,0,0)
(0,0,0)
(0,0,0)
(0,0,0)
(0,0,0)
(0,0,0)
(0,0,0)
(0,0,0)
(0,0,0)
(0,0,0)
(0,0,0)
(0,0,0)
(0,0,0)
(0,0,0)
(0,0,0)
(0,0,0)
(0,0,0)
(0,0,0)
(0,0,0)
(0,0,0)
(0,0,0)
(0,0,0)
(0,0,0)
(0,0,0)
(0,0,0)
(0,0,0)
(0,0,0)
(0,0,0)
(0,0,0)
(0,0,0)
(0,0,0)
(0,0,0)
(0,0,0)
(0,0,0)
(0,0,0)
(0,0,0)
(0,0,0)
(0,0,0)
(0,0,0)
(0,0,0)
(0,0,0)
(0,0,0)
(0,0,0)
(0,0,0)
(0,0,0)
(0,0,0)
(0,0,0)
(0,0,0)
(0,0,0)
(0,0,0)
(0,0,0)
(0,0,0)
(0,0,0)
(0,0,0)
(0,0,0)
(0,0,0)
(0,0,0)
(0,0,0)
(0,0,0)
(0,0,0)
(0,0,0)
(0,0,0)
(0,0,0)
(0,0,0)
(0,0,0)
(0,0,0)
(0,0,0)
(0,0,0)
(0,0,0)
(0,0,0)
(0,0,0)
(0,0,0)
(0,0,0)
(0,0,0)
(0,0,0)
(0,0,0)
(0,0,0)
(0,0,0)
(0,0,0)
(0,0,0)
(0,0,0)
(0,0,0)
(0,0,0)
(0,0,0)
(0,0,0)
(0,0,0)
(0,0,0)
(0,0,0)
(0,0,0)
(0,0,0)
(0,0,0)
(0,0,0)
(0,0,0)
(0,0,0)
(0,0,0)
(0,0,0)
(0,0,0)
(0,0,0)
(0,0,0)
(0,0,0)
(0,0,0)
(0,0,0)
(0,0,0)
(0,0,0)
(0,0,0)
(0,0,0)
(0,0,0)
(0,0,0)
(0,0,0)
(0,0,0)
(0,0,0)
(0,0,0)
(0,0,0)
(0,0,0)
(0,0,0)
(0,0,0)
(0,0,0)
(0,0,0)
(0,0,0)
(0,0,0)
(0,0,0)
(0,0,0)
(0,0,0)
(0,0,0)
(0,0,0)
(0,0,0)
(0,0,0)
(0,0,0)
(0,0,0)
(0,0,0)
(0,0,0)
(0,0,0)
(0,0,0)
(0,0,0)
(0,0,0)
(0,0,0)
(0,0,0)
(0,0,0)
(0,0,0)
(0,0,0)
(0,0,0)
(0,0,0)
(0,0,0)
(0,0,0)
(0,0,0)
(0,0,0)
(0,0,0)
(0,0,0)
(0,0,0)
(0,0,0)
(0,0,0)
(0,0,0)
(0,0,0)
(0,0,0)
(0,0,0)
(0,0,0)
(0,0,0)
(0,0,0)
(0,0,0)
(0,0,0)
(0,0,0)
(0,0,0)
(0,0,0)
(0,0,0)
(0,0,0)
(0,0,0)
(0,0,0)
(0,0,0)
(0,0,0)
(0,0,0)
(0,0,0)
(0,0,0)
(0,0,0)
(0,0,0)
(0,0,0)
(0,0,0)
(0,0,0)
(0,0,0)
(0,0,0)
(0,0,0)
(0,0,0)
(0,0,0)
(0,0,0)
(0,0,0)
(0,0,0)
(0,0,0)
(0,0,0)
(0,0,0)
(0,0,0)
(0,0,0)
(0,0,0)
(0,0,0)
(0,0,0)
(0,0,0)
(0,0,0)
(0,0,0)
(0,0,0)
(0,0,0)
(0,0,0)
(0,0,0)
(0,0,0)
(0,0,0)
(0,0,0)
(0,0,0)
(0,0,0)
(0,0,0)
(0,0,0)
(0,0,0)
(0,0,0)
(0,0,0)
(0,0,0)
(0,0,0)
(0,0,0)
(0,0,0)
(0,0,0)
(0,0,0)
(0,0,0)
(0,0,0)
(0,0,0)
(0,0,0)
(0,0,0)
(0,0,0)
(0,0,0)
(0,0,0)
(0,0,0)
(0,0,0)
(0,0,0)
(0,0,0)
(0,0,0)
(0,0,0)
(0,0,0)
(0,0,0)
(0,0,0)
(0,0,0)
(0,0,0)
(0,0,0)
(0,0,0)
(0,0,0)
(0,0,0)
(0,0,0)
(0,0,0)
(0,0,0)
(0,0,0)
(0,0,0)
(0,0,0)
(0,0,0)
(0,0,0)
(0,0,0)
(0,0,0)
(0,0,0)
(0,0,0)
(0,0,0)
(0,0,0)
(0,0,0)
(0,0,0)
(0,0,0)
(0,0,0)
(0,0,0)
(0,0,0)
(0,0,0)
(-147507.752901904,78585.1009858539,68922.6519160505)
(-155987.263967089,75350.7338113479,149559.182071792)
(-175593.555092386,68586.1345107165,256566.60265346)
(-212638.005132655,57958.6893374354,411245.918448684)
(-279515.643055231,43613.0506459475,647148.510857972)
(-399661.032931311,27171.1406508465,1019638.40313842)
(-617291.015262874,12285.7712924863,1624643.64710884)
(-1010607.10657682,3141.41712735524,2632109.33655831)
(-1666846.99035297,106.083807498622,4298850.24310383)
(-2322421.12162849,-188.134886787144,6621459.49961911)
(0,0,0)
(0,0,0)
(0,0,0)
(0,0,0)
(0,0,0)
(0,0,0)
(-155966.160933035,168807.923256167,65743.3386627218)
(-164519.316133259,162709.775396601,142903.613210731)
(-184436.59857873,149838.888676259,246087.457623917)
(-222363.247112518,129336.881692863,397072.512381011)
(-291138.943266852,101043.903693461,630780.602600346)
(-414195.099815818,67428.9302466072,1004717.91282041)
(-634215.375367114,35718.3691761704,1615500.69030382)
(-1026012.73341811,15592.4064186532,2629062.4344306)
(-1677108.10436136,7693.96701080639,4298582.65558872)
(-2327219.90977803,3946.48523690385,6621667.94524295)
(0,0,0)
(0,0,0)
(0,0,0)
(0,0,0)
(0,0,0)
(0,0,0)
(-175343.658269013,284457.954776601,59693.6267485787)
(-184062.308710921,276276.872746296,130188.838109805)
(-204612.023198218,258860.46856122,225779.281423066)
(-244446.707967139,230622.324412825,368940.546670245)
(-317658.713683487,190381.364229592,597261.7998176)
(-448372.010517695,140077.712774951,972985.027806953)
(-675955.842686708,89238.5976841142,1595420.64198572)
(-1064424.16691915,54282.0550978654,2621155.16022563)
(-1701826.29684846,35820.3634889425,4294855.06059602)
(-2338409.98050765,19428.6047094617,6617782.92163111)
(0,0,0)
(0,0,0)
(0,0,0)
(0,0,0)
(0,0,0)
(0,0,0)
(-211508.603932808,444436.255768165,51530.3029412445)
(-220384.270996917,435301.065657164,112890.381027295)
(-241732.320666831,415813.457376608,197669.712878731)
(-284325.8936538,383778.075246558,328839.855698794)
(-364801.246354547,336886.422053362,547136.044229575)
(-510184.378087617,275179.871440665,922218.263651472)
(-755839.71848981,206717.151629384,1560579.42819602)
(-1138714.86374973,150785.413667462,2602790.93337612)
(-1747133.63320243,107160.287311957,4278584.6427555)
(-2358162.85806761,57661.1536053589,6598514.95192732)
(0,0,0)
(0,0,0)
(0,0,0)
(0,0,0)
(0,0,0)
(0,0,0)
(-276381.694410117,678401.471189231,42416.4789890502)
(-285223.891061482,669518.596230518,93422.8394771768)
(-307022.58695429,650580.103755173,165678.780052902)
(-351930.129523761,619373.37458618,282013.610237045)
(-439888.349339525,573206.313565011,485582.068064925)
(-603429.447689227,510352.642100484,853838.745094315)
(-877525.010216879,433302.305032383,1504778.6019082)
(-1251855.64036183,348051.755690722,2559367.90024679)
(-1813012.3598184,250198.994263586,4229341.5531136)
(-2386743.01702619,132605.238339104,6541140.48540608)
(0,0,0)
(0,0,0)
(0,0,0)
(0,0,0)
(0,0,0)
(0,0,0)
(-393586.248425499,1038479.49808575,33508.2215289792)
(-401985.340363437,1030567.12312993,74445.0349930036)
(-423080.715001746,1013692.01739108,134413.836358844)
(-467548.547000401,985623.318331026,235712.439614397)
(-556446.766243581,942682.770057607,422682.749365385)
(-723113.904147594,879330.127889386,776819.167724084)
(-998054.590814723,788503.381321884,1419672.68224934)
(-1355410.12565748,661373.688298912,2461760.87529861)
(-1884404.41557412,484263.662084602,4112100.62305174)
(-2422718.84302479,258489.706332466,6408934.99808309)
(0,0,0)
(0,0,0)
(0,0,0)
(0,0,0)
(0,0,0)
(0,0,0)
(-608764.224043226,1621645.39957256,25598.3225564202)
(-616204.937368331,1614812.19997677,57558.1830779082)
(-635141.466155611,1600113.92510395,106277.741520654)
(-675766.873979125,1575046.84760265,192621.086228154)
(-758347.842247098,1534388.3022635,359263.396269364)
(-914950.94603846,1467475.0726121,686069.397585108)
(-1172992.01264207,1354779.52540687,1292785.26614218)
(-1497957.50362537,1167197.88312462,2284918.57494184)
(-1990783.64781103,873299.153878359,3886666.73095907)
(-2481410.63704239,475791.239401915,6150775.83493205)
(0,0,0)
(0,0,0)
(0,0,0)
(0,0,0)
(0,0,0)
(0,0,0)
(-1002228.38459813,2605118.68180946,18755.1023612144)
(-1008187.77849169,2598912.20281957,42842.8780101075)
(-1023452.75297619,2585271.27257903,81138.283511222)
(-1056518.5856097,2560896.33571066,151807.381012901)
(-1124401.60601564,2518318.74029699,292278.548995034)
(-1254585.18786803,2440856.59360652,573482.215868628)
(-1470690.87990082,2293476.76633111,1105475.8548452)
(-1733759.3894504,2015094.16671258,1991338.96070766)
(-2183811.75902463,1558929.09669313,3489520.77691751)
(-2593573.02511884,883613.853066376,5675271.18837182)
(0,0,0)
(0,0,0)
(0,0,0)
(0,0,0)
(0,0,0)
(0,0,0)
(-1661115.72344605,4253707.35721229,12527.0480432138)
(-1665177.75470798,4247447.23175774,29169.7738130405)
(-1675552.08702353,4233267.45715028,56725.676265285)
(-1697813.05458131,4206272.14924656,109162.917310707)
(-1742653.39939095,4155324.01629842,214811.040700252)
(-1826883.7055919,4056288.81454088,426262.525357782)
(-1968354.28675371,3860749.29480988,827344.283632707)
(-2178489.33180267,3485438.43201933,1535489.35012861)
(-2539836.39333347,2819707.4977378,2814547.3424174)
(-2789193.95382097,1695349.04942785,4792006.09987688)
(0,0,0)
(0,0,0)
(0,0,0)
(0,0,0)
(0,0,0)
(0,0,0)
(-2319802.76489481,6567135.74833535,6374.37377173665)
(-2321833.40931806,6560619.16417555,15035.8506719872)
(-2326979.81296486,6545516.1327299,29766.9880572613)
(-2337917.47927648,6515709.23752161,58247.3790586975)
(-2359634.34359448,6457380.75672059,115824.982231022)
(-2400194.18282614,6341440.5496094,230867.429988643)
(-2470983.70841697,6110384.6852305,452215.747984998)
(-2590251.46432132,5657944.70666448,869960.937661138)
(-2788543.37995704,4787811.2490735,1690400.56628247)
(-2808329.71265514,3097191.94278401,3096887.38558145)
(0,0,0)
(0,0,0)
(0,0,0)
(0,0,0)
(0,0,0)
(0,0,0)
(0,0,0)
(0,0,0)
(0,0,0)
(0,0,0)
(0,0,0)
(0,0,0)
(0,0,0)
(0,0,0)
(0,0,0)
(0,0,0)
(0,0,0)
(0,0,0)
(0,0,0)
(0,0,0)
(0,0,0)
(0,0,0)
(0,0,0)
(0,0,0)
(0,0,0)
(0,0,0)
(0,0,0)
(0,0,0)
(0,0,0)
(0,0,0)
(0,0,0)
(0,0,0)
(0,0,0)
(0,0,0)
(0,0,0)
(0,0,0)
(0,0,0)
(0,0,0)
(0,0,0)
(0,0,0)
(0,0,0)
(0,0,0)
(0,0,0)
(0,0,0)
(0,0,0)
(0,0,0)
(0,0,0)
(0,0,0)
(0,0,0)
(0,0,0)
(0,0,0)
(0,0,0)
(0,0,0)
(0,0,0)
(0,0,0)
(0,0,0)
(0,0,0)
(0,0,0)
(0,0,0)
(0,0,0)
(0,0,0)
(0,0,0)
(0,0,0)
(0,0,0)
(0,0,0)
(0,0,0)
(0,0,0)
(0,0,0)
(0,0,0)
(0,0,0)
(0,0,0)
(0,0,0)
(0,0,0)
(0,0,0)
(0,0,0)
(0,0,0)
(0,0,0)
(0,0,0)
(0,0,0)
(0,0,0)
(0,0,0)
(0,0,0)
(0,0,0)
(0,0,0)
(0,0,0)
(0,0,0)
(0,0,0)
(0,0,0)
(0,0,0)
(0,0,0)
(0,0,0)
(0,0,0)
(0,0,0)
(0,0,0)
(0,0,0)
(0,0,0)
(0,0,0)
(0,0,0)
(0,0,0)
(0,0,0)
(0,0,0)
(0,0,0)
(21780063.1670256,70020.6826758976,60434.0486566462)
(21765855.4097359,66712.5178692409,129904.508344448)
(21733284.6198967,59653.2741022223,219398.710513186)
(21672376.3937481,48173.0233469826,344236.939545494)
(21563826.4519364,31996.2263089932,526924.269504917)
(21370587.8913969,12677.3292414183,802023.667195286)
(21016005.7057582,-4617.28665281613,1231369.88408704)
(20315221.3365842,-12271.0534639271,1975838.14564992)
(18734043.1281181,-10183.9452389867,3643157.62367787)
(14440070.5477908,-4998.00743241771,8943689.61295101)
(0,0,0)
(0,0,0)
(0,0,0)
(0,0,0)
(0,0,0)
(0,0,0)
(21765661.5306614,149281.674387677,57136.9679539157)
(21751423.2358635,143029.454805084,122903.130281424)
(21718535.5039308,129559.176648826,208050.77648534)
(21656451.2676091,107199.667062655,328235.269308048)
(21544880.5419108,74527.8897287478,507709.771970696)
(21346200.1068682,33285.810020059,784731.73576802)
(20986179.8001871,-5992.18833484826,1223737.113156)
(20288336.4425292,-22793.7130310461,1977936.24803587)
(18717356.5505961,-17049.371424397,3648362.67052376)
(14432763.2576848,-7284.28682567807,8948691.43371413)
(0,0,0)
(0,0,0)
(0,0,0)
(0,0,0)
(0,0,0)
(0,0,0)
(21732903.5423862,248128.012118742,50932.1128738326)
(21718597.2763115,239791.236037406,109536.397879139)
(21685047.3719775,221615.307511089,185846.523101167)
(21620228.2898558,190652.769901138,295744.073699815)
(21500877.1828581,143155.341137052,466606.377009922)
(21285889.1269904,78202.9124364026,745453.788345523)
(20905252.3737237,9317.24708243242,1206961.78777789)
(20214078.3717087,-20014.1368941913,1983705.32427333)
(18674197.4757996,-9512.35248508737,3658170.18394603)
(14414870.6193821,-368.585780031508,8955999.53427072)
(0,0,0)
(0,0,0)
(0,0,0)
(0,0,0)
(0,0,0)
(0,0,0)
(21672602.5576994,379401.75173604,42640.7500105227)
(21658317.0655461,370301.579055687,91454.7217093352)
(21623948.4682904,350417.193446672,154997.698076591)
(21554865.046409,316086.541500389,248398.637674648)
(21421241.1847826,261698.209254865,401838.989679747)
(21169403.5628161,181842.809827896,676636.802644588)
(20725453.5729391,84971.5788211769,1177714.83073701)
(20045073.7122713,37616.492792079,1994321.27628981)
(18586950.3013462,41278.0430197246,3667472.59749632)
(14381373.4780055,29069.0339058759,8956524.2929974)
(0,0,0)
(0,0,0)
(0,0,0)
(0,0,0)
(0,0,0)
(0,0,0)
(21566351.8260659,561114.716839482,33579.1656805773)
(21552411.1230414,552674.380927594,71597.0009657888)
(21517842.9551721,534455.515359113,120718.788187041)
(21445124.8894506,503694.020174914,194081.941798207)
(21295197.4888222,456582.324879885,322137.639271533)
(20988116.5599264,390604.834619129,579855.258124797)
(20402162.5192186,312697.030418325,1130467.92835225)
(19731658.3373139,244452.989991688,1998143.10473696)
(18450145.5747346,178803.475300398,3655485.38916321)
(14331509.0574111,96630.403593145,8927697.59629874)
(0,0,0)
(0,0,0)
(0,0,0)
(0,0,0)
(0,0,0)
(0,0,0)
(21377174.5904197,823239.412033639,25140.1172207523)
(21364190.0671769,816288.433790689,53376.308077368)
(21331263.1406309,801567.123663742,89946.4954001648)
(21259864.3197365,777352.397489512,146900.902608817)
(21108176.9449845,740717.461273176,256167.70624744)
(20792257.059965,687407.51639876,502019.711615283)
(20198843.7633988,613475.86835792,1062368.17072223)
(19557925.2850129,518803.915291162,1932707.48601241)
(18333600.0868453,377898.736504719,3573633.3736487)
(14274333.7434524,199816.111584012,8831420.73044077)
(0,0,0)
(0,0,0)
(0,0,0)
(0,0,0)
(0,0,0)
(0,0,0)
(21026261.9208138,1228041.05943451,18197.8590021835)
(21014944.4176289,1222695.36052915,38667.2285265627)
(20985757.2726697,1211662.08475872,65699.1798663604)
(20920943.6259422,1194201.05780701,110165.670887641)
(20779490.7359012,1168250.2619185,202819.943354117)
(20477378.7316058,1127743.34604593,428180.087322723)
(19901802.489797,1056976.2009251,967910.903576573)
(19323397.4261408,931313.987047291,1792071.55331435)
(18161054.70878,680216.61532627,3395940.96916182)
(14176792.5043998,363611.40610263,8631968.18446113)
(0,0,0)
(0,0,0)
(0,0,0)
(0,0,0)
(0,0,0)
(0,0,0)
(20324907.9771129,1946088.31338615,12842.0355974128)
(20315963.4209716,1941782.41967905,27629.4282443109)
(20292707.0967829,1933012.75744104,48144.5570629002)
(20240325.9988295,1919479.24311346,84047.4385773463)
(20123755.9698039,1899935.88354041,162229.892395891)
(19867479.2484202,1868413.40208563,357521.051328042)
(19363660.4872038,1795671.64346339,842499.8929451)
(18986567.7510313,1570241.23710422,1541271.15366646)
(17813175.1149577,1202816.41854246,3079710.12772792)
(13951148.9159537,687949.096614856,8268676.14740317)
(0,0,0)
(0,0,0)
(0,0,0)
(0,0,0)
(0,0,0)
(0,0,0)
(18739635.8577698,3594858.46171442,8503.9217158993)
(18733619.167397,3590659.22846576,18855.8420842798)
(18718097.2764232,3581690.83394239,34554.0533962216)
(18683818.6768615,3566014.95559793,64412.2607289547)
(18610873.9759596,3538187.00379245,130659.416386418)
(18462496.0739971,3482815.66746401,284903.022679082)
(18195027.0898899,3357927.44025523,617291.500503718)
(17819456.8827493,3073496.02519664,1174116.14911945)
(16759128.5110157,2570870.3987331,2565122.91583973)
(13264745.3123366,1676127.70618147,7581030.69137557)
(0,0,0)
(0,0,0)
(0,0,0)
(0,0,0)
(0,0,0)
(0,0,0)
(14442044.3042954,8886673.81012899,4363.23365517744)
(14439064.0788379,8882230.42523745,9920.19998758761)
(14431470.7903361,8872297.82832884,18888.2535602505)
(14415008.7509874,8853402.4775418,36600.1526126289)
(14381105.7693779,8816756.28474573,75316.4099470419)
(14314444.7016565,8741379.80253079,160139.041657771)
(14191011.5493563,8581098.03656845,332998.838831312)
(13954659.0807665,8247963.15497608,671646.815224069)
(13265272.7190996,7576174.94963956,1670551.81652105)
(10785876.8274386,5905396.04030927,5905102.59355958)
(0,0,0)
(0,0,0)
(0,0,0)
(0,0,0)
(0,0,0)
(0,0,0)
(0,0,0)
(0,0,0)
(0,0,0)
(0,0,0)
(0,0,0)
(0,0,0)
(0,0,0)
(0,0,0)
(0,0,0)
(0,0,0)
(0,0,0)
(0,0,0)
(0,0,0)
(0,0,0)
(0,0,0)
(0,0,0)
(0,0,0)
(0,0,0)
(0,0,0)
(0,0,0)
(0,0,0)
(0,0,0)
(0,0,0)
(0,0,0)
(0,0,0)
(0,0,0)
(0,0,0)
(0,0,0)
(0,0,0)
(0,0,0)
(0,0,0)
(0,0,0)
(0,0,0)
(0,0,0)
(0,0,0)
(0,0,0)
(0,0,0)
(0,0,0)
(0,0,0)
(0,0,0)
(0,0,0)
(0,0,0)
(0,0,0)
(0,0,0)
(0,0,0)
(0,0,0)
(0,0,0)
(0,0,0)
(0,0,0)
(0,0,0)
(0,0,0)
(0,0,0)
(0,0,0)
(0,0,0)
(0,0,0)
(0,0,0)
(0,0,0)
(0,0,0)
(0,0,0)
(0,0,0)
(0,0,0)
(0,0,0)
(0,0,0)
(0,0,0)
(0,0,0)
(0,0,0)
(0,0,0)
(0,0,0)
(0,0,0)
(0,0,0)
(0,0,0)
(0,0,0)
(0,0,0)
(0,0,0)
(0,0,0)
(0,0,0)
(0,0,0)
(0,0,0)
(0,0,0)
(0,0,0)
(0,0,0)
(0,0,0)
(0,0,0)
(0,0,0)
(0,0,0)
(0,0,0)
(0,0,0)
(0,0,0)
(0,0,0)
(0,0,0)
(0,0,0)
(0,0,0)
(0,0,0)
(0,0,0)
(0,0,0)
(0,0,0)
(-379650.442592841,55465.5678267559,46222.3905316382)
(-395300.550098802,52137.8588117809,97214.8402945269)
(-430646.836402524,44797.5958627379,158323.049470965)
(-495074.70543983,32182.9730652416,235565.524333608)
(-605355.470047189,13053.3621521475,333668.432905008)
(-789528.325381848,-11682.7892555027,447441.787679246)
(-1090792.03331657,-34399.467835376,530613.343329376)
(-1567695.87112473,-39119.2942659781,394624.194044295)
(-2251459.02582253,-26855.8712674277,-651043.432007735)
(-2759906.0900787,-12288.3516364795,-5496804.09376174)
(0,0,0)
(0,0,0)
(0,0,0)
(0,0,0)
(0,0,0)
(0,0,0)
(-396139.338798068,116361.076156374,42879.709869719)
(-411537.970974031,110047.194863671,89905.92939525)
(-446543.256213526,95948.851422423,145807.78271984)
(-511055.674658686,70912.8686153124,216559.178177555)
(-623056.587255273,30525.5377045861,308998.480531142)
(-812229.251050123,-26985.140047507,424704.537981478)
(-1120566.32209109,-86858.4414848602,525883.98264901)
(-1592824.04427594,-96984.2696261208,406883.793554228)
(-2264032.07864949,-60176.852548589,-636432.247178944)
(-2764346.48184502,-25166.7614009834,-5484469.74914468)
(0,0,0)
(0,0,0)
(0,0,0)
(0,0,0)
(0,0,0)
(0,0,0)
(-433076.716531548,187686.970570951,36628.7132430598)
(-447986.092817271,179339.994256649,75893.6317188005)
(-482378.437555768,160351.625663174,120891.015751306)
(-547508.288973928,125171.053803198,176343.758133076)
(-665349.873443578,63438.4525518477,251632.248327489)
(-874023.362664636,-38307.5127895472,364841.45946452)
(-1220077.41868151,-170464.427747866,515751.586872677)
(-1679884.44159357,-188989.479964567,443693.959253255)
(-2302202.68548989,-96738.3467419729,-601370.036523921)
(-2776569.49686781,-33859.5891718665,-5459262.74376319)
(0,0,0)
(0,0,0)
(0,0,0)
(0,0,0)
(0,0,0)
(0,0,0)
(-499122.120765795,273016.155155671,28369.8426204464)
(-513240.048179444,264219.692566861,57021.6067756698)
(-546673.862732425,244143.644854611,85826.2673469908)
(-613155.872565239,206207.123110201,114785.465754119)
(-744171.632857552,135518.848202133,150092.236483924)
(-1010096.0889167,485.566544880576,232773.157622252)
(-1529270.50023933,-238303.640664871,497310.792457626)
(-1964903.71964975,-275779.864827672,536052.957981679)
(-2397909.56688913,-95509.9556896338,-538341.216095283)
(-2802825.06900933,-20777.7013891195,-5425250.20812329)
(0,0,0)
(0,0,0)
(0,0,0)
(0,0,0)
(0,0,0)
(0,0,0)
(-610169.567795771,371852.633904679,19659.2638526253)
(-623115.295023743,364347.979874155,37031.7433504702)
(-654723.456735223,347752.46095668,47963.6878956382)
(-721246.397144177,318333.681092105,44182.7652484583)
(-867796.282952566,269480.669937163,15189.0640281245)
(-1243010.24359973,194715.855201696,-5940.07236268108)
(-2469450.85927297,109375.651370672,459968.362833247)
(-2929390.10218797,70712.4398866037,716498.846360807)
(-2585707.56538543,62224.2183900153,-463407.838858785)
(-2845920.13459586,39447.9103350964,-5404229.90983598)
(0,0,0)
(0,0,0)
(0,0,0)
(0,0,0)
(0,0,0)
(0,0,0)
(-793405.436046119,472228.498410728,12178.5106996624)
(-804737.13670418,466945.203705597,20482.8394892563)
(-833059.008806977,455971.047892277,18560.7507314663)
(-894939.100961852,438369.996480254,-4697.79521847763)
(-1037465.40130969,411977.746038041,-59578.1762851557)
(-1411864.00796178,372464.333764754,-91231.2381814944)
(-2578889.65232092,316377.231924591,421474.945724217)
(-3000397.98020594,284234.198422843,708250.801146785)
(-2673341.3618124,205283.125078839,-485892.308144413)
(-2889030.20965785,102251.233053094,-5443357.32901216)
(0,0,0)
(0,0,0)
(0,0,0)
(0,0,0)
(0,0,0)
(0,0,0)
(-1092980.84549062,526527.768264756,6917.84519029642)
(-1102317.34866425,523561.141433411,9538.0224955588)
(-1126164.64440773,518468.285829152,937.050376027955)
(-1180118.56598,513492.53012821,-31148.9426098302)
(-1311025.93279349,512430.269580467,-99110.4487176618)
(-1677770.11960328,517717.702639,-147240.617642851)
(-2895328.11039004,518709.498244455,389532.064964246)
(-3284809.16293055,594352.439229579,629594.761968805)
(-2805760.3114204,332202.31224805,-588535.056260075)
(-2960138.1585343,137894.730186561,-5545273.54171952)
(0,0,0)
(0,0,0)
(0,0,0)
(0,0,0)
(0,0,0)
(0,0,0)
(-1571193.04458965,360645.574019764,3957.56468747072)
(-1578245.07391195,359263.960265322,4437.5894790174)
(-1596463.49463101,358211.408477373,-4160.59301529424)
(-1638804.09805142,362811.449994617,-32375.0672608849)
(-1747184.11229623,386863.539376467,-93893.9062167535)
(-2083745.10386022,463188.597237145,-146166.09979452)
(-3414065.97937328,626805.359667677,465438.854099371)
(-2782353.82336668,402926.650528147,367760.565938768)
(-2911051.06661999,148615.691085517,-782452.282580981)
(-3070042.86041857,1446.12913177609,-5682837.55641388)
(0,0,0)
(0,0,0)
(0,0,0)
(0,0,0)
(0,0,0)
(0,0,0)
(-2257198.8128086,-703077.302769696,2531.89610784755)
(-2261776.07875445,-704193.55514771,3359.00641225365)
(-2273431.5712362,-705250.754898727,324.366187721158)
(-2299479.57193509,-703131.415043425,-8460.17123766155)
(-2359180.7918427,-691919.094757177,-17648.420561775)
(-2501936.31875548,-665580.956681785,17527.8748496697)
(-2813993.71753143,-646440.257804908,241768.648483508)
(-2915946.44982366,-791631.442725147,113704.423049657)
(-3183981.88715717,-923217.655313633,-929377.483638441)
(-3234279.18373504,-802884.496163848,-5684048.01353118)
(0,0,0)
(0,0,0)
(0,0,0)
(0,0,0)
(0,0,0)
(0,0,0)
(-2764378.95476319,-5556067.34183457,1387.64686349638)
(-2766598.6203611,-5557466.49932197,2297.6389766713)
(-2772153.52235821,-5559788.3185327,2433.86404492843)
(-2784181.8680043,-5562258.10171309,2725.51844616301)
(-2809821.85310939,-5564962.61072605,8671.00564230347)
(-2863596.45879423,-5573630.96941747,36736.5275686205)
(-2962929.92289294,-5610466.6601617,96678.7509146313)
(-3073333.05454903,-5707228.18439849,-17758.0233565456)
(-3235257.70154299,-5689551.50612727,-808919.40316039)
(-3122131.20200809,-4880791.36322101,-4881030.15791659)
(0,0,0)
(0,0,0)
(0,0,0)
(0,0,0)
(0,0,0)
(0,0,0)
(0,0,0)
(0,0,0)
(0,0,0)
(0,0,0)
(0,0,0)
(0,0,0)
(0,0,0)
(0,0,0)
(0,0,0)
(0,0,0)
(0,0,0)
(0,0,0)
(0,0,0)
(0,0,0)
(0,0,0)
(0,0,0)
(0,0,0)
(0,0,0)
(0,0,0)
(0,0,0)
(0,0,0)
(0,0,0)
(0,0,0)
(0,0,0)
(0,0,0)
(0,0,0)
(0,0,0)
(0,0,0)
(0,0,0)
(0,0,0)
(0,0,0)
(0,0,0)
(0,0,0)
(0,0,0)
(0,0,0)
(0,0,0)
(0,0,0)
(0,0,0)
(0,0,0)
(0,0,0)
(0,0,0)
(0,0,0)
(0,0,0)
(0,0,0)
(0,0,0)
(0,0,0)
(0,0,0)
(0,0,0)
(0,0,0)
(0,0,0)
(0,0,0)
(0,0,0)
(0,0,0)
(0,0,0)
(0,0,0)
(0,0,0)
(0,0,0)
(0,0,0)
(0,0,0)
(0,0,0)
(0,0,0)
(0,0,0)
(0,0,0)
(0,0,0)
(0,0,0)
(0,0,0)
(0,0,0)
(0,0,0)
(0,0,0)
(0,0,0)
(0,0,0)
(0,0,0)
(0,0,0)
(0,0,0)
(0,0,0)
(0,0,0)
(0,0,0)
(0,0,0)
(0,0,0)
(0,0,0)
(0,0,0)
(0,0,0)
(0,0,0)
(0,0,0)
(0,0,0)
(0,0,0)
(0,0,0)
(0,0,0)
(0,0,0)
(0,0,0)
(0,0,0)
(0,0,0)
(0,0,0)
(0,0,0)
(0,0,0)
(0,0,0)
(-448992.344546584,38837.1992167723,30504.7027369704)
(-462271.510498706,35767.0295788009,61708.6335580718)
(-491476.598555196,28791.9391652494,93746.4565454968)
(-542570.547355996,16133.3141498017,125108.984311859)
(-624992.54882156,-4657.83405563903,149403.897141871)
(-751829.508367427,-34375.1111604432,146080.191287895)
(-934228.76696536,-64143.0519082804,53659.9768449636)
(-1160537.69409825,-64245.4189358986,-289252.781245611)
(-1341498.74929552,-39452.5925481744,-1159760.46522443)
(-1165700.35896629,-16732.7864444766,-2737233.40989238)
(0,0,0)
(0,0,0)
(0,0,0)
(0,0,0)
(0,0,0)
(0,0,0)
(-464000.474800576,79239.2381026142,27459.0971166667)
(-476541.930324963,73441.7785628069,54788.3074835891)
(-504124.76582408,59986.9779422442,81174.7783171478)
(-552513.508740785,34356.8953584759,104409.031190571)
(-631217.076015019,-11807.8416893313,119719.527584009)
(-754402.846807303,-88779.264869947,116297.2770507)
(-935634.655753149,-186345.281233462,53567.8400379482)
(-1155029.68913656,-184033.650081992,-264438.283955341)
(-1332587.69822901,-98364.6044470507,-1136970.65247694)
(-1160227.13845487,-37403.4325071142,-2720419.34980448)
(0,0,0)
(0,0,0)
(0,0,0)
(0,0,0)
(0,0,0)
(0,0,0)
(-496940.707509314,121357.907570761,21745.3215096222)
(-508054.556441328,113813.657624943,41441.906071539)
(-532432.273037586,95814.2567282437,55668.4627673545)
(-575215.684225591,59316.733833428,58416.0195440681)
(-646082.599719124,-15535.2714545148,42876.1755847954)
(-764226.61270665,-174451.1472632,18751.3080200536)
(-963889.305956189,-479670.619631058,55888.5336923373)
(-1155265.96670156,-474007.659314049,-178755.931967615)
(-1310937.77633146,-192438.240291344,-1075947.20528176)
(-1146848.64444225,-60115.6210745343,-2682955.86913992)
(0,0,0)
(0,0,0)
(0,0,0)
(0,0,0)
(0,0,0)
(0,0,0)
(-553723.714436435,161680.996695436,14278.504545969)
(-562798.187789658,154076.685882177,23573.6158989532)
(-582465.554853341,135863.516516328,19316.0482317852)
(-616198.169977318,97910.8561839875,-16235.7767066975)
(-671777.274634194,11692.7169927229,-115858.123377288)
(-781461.36942325,-232541.18342387,-286402.806710073)
(-1178470.03144144,-1178492.24885403,61618.353715005)
(-1239912.64440573,-1240271.0472441,102890.666401037)
(-1260640.81806655,-283300.68302613,-943515.639686764)
(-1119878.17977432,-63858.7630376821,-2622719.38695862)
(0,0,0)
(0,0,0)
(0,0,0)
(0,0,0)
(0,0,0)
(0,0,0)
(-643624.168406414,188419.432976506,6716.16432957292)
(-650329.298185421,182548.749592315,5458.10378111127)
(-664115.889467934,169236.155081772,-18522.102051619)
(-683994.864120402,144472.251896911,-102335.030788317)
(-698110.393017617,99664.3984706321,-359992.602201177)
(-629045.271508822,25802.4988256079,-1232301.25654156)
(8.33594043362213e-05,2.24919665275384e-05,-5.57465512126418e-05)
(128.90285344454,-251.274724390659,1060046.38833874)
(-1059670.85766485,-25417.6555087779,-723873.346899198)
(-1071365.98940625,-3663.17389418553,-2558623.08123232)
(0,0,0)
(0,0,0)
(0,0,0)
(0,0,0)
(0,0,0)
(0,0,0)
(-778263.273358775,172430.260689172,847.009599992232)
(-782707.984470861,169161.751422505,-7795.14446351561)
(-791062.449963604,162701.135386237,-43256.6836113539)
(-799634.247169557,153059.458117301,-147148.743624039)
(-789400.275000628,138317.774361579,-433867.245824051)
(-668311.186720314,106500.155083974,-1258117.72332388)
(7.47102960939684e-05,2.83906256839529e-05,-4.09779255322274e-05)
(234.783058499342,-125.700927864675,1035176.0941293)
(-1034611.81879157,72833.395776683,-701804.500176996)
(-1070982.95893076,31134.4448949492,-2554649.36969319)
(0,0,0)
(0,0,0)
(0,0,0)
(0,0,0)
(0,0,0)
(0,0,0)
(-966215.048083582,48072.9929740865,-2408.52969194922)
(-968765.230332556,47434.4495231258,-14233.3461242673)
(-972757.245914048,48008.7111788842,-52948.3204105944)
(-972726.509753798,54684.9218456418,-161965.840365134)
(-945121.54030575,76167.8328631095,-465720.291354402)
(-783979.267250843,111637.573673965,-1364648.56229683)
(0.00020106721799071,-7.33484405622946e-05,-5.53315715052219e-05)
(176.40840919494,1096724.49418423,1108492.87604973)
(-1108088.7536742,226764.511755464,-743109.797675264)
(-1114536.07215485,27904.0710969714,-2585481.51025672)
(0,0,0)
(0,0,0)
(0,0,0)
(0,0,0)
(0,0,0)
(0,0,0)
(-1194451.15821227,-325608.772192101,-3060.12121119271)
(-1195679.3965063,-324492.859855484,-13698.4892382332)
(-1196763.26262146,-318980.210399668,-46409.7996692349)
(-1191819.84382097,-298071.039528771,-140638.092525281)
(-1155954.42833888,-225368.37853384,-430331.565085686)
(-970809.51724311,44746.6589025951,-1476376.23693143)
(481.662412518378,1226661.88996275,1097117.74703851)
(-1096511.39699584,269087.82557237,238911.989279528)
(-1379236.16270435,-124544.973756679,-941593.429123967)
(-1207703.55030296,-162939.927407928,-2613088.74073466)
(0,0,0)
(0,0,0)
(0,0,0)
(0,0,0)
(0,0,0)
(0,0,0)
(-1370193.03768163,-1210599.45878521,-2015.08853386063)
(-1370702.47213839,-1209313.88328806,-8267.67171735114)
(-1370728.61743431,-1204279.14182655,-25671.6940923483)
(-1366962.41951425,-1188158.94414715,-68100.9418948175)
(-1349431.68063007,-1142889.98574954,-160328.44589174)
(-1295513.4752654,-1027551.04434415,-294453.586135083)
(-1225928.27067519,-795666.06108253,139808.918053962)
(-1403296.66014868,-949311.557911087,-154441.488137561)
(-1508484.27280636,-974717.114837918,-979766.961407119)
(-1236164.29481028,-690867.52316366,-2449954.25457614)
(0,0,0)
(0,0,0)
(0,0,0)
(0,0,0)
(0,0,0)
(0,0,0)
(-1181913.26623838,-2792239.68665201,-825.46065800448)
(-1182102.45156381,-2791347.86380633,-3287.64893702758)
(-1182022.54724917,-2788088.29701117,-9609.4688614514)
(-1180503.0125222,-2778536.69943866,-22910.5690520276)
(-1174984.52219812,-2755570.40682212,-45067.4788907269)
(-1163211.82140055,-2710446.41932412,-62556.7413044342)
(-1159523.6884031,-2647912.70477976,-13716.3320970194)
(-1222393.78321142,-2634250.80849301,-179716.352852702)
(-1239279.47318669,-2454584.43439025,-695827.261656672)
(-990979.701372686,-1758834.08028214,-1759012.20517358)
(0,0,0)
(0,0,0)
(0,0,0)
(0,0,0)
(0,0,0)
(0,0,0)
(0,0,0)
(0,0,0)
(0,0,0)
(0,0,0)
(0,0,0)
(0,0,0)
(0,0,0)
(0,0,0)
(0,0,0)
(0,0,0)
(0,0,0)
(0,0,0)
(0,0,0)
(0,0,0)
(0,0,0)
(0,0,0)
(0,0,0)
(0,0,0)
(0,0,0)
(0,0,0)
(0,0,0)
(0,0,0)
(0,0,0)
(0,0,0)
(0,0,0)
(0,0,0)
(0,0,0)
(0,0,0)
(0,0,0)
(0,0,0)
(0,0,0)
(0,0,0)
(0,0,0)
(0,0,0)
(0,0,0)
(0,0,0)
(0,0,0)
(0,0,0)
(0,0,0)
(0,0,0)
(0,0,0)
(0,0,0)
(0,0,0)
(0,0,0)
(0,0,0)
(0,0,0)
(0,0,0)
(0,0,0)
(0,0,0)
(0,0,0)
(0,0,0)
(0,0,0)
(0,0,0)
(0,0,0)
(0,0,0)
(0,0,0)
(0,0,0)
(0,0,0)
(0,0,0)
(0,0,0)
(0,0,0)
(0,0,0)
(0,0,0)
(0,0,0)
(0,0,0)
(0,0,0)
(0,0,0)
(0,0,0)
(0,0,0)
(0,0,0)
(0,0,0)
(0,0,0)
(0,0,0)
(0,0,0)
(0,0,0)
(0,0,0)
(0,0,0)
(0,0,0)
(0,0,0)
(0,0,0)
(0,0,0)
(0,0,0)
(0,0,0)
(0,0,0)
(0,0,0)
(0,0,0)
(0,0,0)
(0,0,0)
(0,0,0)
(0,0,0)
(0,0,0)
(0,0,0)
(0,0,0)
(0,0,0)
(0,0,0)
(0,0,0)
(-489881.661370502,23715.4723576398,17173.8444662766)
(-498845.944782189,21374.3998743364,32373.8788754247)
(-517735.671487295,16023.7349391234,42609.2168683994)
(-548611.36901796,6107.0360858323,42543.0024445337)
(-593958.701707767,-10898.7935313762,22407.9488621096)
(-656014.343837373,-36943.8845560296,-36463.3311119155)
(-732518.368306041,-65516.4392562969,-172657.290514936)
(-804133.821888456,-58749.6574648282,-470311.505259904)
(-797078.964200651,-30585.4386171704,-984145.8517376)
(-566832.890580944,-11282.6200260392,-1571730.70009688)
(0,0,0)
(0,0,0)
(0,0,0)
(0,0,0)
(0,0,0)
(0,0,0)
(-501303.014687213,46134.8178780152,14883.1943662581)
(-509139.331768091,41763.6071525788,27091.3885311449)
(-525299.42376679,31537.4018190808,32752.3795938998)
(-550775.451717044,11515.4134637357,25605.9451922575)
(-586146.25845084,-26755.2095009155,-3608.45640238402)
(-631268.745576284,-98657.0960446522,-65029.3461447782)
(-685661.530513769,-214648.727530845,-165870.183109615)
(-753202.999471037,-184342.719435692,-442103.810804274)
(-763698.223975545,-76803.2214368606,-964775.502238054)
(-551810.762902573,-24092.0425764918,-1560382.45523988)
(0,0,0)
(0,0,0)
(0,0,0)
(0,0,0)
(0,0,0)
(0,0,0)
(-525728.117375486,64311.1010367289,10611.1267074578)
(-531432.803358783,58787.1261945734,16965.8545829219)
(-542281.50236748,45534.1313970103,12818.3543348853)
(-556493.121490942,18112.7822519307,-12501.5771879591)
(-568588.815300086,-41383.0570846794,-75367.5140232336)
(-565487.565681592,-191775.331543172,-180988.325549764)
(-529657.800099244,-694295.612645126,-135572.946292431)
(-581936.513277255,-558694.925507145,-334550.193645284)
(-668053.857588423,-142199.559349151,-912037.774476038)
(-513465.9502948,-33217.4787401091,-1536295.03245988)
(0,0,0)
(0,0,0)
(0,0,0)
(0,0,0)
(0,0,0)
(0,0,0)
(-566090.341509694,71507.2436387149,5170.48447127136)
(-568963.148728447,66279.2556997349,3843.31590489735)
(-572626.649837003,54008.8591289152,-14470.3168433429)
(-570681.997532156,29938.6694401841,-71812.3764767553)
(-544587.131489413,-14792.2771279562,-225593.299578265)
(-435129.476575241,-80219.5895432028,-683480.934426244)
(4.06506719254555e-05,6.66269589357196e-06,-2.1644955518202e-05)
(116.146536436639,-245.493656397014,81989.4593427326)
(-435487.75665086,-82383.0213525112,-802980.140069586)
(-437629.112889478,-15413.1232109724,-1503033.56248357)
(0,0,0)
(0,0,0)
(0,0,0)
(0,0,0)
(0,0,0)
(0,0,0)
(-625683.677770042,53582.2421418373,-15.48913949298)
(-625702.096940849,49978.8104749931,-8342.24515932497)
(-622177.463106813,42144.1177777892,-38415.9301693218)
(-604741.757068949,28695.4475070383,-116425.815287629)
(-546673.688115839,8270.56397625332,-290925.361293615)
(-383481.807064674,-13500.2869399381,-603208.128341022)
(-5.79146815828749e-06,1.60301913344885e-06,0.000100298070741901)
(9.18266149261318e-05,1.12583296651889e-05,-3.78828509831862e-06)
(-106.271694982844,-360.518994302029,-735808.520643525)
(-331824.074449965,-3312.52273752608,-1487451.03607323)
(0,0,0)
(0,0,0)
(0,0,0)
(0,0,0)
(0,0,0)
(0,0,0)
(-705350.931297259,-15730.4203576888,-3599.67956198922)
(-703086.127550371,-17110.3458576047,-16132.3801498827)
(-694072.938086011,-19149.9235303992,-51827.8507192874)
(-665729.519949724,-20166.5438375237,-136870.586594556)
(-587780.283939842,-17512.8390265465,-312707.174652537)
(-395580.991210568,-9253.86056630945,-589683.796535913)
(3.41224005106355e-07,6.76294281032902e-06,7.53680795880315e-05)
(6.74827981155304e-05,2.10376284655284e-05,-1.90695847744888e-06)
(-167.959093903709,-667.760607965635,-738440.823063343)
(-316371.524321325,-12450.4346704656,-1483914.34573984)
(0,0,0)
(0,0,0)
(0,0,0)
(0,0,0)
(0,0,0)
(0,0,0)
(-796690.64867479,-180288.418097772,-4966.40166870637)
(-793068.803288164,-179594.250565648,-18178.9240050469)
(-781066.871823061,-176111.616924539,-52907.6047019038)
(-746967.809672151,-164521.219714058,-134311.62890702)
(-657689.302500901,-134795.199740216,-304461.505998204)
(-441891.161442366,-75399.8304685117,-580403.641904482)
(1.02766317112202e-05,0.000115709111223595,8.80894750401085e-05)
(0.00011688922044931,-4.32947954092554e-06,-3.14302132918015e-06)
(280.212240430944,-44533.8177752677,-749819.54214366)
(-340231.056277609,-65347.2491226638,-1471227.74356869)
(0,0,0)
(0,0,0)
(0,0,0)
(0,0,0)
(0,0,0)
(0,0,0)
(-869037.116468937,-501404.671991805,-4297.78784929738)
(-865215.168897598,-499594.732997922,-14761.5330257283)
(-853138.192479389,-493057.842038609,-41440.3780537288)
(-819734.152393616,-473340.350914717,-104706.938280418)
(-731320.880027726,-419041.90722032,-245093.779111466)
(-506131.473531826,-280233.29829875,-504938.354992516)
(0.000139691097288433,-1.01892874040727e-05,-7.59877707354915e-06)
(532.506203241152,-37987.0125322527,-44057.2828703906)
(-443507.597262257,-254030.048093587,-770289.617994165)
(-446202.975499443,-191515.831185041,-1405621.6107353)
(0,0,0)
(0,0,0)
(0,0,0)
(0,0,0)
(0,0,0)
(0,0,0)
(-846565.707253555,-1022509.53622697,-2522.46619290689)
(-843581.616626162,-1020932.99602135,-8305.05868170345)
(-834398.694217076,-1015809.36477314,-21883.4591644051)
(-809681.053131353,-1001960.76109558,-50544.4153664379)
(-743879.611206618,-968754.087307736,-106384.304702468)
(-561704.436817427,-895584.919731017,-224841.721718169)
(1039.7752484119,-729599.869228343,-37671.816479722)
(-450411.724116905,-768714.544946448,-259829.220097304)
(-609039.647776427,-705715.946103578,-707587.947117243)
(-475585.153882191,-445769.958849883,-1213912.96038049)
(0,0,0)
(0,0,0)
(0,0,0)
(0,0,0)
(0,0,0)
(0,0,0)
(-592774.513071365,-1610643.33320715,-1004.95618683963)
(-591224.059296111,-1609582.6215787,-3233.72289719819)
(-586590.608932009,-1606372.47018449,-8102.5558030262)
(-574884.707785547,-1598296.28823735,-17385.3333979067)
(-546986.396361275,-1580877.14314997,-33260.4033925126)
(-485616.884982639,-1547593.2620273,-58846.9975141406)
(-382553.193221674,-1488765.34827949,-76652.0136444276)
(-458871.657228705,-1412179.70099242,-196708.983581173)
(-478584.881134506,-1215539.66151178,-447579.860225162)
(-348253.925519993,-767999.058256948,-768076.536670799)
(0,0,0)
(0,0,0)
(0,0,0)
(0,0,0)
(0,0,0)
(0,0,0)
(0,0,0)
(0,0,0)
(0,0,0)
(0,0,0)
(0,0,0)
(0,0,0)
(0,0,0)
(0,0,0)
(0,0,0)
(0,0,0)
(0,0,0)
(0,0,0)
(0,0,0)
(0,0,0)
(0,0,0)
(0,0,0)
(0,0,0)
(0,0,0)
(0,0,0)
(0,0,0)
(0,0,0)
(0,0,0)
(0,0,0)
(0,0,0)
(0,0,0)
(0,0,0)
(0,0,0)
(0,0,0)
(0,0,0)
(0,0,0)
(0,0,0)
(0,0,0)
(0,0,0)
(0,0,0)
(0,0,0)
(0,0,0)
(0,0,0)
(0,0,0)
(0,0,0)
(0,0,0)
(0,0,0)
(0,0,0)
(0,0,0)
(0,0,0)
(0,0,0)
(0,0,0)
(0,0,0)
(0,0,0)
(0,0,0)
(0,0,0)
(0,0,0)
(0,0,0)
(0,0,0)
(0,0,0)
(0,0,0)
(0,0,0)
(0,0,0)
(0,0,0)
(0,0,0)
(0,0,0)
(0,0,0)
(0,0,0)
(0,0,0)
(0,0,0)
(0,0,0)
(0,0,0)
(0,0,0)
(0,0,0)
(0,0,0)
(0,0,0)
(0,0,0)
(0,0,0)
(0,0,0)
(0,0,0)
(0,0,0)
(0,0,0)
(0,0,0)
(0,0,0)
(0,0,0)
(0,0,0)
(0,0,0)
(0,0,0)
(0,0,0)
(0,0,0)
(0,0,0)
(0,0,0)
(0,0,0)
(0,0,0)
(0,0,0)
(0,0,0)
(0,0,0)
(0,0,0)
(0,0,0)
(0,0,0)
(0,0,0)
(0,0,0)
(-510373.511811294,12268.1090421262,8223.74139866987)
(-515095.675352071,11045.7261941441,13427.7457744091)
(-524441.940209151,8407.45630796355,11726.558188301)
(-537877.661054354,3897.88283620041,-2905.03261150665)
(-554002.578198653,-3086.66025138048,-39774.4958692405)
(-570522.467436171,-12175.1497328839,-113091.222537557)
(-582716.517112417,-18628.4230470558,-244264.650684127)
(-577306.6211318,-7805.96017910505,-463285.891261678)
(-509220.794171025,2804.93523056974,-753948.996521864)
(-319548.941062961,3747.97352648814,-1004980.91956635)
(0,0,0)
(0,0,0)
(0,0,0)
(0,0,0)
(0,0,0)
(0,0,0)
(-517658.501346874,21567.336230415,7056.25947137697)
(-521258.671984707,19355.5662990781,10865.7595830583)
(-527764.883701386,14468.6892202534,7269.98660536468)
(-535469.563948179,5682.76169717847,-9820.78002447972)
(-540923.88813719,-9294.24710261451,-48835.563486894)
(-539833.874079171,-32924.7296543665,-119520.855062529)
(-531711.622330922,-58667.7945742789,-233431.391718149)
(-528692.778732982,-13115.2083721914,-452632.364263118)
(-479360.51782182,18802.0313424478,-752967.166528713)
(-306556.94398553,14231.1557413016,-1008704.16766057)
(0,0,0)
(0,0,0)
(0,0,0)
(0,0,0)
(0,0,0)
(0,0,0)
(-532751.390166549,23691.7161624724,4898.89285900675)
(-534237.214337702,21027.9407967048,6030.9293402995)
(-535327.477201547,15001.9423853418,-1456.34899071756)
(-531342.558338811,3729.73273073836,-24653.8831764116)
(-512643.274950135,-17533.4298486412,-72360.2407803338)
(-464024.758787064,-61497.2067069372,-145250.570622297)
(-381028.797721154,-164642.062558286,-187905.305016378)
(-385603.195531368,23331.4393203284,-420685.270454785)
(-402701.612263124,90310.1147044537,-757545.599142096)
(-276348.054520424,42566.732912464,-1022999.07208763)
(0,0,0)
(0,0,0)
(0,0,0)
(0,0,0)
(0,0,0)
(0,0,0)
(-556303.668172721,11640.9682838512,2264.07454164679)
(-555077.340175253,9301.84240380664,104.364381352458)
(-549180.890114187,4251.28399119019,-12590.7369473122)
(-529452.601859477,-4339.85360198645,-45750.5462872686)
(-474615.031696052,-17045.0522767181,-116211.023652551)
(-335744.886710319,-28678.8544970624,-248413.965727349)
(3.41373844071089e-05,5.09184065861486e-06,4.82899716644227e-06)
(-85.7840299560062,-443.124028793427,-353643.160248263)
(-246499.637089934,352919.797073997,-805240.962178735)
(-225069.530574761,90337.3435552503,-1065571.15513625)
(0,0,0)
(0,0,0)
(0,0,0)
(0,0,0)
(0,0,0)
(0,0,0)
(-587763.749895461,-26234.7265988484,-44.2329918795578)
(-584015.257553264,-27560.0278500845,-4869.20212557303)
(-571854.369831833,-29912.9343313522,-21028.0770780105)
(-539297.10157278,-32476.3694016816,-58336.2167744828)
(-461338.047398829,-32953.6976644399,-127763.21210377)
(-294575.61161076,-25640.0496411297,-219708.212413616)
(-5.64174487320455e-06,-3.51424357638497e-08,6.96885964284197e-06)
(8.02046262334907e-05,2.30204484299342e-06,1.61776908879863e-05)
(17.2018811554907,-464.326199254333,-1067620.14751791)
(-165456.88397899,12120.1134795757,-1155770.10791321)
(0,0,0)
(0,0,0)
(0,0,0)
(0,0,0)
(0,0,0)
(0,0,0)
(-623027.543692653,-107214.922129449,-1343.19207400684)
(-617549.360784732,-107263.698179535,-7176.28851019562)
(-601356.346535238,-106277.462026472,-23528.3523658531)
(-561330.355867217,-101558.830844841,-58845.055005201)
(-471531.383344392,-87578.3952979852,-120469.257967104)
(-291959.27562982,-55673.5063837079,-194057.516805275)
(-4.16592068826464e-07,2.66064007796369e-06,-1.78076245733025e-11)
(5.64774319385207e-05,1.93084596555509e-06,1.13765472468236e-05)
(193.168236898532,-325.406337333978,-1054756.00638872)
(-154898.84926621,-36382.7204893457,-1167725.84747491)
(0,0,0)
(0,0,0)
(0,0,0)
(0,0,0)
(0,0,0)
(0,0,0)
(-649804.083968866,-252711.702556418,-1389.78427896132)
(-643709.390176564,-251811.040297966,-6201.85527213548)
(-626457.701193717,-248254.802612075,-18833.6853158758)
(-584993.815055442,-237413.043180298,-44953.4675971291)
(-493035.622156654,-208607.756428615,-88577.7868107443)
(-307962.030042955,-139835.185790396,-138345.238803467)
(7.45270819558581e-06,7.00490686578212e-06,-2.10540724596701e-11)
(9.8474717298505e-05,3.87859793885784e-06,1.64667301234301e-05)
(639.622140265855,-488574.237538176,-1090581.30533133)
(-164537.02309105,-171435.658628891,-1131222.40037836)
(0,0,0)
(0,0,0)
(0,0,0)
(0,0,0)
(0,0,0)
(0,0,0)
(-642276.676381595,-478966.484605725,-505.658038035917)
(-636808.110012775,-478004.935169546,-2718.82205127551)
(-621637.467258948,-474392.671050352,-8081.67883343975)
(-585579.171822052,-463410.693438955,-16239.0091463449)
(-504529.714797831,-431832.059331527,-19805.8714733289)
(-331099.192367587,-336222.709935285,1549.37150732024)
(0.000121821228182118,1.89423585169254e-05,6.21800060481027e-06)
(549.107203416339,-489433.784098934,-488438.370325618)
(-227425.06810319,-419826.496762418,-773268.640260442)
(-210267.313107176,-221002.31275747,-959637.648524129)
(0,0,0)
(0,0,0)
(0,0,0)
(0,0,0)
(0,0,0)
(0,0,0)
(-557027.849803673,-768936.00057717,431.658521560019)
(-553136.646271804,-768815.314759713,797.067757362917)
(-542559.417922364,-768215.357038802,2780.47745110083)
(-518179.633121458,-767401.263625623,15269.6276278746)
(-464076.427353767,-772161.730820931,75796.1152644253)
(-340160.330898806,-819859.466390453,337888.765800969)
(849.030185799435,-1113664.43802511,-489373.956144897)
(-232998.378821007,-777519.203460005,-418701.882079722)
(-297731.939173991,-575491.42686127,-574344.660583315)
(-213890.417955515,-318535.995980664,-738505.713286792)
(0,0,0)
(0,0,0)
(0,0,0)
(0,0,0)
(0,0,0)
(0,0,0)
(-344080.790706275,-1018162.99683599,533.273893739616)
(-342141.671498941,-1018699.54894605,1335.12028290742)
(-336971.225549048,-1020049.27276123,3549.65262237307)
(-325628.071134602,-1023628.23456748,10519.9869132851)
(-302576.764347367,-1034174.78560705,28123.4096855085)
(-259173.294976824,-1062345.15277819,44165.5060674246)
(-192323.145727199,-1106601.74438102,-153127.235071145)
(-219341.469069958,-953603.537878125,-216573.088811776)
(-216117.978398644,-737180.043070667,-317351.375338232)
(-144331.736699419,-419896.345194671,-419913.214944807)
(0,0,0)
(0,0,0)
(0,0,0)
(0,0,0)
(0,0,0)
(0,0,0)
(0,0,0)
(0,0,0)
(0,0,0)
(0,0,0)
(0,0,0)
(0,0,0)
(0,0,0)
(0,0,0)
(0,0,0)
(0,0,0)
(0,0,0)
(0,0,0)
(0,0,0)
(0,0,0)
(0,0,0)
(0,0,0)
(0,0,0)
(0,0,0)
(0,0,0)
(0,0,0)
(0,0,0)
(0,0,0)
(0,0,0)
(0,0,0)
(0,0,0)
(0,0,0)
(0,0,0)
(0,0,0)
(0,0,0)
(0,0,0)
(0,0,0)
(0,0,0)
(0,0,0)
(0,0,0)
(0,0,0)
(0,0,0)
(0,0,0)
(0,0,0)
(0,0,0)
(0,0,0)
(0,0,0)
(0,0,0)
(0,0,0)
(0,0,0)
(0,0,0)
(0,0,0)
(0,0,0)
(0,0,0)
(0,0,0)
(0,0,0)
(0,0,0)
(0,0,0)
(0,0,0)
(0,0,0)
(0,0,0)
(0,0,0)
(0,0,0)
(0,0,0)
(0,0,0)
(0,0,0)
(0,0,0)
(0,0,0)
(0,0,0)
(0,0,0)
(0,0,0)
(0,0,0)
(0,0,0)
(0,0,0)
(0,0,0)
(0,0,0)
(0,0,0)
(0,0,0)
(0,0,0)
(0,0,0)
(0,0,0)
(0,0,0)
(0,0,0)
(0,0,0)
(0,0,0)
(0,0,0)
(0,0,0)
(0,0,0)
(0,0,0)
(0,0,0)
(0,0,0)
(0,0,0)
(0,0,0)
(0,0,0)
(0,0,0)
(0,0,0)
(0,0,0)
(0,0,0)
(0,0,0)
(0,0,0)
(0,0,0)
(0,0,0)
(-518654.28474777,4922.80935905456,3357.96357741703)
(-520537.605211033,4860.11485436533,3939.77858201151)
(-523751.291191249,5046.70999953823,-1797.58043542916)
(-526748.264025983,6251.27356140249,-19178.2510251992)
(-526751.224776395,9963.69854563368,-56393.3029930892)
(-520088.517731088,18501.8127350982,-125329.065433267)
(-501540.160822014,32336.4892797258,-238841.911003395)
(-461694.253486213,40784.3223422526,-395238.600991234)
(-372847.667887715,32716.7930424307,-564328.520316976)
(-215189.411554548,16800.8667691171,-685488.916594515)
(0,0,0)
(0,0,0)
(0,0,0)
(0,0,0)
(0,0,0)
(0,0,0)
(-522429.362891317,6347.26919136991,3346.40171212436)
(-523574.101405509,6310.66582280632,4211.28016448681)
(-524863.064064931,6869.28981424513,-513.119286675243)
(-524081.722882968,9728.05786992292,-15377.744660406)
(-517398.471576764,18893.0937088717,-47832.5563840725)
(-500496.713438652,42829.6699845561,-111497.574274049)
(-472398.320249585,91961.1938628792,-230435.580938542)
(-444942.607831052,129904.940098775,-403306.369597004)
(-365136.169413661,95428.7317969565,-580242.656759695)
(-212124.493270162,44417.6623335813,-702291.903039526)
(0,0,0)
(0,0,0)
(0,0,0)
(0,0,0)
(0,0,0)
(0,0,0)
(-529742.735524211,-26.3284212898562,3364.94297032018)
(-529477.162044944,57.7325353729906,4857.82396499292)
(-527130.954431571,1056.67663568343,2473.91437357719)
(-518628.401865197,5525.67078916399,-6037.85501927484)
(-496386.313568663,20405.0641707375,-23806.7868626121)
(-449380.714203387,66720.7012365052,-62341.8626982366)
(-375273.904051041,216381.929295609,-192517.491801079)
(-419256.83480067,408810.007996012,-437768.920429014)
(-360214.357541799,246443.630032976,-631271.073386352)
(-210172.214074978,93772.5202620732,-746801.771760301)
(0,0,0)
(0,0,0)
(0,0,0)
(0,0,0)
(0,0,0)
(0,0,0)
(-539744.651154713,-20056.5458643828,3471.20042508413)
(-537658.588576474,-19855.7463007388,5965.92766241474)
(-530626.199410775,-18616.6914195274,7084.60501421161)
(-511464.622484769,-14360.5540253948,8982.85045406359)
(-463933.851221863,-3900.96208694461,22607.6962375618)
(-346140.464878958,12369.6037261036,87354.3719166044)
(2.66926194631034e-05,-1.23941607005909e-05,1.56711043650616e-05)
(-486358.048943679,-443.304625016359,-600078.551672871)
(-415572.767694382,599369.811361762,-783931.602397216)
(-224491.431393428,149906.566882115,-840643.748198571)
(0,0,0)
(0,0,0)
(0,0,0)
(0,0,0)
(0,0,0)
(0,0,0)
(-549897.301285052,-61641.2891345733,3718.29465977864)
(-546178.862601673,-61258.2950147551,7284.44842220542)
(-535065.568848306,-59594.8381805827,11473.7941997333)
(-507058.230079773,-54676.6148577742,19550.9835391025)
(-441406.790002154,-43242.361168973,38961.1252244552)
(-295044.255928224,-23080.6537059156,74880.0269739384)
(-1.35923410339557e-05,-2.2492922974063e-06,-3.28274225907637e-06)
(5.58955797264202e-05,-4.77283675914886e-06,2.57806289220323e-05)
(-757334.081830138,-334.117925416323,-1233225.39549903)
(-281000.713144525,22669.911931476,-990444.911382865)
(0,0,0)
(0,0,0)
(0,0,0)
(0,0,0)
(0,0,0)
(0,0,0)
(-554709.702131943,-134104.518863206,4145.38816792134)
(-550056.263258756,-133596.90236898,8990.89799617245)
(-536867.956121014,-131546.835964842,16454.5053662107)
(-505144.000518805,-125384.754115936,30976.2892759597)
(-433711.295530604,-109221.263356745,59135.1036499451)
(-282068.188121613,-71775.6385217005,97939.0009575225)
(-2.28423240345561e-06,-1.60093832797771e-06,1.3791276502381e-12)
(4.02118798342409e-05,-8.25496553849793e-06,1.97476822627563e-05)
(-717057.787036744,3.49073556628063,-1210014.25629551)
(-283159.021019349,-46089.9322572298,-1012994.24035367)
(0,0,0)
(0,0,0)
(0,0,0)
(0,0,0)
(0,0,0)
(0,0,0)
(-543347.72693936,-245223.111920189,4662.23602747979)
(-538697.107165949,-244981.452013192,11034.5026610763)
(-526058.226544981,-243538.74301657,22626.935064067)
(-496647.150919161,-238165.552017145,47061.0688289962)
(-431433.052681062,-220292.833327424,96530.0693240814)
(-289726.397891727,-163148.945531444,169667.744182594)
(3.44409449558312e-06,6.57232567194781e-07,-1.52220625586813e-12)
(5.41204508878459e-05,6.54623684864234e-06,2.95530625013117e-05)
(-786039.137974161,-716880.642906785,-1256038.13419786)
(-282497.80475093,-217282.838861408,-966884.445933806)
(0,0,0)
(0,0,0)
(0,0,0)
(0,0,0)
(0,0,0)
(0,0,0)
(-498640.701364154,-393759.803298321,4900.71636069268)
(-494913.30085619,-394384.358209308,12408.8134002216)
(-485278.515971462,-395424.048853108,27935.1679492728)
(-464464.662348052,-396198.260702966,64853.367161093)
(-422015.110112196,-391638.929257429,153684.858405462)
(-327788.578875302,-345665.14735158,332890.446733313)
(7.43030198763108e-05,3.26310306383103e-05,1.25512262599473e-05)
(-578347.684384281,-723422.970662933,-716765.203976116)
(-414334.980235367,-490364.293271244,-756371.64147949)
(-209639.583695009,-224722.563400896,-749559.646352164)
(0,0,0)
(0,0,0)
(0,0,0)
(0,0,0)
(0,0,0)
(0,0,0)
(-398861.607319624,-556204.047251765,4278.00146939186)
(-396519.94234353,-558023.1046219,11300.0439537096)
(-390963.996689797,-562810.954640059,27091.5285080913)
(-381605.521448954,-575062.310878725,69381.4670113423)
(-375145.573257399,-610925.195995343,199736.879652889)
(-425780.994804809,-739190.289252923,678882.685460235)
(-880371.136270182,-1307251.42075437,-723439.07918908)
(-432055.925790621,-764180.468757265,-483624.034125129)
(-286936.31699202,-494092.521454491,-490691.428123864)
(-155451.877618711,-249066.045083745,-524786.486777813)
(0,0,0)
(0,0,0)
(0,0,0)
(0,0,0)
(0,0,0)
(0,0,0)
(-228354.979751234,-674399.550172052,2469.69196524774)
(-227280.009896577,-676880.737762378,6465.66350336367)
(-224835.784735249,-683321.326537713,14840.594587218)
(-221205.452288788,-698211.57369328,33567.2385559623)
(-219634.364532952,-731860.464147553,71560.1068937531)
(-234236.396348468,-803538.602406896,110971.52141937)
(-293675.881103331,-914660.492995708,-180266.670963168)
(-215782.292721536,-734552.665324476,-213453.650744381)
(-156753.778111281,-521260.712618323,-245649.659867907)
(-87692.7674442246,-275679.07771965,-275675.596487199)
(0,0,0)
(0,0,0)
(0,0,0)
(0,0,0)
(0,0,0)
(0,0,0)
(0,0,0)
(0,0,0)
(0,0,0)
(0,0,0)
(0,0,0)
(0,0,0)
(0,0,0)
(0,0,0)
(0,0,0)
(0,0,0)
(0,0,0)
(0,0,0)
(0,0,0)
(0,0,0)
(0,0,0)
(0,0,0)
(0,0,0)
(0,0,0)
(0,0,0)
(0,0,0)
(0,0,0)
(0,0,0)
(0,0,0)
(0,0,0)
(0,0,0)
(0,0,0)
(0,0,0)
(0,0,0)
(0,0,0)
(0,0,0)
(0,0,0)
(0,0,0)
(0,0,0)
(0,0,0)
(0,0,0)
(0,0,0)
(0,0,0)
(0,0,0)
(0,0,0)
(0,0,0)
(0,0,0)
(0,0,0)
(0,0,0)
(0,0,0)
(0,0,0)
(0,0,0)
(0,0,0)
(0,0,0)
(0,0,0)
(0,0,0)
(0,0,0)
(0,0,0)
(0,0,0)
(0,0,0)
(0,0,0)
(0,0,0)
(0,0,0)
(0,0,0)
(0,0,0)
(0,0,0)
(0,0,0)
(0,0,0)
(0,0,0)
(0,0,0)
(0,0,0)
(0,0,0)
(0,0,0)
(0,0,0)
(0,0,0)
(0,0,0)
(0,0,0)
(0,0,0)
(0,0,0)
(0,0,0)
(0,0,0)
(0,0,0)
(0,0,0)
(0,0,0)
(0,0,0)
(0,0,0)
(0,0,0)
(0,0,0)
(0,0,0)
(0,0,0)
(0,0,0)
(0,0,0)
(0,0,0)
(0,0,0)
(0,0,0)
(0,0,0)
(0,0,0)
(0,0,0)
(0,0,0)
(0,0,0)
(0,0,0)
(0,0,0)
(-521046.070720194,1060.45871734845,1331.32725507892)
(-521645.726770492,1798.22817177322,641.220642764749)
(-522210.174791224,3895.32247890507,-4795.2182361697)
(-521111.023247859,8848.26943170734,-19280.728446003)
(-515535.774584382,19271.5326534191,-49767.7112914336)
(-501196.42986523,38088.6669297843,-106748.466087079)
(-470810.461357226,61469.1477535451,-198947.313305413)
(-411783.013466989,57516.0142769768,-306374.567601616)
(-312984.089022244,40441.4883219423,-406679.634789032)
(-171391.372027292,19894.6282624391,-470372.302578723)
(0,0,0)
(0,0,0)
(0,0,0)
(0,0,0)
(0,0,0)
(0,0,0)
(-522388.621053575,-1110.47589282579,2130.19277243327)
(-522815.93232566,351.194629832044,2819.05723452689)
(-522965.621938844,4590.21011509069,226.727472253752)
(-521388.108828121,15155.5175907694,-8774.13474165629)
(-515874.072374117,39902.5189587424,-30929.5202496249)
(-503913.456846753,93978.0677066007,-83402.1776183404)
(-480511.958401991,189140.910161706,-202960.301874097)
(-422471.589225905,155551.730111891,-323467.036314156)
(-321216.255308463,100296.808016786,-427242.270114197)
(-175523.705687733,46328.0688382347,-490276.49827242)
(0,0,0)
(0,0,0)
(0,0,0)
(0,0,0)
(0,0,0)
(0,0,0)
(-524322.558542428,-10165.2749217071,3634.62204709933)
(-524411.179205645,-8216.14211314753,7135.97595078081)
(-523840.86306349,-2464.97248991947,10901.0671877113)
(-521380.861805218,12691.8348592057,16117.2098592942)
(-516461.729914684,52872.5079953738,23222.6371686827)
(-513952.85672807,169972.760140055,11800.0872599102)
(-529634.115126779,591870.225684772,-236569.017187414)
(-463226.708390293,341685.373028761,-378732.786514656)
(-348400.714367107,190991.434287361,-481241.055959919)
(-187776.934317959,79365.122636184,-536673.389514883)
(0,0,0)
(0,0,0)
(0,0,0)
(0,0,0)
(0,0,0)
(0,0,0)
(-525065.194611151,-30419.6453234759,5574.91385820835)
(-524694.942708605,-28560.5617561297,12955.6876333239)
(-523115.135975054,-23167.5883092152,26147.2400169011)
(-519026.746298872,-10006.1379306312,56407.3366208352)
(-513659.507109879,18567.0394888284,140438.461015394)
(-532780.482613573,63253.4721754601,433797.766714603)
(-786298.149811472,-842.729932563795,-486692.865485921)
(-587663.19328247,485691.304982618,-529393.653100993)
(-418588.852749438,257485.481163107,-592871.614921679)
(-215187.137421437,93318.2479282651,-616129.034185755)
(0,0,0)
(0,0,0)
(0,0,0)
(0,0,0)
(0,0,0)
(0,0,0)
(-521197.726593562,-66576.0856390516,7456.86562408721)
(-520412.088168695,-65271.7547540998,18401.2841890792)
(-517701.66972153,-61526.1996092609,39395.9963623462)
(-509902.975803355,-52862.274187188,85096.8783424842)
(-487364.366000941,-35632.470583357,185253.964413457)
(-406089.154571419,-10198.2113665292,369750.546598639)
(4.06698262057119e-05,-2.30107954857882e-05,-3.52333432215011e-05)
(-776531.409806481,-332.686221000446,-757466.282244307)
(-540186.357490345,39817.1299363881,-756945.655357376)
(-255679.951202169,20477.8313680824,-709426.000739547)
(0,0,0)
(0,0,0)
(0,0,0)
(0,0,0)
(0,0,0)
(0,0,0)
(-507266.503316789,-122820.280527436,8800.9960732333)
(-506351.463686141,-122367.318479928,22191.7602264447)
(-503458.934135703,-120869.897799861,48126.4364317343)
(-495253.891767486,-116984.240793579,102358.294286805)
(-470657.209053128,-107039.074582926,210710.811808898)
(-381870.811308876,-79534.2721404455,379849.495770073)
(3.09695719906238e-05,-3.55440263152644e-05,-2.48991303859407e-05)
(-729780.723917472,-157.604262179713,-717128.616736792)
(-549106.853991802,-69076.3709396968,-776186.048905659)
(-263512.339611218,-45458.8074391517,-729896.091506557)
(0,0,0)
(0,0,0)
(0,0,0)
(0,0,0)
(0,0,0)
(0,0,0)
(-474931.373101182,-200510.943263535,9274.30889791997)
(-474274.231365976,-201206.898307189,23691.0129252097)
(-472463.185223795,-202819.196566083,52045.2703702475)
(-467759.252921881,-206098.311453416,112271.443032802)
(-453356.02080416,-211013.970158069,238169.306731042)
(-388989.204300775,-201325.662344589,459223.50334424)
(4.06255676929652e-05,-4.53965166127191e-05,-3.20236909543253e-05)
(-803801.388214875,-578327.002270268,-785977.575056893)
(-543296.063531181,-345227.662236127,-752569.358203444)
(-251611.56088383,-144446.610067658,-684467.799442034)
(0,0,0)
(0,0,0)
(0,0,0)
(0,0,0)
(0,0,0)
(0,0,0)
(-413691.595157355,-294020.652755497,8560.60328515841)
(-413558.845263995,-296007.129884583,22006.3792703587)
(-413628.284263591,-301191.584981679,48728.5359780802)
(-415686.387775896,-313485.736149914,107337.686102423)
(-428648.22726067,-344960.053214662,247916.886307492)
(-498039.092056442,-443829.459599194,660671.196743241)
(-899468.391078388,-880368.177129161,-578385.202333677)
(-604971.607882852,-577246.188432374,-552842.092672993)
(-397543.982448998,-363055.839146208,-551804.913549272)
(-195269.744318809,-170568.383750494,-540052.979242646)
(0,0,0)
(0,0,0)
(0,0,0)
(0,0,0)
(0,0,0)
(0,0,0)
(-313542.113682076,-385927.413898636,6587.26750559183)
(-313773.441963766,-388968.225352198,16801.8625934463)
(-314899.365500635,-396870.486031558,36416.1324541685)
(-319700.459469146,-414870.563530188,75895.8978546359)
(-337697.577077914,-455676.146080624,149163.994541113)
(-396826.635572913,-547924.789289496,224304.964999518)
(-540451.494223559,-720795.55596692,-275187.298209345)
(-397819.378423059,-548103.810891797,-338566.223117491)
(-265198.612074243,-364063.699667485,-359296.067513991)
(-134476.912435489,-181384.160010666,-369455.256437037)
(0,0,0)
(0,0,0)
(0,0,0)
(0,0,0)
(0,0,0)
(0,0,0)
(-171486.563603102,-446343.255892025,3547.42584526022)
(-171712.343550413,-449860.242147297,8871.77629419307)
(-172574.609238433,-458698.249966692,18438.3647325107)
(-175587.582621949,-477215.52384028,35165.4553757683)
(-184696.925857947,-512476.876306826,57028.7469269672)
(-207067.833517629,-569620.471388873,51555.8661955056)
(-239228.365501291,-621291.24792754,-102395.957445921)
(-192840.640750917,-519000.681821376,-154440.738486962)
(-133973.672002592,-364671.452541649,-176613.091721487)
(-69571.2393006752,-188073.59719225,-188045.182683454)
(0,0,0)
(0,0,0)
(0,0,0)
(0,0,0)
(0,0,0)
(0,0,0)
(0,0,0)
(0,0,0)
(0,0,0)
(0,0,0)
(0,0,0)
(0,0,0)
(0,0,0)
(0,0,0)
(0,0,0)
(0,0,0)
(0,0,0)
(0,0,0)
(0,0,0)
(0,0,0)
(0,0,0)
(0,0,0)
(0,0,0)
(0,0,0)
(0,0,0)
(0,0,0)
(0,0,0)
(0,0,0)
(0,0,0)
(0,0,0)
(0,0,0)
(0,0,0)
(0,0,0)
(0,0,0)
(0,0,0)
(0,0,0)
(0,0,0)
(0,0,0)
(0,0,0)
(0,0,0)
(0,0,0)
(0,0,0)
(0,0,0)
(0,0,0)
(0,0,0)
(0,0,0)
(0,0,0)
(0,0,0)
(0,0,0)
(0,0,0)
(0,0,0)
(0,0,0)
(0,0,0)
(0,0,0)
(0,0,0)
(0,0,0)
(0,0,0)
(0,0,0)
(0,0,0)
(0,0,0)
(0,0,0)
(0,0,0)
(0,0,0)
(0,0,0)
(0,0,0)
(0,0,0)
(0,0,0)
(0,0,0)
(0,0,0)
(0,0,0)
(0,0,0)
(0,0,0)
(0,0,0)
(0,0,0)
(0,0,0)
(0,0,0)
(0,0,0)
(0,0,0)
(0,0,0)
(0,0,0)
(0,0,0)
(0,0,0)
(0,0,0)
(0,0,0)
(0,0,0)
(0,0,0)
(0,0,0)
(0,0,0)
(0,0,0)
(0,0,0)
(0,0,0)
(0,0,0)
(0,0,0)
(0,0,0)
(0,0,0)
(0,0,0)
(0,0,0)
(0,0,0)
(0,0,0)
(0,0,0)
(0,0,0)
(0,0,0)
(-521263.616220515,-449.591315016761,667.136815333548)
(-521548.17794771,517.70143905501,51.8865534984238)
(-521479.310648679,3040.44302475713,-3719.42061379895)
(-519524.782962681,8475.04451230091,-13780.7054112803)
(-512736.351974415,18886.9147639829,-35467.0427852329)
(-495641.594640693,35355.9611043232,-76377.8391140914)
(-459030.457009218,51744.1650300856,-139902.008492184)
(-390808.440361036,46756.9823594297,-207633.563957562)
(-287553.301776721,32136.7589369937,-265201.110140083)
(-153219.985092465,15722.0540630413,-299094.55113795)
(0,0,0)
(0,0,0)
(0,0,0)
(0,0,0)
(0,0,0)
(0,0,0)
(-521186.927809575,-3296.82262698154,1645.53806796501)
(-521814.08243494,-1436.90774767343,2598.29736397021)
(-522660.249842211,3568.64476089435,1764.72353119964)
(-522876.771500865,15041.1145160422,-3312.68379979583)
(-520606.211674307,39272.0095886781,-18965.6393243014)
(-511452.453781576,83934.7109018913,-60005.3921870477)
(-483884.334623319,140020.148313864,-144908.999249496)
(-413095.366737191,114720.382787358,-222248.622166139)
(-302738.507953278,73042.669001563,-281632.279585897)
(-160601.838949254,34039.1178181481,-314871.210079486)
(0,0,0)
(0,0,0)
(0,0,0)
(0,0,0)
(0,0,0)
(0,0,0)
(-519978.828587344,-11150.842063871,3510.28948180365)
(-521268.642837651,-8720.81554406136,7651.66091019674)
(-524019.02556136,-1935.15452628871,13333.6226952504)
(-528897.053354146,14884.3873818245,21006.5413783961)
(-537524.748617655,55589.9643881067,25751.6052819385)
(-551491.58303626,151097.415161337,-3872.37266931715)
(-558477.437527386,335196.677319939,-170205.579274784)
(-471921.313860953,217166.823183418,-263957.414200191)
(-339330.73915816,120710.986825556,-320695.707233126)
(-177379.504755643,51921.0033173764,-348975.022294669)
(0,0,0)
(0,0,0)
(0,0,0)
(0,0,0)
(0,0,0)
(0,0,0)
(-515306.866449907,-26823.5515511897,5914.38132607579)
(-517463.429628252,-24532.1969195273,14494.2496211896)
(-522811.786258831,-17969.7520781776,30225.4974568537)
(-534653.911559902,-1034.49817651737,61771.5482762315)
(-562413.977061247,44769.4238357167,121346.55877999)
(-630501.227212509,189832.850224137,180331.868316125)
(-767814.113982457,785233.548896293,-288189.039089236)
(-594975.015609261,296698.843807949,-360409.23738697)
(-404593.822281237,135822.199997454,-389515.48102707)
(-204641.49975269,52815.2327285278,-400955.348106968)
(0,0,0)
(0,0,0)
(0,0,0)
(0,0,0)
(0,0,0)
(0,0,0)
(-503431.366470601,-52819.3905505799,8229.47887642951)
(-506435.025708578,-51396.9451632829,21117.1646600683)
(-514270.830813947,-47475.1171305598,47191.6908048698)
(-532996.55317323,-38367.8880914569,107618.658089684)
(-582449.203392091,-19048.7077709244,266521.627087476)
(-739443.713138366,13893.840885555,775815.194993012)
(-1364572.49945232,-252.087251334727,-776655.649211931)
(-781502.40851022,46248.5681886843,-521234.374888924)
(-483952.966631161,30837.3232886495,-472482.889039306)
(-234246.644958971,12652.2701109162,-453753.232664895)
(0,0,0)
(0,0,0)
(0,0,0)
(0,0,0)
(0,0,0)
(0,0,0)
(-479160.783961553,-90604.5000000018,9679.39009418791)
(-482722.74877802,-90429.4859263932,25083.2159491779)
(-492139.795452931,-90025.0432004116,56314.0033362577)
(-514626.426894922,-89603.0019413554,126921.65231359)
(-572403.978889296,-89856.3012570946,299476.015635926)
(-743322.10003321,-86830.6309802459,761651.776226069)
(-1335908.13853004,-546.95123385676,-730064.338576099)
(-802684.44659043,-74349.4786398633,-536562.569074588)
(-500855.354245171,-63340.0446529799,-490636.700879586)
(-241482.076755967,-33602.610352355,-466412.083271558)
(0,0,0)
(0,0,0)
(0,0,0)
(0,0,0)
(0,0,0)
(0,0,0)
(-436056.908425027,-139359.186017392,9880.22134123555)
(-439778.574738012,-140555.902448323,25510.9812352014)
(-449638.760869391,-144099.120059771,56760.6337401586)
(-473057.183621223,-154180.590755529,126636.153253676)
(-532570.280341948,-186466.575851011,302460.687385378)
(-710798.963362228,-310463.381141679,847903.196608269)
(-1388587.6408839,-899274.012560315,-803799.937907913)
(-776980.86189294,-379470.604143799,-525499.338725924)
(-471738.443780956,-199478.953853425,-460918.049275701)
(-225155.276139779,-88122.1768601521,-432854.767511955)
(0,0,0)
(0,0,0)
(0,0,0)
(0,0,0)
(0,0,0)
(0,0,0)
(-367652.26883554,-194033.240460562,8634.7281213556)
(-371034.423493651,-196350.219329419,21904.6232321062)
(-379835.187983849,-202640.812157912,46653.2190505072)
(-399855.877118024,-217700.627066611,94342.7447037169)
(-445058.488778945,-254183.021847261,178469.452218241)
(-546432.445021226,-342727.812512145,259127.236553494)
(-734299.693624831,-521343.793525935,-283971.679934443)
(-552818.733181262,-370118.241154617,-345476.917625218)
(-362188.393288864,-230727.428483053,-349584.032155729)
(-178395.861221411,-109779.283665072,-344800.808448199)
(0,0,0)
(0,0,0)
(0,0,0)
(0,0,0)
(0,0,0)
(0,0,0)
(-269731.895708201,-244167.422500103,6323.96406566682)
(-272250.377275543,-247168.888759763,15619.5688077883)
(-278706.568950569,-254799.864573964,31585.8246737714)
(-292728.705870036,-270989.276604293,57902.7206123421)
(-321107.208036837,-302884.832401364,90014.1621253673)
(-371802.63060267,-358347.203797543,80609.5484405216)
(-428815.247659648,-419692.368338508,-132678.12331082)
(-351411.802336613,-343185.798726505,-206018.141825375)
(-240467.173434738,-232879.275368635,-228597.733579293)
(-121364.038271663,-116499.735224223,-234990.156183969)
(0,0,0)
(0,0,0)
(0,0,0)
(0,0,0)
(0,0,0)
(0,0,0)
(-143766.400348548,-275206.102762975,3318.51700831845)
(-145083.813279295,-278455.844684559,7976.94266199498)
(-148426.32492867,-286389.455959659,15418.2497379286)
(-155372.521710821,-301863.439286586,26077.3515090914)
(-168190.813607573,-327980.603120599,34667.0099779504)
(-187373.426762513,-362750.002696255,19375.4021215436)
(-201196.29807695,-382262.794465373,-56086.239175933)
(-170219.716241252,-326268.938603342,-95624.023808759)
(-119525.06246019,-230744.307025517,-112207.601694279)
(-61277.7539920162,-118524.961546714,-118475.860680446)
(0,0,0)
(0,0,0)
(0,0,0)
(0,0,0)
(0,0,0)
(0,0,0)
(0,0,0)
(0,0,0)
(0,0,0)
(0,0,0)
(0,0,0)
(0,0,0)
(0,0,0)
(0,0,0)
(0,0,0)
(0,0,0)
(0,0,0)
(0,0,0)
(0,0,0)
(0,0,0)
(0,0,0)
(0,0,0)
(0,0,0)
(0,0,0)
(0,0,0)
(0,0,0)
(0,0,0)
(0,0,0)
(0,0,0)
(0,0,0)
(0,0,0)
(0,0,0)
(0,0,0)
(0,0,0)
(0,0,0)
(0,0,0)
(0,0,0)
(0,0,0)
(0,0,0)
(0,0,0)
(0,0,0)
(0,0,0)
(0,0,0)
(0,0,0)
(0,0,0)
(0,0,0)
(0,0,0)
(0,0,0)
(0,0,0)
(0,0,0)
(0,0,0)
(0,0,0)
(0,0,0)
(0,0,0)
(0,0,0)
(0,0,0)
(0,0,0)
(0,0,0)
(0,0,0)
(0,0,0)
(0,0,0)
(0,0,0)
(0,0,0)
(0,0,0)
(0,0,0)
(0,0,0)
(0,0,0)
(0,0,0)
(0,0,0)
(0,0,0)
(0,0,0)
(0,0,0)
(0,0,0)
(0,0,0)
(0,0,0)
(0,0,0)
(0,0,0)
(0,0,0)
(0,0,0)
(0,0,0)
(0,0,0)
(0,0,0)
(0,0,0)
(0,0,0)
(0,0,0)
(0,0,0)
(0,0,0)
(0,0,0)
(0,0,0)
(0,0,0)
(0,0,0)
(0,0,0)
(0,0,0)
(0,0,0)
(0,0,0)
(0,0,0)
(0,0,0)
(0,0,0)
(0,0,0)
(0,0,0)
(0,0,0)
(0,0,0)
(-521009.033200281,-575.155052714783,320.572032480964)
(-521327.501451037,61.9926350139164,37.902900795293)
(-521270.009500053,1670.02567674958,-1841.42392457998)
(-519293.095404179,4977.37289365545,-7050.48437673857)
(-512256.235095004,10935.3343034765,-18465.9355596236)
(-493795.530276092,19500.3465555561,-39812.3464797801)
(-454030.931454405,26846.7323553546,-71658.6043899496)
(-382405.170148602,24394.6148781483,-104456.489480531)
(-277837.474077018,16874.0871005658,-131046.404280799)
(-146480.486745337,8293.33164928506,-146079.234277214)
(0,0,0)
(0,0,0)
(0,0,0)
(0,0,0)
(0,0,0)
(0,0,0)
(-520343.908068712,-2370.55601536891,952.381221790063)
(-521282.793865161,-1159.34336511143,1642.42865213568)
(-522810.201558148,1987.17054072786,1475.23550409641)
(-524177.611346926,8848.63225604974,-1095.18401223813)
(-523119.278838332,22246.8590662088,-9893.6416109442)
(-513235.290667979,43855.9233699142,-32466.3815388984)
(-480791.243307002,65396.395804804,-74109.1363046647)
(-406674.110131241,55824.947982274,-111960.726014737)
(-294592.782554985,36394.5199810835,-139626.884293543)
(-154726.286808337,17226.8101617325,-154435.914946904)
(0,0,0)
(0,0,0)
(0,0,0)
(0,0,0)
(0,0,0)
(0,0,0)
(-517727.21980595,-6782.11307782892,2159.94828106674)
(-519889.434325085,-5204.49064403067,4825.88704742206)
(-524638.193318894,-968.209300763375,8400.4346464471)
(-532936.026918295,8956.32091312096,12331.7195535262)
(-545267.631945816,30578.7443296492,11742.717618249)
(-557046.978889591,72036.4804005201,-10882.4435590252)
(-546137.789168917,125841.779084041,-83667.4751967319)
(-462402.653852828,94054.9445950984,-131416.131817681)
(-330897.327091042,55379.1023424305,-158834.12624615)
(-171897.917741004,24626.0411190137,-171714.944218068)
(0,0,0)
(0,0,0)
(0,0,0)
(0,0,0)
(0,0,0)
(0,0,0)
(-510597.873415086,-15205.5895594371,3714.48344678764)
(-514337.860461061,-13729.8536704386,9114.2773060022)
(-523434.657288584,-9615.88950567458,18384.8285406688)
(-541767.893647421,472.645031827111,33982.4865094792)
(-575705.252174383,24604.4119015055,53248.0940507615)
(-628994.581743695,80795.4758012329,42982.4531812337)
(-671908.311839716,188359.513544264,-115441.083421731)
(-556336.235667937,110083.465142803,-170108.383910759)
(-386143.553490211,56417.5574657606,-189597.107825117)
(-196465.391631083,23216.4631477803,-196363.63797549)
(0,0,0)
(0,0,0)
(0,0,0)
(0,0,0)
(0,0,0)
(0,0,0)
(-495161.64862117,-28692.5876781045,5217.28026923589)
(-500414.807629078,-27813.9486311078,13281.1571504053)
(-513646.53205879,-25443.1104801412,28484.0793697147)
(-542070.282986385,-20091.5505607254,58122.0047754216)
(-600108.253527305,-9119.52351394825,109504.99032609)
(-709636.29483229,9886.22618797228,150606.821633273)
(-860147.777770489,28243.8081145786,-193702.194618873)
(-666299.793874459,24959.1723661295,-223780.516477954)
(-442445.794211268,13908.3602632151,-222778.491695307)
(-219663.239335113,5418.47444921509,-219563.908620598)
(0,0,0)
(0,0,0)
(0,0,0)
(0,0,0)
(0,0,0)
(0,0,0)
(-466384.619242454,-47576.2337932122,6107.48139600624)
(-472539.552575591,-47550.2453159399,15660.5818784093)
(-488159.4089594,-47580.4605868433,33817.5454915788)
(-521906.494918695,-48074.0739109853,69080.1368656113)
(-590891.54719608,-50092.1573400422,128540.338998491)
(-719427.231605276,-54445.9683504934,168977.665109016)
(-888304.918305796,-53416.6054974294,-196965.141503209)
(-691169.313621316,-48716.2479230819,-234804.85418311)
(-456270.330954006,-34225.5017538828,-231256.01545718)
(-225032.498096245,-17295.2490889542,-224991.870578736)
(0,0,0)
(0,0,0)
(0,0,0)
(0,0,0)
(0,0,0)
(0,0,0)
(-418782.636051269,-71007.3393905324,6156.8332235617)
(-424966.095950346,-71848.6436146093,15642.7527345657)
(-440549.761526443,-74360.1096102724,33333.4024150454)
(-473797.575543952,-81060.8726285628,67060.5930553534)
(-540756.423712049,-99034.5335117269,124189.112597139)
(-664871.839046228,-146186.326689767,170002.346620409)
(-834767.215217942,-244991.919509047,-192242.765033914)
(-642376.360073099,-155285.118094757,-220278.396682084)
(-422019.154487298,-89892.7197720152,-214330.467957607)
(-207698.993999784,-41351.2068136117,-207730.792372946)
(0,0,0)
(0,0,0)
(0,0,0)
(0,0,0)
(0,0,0)
(0,0,0)
(-347685.484257134,-96246.1473128253,5272.02334388833)
(-352984.575880536,-97726.6211183379,13100.1532345017)
(-366027.468692709,-101708.96398828,26641.2883213691)
(-392600.172433763,-110785.486549361,49110.1975579067)
(-441627.138804091,-130398.012526531,77042.3265978579)
(-518551.21978905,-168217.594659258,71192.3693351711)
(-589672.055704022,-215900.660166907,-102526.527927775)
(-487048.622627822,-168724.738811315,-154857.017764652)
(-332143.715262147,-109008.751912592,-165785.663650796)
(-166366.184570572,-52752.9113235859,-166413.63579166)
(0,0,0)
(0,0,0)
(0,0,0)
(0,0,0)
(0,0,0)
(0,0,0)
(-251236.103729795,-118519.13499016,3777.19569892766)
(-254979.350240252,-120334.771245289,9114.3187905886)
(-264014.455689832,-124848.491564627,17561.7331061985)
(-281532.783011682,-133940.571694637,29520.8953931207)
(-311020.718469976,-150228.775301997,39265.1686017241)
(-350188.821506003,-174104.33230831,23538.0971541077)
(-373676.401258344,-192174.253815409,-55327.1555986957)
(-318300.235505335,-162041.591067232,-95121.8701740592)
(-223142.988850419,-111940.474768107,-109514.331902865)
(-113597.265809443,-56399.0406871844,-113634.975001488)
(0,0,0)
(0,0,0)
(0,0,0)
(0,0,0)
(0,0,0)
(0,0,0)
(-132365.216081816,-131875.690612659,1955.37135576689)
(-134268.762263959,-133780.248923091,4585.79801823337)
(-138805.030877622,-138346.637096632,8462.64949919003)
(-147259.088248397,-146841.751581116,13250.3959232451)
(-160508.697639761,-160107.299215292,15446.8038687268)
(-175920.927631735,-175632.043754783,5522.01618442289)
(-181430.245928232,-181264.819234822,-25153.4705448827)
(-156255.054977258,-156172.356908201,-44987.3659679089)
(-111238.417105168,-111234.646503696,-53979.8395873416)
(-57219.1812562102,-57229.3451495093,-57208.1078608231)
(0,0,0)
(0,0,0)
(0,0,0)
(0,0,0)
(0,0,0)
(0,0,0)
(0,0,0)
(0,0,0)
(0,0,0)
(0,0,0)
(0,0,0)
(0,0,0)
(0,0,0)
(0,0,0)
(0,0,0)
(0,0,0)
(0,0,0)
(0,0,0)
(0,0,0)
(0,0,0)
(0,0,0)
(0,0,0)
(0,0,0)
(0,0,0)
(0,0,0)
(0,0,0)
(0,0,0)
(0,0,0)
(0,0,0)
(0,0,0)
(0,0,0)
(0,0,0)
(0,0,0)
(0,0,0)
(0,0,0)
(0,0,0)
(0,0,0)
(0,0,0)
(0,0,0)
(0,0,0)
(0,0,0)
(0,0,0)
(0,0,0)
(0,0,0)
(0,0,0)
(0,0,0)
(0,0,0)
(0,0,0)
(0,0,0)
(0,0,0)
(0,0,0)
(0,0,0)
(0,0,0)
(0,0,0)
(0,0,0)
(0,0,0)
(0,0,0)
(0,0,0)
(0,0,0)
(0,0,0)
(0,0,0)
(0,0,0)
(0,0,0)
(0,0,0)
(0,0,0)
(0,0,0)
(0,0,0)
(0,0,0)
(0,0,0)
(0,0,0)
(0,0,0)
(0,0,0)
(0,0,0)
(0,0,0)
(0,0,0)
(0,0,0)
(0,0,0)
(0,0,0)
(0,0,0)
(0,0,0)
(0,0,0)
(0,0,0)
(0,0,0)
(0,0,0)
(0,0,0)
(0,0,0)
(0,0,0)
(0,0,0)
(0,0,0)
(0,0,0)
(0,0,0)
(0,0,0)
(0,0,0)
(0,0,0)
(0,0,0)
(0,0,0)
(0,0,0)
(0,0,0)
(0,0,0)
(0,0,0)
(0,0,0)
(0,0,0)
(0,0,0)
(0,0,0)
(0,0,0)
(0,0,0)
(0,0,0)
(0,0,0)
(0,0,0)
(0,0,0)
(0,0,0)
(0,0,0)
(0,0,0)
(0,0,0)
(0,0,0)
(0,0,0)
(0,0,0)
(0,0,0)
(0,0,0)
(0,0,0)
(0,0,0)
(0,0,0)
(0,0,0)
(0,0,0)
(0,0,0)
(0,0,0)
(0,0,0)
(0,0,0)
(0,0,0)
(0,0,0)
(0,0,0)
(0,0,0)
(0,0,0)
(0,0,0)
(0,0,0)
(0,0,0)
(0,0,0)
(0,0,0)
(0,0,0)
(0,0,0)
(0,0,0)
(0,0,0)
(0,0,0)
(0,0,0)
(0,0,0)
(0,0,0)
(0,0,0)
(0,0,0)
(0,0,0)
(0,0,0)
(0,0,0)
(0,0,0)
(0,0,0)
(0,0,0)
(0,0,0)
(0,0,0)
(0,0,0)
(0,0,0)
(0,0,0)
(0,0,0)
(0,0,0)
(0,0,0)
(0,0,0)
(0,0,0)
(0,0,0)
(0,0,0)
(0,0,0)
(0,0,0)
(0,0,0)
(0,0,0)
(0,0,0)
(0,0,0)
(0,0,0)
(0,0,0)
(0,0,0)
(0,0,0)
(0,0,0)
(0,0,0)
(0,0,0)
(0,0,0)
(0,0,0)
(0,0,0)
(0,0,0)
(0,0,0)
(0,0,0)
(0,0,0)
(0,0,0)
(0,0,0)
(0,0,0)
(0,0,0)
(0,0,0)
(0,0,0)
(0,0,0)
(0,0,0)
(0,0,0)
(0,0,0)
(0,0,0)
(0,0,0)
(0,0,0)
(0,0,0)
(0,0,0)
(0,0,0)
(0,0,0)
(0,0,0)
(0,0,0)
(0,0,0)
(0,0,0)
(0,0,0)
(0,0,0)
(0,0,0)
(0,0,0)
(0,0,0)
(0,0,0)
(0,0,0)
(0,0,0)
(0,0,0)
(0,0,0)
(0,0,0)
(0,0,0)
(0,0,0)
(0,0,0)
(0,0,0)
(0,0,0)
(0,0,0)
(0,0,0)
(0,0,0)
(0,0,0)
(0,0,0)
(0,0,0)
(0,0,0)
(0,0,0)
(0,0,0)
(0,0,0)
(0,0,0)
(0,0,0)
(0,0,0)
(0,0,0)
(0,0,0)
(0,0,0)
(0,0,0)
(0,0,0)
(0,0,0)
(0,0,0)
(0,0,0)
(0,0,0)
(0,0,0)
(0,0,0)
(0,0,0)
(0,0,0)
(0,0,0)
(0,0,0)
(0,0,0)
(0,0,0)
(0,0,0)
(0,0,0)
(0,0,0)
(0,0,0)
(0,0,0)
(0,0,0)
(0,0,0)
(0,0,0)
(0,0,0)
(0,0,0)
(0,0,0)
(0,0,0)
(0,0,0)
(0,0,0)
(0,0,0)
(0,0,0)
(0,0,0)
(0,0,0)
(0,0,0)
(0,0,0)
(0,0,0)
(0,0,0)
(0,0,0)
(0,0,0)
(0,0,0)
(0,0,0)
(0,0,0)
(0,0,0)
(0,0,0)
(0,0,0)
(0,0,0)
(0,0,0)
(0,0,0)
(0,0,0)
(0,0,0)
(0,0,0)
(0,0,0)
(0,0,0)
(0,0,0)
(0,0,0)
(0,0,0)
(0,0,0)
(0,0,0)
(0,0,0)
(0,0,0)
(0,0,0)
(0,0,0)
(0,0,0)
(0,0,0)
(0,0,0)
(0,0,0)
(0,0,0)
(0,0,0)
(0,0,0)
(0,0,0)
(0,0,0)
(0,0,0)
(0,0,0)
(0,0,0)
(0,0,0)
(0,0,0)
(0,0,0)
(0,0,0)
(0,0,0)
(0,0,0)
(0,0,0)
(0,0,0)
(0,0,0)
(0,0,0)
(0,0,0)
(0,0,0)
(0,0,0)
(0,0,0)
(0,0,0)
(0,0,0)
(0,0,0)
(0,0,0)
(0,0,0)
(0,0,0)
(0,0,0)
(0,0,0)
(0,0,0)
(0,0,0)
(0,0,0)
(0,0,0)
(0,0,0)
(0,0,0)
(0,0,0)
(0,0,0)
(0,0,0)
(0,0,0)
(0,0,0)
(0,0,0)
(0,0,0)
(0,0,0)
(0,0,0)
(0,0,0)
(0,0,0)
(0,0,0)
(0,0,0)
(0,0,0)
(0,0,0)
(0,0,0)
(0,0,0)
(0,0,0)
(0,0,0)
(0,0,0)
(0,0,0)
(0,0,0)
(0,0,0)
(0,0,0)
(0,0,0)
(0,0,0)
(0,0,0)
(0,0,0)
(0,0,0)
(0,0,0)
(0,0,0)
(0,0,0)
(0,0,0)
(0,0,0)
(0,0,0)
(0,0,0)
(0,0,0)
(0,0,0)
(0,0,0)
(0,0,0)
(0,0,0)
(0,0,0)
(0,0,0)
(0,0,0)
(0,0,0)
(0,0,0)
(0,0,0)
(0,0,0)
(0,0,0)
(0,0,0)
(0,0,0)
(0,0,0)
(0,0,0)
(0,0,0)
(0,0,0)
(0,0,0)
(0,0,0)
(0,0,0)
(0,0,0)
(0,0,0)
(0,0,0)
(0,0,0)
(0,0,0)
(0,0,0)
(0,0,0)
(0,0,0)
(0,0,0)
(0,0,0)
(0,0,0)
(0,0,0)
(0,0,0)
(0,0,0)
(0,0,0)
(0,0,0)
(0,0,0)
(0,0,0)
(0,0,0)
(0,0,0)
(0,0,0)
(0,0,0)
(0,0,0)
(0,0,0)
(0,0,0)
(0,0,0)
(0,0,0)
(0,0,0)
(0,0,0)
(0,0,0)
(0,0,0)
(0,0,0)
(0,0,0)
(0,0,0)
(0,0,0)
(0,0,0)
(0,0,0)
(0,0,0)
(0,0,0)
(0,0,0)
(0,0,0)
(0,0,0)
(0,0,0)
(0,0,0)
(0,0,0)
(0,0,0)
(0,0,0)
(0,0,0)
(0,0,0)
(0,0,0)
(0,0,0)
(0,0,0)
(0,0,0)
(0,0,0)
(0,0,0)
(0,0,0)
(0,0,0)
(0,0,0)
(0,0,0)
(0,0,0)
(0,0,0)
(0,0,0)
(0,0,0)
(0,0,0)
(0,0,0)
(0,0,0)
(0,0,0)
(0,0,0)
(0,0,0)
(0,0,0)
(0,0,0)
(0,0,0)
(0,0,0)
(0,0,0)
(0,0,0)
(0,0,0)
(0,0,0)
(0,0,0)
(0,0,0)
(0,0,0)
(0,0,0)
(0,0,0)
(0,0,0)
(0,0,0)
(0,0,0)
(0,0,0)
(0,0,0)
(0,0,0)
(0,0,0)
(0,0,0)
(0,0,0)
(0,0,0)
(0,0,0)
(0,0,0)
(0,0,0)
(0,0,0)
(0,0,0)
(0,0,0)
(0,0,0)
(0,0,0)
(0,0,0)
(0,0,0)
(0,0,0)
(0,0,0)
(0,0,0)
(0,0,0)
(0,0,0)
(0,0,0)
(0,0,0)
(0,0,0)
(0,0,0)
(0,0,0)
(0,0,0)
(0,0,0)
(0,0,0)
(0,0,0)
(0,0,0)
(0,0,0)
(0,0,0)
(0,0,0)
(0,0,0)
(0,0,0)
(0,0,0)
(0,0,0)
(0,0,0)
(0,0,0)
(0,0,0)
(0,0,0)
(0,0,0)
(0,0,0)
(0,0,0)
(0,0,0)
(0,0,0)
(0,0,0)
(0,0,0)
(0,0,0)
(0,0,0)
(0,0,0)
(0,0,0)
(0,0,0)
(0,0,0)
(0,0,0)
(0,0,0)
(0,0,0)
(0,0,0)
(0,0,0)
(0,0,0)
(0,0,0)
(0,0,0)
(0,0,0)
(0,0,0)
(0,0,0)
(0,0,0)
(0,0,0)
(0,0,0)
(0,0,0)
(0,0,0)
(0,0,0)
(0,0,0)
(0,0,0)
(0,0,0)
(0,0,0)
(0,0,0)
(0,0,0)
(0,0,0)
(0,0,0)
(0,0,0)
(0,0,0)
(0,0,0)
(0,0,0)
(0,0,0)
(0,0,0)
(0,0,0)
(0,0,0)
(0,0,0)
(0,0,0)
(0,0,0)
(0,0,0)
(0,0,0)
(0,0,0)
(0,0,0)
(0,0,0)
(0,0,0)
(0,0,0)
(0,0,0)
(0,0,0)
(0,0,0)
(0,0,0)
(0,0,0)
(0,0,0)
(0,0,0)
(0,0,0)
(0,0,0)
(0,0,0)
(0,0,0)
(0,0,0)
(0,0,0)
(0,0,0)
(0,0,0)
(0,0,0)
(0,0,0)
(0,0,0)
(0,0,0)
(0,0,0)
(0,0,0)
(0,0,0)
(0,0,0)
(0,0,0)
(0,0,0)
(0,0,0)
(0,0,0)
(0,0,0)
(0,0,0)
(0,0,0)
(0,0,0)
(0,0,0)
(0,0,0)
(0,0,0)
(0,0,0)
(0,0,0)
(0,0,0)
(0,0,0)
(0,0,0)
(0,0,0)
(0,0,0)
(0,0,0)
(0,0,0)
(0,0,0)
(0,0,0)
(0,0,0)
(0,0,0)
(0,0,0)
(0,0,0)
(0,0,0)
(0,0,0)
(0,0,0)
(0,0,0)
(0,0,0)
(0,0,0)
(0,0,0)
(0,0,0)
(0,0,0)
(0,0,0)
(0,0,0)
(0,0,0)
(0,0,0)
(0,0,0)
(0,0,0)
(0,0,0)
(0,0,0)
(0,0,0)
(0,0,0)
(0,0,0)
(0,0,0)
(0,0,0)
(0,0,0)
(0,0,0)
(0,0,0)
(0,0,0)
(0,0,0)
(0,0,0)
(0,0,0)
(0,0,0)
(0,0,0)
(0,0,0)
(0,0,0)
(0,0,0)
(0,0,0)
(0,0,0)
(0,0,0)
(0,0,0)
(0,0,0)
(0,0,0)
(0,0,0)
(0,0,0)
(0,0,0)
(0,0,0)
(0,0,0)
(0,0,0)
(0,0,0)
(0,0,0)
(0,0,0)
(0,0,0)
(0,0,0)
(0,0,0)
(0,0,0)
(0,0,0)
(0,0,0)
(0,0,0)
(0,0,0)
(0,0,0)
(0,0,0)
(0,0,0)
(0,0,0)
(0,0,0)
(0,0,0)
(0,0,0)
(0,0,0)
(0,0,0)
(0,0,0)
(0,0,0)
(0,0,0)
(0,0,0)
(0,0,0)
(0,0,0)
(0,0,0)
(0,0,0)
(0,0,0)
(0,0,0)
(0,0,0)
(0,0,0)
(0,0,0)
(0,0,0)
(0,0,0)
(0,0,0)
(0,0,0)
(0,0,0)
(0,0,0)
(0,0,0)
(0,0,0)
(0,0,0)
(0,0,0)
(0,0,0)
(0,0,0)
(0,0,0)
(0,0,0)
(0,0,0)
(0,0,0)
(0,0,0)
(0,0,0)
(0,0,0)
(0,0,0)
(0,0,0)
(0,0,0)
(0,0,0)
(0,0,0)
(0,0,0)
(0,0,0)
(0,0,0)
(0,0,0)
(0,0,0)
(0,0,0)
(0,0,0)
(0,0,0)
(0,0,0)
(0,0,0)
(0,0,0)
(0,0,0)
(0,0,0)
(0,0,0)
(0,0,0)
(0,0,0)
(0,0,0)
(0,0,0)
(0,0,0)
(0,0,0)
(0,0,0)
(0,0,0)
(0,0,0)
(0,0,0)
(0,0,0)
(0,0,0)
(0,0,0)
(0,0,0)
(0,0,0)
(0,0,0)
(0,0,0)
(0,0,0)
(0,0,0)
(0,0,0)
(0,0,0)
(0,0,0)
(0,0,0)
(0,0,0)
(0,0,0)
(0,0,0)
(0,0,0)
(0,0,0)
(0,0,0)
(0,0,0)
(0,0,0)
(0,0,0)
(0,0,0)
(0,0,0)
(0,0,0)
(0,0,0)
(0,0,0)
(0,0,0)
(0,0,0)
(0,0,0)
(0,0,0)
(0,0,0)
(0,0,0)
(0,0,0)
(0,0,0)
(0,0,0)
(0,0,0)
(0,0,0)
(0,0,0)
(0,0,0)
(0,0,0)
(0,0,0)
(0,0,0)
(0,0,0)
(0,0,0)
(0,0,0)
(0,0,0)
(0,0,0)
(0,0,0)
(0,0,0)
(0,0,0)
(0,0,0)
(0,0,0)
(0,0,0)
(0,0,0)
(0,0,0)
(0,0,0)
(0,0,0)
(0,0,0)
(0,0,0)
(0,0,0)
