(0,0,0)
(0,0,0)
(0,0,0)
(0,0,0)
(0,0,0)
(0,0,0)
(0,0,0)
(0,0,0)
(0,0,0)
(0,0,0)
(0,0,0)
(0,0,0)
(0,0,0)
(0,0,0)
(0,0,0)
(0,0,0)
(0,0,0)
(0,0,0)
(0,0,0)
(0,0,0)
(0,0,0)
(0,0,0)
(0,0,0)
(0,0,0)
(0,0,0)
(0,0,0)
(0,0,0)
(0,0,0)
(0,0,0)
(0,0,0)
(0,0,0)
(0,0,0)
(0,0,0)
(0,0,0)
(0,0,0)
(0,0,0)
(0,0,0)
(0,0,0)
(0,0,0)
(0,0,0)
(0,0,0)
(0,0,0)
(0,0,0)
(0,0,0)
(0,0,0)
(0,0,0)
(0,0,0)
(0,0,0)
(0,0,0)
(0,0,0)
(0,0,0)
(0,0,0)
(0,0,0)
(0,0,0)
(0,0,0)
(0,0,0)
(0,0,0)
(0,0,0)
(0,0,0)
(0,0,0)
(0,0,0)
(0,0,0)
(0,0,0)
(0,0,0)
(0,0,0)
(0,0,0)
(0,0,0)
(0,0,0)
(0,0,0)
(0,0,0)
(0,0,0)
(0,0,0)
(0,0,0)
(0,0,0)
(0,0,0)
(0,0,0)
(0,0,0)
(0,0,0)
(0,0,0)
(0,0,0)
(0,0,0)
(0,0,0)
(0,0,0)
(0,0,0)
(0,0,0)
(0,0,0)
(0,0,0)
(0,0,0)
(0,0,0)
(0,0,0)
(0,0,0)
(0,0,0)
(0,0,0)
(0,0,0)
(0,0,0)
(0,0,0)
(0,0,0)
(0,0,0)
(0,0,0)
(0,0,0)
(0,0,0)
(0,0,0)
(0,0,0)
(0,0,0)
(0,0,0)
(0,0,0)
(0,0,0)
(0,0,0)
(0,0,0)
(0,0,0)
(0,0,0)
(0,0,0)
(0,0,0)
(0,0,0)
(0,0,0)
(0,0,0)
(0,0,0)
(0,0,0)
(0,0,0)
(0,0,0)
(0,0,0)
(0,0,0)
(0,0,0)
(0,0,0)
(0,0,0)
(0,0,0)
(0,0,0)
(0,0,0)
(0,0,0)
(0,0,0)
(0,0,0)
(0,0,0)
(0,0,0)
(0,0,0)
(0,0,0)
(0,0,0)
(0,0,0)
(0,0,0)
(0,0,0)
(0,0,0)
(0,0,0)
(0,0,0)
(0,0,0)
(0,0,0)
(0,0,0)
(0,0,0)
(0,0,0)
(0,0,0)
(0,0,0)
(0,0,0)
(0,0,0)
(0,0,0)
(0,0,0)
(0,0,0)
(0,0,0)
(0,0,0)
(0,0,0)
(0,0,0)
(0,0,0)
(0,0,0)
(0,0,0)
(0,0,0)
(0,0,0)
(0,0,0)
(0,0,0)
(0,0,0)
(0,0,0)
(0,0,0)
(0,0,0)
(0,0,0)
(0,0,0)
(0,0,0)
(0,0,0)
(0,0,0)
(0,0,0)
(0,0,0)
(0,0,0)
(0,0,0)
(0,0,0)
(0,0,0)
(0,0,0)
(0,0,0)
(0,0,0)
(0,0,0)
(0,0,0)
(0,0,0)
(0,0,0)
(0,0,0)
(0,0,0)
(0,0,0)
(0,0,0)
(0,0,0)
(0,0,0)
(0,0,0)
(0,0,0)
(0,0,0)
(0,0,0)
(0,0,0)
(0,0,0)
(0,0,0)
(0,0,0)
(0,0,0)
(0,0,0)
(0,0,0)
(0,0,0)
(0,0,0)
(0,0,0)
(0,0,0)
(0,0,0)
(0,0,0)
(0,0,0)
(0,0,0)
(0,0,0)
(0,0,0)
(0,0,0)
(0,0,0)
(0,0,0)
(0,0,0)
(0,0,0)
(0,0,0)
(0,0,0)
(0,0,0)
(0,0,0)
(0,0,0)
(0,0,0)
(0,0,0)
(0,0,0)
(0,0,0)
(0,0,0)
(0,0,0)
(0,0,0)
(0,0,0)
(0,0,0)
(0,0,0)
(0,0,0)
(0,0,0)
(0,0,0)
(0,0,0)
(0,0,0)
(0,0,0)
(0,0,0)
(0,0,0)
(0,0,0)
(0,0,0)
(0,0,0)
(0,0,0)
(0,0,0)
(0,0,0)
(0,0,0)
(0,0,0)
(0,0,0)
(0,0,0)
(0,0,0)
(0,0,0)
(0,0,0)
(0,0,0)
(0,0,0)
(0,0,0)
(0,0,0)
(0,0,0)
(0,0,0)
(0,0,0)
(0,0,0)
(0,0,0)
(0,0,0)
(0,0,0)
(0,0,0)
(0,0,0)
(0,0,0)
(0,0,0)
(0,0,0)
(0,0,0)
(0,0,0)
(0,0,0)
(0,0,0)
(0,0,0)
(0,0,0)
(0,0,0)
(0,0,0)
(0,0,0)
(0,0,0)
(0,0,0)
(0,0,0)
(0,0,0)
(0,0,0)
(0,0,0)
(0,0,0)
(0,0,0)
(0,0,0)
(0,0,0)
(0,0,0)
(0,0,0)
(0,0,0)
(0,0,0)
(0,0,0)
(0,0,0)
(0,0,0)
(0,0,0)
(0,0,0)
(0,0,0)
(0,0,0)
(0,0,0)
(0,0,0)
(0,0,0)
(0,0,0)
(0,0,0)
(0,0,0)
(0,0,0)
(0,0,0)
(0,0,0)
(0,0,0)
(0,0,0)
(0,0,0)
(0,0,0)
(0,0,0)
(0,0,0)
(0,0,0)
(0,0,0)
(0,0,0)
(0,0,0)
(0,0,0)
(0,0,0)
(0,0,0)
(0,0,0)
(0,0,0)
(0,0,0)
(0,0,0)
(0,0,0)
(0,0,0)
(0,0,0)
(0,0,0)
(0,0,0)
(0,0,0)
(0,0,0)
(0,0,0)
(0,0,0)
(0,0,0)
(0,0,0)
(0,0,0)
(0,0,0)
(0,0,0)
(0,0,0)
(0,0,0)
(0,0,0)
(0,0,0)
(0,0,0)
(0,0,0)
(0,0,0)
(0,0,0)
(0,0,0)
(0,0,0)
(0,0,0)
(0,0,0)
(0,0,0)
(0,0,0)
(0,0,0)
(0,0,0)
(0,0,0)
(0,0,0)
(0,0,0)
(0,0,0)
(0,0,0)
(0,0,0)
(0,0,0)
(0,0,0)
(0,0,0)
(0,0,0)
(0,0,0)
(0,0,0)
(0,0,0)
(0,0,0)
(0,0,0)
(0,0,0)
(0,0,0)
(0,0,0)
(0,0,0)
(0,0,0)
(0,0,0)
(0,0,0)
(0,0,0)
(0,0,0)
(0,0,0)
(0,0,0)
(0,0,0)
(0,0,0)
(0,0,0)
(0,0,0)
(0,0,0)
(0,0,0)
(0,0,0)
(0,0,0)
(0,0,0)
(0,0,0)
(0,0,0)
(0,0,0)
(0,0,0)
(0,0,0)
(0,0,0)
(0,0,0)
(0,0,0)
(0,0,0)
(0,0,0)
(0,0,0)
(0,0,0)
(0,0,0)
(0,0,0)
(0,0,0)
(0,0,0)
(0,0,0)
(0,0,0)
(0,0,0)
(0,0,0)
(0,0,0)
(0,0,0)
(0,0,0)
(0,0,0)
(0,0,0)
(0,0,0)
(0,0,0)
(0,0,0)
(0,0,0)
(0,0,0)
(0,0,0)
(0,0,0)
(0,0,0)
(0,0,0)
(0,0,0)
(0,0,0)
(0,0,0)
(0,0,0)
(0,0,0)
(0,0,0)
(0,0,0)
(0,0,0)
(0,0,0)
(0,0,0)
(0,0,0)
(0,0,0)
(0,0,0)
(0,0,0)
(0,0,0)
(0,0,0)
(0,0,0)
(0,0,0)
(0,0,0)
(0,0,0)
(0,0,0)
(0,0,0)
(0,0,0)
(0,0,0)
(0,0,0)
(0,0,0)
(0,0,0)
(0,0,0)
(0,0,0)
(0,0,0)
(0,0,0)
(0,0,0)
(0,0,0)
(0,0,0)
(0,0,0)
(0,0,0)
(0,0,0)
(0,0,0)
(0,0,0)
(0,0,0)
(0,0,0)
(0,0,0)
(0,0,0)
(0,0,0)
(0,0,0)
(0,0,0)
(0,0,0)
(0,0,0)
(0,0,0)
(0,0,0)
(0,0,0)
(0,0,0)
(0,0,0)
(0,0,0)
(0,0,0)
(0,0,0)
(0,0,0)
(0,0,0)
(0,0,0)
(0,0,0)
(0,0,0)
(0,0,0)
(0,0,0)
(0,0,0)
(0,0,0)
(0,0,0)
(0,0,0)
(0,0,0)
(0,0,0)
(0,0,0)
(0,0,0)
(0,0,0)
(0,0,0)
(0,0,0)
(0,0,0)
(0,0,0)
(0,0,0)
(0,0,0)
(0,0,0)
(0,0,0)
(0,0,0)
(0,0,0)
(0,0,0)
(0,0,0)
(0,0,0)
(0,0,0)
(0,0,0)
(0,0,0)
(0,0,0)
(0,0,0)
(0,0,0)
(0,0,0)
(0,0,0)
(0,0,0)
(0,0,0)
(0,0,0)
(0,0,0)
(0,0,0)
(0,0,0)
(0,0,0)
(0,0,0)
(0,0,0)
(0,0,0)
(0,0,0)
(0,0,0)
(0,0,0)
(0,0,0)
(0,0,0)
(0,0,0)
(0,0,0)
(0,0,0)
(0,0,0)
(0,0,0)
(0,0,0)
(0,0,0)
(0,0,0)
(0,0,0)
(0,0,0)
(0,0,0)
(0,0,0)
(0,0,0)
(0,0,0)
(0,0,0)
(0,0,0)
(0,0,0)
(0,0,0)
(0,0,0)
(0,0,0)
(0,0,0)
(0,0,0)
(0,0,0)
(0,0,0)
(0,0,0)
(0,0,0)
(0,0,0)
(0,0,0)
(0,0,0)
(0,0,0)
(0,0,0)
(0,0,0)
(0,0,0)
(0,0,0)
(0,0,0)
(0,0,0)
(0,0,0)
(0,0,0)
(0,0,0)
(0,0,0)
(0,0,0)
(0,0,0)
(0,0,0)
(0,0,0)
(0,0,0)
(0,0,0)
(0,0,0)
(0,0,0)
(0,0,0)
(0,0,0)
(0,0,0)
(0,0,0)
(0,0,0)
(0,0,0)
(0,0,0)
(0,0,0)
(0,0,0)
(0,0,0)
(0,0,0)
(0,0,0)
(0,0,0)
(0,0,0)
(0,0,0)
(0,0,0)
(0,0,0)
(0,0,0)
(0,0,0)
(0,0,0)
(0,0,0)
(0,0,0)
(0,0,0)
(0,0,0)
(0,0,0)
(0,0,0)
(0,0,0)
(0,0,0)
(0,0,0)
(0,0,0)
(0,0,0)
(0,0,0)
(0,0,0)
(0,0,0)
(0,0,0)
(0,0,0)
(0,0,0)
(0,0,0)
(0,0,0)
(0,0,0)
(0,0,0)
(0,0,0)
(0,0,0)
(0,0,0)
(0,0,0)
(0,0,0)
(0,0,0)
(0,0,0)
(0,0,0)
(0,0,0)
(0,0,0)
(0,0,0)
(0,0,0)
(0,0,0)
(0,0,0)
(0,0,0)
(0,0,0)
(0,0,0)
(0,0,0)
(0,0,0)
(0,0,0)
(0,0,0)
(0,0,0)
(0,0,0)
(0,0,0)
(0,0,0)
(0,0,0)
(0,0,0)
(0,0,0)
(0,0,0)
(0,0,0)
(0,0,0)
(0,0,0)
(0,0,0)
(0,0,0)
(0,0,0)
(0,0,0)
(0,0,0)
(0,0,0)
(0,0,0)
(0,0,0)
(0,0,0)
(0,0,0)
(0,0,0)
(0,0,0)
(0,0,0)
(0,0,0)
(0,0,0)
(0,0,0)
(0,0,0)
(0,0,0)
(0,0,0)
(0,0,0)
(0,0,0)
(0,0,0)
(0,0,0)
(0,0,0)
(0,0,0)
(0,0,0)
(0,0,0)
(0,0,0)
(0,0,0)
(0,0,0)
(0,0,0)
(0,0,0)
(0,0,0)
(0,0,0)
(0,0,0)
(0,0,0)
(0,0,0)
(0,0,0)
(0,0,0)
(0,0,0)
(0,0,0)
(0,0,0)
(0,0,0)
(0,0,0)
(0,0,0)
(0,0,0)
(0,0,0)
(0,0,0)
(0,0,0)
(0,0,0)
(0,0,0)
(0,0,0)
(0,0,0)
(0,0,0)
(0,0,0)
(0,0,0)
(0,0,0)
(0,0,0)
(0,0,0)
(0,0,0)
(0,0,0)
(0,0,0)
(0,0,0)
(0,0,0)
(0,0,0)
(0,0,0)
(0,0,0)
(0,0,0)
(0,0,0)
(0,0,0)
(0,0,0)
(0,0,0)
(0,0,0)
(0,0,0)
(0,0,0)
(0,0,0)
(0,0,0)
(0,0,0)
(0,0,0)
(0,0,0)
(0,0,0)
(0,0,0)
(0,0,0)
(0,0,0)
(0,0,0)
(0,0,0)
(0,0,0)
(0,0,0)
(0,0,0)
(0,0,0)
(0,0,0)
(0,0,0)
(0,0,0)
(0,0,0)
(0,0,0)
(0,0,0)
(0,0,0)
(0,0,0)
(0,0,0)
(0,0,0)
(0,0,0)
(0,0,0)
(0,0,0)
(0,0,0)
(0,0,0)
(0,0,0)
(0,0,0)
(0,0,0)
(0,0,0)
(0,0,0)
(0,0,0)
(0,0,0)
(0,0,0)
(0,0,0)
(0,0,0)
(0,0,0)
(0,0,0)
(0,0,0)
(0,0,0)
(0,0,0)
(0,0,0)
(0,0,0)
(0,0,0)
(0,0,0)
(0,0,0)
(0,0,0)
(0,0,0)
(0,0,0)
(0,0,0)
(0,0,0)
(0,0,0)
(0,0,0)
(0,0,0)
(0,0,0)
(0,0,0)
(0,0,0)
(0,0,0)
(0,0,0)
(0,0,0)
(0,0,0)
(0,0,0)
(0,0,0)
(0,0,0)
(0,0,0)
(0,0,0)
(0,0,0)
(0,0,0)
(0,0,0)
(0,0,0)
(0,0,0)
(0,0,0)
(0,0,0)
(0,0,0)
(0,0,0)
(0,0,0)
(0,0,0)
(0,0,0)
(0,0,0)
(0,0,0)
(0,0,0)
(0,0,0)
(0,0,0)
(0,0,0)
(0,0,0)
(-218185.686542318,116207.319716,101978.366826317)
(-230728.580084861,111419.9586934,221286.988217779)
(-259765.127329012,101435.748257249,379616.367289543)
(-314693.579704394,85756.55029072,608553.39670322)
(-413729.903648816,64605.4111585465,957677.889193497)
(-591550.306224205,40302.2864227039,1508925.90899499)
(-913565.806773362,18183.6894833212,2404308.02628506)
(-1495445.37174612,4616.08550412386,3895137.31252707)
(-2466409.08049305,67.916607313331,6361478.47641282)
(-3436454.18177359,-363.317280359393,9798295.97546678)
(0,0,0)
(0,0,0)
(0,0,0)
(0,0,0)
(0,0,0)
(0,0,0)
(-230823.885302764,249793.113057735,97238.0919610273)
(-243454.754999498,240733.566602015,211379.239051914)
(-272930.904498804,221719.426568132,364026.465239831)
(-329149.346811317,191431.403268664,587500.95907321)
(-430951.74557877,149608.200804724,933449.915005795)
(-613043.205649863,99879.6568570857,1486915.75022128)
(-938603.536717307,52823.7596094025,2390879.21681248)
(-1518280.67011138,23013.8674101745,3890762.10501777)
(-2481645.61245554,11254.5282075951,6361221.10587308)
(-3443586.7432074,5700.24898264399,9798744.2828174)
(0,0,0)
(0,0,0)
(0,0,0)
(0,0,0)
(0,0,0)
(0,0,0)
(-259589.256742823,421121.556115181,88260.813685378)
(-272421.528698175,408927.017607459,192488.891378109)
(-302826.254163153,383153.75725715,333880.814852248)
(-361862.401697634,341342.721999666,545831.897818882)
(-470197.540615489,281760.068229086,883877.571010005)
(-663609.431430547,207317.827612513,1440048.83168512)
(-1000366.26763107,131950.146931351,2361288.71199426)
(-1575145.22208212,80183.2172396753,3879264.58424685)
(-2518299.26932263,52854.1030635829,6355964.27871355)
(-3460217.86768446,28611.8708433996,9793270.52453725)
(0,0,0)
(0,0,0)
(0,0,0)
(0,0,0)
(0,0,0)
(0,0,0)
(-313166.576418454,658088.737147745,76199.395385892)
(-326255.885405036,644490.356245347,166891.942153042)
(-357847.208508417,615583.504653312,292309.403265292)
(-420935.838168819,568082.974231006,486504.989202764)
(-540029.023770091,498581.949286396,809712.131915548)
(-755176.377436279,407207.362178844,1364998.97478549)
(-1118695.93148648,305762.366651151,2309882.68655218)
(-1685191.91570517,222944.461285445,3852313.35821153)
(-2585440.6717006,158429.677295929,6332178.45567973)
(-3489503.36169747,85231.0882233504,9765062.59999739)
(0,0,0)
(0,0,0)
(0,0,0)
(0,0,0)
(0,0,0)
(0,0,0)
(-409231.244517352,1004562.17311219,62757.8085529045)
(-422305.532763623,991350.535857763,138203.16170411)
(-454557.679513356,963264.6307808,245079.715089978)
(-521062.823378284,916952.181126464,417273.331572807)
(-651250.210853368,848450.33996812,718655.151744457)
(-893282.789182767,755293.676482343,1263851.62662371)
(-1298907.47385236,641132.855025325,2227388.61210189)
(-1852758.6240038,514943.075799296,3788148.62159187)
(-2683006.66703856,370175.754928933,6259409.21099749)
(-3531835.04016275,196204.234898444,9680271.10448514)
(0,0,0)
(0,0,0)
(0,0,0)
(0,0,0)
(0,0,0)
(0,0,0)
(-582621.023960998,1537515.97415515,49667.2229180421)
(-595044.853910803,1525785.79793393,110276.814752678)
(-626268.999414755,1500778.80018684,199031.644761394)
(-692140.64423318,1459117.98493103,349006.48519001)
(-823716.155026337,1395383.8181386,625789.162045864)
(-1070364.05650871,1301409.32693878,1150037.56809815)
(-1477257.11645275,1166853.26847365,2101574.2711026)
(-2005983.34796329,978734.699758655,3643765.99510652)
(-2788629.6994075,716665.131182315,6085906.31826067)
(-3585056.78321909,382594.435634086,9484572.90074402)
(0,0,0)
(0,0,0)
(0,0,0)
(0,0,0)
(0,0,0)
(0,0,0)
(-900908.089614464,2400453.07084861,37970.9929210045)
(-911917.619653233,2390344.33179832,85330.0787098505)
(-939960.346174782,2368576.25426937,157492.970802108)
(-1000156.90946384,2331404.39157496,285363.473622013)
(-1122379.56376253,2271047.74617391,532079.109349237)
(-1354142.27963215,2171782.9162416,1015847.79967855)
(-1736022.7734866,2004902.36676235,1913821.47487646)
(-2216814.58789106,1727318.40143127,3382052.36109491)
(-2945971.08863262,1292406.05609719,5752282.52481259)
(-3671847.33669594,704191.991352792,9102532.3057899)
(0,0,0)
(0,0,0)
(0,0,0)
(0,0,0)
(0,0,0)
(0,0,0)
(-1483074.77579155,3855686.2604767,27841.5861634542)
(-1491885.0057299,3846511.95153335,63558.9721583302)
(-1514489.09281681,3826283.28595959,120341.033284934)
(-1563466.16602105,3790174.50692142,225037.08395952)
(-1663945.18397284,3727014.00770739,433016.006398869)
(-1856626.47653323,3612176.25852196,849249.140651731)
(-2176435.0009311,3394034.4989743,1636552.00937087)
(-2565645.86182064,2982052.67607303,2947463.59654976)
(-3231559.6048603,2306987.91715581,5164441.34035145)
(-3837773.7747532,1307639.11824961,8398767.98820776)
(0,0,0)
(0,0,0)
(0,0,0)
(0,0,0)
(0,0,0)
(0,0,0)
(-2458005.32967006,6295014.05595602,18677.5341907243)
(-2464013.37637234,6285830.62678974,43372.2353066832)
(-2479376.9250709,6264803.81219612,84228.6341410118)
(-2512321.77067576,6224824.3325814,161900.57915679)
(-2578699.02522724,6149309.41453195,318304.197559483)
(-2703368.08913502,6002584.65508944,631263.890127011)
(-2912689.63023113,5713182.84607457,1224805.17325788)
(-3223593.59043731,5157779.19335066,2272672.24641757)
(-3758284.58040562,4172573.51186313,4165371.23211581)
(-4127178.14949959,2508729.52468954,7091458.97517549)
(0,0,0)
(0,0,0)
(0,0,0)
(0,0,0)
(0,0,0)
(0,0,0)
(-3432604.45163701,9718082.26561358,9536.24197945666)
(-3435599.97340319,9708578.6840108,22388.158161597)
(-3443236.27274175,9686217.03998409,44211.2031153905)
(-3459433.38584305,9642071.1378476,86397.7836922398)
(-3491569.0341043,9555631.31416761,171644.918160895)
(-3551605.75238328,9383927.62560238,341907.700031252)
(-3656352.68471797,9041961.36732262,669481.863501176)
(-3832812.51578258,8372457.49990442,1287616.07272996)
(-4126216.9282261,7084737.31374518,2501669.19907399)
(-4155451.08926536,4582966.0108738,4582883.8021551)
(0,0,0)
(0,0,0)
(0,0,0)
(0,0,0)
(0,0,0)
(0,0,0)
(0,0,0)
(0,0,0)
(0,0,0)
(0,0,0)
(0,0,0)
(0,0,0)
(0,0,0)
(0,0,0)
(0,0,0)
(0,0,0)
(0,0,0)
(0,0,0)
(0,0,0)
(0,0,0)
(0,0,0)
(0,0,0)
(0,0,0)
(0,0,0)
(0,0,0)
(0,0,0)
(0,0,0)
(0,0,0)
(0,0,0)
(0,0,0)
(0,0,0)
(0,0,0)
(0,0,0)
(0,0,0)
(0,0,0)
(0,0,0)
(0,0,0)
(0,0,0)
(0,0,0)
(0,0,0)
(0,0,0)
(0,0,0)
(0,0,0)
(0,0,0)
(0,0,0)
(0,0,0)
(0,0,0)
(0,0,0)
(0,0,0)
(0,0,0)
(0,0,0)
(0,0,0)
(0,0,0)
(0,0,0)
(0,0,0)
(0,0,0)
(0,0,0)
(0,0,0)
(0,0,0)
(0,0,0)
(0,0,0)
(0,0,0)
(0,0,0)
(0,0,0)
(0,0,0)
(0,0,0)
(0,0,0)
(0,0,0)
(0,0,0)
(0,0,0)
(0,0,0)
(0,0,0)
(0,0,0)
(0,0,0)
(0,0,0)
(0,0,0)
(0,0,0)
(0,0,0)
(0,0,0)
(0,0,0)
(0,0,0)
(0,0,0)
(0,0,0)
(0,0,0)
(0,0,0)
(0,0,0)
(0,0,0)
(0,0,0)
(0,0,0)
(0,0,0)
(0,0,0)
(0,0,0)
(0,0,0)
(0,0,0)
(0,0,0)
(0,0,0)
(0,0,0)
(0,0,0)
(0,0,0)
(0,0,0)
(0,0,0)
(0,0,0)
(32227166.8630187,103663.770113163,89443.1899603797)
(32206230.5711955,98728.4577771823,192215.090537418)
(32157975.1634376,88277.990626625,324656.318778633)
(32067677.5252283,71315.9729127584,509428.750567713)
(31906951.4342905,47429.6647058301,779777.257557093)
(31620985.6108948,18837.2760203212,1186863.57405217)
(31096315.1325207,-6849.90782589101,1822292.05221855)
(30059515.525179,-18204.8006797477,2923995.46560768)
(27719998.1285372,-15127.7477842015,5391175.5139962)
(21366325.8161334,-7443.94292920506,13234298.9686529)
(0,0,0)
(0,0,0)
(0,0,0)
(0,0,0)
(0,0,0)
(0,0,0)
(32205683.5729886,221043.671513596,84572.1499427615)
(32184716.8731337,211752.827440631,181835.661780677)
(32136046.2887763,191808.114911362,307787.853855335)
(32044051.6645762,158713.267770533,485649.057244531)
(31878896.2080373,110394.190528445,751296.087440389)
(31584891.2215551,49359.9454372808,1161298.50045307)
(31052170.4123158,-8921.37793672976,1811055.53116544)
(30019670.8815817,-33845.6313376308,2927204.31976477)
(27695212.674091,-25336.1225116224,5399013.91758005)
(21355448.4442411,-10842.8751120541,13241837.1719489)
(0,0,0)
(0,0,0)
(0,0,0)
(0,0,0)
(0,0,0)
(0,0,0)
(32157081.4968632,367467.208595305,75365.2189467947)
(32136040.2565755,355099.813925681,162015.956822632)
(32086421.7377612,328171.905080671,274863.684363539)
(31990397.7134927,282269.106524962,437507.240053419)
(31813763.7931041,211932.777454447,690466.829042361)
(31495616.5566494,115804.345382668,1103255.95065158)
(30932363.1298775,13687.2985833961,1786377.38625746)
(29909705.1191125,-29818.1063626441,2935959.02972251)
(27631227.248393,-14236.2386007497,5413792.13773042)
(21328881.291501,-630.449310629473,13252940.0623781)
(0,0,0)
(0,0,0)
(0,0,0)
(0,0,0)
(0,0,0)
(0,0,0)
(32067746.8368451,561930.090123603,63083.2148426537)
(32046699.6100695,548430.715370649,135256.327557714)
(31995886.1021823,518923.41933411,229231.012248154)
(31893587.0425354,468007.02286155,367429.724841953)
(31695823.4120634,387387.731559525,594581.84453794)
(31323094.7555117,269142.772268389,1001431.7943388)
(30666063.8086107,125606.873330209,1743211.98912943)
(29659370.3904306,55429.0007056486,2951862.08555988)
(27501958.8444229,60907.675778803,5427778.16469126)
(21279232.001351,42936.0206721212,13253935.8412947)
(0,0,0)
(0,0,0)
(0,0,0)
(0,0,0)
(0,0,0)
(0,0,0)
(31910436.6338223,831023.940732621,49697.7806858328)
(31889840.0618571,818497.579478429,105944.831591878)
(31838728.6145078,791470.569469417,178570.897070041)
(31731065.3196164,745825.580426853,287083.70614451)
(31509128.4067255,675909.021680893,476643.308078906)
(31054601.5465751,578131.952487699,858229.301736363)
(30187318.5102407,462695.222658001,1673374.47795003)
(29195204.8370277,361637.644758796,2957661.8825)
(27299335.836304,264484.987286039,5410201.57728463)
(21205372.8999758,142950.944602368,13211438.2228504)
(0,0,0)
(0,0,0)
(0,0,0)
(0,0,0)
(0,0,0)
(0,0,0)
(31630566.6282326,1219022.97322936,37272.8249442378)
(31611369.1551799,1208741.09868709,79074.8062793853)
(31562656.4371414,1186917.880375,133161.568452261)
(31456932.9037841,1150957.91258747,217415.197909065)
(31232377.0223051,1096534.0493307,379156.502562391)
(30764804.8230247,1017420.40376839,743158.681382828)
(29886497.7901286,907878.342500044,1572680.164594)
(28938174.6294069,767746.376558646,2860872.96505844)
(27126894.808526,559192.813417045,5289100.1406284)
(21120782.0098879,295726.773559266,13068945.028199)
(0,0,0)
(0,0,0)
(0,0,0)
(0,0,0)
(0,0,0)
(0,0,0)
(31111473.1696962,1818096.61686563,27004.6066876539)
(31094741.5657944,1810202.50928558,57343.5202760636)
(31051553.5181184,1793849.81975238,97357.2262401099)
(30955555.9511455,1767901.24968069,163160.538172181)
(30746160.9946553,1729289.91365641,300323.625063272)
(30299021.647548,1669087.66334852,633951.947937472)
(29447130.2771187,1564262.88670011,1432873.8627666)
(28591302.5954533,1378308.01211537,2652654.55350006)
(26871660.4179375,1006660.87778278,5026014.49219864)
(20976507.4699743,538164.951827012,12773681.0168954)
(0,0,0)
(0,0,0)
(0,0,0)
(0,0,0)
(0,0,0)
(0,0,0)
(30073792.9931859,2880621.11669751,19067.2408252393)
(30060594.2223551,2874240.76143449,41009.2702259031)
(30026175.4264043,2861220.71228498,71433.3681067131)
(29948603.12844,2841112.48064461,124612.352316353)
(29776040.171929,2812027.45876431,240348.960941086)
(29396717.2913243,2765153.98022025,529398.385846499)
(28651028.6913584,2657467.74047986,1247189.34941175)
(28093184.2298733,2323831.97139395,2281294.80807372)
(26357007.9606091,1780030.06161063,4557817.56841089)
(20642678.8490856,1018087.267657,12235902.1383766)
(0,0,0)
(0,0,0)
(0,0,0)
(0,0,0)
(0,0,0)
(0,0,0)
(27728239.6288766,5320156.56687484,12679.100910519)
(27719354.7150639,5313985.68121559,28025.5993278435)
(27696341.4111664,5300679.11297485,51308.3720352319)
(27645584.8791859,5277432.71927212,95540.993180571)
(27537580.9201211,5236137.12362354,193610.89260752)
(27317964.37563,5154021.25818884,421870.659508416)
(26922143.4889034,4969191.17419013,913773.616298216)
(26366452.5101046,4548249.4540574,1737769.54272743)
(24797491.4713164,3804351.39726551,3796131.66498506)
(19627095.6406219,2480278.3181155,11218126.3340395)
(0,0,0)
(0,0,0)
(0,0,0)
(0,0,0)
(0,0,0)
(0,0,0)
(21369278.5644194,13150216.6241765,6516.43627635932)
(21364893.6968535,13143733.5057423,14734.4511274661)
(21353603.5455018,13129008.3625624,28024.8929309059)
(21329201.3588081,13101012.9055338,54269.4716527201)
(21278995.8889035,13046706.2907718,111594.891131295)
(21180325.813275,12935024.9202868,237119.173009682)
(20997653.2492757,12697818.5532562,492945.369584531)
(20647935.5361188,12204819.2170698,994087.064305246)
(19627886.3763724,11210556.4872614,2472238.17934542)
(15959294.3802922,8738187.69455491,8738042.84298291)
(0,0,0)
(0,0,0)
(0,0,0)
(0,0,0)
(0,0,0)
(0,0,0)
(0,0,0)
(0,0,0)
(0,0,0)
(0,0,0)
(0,0,0)
(0,0,0)
(0,0,0)
(0,0,0)
(0,0,0)
(0,0,0)
(0,0,0)
(0,0,0)
(0,0,0)
(0,0,0)
(0,0,0)
(0,0,0)
(0,0,0)
(0,0,0)
(0,0,0)
(0,0,0)
(0,0,0)
(0,0,0)
(0,0,0)
(0,0,0)
(0,0,0)
(0,0,0)
(0,0,0)
(0,0,0)
(0,0,0)
(0,0,0)
(0,0,0)
(0,0,0)
(0,0,0)
(0,0,0)
(0,0,0)
(0,0,0)
(0,0,0)
(0,0,0)
(0,0,0)
(0,0,0)
(0,0,0)
(0,0,0)
(0,0,0)
(0,0,0)
(0,0,0)
(0,0,0)
(0,0,0)
(0,0,0)
(0,0,0)
(0,0,0)
(0,0,0)
(0,0,0)
(0,0,0)
(0,0,0)
(0,0,0)
(0,0,0)
(0,0,0)
(0,0,0)
(0,0,0)
(0,0,0)
(0,0,0)
(0,0,0)
(0,0,0)
(0,0,0)
(0,0,0)
(0,0,0)
(0,0,0)
(0,0,0)
(0,0,0)
(0,0,0)
(0,0,0)
(0,0,0)
(0,0,0)
(0,0,0)
(0,0,0)
(0,0,0)
(0,0,0)
(0,0,0)
(0,0,0)
(0,0,0)
(0,0,0)
(0,0,0)
(0,0,0)
(0,0,0)
(0,0,0)
(0,0,0)
(0,0,0)
(0,0,0)
(0,0,0)
(0,0,0)
(0,0,0)
(0,0,0)
(0,0,0)
(0,0,0)
(0,0,0)
(0,0,0)
(-561875.471439589,82213.7271756438,68369.0976480848)
(-584952.243788117,77255.0004503226,143837.402546795)
(-637278.22664538,66366.0110906456,234265.271904676)
(-732727.710909285,47684.8747751584,348526.123632571)
(-896031.419185577,19385.9909160987,493663.476558027)
(-1168572.74367202,-17256.8929787422,662019.214469175)
(-1614340.7310974,-50986.9723590818,785202.540811781)
(-2319835.97656652,-58020.8293809818,584115.362303789)
(-3331459.69077276,-39862.3140283456,-963024.013992516)
(-4083796.41494042,-18255.2756877756,-8133106.01686539)
(0,0,0)
(0,0,0)
(0,0,0)
(0,0,0)
(0,0,0)
(0,0,0)
(-586417.361350924,172409.003512927,63446.1483676824)
(-609116.374828766,163070.265472757,133004.621673151)
(-660895.915569579,142164.592509509,215688.734965668)
(-756421.366336666,105041.618418975,320345.512600229)
(-922237.159012223,45258.9524507805,457146.408480535)
(-1202197.18411337,-39902.9687309358,628421.380266599)
(-1658434.77790559,-128704.326101431,778284.414595712)
(-2357115.38139811,-143792.674188788,602383.012748793)
(-3350182.18813131,-89266.9846718885,-941276.964019756)
(-4090449.52201193,-37349.5536746117,-8114744.2294144)
(0,0,0)
(0,0,0)
(0,0,0)
(0,0,0)
(0,0,0)
(0,0,0)
(-641193.786013117,278060.936862489,54163.8398922265)
(-663149.929461772,265745.745360525,112219.036407168)
(-713988.479365368,237589.5380312,178744.79837747)
(-810421.641936622,185388.363426325,260757.899164801)
(-984844.976402559,93949.106759675,372217.004728024)
(-1293710.01013207,-56702.3806961469,539883.473840149)
(-1805831.97239989,-252544.711567686,763459.451949211)
(-2486124.03652789,-280095.941030251,657132.36479641)
(-3406821.23157566,-143443.734434701,-889101.915106509)
(-4108633.36872714,-50240.256123742,-8077156.06206374)
(0,0,0)
(0,0,0)
(0,0,0)
(0,0,0)
(0,0,0)
(0,0,0)
(-739099.212206844,404532.813257351,41914.6630225743)
(-759911.356827748,391545.57852457,84266.2871212173)
(-809303.764676186,361756.036076223,126830.146300085)
(-907707.827128057,305468.343653918,169585.526101339)
(-1101609.45106568,200690.645586755,221817.340768781)
(-1495263.88113382,682.2263212972,344331.860762311)
(-2263778.20179849,-353063.845892956,736233.495862164)
(-2908341.47481828,-408658.304054444,794048.21450074)
(-3548680.57768693,-141637.689810598,-795577.917647998)
(-4147590.17278653,-30866.1358017025,-8026589.37346712)
(0,0,0)
(0,0,0)
(0,0,0)
(0,0,0)
(0,0,0)
(0,0,0)
(-903528.203608858,550994.077210263,29044.0638437384)
(-922646.047952771,539884.189209392,54732.0533342351)
(-969330.582350451,515266.442582918,70821.3340511634)
(-1067780.35869278,471578.88884938,65096.9575304288)
(-1284725.79139668,399059.301521259,22122.9900834796)
(-1840222.29149851,288231.423948501,-9061.87910474538)
(-3656027.31814324,161771.083505828,680989.510245873)
(-4336768.03417293,104518.945690807,1061325.62206666)
(-3826963.14829103,91996.7974472536,-684469.390230626)
(-4211457.10157897,58343.8001793721,-7995308.83429144)
(0,0,0)
(0,0,0)
(0,0,0)
(0,0,0)
(0,0,0)
(0,0,0)
(-1174592.29109825,699652.613155051,18040.8737514972)
(-1191321.44328121,691838.92756083,30317.22422666)
(-1233170.6899229,675558.957843326,27392.3263959387)
(-1324776.25855934,649354.813219673,-7133.94526560796)
(-1535817.09108316,610060.148280429,-88400.1882710818)
(-2090042.13206295,551370.948229175,-135152.267098631)
(-3817691.81640631,468275.164448779,624073.74885873)
(-4441494.05906138,420699.236002029,1049102.6373813)
(-3956565.66556516,303844.598489428,-717744.199204227)
(-4275213.37354537,151393.959797692,-8053258.48502367)
(0,0,0)
(0,0,0)
(0,0,0)
(0,0,0)
(0,0,0)
(0,0,0)
(-1617725.75730237,780137.457764708,10254.5727543048)
(-1631516.03722262,775738.248876997,14153.3448206293)
(-1666734.30822209,768155.379271098,1385.24009873308)
(-1746621.21367497,760631.638442226,-46173.9299379823)
(-1940465.73718876,758836.174305222,-146782.733753334)
(-2483344.72216806,766441.970258964,-217946.895701528)
(-4285667.55753233,767860.41326841,576806.180495371)
(-4862204.40649528,879954.949865907,932597.958945538)
(-4152357.68584881,491829.365333322,-869828.21374649)
(-4380347.30021109,204215.179528098,-8204254.17292618)
(0,0,0)
(0,0,0)
(0,0,0)
(0,0,0)
(0,0,0)
(0,0,0)
(-2325148.32417674,534753.633252904,5865.63223987356)
(-2335551.63118404,532655.214143665,6635.01087778399)
(-2362475.71680137,531045.728165582,-6063.70444554573)
(-2425168.33174673,537726.299835376,-47846.415286587)
(-2585638.7581148,573144.640558253,-138935.461130297)
(-3083838.69479669,685922.734296969,-216319.748681955)
(-5053145.26488284,928117.052453445,689138.058739749)
(-4117662.61068267,596715.950852323,544764.388674783)
(-4307896.15136506,220202.381494022,-1157164.02514614)
(-4542902.81134307,2295.06798876057,-8408121.76281261)
(0,0,0)
(0,0,0)
(0,0,0)
(0,0,0)
(0,0,0)
(0,0,0)
(-3340007.9144967,-1039249.91027011,3791.57726180166)
(-3346780.71833269,-1040952.03294232,5074.74810971319)
(-3364069.43060526,-1042557.23410342,629.042515810143)
(-3402643.15338929,-1039491.51561631,-12384.619091824)
(-3491058.11202781,-1023050.9585377,-26009.4974814826)
(-3702345.82150978,-984247.221746738,26011.1460674711)
(-4164201.8787772,-955936.287849453,357950.344416367)
(-4315009.10088905,-1170882.13412346,168550.5307512)
(-4711635.48619717,-1365781.58664138,-1374798.05323438)
(-4785888.85222879,-1187863.77130724,-8410114.23072213)
(0,0,0)
(0,0,0)
(0,0,0)
(0,0,0)
(0,0,0)
(0,0,0)
(-4090410.26576768,-8220127.3183236,2106.72860608716)
(-4093677.62018142,-8222211.36598918,3477.86905326352)
(-4101945.10864784,-8225686.48264912,3696.26211412067)
(-4119797.18043246,-8229378.27814159,4122.05424534429)
(-4157781.62387431,-8233532.31301655,12921.4118674449)
(-4237337.1466306,-8246553.58072022,54431.2211119624)
(-4384346.31393905,-8301118.03284098,143153.019683716)
(-4547735.19995041,-8444393.49186033,-26124.3961447569)
(-4787328.22681645,-8418450.49507455,-1196700.39415733)
(-4619823.5466646,-7221857.8470138,-7222047.90112842)
(0,0,0)
(0,0,0)
(0,0,0)
(0,0,0)
(0,0,0)
(0,0,0)
(0,0,0)
(0,0,0)
(0,0,0)
(0,0,0)
(0,0,0)
(0,0,0)
(0,0,0)
(0,0,0)
(0,0,0)
(0,0,0)
(0,0,0)
(0,0,0)
(0,0,0)
(0,0,0)
(0,0,0)
(0,0,0)
(0,0,0)
(0,0,0)
(0,0,0)
(0,0,0)
(0,0,0)
(0,0,0)
(0,0,0)
(0,0,0)
(0,0,0)
(0,0,0)
(0,0,0)
(0,0,0)
(0,0,0)
(0,0,0)
(0,0,0)
(0,0,0)
(0,0,0)
(0,0,0)
(0,0,0)
(0,0,0)
(0,0,0)
(0,0,0)
(0,0,0)
(0,0,0)
(0,0,0)
(0,0,0)
(0,0,0)
(0,0,0)
(0,0,0)
(0,0,0)
(0,0,0)
(0,0,0)
(0,0,0)
(0,0,0)
(0,0,0)
(0,0,0)
(0,0,0)
(0,0,0)
(0,0,0)
(0,0,0)
(0,0,0)
(0,0,0)
(0,0,0)
(0,0,0)
(0,0,0)
(0,0,0)
(0,0,0)
(0,0,0)
(0,0,0)
(0,0,0)
(0,0,0)
(0,0,0)
(0,0,0)
(0,0,0)
(0,0,0)
(0,0,0)
(0,0,0)
(0,0,0)
(0,0,0)
(0,0,0)
(0,0,0)
(0,0,0)
(0,0,0)
(0,0,0)
(0,0,0)
(0,0,0)
(0,0,0)
(0,0,0)
(0,0,0)
(0,0,0)
(0,0,0)
(0,0,0)
(0,0,0)
(0,0,0)
(0,0,0)
(0,0,0)
(0,0,0)
(0,0,0)
(0,0,0)
(0,0,0)
(-664652.630097615,57650.8612721501,45126.2973858772)
(-684234.851552608,53085.3531952757,91323.5519550937)
(-727420.07721808,42725.867540784,138739.534987012)
(-803011.038022395,23939.5118930384,185083.350207081)
(-925067.561758384,-6837.55786028669,220957.050640177)
(-1112793.97694679,-50851.8263903199,216030.110305272)
(-1382701.34375995,-95021.7185095091,79412.4414773329)
(-1717349.29524879,-95235.0082952726,-427839.231545126)
(-1984990.16148879,-58526.6746808618,-1715782.08614822)
(-1724847.20721438,-24829.4482805831,-4049901.84559367)
(0,0,0)
(0,0,0)
(0,0,0)
(0,0,0)
(0,0,0)
(0,0,0)
(-686928.313088078,117563.179206779,40598.6338025239)
(-705436.792930815,108977.008807455,81027.3962923925)
(-746236.191218331,89012.8427916893,120080.696690241)
(-817791.662537336,50967.734492106,154422.770291839)
(-934283.398702815,-17398.8255559747,177030.277678119)
(-1116609.15171245,-131395.118137668,171985.537024557)
(-1384761.90018671,-276031.20998785,79322.1507840211)
(-1709256.03494937,-272749.602852315,-391022.601107666)
(-1971865.76591618,-145875.492000878,-1681990.20600278)
(-1716793.11557194,-55492.3306817436,-4024983.73004165)
(0,0,0)
(0,0,0)
(0,0,0)
(0,0,0)
(0,0,0)
(0,0,0)
(-735739.326243044,180029.957831516,32078.7616051944)
(-752142.358805437,168859.677540684,61188.5222156248)
(-788181.209841805,142155.751780337,82238.3437034125)
(-851460.287661978,87985.905142487,86258.8187783918)
(-956317.10090648,-22896.7979614011,63228.9156877387)
(-1131203.41895644,-258269.394051789,27596.6004262255)
(-1426702.00064803,-710427.740470528,82863.1591570438)
(-1709786.10172273,-702268.449421598,-263955.929078841)
(-1939931.27270095,-285287.519426794,-1591433.86052764)
(-1697050.47322117,-89187.8814336867,-3969321.20528167)
(0,0,0)
(0,0,0)
(0,0,0)
(0,0,0)
(0,0,0)
(0,0,0)
(-819950.818760854,239892.663001037,20988.9013844971)
(-833349.682137825,228611.771579077,34675.1326561835)
(-862389.1016061,201574.04346039,28342.1779060488)
(-912282.115245066,145261.928852916,-24359.5576873724)
(-994474.753451318,17497.3734582188,-171888.426721347)
(-1156847.51439707,-344284.992305288,-424289.195204607)
(-1744640.76093129,-1745185.78503672,91331.4084943744)
(-1835535.00759734,-1836988.60816977,153245.100021612)
(-1865737.58789212,-419892.711343221,-1395092.69785678)
(-1657245.65550377,-94737.1601566637,-3879887.93641656)
(0,0,0)
(0,0,0)
(0,0,0)
(0,0,0)
(0,0,0)
(0,0,0)
(-953113.683739936,279646.292932709,9831.85019940422)
(-962986.72933962,270888.719673333,7895.58349199716)
(-983292.272674825,251109.878559982,-27678.5612832209)
(-1012680.26489185,214307.669150365,-151824.3953816)
(-1033520.98977001,147807.353938346,-533339.1774884)
(-931275.533196231,38287.940606256,-1824858.86870223)
(-1.94090755919605e-05,-4.21524677552945e-06,1.17223185333393e-05)
(984.630163655272,-262.321473554088,1570613.53178476)
(-1568911.67269573,-37676.6321162671,-1069654.0230375)
(-1585557.97210823,-5467.54786739267,-3784822.76479753)
(0,0,0)
(0,0,0)
(0,0,0)
(0,0,0)
(0,0,0)
(0,0,0)
(-1152270.93187743,256104.829581048,1220.10413084552)
(-1158776.20637491,251199.282429665,-11635.6955317921)
(-1171045.22070725,241563.838952163,-64215.1251396209)
(-1183726.35664391,227108.85150303,-218066.209407717)
(-1168571.24563212,205062.532841195,-642567.233761617)
(-989296.668347203,157760.423494438,-1862785.18036554)
(-1.74472396887345e-05,-6.27541169778332e-06,1.01796117300053e-05)
(1136.24888749188,-212.982610949899,1533482.38346549)
(-1531528.5935563,107887.726696416,-1037119.04735606)
(-1584925.76501507,46169.2964806184,-3779043.50023431)
(0,0,0)
(0,0,0)
(0,0,0)
(0,0,0)
(0,0,0)
(0,0,0)
(-1430284.07333555,72242.5252555075,-3579.37964127196)
(-1434001.23316111,71217.7222661566,-21112.6235392812)
(-1439787.44161284,71968.8231060456,-78464.4743024105)
(-1439732.03770887,81630.1224358282,-239874.921201297)
(-1398881.83718054,113173.262653018,-689569.551021347)
(-1160363.92345132,165445.771240559,-2020235.6974842)
(-4.57762513016057e-05,1.62679190944151e-05,1.27742868310804e-05)
(1357.01682053363,1624153.70341582,1641971.15133277)
(-1640044.87608668,336053.466785702,-1098507.39851865)
(-1649321.95947997,41519.2656108459,-3824882.70838)
(0,0,0)
(0,0,0)
(0,0,0)
(0,0,0)
(0,0,0)
(0,0,0)
(-1767771.53454611,-480606.385694926,-4527.87868020089)
(-1769537.7790559,-479069.299474198,-20254.7090679955)
(-1771080.08861776,-471007.615818103,-68673.8983274633)
(-1763773.21098596,-440258.270377766,-208180.626274639)
(-1710693.00230644,-332874.201849326,-637078.917580666)
(-1436570.94300952,66759.5039481691,-2185660.40207545)
(1662.33382166388,1816444.38800207,1624342.86914971)
(-1622190.60542359,398894.264696877,354130.302609574)
(-2041018.41962429,-183897.470668843,-1392796.49167666)
(-1787165.04980329,-240911.64328111,-3866103.34432447)
(0,0,0)
(0,0,0)
(0,0,0)
(0,0,0)
(0,0,0)
(0,0,0)
(-2027531.37157478,-1790145.12423219,-2937.80438464901)
(-2028263.097583,-1788389.07769559,-12135.6469129547)
(-2028335.65952338,-1781011.87995056,-37865.153862358)
(-2022790.05803532,-1757261.2599225,-100715.259671599)
(-1996875.11128333,-1690464.91503263,-237307.547232773)
(-1917023.06349018,-1519979.75828521,-435891.043019005)
(-1813811.47703415,-1176804.74081393,206967.684053945)
(-2076498.25893018,-1404267.24341183,-228381.649796202)
(-2232322.49128401,-1442021.47930936,-1449570.63606883)
(-1829296.74982343,-1022137.88924823,-3624936.49250709)
(0,0,0)
(0,0,0)
(0,0,0)
(0,0,0)
(0,0,0)
(0,0,0)
(-1748884.26065925,-4130519.36582119,-1151.76351942582)
(-1749137.99600695,-4129333.10160145,-4747.36378804975)
(-1749065.06277332,-4124554.85040037,-14084.4392127445)
(-1746878.22680524,-4110442.43925694,-33822.2135055072)
(-1738733.52937624,-4076666.93716131,-66668.2858748983)
(-1721239.52068424,-4010142.06813789,-92603.6019685849)
(-1715730.8471772,-3917690.94656675,-20332.8629775868)
(-1808846.49083176,-3897561.14893114,-265927.666576904)
(-1833883.96723371,-3631859.64227074,-1029533.76319825)
(-1466399.22590726,-2602456.22983733,-2602639.74336649)
(0,0,0)
(0,0,0)
(0,0,0)
(0,0,0)
(0,0,0)
(0,0,0)
(0,0,0)
(0,0,0)
(0,0,0)
(0,0,0)
(0,0,0)
(0,0,0)
(0,0,0)
(0,0,0)
(0,0,0)
(0,0,0)
(0,0,0)
(0,0,0)
(0,0,0)
(0,0,0)
(0,0,0)
(0,0,0)
(0,0,0)
(0,0,0)
(0,0,0)
(0,0,0)
(0,0,0)
(0,0,0)
(0,0,0)
(0,0,0)
(0,0,0)
(0,0,0)
(0,0,0)
(0,0,0)
(0,0,0)
(0,0,0)
(0,0,0)
(0,0,0)
(0,0,0)
(0,0,0)
(0,0,0)
(0,0,0)
(0,0,0)
(0,0,0)
(0,0,0)
(0,0,0)
(0,0,0)
(0,0,0)
(0,0,0)
(0,0,0)
(0,0,0)
(0,0,0)
(0,0,0)
(0,0,0)
(0,0,0)
(0,0,0)
(0,0,0)
(0,0,0)
(0,0,0)
(0,0,0)
(0,0,0)
(0,0,0)
(0,0,0)
(0,0,0)
(0,0,0)
(0,0,0)
(0,0,0)
(0,0,0)
(0,0,0)
(0,0,0)
(0,0,0)
(0,0,0)
(0,0,0)
(0,0,0)
(0,0,0)
(0,0,0)
(0,0,0)
(0,0,0)
(0,0,0)
(0,0,0)
(0,0,0)
(0,0,0)
(0,0,0)
(0,0,0)
(0,0,0)
(0,0,0)
(0,0,0)
(0,0,0)
(0,0,0)
(0,0,0)
(0,0,0)
(0,0,0)
(0,0,0)
(0,0,0)
(0,0,0)
(0,0,0)
(0,0,0)
(0,0,0)
(0,0,0)
(0,0,0)
(0,0,0)
(0,0,0)
(-725291.069750335,35234.2993828471,25404.1402698713)
(-738507.983891635,31766.4888257817,47910.7837831162)
(-766384.993266351,23817.1773175672,63058.5225138194)
(-811970.910222058,9081.76299727706,62936.6317162078)
(-879138.820386853,-16087.4377753313,33095.3281200026)
(-971006.452481668,-54651.6118795955,-54040.5844655282)
(-1084229.43530195,-97037.0515236564,-255475.441399872)
(-1189997.24631286,-87091.5897508436,-695735.900584957)
(-1179397.01742644,-45377.7485713922,-1455951.29607591)
(-838667.420090916,-16746.5834558015,-2325384.49974354)
(0,0,0)
(0,0,0)
(0,0,0)
(0,0,0)
(0,0,0)
(0,0,0)
(-742207.313338747,68522.6834621041,21990.6161714081)
(-753781.751761868,62067.7047235786,40034.3591046644)
(-777678.342043753,46884.9499763124,48408.7372713421)
(-815258.543033007,17131.172839613,37826.2079246807)
(-867575.217656053,-39546.6644868572,-5422.74641055736)
(-934345.574873594,-146004.480359053,-96333.454769964)
(-1014808.28377309,-317897.348200665,-245426.774506573)
(-1114590.87391898,-273226.383669114,-653957.141618693)
(-1129968.98888331,-113944.674037126,-1427286.99318582)
(-816440.157566561,-35763.4530667398,-2308623.08158025)
(0,0,0)
(0,0,0)
(0,0,0)
(0,0,0)
(0,0,0)
(0,0,0)
(-778411.56315264,95581.9163666736,15613.0040050259)
(-786835.318354138,87389.7149772196,24983.9533000915)
(-802872.971292128,67714.8736078988,18845.7911188286)
(-823811.31019755,26994.8156660082,-18666.8291719941)
(-841655.382358285,-61153.3464000183,-111721.865807029)
(-837023.106583944,-283884.419942123,-268022.23859645)
(-783932.912638845,-1028163.43221365,-200525.242592641)
(-861140.636189099,-827867.898393711,-494529.19340168)
(-988397.537229401,-211012.108262239,-1348995.49464812)
(-759682.954492646,-49361.1343941876,-2272765.3320492)
(0,0,0)
(0,0,0)
(0,0,0)
(0,0,0)
(0,0,0)
(0,0,0)
(-838303.050428879,106412.510763377,7521.63727131817)
(-842533.262201782,98614.7266694126,5480.20564307994)
(-847905.377763859,80341.0967465918,-21629.741337852)
(-844951.642241819,44609.1633612392,-106574.56203633)
(-806241.519519168,-21700.8578416508,-334260.284526855)
(-644166.482053775,-118693.125260711,-1012132.61155156)
(-7.88070490960852e-06,2.55905672423041e-07,1.82068225321867e-06)
(359.40476710644,-210.707239842249,122511.539077564)
(-644098.646864911,-122976.816143028,-1187162.69406885)
(-647447.040129001,-23040.1122688516,-2223282.33156898)
(0,0,0)
(0,0,0)
(0,0,0)
(0,0,0)
(0,0,0)
(0,0,0)
(-926641.977863985,80073.6205087907,-132.815621363167)
(-926600.432086828,74641.0914641202,-12545.4776688635)
(-921299.648802597,62910.6228379201,-57107.6276324215)
(-895427.529946694,42890.5637971683,-172641.763013508)
(-809366.623828505,12519.3103865151,-431016.297183176)
(-567754.035474285,-19869.5882675244,-893361.331898299)
(1.37993065842874e-06,-6.46075345044655e-07,-2.14827953229767e-05)
(-2.06959129202716e-05,-1.07639253560574e-06,-5.28608227775536e-07)
(1041.22495807442,-281.015463854067,-1087000.63699553)
(-490723.594919781,-4847.01355995802,-2200028.11289285)
(0,0,0)
(0,0,0)
(0,0,0)
(0,0,0)
(0,0,0)
(0,0,0)
(-1044455.41781917,-22359.9965563726,-5381.89699309351)
(-1041018.43111944,-24496.3063660629,-24002.2744183777)
(-1027603.6963006,-27635.254910369,-76897.9210767319)
(-985603.698893563,-29310.6905880077,-202819.324441906)
(-870110.063557597,-25605.092075543,-463156.104054357)
(-585559.299003664,-13561.1517945326,-873201.909870882)
(1.60675217042668e-08,-1.77895639310987e-06,-1.77236497905603e-05)
(-1.54821341289715e-05,-3.18222311677955e-06,-2.04767628457368e-07)
(1001.61674772476,-717.377537697376,-1091256.89673154)
(-467826.589155628,-18289.3301197268,-2194913.75603122)
(0,0,0)
(0,0,0)
(0,0,0)
(0,0,0)
(0,0,0)
(0,0,0)
(-1179487.80201829,-265783.743115685,-7372.52475795205)
(-1174078.76321962,-264837.695308238,-26953.6057572633)
(-1156197.54349971,-259802.178349616,-78376.5804311522)
(-1105678.48214079,-242860.135879641,-198880.690707604)
(-973452.663321559,-199120.799676277,-450794.156965847)
(-654036.281307297,-111414.317888953,-859268.633015457)
(-2.15906970608007e-06,-2.63921816060675e-05,-2.05383983693324e-05)
(-2.67657940075991e-05,2.46439690208745e-06,3.1585263118312e-07)
(1184.88654039885,-65215.654705912,-1108474.78145036)
(-503291.104720389,-96469.3465330412,-2176325.61979661)
(0,0,0)
(0,0,0)
(0,0,0)
(0,0,0)
(0,0,0)
(0,0,0)
(-1286297.55572542,-740921.643980076,-6336.07795629446)
(-1280590.6890064,-738313.972466651,-21806.890847385)
(-1262646.09653996,-728737.755371008,-61305.3059037916)
(-1213211.50046021,-699768.436885723,-154958.715423464)
(-1082323.97337649,-619651.131767722,-362797.412261961)
(-749052.940977365,-414447.055385917,-747282.676797156)
(-3.1085704137168e-05,2.53752867461627e-06,3.26940657897706e-08)
(684.144235444868,-56082.4075371136,-65181.308259305)
(-656246.021292565,-375626.17709009,-1139543.18420685)
(-660298.354940059,-283261.115940858,-2079618.10966227)
(0,0,0)
(0,0,0)
(0,0,0)
(0,0,0)
(0,0,0)
(0,0,0)
(-1252731.39206538,-1512022.27586266,-3699.34762681349)
(-1248273.40392238,-1509793.31907494,-12209.6946791385)
(-1234730.34193163,-1502278.21005819,-32274.5575837097)
(-1198206.52015742,-1481917.48034878,-74709.05199855)
(-1100833.60815288,-1432982.08938928,-157419.597507445)
(-831294.316011573,-1324932.24275145,-332663.157620513)
(1137.76996375083,-1079506.1561983,-55919.9486378522)
(-666702.570124066,-1137285.1762854,-384512.868695689)
(-901366.251314432,-1044105.43422316,-1046989.8515322)
(-703833.407714788,-659541.75815761,-1796172.55142408)
(0,0,0)
(0,0,0)
(0,0,0)
(0,0,0)
(0,0,0)
(0,0,0)
(-877139.020177604,-2382322.35655988,-1445.15978441795)
(-874805.169251644,-2380874.56504928,-4696.74056539759)
(-868008.705174203,-2376157.41625563,-11873.8919670874)
(-850752.493708316,-2364277.42789668,-25639.6775161163)
(-809454.229764683,-2338711.33268279,-49189.7338341629)
(-718604.524370723,-2289651.73173083,-87105.2411683037)
(-566146.889086445,-2202672.57529731,-113522.78016006)
(-679127.26185386,-2089394.66118636,-291132.524237004)
(-708287.427072431,-1798532.51062779,-662301.987993672)
(-515367.000190189,-1136367.82540422,-1136508.14646414)
(0,0,0)
(0,0,0)
(0,0,0)
(0,0,0)
(0,0,0)
(0,0,0)
(0,0,0)
(0,0,0)
(0,0,0)
(0,0,0)
(0,0,0)
(0,0,0)
(0,0,0)
(0,0,0)
(0,0,0)
(0,0,0)
(0,0,0)
(0,0,0)
(0,0,0)
(0,0,0)
(0,0,0)
(0,0,0)
(0,0,0)
(0,0,0)
(0,0,0)
(0,0,0)
(0,0,0)
(0,0,0)
(0,0,0)
(0,0,0)
(0,0,0)
(0,0,0)
(0,0,0)
(0,0,0)
(0,0,0)
(0,0,0)
(0,0,0)
(0,0,0)
(0,0,0)
(0,0,0)
(0,0,0)
(0,0,0)
(0,0,0)
(0,0,0)
(0,0,0)
(0,0,0)
(0,0,0)
(0,0,0)
(0,0,0)
(0,0,0)
(0,0,0)
(0,0,0)
(0,0,0)
(0,0,0)
(0,0,0)
(0,0,0)
(0,0,0)
(0,0,0)
(0,0,0)
(0,0,0)
(0,0,0)
(0,0,0)
(0,0,0)
(0,0,0)
(0,0,0)
(0,0,0)
(0,0,0)
(0,0,0)
(0,0,0)
(0,0,0)
(0,0,0)
(0,0,0)
(0,0,0)
(0,0,0)
(0,0,0)
(0,0,0)
(0,0,0)
(0,0,0)
(0,0,0)
(0,0,0)
(0,0,0)
(0,0,0)
(0,0,0)
(0,0,0)
(0,0,0)
(0,0,0)
(0,0,0)
(0,0,0)
(0,0,0)
(0,0,0)
(0,0,0)
(0,0,0)
(0,0,0)
(0,0,0)
(0,0,0)
(0,0,0)
(0,0,0)
(0,0,0)
(0,0,0)
(0,0,0)
(0,0,0)
(0,0,0)
(-755556.780683711,18231.0638152332,12034.6471181491)
(-762620.781078578,16427.4711182824,19719.9731868117)
(-776390.082334684,12504.0491603897,17221.0130947535)
(-796178.682444371,5804.53461974574,-4375.74930267976)
(-820114.789483938,-4506.91410457771,-58892.8661010194)
(-844541.52522962,-17976.2981895698,-167381.495163498)
(-862509.566882156,-27591.4962228917,-361509.867360402)
(-854331.395317119,-11650.0941856474,-685525.624170497)
(-753461.945751271,4099.05523362481,-1115559.75107928)
(-472770.730707963,5541.0132826868,-1486997.45374494)
(0,0,0)
(0,0,0)
(0,0,0)
(0,0,0)
(0,0,0)
(0,0,0)
(-766396.888261108,32118.8432669238,10301.7954706753)
(-771783.190069541,28850.1737230807,15880.5311735492)
(-781424.970994621,21566.6853644583,10564.5239203488)
(-792718.512524296,8513.83817768223,-14684.8101463015)
(-800767.664192022,-13643.2618763796,-72356.0158385286)
(-799070.858393427,-48644.3757008085,-176962.654807459)
(-786978.135174624,-86898.0461449694,-345486.253483844)
(-782337.821412869,-19653.8431813523,-669735.55699425)
(-709185.368029924,27711.1577431651,-1114131.28035717)
(-453497.247631277,21035.6035599688,-1492568.78056974)
(0,0,0)
(0,0,0)
(0,0,0)
(0,0,0)
(0,0,0)
(0,0,0)
(-788843.726967571,35426.9136257491,7124.09345610684)
(-791062.233537731,31442.5050940134,8758.67726876711)
(-792693.802969828,22476.9848496006,-2330.79053867361)
(-786695.471836003,5752.56939261665,-36685.3601151598)
(-758970.785600199,-25773.5672334572,-107239.651516167)
(-686884.078019065,-90936.8893933084,-215086.16638855)
(-563949.445522212,-243912.879176415,-278054.800473738)
(-570499.517974637,33910.9369741545,-622260.698843706)
(-595692.405715633,133473.777262211,-1120728.44987653)
(-408790.159815617,62944.7333399437,-1513530.37433352)
(0,0,0)
(0,0,0)
(0,0,0)
(0,0,0)
(0,0,0)
(0,0,0)
(-823858.303657768,17731.5729186381,3250.59393599914)
(-822025.244203045,14204.5771634398,-19.4961321629337)
(-813269.050759596,6643.43542594455,-18822.2737127706)
(-783973.897220868,-6088.1109538689,-67959.3383872352)
(-702746.47596163,-24984.5544532911,-172243.394724937)
(-497079.885568976,-42330.7126149884,-367936.167988055)
(-6.99841965962429e-06,-5.67961088507497e-07,-1.41277044915447e-06)
(528.958737516046,-114.324741771594,-522547.592211109)
(-364416.385745656,522339.985577888,-1191096.06164604)
(-332923.400237706,133723.191590685,-1576398.15978809)
(0,0,0)
(0,0,0)
(0,0,0)
(0,0,0)
(0,0,0)
(0,0,0)
(-870580.906122614,-38185.7383252493,-143.76049747874)
(-864957.605857585,-40223.4509228005,-7358.55864048204)
(-846871.975168134,-43810.3626752113,-31332.4341737885)
(-798585.560660267,-47645.5706895986,-86616.9437244863)
(-683096.488126427,-48496.8309185802,-189374.802961276)
(-436169.033405796,-37824.6897919041,-325465.82785285)
(1.2125096839612e-06,-2.88357885580558e-07,-8.45384813567723e-07)
(-1.7682417636462e-05,4.28451850402274e-07,-4.48664014898981e-06)
(732.055095819631,-253.609011125203,-1579529.64494938)
(-244645.743438059,18089.8806211613,-1709974.18546157)
(0,0,0)
(0,0,0)
(0,0,0)
(0,0,0)
(0,0,0)
(0,0,0)
(-922715.708987053,-157895.276260177,-2030.17089719615)
(-914503.317409802,-158057.113777802,-10711.621751836)
(-890435.730800236,-156722.789627029,-34967.1603003917)
(-831098.496841941,-149848.969546122,-87268.9634954879)
(-698058.802305234,-129355.985106319,-178461.070560113)
(-432201.464517578,-82284.3441501899,-287359.250687915)
(5.78850288226111e-08,-8.41584861904913e-07,-2.63679460208767e-11)
(-1.27454370496133e-05,6.10969261535984e-07,-2.91924085843827e-06)
(818.215123659092,-556.917610494179,-1560902.98929467)
(-229032.383771072,-53761.7239181363,-1727845.59013992)
(0,0,0)
(0,0,0)
(0,0,0)
(0,0,0)
(0,0,0)
(0,0,0)
(-962193.213101409,-373126.349861911,-2063.51531515187)
(-953135.619108246,-371872.887544399,-9190.8856599329)
(-927459.205554591,-366769.615640862,-27882.3975912214)
(-865976.757341266,-350899.45979786,-66533.6321390098)
(-729753.552712032,-308483.946271909,-131104.781582947)
(-455813.708086023,-206845.894354123,-204765.804600289)
(-1.67375841890698e-06,-1.9335180635079e-06,-3.11697208213133e-11)
(-2.18862012062365e-05,1.11241074516008e-07,-4.37989578406362e-06)
(1288.65306710793,-722963.254024816,-1613772.73912159)
(-243397.77321818,-253623.572639706,-1673804.22190226)
(0,0,0)
(0,0,0)
(0,0,0)
(0,0,0)
(0,0,0)
(0,0,0)
(-950762.499930718,-707949.270075683,-712.135580932758)
(-942664.267455764,-706572.924434429,-3938.52024153205)
(-920117.473507344,-701374.420519837,-11862.338395178)
(-866710.430577431,-685320.286804878,-23942.581270931)
(-746698.270032663,-638791.642275988,-29260.5886106818)
(-490034.627294078,-497460.459235744,2335.66258765295)
(-2.69323084408074e-05,-3.71156935455935e-06,-2.76959886295359e-06)
(730.245687144588,-724205.728190714,-722789.47873254)
(-336580.264729586,-621184.797703221,-1144233.69161711)
(-311183.434236846,-326997.822455346,-1419974.36250469)
(0,0,0)
(0,0,0)
(0,0,0)
(0,0,0)
(0,0,0)
(0,0,0)
(-824309.141628708,-1137058.49128532,686.970772955991)
(-818538.877063132,-1136919.78872704,1299.30820631246)
(-802919.798996687,-1136148.35976796,4262.70451949077)
(-766889.750181518,-1135101.72391147,22727.3716501791)
(-686805.630727266,-1142315.6131263,112223.365074876)
(-503374.397535119,-1213038.84816889,499881.835531566)
(1577.8507289259,-1647692.28960628,-723980.701583981)
(-344890.133161084,-1150453.74495612,-619545.121781556)
(-440666.762967218,-851542.895748885,-849886.512083106)
(-316561.217888253,-471332.237523898,-1092824.28684109)
(0,0,0)
(0,0,0)
(0,0,0)
(0,0,0)
(0,0,0)
(0,0,0)
(-509118.893238262,-1505910.85123836,832.23301371452)
(-506224.17579803,-1506747.91183548,2079.36266853509)
(-498634.482652076,-1508815.55506687,5372.33544531599)
(-481908.981619334,-1514234.35777071,15661.4572155783)
(-447785.719459092,-1530006.78410576,41684.1178894622)
(-383496.252469253,-1571832.16162864,65369.1594477365)
(-284545.434294174,-1637361.87564078,-226562.70931004)
(-324650.013730935,-1411041.93871326,-320451.763675826)
(-319876.306704849,-1090814.03921719,-469591.7405751)
(-213607.046694374,-621298.256619202,-621385.674975614)
(0,0,0)
(0,0,0)
(0,0,0)
(0,0,0)
(0,0,0)
(0,0,0)
(0,0,0)
(0,0,0)
(0,0,0)
(0,0,0)
(0,0,0)
(0,0,0)
(0,0,0)
(0,0,0)
(0,0,0)
(0,0,0)
(0,0,0)
(0,0,0)
(0,0,0)
(0,0,0)
(0,0,0)
(0,0,0)
(0,0,0)
(0,0,0)
(0,0,0)
(0,0,0)
(0,0,0)
(0,0,0)
(0,0,0)
(0,0,0)
(0,0,0)
(0,0,0)
(0,0,0)
(0,0,0)
(0,0,0)
(0,0,0)
(0,0,0)
(0,0,0)
(0,0,0)
(0,0,0)
(0,0,0)
(0,0,0)
(0,0,0)
(0,0,0)
(0,0,0)
(0,0,0)
(0,0,0)
(0,0,0)
(0,0,0)
(0,0,0)
(0,0,0)
(0,0,0)
(0,0,0)
(0,0,0)
(0,0,0)
(0,0,0)
(0,0,0)
(0,0,0)
(0,0,0)
(0,0,0)
(0,0,0)
(0,0,0)
(0,0,0)
(0,0,0)
(0,0,0)
(0,0,0)
(0,0,0)
(0,0,0)
(0,0,0)
(0,0,0)
(0,0,0)
(0,0,0)
(0,0,0)
(0,0,0)
(0,0,0)
(0,0,0)
(0,0,0)
(0,0,0)
(0,0,0)
(0,0,0)
(0,0,0)
(0,0,0)
(0,0,0)
(0,0,0)
(0,0,0)
(0,0,0)
(0,0,0)
(0,0,0)
(0,0,0)
(0,0,0)
(0,0,0)
(0,0,0)
(0,0,0)
(0,0,0)
(0,0,0)
(0,0,0)
(0,0,0)
(0,0,0)
(0,0,0)
(0,0,0)
(0,0,0)
(0,0,0)
(-767718.118189189,7301.72177646525,4859.61572900593)
(-770661.140008234,7203.88484923184,5696.08980942837)
(-775414.908226653,7489.80025144856,-2768.88455005068)
(-779786.570744519,9286.36536895857,-28447.361618859)
(-779872.463186056,14840.5006510253,-83530.1885677631)
(-769976.689431608,27481.4726273621,-185576.496993133)
(-742405.071839003,47944.5454067111,-353625.537442994)
(-683269.006936144,60354.9730881284,-585042.898912101)
(-551674.629988966,48397.6000213102,-835227.814695716)
(-318325.767348899,24860.3136848723,-1014533.09173966)
(0,0,0)
(0,0,0)
(0,0,0)
(0,0,0)
(0,0,0)
(0,0,0)
(-773413.218040525,9493.43793244681,4824.61362343558)
(-775211.487291875,9420.21706794725,6036.57862705555)
(-777193.972521685,10232.0327336684,-936.652328101614)
(-775988.011283553,14502.9405838849,-22883.7287837715)
(-766101.591988078,28161.9021235674,-70871.202460261)
(-740950.543252075,63588.7550125499,-165098.7999868)
(-699257.85887429,136256.462483006,-341130.993363434)
(-658483.014762886,192297.543277224,-596928.370202521)
(-540246.007601034,141274.409722507,-858744.540332613)
(-313783.519894212,65787.2323602984,-1039385.18674511)
(0,0,0)
(0,0,0)
(0,0,0)
(0,0,0)
(0,0,0)
(0,0,0)
(-784391.852369389,188.756452426286,4852.80688183643)
(-784035.474280655,253.249597439721,6993.01509526595)
(-780630.193666909,1717.84279255271,3443.59573346162)
(-767989.268024007,8372.06762523371,-9131.73511988171)
(-735036.443288186,30447.1828823316,-35351.3581906584)
(-665284.121230152,98989.5653546081,-92352.1253216288)
(-555483.389624883,320382.88875922,-284944.607495175)
(-620508.820195156,605214.723449558,-647852.485446993)
(-533034.707414645,364929.610827083,-934165.384852544)
(-310975.780934947,138892.904171717,-1105085.43554464)
(0,0,0)
(0,0,0)
(0,0,0)
(0,0,0)
(0,0,0)
(0,0,0)
(-799353.477774709,-29350.7823462221,5034.71291558752)
(-796262.382769087,-29105.6647165435,8630.76579561071)
(-785864.985049891,-27323.0928699818,10267.6357484371)
(-757432.661988769,-20998.2389521866,13096.707093758)
(-687008.084803825,-5508.17551615026,33313.6743344408)
(-512498.467123437,18561.1105248865,129160.710718624)
(-5.58539725325306e-06,4.17802168018299e-06,-5.05986502824387e-06)
(-719853.094449186,-232.580427896672,-888035.725573033)
(-615115.242679038,887684.747975697,-1160092.00578827)
(-332283.157264996,222066.050863338,-1243905.39545259)
(0,0,0)
(0,0,0)
(0,0,0)
(0,0,0)
(0,0,0)
(0,0,0)
(-814558.021931238,-90797.1278219639,5423.46128436109)
(-809004.211316347,-90260.7586929018,10625.1607194853)
(-792479.22776542,-87880.2541559275,16789.574602716)
(-750917.565455966,-80631.2011542303,28754.5416004562)
(-653627.371433739,-63779.3034089571,57556.552800573)
(-436866.849788744,-33992.4551465457,110807.934854955)
(3.65506973754364e-06,2.84809704256733e-07,1.4253005776193e-06)
(-1.01401806867718e-05,2.28659914638112e-06,-8.77140096486482e-06)
(-1121289.38774911,-108.788469588006,-1825544.2517933)
(-416015.55251701,33735.431644556,-1465843.82349557)
(0,0,0)
(0,0,0)
(0,0,0)
(0,0,0)
(0,0,0)
(0,0,0)
(-821655.560525517,-197936.602642019,6079.32635851947)
(-814689.262040511,-197210.644795821,13215.1570921513)
(-795055.893536007,-194293.586674775,24248.6523467707)
(-747992.840069404,-185255.737903251,45767.5323232538)
(-642135.24118541,-161456.403355131,87521.0711496073)
(-417589.934047642,-106128.091929417,145045.177462541)
(3.75655198523129e-07,1.72874642680022e-07,2.03726817565913e-12)
(-7.61154857172853e-06,3.3897128055955e-06,-6.23700009983102e-06)
(-1061865.30114864,-125.808685730443,-1791480.57496248)
(-419222.273653309,-68144.215274048,-1499411.03816165)
(0,0,0)
(0,0,0)
(0,0,0)
(0,0,0)
(0,0,0)
(0,0,0)
(-804689.407807844,-362320.247877101,6879.83994152249)
(-797799.814920246,-361979.543537756,16312.9344954581)
(-778951.381660202,-360002.166493307,33513.6904195991)
(-735284.720715946,-352185.362681021,69751.2785720493)
(-638645.132796021,-325887.30594863,143073.761249538)
(-428874.883157902,-241423.776138161,251430.620530158)
(-8.6292554835518e-07,-4.91216830893318e-07,-2.25025974050824e-12)
(-1.0234187584438e-05,-1.84905122468422e-07,-8.07739794399416e-06)
(-1163770.83281314,-1061167.00958181,-1859278.2300612)
(-418218.484871891,-321549.340321672,-1431052.39335986)
(0,0,0)
(0,0,0)
(0,0,0)
(0,0,0)
(0,0,0)
(0,0,0)
(-738182.560274648,-582176.924390709,7276.73685754138)
(-732710.291485375,-583101.123020944,18444.3403703415)
(-718379.852687188,-584776.033309556,41480.5863664338)
(-687512.4557076,-586074.476982386,96171.7257979695)
(-624633.256099142,-579493.476027845,227712.881943662)
(-485207.610878971,-511595.39133187,493057.480722263)
(-1.54672307408245e-05,-6.79851352378343e-06,-4.82238581620296e-06)
(-856101.024187007,-1070632.34707963,-1060828.07787604)
(-613402.444813039,-725706.255106867,-1119466.65226754)
(-310327.979107191,-332544.828161151,-1109326.61955771)
(0,0,0)
(0,0,0)
(0,0,0)
(0,0,0)
(0,0,0)
(0,0,0)
(-590247.471010791,-822607.863974411,6369.26896578135)
(-586808.945069139,-825296.713010436,16834.9269612817)
(-578626.0930315,-832510.184397872,40275.3720844072)
(-564800.977438525,-850783.820720703,102895.943079724)
(-555231.920113167,-903996.582707331,295825.33914511)
(-630175.999524268,-1093961.80736532,1004993.35716771)
(-1303017.94870248,-1934758.09371495,-1070673.70434121)
(-639542.935640233,-1130928.71832839,-715724.530613296)
(-424734.60786177,-731186.723268542,-726176.217557081)
(-230084.518334365,-368559.60828194,-776638.136990172)
(0,0,0)
(0,0,0)
(0,0,0)
(0,0,0)
(0,0,0)
(0,0,0)
(-337872.334942755,-997543.340602663,3688.91833274528)
(-336275.050922204,-1001216.11346366,9659.19391015029)
(-332724.814204235,-1010860.97963874,22100.3207031794)
(-327400.821177459,-1033016.51800282,49824.8575434255)
(-325081.265536682,-1082925.73494871,106049.555862388)
(-346655.236650679,-1189107.52595878,164354.258637273)
(-434617.50232309,-1353600.96555117,-266730.801497594)
(-319395.173186104,-1087064.57629808,-315849.784072736)
(-232029.499377898,-771377.397680088,-363505.91698814)
(-129797.819488802,-407900.116999452,-407974.635476197)
(0,0,0)
(0,0,0)
(0,0,0)
(0,0,0)
(0,0,0)
(0,0,0)
(0,0,0)
(0,0,0)
(0,0,0)
(0,0,0)
(0,0,0)
(0,0,0)
(0,0,0)
(0,0,0)
(0,0,0)
(0,0,0)
(0,0,0)
(0,0,0)
(0,0,0)
(0,0,0)
(0,0,0)
(0,0,0)
(0,0,0)
(0,0,0)
(0,0,0)
(0,0,0)
(0,0,0)
(0,0,0)
(0,0,0)
(0,0,0)
(0,0,0)
(0,0,0)
(0,0,0)
(0,0,0)
(0,0,0)
(0,0,0)
(0,0,0)
(0,0,0)
(0,0,0)
(0,0,0)
(0,0,0)
(0,0,0)
(0,0,0)
(0,0,0)
(0,0,0)
(0,0,0)
(0,0,0)
(0,0,0)
(0,0,0)
(0,0,0)
(0,0,0)
(0,0,0)
(0,0,0)
(0,0,0)
(0,0,0)
(0,0,0)
(0,0,0)
(0,0,0)
(0,0,0)
(0,0,0)
(0,0,0)
(0,0,0)
(0,0,0)
(0,0,0)
(0,0,0)
(0,0,0)
(0,0,0)
(0,0,0)
(0,0,0)
(0,0,0)
(0,0,0)
(0,0,0)
(0,0,0)
(0,0,0)
(0,0,0)
(0,0,0)
(0,0,0)
(0,0,0)
(0,0,0)
(0,0,0)
(0,0,0)
(0,0,0)
(0,0,0)
(0,0,0)
(0,0,0)
(0,0,0)
(0,0,0)
(0,0,0)
(0,0,0)
(0,0,0)
(0,0,0)
(0,0,0)
(0,0,0)
(0,0,0)
(0,0,0)
(0,0,0)
(0,0,0)
(0,0,0)
(0,0,0)
(0,0,0)
(0,0,0)
(0,0,0)
(-771126.598299886,1513.0752395911,1895.40487111011)
(-772139.824575407,2581.42301379731,792.666424485134)
(-773023.175767427,5701.61146749095,-7300.67750223549)
(-771443.322136551,13060.1520280082,-28704.0781382128)
(-763279.927903974,28568.3218142129,-73864.9352345067)
(-742044.582525076,56434.9321121118,-158231.974253154)
(-696971.84063078,91041.9400831007,-294707.145544478)
(-609395.51606032,85141.7622944202,-453722.39871472)
(-463057.363809193,59843.9578059578,-602183.622700454)
(-253526.231193397,29440.4432365035,-696423.602092453)
(0,0,0)
(0,0,0)
(0,0,0)
(0,0,0)
(0,0,0)
(0,0,0)
(-773262.898201769,-1678.30523907517,3041.06063990882)
(-773991.344324835,423.759064971161,3978.58162169671)
(-774308.516261178,6675.40325093924,119.333577742417)
(-772001.391366288,22371.2242668296,-13178.358578343)
(-763857.182872206,59131.3899857076,-45985.8358657074)
(-746058.113715161,139201.488224258,-123644.821514769)
(-711334.592465664,280057.395933689,-300583.543773985)
(-625302.262459632,230350.871110663,-478973.404893478)
(-475337.061905561,148549.224563327,-632587.617346319)
(-259697.888564685,68641.1823781094,-725873.987817452)
(0,0,0)
(0,0,0)
(0,0,0)
(0,0,0)
(0,0,0)
(0,0,0)
(-776324.900532085,-14983.5019136866,5238.24483730937)
(-776530.242891612,-12192.5906140771,10349.3631273127)
(-775766.766743112,-3731.55266770612,15892.8921221649)
(-772096.869955504,18742.9738588872,23628.7444616058)
(-764767.814768201,78331.7460294012,34159.7598979274)
(-760903.899264347,251741.027003649,17239.99915273)
(-783973.642483009,875985.134837913,-350197.486893364)
(-685723.590522296,506045.398215708,-560677.243671267)
(-515715.452665963,282968.29767362,-712415.571530237)
(-277949.992500247,117649.933413103,-794450.110999927)
(0,0,0)
(0,0,0)
(0,0,0)
(0,0,0)
(0,0,0)
(0,0,0)
(-777608.55279442,-44866.8178881209,8138.39099414904)
(-777116.275838353,-42190.5695377743,18990.2629871147)
(-774832.996565325,-34281.8884641375,38508.6102989829)
(-768720.531957339,-14781.2759297753,83320.7300562103)
(-760661.774550441,27642.4977447043,207663.668087519)
(-788751.792100699,94102.5306813713,641555.489387059)
(-1163431.59504903,154.495072400435,-720003.605853275)
(-870059.114013269,719927.190680992,-783679.378754484)
(-619826.327598327,381638.460486539,-877638.456648111)
(-318642.965130444,138390.100390097,-912018.815759657)
(0,0,0)
(0,0,0)
(0,0,0)
(0,0,0)
(0,0,0)
(0,0,0)
(-772086.548938111,-98310.9500737921,10972.6591925475)
(-770931.400413848,-96423.4575606887,27132.7363129585)
(-766884.216214892,-90960.1944430786,58216.0307413683)
(-755235.401249393,-78148.0295637449,125900.620168763)
(-721760.68274384,-52612.9768997947,274289.406123364)
(-601346.01002416,-14891.7882108357,547762.885250983)
(-7.37578756693133e-06,5.36356109627774e-06,5.72492766474675e-06)
(-1150253.22704692,11.8098392390718,-1121894.33957254)
(-800099.883712914,59339.7894160247,-1120785.17253822)
(-378666.904176205,30543.2310104454,-1050286.95149937)
(0,0,0)
(0,0,0)
(0,0,0)
(0,0,0)
(0,0,0)
(0,0,0)
(-751460.022406126,-181492.835042994,12986.3468498134)
(-750085.562177316,-180833.153850944,32792.3432768723)
(-745727.692675121,-178718.730205569,71222.6781784792)
(-733477.618885345,-173009.343279122,151568.770709797)
(-696994.350368029,-158330.335333582,312145.238326202)
(-565503.026973824,-117649.649775474,562816.192817021)
(-6.49386333269033e-06,8.8822049343901e-06,3.98702605066901e-06)
(-1081377.77135161,-183.165196954488,-1062506.4945553)
(-813446.137594032,-102134.925715263,-1149450.94297863)
(-390271.869264071,-67186.0309341791,-1080672.08542324)
(0,0,0)
(0,0,0)
(0,0,0)
(0,0,0)
(0,0,0)
(0,0,0)
(-703425.926499583,-296468.160352127,13711.8440008717)
(-702482.924820498,-297499.141837813,35060.9418879883)
(-699714.016763728,-299998.187047879,77103.0338338263)
(-692627.467881459,-304931.185972332,166367.623692545)
(-671276.218662329,-312300.829178321,352969.203403587)
(-576023.522670105,-298068.775387132,680536.968527456)
(-5.91093195025587e-06,9.62616255039437e-06,4.96560345862485e-06)
(-1190905.96533187,-856664.605520861,-1164333.7209308)
(-804788.137695275,-511106.180874434,-1114345.1608895)
(-372660.800243064,-213784.997808395,-1013303.87864411)
(0,0,0)
(0,0,0)
(0,0,0)
(0,0,0)
(0,0,0)
(0,0,0)
(-612452.864103128,-434909.637272516,12711.7807488656)
(-612305.412741985,-437856.573752796,32664.3339204613)
(-612386.007867642,-445603.278212824,72275.5802658559)
(-615364.7799992,-463897.431945238,159094.150530362)
(-634582.831142881,-510599.400307994,367342.296703779)
(-737473.616982449,-657127.690497949,978667.217918082)
(-1332139.91077975,-1303737.92738611,-856540.208751001)
(-896026.654482356,-854666.943070822,-818612.240905683)
(-588802.78200935,-537406.57773874,-816911.506845059)
(-289189.960519908,-252426.608480151,-799407.914760596)
(0,0,0)
(0,0,0)
(0,0,0)
(0,0,0)
(0,0,0)
(0,0,0)
(-463989.932219598,-570960.229626134,9793.05356242374)
(-464356.006945258,-575484.674567904,24968.2162536527)
(-466074.427276333,-587253.532650631,54066.8049362956)
(-473183.914591707,-613972.434036071,112524.744180315)
(-499851.223690152,-674447.301413115,220991.948862422)
(-587447.396612756,-811086.718109202,332222.37356216)
(-800132.862863064,-1067028.40747455,-407372.232188811)
(-589048.085008265,-811318.683900587,-501215.341991022)
(-392693.458323612,-538811.839327167,-531851.229940751)
(-199109.352287039,-268394.877654871,-546858.126813352)
(0,0,0)
(0,0,0)
(0,0,0)
(0,0,0)
(0,0,0)
(0,0,0)
(-253718.987851817,-660382.05800233,5268.48128525985)
(-254056.114752839,-665632.466689985,13197.3372379722)
(-255392.219303283,-678797.661999819,27408.8716862068)
(-259875.644580941,-706244.389780646,52155.6508342673)
(-273363.338007686,-758504.372204903,84494.7940970598)
(-306477.305709524,-843138.697967011,76368.843013716)
(-354083.999957824,-919613.795415288,-151579.27141082)
(-285486.205475964,-768180.22117702,-228626.701844528)
(-198366.547905794,-539674.345758819,-261427.146884981)
(-103007.264481052,-278261.737587529,-278350.841960074)
(0,0,0)
(0,0,0)
(0,0,0)
(0,0,0)
(0,0,0)
(0,0,0)
(0,0,0)
(0,0,0)
(0,0,0)
(0,0,0)
(0,0,0)
(0,0,0)
(0,0,0)
(0,0,0)
(0,0,0)
(0,0,0)
(0,0,0)
(0,0,0)
(0,0,0)
(0,0,0)
(0,0,0)
(0,0,0)
(0,0,0)
(0,0,0)
(0,0,0)
(0,0,0)
(0,0,0)
(0,0,0)
(0,0,0)
(0,0,0)
(0,0,0)
(0,0,0)
(0,0,0)
(0,0,0)
(0,0,0)
(0,0,0)
(0,0,0)
(0,0,0)
(0,0,0)
(0,0,0)
(0,0,0)
(0,0,0)
(0,0,0)
(0,0,0)
(0,0,0)
(0,0,0)
(0,0,0)
(0,0,0)
(0,0,0)
(0,0,0)
(0,0,0)
(0,0,0)
(0,0,0)
(0,0,0)
(0,0,0)
(0,0,0)
(0,0,0)
(0,0,0)
(0,0,0)
(0,0,0)
(0,0,0)
(0,0,0)
(0,0,0)
(0,0,0)
(0,0,0)
(0,0,0)
(0,0,0)
(0,0,0)
(0,0,0)
(0,0,0)
(0,0,0)
(0,0,0)
(0,0,0)
(0,0,0)
(0,0,0)
(0,0,0)
(0,0,0)
(0,0,0)
(0,0,0)
(0,0,0)
(0,0,0)
(0,0,0)
(0,0,0)
(0,0,0)
(0,0,0)
(0,0,0)
(0,0,0)
(0,0,0)
(0,0,0)
(0,0,0)
(0,0,0)
(0,0,0)
(0,0,0)
(0,0,0)
(0,0,0)
(0,0,0)
(0,0,0)
(0,0,0)
(0,0,0)
(0,0,0)
(0,0,0)
(0,0,0)
(-771304.280854935,-684.773898344583,862.456453389295)
(-771808.217491294,694.58947277853,-163.740103500183)
(-771826.382149022,4416.84908515934,-5777.38280705957)
(-769068.706294082,12490.0025719996,-20642.001221532)
(-759102.515697711,27942.3399581353,-52761.7533859332)
(-733855.011195946,52345.0900925963,-113296.414807656)
(-679591.84284193,76627.7026924199,-207304.115288926)
(-578382.270805601,69237.3854081437,-307554.745951783)
(-425418.201781154,47587.1786098751,-392781.086589702)
(-226654.647892166,23302.431335253,-442955.101226183)
(0,0,0)
(0,0,0)
(0,0,0)
(0,0,0)
(0,0,0)
(0,0,0)
(-771375.31760363,-4898.94805642586,2326.59355994347)
(-772394.5913286,-2213.38406030701,3637.81409679109)
(-773788.038549997,5161.76702257525,2372.41844819514)
(-774191.531422171,22206.3218974599,-5153.76082138053)
(-770841.398630368,58130.1783651034,-28357.3834701874)
(-757307.018260781,124286.140711122,-89049.529543093)
(-716452.280284732,207395.378220734,-214699.517252338)
(-611522.820077601,169953.036253095,-329194.610479322)
(-448063.042546826,108225.297807312,-417106.749035495)
(-237673.136547317,50453.8718722257,-466282.941589838)
(0,0,0)
(0,0,0)
(0,0,0)
(0,0,0)
(0,0,0)
(0,0,0)
(-769835.605477071,-16483.247845516,5095.00473407474)
(-771836.789842898,-12955.3218562619,11143.4894813169)
(-775994.193309141,-2946.83221135051,19479.5152812696)
(-783231.55177753,21998.4085315271,30822.1104692257)
(-795975.945026066,82292.853152446,37867.5659397465)
(-816616.14050113,223801.058077455,-5935.11018980281)
(-826940.62737891,496528.583058495,-252101.330131659)
(-698767.683791557,321776.768414337,-390880.969023644)
(-502420.11522841,178919.471047557,-474870.479701439)
(-262623.280561392,76996.7223964088,-516740.042164474)
(0,0,0)
(0,0,0)
(0,0,0)
(0,0,0)
(0,0,0)
(0,0,0)
(-763199.195148834,-39600.4415978477,8707.83610674638)
(-766441.28340734,-36260.9085015085,21338.4303209811)
(-774394.509917662,-26588.410298927,44541.5217608932)
(-791870.908590845,-1533.78757205923,91224.0944979932)
(-832922.174771025,66319.2263931731,179458.121477851)
(-933679.08996727,281378.469767187,266808.007654692)
(-1136990.31105177,1163685.9287464,-426790.62203047)
(-881189.88398662,439820.371504808,-533703.455147586)
(-599275.56368847,201406.664935079,-576741.412944967)
(-303080.392255428,78373.8617166527,-593681.125140228)
(0,0,0)
(0,0,0)
(0,0,0)
(0,0,0)
(0,0,0)
(0,0,0)
(-745823.509846219,-78024.8379592284,12161.3572694863)
(-750265.771493385,-75961.0475536565,31195.8674011751)
(-761847.096311166,-70184.9036223563,69755.2408208814)
(-789479.917661074,-56747.7809160483,159213.750576551)
(-862710.211597296,-28157.6743974004,394640.180220583)
(-1095258.15191898,20751.2090783077,1149179.58280428)
(-2021451.49890125,84.1173651060332,-1150571.03985493)
(-1157783.22632452,68860.5728848229,-772081.241957332)
(-717009.024565205,45953.451407892,-699718.887577857)
(-346966.389434504,18909.7678651329,-671955.308468043)
(0,0,0)
(0,0,0)
(0,0,0)
(0,0,0)
(0,0,0)
(0,0,0)
(-709869.589130886,-133943.283593884,14328.012359416)
(-715126.111977252,-133699.784604954,37107.2992106519)
(-729023.162896311,-133135.598560594,83353.4643700774)
(-762256.712338561,-132555.660856507,187940.437763751)
(-847886.485513356,-132985.418067639,443660.316579312)
(-1101161.29315947,-128515.999856098,1128585.79169936)
(-1979429.16700765,-532.479354069744,-1081764.44010162)
(-1189387.61506399,-109938.544344597,-794955.479159813)
(-742131.555339536,-93601.2052304889,-726715.404775929)
(-357701.789929531,-49621.3321871067,-690754.384058225)
(0,0,0)
(0,0,0)
(0,0,0)
(0,0,0)
(0,0,0)
(0,0,0)
(-645890.254163794,-206114.743268761,14635.787339087)
(-651397.676116535,-207912.180688011,37762.9347181829)
(-665956.369101861,-213199.488136509,84069.1766322319)
(-700579.072634399,-228175.074518228,187640.195046897)
(-788811.089440564,-276064.835944825,448254.483702318)
(-1053020.05941919,-459912.560664802,1256647.58126012)
(-2057668.59132019,-1332555.40695528,-1191110.60111542)
(-1151294.71156198,-562110.115221812,-778550.284008105)
(-698942.156921638,-295331.980068323,-682665.489943906)
(-333532.684008078,-130400.630509194,-641014.307856803)
(0,0,0)
(0,0,0)
(0,0,0)
(0,0,0)
(0,0,0)
(0,0,0)
(-544327.547953481,-287092.589048861,12852.5296304539)
(-549334.932770996,-290546.465978211,32516.3349496636)
(-562377.965760235,-299878.702773437,69187.5074791853)
(-591984.133406265,-322247.621367222,139879.407735245)
(-658992.846261021,-376337.643712873,264562.230621432)
(-809335.114015617,-507583.258819826,384094.425809621)
(-1087798.32746515,-772228.056018458,-420574.508441793)
(-818947.956586863,-548106.50875594,-511656.812803164)
(-536529.495335307,-341594.75359482,-517667.325950718)
(-264235.218375218,-162480.777830156,-510541.920774434)
(0,0,0)
(0,0,0)
(0,0,0)
(0,0,0)
(0,0,0)
(0,0,0)
(-399085.403189267,-361394.807389444,9397.68931025447)
(-402849.519722237,-365840.865224635,23185.6013336558)
(-412476.015157948,-377168.465991917,46876.9524337495)
(-433243.864444943,-401196.861075077,85886.1419948381)
(-475297.141144619,-448463.056570702,133457.472307133)
(-550490.957468899,-530626.320826555,119544.095170006)
(-634990.68943855,-621452.608320157,-196373.525952814)
(-520386.122194578,-508113.891189778,-305028.106332659)
(-356117.12082233,-344714.067844347,-338485.129584408)
(-179718.332116978,-172395.173792015,-347961.753792612)
(0,0,0)
(0,0,0)
(0,0,0)
(0,0,0)
(0,0,0)
(0,0,0)
(-212599.693488346,-407398.556152042,4884.45439912621)
(-214603.621636728,-412220.418927895,11811.5149862744)
(-219620.981750847,-424003.303766345,22875.1152082662)
(-229920.270444624,-446929.195327964,38652.0753248347)
(-248889.395070013,-485662.592008063,51377.6678245196)
(-277330.830715536,-537142.88920104,28747.7612050143)
(-297822.941507771,-565953.58830501,-83012.3172601859)
(-251995.987985902,-483029.375923713,-141587.050016313)
(-176987.163548659,-341514.100192783,-166166.402025011)
(-90736.1006336476,-175364.753145582,-175467.986518848)
(0,0,0)
(0,0,0)
(0,0,0)
(0,0,0)
(0,0,0)
(0,0,0)
(0,0,0)
(0,0,0)
(0,0,0)
(0,0,0)
(0,0,0)
(0,0,0)
(0,0,0)
(0,0,0)
(0,0,0)
(0,0,0)
(0,0,0)
(0,0,0)
(0,0,0)
(0,0,0)
(0,0,0)
(0,0,0)
(0,0,0)
(0,0,0)
(0,0,0)
(0,0,0)
(0,0,0)
(0,0,0)
(0,0,0)
(0,0,0)
(0,0,0)
(0,0,0)
(0,0,0)
(0,0,0)
(0,0,0)
(0,0,0)
(0,0,0)
(0,0,0)
(0,0,0)
(0,0,0)
(0,0,0)
(0,0,0)
(0,0,0)
(0,0,0)
(0,0,0)
(0,0,0)
(0,0,0)
(0,0,0)
(0,0,0)
(0,0,0)
(0,0,0)
(0,0,0)
(0,0,0)
(0,0,0)
(0,0,0)
(0,0,0)
(0,0,0)
(0,0,0)
(0,0,0)
(0,0,0)
(0,0,0)
(0,0,0)
(0,0,0)
(0,0,0)
(0,0,0)
(0,0,0)
(0,0,0)
(0,0,0)
(0,0,0)
(0,0,0)
(0,0,0)
(0,0,0)
(0,0,0)
(0,0,0)
(0,0,0)
(0,0,0)
(0,0,0)
(0,0,0)
(0,0,0)
(0,0,0)
(0,0,0)
(0,0,0)
(0,0,0)
(0,0,0)
(0,0,0)
(0,0,0)
(0,0,0)
(0,0,0)
(0,0,0)
(0,0,0)
(0,0,0)
(0,0,0)
(0,0,0)
(0,0,0)
(0,0,0)
(0,0,0)
(0,0,0)
(0,0,0)
(0,0,0)
(0,0,0)
(0,0,0)
(0,0,0)
(-770930.16025778,-809.792581745494,435.671984589501)
(-771385.363116201,86.463701966642,-73.646092467704)
(-771466.604320162,2449.28285605738,-2882.70677738431)
(-768767.85007518,7361.18029535923,-10544.7432916453)
(-758385.282604408,16176.6243785511,-27438.6007634951)
(-731092.375107134,28858.85508078,-59060.0919330883)
(-672160.217841834,39752.4689190947,-106244.185852284)
(-565956.559601404,36126.917012831,-154796.814069313)
(-411015.33694591,24987.0905546461,-194186.769459201)
(-216664.460780024,12301.8835834638,-216478.840154811)
(0,0,0)
(0,0,0)
(0,0,0)
(0,0,0)
(0,0,0)
(0,0,0)
(-770048.818305115,-3506.71673870544,1370.42485844452)
(-771490.019102252,-1764.35187057035,2316.6682046343)
(-773952.048057247,2877.12962783304,2052.83094010986)
(-776142.565322421,13085.1505676807,-1720.10543196459)
(-774541.788823355,32917.6907183101,-14760.7815787342)
(-759937.20231974,64921.3593915925,-48193.1018305865)
(-711896.625364468,96872.7663934913,-109869.054225246)
(-602070.797146599,82717.6955550422,-165911.855698458)
(-436027.654829534,53920.9908585369,-206881.143719637)
(-228983.885906535,25528.4371883106,-228796.947965263)
(0,0,0)
(0,0,0)
(0,0,0)
(0,0,0)
(0,0,0)
(0,0,0)
(-766448.109460269,-10055.4267534131,3161.21399790587)
(-769699.59532279,-7772.66324652323,7032.33085375183)
(-776844.327363657,-1504.08731143777,12263.6818475405)
(-789217.530189871,13231.3522909338,18103.4585366308)
(-807439.525617141,45231.3780645943,17253.3517814256)
(-824847.628649898,106662.555865163,-16256.3565433756)
(-808740.911149055,186428.034190217,-124011.340569958)
(-684746.041098958,139362.728256874,-194678.015964387)
(-489966.165665311,82052.131669043,-235263.106337996)
(-254525.306041882,36495.6072708099,-254328.250940005)
(0,0,0)
(0,0,0)
(0,0,0)
(0,0,0)
(0,0,0)
(0,0,0)
(-756260.876473844,-22489.1689318161,5495.42350341287)
(-761790.361021016,-20331.6182233427,13403.4560939058)
(-775286.992536808,-14246.2202068225,27038.0716084379)
(-802411.064589387,666.784466685531,50142.7954312252)
(-852642.900905194,36379.1643160375,78715.7353139542)
(-931506.331951617,119692.762374112,63512.7707893521)
(-995153.680944056,279157.804423337,-171053.629551484)
(-824103.130627163,163179.51871225,-251957.173366317)
(-572001.292946878,83614.2879687826,-280793.600407653)
(-290988.298885916,34416.4674542797,-290806.553960633)
(0,0,0)
(0,0,0)
(0,0,0)
(0,0,0)
(0,0,0)
(0,0,0)
(-733608.013197396,-42414.7288005568,7710.06321991838)
(-741312.986900871,-41139.6263346233,19565.2867386843)
(-760919.933884497,-37633.8757774074,42025.7798826015)
(-802966.24418745,-29757.3521197101,85936.2429953715)
(-888959.399540426,-13534.7135367162,162099.308791251)
(-1051170.00818809,14685.9554455528,223017.971988917)
(-1274268.02298603,41986.0643160253,-286993.763818996)
(-987231.962193027,37113.8826453596,-331479.391883582)
(-655609.99393759,20695.8030043862,-329959.937546806)
(-325394.982023822,8081.3869036354,-325196.264406839)
(0,0,0)
(0,0,0)
(0,0,0)
(0,0,0)
(0,0,0)
(0,0,0)
(-690963.545343618,-70377.0684994387,9056.29591161246)
(-699994.383733726,-70357.9617847498,23142.9031182129)
(-723117.980139862,-70405.8969998928,50009.7415842469)
(-773096.141043937,-71170.866851109,102262.685021019)
(-875363.319643712,-74187.4343304338,190392.239945094)
(-1065802.06247836,-80635.5908574643,250354.555566994)
(-1316166.1157447,-79058.889051199,-291863.542328725)
(-1024188.4900882,-72071.3584128826,-347877.426246262)
(-676162.269509839,-50592.8973178555,-342558.011753723)
(-333391.595725943,-25542.5330836835,-333244.285969995)
(0,0,0)
(0,0,0)
(0,0,0)
(0,0,0)
(0,0,0)
(0,0,0)
(-620282.82588046,-105116.079907951,9131.58312517816)
(-629375.25703097,-106392.127421928,23143.3296767922)
(-652445.095373882,-110111.109343169,49337.2682920859)
(-701707.89873638,-120046.404223032,99341.6317659916)
(-800995.152318211,-146682.840952757,184021.101265958)
(-984983.033722866,-216603.279688219,251951.764400383)
(-1236871.77046087,-363022.864345015,-284881.081165091)
(-951855.595619328,-230023.452816999,-326368.102703624)
(-625342.827398997,-133086.73020227,-317473.599341853)
(-307725.181571804,-61175.927187109,-307647.707674702)
(0,0,0)
(0,0,0)
(0,0,0)
(0,0,0)
(0,0,0)
(0,0,0)
(-514767.629355019,-142529.358337633,7853.3598312197)
(-522579.604270424,-144722.187876006,19428.0917847266)
(-541927.415079957,-150607.269790873,39473.7015521544)
(-581288.564571102,-164075.870376341,72807.5988703011)
(-653961.112319413,-193129.590672052,114222.61464799)
(-768099.243194501,-249193.401223386,105576.865362039)
(-873556.695381955,-319837.369492983,-151850.261573182)
(-721555.01563957,-249883.514674918,-229383.140662544)
(-492062.95340586,-161394.094024889,-245542.318769375)
(-246439.72235635,-78077.0589578955,-246436.683017454)
(0,0,0)
(0,0,0)
(0,0,0)
(0,0,0)
(0,0,0)
(0,0,0)
(-371717.545479566,-175515.106586411,5617.89053907622)
(-377290.068759908,-178174.907413275,13511.1591140178)
(-390750.96571696,-184857.33565503,26036.1755371867)
(-416719.830577529,-198360.465284449,43796.7365778785)
(-460385.209280607,-222494.014482732,58249.2285245467)
(-518534.903850438,-257865.737170477,34965.5108531748)
(-553377.73719484,-284603.811747282,-81880.9991362383)
(-471373.826085344,-239927.533842886,-140849.276077506)
(-330475.598180486,-165693.690406478,-162191.202337763)
(-168237.402914097,-83465.0883548691,-168284.102143672)
(0,0,0)
(0,0,0)
(0,0,0)
(0,0,0)
(0,0,0)
(0,0,0)
(-195715.299876077,-195273.952165753,2874.45196707272)
(-198585.416756811,-198104.470823665,6785.81049754631)
(-205370.693154791,-204875.979817946,12554.1660644063)
(-217917.751221643,-217459.819413421,19651.0009703979)
(-237498.765565972,-237146.377555537,22912.7345391624)
(-260372.252657988,-260131.393410656,8219.81272179496)
(-268572.264431265,-268402.37715154,-37232.2989504536)
(-231316.640883971,-231222.133532144,-66617.046363127)
(-164702.220000027,-164634.698673256,-79960.9816449812)
(-84729.0059681905,-84687.0033749571,-84746.1612903506)
(0,0,0)
(0,0,0)
(0,0,0)
(0,0,0)
(0,0,0)
(0,0,0)
(0,0,0)
(0,0,0)
(0,0,0)
(0,0,0)
(0,0,0)
(0,0,0)
(0,0,0)
(0,0,0)
(0,0,0)
(0,0,0)
(0,0,0)
(0,0,0)
(0,0,0)
(0,0,0)
(0,0,0)
(0,0,0)
(0,0,0)
(0,0,0)
(0,0,0)
(0,0,0)
(0,0,0)
(0,0,0)
(0,0,0)
(0,0,0)
(0,0,0)
(0,0,0)
(0,0,0)
(0,0,0)
(0,0,0)
(0,0,0)
(0,0,0)
(0,0,0)
(0,0,0)
(0,0,0)
(0,0,0)
(0,0,0)
(0,0,0)
(0,0,0)
(0,0,0)
(0,0,0)
(0,0,0)
(0,0,0)
(0,0,0)
(0,0,0)
(0,0,0)
(0,0,0)
(0,0,0)
(0,0,0)
(0,0,0)
(0,0,0)
(0,0,0)
(0,0,0)
(0,0,0)
(0,0,0)
(0,0,0)
(0,0,0)
(0,0,0)
(0,0,0)
(0,0,0)
(0,0,0)
(0,0,0)
(0,0,0)
(0,0,0)
(0,0,0)
(0,0,0)
(0,0,0)
(0,0,0)
(0,0,0)
(0,0,0)
(0,0,0)
(0,0,0)
(0,0,0)
(0,0,0)
(0,0,0)
(0,0,0)
(0,0,0)
(0,0,0)
(0,0,0)
(0,0,0)
(0,0,0)
(0,0,0)
(0,0,0)
(0,0,0)
(0,0,0)
(0,0,0)
(0,0,0)
(0,0,0)
(0,0,0)
(0,0,0)
(0,0,0)
(0,0,0)
(0,0,0)
(0,0,0)
(0,0,0)
(0,0,0)
(0,0,0)
(0,0,0)
(0,0,0)
(0,0,0)
(0,0,0)
(0,0,0)
(0,0,0)
(0,0,0)
(0,0,0)
(0,0,0)
(0,0,0)
(0,0,0)
(0,0,0)
(0,0,0)
(0,0,0)
(0,0,0)
(0,0,0)
(0,0,0)
(0,0,0)
(0,0,0)
(0,0,0)
(0,0,0)
(0,0,0)
(0,0,0)
(0,0,0)
(0,0,0)
(0,0,0)
(0,0,0)
(0,0,0)
(0,0,0)
(0,0,0)
(0,0,0)
(0,0,0)
(0,0,0)
(0,0,0)
(0,0,0)
(0,0,0)
(0,0,0)
(0,0,0)
(0,0,0)
(0,0,0)
(0,0,0)
(0,0,0)
(0,0,0)
(0,0,0)
(0,0,0)
(0,0,0)
(0,0,0)
(0,0,0)
(0,0,0)
(0,0,0)
(0,0,0)
(0,0,0)
(0,0,0)
(0,0,0)
(0,0,0)
(0,0,0)
(0,0,0)
(0,0,0)
(0,0,0)
(0,0,0)
(0,0,0)
(0,0,0)
(0,0,0)
(0,0,0)
(0,0,0)
(0,0,0)
(0,0,0)
(0,0,0)
(0,0,0)
(0,0,0)
(0,0,0)
(0,0,0)
(0,0,0)
(0,0,0)
(0,0,0)
(0,0,0)
(0,0,0)
(0,0,0)
(0,0,0)
(0,0,0)
(0,0,0)
(0,0,0)
(0,0,0)
(0,0,0)
(0,0,0)
(0,0,0)
(0,0,0)
(0,0,0)
(0,0,0)
(0,0,0)
(0,0,0)
(0,0,0)
(0,0,0)
(0,0,0)
(0,0,0)
(0,0,0)
(0,0,0)
(0,0,0)
(0,0,0)
(0,0,0)
(0,0,0)
(0,0,0)
(0,0,0)
(0,0,0)
(0,0,0)
(0,0,0)
(0,0,0)
(0,0,0)
(0,0,0)
(0,0,0)
(0,0,0)
(0,0,0)
(0,0,0)
(0,0,0)
(0,0,0)
(0,0,0)
(0,0,0)
(0,0,0)
(0,0,0)
(0,0,0)
(0,0,0)
(0,0,0)
(0,0,0)
(0,0,0)
(0,0,0)
(0,0,0)
(0,0,0)
(0,0,0)
(0,0,0)
(0,0,0)
(0,0,0)
(0,0,0)
(0,0,0)
(0,0,0)
(0,0,0)
(0,0,0)
(0,0,0)
(0,0,0)
(0,0,0)
(0,0,0)
(0,0,0)
(0,0,0)
(0,0,0)
(0,0,0)
(0,0,0)
(0,0,0)
(0,0,0)
(0,0,0)
(0,0,0)
(0,0,0)
(0,0,0)
(0,0,0)
(0,0,0)
(0,0,0)
(0,0,0)
(0,0,0)
(0,0,0)
(0,0,0)
(0,0,0)
(0,0,0)
(0,0,0)
(0,0,0)
(0,0,0)
(0,0,0)
(0,0,0)
(0,0,0)
(0,0,0)
(0,0,0)
(0,0,0)
(0,0,0)
(0,0,0)
(0,0,0)
(0,0,0)
(0,0,0)
(0,0,0)
(0,0,0)
(0,0,0)
(0,0,0)
(0,0,0)
(0,0,0)
(0,0,0)
(0,0,0)
(0,0,0)
(0,0,0)
(0,0,0)
(0,0,0)
(0,0,0)
(0,0,0)
(0,0,0)
(0,0,0)
(0,0,0)
(0,0,0)
(0,0,0)
(0,0,0)
(0,0,0)
(0,0,0)
(0,0,0)
(0,0,0)
(0,0,0)
(0,0,0)
(0,0,0)
(0,0,0)
(0,0,0)
(0,0,0)
(0,0,0)
(0,0,0)
(0,0,0)
(0,0,0)
(0,0,0)
(0,0,0)
(0,0,0)
(0,0,0)
(0,0,0)
(0,0,0)
(0,0,0)
(0,0,0)
(0,0,0)
(0,0,0)
(0,0,0)
(0,0,0)
(0,0,0)
(0,0,0)
(0,0,0)
(0,0,0)
(0,0,0)
(0,0,0)
(0,0,0)
(0,0,0)
(0,0,0)
(0,0,0)
(0,0,0)
(0,0,0)
(0,0,0)
(0,0,0)
(0,0,0)
(0,0,0)
(0,0,0)
(0,0,0)
(0,0,0)
(0,0,0)
(0,0,0)
(0,0,0)
(0,0,0)
(0,0,0)
(0,0,0)
(0,0,0)
(0,0,0)
(0,0,0)
(0,0,0)
(0,0,0)
(0,0,0)
(0,0,0)
(0,0,0)
(0,0,0)
(0,0,0)
(0,0,0)
(0,0,0)
(0,0,0)
(0,0,0)
(0,0,0)
(0,0,0)
(0,0,0)
(0,0,0)
(0,0,0)
(0,0,0)
(0,0,0)
(0,0,0)
(0,0,0)
(0,0,0)
(0,0,0)
(0,0,0)
(0,0,0)
(0,0,0)
(0,0,0)
(0,0,0)
(0,0,0)
(0,0,0)
(0,0,0)
(0,0,0)
(0,0,0)
(0,0,0)
(0,0,0)
(0,0,0)
(0,0,0)
(0,0,0)
(0,0,0)
(0,0,0)
(0,0,0)
(0,0,0)
(0,0,0)
(0,0,0)
(0,0,0)
(0,0,0)
(0,0,0)
(0,0,0)
(0,0,0)
(0,0,0)
(0,0,0)
(0,0,0)
(0,0,0)
(0,0,0)
(0,0,0)
(0,0,0)
(0,0,0)
(0,0,0)
(0,0,0)
(0,0,0)
(0,0,0)
(0,0,0)
(0,0,0)
(0,0,0)
(0,0,0)
(0,0,0)
(0,0,0)
(0,0,0)
(0,0,0)
(0,0,0)
(0,0,0)
(0,0,0)
(0,0,0)
(0,0,0)
(0,0,0)
(0,0,0)
(0,0,0)
(0,0,0)
(0,0,0)
(0,0,0)
(0,0,0)
(0,0,0)
(0,0,0)
(0,0,0)
(0,0,0)
(0,0,0)
(0,0,0)
(0,0,0)
(0,0,0)
(0,0,0)
(0,0,0)
(0,0,0)
(0,0,0)
(0,0,0)
(0,0,0)
(0,0,0)
(0,0,0)
(0,0,0)
(0,0,0)
(0,0,0)
(0,0,0)
(0,0,0)
(0,0,0)
(0,0,0)
(0,0,0)
(0,0,0)
(0,0,0)
(0,0,0)
(0,0,0)
(0,0,0)
(0,0,0)
(0,0,0)
(0,0,0)
(0,0,0)
(0,0,0)
(0,0,0)
(0,0,0)
(0,0,0)
(0,0,0)
(0,0,0)
(0,0,0)
(0,0,0)
(0,0,0)
(0,0,0)
(0,0,0)
(0,0,0)
(0,0,0)
(0,0,0)
(0,0,0)
(0,0,0)
(0,0,0)
(0,0,0)
(0,0,0)
(0,0,0)
(0,0,0)
(0,0,0)
(0,0,0)
(0,0,0)
(0,0,0)
(0,0,0)
(0,0,0)
(0,0,0)
(0,0,0)
(0,0,0)
(0,0,0)
(0,0,0)
(0,0,0)
(0,0,0)
(0,0,0)
(0,0,0)
(0,0,0)
(0,0,0)
(0,0,0)
(0,0,0)
(0,0,0)
(0,0,0)
(0,0,0)
(0,0,0)
(0,0,0)
(0,0,0)
(0,0,0)
(0,0,0)
(0,0,0)
(0,0,0)
(0,0,0)
(0,0,0)
(0,0,0)
(0,0,0)
(0,0,0)
(0,0,0)
(0,0,0)
(0,0,0)
(0,0,0)
(0,0,0)
(0,0,0)
(0,0,0)
(0,0,0)
(0,0,0)
(0,0,0)
(0,0,0)
(0,0,0)
(0,0,0)
(0,0,0)
(0,0,0)
(0,0,0)
(0,0,0)
(0,0,0)
(0,0,0)
(0,0,0)
(0,0,0)
(0,0,0)
(0,0,0)
(0,0,0)
(0,0,0)
(0,0,0)
(0,0,0)
(0,0,0)
(0,0,0)
(0,0,0)
(0,0,0)
(0,0,0)
(0,0,0)
(0,0,0)
(0,0,0)
(0,0,0)
(0,0,0)
(0,0,0)
(0,0,0)
(0,0,0)
(0,0,0)
(0,0,0)
(0,0,0)
(0,0,0)
(0,0,0)
(0,0,0)
(0,0,0)
(0,0,0)
(0,0,0)
(0,0,0)
(0,0,0)
(0,0,0)
(0,0,0)
(0,0,0)
(0,0,0)
(0,0,0)
(0,0,0)
(0,0,0)
(0,0,0)
(0,0,0)
(0,0,0)
(0,0,0)
(0,0,0)
(0,0,0)
(0,0,0)
(0,0,0)
(0,0,0)
(0,0,0)
(0,0,0)
(0,0,0)
(0,0,0)
(0,0,0)
(0,0,0)
(0,0,0)
(0,0,0)
(0,0,0)
(0,0,0)
(0,0,0)
(0,0,0)
(0,0,0)
(0,0,0)
(0,0,0)
(0,0,0)
(0,0,0)
(0,0,0)
(0,0,0)
(0,0,0)
(0,0,0)
(0,0,0)
(0,0,0)
(0,0,0)
(0,0,0)
(0,0,0)
(0,0,0)
(0,0,0)
(0,0,0)
(0,0,0)
(0,0,0)
(0,0,0)
(0,0,0)
(0,0,0)
(0,0,0)
(0,0,0)
(0,0,0)
(0,0,0)
(0,0,0)
(0,0,0)
(0,0,0)
(0,0,0)
(0,0,0)
(0,0,0)
(0,0,0)
(0,0,0)
(0,0,0)
(0,0,0)
(0,0,0)
(0,0,0)
(0,0,0)
(0,0,0)
(0,0,0)
(0,0,0)
(0,0,0)
(0,0,0)
(0,0,0)
(0,0,0)
(0,0,0)
(0,0,0)
(0,0,0)
(0,0,0)
(0,0,0)
(0,0,0)
(0,0,0)
(0,0,0)
(0,0,0)
(0,0,0)
(0,0,0)
(0,0,0)
(0,0,0)
(0,0,0)
(0,0,0)
(0,0,0)
(0,0,0)
(0,0,0)
(0,0,0)
(0,0,0)
(0,0,0)
(0,0,0)
(0,0,0)
(0,0,0)
(0,0,0)
(0,0,0)
(0,0,0)
(0,0,0)
(0,0,0)
(0,0,0)
(0,0,0)
(0,0,0)
(0,0,0)
(0,0,0)
(0,0,0)
(0,0,0)
(0,0,0)
(0,0,0)
(0,0,0)
(0,0,0)
(0,0,0)
(0,0,0)
(0,0,0)
(0,0,0)
(0,0,0)
(0,0,0)
(0,0,0)
(0,0,0)
(0,0,0)
(0,0,0)
(0,0,0)
(0,0,0)
(0,0,0)
(0,0,0)
(0,0,0)
(0,0,0)
(0,0,0)
(0,0,0)
(0,0,0)
(0,0,0)
(0,0,0)
(0,0,0)
(0,0,0)
(0,0,0)
(0,0,0)
(0,0,0)
(0,0,0)
(0,0,0)
(0,0,0)
(0,0,0)
(0,0,0)
(0,0,0)
(0,0,0)
(0,0,0)
(0,0,0)
(0,0,0)
(0,0,0)
(0,0,0)
(0,0,0)
(0,0,0)
(0,0,0)
(0,0,0)
(0,0,0)
(0,0,0)
(0,0,0)
(0,0,0)
(0,0,0)
(0,0,0)
(0,0,0)
(0,0,0)
(0,0,0)
(0,0,0)
(0,0,0)
(0,0,0)
(0,0,0)
(0,0,0)
(0,0,0)
(0,0,0)
(0,0,0)
(0,0,0)
(0,0,0)
(0,0,0)
(0,0,0)
(0,0,0)
(0,0,0)
(0,0,0)
(0,0,0)
(0,0,0)
(0,0,0)
(0,0,0)
(0,0,0)
(0,0,0)
(0,0,0)
(0,0,0)
(0,0,0)
(0,0,0)
(0,0,0)
(0,0,0)
(0,0,0)
(0,0,0)
(0,0,0)
(0,0,0)
(0,0,0)
(0,0,0)
(0,0,0)
(0,0,0)
(0,0,0)
(0,0,0)
(0,0,0)
(0,0,0)
(0,0,0)
(0,0,0)
(0,0,0)
(0,0,0)
(0,0,0)
(0,0,0)
(0,0,0)
(0,0,0)
(0,0,0)
(0,0,0)
(0,0,0)
(0,0,0)
(0,0,0)
(0,0,0)
(0,0,0)
(0,0,0)
(0,0,0)
(0,0,0)
(0,0,0)
(0,0,0)
(0,0,0)
(0,0,0)
(0,0,0)
(0,0,0)
(0,0,0)
(0,0,0)
(0,0,0)
(0,0,0)
(0,0,0)
(0,0,0)
(0,0,0)
(0,0,0)
(0,0,0)
(0,0,0)
(0,0,0)
(0,0,0)
(0,0,0)
(0,0,0)
(0,0,0)
(0,0,0)
(0,0,0)
(0,0,0)
(0,0,0)
(0,0,0)
(0,0,0)
(0,0,0)
