(0,0,0)
(0,0,0)
(0,0,0)
(0,0,0)
(0,0,0)
(0,0,0)
(0,0,0)
(0,0,0)
(0,0,0)
(0,0,0)
(0,0,0)
(0,0,0)
(0,0,0)
(0,0,0)
(0,0,0)
(0,0,0)
(0,0,0)
(0,0,0)
(0,0,0)
(0,0,0)
(0,0,0)
(0,0,0)
(0,0,0)
(0,0,0)
(0,0,0)
(0,0,0)
(0,0,0)
(0,0,0)
(0,0,0)
(0,0,0)
(0,0,0)
(0,0,0)
(0,0,0)
(0,0,0)
(0,0,0)
(0,0,0)
(0,0,0)
(0,0,0)
(0,0,0)
(0,0,0)
(0,0,0)
(0,0,0)
(0,0,0)
(0,0,0)
(0,0,0)
(0,0,0)
(0,0,0)
(0,0,0)
(0,0,0)
(0,0,0)
(0,0,0)
(0,0,0)
(0,0,0)
(0,0,0)
(0,0,0)
(0,0,0)
(0,0,0)
(0,0,0)
(0,0,0)
(0,0,0)
(0,0,0)
(0,0,0)
(0,0,0)
(0,0,0)
(0,0,0)
(0,0,0)
(0,0,0)
(0,0,0)
(0,0,0)
(0,0,0)
(0,0,0)
(0,0,0)
(0,0,0)
(0,0,0)
(0,0,0)
(0,0,0)
(0,0,0)
(0,0,0)
(0,0,0)
(0,0,0)
(0,0,0)
(0,0,0)
(0,0,0)
(0,0,0)
(0,0,0)
(0,0,0)
(0,0,0)
(0,0,0)
(0,0,0)
(0,0,0)
(0,0,0)
(0,0,0)
(0,0,0)
(0,0,0)
(0,0,0)
(0,0,0)
(0,0,0)
(0,0,0)
(0,0,0)
(0,0,0)
(0,0,0)
(0,0,0)
(0,0,0)
(0,0,0)
(0,0,0)
(0,0,0)
(0,0,0)
(0,0,0)
(0,0,0)
(0,0,0)
(0,0,0)
(0,0,0)
(0,0,0)
(0,0,0)
(0,0,0)
(0,0,0)
(0,0,0)
(0,0,0)
(0,0,0)
(0,0,0)
(0,0,0)
(0,0,0)
(0,0,0)
(0,0,0)
(0,0,0)
(0,0,0)
(0,0,0)
(0,0,0)
(0,0,0)
(0,0,0)
(0,0,0)
(0,0,0)
(0,0,0)
(0,0,0)
(0,0,0)
(0,0,0)
(0,0,0)
(0,0,0)
(0,0,0)
(0,0,0)
(0,0,0)
(0,0,0)
(0,0,0)
(0,0,0)
(0,0,0)
(0,0,0)
(0,0,0)
(0,0,0)
(0,0,0)
(0,0,0)
(0,0,0)
(0,0,0)
(0,0,0)
(0,0,0)
(0,0,0)
(0,0,0)
(0,0,0)
(0,0,0)
(0,0,0)
(0,0,0)
(0,0,0)
(0,0,0)
(0,0,0)
(0,0,0)
(0,0,0)
(0,0,0)
(0,0,0)
(0,0,0)
(0,0,0)
(0,0,0)
(0,0,0)
(0,0,0)
(0,0,0)
(0,0,0)
(0,0,0)
(0,0,0)
(0,0,0)
(0,0,0)
(0,0,0)
(0,0,0)
(0,0,0)
(0,0,0)
(0,0,0)
(0,0,0)
(0,0,0)
(0,0,0)
(0,0,0)
(0,0,0)
(0,0,0)
(0,0,0)
(0,0,0)
(0,0,0)
(0,0,0)
(0,0,0)
(0,0,0)
(0,0,0)
(0,0,0)
(0,0,0)
(0,0,0)
(0,0,0)
(0,0,0)
(0,0,0)
(0,0,0)
(0,0,0)
(0,0,0)
(0,0,0)
(0,0,0)
(0,0,0)
(0,0,0)
(0,0,0)
(0,0,0)
(0,0,0)
(0,0,0)
(0,0,0)
(0,0,0)
(0,0,0)
(0,0,0)
(0,0,0)
(0,0,0)
(0,0,0)
(0,0,0)
(0,0,0)
(0,0,0)
(0,0,0)
(0,0,0)
(0,0,0)
(0,0,0)
(0,0,0)
(0,0,0)
(0,0,0)
(0,0,0)
(0,0,0)
(0,0,0)
(0,0,0)
(0,0,0)
(0,0,0)
(0,0,0)
(0,0,0)
(0,0,0)
(0,0,0)
(0,0,0)
(0,0,0)
(0,0,0)
(0,0,0)
(0,0,0)
(0,0,0)
(0,0,0)
(0,0,0)
(0,0,0)
(0,0,0)
(0,0,0)
(0,0,0)
(0,0,0)
(0,0,0)
(0,0,0)
(0,0,0)
(0,0,0)
(0,0,0)
(0,0,0)
(0,0,0)
(0,0,0)
(0,0,0)
(0,0,0)
(0,0,0)
(0,0,0)
(0,0,0)
(0,0,0)
(0,0,0)
(0,0,0)
(0,0,0)
(0,0,0)
(0,0,0)
(0,0,0)
(0,0,0)
(0,0,0)
(0,0,0)
(0,0,0)
(0,0,0)
(0,0,0)
(0,0,0)
(0,0,0)
(0,0,0)
(0,0,0)
(0,0,0)
(0,0,0)
(0,0,0)
(0,0,0)
(0,0,0)
(0,0,0)
(0,0,0)
(0,0,0)
(0,0,0)
(0,0,0)
(0,0,0)
(0,0,0)
(0,0,0)
(0,0,0)
(0,0,0)
(0,0,0)
(0,0,0)
(0,0,0)
(0,0,0)
(0,0,0)
(0,0,0)
(0,0,0)
(0,0,0)
(0,0,0)
(0,0,0)
(0,0,0)
(0,0,0)
(0,0,0)
(0,0,0)
(0,0,0)
(0,0,0)
(0,0,0)
(0,0,0)
(0,0,0)
(0,0,0)
(0,0,0)
(0,0,0)
(0,0,0)
(0,0,0)
(0,0,0)
(0,0,0)
(0,0,0)
(0,0,0)
(0,0,0)
(0,0,0)
(0,0,0)
(0,0,0)
(0,0,0)
(0,0,0)
(0,0,0)
(0,0,0)
(0,0,0)
(0,0,0)
(0,0,0)
(0,0,0)
(0,0,0)
(0,0,0)
(0,0,0)
(0,0,0)
(0,0,0)
(0,0,0)
(0,0,0)
(0,0,0)
(0,0,0)
(0,0,0)
(0,0,0)
(0,0,0)
(0,0,0)
(0,0,0)
(0,0,0)
(0,0,0)
(0,0,0)
(0,0,0)
(0,0,0)
(0,0,0)
(0,0,0)
(0,0,0)
(0,0,0)
(0,0,0)
(0,0,0)
(0,0,0)
(0,0,0)
(0,0,0)
(0,0,0)
(0,0,0)
(0,0,0)
(0,0,0)
(0,0,0)
(0,0,0)
(0,0,0)
(0,0,0)
(0,0,0)
(0,0,0)
(0,0,0)
(0,0,0)
(0,0,0)
(0,0,0)
(0,0,0)
(0,0,0)
(0,0,0)
(0,0,0)
(0,0,0)
(0,0,0)
(0,0,0)
(0,0,0)
(0,0,0)
(0,0,0)
(0,0,0)
(0,0,0)
(0,0,0)
(0,0,0)
(0,0,0)
(0,0,0)
(0,0,0)
(0,0,0)
(0,0,0)
(0,0,0)
(0,0,0)
(0,0,0)
(0,0,0)
(0,0,0)
(0,0,0)
(0,0,0)
(0,0,0)
(0,0,0)
(0,0,0)
(0,0,0)
(0,0,0)
(0,0,0)
(0,0,0)
(0,0,0)
(0,0,0)
(0,0,0)
(0,0,0)
(0,0,0)
(0,0,0)
(0,0,0)
(0,0,0)
(0,0,0)
(0,0,0)
(0,0,0)
(0,0,0)
(0,0,0)
(0,0,0)
(0,0,0)
(0,0,0)
(0,0,0)
(0,0,0)
(0,0,0)
(0,0,0)
(0,0,0)
(0,0,0)
(0,0,0)
(0,0,0)
(0,0,0)
(0,0,0)
(0,0,0)
(0,0,0)
(0,0,0)
(0,0,0)
(0,0,0)
(0,0,0)
(0,0,0)
(0,0,0)
(0,0,0)
(0,0,0)
(0,0,0)
(0,0,0)
(0,0,0)
(0,0,0)
(0,0,0)
(0,0,0)
(0,0,0)
(0,0,0)
(0,0,0)
(0,0,0)
(0,0,0)
(0,0,0)
(0,0,0)
(0,0,0)
(0,0,0)
(0,0,0)
(0,0,0)
(0,0,0)
(0,0,0)
(0,0,0)
(0,0,0)
(0,0,0)
(0,0,0)
(0,0,0)
(0,0,0)
(0,0,0)
(0,0,0)
(0,0,0)
(0,0,0)
(0,0,0)
(0,0,0)
(0,0,0)
(0,0,0)
(0,0,0)
(0,0,0)
(0,0,0)
(0,0,0)
(0,0,0)
(0,0,0)
(0,0,0)
(0,0,0)
(0,0,0)
(0,0,0)
(0,0,0)
(0,0,0)
(0,0,0)
(0,0,0)
(0,0,0)
(0,0,0)
(0,0,0)
(0,0,0)
(0,0,0)
(0,0,0)
(0,0,0)
(0,0,0)
(0,0,0)
(0,0,0)
(0,0,0)
(0,0,0)
(0,0,0)
(0,0,0)
(0,0,0)
(0,0,0)
(0,0,0)
(0,0,0)
(0,0,0)
(0,0,0)
(0,0,0)
(0,0,0)
(0,0,0)
(0,0,0)
(0,0,0)
(0,0,0)
(0,0,0)
(0,0,0)
(0,0,0)
(0,0,0)
(0,0,0)
(0,0,0)
(0,0,0)
(0,0,0)
(0,0,0)
(0,0,0)
(0,0,0)
(0,0,0)
(0,0,0)
(0,0,0)
(0,0,0)
(0,0,0)
(0,0,0)
(0,0,0)
(0,0,0)
(0,0,0)
(0,0,0)
(0,0,0)
(0,0,0)
(0,0,0)
(0,0,0)
(0,0,0)
(0,0,0)
(0,0,0)
(0,0,0)
(0,0,0)
(0,0,0)
(0,0,0)
(0,0,0)
(0,0,0)
(0,0,0)
(0,0,0)
(0,0,0)
(0,0,0)
(0,0,0)
(0,0,0)
(0,0,0)
(0,0,0)
(0,0,0)
(0,0,0)
(0,0,0)
(0,0,0)
(0,0,0)
(0,0,0)
(0,0,0)
(0,0,0)
(0,0,0)
(0,0,0)
(0,0,0)
(0,0,0)
(0,0,0)
(0,0,0)
(0,0,0)
(0,0,0)
(0,0,0)
(0,0,0)
(0,0,0)
(0,0,0)
(0,0,0)
(0,0,0)
(0,0,0)
(0,0,0)
(0,0,0)
(0,0,0)
(0,0,0)
(0,0,0)
(0,0,0)
(0,0,0)
(0,0,0)
(0,0,0)
(0,0,0)
(0,0,0)
(0,0,0)
(0,0,0)
(0,0,0)
(0,0,0)
(0,0,0)
(0,0,0)
(0,0,0)
(0,0,0)
(0,0,0)
(0,0,0)
(0,0,0)
(0,0,0)
(0,0,0)
(0,0,0)
(0,0,0)
(0,0,0)
(0,0,0)
(0,0,0)
(0,0,0)
(0,0,0)
(0,0,0)
(0,0,0)
(0,0,0)
(0,0,0)
(0,0,0)
(0,0,0)
(0,0,0)
(0,0,0)
(0,0,0)
(0,0,0)
(0,0,0)
(0,0,0)
(0,0,0)
(0,0,0)
(0,0,0)
(0,0,0)
(0,0,0)
(0,0,0)
(0,0,0)
(0,0,0)
(0,0,0)
(0,0,0)
(0,0,0)
(0,0,0)
(0,0,0)
(0,0,0)
(0,0,0)
(0,0,0)
(0,0,0)
(0,0,0)
(0,0,0)
(0,0,0)
(0,0,0)
(0,0,0)
(0,0,0)
(0,0,0)
(0,0,0)
(0,0,0)
(0,0,0)
(0,0,0)
(0,0,0)
(0,0,0)
(0,0,0)
(0,0,0)
(0,0,0)
(0,0,0)
(0,0,0)
(0,0,0)
(0,0,0)
(0,0,0)
(0,0,0)
(0,0,0)
(0,0,0)
(0,0,0)
(0,0,0)
(0,0,0)
(0,0,0)
(0,0,0)
(0,0,0)
(0,0,0)
(0,0,0)
(0,0,0)
(0,0,0)
(0,0,0)
(0,0,0)
(0,0,0)
(0,0,0)
(0,0,0)
(0,0,0)
(0,0,0)
(0,0,0)
(0,0,0)
(0,0,0)
(0,0,0)
(0,0,0)
(0,0,0)
(0,0,0)
(0,0,0)
(0,0,0)
(0,0,0)
(0,0,0)
(0,0,0)
(0,0,0)
(0,0,0)
(0,0,0)
(0,0,0)
(0,0,0)
(0,0,0)
(0,0,0)
(0,0,0)
(0,0,0)
(0,0,0)
(0,0,0)
(0,0,0)
(0,0,0)
(0,0,0)
(0,0,0)
(0,0,0)
(0,0,0)
(0,0,0)
(0,0,0)
(0,0,0)
(0,0,0)
(0,0,0)
(0,0,0)
(0,0,0)
(0,0,0)
(0,0,0)
(0,0,0)
(0,0,0)
(0,0,0)
(0,0,0)
(0,0,0)
(0,0,0)
(0,0,0)
(0,0,0)
(0,0,0)
(0,0,0)
(0,0,0)
(0,0,0)
(0,0,0)
(0,0,0)
(0,0,0)
(0,0,0)
(0,0,0)
(0,0,0)
(0,0,0)
(0,0,0)
(0,0,0)
(0,0,0)
(0,0,0)
(0,0,0)
(0,0,0)
(0,0,0)
(0,0,0)
(0,0,0)
(0,0,0)
(0,0,0)
(0,0,0)
(0,0,0)
(0,0,0)
(0,0,0)
(0,0,0)
(0,0,0)
(0,0,0)
(0,0,0)
(0,0,0)
(0,0,0)
(0,0,0)
(0,0,0)
(0,0,0)
(0,0,0)
(0,0,0)
(0,0,0)
(0,0,0)
(0,0,0)
(0,0,0)
(0,0,0)
(0,0,0)
(0,0,0)
(0,0,0)
(0,0,0)
(0,0,0)
(0,0,0)
(0,0,0)
(0,0,0)
(0,0,0)
(0,0,0)
(0,0,0)
(0,0,0)
(0,0,0)
(0,0,0)
(0,0,0)
(0,0,0)
(0,0,0)
(0,0,0)
(0,0,0)
(0,0,0)
(0,0,0)
(0,0,0)
(0,0,0)
(0,0,0)
(0,0,0)
(0,0,0)
(0,0,0)
(0,0,0)
(0,0,0)
(0,0,0)
(0,0,0)
(0,0,0)
(0,0,0)
(0,0,0)
(0,0,0)
(0,0,0)
(0,0,0)
(0,0,0)
(0,0,0)
(0,0,0)
(0,0,0)
(0,0,0)
(0,0,0)
(-25528.0689373318,13358.4922923922,12169.5766449395)
(-27034.6397157957,12847.4049359904,26356.8114247448)
(-30456.3063068378,11745.7546078537,45067.3631237292)
(-36867.6691534506,9965.85309852933,71969.1791786528)
(-48488.756893949,7512.29150074319,112945.644571864)
(-69411.1518676986,4697.21871755452,177659.577721995)
(-107276.275124074,2100.20286716582,282835.649978936)
(-175738.166407742,532.083773548242,458041.732613123)
(-290004.864374714,-8.16690771777289,748054.763895609)
(-404188.719838762,-40.2708114279949,1152283.75454581)
(0,0,0)
(0,0,0)
(0,0,0)
(0,0,0)
(0,0,0)
(0,0,0)
(-27025.5300037037,28776.9458936839,11607.0764024116)
(-28544.4429419781,27812.4036458342,25186.5206345489)
(-32027.9787915528,25708.4359804472,43251.8180535049)
(-38601.2513638072,22276.960333715,69541.96218213)
(-50542.417321711,17455.2199016632,110141.451102919)
(-71948.8975503761,11677.2845459851,175110.282824871)
(-110228.512766413,6147.64634257921,281291.352115838)
(-178423.581799476,2680.87187982982,457566.145809005)
(-291784.838629473,1266.86212018177,748075.955410639)
(-405027.628709981,646.498898636695,1152416.81441046)
(0,0,0)
(0,0,0)
(0,0,0)
(0,0,0)
(0,0,0)
(0,0,0)
(-30470.1758617145,48721.0628291862,10526.0589262117)
(-31985.6311492607,47381.0942073026,22942.9995140044)
(-35544.5030928339,44496.2174476287,39699.7211396614)
(-42435.1497588988,39758.1262994453,64653.7049328318)
(-55133.6662186137,32901.7639306214,104340.827122487)
(-77861.2567739389,24258.1439366171,169621.224505794)
(-117457.249733888,15430.5088417064,277795.611740557)
(-185076.482017136,9367.12549662664,456185.84014087)
(-296058.32914125,6136.92013091369,747374.111271457)
(-406978.408741103,3337.26141279967,1151661.75749838)
(0,0,0)
(0,0,0)
(0,0,0)
(0,0,0)
(0,0,0)
(0,0,0)
(-36807.6483505411,76429.3356391771,9099.37554055064)
(-38339.2494895952,74931.2686136739,19888.4506237763)
(-42022.2894267045,71680.9270084464,34726.0304896567)
(-49381.0732951871,66267.7915657248,57597.4385185598)
(-63327.3797431357,58237.5240238914,95589.0581684285)
(-88577.0874335933,47622.9623501325,160801.327188501)
(-131277.967114094,35763.4282611697,271746.374883142)
(-197932.156075859,26056.7461833218,452988.910272273)
(-303895.81055147,18519.8170259002,744501.823928717)
(-410401.949529787,9980.47841096874,1148260.55646043)
(0,0,0)
(0,0,0)
(0,0,0)
(0,0,0)
(0,0,0)
(0,0,0)
(-48123.8008175654,117066.666179329,7486.47027741307)
(-49636.5515298695,115633.60586047,16420.6845604857)
(-53394.9652415536,112436.681203316,29059.8956071682)
(-61146.6870276789,107086.354463697,49388.01973688)
(-76368.8923520662,99147.0366178072,84847.3994950359)
(-104743.813597983,88340.866851188,148873.308591949)
(-152367.499446784,75034.9116962212,261969.324603684)
(-217553.766015286,60262.2539334571,445317.582868861)
(-315328.713124654,43345.8357029426,735820.277316519)
(-415365.26391829,22991.4467334985,1138174.5729123)
(0,0,0)
(0,0,0)
(0,0,0)
(0,0,0)
(0,0,0)
(0,0,0)
(-68557.8970611931,179726.141594554,5898.42164596794)
(-69990.9279602372,178448.891466935,13074.0639997388)
(-73616.886767156,175529.364994112,23598.2669760988)
(-81276.1283875811,170651.165044287,41309.5847830865)
(-96638.2038199723,163238.604557234,73856.2206636319)
(-125549.669018124,152323.779185205,135422.977347746)
(-173323.456376297,136643.414052487,247137.931367804)
(-235554.162854544,114671.690593935,428282.657561851)
(-327743.848700793,84019.5795838329,715352.76238179)
(-421619.252596861,44869.7117093406,1115093.75000272)
(0,0,0)
(0,0,0)
(0,0,0)
(0,0,0)
(0,0,0)
(0,0,0)
(-106010.439898471,281268.148068889,4468.43342413934)
(-107291.477787379,280112.668133775,10096.1345446765)
(-110528.200786085,277508.484545618,18645.2157792603)
(-117507.9010407,273074.125307944,33730.1565563069)
(-131765.484775495,265984.910727322,62749.3351617149)
(-158910.040122998,254400.812986787,119582.341483124)
(-203731.437709969,234930.662796951,225026.530448631)
(-260320.711700979,202521.103106879,397497.82963666)
(-346238.618956331,151608.276662832,676147.75151393)
(-431821.20488282,82619.0527287681,1070219.61537737)
(0,0,0)
(0,0,0)
(0,0,0)
(0,0,0)
(0,0,0)
(0,0,0)
(-174466.217506543,452491.157989509,3243.20758591197)
(-175509.218046626,451361.343624753,7503.750141563)
(-178111.154724935,448895.386875398,14228.0025367271)
(-183773.070192254,444520.906305482,26554.2917314295)
(-195498.430515894,437021.72076253,51015.9122121104)
(-218053.419296912,423561.929439409,99908.2150563971)
(-255581.246171569,398069.269728991,192350.854295912)
(-301437.678630664,349902.998638113,346406.637395358)
(-379896.066366831,270789.772068383,607121.208356637)
(-451368.038834199,153499.355666728,987608.944252814)
(0,0,0)
(0,0,0)
(0,0,0)
(0,0,0)
(0,0,0)
(0,0,0)
(-289121.169614697,739433.973232236,2178.35437195918)
(-289832.019519962,738242.401415663,5129.31610102362)
(-291602.206452164,735658.770097773,9968.13933077883)
(-295402.606181123,730805.570811075,19086.0810063155)
(-303163.049966606,721811.809482998,37459.0422524645)
(-317786.23436734,704587.425173939,74219.7808852642)
(-342373.597548692,670708.250496387,143954.397666556)
(-378980.887988616,605681.962472009,267156.321821273)
(-441944.259212306,490120.819098486,489769.534003448)
(-485447.353473668,294711.984515183,834004.258628664)
(0,0,0)
(0,0,0)
(0,0,0)
(0,0,0)
(0,0,0)
(0,0,0)
(-403829.26017705,1142154.94392659,1108.28948268787)
(-404178.324455344,1140887.64753198,2641.36782171601)
(-405057.427778184,1138110.56667494,5246.99902276028)
(-406913.174028137,1132763.84953345,10201.8943285348)
(-410668.918836325,1122491.0098681,20191.6127797709)
(-417723.043879484,1102331.934503,40170.1473301938)
(-430031.095753307,1062249.75009565,78659.7434842269)
(-450786.94606474,983773.458382683,151355.193638253)
(-485335.793753081,832640.219954053,294171.58653576)
(-488849.293913315,538699.080258971,539033.784705292)
(0,0,0)
(0,0,0)
(0,0,0)
(0,0,0)
(0,0,0)
(0,0,0)
(0,0,0)
(0,0,0)
(0,0,0)
(0,0,0)
(0,0,0)
(0,0,0)
(0,0,0)
(0,0,0)
(0,0,0)
(0,0,0)
(0,0,0)
(0,0,0)
(0,0,0)
(0,0,0)
(0,0,0)
(0,0,0)
(0,0,0)
(0,0,0)
(0,0,0)
(0,0,0)
(0,0,0)
(0,0,0)
(0,0,0)
(0,0,0)
(0,0,0)
(0,0,0)
(0,0,0)
(0,0,0)
(0,0,0)
(0,0,0)
(0,0,0)
(0,0,0)
(0,0,0)
(0,0,0)
(0,0,0)
(0,0,0)
(0,0,0)
(0,0,0)
(0,0,0)
(0,0,0)
(0,0,0)
(0,0,0)
(0,0,0)
(0,0,0)
(0,0,0)
(0,0,0)
(0,0,0)
(0,0,0)
(0,0,0)
(0,0,0)
(0,0,0)
(0,0,0)
(0,0,0)
(0,0,0)
(0,0,0)
(0,0,0)
(0,0,0)
(0,0,0)
(0,0,0)
(0,0,0)
(0,0,0)
(0,0,0)
(0,0,0)
(0,0,0)
(0,0,0)
(0,0,0)
(0,0,0)
(0,0,0)
(0,0,0)
(0,0,0)
(0,0,0)
(0,0,0)
(0,0,0)
(0,0,0)
(0,0,0)
(0,0,0)
(0,0,0)
(0,0,0)
(0,0,0)
(0,0,0)
(0,0,0)
(0,0,0)
(0,0,0)
(0,0,0)
(0,0,0)
(0,0,0)
(0,0,0)
(0,0,0)
(0,0,0)
(0,0,0)
(0,0,0)
(0,0,0)
(0,0,0)
(0,0,0)
(0,0,0)
(0,0,0)
(3792918.94797335,11909.8309538536,10706.2085891186)
(3790419.83441557,11395.3917884464,22919.399122921)
(3784742.98617431,10226.986183355,38556.1769120077)
(3774191.7114839,8282.01653088406,60277.8361973553)
(3755299.98737342,5525.29968170187,92026.8487019133)
(3721674.51713252,2213.95108114209,139790.285074077)
(3659987.4511128,-810.79366141972,214400.40895222)
(3537962.48418341,-2146.73468066069,343909.549495281)
(3262664.97990697,-1792.16259101945,634094.924258202)
(2514926.77070271,-880.787164952418,1556923.2773353)
(0,0,0)
(0,0,0)
(0,0,0)
(0,0,0)
(0,0,0)
(0,0,0)
(3790359.70564303,25473.4551666298,10114.196594152)
(3787865.03867683,24469.3765254644,21693.7866919826)
(3782132.73413665,22229.1936720634,36593.9227286893)
(3771370.7692006,18447.0564707649,57519.9186779925)
(3751979.68996376,12873.3791003368,88712.7884275215)
(3717429.1896102,5778.77089540796,136832.937906274)
(3654805.28231426,-1062.16370268875,213113.569320593)
(3533309.69321709,-3985.06254288916,344281.678619894)
(3259774.03311702,-3021.11597765826,635014.81671359)
(2513649.8771951,-1309.76333989512,1557829.34343699)
(0,0,0)
(0,0,0)
(0,0,0)
(0,0,0)
(0,0,0)
(0,0,0)
(3784565.32105476,42468.5220677687,9032.49263599517)
(3782097.61591368,41114.942264558,19366.7362876072)
(3776294.85030633,38089.0173506078,32730.6156635635)
(3765066.5666206,32851.769114486,51887.2430940083)
(3744356.10178851,24735.9371855588,81597.9734552152)
(3706990.50896836,13542.003155378,130046.031906569)
(3640796.22260254,1586.3692285793,210207.083092505)
(3520463.52420982,-3522.02949103309,345267.100267429)
(3252305.52496608,-1717.70555067365,636662.892186692)
(2510533.42080479,-100.224592736591,1559004.58034732)
(0,0,0)
(0,0,0)
(0,0,0)
(0,0,0)
(0,0,0)
(0,0,0)
(3774001.75587772,65153.5598813162,7568.61441179334)
(3771550.38858258,63681.0680162602,16175.9070416042)
(3765634.0966228,60357.5186497672,27314.0761465745)
(3753690.00680398,54527.707074326,43630.1145412444)
(3730539.57248609,45208.8847244322,70353.271226734)
(3686814.12564011,31450.3063492816,118116.811412756)
(3609687.21405846,14670.4987720656,205130.55715037)
(3491216.75036996,6438.11130876204,347084.566358392)
(3237216.20681189,7093.7292250212,638224.170672902)
(2504731.12758612,5012.28846445229,1559041.63695351)
(0,0,0)
(0,0,0)
(0,0,0)
(0,0,0)
(0,0,0)
(0,0,0)
(3755472.7304523,96665.1940619688,5954.89100310679)
(3753085.77396628,95313.813547726,12662.8764290843)
(3747142.23059313,92248.3027628955,21297.9529349417)
(3734591.72665052,86993.1559245254,34157.1468601594)
(3708653.78542962,78914.8942134955,56491.5160430532)
(3655389.1400771,67582.7290322396,101289.196138669)
(3553664.73731202,54134.4893585187,196856.025247042)
(3436865.41788453,42299.1635682383,347638.845541413)
(3213483.1026981,30951.3599740444,636032.455423141)
(2496061.52710804,16735.0656481893,1553945.94366676)
(0,0,0)
(0,0,0)
(0,0,0)
(0,0,0)
(0,0,0)
(0,0,0)
(3722486.29090737,142240.285938826,4443.77660817971)
(3720267.38226075,141125.994232703,9436.34215581546)
(3714621.87730323,138606.054323365,15902.8829786117)
(3702332.22435528,134436.358005949,25914.3846080357)
(3676123.14232405,128151.438195024,44979.5509360979)
(3621360.32440089,119001.232590668,87714.1104123044)
(3518340.08545484,106276.231690984,184971.882702348)
(3406628.5530929,89948.5517910065,336202.834985725)
(3193201.27045795,65548.913447449,621723.218807196)
(2486118.25486434,34662.5786320928,1537121.25481579)
(0,0,0)
(0,0,0)
(0,0,0)
(0,0,0)
(0,0,0)
(0,0,0)
(3661384.52530416,212714.897558996,3193.47963084468)
(3659452.25534577,211816.080501392,6822.71668262325)
(3654477.32130103,209887.899071374,11598.406301156)
(3643358.04536485,206810.080292553,19421.7940626262)
(3618934.37680787,202318.183048611,35618.2440792923)
(3566616.29280578,195348.066340586,74808.1338542238)
(3466764.89312961,183173.088920779,168478.002238451)
(3365974.69169742,161510.30071557,311683.906369166)
(3163219.26561701,118045.127073227,590792.86462366)
(2469163.53823036,63110.3251706444,1502423.43142563)
(0,0,0)
(0,0,0)
(0,0,0)
(0,0,0)
(0,0,0)
(0,0,0)
(3539328.29063312,337755.970882497,2227.47499051945)
(3537787.66662646,336966.675698064,4843.05157440308)
(3533826.43341558,335388.890838922,8467.52811993351)
(3524871.95877743,332919.312794446,14776.3231020695)
(3504748.74355799,329458.892357324,28451.4961730374)
(3460401.60293214,323994.02741812,62413.5693201217)
(3373065.52973418,311452.288685117,146550.650103591)
(3307132.89984475,272503.181174924,268050.247622402)
(3102544.22582912,208863.525973772,535854.612979448)
(2429833.05925096,119477.378859262,1439349.51765928)
(0,0,0)
(0,0,0)
(0,0,0)
(0,0,0)
(0,0,0)
(0,0,0)
(3263404.00793985,624794.608974784,1499.24080677386)
(3262373.55266224,623992.376808156,3331.0239681476)
(3259724.3814961,622363.098571496,6093.28474093222)
(3253882.22583707,619497.885992181,11292.9359785747)
(3241277.04623139,614536.882420908,22837.9061706017)
(3215562.86634533,604905.621803703,49640.2675259663)
(3169120.71056551,583301.213955288,107360.090595239)
(3103635.44188888,534060.293966976,204249.704379352)
(2918897.42625061,446911.012401385,446423.588942454)
(2310276.78777585,291451.126507419,1319788.75649834)
(0,0,0)
(0,0,0)
(0,0,0)
(0,0,0)
(0,0,0)
(0,0,0)
(2515076.7871244,1546168.31729055,783.300836360354)
(2514584.60918658,1545315.07315444,1760.72730177211)
(2513294.01376429,1543492.34654566,3343.09423871638)
(2510494.94819963,1540070.53201782,6425.38243900587)
(2504632.45602181,1533567.81089098,13156.1355644679)
(2493061.71260797,1520463.04246397,27877.0148704535)
(2471612.48994522,1492697.97610829,57899.7234725407)
(2430452.48561987,1434933.19270463,116850.449503901)
(2310376.83549269,1318322.6911363,290789.197976835)
(1878528.34249712,1027796.68290743,1028129.06161997)
(0,0,0)
(0,0,0)
(0,0,0)
(0,0,0)
(0,0,0)
(0,0,0)
(0,0,0)
(0,0,0)
(0,0,0)
(0,0,0)
(0,0,0)
(0,0,0)
(0,0,0)
(0,0,0)
(0,0,0)
(0,0,0)
(0,0,0)
(0,0,0)
(0,0,0)
(0,0,0)
(0,0,0)
(0,0,0)
(0,0,0)
(0,0,0)
(0,0,0)
(0,0,0)
(0,0,0)
(0,0,0)
(0,0,0)
(0,0,0)
(0,0,0)
(0,0,0)
(0,0,0)
(0,0,0)
(0,0,0)
(0,0,0)
(0,0,0)
(0,0,0)
(0,0,0)
(0,0,0)
(0,0,0)
(0,0,0)
(0,0,0)
(0,0,0)
(0,0,0)
(0,0,0)
(0,0,0)
(0,0,0)
(0,0,0)
(0,0,0)
(0,0,0)
(0,0,0)
(0,0,0)
(0,0,0)
(0,0,0)
(0,0,0)
(0,0,0)
(0,0,0)
(0,0,0)
(0,0,0)
(0,0,0)
(0,0,0)
(0,0,0)
(0,0,0)
(0,0,0)
(0,0,0)
(0,0,0)
(0,0,0)
(0,0,0)
(0,0,0)
(0,0,0)
(0,0,0)
(0,0,0)
(0,0,0)
(0,0,0)
(0,0,0)
(0,0,0)
(0,0,0)
(0,0,0)
(0,0,0)
(0,0,0)
(0,0,0)
(0,0,0)
(0,0,0)
(0,0,0)
(0,0,0)
(0,0,0)
(0,0,0)
(0,0,0)
(0,0,0)
(0,0,0)
(0,0,0)
(0,0,0)
(0,0,0)
(0,0,0)
(0,0,0)
(0,0,0)
(0,0,0)
(0,0,0)
(0,0,0)
(0,0,0)
(0,0,0)
(-65757.1198113333,9409.89509919316,8203.11623183742)
(-68499.18862892,8884.29087748381,17174.7919452269)
(-74699.2308959322,7667.58607339296,27886.3664884845)
(-85866.5123949681,5523.95502747537,41357.5788862983)
(-105052.42975209,2268.42929315586,58378.5102650261)
(-137098.868097521,-1988.71628077946,78077.5553223078)
(-189506.961324774,-5964.23935162993,92473.1506579038)
(-272554.049470659,-6820.07571017245,68746.7035685885)
(-391604.830851751,-4698.09252771025,-113348.449598622)
(-480199.761628098,-2169.96126322286,-957115.012458176)
(0,0,0)
(0,0,0)
(0,0,0)
(0,0,0)
(0,0,0)
(0,0,0)
(-68706.666537424,19810.8733968078,7602.33742917747)
(-71393.5993770169,18776.7460791859,15905.4638276662)
(-77517.6820612711,16425.2072200984,25735.2024252629)
(-88694.9035862252,12175.958609778,38085.8151761931)
(-108140.03800408,5270.50425406303,54140.4117294987)
(-141040.126048985,-4645.92147518807,74203.8761294895)
(-194661.156236278,-15054.1661377564,91697.1850124464)
(-276884.326705677,-16854.8321977369,70862.904969136)
(-393785.8595089,-10490.0751946289,-110848.276191557)
(-480994.914339525,-4428.65994492996,-955007.842428882)
(0,0,0)
(0,0,0)
(0,0,0)
(0,0,0)
(0,0,0)
(0,0,0)
(-75216.235727784,32012.3414431962,6517.0322825461)
(-77804.4265325177,30655.1747267776,13477.5896275047)
(-83785.9659809377,27496.6852976228,21423.8713835796)
(-95059.0434630837,21526.927081504,31135.4565418715)
(-115471.869936578,10939.1027948093,44231.7732726529)
(-151729.107954249,-6629.06952731026,63871.4817937567)
(-211858.939837241,-29535.1081908741,89944.529833029)
(-291922.364752656,-32806.0920594835,77218.6222035228)
(-400381.160296038,-16816.6303358086,-104831.193846741)
(-483135.13315549,-5911.36640093796,-950742.989884099)
(0,0,0)
(0,0,0)
(0,0,0)
(0,0,0)
(0,0,0)
(0,0,0)
(-86812.9650723978,46713.2327946765,5050.77314503564)
(-89244.2332417074,45289.1002857355,10148.4129566791)
(-95010.8098749278,41935.1700295641,15291.7782688323)
(-106483.903886351,35482.5412302205,20447.0183567682)
(-129143.984595085,23347.6529104152,26658.9688687463)
(-175277.409272627,42.7728700190922,41015.6049305353)
(-265324.402182133,-41309.1295202962,86738.1860469117)
(-341228.02083019,-47892.4546385625,93206.2633725113)
(-416903.192339387,-16615.6427015548,-93938.3815640468)
(-487674.329239216,-3639.16584074782,-944868.181752575)
(0,0,0)
(0,0,0)
(0,0,0)
(0,0,0)
(0,0,0)
(0,0,0)
(-106197.664946153,63802.3427350508,3518.22900445038)
(-108414.853529112,62596.151317613,6648.7490143673)
(-113838.236417885,59821.3716029875,8679.95799828781)
(-125297.133167562,54825.4214731045,8162.88111986962)
(-150613.40699445,46456.2297174622,3258.44028325001)
(-215629.736910999,33618.5308190178,-361.497131299787)
(-428182.178308865,18904.9815325872,80208.2509830596)
(-508472.058933188,12113.3548061199,124476.861902439)
(-449462.862060599,10702.5339290084,-80958.4064229633)
(-495177.736681343,6792.53388263746,-941213.898810515)
(0,0,0)
(0,0,0)
(0,0,0)
(0,0,0)
(0,0,0)
(0,0,0)
(-138158.728173704,81196.5912309212,2187.71413160686)
(-140097.037157333,80357.7388882721,3727.4895254338)
(-144929.576963692,78518.5962357698,3518.66270592366)
(-155546.258624433,75535.5703746943,-376.059669659857)
(-180137.931701639,71039.5075799686,-9761.31996008798)
(-244959.692789771,64319.0611006377,-15204.8895046884)
(-447276.486343085,54763.5813034702,73490.0260686818)
(-521269.913969461,49367.8860754537,123070.905408118)
(-464813.451268034,35614.8377388375,-84889.7331293903)
(-502700.34852116,17717.6872638211,-948059.339578663)
(0,0,0)
(0,0,0)
(0,0,0)
(0,0,0)
(0,0,0)
(0,0,0)
(-190370.821905664,90644.7269329024,1244.15505418666)
(-191953.217328331,90163.7194147052,1780.5907482366)
(-195975.915883192,89309.2015319314,380.166182634921)
(-205176.581334804,88441.5272902482,-5054.22048689162)
(-227743.786110094,88293.08522142,-16692.6916639902)
(-291161.092361749,89312.2885087236,-24971.5903581629)
(-501989.117779575,89644.6211852795,67838.3242156221)
(-569918.69779803,102850.065390672,109186.477942186)
(-487718.544618147,57509.0939368187,-102833.024474245)
(-515038.679302323,23858.3467972587,-965834.522928678)
(0,0,0)
(0,0,0)
(0,0,0)
(0,0,0)
(0,0,0)
(0,0,0)
(-273614.078450137,61818.7044826015,705.335079880899)
(-274788.505412044,61549.3755244873,832.794554965962)
(-277847.831334925,61345.113365988,-591.908982175779)
(-285026.64987394,62069.4398062808,-5384.26930055579)
(-303710.929144828,66211.6280859707,-15906.1959158644)
(-361867.433279129,79467.3697757038,-24855.2974252172)
(-591796.905054451,107838.629426176,80750.0726689627)
(-483298.327828298,69301.90475081,63666.4045282678)
(-506268.250241977,25409.390176584,-136484.472093938)
(-534233.873806122,17.5461544788015,-989639.79484762)
(0,0,0)
(0,0,0)
(0,0,0)
(0,0,0)
(0,0,0)
(0,0,0)
(-392978.70772174,-123349.391051504,487.754742088603)
(-393705.414767494,-123607.816611862,660.857854493852)
(-395657.148106557,-123838.927302911,163.371672417833)
(-400050.691517308,-123557.589606548,-1339.73801395794)
(-410352.465479223,-121697.601881188,-2864.05278979728)
(-435049.126308374,-117112.874607779,3265.12779374542)
(-489068.555379629,-113718.915091303,41948.8818027157)
(-507106.425475053,-138686.201657825,19615.799121629)
(-553969.298633204,-161273.546347121,-161897.595924503)
(-562888.491705324,-140076.142004072,-989701.684738335)
(0,0,0)
(0,0,0)
(0,0,0)
(0,0,0)
(0,0,0)
(0,0,0)
(-481277.536087585,-968360.69174938,302.567456272959)
(-481601.735151781,-968651.194865846,469.233594952666)
(-482520.532368127,-969110.888766621,492.684737522987)
(-484551.725833609,-969618.694458155,537.407168698262)
(-488985.327867255,-970201.561214474,1596.09393743223)
(-498304.167744018,-971681.078726648,6467.12195464792)
(-515528.221607466,-977951.307861399,16777.1698238526)
(-534803.599852342,-994561.273827137,-3154.72898827864)
(-563059.272070857,-991219.096864024,-140836.12736144)
(-543466.487434904,-850152.786997841,-849827.708889208)
(0,0,0)
(0,0,0)
(0,0,0)
(0,0,0)
(0,0,0)
(0,0,0)
(0,0,0)
(0,0,0)
(0,0,0)
(0,0,0)
(0,0,0)
(0,0,0)
(0,0,0)
(0,0,0)
(0,0,0)
(0,0,0)
(0,0,0)
(0,0,0)
(0,0,0)
(0,0,0)
(0,0,0)
(0,0,0)
(0,0,0)
(0,0,0)
(0,0,0)
(0,0,0)
(0,0,0)
(0,0,0)
(0,0,0)
(0,0,0)
(0,0,0)
(0,0,0)
(0,0,0)
(0,0,0)
(0,0,0)
(0,0,0)
(0,0,0)
(0,0,0)
(0,0,0)
(0,0,0)
(0,0,0)
(0,0,0)
(0,0,0)
(0,0,0)
(0,0,0)
(0,0,0)
(0,0,0)
(0,0,0)
(0,0,0)
(0,0,0)
(0,0,0)
(0,0,0)
(0,0,0)
(0,0,0)
(0,0,0)
(0,0,0)
(0,0,0)
(0,0,0)
(0,0,0)
(0,0,0)
(0,0,0)
(0,0,0)
(0,0,0)
(0,0,0)
(0,0,0)
(0,0,0)
(0,0,0)
(0,0,0)
(0,0,0)
(0,0,0)
(0,0,0)
(0,0,0)
(0,0,0)
(0,0,0)
(0,0,0)
(0,0,0)
(0,0,0)
(0,0,0)
(0,0,0)
(0,0,0)
(0,0,0)
(0,0,0)
(0,0,0)
(0,0,0)
(0,0,0)
(0,0,0)
(0,0,0)
(0,0,0)
(0,0,0)
(0,0,0)
(0,0,0)
(0,0,0)
(0,0,0)
(0,0,0)
(0,0,0)
(0,0,0)
(0,0,0)
(0,0,0)
(0,0,0)
(0,0,0)
(0,0,0)
(0,0,0)
(-77813.7162748907,6585.15273586904,5471.44372768918)
(-80118.2547768521,6072.28979658096,11018.2200790401)
(-85252.0238980394,4904.27742769292,16666.7356534566)
(-94109.2640988342,2751.06694513015,22158.4204121901)
(-108456.308182948,-786.97739027892,26349.2762333305)
(-130527.117546798,-5911.56009861697,25689.0857812265)
(-162264.483717239,-11096.1252792246,9542.73345291925)
(-201655.405077568,-11163.3510804438,-50192.5598597275)
(-233161.409280368,-6877.85334417515,-201758.128086929)
(-202641.503822897,-2943.59491857867,-476372.790973565)
(0,0,0)
(0,0,0)
(0,0,0)
(0,0,0)
(0,0,0)
(0,0,0)
(-80501.1657275746,13446.1714303297,4933.48049569044)
(-82667.212855542,12466.4564349672,9812.92733582529)
(-87502.0681691391,10203.7839757341,14497.8068956522)
(-95878.8025755537,5851.68519725007,18581.0876328587)
(-109534.042473698,-2048.71763620439,21236.8323484025)
(-130965.995805077,-15326.121521124,20577.2635270085)
(-162484.945414785,-32241.3350469538,9546.26247325172)
(-200678.673974418,-31918.1363411477,-45904.6049972966)
(-231627.083219451,-17090.122219527,-197851.112411397)
(-201733.247142816,-6538.91191052117,-473517.462616192)
(0,0,0)
(0,0,0)
(0,0,0)
(0,0,0)
(0,0,0)
(0,0,0)
(-86291.3448114401,20579.7648148711,3941.51569911736)
(-88217.2392552114,19323.5515342307,7497.23332254385)
(-92471.8178466153,16298.298102572,10088.571061381)
(-99848.1069059122,10099.4365882414,10629.8831132204)
(-112106.266369068,-2744.04827845522,7959.61018795896)
(-132631.054529956,-30177.6529352429,3713.08817777517)
(-167280.978502346,-83030.4870781365,9924.27887406906)
(-200635.86727048,-82177.3725438457,-31102.9824054137)
(-227836.779613229,-33385.2998241404,-187352.185483615)
(-199432.672543733,-10452.9259881914,-467140.632017724)
(0,0,0)
(0,0,0)
(0,0,0)
(0,0,0)
(0,0,0)
(0,0,0)
(-96289.8687146804,27442.7501217659,2613.91833539174)
(-97851.2826065659,26187.3972937261,4357.12194075787)
(-101241.965991484,23126.8241429818,3759.75201690679)
(-107004.543306695,16678.6460742961,-2298.81804880522)
(-116572.875058092,1882.04665873529,-19496.0225229843)
(-135556.941075556,-40310.2108326089,-49083.932822696)
(-204179.112116221,-204137.174145605,10877.464178853)
(-215085.471937391,-215126.227860233,17683.7706024457)
(-219012.991939579,-49155.5643969522,-164436.16522455)
(-194736.791582413,-11096.5658519921,-456730.063017543)
(0,0,0)
(0,0,0)
(0,0,0)
(0,0,0)
(0,0,0)
(0,0,0)
(-112004.399282112,31959.7134912118,1289.77096651419)
(-113135.453376758,31008.4152803334,1189.3528275519)
(-115477.158506773,28794.3698921813,-2839.27083275805)
(-118839.363365967,24629.4425930247,-17247.8371530801)
(-121188.094457573,16997.0289045617,-61788.1319357854)
(-109146.71088051,4338.36989862671,-212919.738697511)
(-5.89512306011874e-05,-1.42965397684638e-05,3.80894420723823e-05)
(-190.182732806106,-623.022330550658,183691.403788485)
(-183951.697586479,-4613.0568515086,-126362.268231088)
(-186321.037549316,-707.452446338751,-445608.080768786)
(0,0,0)
(0,0,0)
(0,0,0)
(0,0,0)
(0,0,0)
(0,0,0)
(-135503.334901742,29077.5504499969,226.769769254504)
(-136242.614066963,28568.5239213903,-1187.76196217184)
(-137621.56293666,27523.2281955641,-7224.63429258684)
(-139005.258357917,25960.5347991836,-25096.7267652616)
(-137108.783736316,23525.4364420289,-74654.2822680497)
(-115995.096385637,18189.3683583279,-217469.877131882)
(-5.36295351064816e-05,-1.80413894996337e-05,2.94980055404742e-05)
(238.121118051322,761.705588695989,179867.45205552)
(-179862.704294239,12734.9216021507,-122431.273371938)
(-186306.961026365,5388.67409503679,-444920.787408066)
(0,0,0)
(0,0,0)
(0,0,0)
(0,0,0)
(0,0,0)
(0,0,0)
(-168321.006998178,7410.97260558828,-383.237063075944)
(-168727.612051434,7335.70822108039,-2376.0266396695)
(-169313.358813771,7491.7940476351,-9007.14956115511)
(-169166.542858308,8703.33624255371,-27759.9894810176)
(-164247.271683697,12510.1099962514,-80241.1774616383)
(-136176.495020103,18851.1493040557,-235887.555749007)
(-0.000146143459111665,5.4523559458281e-05,4.24655366276039e-05)
(-695.215817454531,189707.697639737,191657.904956755)
(-192633.846040143,39112.9225734908,-129804.794592598)
(-193885.065368311,4741.40854408885,-450311.142975636)
(0,0,0)
(0,0,0)
(0,0,0)
(0,0,0)
(0,0,0)
(0,0,0)
(-208098.221273415,-57580.6420349285,-524.24253620474)
(-208250.403835438,-57397.381370278,-2329.25452145107)
(-208329.190310374,-56417.4038875895,-7938.69761077942)
(-207317.320374396,-52785.2823866253,-24159.408481149)
(-201026.546734827,-40163.4882235412,-74170.1926713606)
(-168990.754120245,6642.90755767234,-254838.630083865)
(-1410.72882655772,210979.758351662,189375.297254991)
(-190983.64699606,45836.548730347,40931.7653321438)
(-239981.543310887,-22083.6305003946,-164158.388525062)
(-210139.851218431,-28537.0427272185,-454973.959841423)
(0,0,0)
(0,0,0)
(0,0,0)
(0,0,0)
(0,0,0)
(0,0,0)
(-238656.74378102,-211586.107472915,-316.498502722831)
(-238658.977833321,-211407.693325421,-1352.62348174653)
(-238576.564964776,-210511.694820125,-4338.91569097941)
(-237802.757286096,-207703.363394601,-11668.7689142131)
(-234726.357562488,-199873.110516364,-27585.2545381164)
(-225369.132295513,-179876.03864928,-50746.3023440256)
(-213168.792445064,-139686.164034465,24019.8571075327)
(-244184.744926204,-165963.363953405,-27101.910757558)
(-262495.172764101,-170056.09134267,-170603.575784379)
(-215117.226081293,-120463.837761806,-426448.046373817)
(0,0,0)
(0,0,0)
(0,0,0)
(0,0,0)
(0,0,0)
(0,0,0)
(-205811.635538104,-486957.085430628,-94.9225917741836)
(-205787.905062256,-486819.101600923,-497.344405798011)
(-205721.244150432,-486215.339772359,-1592.987671255)
(-205408.075305056,-484528.189092755,-3911.81250164607)
(-204440.416388042,-480590.780127093,-7739.05437013092)
(-202401.341424144,-472746.167923973,-10771.751415319)
(-201745.850563485,-461788.764312963,-2451.52218077978)
(-212717.981187378,-459163.931016717,-31336.573782421)
(-215678.216297875,-427675.125801663,-121098.595096403)
(-172483.88491285,-306406.391203789,-306138.644176461)
(0,0,0)
(0,0,0)
(0,0,0)
(0,0,0)
(0,0,0)
(0,0,0)
(0,0,0)
(0,0,0)
(0,0,0)
(0,0,0)
(0,0,0)
(0,0,0)
(0,0,0)
(0,0,0)
(0,0,0)
(0,0,0)
(0,0,0)
(0,0,0)
(0,0,0)
(0,0,0)
(0,0,0)
(0,0,0)
(0,0,0)
(0,0,0)
(0,0,0)
(0,0,0)
(0,0,0)
(0,0,0)
(0,0,0)
(0,0,0)
(0,0,0)
(0,0,0)
(0,0,0)
(0,0,0)
(0,0,0)
(0,0,0)
(0,0,0)
(0,0,0)
(0,0,0)
(0,0,0)
(0,0,0)
(0,0,0)
(0,0,0)
(0,0,0)
(0,0,0)
(0,0,0)
(0,0,0)
(0,0,0)
(0,0,0)
(0,0,0)
(0,0,0)
(0,0,0)
(0,0,0)
(0,0,0)
(0,0,0)
(0,0,0)
(0,0,0)
(0,0,0)
(0,0,0)
(0,0,0)
(0,0,0)
(0,0,0)
(0,0,0)
(0,0,0)
(0,0,0)
(0,0,0)
(0,0,0)
(0,0,0)
(0,0,0)
(0,0,0)
(0,0,0)
(0,0,0)
(0,0,0)
(0,0,0)
(0,0,0)
(0,0,0)
(0,0,0)
(0,0,0)
(0,0,0)
(0,0,0)
(0,0,0)
(0,0,0)
(0,0,0)
(0,0,0)
(0,0,0)
(0,0,0)
(0,0,0)
(0,0,0)
(0,0,0)
(0,0,0)
(0,0,0)
(0,0,0)
(0,0,0)
(0,0,0)
(0,0,0)
(0,0,0)
(0,0,0)
(0,0,0)
(0,0,0)
(0,0,0)
(0,0,0)
(0,0,0)
(-85006.7350678934,4032.17935540847,3160.83943759234)
(-86534.2855644584,3631.93820090543,5944.93202429518)
(-89836.9262748821,2741.58361149417,7788.25078964329)
(-95179.4139782301,1050.32701864729,7808.07365039351)
(-103076.187630913,-1853.26493359609,4281.21803194758)
(-113873.056147013,-6342.95469007071,-6029.8886777678)
(-127176.097993566,-11310.1548348776,-29808.1195665623)
(-139589.351927063,-10187.3505530404,-81686.822164028)
(-138347.072431865,-5328.51960985523,-171172.639402669)
(-98392.2826405606,-1985.95991397241,-273435.900671007)
(0,0,0)
(0,0,0)
(0,0,0)
(0,0,0)
(0,0,0)
(0,0,0)
(-87029.5904795755,7798.33533884945,2762.26876855648)
(-88360.7037263361,7064.38220151919,5023.31563873858)
(-91172.0367773312,5345.43505120515,6089.43280722158)
(-95566.4382079125,1933.09457942728,4894.30087880293)
(-101699.536454221,-4607.39144018891,-186.078634083287)
(-109570.62277113,-16985.1018982034,-10939.3044598961)
(-119044.526043275,-37061.9008161357,-28627.9778501534)
(-130763.297719112,-31916.8781571347,-76813.8265013694)
(-132584.164258076,-13333.0996074396,-167852.165465166)
(-95828.6996053165,-4212.103066501,-271530.569850117)
(0,0,0)
(0,0,0)
(0,0,0)
(0,0,0)
(0,0,0)
(0,0,0)
(-91313.4038569849,10804.5059185577,2015.88846583641)
(-92287.6774861361,9889.12851060317,3261.58038768052)
(-94153.0314057007,7653.54197514383,2634.68702282582)
(-96565.7707067385,2991.61448082059,-1706.16907774131)
(-98652.9885620404,-7174.16362165355,-12592.674703303)
(-98150.0370162986,-33083.092334269,-30975.7017808855)
(-91949.2094939976,-119964.755550742,-23404.6160546315)
(-101066.586326479,-96656.6433496417,-58234.1318061291)
(-116016.073859823,-24594.9870822328,-158792.950084747)
(-89213.0385306612,-5765.46200040011,-267459.225163925)
(0,0,0)
(0,0,0)
(0,0,0)
(0,0,0)
(0,0,0)
(0,0,0)
(-98408.0016867295,11887.118640139,1035.52025046573)
(-98894.834389302,11030.5061531008,937.694390703794)
(-99493.5890366926,8972.51010846758,-2129.6506974106)
(-99076.6915619213,4925.4542770509,-11991.3422384126)
(-94512.4282030717,-2655.76498910146,-38570.1877259892)
(-75520.4908566034,-13881.0731946547,-117808.657084558)
(-2.76981673743179e-05,-2.72010272979893e-06,1.26142745217387e-05)
(-239.661047684188,-194.465257661091,13852.9041172186)
(-75752.8735304547,-14049.0608680137,-139953.140506117)
(-76089.308218528,-2662.21995514434,-261703.865915271)
(0,0,0)
(0,0,0)
(0,0,0)
(0,0,0)
(0,0,0)
(0,0,0)
(-108829.883429062,8592.87244888827,119.730338202144)
(-108805.682598415,8030.68383183085,-1210.21811887099)
(-108150.0393893,6767.91630475945,-6332.7434326375)
(-105060.959334699,4593.41695681839,-19779.1101436731)
(-94917.5685779335,1216.01095977209,-49921.4119721833)
(-66567.4285438486,-2444.65626183715,-103937.111241657)
(3.43674400063102e-06,-1.99536880255547e-06,-6.76202729804787e-05)
(-6.3098620646259e-05,-5.3138437162008e-06,1.21817588355393e-06)
(-514.642392514775,-436.39777250379,-128498.207574828)
(-57816.3558178719,-681.754023750414,-258983.355237635)
(0,0,0)
(0,0,0)
(0,0,0)
(0,0,0)
(0,0,0)
(0,0,0)
(-122790.432342293,-3585.71892478482,-534.311185774833)
(-122361.380248092,-3750.08909737333,-2634.77207544199)
(-120747.789061141,-3985.50656381036,-8755.12308239169)
(-115752.188984978,-4002.34022109074,-23412.4352774192)
(-102115.110749125,-3406.56249718498,-53783.5348076484)
(-68689.6553059062,-1828.94873724413,-101704.683411971)
(-9.5725765976857e-07,-5.77432963328892e-06,-5.33810935575877e-05)
(-4.65113541245275e-05,-1.17583609541534e-05,2.03083338544872e-07)
(-416.034707682691,46.5335572026327,-128608.038957539)
(-55148.3427331162,-2163.31937579951,-258285.091898747)
(0,0,0)
(0,0,0)
(0,0,0)
(0,0,0)
(0,0,0)
(0,0,0)
(-138829.162203519,-32269.3947228479,-808.168996593443)
(-138156.837155586,-32061.5747745267,-3067.4582152803)
(-135981.654065745,-31331.4819221023,-9053.1876050236)
(-129943.893947909,-29206.9636370567,-23071.2130994599)
(-114315.830013806,-23948.4759826438,-52460.7412838962)
(-76782.512540488,-13455.0261402548,-100228.646360503)
(-8.04736974227042e-06,-8.46778805191412e-05,-6.35874111797456e-05)
(-8.19911309369127e-05,4.40272326341986e-06,3.12343373231801e-06)
(-536.365433578921,-7982.70069288703,-130770.839783333)
(-59326.6564645926,-11402.1571841493,-256090.410878696)
(0,0,0)
(0,0,0)
(0,0,0)
(0,0,0)
(0,0,0)
(0,0,0)
(-151481.688563971,-88147.4558992881,-738.471533001078)
(-150750.163821996,-87762.1299664556,-2538.15635452176)
(-148548.891221379,-86514.4663909717,-7135.47097464841)
(-142629.02291636,-83005.6772601136,-18025.0548096248)
(-127195.806442098,-73504.7399888049,-42299.5310961867)
(-88073.3211576997,-49251.0530588224,-87420.9371401683)
(-9.97439401530544e-05,7.84909760184077e-06,3.91335865099159e-06)
(-274.538059482219,-6905.12316586907,-7850.93162815011)
(-77387.4630214532,-44329.7501114648,-134097.962499007)
(-77695.6951262686,-33372.1059367719,-244572.169838544)
(0,0,0)
(0,0,0)
(0,0,0)
(0,0,0)
(0,0,0)
(0,0,0)
(-147545.233635576,-178840.771680191,-418.194364540031)
(-146935.193929593,-178519.087158439,-1385.02107628153)
(-145261.500097385,-177491.301091104,-3723.25124354144)
(-140894.118764697,-174975.852583273,-8661.7144417837)
(-129450.323824927,-169154.429481999,-18288.058686146)
(-97881.8463871802,-156421.755059326,-38604.6425939753)
(-423.588362045522,-127725.172785483,-6917.87874990874)
(-78621.2874061877,-134080.98142625,-45305.4780095449)
(-106089.148606858,-122931.554997089,-123109.697281163)
(-82789.3359610378,-77635.7733654827,-211173.919972709)
(0,0,0)
(0,0,0)
(0,0,0)
(0,0,0)
(0,0,0)
(0,0,0)
(-103261.44365504,-281262.363812583,-128.599750677041)
(-102936.082078298,-280999.260607365,-500.249285721448)
(-102086.184540417,-280272.607043719,-1354.00294313951)
(-100031.199472361,-278741.127781201,-2965.60357790589)
(-95182.0804996213,-275667.182069075,-5711.18687924389)
(-84554.4755830337,-269828.543668585,-10151.2641110957)
(-66714.5962894885,-259501.532047665,-13406.159122919)
(-79943.9776950551,-246002.714848994,-34258.4291924999)
(-83341.7329699388,-211664.023585812,-77862.4439317286)
(-60631.8960845003,-133732.0816198,-133618.124505768)
(0,0,0)
(0,0,0)
(0,0,0)
(0,0,0)
(0,0,0)
(0,0,0)
(0,0,0)
(0,0,0)
(0,0,0)
(0,0,0)
(0,0,0)
(0,0,0)
(0,0,0)
(0,0,0)
(0,0,0)
(0,0,0)
(0,0,0)
(0,0,0)
(0,0,0)
(0,0,0)
(0,0,0)
(0,0,0)
(0,0,0)
(0,0,0)
(0,0,0)
(0,0,0)
(0,0,0)
(0,0,0)
(0,0,0)
(0,0,0)
(0,0,0)
(0,0,0)
(0,0,0)
(0,0,0)
(0,0,0)
(0,0,0)
(0,0,0)
(0,0,0)
(0,0,0)
(0,0,0)
(0,0,0)
(0,0,0)
(0,0,0)
(0,0,0)
(0,0,0)
(0,0,0)
(0,0,0)
(0,0,0)
(0,0,0)
(0,0,0)
(0,0,0)
(0,0,0)
(0,0,0)
(0,0,0)
(0,0,0)
(0,0,0)
(0,0,0)
(0,0,0)
(0,0,0)
(0,0,0)
(0,0,0)
(0,0,0)
(0,0,0)
(0,0,0)
(0,0,0)
(0,0,0)
(0,0,0)
(0,0,0)
(0,0,0)
(0,0,0)
(0,0,0)
(0,0,0)
(0,0,0)
(0,0,0)
(0,0,0)
(0,0,0)
(0,0,0)
(0,0,0)
(0,0,0)
(0,0,0)
(0,0,0)
(0,0,0)
(0,0,0)
(0,0,0)
(0,0,0)
(0,0,0)
(0,0,0)
(0,0,0)
(0,0,0)
(0,0,0)
(0,0,0)
(0,0,0)
(0,0,0)
(0,0,0)
(0,0,0)
(0,0,0)
(0,0,0)
(0,0,0)
(0,0,0)
(0,0,0)
(0,0,0)
(0,0,0)
(-88662.2687954944,2091.90753918065,1563.62618842431)
(-89468.3701453383,1871.55124167193,2626.15952763235)
(-91065.9343956493,1439.36897596197,2415.79867243633)
(-93352.2039891895,693.435073625113,-104.846390230209)
(-96159.4912883607,-475.104188277611,-6546.43854450493)
(-99028.8714529077,-2017.75485127756,-19372.8683873308)
(-101110.692090493,-3147.40317644338,-42290.8711139618)
(-100083.845773988,-1331.42317964891,-80464.9540873874)
(-88204.2295837597,472.181987777734,-131079.97892326)
(-55340.0300660383,633.005684752009,-174765.237182553)
(0,0,0)
(0,0,0)
(0,0,0)
(0,0,0)
(0,0,0)
(0,0,0)
(-89909.2582717595,3593.34513472833,1378.23019664077)
(-90522.2077871089,3227.9084209798,2183.37707810457)
(-91624.8627098739,2427.58397722361,1647.9880093861)
(-92912.8744185029,969.549220175837,-1281.68992657672)
(-93849.0351978929,-1533.17765045751,-8074.11772072338)
(-93675.1382831651,-5538.51373000279,-20448.8433299661)
(-92257.7866870617,-9974.88868326533,-40408.0971793528)
(-91654.9283921847,-2221.19095944605,-78626.6987264807)
(-83044.9187635736,3239.32228469687,-130933.084517894)
(-53104.0780911499,2430.16119558203,-175454.861542896)
(0,0,0)
(0,0,0)
(0,0,0)
(0,0,0)
(0,0,0)
(0,0,0)
(-92544.0682504046,3818.30175529664,1005.7077728525)
(-92782.0822384576,3390.79949734817,1337.22144880587)
(-92927.6222279473,2408.23424473817,131.162003542355)
(-92185.8414716298,549.411755270295,-3828.62976666391)
(-88929.7395199363,-2991.6522026789,-12093.4042565447)
(-80505.5346375141,-10462.279293024,-24814.141072314)
(-66108.3089525583,-28136.441117549,-32493.4891794681)
(-66850.9812897742,4152.80613719859,-73083.091312817)
(-69789.9029425876,15675.925100777,-131745.865046137)
(-47899.1905089011,7346.54573184793,-177976.097604154)
(0,0,0)
(0,0,0)
(0,0,0)
(0,0,0)
(0,0,0)
(0,0,0)
(-96682.6664373314,1562.14045605278,530.826049844929)
(-96440.6999207423,1194.49232361595,272.998755018851)
(-95367.6413312073,386.532604689672,-1831.24731041799)
(-91898.0701180511,-968.689145207497,-7491.7678538121)
(-82367.4953137118,-2996.76257181382,-19631.5903740356)
(-58272.6862231682,-4907.45648830326,-42434.217812193)
(-2.37345658521749e-05,-2.86393144454645e-06,-3.61656438453937e-06)
(29.2508508253931,-26.007252441881,-61432.7786567937)
(-42773.8062175699,61251.6488701067,-139987.569739012)
(-39043.8824782806,15628.3194103852,-185314.769157802)
(0,0,0)
(0,0,0)
(0,0,0)
(0,0,0)
(0,0,0)
(0,0,0)
(-102191.271920408,-5196.24535678245,119.774304183097)
(-101503.911636358,-5372.06460517846,-615.439729078324)
(-99342.1310361155,-5680.47527953181,-3356.34019804069)
(-93652.1180912017,-5949.59503029557,-9784.27555644872)
(-80098.1173549316,-5864.30835387203,-21736.1809973926)
(-51148.2814668899,-4492.58400312908,-37570.2005595257)
(3.287029290612e-06,-8.64140203294796e-07,-3.53979192403726e-06)
(-5.46290309295955e-05,1.38333171822817e-07,-1.2314307874347e-05)
(-368.647933975304,-256.239793827715,-185448.915209225)
(-28803.8003056329,2018.19317625391,-200851.344487336)
(0,0,0)
(0,0,0)
(0,0,0)
(0,0,0)
(0,0,0)
(0,0,0)
(-108446.167971404,-19407.1823364122,-133.327391261565)
(-107451.670016591,-19328.6927175938,-1086.40951034948)
(-104605.998092487,-19015.4576764546,-3893.21808208493)
(-97600.4565861536,-17994.4927753788,-10000.0527358262)
(-81949.0325236158,-15420.278784598,-20610.1605306092)
(-50735.9782947692,-9775.39829169717,-33281.0232531789)
(-4.17811148108367e-07,-2.96521605067193e-06,-3.09052504861799e-12)
(-3.87019470364604e-05,2.873749948828e-07,-7.95845200165195e-06)
(-433.493144746007,-30.7522129937144,-183001.569652683)
(-27013.4157810714,-6316.61127416941,-202801.692154304)
(0,0,0)
(0,0,0)
(0,0,0)
(0,0,0)
(0,0,0)
(0,0,0)
(-113257.68418866,-44806.8144708377,-171.84588044012)
(-112133.287609768,-44529.664195091,-994.423948765317)
(-109066.682574738,-43732.6695371078,-3192.18357911771)
(-101772.005543346,-41661.4368980312,-7697.12786102921)
(-85723.307403463,-36521.3180590327,-15188.6111969353)
(-53536.974881146,-24450.0646132154,-23759.4825347584)
(-6.02284692107301e-06,-6.14569607724479e-06,-3.64525988085023e-12)
(-6.9402730127487e-05,-1.37544316805081e-06,-1.09255862917521e-05)
(-587.967771083374,-84668.3850240943,-189237.468735547)
(-28715.7842915936,-29696.1929423844,-196468.759240346)
(0,0,0)
(0,0,0)
(0,0,0)
(0,0,0)
(0,0,0)
(0,0,0)
(-112007.55438713,-84209.3078552336,-71.6407924463292)
(-110988.73413651,-83912.193666275,-450.54100674317)
(-108262.127024494,-83087.5594967707,-1382.41524396688)
(-101900.660128342,-80998.0868891295,-2774.12804088468)
(-87761.548552762,-75371.9345970542,-3357.76939219994)
(-57618.1535841579,-58633.9933865304,370.991807571784)
(-8.77696583752569e-05,-1.32167264757286e-05,-5.03665662941157e-06)
(-407.878610691824,-84913.2497323123,-84729.9913903366)
(-39759.18765112,-72799.0926467981,-134227.559137965)
(-36587.4027333345,-38331.1843724649,-166700.860100819)
(0,0,0)
(0,0,0)
(0,0,0)
(0,0,0)
(0,0,0)
(0,0,0)
(-97130.265441417,-134708.887570054,84.6115206605955)
(-96380.6499732632,-134558.51096843,176.384866477774)
(-94475.5547511239,-134219.257681546,522.137704991321)
(-90186.8520407651,-133869.110819264,2685.8949111951)
(-80786.2470165173,-134542.814725151,13192.6982308789)
(-59377.0393023079,-142714.45159402,58768.3493534923)
(-750.602518790491,-193636.335010755,-85052.944502329)
(-40824.4141720347,-135081.391731226,-72681.6757375663)
(-51894.7377725073,-99939.7439855701,-99735.4352331517)
(-37212.2671821568,-55319.4130252553,-128324.275359241)
(0,0,0)
(0,0,0)
(0,0,0)
(0,0,0)
(0,0,0)
(0,0,0)
(-59956.9559696928,-178131.566909844,118.191654448844)
(-59571.6862787178,-178065.596668875,260.88155531143)
(-58636.2190849178,-178042.782358461,634.44077672787)
(-56658.6835139712,-178440.222269634,1833.03626870868)
(-52657.1718285713,-180113.301411408,4878.61428392814)
(-45163.833449999,-184888.745522071,7662.26607894117)
(-33650.9492303673,-192421.712460134,-26616.0035308039)
(-38271.3738998288,-165753.145214786,-37616.8538424735)
(-37653.9787347286,-128109.767957452,-55134.5841057924)
(-25117.2402017743,-72963.9084683352,-73004.7445454462)
(0,0,0)
(0,0,0)
(0,0,0)
(0,0,0)
(0,0,0)
(0,0,0)
(0,0,0)
(0,0,0)
(0,0,0)
(0,0,0)
(0,0,0)
(0,0,0)
(0,0,0)
(0,0,0)
(0,0,0)
(0,0,0)
(0,0,0)
(0,0,0)
(0,0,0)
(0,0,0)
(0,0,0)
(0,0,0)
(0,0,0)
(0,0,0)
(0,0,0)
(0,0,0)
(0,0,0)
(0,0,0)
(0,0,0)
(0,0,0)
(0,0,0)
(0,0,0)
(0,0,0)
(0,0,0)
(0,0,0)
(0,0,0)
(0,0,0)
(0,0,0)
(0,0,0)
(0,0,0)
(0,0,0)
(0,0,0)
(0,0,0)
(0,0,0)
(0,0,0)
(0,0,0)
(0,0,0)
(0,0,0)
(0,0,0)
(0,0,0)
(0,0,0)
(0,0,0)
(0,0,0)
(0,0,0)
(0,0,0)
(0,0,0)
(0,0,0)
(0,0,0)
(0,0,0)
(0,0,0)
(0,0,0)
(0,0,0)
(0,0,0)
(0,0,0)
(0,0,0)
(0,0,0)
(0,0,0)
(0,0,0)
(0,0,0)
(0,0,0)
(0,0,0)
(0,0,0)
(0,0,0)
(0,0,0)
(0,0,0)
(0,0,0)
(0,0,0)
(0,0,0)
(0,0,0)
(0,0,0)
(0,0,0)
(0,0,0)
(0,0,0)
(0,0,0)
(0,0,0)
(0,0,0)
(0,0,0)
(0,0,0)
(0,0,0)
(0,0,0)
(0,0,0)
(0,0,0)
(0,0,0)
(0,0,0)
(0,0,0)
(0,0,0)
(0,0,0)
(0,0,0)
(0,0,0)
(0,0,0)
(0,0,0)
(0,0,0)
(-90268.329206315,879.246196779742,726.814214036401)
(-90535.6718675923,833.05065313315,961.065283155486)
(-91012.086954542,867.914586019242,39.3032560282278)
(-91473.4943248074,1111.397226203,-2950.80363455359)
(-91487.0672787441,1818.66845053196,-9441.89609470143)
(-90298.9395030137,3353.33425254605,-21525.1622971395)
(-86996.108481905,5741.43914357512,-41381.1850493)
(-79972.3308336725,7130.52173942749,-68623.2217290454)
(-64466.6414742573,5671.51879250659,-98032.328631055)
(-37181.0651965539,2898.56866348164,-119089.862164031)
(0,0,0)
(0,0,0)
(0,0,0)
(0,0,0)
(0,0,0)
(0,0,0)
(-90831.9508749348,1051.61015930326,750.328640649539)
(-90977.9561606898,1017.44021633853,1021.68745102584)
(-91138.5751355722,1131.1981657054,272.116297037514)
(-90947.0059385601,1701.96003120439,-2284.31498790551)
(-89795.3392475848,3411.73948960694,-7931.08197729103)
(-86831.7561174002,7662.09379904834,-19083.2236895582)
(-81904.2701358236,16200.2353532106,-39895.5364504351)
(-77047.9557306474,22638.527408142,-70010.5147806968)
(-63129.6223864098,16544.7091525852,-100799.001517946)
(-36647.1268487635,7672.29964072662,-122029.683737578)
(0,0,0)
(0,0,0)
(0,0,0)
(0,0,0)
(0,0,0)
(0,0,0)
(-92052.7003296375,-188.461755001111,748.703993535853)
(-91936.4883148542,-197.122047977232,1117.67233424585)
(-91469.3674297848,9.42878237409731,781.186919412452)
(-89957.0661595878,899.049919655088,-644.678281077153)
(-86090.7211531672,3650.47327690787,-3722.43043514745)
(-77883.3964879041,11805.4299917311,-10487.9047774387)
(-65012.8120020851,37901.3943045511,-33284.560679254)
(-72580.2653167607,71035.7004701411,-75952.4497142686)
(-62284.0597562354,42711.5024250276,-109625.086173058)
(-36321.2141000733,16223.3845090272,-129754.147450197)
(0,0,0)
(0,0,0)
(0,0,0)
(0,0,0)
(0,0,0)
(0,0,0)
(-93781.5436500032,-3834.072084714,744.487542385102)
(-93361.4083669787,-3799.6813935353,1267.75533417607)
(-92097.177857104,-3533.56151316913,1540.28215561435)
(-88747.0474155653,-2653.53601852932,1941.84539131426)
(-80483.620312596,-642.377972606949,4350.82163971971)
(-60013.3363009497,2264.02610994042,15632.8755992942)
(-1.78806954551698e-05,9.92371838742724e-06,-1.31526302913777e-05)
(-84253.302877921,-71.6617107246177,-104092.263808567)
(-71876.428326219,103717.57239299,-135995.711667887)
(-38808.1884184661,25925.1660288276,-145933.187247482)
(0,0,0)
(0,0,0)
(0,0,0)
(0,0,0)
(0,0,0)
(0,0,0)
(-95583.3808472395,-11222.4642682856,780.501110400388)
(-94898.2306524488,-11106.9638052105,1482.10253816814)
(-92912.2551687637,-10727.6168178626,2246.28197550927)
(-88003.909472425,-9714.27119815561,3658.80853635575)
(-76579.0051992543,-7557.82732564473,7055.14573371618)
(-51157.5802634608,-3978.85179913329,13307.322439362)
(9.28690086041685e-06,7.61577206770091e-07,3.6132963487177e-06)
(-3.71032446619547e-05,5.46526224427732e-06,-1.98674769927067e-05)
(-131008.603440346,-284.970546177644,-213588.168796789)
(-48592.0199830104,3845.57933954953,-171720.362430141)
(0,0,0)
(0,0,0)
(0,0,0)
(0,0,0)
(0,0,0)
(0,0,0)
(-96566.2827641718,-23930.6615151209,828.312039601391)
(-95715.8187097919,-23744.2676295488,1729.76455714313)
(-93376.8346393804,-23258.8067320417,3031.79101821917)
(-87791.0011672131,-22008.4272972461,5516.49169836944)
(-75331.5341012968,-19046.6115810603,10387.7775314676)
(-48952.3237390998,-12469.4933813232,17094.7645579866)
(9.3526551293006e-07,-6.87736176034377e-09,2.44952887027879e-13)
(-2.64239106061467e-05,6.75903048458492e-06,-1.35718044256682e-05)
(-123878.115302305,-171.275967590524,-209267.739258512)
(-48944.892867894,-8030.03951246173,-175460.643319687)
(0,0,0)
(0,0,0)
(0,0,0)
(0,0,0)
(0,0,0)
(0,0,0)
(-94709.601173916,-43359.9675178723,881.222988012055)
(-93832.9304728388,-43176.8066811092,2013.40490264213)
(-91566.179130677,-42750.8423699075,4004.93709644533)
(-86363.6702754507,-41626.7732361443,8214.94776744904)
(-74975.9294865879,-38354.0815657368,16775.039835249)
(-50303.4398788005,-28330.0861976632,29402.0976492402)
(-3.0960656503284e-06,-1.77892208606132e-06,-2.48643095671828e-13)
(-3.63575158854358e-05,-4.23822373844187e-06,-2.20479602676672e-05)
(-135699.147504928,-123680.952435207,-217065.611841894)
(-48818.3251762319,-37535.2800180012,-167457.830451718)
(0,0,0)
(0,0,0)
(0,0,0)
(0,0,0)
(0,0,0)
(0,0,0)
(-86970.9905661817,-69279.9733891638,883.442050345552)
(-86264.6308823187,-69216.8201005496,2199.35221559278)
(-84514.0004731553,-69174.3490056219,4874.73229996898)
(-80803.4725680328,-69100.052542677,11250.824046192)
(-73353.6200929599,-68114.1562764354,26602.9702970873)
(-56916.1088796187,-59981.4120895701,57552.2514844544)
(-5.11772019994682e-05,-2.53649719800728e-05,-1.0667431141402e-05)
(-99962.1684195723,-124927.931255056,-123860.227035985)
(-71667.8551958548,-84700.2306637,-130932.281262767)
(-36254.9738141517,-38850.049597188,-129949.940602759)
(0,0,0)
(0,0,0)
(0,0,0)
(0,0,0)
(0,0,0)
(0,0,0)
(-69559.7373293933,-97605.1944670412,754.692965849974)
(-69110.911027692,-97737.1929720421,2005.32689177188)
(-68097.2742639079,-98294.4712877698,4747.16868670075)
(-66403.6216120016,-100173.858358312,12037.7440735678)
(-65230.8887754377,-106172.809418883,34541.0389749367)
(-73926.4703656148,-128173.98695904,117283.044907714)
(-152371.031955971,-226158.703236755,-125067.650921314)
(-74880.1259126909,-132236.127496378,-83703.7429393302)
(-49744.0649051548,-85507.6324535949,-85047.0140167979)
(-26924.4622502376,-43118.7024341898,-91066.1661117099)
(0,0,0)
(0,0,0)
(0,0,0)
(0,0,0)
(0,0,0)
(0,0,0)
(-39815.9178754137,-118186.437934723,440.205373402949)
(-39589.1387320872,-118425.388878096,1145.85373282915)
(-39128.925354532,-119259.284060296,2603.37277496815)
(-38472.9724083027,-121574.699108614,5818.50241960458)
(-38188.138826968,-127182.244565112,12358.9045642254)
(-40706.9541922761,-139420.153467421,19148.1918148835)
(-50945.98700594,-158495.346441236,-31220.1272050692)
(-37462.8802884583,-127280.263522817,-36984.4847900031)
(-27210.3072403055,-90332.3871034045,-42603.4016346121)
(-15208.8657409862,-47759.4639074362,-47871.0146221543)
(0,0,0)
(0,0,0)
(0,0,0)
(0,0,0)
(0,0,0)
(0,0,0)
(0,0,0)
(0,0,0)
(0,0,0)
(0,0,0)
(0,0,0)
(0,0,0)
(0,0,0)
(0,0,0)
(0,0,0)
(0,0,0)
(0,0,0)
(0,0,0)
(0,0,0)
(0,0,0)
(0,0,0)
(0,0,0)
(0,0,0)
(0,0,0)
(0,0,0)
(0,0,0)
(0,0,0)
(0,0,0)
(0,0,0)
(0,0,0)
(0,0,0)
(0,0,0)
(0,0,0)
(0,0,0)
(0,0,0)
(0,0,0)
(0,0,0)
(0,0,0)
(0,0,0)
(0,0,0)
(0,0,0)
(0,0,0)
(0,0,0)
(0,0,0)
(0,0,0)
(0,0,0)
(0,0,0)
(0,0,0)
(0,0,0)
(0,0,0)
(0,0,0)
(0,0,0)
(0,0,0)
(0,0,0)
(0,0,0)
(0,0,0)
(0,0,0)
(0,0,0)
(0,0,0)
(0,0,0)
(0,0,0)
(0,0,0)
(0,0,0)
(0,0,0)
(0,0,0)
(0,0,0)
(0,0,0)
(0,0,0)
(0,0,0)
(0,0,0)
(0,0,0)
(0,0,0)
(0,0,0)
(0,0,0)
(0,0,0)
(0,0,0)
(0,0,0)
(0,0,0)
(0,0,0)
(0,0,0)
(0,0,0)
(0,0,0)
(0,0,0)
(0,0,0)
(0,0,0)
(0,0,0)
(0,0,0)
(0,0,0)
(0,0,0)
(0,0,0)
(0,0,0)
(0,0,0)
(0,0,0)
(0,0,0)
(0,0,0)
(0,0,0)
(0,0,0)
(0,0,0)
(0,0,0)
(0,0,0)
(0,0,0)
(0,0,0)
(-90793.6956741401,213.423591283137,311.94287654562)
(-90821.3416031169,300.662416011912,296.950196059174)
(-90811.2059159381,666.919730659633,-570.850573208748)
(-90564.5470046414,1559.48268845902,-3039.28058183573)
(-89577.5616108107,3422.16041816772,-8370.94666793503)
(-87033.5955531969,6722.0226483875,-18358.3132661433)
(-81645.1196207494,10760.4208254891,-34469.7229527873)
(-71309.8268123496,10024.4147476083,-53156.6417217197)
(-54089.7443389811,7029.200201233,-70562.7390582303)
(-29590.0542720233,3442.59305611746,-81596.3430388753)
(0,0,0)
(0,0,0)
(0,0,0)
(0,0,0)
(0,0,0)
(0,0,0)
(-90895.6772198919,-193.60529783889,470.7552340793)
(-90908.8158693582,20.5860677286887,681.69129103355)
(-90859.8170864163,770.773871591942,299.079100946004)
(-90526.3201165994,2666.30409354004,-1228.42812609612)
(-89553.8428574251,7039.43762003058,-5087.20171811655)
(-87412.166159518,16483.9359970282,-14268.7050246395)
(-83266.7274515277,32980.2935463375,-35126.1204297846)
(-73131.2554419498,27069.6219937261,-56088.0279645976)
(-55488.8796782367,17414.0372885874,-74113.6077601231)
(-30294.2442040028,8019.74847160332,-85043.6458203694)
(0,0,0)
(0,0,0)
(0,0,0)
(0,0,0)
(0,0,0)
(0,0,0)
(-91132.5607079059,-1850.32587495595,736.580955385994)
(-91067.4269574726,-1534.22513520031,1422.33080093388)
(-90915.5676331509,-508.214855278067,2147.51973117292)
(-90451.2448143659,2204.51915517285,3103.4833243161)
(-89572.383919328,9299.3258763378,4325.25783416883)
(-89031.7590836067,29690.5253801919,2267.03104670574)
(-91701.0447812372,102861.766598335,-40926.2092261366)
(-80144.0526364806,59351.2810360359,-65644.0809487222)
(-60178.2553534635,33119.3825563697,-83455.2306192735)
(-32416.9477128377,13745.9401122352,-93085.6886471377)
(0,0,0)
(0,0,0)
(0,0,0)
(0,0,0)
(0,0,0)
(0,0,0)
(-91192.0128510485,-5510.67298084848,1070.8163069392)
(-91065.2501371921,-5174.32147275203,2414.75441470794)
(-90771.8349435435,-4193.85231561759,4775.04896148916)
(-90031.7690053568,-1812.03874422084,10076.328450669)
(-89053.7162777157,3309.59214638064,24636.158145742)
(-92275.4666730062,11140.180749782,75448.6331482075)
(-136236.9751021,-18.0810781614202,-84348.3404314394)
(-101715.598764528,84232.4813067448,-91767.244815547)
(-72345.8850244875,44584.2270341359,-102762.632595037)
(-37171.1537834834,16149.8103863561,-106803.537504146)
(0,0,0)
(0,0,0)
(0,0,0)
(0,0,0)
(0,0,0)
(0,0,0)
(-90572.6801352915,-11908.2056998671,1386.83200707209)
(-90393.7297641568,-11632.4531387581,3340.46278478489)
(-89887.8302146313,-10907.7730696928,7029.95858472527)
(-88465.8913482694,-9293.37053810862,14973.2722544567)
(-84459.4527858741,-6154.51569552158,32317.8276829786)
(-70280.220136624,-1682.3317968772,64262.9801027991)
(-2.66082400253434e-05,1.59670393338536e-05,2.22350121703922e-05)
(-134442.155613729,-292.267866954357,-131219.050511891)
(-93390.4441982592,6797.41427312052,-131050.396992956)
(-44170.5194598387,3513.4942067896,-122835.581336559)
(0,0,0)
(0,0,0)
(0,0,0)
(0,0,0)
(0,0,0)
(0,0,0)
(-88289.8988239982,-21780.2047468901,1595.61510685146)
(-88101.7113301634,-21617.0799025846,3966.13449104916)
(-87561.7118320226,-21251.2071971217,8494.44581111946)
(-86028.3807787328,-20442.886929335,17881.3418138632)
(-81626.1723124381,-18569.6071300105,36591.0714594934)
(-66103.4043845519,-13714.0971257689,65773.9174338332)
(-1.96666393696668e-05,2.31688103577884e-05,1.60414706534251e-05)
(-126049.906018464,-150.836506627931,-123904.648849657)
(-94825.4410292913,-11985.4523084203,-134174.456541138)
(-45497.6675811906,-7884.37887746133,-126223.80874359)
(0,0,0)
(0,0,0)
(0,0,0)
(0,0,0)
(0,0,0)
(0,0,0)
(-82748.3362544211,-35387.8012816039,1646.33161521879)
(-82595.1189820621,-35385.5382475798,4176.97846943675)
(-82233.3111271513,-35522.4333493127,9115.3366181048)
(-81302.0357618926,-35936.5759527584,19547.3911279666)
(-78679.9184923747,-36612.2566258868,41294.0296296288)
(-67378.8868929431,-34800.1619788251,79455.5414968337)
(-2.7313607101895e-05,3.00865128037679e-05,2.05164887814737e-05)
(-138693.304075833,-99716.907100907,-135620.878345552)
(-93774.1857390283,-59522.5597198165,-130008.732700056)
(-43437.0396043049,-24932.2597373032,-118342.13741214)
(0,0,0)
(0,0,0)
(0,0,0)
(0,0,0)
(0,0,0)
(0,0,0)
(-72123.5157387446,-51761.6578862685,1526.38177722324)
(-72053.1265928027,-51946.7366559306,3876.07589605985)
(-72025.4639019903,-52643.7518326533,8508.8578082321)
(-72292.5344313466,-54583.7077354866,18645.0514542745)
(-74421.6352007205,-59820.0961519132,42920.9060880653)
(-86265.7642319507,-76714.7151616694,114185.114623247)
(-155467.234335441,-152018.174882329,-99913.9268810033)
(-104526.467426188,-99580.3703187955,-95486.1646564898)
(-68682.4663192214,-62611.7405433067,-95382.3727096274)
(-33721.7445226618,-29431.9624345795,-93415.8993038517)
(0,0,0)
(0,0,0)
(0,0,0)
(0,0,0)
(0,0,0)
(0,0,0)
(-54659.4506540655,-67845.2226382536,1183.27807665817)
(-54671.3249040625,-68188.3562926023,2985.31158970245)
(-54851.6460869965,-69297.2408455737,6393.17242571498)
(-55616.1879425926,-72176.9449981634,13198.9760189854)
(-58665.0326747059,-79012.8849872225,25825.9087535621)
(-68810.7515041536,-94770.2916952471,38765.7664256774)
(-93527.1448853618,-124527.097586795,-47569.197940465)
(-68839.7054879648,-94648.9214608751,-58541.067223119)
(-45877.3038481088,-62867.3197319229,-62152.2490915473)
(-23241.5530221185,-31321.7497105271,-63945.3710437159)
(0,0,0)
(0,0,0)
(0,0,0)
(0,0,0)
(0,0,0)
(0,0,0)
(-29922.5108619623,-78367.9431837246,629.313532022428)
(-29925.5191976836,-78790.5011571058,1567.83886212047)
(-30041.996774935,-80057.0149282634,3240.68436521156)
(-30515.9294486008,-83004.5896974067,6111.28610475644)
(-32073.4194275281,-88868.8598439337,9852.5415620296)
(-35930.2005793389,-98580.2960612131,8885.79231505746)
(-41444.9426675401,-107414.698429551,-17727.6511805952)
(-33401.5284568566,-89709.4907337645,-26728.4337393082)
(-23186.9661348446,-63052.6646475424,-30566.4299291481)
(-12031.1679941511,-32497.9599293569,-32567.9174571552)
(0,0,0)
(0,0,0)
(0,0,0)
(0,0,0)
(0,0,0)
(0,0,0)
(0,0,0)
(0,0,0)
(0,0,0)
(0,0,0)
(0,0,0)
(0,0,0)
(0,0,0)
(0,0,0)
(0,0,0)
(0,0,0)
(0,0,0)
(0,0,0)
(0,0,0)
(0,0,0)
(0,0,0)
(0,0,0)
(0,0,0)
(0,0,0)
(0,0,0)
(0,0,0)
(0,0,0)
(0,0,0)
(0,0,0)
(0,0,0)
(0,0,0)
(0,0,0)
(0,0,0)
(0,0,0)
(0,0,0)
(0,0,0)
(0,0,0)
(0,0,0)
(0,0,0)
(0,0,0)
(0,0,0)
(0,0,0)
(0,0,0)
(0,0,0)
(0,0,0)
(0,0,0)
(0,0,0)
(0,0,0)
(0,0,0)
(0,0,0)
(0,0,0)
(0,0,0)
(0,0,0)
(0,0,0)
(0,0,0)
(0,0,0)
(0,0,0)
(0,0,0)
(0,0,0)
(0,0,0)
(0,0,0)
(0,0,0)
(0,0,0)
(0,0,0)
(0,0,0)
(0,0,0)
(0,0,0)
(0,0,0)
(0,0,0)
(0,0,0)
(0,0,0)
(0,0,0)
(0,0,0)
(0,0,0)
(0,0,0)
(0,0,0)
(0,0,0)
(0,0,0)
(0,0,0)
(0,0,0)
(0,0,0)
(0,0,0)
(0,0,0)
(0,0,0)
(0,0,0)
(0,0,0)
(0,0,0)
(0,0,0)
(0,0,0)
(0,0,0)
(0,0,0)
(0,0,0)
(0,0,0)
(0,0,0)
(0,0,0)
(0,0,0)
(0,0,0)
(0,0,0)
(0,0,0)
(0,0,0)
(0,0,0)
(0,0,0)
(-90852.061913905,-45.0634389853792,103.429678746101)
(-90876.02312155,99.490751595722,58.620445584349)
(-90780.5932256799,549.005850857537,-520.998095525819)
(-90411.2668157022,1521.16925551613,-2195.44753998384)
(-89163.0151384393,3343.70187394127,-5953.69588629914)
(-86082.9694235113,6206.28323295258,-13110.6052489346)
(-79573.2763080089,9039.31072705996,-24221.7592887343)
(-67649.4165525883,8153.03805060048,-36035.2075990924)
(-49698.1919208261,5598.93003279188,-46025.6900500431)
(-26464.3336701145,2735.84391425264,-51887.2545662024)
(0,0,0)
(0,0,0)
(0,0,0)
(0,0,0)
(0,0,0)
(0,0,0)
(-90686.2379173091,-555.276924091994,300.774182524205)
(-90786.2316815168,-256.125025467738,533.805771742882)
(-90872.8416021306,643.676071890427,452.160066423501)
(-90859.9744157328,2691.61231969776,-384.628698622315)
(-90416.1570782634,6916.3280504374,-3094.94065428047)
(-88731.0954028437,14683.9579297373,-10253.6861077404)
(-83815.0388402093,24390.5428480053,-25056.6068400014)
(-71463.6892887922,19955.3519659861,-38526.4869085453)
(-52268.0795245032,12689.3514273658,-48837.7084568567)
(-27707.4038394067,5892.27130360039,-54580.9762108036)
(0,0,0)
(0,0,0)
(0,0,0)
(0,0,0)
(0,0,0)
(0,0,0)
(-90347.9714039893,-1984.67998577146,644.813757760322)
(-90536.4849536393,-1571.23774418498,1428.98447264347)
(-90955.9698482349,-360.269975827784,2473.33273544513)
(-91751.2330013282,2621.05940911958,3843.87383298522)
(-93219.5175714681,9746.91819323045,4660.41734233155)
(-95527.6479233527,26354.4049584953,-514.140846679313)
(-96644.3557095871,58236.3680802125,-29416.6551505352)
(-81599.3570989344,37713.7579036107,-45719.7566257143)
(-58573.2355358487,20935.5502901357,-55570.9753060932)
(-30602.8371787767,8972.56144724942,-60465.3759838028)
(0,0,0)
(0,0,0)
(0,0,0)
(0,0,0)
(0,0,0)
(0,0,0)
(-89469.9857562731,-4771.06118102477,1064.35410047883)
(-89810.5014928641,-4363.77747345444,2602.14518542013)
(-90705.3600937503,-3206.7930469748,5382.1934067728)
(-92692.4211470304,-217.276163199525,10881.1811207709)
(-97438.7798795816,7823.83927358545,21189.3236422829)
(-109115.455859937,33007.6615904337,31376.0561972742)
(-132850.15637561,136108.895291791,-49883.289740786)
(-102875.852313173,51426.8913370234,-62436.1696255485)
(-69878.6723723252,23504.335154608,-67472.1671421834)
(-35328.6325988611,9107.73655169265,-69449.8634312513)
(0,0,0)
(0,0,0)
(0,0,0)
(0,0,0)
(0,0,0)
(0,0,0)
(-87448.1296861424,-9360.52240842542,1464.91077825101)
(-87950.3789203023,-9080.27348089025,3738.05594183273)
(-89296.717191284,-8354.62998289721,8294.7798544106)
(-92450.1240512527,-6721.19821699584,18782.9346111899)
(-100862.82678663,-3284.11747439239,46294.2653599258)
(-127883.599037413,2412.30566949298,134493.00018166)
(-236144.977632787,-498.376619415693,-134458.784565413)
(-135149.28638944,7887.47788892755,-90212.2403416025)
(-83636.6349281725,5285.56188757512,-81747.2763446572)
(-40457.320976703,2157.26405185495,-78510.0023279592)
(0,0,0)
(0,0,0)
(0,0,0)
(0,0,0)
(0,0,0)
(0,0,0)
(-83320.4541486894,-16033.2173101011,1703.25022636994)
(-83933.8207880777,-15948.8467669798,4403.93297037531)
(-85570.452575691,-15794.2677769206,9852.31150806688)
(-89357.5999439017,-15628.1119387206,22088.4443949588)
(-99157.6127176456,-15546.4689768109,51882.2363025822)
(-128487.737358497,-14899.0498181135,131577.92476414)
(-230674.143379003,187.309411423663,-125926.38908289)
(-138648.323630334,-12790.6210331482,-92649.8725489396)
(-86511.8134674837,-10924.0265940045,-84753.911629163)
(-41705.6683316738,-5810.99248719148,-80577.6543396278)
(0,0,0)
(0,0,0)
(0,0,0)
(0,0,0)
(0,0,0)
(0,0,0)
(-75906.5115579412,-24600.3612406123,1725.31923403105)
(-76526.9990962611,-24739.9263354679,4448.27891672027)
(-78230.6435231439,-25249.092514545,9900.4360503386)
(-82184.5863156778,-26873.1409348344,22028.0156002402)
(-92316.4591748184,-32293.4433331261,52411.5306389974)
(-122951.330396511,-53583.0239245908,146667.948249048)
(-240022.799394904,-155335.251614999,-138843.733980895)
(-134213.25656875,-65426.3248559455,-90688.0776651906)
(-81461.1014728221,-34357.6301392703,-79567.5583861276)
(-38878.1368293949,-15191.3756434835,-74746.0780047466)
(0,0,0)
(0,0,0)
(0,0,0)
(0,0,0)
(0,0,0)
(0,0,0)
(-64054.1602421061,-34204.7774626199,1535.06072536957)
(-64587.1051586563,-34517.5114117455,3846.6243675002)
(-66106.3580180815,-35468.3072222749,8146.73319132283)
(-69507.8064710394,-37915.038765936,16403.9030621163)
(-77214.204753261,-44034.029846294,30937.0591278227)
(-94612.1448597133,-59162.7672335785,44863.1830645754)
(-126980.133975152,-89965.280748553,-48993.8881621596)
(-95548.8092651287,-63800.0840023934,-59597.787176775)
(-62566.86770956,-39746.4939875955,-60324.5219381147)
(-30798.1730697547,-18906.5902057476,-59532.8788287489)
(0,0,0)
(0,0,0)
(0,0,0)
(0,0,0)
(0,0,0)
(0,0,0)
(-46992.778499658,-43018.8835019912,1147.43388496598)
(-47404.7574239479,-43415.9087011816,2779.26369428752)
(-48537.0036780608,-44549.8925543756,5546.20661745157)
(-50908.2466802176,-47151.0927341591,10074.3193232983)
(-55763.4043782013,-52470.4236901107,15609.0848706089)
(-64465.7997159207,-61882.411075154,13983.77692395)
(-74223.0434749432,-72410.649960311,-22874.9552747133)
(-60782.1637597749,-59186.7310775809,-35545.849927713)
(-41564.9524403668,-40156.2947335239,-39448.4005895218)
(-20952.1778849023,-20064.1201404418,-40580.2457920448)
(0,0,0)
(0,0,0)
(0,0,0)
(0,0,0)
(0,0,0)
(0,0,0)
(-25075.8567301552,-48452.136843366,586.59920956799)
(-25286.6846903576,-48872.8902093049,1404.74621036419)
(-25854.6259787926,-50033.302253338,2700.78511318553)
(-26996.7424095187,-52496.0425205118,4526.54786045418)
(-29194.6036773788,-56813.5173255464,5990.82574573843)
(-32507.2057221066,-62661.9288118626,3347.34862521369)
(-34855.5955966749,-65968.6081772595,-9684.04022870288)
(-29452.3849662458,-56309.5833537112,-16510.3314431823)
(-20649.5828745534,-39837.0443906328,-19366.9650463654)
(-10563.1737844292,-20425.9750100415,-20473.1043864869)
(0,0,0)
(0,0,0)
(0,0,0)
(0,0,0)
(0,0,0)
(0,0,0)
(0,0,0)
(0,0,0)
(0,0,0)
(0,0,0)
(0,0,0)
(0,0,0)
(0,0,0)
(0,0,0)
(0,0,0)
(0,0,0)
(0,0,0)
(0,0,0)
(0,0,0)
(0,0,0)
(0,0,0)
(0,0,0)
(0,0,0)
(0,0,0)
(0,0,0)
(0,0,0)
(0,0,0)
(0,0,0)
(0,0,0)
(0,0,0)
(0,0,0)
(0,0,0)
(0,0,0)
(0,0,0)
(0,0,0)
(0,0,0)
(0,0,0)
(0,0,0)
(0,0,0)
(0,0,0)
(0,0,0)
(0,0,0)
(0,0,0)
(0,0,0)
(0,0,0)
(0,0,0)
(0,0,0)
(0,0,0)
(0,0,0)
(0,0,0)
(0,0,0)
(0,0,0)
(0,0,0)
(0,0,0)
(0,0,0)
(0,0,0)
(0,0,0)
(0,0,0)
(0,0,0)
(0,0,0)
(0,0,0)
(0,0,0)
(0,0,0)
(0,0,0)
(0,0,0)
(0,0,0)
(0,0,0)
(0,0,0)
(0,0,0)
(0,0,0)
(0,0,0)
(0,0,0)
(0,0,0)
(0,0,0)
(0,0,0)
(0,0,0)
(0,0,0)
(0,0,0)
(0,0,0)
(0,0,0)
(0,0,0)
(0,0,0)
(0,0,0)
(0,0,0)
(0,0,0)
(0,0,0)
(0,0,0)
(0,0,0)
(0,0,0)
(0,0,0)
(0,0,0)
(0,0,0)
(0,0,0)
(0,0,0)
(0,0,0)
(0,0,0)
(0,0,0)
(0,0,0)
(0,0,0)
(0,0,0)
(0,0,0)
(0,0,0)
(-90824.4351224247,-65.2572026234218,37.6304111428249)
(-90893.8042852817,40.7121715859958,14.6994032898708)
(-90817.8054750132,316.915068213041,-265.003415589067)
(-90442.4457827771,889.823578977287,-1123.64802749164)
(-89101.6658344176,1910.86603401639,-3095.8633655269)
(-85742.5299103833,3393.97643565121,-6830.2793143055)
(-78680.3738678981,4680.26107543548,-12403.4428298547)
(-66171.7638678634,4254.10558190007,-18135.2010964785)
(-48030.7398546906,2929.24139618637,-22731.8945587999)
(-25309.5702700196,1435.22521068691,-25321.8831695838)
(0,0,0)
(0,0,0)
(0,0,0)
(0,0,0)
(0,0,0)
(0,0,0)
(-90548.6245433895,-359.403659306631,156.53308276251)
(-90731.7552161934,-159.815802834102,302.584591857909)
(-90955.9481926121,388.426083125149,314.18016742897)
(-91146.2344770263,1588.95871749928,-98.6949098018463)
(-90875.453252203,3899.11657594234,-1627.64927778699)
(-89046.3151685869,7647.83116567344,-5566.28424206547)
(-83269.0571063298,11385.0825488864,-12817.0874493966)
(-70325.4521361426,9712.09065981383,-19413.3096799574)
(-50867.7167691132,6312.27921003714,-24196.7102491937)
(-26707.4164093522,2964.84912780318,-26726.321596361)
(0,0,0)
(0,0,0)
(0,0,0)
(0,0,0)
(0,0,0)
(0,0,0)
(-89959.095552867,-1135.72757810679,387.448067679178)
(-90305.7411310326,-876.401847863228,873.290290103243)
(-91082.4347763129,-138.972184918137,1527.15348622518)
(-92469.411398712,1598.10359738619,2236.187003724)
(-94564.1681003287,5366.03155298765,2113.92255554251)
(-96508.7790847639,12568.6505039208,-1825.76562129316)
(-94508.2590868239,21881.8098998906,-14458.5895950599)
(-79939.0055176429,16350.9915670333,-22757.8420835693)
(-57130.0113261342,9604.45886117243,-27493.2459444237)
(-29672.6968585574,4231.62362428467,-29690.1607611226)
(0,0,0)
(0,0,0)
(0,0,0)
(0,0,0)
(0,0,0)
(0,0,0)
(-88626.0013541554,-2630.68497532474,650.972995100248)
(-89251.4633550135,-2384.6864317547,1600.21944113896)
(-90805.1587677186,-1681.85761604897,3242.90354623997)
(-93899.1407508572,82.5642174332413,5965.16253001831)
(-99687.4766015297,4306.12145657132,9273.76934838512)
(-108811.618265046,14055.6064682033,7482.97578921026)
(-116171.823733064,32665.1148621548,-19978.6618156029)
(-96136.0181135244,19092.260195228,-29459.7646434465)
(-66682.3925041616,9760.05484221165,-32811.6404926515)
(-33923.2675102502,3976.4595133251,-33961.8414703011)
(0,0,0)
(0,0,0)
(0,0,0)
(0,0,0)
(0,0,0)
(0,0,0)
(-85948.8639181289,-5036.89376409304,906.943020754706)
(-86866.5483679428,-4875.808339432,2314.23437607154)
(-89190.8015672904,-4447.31880692607,4973.77994295433)
(-94015.878913722,-3499.97934953486,10122.0783723906)
(-103881.446924428,-1560.36657101024,19007.1865377693)
(-122678.439337043,1739.12156422422,26118.5117413766)
(-148689.982493875,4833.11818403249,-33504.4867194196)
(-115146.064068583,4296.79532487342,-38712.2441699165)
(-76450.2700341179,2380.26883151881,-38518.823053283)
(-37945.9614552833,903.076906550368,-37956.7999679257)
(0,0,0)
(0,0,0)
(0,0,0)
(0,0,0)
(0,0,0)
(0,0,0)
(-81035.7157521719,-8381.95289573812,1060.32073512445)
(-82105.3946338666,-8366.85633581707,2722.94257729747)
(-84858.3448158572,-8328.59454465081,5892.1105551874)
(-90599.6603099488,-8369.80748915289,12003.9990608518)
(-102336.454246064,-8644.53833620753,22267.0123544696)
(-124385.82962815,-9328.08720154525,29232.3133898882)
(-153489.821023474,-9149.68452638768,-33969.2062552069)
(-119398.689435734,-8383.28775896441,-40538.7573659661)
(-78830.6233529845,-5911.08679432381,-39928.5918546271)
(-38889.5962052596,-3006.44741947663,-38835.1396550176)
(0,0,0)
(0,0,0)
(0,0,0)
(0,0,0)
(0,0,0)
(0,0,0)
(-72859.1808934914,-12509.5399074811,1080.25634729328)
(-73895.851402509,-12642.6987786151,2724.95109633951)
(-76615.3175351887,-13034.4122920201,5815.44285575101)
(-82271.9205869284,-14134.6688330624,11667.6384709127)
(-93692.805336809,-17130.1900771372,21529.6363738327)
(-115013.599634287,-25181.6244273879,29445.442837448)
(-144308.989202879,-42268.5890151679,-33149.4628657768)
(-110983.835467499,-26774.7721221123,-37987.3996038843)
(-72882.8802589075,-15507.8931235516,-36968.8144885681)
(-35872.4664870353,-7153.41344038551,-35827.5188100192)
(0,0,0)
(0,0,0)
(0,0,0)
(0,0,0)
(0,0,0)
(0,0,0)
(-60541.5963753437,-16967.3211287576,945.217354514366)
(-61406.753163902,-17186.9471859935,2309.11376713832)
(-63687.9503074483,-17818.4968586488,4674.79062313418)
(-68213.1826253338,-19312.1905278778,8557.68847224501)
(-76574.3268029678,-22580.4741319324,13368.0945767484)
(-89797.5261817618,-29000.6573035748,12372.5087749815)
(-102014.021320281,-37230.3033202012,-17631.8895748523)
(-84199.9354551131,-29087.5510257129,-26667.9844812605)
(-57380.7020303504,-18793.4093163482,-28568.6339676771)
(-28724.7360860258,-9098.84385945518,-28696.6405323358)
(0,0,0)
(0,0,0)
(0,0,0)
(0,0,0)
(0,0,0)
(0,0,0)
(-43759.1862341805,-20903.9427365571,703.029342320656)
(-44376.6616332998,-21160.5505155629,1648.53688124214)
(-45975.2635919493,-21854.8277353395,3123.12767182107)
(-48933.66774385,-23326.1959238052,5162.55413138072)
(-53976.430412644,-26027.0002329545,6822.106266845)
(-60737.1811344842,-30031.1216790847,4123.95206091685)
(-64720.1835814032,-33120.701031581,-9488.51012124504)
(-55058.6853348037,-27932.0976706445,-16367.441901287)
(-38572.3403367199,-19292.6778810984,-18860.7854401861)
(-19612.4604550806,-9706.00123132399,-19593.3454981396)
(0,0,0)
(0,0,0)
(0,0,0)
(0,0,0)
(0,0,0)
(0,0,0)
(-23082.5243183957,-23261.0050748553,363.729926538116)
(-23387.5897806231,-23529.7121448794,833.796646120591)
(-24182.9303612741,-24208.496639761,1515.76993302343)
(-25573.5314063296,-25561.3486180969,2327.71162412636)
(-27837.0426280434,-27739.1628226259,2682.31316446255)
(-30528.385695956,-30297.4997181965,969.87117742548)
(-31456.877596388,-31228.0899623512,-4321.45789209137)
(-27038.5711052508,-26918.8317622994,-7748.53766143212)
(-19219.4314969109,-19175.8131764745,-9295.55374369777)
(-9852.3972059382,-9842.05053388113,-9870.28101963182)
(0,0,0)
(0,0,0)
(0,0,0)
(0,0,0)
(0,0,0)
(0,0,0)
(0,0,0)
(0,0,0)
(0,0,0)
(0,0,0)
(0,0,0)
(0,0,0)
(0,0,0)
(0,0,0)
(0,0,0)
(0,0,0)
(0,0,0)
(0,0,0)
(0,0,0)
(0,0,0)
(0,0,0)
(0,0,0)
(0,0,0)
(0,0,0)
(0,0,0)
(0,0,0)
(0,0,0)
(0,0,0)
(0,0,0)
(0,0,0)
(0,0,0)
(0,0,0)
(0,0,0)
(0,0,0)
(0,0,0)
(0,0,0)
(0,0,0)
(0,0,0)
(0,0,0)
(0,0,0)
(0,0,0)
(0,0,0)
(0,0,0)
(0,0,0)
(0,0,0)
(0,0,0)
(0,0,0)
(0,0,0)
(0,0,0)
(0,0,0)
(0,0,0)
(0,0,0)
(0,0,0)
(0,0,0)
(0,0,0)
(0,0,0)
(0,0,0)
(0,0,0)
(0,0,0)
(0,0,0)
(0,0,0)
(0,0,0)
(0,0,0)
(0,0,0)
(0,0,0)
(0,0,0)
(0,0,0)
(0,0,0)
(0,0,0)
(0,0,0)
(0,0,0)
(0,0,0)
(0,0,0)
(0,0,0)
(0,0,0)
(0,0,0)
(0,0,0)
(0,0,0)
(0,0,0)
(0,0,0)
(0,0,0)
(0,0,0)
(0,0,0)
(0,0,0)
(0,0,0)
(0,0,0)
(0,0,0)
(0,0,0)
(0,0,0)
(0,0,0)
(0,0,0)
(0,0,0)
(0,0,0)
(0,0,0)
(0,0,0)
(0,0,0)
(0,0,0)
(0,0,0)
(0,0,0)
(0,0,0)
(0,0,0)
(0,0,0)
(0,0,0)
(0,0,0)
(0,0,0)
(0,0,0)
(0,0,0)
(0,0,0)
(0,0,0)
(0,0,0)
(0,0,0)
(0,0,0)
(0,0,0)
(0,0,0)
(0,0,0)
(0,0,0)
(0,0,0)
(0,0,0)
(0,0,0)
(0,0,0)
(0,0,0)
(0,0,0)
(0,0,0)
(0,0,0)
(0,0,0)
(0,0,0)
(0,0,0)
(0,0,0)
(0,0,0)
(0,0,0)
(0,0,0)
(0,0,0)
(0,0,0)
(0,0,0)
(0,0,0)
(0,0,0)
(0,0,0)
(0,0,0)
(0,0,0)
(0,0,0)
(0,0,0)
(0,0,0)
(0,0,0)
(0,0,0)
(0,0,0)
(0,0,0)
(0,0,0)
(0,0,0)
(0,0,0)
(0,0,0)
(0,0,0)
(0,0,0)
(0,0,0)
(0,0,0)
(0,0,0)
(0,0,0)
(0,0,0)
(0,0,0)
(0,0,0)
(0,0,0)
(0,0,0)
(0,0,0)
(0,0,0)
(0,0,0)
(0,0,0)
(0,0,0)
(0,0,0)
(0,0,0)
(0,0,0)
(0,0,0)
(0,0,0)
(0,0,0)
(0,0,0)
(0,0,0)
(0,0,0)
(0,0,0)
(0,0,0)
(0,0,0)
(0,0,0)
(0,0,0)
(0,0,0)
(0,0,0)
(0,0,0)
(0,0,0)
(0,0,0)
(0,0,0)
(0,0,0)
(0,0,0)
(0,0,0)
(0,0,0)
(0,0,0)
(0,0,0)
(0,0,0)
(0,0,0)
(0,0,0)
(0,0,0)
(0,0,0)
(0,0,0)
(0,0,0)
(0,0,0)
(0,0,0)
(0,0,0)
(0,0,0)
(0,0,0)
(0,0,0)
(0,0,0)
(0,0,0)
(0,0,0)
(0,0,0)
(0,0,0)
(0,0,0)
(0,0,0)
(0,0,0)
(0,0,0)
(0,0,0)
(0,0,0)
(0,0,0)
(0,0,0)
(0,0,0)
(0,0,0)
(0,0,0)
(0,0,0)
(0,0,0)
(0,0,0)
(0,0,0)
(0,0,0)
(0,0,0)
(0,0,0)
(0,0,0)
(0,0,0)
(0,0,0)
(0,0,0)
(0,0,0)
(0,0,0)
(0,0,0)
(0,0,0)
(0,0,0)
(0,0,0)
(0,0,0)
(0,0,0)
(0,0,0)
(0,0,0)
(0,0,0)
(0,0,0)
(0,0,0)
(0,0,0)
(0,0,0)
(0,0,0)
(0,0,0)
(0,0,0)
(0,0,0)
(0,0,0)
(0,0,0)
(0,0,0)
(0,0,0)
(0,0,0)
(0,0,0)
(0,0,0)
(0,0,0)
(0,0,0)
(0,0,0)
(0,0,0)
(0,0,0)
(0,0,0)
(0,0,0)
(0,0,0)
(0,0,0)
(0,0,0)
(0,0,0)
(0,0,0)
(0,0,0)
(0,0,0)
(0,0,0)
(0,0,0)
(0,0,0)
(0,0,0)
(0,0,0)
(0,0,0)
(0,0,0)
(0,0,0)
(0,0,0)
(0,0,0)
(0,0,0)
(0,0,0)
(0,0,0)
(0,0,0)
(0,0,0)
(0,0,0)
(0,0,0)
(0,0,0)
(0,0,0)
(0,0,0)
(0,0,0)
(0,0,0)
(0,0,0)
(0,0,0)
(0,0,0)
(0,0,0)
(0,0,0)
(0,0,0)
(0,0,0)
(0,0,0)
(0,0,0)
(0,0,0)
(0,0,0)
(0,0,0)
(0,0,0)
(0,0,0)
(0,0,0)
(0,0,0)
(0,0,0)
(0,0,0)
(0,0,0)
(0,0,0)
(0,0,0)
(0,0,0)
(0,0,0)
(0,0,0)
(0,0,0)
(0,0,0)
(0,0,0)
(0,0,0)
(0,0,0)
(0,0,0)
(0,0,0)
(0,0,0)
(0,0,0)
(0,0,0)
(0,0,0)
(0,0,0)
(0,0,0)
(0,0,0)
(0,0,0)
(0,0,0)
(0,0,0)
(0,0,0)
(0,0,0)
(0,0,0)
(0,0,0)
(0,0,0)
(0,0,0)
(0,0,0)
(0,0,0)
(0,0,0)
(0,0,0)
(0,0,0)
(0,0,0)
(0,0,0)
(0,0,0)
(0,0,0)
(0,0,0)
(0,0,0)
(0,0,0)
(0,0,0)
(0,0,0)
(0,0,0)
(0,0,0)
(0,0,0)
(0,0,0)
(0,0,0)
(0,0,0)
(0,0,0)
(0,0,0)
(0,0,0)
(0,0,0)
(0,0,0)
(0,0,0)
(0,0,0)
(0,0,0)
(0,0,0)
(0,0,0)
(0,0,0)
(0,0,0)
(0,0,0)
(0,0,0)
(0,0,0)
(0,0,0)
(0,0,0)
(0,0,0)
(0,0,0)
(0,0,0)
(0,0,0)
(0,0,0)
(0,0,0)
(0,0,0)
(0,0,0)
(0,0,0)
(0,0,0)
(0,0,0)
(0,0,0)
(0,0,0)
(0,0,0)
(0,0,0)
(0,0,0)
(0,0,0)
(0,0,0)
(0,0,0)
(0,0,0)
(0,0,0)
(0,0,0)
(0,0,0)
(0,0,0)
(0,0,0)
(0,0,0)
(0,0,0)
(0,0,0)
(0,0,0)
(0,0,0)
(0,0,0)
(0,0,0)
(0,0,0)
(0,0,0)
(0,0,0)
(0,0,0)
(0,0,0)
(0,0,0)
(0,0,0)
(0,0,0)
(0,0,0)
(0,0,0)
(0,0,0)
(0,0,0)
(0,0,0)
(0,0,0)
(0,0,0)
(0,0,0)
(0,0,0)
(0,0,0)
(0,0,0)
(0,0,0)
(0,0,0)
(0,0,0)
(0,0,0)
(0,0,0)
(0,0,0)
(0,0,0)
(0,0,0)
(0,0,0)
(0,0,0)
(0,0,0)
(0,0,0)
(0,0,0)
(0,0,0)
(0,0,0)
(0,0,0)
(0,0,0)
(0,0,0)
(0,0,0)
(0,0,0)
(0,0,0)
(0,0,0)
(0,0,0)
(0,0,0)
(0,0,0)
(0,0,0)
(0,0,0)
(0,0,0)
(0,0,0)
(0,0,0)
(0,0,0)
(0,0,0)
(0,0,0)
(0,0,0)
(0,0,0)
(0,0,0)
(0,0,0)
(0,0,0)
(0,0,0)
(0,0,0)
(0,0,0)
(0,0,0)
(0,0,0)
(0,0,0)
(0,0,0)
(0,0,0)
(0,0,0)
(0,0,0)
(0,0,0)
(0,0,0)
(0,0,0)
(0,0,0)
(0,0,0)
(0,0,0)
(0,0,0)
(0,0,0)
(0,0,0)
(0,0,0)
(0,0,0)
(0,0,0)
(0,0,0)
(0,0,0)
(0,0,0)
(0,0,0)
(0,0,0)
(0,0,0)
(0,0,0)
(0,0,0)
(0,0,0)
(0,0,0)
(0,0,0)
(0,0,0)
(0,0,0)
(0,0,0)
(0,0,0)
(0,0,0)
(0,0,0)
(0,0,0)
(0,0,0)
(0,0,0)
(0,0,0)
(0,0,0)
(0,0,0)
(0,0,0)
(0,0,0)
(0,0,0)
(0,0,0)
(0,0,0)
(0,0,0)
(0,0,0)
(0,0,0)
(0,0,0)
(0,0,0)
(0,0,0)
(0,0,0)
(0,0,0)
(0,0,0)
(0,0,0)
(0,0,0)
(0,0,0)
(0,0,0)
(0,0,0)
(0,0,0)
(0,0,0)
(0,0,0)
(0,0,0)
(0,0,0)
(0,0,0)
(0,0,0)
(0,0,0)
(0,0,0)
(0,0,0)
(0,0,0)
(0,0,0)
(0,0,0)
(0,0,0)
(0,0,0)
(0,0,0)
(0,0,0)
(0,0,0)
(0,0,0)
(0,0,0)
(0,0,0)
(0,0,0)
(0,0,0)
(0,0,0)
(0,0,0)
(0,0,0)
(0,0,0)
(0,0,0)
(0,0,0)
(0,0,0)
(0,0,0)
(0,0,0)
(0,0,0)
(0,0,0)
(0,0,0)
(0,0,0)
(0,0,0)
(0,0,0)
(0,0,0)
(0,0,0)
(0,0,0)
(0,0,0)
(0,0,0)
(0,0,0)
(0,0,0)
(0,0,0)
(0,0,0)
(0,0,0)
(0,0,0)
(0,0,0)
(0,0,0)
(0,0,0)
(0,0,0)
(0,0,0)
(0,0,0)
(0,0,0)
(0,0,0)
(0,0,0)
(0,0,0)
(0,0,0)
(0,0,0)
(0,0,0)
(0,0,0)
(0,0,0)
(0,0,0)
(0,0,0)
(0,0,0)
(0,0,0)
(0,0,0)
(0,0,0)
(0,0,0)
(0,0,0)
(0,0,0)
(0,0,0)
(0,0,0)
(0,0,0)
(0,0,0)
(0,0,0)
(0,0,0)
(0,0,0)
(0,0,0)
(0,0,0)
(0,0,0)
(0,0,0)
(0,0,0)
(0,0,0)
(0,0,0)
(0,0,0)
(0,0,0)
(0,0,0)
(0,0,0)
(0,0,0)
(0,0,0)
(0,0,0)
(0,0,0)
(0,0,0)
(0,0,0)
(0,0,0)
(0,0,0)
(0,0,0)
(0,0,0)
(0,0,0)
(0,0,0)
(0,0,0)
(0,0,0)
(0,0,0)
(0,0,0)
(0,0,0)
(0,0,0)
(0,0,0)
(0,0,0)
(0,0,0)
(0,0,0)
(0,0,0)
(0,0,0)
(0,0,0)
(0,0,0)
(0,0,0)
(0,0,0)
(0,0,0)
(0,0,0)
(0,0,0)
(0,0,0)
(0,0,0)
(0,0,0)
(0,0,0)
(0,0,0)
(0,0,0)
(0,0,0)
(0,0,0)
(0,0,0)
(0,0,0)
(0,0,0)
(0,0,0)
(0,0,0)
(0,0,0)
(0,0,0)
(0,0,0)
(0,0,0)
(0,0,0)
(0,0,0)
(0,0,0)
(0,0,0)
(0,0,0)
(0,0,0)
(0,0,0)
(0,0,0)
(0,0,0)
(0,0,0)
(0,0,0)
(0,0,0)
(0,0,0)
(0,0,0)
(0,0,0)
(0,0,0)
(0,0,0)
(0,0,0)
(0,0,0)
(0,0,0)
(0,0,0)
(0,0,0)
(0,0,0)
(0,0,0)
(0,0,0)
(0,0,0)
(0,0,0)
(0,0,0)
(0,0,0)
(0,0,0)
(0,0,0)
(0,0,0)
(0,0,0)
(0,0,0)
(0,0,0)
(0,0,0)
(0,0,0)
(0,0,0)
(0,0,0)
(0,0,0)
(0,0,0)
(0,0,0)
(0,0,0)
(0,0,0)
(0,0,0)
(0,0,0)
(0,0,0)
(0,0,0)
(0,0,0)
(0,0,0)
(0,0,0)
(0,0,0)
(0,0,0)
(0,0,0)
(0,0,0)
(0,0,0)
(0,0,0)
(0,0,0)
(0,0,0)
(0,0,0)
(0,0,0)
(0,0,0)
(0,0,0)
(0,0,0)
(0,0,0)
(0,0,0)
(0,0,0)
(0,0,0)
(0,0,0)
(0,0,0)
(0,0,0)
(0,0,0)
(0,0,0)
(0,0,0)
(0,0,0)
(0,0,0)
(0,0,0)
(0,0,0)
(0,0,0)
(0,0,0)
(0,0,0)
(0,0,0)
(0,0,0)
(0,0,0)
(0,0,0)
(0,0,0)
(0,0,0)
(0,0,0)
(0,0,0)
(0,0,0)
(0,0,0)
(0,0,0)
(0,0,0)
(0,0,0)
(0,0,0)
(0,0,0)
(0,0,0)
(0,0,0)
(0,0,0)
(0,0,0)
(0,0,0)
(0,0,0)
(0,0,0)
(0,0,0)
(0,0,0)
(0,0,0)
(0,0,0)
(0,0,0)
(0,0,0)
(0,0,0)
(0,0,0)
(0,0,0)
(0,0,0)
(0,0,0)
(0,0,0)
(0,0,0)
(0,0,0)
(0,0,0)
(0,0,0)
(0,0,0)
(0,0,0)
(0,0,0)
(0,0,0)
(0,0,0)
(0,0,0)
(0,0,0)
(0,0,0)
(0,0,0)
(0,0,0)
(0,0,0)
(0,0,0)
(0,0,0)
(0,0,0)
(0,0,0)
(0,0,0)
(0,0,0)
(0,0,0)
(0,0,0)
(0,0,0)
(0,0,0)
(0,0,0)
(0,0,0)
(0,0,0)
(0,0,0)
(0,0,0)
(0,0,0)
(0,0,0)
(0,0,0)
(0,0,0)
