(0,0,0)
(0,0,0)
(0,0,0)
(0,0,0)
(0,0,0)
(0,0,0)
(0,0,0)
(0,0,0)
(0,0,0)
(0,0,0)
(0,0,0)
(0,0,0)
(0,0,0)
(0,0,0)
(0,0,0)
(0,0,0)
(0,0,0)
(0,0,0)
(0,0,0)
(0,0,0)
(0,0,0)
(0,0,0)
(0,0,0)
(0,0,0)
(0,0,0)
(0,0,0)
(0,0,0)
(0,0,0)
(0,0,0)
(0,0,0)
(0,0,0)
(0,0,0)
(0,0,0)
(0,0,0)
(0,0,0)
(0,0,0)
(0,0,0)
(0,0,0)
(0,0,0)
(0,0,0)
(0,0,0)
(0,0,0)
(0,0,0)
(0,0,0)
(0,0,0)
(0,0,0)
(0,0,0)
(0,0,0)
(0,0,0)
(0,0,0)
(0,0,0)
(0,0,0)
(0,0,0)
(0,0,0)
(0,0,0)
(0,0,0)
(0,0,0)
(0,0,0)
(0,0,0)
(0,0,0)
(0,0,0)
(0,0,0)
(0,0,0)
(0,0,0)
(0,0,0)
(0,0,0)
(0,0,0)
(0,0,0)
(0,0,0)
(0,0,0)
(0,0,0)
(0,0,0)
(0,0,0)
(0,0,0)
(0,0,0)
(0,0,0)
(0,0,0)
(0,0,0)
(0,0,0)
(0,0,0)
(0,0,0)
(0,0,0)
(0,0,0)
(0,0,0)
(0,0,0)
(0,0,0)
(0,0,0)
(0,0,0)
(0,0,0)
(0,0,0)
(0,0,0)
(0,0,0)
(0,0,0)
(0,0,0)
(0,0,0)
(0,0,0)
(0,0,0)
(0,0,0)
(0,0,0)
(0,0,0)
(0,0,0)
(0,0,0)
(0,0,0)
(0,0,0)
(0,0,0)
(0,0,0)
(0,0,0)
(0,0,0)
(0,0,0)
(0,0,0)
(0,0,0)
(0,0,0)
(0,0,0)
(0,0,0)
(0,0,0)
(0,0,0)
(0,0,0)
(0,0,0)
(0,0,0)
(0,0,0)
(0,0,0)
(0,0,0)
(0,0,0)
(0,0,0)
(0,0,0)
(0,0,0)
(0,0,0)
(0,0,0)
(0,0,0)
(0,0,0)
(0,0,0)
(0,0,0)
(0,0,0)
(0,0,0)
(0,0,0)
(0,0,0)
(0,0,0)
(0,0,0)
(0,0,0)
(0,0,0)
(0,0,0)
(0,0,0)
(0,0,0)
(0,0,0)
(0,0,0)
(0,0,0)
(0,0,0)
(0,0,0)
(0,0,0)
(0,0,0)
(0,0,0)
(0,0,0)
(0,0,0)
(0,0,0)
(0,0,0)
(0,0,0)
(0,0,0)
(0,0,0)
(0,0,0)
(0,0,0)
(0,0,0)
(0,0,0)
(0,0,0)
(0,0,0)
(0,0,0)
(0,0,0)
(0,0,0)
(0,0,0)
(0,0,0)
(0,0,0)
(0,0,0)
(0,0,0)
(0,0,0)
(0,0,0)
(0,0,0)
(0,0,0)
(0,0,0)
(0,0,0)
(0,0,0)
(0,0,0)
(0,0,0)
(0,0,0)
(0,0,0)
(0,0,0)
(0,0,0)
(0,0,0)
(0,0,0)
(0,0,0)
(0,0,0)
(0,0,0)
(0,0,0)
(0,0,0)
(0,0,0)
(0,0,0)
(0,0,0)
(0,0,0)
(0,0,0)
(0,0,0)
(0,0,0)
(0,0,0)
(0,0,0)
(0,0,0)
(0,0,0)
(0,0,0)
(0,0,0)
(0,0,0)
(0,0,0)
(0,0,0)
(0,0,0)
(0,0,0)
(0,0,0)
(0,0,0)
(0,0,0)
(0,0,0)
(0,0,0)
(0,0,0)
(0,0,0)
(0,0,0)
(0,0,0)
(0,0,0)
(0,0,0)
(0,0,0)
(0,0,0)
(0,0,0)
(0,0,0)
(0,0,0)
(0,0,0)
(0,0,0)
(0,0,0)
(0,0,0)
(0,0,0)
(0,0,0)
(0,0,0)
(0,0,0)
(0,0,0)
(0,0,0)
(0,0,0)
(0,0,0)
(0,0,0)
(0,0,0)
(0,0,0)
(0,0,0)
(0,0,0)
(0,0,0)
(0,0,0)
(0,0,0)
(0,0,0)
(0,0,0)
(0,0,0)
(0,0,0)
(0,0,0)
(0,0,0)
(0,0,0)
(0,0,0)
(0,0,0)
(0,0,0)
(0,0,0)
(0,0,0)
(0,0,0)
(0,0,0)
(0,0,0)
(0,0,0)
(0,0,0)
(0,0,0)
(0,0,0)
(0,0,0)
(0,0,0)
(0,0,0)
(0,0,0)
(0,0,0)
(0,0,0)
(0,0,0)
(0,0,0)
(0,0,0)
(0,0,0)
(0,0,0)
(0,0,0)
(0,0,0)
(0,0,0)
(0,0,0)
(0,0,0)
(0,0,0)
(0,0,0)
(0,0,0)
(0,0,0)
(0,0,0)
(0,0,0)
(0,0,0)
(0,0,0)
(0,0,0)
(0,0,0)
(0,0,0)
(0,0,0)
(0,0,0)
(0,0,0)
(0,0,0)
(0,0,0)
(0,0,0)
(0,0,0)
(0,0,0)
(0,0,0)
(0,0,0)
(0,0,0)
(0,0,0)
(0,0,0)
(0,0,0)
(0,0,0)
(0,0,0)
(0,0,0)
(0,0,0)
(0,0,0)
(0,0,0)
(0,0,0)
(0,0,0)
(0,0,0)
(0,0,0)
(0,0,0)
(0,0,0)
(0,0,0)
(0,0,0)
(0,0,0)
(0,0,0)
(0,0,0)
(0,0,0)
(0,0,0)
(0,0,0)
(0,0,0)
(0,0,0)
(0,0,0)
(0,0,0)
(0,0,0)
(0,0,0)
(0,0,0)
(0,0,0)
(0,0,0)
(0,0,0)
(0,0,0)
(0,0,0)
(0,0,0)
(0,0,0)
(0,0,0)
(0,0,0)
(0,0,0)
(0,0,0)
(0,0,0)
(0,0,0)
(0,0,0)
(0,0,0)
(0,0,0)
(0,0,0)
(0,0,0)
(0,0,0)
(0,0,0)
(0,0,0)
(0,0,0)
(0,0,0)
(0,0,0)
(0,0,0)
(0,0,0)
(0,0,0)
(0,0,0)
(0,0,0)
(0,0,0)
(0,0,0)
(0,0,0)
(0,0,0)
(0,0,0)
(0,0,0)
(0,0,0)
(0,0,0)
(0,0,0)
(0,0,0)
(0,0,0)
(0,0,0)
(0,0,0)
(0,0,0)
(0,0,0)
(0,0,0)
(0,0,0)
(0,0,0)
(0,0,0)
(0,0,0)
(0,0,0)
(0,0,0)
(0,0,0)
(0,0,0)
(0,0,0)
(0,0,0)
(0,0,0)
(0,0,0)
(0,0,0)
(0,0,0)
(0,0,0)
(0,0,0)
(0,0,0)
(0,0,0)
(0,0,0)
(0,0,0)
(0,0,0)
(0,0,0)
(0,0,0)
(0,0,0)
(0,0,0)
(0,0,0)
(0,0,0)
(0,0,0)
(0,0,0)
(0,0,0)
(0,0,0)
(0,0,0)
(0,0,0)
(0,0,0)
(0,0,0)
(0,0,0)
(0,0,0)
(0,0,0)
(0,0,0)
(0,0,0)
(0,0,0)
(0,0,0)
(0,0,0)
(0,0,0)
(0,0,0)
(0,0,0)
(0,0,0)
(0,0,0)
(0,0,0)
(0,0,0)
(0,0,0)
(0,0,0)
(0,0,0)
(0,0,0)
(0,0,0)
(0,0,0)
(0,0,0)
(0,0,0)
(0,0,0)
(0,0,0)
(0,0,0)
(0,0,0)
(0,0,0)
(0,0,0)
(0,0,0)
(0,0,0)
(0,0,0)
(0,0,0)
(0,0,0)
(0,0,0)
(0,0,0)
(0,0,0)
(0,0,0)
(0,0,0)
(0,0,0)
(0,0,0)
(0,0,0)
(0,0,0)
(0,0,0)
(0,0,0)
(0,0,0)
(0,0,0)
(0,0,0)
(0,0,0)
(0,0,0)
(0,0,0)
(0,0,0)
(0,0,0)
(0,0,0)
(0,0,0)
(0,0,0)
(0,0,0)
(0,0,0)
(0,0,0)
(0,0,0)
(0,0,0)
(0,0,0)
(0,0,0)
(0,0,0)
(0,0,0)
(0,0,0)
(0,0,0)
(0,0,0)
(0,0,0)
(0,0,0)
(0,0,0)
(0,0,0)
(0,0,0)
(0,0,0)
(0,0,0)
(0,0,0)
(0,0,0)
(0,0,0)
(0,0,0)
(0,0,0)
(0,0,0)
(0,0,0)
(0,0,0)
(0,0,0)
(0,0,0)
(0,0,0)
(0,0,0)
(0,0,0)
(0,0,0)
(0,0,0)
(0,0,0)
(0,0,0)
(0,0,0)
(0,0,0)
(0,0,0)
(0,0,0)
(0,0,0)
(0,0,0)
(0,0,0)
(0,0,0)
(0,0,0)
(0,0,0)
(0,0,0)
(0,0,0)
(0,0,0)
(0,0,0)
(0,0,0)
(0,0,0)
(0,0,0)
(0,0,0)
(0,0,0)
(0,0,0)
(0,0,0)
(0,0,0)
(0,0,0)
(0,0,0)
(0,0,0)
(0,0,0)
(0,0,0)
(0,0,0)
(0,0,0)
(0,0,0)
(0,0,0)
(0,0,0)
(0,0,0)
(0,0,0)
(0,0,0)
(0,0,0)
(0,0,0)
(0,0,0)
(0,0,0)
(0,0,0)
(0,0,0)
(0,0,0)
(0,0,0)
(0,0,0)
(0,0,0)
(0,0,0)
(0,0,0)
(0,0,0)
(0,0,0)
(0,0,0)
(0,0,0)
(0,0,0)
(0,0,0)
(0,0,0)
(0,0,0)
(0,0,0)
(0,0,0)
(0,0,0)
(0,0,0)
(0,0,0)
(0,0,0)
(0,0,0)
(0,0,0)
(0,0,0)
(0,0,0)
(0,0,0)
(0,0,0)
(0,0,0)
(0,0,0)
(0,0,0)
(0,0,0)
(0,0,0)
(0,0,0)
(0,0,0)
(0,0,0)
(0,0,0)
(0,0,0)
(0,0,0)
(0,0,0)
(0,0,0)
(0,0,0)
(0,0,0)
(0,0,0)
(0,0,0)
(0,0,0)
(0,0,0)
(0,0,0)
(0,0,0)
(0,0,0)
(0,0,0)
(0,0,0)
(0,0,0)
(0,0,0)
(0,0,0)
(0,0,0)
(0,0,0)
(0,0,0)
(0,0,0)
(0,0,0)
(0,0,0)
(0,0,0)
(0,0,0)
(0,0,0)
(0,0,0)
(0,0,0)
(0,0,0)
(0,0,0)
(0,0,0)
(0,0,0)
(0,0,0)
(0,0,0)
(0,0,0)
(0,0,0)
(0,0,0)
(0,0,0)
(0,0,0)
(0,0,0)
(0,0,0)
(0,0,0)
(0,0,0)
(0,0,0)
(0,0,0)
(0,0,0)
(0,0,0)
(0,0,0)
(0,0,0)
(0,0,0)
(0,0,0)
(0,0,0)
(0,0,0)
(0,0,0)
(0,0,0)
(0,0,0)
(0,0,0)
(0,0,0)
(0,0,0)
(0,0,0)
(0,0,0)
(0,0,0)
(0,0,0)
(0,0,0)
(0,0,0)
(0,0,0)
(0,0,0)
(0,0,0)
(0,0,0)
(0,0,0)
(0,0,0)
(0,0,0)
(0,0,0)
(0,0,0)
(0,0,0)
(0,0,0)
(0,0,0)
(0,0,0)
(0,0,0)
(0,0,0)
(0,0,0)
(0,0,0)
(0,0,0)
(0,0,0)
(0,0,0)
(0,0,0)
(0,0,0)
(0,0,0)
(0,0,0)
(0,0,0)
(0,0,0)
(0,0,0)
(0,0,0)
(0,0,0)
(0,0,0)
(0,0,0)
(0,0,0)
(0,0,0)
(0,0,0)
(0,0,0)
(0,0,0)
(0,0,0)
(0,0,0)
(0,0,0)
(0,0,0)
(0,0,0)
(0,0,0)
(0,0,0)
(0,0,0)
(0,0,0)
(0,0,0)
(0,0,0)
(0,0,0)
(0,0,0)
(0,0,0)
(0,0,0)
(0,0,0)
(0,0,0)
(0,0,0)
(0,0,0)
(0,0,0)
(0,0,0)
(0,0,0)
(0,0,0)
(0,0,0)
(0,0,0)
(0,0,0)
(0,0,0)
(0,0,0)
(0,0,0)
(0,0,0)
(0,0,0)
(0,0,0)
(0,0,0)
(0,0,0)
(0,0,0)
(0,0,0)
(0,0,0)
(0,0,0)
(0,0,0)
(0,0,0)
(0,0,0)
(0,0,0)
(0,0,0)
(0,0,0)
(0,0,0)
(0,0,0)
(0,0,0)
(0,0,0)
(0,0,0)
(0,0,0)
(0,0,0)
(0,0,0)
(0,0,0)
(0,0,0)
(0,0,0)
(0,0,0)
(0,0,0)
(0,0,0)
(0,0,0)
(0,0,0)
(0,0,0)
(0,0,0)
(0,0,0)
(0,0,0)
(0,0,0)
(0,0,0)
(0,0,0)
(0,0,0)
(0,0,0)
(0,0,0)
(0,0,0)
(0,0,0)
(0,0,0)
(0,0,0)
(0,0,0)
(0,0,0)
(0,0,0)
(0,0,0)
(0,0,0)
(0,0,0)
(0,0,0)
(0,0,0)
(0,0,0)
(0,0,0)
(0,0,0)
(0,0,0)
(0,0,0)
(0,0,0)
(0,0,0)
(0,0,0)
(0,0,0)
(0,0,0)
(0,0,0)
(0,0,0)
(0,0,0)
(0,0,0)
(0,0,0)
(0,0,0)
(0,0,0)
(0,0,0)
(0,0,0)
(0,0,0)
(0,0,0)
(0,0,0)
(0,0,0)
(0,0,0)
(0,0,0)
(0,0,0)
(0,0,0)
(0,0,0)
(0,0,0)
(0,0,0)
(0,0,0)
(0,0,0)
(0,0,0)
(0,0,0)
(0,0,0)
(0,0,0)
(0,0,0)
(0,0,0)
(0,0,0)
(0,0,0)
(0,0,0)
(0,0,0)
(0,0,0)
(0,0,0)
(0,0,0)
(0,0,0)
(0,0,0)
(0,0,0)
(0,0,0)
(0,0,0)
(0,0,0)
(0,0,0)
(0,0,0)
(0,0,0)
(-199418.840851506,105940.797163684,93478.0436878212)
(-210910.14717507,101561.628052825,202826.562810067)
(-237588.749238553,92440.4553744805,347974.856674136)
(-287978.972131888,78156.6467390932,557797.182066941)
(-378714.334219503,58881.4117325395,877630.104553907)
(-541498.545409414,36701.1475079074,1382427.50245541)
(-836258.808814372,16528.6269320128,2202157.6843378)
(-1369019.31565893,4116.56221148349,3567060.43778526)
(-2257927.90344934,2.43078349467152,5824985.91045109)
(-3145906.65336481,-308.129510571325,8971200.69332655)
(0,0,0)
(0,0,0)
(0,0,0)
(0,0,0)
(0,0,0)
(0,0,0)
(-210926.001071567,227740.730017812,89126.0682174378)
(-222535.74108909,219460.612134188,193762.825225167)
(-249632.750207112,202114.6602432,333721.370563557)
(-301191.732643199,174529.380912315,538540.369033538)
(-394436.465383972,136410.63384971,855447.612300333)
(-561123.448058957,91010.81910464,1362261.38876255)
(-859133.388111959,48068.6754369002,2189854.72836962)
(-1389875.31771517,20843.6078832374,3563003.00041297)
(-2271827.65445131,10162.7632002491,5824670.32244758)
(-3152390.45840102,5194.01593549701,8971558.63540248)
(0,0,0)
(0,0,0)
(0,0,0)
(0,0,0)
(0,0,0)
(0,0,0)
(-237311.04563979,384098.523997254,80953.2516603477)
(-249142.297082082,373009.539685286,176546.621191335)
(-277087.217648066,349514.973836788,306233.525245818)
(-331159.825862366,311411.066411233,500511.665609268)
(-430336.287517927,257084.653876288,810173.933100606)
(-607350.775099907,189144.537044694,1319390.99026046)
(-915604.257990102,120349.434319984,2162714.48936749)
(-1441871.97818482,73069.4412310011,3552360.6342045)
(-2305327.89652446,48137.7504534394,5819713.54347581)
(-3167569.40581979,26086.9315552292,8966390.0336759)
(0,0,0)
(0,0,0)
(0,0,0)
(0,0,0)
(0,0,0)
(0,0,0)
(-286427.600334943,600554.960654737,69971.163677461)
(-298453.151644453,588245.207297201,153188.647710001)
(-327463.585700176,561915.981047501,268251.226199457)
(-385221.191862455,518612.752931405,446270.731541732)
(-494209.712388899,455232.211980086,742332.885826842)
(-691076.846916159,371883.012873316,1250671.25691437)
(-1023774.15954395,279253.003765325,2115541.84701298)
(-1542463.68890646,203589.16695858,3527485.81019182)
(-2366687.60777172,144639.647578089,5797671.52083883)
(-3194338.14922625,77794.0096278984,8940302.59199258)
(0,0,0)
(0,0,0)
(0,0,0)
(0,0,0)
(0,0,0)
(0,0,0)
(-374390.143222171,917280.932853203,57664.1710237)
(-386354.943218172,905347.76321508,126916.558323989)
(-415933.371599626,879776.177672621,224989.733298494)
(-476811.242553347,837586.842671245,382826.886112002)
(-595921.570759254,775108.713267801,658871.955583538)
(-817345.772972874,690117.069831267,1157983.67159844)
(-1188518.01210281,585887.384147478,2039867.30331909)
(-1695660.54884514,470605.484876875,3468511.53424597)
(-2455883.01136911,338246.703242676,5730787.48995062)
(-3233043.60356735,179242.956332935,8862382.1468129)
(0,0,0)
(0,0,0)
(0,0,0)
(0,0,0)
(0,0,0)
(0,0,0)
(-533180.824813611,1404815.388974,45646.3686928222)
(-544537.69812287,1394214.10000811,101317.730022655)
(-573140.633341532,1371439.7100522,182794.830984615)
(-633413.302279484,1333491.39400388,320303.581931453)
(-753739.790651196,1275355.28336354,573796.802486916)
(-979344.967452149,1189600.35245304,1053658.4873173)
(-1351652.81216693,1066726.2823704,1924472.40126131)
(-1835801.32729538,894817.603511763,3336061.60992181)
(-2552504.66284598,655184.071118292,5571628.90489221)
(-3281742.31421654,349740.937512534,8682873.23792909)
(0,0,0)
(0,0,0)
(0,0,0)
(0,0,0)
(0,0,0)
(0,0,0)
(-824633.642701596,2194572.01434811,34877.0173274769)
(-834706.790572293,2185384.05274256,78413.8551653328)
(-860370.446152195,2165534.73702551,144689.274344214)
(-915406.780590874,2131644.57551984,261942.873419135)
(-1027152.00396681,2076579.25294768,487870.907801803)
(-1239136.8369127,1985971.24918395,930636.847983614)
(-1588534.03446887,1833488.46161218,1752408.70321072)
(-2028770.48958138,1579751.44207278,3096245.35423107)
(-2696500.78048352,1182033.47420003,5265896.7316328)
(-3361170.85925078,644047.884726668,8332760.64366954)
(0,0,0)
(0,0,0)
(0,0,0)
(0,0,0)
(0,0,0)
(0,0,0)
(-1357694.74401482,3526698.04612993,25568.7122330063)
(-1365758.46333572,3518303.05779764,58408.1705136554)
(-1386429.44466764,3499827.84842778,110544.503779037)
(-1431165.19233632,3466838.61768922,206515.653945952)
(-1522996.7332645,3409162.17671042,396929.463447708)
(-1699222.26164305,3304246.34568542,777876.628589265)
(-1991793.63144344,3104808.66629185,1498350.055353)
(-2348194.63472611,2728107.54582944,2698188.58632247)
(-2957982.63428003,2110652.80035048,4727551.89445207)
(-3513086.97159551,1196385.17738798,7688301.57338621)
(0,0,0)
(0,0,0)
(0,0,0)
(0,0,0)
(0,0,0)
(0,0,0)
(-2250228.38107463,5759788.41107496,17138.0161295695)
(-2255730.88131864,5751344.89690241,39827.0583434351)
(-2269776.08653271,5732102.31275909,77328.6805447745)
(-2299856.26794751,5695506.56439433,148517.00178717)
(-2360501.81651196,5626499.77564833,291681.219361219)
(-2474523.83683538,5492353.18599212,578098.215889898)
(-2666032.20476845,5227691.36111163,1121247.72583858)
(-2950683.45146628,4719704.77868248,2080333.94445185)
(-3440274.03746331,3818384.48823048,3812876.29403505)
(-3778081.10780161,2295866.74475263,6491475.83447202)
(0,0,0)
(0,0,0)
(0,0,0)
(0,0,0)
(0,0,0)
(0,0,0)
(-3142346.43382009,8893384.4051389,8750.43975616437)
(-3145102.09465327,8884647.59024823,20549.8410636283)
(-3152084.88134036,8864135.53543184,40601.4997312856)
(-3166866.134521,8823702.36868693,79271.8299597369)
(-3196218.91307725,8744710.55544345,157279.963241887)
(-3251134.78584982,8587680.32762562,313087.607458179)
(-3346979.66712782,8274917.3091797,612841.326517906)
(-3508528.05492373,7662448.23014085,1178625.92998323)
(-3777196.3066661,6484217.09611964,2289989.6287601)
(-3804027.71100245,4194695.95713273,4195188.12738249)
(0,0,0)
(0,0,0)
(0,0,0)
(0,0,0)
(0,0,0)
(0,0,0)
(0,0,0)
(0,0,0)
(0,0,0)
(0,0,0)
(0,0,0)
(0,0,0)
(0,0,0)
(0,0,0)
(0,0,0)
(0,0,0)
(0,0,0)
(0,0,0)
(0,0,0)
(0,0,0)
(0,0,0)
(0,0,0)
(0,0,0)
(0,0,0)
(0,0,0)
(0,0,0)
(0,0,0)
(0,0,0)
(0,0,0)
(0,0,0)
(0,0,0)
(0,0,0)
(0,0,0)
(0,0,0)
(0,0,0)
(0,0,0)
(0,0,0)
(0,0,0)
(0,0,0)
(0,0,0)
(0,0,0)
(0,0,0)
(0,0,0)
(0,0,0)
(0,0,0)
(0,0,0)
(0,0,0)
(0,0,0)
(0,0,0)
(0,0,0)
(0,0,0)
(0,0,0)
(0,0,0)
(0,0,0)
(0,0,0)
(0,0,0)
(0,0,0)
(0,0,0)
(0,0,0)
(0,0,0)
(0,0,0)
(0,0,0)
(0,0,0)
(0,0,0)
(0,0,0)
(0,0,0)
(0,0,0)
(0,0,0)
(0,0,0)
(0,0,0)
(0,0,0)
(0,0,0)
(0,0,0)
(0,0,0)
(0,0,0)
(0,0,0)
(0,0,0)
(0,0,0)
(0,0,0)
(0,0,0)
(0,0,0)
(0,0,0)
(0,0,0)
(0,0,0)
(0,0,0)
(0,0,0)
(0,0,0)
(0,0,0)
(0,0,0)
(0,0,0)
(0,0,0)
(0,0,0)
(0,0,0)
(0,0,0)
(0,0,0)
(0,0,0)
(0,0,0)
(0,0,0)
(0,0,0)
(0,0,0)
(0,0,0)
(0,0,0)
(29502480.4321839,94475.7659278113,82014.0484951757)
(29483226.0301868,89971.8997876153,176295.058804203)
(29438888.9659991,80430.323082732,297776.10794211)
(29356103.4249103,64942.7593278452,467140.039030427)
(29208865.462914,43133.673335277,714815.656020014)
(28947070.8520501,17027.4763068257,1087607.86971202)
(28466762.2402587,-6399.98216307884,1669375.89026023)
(27517499.070648,-16778.7751142813,2678025.36652598)
(25375726.0050857,-13938.1743188974,4936698.71976827)
(19559375.6743852,-6834.01219399129,12116639.4916706)
(0,0,0)
(0,0,0)
(0,0,0)
(0,0,0)
(0,0,0)
(0,0,0)
(29482882.3560954,201491.848715336,77564.6475038948)
(29463571.5863465,193007.777565218,166810.529749102)
(29418836.8030093,174807.084025689,282353.303048135)
(29334494.4809364,144608.765277089,445390.170977739)
(29183222.7129634,100502.642179297,688751.111244845)
(28914073.0303264,44758.2066063078,1064212.9900184)
(28426405.7573282,-8436.26432479375,1659099.21419841)
(27481101.566112,-31184.3952855847,2680917.03800089)
(25353105.5074955,-23360.0256195473,4943794.81481302)
(19549484.4647621,-10009.8539142894,12123484.8208284)
(0,0,0)
(0,0,0)
(0,0,0)
(0,0,0)
(0,0,0)
(0,0,0)
(29438306.5761928,335085.24174435,69178.0725967063)
(29418904.7362846,323817.824994878,148710.079258759)
(29373311.2719208,299252.303396934,252255.457777058)
(29285340.092551,257387.08453787,401366.307561404)
(29123620.666808,193200.961899498,633100.120973683)
(28832430.1846257,105409.944638893,1011056.51067397)
(28316858.5998084,12147.3491943242,1636399.12681484)
(27380543.5523868,-27583.6300600552,2688771.91847613)
(25294600.5429537,-13280.3874756965,4957152.92831241)
(19525215.8041469,-713.550627154014,12133460.502517)
(0,0,0)
(0,0,0)
(0,0,0)
(0,0,0)
(0,0,0)
(0,0,0)
(29356447.7071616,512632.542809328,57966.4788968065)
(29337076.3261719,500386.850283381,124257.063250394)
(29290406.7096488,473513.210510485,210514.948246241)
(29196734.9667226,427083.637939464,337251.323718034)
(29015737.1782802,353542.257209081,545352.225197777)
(28674670.9335607,245589.707676362,917813.769141914)
(28073376.7696028,114459.910901143,1596739.3657468)
(27151630.2966353,50342.4699690111,2703108.36763444)
(25176415.9399884,55400.1095258889,4969713.41033096)
(19479825.6018252,39093.6543756187,12134131.5417353)
(0,0,0)
(0,0,0)
(0,0,0)
(0,0,0)
(0,0,0)
(0,0,0)
(29212407.5462054,758537.934846508,45686.0059935976)
(29193496.9254398,747203.393919112,97406.681158213)
(29146616.1467152,722622.819506462,164136.641305893)
(29048076.363762,681047.656414648,263674.103973645)
(28845038.6345297,617314.008803422,437331.234548841)
(28429211.6863373,528094.253080232,786658.317293256)
(27635637.5426889,422709.478216825,1532642.28264424)
(26727134.5878385,330401.595058473,2708177.1083296)
(24991131.0441246,241584.77044716,4953367.47937295)
(19412300.5159443,130558.090546338,12094948.0111489)
(0,0,0)
(0,0,0)
(0,0,0)
(0,0,0)
(0,0,0)
(0,0,0)
(28956094.6631469,1113368.59196715,34282.942377168)
(28938499.81292,1104066.41986213,72771.4928496601)
(28893875.9651991,1084232.83558614,122533.965687797)
(28797161.2576311,1051499.89608466,199896.253565741)
(28591851.8166554,1001926.63787662,348081.104644334)
(28164165.524978,929804.802219823,681249.150532934)
(27360582.46123,829839.287828435,1440273.1549828)
(26492157.0349074,701810.971206255,2619294.50409055)
(24833443.9171327,511143.875198276,4842175.90681922)
(19334931.1780098,270292.679190463,11964156.913407)
(0,0,0)
(0,0,0)
(0,0,0)
(0,0,0)
(0,0,0)
(0,0,0)
(28480740.7788416,1661557.43775724,24825.8201250951)
(28465424.0852027,1654378.7202798,52771.731390817)
(28425891.7539924,1639504.81908706,89626.6352038019)
(28338109.5548965,1615881.24961491,150118.033644531)
(28146725.1248863,1580732.18602278,275824.444103672)
(27737818.5293033,1525895.46292471,581167.504641024)
(26958536.1222004,1430225.47738914,1312100.24586938)
(26174809.2482193,1260292.6580336,2428427.9086998)
(24599933.5479578,920501.990482913,4601024.55243206)
(19202920.3054597,492097.461972133,11693517.6923983)
(0,0,0)
(0,0,0)
(0,0,0)
(0,0,0)
(0,0,0)
(0,0,0)
(27530616.6111152,2634102.14628422,17533.0238014205)
(27518533.0507205,2628258.13718516,37751.1802981767)
(27487059.170467,2616381.51620301,65774.9555059859)
(27416179.0029476,2598049.52452286,114651.572772482)
(27258516.0246205,2571548.80351733,220711.284851247)
(26911715.9023969,2528809.62412054,485248.047073995)
(26229774.1107303,2430423.17616134,1141871.69358642)
(25718584.0905405,2125466.87837382,2088307.83543789)
(24128713.3478831,1628246.03196558,4172256.89925045)
(18897284.0558476,931341.188534454,11201031.2327033)
(0,0,0)
(0,0,0)
(0,0,0)
(0,0,0)
(0,0,0)
(0,0,0)
(25383270.1871571,4867325.72984303,11666.9356679091)
(25375139.6027462,4861626.44242121,25817.2338254412)
(25354135.8738106,4849432.19911524,47243.6780282592)
(25307805.9202413,4828166.19826778,87853.9035528797)
(25209156.7548393,4790453.43096834,177679.792208883)
(25008374.8119151,4715429.73847761,386550.116559838)
(24646357.1596187,4546434.27808146,836538.737711045)
(24137456.2206619,4161562.31901629,1590692.71239891)
(22700876.7440209,3481245.3703395,3474931.67999921)
(17967502.4473187,2269804.47454393,10269273.9263278)
(0,0,0)
(0,0,0)
(0,0,0)
(0,0,0)
(0,0,0)
(0,0,0)
(19562134.1915936,12035227.0589456,6007.13294208327)
(19558104.9340197,12029227.5900967,13588.0440518656)
(19547802.0111215,12015695.3218481,25827.1163155561)
(19525550.9525749,11990066.1622228,49899.1527230679)
(19479713.7157851,11940431.1339651,102377.908322475)
(19389492.1338312,11838339.4049568,217230.409620691)
(19222384.8005663,11621425.1353175,451264.172148952)
(18902196.2348027,11170539.5363921,909951.752505279)
(17968258.6542786,10261046.9749456,2263084.27441286)
(14609779.1841536,7998450.25521015,7999020.68604894)
(0,0,0)
(0,0,0)
(0,0,0)
(0,0,0)
(0,0,0)
(0,0,0)
(0,0,0)
(0,0,0)
(0,0,0)
(0,0,0)
(0,0,0)
(0,0,0)
(0,0,0)
(0,0,0)
(0,0,0)
(0,0,0)
(0,0,0)
(0,0,0)
(0,0,0)
(0,0,0)
(0,0,0)
(0,0,0)
(0,0,0)
(0,0,0)
(0,0,0)
(0,0,0)
(0,0,0)
(0,0,0)
(0,0,0)
(0,0,0)
(0,0,0)
(0,0,0)
(0,0,0)
(0,0,0)
(0,0,0)
(0,0,0)
(0,0,0)
(0,0,0)
(0,0,0)
(0,0,0)
(0,0,0)
(0,0,0)
(0,0,0)
(0,0,0)
(0,0,0)
(0,0,0)
(0,0,0)
(0,0,0)
(0,0,0)
(0,0,0)
(0,0,0)
(0,0,0)
(0,0,0)
(0,0,0)
(0,0,0)
(0,0,0)
(0,0,0)
(0,0,0)
(0,0,0)
(0,0,0)
(0,0,0)
(0,0,0)
(0,0,0)
(0,0,0)
(0,0,0)
(0,0,0)
(0,0,0)
(0,0,0)
(0,0,0)
(0,0,0)
(0,0,0)
(0,0,0)
(0,0,0)
(0,0,0)
(0,0,0)
(0,0,0)
(0,0,0)
(0,0,0)
(0,0,0)
(0,0,0)
(0,0,0)
(0,0,0)
(0,0,0)
(0,0,0)
(0,0,0)
(0,0,0)
(0,0,0)
(0,0,0)
(0,0,0)
(0,0,0)
(0,0,0)
(0,0,0)
(0,0,0)
(0,0,0)
(0,0,0)
(0,0,0)
(0,0,0)
(0,0,0)
(0,0,0)
(0,0,0)
(0,0,0)
(0,0,0)
(-513589.75353055,74854.6880705656,62826.410185491)
(-534814.071858654,70325.4498488532,132151.974923575)
(-582914.157371368,60388.2232889185,215177.787546836)
(-670400.478164034,43319.9831444589,319972.620018358)
(-820009.42498418,17477.9711477499,452980.449310434)
(-1069556.2404759,-15987.9841033813,607206.438481456)
(-1477678.13182138,-46789.1663008048,720046.889404091)
(-2123656.61435713,-53224.9672127493,536038.45416357)
(-3049833.03861421,-36604.3259927516,-880187.26360219)
(-3738539.86899623,-16767.5812038337,-7443893.22647524)
(0,0,0)
(0,0,0)
(0,0,0)
(0,0,0)
(0,0,0)
(0,0,0)
(-536002.549100404,157004.139964131,58346.3658438492)
(-556902.865362758,148483.730546044,122273.449397515)
(-604518.638728534,129418.447059411,198209.579906454)
(-692084.702457597,95519.1023415373,294200.556644927)
(-843966.654766934,40915.0570308223,419563.751033705)
(-1100299.5090066,-36896.4841958584,576455.703000789)
(-1517989.42086998,-118022.837171418,713695.464611142)
(-2157714.93393462,-131790.618288051,552688.528274684)
(-3066915.70744488,-81901.2717275388,-860382.398508428)
(-3744572.01465273,-34319.1967637528,-7427163.39099192)
(0,0,0)
(0,0,0)
(0,0,0)
(0,0,0)
(0,0,0)
(0,0,0)
(-586219.624483443,253270.132308974,49871.1208730916)
(-606456.142271818,242056.280824015,103270.361693142)
(-653198.213860341,216406.462289017,164402.744786263)
(-741571.570834752,168780.188654066,239664.234401002)
(-901279.145535873,85276.7991048564,341813.217212423)
(-1183989.49915113,-52400.6732263837,495348.002561304)
(-1652751.2764442,-231410.514116046,699956.468300044)
(-2275692.66657063,-256590.697365865,602603.678876855)
(-3118728.5384621,-131562.537376292,-812795.061516859)
(-3761196.33629997,-46169.0277588796,-7392922.17753335)
(0,0,0)
(0,0,0)
(0,0,0)
(0,0,0)
(0,0,0)
(0,0,0)
(-675895.207143288,368566.416165353,38657.5429901784)
(-695072.044134686,356784.761469732,77688.3451926059)
(-740460.684495547,329708.186031779,116864.928135815)
(-830598.62807697,278387.444483304,156202.179647705)
(-1008071.89142364,182742.109570797,204156.851427188)
(-1368269.86238514,-18.3230823346983,316326.209770531)
(-2071516.67566684,-323406.939304902,674826.992770566)
(-2661928.46075098,-374254.990831812,727660.956164354)
(-3248499.6045059,-129975.997451211,-727399.126724693)
(-3796835.2910164,-28479.4150920743,-7346816.93400838)
(0,0,0)
(0,0,0)
(0,0,0)
(0,0,0)
(0,0,0)
(0,0,0)
(-826460.137182049,502247.313427952,26797.698666496)
(-844058.799834357,492186.525885693,50562.5720663696)
(-886901.984442591,469852.336943984,65547.464853467)
(-977014.947151964,430107.606264898,60529.5265275528)
(-1175482.27219168,364022.593676244,21380.8616849996)
(-1683645.65369368,262906.489412222,-7075.69823702433)
(-3344807.50270036,147546.552625717,624026.767763208)
(-3968809.43607812,95339.2943118532,971987.419077747)
(-3503126.14202128,83830.3835407476,-625950.863226685)
(-3855255.36926269,53172.7728377783,-7318436.25340784)
(0,0,0)
(0,0,0)
(0,0,0)
(0,0,0)
(0,0,0)
(0,0,0)
(-1074738.50478226,638005.25139272,16686.1425060791)
(-1090125.40803958,630949.305783559,28159.4961094198)
(-1128481.72018754,616224.123280009,25756.3077015822)
(-1212252.85053481,592464.035626038,-5575.1009521777)
(-1405155.34691876,556788.721543636,-79723.1527037835)
(-1912036.11112244,503429.702219939,-122433.816869394)
(-3492246.85070653,427772.246580428,571780.713654003)
(-4063971.15047407,384409.252078858,960449.853810098)
(-3621451.14656033,277564.491951137,-656778.278365785)
(-3913496.23296879,138255.740072425,-7371822.92208008)
(0,0,0)
(0,0,0)
(0,0,0)
(0,0,0)
(0,0,0)
(0,0,0)
(-1480591.32055915,711438.262945503,9510.00038956229)
(-1493239.76672351,707471.834573544,13262.2360674077)
(-1525496.2749461,700659.470141918,1825.83068547326)
(-1598536.73228322,693942.474223917,-41395.4081910291)
(-1775624.17910696,692516.517949403,-133162.988061932)
(-2271924.68007438,699783.394156237,-198162.55807879)
(-3920006.50479835,701444.348517247,528318.879524813)
(-4448318.16608805,804023.947960038,853442.510492579)
(-3800320.11282957,449224.349490678,-796352.773717751)
(-4009624.94802101,186429.62151537,-7510370.48913842)
(0,0,0)
(0,0,0)
(0,0,0)
(0,0,0)
(0,0,0)
(0,0,0)
(-2128438.07238711,486650.984719704,5452.8742696867)
(-2137967.16379436,484741.120501468,6294.71539828865)
(-2162578.9591513,483320.450069574,-5117.22236946489)
(-2219839.24740803,489533.531265123,-43079.1165134204)
(-2366359.75064629,522041.066816744,-126116.977572288)
(-2821594.62901358,625311.517652873,-196723.657116933)
(-4621378.72478848,846854.119784524,630630.319676213)
(-3767665.07988076,544170.195968951,498344.154630182)
(-3942856.45721134,200247.80210177,-1059498.58034476)
(-4158468.48023859,1446.48371644544,-7697151.9939179)
(0,0,0)
(0,0,0)
(0,0,0)
(0,0,0)
(0,0,0)
(0,0,0)
(-3057691.23594585,-954318.76913595,3542.08950014959)
(-3063864.41325892,-955925.710571188,4823.84911949295)
(-3079602.5566995,-957409.268073147,902.910313958834)
(-3114767.92154408,-954561.082082971,-10817.7220109342)
(-3195434.64640764,-939480.944217809,-23093.3971877122)
(-3388381.81111271,-903934.332610362,24519.988644798)
(-3810289.58312184,-877971.365197187,327603.128908599)
(-3949094.38391441,-1074129.10683327,154063.948828598)
(-4312700.70443961,-1251769.61921384,-1258730.26885366)
(-4380977.01751926,-1088169.07046634,-7699024.33729137)
(0,0,0)
(0,0,0)
(0,0,0)
(0,0,0)
(0,0,0)
(0,0,0)
(-3744560.15245324,-7527976.4711407,1962.95859322638)
(-3747553.40999792,-7529971.55827872,3278.06285999228)
(-3755090.54086379,-7533191.12407793,3563.38339168608)
(-3771340.3927215,-7536527.74487859,4032.30402525187)
(-3805973.63214252,-7540317.04662108,12166.6668976883)
(-3878635.71727111,-7552155.86065039,50126.9585815727)
(-4012982.5383643,-7601905.77635405,131039.62121063)
(-4162714.20480086,-7732560.38090505,-24007.752572564)
(-4382261.25937877,-7708064.0686658,-1095582.47692165)
(-4229067.66665862,-6611956.25501817,-6611337.52901605)
(0,0,0)
(0,0,0)
(0,0,0)
(0,0,0)
(0,0,0)
(0,0,0)
(0,0,0)
(0,0,0)
(0,0,0)
(0,0,0)
(0,0,0)
(0,0,0)
(0,0,0)
(0,0,0)
(0,0,0)
(0,0,0)
(0,0,0)
(0,0,0)
(0,0,0)
(0,0,0)
(0,0,0)
(0,0,0)
(0,0,0)
(0,0,0)
(0,0,0)
(0,0,0)
(0,0,0)
(0,0,0)
(0,0,0)
(0,0,0)
(0,0,0)
(0,0,0)
(0,0,0)
(0,0,0)
(0,0,0)
(0,0,0)
(0,0,0)
(0,0,0)
(0,0,0)
(0,0,0)
(0,0,0)
(0,0,0)
(0,0,0)
(0,0,0)
(0,0,0)
(0,0,0)
(0,0,0)
(0,0,0)
(0,0,0)
(0,0,0)
(0,0,0)
(0,0,0)
(0,0,0)
(0,0,0)
(0,0,0)
(0,0,0)
(0,0,0)
(0,0,0)
(0,0,0)
(0,0,0)
(0,0,0)
(0,0,0)
(0,0,0)
(0,0,0)
(0,0,0)
(0,0,0)
(0,0,0)
(0,0,0)
(0,0,0)
(0,0,0)
(0,0,0)
(0,0,0)
(0,0,0)
(0,0,0)
(0,0,0)
(0,0,0)
(0,0,0)
(0,0,0)
(0,0,0)
(0,0,0)
(0,0,0)
(0,0,0)
(0,0,0)
(0,0,0)
(0,0,0)
(0,0,0)
(0,0,0)
(0,0,0)
(0,0,0)
(0,0,0)
(0,0,0)
(0,0,0)
(0,0,0)
(0,0,0)
(0,0,0)
(0,0,0)
(0,0,0)
(0,0,0)
(0,0,0)
(0,0,0)
(0,0,0)
(0,0,0)
(-607557.682750446,52386.3571013227,41581.5721185747)
(-625572.516988377,48213.2125363465,84126.8047119546)
(-665306.681901189,38757.0179808444,127762.311260933)
(-734633.042206767,21611.2404835787,170383.634820084)
(-846494.718888138,-6487.44845868327,203356.377182723)
(-1018434.56285672,-46716.220712883,198950.920276434)
(-1265553.66926043,-87100.0661294878,73926.5238449746)
(-1572024.71460238,-87312.6952393853,-390392.680670397)
(-1817157.45516006,-53705.926464736,-1569362.33765978)
(-1579045.98616091,-22793.478619551,-3706062.74187553)
(0,0,0)
(0,0,0)
(0,0,0)
(0,0,0)
(0,0,0)
(0,0,0)
(-627908.093816758,106817.516022663,37474.3857950126)
(-644949.35278878,98992.4974944443,74741.5882629363)
(-682492.30494433,80777.7967427755,110694.475716804)
(-748150.803329841,46060.2339248594,142311.583147762)
(-854921.510220257,-16373.0468647107,163152.037007109)
(-1021916.53841703,-120571.044894217,158623.890598876)
(-1267441.70852964,-252815.397655438,73791.5097844922)
(-1564617.17179642,-249834.133731568,-356784.813861522)
(-1805148.68709617,-133734.31125056,-1538523.44942439)
(-1571645.68204086,-50930.3119818171,-3683312.94867407)
(0,0,0)
(0,0,0)
(0,0,0)
(0,0,0)
(0,0,0)
(0,0,0)
(-672680.410664372,163588.221066185,29690.081137413)
(-687793.602020156,153425.266342109,56594.7720380838)
(-720969.180920144,129095.007421484,76048.5284191777)
(-779052.510664534,79689.8387552972,79899.8634185212)
(-875137.121997607,-21583.0223236007,58967.8153391432)
(-1035247.9370163,-236745.524565338,26400.7328754128)
(-1305743.78408431,-650248.610324249,76826.4531843374)
(-1565104.72400258,-642918.060826179,-240677.562289121)
(-1775976.46172649,-261401.705711106,-1455762.24456418)
(-1553600.82020804,-81811.8092607106,-3632476.26337723)
(0,0,0)
(0,0,0)
(0,0,0)
(0,0,0)
(0,0,0)
(0,0,0)
(-749820.592879738,217963.421652361,19550.1851502818)
(-762196.36867632,207741.663622594,32358.1124114363)
(-788929.307293395,183185.654303738,26736.0883270316)
(-834712.61116454,131868.986146344,-21329.0759764438)
(-910002.791157098,15196.087458614,-156177.286025198)
(-1058568.62158165,-315505.73771916,-387118.313674871)
(-1596401.1412091,-1596728.48607757,84246.0276207038)
(-1680311.83110373,-1681181.61249459,140892.949641855)
(-1708163.39961438,-384654.919547979,-1276190.0414128)
(-1517186.57876608,-86925.1976284482,-3550725.36529544)
(0,0,0)
(0,0,0)
(0,0,0)
(0,0,0)
(0,0,0)
(0,0,0)
(-871772.519229649,254008.888962852,9266.91473710644)
(-880910.909447663,246112.214960255,7748.47301275209)
(-899590.753489739,228222.572047499,-24599.6756838543)
(-926539.508095729,194800.211200314,-138006.339794059)
(-945631.61081173,134207.181012944,-486868.094728343)
(-852065.876369743,34389.1040330442,-1668342.7138045)
(5.14196095389832e-05,1.3866749151948e-05,-3.34337508176204e-05)
(267.16665716203,105.240299466539,1437538.31674832)
(-1437180.03890614,-34565.3246374946,-978497.381277348)
(-1451692.94713058,-5117.80802173905,-3463867.19301618)
(0,0,0)
(0,0,0)
(0,0,0)
(0,0,0)
(0,0,0)
(0,0,0)
(-1054227.66526473,232172.704418141,1325.34502718638)
(-1060269.27101177,227790.351872395,-10208.9289127625)
(-1071542.65096991,219155.055558512,-58080.4816414001)
(-1083130.68897327,206186.081083136,-198588.513085768)
(-1069186.15884071,186320.06458764,-586670.58473853)
(-905124.151501117,143524.089046362,-1702717.52937317)
(4.78917596035861e-05,1.85670338889112e-05,-2.74545460410303e-05)
(166.567462236061,17.5332003909554,1402839.45018828)
(-1402620.99060959,98639.8930058675,-949195.923405823)
(-1451014.49725112,42112.2340194403,-3458907.7011646)
(0,0,0)
(0,0,0)
(0,0,0)
(0,0,0)
(0,0,0)
(0,0,0)
(-1308892.93056825,63609.7934505635,-3135.47902331477)
(-1312346.36186395,62745.1792981992,-18983.7113086919)
(-1317669.83915212,63556.4600642566,-71211.5516083991)
(-1317603.61219667,72616.049179807,-218574.639791623)
(-1280105.66494762,101767.027574607,-629540.116937945)
(-1061735.9616064,150080.579765576,-1846285.32612513)
(0.000129288641189724,-4.70712792309744e-05,-3.57846061284156e-05)
(206.270562259259,1484619.02515451,1501330.76408886)
(-1501047.74149394,306630.788719676,-1005932.50296057)
(-1509785.1304495,37568.9055485709,-3501228.99206123)
(0,0,0)
(0,0,0)
(0,0,0)
(0,0,0)
(0,0,0)
(0,0,0)
(-1618096.78789848,-442666.368208448,-4065.12282962787)
(-1619746.5115803,-441241.785321185,-18298.8104243147)
(-1621140.43760603,-433819.769116465,-62361.1027888714)
(-1614374.74457408,-405557.290948653,-189652.265494361)
(-1565653.38294797,-307184.106357505,-581407.499260573)
(-1314788.26666467,58380.8504438727,-1996514.13228778)
(-29.5094621549824,1657785.03806151,1484343.25400713)
(-1484394.36905887,362602.065776191,323089.502563542)
(-1868109.01302569,-169708.270917332,-1275318.8819851)
(-1635942.06837211,-221146.739962458,-3539129.64834058)
(0,0,0)
(0,0,0)
(0,0,0)
(0,0,0)
(0,0,0)
(0,0,0)
(-1856125.61315982,-1641599.90933718,-2632.08165729865)
(-1856796.59099994,-1640018.66853992,-10923.0206975252)
(-1856792.86295438,-1633267.46600643,-34285.0175526482)
(-1851599.61141259,-1611491.15637719,-91519.4622555931)
(-1827693.33158301,-1550367.57357979,-216077.309857936)
(-1754175.48460229,-1394513.92573638,-397388.860188105)
(-1657731.24086347,-1080958.53756306,188796.373178089)
(-1900092.3528828,-1288014.73752169,-209588.854555639)
(-2043224.95900114,-1321557.60756754,-1327215.26334388)
(-1674486.84267292,-936395.826995446,-3318456.35115725)
(0,0,0)
(0,0,0)
(0,0,0)
(0,0,0)
(0,0,0)
(0,0,0)
(-1601010.40776035,-3784114.26308008,-1035.39094995143)
(-1601253.88572243,-3783096.84215645,-4256.74160890502)
(-1601166.27445029,-3778742.63368311,-12705.8403457336)
(-1599097.6111972,-3765806.42247839,-30633.355768807)
(-1591539.74056336,-3734927.58608519,-60507.2348425679)
(-1575382.78273848,-3674071.30523329,-84202.7898782925)
(-1570017.43207434,-3589429.76953155,-18696.6641997279)
(-1655546.37612331,-3570298.29632402,-243580.934074931)
(-1678652.32494147,-3326207.12400169,-942540.352078076)
(-1342340.82963998,-2383117.71628033,-2382545.29981182)
(0,0,0)
(0,0,0)
(0,0,0)
(0,0,0)
(0,0,0)
(0,0,0)
(0,0,0)
(0,0,0)
(0,0,0)
(0,0,0)
(0,0,0)
(0,0,0)
(0,0,0)
(0,0,0)
(0,0,0)
(0,0,0)
(0,0,0)
(0,0,0)
(0,0,0)
(0,0,0)
(0,0,0)
(0,0,0)
(0,0,0)
(0,0,0)
(0,0,0)
(0,0,0)
(0,0,0)
(0,0,0)
(0,0,0)
(0,0,0)
(0,0,0)
(0,0,0)
(0,0,0)
(0,0,0)
(0,0,0)
(0,0,0)
(0,0,0)
(0,0,0)
(0,0,0)
(0,0,0)
(0,0,0)
(0,0,0)
(0,0,0)
(0,0,0)
(0,0,0)
(0,0,0)
(0,0,0)
(0,0,0)
(0,0,0)
(0,0,0)
(0,0,0)
(0,0,0)
(0,0,0)
(0,0,0)
(0,0,0)
(0,0,0)
(0,0,0)
(0,0,0)
(0,0,0)
(0,0,0)
(0,0,0)
(0,0,0)
(0,0,0)
(0,0,0)
(0,0,0)
(0,0,0)
(0,0,0)
(0,0,0)
(0,0,0)
(0,0,0)
(0,0,0)
(0,0,0)
(0,0,0)
(0,0,0)
(0,0,0)
(0,0,0)
(0,0,0)
(0,0,0)
(0,0,0)
(0,0,0)
(0,0,0)
(0,0,0)
(0,0,0)
(0,0,0)
(0,0,0)
(0,0,0)
(0,0,0)
(0,0,0)
(0,0,0)
(0,0,0)
(0,0,0)
(0,0,0)
(0,0,0)
(0,0,0)
(0,0,0)
(0,0,0)
(0,0,0)
(0,0,0)
(0,0,0)
(0,0,0)
(0,0,0)
(0,0,0)
(-663010.984679177,31944.1415753753,23509.160353357)
(-675180.570313181,28794.8311375151,44322.3825406468)
(-700869.778440335,21535.1039363784,58350.3751434102)
(-742786.223651809,8086.29125663971,58417.2653318136)
(-804400.2691814,-14899.4182308024,31222.2338558774)
(-888593.518882058,-50165.9342273008,-48452.8758914912)
(-992255.825730258,-88945.8479067013,-232804.871514965)
(-1089167.43107969,-79867.5159064986,-635794.639131159)
(-1079635.73472175,-41667.623904564,-1331648.73566491)
(-767800.587358741,-15385.1506646084,-2127508.98380245)
(0,0,0)
(0,0,0)
(0,0,0)
(0,0,0)
(0,0,0)
(0,0,0)
(-678419.17090074,62051.7242018797,20403.494457477)
(-689092.657449766,56207.4368449307,37134.1934110451)
(-711131.166144488,42355.5918098617,44952.5667377197)
(-745756.022884543,15209.8641011119,35434.2134479533)
(-793811.059428983,-36545.6299197239,-4030.02565439939)
(-855059.368941026,-133877.040880829,-87176.0884768749)
(-928784.148555042,-291120.028321622,-223659.468036553)
(-1020199.27455065,-250332.305262089,-597612.575926726)
(-1034408.62258394,-104556.292522924,-1305463.9718206)
(-747414.007302889,-32874.2108283092,-2112206.58639486)
(0,0,0)
(0,0,0)
(0,0,0)
(0,0,0)
(0,0,0)
(0,0,0)
(-711616.491897262,86403.9340351249,14583.8713996424)
(-719392.558781528,79010.7676551624,23379.4973507872)
(-734228.049764228,61102.0036422087,17891.9543625265)
(-753622.015241117,23972.5147114677,-16301.1916712447)
(-770108.46193612,-56520.6555919343,-101354.826060522)
(-765982.004704179,-260124.993221464,-244372.806031997)
(-717494.439731091,-940922.742733306,-182819.435973531)
(-788238.351582329,-758164.721203055,-451853.392452814)
(-904864.876731447,-193654.624764849,-1233866.64520595)
(-695474.875466057,-45423.3038727028,-2079443.49690355)
(0,0,0)
(0,0,0)
(0,0,0)
(0,0,0)
(0,0,0)
(0,0,0)
(-766502.270515239,95886.9635550895,7198.64811553779)
(-770453.129287065,88887.0028195506,5579.17356188836)
(-775494.151082847,72352.5534484804,-19106.5324549273)
(-772977.65935785,39847.7306083449,-96716.7001584967)
(-737671.994993281,-20614.6482004716,-304953.503713787)
(-589402.542886335,-109033.637215613,-925210.938414949)
(2.50561363284068e-05,5.03367408853903e-06,-1.36030574358116e-05)
(408.836500559925,-515.349630255925,112768.092991419)
(-589746.944258381,-113667.770766787,-1085635.21636264)
(-592753.716429453,-21441.961270341,-2034049.42130165)
(0,0,0)
(0,0,0)
(0,0,0)
(0,0,0)
(0,0,0)
(0,0,0)
(-847472.466512918,71427.3062851241,159.604553238069)
(-847510.346932831,66616.051935211,-10970.0070772604)
(-842731.365473655,56123.1319275023,-51599.9735723695)
(-819175.431636007,38054.6617559891,-157170.981179739)
(-740496.845837167,10497.9988989515,-393418.393253712)
(-519444.6175157,-18745.2414690104,-816328.047854336)
(-3.03928613095231e-06,1.65816574515883e-06,6.16366385501762e-05)
(5.63701608746698e-05,7.17000572450668e-06,-2.12453574067696e-06)
(436.785709714681,-19.5039190693365,-993334.011473704)
(-449410.567302608,-4464.9928115852,-2012593.35976041)
(0,0,0)
(0,0,0)
(0,0,0)
(0,0,0)
(0,0,0)
(0,0,0)
(-955466.300956366,-22621.2441330699,-4712.81389017337)
(-952389.185169417,-24424.3594026553,-21552.4883946651)
(-940138.31085408,-27085.8583698247,-69747.8382131732)
(-901761.031688673,-28341.5131007008,-184721.32064108)
(-796099.87234713,-24638.3408605383,-422671.26737516)
(-535749.68895365,-13140.9710578006,-797650.00033383)
(8.70587422849045e-07,4.75560678194493e-06,4.76653543429762e-05)
(4.22089387433787e-05,1.37486274032107e-05,-1.45491717031358e-06)
(283.325814771606,205.923020260834,-997840.913221422)
(-428474.568062911,-16634.9967406557,-2008210.83848057)
(0,0,0)
(0,0,0)
(0,0,0)
(0,0,0)
(0,0,0)
(0,0,0)
(-1079250.36313596,-245660.966548446,-6602.84501690837)
(-1074331.99556386,-244681.231739707,-24360.3389799414)
(-1057995.54171695,-239927.783799489,-71192.7109854565)
(-1011808.86971883,-224183.927611852,-181145.038952141)
(-890818.11624947,-183822.406349738,-411248.522161085)
(-598485.89217187,-103022.009777958,-784617.552875478)
(7.25710044137209e-06,7.44724545295145e-05,5.62366322376298e-05)
(7.42293298869773e-05,-3.12269849844247e-06,-1.29704013489179e-06)
(40.3167722686787,-60422.3439888545,-1014848.96331529)
(-460983.371592441,-88556.4810689062,-1991729.2378441)
(0,0,0)
(0,0,0)
(0,0,0)
(0,0,0)
(0,0,0)
(0,0,0)
(-1177248.27368458,-680788.372201675,-5721.10856068275)
(-1172045.32492202,-678351.858510196,-19751.6684484782)
(-1155630.16575415,-669521.720616872,-55668.0034829618)
(-1110374.26163973,-642847.876762757,-141004.537266401)
(-990561.797815717,-569295.2898744,-330623.238873984)
(-685547.344710624,-381087.906522993,-681798.264082997)
(9.13518205141434e-05,-8.77059309069518e-06,-3.98552017332838e-06)
(39.4886155178234,-53122.0506493445,-60662.7085518704)
(-601067.020557434,-344849.371430248,-1043277.67357873)
(-604585.43252273,-259730.02045219,-1903460.77004484)
(0,0,0)
(0,0,0)
(0,0,0)
(0,0,0)
(0,0,0)
(0,0,0)
(-1146714.94576232,-1386869.85719401,-3329.18240516405)
(-1142660.05476502,-1384808.24144277,-11009.3357075097)
(-1130239.66377612,-1377888.44253867,-29195.8129639779)
(-1096761.72132088,-1359187.72105016,-67693.8587682813)
(-1007608.61872073,-1314409.04588768,-142664.815617265)
(-761002.760813882,-1215893.87098608,-301031.574942574)
(98.7938738748496,-993374.609424394,-53618.6578210181)
(-610492.386772974,-1043560.72302523,-352779.951554974)
(-825177.833413226,-957078.827880174,-958597.620692967)
(-644320.637478588,-604321.647127287,-1644172.19921219)
(0,0,0)
(0,0,0)
(0,0,0)
(0,0,0)
(0,0,0)
(0,0,0)
(-802935.903986141,-2183655.67389097,-1288.68707726303)
(-800836.277516059,-2182314.47230182,-4200.06442459836)
(-794606.30867554,-2177961.76924429,-10686.7034937388)
(-778781.901261205,-2167059.9484799,-23130.1860000149)
(-740948.211837404,-2143707.65778704,-44423.1028266036)
(-657822.227806472,-2098978.27231571,-78899.2564289889)
(-518389.361405288,-2019643.7167671,-104258.219755359)
(-621693.478707178,-1914949.50590012,-266722.334296598)
(-648368.196130645,-1647756.77988281,-606328.511104813)
(-471763.326313417,-1040880.12467553,-1040347.53688314)
(0,0,0)
(0,0,0)
(0,0,0)
(0,0,0)
(0,0,0)
(0,0,0)
(0,0,0)
(0,0,0)
(0,0,0)
(0,0,0)
(0,0,0)
(0,0,0)
(0,0,0)
(0,0,0)
(0,0,0)
(0,0,0)
(0,0,0)
(0,0,0)
(0,0,0)
(0,0,0)
(0,0,0)
(0,0,0)
(0,0,0)
(0,0,0)
(0,0,0)
(0,0,0)
(0,0,0)
(0,0,0)
(0,0,0)
(0,0,0)
(0,0,0)
(0,0,0)
(0,0,0)
(0,0,0)
(0,0,0)
(0,0,0)
(0,0,0)
(0,0,0)
(0,0,0)
(0,0,0)
(0,0,0)
(0,0,0)
(0,0,0)
(0,0,0)
(0,0,0)
(0,0,0)
(0,0,0)
(0,0,0)
(0,0,0)
(0,0,0)
(0,0,0)
(0,0,0)
(0,0,0)
(0,0,0)
(0,0,0)
(0,0,0)
(0,0,0)
(0,0,0)
(0,0,0)
(0,0,0)
(0,0,0)
(0,0,0)
(0,0,0)
(0,0,0)
(0,0,0)
(0,0,0)
(0,0,0)
(0,0,0)
(0,0,0)
(0,0,0)
(0,0,0)
(0,0,0)
(0,0,0)
(0,0,0)
(0,0,0)
(0,0,0)
(0,0,0)
(0,0,0)
(0,0,0)
(0,0,0)
(0,0,0)
(0,0,0)
(0,0,0)
(0,0,0)
(0,0,0)
(0,0,0)
(0,0,0)
(0,0,0)
(0,0,0)
(0,0,0)
(0,0,0)
(0,0,0)
(0,0,0)
(0,0,0)
(0,0,0)
(0,0,0)
(0,0,0)
(0,0,0)
(0,0,0)
(0,0,0)
(0,0,0)
(0,0,0)
(-690636.468345137,16387.1827012666,11238.3009646995)
(-697168.483800997,14779.2497702569,18446.9646822599)
(-709945.273643799,11217.9077071979,16304.5521785244)
(-728227.755825005,5111.92189367412,-3365.83754195561)
(-750248.230851949,-4299.26303137662,-53218.6128400339)
(-772736.27355325,-16610.1947365395,-152465.663432297)
(-789213.644980569,-25413.5241282432,-330094.32005375)
(-781814.992991941,-10842.5095372118,-626604.248604281)
(-689634.806578217,3586.53449661031,-1020191.71124439)
(-432787.413865218,4982.08109801463,-1360186.96583599)
(0,0,0)
(0,0,0)
(0,0,0)
(0,0,0)
(0,0,0)
(0,0,0)
(-700492.958729077,28796.1312694428,9664.83926016311)
(-705488.769935993,25881.126625693,14959.0748909549)
(-714463.212059951,19272.9968312354,10236.0316823821)
(-725012.803253291,7378.79872128133,-12774.0647764796)
(-732536.611112222,-12831.8590990955,-65515.9170255228)
(-731141.624650176,-44817.9902471762,-161225.865805737)
(-720150.08959553,-79830.3273839308,-315443.121509557)
(-715977.737282065,-18349.2594962346,-612157.90881912)
(-649120.629175841,24996.298846633,-1018855.66657723)
(-415100.778965664,19063.0407398399,-1365249.85455628)
(0,0,0)
(0,0,0)
(0,0,0)
(0,0,0)
(0,0,0)
(0,0,0)
(-721058.550744528,31478.084520586,6760.10559612806)
(-723126.82687618,27935.4211328249,8440.07918364725)
(-724764.051894866,19824.3533715111,-1575.27522598819)
(-719512.381732921,4616.53574884515,-32922.6457617516)
(-694294.572567045,-24108.3987816416,-97459.9954482814)
(-628467.09442882,-83614.6223254983,-196178.273645326)
(-516083.809612422,-223496.35989834,-253922.871249586)
(-522184.776843858,30497.9412704773,-568823.646754768)
(-545269.467239911,121455.626788437,-1024878.38418811)
(-374171.792116289,57295.2610960881,-1384413.68789412)
(0,0,0)
(0,0,0)
(0,0,0)
(0,0,0)
(0,0,0)
(0,0,0)
(-753138.713885994,14902.5333381781,3211.99455315763)
(-751501.037427599,11784.4422072529,410.881619265585)
(-743607.473792957,5024.8829244685,-16676.3252235828)
(-717009.832865215,-6466.18752515328,-61561.4284422182)
(-642817.518929278,-23553.3471659363,-156970.956121923)
(-454722.610027999,-39140.2853212514,-336125.225984506)
(2.15328393482289e-05,3.93292303340311e-06,2.11115043246823e-06)
(67.1303877804673,-786.866554378031,-477758.107217216)
(-333610.358784916,476572.574733431,-1089011.64063568)
(-304712.994884886,121928.29371543,-1441685.39479958)
(0,0,0)
(0,0,0)
(0,0,0)
(0,0,0)
(0,0,0)
(0,0,0)
(-796048.973812808,-36625.3259657298,104.366603804226)
(-790945.874203631,-38358.7370210851,-6316.92689705481)
(-774461.866750655,-41421.8631091867,-28139.6795864008)
(-730431.353685351,-44703.5718812487,-78646.3731809627)
(-624846.442896821,-45231.9955421519,-172618.127745093)
(-398973.547274931,-35114.6164219792,-297114.866885137)
(-2.88503901957144e-06,6.02795206107079e-07,4.47029795652223e-06)
(5.01194239588224e-05,2.01756833753008e-06,8.67927175494431e-06)
(407.657588972835,-143.139892516049,-1443501.08264775)
(-223952.105495531,16481.257315256,-1563512.50805465)
(0,0,0)
(0,0,0)
(0,0,0)
(0,0,0)
(0,0,0)
(0,0,0)
(-843930.733261608,-146492.42042045,-1668.47324003776)
(-836472.813600389,-146486.100741433,-9457.48108872125)
(-814483.519817868,-145039.206971683,-31494.9282624416)
(-760290.962519955,-138475.978513675,-79192.5907987358)
(-638606.493353919,-119411.847029193,-162506.118304902)
(-395376.539531473,-75923.3917711954,-262070.492377865)
(4.45821598801461e-07,2.18309052707654e-06,-2.41229424884797e-11)
(3.56842402077334e-05,1.72783726383999e-06,6.81440548639228e-06)
(197.157855570362,9.925338611079,-1426798.2528875)
(-209740.228258611,-49104.4298905218,-1579946.90548603)
(0,0,0)
(0,0,0)
(0,0,0)
(0,0,0)
(0,0,0)
(0,0,0)
(-880253.041546212,-343726.019730167,-1763.72228004394)
(-871985.293814448,-342423.648776731,-8172.87599415919)
(-848534.651007998,-337561.844512027,-25111.129162766)
(-792350.719495891,-322795.471649894,-60249.7862494852)
(-667738.541702239,-283655.293100252,-119085.914725659)
(-417055.7135513,-190152.632007803,-186286.853109618)
(5.52317966039366e-06,4.8627576221771e-06,-2.84893122981228e-11)
(6.31173624468326e-05,2.21890472457409e-06,1.06208714900984e-05)
(-96.3736460455435,-661468.066677524,-1475966.88970479)
(-223033.136340753,-232103.003806436,-1530918.55104059)
(0,0,0)
(0,0,0)
(0,0,0)
(0,0,0)
(0,0,0)
(0,0,0)
(-870004.451912098,-650369.164396232,-600.677106410644)
(-862597.974558621,-649004.13275805,-3467.54348848803)
(-842005.936045346,-644118.732912013,-10534.8847973079)
(-793158.593999568,-629246.056754778,-21299.9673325864)
(-683335.5984542,-586411.283501955,-25770.1762923998)
(-448468.465207793,-456617.364802455,3615.67699942389)
(8.03439662709957e-05,1.19910151118335e-05,3.96060665139514e-06)
(-90.182071785612,-663688.362089723,-661793.07117694)
(-308498.66028904,-568964.774315483,-1046864.72380737)
(-284997.03953343,-299490.615819101,-1299065.504784)
(0,0,0)
(0,0,0)
(0,0,0)
(0,0,0)
(0,0,0)
(0,0,0)
(-754404.079113616,-1043337.88895967,657.857914736776)
(-749152.570254978,-1043147.81229543,1294.05294206841)
(-734872.873581504,-1042349.94759497,4158.47743040926)
(-701903.148425208,-1041280.79057528,21334.6383552523)
(-628627.838431363,-1047843.95057935,103786.525143279)
(-461014.419321735,-1112771.50525859,459952.324107264)
(-159.932650420108,-1511886.69645855,-664260.90821951)
(-316172.541619817,-1054775.44679162,-567493.668670768)
(-403563.465127494,-780278.815360677,-777793.995911303)
(-289843.946599158,-431792.928410466,-999968.374199385)
(0,0,0)
(0,0,0)
(0,0,0)
(0,0,0)
(0,0,0)
(0,0,0)
(-465993.391593738,-1381079.64342432,799.242072262862)
(-463381.845852371,-1381782.92155184,1979.91966498815)
(-456431.651004678,-1383602.4323192,5057.74671834623)
(-441119.436308087,-1388483.1817994,14597.6729893414)
(-409880.173314563,-1402926.65993528,38612.3438224331)
(-351140.061878661,-1441308.7364514,60467.4090874258)
(-260837.560331891,-1501371.61939878,-207599.469045735)
(-297323.335087216,-1293323.8425954,-293421.216861916)
(-292867.964972786,-999433.038939319,-429767.22444113)
(-195544.965685375,-569138.713177099,-568639.800302541)
(0,0,0)
(0,0,0)
(0,0,0)
(0,0,0)
(0,0,0)
(0,0,0)
(0,0,0)
(0,0,0)
(0,0,0)
(0,0,0)
(0,0,0)
(0,0,0)
(0,0,0)
(0,0,0)
(0,0,0)
(0,0,0)
(0,0,0)
(0,0,0)
(0,0,0)
(0,0,0)
(0,0,0)
(0,0,0)
(0,0,0)
(0,0,0)
(0,0,0)
(0,0,0)
(0,0,0)
(0,0,0)
(0,0,0)
(0,0,0)
(0,0,0)
(0,0,0)
(0,0,0)
(0,0,0)
(0,0,0)
(0,0,0)
(0,0,0)
(0,0,0)
(0,0,0)
(0,0,0)
(0,0,0)
(0,0,0)
(0,0,0)
(0,0,0)
(0,0,0)
(0,0,0)
(0,0,0)
(0,0,0)
(0,0,0)
(0,0,0)
(0,0,0)
(0,0,0)
(0,0,0)
(0,0,0)
(0,0,0)
(0,0,0)
(0,0,0)
(0,0,0)
(0,0,0)
(0,0,0)
(0,0,0)
(0,0,0)
(0,0,0)
(0,0,0)
(0,0,0)
(0,0,0)
(0,0,0)
(0,0,0)
(0,0,0)
(0,0,0)
(0,0,0)
(0,0,0)
(0,0,0)
(0,0,0)
(0,0,0)
(0,0,0)
(0,0,0)
(0,0,0)
(0,0,0)
(0,0,0)
(0,0,0)
(0,0,0)
(0,0,0)
(0,0,0)
(0,0,0)
(0,0,0)
(0,0,0)
(0,0,0)
(0,0,0)
(0,0,0)
(0,0,0)
(0,0,0)
(0,0,0)
(0,0,0)
(0,0,0)
(0,0,0)
(0,0,0)
(0,0,0)
(0,0,0)
(0,0,0)
(0,0,0)
(0,0,0)
(-701666.320228509,6382.93087702684,4646.92100633543)
(-704407.341188208,6333.04151687,5552.73687667236)
(-708912.430022728,6606.58174955777,-2086.6884939563)
(-713053.850044053,8277.73748691583,-25538.3317618177)
(-713251.958469607,13374.2490523952,-75908.8531965516)
(-704323.946820797,24935.3803220533,-169256.56025106)
(-679144.522703756,43648.4564036352,-322974.138931505)
(-625105.954234924,55015.2073439479,-534698.385032469)
(-504791.596174308,44107.5682719204,-763649.163708305)
(-291342.313864923,22637.5791310098,-927731.842839598)
(0,0,0)
(0,0,0)
(0,0,0)
(0,0,0)
(0,0,0)
(0,0,0)
(-706868.277124363,8130.21021236452,4628.03905994701)
(-708559.328660307,8134.10288641092,5897.53641472327)
(-710488.845919088,8925.58155149309,-395.829528079306)
(-709546.387898107,12860.8364882113,-20445.3438845594)
(-700642.429829369,25362.6947457179,-64327.9708607364)
(-677780.840252192,57768.0332312202,-150521.408167893)
(-639686.904702472,124200.572193257,-311536.708850583)
(-602414.29970632,175456.530911797,-545541.469994189)
(-494291.673023153,128845.916052217,-785108.773927176)
(-287118.183997886,59964.2860683728,-950418.075832313)
(0,0,0)
(0,0,0)
(0,0,0)
(0,0,0)
(0,0,0)
(0,0,0)
(-716917.136190457,-651.960158839387,4640.75581713055)
(-716604.256589658,-511.834171606161,6764.12258862298)
(-713598.009935676,903.496130434745,3620.16605048906)
(-702234.756205437,7053.69978413473,-7850.32277291758)
(-672216.69608616,27280.9372894337,-31846.4417975201)
(-608512.211833338,90000.4388934445,-84033.7300552219)
(-508123.308652328,292447.445558313,-260241.104380379)
(-567593.563637461,552736.775449081,-592112.56212406)
(-487609.200606528,333090.688263781,-854017.60096899)
(-284483.693497134,126720.917960878,-1010462.33148066)
(0,0,0)
(0,0,0)
(0,0,0)
(0,0,0)
(0,0,0)
(0,0,0)
(-730642.981175028,-27943.6915768381,4795.99870703363)
(-727819.872337703,-27638.837021363,8241.836466892)
(-718399.836843352,-25889.6953116585,9827.39095937775)
(-692576.894586628,-19992.2316351817,12440.3841001102)
(-628264.960580744,-5714.12667884016,30882.8897198597)
(-468691.58924898,16491.8451736507,118360.462660635)
(1.58750222309151e-05,-5.1040361926402e-06,8.74864315254816e-06)
(-658168.205641511,-804.218382126367,-811683.124649602)
(-562414.186007588,810580.366490226,-1060368.97565337)
(-303857.534106171,202680.818208797,-1137184.33668)
(0,0,0)
(0,0,0)
(0,0,0)
(0,0,0)
(0,0,0)
(0,0,0)
(-744695.319135712,-84437.8965175748,5140.55026363231)
(-739620.37453052,-83862.0220509499,10038.2356201132)
(-724551.871312089,-81517.7517177765,15756.2965876657)
(-686675.187494596,-74709.9299701305,26717.8287318624)
(-597743.033625563,-59117.5037403628,53017.7965221195)
(-399496.236453657,-31595.5115204967,101627.842394993)
(-6.32654695304834e-06,-7.3187994489795e-07,-1.50772996125409e-06)
(3.52680673551988e-05,-1.19475378492171e-06,1.45356000233875e-05)
(-1024633.46904965,-399.883629695116,-1668109.5913116)
(-380289.754852487,30659.5129590533,-1339750.63670489)
(0,0,0)
(0,0,0)
(0,0,0)
(0,0,0)
(0,0,0)
(0,0,0)
(-751320.732674726,-182773.076151102,5725.17904664641)
(-744981.813400922,-182006.912220189,12379.0690164276)
(-727053.900957533,-179129.164284394,22560.8627227093)
(-684103.78414487,-170627.868515728,42291.622893222)
(-587296.662262149,-148627.071338422,80491.3593995134)
(-381878.569449084,-97653.8964036716,133051.7742003)
(-6.35234425047714e-07,-4.06311818174056e-07,1.87204630247971e-12)
(2.54655901029914e-05,-3.79433057591329e-06,1.281822876778e-05)
(-970264.472828317,-282.883492429486,-1636883.72454608)
(-383231.137606255,-62409.0359107447,-1370324.26632864)
(0,0,0)
(0,0,0)
(0,0,0)
(0,0,0)
(0,0,0)
(0,0,0)
(-735986.366898296,-333442.031826855,6402.28102784809)
(-729693.756923918,-333024.264437309,15128.0963544342)
(-712486.285201892,-331011.217319737,30961.7835836702)
(-672597.411044225,-323629.034913632,64209.6415299075)
(-584201.859414495,-299312.31580974,131358.203713485)
(-392251.343828792,-221590.387958435,230490.325545735)
(3.00507044455041e-06,9.93012513268955e-07,-2.01633640003125e-12)
(3.46607909153547e-05,5.31112576923115e-06,1.93511131699968e-05)
(-1063508.62854099,-969791.718730121,-1698983.13016357)
(-382394.846339804,-294027.227704548,-1308003.22837071)
(0,0,0)
(0,0,0)
(0,0,0)
(0,0,0)
(0,0,0)
(0,0,0)
(-675331.497544376,-534819.78079562,6704.79460104806)
(-670317.102868141,-535587.692990443,16987.3514637057)
(-657230.943667491,-536977.794308676,38178.9360747891)
(-629004.550773805,-537970.58034102,88366.43827641)
(-571465.129461045,-531708.173091869,208891.826565382)
(-443879.049915823,-469132.01592219,451844.039237167)
(4.77495343627263e-05,2.33680032267161e-05,8.12206960348729e-06)
(-783126.041077123,-979732.020762693,-970179.98082477)
(-561038.194321754,-663995.284977524,-1023436.88054466)
(-283924.088118245,-304331.837773538,-1014205.22189085)
(0,0,0)
(0,0,0)
(0,0,0)
(0,0,0)
(0,0,0)
(0,0,0)
(-540041.965960127,-755023.144049878,5841.25010076511)
(-536913.411565639,-757437.925663179,15452.3240841631)
(-529438.543619751,-763953.498361544,36993.698175276)
(-516803.169171333,-780512.430750139,94435.5693305154)
(-508057.369128522,-829071.436181405,271228.363117211)
(-576789.772256149,-1002822.03360357,920693.73373299)
(-1193166.91754026,-1772472.9389513,-980288.746735693)
(-585410.942593034,-1035892.50796562,-654889.858559539)
(-388729.840819262,-669565.118591833,-664153.649253476)
(-210590.978857626,-337500.016223819,-710238.438544718)
(0,0,0)
(0,0,0)
(0,0,0)
(0,0,0)
(0,0,0)
(0,0,0)
(-309177.571533746,-915227.719766422,3388.75565655496)
(-307742.654319046,-918541.157816664,8852.79627671634)
(-304476.977159048,-927321.610669863,20266.2347394049)
(-299591.947285476,-947471.562330186,45697.8772968467)
(-297465.407991692,-993043.834476102,97255.5102686644)
(-317276.533202018,-1090139.04664767,150708.994636129)
(-397948.856583539,-1240519.13495533,-244133.513108199)
(-292370.455656412,-995979.407097312,-288999.493407318)
(-212379.256303595,-706549.41332681,-332503.907341531)
(-118797.087532095,-373602.674510682,-373149.127207945)
(0,0,0)
(0,0,0)
(0,0,0)
(0,0,0)
(0,0,0)
(0,0,0)
(0,0,0)
(0,0,0)
(0,0,0)
(0,0,0)
(0,0,0)
(0,0,0)
(0,0,0)
(0,0,0)
(0,0,0)
(0,0,0)
(0,0,0)
(0,0,0)
(0,0,0)
(0,0,0)
(0,0,0)
(0,0,0)
(0,0,0)
(0,0,0)
(0,0,0)
(0,0,0)
(0,0,0)
(0,0,0)
(0,0,0)
(0,0,0)
(0,0,0)
(0,0,0)
(0,0,0)
(0,0,0)
(0,0,0)
(0,0,0)
(0,0,0)
(0,0,0)
(0,0,0)
(0,0,0)
(0,0,0)
(0,0,0)
(0,0,0)
(0,0,0)
(0,0,0)
(0,0,0)
(0,0,0)
(0,0,0)
(0,0,0)
(0,0,0)
(0,0,0)
(0,0,0)
(0,0,0)
(0,0,0)
(0,0,0)
(0,0,0)
(0,0,0)
(0,0,0)
(0,0,0)
(0,0,0)
(0,0,0)
(0,0,0)
(0,0,0)
(0,0,0)
(0,0,0)
(0,0,0)
(0,0,0)
(0,0,0)
(0,0,0)
(0,0,0)
(0,0,0)
(0,0,0)
(0,0,0)
(0,0,0)
(0,0,0)
(0,0,0)
(0,0,0)
(0,0,0)
(0,0,0)
(0,0,0)
(0,0,0)
(0,0,0)
(0,0,0)
(0,0,0)
(0,0,0)
(0,0,0)
(0,0,0)
(0,0,0)
(0,0,0)
(0,0,0)
(0,0,0)
(0,0,0)
(0,0,0)
(0,0,0)
(0,0,0)
(0,0,0)
(0,0,0)
(0,0,0)
(0,0,0)
(0,0,0)
(0,0,0)
(0,0,0)
(-704694.309144649,1109.33843112954,1918.65048501539)
(-705674.308927362,2147.34538616879,1038.27283799972)
(-706625.369298053,5015.86926709504,-6264.65715377302)
(-705292.669386503,11763.5899809795,-25789.4277923055)
(-697928.680329994,25939.0754065277,-67051.7813384464)
(-678552.271999191,51419.42606446,-144242.882224516)
(-637335.002466958,83054.2610769786,-269106.663538293)
(-557303.232802982,77661.0636190379,-414570.448589267)
(-423545.694047481,54572.7185341396,-550389.069250237)
(-231935.994294648,26816.6465426875,-636612.035363195)
(0,0,0)
(0,0,0)
(0,0,0)
(0,0,0)
(0,0,0)
(0,0,0)
(-706685.032215087,-2028.80007440213,2954.89359625275)
(-707393.007092827,-19.0857825196138,3955.00319746237)
(-707796.080089332,5765.40391307183,512.70272173182)
(-705796.015628577,20138.6836516154,-11612.7632184355)
(-698447.647117708,53712.6060623276,-41581.0765858938)
(-682242.168070485,126916.532206615,-112616.854909753)
(-650476.736326003,255675.617661368,-274448.379870613)
(-571817.759213848,210230.536764473,-437614.393508506)
(-434714.799123281,135512.114893513,-578130.663767755)
(-237519.083907604,62572.3802885782,-663485.497603932)
(0,0,0)
(0,0,0)
(0,0,0)
(0,0,0)
(0,0,0)
(0,0,0)
(-709515.08853007,-14403.0639821896,4972.21624740053)
(-709687.884344135,-11762.1139308956,9798.87215025298)
(-709065.899183568,-3932.65695939226,14964.8222706142)
(-705849.864104269,16671.6251873465,22046.9886337186)
(-699243.610607869,71132.2330783508,31654.2761394062)
(-695755.223966209,229659.293997524,16154.5264813672)
(-716816.25241098,800372.51626963,-319849.428368236)
(-626956.951282073,462042.381211492,-512297.885170639)
(-471526.964166425,258212.169901284,-651080.176618516)
(-254131.795693549,107300.027407575,-726159.721541098)
(0,0,0)
(0,0,0)
(0,0,0)
(0,0,0)
(0,0,0)
(0,0,0)
(-710747.665429087,-41925.482664241,7627.10293611235)
(-710259.790048456,-39380.7798040884,17685.6865200663)
(-708204.597377397,-32048.4363326707,35606.2264273932)
(-702735.598494066,-14136.0707540178,76572.6262761874)
(-695449.083272775,24672.960237207,190216.021809358)
(-721141.690263292,85445.1026088863,586880.314212304)
(-1063695.03844369,-617.743815986701,-658100.203142835)
(-795271.553781258,657156.777216984,-716111.251008582)
(-566533.755722369,348251.24117782,-802030.752570346)
(-291264.726928112,126204.594969078,-833528.127309892)
(0,0,0)
(0,0,0)
(0,0,0)
(0,0,0)
(0,0,0)
(0,0,0)
(-705790.77739363,-91006.3674492186,10176.3430429011)
(-704702.92214964,-89181.5498372331,25059.6606951629)
(-701019.178231147,-84059.8861361899,53538.4174177339)
(-690455.702900463,-72221.2006858948,115404.062755471)
(-659865.820329899,-48779.6860523816,250979.495749404)
(-549737.146812856,-14106.2397387957,500771.74845628)
(2.51543911897687e-05,-1.13695721252223e-05,-2.28164050021074e-05)
(-1050896.75424741,-322.489917431442,-1024860.1869733)
(-731096.302068401,53848.381746081,-1023994.49452281)
(-346082.523521228,27682.5978195552,-959679.728704539)
(0,0,0)
(0,0,0)
(0,0,0)
(0,0,0)
(0,0,0)
(0,0,0)
(-687007.713763482,-167316.158727542,11996.7723670765)
(-685749.416499357,-166614.299992076,30197.1256203547)
(-681787.910643467,-164510.136904783,65381.386074885)
(-670649.407517677,-159131.74236678,138837.551128577)
(-637262.436791639,-145566.444761583,285590.084367267)
(-516938.686826544,-108067.415350943,514611.377356871)
(2.05297427722201e-05,-1.95673019602501e-05,-1.58359295071305e-05)
(-987867.601829238,-101.708850907401,-970464.988757609)
(-743261.527390502,-93555.1858259533,-1050064.36662338)
(-356709.706870725,-61572.4285307575,-987330.771008599)
(0,0,0)
(0,0,0)
(0,0,0)
(0,0,0)
(0,0,0)
(0,0,0)
(-643203.127868848,-272701.887288732,12602.4895317338)
(-642321.447849551,-273570.113863743,32185.9943290296)
(-639809.896512575,-275697.438657364,70696.9073922946)
(-633364.379622395,-280037.694017387,152369.827621066)
(-613822.704731687,-286580.119471925,323004.347648596)
(-526623.43466729,-273181.547194196,622490.570330356)
(2.77971003888063e-05,-2.72904153474894e-05,-2.03757399741566e-05)
(-1088311.97872879,-783064.865389752,-1063820.29503364)
(-735504.080427384,-467282.50532123,-1018097.52365196)
(-340680.004896956,-195527.984260183,-925856.809365388)
(0,0,0)
(0,0,0)
(0,0,0)
(0,0,0)
(0,0,0)
(0,0,0)
(-560140.258798035,-399543.903345852,11650.7773107754)
(-559975.255443269,-402188.645194076,29927.4612162381)
(-560053.865662745,-409172.7128504,66225.6574045215)
(-562787.803909767,-425732.526430654,145703.742953751)
(-580365.921162833,-468230.44380641,336254.858990029)
(-674429.066273503,-601917.214577965,895540.542731491)
(-1218466.01551781,-1192978.53563017,-783314.114238892)
(-819315.849177406,-781956.887592779,-748232.283935581)
(-538384.665878061,-491653.109190291,-746515.208510206)
(-264487.384597761,-230973.894649798,-730506.001641085)
(0,0,0)
(0,0,0)
(0,0,0)
(0,0,0)
(0,0,0)
(0,0,0)
(-424401.43193027,-524144.602787479,8960.1654117728)
(-424744.675954939,-528237.377954903,22840.1625618978)
(-426321.533807391,-538959.455653389,49509.8955525329)
(-432823.275739737,-563245.024938352,103042.500628641)
(-457224.611474469,-618377.10548003,202356.404648208)
(-537406.232441969,-743177.244896159,304232.895152224)
(-732146.363422026,-977145.774243733,-372620.420352435)
(-538891.914886259,-742809.021493377,-458287.314158623)
(-359276.732823205,-493210.474042429,-486183.057302537)
(-182204.075185101,-245702.120908331,-499841.734716517)
(0,0,0)
(0,0,0)
(0,0,0)
(0,0,0)
(0,0,0)
(0,0,0)
(-232078.216187666,-606054.502846942,4810.5447133839)
(-232409.595045674,-610801.498187742,12041.6056728492)
(-233621.753773698,-622835.926108807,25062.852742911)
(-237700.015723413,-647812.050868266,47737.9471107632)
(-250046.07069058,-695431.57366291,77373.0779925377)
(-280379.472810876,-772701.075922692,69999.848627932)
(-324013.872563221,-842468.031339464,-138612.878296666)
(-261198.798020082,-703534.116671658,-209059.440754717)
(-181511.304083943,-494130.581002499,-239007.286014302)
(-94270.227182107,-254792.190244286,-254444.07702834)
(0,0,0)
(0,0,0)
(0,0,0)
(0,0,0)
(0,0,0)
(0,0,0)
(0,0,0)
(0,0,0)
(0,0,0)
(0,0,0)
(0,0,0)
(0,0,0)
(0,0,0)
(0,0,0)
(0,0,0)
(0,0,0)
(0,0,0)
(0,0,0)
(0,0,0)
(0,0,0)
(0,0,0)
(0,0,0)
(0,0,0)
(0,0,0)
(0,0,0)
(0,0,0)
(0,0,0)
(0,0,0)
(0,0,0)
(0,0,0)
(0,0,0)
(0,0,0)
(0,0,0)
(0,0,0)
(0,0,0)
(0,0,0)
(0,0,0)
(0,0,0)
(0,0,0)
(0,0,0)
(0,0,0)
(0,0,0)
(0,0,0)
(0,0,0)
(0,0,0)
(0,0,0)
(0,0,0)
(0,0,0)
(0,0,0)
(0,0,0)
(0,0,0)
(0,0,0)
(0,0,0)
(0,0,0)
(0,0,0)
(0,0,0)
(0,0,0)
(0,0,0)
(0,0,0)
(0,0,0)
(0,0,0)
(0,0,0)
(0,0,0)
(0,0,0)
(0,0,0)
(0,0,0)
(0,0,0)
(0,0,0)
(0,0,0)
(0,0,0)
(0,0,0)
(0,0,0)
(0,0,0)
(0,0,0)
(0,0,0)
(0,0,0)
(0,0,0)
(0,0,0)
(0,0,0)
(0,0,0)
(0,0,0)
(0,0,0)
(0,0,0)
(0,0,0)
(0,0,0)
(0,0,0)
(0,0,0)
(0,0,0)
(0,0,0)
(0,0,0)
(0,0,0)
(0,0,0)
(0,0,0)
(0,0,0)
(0,0,0)
(0,0,0)
(0,0,0)
(0,0,0)
(0,0,0)
(0,0,0)
(0,0,0)
(0,0,0)
(-704800.132477552,-830.559266542958,936.382599440827)
(-705326.477374371,468.241793844867,120.30925260462)
(-705476.42299888,3894.14200716305,-4922.77905372408)
(-703062.910024108,11292.7391565981,-18445.2775727239)
(-694026.203413835,25431.7423488494,-47779.4968377343)
(-670901.696711332,47748.1018269311,-103178.173952518)
(-621248.661821377,69928.1491328485,-189192.663730946)
(-528731.218282518,63149.3132074283,-280913.991458833)
(-388941.005887962,43394.1118107715,-358912.791429125)
(-207213.484841258,21217.9211838626,-404853.222066377)
(0,0,0)
(0,0,0)
(0,0,0)
(0,0,0)
(0,0,0)
(0,0,0)
(-704918.347366939,-4838.56481035858,2241.32069566824)
(-705895.40765651,-2353.77683562153,3565.73988881189)
(-707288.693780951,4463.21846510674,2489.27712248898)
(-707754.251515573,20065.0123322876,-4324.76016620101)
(-704747.872838259,52897.1265171955,-25489.9186139962)
(-692346.325587275,113375.134534894,-81012.7938051722)
(-654934.447103599,189309.848196291,-195936.782091017)
(-558991.867487926,155061.581201335,-300674.941810855)
(-409586.209118253,98700.0757859465,-381109.495791051)
(-217254.854147334,45976.9278900383,-426132.732257499)
(0,0,0)
(0,0,0)
(0,0,0)
(0,0,0)
(0,0,0)
(0,0,0)
(-703573.833822795,-15542.98994902,4763.17043138583)
(-705394.337153975,-12289.6747129997,10405.5211186043)
(-709273.242701775,-3048.28412225645,18124.3672241726)
(-715987.479348435,19784.8794069343,28542.115393688)
(-727684.956179241,74887.6753224601,34992.9121597925)
(-746521.356122517,204214.24076582,-5080.06191482531)
(-755872.008513963,453421.689169592,-230136.146785142)
(-638670.489050565,293672.723196127,-357033.751011451)
(-459178.410112123,163178.762271168,-433860.991550973)
(-240011.954543005,70181.7951179712,-472185.699929445)
(0,0,0)
(0,0,0)
(0,0,0)
(0,0,0)
(0,0,0)
(0,0,0)
(-697553.734327329,-36790.2625972593,8053.34154648218)
(-700499.641923032,-33680.268942885,19683.7876509382)
(-707799.462713734,-24751.168895482,40981.5377604983)
(-723855.987205772,-1809.9491176972,83696.7549968448)
(-761398.548075901,60196.2113276231,164337.683794806)
(-853419.544880552,256698.110381578,244131.668796318)
(-1039137.39219656,1062822.02539057,-389826.313671804)
(-805261.331468371,401395.021074501,-487558.833863059)
(-547605.636316619,183642.661141669,-526950.852139317)
(-276977.731873568,71389.463891596,-542445.515967488)
(0,0,0)
(0,0,0)
(0,0,0)
(0,0,0)
(0,0,0)
(0,0,0)
(-681706.315589673,-72065.0338177755,11190.3094165564)
(-685756.018023882,-70100.2043811033,28663.3407290177)
(-696355.649288025,-64727.5304820767,63976.1733724961)
(-721678.645229579,-52377.4245150545,145766.59109897)
(-788562.275343532,-26208.2342583788,360867.491698605)
(-1000949.53695563,18524.6790856909,1050253.31313726)
(-1847103.62362601,-517.379270517277,-1051136.78109058)
(-1057877.90820581,62509.1452234735,-705269.751281138)
(-655153.842916522,41631.8665603019,-639201.415851653)
(-317102.8317062,17053.4574005665,-613845.10117566)
(0,0,0)
(0,0,0)
(0,0,0)
(0,0,0)
(0,0,0)
(0,0,0)
(-648896.939077132,-123344.483066944,13168.6745628216)
(-653692.555576171,-123040.088812596,34051.6980711268)
(-666411.329802166,-122421.3387516,76368.92549935)
(-696822.010420758,-121802.524256881,171966.628144257)
(-775002.26502243,-122085.000147947,405583.222264611)
(-1006249.00244114,-117730.33373062,1031148.55069552)
(-1808376.01109648,24.5323258830204,-988016.389545368)
(-1086735.60557114,-100571.941492396,-726067.299087576)
(-678160.807343036,-85782.9291101652,-663753.223464597)
(-326955.774389185,-45532.4728154034,-630921.225730165)
(0,0,0)
(0,0,0)
(0,0,0)
(0,0,0)
(0,0,0)
(0,0,0)
(-590464.641456605,-189481.73595678,13398.7664775962)
(-595462.291931271,-191076.802390632,34576.3241373555)
(-608772.506733023,-195849.804847022,76967.4004532228)
(-640428.846551802,-209450.887872132,171680.230997887)
(-721053.970228291,-253070.328836509,409896.82518305)
(-962437.135421195,-420856.641851768,1148836.83405811)
(-1880719.42349591,-1218254.29576229,-1088563.48008047)
(-1052233.21308333,-513984.488320889,-711229.698897443)
(-638865.476244618,-270124.167837461,-623527.064352921)
(-304934.983106409,-119311.372117569,-585493.186841298)
(0,0,0)
(0,0,0)
(0,0,0)
(0,0,0)
(0,0,0)
(0,0,0)
(-497662.052121652,-263708.286221771,11748.3435886082)
(-502199.232495215,-266842.063158796,29737.5814087164)
(-514117.141168408,-275356.95881361,63308.0108809695)
(-541194.998815424,-295707.409558261,127971.727472755)
(-602495.769418363,-344981.916705755,242013.163597532)
(-739895.296407835,-464723.541494663,351346.293374751)
(-994531.474150675,-706478.603411849,-384363.940342818)
(-748745.541403988,-501449.09816395,-467469.638273179)
(-490600.137860054,-312516.361859914,-472861.972268744)
(-241662.993568225,-148660.693307121,-466337.042108718)
(0,0,0)
(0,0,0)
(0,0,0)
(0,0,0)
(0,0,0)
(0,0,0)
(-364950.772248031,-331759.20485915,8600.25895514243)
(-368383.26826732,-335811.788148391,21208.5762571177)
(-377189.0915825,-346172.300525024,42891.475743642)
(-396171.445908148,-368040.320683851,78572.5570376396)
(-434649.676884145,-411106.712279117,122122.418020675)
(-503402.614552719,-486040.645637103,109435.904273863)
(-580760.100135021,-568935.422056704,-179493.540368299)
(-475984.872824046,-465094.425761695,-278755.254832762)
(-325797.509856133,-315474.431596156,-309276.408063584)
(-164461.268585799,-157783.709473408,-317896.198496601)
(0,0,0)
(0,0,0)
(0,0,0)
(0,0,0)
(0,0,0)
(0,0,0)
(-194429.124221157,-373885.310475545,4477.01364988572)
(-196269.711922518,-378268.04461891,10793.3869972464)
(-200851.86761657,-389059.879535597,20911.0798506916)
(-210245.672096931,-409936.686005551,35353.1015459065)
(-227612.611031354,-445205.684704002,47018.6143115629)
(-253628.898326582,-492121.44131542,26348.8355055792)
(-272418.051775443,-518319.613092994,-75862.7942459042)
(-230520.067797129,-442246.791949214,-129389.158281336)
(-161943.413638883,-312607.334502866,-151824.145819685)
(-83043.0453973038,-160534.175435733,-160300.861642163)
(0,0,0)
(0,0,0)
(0,0,0)
(0,0,0)
(0,0,0)
(0,0,0)
(0,0,0)
(0,0,0)
(0,0,0)
(0,0,0)
(0,0,0)
(0,0,0)
(0,0,0)
(0,0,0)
(0,0,0)
(0,0,0)
(0,0,0)
(0,0,0)
(0,0,0)
(0,0,0)
(0,0,0)
(0,0,0)
(0,0,0)
(0,0,0)
(0,0,0)
(0,0,0)
(0,0,0)
(0,0,0)
(0,0,0)
(0,0,0)
(0,0,0)
(0,0,0)
(0,0,0)
(0,0,0)
(0,0,0)
(0,0,0)
(0,0,0)
(0,0,0)
(0,0,0)
(0,0,0)
(0,0,0)
(0,0,0)
(0,0,0)
(0,0,0)
(0,0,0)
(0,0,0)
(0,0,0)
(0,0,0)
(0,0,0)
(0,0,0)
(0,0,0)
(0,0,0)
(0,0,0)
(0,0,0)
(0,0,0)
(0,0,0)
(0,0,0)
(0,0,0)
(0,0,0)
(0,0,0)
(0,0,0)
(0,0,0)
(0,0,0)
(0,0,0)
(0,0,0)
(0,0,0)
(0,0,0)
(0,0,0)
(0,0,0)
(0,0,0)
(0,0,0)
(0,0,0)
(0,0,0)
(0,0,0)
(0,0,0)
(0,0,0)
(0,0,0)
(0,0,0)
(0,0,0)
(0,0,0)
(0,0,0)
(0,0,0)
(0,0,0)
(0,0,0)
(0,0,0)
(0,0,0)
(0,0,0)
(0,0,0)
(0,0,0)
(0,0,0)
(0,0,0)
(0,0,0)
(0,0,0)
(0,0,0)
(0,0,0)
(0,0,0)
(0,0,0)
(0,0,0)
(0,0,0)
(0,0,0)
(0,0,0)
(0,0,0)
(-704418.914732317,-818.713777043896,437.49603180839)
(-704949.307175961,10.7370970612774,49.5887363447135)
(-705154.315642418,2192.39251582361,-2464.91113594273)
(-702787.7368986,6689.06246625121,-9429.14672770171)
(-693368.523001883,14751.696129513,-24838.5232691612)
(-668332.070941542,26336.207841558,-53744.3568805112)
(-614361.342141446,36270.6838556227,-96902.3604160708)
(-517218.058368045,32939.2352148727,-141354.755545421)
(-375647.727287518,22787.4053029877,-177435.439448849)
(-198013.740828122,11209.3679745295,-197844.55143652)
(0,0,0)
(0,0,0)
(0,0,0)
(0,0,0)
(0,0,0)
(0,0,0)
(-703713.043404109,-3328.81904892321,1304.80130905241)
(-705085.87462166,-1741.23762287214,2247.24299413751)
(-707446.576341581,2551.2382077734,2046.27986281829)
(-709544.407918848,11889.2618458664,-1363.76311352733)
(-708135.350760598,30012.6109369736,-13237.1999986507)
(-694692.788462616,59241.2330018585,-43795.7622836061)
(-650649.050021965,88404.1835874236,-100214.659097037)
(-550188.812981832,75442.8791057929,-151521.357494051)
(-398460.266308697,49164.2450144224,-189024.14001504)
(-209255.878199638,23266.7080179358,-209080.456006138)
(0,0,0)
(0,0,0)
(0,0,0)
(0,0,0)
(0,0,0)
(0,0,0)
(-700482.238176926,-9368.85386009603,2948.43916530292)
(-703445.416672644,-7287.12785724481,6545.40891834779)
(-710051.617539192,-1510.51274160312,11385.5347051415)
(-721450.202362842,11969.2432873784,16768.27627804)
(-738141.63486032,41215.1775926164,16022.388303483)
(-753977.053981237,97329.0342295424,-14609.7150654817)
(-739109.871692921,170173.044739285,-113140.713038386)
(-625713.745836063,127137.631059154,-177792.208206244)
(-447692.706000083,74811.7987574993,-214925.466061367)
(-232573.308634027,33268.7231365789,-232366.127088988)
(0,0,0)
(0,0,0)
(0,0,0)
(0,0,0)
(0,0,0)
(0,0,0)
(-691206.984449873,-20794.975733394,5079.37199584072)
(-696247.658296656,-18807.661884082,12347.9223963029)
(-708612.241383792,-13215.554212526,24865.7425372862)
(-733472.378296778,432.35103774259,46019.0258779246)
(-779380.117447601,33070.4826870898,72145.2901551495)
(-851355.742901263,109167.191569402,58243.3308360011)
(-909383.933172816,254815.498482413,-156152.581930863)
(-752977.773110121,148838.931982667,-230137.441212623)
(-522617.169609689,76211.9372920053,-256526.046454072)
(-265914.801704122,31350.3765347106,-265670.630021645)
(0,0,0)
(0,0,0)
(0,0,0)
(0,0,0)
(0,0,0)
(0,0,0)
(-670534.392486299,-39067.8652962224,7100.96645945453)
(-677585.399846948,-37869.8332384175,17992.5196368571)
(-695508.416955789,-34637.4358383773,38567.1689304767)
(-733980.856745608,-27412.8300758083,78714.5615600532)
(-812514.020827827,-12565.0287476588,148301.818479095)
(-960630.164417935,13210.214276846,203939.423233963)
(-1164360.15479473,38106.7510452906,-262095.298160201)
(-902026.024326611,33662.4920374813,-302770.742094192)
(-599034.644125745,18723.1125862061,-301401.116179169)
(-297387.820904226,7273.3467519166,-297039.09719834)
(0,0,0)
(0,0,0)
(0,0,0)
(0,0,0)
(0,0,0)
(0,0,0)
(-631554.579037539,-64719.3299861865,8309.10465037037)
(-639819.649482448,-64659.0191034962,21225.3844217241)
(-660963.586039885,-64683.6683021007,45823.8731231604)
(-706651.005981595,-65352.6793467927,93592.7179549823)
(-800025.847089708,-68052.9969476283,174104.268222229)
(-973916.860079957,-73865.9889520067,228848.329089898)
(-1202578.05424789,-72306.3902829699,-266536.486430435)
(-935847.672829947,-66027.6105341086,-317734.316600035)
(-617903.498814819,-46405.1605739727,-312863.351968079)
(-304739.184364824,-23463.0150201071,-304343.580220422)
(0,0,0)
(0,0,0)
(0,0,0)
(0,0,0)
(0,0,0)
(0,0,0)
(-566980.517662181,-96540.5650852105,8337.11130459807)
(-575248.851980394,-97696.5789800241,21161.2312302492)
(-596329.360735046,-101113.009099491,45147.4260296634)
(-641349.211355397,-110163.971100238,90879.0825867042)
(-732073.669419866,-134432.308520231,168278.093350881)
(-900180.982350237,-198228.677062792,230384.6283907)
(-1130410.80470211,-331978.573040805,-260251.807645226)
(-869985.304021957,-210415.150700681,-298112.176540029)
(-571644.515599097,-121793.173719294,-289945.124040226)
(-281363.956618465,-56014.1611442266,-280965.004404053)
(0,0,0)
(0,0,0)
(0,0,0)
(0,0,0)
(0,0,0)
(0,0,0)
(-470524.234096176,-130844.584408354,7166.20129766726)
(-477616.424947915,-132866.644356887,17753.4591272332)
(-495289.896394063,-138277.641953966,36090.8472073664)
(-531294.039336322,-150542.21774912,66568.1343771456)
(-597796.591285971,-177013.307580257,104449.955304786)
(-702119.858333213,-228132.558247536,96578.398414908)
(-798588.388524685,-292617.189979521,-138726.070272364)
(-659724.416232968,-228630.785207266,-209531.560936785)
(-449990.712042312,-147687.213335091,-224246.947138739)
(-225417.496438789,-71456.710656873,-225049.894755524)
(0,0,0)
(0,0,0)
(0,0,0)
(0,0,0)
(0,0,0)
(0,0,0)
(-339856.849026154,-161080.1560172,5141.64838696457)
(-344930.809855726,-163543.292807916,12365.8384264017)
(-357219.402681258,-169685.453479588,23803.9610507792)
(-380956.669263965,-181976.233275471,40023.1999329457)
(-420941.640194713,-203961.63097286,53263.4866361174)
(-474107.502677633,-236168.307303108,32004.1238166043)
(-506053.277946178,-260509.123498935,-74810.7648528212)
(-431156.333799827,-219593.578304102,-128676.510780205)
(-302356.81238811,-151648.368644944,-148156.052938376)
(-153965.100093722,-76399.2183843766,-153709.71370295)
(0,0,0)
(0,0,0)
(0,0,0)
(0,0,0)
(0,0,0)
(0,0,0)
(-178956.881197055,-179194.466015901,2642.06697459911)
(-181587.429671214,-181790.377241614,6206.8691569951)
(-187776.059056087,-188015.855034859,11461.4621517815)
(-199212.302841187,-199496.933286474,17948.7929070407)
(-217156.732338693,-217421.544326825,20952.8275683453)
(-238088.161622819,-238296.364109022,7540.14767049815)
(-245642.338467837,-245739.851252754,-34004.8378832892)
(-211621.531937875,-211648.247273746,-60848.7047729008)
(-150712.901082519,-150695.741437285,-73031.8445369219)
(-77536.2752572515,-77533.2432921718,-77404.5897691798)
(0,0,0)
(0,0,0)
(0,0,0)
(0,0,0)
(0,0,0)
(0,0,0)
(0,0,0)
(0,0,0)
(0,0,0)
(0,0,0)
(0,0,0)
(0,0,0)
(0,0,0)
(0,0,0)
(0,0,0)
(0,0,0)
(0,0,0)
(0,0,0)
(0,0,0)
(0,0,0)
(0,0,0)
(0,0,0)
(0,0,0)
(0,0,0)
(0,0,0)
(0,0,0)
(0,0,0)
(0,0,0)
(0,0,0)
(0,0,0)
(0,0,0)
(0,0,0)
(0,0,0)
(0,0,0)
(0,0,0)
(0,0,0)
(0,0,0)
(0,0,0)
(0,0,0)
(0,0,0)
(0,0,0)
(0,0,0)
(0,0,0)
(0,0,0)
(0,0,0)
(0,0,0)
(0,0,0)
(0,0,0)
(0,0,0)
(0,0,0)
(0,0,0)
(0,0,0)
(0,0,0)
(0,0,0)
(0,0,0)
(0,0,0)
(0,0,0)
(0,0,0)
(0,0,0)
(0,0,0)
(0,0,0)
(0,0,0)
(0,0,0)
(0,0,0)
(0,0,0)
(0,0,0)
(0,0,0)
(0,0,0)
(0,0,0)
(0,0,0)
(0,0,0)
(0,0,0)
(0,0,0)
(0,0,0)
(0,0,0)
(0,0,0)
(0,0,0)
(0,0,0)
(0,0,0)
(0,0,0)
(0,0,0)
(0,0,0)
(0,0,0)
(0,0,0)
(0,0,0)
(0,0,0)
(0,0,0)
(0,0,0)
(0,0,0)
(0,0,0)
(0,0,0)
(0,0,0)
(0,0,0)
(0,0,0)
(0,0,0)
(0,0,0)
(0,0,0)
(0,0,0)
(0,0,0)
(0,0,0)
(0,0,0)
(0,0,0)
(0,0,0)
(0,0,0)
(0,0,0)
(0,0,0)
(0,0,0)
(0,0,0)
(0,0,0)
(0,0,0)
(0,0,0)
(0,0,0)
(0,0,0)
(0,0,0)
(0,0,0)
(0,0,0)
(0,0,0)
(0,0,0)
(0,0,0)
(0,0,0)
(0,0,0)
(0,0,0)
(0,0,0)
(0,0,0)
(0,0,0)
(0,0,0)
(0,0,0)
(0,0,0)
(0,0,0)
(0,0,0)
(0,0,0)
(0,0,0)
(0,0,0)
(0,0,0)
(0,0,0)
(0,0,0)
(0,0,0)
(0,0,0)
(0,0,0)
(0,0,0)
(0,0,0)
(0,0,0)
(0,0,0)
(0,0,0)
(0,0,0)
(0,0,0)
(0,0,0)
(0,0,0)
(0,0,0)
(0,0,0)
(0,0,0)
(0,0,0)
(0,0,0)
(0,0,0)
(0,0,0)
(0,0,0)
(0,0,0)
(0,0,0)
(0,0,0)
(0,0,0)
(0,0,0)
(0,0,0)
(0,0,0)
(0,0,0)
(0,0,0)
(0,0,0)
(0,0,0)
(0,0,0)
(0,0,0)
(0,0,0)
(0,0,0)
(0,0,0)
(0,0,0)
(0,0,0)
(0,0,0)
(0,0,0)
(0,0,0)
(0,0,0)
(0,0,0)
(0,0,0)
(0,0,0)
(0,0,0)
(0,0,0)
(0,0,0)
(0,0,0)
(0,0,0)
(0,0,0)
(0,0,0)
(0,0,0)
(0,0,0)
(0,0,0)
(0,0,0)
(0,0,0)
(0,0,0)
(0,0,0)
(0,0,0)
(0,0,0)
(0,0,0)
(0,0,0)
(0,0,0)
(0,0,0)
(0,0,0)
(0,0,0)
(0,0,0)
(0,0,0)
(0,0,0)
(0,0,0)
(0,0,0)
(0,0,0)
(0,0,0)
(0,0,0)
(0,0,0)
(0,0,0)
(0,0,0)
(0,0,0)
(0,0,0)
(0,0,0)
(0,0,0)
(0,0,0)
(0,0,0)
(0,0,0)
(0,0,0)
(0,0,0)
(0,0,0)
(0,0,0)
(0,0,0)
(0,0,0)
(0,0,0)
(0,0,0)
(0,0,0)
(0,0,0)
(0,0,0)
(0,0,0)
(0,0,0)
(0,0,0)
(0,0,0)
(0,0,0)
(0,0,0)
(0,0,0)
(0,0,0)
(0,0,0)
(0,0,0)
(0,0,0)
(0,0,0)
(0,0,0)
(0,0,0)
(0,0,0)
(0,0,0)
(0,0,0)
(0,0,0)
(0,0,0)
(0,0,0)
(0,0,0)
(0,0,0)
(0,0,0)
(0,0,0)
(0,0,0)
(0,0,0)
(0,0,0)
(0,0,0)
(0,0,0)
(0,0,0)
(0,0,0)
(0,0,0)
(0,0,0)
(0,0,0)
(0,0,0)
(0,0,0)
(0,0,0)
(0,0,0)
(0,0,0)
(0,0,0)
(0,0,0)
(0,0,0)
(0,0,0)
(0,0,0)
(0,0,0)
(0,0,0)
(0,0,0)
(0,0,0)
(0,0,0)
(0,0,0)
(0,0,0)
(0,0,0)
(0,0,0)
(0,0,0)
(0,0,0)
(0,0,0)
(0,0,0)
(0,0,0)
(0,0,0)
(0,0,0)
(0,0,0)
(0,0,0)
(0,0,0)
(0,0,0)
(0,0,0)
(0,0,0)
(0,0,0)
(0,0,0)
(0,0,0)
(0,0,0)
(0,0,0)
(0,0,0)
(0,0,0)
(0,0,0)
(0,0,0)
(0,0,0)
(0,0,0)
(0,0,0)
(0,0,0)
(0,0,0)
(0,0,0)
(0,0,0)
(0,0,0)
(0,0,0)
(0,0,0)
(0,0,0)
(0,0,0)
(0,0,0)
(0,0,0)
(0,0,0)
(0,0,0)
(0,0,0)
(0,0,0)
(0,0,0)
(0,0,0)
(0,0,0)
(0,0,0)
(0,0,0)
(0,0,0)
(0,0,0)
(0,0,0)
(0,0,0)
(0,0,0)
(0,0,0)
(0,0,0)
(0,0,0)
(0,0,0)
(0,0,0)
(0,0,0)
(0,0,0)
(0,0,0)
(0,0,0)
(0,0,0)
(0,0,0)
(0,0,0)
(0,0,0)
(0,0,0)
(0,0,0)
(0,0,0)
(0,0,0)
(0,0,0)
(0,0,0)
(0,0,0)
(0,0,0)
(0,0,0)
(0,0,0)
(0,0,0)
(0,0,0)
(0,0,0)
(0,0,0)
(0,0,0)
(0,0,0)
(0,0,0)
(0,0,0)
(0,0,0)
(0,0,0)
(0,0,0)
(0,0,0)
(0,0,0)
(0,0,0)
(0,0,0)
(0,0,0)
(0,0,0)
(0,0,0)
(0,0,0)
(0,0,0)
(0,0,0)
(0,0,0)
(0,0,0)
(0,0,0)
(0,0,0)
(0,0,0)
(0,0,0)
(0,0,0)
(0,0,0)
(0,0,0)
(0,0,0)
(0,0,0)
(0,0,0)
(0,0,0)
(0,0,0)
(0,0,0)
(0,0,0)
(0,0,0)
(0,0,0)
(0,0,0)
(0,0,0)
(0,0,0)
(0,0,0)
(0,0,0)
(0,0,0)
(0,0,0)
(0,0,0)
(0,0,0)
(0,0,0)
(0,0,0)
(0,0,0)
(0,0,0)
(0,0,0)
(0,0,0)
(0,0,0)
(0,0,0)
(0,0,0)
(0,0,0)
(0,0,0)
(0,0,0)
(0,0,0)
(0,0,0)
(0,0,0)
(0,0,0)
(0,0,0)
(0,0,0)
(0,0,0)
(0,0,0)
(0,0,0)
(0,0,0)
(0,0,0)
(0,0,0)
(0,0,0)
(0,0,0)
(0,0,0)
(0,0,0)
(0,0,0)
(0,0,0)
(0,0,0)
(0,0,0)
(0,0,0)
(0,0,0)
(0,0,0)
(0,0,0)
(0,0,0)
(0,0,0)
(0,0,0)
(0,0,0)
(0,0,0)
(0,0,0)
(0,0,0)
(0,0,0)
(0,0,0)
(0,0,0)
(0,0,0)
(0,0,0)
(0,0,0)
(0,0,0)
(0,0,0)
(0,0,0)
(0,0,0)
(0,0,0)
(0,0,0)
(0,0,0)
(0,0,0)
(0,0,0)
(0,0,0)
(0,0,0)
(0,0,0)
(0,0,0)
(0,0,0)
(0,0,0)
(0,0,0)
(0,0,0)
(0,0,0)
(0,0,0)
(0,0,0)
(0,0,0)
(0,0,0)
(0,0,0)
(0,0,0)
(0,0,0)
(0,0,0)
(0,0,0)
(0,0,0)
(0,0,0)
(0,0,0)
(0,0,0)
(0,0,0)
(0,0,0)
(0,0,0)
(0,0,0)
(0,0,0)
(0,0,0)
(0,0,0)
(0,0,0)
(0,0,0)
(0,0,0)
(0,0,0)
(0,0,0)
(0,0,0)
(0,0,0)
(0,0,0)
(0,0,0)
(0,0,0)
(0,0,0)
(0,0,0)
(0,0,0)
(0,0,0)
(0,0,0)
(0,0,0)
(0,0,0)
(0,0,0)
(0,0,0)
(0,0,0)
(0,0,0)
(0,0,0)
(0,0,0)
(0,0,0)
(0,0,0)
(0,0,0)
(0,0,0)
(0,0,0)
(0,0,0)
(0,0,0)
(0,0,0)
(0,0,0)
(0,0,0)
(0,0,0)
(0,0,0)
(0,0,0)
(0,0,0)
(0,0,0)
(0,0,0)
(0,0,0)
(0,0,0)
(0,0,0)
(0,0,0)
(0,0,0)
(0,0,0)
(0,0,0)
(0,0,0)
(0,0,0)
(0,0,0)
(0,0,0)
(0,0,0)
(0,0,0)
(0,0,0)
(0,0,0)
(0,0,0)
(0,0,0)
(0,0,0)
(0,0,0)
(0,0,0)
(0,0,0)
(0,0,0)
(0,0,0)
(0,0,0)
(0,0,0)
(0,0,0)
(0,0,0)
(0,0,0)
(0,0,0)
(0,0,0)
(0,0,0)
(0,0,0)
(0,0,0)
(0,0,0)
(0,0,0)
(0,0,0)
(0,0,0)
(0,0,0)
(0,0,0)
(0,0,0)
(0,0,0)
(0,0,0)
(0,0,0)
(0,0,0)
(0,0,0)
(0,0,0)
(0,0,0)
(0,0,0)
(0,0,0)
(0,0,0)
(0,0,0)
(0,0,0)
(0,0,0)
(0,0,0)
(0,0,0)
(0,0,0)
(0,0,0)
(0,0,0)
(0,0,0)
(0,0,0)
(0,0,0)
(0,0,0)
(0,0,0)
(0,0,0)
(0,0,0)
(0,0,0)
(0,0,0)
(0,0,0)
(0,0,0)
(0,0,0)
(0,0,0)
(0,0,0)
(0,0,0)
(0,0,0)
(0,0,0)
(0,0,0)
(0,0,0)
(0,0,0)
(0,0,0)
(0,0,0)
(0,0,0)
(0,0,0)
(0,0,0)
(0,0,0)
(0,0,0)
(0,0,0)
(0,0,0)
(0,0,0)
(0,0,0)
(0,0,0)
(0,0,0)
(0,0,0)
(0,0,0)
(0,0,0)
(0,0,0)
(0,0,0)
(0,0,0)
(0,0,0)
(0,0,0)
(0,0,0)
(0,0,0)
(0,0,0)
(0,0,0)
(0,0,0)
(0,0,0)
(0,0,0)
(0,0,0)
(0,0,0)
(0,0,0)
(0,0,0)
(0,0,0)
(0,0,0)
(0,0,0)
(0,0,0)
(0,0,0)
(0,0,0)
(0,0,0)
(0,0,0)
(0,0,0)
(0,0,0)
(0,0,0)
(0,0,0)
(0,0,0)
(0,0,0)
(0,0,0)
(0,0,0)
(0,0,0)
(0,0,0)
(0,0,0)
(0,0,0)
(0,0,0)
(0,0,0)
(0,0,0)
(0,0,0)
(0,0,0)
(0,0,0)
(0,0,0)
(0,0,0)
(0,0,0)
(0,0,0)
(0,0,0)
(0,0,0)
(0,0,0)
(0,0,0)
(0,0,0)
(0,0,0)
(0,0,0)
(0,0,0)
(0,0,0)
(0,0,0)
(0,0,0)
(0,0,0)
(0,0,0)
(0,0,0)
(0,0,0)
(0,0,0)
(0,0,0)
(0,0,0)
(0,0,0)
(0,0,0)
(0,0,0)
(0,0,0)
(0,0,0)
(0,0,0)
(0,0,0)
(0,0,0)
(0,0,0)
(0,0,0)
(0,0,0)
(0,0,0)
(0,0,0)
(0,0,0)
(0,0,0)
(0,0,0)
(0,0,0)
(0,0,0)
(0,0,0)
(0,0,0)
(0,0,0)
(0,0,0)
(0,0,0)
(0,0,0)
(0,0,0)
(0,0,0)
(0,0,0)
(0,0,0)
(0,0,0)
(0,0,0)
(0,0,0)
(0,0,0)
(0,0,0)
(0,0,0)
(0,0,0)
(0,0,0)
(0,0,0)
(0,0,0)
(0,0,0)
(0,0,0)
(0,0,0)
(0,0,0)
(0,0,0)
(0,0,0)
(0,0,0)
(0,0,0)
(0,0,0)
(0,0,0)
(0,0,0)
(0,0,0)
(0,0,0)
(0,0,0)
(0,0,0)
(0,0,0)
(0,0,0)
(0,0,0)
(0,0,0)
(0,0,0)
(0,0,0)
(0,0,0)
(0,0,0)
(0,0,0)
(0,0,0)
(0,0,0)
(0,0,0)
(0,0,0)
(0,0,0)
(0,0,0)
(0,0,0)
(0,0,0)
(0,0,0)
(0,0,0)
(0,0,0)
(0,0,0)
(0,0,0)
(0,0,0)
(0,0,0)
(0,0,0)
(0,0,0)
(0,0,0)
(0,0,0)
(0,0,0)
(0,0,0)
(0,0,0)
(0,0,0)
(0,0,0)
(0,0,0)
(0,0,0)
(0,0,0)
(0,0,0)
(0,0,0)
(0,0,0)
(0,0,0)
(0,0,0)
(0,0,0)
(0,0,0)
(0,0,0)
(0,0,0)
(0,0,0)
(0,0,0)
(0,0,0)
(0,0,0)
(0,0,0)
(0,0,0)
(0,0,0)
(0,0,0)
(0,0,0)
(0,0,0)
(0,0,0)
(0,0,0)
(0,0,0)
(0,0,0)
(0,0,0)
(0,0,0)
(0,0,0)
(0,0,0)
(0,0,0)
(0,0,0)
(0,0,0)
(0,0,0)
(0,0,0)
(0,0,0)
(0,0,0)
(0,0,0)
(0,0,0)
(0,0,0)
(0,0,0)
(0,0,0)
(0,0,0)
