(0,0,0)
(0,0,0)
(0,0,0)
(0,0,0)
(0,0,0)
(0,0,0)
(0,0,0)
(0,0,0)
(0,0,0)
(0,0,0)
(0,0,0)
(0,0,0)
(0,0,0)
(0,0,0)
(0,0,0)
(0,0,0)
(0,0,0)
(0,0,0)
(0,0,0)
(0,0,0)
(0,0,0)
(0,0,0)
(0,0,0)
(0,0,0)
(0,0,0)
(0,0,0)
(0,0,0)
(0,0,0)
(0,0,0)
(0,0,0)
(0,0,0)
(0,0,0)
(0,0,0)
(0,0,0)
(0,0,0)
(0,0,0)
(0,0,0)
(0,0,0)
(0,0,0)
(0,0,0)
(0,0,0)
(0,0,0)
(0,0,0)
(0,0,0)
(0,0,0)
(0,0,0)
(0,0,0)
(0,0,0)
(0,0,0)
(0,0,0)
(0,0,0)
(0,0,0)
(0,0,0)
(0,0,0)
(0,0,0)
(0,0,0)
(0,0,0)
(0,0,0)
(0,0,0)
(0,0,0)
(0,0,0)
(0,0,0)
(0,0,0)
(0,0,0)
(0,0,0)
(0,0,0)
(0,0,0)
(0,0,0)
(0,0,0)
(0,0,0)
(0,0,0)
(0,0,0)
(0,0,0)
(0,0,0)
(0,0,0)
(0,0,0)
(0,0,0)
(0,0,0)
(0,0,0)
(0,0,0)
(0,0,0)
(0,0,0)
(0,0,0)
(0,0,0)
(0,0,0)
(0,0,0)
(0,0,0)
(0,0,0)
(0,0,0)
(0,0,0)
(0,0,0)
(0,0,0)
(0,0,0)
(0,0,0)
(0,0,0)
(0,0,0)
(0,0,0)
(0,0,0)
(0,0,0)
(0,0,0)
(0,0,0)
(0,0,0)
(0,0,0)
(0,0,0)
(0,0,0)
(0,0,0)
(0,0,0)
(0,0,0)
(0,0,0)
(0,0,0)
(0,0,0)
(0,0,0)
(0,0,0)
(0,0,0)
(0,0,0)
(0,0,0)
(0,0,0)
(0,0,0)
(0,0,0)
(0,0,0)
(0,0,0)
(0,0,0)
(0,0,0)
(0,0,0)
(0,0,0)
(0,0,0)
(0,0,0)
(0,0,0)
(0,0,0)
(0,0,0)
(0,0,0)
(0,0,0)
(0,0,0)
(0,0,0)
(0,0,0)
(0,0,0)
(0,0,0)
(0,0,0)
(0,0,0)
(0,0,0)
(0,0,0)
(0,0,0)
(0,0,0)
(0,0,0)
(0,0,0)
(0,0,0)
(0,0,0)
(0,0,0)
(0,0,0)
(0,0,0)
(0,0,0)
(0,0,0)
(0,0,0)
(0,0,0)
(0,0,0)
(0,0,0)
(0,0,0)
(0,0,0)
(0,0,0)
(0,0,0)
(0,0,0)
(0,0,0)
(0,0,0)
(0,0,0)
(0,0,0)
(0,0,0)
(0,0,0)
(0,0,0)
(0,0,0)
(0,0,0)
(0,0,0)
(0,0,0)
(0,0,0)
(0,0,0)
(0,0,0)
(0,0,0)
(0,0,0)
(0,0,0)
(0,0,0)
(0,0,0)
(0,0,0)
(0,0,0)
(0,0,0)
(0,0,0)
(0,0,0)
(0,0,0)
(0,0,0)
(0,0,0)
(0,0,0)
(0,0,0)
(0,0,0)
(0,0,0)
(0,0,0)
(0,0,0)
(0,0,0)
(0,0,0)
(0,0,0)
(0,0,0)
(0,0,0)
(0,0,0)
(0,0,0)
(0,0,0)
(0,0,0)
(0,0,0)
(0,0,0)
(0,0,0)
(0,0,0)
(0,0,0)
(0,0,0)
(0,0,0)
(0,0,0)
(0,0,0)
(0,0,0)
(0,0,0)
(0,0,0)
(0,0,0)
(0,0,0)
(0,0,0)
(0,0,0)
(0,0,0)
(0,0,0)
(0,0,0)
(0,0,0)
(0,0,0)
(0,0,0)
(0,0,0)
(0,0,0)
(0,0,0)
(0,0,0)
(0,0,0)
(0,0,0)
(0,0,0)
(0,0,0)
(0,0,0)
(0,0,0)
(0,0,0)
(0,0,0)
(0,0,0)
(0,0,0)
(0,0,0)
(0,0,0)
(0,0,0)
(0,0,0)
(0,0,0)
(0,0,0)
(0,0,0)
(0,0,0)
(0,0,0)
(0,0,0)
(0,0,0)
(0,0,0)
(0,0,0)
(0,0,0)
(0,0,0)
(0,0,0)
(0,0,0)
(0,0,0)
(0,0,0)
(0,0,0)
(0,0,0)
(0,0,0)
(0,0,0)
(0,0,0)
(0,0,0)
(0,0,0)
(0,0,0)
(0,0,0)
(0,0,0)
(0,0,0)
(0,0,0)
(0,0,0)
(0,0,0)
(0,0,0)
(0,0,0)
(0,0,0)
(0,0,0)
(0,0,0)
(0,0,0)
(0,0,0)
(0,0,0)
(0,0,0)
(0,0,0)
(0,0,0)
(0,0,0)
(0,0,0)
(0,0,0)
(0,0,0)
(0,0,0)
(0,0,0)
(0,0,0)
(0,0,0)
(0,0,0)
(0,0,0)
(0,0,0)
(0,0,0)
(0,0,0)
(0,0,0)
(0,0,0)
(0,0,0)
(0,0,0)
(0,0,0)
(0,0,0)
(0,0,0)
(0,0,0)
(0,0,0)
(0,0,0)
(0,0,0)
(0,0,0)
(0,0,0)
(0,0,0)
(0,0,0)
(0,0,0)
(0,0,0)
(0,0,0)
(0,0,0)
(0,0,0)
(0,0,0)
(0,0,0)
(0,0,0)
(0,0,0)
(0,0,0)
(0,0,0)
(0,0,0)
(0,0,0)
(0,0,0)
(0,0,0)
(0,0,0)
(0,0,0)
(0,0,0)
(0,0,0)
(0,0,0)
(0,0,0)
(0,0,0)
(0,0,0)
(0,0,0)
(0,0,0)
(0,0,0)
(0,0,0)
(0,0,0)
(0,0,0)
(0,0,0)
(0,0,0)
(0,0,0)
(0,0,0)
(0,0,0)
(0,0,0)
(0,0,0)
(0,0,0)
(0,0,0)
(0,0,0)
(0,0,0)
(0,0,0)
(0,0,0)
(0,0,0)
(0,0,0)
(0,0,0)
(0,0,0)
(0,0,0)
(0,0,0)
(0,0,0)
(0,0,0)
(0,0,0)
(0,0,0)
(0,0,0)
(0,0,0)
(0,0,0)
(0,0,0)
(0,0,0)
(0,0,0)
(0,0,0)
(0,0,0)
(0,0,0)
(0,0,0)
(0,0,0)
(0,0,0)
(0,0,0)
(0,0,0)
(0,0,0)
(0,0,0)
(0,0,0)
(0,0,0)
(0,0,0)
(0,0,0)
(0,0,0)
(0,0,0)
(0,0,0)
(0,0,0)
(0,0,0)
(0,0,0)
(0,0,0)
(0,0,0)
(0,0,0)
(0,0,0)
(0,0,0)
(0,0,0)
(0,0,0)
(0,0,0)
(0,0,0)
(0,0,0)
(0,0,0)
(0,0,0)
(0,0,0)
(0,0,0)
(0,0,0)
(0,0,0)
(0,0,0)
(0,0,0)
(0,0,0)
(0,0,0)
(0,0,0)
(0,0,0)
(0,0,0)
(0,0,0)
(0,0,0)
(0,0,0)
(0,0,0)
(0,0,0)
(0,0,0)
(0,0,0)
(0,0,0)
(0,0,0)
(0,0,0)
(0,0,0)
(0,0,0)
(0,0,0)
(0,0,0)
(0,0,0)
(0,0,0)
(0,0,0)
(0,0,0)
(0,0,0)
(0,0,0)
(0,0,0)
(0,0,0)
(0,0,0)
(0,0,0)
(0,0,0)
(0,0,0)
(0,0,0)
(0,0,0)
(0,0,0)
(0,0,0)
(0,0,0)
(0,0,0)
(0,0,0)
(0,0,0)
(0,0,0)
(0,0,0)
(0,0,0)
(0,0,0)
(0,0,0)
(0,0,0)
(0,0,0)
(0,0,0)
(0,0,0)
(0,0,0)
(0,0,0)
(0,0,0)
(0,0,0)
(0,0,0)
(0,0,0)
(0,0,0)
(0,0,0)
(0,0,0)
(0,0,0)
(0,0,0)
(0,0,0)
(0,0,0)
(0,0,0)
(0,0,0)
(0,0,0)
(0,0,0)
(0,0,0)
(0,0,0)
(0,0,0)
(0,0,0)
(0,0,0)
(0,0,0)
(0,0,0)
(0,0,0)
(0,0,0)
(0,0,0)
(0,0,0)
(0,0,0)
(0,0,0)
(0,0,0)
(0,0,0)
(0,0,0)
(0,0,0)
(0,0,0)
(0,0,0)
(0,0,0)
(0,0,0)
(0,0,0)
(0,0,0)
(0,0,0)
(0,0,0)
(0,0,0)
(0,0,0)
(0,0,0)
(0,0,0)
(0,0,0)
(0,0,0)
(0,0,0)
(0,0,0)
(0,0,0)
(0,0,0)
(0,0,0)
(0,0,0)
(0,0,0)
(0,0,0)
(0,0,0)
(0,0,0)
(0,0,0)
(0,0,0)
(0,0,0)
(0,0,0)
(0,0,0)
(0,0,0)
(0,0,0)
(0,0,0)
(0,0,0)
(0,0,0)
(0,0,0)
(0,0,0)
(0,0,0)
(0,0,0)
(0,0,0)
(0,0,0)
(0,0,0)
(0,0,0)
(0,0,0)
(0,0,0)
(0,0,0)
(0,0,0)
(0,0,0)
(0,0,0)
(0,0,0)
(0,0,0)
(0,0,0)
(0,0,0)
(0,0,0)
(0,0,0)
(0,0,0)
(0,0,0)
(0,0,0)
(0,0,0)
(0,0,0)
(0,0,0)
(0,0,0)
(0,0,0)
(0,0,0)
(0,0,0)
(0,0,0)
(0,0,0)
(0,0,0)
(0,0,0)
(0,0,0)
(0,0,0)
(0,0,0)
(0,0,0)
(0,0,0)
(0,0,0)
(0,0,0)
(0,0,0)
(0,0,0)
(0,0,0)
(0,0,0)
(0,0,0)
(0,0,0)
(0,0,0)
(0,0,0)
(0,0,0)
(0,0,0)
(0,0,0)
(0,0,0)
(0,0,0)
(0,0,0)
(0,0,0)
(0,0,0)
(0,0,0)
(0,0,0)
(0,0,0)
(0,0,0)
(0,0,0)
(0,0,0)
(0,0,0)
(0,0,0)
(0,0,0)
(0,0,0)
(0,0,0)
(0,0,0)
(0,0,0)
(0,0,0)
(0,0,0)
(0,0,0)
(0,0,0)
(0,0,0)
(0,0,0)
(0,0,0)
(0,0,0)
(0,0,0)
(0,0,0)
(0,0,0)
(0,0,0)
(0,0,0)
(0,0,0)
(0,0,0)
(0,0,0)
(0,0,0)
(0,0,0)
(0,0,0)
(0,0,0)
(0,0,0)
(0,0,0)
(0,0,0)
(0,0,0)
(0,0,0)
(0,0,0)
(0,0,0)
(0,0,0)
(0,0,0)
(0,0,0)
(0,0,0)
(0,0,0)
(0,0,0)
(0,0,0)
(0,0,0)
(0,0,0)
(0,0,0)
(0,0,0)
(0,0,0)
(0,0,0)
(0,0,0)
(0,0,0)
(0,0,0)
(0,0,0)
(0,0,0)
(0,0,0)
(0,0,0)
(0,0,0)
(0,0,0)
(0,0,0)
(0,0,0)
(0,0,0)
(0,0,0)
(0,0,0)
(0,0,0)
(0,0,0)
(0,0,0)
(0,0,0)
(0,0,0)
(0,0,0)
(0,0,0)
(0,0,0)
(0,0,0)
(0,0,0)
(0,0,0)
(0,0,0)
(0,0,0)
(0,0,0)
(0,0,0)
(0,0,0)
(0,0,0)
(0,0,0)
(0,0,0)
(0,0,0)
(0,0,0)
(0,0,0)
(0,0,0)
(0,0,0)
(0,0,0)
(0,0,0)
(0,0,0)
(0,0,0)
(0,0,0)
(0,0,0)
(0,0,0)
(0,0,0)
(0,0,0)
(0,0,0)
(0,0,0)
(0,0,0)
(0,0,0)
(0,0,0)
(0,0,0)
(0,0,0)
(0,0,0)
(0,0,0)
(0,0,0)
(0,0,0)
(0,0,0)
(0,0,0)
(0,0,0)
(0,0,0)
(0,0,0)
(0,0,0)
(0,0,0)
(0,0,0)
(0,0,0)
(0,0,0)
(0,0,0)
(0,0,0)
(0,0,0)
(0,0,0)
(0,0,0)
(0,0,0)
(0,0,0)
(0,0,0)
(0,0,0)
(0,0,0)
(0,0,0)
(0,0,0)
(0,0,0)
(0,0,0)
(0,0,0)
(0,0,0)
(0,0,0)
(0,0,0)
(0,0,0)
(0,0,0)
(0,0,0)
(0,0,0)
(0,0,0)
(0,0,0)
(0,0,0)
(0,0,0)
(0,0,0)
(0,0,0)
(0,0,0)
(0,0,0)
(0,0,0)
(0,0,0)
(0,0,0)
(0,0,0)
(0,0,0)
(0,0,0)
(0,0,0)
(0,0,0)
(0,0,0)
(0,0,0)
(0,0,0)
(0,0,0)
(0,0,0)
(0,0,0)
(0,0,0)
(0,0,0)
(0,0,0)
(0,0,0)
(0,0,0)
(0,0,0)
(0,0,0)
(0,0,0)
(0,0,0)
(0,0,0)
(0,0,0)
(0,0,0)
(0,0,0)
(0,0,0)
(0,0,0)
(0,0,0)
(0,0,0)
(0,0,0)
(0,0,0)
(0,0,0)
(0,0,0)
(0,0,0)
(0,0,0)
(0,0,0)
(0,0,0)
(0,0,0)
(0,0,0)
(0,0,0)
(0,0,0)
(0,0,0)
(0,0,0)
(0,0,0)
(0,0,0)
(0,0,0)
(0,0,0)
(0,0,0)
(0,0,0)
(0,0,0)
(0,0,0)
(0,0,0)
(0,0,0)
(0,0,0)
(0,0,0)
(0,0,0)
(0,0,0)
(0,0,0)
(0,0,0)
(0,0,0)
(0,0,0)
(0,0,0)
(0,0,0)
(0,0,0)
(0,0,0)
(0,0,0)
(0,0,0)
(0,0,0)
(0,0,0)
(0,0,0)
(0,0,0)
(0,0,0)
(0,0,0)
(0,0,0)
(0,0,0)
(0,0,0)
(0,0,0)
(0,0,0)
(0,0,0)
(0,0,0)
(0,0,0)
(0,0,0)
(0,0,0)
(0,0,0)
(0,0,0)
(0,0,0)
(-21164.8349833882,11337.5231955927,9827.31178779463)
(-22333.5334409276,10864.7152748042,21296.1299539174)
(-25107.4653014732,9906.39890898216,36497.1963464049)
(-30361.5379269794,8350.07867077187,58508.6556026229)
(-39864.748630356,6271.20303567169,92102.2011973067)
(-57077.4445966755,3919.53072680863,145260.115067178)
(-88258.890957931,1786.59069351704,231732.415331615)
(-144617.581656988,445.885954441742,375904.111034172)
(-238750.651660425,25.1797105591037,614629.582984002)
(-332857.965771774,-31.013772330454,947518.562528186)
(0,0,0)
(0,0,0)
(0,0,0)
(0,0,0)
(0,0,0)
(0,0,0)
(-22362.4196146156,24329.2444348967,9370.69837530991)
(-23520.5602818112,23432.7149358833,20323.2589960444)
(-26337.8380324954,21602.6744066068,34964.8215309122)
(-31742.0033472424,18628.0304734546,56428.8730754725)
(-41521.390176862,14508.3223698054,89713.1439181979)
(-59137.9156047906,9669.12238870489,143101.467861081)
(-90657.7766396056,5101.81828612769,230444.016908067)
(-146820.57222526,2233.35945234455,375477.115635384)
(-240198.154296794,1128.23513748675,614572.214505298)
(-333511.776707408,565.301849151248,947487.675591126)
(0,0,0)
(0,0,0)
(0,0,0)
(0,0,0)
(0,0,0)
(0,0,0)
(-25155.7206990396,41027.5666644885,8457.39846944793)
(-26344.9163200493,39822.1801430525,18412.8495823319)
(-29255.3367348396,37306.7731746348,31964.0875491486)
(-34938.9671533444,33199.1318013494,52331.9533745992)
(-45371.4884404975,27351.101847015,84860.6623378741)
(-64070.9770028658,20108.4556400243,138492.306089423)
(-96667.5673979378,12773.5871975966,227488.104575905)
(-152356.069261214,7778.60635333815,374298.926936066)
(-243767.642380659,5156.55565736357,614038.248796922)
(-335123.545034849,2793.56613368392,946933.529547232)
(0,0,0)
(0,0,0)
(0,0,0)
(0,0,0)
(0,0,0)
(0,0,0)
(-30262.7372413299,64022.2644035929,7268.03950222656)
(-31499.9670428717,62666.1361851414,15924.0505030113)
(-34539.5488000177,59828.6185745539,27941.7539031021)
(-40633.7209601259,55170.4991877836,46604.1074767859)
(-52140.6008887353,48382.8235597551,77712.9866527924)
(-72935.2343218308,39494.2569982705,131262.419616368)
(-108106.348367652,29640.1525643503,222502.202617263)
(-163003.519096653,21604.8834875223,371679.444579708)
(-250278.462060462,15373.0804313342,611741.381866135)
(-337956.953682313,8281.23462061575,944210.667061692)
(0,0,0)
(0,0,0)
(0,0,0)
(0,0,0)
(0,0,0)
(0,0,0)
(-39483.1510913912,97534.5126771534,5970.90281782428)
(-40727.0956001647,96202.5732674916,13161.5613356375)
(-43845.2321938968,93438.2182474643,23397.1938566221)
(-50291.6766614256,88919.0160198141,39940.3536860183)
(-62887.135716049,82268.6282486109,68941.6847132113)
(-86292.705041055,73192.9734116185,121535.673340899)
(-125524.57794892,62100.2326423741,214600.171211793)
(-179185.056617984,49847.8741440817,365542.237173258)
(-259695.946554452,35851.8558718676,604759.408287286)
(-342045.075090002,19016.8162120471,936068.901785848)
(0,0,0)
(0,0,0)
(0,0,0)
(0,0,0)
(0,0,0)
(0,0,0)
(-56286.7240647583,149094.089788381,4727.14695353685)
(-57466.4739908135,147934.243881824,10461.9503300103)
(-60470.0290873452,145459.247509343,18910.95015548)
(-66849.9804244296,141374.807449664,33305.1391500508)
(-79586.4913388387,135186.49246629,59973.7662712184)
(-103463.004838025,126037.455624051,110592.28889682)
(-142818.892829748,112971.560203615,202539.854165322)
(-194028.599614455,94722.064992669,351694.262931202)
(-269928.200382567,69378.7641780732,588095.555007619)
(-347200.286501966,37048.1045201651,917264.553201405)
(0,0,0)
(0,0,0)
(0,0,0)
(0,0,0)
(0,0,0)
(0,0,0)
(-87151.7322888805,232641.983722166,3603.83835508747)
(-88170.8915051607,231627.880579011,8081.09316306822)
(-90859.1454955279,229453.447329819,14946.038838121)
(-96688.911838947,225796.877517504,27212.8806092265)
(-108522.930130555,219941.085937951,50981.2172681206)
(-130970.41324284,210287.419631685,97701.6665033382)
(-167913.551821499,194086.980046288,184499.798482178)
(-214464.681472665,167180.677657631,326505.867289878)
(-285178.863872118,125102.092875003,555961.402465008)
(-355629.060881687,68168.088910223,880470.478956735)
(0,0,0)
(0,0,0)
(0,0,0)
(0,0,0)
(0,0,0)
(0,0,0)
(-143611.652261636,373628.158746606,2625.47723719342)
(-144413.166429728,372669.180242885,5997.3440030609)
(-146570.463358106,370607.893102385,11413.361588625)
(-151293.63185219,367039.668337724,21464.2026205786)
(-160996.672440429,360916.905363221,41485.0556357379)
(-179657.728006224,349764.872603993,81665.3306696405)
(-210623.207275329,328598.155941363,157777.362049851)
(-248315.695679474,288694.696736036,284579.038650941)
(-312884.933049052,223349.195144195,499216.869430796)
(-371736.515163806,126602.915946243,812518.55755854)
(0,0,0)
(0,0,0)
(0,0,0)
(0,0,0)
(0,0,0)
(0,0,0)
(-238061.577095143,609945.423055181,1744.31278656388)
(-238618.835735736,608970.133851518,4062.19491365954)
(-240105.626779264,606802.38315826,7973.33163698875)
(-243281.744964749,602851.124017545,15443.6209219015)
(-249667.983146258,595514.58915208,30513.9202793054)
(-261748.606475535,581297.932163238,60729.4671956043)
(-282022.474600591,553254.291235994,118095.806501571)
(-312128.74796846,499465.107124376,219454.144081721)
(-363965.437748671,404052.260253557,402716.516720917)
(-399801.453712108,242937.299475757,686183.586903524)
(0,0,0)
(0,0,0)
(0,0,0)
(0,0,0)
(0,0,0)
(0,0,0)
(-332502.405452048,941565.256418567,882.572088654138)
(-332786.390898661,940549.550692118,2089.546146711)
(-333536.070029083,938239.589019055,4188.41031502352)
(-335100.481956467,933887.493088654,8252.52320042582)
(-338192.959713272,925487.736422856,16472.3356429306)
(-344017.123383384,908871.923475347,32915.4677141643)
(-354153.612931806,875751.481523809,64571.8903581291)
(-371247.028726253,810913.359992815,124370.666215925)
(-399690.261017092,686188.977821117,241924.209665394)
(-402583.049048236,443885.034731279,443559.523458162)
(0,0,0)
(0,0,0)
(0,0,0)
(0,0,0)
(0,0,0)
(0,0,0)
(0,0,0)
(0,0,0)
(0,0,0)
(0,0,0)
(0,0,0)
(0,0,0)
(0,0,0)
(0,0,0)
(0,0,0)
(0,0,0)
(0,0,0)
(0,0,0)
(0,0,0)
(0,0,0)
(0,0,0)
(0,0,0)
(0,0,0)
(0,0,0)
(0,0,0)
(0,0,0)
(0,0,0)
(0,0,0)
(0,0,0)
(0,0,0)
(0,0,0)
(0,0,0)
(0,0,0)
(0,0,0)
(0,0,0)
(0,0,0)
(0,0,0)
(0,0,0)
(0,0,0)
(0,0,0)
(0,0,0)
(0,0,0)
(0,0,0)
(0,0,0)
(0,0,0)
(0,0,0)
(0,0,0)
(0,0,0)
(0,0,0)
(0,0,0)
(0,0,0)
(0,0,0)
(0,0,0)
(0,0,0)
(0,0,0)
(0,0,0)
(0,0,0)
(0,0,0)
(0,0,0)
(0,0,0)
(0,0,0)
(0,0,0)
(0,0,0)
(0,0,0)
(0,0,0)
(0,0,0)
(0,0,0)
(0,0,0)
(0,0,0)
(0,0,0)
(0,0,0)
(0,0,0)
(0,0,0)
(0,0,0)
(0,0,0)
(0,0,0)
(0,0,0)
(0,0,0)
(0,0,0)
(0,0,0)
(0,0,0)
(0,0,0)
(0,0,0)
(0,0,0)
(0,0,0)
(0,0,0)
(0,0,0)
(0,0,0)
(0,0,0)
(0,0,0)
(0,0,0)
(0,0,0)
(0,0,0)
(0,0,0)
(0,0,0)
(0,0,0)
(0,0,0)
(0,0,0)
(0,0,0)
(0,0,0)
(0,0,0)
(0,0,0)
(3123421.49510609,10109.9246336144,8598.72654001337)
(3121450.21716839,9638.85116529446,18471.1060286389)
(3116864.02433045,8629.99165922829,31164.606000521)
(3108233.9537738,6946.13066421252,48917.9648986158)
(3092783.20265888,4623.5307041986,74941.4641682447)
(3065111.88318238,1867.09448446466,114180.023167783)
(3014295.14777361,-608.43799699569,175529.403696214)
(2913823.22905878,-1714.03367278753,282097.607916361)
(2687076.67804783,-1411.51879862664,520976.778269882)
(2071189.39839576,-692.281654007378,1280916.67701953)
(0,0,0)
(0,0,0)
(0,0,0)
(0,0,0)
(0,0,0)
(0,0,0)
(3121343.3751561,21559.7840934362,8139.32703261535)
(3119405.54943433,20661.9895795945,17485.0601653484)
(3114788.26816487,18735.826128249,29548.1007621041)
(3105953.87196425,15496.5152030456,46596.8221749446)
(3090061.75727606,10784.8449376105,72147.3417517822)
(3061637.74687559,4856.08236159501,111677.67265742)
(3010063.95648389,-797.738867539272,174440.221667696)
(2910012.70422753,-3192.51753228072,282380.410337472)
(2684731.64064367,-2363.08111633699,521697.158977765)
(2070188.87988424,-1007.59129294738,1281606.79328802)
(0,0,0)
(0,0,0)
(0,0,0)
(0,0,0)
(0,0,0)
(0,0,0)
(3116642.85630701,35831.6519509009,7224.53639948835)
(3114677.111177,34631.2708010824,15528.2089440367)
(3109964.83603634,32010.1252677349,26328.7182965436)
(3100728.96071926,27541.6524219929,41910.6344682595)
(3083698.08232422,20690.9736870158,66229.9162172853)
(3052949.79697213,11343.7181040628,106016.487763021)
(2998439.7637463,1417.97987778306,171988.419136625)
(2899353.54209827,-2782.53427856321,283163.805786654)
(2678522.19777322,-1289.58075747094,523095.446536864)
(2067614.50690195,-24.1734761656609,1282668.9580465)
(0,0,0)
(0,0,0)
(0,0,0)
(0,0,0)
(0,0,0)
(0,0,0)
(3108114.41395603,54731.0139590444,6018.46805757981)
(3106113.16090638,53411.1961353981,12920.3960371627)
(3101264.37712382,50517.7225581039,21903.8540860909)
(3091407.75333888,45554.3388418619,35144.6746304015)
(3072296.79387857,37707.7480493018,56985.4867639987)
(3036273.1288933,26209.3108789768,96206.5120370758)
(2972718.55675239,12273.3450444173,167821.223013591)
(2875180.01485658,5466.23062176847,284683.905423263)
(2666023.98359944,5956.52202607217,524430.338242814)
(2062825.33936224,4185.7384181835,1282733.11456724)
(0,0,0)
(0,0,0)
(0,0,0)
(0,0,0)
(0,0,0)
(0,0,0)
(3093040.52599095,80787.2583031068,4715.05983671912)
(3091072.5135367,79550.672043187,10070.9560551619)
(3086152.54282097,76882.3698799926,17003.5149816642)
(3075742.92145138,72415.5891558322,27402.6478179588)
(3054272.51985559,65622.6984763896,45623.0230824972)
(3010322.72472413,56089.0472238322,82422.8382357037)
(2926476.78356818,44850.9164408745,161138.886585323)
(2830384.2584769,35034.7233182117,285296.06005719)
(2646474.25051802,25605.0638063261,522772.302467473)
(2055697.22402823,13849.4625294253,1278661.26050102)
(0,0,0)
(0,0,0)
(0,0,0)
(0,0,0)
(0,0,0)
(0,0,0)
(3065933.37741626,118341.00032929,3521.13775583821)
(3064114.81945737,117317.198626647,7468.29898730215)
(3059438.53969024,115137.664788964,12599.4165639105)
(3049212.77877141,111577.386605038,20669.8411821546)
(3027471.40805529,106287.29123339,36242.3302941599)
(2982215.69447075,98573.4035410679,71374.2559312274)
(2897299.97319796,87912.9040844936,151488.383523101)
(2805461.57378309,74299.3657821138,276028.548924777)
(2629733.87211368,54100.339184601,511166.182313431)
(2047491.28829939,28626.4162579542,1264992.63504657)
(0,0,0)
(0,0,0)
(0,0,0)
(0,0,0)
(0,0,0)
(0,0,0)
(3015598.43509876,176351.018601767,2534.79560301857)
(3014045.7896492,175540.695699479,5389.59863893806)
(3009909.58897436,173869.505803635,9184.00441758027)
(3000614.08563211,171271.165270516,15482.209544121)
(2980335.50612349,167510.642442302,28695.4033443076)
(2937046.64334419,161636.227988775,60910.5035726051)
(2854682.72192581,151440.851463203,138081.263709643)
(2771805.52103469,133389.636152962,256015.772094594)
(2604942.35665798,97430.0722483433,485859.799763766)
(2033464.6118626,52105.5294217208,1236581.99511891)
(0,0,0)
(0,0,0)
(0,0,0)
(0,0,0)
(0,0,0)
(0,0,0)
(2914964.66149997,279294.788282357,1774.89782096955)
(2913755.97814083,278606.595156954,3834.8350560313)
(2910481.05291356,277229.246290207,6718.55956094828)
(2902988.60194893,275195.575893653,11806.8963997834)
(2886317.65272808,272350.609985944,22947.584950656)
(2849593.47981524,267773.979024858,50853.6073563669)
(2777448.38924389,257302.751322361,120215.092241148)
(2723354.5688397,224998.725887737,220230.719250179)
(2554997.42558078,172354.52554829,440718.88858353)
(2001068.99235824,98588.4072220393,1184725.48452426)
(0,0,0)
(0,0,0)
(0,0,0)
(0,0,0)
(0,0,0)
(0,0,0)
(2687698.45152479,515662.909336722,1166.8315889056)
(2686870.43996282,514973.238384876,2605.89392559865)
(2684667.46692057,513543.701576974,4813.32620209136)
(2679757.85343603,511211.330245027,9052.95471302489)
(2669354.92838055,507175.182940317,18500.4514949178)
(2648078.88163082,499207.364651432,40534.5590252474)
(2609737.91097953,481297.958786297,88073.9472444246)
(2555899.14805814,440551.993213197,167787.765155564)
(2403818.77833445,368490.473055389,367162.582828509)
(1902622.12995858,240251.715780838,1086370.67186217)
(0,0,0)
(0,0,0)
(0,0,0)
(0,0,0)
(0,0,0)
(0,0,0)
(2071444.14465861,1274420.9643233,590.37616583447)
(2071020.57793483,1273687.26379352,1364.36318672863)
(2069923.87331963,1272109.4017018,2633.70097636693)
(2067557.67950858,1269328.73091112,5153.12010849159)
(2062724.93046054,1264029.97235127,10675.4217869447)
(2053163.03173768,1253205.61624771,22791.9963328071)
(2035464.40703043,1230249.38426692,47517.5321531199)
(2001571.62481875,1182535.37636539,96010.4767192267)
(1902702.75425653,1086209.97165916,239192.944105038)
(1547083.0457955,846679.975192382,846393.571112886)
(0,0,0)
(0,0,0)
(0,0,0)
(0,0,0)
(0,0,0)
(0,0,0)
(0,0,0)
(0,0,0)
(0,0,0)
(0,0,0)
(0,0,0)
(0,0,0)
(0,0,0)
(0,0,0)
(0,0,0)
(0,0,0)
(0,0,0)
(0,0,0)
(0,0,0)
(0,0,0)
(0,0,0)
(0,0,0)
(0,0,0)
(0,0,0)
(0,0,0)
(0,0,0)
(0,0,0)
(0,0,0)
(0,0,0)
(0,0,0)
(0,0,0)
(0,0,0)
(0,0,0)
(0,0,0)
(0,0,0)
(0,0,0)
(0,0,0)
(0,0,0)
(0,0,0)
(0,0,0)
(0,0,0)
(0,0,0)
(0,0,0)
(0,0,0)
(0,0,0)
(0,0,0)
(0,0,0)
(0,0,0)
(0,0,0)
(0,0,0)
(0,0,0)
(0,0,0)
(0,0,0)
(0,0,0)
(0,0,0)
(0,0,0)
(0,0,0)
(0,0,0)
(0,0,0)
(0,0,0)
(0,0,0)
(0,0,0)
(0,0,0)
(0,0,0)
(0,0,0)
(0,0,0)
(0,0,0)
(0,0,0)
(0,0,0)
(0,0,0)
(0,0,0)
(0,0,0)
(0,0,0)
(0,0,0)
(0,0,0)
(0,0,0)
(0,0,0)
(0,0,0)
(0,0,0)
(0,0,0)
(0,0,0)
(0,0,0)
(0,0,0)
(0,0,0)
(0,0,0)
(0,0,0)
(0,0,0)
(0,0,0)
(0,0,0)
(0,0,0)
(0,0,0)
(0,0,0)
(0,0,0)
(0,0,0)
(0,0,0)
(0,0,0)
(0,0,0)
(0,0,0)
(0,0,0)
(0,0,0)
(0,0,0)
(0,0,0)
(-54463.273492545,8042.22327003048,6547.56406549962)
(-56636.0893502485,7566.98158053703,13771.9077403601)
(-61598.0577836202,6505.98946667573,22433.0191247237)
(-70716.8237622279,4678.57006786145,33410.2453298002)
(-86403.600223839,1950.08848044939,47351.978469016)
(-112785.283045979,-1576.04382201063,63530.2072563154)
(-155989.259844865,-4822.1527016472,75341.7863134262)
(-224366.190574305,-5503.98138546011,55740.2060688313)
(-322396.204632213,-3789.34584074544,-94292.5466735085)
(-395444.859779429,-1735.13510386345,-789218.134657544)
(0,0,0)
(0,0,0)
(0,0,0)
(0,0,0)
(0,0,0)
(0,0,0)
(-56834.4657086538,16828.4335012559,6096.64937037216)
(-58941.8371726517,15946.8176794182,12769.2186152973)
(-63841.7140386564,13928.5955001329,20681.6135222235)
(-72999.3794022367,10328.0012462882,30690.4524471203)
(-88945.3422855097,4542.46371065681,43810.1955153266)
(-116010.096365551,-3686.37501143357,60273.3886827394)
(-160189.466902655,-12250.4095930641,74660.0876974905)
(-227897.694174111,-13694.5315380559,57466.0549886146)
(-324170.744870485,-8489.04827845054,-92226.8383225507)
(-396060.026104025,-3547.79774380244,-787460.250957325)
(0,0,0)
(0,0,0)
(0,0,0)
(0,0,0)
(0,0,0)
(0,0,0)
(-62150.4649019701,27131.4827289695,5195.29071826468)
(-64200.5965494132,25963.513032052,10761.3218289549)
(-69007.7244382241,23241.0062248967,17126.490315579)
(-78252.8950994588,18190.0852992133,24951.2808181151)
(-95044.0521325371,9324.85264294196,35616.0450794284)
(-124878.117296158,-5256.23218450386,51718.8352575874)
(-174423.912684356,-24165.5802578241,73202.7010898358)
(-240330.845975951,-26810.7783125846,62708.3546753711)
(-329647.915013582,-13695.6593015471,-87209.9027776789)
(-397824.85120359,-4792.52981944349,-783820.793859717)
(0,0,0)
(0,0,0)
(0,0,0)
(0,0,0)
(0,0,0)
(0,0,0)
(-71519.9048775403,39460.6506806523,4010.16961879825)
(-73476.4102246795,38208.1665474823,8060.10597127873)
(-78153.6489825251,35307.5128693399,12116.6441700412)
(-87594.7297445271,29847.3250256231,16166.9062638512)
(-106306.040866856,19675.1904054517,21124.4219835889)
(-144334.068900185,297.834624226811,32882.5717052449)
(-218589.755318736,-33884.4495667853,70614.7718221308)
(-280978.163002432,-39242.5568921233,75909.7469974555)
(-343291.885371969,-13563.4216650563,-78201.6029306358)
(-401551.4566693,-2950.40695177692,-778961.911030017)
(0,0,0)
(0,0,0)
(0,0,0)
(0,0,0)
(0,0,0)
(0,0,0)
(-87242.1691408645,53683.7947693851,2764.56977995558)
(-89051.2148808584,52597.6076061737,5203.8758757212)
(-93511.2691201861,50172.2285951736,6707.99082778018)
(-102999.326291221,45903.0147688896,6099.56756404576)
(-123974.120332464,38848.3197949352,1878.09709935478)
(-177666.885645836,28054.9251316325,-1184.36430132174)
(-353019.120150305,15757.687748801,65374.420838367)
(-418722.283414059,10187.9064671689,101755.518106881)
(-370080.369182979,8895.45484632827,-67443.7199665242)
(-407709.324229396,5630.42175645633,-775912.981680206)
(0,0,0)
(0,0,0)
(0,0,0)
(0,0,0)
(0,0,0)
(0,0,0)
(-113495.2411664,68113.2257127178,1704.2063762914)
(-115053.581531108,67327.0633951107,2848.17031273619)
(-119037.086424067,65692.401596657,2508.64216238987)
(-127870.030444676,63070.7325203822,-871.247636301871)
(-148295.625283852,59218.4904743337,-8769.36623968464)
(-201931.4177289,53476.3279926831,-13338.6381641583)
(-368863.481207103,45369.9720408798,59917.5506856035)
(-429083.420760852,40705.7836118267,100649.686821701)
(-382798.597495378,29330.9970197762,-70548.367005937)
(-413941.36138365,14616.1071769899,-781396.384006421)
(0,0,0)
(0,0,0)
(0,0,0)
(0,0,0)
(0,0,0)
(0,0,0)
(-156471.869666105,75929.3528159468,959.196398484049)
(-157721.005946377,75464.7151440276,1293.35898203262)
(-161065.435443927,74649.3817493223,16.4219844335369)
(-168786.038595598,73810.5492091158,-4618.25173966225)
(-187548.543682994,73566.5712060194,-14377.263928003)
(-240093.596505246,74242.5182828752,-21298.1956317845)
(-414268.305338161,74324.6297181409,55403.1926918815)
(-469922.984340612,85047.6179705979,89494.8824453033)
(-401976.877025756,47539.8677952155,-85089.735909346)
(-424229.793745364,19752.7544538177,-795826.958841411)
(0,0,0)
(0,0,0)
(0,0,0)
(0,0,0)
(0,0,0)
(0,0,0)
(-225108.373077268,52172.3740156212,535.032114400973)
(-226025.158644517,51910.9192129086,574.983567775409)
(-228555.031212865,51659.9286812773,-694.460500914308)
(-234619.411978894,52201.8863620626,-4772.76498914046)
(-250128.533226145,55561.7918610125,-13616.7809529298)
(-298360.23083976,66419.0214387545,-21134.5547170476)
(-488721.991263164,89777.3322325878,66288.1420124042)
(-398527.524232152,57727.6190447724,52195.2527470187)
(-417165.363108422,21289.4711655632,-112686.543197179)
(-440029.529182578,214.417696350646,-815344.666161904)
(0,0,0)
(0,0,0)
(0,0,0)
(0,0,0)
(0,0,0)
(0,0,0)
(-323466.774452094,-100299.138562321,341.757291622317)
(-324060.170630592,-100551.521294765,439.827129539416)
(-325673.173122517,-100821.026587203,-33.5588219833793)
(-329419.719435317,-100623.411152645,-1325.66969902368)
(-337952.83999926,-99076.1153459781,-2674.97537530064)
(-358451.798829758,-95331.5060415375,2311.25130230015)
(-403232.881688947,-92604.4737670208,34368.8687071967)
(-417861.313160168,-113405.01467535,15966.9823824262)
(-456330.906537371,-132313.269945618,-133575.572897695)
(-463594.247645683,-115082.199866009,-815357.558994248)
(0,0,0)
(0,0,0)
(0,0,0)
(0,0,0)
(0,0,0)
(0,0,0)
(-396161.657990868,-796185.18979747,196.872621504996)
(-396468.531305675,-796475.728876369,315.20818043659)
(-397259.024599026,-796933.126671755,315.224920534742)
(-399004.628574719,-797368.113267478,327.253855413008)
(-402675.830196,-797793.239975206,1150.15787803668)
(-410402.526746484,-799054.013200866,5143.24225831267)
(-424680.526819816,-804323.957814339,13712.6788927237)
(-440526.053566891,-818179.271918641,-2710.36674165982)
(-463759.436318507,-815712.383035797,-116144.044339637)
(-447573.407073884,-699814.918649638,-700049.853949851)
(0,0,0)
(0,0,0)
(0,0,0)
(0,0,0)
(0,0,0)
(0,0,0)
(0,0,0)
(0,0,0)
(0,0,0)
(0,0,0)
(0,0,0)
(0,0,0)
(0,0,0)
(0,0,0)
(0,0,0)
(0,0,0)
(0,0,0)
(0,0,0)
(0,0,0)
(0,0,0)
(0,0,0)
(0,0,0)
(0,0,0)
(0,0,0)
(0,0,0)
(0,0,0)
(0,0,0)
(0,0,0)
(0,0,0)
(0,0,0)
(0,0,0)
(0,0,0)
(0,0,0)
(0,0,0)
(0,0,0)
(0,0,0)
(0,0,0)
(0,0,0)
(0,0,0)
(0,0,0)
(0,0,0)
(0,0,0)
(0,0,0)
(0,0,0)
(0,0,0)
(0,0,0)
(0,0,0)
(0,0,0)
(0,0,0)
(0,0,0)
(0,0,0)
(0,0,0)
(0,0,0)
(0,0,0)
(0,0,0)
(0,0,0)
(0,0,0)
(0,0,0)
(0,0,0)
(0,0,0)
(0,0,0)
(0,0,0)
(0,0,0)
(0,0,0)
(0,0,0)
(0,0,0)
(0,0,0)
(0,0,0)
(0,0,0)
(0,0,0)
(0,0,0)
(0,0,0)
(0,0,0)
(0,0,0)
(0,0,0)
(0,0,0)
(0,0,0)
(0,0,0)
(0,0,0)
(0,0,0)
(0,0,0)
(0,0,0)
(0,0,0)
(0,0,0)
(0,0,0)
(0,0,0)
(0,0,0)
(0,0,0)
(0,0,0)
(0,0,0)
(0,0,0)
(0,0,0)
(0,0,0)
(0,0,0)
(0,0,0)
(0,0,0)
(0,0,0)
(0,0,0)
(0,0,0)
(0,0,0)
(0,0,0)
(0,0,0)
(-64377.0642598848,5635.28054417724,4278.51022316204)
(-66238.7742445686,5219.46905346381,8661.72606402257)
(-70316.6956098917,4200.14306026585,13180.2208300302)
(-77544.7076653525,2383.77920982024,17624.3255233312)
(-89271.0179031347,-575.368137026543,21067.1113396524)
(-107447.863216497,-4809.58065708882,20539.2721672594)
(-133630.325638433,-9061.08337640001,7241.42133722744)
(-166063.575064828,-9074.8287153633,-41986.3654568854)
(-191994.824033238,-5569.25478501396,-166818.491270811)
(-166901.460529631,-2354.05469874683,-393007.835821839)
(0,0,0)
(0,0,0)
(0,0,0)
(0,0,0)
(0,0,0)
(0,0,0)
(-66555.7665788066,11479.0821514228,3877.4992629054)
(-68276.1004430866,10699.6678293736,7731.56375743219)
(-72116.6352049506,8774.6583369044,11431.9696470919)
(-78973.6554350444,5103.42242996743,14686.6024597463)
(-90175.2712088756,-1498.97812160158,16840.1413676814)
(-107791.942320883,-12487.9036916597,16300.3103575886)
(-133765.358530432,-26411.0481767819,7226.16678574845)
(-165217.937950612,-26055.6596720109,-38472.758481101)
(-190717.484134999,-13898.2947168305,-163596.979284754)
(-166123.2357932,-5272.68885929594,-390615.13543511)
(0,0,0)
(0,0,0)
(0,0,0)
(0,0,0)
(0,0,0)
(0,0,0)
(-71314.8074659164,17578.1729707723,3065.25174460225)
(-72822.9110357906,16543.4852140869,5843.748846265)
(-76198.2849287684,13981.648020747,7827.31965296465)
(-82237.446029498,8754.2499976011,8161.0430153704)
(-92304.9861524743,-1982.00565812431,5905.00457182887)
(-109167.652082667,-24706.3587606079,2412.99442726955)
(-137731.803239961,-68277.3278905038,7587.16469659719)
(-165162.584843241,-67387.3502997733,-26249.4058083679)
(-187615.629311756,-27302.5863709168,-154877.399856104)
(-164218.757823026,-8530.47701593448,-385225.705080048)
(0,0,0)
(0,0,0)
(0,0,0)
(0,0,0)
(0,0,0)
(0,0,0)
(-79395.3617192704,23446.7575910008,2006.87222151049)
(-80608.2440541363,22375.6402469412,3306.55101811784)
(-83304.5209419212,19769.4582678803,2669.61273038538)
(-88044.2361191849,14328.3881096841,-2455.0190070392)
(-95956.2410461108,1940.35235889313,-16727.1768447992)
(-111607.74919697,-33044.6717728597,-41115.1835357691)
(-168215.355076945,-168281.92519459,8515.01352652347)
(-176824.446413785,-176955.459520229,13929.4061583248)
(-180321.560124491,-40341.4026725258,-136002.102787559)
(-160335.35895883,-9113.66196992345,-376635.015544103)
(0,0,0)
(0,0,0)
(0,0,0)
(0,0,0)
(0,0,0)
(0,0,0)
(-92118.3508285233,27382.4348022682,940.504476391129)
(-93017.6172650072,26539.0104227831,743.536684700135)
(-94887.1344284766,24602.2987660051,-2713.43850512677)
(-97680.1009510927,21021.8070772442,-14726.0828128134)
(-99709.214603885,14536.7276088279,-51587.3637913332)
(-89870.8836906863,3852.43569247768,-176280.473211827)
(-5.24796925689705e-05,-1.41254491497603e-05,3.56242949604604e-05)
(-416.115117071083,-65.3628422862039,150725.701255737)
(-151333.886078058,-3747.89362492892,-104614.290896818)
(-153399.816465357,-584.580012497586,-367452.880618297)
(0,0,0)
(0,0,0)
(0,0,0)
(0,0,0)
(0,0,0)
(0,0,0)
(-111381.281257484,25170.6524169135,97.8224764437819)
(-111945.95514121,24683.1176693122,-1153.9111599886)
(-113032.863335605,23703.7707111733,-6259.60619361202)
(-114227.186643496,22248.4395382738,-21129.0824558228)
(-112788.317189725,20045.4771531425,-62145.1400942758)
(-95534.4158259609,15372.2986316163,-180062.004936352)
(-4.6508722618881e-05,-1.69860477096145e-05,2.53438367081983e-05)
(-564.818534182995,-3.32885068139767,147304.200459075)
(-148277.309130031,10275.1450687552,-101240.126599949)
(-153451.178865047,4405.27906571598,-366720.168196684)
(0,0,0)
(0,0,0)
(0,0,0)
(0,0,0)
(0,0,0)
(0,0,0)
(-138361.95111159,7417.93725964739,-357.203397237688)
(-138629.746157922,7299.81493204632,-2065.16044843351)
(-139096.309137451,7299.21718883609,-7629.73323256144)
(-139077.514632786,8144.86505102802,-23234.6827081258)
(-135159.404413337,11122.1853700827,-66700.5301947278)
(-112178.472479106,16081.5502921147,-195324.905881363)
(-0.000125659519738569,4.51686048605135e-05,3.65757958491086e-05)
(-887.400572129011,156602.670168469,157864.038935777)
(-159429.612031934,32481.6922257211,-106889.773215008)
(-159844.393450993,4045.11656318407,-370915.011006851)
(0,0,0)
(0,0,0)
(0,0,0)
(0,0,0)
(0,0,0)
(0,0,0)
(-171137.730701237,-46107.7603942953,-444.944722098802)
(-171204.594418496,-45992.4536099581,-1973.24040612215)
(-171265.477133858,-45281.3399259527,-6682.23737034638)
(-170570.476478207,-42389.5637360941,-20196.7440839168)
(-165469.838390343,-32052.8705983972,-61680.3829512418)
(-139132.845557984,6505.2583810035,-211331.4763219)
(-625.395515900687,175471.903970596,156728.528964826)
(-157765.97475902,38623.7469156177,33945.9027445263)
(-197918.281609895,-17707.1010899283,-135112.385438353)
(-173154.527826132,-23243.7416556902,-374698.52857595)
(0,0,0)
(0,0,0)
(0,0,0)
(0,0,0)
(0,0,0)
(0,0,0)
(-196343.482186402,-172938.298321333,-292.754338649925)
(-196324.125454642,-172821.380793464,-1199.87233108075)
(-196253.600837754,-172173.230466657,-3727.55407511806)
(-195739.904782626,-169964.262891327,-9832.66957256876)
(-193254.916202578,-163516.375113341,-23067.0888542982)
(-185679.127008543,-147003.738681944,-42330.7636125721)
(-176250.340995826,-113765.484466039,19924.0841309292)
(-201326.467265716,-135773.453610636,-22213.5612372651)
(-216266.167794303,-139502.434764181,-140482.966306062)
(-177173.310528323,-98903.5645331247,-351244.080546015)
(0,0,0)
(0,0,0)
(0,0,0)
(0,0,0)
(0,0,0)
(0,0,0)
(-169313.026016776,-399677.022538877,-109.90775652096)
(-169307.752255064,-399611.840204495,-480.227396094415)
(-169284.503270871,-399220.037550754,-1407.94164015145)
(-169095.351689527,-397945.206411754,-3336.27500488618)
(-168323.817128574,-394679.079015247,-6525.58417041073)
(-166678.903499419,-388201.425262178,-9051.52083725416)
(-166276.096281937,-379212.660950719,-2008.77489041606)
(-175259.311005871,-377269.326197295,-25779.6448647612)
(-177641.549104948,-351646.166719138,-99753.8001233539)
(-142029.9692262,-252034.721751867,-252166.080752283)
(0,0,0)
(0,0,0)
(0,0,0)
(0,0,0)
(0,0,0)
(0,0,0)
(0,0,0)
(0,0,0)
(0,0,0)
(0,0,0)
(0,0,0)
(0,0,0)
(0,0,0)
(0,0,0)
(0,0,0)
(0,0,0)
(0,0,0)
(0,0,0)
(0,0,0)
(0,0,0)
(0,0,0)
(0,0,0)
(0,0,0)
(0,0,0)
(0,0,0)
(0,0,0)
(0,0,0)
(0,0,0)
(0,0,0)
(0,0,0)
(0,0,0)
(0,0,0)
(0,0,0)
(0,0,0)
(0,0,0)
(0,0,0)
(0,0,0)
(0,0,0)
(0,0,0)
(0,0,0)
(0,0,0)
(0,0,0)
(0,0,0)
(0,0,0)
(0,0,0)
(0,0,0)
(0,0,0)
(0,0,0)
(0,0,0)
(0,0,0)
(0,0,0)
(0,0,0)
(0,0,0)
(0,0,0)
(0,0,0)
(0,0,0)
(0,0,0)
(0,0,0)
(0,0,0)
(0,0,0)
(0,0,0)
(0,0,0)
(0,0,0)
(0,0,0)
(0,0,0)
(0,0,0)
(0,0,0)
(0,0,0)
(0,0,0)
(0,0,0)
(0,0,0)
(0,0,0)
(0,0,0)
(0,0,0)
(0,0,0)
(0,0,0)
(0,0,0)
(0,0,0)
(0,0,0)
(0,0,0)
(0,0,0)
(0,0,0)
(0,0,0)
(0,0,0)
(0,0,0)
(0,0,0)
(0,0,0)
(0,0,0)
(0,0,0)
(0,0,0)
(0,0,0)
(0,0,0)
(0,0,0)
(0,0,0)
(0,0,0)
(0,0,0)
(0,0,0)
(0,0,0)
(0,0,0)
(0,0,0)
(0,0,0)
(0,0,0)
(-70196.6060197701,3409.26346064048,2410.27829924791)
(-71437.3952628463,3110.36686949155,4498.53244803487)
(-74073.800885393,2334.70624380521,5920.93147972602)
(-78439.5328567691,908.757391728011,5906.99927941615)
(-84891.7733054749,-1500.2526238705,3028.00730562558)
(-93797.2275488147,-5197.58353364408,-5425.04482841659)
(-104798.14823623,-9262.71189569109,-24994.5103349288)
(-115053.513280561,-8289.53140788871,-67715.0407113071)
(-114052.344563325,-4297.70206890465,-141359.818112323)
(-81099.8370186949,-1568.91337995424,-225592.52824329)
(0,0,0)
(0,0,0)
(0,0,0)
(0,0,0)
(0,0,0)
(0,0,0)
(-71909.2374719104,6672.61756478265,2090.11678896145)
(-72944.2569862233,6085.24840903465,3783.39179254977)
(-75175.06534991,4625.3222137839,4551.20596752856)
(-78764.1843757951,1747.01004886406,3503.48225114917)
(-83784.192537729,-3717.91278223151,-669.936261637239)
(-90239.7291394735,-13952.7680367511,-9466.96493993885)
(-98059.574932978,-30441.0855421687,-23994.3748909124)
(-107759.39183534,-26040.3015609287,-63702.1508531306)
(-109294.149287661,-10801.1417113039,-138622.046058077)
(-78972.6338137708,-3363.24872377493,-223978.312693676)
(0,0,0)
(0,0,0)
(0,0,0)
(0,0,0)
(0,0,0)
(0,0,0)
(-75485.1940479084,9355.9576019312,1487.04654484095)
(-76198.7570293653,8581.6530740713,2366.48787338357)
(-77650.5436167463,6692.94841849191,1751.12035665622)
(-79601.4045404923,2756.57596552009,-1894.4870490029)
(-81275.3906703911,-5774.01502243959,-10867.9802908786)
(-80810.9595442456,-27233.7354501593,-25943.7054158821)
(-75726.3124186695,-98794.7208920819,-19595.5608872557)
(-83354.3050574995,-79061.4666574505,-48382.6755764796)
(-95679.7031783765,-20025.5168445799,-131094.226576597)
(-73519.5886903984,-4664.60990839414,-220492.034524615)
(0,0,0)
(0,0,0)
(0,0,0)
(0,0,0)
(0,0,0)
(0,0,0)
(-81259.4082549962,10504.5835873106,715.420550349074)
(-81565.3904523468,9748.36637040638,505.853652218788)
(-81987.1288689039,7979.20111815274,-2097.79112045803)
(-81614.2139422502,4520.55104361372,-10291.7883754881)
(-77838.6431955449,-1937.72916805946,-32245.6720804453)
(-62181.0974849647,-11375.8384748796,-97530.2207677299)
(-2.51155441453421e-05,-3.48015030432186e-06,1.30574506537773e-05)
(-685.55554641338,-567.247496087981,10676.5514905773)
(-62607.7060853085,-11364.6406706137,-115698.178722572)
(-62729.6926500342,-2165.670839686,-215802.784100094)
(0,0,0)
(0,0,0)
(0,0,0)
(0,0,0)
(0,0,0)
(0,0,0)
(-89672.2872705094,8063.57342973673,-5.05340043769586)
(-89595.2182708601,7522.39811712827,-1201.48414131306)
(-88981.2919237624,6347.57117341292,-5475.69670129095)
(-86407.645643867,4387.65227337288,-16615.2532382794)
(-78089.1130238021,1380.93204041877,-41554.0160268294)
(-54785.2867658823,-1856.8036331524,-86158.647793339)
(3.96920739269992e-06,-1.0649286469814e-06,-6.24343961452354e-05)
(-5.78809897267881e-05,-7.20830146863802e-06,3.1876711867678e-06)
(-625.379076024744,-652.921969120691,-106374.035575973)
(-47683.0399273117,-643.367009527045,-213613.115944154)
(0,0,0)
(0,0,0)
(0,0,0)
(0,0,0)
(0,0,0)
(0,0,0)
(-101032.324623619,-1783.7484253361,-501.63477879374)
(-100616.75397406,-2013.04403859155,-2295.39379022384)
(-99215.1278957977,-2377.82257159,-7387.73548502948)
(-95104.9876326985,-2589.27577435227,-19533.0064481021)
(-83949.0955874393,-2309.31844824792,-44681.9775617107)
(-56507.5473386895,-1241.21890245237,-84324.4307796761)
(2.36394137705649e-07,-4.03265904259928e-06,-4.72418232549695e-05)
(-4.26377897967665e-05,-1.45455864002445e-05,2.71819385379663e-06)
(-168.837174765002,-769.961776993833,-106065.952893584)
(-45385.267881155,-1950.67899625031,-212824.551890755)
(0,0,0)
(0,0,0)
(0,0,0)
(0,0,0)
(0,0,0)
(0,0,0)
(-114138.129111392,-25328.7451516891,-678.825273843303)
(-113496.755665736,-25259.5004927371,-2565.35931188148)
(-111662.000100897,-24836.7207993099,-7540.77012072266)
(-106754.923508395,-23257.1634565322,-19195.4735629285)
(-94007.7911518852,-19086.1098444467,-43570.2954281802)
(-63186.9548107252,-10688.981424517,-83114.0505745156)
(-5.85200430189086e-06,-7.16776787622521e-05,-5.55989943476372e-05)
(-7.33088071928681e-05,3.74895495050186e-07,3.10327633040641e-06)
(-158.135281888446,-5927.64660859943,-106884.567874216)
(-48815.4183202042,-9245.95052873979,-210618.271472519)
(0,0,0)
(0,0,0)
(0,0,0)
(0,0,0)
(0,0,0)
(0,0,0)
(-124540.950221879,-71337.2627000378,-588.262931016712)
(-123880.977776884,-71111.1597693108,-2060.22029606199)
(-122051.290968962,-70227.5468773235,-5883.58038293756)
(-117253.57166548,-67469.0879908385,-14988.5606613524)
(-104617.710741489,-59743.3965876472,-35183.4015669987)
(-72443.6753879257,-39946.7632115634,-72614.7899500177)
(-8.54165414702486e-05,4.41855137699239e-06,6.12894541814708e-06)
(6.1519661827203,-4807.5308451198,-5812.0766688408)
(-63652.7978506762,-35998.1241934494,-110007.082843204)
(-63975.6805393368,-27258.3706148533,-201173.510043902)
(0,0,0)
(0,0,0)
(0,0,0)
(0,0,0)
(0,0,0)
(0,0,0)
(-121322.754817743,-146008.111592525,-349.878476169649)
(-120805.986294976,-145825.477481509,-1153.69992364246)
(-119411.484411962,-145123.652820952,-3099.71040580997)
(-115856.786226333,-143189.621296926,-7262.29565601598)
(-106457.757658881,-138424.338473351,-15378.5123140049)
(-80439.5463518173,-127843.555193994,-32721.3009882909)
(-14.058547350921,-103628.967604761,-4949.00434625776)
(-64617.307897706,-109526.168526166,-36939.5260332364)
(-87281.6458984202,-100750.214702899,-101171.957419671)
(-68130.6677927901,-63700.4223895441,-173772.548380504)
(0,0,0)
(0,0,0)
(0,0,0)
(0,0,0)
(0,0,0)
(0,0,0)
(-84906.6973010426,-230282.157945998,-132.28236226801)
(-84650.2199704092,-230166.197186905,-449.094941538691)
(-83969.5313681837,-229737.40451976,-1150.31514542904)
(-82294.9723535096,-228623.648710965,-2516.66706741625)
(-78320.5334471984,-226111.07816927,-4833.21105285127)
(-69542.7244989997,-221260.247240296,-8552.69800697168)
(-54848.5431242925,-212719.174585598,-10890.0441838007)
(-65782.2198853124,-201819.228854948,-28074.0749755846)
(-68569.2344713285,-173856.987811087,-64039.6165010377)
(-49884.4955207059,-109915.318802204,-109970.193793883)
(0,0,0)
(0,0,0)
(0,0,0)
(0,0,0)
(0,0,0)
(0,0,0)
(0,0,0)
(0,0,0)
(0,0,0)
(0,0,0)
(0,0,0)
(0,0,0)
(0,0,0)
(0,0,0)
(0,0,0)
(0,0,0)
(0,0,0)
(0,0,0)
(0,0,0)
(0,0,0)
(0,0,0)
(0,0,0)
(0,0,0)
(0,0,0)
(0,0,0)
(0,0,0)
(0,0,0)
(0,0,0)
(0,0,0)
(0,0,0)
(0,0,0)
(0,0,0)
(0,0,0)
(0,0,0)
(0,0,0)
(0,0,0)
(0,0,0)
(0,0,0)
(0,0,0)
(0,0,0)
(0,0,0)
(0,0,0)
(0,0,0)
(0,0,0)
(0,0,0)
(0,0,0)
(0,0,0)
(0,0,0)
(0,0,0)
(0,0,0)
(0,0,0)
(0,0,0)
(0,0,0)
(0,0,0)
(0,0,0)
(0,0,0)
(0,0,0)
(0,0,0)
(0,0,0)
(0,0,0)
(0,0,0)
(0,0,0)
(0,0,0)
(0,0,0)
(0,0,0)
(0,0,0)
(0,0,0)
(0,0,0)
(0,0,0)
(0,0,0)
(0,0,0)
(0,0,0)
(0,0,0)
(0,0,0)
(0,0,0)
(0,0,0)
(0,0,0)
(0,0,0)
(0,0,0)
(0,0,0)
(0,0,0)
(0,0,0)
(0,0,0)
(0,0,0)
(0,0,0)
(0,0,0)
(0,0,0)
(0,0,0)
(0,0,0)
(0,0,0)
(0,0,0)
(0,0,0)
(0,0,0)
(0,0,0)
(0,0,0)
(0,0,0)
(0,0,0)
(0,0,0)
(0,0,0)
(0,0,0)
(0,0,0)
(0,0,0)
(-73049.3770824393,1706.28400554751,1146.48705712706)
(-73677.4871152673,1565.02250235872,1821.55640719058)
(-74968.4565779586,1191.232149372,1524.97995038313)
(-76876.1349743309,532.288450473698,-570.706382529328)
(-79221.2244701501,-425.438314621157,-5815.81690323567)
(-81637.1215213856,-1687.76474841614,-16288.158182243)
(-83409.2501164591,-2573.8718471349,-35103.1844548891)
(-82610.5953061659,-1023.48482859459,-66522.6176006911)
(-72891.5675603056,470.581801815934,-108153.976405498)
(-45721.1812784186,585.490502976548,-144118.12264881)
(0,0,0)
(0,0,0)
(0,0,0)
(0,0,0)
(0,0,0)
(0,0,0)
(-74233.0926458347,3065.05259547004,965.086584005252)
(-74669.6272971989,2781.32122955832,1474.15816778343)
(-75533.9549333422,2094.87373778462,929.40616280802)
(-76594.4692628937,819.293459044622,-1527.31395866743)
(-77371.2251347628,-1291.67587698706,-7074.0437992662)
(-77234.6278271551,-4608.43541502602,-17158.474444975)
(-76098.8731067169,-8170.43036225444,-33522.6177561134)
(-75637.65306392,-1664.59732079391,-65003.2440353384)
(-68611.6128193285,2812.43986164673,-108027.638563484)
(-43875.8592872284,2099.80220127883,-144638.724788337)
(0,0,0)
(0,0,0)
(0,0,0)
(0,0,0)
(0,0,0)
(0,0,0)
(-76518.5858621888,3445.64998466024,652.79442509445)
(-76653.8507756766,3080.43612594277,808.773275022929)
(-76720.582675985,2225.83418845004,-252.14811640089)
(-76069.7586687904,592.40378139092,-3556.90431045398)
(-73361.4217681776,-2442.28386681562,-10320.2652228398)
(-66386.2404612527,-8658.17766400395,-20695.2420568617)
(-54516.1084513863,-23138.2543236299,-26937.6220627689)
(-55127.9509773444,3574.82162686783,-60403.395090586)
(-57671.9891737974,13043.565472685,-108642.234706211)
(-39586.8841073609,6131.27875440835,-146606.415842367)
(0,0,0)
(0,0,0)
(0,0,0)
(0,0,0)
(0,0,0)
(0,0,0)
(-79911.4982323345,1812.4368398489,285.303122143945)
(-79659.7311871934,1483.04423053127,-22.9642475941126)
(-78729.6129036078,740.637418822185,-1795.28344326184)
(-75806.5508469415,-517.199461172509,-6493.34329600575)
(-67929.4214156762,-2371.79601796463,-16473.0529247222)
(-48050.5545976508,-4084.61856787684,-35177.1549081632)
(-2.06941885577569e-05,-2.68459219315766e-06,-3.50143800922858e-06)
(409.126516441905,-138.563131011558,-50846.3065051264)
(-35438.0580216508,50556.2922737874,-115528.681369893)
(-32316.1732279119,12892.5444273584,-152703.466464952)
(0,0,0)
(0,0,0)
(0,0,0)
(0,0,0)
(0,0,0)
(0,0,0)
(-84362.1497042512,-3496.3632802559,-1.33744614722519)
(-83736.8997665559,-3697.32912560992,-679.282594309166)
(-81890.3523923979,-4092.89451511978,-2936.69019173296)
(-77137.0139416519,-4501.16091298584,-8223.36044213708)
(-65967.3986488528,-4624.75760980924,-18092.1132252411)
(-42127.4961256028,-3660.92372887306,-31173.5987045254)
(3.99177991684692e-06,-3.00585957486745e-08,-3.77391325419912e-06)
(-5.13333659935892e-05,-1.85022559854413e-06,-8.60437397260335e-06)
(-752.933383309796,-242.734038288439,-153099.022594142)
(-23904.5933325818,1615.07028502003,-165599.995046523)
(0,0,0)
(0,0,0)
(0,0,0)
(0,0,0)
(0,0,0)
(0,0,0)
(-89373.2528787497,-14999.223196963,-156.211828164937)
(-88477.8821608296,-15026.0350843182,-966.377682689064)
(-86054.7710281555,-14958.8041754618,-3260.8248899936)
(-80250.6140898474,-14337.6009164217,-8278.75842940924)
(-67389.4974117122,-12397.2014540141,-17065.9127609294)
(-41725.7803704202,-7910.88124448843,-27597.7222135858)
(8.61810692625659e-07,-1.59423705720183e-06,-2.53941354586192e-12)
(-3.51802144716477e-05,-2.51248335970738e-06,-6.79532010336821e-06)
(-345.649046159904,-750.900182823612,-151049.064883432)
(-22305.1415370644,-5378.14818532377,-167135.972757177)
(0,0,0)
(0,0,0)
(0,0,0)
(0,0,0)
(0,0,0)
(0,0,0)
(-93171.4718731364,-35811.4325677838,-154.447867447914)
(-92172.1389657491,-35690.3262257759,-814.773425977272)
(-89599.4099463567,-35236.0319737441,-2600.13578223331)
(-83617.3801336552,-33737.4077185347,-6337.87235485785)
(-70472.702729593,-29671.8841424572,-12598.2780887083)
(-44026.9872010052,-19906.2290064224,-19762.8979364909)
(-3.89596035628743e-06,-4.24523606962183e-06,-3.00586256790265e-12)
(-5.97884848898177e-05,-3.97657775764031e-06,-1.20562309109793e-05)
(-171.095878413878,-69411.5817063901,-155315.674197561)
(-23609.7208838754,-24395.0417245047,-161504.478094735)
(0,0,0)
(0,0,0)
(0,0,0)
(0,0,0)
(0,0,0)
(0,0,0)
(-92075.4454082363,-68227.8104747625,-49.126906661258)
(-91203.7081658035,-68100.8912378532,-315.83150565779)
(-88939.7002520491,-67605.0400295464,-1058.41416676881)
(-83728.9241550836,-66059.4749808569,-2260.99441484339)
(-72122.1915498861,-61562.1948821676,-2866.20286673596)
(-47324.181494746,-47928.0555695347,36.129803198536)
(-7.25991654760446e-05,-1.40779376964766e-05,-2.79300507215229e-06)
(-6.15316366070378,-69447.7106206479,-69333.2330647855)
(-32600.4149750056,-59657.9752186741,-110139.222428163)
(-30121.554405929,-31435.8962054304,-136952.494080637)
(0,0,0)
(0,0,0)
(0,0,0)
(0,0,0)
(0,0,0)
(0,0,0)
(-79850.3071901795,-109771.893916325,71.6358140038611)
(-79232.992333677,-109774.92509706,172.675711900809)
(-77635.4501488633,-109687.51400606,479.115425309158)
(-74096.5177179347,-109561.501457539,2220.87339360632)
(-66359.483760227,-110183.475204323,10743.879817105)
(-48624.3349011535,-116861.201475973,47861.8142728734)
(136.845843741388,-158406.444413802,-69462.387403254)
(-33352.7323735518,-110654.536563721,-59520.1369843272)
(-42595.8443807331,-81994.2833044711,-81869.6304162161)
(-30605.1806381459,-45414.5333226473,-105416.480453663)
(0,0,0)
(0,0,0)
(0,0,0)
(0,0,0)
(0,0,0)
(0,0,0)
(-49294.7983161787,-145465.395044313,81.6021431301127)
(-49000.2435517747,-145554.819479605,211.52010704203)
(-48235.2245586596,-145742.533453076,532.232744532094)
(-46593.4029828304,-146236.406022523,1505.56793883027)
(-43306.0638499582,-147668.301441062,3975.92457833699)
(-37058.5086756485,-151576.391698639,6206.89897764519)
(-27498.5473435577,-157770.733411393,-21778.8078054941)
(-31398.2345024048,-135978.209514561,-30839.1202375607)
(-30919.516113775,-105204.598338611,-45278.5235609722)
(-20653.4178776281,-59960.289021692,-59963.8455050068)
(0,0,0)
(0,0,0)
(0,0,0)
(0,0,0)
(0,0,0)
(0,0,0)
(0,0,0)
(0,0,0)
(0,0,0)
(0,0,0)
(0,0,0)
(0,0,0)
(0,0,0)
(0,0,0)
(0,0,0)
(0,0,0)
(0,0,0)
(0,0,0)
(0,0,0)
(0,0,0)
(0,0,0)
(0,0,0)
(0,0,0)
(0,0,0)
(0,0,0)
(0,0,0)
(0,0,0)
(0,0,0)
(0,0,0)
(0,0,0)
(0,0,0)
(0,0,0)
(0,0,0)
(0,0,0)
(0,0,0)
(0,0,0)
(0,0,0)
(0,0,0)
(0,0,0)
(0,0,0)
(0,0,0)
(0,0,0)
(0,0,0)
(0,0,0)
(0,0,0)
(0,0,0)
(0,0,0)
(0,0,0)
(0,0,0)
(0,0,0)
(0,0,0)
(0,0,0)
(0,0,0)
(0,0,0)
(0,0,0)
(0,0,0)
(0,0,0)
(0,0,0)
(0,0,0)
(0,0,0)
(0,0,0)
(0,0,0)
(0,0,0)
(0,0,0)
(0,0,0)
(0,0,0)
(0,0,0)
(0,0,0)
(0,0,0)
(0,0,0)
(0,0,0)
(0,0,0)
(0,0,0)
(0,0,0)
(0,0,0)
(0,0,0)
(0,0,0)
(0,0,0)
(0,0,0)
(0,0,0)
(0,0,0)
(0,0,0)
(0,0,0)
(0,0,0)
(0,0,0)
(0,0,0)
(0,0,0)
(0,0,0)
(0,0,0)
(0,0,0)
(0,0,0)
(0,0,0)
(0,0,0)
(0,0,0)
(0,0,0)
(0,0,0)
(0,0,0)
(0,0,0)
(0,0,0)
(0,0,0)
(0,0,0)
(0,0,0)
(-74145.6030021736,663.434613002794,432.791306722925)
(-74361.7530944609,676.690107374522,440.367178538683)
(-74799.86694611,710.902666173084,-439.125119480791)
(-75270.586617223,861.626037170784,-2906.29951375654)
(-75386.8017316615,1424.47459363742,-8165.19684588146)
(-74525.0203800525,2685.89996356421,-17963.1979507792)
(-71883.4966405229,4723.32032879807,-34212.2717555073)
(-66136.0424495994,5929.69513590294,-56616.5197479748)
(-53447.6534674702,4733.69076415325,-80794.1246049675)
(-30829.4447460779,2438.10375400193,-98123.9648912965)
(0,0,0)
(0,0,0)
(0,0,0)
(0,0,0)
(0,0,0)
(0,0,0)
(-74833.8279501134,841.895706257778,422.27421102143)
(-74919.8980983639,865.467260272318,483.767859289429)
(-75073.1650982032,963.268812159033,-229.388121841248)
(-74981.7098554065,1353.7582337425,-2334.27972590019)
(-74088.3972367376,2696.63061840298,-6889.26364869305)
(-71718.928224171,6206.67166394803,-15925.7349520691)
(-67727.3270176654,13430.1922413196,-33004.1529536529)
(-63765.8765505023,18851.3803928595,-57797.6147240384)
(-52351.2564864597,13751.7625971927,-83076.042889949)
(-30412.1711662744,6394.89399780937,-100496.521254703)
(0,0,0)
(0,0,0)
(0,0,0)
(0,0,0)
(0,0,0)
(0,0,0)
(-76061.5691669071,-44.7916537138165,429.670664687716)
(-75952.6428618837,-12.7731093618643,606.703120524149)
(-75554.9366861955,129.485864269292,274.840078622905)
(-74307.3231760689,741.578142511875,-875.415322866916)
(-71159.6968207095,2911.59202736557,-3292.10167930045)
(-64452.1202925805,9693.18995297838,-8712.74013700028)
(-53861.2687220467,31618.3303113946,-27555.7179364226)
(-60200.4887083457,59155.4150467028,-62787.2148592673)
(-51683.4157444138,35309.9733545717,-90333.9990460121)
(-30158.9088631002,13411.3488564236,-106778.429148893)
(0,0,0)
(0,0,0)
(0,0,0)
(0,0,0)
(0,0,0)
(0,0,0)
(-77549.6741605936,-2870.67901897811,464.063293522827)
(-77194.1468207818,-2823.51180848195,809.217626227018)
(-76134.1688847929,-2670.7973471996,1014.05681887885)
(-73329.3320846027,-2102.83405637205,1381.25025542738)
(-66550.8060732572,-597.153362159438,3511.38030254159)
(-49704.8161901105,1735.34323719869,13123.4886107818)
(-1.55793255105684e-05,8.21782347916636e-06,-1.0824317829033e-05)
(-70216.8175887699,-822.13328986627,-86503.8954157443)
(-59646.4615624103,85178.9580405392,-112164.476560941)
(-32222.2102816457,21295.2324527904,-120142.323103571)
(0,0,0)
(0,0,0)
(0,0,0)
(0,0,0)
(0,0,0)
(0,0,0)
(-79033.9372600918,-8738.3021015738,539.410638429625)
(-78409.2409450085,-8676.36027136426,1064.60027977125)
(-76734.7125193196,-8484.2372030364,1722.40026253181)
(-72652.7363536991,-7822.48686526637,2957.77548347711)
(-63261.6921616497,-6186.22406364378,5841.13969775106)
(-42310.2721379473,-3315.51241569386,11074.7713629873)
(8.85688060684324e-06,1.42532807954681e-06,2.50540989041317e-06)
(-3.49192181704918e-05,3.82230401870467e-06,-1.79117196809761e-05)
(-108110.992733546,125.633177387829,-175900.338441498)
(-40239.0364003095,3178.46141783327,-141449.1243388)
(0,0,0)
(0,0,0)
(0,0,0)
(0,0,0)
(0,0,0)
(0,0,0)
(-79705.1896017385,-19036.687605646,630.322227063155)
(-78929.32644488,-18959.5020776059,1364.90831736356)
(-76943.0024053696,-18721.2542561612,2490.15674770183)
(-72324.2853757572,-17875.0844335439,4616.42560188958)
(-62092.3331286319,-15571.2127865322,8704.25004169997)
(-40381.5157758969,-10231.2840955187,14275.7571270009)
(1.964121808774e-06,9.53456518892889e-07,2.04974379985758e-13)
(-2.40006374725262e-05,3.96843660278638e-06,-1.1325709378229e-05)
(-102541.086040888,-614.168781206174,-172769.351847408)
(-40535.8351259538,-6734.32814877151,-144625.868691907)
(0,0,0)
(0,0,0)
(0,0,0)
(0,0,0)
(0,0,0)
(0,0,0)
(-78024.0514261642,-34902.5332979417,718.425245334032)
(-77250.4181688071,-34848.9822141948,1686.18458497554)
(-75341.1562221395,-34679.7126729208,3386.38927751571)
(-71062.8472838057,-33930.2829987678,6887.05499288802)
(-61719.8554821448,-31389.2869324731,13952.2818913848)
(-41441.4454867773,-23238.532591179,24373.9886728118)
(-1.53803775456777e-06,-5.34680531429789e-07,-2.11203047394735e-13)
(-3.29295126150484e-05,-5.82545278688511e-06,-1.7065083096301e-05)
(-111821.198892077,-101862.072962136,-178625.62042509)
(-40292.0398748783,-30925.887390121,-137751.742192737)
(0,0,0)
(0,0,0)
(0,0,0)
(0,0,0)
(0,0,0)
(0,0,0)
(-71571.6018576779,-56151.433439646,745.056591151835)
(-70960.4353005409,-56229.7283784574,1882.52989015725)
(-69487.000895135,-56385.3489745626,4135.46683488402)
(-66436.9765615162,-56482.3745784159,9395.6108209616)
(-60321.6490735917,-55812.2255651117,22018.0069773031)
(-46815.8062942132,-49245.4608885152,47516.5600741067)
(-4.28764651817688e-05,-2.23390801323164e-05,-6.03598868796531e-06)
(-82337.6328427536,-102841.149795783,-101893.681202102)
(-59060.5225855898,-69714.3945248688,-107581.252028787)
(-29934.9773440355,-31961.9668820274,-106731.749598775)
(0,0,0)
(0,0,0)
(0,0,0)
(0,0,0)
(0,0,0)
(0,0,0)
(-57219.2136168635,-79441.3532191292,658.826206161448)
(-56824.8459779759,-79691.1536530734,1712.10512507678)
(-55954.2994025871,-80344.0407742602,3989.64617849699)
(-54565.389651041,-82045.6886897896,10021.8322229754)
(-53606.7206897888,-87085.0353243681,28541.8789117952)
(-60744.6619203777,-105295.750464206,96712.4955066998)
(-125401.253726089,-186105.189764906,-102923.42352334)
(-61603.1438859806,-108751.728604048,-68762.4332026364)
(-40943.862708801,-70342.9668460575,-69785.842553395)
(-22208.4862182513,-35449.8841611102,-74694.6196941995)
(0,0,0)
(0,0,0)
(0,0,0)
(0,0,0)
(0,0,0)
(0,0,0)
(-32752.6026646132,-96370.6254321143,387.076561422867)
(-32576.7076858711,-96699.7694785838,972.15652103291)
(-32205.282790071,-97564.7692827613,2162.94326094433)
(-31667.1930370024,-99642.1837960797,4833.228421408)
(-31415.0496152064,-104364.479593271,10221.6584555522)
(-33417.0849791746,-114520.398506645,15804.8828015272)
(-41850.9374637711,-130306.751774783,-25641.1650683819)
(-30796.1798454144,-104640.977354294,-30353.9709751304)
(-22378.5678871912,-74293.6592684645,-34944.226779305)
(-12529.4734659318,-39275.1144921227,-39242.9408599879)
(0,0,0)
(0,0,0)
(0,0,0)
(0,0,0)
(0,0,0)
(0,0,0)
(0,0,0)
(0,0,0)
(0,0,0)
(0,0,0)
(0,0,0)
(0,0,0)
(0,0,0)
(0,0,0)
(0,0,0)
(0,0,0)
(0,0,0)
(0,0,0)
(0,0,0)
(0,0,0)
(0,0,0)
(0,0,0)
(0,0,0)
(0,0,0)
(0,0,0)
(0,0,0)
(0,0,0)
(0,0,0)
(0,0,0)
(0,0,0)
(0,0,0)
(0,0,0)
(0,0,0)
(0,0,0)
(0,0,0)
(0,0,0)
(0,0,0)
(0,0,0)
(0,0,0)
(0,0,0)
(0,0,0)
(0,0,0)
(0,0,0)
(0,0,0)
(0,0,0)
(0,0,0)
(0,0,0)
(0,0,0)
(0,0,0)
(0,0,0)
(0,0,0)
(0,0,0)
(0,0,0)
(0,0,0)
(0,0,0)
(0,0,0)
(0,0,0)
(0,0,0)
(0,0,0)
(0,0,0)
(0,0,0)
(0,0,0)
(0,0,0)
(0,0,0)
(0,0,0)
(0,0,0)
(0,0,0)
(0,0,0)
(0,0,0)
(0,0,0)
(0,0,0)
(0,0,0)
(0,0,0)
(0,0,0)
(0,0,0)
(0,0,0)
(0,0,0)
(0,0,0)
(0,0,0)
(0,0,0)
(0,0,0)
(0,0,0)
(0,0,0)
(0,0,0)
(0,0,0)
(0,0,0)
(0,0,0)
(0,0,0)
(0,0,0)
(0,0,0)
(0,0,0)
(0,0,0)
(0,0,0)
(0,0,0)
(0,0,0)
(0,0,0)
(0,0,0)
(0,0,0)
(0,0,0)
(0,0,0)
(0,0,0)
(0,0,0)
(-74383.6547367914,120.170498327611,117.881236294178)
(-74426.1666833954,226.403089924297,-44.1082646969438)
(-74531.6029399645,547.771825179609,-860.144096026522)
(-74477.0308306128,1246.88737978679,-2900.58726242408)
(-73833.8579399185,2739.74771968703,-7193.27877385354)
(-71912.3625251595,5459.36527299487,-15265.3019017439)
(-67603.7010457033,8861.74576699112,-28406.843263556)
(-59104.8446901653,8278.36452636951,-43716.4055493563)
(-44981.8314851788,5811.31627338642,-57993.5438050392)
(-24633.3226644018,2872.88447572321,-67062.5503624333)
(0,0,0)
(0,0,0)
(0,0,0)
(0,0,0)
(0,0,0)
(0,0,0)
(-74704.3286533308,-234.779384342658,225.450585884732)
(-74721.5892646057,-18.7955871316935,272.340429184778)
(-74756.0742665449,620.582678018269,-117.561255309411)
(-74609.1549551482,2126.00941384179,-1369.2381896254)
(-73947.1287341401,5670.25612356647,-4441.01509609927)
(-72329.4590035184,13490.6773779742,-11861.7964217265)
(-69048.2768590445,27337.3631705569,-29016.4639839148)
(-60691.6475682956,22415.7307792946,-46228.0592190316)
(-46187.7374647717,14396.4858873682,-60976.7478547046)
(-25246.794448598,6650.71075261936,-69919.9508492808)
(0,0,0)
(0,0,0)
(0,0,0)
(0,0,0)
(0,0,0)
(0,0,0)
(-75194.5678445069,-1549.13368989726,447.352983155134)
(-75178.5220507947,-1261.44615712853,915.88274206108)
(-75067.5778353609,-427.18707957415,1476.29364882388)
(-74731.1478681203,1716.47168964537,2309.65606507622)
(-74140.5701905049,7498.56502527501,3462.22053316479)
(-73884.6965049909,24440.5020029395,1944.97212060978)
(-76286.1221550424,85658.5205791264,-33951.3318549542)
(-66650.9716295637,49130.5849002714,-54215.7030547076)
(-50129.342301044,27328.8534191443,-68702.144029854)
(-27033.1249399061,11342.1964587113,-76519.4136591416)
(0,0,0)
(0,0,0)
(0,0,0)
(0,0,0)
(0,0,0)
(0,0,0)
(-75438.8649311282,-4414.60227786876,754.659358509866)
(-75365.8970739504,-4141.96805598945,1806.93151054849)
(-75123.7621949066,-3384.51513553905,3753.85287662945)
(-74522.6925642609,-1549.94470631592,8213.62975224217)
(-73840.0538016941,2533.8598251319,20467.5826808185)
(-76759.2276436581,8829.74620907233,63132.7499282285)
(-113787.121071469,-1059.99980513762,-70433.7271570971)
(-84634.3174809782,69089.5968118765,-75975.2391764938)
(-60200.5976378909,36613.1409169633,-84705.3905988446)
(-30958.4560921477,13259.5654390113,-87886.5137686275)
(0,0,0)
(0,0,0)
(0,0,0)
(0,0,0)
(0,0,0)
(0,0,0)
(-74958.8752739921,-9545.40962571795,1055.74536175346)
(-74781.2794554521,-9362.14695088171,2647.96276708508)
(-74350.8370096461,-8847.85080410607,5727.42292597255)
(-73204.4237826168,-7645.68668010369,12374.8523286726)
(-69998.7253067131,-5169.34674302001,26815.0920418981)
(-58359.6028615864,-1532.47947607511,53226.6484506796)
(-2.55278693769985e-05,1.53820902125805e-05,2.1438683696561e-05)
(-111185.726803014,-80.104338128867,-108239.665371187)
(-77374.6524956795,5640.0566318098,-108002.921323901)
(-36658.5087794605,2869.73132585963,-101193.614831588)
(0,0,0)
(0,0,0)
(0,0,0)
(0,0,0)
(0,0,0)
(0,0,0)
(-72976.2981831671,-17555.240150021,1280.93910572979)
(-72766.8423837463,-17490.2797911895,3246.58788490267)
(-72268.7884809272,-17309.8806397621,7034.40379611988)
(-71037.0634483403,-16766.7273127808,14868.2225013788)
(-67508.8592775391,-15331.8731523779,30447.2750596422)
(-54763.9283014236,-11378.5060929127,54675.7142020045)
(-1.62701038952559e-05,2.01152516122773e-05,1.57758158022319e-05)
(-104431.434659944,-256.898157223046,-102436.750701804)
(-78589.628111162,-10020.8194413239,-110727.332558384)
(-37735.7524994992,-6571.36712108775,-104086.316737894)
(0,0,0)
(0,0,0)
(0,0,0)
(0,0,0)
(0,0,0)
(0,0,0)
(-68311.0686336044,-28646.0811018703,1377.85815928241)
(-68136.1988909237,-28731.4074562082,3504.76654641523)
(-67773.2381453866,-28988.5818665309,7615.54969643133)
(-67032.3594389813,-29437.2294055964,16255.5639444159)
(-64943.0571235666,-30120.4977294877,34267.3901629421)
(-55689.4492215871,-28699.0575141838,65835.9453190309)
(-2.31075178999476e-05,2.48688881126033e-05,1.95419183735755e-05)
(-114672.771315149,-82422.4981775881,-111974.32180541)
(-77508.118634245,-49171.9091031432,-107136.312401418)
(-35919.6543411606,-20610.015602439,-97470.0494537861)
(0,0,0)
(0,0,0)
(0,0,0)
(0,0,0)
(0,0,0)
(0,0,0)
(-59463.8345076488,-42035.8593642808,1282.01091237854)
(-59379.1714726425,-42301.6489322779,3270.98856054961)
(-59296.3138355425,-43033.7352434616,7125.45487788271)
(-59516.7945174948,-44737.7385104228,15505.7819386861)
(-61308.5063620645,-49176.5078426237,35548.6493402997)
(-71144.0037549089,-63235.0200570328,94412.8093438564)
(-128303.462914255,-125521.277152274,-82353.5391112287)
(-86256.6713090831,-82212.8567076187,-78644.1421148676)
(-56683.8071519993,-51707.2892163057,-78485.477435288)
(-27863.9247418501,-24324.9068534764,-76841.6387864444)
(0,0,0)
(0,0,0)
(0,0,0)
(0,0,0)
(0,0,0)
(0,0,0)
(-45039.6417846002,-55209.22514509,993.793948547925)
(-45013.4706761678,-55622.9086426764,2503.67835713534)
(-45107.6439036299,-56706.69712999,5329.98474471202)
(-45743.4296807446,-59215.5347058119,10985.8209698102)
(-48254.2667293755,-64954.7612452815,21411.6204120533)
(-56615.8198295195,-78058.5662809804,32106.3245451458)
(-77030.1901648652,-102698.153699628,-39087.8624687187)
(-56716.3913585066,-78071.6835394196,-48115.788164403)
(-37822.1162639337,-51888.3018082951,-51056.5220172739)
(-19197.8657905257,-25872.7509157621,-52519.2983827014)
(0,0,0)
(0,0,0)
(0,0,0)
(0,0,0)
(0,0,0)
(0,0,0)
(-24652.2061681223,-63850.6855527737,541.063911192933)
(-24652.9816320366,-64329.5407658477,1323.96998052906)
(-24748.8897693138,-65527.5176034373,2688.39743321257)
(-25161.1826832152,-68115.3751904146,5082.22756402854)
(-26407.5642773623,-73068.1666147358,8188.14759564577)
(-29517.9150281869,-81182.7861762372,7413.19753991906)
(-34077.783521613,-88543.3809793724,-14514.7291225037)
(-27503.8650415476,-73945.296857782,-21933.4306080064)
(-19117.3309025192,-51991.0443540068,-25091.9250469699)
(-9931.74521264145,-26828.5431139145,-26733.8611021132)
(0,0,0)
(0,0,0)
(0,0,0)
(0,0,0)
(0,0,0)
(0,0,0)
(0,0,0)
(0,0,0)
(0,0,0)
(0,0,0)
(0,0,0)
(0,0,0)
(0,0,0)
(0,0,0)
(0,0,0)
(0,0,0)
(0,0,0)
(0,0,0)
(0,0,0)
(0,0,0)
(0,0,0)
(0,0,0)
(0,0,0)
(0,0,0)
(0,0,0)
(0,0,0)
(0,0,0)
(0,0,0)
(0,0,0)
(0,0,0)
(0,0,0)
(0,0,0)
(0,0,0)
(0,0,0)
(0,0,0)
(0,0,0)
(0,0,0)
(0,0,0)
(0,0,0)
(0,0,0)
(0,0,0)
(0,0,0)
(0,0,0)
(0,0,0)
(0,0,0)
(0,0,0)
(0,0,0)
(0,0,0)
(0,0,0)
(0,0,0)
(0,0,0)
(0,0,0)
(0,0,0)
(0,0,0)
(0,0,0)
(0,0,0)
(0,0,0)
(0,0,0)
(0,0,0)
(0,0,0)
(0,0,0)
(0,0,0)
(0,0,0)
(0,0,0)
(0,0,0)
(0,0,0)
(0,0,0)
(0,0,0)
(0,0,0)
(0,0,0)
(0,0,0)
(0,0,0)
(0,0,0)
(0,0,0)
(0,0,0)
(0,0,0)
(0,0,0)
(0,0,0)
(0,0,0)
(0,0,0)
(0,0,0)
(0,0,0)
(0,0,0)
(0,0,0)
(0,0,0)
(0,0,0)
(0,0,0)
(0,0,0)
(0,0,0)
(0,0,0)
(0,0,0)
(0,0,0)
(0,0,0)
(0,0,0)
(0,0,0)
(0,0,0)
(0,0,0)
(0,0,0)
(0,0,0)
(0,0,0)
(0,0,0)
(0,0,0)
(-74298.2779981022,-97.8361891274773,12.4594504336806)
(-74348.4374115536,48.5236778115168,-113.793499219257)
(-74411.6348386091,427.217999288246,-660.979599855275)
(-74272.7953910172,1207.77229934933,-2072.9873388075)
(-73498.5528001366,2703.19882573772,-5111.49130432928)
(-71210.1860257887,5070.43688677846,-10884.1046904723)
(-66024.5471290211,7452.50917431568,-19915.7677814692)
(-56220.3107747922,6739.90937140784,-29540.2110682451)
(-41442.0816406165,4648.92614860046,-37728.8870614095)
(-22114.0273096599,2301.39014498695,-42549.5725611375)
(0,0,0)
(0,0,0)
(0,0,0)
(0,0,0)
(0,0,0)
(0,0,0)
(-74444.4107030073,-517.07137789268,159.317238442109)
(-74545.4386626253,-233.232413635673,264.922727903656)
(-74714.7270102841,512.420170181947,138.373300749415)
(-74853.1758671372,2152.89754963218,-562.731037540564)
(-74699.9877000855,5621.24845621222,-2727.92170207137)
(-73505.9230575039,12044.5055326399,-8525.52629395202)
(-69620.7546149016,20171.4134915177,-20671.9528552943)
(-59451.3370565482,16507.2321831574,-31679.5861787995)
(-43631.2681608658,10500.074328732,-40087.2036628308)
(-23158.4566246263,4915.42826009712,-44789.5796019182)
(0,0,0)
(0,0,0)
(0,0,0)
(0,0,0)
(0,0,0)
(0,0,0)
(-74505.5175855858,-1655.98159223404,449.859955419902)
(-74689.8807093359,-1292.3309598878,1020.31716021358)
(-75070.4003283489,-302.890979672242,1838.45080305357)
(-75817.3433676027,2083.99527413765,2993.54857802553)
(-77204.6380202194,7924.73995764401,3754.12490630579)
(-79311.320529842,21668.3966456246,-443.142181827251)
(-80413.9042103782,48213.6942812538,-24357.6409162286)
(-67973.0666882554,31161.7192779844,-37690.0329523758)
(-48935.1759023207,17285.6930574178,-45669.8180797857)
(-25591.5228539396,7445.63706023252,-49641.6289658819)
(0,0,0)
(0,0,0)
(0,0,0)
(0,0,0)
(0,0,0)
(0,0,0)
(-74038.487233621,-3888.88693471239,832.527644971271)
(-74338.2700768124,-3558.99777278719,2071.56746072724)
(-75083.8358356833,-2620.36636768783,4349.11648951748)
(-76799.0674340665,-232.230610558712,8941.71724402825)
(-80879.4299336011,6331.28796098549,17574.545372591)
(-90722.7794364767,27102.0674470628,26104.4263639837)
(-110549.254485036,112439.912301955,-41359.6582431529)
(-85642.2092201843,42366.307527926,-51556.3547538791)
(-58283.4357135904,19355.8824097912,-55543.706030561)
(-29487.500132585,7531.11993476694,-57100.1448646583)
(0,0,0)
(0,0,0)
(0,0,0)
(0,0,0)
(0,0,0)
(0,0,0)
(-72448.7471951432,-7577.26638568499,1178.25137212054)
(-72829.7236707126,-7388.68089973762,3056.37871433366)
(-73913.5502771717,-6842.9072657297,6841.63287990494)
(-76596.2132512911,-5561.05307702125,15562.2448150413)
(-83720.4868553451,-2783.03589874275,38398.3302234021)
(-106226.887060212,1900.7762738119,111466.905595272)
(-195899.87060122,-238.411167296444,-111310.72136106)
(-112165.526765061,6513.47196539559,-74478.0858364735)
(-69479.2309240984,4352.53299036697,-67370.1579886292)
(-33618.9203499622,1781.96718393309,-64660.5936673032)
(0,0,0)
(0,0,0)
(0,0,0)
(0,0,0)
(0,0,0)
(0,0,0)
(-68985.550978587,-12966.9202932792,1398.90670301818)
(-69450.038537642,-12956.9028307427,3650.32478791884)
(-70732.5742411886,-12934.185068073,8205.38835052359)
(-73898.1043486246,-12865.1378731244,18370.5140469125)
(-82164.3090231775,-12881.293530874,43124.2214246796)
(-106613.041080596,-12501.2754582508,109375.385935922)
(-191507.119218434,-520.564743599149,-104475.890157647)
(-115027.153965759,-10763.0922062954,-76603.6066801187)
(-71781.6380145916,-9115.8364305642,-69943.2273557825)
(-34597.9008825733,-4838.37735193945,-66460.7344368309)
(0,0,0)
(0,0,0)
(0,0,0)
(0,0,0)
(0,0,0)
(0,0,0)
(-62777.6119785863,-19956.5363841639,1456.15943587042)
(-63248.9147250128,-20125.9588651614,3737.93130437908)
(-64584.759406139,-20662.1773198449,8277.44481690036)
(-67871.6564337164,-22061.1521618203,18312.7561003381)
(-76334.0728139828,-26641.8503787732,43464.3286386498)
(-101741.815900822,-44330.1525244147,121345.57238406)
(-198441.30306019,-128425.98706949,-114625.564132463)
(-111052.558792968,-54143.9054652052,-74864.9633957442)
(-67415.6023203825,-28453.0810389992,-65620.2351011806)
(-32172.3946788884,-12590.4484168514,-61615.4236985341)
(0,0,0)
(0,0,0)
(0,0,0)
(0,0,0)
(0,0,0)
(0,0,0)
(-52886.4122789385,-27830.2115341022,1296.25292122754)
(-53309.5354004778,-28137.2404635852,3237.89844748501)
(-54510.813629803,-29025.3557560155,6815.57667791768)
(-57308.4299419537,-31121.7024827234,13667.7624232793)
(-63701.9598932402,-36273.7411830929,25693.1067587773)
(-78111.5054260002,-48868.7498333799,37199.2057388276)
(-104826.826783734,-74374.4418715629,-40328.9755896152)
(-78875.9694511623,-52747.127356997,-49106.4555557508)
(-51653.3972361685,-32883.1530198514,-49706.7934907361)
(-25451.8467788736,-15682.1544972804,-49027.1653732739)
(0,0,0)
(0,0,0)
(0,0,0)
(0,0,0)
(0,0,0)
(0,0,0)
(-38779.7244300695,-35035.4760674783,945.347178847864)
(-39092.1186278291,-35425.4563190511,2312.21098597472)
(-39961.0116923261,-36479.4010559466,4619.62407460339)
(-41915.371446179,-38746.2143516338,8416.07770894477)
(-45895.2413135097,-43229.0938757899,13012.4049857727)
(-53046.0181166678,-51089.5206388157,11663.3740783539)
(-61124.6274991015,-59840.3696008694,-18776.2608581142)
(-50093.3631053179,-48905.8507346304,-29240.5657336637)
(-34281.1142757112,-33209.7321483618,-32454.9885933673)
(-17324.0307968563,-16652.0407171927,-33358.937367126)
(0,0,0)
(0,0,0)
(0,0,0)
(0,0,0)
(0,0,0)
(0,0,0)
(-20682.4867866633,-39500.0404112292,494.844962292204)
(-20846.9698261646,-39923.0172897037,1186.39412707077)
(-21288.1119170748,-41007.6390730116,2253.85429189787)
(-22271.8356568247,-43172.7673008548,3791.06021472598)
(-24038.9940005171,-46825.4011805125,5018.79724260143)
(-26688.7958338445,-51742.9605899975,2843.1179994347)
(-28638.4119713131,-54514.3862099819,-7922.23694175052)
(-24255.9990722316,-46505.1870799026,-13570.7665657948)
(-17039.4737303705,-32922.4490708616,-15935.9068154442)
(-8741.6648173466,-16950.2575603504,-16827.7703675801)
(0,0,0)
(0,0,0)
(0,0,0)
(0,0,0)
(0,0,0)
(0,0,0)
(0,0,0)
(0,0,0)
(0,0,0)
(0,0,0)
(0,0,0)
(0,0,0)
(0,0,0)
(0,0,0)
(0,0,0)
(0,0,0)
(0,0,0)
(0,0,0)
(0,0,0)
(0,0,0)
(0,0,0)
(0,0,0)
(0,0,0)
(0,0,0)
(0,0,0)
(0,0,0)
(0,0,0)
(0,0,0)
(0,0,0)
(0,0,0)
(0,0,0)
(0,0,0)
(0,0,0)
(0,0,0)
(0,0,0)
(0,0,0)
(0,0,0)
(0,0,0)
(0,0,0)
(0,0,0)
(0,0,0)
(0,0,0)
(0,0,0)
(0,0,0)
(0,0,0)
(0,0,0)
(0,0,0)
(0,0,0)
(0,0,0)
(0,0,0)
(0,0,0)
(0,0,0)
(0,0,0)
(0,0,0)
(0,0,0)
(0,0,0)
(0,0,0)
(0,0,0)
(0,0,0)
(0,0,0)
(0,0,0)
(0,0,0)
(0,0,0)
(0,0,0)
(0,0,0)
(0,0,0)
(0,0,0)
(0,0,0)
(0,0,0)
(0,0,0)
(0,0,0)
(0,0,0)
(0,0,0)
(0,0,0)
(0,0,0)
(0,0,0)
(0,0,0)
(0,0,0)
(0,0,0)
(0,0,0)
(0,0,0)
(0,0,0)
(0,0,0)
(0,0,0)
(0,0,0)
(0,0,0)
(0,0,0)
(0,0,0)
(0,0,0)
(0,0,0)
(0,0,0)
(0,0,0)
(0,0,0)
(0,0,0)
(0,0,0)
(0,0,0)
(0,0,0)
(0,0,0)
(0,0,0)
(0,0,0)
(0,0,0)
(0,0,0)
(-74196.6214885622,-88.6977323768457,-12.958777164592)
(-74298.7626781942,5.01600878959928,-67.649519306663)
(-74375.8202487265,232.847897968442,-336.312007159303)
(-74245.4556757709,713.197361955922,-1076.8490843612)
(-73484.7950373073,1570.25222408613,-2660.85907127231)
(-71009.7435250346,2789.83148587693,-5651.1330579059)
(-65345.1321388378,3869.67922483028,-10200.2272729259)
(-55088.0939763726,3531.83962378833,-14864.2836951393)
(-40118.4711833133,2456.29700237676,-18644.1911548138)
(-21218.5007409868,1225.78626479172,-20765.5039882839)
(0,0,0)
(0,0,0)
(0,0,0)
(0,0,0)
(0,0,0)
(0,0,0)
(-74253.6794270105,-375.395539228768,95.9665308574526)
(-74423.157444527,-194.637024944959,173.338346495636)
(-74713.1031629765,271.876670159724,132.685726997605)
(-75046.5382498114,1267.11901292129,-227.873541298194)
(-75111.275201759,3187.21947713012,-1433.55329267131)
(-73820.6147982222,6276.50969538615,-4605.53976145729)
(-69196.4821480944,9402.09960243483,-10562.2326058645)
(-58571.4633049465,8032.07677230419,-15942.3435059844)
(-42507.5422058589,5251.68816826548,-19861.4606268774)
(-22356.8171134186,2515.08263137151,-21952.3965046597)
(0,0,0)
(0,0,0)
(0,0,0)
(0,0,0)
(0,0,0)
(0,0,0)
(-74141.7305912451,-1036.58761754549,297.405083974238)
(-74434.6923911816,-805.430768253562,653.01050913199)
(-75103.6968433278,-180.680341483071,1138.86403575353)
(-76381.0329750629,1245.99809789351,1723.67455824676)
(-78331.0267648854,4346.98341418476,1690.29936586417)
(-80118.1207038216,10300.461805656,-1526.85257042727)
(-78621.214568123,18052.0908677297,-11969.5334779783)
(-66628.7454568984,13469.8168440401,-18751.5947810655)
(-47767.3315788852,7940.58440755266,-22608.3353437966)
(-24824.8218116497,3555.08814308288,-24415.0418977963)
(0,0,0)
(0,0,0)
(0,0,0)
(0,0,0)
(0,0,0)
(0,0,0)
(-73381.0962169912,-2237.89820809623,543.919573920704)
(-73873.9047100411,-2035.58108722298,1309.70452611969)
(-75128.0469810588,-1439.21973989732,2612.45506991181)
(-77810.0152870455,4.3928641741285,4865.00815660505)
(-82810.2791479116,3462.73792799054,7680.10285710973)
(-90473.8560822206,11514.7330977809,6216.908210725)
(-96670.1431804637,26936.032727335,-16546.1449534438)
(-80101.7546086797,15698.1546073925,-24314.9373282986)
(-55678.0517606036,8045.4965074169,-27025.2333811617)
(-28323.5908430725,3324.2375973447,-27958.2921249344)
(0,0,0)
(0,0,0)
(0,0,0)
(0,0,0)
(0,0,0)
(0,0,0)
(-71327.5674130466,-4114.85694483365,755.778954643656)
(-72009.5913942742,-4018.90153380365,1918.96712478597)
(-73836.8430333273,-3688.09599480642,4091.13613585652)
(-77930.4115924209,-2918.12797372091,8347.85531487922)
(-86321.2466769003,-1344.63457765136,15755.9876420724)
(-101966.471796012,1354.48260429477,21655.822871364)
(-123524.318118874,3943.46735689026,-27727.1642405535)
(-95717.7869648157,3481.36742292196,-31958.1168563024)
(-63583.4762074603,1944.63261939946,-31753.0076849224)
(-31537.2824837699,761.434863225679,-31271.8428169869)
(0,0,0)
(0,0,0)
(0,0,0)
(0,0,0)
(0,0,0)
(0,0,0)
(-67155.2530382228,-6820.48994781737,875.335062618597)
(-68013.9804890226,-6842.65590571907,2263.03138591387)
(-70192.4483094961,-6863.6672422469,4898.47670165616)
(-74980.0354163209,-6903.64591925889,9965.92571488917)
(-84877.2508294484,-7171.4429046124,18505.675848121)
(-103223.660216825,-7826.40216448681,24297.1797531263)
(-127366.7744566,-7756.73514801551,-28142.9625038016)
(-99134.5503236422,-7046.4354070694,-33507.7633159223)
(-65461.1441305165,-4939.59452075641,-32944.0300598488)
(-32266.4457879408,-2492.73081796749,-32021.3194732937)
(0,0,0)
(0,0,0)
(0,0,0)
(0,0,0)
(0,0,0)
(0,0,0)
(-60276.7046311438,-10216.5830345103,895.185739247373)
(-61130.1147710558,-10344.4572243116,2278.18710388529)
(-63301.3385220122,-10713.9250098889,4845.02398740102)
(-67993.9301734867,-11620.6367264052,9684.28853431852)
(-77533.9292319201,-14152.773589123,17865.4756367655)
(-95209.9097274345,-20887.5136063091,24394.6809051914)
(-119397.275904235,-35009.5570776974,-27396.5243210533)
(-91919.0135050991,-22180.7089349649,-31395.7960810288)
(-60397.6341596089,-12843.7919825965,-30509.5667799594)
(-29729.5424279483,-5911.10136474238,-29534.0484841285)
(0,0,0)
(0,0,0)
(0,0,0)
(0,0,0)
(0,0,0)
(0,0,0)
(-49993.4472114934,-13881.2796107808,771.7315088257)
(-50722.1161007403,-14079.2021942338,1919.0571790141)
(-52546.9322545023,-14632.5543813459,3873.80517517335)
(-56280.5873181441,-15880.1367187141,7105.46254367248)
(-63231.405488985,-18629.494114242,11111.6286645428)
(-74155.6777960558,-24003.1377417651,10271.4251700534)
(-84208.8914711547,-30813.3074174529,-14542.7598027645)
(-69531.3018094006,-24051.8171473596,-22016.3192321168)
(-47398.3088449182,-15548.238690626,-23566.9609153503)
(-23751.4229743094,-7548.53844113419,-23629.947643519)
(0,0,0)
(0,0,0)
(0,0,0)
(0,0,0)
(0,0,0)
(0,0,0)
(-36074.2796955592,-17114.7796161605,528.055270865656)
(-36617.0720270716,-17344.5645368062,1318.37101268293)
(-37858.9391959072,-17959.0796620877,2542.82379700478)
(-40311.4658129846,-19219.9492183427,4278.73066343823)
(-44451.7132008973,-21485.5158425918,5691.22427917718)
(-49949.6235958777,-24854.0972524624,3445.78926908493)
(-53254.1850975063,-27421.9324326045,-7816.02811735759)
(-45370.7199441142,-23100.9765951363,-13489.5118307862)
(-31805.0790882696,-15987.1149669773,-15526.6707418778)
(-16214.1976670795,-8091.66678844136,-16093.3755243472)
(0,0,0)
(0,0,0)
(0,0,0)
(0,0,0)
(0,0,0)
(0,0,0)
(-19007.1859672646,-19052.7982279595,262.717792400594)
(-19297.0675848185,-19295.030733854,663.281748103106)
(-19904.5549178634,-19907.898960723,1228.54404752503)
(-21107.3840867196,-21081.3333722551,1925.47663133253)
(-22934.493085474,-22906.1790243147,2241.63889801272)
(-25036.5048343505,-25089.7749997105,825.025645770247)
(-25801.519630097,-25881.2626497378,-3552.53647831109)
(-22245.05616411,-22286.8434675063,-6377.61251406344)
(-15842.4665153999,-15912.7507554247,-7648.9839405854)
(-8155.09710894634,-8228.50189038132,-8098.71654704688)
(0,0,0)
(0,0,0)
(0,0,0)
(0,0,0)
(0,0,0)
(0,0,0)
(0,0,0)
(0,0,0)
(0,0,0)
(0,0,0)
(0,0,0)
(0,0,0)
(0,0,0)
(0,0,0)
(0,0,0)
(0,0,0)
(0,0,0)
(0,0,0)
(0,0,0)
(0,0,0)
(0,0,0)
(0,0,0)
(0,0,0)
(0,0,0)
(0,0,0)
(0,0,0)
(0,0,0)
(0,0,0)
(0,0,0)
(0,0,0)
(0,0,0)
(0,0,0)
(0,0,0)
(0,0,0)
(0,0,0)
(0,0,0)
(0,0,0)
(0,0,0)
(0,0,0)
(0,0,0)
(0,0,0)
(0,0,0)
(0,0,0)
(0,0,0)
(0,0,0)
(0,0,0)
(0,0,0)
(0,0,0)
(0,0,0)
(0,0,0)
(0,0,0)
(0,0,0)
(0,0,0)
(0,0,0)
(0,0,0)
(0,0,0)
(0,0,0)
(0,0,0)
(0,0,0)
(0,0,0)
(0,0,0)
(0,0,0)
(0,0,0)
(0,0,0)
(0,0,0)
(0,0,0)
(0,0,0)
(0,0,0)
(0,0,0)
(0,0,0)
(0,0,0)
(0,0,0)
(0,0,0)
(0,0,0)
(0,0,0)
(0,0,0)
(0,0,0)
(0,0,0)
(0,0,0)
(0,0,0)
(0,0,0)
(0,0,0)
(0,0,0)
(0,0,0)
(0,0,0)
(0,0,0)
(0,0,0)
(0,0,0)
(0,0,0)
(0,0,0)
(0,0,0)
(0,0,0)
(0,0,0)
(0,0,0)
(0,0,0)
(0,0,0)
(0,0,0)
(0,0,0)
(0,0,0)
(0,0,0)
(0,0,0)
(0,0,0)
(0,0,0)
(0,0,0)
(0,0,0)
(0,0,0)
(0,0,0)
(0,0,0)
(0,0,0)
(0,0,0)
(0,0,0)
(0,0,0)
(0,0,0)
(0,0,0)
(0,0,0)
(0,0,0)
(0,0,0)
(0,0,0)
(0,0,0)
(0,0,0)
(0,0,0)
(0,0,0)
(0,0,0)
(0,0,0)
(0,0,0)
(0,0,0)
(0,0,0)
(0,0,0)
(0,0,0)
(0,0,0)
(0,0,0)
(0,0,0)
(0,0,0)
(0,0,0)
(0,0,0)
(0,0,0)
(0,0,0)
(0,0,0)
(0,0,0)
(0,0,0)
(0,0,0)
(0,0,0)
(0,0,0)
(0,0,0)
(0,0,0)
(0,0,0)
(0,0,0)
(0,0,0)
(0,0,0)
(0,0,0)
(0,0,0)
(0,0,0)
(0,0,0)
(0,0,0)
(0,0,0)
(0,0,0)
(0,0,0)
(0,0,0)
(0,0,0)
(0,0,0)
(0,0,0)
(0,0,0)
(0,0,0)
(0,0,0)
(0,0,0)
(0,0,0)
(0,0,0)
(0,0,0)
(0,0,0)
(0,0,0)
(0,0,0)
(0,0,0)
(0,0,0)
(0,0,0)
(0,0,0)
(0,0,0)
(0,0,0)
(0,0,0)
(0,0,0)
(0,0,0)
(0,0,0)
(0,0,0)
(0,0,0)
(0,0,0)
(0,0,0)
(0,0,0)
(0,0,0)
(0,0,0)
(0,0,0)
(0,0,0)
(0,0,0)
(0,0,0)
(0,0,0)
(0,0,0)
(0,0,0)
(0,0,0)
(0,0,0)
(0,0,0)
(0,0,0)
(0,0,0)
(0,0,0)
(0,0,0)
(0,0,0)
(0,0,0)
(0,0,0)
(0,0,0)
(0,0,0)
(0,0,0)
(0,0,0)
(0,0,0)
(0,0,0)
(0,0,0)
(0,0,0)
(0,0,0)
(0,0,0)
(0,0,0)
(0,0,0)
(0,0,0)
(0,0,0)
(0,0,0)
(0,0,0)
(0,0,0)
(0,0,0)
(0,0,0)
(0,0,0)
(0,0,0)
(0,0,0)
(0,0,0)
(0,0,0)
(0,0,0)
(0,0,0)
(0,0,0)
(0,0,0)
(0,0,0)
(0,0,0)
(0,0,0)
(0,0,0)
(0,0,0)
(0,0,0)
(0,0,0)
(0,0,0)
(0,0,0)
(0,0,0)
(0,0,0)
(0,0,0)
(0,0,0)
(0,0,0)
(0,0,0)
(0,0,0)
(0,0,0)
(0,0,0)
(0,0,0)
(0,0,0)
(0,0,0)
(0,0,0)
(0,0,0)
(0,0,0)
(0,0,0)
(0,0,0)
(0,0,0)
(0,0,0)
(0,0,0)
(0,0,0)
(0,0,0)
(0,0,0)
(0,0,0)
(0,0,0)
(0,0,0)
(0,0,0)
(0,0,0)
(0,0,0)
(0,0,0)
(0,0,0)
(0,0,0)
(0,0,0)
(0,0,0)
(0,0,0)
(0,0,0)
(0,0,0)
(0,0,0)
(0,0,0)
(0,0,0)
(0,0,0)
(0,0,0)
(0,0,0)
(0,0,0)
(0,0,0)
(0,0,0)
(0,0,0)
(0,0,0)
(0,0,0)
(0,0,0)
(0,0,0)
(0,0,0)
(0,0,0)
(0,0,0)
(0,0,0)
(0,0,0)
(0,0,0)
(0,0,0)
(0,0,0)
(0,0,0)
(0,0,0)
(0,0,0)
(0,0,0)
(0,0,0)
(0,0,0)
(0,0,0)
(0,0,0)
(0,0,0)
(0,0,0)
(0,0,0)
(0,0,0)
(0,0,0)
(0,0,0)
(0,0,0)
(0,0,0)
(0,0,0)
(0,0,0)
(0,0,0)
(0,0,0)
(0,0,0)
(0,0,0)
(0,0,0)
(0,0,0)
(0,0,0)
(0,0,0)
(0,0,0)
(0,0,0)
(0,0,0)
(0,0,0)
(0,0,0)
(0,0,0)
(0,0,0)
(0,0,0)
(0,0,0)
(0,0,0)
(0,0,0)
(0,0,0)
(0,0,0)
(0,0,0)
(0,0,0)
(0,0,0)
(0,0,0)
(0,0,0)
(0,0,0)
(0,0,0)
(0,0,0)
(0,0,0)
(0,0,0)
(0,0,0)
(0,0,0)
(0,0,0)
(0,0,0)
(0,0,0)
(0,0,0)
(0,0,0)
(0,0,0)
(0,0,0)
(0,0,0)
(0,0,0)
(0,0,0)
(0,0,0)
(0,0,0)
(0,0,0)
(0,0,0)
(0,0,0)
(0,0,0)
(0,0,0)
(0,0,0)
(0,0,0)
(0,0,0)
(0,0,0)
(0,0,0)
(0,0,0)
(0,0,0)
(0,0,0)
(0,0,0)
(0,0,0)
(0,0,0)
(0,0,0)
(0,0,0)
(0,0,0)
(0,0,0)
(0,0,0)
(0,0,0)
(0,0,0)
(0,0,0)
(0,0,0)
(0,0,0)
(0,0,0)
(0,0,0)
(0,0,0)
(0,0,0)
(0,0,0)
(0,0,0)
(0,0,0)
(0,0,0)
(0,0,0)
(0,0,0)
(0,0,0)
(0,0,0)
(0,0,0)
(0,0,0)
(0,0,0)
(0,0,0)
(0,0,0)
(0,0,0)
(0,0,0)
(0,0,0)
(0,0,0)
(0,0,0)
(0,0,0)
(0,0,0)
(0,0,0)
(0,0,0)
(0,0,0)
(0,0,0)
(0,0,0)
(0,0,0)
(0,0,0)
(0,0,0)
(0,0,0)
(0,0,0)
(0,0,0)
(0,0,0)
(0,0,0)
(0,0,0)
(0,0,0)
(0,0,0)
(0,0,0)
(0,0,0)
(0,0,0)
(0,0,0)
(0,0,0)
(0,0,0)
(0,0,0)
(0,0,0)
(0,0,0)
(0,0,0)
(0,0,0)
(0,0,0)
(0,0,0)
(0,0,0)
(0,0,0)
(0,0,0)
(0,0,0)
(0,0,0)
(0,0,0)
(0,0,0)
(0,0,0)
(0,0,0)
(0,0,0)
(0,0,0)
(0,0,0)
(0,0,0)
(0,0,0)
(0,0,0)
(0,0,0)
(0,0,0)
(0,0,0)
(0,0,0)
(0,0,0)
(0,0,0)
(0,0,0)
(0,0,0)
(0,0,0)
(0,0,0)
(0,0,0)
(0,0,0)
(0,0,0)
(0,0,0)
(0,0,0)
(0,0,0)
(0,0,0)
(0,0,0)
(0,0,0)
(0,0,0)
(0,0,0)
(0,0,0)
(0,0,0)
(0,0,0)
(0,0,0)
(0,0,0)
(0,0,0)
(0,0,0)
(0,0,0)
(0,0,0)
(0,0,0)
(0,0,0)
(0,0,0)
(0,0,0)
(0,0,0)
(0,0,0)
(0,0,0)
(0,0,0)
(0,0,0)
(0,0,0)
(0,0,0)
(0,0,0)
(0,0,0)
(0,0,0)
(0,0,0)
(0,0,0)
(0,0,0)
(0,0,0)
(0,0,0)
(0,0,0)
(0,0,0)
(0,0,0)
(0,0,0)
(0,0,0)
(0,0,0)
(0,0,0)
(0,0,0)
(0,0,0)
(0,0,0)
(0,0,0)
(0,0,0)
(0,0,0)
(0,0,0)
(0,0,0)
(0,0,0)
(0,0,0)
(0,0,0)
(0,0,0)
(0,0,0)
(0,0,0)
(0,0,0)
(0,0,0)
(0,0,0)
(0,0,0)
(0,0,0)
(0,0,0)
(0,0,0)
(0,0,0)
(0,0,0)
(0,0,0)
(0,0,0)
(0,0,0)
(0,0,0)
(0,0,0)
(0,0,0)
(0,0,0)
(0,0,0)
(0,0,0)
(0,0,0)
(0,0,0)
(0,0,0)
(0,0,0)
(0,0,0)
(0,0,0)
(0,0,0)
(0,0,0)
(0,0,0)
(0,0,0)
(0,0,0)
(0,0,0)
(0,0,0)
(0,0,0)
(0,0,0)
(0,0,0)
(0,0,0)
(0,0,0)
(0,0,0)
(0,0,0)
(0,0,0)
(0,0,0)
(0,0,0)
(0,0,0)
(0,0,0)
(0,0,0)
(0,0,0)
(0,0,0)
(0,0,0)
(0,0,0)
(0,0,0)
(0,0,0)
(0,0,0)
(0,0,0)
(0,0,0)
(0,0,0)
(0,0,0)
(0,0,0)
(0,0,0)
(0,0,0)
(0,0,0)
(0,0,0)
(0,0,0)
(0,0,0)
(0,0,0)
(0,0,0)
(0,0,0)
(0,0,0)
(0,0,0)
(0,0,0)
(0,0,0)
(0,0,0)
(0,0,0)
(0,0,0)
(0,0,0)
(0,0,0)
(0,0,0)
(0,0,0)
(0,0,0)
(0,0,0)
(0,0,0)
(0,0,0)
(0,0,0)
(0,0,0)
(0,0,0)
(0,0,0)
(0,0,0)
(0,0,0)
(0,0,0)
(0,0,0)
(0,0,0)
(0,0,0)
(0,0,0)
(0,0,0)
(0,0,0)
(0,0,0)
(0,0,0)
(0,0,0)
(0,0,0)
(0,0,0)
(0,0,0)
(0,0,0)
(0,0,0)
(0,0,0)
(0,0,0)
(0,0,0)
(0,0,0)
(0,0,0)
(0,0,0)
(0,0,0)
(0,0,0)
(0,0,0)
(0,0,0)
(0,0,0)
(0,0,0)
(0,0,0)
(0,0,0)
(0,0,0)
(0,0,0)
(0,0,0)
(0,0,0)
(0,0,0)
(0,0,0)
(0,0,0)
(0,0,0)
(0,0,0)
(0,0,0)
(0,0,0)
(0,0,0)
(0,0,0)
(0,0,0)
(0,0,0)
(0,0,0)
(0,0,0)
(0,0,0)
(0,0,0)
(0,0,0)
(0,0,0)
(0,0,0)
(0,0,0)
(0,0,0)
(0,0,0)
(0,0,0)
(0,0,0)
(0,0,0)
(0,0,0)
(0,0,0)
(0,0,0)
(0,0,0)
(0,0,0)
(0,0,0)
(0,0,0)
(0,0,0)
(0,0,0)
(0,0,0)
(0,0,0)
(0,0,0)
(0,0,0)
(0,0,0)
(0,0,0)
(0,0,0)
(0,0,0)
(0,0,0)
(0,0,0)
(0,0,0)
(0,0,0)
(0,0,0)
(0,0,0)
(0,0,0)
(0,0,0)
(0,0,0)
(0,0,0)
(0,0,0)
(0,0,0)
(0,0,0)
(0,0,0)
(0,0,0)
(0,0,0)
(0,0,0)
(0,0,0)
(0,0,0)
(0,0,0)
(0,0,0)
(0,0,0)
(0,0,0)
(0,0,0)
(0,0,0)
(0,0,0)
(0,0,0)
(0,0,0)
(0,0,0)
(0,0,0)
(0,0,0)
(0,0,0)
(0,0,0)
(0,0,0)
(0,0,0)
(0,0,0)
(0,0,0)
(0,0,0)
(0,0,0)
(0,0,0)
(0,0,0)
(0,0,0)
(0,0,0)
(0,0,0)
(0,0,0)
(0,0,0)
(0,0,0)
(0,0,0)
(0,0,0)
(0,0,0)
(0,0,0)
(0,0,0)
(0,0,0)
(0,0,0)
(0,0,0)
(0,0,0)
(0,0,0)
(0,0,0)
(0,0,0)
(0,0,0)
(0,0,0)
(0,0,0)
(0,0,0)
(0,0,0)
(0,0,0)
(0,0,0)
(0,0,0)
(0,0,0)
(0,0,0)
(0,0,0)
(0,0,0)
(0,0,0)
(0,0,0)
(0,0,0)
(0,0,0)
(0,0,0)
(0,0,0)
(0,0,0)
(0,0,0)
(0,0,0)
(0,0,0)
(0,0,0)
(0,0,0)
(0,0,0)
(0,0,0)
(0,0,0)
(0,0,0)
(0,0,0)
(0,0,0)
(0,0,0)
(0,0,0)
(0,0,0)
(0,0,0)
(0,0,0)
(0,0,0)
(0,0,0)
(0,0,0)
(0,0,0)
(0,0,0)
(0,0,0)
(0,0,0)
(0,0,0)
(0,0,0)
(0,0,0)
(0,0,0)
(0,0,0)
(0,0,0)
(0,0,0)
(0,0,0)
(0,0,0)
(0,0,0)
(0,0,0)
(0,0,0)
(0,0,0)
(0,0,0)
(0,0,0)
(0,0,0)
(0,0,0)
(0,0,0)
(0,0,0)
(0,0,0)
(0,0,0)
(0,0,0)
(0,0,0)
(0,0,0)
(0,0,0)
(0,0,0)
(0,0,0)
(0,0,0)
(0,0,0)
(0,0,0)
