(0,0,0)
(0,0,0)
(0,0,0)
(0,0,0)
(0,0,0)
(0,0,0)
(0,0,0)
(0,0,0)
(0,0,0)
(0,0,0)
(0,0,0)
(0,0,0)
(0,0,0)
(0,0,0)
(0,0,0)
(0,0,0)
(0,0,0)
(0,0,0)
(0,0,0)
(0,0,0)
(0,0,0)
(0,0,0)
(0,0,0)
(0,0,0)
(0,0,0)
(0,0,0)
(0,0,0)
(0,0,0)
(0,0,0)
(0,0,0)
(0,0,0)
(0,0,0)
(0,0,0)
(0,0,0)
(0,0,0)
(0,0,0)
(0,0,0)
(0,0,0)
(0,0,0)
(0,0,0)
(0,0,0)
(0,0,0)
(0,0,0)
(0,0,0)
(0,0,0)
(0,0,0)
(0,0,0)
(0,0,0)
(0,0,0)
(0,0,0)
(0,0,0)
(0,0,0)
(0,0,0)
(0,0,0)
(0,0,0)
(0,0,0)
(0,0,0)
(0,0,0)
(0,0,0)
(0,0,0)
(0,0,0)
(0,0,0)
(0,0,0)
(0,0,0)
(0,0,0)
(0,0,0)
(0,0,0)
(0,0,0)
(0,0,0)
(0,0,0)
(0,0,0)
(0,0,0)
(0,0,0)
(0,0,0)
(0,0,0)
(0,0,0)
(0,0,0)
(0,0,0)
(0,0,0)
(0,0,0)
(0,0,0)
(0,0,0)
(0,0,0)
(0,0,0)
(0,0,0)
(0,0,0)
(0,0,0)
(0,0,0)
(0,0,0)
(0,0,0)
(0,0,0)
(0,0,0)
(0,0,0)
(0,0,0)
(0,0,0)
(0,0,0)
(0,0,0)
(0,0,0)
(0,0,0)
(0,0,0)
(0,0,0)
(0,0,0)
(0,0,0)
(0,0,0)
(0,0,0)
(0,0,0)
(0,0,0)
(0,0,0)
(0,0,0)
(0,0,0)
(0,0,0)
(0,0,0)
(0,0,0)
(0,0,0)
(0,0,0)
(0,0,0)
(0,0,0)
(0,0,0)
(0,0,0)
(0,0,0)
(0,0,0)
(0,0,0)
(0,0,0)
(0,0,0)
(0,0,0)
(0,0,0)
(0,0,0)
(0,0,0)
(0,0,0)
(0,0,0)
(0,0,0)
(0,0,0)
(0,0,0)
(0,0,0)
(0,0,0)
(0,0,0)
(0,0,0)
(0,0,0)
(0,0,0)
(0,0,0)
(0,0,0)
(0,0,0)
(0,0,0)
(0,0,0)
(0,0,0)
(0,0,0)
(0,0,0)
(0,0,0)
(0,0,0)
(0,0,0)
(0,0,0)
(0,0,0)
(0,0,0)
(0,0,0)
(0,0,0)
(0,0,0)
(0,0,0)
(0,0,0)
(0,0,0)
(0,0,0)
(0,0,0)
(0,0,0)
(0,0,0)
(0,0,0)
(0,0,0)
(0,0,0)
(0,0,0)
(0,0,0)
(0,0,0)
(0,0,0)
(0,0,0)
(0,0,0)
(0,0,0)
(0,0,0)
(0,0,0)
(0,0,0)
(0,0,0)
(0,0,0)
(0,0,0)
(0,0,0)
(0,0,0)
(0,0,0)
(0,0,0)
(0,0,0)
(0,0,0)
(0,0,0)
(0,0,0)
(0,0,0)
(0,0,0)
(0,0,0)
(0,0,0)
(0,0,0)
(0,0,0)
(0,0,0)
(0,0,0)
(0,0,0)
(0,0,0)
(0,0,0)
(0,0,0)
(0,0,0)
(0,0,0)
(0,0,0)
(0,0,0)
(0,0,0)
(0,0,0)
(0,0,0)
(0,0,0)
(0,0,0)
(0,0,0)
(0,0,0)
(0,0,0)
(0,0,0)
(0,0,0)
(0,0,0)
(0,0,0)
(0,0,0)
(0,0,0)
(0,0,0)
(0,0,0)
(0,0,0)
(0,0,0)
(0,0,0)
(0,0,0)
(0,0,0)
(0,0,0)
(0,0,0)
(0,0,0)
(0,0,0)
(0,0,0)
(0,0,0)
(0,0,0)
(0,0,0)
(0,0,0)
(0,0,0)
(0,0,0)
(0,0,0)
(0,0,0)
(0,0,0)
(0,0,0)
(0,0,0)
(0,0,0)
(0,0,0)
(0,0,0)
(0,0,0)
(0,0,0)
(0,0,0)
(0,0,0)
(0,0,0)
(0,0,0)
(0,0,0)
(0,0,0)
(0,0,0)
(0,0,0)
(0,0,0)
(0,0,0)
(0,0,0)
(0,0,0)
(0,0,0)
(0,0,0)
(0,0,0)
(0,0,0)
(0,0,0)
(0,0,0)
(0,0,0)
(0,0,0)
(0,0,0)
(0,0,0)
(0,0,0)
(0,0,0)
(0,0,0)
(0,0,0)
(0,0,0)
(0,0,0)
(0,0,0)
(0,0,0)
(0,0,0)
(0,0,0)
(0,0,0)
(0,0,0)
(0,0,0)
(0,0,0)
(0,0,0)
(0,0,0)
(0,0,0)
(0,0,0)
(0,0,0)
(0,0,0)
(0,0,0)
(0,0,0)
(0,0,0)
(0,0,0)
(0,0,0)
(0,0,0)
(0,0,0)
(0,0,0)
(0,0,0)
(0,0,0)
(0,0,0)
(0,0,0)
(0,0,0)
(0,0,0)
(0,0,0)
(0,0,0)
(0,0,0)
(0,0,0)
(0,0,0)
(0,0,0)
(0,0,0)
(0,0,0)
(0,0,0)
(0,0,0)
(0,0,0)
(0,0,0)
(0,0,0)
(0,0,0)
(0,0,0)
(0,0,0)
(0,0,0)
(0,0,0)
(0,0,0)
(0,0,0)
(0,0,0)
(0,0,0)
(0,0,0)
(0,0,0)
(0,0,0)
(0,0,0)
(0,0,0)
(0,0,0)
(0,0,0)
(0,0,0)
(0,0,0)
(0,0,0)
(0,0,0)
(0,0,0)
(0,0,0)
(0,0,0)
(0,0,0)
(0,0,0)
(0,0,0)
(0,0,0)
(0,0,0)
(0,0,0)
(0,0,0)
(0,0,0)
(0,0,0)
(0,0,0)
(0,0,0)
(0,0,0)
(0,0,0)
(0,0,0)
(0,0,0)
(0,0,0)
(0,0,0)
(0,0,0)
(0,0,0)
(0,0,0)
(0,0,0)
(0,0,0)
(0,0,0)
(0,0,0)
(0,0,0)
(0,0,0)
(0,0,0)
(0,0,0)
(0,0,0)
(0,0,0)
(0,0,0)
(0,0,0)
(0,0,0)
(0,0,0)
(0,0,0)
(0,0,0)
(0,0,0)
(0,0,0)
(0,0,0)
(0,0,0)
(0,0,0)
(0,0,0)
(0,0,0)
(0,0,0)
(0,0,0)
(0,0,0)
(0,0,0)
(0,0,0)
(0,0,0)
(0,0,0)
(0,0,0)
(0,0,0)
(0,0,0)
(0,0,0)
(0,0,0)
(0,0,0)
(0,0,0)
(0,0,0)
(0,0,0)
(0,0,0)
(0,0,0)
(0,0,0)
(0,0,0)
(0,0,0)
(0,0,0)
(0,0,0)
(0,0,0)
(0,0,0)
(0,0,0)
(0,0,0)
(0,0,0)
(0,0,0)
(0,0,0)
(0,0,0)
(0,0,0)
(0,0,0)
(0,0,0)
(0,0,0)
(0,0,0)
(0,0,0)
(0,0,0)
(0,0,0)
(0,0,0)
(0,0,0)
(0,0,0)
(0,0,0)
(0,0,0)
(0,0,0)
(0,0,0)
(0,0,0)
(0,0,0)
(0,0,0)
(0,0,0)
(0,0,0)
(0,0,0)
(0,0,0)
(0,0,0)
(0,0,0)
(0,0,0)
(0,0,0)
(0,0,0)
(0,0,0)
(0,0,0)
(0,0,0)
(0,0,0)
(0,0,0)
(0,0,0)
(0,0,0)
(0,0,0)
(0,0,0)
(0,0,0)
(0,0,0)
(0,0,0)
(0,0,0)
(0,0,0)
(0,0,0)
(0,0,0)
(0,0,0)
(0,0,0)
(0,0,0)
(0,0,0)
(0,0,0)
(0,0,0)
(0,0,0)
(0,0,0)
(0,0,0)
(0,0,0)
(0,0,0)
(0,0,0)
(0,0,0)
(0,0,0)
(0,0,0)
(0,0,0)
(0,0,0)
(0,0,0)
(0,0,0)
(0,0,0)
(0,0,0)
(0,0,0)
(0,0,0)
(0,0,0)
(0,0,0)
(0,0,0)
(0,0,0)
(0,0,0)
(0,0,0)
(0,0,0)
(0,0,0)
(0,0,0)
(0,0,0)
(0,0,0)
(0,0,0)
(0,0,0)
(0,0,0)
(0,0,0)
(0,0,0)
(0,0,0)
(0,0,0)
(0,0,0)
(0,0,0)
(0,0,0)
(0,0,0)
(0,0,0)
(0,0,0)
(0,0,0)
(0,0,0)
(0,0,0)
(0,0,0)
(0,0,0)
(0,0,0)
(0,0,0)
(0,0,0)
(0,0,0)
(0,0,0)
(0,0,0)
(0,0,0)
(0,0,0)
(0,0,0)
(0,0,0)
(0,0,0)
(0,0,0)
(0,0,0)
(0,0,0)
(0,0,0)
(0,0,0)
(0,0,0)
(0,0,0)
(0,0,0)
(0,0,0)
(0,0,0)
(0,0,0)
(0,0,0)
(0,0,0)
(0,0,0)
(0,0,0)
(0,0,0)
(0,0,0)
(0,0,0)
(0,0,0)
(0,0,0)
(0,0,0)
(0,0,0)
(0,0,0)
(0,0,0)
(0,0,0)
(0,0,0)
(0,0,0)
(0,0,0)
(0,0,0)
(0,0,0)
(0,0,0)
(0,0,0)
(0,0,0)
(0,0,0)
(0,0,0)
(0,0,0)
(0,0,0)
(0,0,0)
(0,0,0)
(0,0,0)
(0,0,0)
(0,0,0)
(0,0,0)
(0,0,0)
(0,0,0)
(0,0,0)
(0,0,0)
(0,0,0)
(0,0,0)
(0,0,0)
(0,0,0)
(0,0,0)
(0,0,0)
(0,0,0)
(0,0,0)
(0,0,0)
(0,0,0)
(0,0,0)
(0,0,0)
(0,0,0)
(0,0,0)
(0,0,0)
(0,0,0)
(0,0,0)
(0,0,0)
(0,0,0)
(0,0,0)
(0,0,0)
(0,0,0)
(0,0,0)
(0,0,0)
(0,0,0)
(0,0,0)
(0,0,0)
(0,0,0)
(0,0,0)
(0,0,0)
(0,0,0)
(0,0,0)
(0,0,0)
(0,0,0)
(0,0,0)
(0,0,0)
(0,0,0)
(0,0,0)
(0,0,0)
(0,0,0)
(0,0,0)
(0,0,0)
(0,0,0)
(0,0,0)
(0,0,0)
(0,0,0)
(0,0,0)
(0,0,0)
(0,0,0)
(0,0,0)
(0,0,0)
(0,0,0)
(0,0,0)
(0,0,0)
(0,0,0)
(0,0,0)
(0,0,0)
(0,0,0)
(0,0,0)
(0,0,0)
(0,0,0)
(0,0,0)
(0,0,0)
(0,0,0)
(0,0,0)
(0,0,0)
(0,0,0)
(0,0,0)
(0,0,0)
(0,0,0)
(0,0,0)
(0,0,0)
(0,0,0)
(0,0,0)
(0,0,0)
(0,0,0)
(0,0,0)
(0,0,0)
(0,0,0)
(0,0,0)
(0,0,0)
(0,0,0)
(0,0,0)
(0,0,0)
(0,0,0)
(0,0,0)
(0,0,0)
(0,0,0)
(0,0,0)
(0,0,0)
(0,0,0)
(0,0,0)
(0,0,0)
(0,0,0)
(0,0,0)
(0,0,0)
(0,0,0)
(0,0,0)
(0,0,0)
(0,0,0)
(0,0,0)
(0,0,0)
(0,0,0)
(0,0,0)
(0,0,0)
(0,0,0)
(0,0,0)
(0,0,0)
(0,0,0)
(0,0,0)
(0,0,0)
(0,0,0)
(0,0,0)
(0,0,0)
(0,0,0)
(0,0,0)
(0,0,0)
(0,0,0)
(0,0,0)
(0,0,0)
(0,0,0)
(0,0,0)
(0,0,0)
(0,0,0)
(0,0,0)
(0,0,0)
(0,0,0)
(0,0,0)
(0,0,0)
(0,0,0)
(0,0,0)
(0,0,0)
(0,0,0)
(0,0,0)
(0,0,0)
(0,0,0)
(0,0,0)
(0,0,0)
(0,0,0)
(0,0,0)
(0,0,0)
(0,0,0)
(0,0,0)
(0,0,0)
(0,0,0)
(0,0,0)
(0,0,0)
(0,0,0)
(0,0,0)
(0,0,0)
(0,0,0)
(0,0,0)
(0,0,0)
(0,0,0)
(0,0,0)
(0,0,0)
(0,0,0)
(0,0,0)
(0,0,0)
(0,0,0)
(0,0,0)
(0,0,0)
(0,0,0)
(0,0,0)
(0,0,0)
(0,0,0)
(0,0,0)
(0,0,0)
(0,0,0)
(0,0,0)
(0,0,0)
(0,0,0)
(0,0,0)
(0,0,0)
(0,0,0)
(0,0,0)
(0,0,0)
(0,0,0)
(0,0,0)
(0,0,0)
(0,0,0)
(0,0,0)
(0,0,0)
(0,0,0)
(0,0,0)
(0,0,0)
(0,0,0)
(0,0,0)
(0,0,0)
(0,0,0)
(0,0,0)
(0,0,0)
(0,0,0)
(0,0,0)
(0,0,0)
(0,0,0)
(0,0,0)
(0,0,0)
(0,0,0)
(0,0,0)
(0,0,0)
(0,0,0)
(0,0,0)
(0,0,0)
(0,0,0)
(0,0,0)
(0,0,0)
(0,0,0)
(0,0,0)
(0,0,0)
(0,0,0)
(0,0,0)
(0,0,0)
(0,0,0)
(0,0,0)
(0,0,0)
(0,0,0)
(0,0,0)
(0,0,0)
(0,0,0)
(0,0,0)
(0,0,0)
(0,0,0)
(0,0,0)
(0,0,0)
(0,0,0)
(0,0,0)
(0,0,0)
(0,0,0)
(0,0,0)
(0,0,0)
(0,0,0)
(0,0,0)
(0,0,0)
(0,0,0)
(0,0,0)
(0,0,0)
(0,0,0)
(0,0,0)
(0,0,0)
(0,0,0)
(0,0,0)
(0,0,0)
(0,0,0)
(0,0,0)
(0,0,0)
(0,0,0)
(0,0,0)
(0,0,0)
(0,0,0)
(0,0,0)
(0,0,0)
(0,0,0)
(0,0,0)
(0,0,0)
(-148778.343036596,79186.6084883748,69591.7345482195)
(-157384.839937149,75938.9397629199,151037.634722447)
(-177269.683995947,69192.9676758971,259114.351042492)
(-214818.307102931,58504.5450265114,415428.113118925)
(-282542.637689149,44062.5904948522,653908.160313217)
(-404082.715353383,27524.1088098017,1030466.7668568)
(-624037.21719689,12480.3072330313,1642023.67682069)
(-1021537.69386843,3205.08876011096,2660356.28192901)
(-1684818.95408177,42.9453048724679,4345132.29070588)
(-2347475.37836311,-219.122477662356,6692826.7915467)
(0,0,0)
(0,0,0)
(0,0,0)
(0,0,0)
(0,0,0)
(0,0,0)
(-157449.227440266,170287.27754145,66348.5583871911)
(-166129.044282416,164146.548026758,144269.99440577)
(-186318.191631964,151263.026455133,248518.127258497)
(-224737.959236356,130623.675745418,401136.955775947)
(-294321.359244073,102084.359175667,637436.546339202)
(-418752.434741069,68203.2845692683,1015509.80532079)
(-641112.370718822,36162.8334703183,1632939.64980232)
(-1037103.56312839,15813.8704511685,2657434.4312396)
(-1695213.36313537,7691.43186851042,4344999.30781142)
(-2352319.97707354,3922.95029022232,6693177.21211691)
(0,0,0)
(0,0,0)
(0,0,0)
(0,0,0)
(0,0,0)
(0,0,0)
(-177113.965091713,287152.837839377,60248.4047937856)
(-185940.289757526,278909.401201506,131425.841376567)
(-206765.718710995,261427.142719575,228027.443823126)
(-247109.62713211,232956.993933658,372803.752766996)
(-321109.469737358,192295.555521143,603702.026158866)
(-453220.264963724,141532.636219087,983592.939472779)
(-683214.986021812,90172.132461562,1612798.62650337)
(-1075869.99384408,54854.4890902922,2649628.00170828)
(-1720183.41626642,36076.9560734366,4341425.89376979)
(-2363629.01077055,19533.9123054703,6689443.94252516)
(0,0,0)
(0,0,0)
(0,0,0)
(0,0,0)
(0,0,0)
(0,0,0)
(-213734.640000227,448870.502235136,52016.9756044669)
(-222697.308238791,439689.496113601,113934.188931168)
(-244337.061499609,420078.557334987,199619.835815356)
(-287463.537221635,387753.972380256,332286.394590379)
(-368786.229300474,340320.481142893,553047.698269122)
(-515697.132375818,277981.598309942,932295.868554078)
(-763936.967943324,208795.784581039,1577609.1843779)
(-1150948.7557278,152267.982678795,2631144.44651718)
(-1765987.13746285,108114.856914402,4325093.683139)
(-2383629.18049531,58156.4889334939,6670100.28700655)
(0,0,0)
(0,0,0)
(0,0,0)
(0,0,0)
(0,0,0)
(0,0,0)
(-279367.552976194,685409.240056401,42828.8151549211)
(-288289.301490247,676492.499842518,94315.1129162447)
(-310360.529569744,657426.499290325,167327.700530656)
(-355802.746345338,625903.677091362,284980.742164894)
(-444677.19190844,579132.267502907,490846.147713308)
(-609919.734993651,515511.796522311,863235.68449458)
(-886871.258225844,437635.019816877,1521267.70748461)
(-1265238.99451194,351485.804598154,2587288.88007717)
(-1832507.52854376,252579.062637171,4275332.20289828)
(-2412493.45345868,133865.614044273,6612116.53124621)
(0,0,0)
(0,0,0)
(0,0,0)
(0,0,0)
(0,0,0)
(0,0,0)
(-397864.296704192,1049430.03857074,33843.4981898592)
(-406345.634284624,1041501.44422441,75180.1880925902)
(-427691.78257411,1024489.12926618,135809.340690851)
(-472680.117735135,996083.647019173,238309.488498165)
(-562481.246818505,952537.226664564,427385.776155035)
(-730855.034340131,888308.857924155,785443.749093322)
(-1008642.30201725,796465.68518982,1435255.38573763)
(-1369825.74848506,668003.488538234,2488563.45028265)
(-1904606.69543429,489042.028962727,4156707.17939136)
(-2448828.86780186,261071.693248296,6478329.96798917)
(0,0,0)
(0,0,0)
(0,0,0)
(0,0,0)
(0,0,0)
(0,0,0)
(-615411.163062614,1639025.33750311,25815.8641302479)
(-622916.64318323,1632142.63290304,58091.3186348574)
(-642069.264616319,1617254.77052097,107394.941996388)
(-683151.482421286,1591809.07233654,194820.999100304)
(-766547.268993051,1550540.79086523,363364.703892687)
(-924747.129501493,1482671.6412403,693749.050078054)
(-1185420.78989142,1368673.8804617,1306961.6446976)
(-1513830.56202778,1179097.51516943,2309698.18009418)
(-2012079.5741895,882142.506597442,3928677.27664898)
(-2508109.93790318,480650.663965471,6217208.24383503)
(0,0,0)
(0,0,0)
(0,0,0)
(0,0,0)
(0,0,0)
(0,0,0)
(-1013159.80298322,2633228.8411118,18956.2993745116)
(-1019137.96553133,2626941.89097273,43295.0068361535)
(-1034585.13259186,2613070.29417201,82064.6157769806)
(-1068020.25581922,2588260.86050329,153633.083429421)
(-1136543.64309526,2545017.04950879,295700.467881125)
(-1268034.53030671,2466481.89409447,579924.745333642)
(-1486332.40190744,2317386.3412036,1117544.68649913)
(-1752226.5697604,2036021.92633485,2012846.84509415)
(-2207254.7082759,1575111.64347733,3527132.41649017)
(-2621503.95235679,892806.934978202,5736480.09783418)
(0,0,0)
(0,0,0)
(0,0,0)
(0,0,0)
(0,0,0)
(0,0,0)
(-1679137.41090699,4299615.05463059,12751.1973881907)
(-1683217.73573529,4293335.00041088,29575.8236853116)
(-1693712.46584035,4278902.75422963,57455.8294680048)
(-1716219.90427978,4251401.30409495,110535.290156104)
(-1761492.08219394,4199681.06145317,217363.360405698)
(-1846560.32391712,4099354.33267102,431051.245746273)
(-1989463.44609938,3901571.94513788,836329.087911391)
(-2201861.01618103,3522217.84643258,1551994.18399472)
(-2567211.62417276,2849481.77641881,2844835.67522588)
(-2819277.92055213,1713269.57829399,4843650.9524622)
(0,0,0)
(0,0,0)
(0,0,0)
(0,0,0)
(0,0,0)
(0,0,0)
(-2344890.10975216,6638039.93255015,6465.23183257829)
(-2346939.09766479,6631521.04264261,15218.2872656228)
(-2352145.64284315,6616133.59931562,30133.0850228016)
(-2363201.79954734,6585762.22014327,58973.9685218673)
(-2385128.38565458,6526580.88065103,117202.534978618)
(-2426089.93544146,6409171.70639063,233475.096700424)
(-2497608.58535467,6175492.35773887,457163.2694541)
(-2618164.02339935,5718205.59082904,879339.548456932)
(-2818652.32944779,4838852.35580852,1708621.29851491)
(-2838645.282895,3130249.60632682,3130286.55337717)
(0,0,0)
(0,0,0)
(0,0,0)
(0,0,0)
(0,0,0)
(0,0,0)
(0,0,0)
(0,0,0)
(0,0,0)
(0,0,0)
(0,0,0)
(0,0,0)
(0,0,0)
(0,0,0)
(0,0,0)
(0,0,0)
(0,0,0)
(0,0,0)
(0,0,0)
(0,0,0)
(0,0,0)
(0,0,0)
(0,0,0)
(0,0,0)
(0,0,0)
(0,0,0)
(0,0,0)
(0,0,0)
(0,0,0)
(0,0,0)
(0,0,0)
(0,0,0)
(0,0,0)
(0,0,0)
(0,0,0)
(0,0,0)
(0,0,0)
(0,0,0)
(0,0,0)
(0,0,0)
(0,0,0)
(0,0,0)
(0,0,0)
(0,0,0)
(0,0,0)
(0,0,0)
(0,0,0)
(0,0,0)
(0,0,0)
(0,0,0)
(0,0,0)
(0,0,0)
(0,0,0)
(0,0,0)
(0,0,0)
(0,0,0)
(0,0,0)
(0,0,0)
(0,0,0)
(0,0,0)
(0,0,0)
(0,0,0)
(0,0,0)
(0,0,0)
(0,0,0)
(0,0,0)
(0,0,0)
(0,0,0)
(0,0,0)
(0,0,0)
(0,0,0)
(0,0,0)
(0,0,0)
(0,0,0)
(0,0,0)
(0,0,0)
(0,0,0)
(0,0,0)
(0,0,0)
(0,0,0)
(0,0,0)
(0,0,0)
(0,0,0)
(0,0,0)
(0,0,0)
(0,0,0)
(0,0,0)
(0,0,0)
(0,0,0)
(0,0,0)
(0,0,0)
(0,0,0)
(0,0,0)
(0,0,0)
(0,0,0)
(0,0,0)
(0,0,0)
(0,0,0)
(0,0,0)
(0,0,0)
(0,0,0)
(0,0,0)
(22015773.8817053,70653.77486698,61016.612425896)
(22001378.8559972,67298.6504947575,131176.878031607)
(21968323.1286155,60210.7741537242,221595.903301067)
(21906581.0117795,48653.0551540896,347766.141299235)
(21796662.8474175,32350.4588155891,532432.809411727)
(21601208.8456261,12884.4179817844,810479.442485007)
(21242783.3179386,-4597.11445873637,1244478.63384278)
(20534508.7298983,-12375.2771145196,1997030.09922524)
(18936329.9863688,-10328.5696677484,3682432.34047711)
(14595993.0456927,-5057.74401206375,9040244.27246833)
(0,0,0)
(0,0,0)
(0,0,0)
(0,0,0)
(0,0,0)
(0,0,0)
(22001049.0974549,150675.889954021,57702.1720524883)
(21986631.9946345,144355.291718593,124107.103946489)
(21953281.7675032,130818.796428175,210121.734571583)
(21890388.4240613,108295.238084772,331575.780378012)
(21777494.2334534,75326.975717381,513006.282813584)
(21576575.4220706,33727.9883789175,793057.467639486)
(21212683.3795885,-5979.76853342226,1236866.98344167)
(20507349.1995481,-23007.4532608864,1999269.00894624)
(18919446.5489191,-17282.9667501353,3687786.10600862)
(14588615.2042464,-7381.08091246866,9045396.87362366)
(0,0,0)
(0,0,0)
(0,0,0)
(0,0,0)
(0,0,0)
(0,0,0)
(21967803.7438108,250527.970099558,51452.8229865456)
(21953343.6595092,242130.290262999,110616.487210047)
(21919352.2089737,223837.494013369,187702.473974964)
(21853716.2175429,192616.042602072,298778.436817476)
(21733039.9739361,144636.410156515,471542.170739582)
(21515705.7046525,79081.3296242606,753485.471912838)
(21131012.6851329,9453.57876243929,1220047.06549699)
(20432395.9760978,-20235.9336050525,2005232.1879341)
(18875865.0610222,-9709.06948737751,3697832.42541727)
(14570543.9689202,-431.943329810233,9052932.92017859)
(0,0,0)
(0,0,0)
(0,0,0)
(0,0,0)
(0,0,0)
(0,0,0)
(21906762.1344037,383189.789535079,43064.0181952345)
(21892325.5156143,374064.441693384,92329.6549465374)
(21857506.6348611,354021.267936123,156524.796697793)
(21787589.3306842,319376.213481726,250934.369947069)
(21652538.4309988,264368.945549067,406099.786290014)
(21398030.5594399,183697.142613887,683978.893519392)
(20949389.1429705,85792.2562104727,1190536.71719233)
(20261663.4443927,37900.1914675183,2016011.00403403)
(18787711.9963918,41525.9281420707,3707299.4845846)
(14536671.6555077,29259.6460927814,9053529.67119374)
(0,0,0)
(0,0,0)
(0,0,0)
(0,0,0)
(0,0,0)
(0,0,0)
(21799280.5806331,566869.542197331,33894.725763153)
(21785184.0079553,558423.107755836,72285.362289841)
(21750181.3699915,540071.182784415,121916.159915131)
(21676625.6038737,509013.955196721,196072.680015699)
(21525123.057704,461293.184039931,325570.803947221)
(21214835.9004567,394526.834967765,586208.088177779)
(20622749.5694859,315785.213876075,1142816.91483522)
(19945025.1045267,246790.020994011,2019885.59830492)
(18649533.0269135,180394.291560217,3695199.2914641)
(14486311.7399845,97484.6543763312,9024391.70177198)
(0,0,0)
(0,0,0)
(0,0,0)
(0,0,0)
(0,0,0)
(0,0,0)
(21607999.4039941,831869.82348779,25358.6300457871)
(21594866.0317311,824911.307006932,53881.3768136933)
(21561538.2058143,810085.106487492,90860.0767569601)
(21489345.8361629,785593.467696086,148477.222394394)
(21336106.0356137,748423.434981346,258982.301055452)
(21016929.6959407,694369.475590324,507577.542186706)
(20417346.2943602,619620.505040094,1073976.26668013)
(19769557.7605162,523923.456433969,1953681.93427357)
(18531809.5707603,381502.369854892,3612380.20181919)
(14428551.9475858,201740.291502413,8926966.36134006)
(0,0,0)
(0,0,0)
(0,0,0)
(0,0,0)
(0,0,0)
(0,0,0)
(21253208.1383182,1241154.93273181,18318.2014098347)
(21241771.3372646,1235773.60243784,38990.5375658163)
(21212261.7681373,1224617.72803565,66349.4952989033)
(21146758.6592318,1206868.28776704,111387.145609467)
(21003891.4905952,1180458.70609997,205135.726937306)
(20698709.9577074,1139287.23934935,432983.488004026)
(20117249.5639522,1067704.39443068,978451.856804308)
(19532649.4359136,940709.257651678,1811408.66968)
(18357467.0314279,686981.961180649,3432605.08477133)
(14330006.8046381,367255.849421238,8725195.39634599)
(0,0,0)
(0,0,0)
(0,0,0)
(0,0,0)
(0,0,0)
(0,0,0)
(20544232.0968828,1967040.1189628,12945.5259377431)
(20535232.6278402,1962672.82691528,27898.3201234657)
(20511716.414197,1953746.32808085,48690.7853241215)
(20458780.3969681,1939904.02186089,85077.0104776214)
(20341082.9292729,1919951.46038388,164180.295860171)
(20082265.9681831,1887835.2418012,361554.406953332)
(19573382.2252897,1814193.43633094,851573.349890602)
(19192074.0021648,1586400.48802286,1557804.1596287)
(18005733.223908,1215178.80735674,3112841.99330343)
(14101888.5696176,695051.597214647,8357876.33557039)
(0,0,0)
(0,0,0)
(0,0,0)
(0,0,0)
(0,0,0)
(0,0,0)
(18941925.959811,3633572.21272144,8627.14755819213)
(18935850.6065156,3629362.28998362,19091.9542736325)
(18920139.5546162,3620206.67769906,35002.1962335961)
(18885487.9431145,3604177.89926101,65243.0834738107)
(18811814.8487562,3575862.79517214,132247.429769997)
(18661977.0415141,3519685.21640985,288082.701765041)
(18391815.4687672,3393338.02874084,623881.806523352)
(18012135.9463348,3105863.11776086,1186644.82630435)
(16940180.6886405,2597970.47806208,2592683.45482049)
(13408025.1180224,1693869.14284846,7662785.48264684)
(0,0,0)
(0,0,0)
(0,0,0)
(0,0,0)
(0,0,0)
(0,0,0)
(14597989.4672963,8982518.51629883,4396.73140878433)
(14594966.8064845,8978071.78698421,10003.9422934106)
(14587270.3895434,8967912.86277012,19104.3368705079)
(14570624.7364541,8948622.07540165,37056.2367632848)
(14536369.3833952,8911416.01506265,76227.8598577599)
(14469044.9515834,8835064.47337086,161936.327906743)
(14344350.8544525,8672950.24108979,336587.287785327)
(14105439.7970317,8336216.25345145,678852.943698575)
(13408543.6270699,7657292.97669073,1688557.10058702)
(10902376.3901816,5968781.44874757,5968845.73364603)
(0,0,0)
(0,0,0)
(0,0,0)
(0,0,0)
(0,0,0)
(0,0,0)
(0,0,0)
(0,0,0)
(0,0,0)
(0,0,0)
(0,0,0)
(0,0,0)
(0,0,0)
(0,0,0)
(0,0,0)
(0,0,0)
(0,0,0)
(0,0,0)
(0,0,0)
(0,0,0)
(0,0,0)
(0,0,0)
(0,0,0)
(0,0,0)
(0,0,0)
(0,0,0)
(0,0,0)
(0,0,0)
(0,0,0)
(0,0,0)
(0,0,0)
(0,0,0)
(0,0,0)
(0,0,0)
(0,0,0)
(0,0,0)
(0,0,0)
(0,0,0)
(0,0,0)
(0,0,0)
(0,0,0)
(0,0,0)
(0,0,0)
(0,0,0)
(0,0,0)
(0,0,0)
(0,0,0)
(0,0,0)
(0,0,0)
(0,0,0)
(0,0,0)
(0,0,0)
(0,0,0)
(0,0,0)
(0,0,0)
(0,0,0)
(0,0,0)
(0,0,0)
(0,0,0)
(0,0,0)
(0,0,0)
(0,0,0)
(0,0,0)
(0,0,0)
(0,0,0)
(0,0,0)
(0,0,0)
(0,0,0)
(0,0,0)
(0,0,0)
(0,0,0)
(0,0,0)
(0,0,0)
(0,0,0)
(0,0,0)
(0,0,0)
(0,0,0)
(0,0,0)
(0,0,0)
(0,0,0)
(0,0,0)
(0,0,0)
(0,0,0)
(0,0,0)
(0,0,0)
(0,0,0)
(0,0,0)
(0,0,0)
(0,0,0)
(0,0,0)
(0,0,0)
(0,0,0)
(0,0,0)
(0,0,0)
(0,0,0)
(0,0,0)
(0,0,0)
(0,0,0)
(0,0,0)
(0,0,0)
(0,0,0)
(0,0,0)
(-383167.463555441,56055.1871252785,46663.5461006909)
(-399010.564135036,52660.2770140893,98170.0771840192)
(-434909.996304798,45240.3014494072,159940.288620281)
(-500199.508729799,32510.5635417431,237987.633553137)
(-611893.132106461,13219.1957503249,337101.805292058)
(-798220.957633558,-11734.8067383369,452043.803255497)
(-1102794.79359552,-34720.9431396987,536120.245894744)
(-1584764.59607616,-39536.7399344212,398707.699768964)
(-2275817.46057564,-27215.4296142386,-658152.035707044)
(-2789719.09972545,-12463.3878417958,-5556199.11448177)
(0,0,0)
(0,0,0)
(0,0,0)
(0,0,0)
(0,0,0)
(0,0,0)
(-399951.652435552,117519.531249685,43313.7937313458)
(-415540.446990015,111134.499500134,90789.400835061)
(-451082.915600795,96907.4557053086,147264.317648448)
(-516430.862283265,71635.2423754476,218736.313124542)
(-629792.577541211,30876.7308114009,312142.977023259)
(-821160.080347504,-27188.7226921454,429109.783360456)
(-1132847.81513203,-87743.5320717165,531440.954978199)
(-1610160.83538831,-98027.7758006157,411219.413746091)
(-2288538.45522193,-60910.5608388824,-643323.062922695)
(-2794205.98994227,-25497.0873958538,-5543690.78121462)
(0,0,0)
(0,0,0)
(0,0,0)
(0,0,0)
(0,0,0)
(0,0,0)
(-437388.657059755,189476.462430062,37012.8576555857)
(-452470.08327478,181104.373576161,76634.1143289002)
(-487365.091552762,161967.974969615,122068.283556247)
(-553336.558587807,126455.10927803,178078.58074956)
(-672526.171806364,64113.8968109251,254184.948457791)
(-883555.843433119,-38648.5668974202,368683.728713848)
(-1233333.47722692,-172252.332226554,521316.079193779)
(-1698070.31465706,-191005.056138913,448537.038252121)
(-2327090.94016397,-97870.4061054512,-607769.727329683)
(-2806564.46996774,-34307.0159705395,-5518073.97190183)
(0,0,0)
(0,0,0)
(0,0,0)
(0,0,0)
(0,0,0)
(0,0,0)
(-504271.364825625,275645.99711155,28641.3525131456)
(-518565.044590813,266879.773241131,57533.9010185077)
(-552480.50439716,246664.457025468,86601.9461861903)
(-619780.720300187,208365.72538007,115838.76903377)
(-752193.407572243,136916.743521184,151545.148859793)
(-1020977.21176405,460.937684260797,235220.803447358)
(-1545674.74536632,-240900.99222206,502710.739744849)
(-1985984.58172053,-278771.184743117,541902.282427512)
(-2423778.7551584,-96700.0338182002,-543999.950344151)
(-2833112.91925519,-21138.1948777301,-5483606.80870889)
(0,0,0)
(0,0,0)
(0,0,0)
(0,0,0)
(0,0,0)
(0,0,0)
(-616624.676816197,375538.196534123,19790.4459920248)
(-629741.199507931,368070.908720334,37301.9059413663)
(-661794.300657612,351391.213700065,48328.2078810485)
(-729095.855640225,321681.51076431,44511.2699761319)
(-877169.8766626,272241.595308679,15256.7405204164)
(-1256320.2484084,196626.918239065,-5975.70320405844)
(-2495707.64622077,110380.034328346,464977.873917369)
(-2960529.10235226,71304.8624720387,724233.421546396)
(-2613568.59886364,62659.3036922056,-468246.90222148)
(-2876660.83232663,39724.2261584244,-5462359.36298111)
(0,0,0)
(0,0,0)
(0,0,0)
(0,0,0)
(0,0,0)
(0,0,0)
(-801905.121978082,477001.530185735,12218.5802860358)
(-813390.613497101,471753.613141449,20569.909058397)
(-842106.491857813,460750.182042104,18633.026353712)
(-904681.221731178,442929.418050649,-4810.43507337421)
(-1048654.07566358,416149.198356801,-60180.5388788883)
(-1426912.27347428,376130.799975688,-92065.0632351768)
(-2606107.87207468,319472.191553292,426074.333939843)
(-3032096.93133405,286985.49392078,715825.782306603)
(-2702035.87584743,207165.875098942,-491057.954527296)
(-2920184.85557634,103191.63815071,-5502011.17539213)
(0,0,0)
(0,0,0)
(0,0,0)
(0,0,0)
(0,0,0)
(0,0,0)
(-1104849.90864566,531948.128688889,6888.83642601961)
(-1114311.41569466,528998.708525939,9503.88196607451)
(-1138442.56872258,523895.375221933,840.41361124734)
(-1192973.32938347,518769.214250483,-31490.0060079187)
(-1325191.51150321,517546.878290842,-100027.295878256)
(-1695612.54581714,522756.200218031,-148552.804630688)
(-2925551.16803923,523770.01403128,393727.492848251)
(-3319174.31251394,600158.047685697,636156.075476159)
(-2835744.25816371,335321.464280076,-595010.836147834)
(-2991987.44884163,139168.387619776,-5605215.94417193)
(0,0,0)
(0,0,0)
(0,0,0)
(0,0,0)
(0,0,0)
(0,0,0)
(-1588285.43665857,364309.602116565,3933.44807894181)
(-1595410.80347556,362927.249223492,4425.72666245258)
(-1613832.28143619,361846.432211545,-4199.2467286943)
(-1656600.86151183,366347.89238746,-32619.2784204121)
(-1766035.26355614,390470.364878168,-94647.1842133097)
(-2105853.64061876,467380.864275491,-147374.851503698)
(-3449188.65460702,632548.927040006,470194.503349645)
(-2811674.14866329,406469.061607506,371409.028221337)
(-2942267.80180064,149676.402093728,-791167.49591828)
(-3103111.12453883,1198.92958259705,-5744420.95575937)
(0,0,0)
(0,0,0)
(0,0,0)
(0,0,0)
(0,0,0)
(0,0,0)
(-2281614.64759531,-710924.289287346,2551.88677543026)
(-2286262.22756265,-712037.185769571,3406.54381210144)
(-2298065.92417563,-713175.755456238,411.598236984639)
(-2324382.23088521,-711183.713723716,-8409.23368674097)
(-2384687.88714092,-700029.847334896,-17628.8976111591)
(-2528778.09097621,-673595.577965084,17880.0650848048)
(-2843800.3901545,-654350.982515395,244173.221527165)
(-2947118.55612377,-800980.53117753,114654.704735912)
(-3218294.5410999,-933757.057790649,-939659.217673991)
(-3269171.63889924,-811841.314417892,-5745644.82878656)
(0,0,0)
(0,0,0)
(0,0,0)
(0,0,0)
(0,0,0)
(0,0,0)
(-2794225.15945686,-5616310.57499595,1378.30042710823)
(-2796489.52773545,-5617728.59307717,2303.42991994553)
(-2802132.14904717,-5620174.28920586,2481.89022548768)
(-2814303.44101915,-5622810.87321159,2814.61515175181)
(-2840225.09877768,-5625715.24717565,8871.88513065711)
(-2894495.40729084,-5634611.16969188,37205.2236968285)
(-2994774.75110577,-5671883.59205167,97640.8267567033)
(-3106417.72050113,-5769628.63811332,-18076.1608095364)
(-3270171.40854187,-5751593.33921924,-817747.455803939)
(-3155816.87124195,-4933813.45969759,-4933804.66113546)
(0,0,0)
(0,0,0)
(0,0,0)
(0,0,0)
(0,0,0)
(0,0,0)
(0,0,0)
(0,0,0)
(0,0,0)
(0,0,0)
(0,0,0)
(0,0,0)
(0,0,0)
(0,0,0)
(0,0,0)
(0,0,0)
(0,0,0)
(0,0,0)
(0,0,0)
(0,0,0)
(0,0,0)
(0,0,0)
(0,0,0)
(0,0,0)
(0,0,0)
(0,0,0)
(0,0,0)
(0,0,0)
(0,0,0)
(0,0,0)
(0,0,0)
(0,0,0)
(0,0,0)
(0,0,0)
(0,0,0)
(0,0,0)
(0,0,0)
(0,0,0)
(0,0,0)
(0,0,0)
(0,0,0)
(0,0,0)
(0,0,0)
(0,0,0)
(0,0,0)
(0,0,0)
(0,0,0)
(0,0,0)
(0,0,0)
(0,0,0)
(0,0,0)
(0,0,0)
(0,0,0)
(0,0,0)
(0,0,0)
(0,0,0)
(0,0,0)
(0,0,0)
(0,0,0)
(0,0,0)
(0,0,0)
(0,0,0)
(0,0,0)
(0,0,0)
(0,0,0)
(0,0,0)
(0,0,0)
(0,0,0)
(0,0,0)
(0,0,0)
(0,0,0)
(0,0,0)
(0,0,0)
(0,0,0)
(0,0,0)
(0,0,0)
(0,0,0)
(0,0,0)
(0,0,0)
(0,0,0)
(0,0,0)
(0,0,0)
(0,0,0)
(0,0,0)
(0,0,0)
(0,0,0)
(0,0,0)
(0,0,0)
(0,0,0)
(0,0,0)
(0,0,0)
(0,0,0)
(0,0,0)
(0,0,0)
(0,0,0)
(0,0,0)
(0,0,0)
(0,0,0)
(0,0,0)
(0,0,0)
(0,0,0)
(0,0,0)
(-453299.673813508,39290.7148937292,30841.4953643381)
(-466722.062187037,36160.1436838004,62392.8497325401)
(-496412.350530547,29102.5026451094,94792.7013131814)
(-548169.196591781,16315.6628958635,126446.726279302)
(-631706.330390719,-4662.57125060198,150922.495814164)
(-760122.642752087,-34674.707245298,147498.888177986)
(-944578.537374196,-64794.9535397325,54077.585496392)
(-1173249.57785403,-64926.6833481143,-292510.749377619)
(-1356051.72652567,-39947.4251814755,-1172329.05824607)
(-1178298.33575383,-16967.016006987,-2766782.80621066)
(0,0,0)
(0,0,0)
(0,0,0)
(0,0,0)
(0,0,0)
(0,0,0)
(-468503.021472246,80081.9302225279,27760.1537078908)
(-481200.208585969,74207.8133521261,55372.2456355224)
(-509249.265826871,60605.2191876135,82035.8793190953)
(-558268.321086484,34706.4593674663,105482.541650708)
(-637994.260107836,-11885.7240730005,120907.377039726)
(-762702.291053977,-89649.5522205869,117424.432721492)
(-945936.397294538,-188319.407034428,54037.4683786986)
(-1167657.88862225,-186023.795996977,-267368.36573851)
(-1347034.29556072,-99538.7039480513,-1149281.24663312)
(-1172752.10485924,-37895.9137196631,-2749806.23400356)
(0,0,0)
(0,0,0)
(0,0,0)
(0,0,0)
(0,0,0)
(0,0,0)
(-501830.601874569,122537.257839811,21986.6171975333)
(-513090.141466552,114941.313280392,41873.1754610386)
(-537883.946175073,96778.0494832837,56219.1997876782)
(-581286.637211082,59917.6750217188,58958.0627566972)
(-653043.192989063,-15656.2395682656,43245.5994346609)
(-772603.519664991,-176229.657984998,18873.3814309271)
(-974461.412461495,-484767.106522245,56449.0161533139)
(-1167878.5990718,-479065.628378132,-180700.867050807)
(-1325173.44355348,-194636.381306834,-1087520.68630252)
(-1159262.3399472,-60878.8260642759,-2711839.90397848)
(0,0,0)
(0,0,0)
(0,0,0)
(0,0,0)
(0,0,0)
(0,0,0)
(-559332.222338762,163189.802766229,14408.3125867304)
(-568552.977588075,155573.358275249,23764.2005891434)
(-588582.768555897,137239.592187684,19404.9220434847)
(-622826.304723045,98941.611614609,-16573.430126543)
(-679037.67393122,11854.8250292727,-117240.228365105)
(-789929.279249409,-234967.671881653,-289550.146983096)
(-1191215.59463354,-1191040.55447497,62264.150236859)
(-1253326.58081157,-1253416.63081878,103957.151768527)
(-1274372.82911401,-286538.620566706,-953546.535015986)
(-1132040.18431801,-64698.5998533064,-2650799.49616423)
(0,0,0)
(0,0,0)
(0,0,0)
(0,0,0)
(0,0,0)
(0,0,0)
(-650343.541744509,190179.615057874,6729.0526366654)
(-657159.982909449,184323.825017444,5397.369295993)
(-671214.453325237,170967.2599777,-18910.1458263921)
(-691418.920884483,145976.261842901,-103621.730810424)
(-705676.757090315,100693.471071792,-363953.496425232)
(-635831.231468126,26048.719597577,-1245458.90484473)
(8.06610674761513e-05,2.33304297388638e-05,-5.37824904744153e-05)
(-509.246923317737,-260.594441506214,1071124.52397423)
(-1071742.05786044,-25784.25320745,-731456.384388283)
(-1083094.93414332,-3781.63429078096,-2585939.2481341)
(0,0,0)
(0,0,0)
(0,0,0)
(0,0,0)
(0,0,0)
(0,0,0)
(-786522.047594785,174014.021218523,782.519456058003)
(-791050.605566852,170779.36907305,-8013.03252979869)
(-799574.698184626,164325.065136872,-43902.6313621507)
(-808318.016865005,154546.080967376,-148835.655352803)
(-797941.799681285,139611.323123466,-438465.783386789)
(-675494.094903611,107487.685612222,-1271322.9279721)
(7.42697475298773e-05,3.0443864610975e-05,-4.17771077440586e-05)
(-274.832822783585,-30.2848877954531,1045851.08743438)
(-1046239.06773667,73551.4303850879,-709281.404268912)
(-1082659.2298911,31423.1083004206,-2582011.77254523)
(0,0,0)
(0,0,0)
(0,0,0)
(0,0,0)
(0,0,0)
(0,0,0)
(-976639.783269554,48339.0444198674,-2535.14857743838)
(-979264.16536765,47731.6357281781,-14534.6655595802)
(-983329.713959578,48332.0881868707,-53654.5433725792)
(-983350.923434857,54982.2632201163,-163713.131573931)
(-955423.168435424,76605.0091761395,-470475.160694404)
(-792466.362462614,112457.591487629,-1378591.24992433)
(0.000201267228287115,-7.24013875819445e-05,-5.48875400712235e-05)
(-357.287498071419,1107681.84974893,1119563.28263863)
(-1120143.26744467,228868.362830396,-751354.640525714)
(-1126598.41984011,28078.1362826362,-2613398.69750948)
(0,0,0)
(0,0,0)
(0,0,0)
(0,0,0)
(0,0,0)
(0,0,0)
(-1207381.88612028,-329396.047908352,-3168.45821007978)
(-1208658.47274897,-328259.961165265,-13929.1920432334)
(-1209789.03979156,-322698.219406028,-46942.1260949598)
(-1204817.47022379,-301699.941562681,-142043.312600207)
(-1168546.53088823,-228407.148141223,-434519.88795076)
(-981421.821569782,44298.8392070437,-1490792.95471915)
(-432.828428313096,1237858.95921909,1107635.36021299)
(-1108116.44148516,270999.529391041,240759.973392735)
(-1394164.00026566,-126348.622899903,-952126.842411953)
(-1220783.2698448,-164895.796025339,-2641480.76479806)
(0,0,0)
(0,0,0)
(0,0,0)
(0,0,0)
(0,0,0)
(0,0,0)
(-1384934.79217688,-1224009.64013539,-2066.26319139018)
(-1385482.95298335,-1222743.15815706,-8362.34077887088)
(-1385555.37056899,-1217705.12346968,-25865.9903218394)
(-1381762.86285681,-1201526.01706644,-68659.2828464703)
(-1364051.85735457,-1155948.06401546,-161754.396758579)
(-1309430.88455643,-1039610.29747941,-297192.466491911)
(-1238427.04092987,-805533.411039531,140826.55454206)
(-1418317.52862635,-960422.902899719,-156552.040664586)
(-1524850.65719809,-985714.73864365,-990629.808822629)
(-1249561.08830294,-698540.718411323,-2476595.43703301)
(0,0,0)
(0,0,0)
(0,0,0)
(0,0,0)
(0,0,0)
(0,0,0)
(-1194632.12488766,-2822745.26135684,-857.413347735979)
(-1194836.14551827,-2821932.74029848,-3321.21342349151)
(-1194793.07467867,-2818712.84786162,-9652.56340004571)
(-1193287.0351603,-2809138.96970986,-23056.0166154482)
(-1187734.26681301,-2786075.46479648,-45419.4477991063)
(-1175782.64080158,-2740618.2430051,-63124.2687626901)
(-1171925.19004094,-2677470.2973958,-14036.943471209)
(-1235571.40712528,-2663454.92356436,-181851.236182408)
(-1252711.64268469,-2481572.15124499,-703453.589438227)
(-1001692.17200167,-1778062.92296721,-1778056.08412261)
(0,0,0)
(0,0,0)
(0,0,0)
(0,0,0)
(0,0,0)
(0,0,0)
(0,0,0)
(0,0,0)
(0,0,0)
(0,0,0)
(0,0,0)
(0,0,0)
(0,0,0)
(0,0,0)
(0,0,0)
(0,0,0)
(0,0,0)
(0,0,0)
(0,0,0)
(0,0,0)
(0,0,0)
(0,0,0)
(0,0,0)
(0,0,0)
(0,0,0)
(0,0,0)
(0,0,0)
(0,0,0)
(0,0,0)
(0,0,0)
(0,0,0)
(0,0,0)
(0,0,0)
(0,0,0)
(0,0,0)
(0,0,0)
(0,0,0)
(0,0,0)
(0,0,0)
(0,0,0)
(0,0,0)
(0,0,0)
(0,0,0)
(0,0,0)
(0,0,0)
(0,0,0)
(0,0,0)
(0,0,0)
(0,0,0)
(0,0,0)
(0,0,0)
(0,0,0)
(0,0,0)
(0,0,0)
(0,0,0)
(0,0,0)
(0,0,0)
(0,0,0)
(0,0,0)
(0,0,0)
(0,0,0)
(0,0,0)
(0,0,0)
(0,0,0)
(0,0,0)
(0,0,0)
(0,0,0)
(0,0,0)
(0,0,0)
(0,0,0)
(0,0,0)
(0,0,0)
(0,0,0)
(0,0,0)
(0,0,0)
(0,0,0)
(0,0,0)
(0,0,0)
(0,0,0)
(0,0,0)
(0,0,0)
(0,0,0)
(0,0,0)
(0,0,0)
(0,0,0)
(0,0,0)
(0,0,0)
(0,0,0)
(0,0,0)
(0,0,0)
(0,0,0)
(0,0,0)
(0,0,0)
(0,0,0)
(0,0,0)
(0,0,0)
(0,0,0)
(0,0,0)
(0,0,0)
(0,0,0)
(0,0,0)
(0,0,0)
(-494714.368963286,24020.8656712154,17393.8294785666)
(-503772.139308485,21656.3430313654,32787.5635686536)
(-523008.974419563,16248.9543548102,43135.2331028538)
(-554288.90977992,6198.13769368466,43056.8085973075)
(-600338.727333958,-10970.1710685386,22659.3766090874)
(-663275.441017124,-37267.0168578048,-36920.8082680772)
(-740704.838912952,-66153.2719756471,-174641.234753674)
(-813054.444572461,-59325.4312145102,-475510.936820742)
(-805814.450680693,-30931.473702087,-994816.738963652)
(-572997.83525567,-11433.2498743554,-1588683.98958745)
(0,0,0)
(0,0,0)
(0,0,0)
(0,0,0)
(0,0,0)
(0,0,0)
(-506195.131356982,46638.2516341529,15074.7239218004)
(-514155.994717406,42254.1747275783,27432.6783570161)
(-530645.603646825,31915.2854058439,33162.6851259351)
(-556483.64475274,11637.9234650342,25938.2230208456)
(-592412.105514699,-26983.4207834573,-3630.68185737662)
(-638204.826093951,-99598.3450868056,-65796.8185883996)
(-693273.615340124,-216851.009341556,-167761.8631769)
(-761526.148921754,-186253.750892931,-446965.28319896)
(-772015.11005604,-77684.2607971134,-975231.681608626)
(-557772.381797765,-24404.2686330177,-1577240.3859114)
(0,0,0)
(0,0,0)
(0,0,0)
(0,0,0)
(0,0,0)
(0,0,0)
(-530829.440013943,64890.0166165694,10747.0731569587)
(-536656.382324772,59371.6636079289,17195.8251348334)
(-547777.548900578,45998.6364499806,13006.076816206)
(-562293.717900771,18271.3733122595,-12620.2923413233)
(-574680.234145086,-41791.6002820308,-76175.0716867281)
(-571679.627034873,-193718.835025204,-182978.474378431)
(-535546.39662818,-701644.51699956,-137099.982553725)
(-588399.504061823,-564610.966496268,-338221.861960372)
(-675322.213926724,-143913.839540149,-921843.51284411)
(-519027.653692142,-33683.739339667,-1552798.72839254)
(0,0,0)
(0,0,0)
(0,0,0)
(0,0,0)
(0,0,0)
(0,0,0)
(-571690.390427223,72036.2694193746,5211.91528565516)
(-574663.497389083,66825.9631969959,3868.1354975896)
(-578526.628254749,54470.7904350904,-14660.1587886674)
(-576718.018905515,30181.0096236259,-72678.080917568)
(-550439.345407185,-14982.0889722455,-228085.920751396)
(-439841.026073833,-81045.209129343,-690847.799822838)
(3.91017274937219e-05,8.44657083039059e-06,-2.01921993751134e-05)
(-29.6124296789393,-707.611111714648,82752.821756046)
(-440155.850322155,-83983.4626136237,-811394.533962339)
(-442366.039200093,-15777.2683471737,-1518975.15007274)
(0,0,0)
(0,0,0)
(0,0,0)
(0,0,0)
(0,0,0)
(0,0,0)
(-632106.842056707,53855.4408019619,-55.8710703880772)
(-632166.354132634,50285.9785671265,-8509.51521734193)
(-628720.184336962,42425.8124605467,-38958.8062310778)
(-611237.145387603,28873.4470997162,-117833.019204052)
(-552592.861820965,8237.44141779982,-294136.444863441)
(-387642.788643648,-13697.8769056575,-609672.219911573)
(-3.9532057260384e-06,3.17480897282523e-06,9.60730059037679e-05)
(8.816420743399e-05,1.32277007285109e-05,-5.48878959239202e-06)
(272.018403822709,-283.926248086234,-742868.497022701)
(-335374.262083647,-3354.24063739837,-1503012.19679215)
(0,0,0)
(0,0,0)
(0,0,0)
(0,0,0)
(0,0,0)
(0,0,0)
(-712741.931996353,-16219.3962895188,-3705.27850695493)
(-710494.355611754,-17557.5263767702,-16418.023518156)
(-701470.242627275,-19567.254523887,-52529.4120910751)
(-672941.481022328,-20592.3355832676,-138440.165250763)
(-594154.412062843,-17931.8261234971,-316058.285327892)
(-399866.051088257,-9495.61909819779,-595888.586950694)
(1.8846880995894e-06,8.19382179443108e-06,7.34661382941405e-05)
(6.42045492377655e-05,2.43054129186263e-05,-2.07913551728254e-06)
(79.0034778437,-267.121575869475,-745717.384289764)
(-319760.565638577,-12498.5307848208,-1499471.75839488)
(0,0,0)
(0,0,0)
(0,0,0)
(0,0,0)
(0,0,0)
(0,0,0)
(-805187.877019593,-182553.756561904,-5117.5459775769)
(-801606.274678731,-181820.920211386,-18512.0428318732)
(-789519.361540533,-178295.187784789,-53594.4619900216)
(-755132.277752247,-166636.750333003,-135768.692922893)
(-664882.647936551,-136650.384775417,-307590.654769841)
(-446724.481843541,-76519.517911613,-586308.636575518)
(1.13738848607272e-05,0.000117290655588104,8.6857841143652e-05)
(0.000111316642869018,-1.29385511340699e-06,8.78951993812414e-07)
(109.857566329312,-45081.1877135128,-757834.970189714)
(-343982.935064159,-66068.2210027356,-1486880.76474776)
(0,0,0)
(0,0,0)
(0,0,0)
(0,0,0)
(0,0,0)
(0,0,0)
(-878323.920673548,-507204.414779139,-4407.30722950345)
(-874535.962607524,-505354.433792469,-14996.3037898769)
(-862385.71281095,-498757.132026865,-41937.6865284016)
(-828696.314571558,-478939.93950207,-105755.653011564)
(-739335.125982621,-424177.64730192,-247439.795390654)
(-511706.644056192,-283829.03295265,-509845.457863213)
(0.000136179795981907,-5.76822558963698e-06,-7.63676890642421e-06)
(-151.600602508485,-39174.4855795272,-45233.8903257526)
(-448640.439966267,-257023.91121727,-778814.727121378)
(-451173.08686683,-193688.704368103,-1420804.42673399)
(0,0,0)
(0,0,0)
(0,0,0)
(0,0,0)
(0,0,0)
(0,0,0)
(-855544.58411127,-1034013.28083517,-2581.34200957647)
(-852577.380277478,-1032434.74756358,-8406.60094434657)
(-843370.803711725,-1027290.69185671,-22057.6079717653)
(-818459.822553608,-1013405.89348827,-50894.6942887698)
(-752016.871225377,-979973.803050981,-107133.524668902)
(-567994.698100338,-906196.529066664,-226202.215010975)
(329.408178622806,-739155.582561103,-39042.4780801105)
(-455698.487923995,-777761.631681813,-263074.372680192)
(-615891.80212419,-713637.231986131,-715419.906985224)
(-480839.036359446,-450714.0410087,-1227116.62228813)
(0,0,0)
(0,0,0)
(0,0,0)
(0,0,0)
(0,0,0)
(0,0,0)
(-599079.478659978,-1628542.96373912,-1022.96332374774)
(-597524.999512252,-1627534.11558376,-3234.74130960409)
(-592893.490715582,-1624322.05648876,-8102.96064064808)
(-581112.928735083,-1616246.82449594,-17436.1360581943)
(-552952.465048543,-1598743.48140404,-33448.2594695824)
(-490947.64352349,-1565192.81752222,-59286.9682921284)
(-386870.245610894,-1505805.16603411,-77692.3292491964)
(-463997.605645958,-1428038.8906118,-198988.87179855)
(-483889.077804413,-1228961.86945804,-452486.799206922)
(-352056.088151642,-776419.711138742,-776417.21292691)
(0,0,0)
(0,0,0)
(0,0,0)
(0,0,0)
(0,0,0)
(0,0,0)
(0,0,0)
(0,0,0)
(0,0,0)
(0,0,0)
(0,0,0)
(0,0,0)
(0,0,0)
(0,0,0)
(0,0,0)
(0,0,0)
(0,0,0)
(0,0,0)
(0,0,0)
(0,0,0)
(0,0,0)
(0,0,0)
(0,0,0)
(0,0,0)
(0,0,0)
(0,0,0)
(0,0,0)
(0,0,0)
(0,0,0)
(0,0,0)
(0,0,0)
(0,0,0)
(0,0,0)
(0,0,0)
(0,0,0)
(0,0,0)
(0,0,0)
(0,0,0)
(0,0,0)
(0,0,0)
(0,0,0)
(0,0,0)
(0,0,0)
(0,0,0)
(0,0,0)
(0,0,0)
(0,0,0)
(0,0,0)
(0,0,0)
(0,0,0)
(0,0,0)
(0,0,0)
(0,0,0)
(0,0,0)
(0,0,0)
(0,0,0)
(0,0,0)
(0,0,0)
(0,0,0)
(0,0,0)
(0,0,0)
(0,0,0)
(0,0,0)
(0,0,0)
(0,0,0)
(0,0,0)
(0,0,0)
(0,0,0)
(0,0,0)
(0,0,0)
(0,0,0)
(0,0,0)
(0,0,0)
(0,0,0)
(0,0,0)
(0,0,0)
(0,0,0)
(0,0,0)
(0,0,0)
(0,0,0)
(0,0,0)
(0,0,0)
(0,0,0)
(0,0,0)
(0,0,0)
(0,0,0)
(0,0,0)
(0,0,0)
(0,0,0)
(0,0,0)
(0,0,0)
(0,0,0)
(0,0,0)
(0,0,0)
(0,0,0)
(0,0,0)
(0,0,0)
(0,0,0)
(0,0,0)
(0,0,0)
(0,0,0)
(0,0,0)
(-515441.597577356,12389.0921076374,8338.13650643666)
(-520280.886135006,11180.5586776623,13666.3246552964)
(-529833.335674597,8529.17293942986,11961.5129709003)
(-543463.661971668,3935.65932564745,-2799.39416300483)
(-559934.398156308,-3092.20054978933,-40111.5227908686)
(-576812.82387571,-12249.0473245679,-114325.092607706)
(-589223.799742405,-18753.8491824338,-247052.282595827)
(-583748.198184201,-7843.56900907048,-468514.959975012)
(-514869.396999395,2830.88142396312,-762290.895080246)
(-323059.505258218,3764.52510044563,-1015993.75017821)
(0,0,0)
(0,0,0)
(0,0,0)
(0,0,0)
(0,0,0)
(0,0,0)
(-522732.360907487,21776.158195843,7150.1634623024)
(-526442.104225066,19566.4661511205,11050.3654965077)
(-533151.559932794,14626.8511614461,7458.6435604636)
(-541018.969985656,5713.72772612612,-9784.09960710208)
(-546680.198535752,-9343.13502416359,-49265.0721116687)
(-545713.4116394,-33166.6865503928,-120838.847340397)
(-537618.655556651,-59169.8574853975,-236077.798820903)
(-534568.23500605,-13188.1753012,-457691.10644447)
(-484597.878415572,18971.544368466,-761249.001029421)
(-309861.708660548,14339.6998399028,-1019734.8489061)
(0,0,0)
(0,0,0)
(0,0,0)
(0,0,0)
(0,0,0)
(0,0,0)
(-537888.137076733,23858.846696417,4976.00856221997)
(-539466.955357901,21184.2705722368,6168.77717423454)
(-540716.424814092,15107.5513929992,-1373.04714380431)
(-536843.087602973,3735.31774815341,-24845.2674636353)
(-518123.453660237,-17673.0324151081,-73072.1505575383)
(-469074.507401797,-62033.667875882,-146810.288865139)
(-385282.030663468,-166238.966377749,-190005.5459375)
(-389920.371126073,23663.6615553042,-425336.515729757)
(-407098.377273807,91160.3869577773,-765749.194971993)
(-279351.408286534,42940.8164459738,-1034026.55698365)
(0,0,0)
(0,0,0)
(0,0,0)
(0,0,0)
(0,0,0)
(0,0,0)
(-561705.550981583,11573.1442934208,2300.86295735333)
(-560533.947383953,9227.16569404334,128.41783042089)
(-554713.473845381,4138.05132942619,-12715.2365153779)
(-534940.384096084,-4460.37560285218,-46297.1779738027)
(-479690.238620825,-17257.5900776552,-117461.727097614)
(-339367.685366499,-28963.5532098522,-251005.182470976)
(3.43734270182812e-05,8.73797141206983e-06,1.44731901706625e-06)
(-114.968407847593,-704.085986872305,-357527.266567066)
(-249156.184685576,356370.536569029,-813737.081814907)
(-227530.633446824,91180.1722391732,-1076811.84336136)
(0,0,0)
(0,0,0)
(0,0,0)
(0,0,0)
(0,0,0)
(0,0,0)
(-593673.743000672,-26807.8021737799,-52.1525888298232)
(-589927.535399185,-28115.9173808644,-4947.88824736915)
(-577731.122950823,-30463.3659579476,-21335.5323461351)
(-544976.034726565,-32957.1790985524,-59099.839511475)
(-466314.436737172,-33430.4068522341,-129205.447820687)
(-297774.573371352,-25984.1975154155,-222053.01878742)
(-3.51936502186105e-06,1.85105662568148e-06,8.71480922094412e-06)
(7.70147007772962e-05,3.32793473476284e-06,1.60203730843888e-05)
(52.3889398095327,-476.065706280174,-1078590.64745967)
(-167253.89467763,12246.5606419581,-1167777.40326847)
(0,0,0)
(0,0,0)
(0,0,0)
(0,0,0)
(0,0,0)
(0,0,0)
(-629445.690095028,-108699.33686419,-1404.70721091895)
(-623955.339995421,-108728.200043572,-7331.44016454592)
(-607672.81424603,-107701.245806997,-23890.9886967472)
(-567341.729234145,-102858.335945467,-59589.5836380198)
(-476628.827356291,-88731.3838075109,-121814.191389294)
(-295117.270773615,-56414.1976146652,-196132.971604688)
(1.23218683447782e-06,4.36853847302713e-06,-1.79925624538977e-11)
(5.33261416755952e-05,3.9134726755615e-06,1.02928516288099e-05)
(-162.285097097624,-131.625886776259,-1065581.0732935)
(-156627.222603458,-36685.3783058098,-1179782.47738085)
(0,0,0)
(0,0,0)
(0,0,0)
(0,0,0)
(0,0,0)
(0,0,0)
(-656640.877823364,-255773.726925421,-1472.60913501035)
(-650572.553076397,-254861.043929965,-6373.48685095648)
(-633177.296903494,-251294.232769166,-19122.5645258236)
(-591308.312433722,-240336.218714509,-45468.6470753007)
(-498361.154978494,-211223.167143366,-89498.3566975029)
(-311294.89088122,-141587.885819888,-139754.259454598)
(8.55551940631678e-06,8.50361797635123e-06,-2.12710631491527e-11)
(9.31862479967185e-05,5.6134821021787e-06,1.64303641746199e-05)
(-248.836061998977,-493704.719480911,-1101990.36890839)
(-166499.613462142,-173202.743732834,-1142956.3250834)
(0,0,0)
(0,0,0)
(0,0,0)
(0,0,0)
(0,0,0)
(0,0,0)
(-649018.802498776,-484524.976215336,-553.868884858315)
(-643602.109124693,-483546.497077914,-2802.26921973471)
(-628330.373002961,-479950.924794872,-8200.91700202782)
(-591939.472175898,-468928.277253746,-16365.7008584511)
(-510017.404477756,-437033.161412664,-19873.4280940218)
(-334734.432382603,-340237.91782573,1804.39223823553)
(0.000117916697612597,2.11450312404727e-05,5.57154325244162e-06)
(-304.230334913011,-494727.190011014,-493682.631823927)
(-230341.125151596,-424247.801939068,-781438.864180434)
(-212709.998526632,-223347.870744039,-969756.825509416)
(0,0,0)
(0,0,0)
(0,0,0)
(0,0,0)
(0,0,0)
(0,0,0)
(-562797.394653371,-777697.973770278,425.808097050825)
(-558936.605767983,-777572.645960898,811.18247053196)
(-548344.254183171,-777035.229962664,2868.93810975712)
(-523807.503857279,-776298.292788126,15586.6349478182)
(-469194.865240979,-781136.017922117,76867.4854728711)
(-344139.452303269,-829317.568618449,342091.890468513)
(-506.174288491209,-1126478.91626303,-495015.376907663)
(-236054.307646256,-786120.081518774,-423266.665677624)
(-301230.769542437,-581671.55315698,-580503.947041469)
(-216312.555779881,-321947.100283279,-746431.198081814)
(0,0,0)
(0,0,0)
(0,0,0)
(0,0,0)
(0,0,0)
(0,0,0)
(-347660.814889064,-1029665.92909966,549.291558477661)
(-345719.638130207,-1030227.93827768,1399.22249321981)
(-340556.532831212,-1031642.42570941,3669.46035558961)
(-329166.184836733,-1035319.45757934,10743.8812484434)
(-305908.656078937,-1045995.82828952,28559.8826462469)
(-262066.289223856,-1074435.52087651,44796.4806046649)
(-194683.887950873,-1119071.64730857,-154797.146009804)
(-221900.112986733,-964122.566709141,-218892.153478664)
(-218574.355108905,-745109.860153531,-320768.569177614)
(-145924.314526947,-424357.149382634,-424490.293702963)
(0,0,0)
(0,0,0)
(0,0,0)
(0,0,0)
(0,0,0)
(0,0,0)
(0,0,0)
(0,0,0)
(0,0,0)
(0,0,0)
(0,0,0)
(0,0,0)
(0,0,0)
(0,0,0)
(0,0,0)
(0,0,0)
(0,0,0)
(0,0,0)
(0,0,0)
(0,0,0)
(0,0,0)
(0,0,0)
(0,0,0)
(0,0,0)
(0,0,0)
(0,0,0)
(0,0,0)
(0,0,0)
(0,0,0)
(0,0,0)
(0,0,0)
(0,0,0)
(0,0,0)
(0,0,0)
(0,0,0)
(0,0,0)
(0,0,0)
(0,0,0)
(0,0,0)
(0,0,0)
(0,0,0)
(0,0,0)
(0,0,0)
(0,0,0)
(0,0,0)
(0,0,0)
(0,0,0)
(0,0,0)
(0,0,0)
(0,0,0)
(0,0,0)
(0,0,0)
(0,0,0)
(0,0,0)
(0,0,0)
(0,0,0)
(0,0,0)
(0,0,0)
(0,0,0)
(0,0,0)
(0,0,0)
(0,0,0)
(0,0,0)
(0,0,0)
(0,0,0)
(0,0,0)
(0,0,0)
(0,0,0)
(0,0,0)
(0,0,0)
(0,0,0)
(0,0,0)
(0,0,0)
(0,0,0)
(0,0,0)
(0,0,0)
(0,0,0)
(0,0,0)
(0,0,0)
(0,0,0)
(0,0,0)
(0,0,0)
(0,0,0)
(0,0,0)
(0,0,0)
(0,0,0)
(0,0,0)
(0,0,0)
(0,0,0)
(0,0,0)
(0,0,0)
(0,0,0)
(0,0,0)
(0,0,0)
(0,0,0)
(0,0,0)
(0,0,0)
(0,0,0)
(0,0,0)
(0,0,0)
(0,0,0)
(0,0,0)
(-523881.400492086,4929.02420127412,3510.7787134465)
(-525846.829368538,4881.59113200307,4195.13081497047)
(-529144.438412914,5091.53227928534,-1585.29872599406)
(-532206.837878924,6305.01020571938,-19147.1330244535)
(-532346.243221087,10109.278023837,-56844.5659835131)
(-525749.03814008,18754.8104993562,-126663.162218501)
(-507062.994763365,32749.4099098279,-241573.377107362)
(-466771.29357081,41225.5210856785,-399775.802806434)
(-376936.428857731,33024.5133412723,-570733.284289384)
(-217531.664823602,16936.0227633869,-693197.147487373)
(0,0,0)
(0,0,0)
(0,0,0)
(0,0,0)
(0,0,0)
(0,0,0)
(-527646.701581294,6380.68211710958,3462.68275797057)
(-528836.679533967,6330.68312406594,4408.16607480613)
(-530221.172591727,6895.64315608212,-326.332143064733)
(-529508.924982354,9803.19807256407,-15334.565013208)
(-522892.514831594,19173.5979445508,-48186.568638085)
(-505888.746425982,43398.2024321005,-112654.625784254)
(-477581.193445793,93067.2422269724,-233009.92021227)
(-449833.331097743,131340.363246869,-407859.666281779)
(-369110.71907919,96406.6283968009,-586728.94067371)
(-214401.713828463,44842.1346454934,-710095.047387879)
(0,0,0)
(0,0,0)
(0,0,0)
(0,0,0)
(0,0,0)
(0,0,0)
(-534891.368717347,-80.2369945604913,3464.15075227652)
(-534660.58908314,-32.3168806201646,5020.78448219451)
(-532405.419594432,983.629246718707,2621.79317189562)
(-523978.776327884,5552.5848336695,-5991.90486430136)
(-501678.69679477,20674.9721873954,-23938.0359726185)
(-454213.465884968,67533.0127645531,-62933.887821897)
(-379387.372098444,218832.368828029,-194593.672987986)
(-423907.130400319,413317.195574471,-442583.746041343)
(-364175.187633049,249013.350099916,-638113.657385207)
(-212483.266816869,94723.7638919031,-754863.428101274)
(0,0,0)
(0,0,0)
(0,0,0)
(0,0,0)
(0,0,0)
(0,0,0)
(-544973.61681842,-20377.3549703092,3565.18381258205)
(-542905.020372972,-20193.6140578694,6097.55397884471)
(-535894.937911601,-18951.6511305686,7214.29842235184)
(-516710.722796378,-14569.3950609337,9106.61701725275)
(-468854.040710586,-3969.44568543426,22914.836979853)
(-349818.679069155,12525.5711947886,88373.2722522725)
(1.87430766639145e-05,6.34119141941845e-07,1.32111858586182e-05)
(-491766.582451628,-708.165998308775,-606618.767835625)
(-420092.515604406,605498.61340854,-792167.700225411)
(-226955.568109754,151406.44844355,-849425.45011411)
(0,0,0)
(0,0,0)
(0,0,0)
(0,0,0)
(0,0,0)
(0,0,0)
(-555375.334610411,-62462.192141973,3786.42878140111)
(-551650.228638428,-62070.4696920633,7385.97765484676)
(-540473.446505666,-60405.4287484535,11582.0788275793)
(-512312.441820366,-55366.6094027699,19715.7002632219)
(-446100.124055449,-43829.3095490346,39361.2514450894)
(-298177.503340932,-23412.8988090211,75702.651418477)
(-4.08637379170646e-06,1.32458699989524e-07,3.81749813442627e-07)
(5.13656595817337e-05,-1.3989663795458e-06,2.70355631623107e-05)
(-765290.597904005,-702.939524167816,-1245934.28024828)
(-283993.981887431,22847.8753508314,-1000635.61994575)
(0,0,0)
(0,0,0)
(0,0,0)
(0,0,0)
(0,0,0)
(0,0,0)
(-560325.587962227,-135740.70245326,4158.40817849155)
(-555675.278345468,-135226.362971269,9034.23980775155)
(-542412.048448863,-133179.70292598,16547.7481881118)
(-510465.349118453,-126900.203555257,31204.9622249043)
(-438328.260546853,-110586.414542058,59661.5004084913)
(-285044.398017851,-72681.1154655431,98856.8443092494)
(-3.64190212137386e-07,6.20939527122754e-07,1.39808483771506e-12)
(3.68612337441768e-05,-3.33455164327658e-06,1.8400494593234e-05)
(-724251.575839003,-150.611388026812,-1222070.63289643)
(-286061.401774474,-46535.7217834201,-1023252.85659116)
(0,0,0)
(0,0,0)
(0,0,0)
(0,0,0)
(0,0,0)
(0,0,0)
(-548941.287125154,-248104.362252908,4664.06910144644)
(-544331.906038717,-247867.053179479,11064.1122719701)
(-531598.929231191,-246473.048906414,22779.0905801017)
(-501899.292603458,-241034.036208471,47503.9034030487)
(-435989.461236112,-222954.512638411,97500.3077570201)
(-292763.250285663,-165058.438660984,171345.990356897)
(4.73261038012541e-06,2.55045513366627e-06,-1.52409510227993e-12)
(5.13326398119611e-05,1.01675081694273e-05,2.83515468479582e-05)
(-793762.505072953,-723675.542361458,-1268278.8195019)
(-285381.790369807,-219380.053465152,-976552.3109125)
(0,0,0)
(0,0,0)
(0,0,0)
(0,0,0)
(0,0,0)
(0,0,0)
(-503708.404292621,-398351.966190322,4937.20573126825)
(-500065.498828775,-398973.314365956,12506.856621833)
(-490413.640765921,-400083.556980385,28200.6324587627)
(-469425.984681227,-400894.610114551,65547.7188701692)
(-426483.508556075,-396246.696477395,155306.006787469)
(-331207.353684355,-349555.559019419,336276.048447656)
(6.82434446953112e-05,3.73319432924484e-05,1.15017789194134e-05)
(-584022.873633702,-730332.970581353,-723599.523463821)
(-418620.912390887,-495111.69541321,-763883.58317278)
(-211858.005442117,-226955.975579905,-757159.654142541)
(0,0,0)
(0,0,0)
(0,0,0)
(0,0,0)
(0,0,0)
(0,0,0)
(-402838.64317274,-562644.253584517,4333.53591355999)
(-400550.200751877,-564468.78070126,11442.5972327562)
(-395052.888503736,-569374.659342252,27442.3339151924)
(-385701.884611066,-581774.989861836,70217.0944162655)
(-379151.603602763,-617948.506894628,201875.643195285)
(-430210.236320077,-747257.202630794,685648.070823455)
(-889182.970271946,-1320536.72442402,-730496.344845821)
(-436544.129645445,-771924.034300052,-488415.459127929)
(-290018.570394974,-499050.35492356,-495688.998765046)
(-157130.420798077,-251595.201716073,-530231.907610681)
(0,0,0)
(0,0,0)
(0,0,0)
(0,0,0)
(0,0,0)
(0,0,0)
(-230665.843645043,-682144.933051275,2505.70822273943)
(-229591.326614968,-684660.649130749,6569.26513699518)
(-227188.844048515,-691235.245627413,15062.1626394576)
(-223597.680124686,-706287.15505859,34005.8231241637)
(-222019.824401036,-740224.757773305,72393.2423249321)
(-236703.255879235,-812410.469260696,112183.475610218)
(-296708.418535825,-924332.03105811,-181996.687170735)
(-218063.316502423,-742184.164345682,-215573.353609415)
(-158446.347605101,-526559.537274337,-248192.178762436)
(-88632.2044987346,-278448.478226984,-278631.012279739)
(0,0,0)
(0,0,0)
(0,0,0)
(0,0,0)
(0,0,0)
(0,0,0)
(0,0,0)
(0,0,0)
(0,0,0)
(0,0,0)
(0,0,0)
(0,0,0)
(0,0,0)
(0,0,0)
(0,0,0)
(0,0,0)
(0,0,0)
(0,0,0)
(0,0,0)
(0,0,0)
(0,0,0)
(0,0,0)
(0,0,0)
(0,0,0)
(0,0,0)
(0,0,0)
(0,0,0)
(0,0,0)
(0,0,0)
(0,0,0)
(0,0,0)
(0,0,0)
(0,0,0)
(0,0,0)
(0,0,0)
(0,0,0)
(0,0,0)
(0,0,0)
(0,0,0)
(0,0,0)
(0,0,0)
(0,0,0)
(0,0,0)
(0,0,0)
(0,0,0)
(0,0,0)
(0,0,0)
(0,0,0)
(0,0,0)
(0,0,0)
(0,0,0)
(0,0,0)
(0,0,0)
(0,0,0)
(0,0,0)
(0,0,0)
(0,0,0)
(0,0,0)
(0,0,0)
(0,0,0)
(0,0,0)
(0,0,0)
(0,0,0)
(0,0,0)
(0,0,0)
(0,0,0)
(0,0,0)
(0,0,0)
(0,0,0)
(0,0,0)
(0,0,0)
(0,0,0)
(0,0,0)
(0,0,0)
(0,0,0)
(0,0,0)
(0,0,0)
(0,0,0)
(0,0,0)
(0,0,0)
(0,0,0)
(0,0,0)
(0,0,0)
(0,0,0)
(0,0,0)
(0,0,0)
(0,0,0)
(0,0,0)
(0,0,0)
(0,0,0)
(0,0,0)
(0,0,0)
(0,0,0)
(0,0,0)
(0,0,0)
(0,0,0)
(0,0,0)
(0,0,0)
(0,0,0)
(0,0,0)
(0,0,0)
(0,0,0)
(-526331.505783506,1015.34660270249,1434.75868872312)
(-526973.209550444,1756.24178727366,804.897083356365)
(-527562.818802571,3882.33831927647,-4659.06084626783)
(-526503.147885607,8900.85670144262,-19263.6075410255)
(-520935.207227443,19478.8797482974,-50153.5232829653)
(-506526.181602053,38511.3131336549,-107887.692954649)
(-475855.182617402,62147.9536251432,-201243.458725761)
(-416153.371389187,58088.5225568044,-309949.903464174)
(-316305.2853421,40800.3591111155,-411381.40609093)
(-173223.907738834,20063.0897062604,-475752.252881954)
(0,0,0)
(0,0,0)
(0,0,0)
(0,0,0)
(0,0,0)
(0,0,0)
(-527650.169262802,-1168.71699977819,2187.53128398437)
(-528098.655604205,258.597226166916,2947.15191533387)
(-528302.853171577,4521.40144094678,389.769373520068)
(-526786.987706819,15228.3121909641,-8659.62339154292)
(-521303.424381601,40328.0973507599,-31097.9314439954)
(-509254.846531801,95007.5226084233,-84228.0408129397)
(-485655.235159868,191188.172817728,-205194.218291447)
(-426997.156480456,157194.817700519,-327136.688052435)
(-324678.289453617,101311.64019621,-432080.398763103)
(-177419.970488839,46779.7471655861,-495778.799562056)
(0,0,0)
(0,0,0)
(0,0,0)
(0,0,0)
(0,0,0)
(0,0,0)
(-529474.682532701,-10276.7835287275,3691.38034430667)
(-529601.749373345,-8396.35032716913,7287.48818784918)
(-529111.43981334,-2616.62697689195,11131.5368246051)
(-526767.370155437,12729.7301709582,16418.7126721711)
(-521924.253072131,53408.3263551805,23584.039945113)
(-519402.315544356,171796.327302674,11984.0849102528)
(-535269.530767983,598090.538036511,-239036.121638979)
(-468243.032557659,345331.377937163,-382836.779718284)
(-352225.078665485,193004.778299929,-486480.026789572)
(-189872.630514621,80201.1721560882,-542512.088082318)
(0,0,0)
(0,0,0)
(0,0,0)
(0,0,0)
(0,0,0)
(0,0,0)
(-530196.960253379,-30723.231001853,5669.79090808781)
(-529882.624196893,-28910.8835387423,13161.9279435903)
(-528364.633771728,-23504.9845290804,26519.9813559095)
(-524375.803381931,-10180.8222502628,57095.6143626772)
(-519071.872784751,18740.7498159541,141981.022976064)
(-538358.55733903,64022.4623200693,438294.766228535)
(-794431.299720109,-479.720603305716,-491664.529382453)
(-593968.250851396,490842.485211839,-534973.968257356)
(-423132.744868311,260181.80920377,-599110.769897309)
(-217552.822925594,94288.5718324759,-622600.914757842)
(0,0,0)
(0,0,0)
(0,0,0)
(0,0,0)
(0,0,0)
(0,0,0)
(-526360.945738395,-67284.6086042396,7546.98873037074)
(-525629.595875651,-65997.1952278893,18612.6676567333)
(-522951.148469012,-62259.4709024304,39844.8559934179)
(-515177.818490761,-53496.4366051343,86025.8470186771)
(-492500.793409989,-36084.7831956009,187252.049384783)
(-410353.036991484,-10340.0613731143,373790.106728514)
(3.54190510739161e-05,-1.22323782423905e-05,-3.15978899374497e-05)
(-784770.440217895,-286.697870687127,-765339.784861337)
(-545933.626019371,40217.4512344839,-764732.398776678)
(-258401.706190076,20694.7860699489,-716730.888711507)
(0,0,0)
(0,0,0)
(0,0,0)
(0,0,0)
(0,0,0)
(0,0,0)
(-512279.264172692,-124188.489171497,8857.55677771976)
(-511441.007024211,-123742.712838478,22368.8030670512)
(-508607.939477662,-122284.153170522,48589.3763639451)
(-500402.936794157,-118358.208071188,103388.735505704)
(-475602.974629332,-108295.668625673,212874.335018257)
(-385845.798820471,-80434.0593898695,383769.733837629)
(2.91413009780307e-05,-2.32700487686286e-05,-2.24180241052373e-05)
(-737461.098974665,-208.06112715303,-724545.261113532)
(-554814.092043769,-69738.6400220121,-784026.653652249)
(-266226.08678247,-45902.8858324599,-737264.29674184)
(0,0,0)
(0,0,0)
(0,0,0)
(0,0,0)
(0,0,0)
(0,0,0)
(-479633.768931201,-202819.991577616,9323.98421215939)
(-479064.68844728,-203540.567684481,23854.6214667214)
(-477321.719544186,-205227.801434866,52521.0600440576)
(-472607.195439407,-208531.590238144,113402.345046955)
(-458071.428797306,-213434.690763116,240623.334745587)
(-392991.84293637,-203507.92072775,463925.788734185)
(4.10843934269043e-05,-3.63017625194943e-05,-2.8234911426529e-05)
(-812030.848715905,-584089.683542644,-793908.332467791)
(-548845.468459868,-348529.018126573,-760034.990976304)
(-254200.192834025,-145852.190580785,-691267.283763759)
(0,0,0)
(0,0,0)
(0,0,0)
(0,0,0)
(0,0,0)
(0,0,0)
(-417685.90677109,-297496.051612727,8653.56251357729)
(-417665.552398202,-299516.419346378,22229.4677449007)
(-417860.352903542,-304774.544726629,49222.9231742836)
(-420003.117264397,-317174.089498749,108442.555018058)
(-433077.25487958,-348866.024540884,250467.635119333)
(-503070.859580391,-448491.791161109,667315.011448734)
(-908420.750483534,-889122.178576502,-584042.123124426)
(-611078.696813849,-582847.001615447,-558228.981871483)
(-401631.218202769,-366513.577276477,-557234.116909682)
(-197307.828172032,-172227.490254783,-545408.994505777)
(0,0,0)
(0,0,0)
(0,0,0)
(0,0,0)
(0,0,0)
(0,0,0)
(-316502.808135111,-390493.320368874,6661.43371851979)
(-316814.946441205,-393587.056548872,16996.8166103383)
(-318093.449743651,-401583.684044635,36846.5171682624)
(-323038.864629414,-419722.655685749,76732.0633736148)
(-341197.421276894,-460815.617231074,150727.473737931)
(-400843.223053192,-553714.876908492,226583.546218436)
(-545838.076065595,-728020.751887604,-277862.774676808)
(-401880.952286112,-553477.241833128,-341895.71181846)
(-267973.029175291,-367565.903527169,-362888.926787446)
(-135900.447020355,-183155.233028018,-373191.157791921)
(0,0,0)
(0,0,0)
(0,0,0)
(0,0,0)
(0,0,0)
(0,0,0)
(-173127.089138057,-451615.724322973,3583.64944711469)
(-173383.526782361,-455211.764487091,9000.55755272453)
(-174331.332913676,-464142.621692505,18701.9840657486)
(-177423.513329977,-482784.187358677,35589.3489439692)
(-186624.647961766,-518285.564516928,57664.1197905666)
(-209169.340341846,-575714.582824875,52129.9101695636)
(-241614.146538618,-627601.847686477,-103383.266028777)
(-194807.236507427,-524144.692128364,-155971.895728535)
(-135374.2573454,-368201.799027984,-178408.090487418)
(-70296.4787963008,-189886.581141972,-190012.468075908)
(0,0,0)
(0,0,0)
(0,0,0)
(0,0,0)
(0,0,0)
(0,0,0)
(0,0,0)
(0,0,0)
(0,0,0)
(0,0,0)
(0,0,0)
(0,0,0)
(0,0,0)
(0,0,0)
(0,0,0)
(0,0,0)
(0,0,0)
(0,0,0)
(0,0,0)
(0,0,0)
(0,0,0)
(0,0,0)
(0,0,0)
(0,0,0)
(0,0,0)
(0,0,0)
(0,0,0)
(0,0,0)
(0,0,0)
(0,0,0)
(0,0,0)
(0,0,0)
(0,0,0)
(0,0,0)
(0,0,0)
(0,0,0)
(0,0,0)
(0,0,0)
(0,0,0)
(0,0,0)
(0,0,0)
(0,0,0)
(0,0,0)
(0,0,0)
(0,0,0)
(0,0,0)
(0,0,0)
(0,0,0)
(0,0,0)
(0,0,0)
(0,0,0)
(0,0,0)
(0,0,0)
(0,0,0)
(0,0,0)
(0,0,0)
(0,0,0)
(0,0,0)
(0,0,0)
(0,0,0)
(0,0,0)
(0,0,0)
(0,0,0)
(0,0,0)
(0,0,0)
(0,0,0)
(0,0,0)
(0,0,0)
(0,0,0)
(0,0,0)
(0,0,0)
(0,0,0)
(0,0,0)
(0,0,0)
(0,0,0)
(0,0,0)
(0,0,0)
(0,0,0)
(0,0,0)
(0,0,0)
(0,0,0)
(0,0,0)
(0,0,0)
(0,0,0)
(0,0,0)
(0,0,0)
(0,0,0)
(0,0,0)
(0,0,0)
(0,0,0)
(0,0,0)
(0,0,0)
(0,0,0)
(0,0,0)
(0,0,0)
(0,0,0)
(0,0,0)
(0,0,0)
(0,0,0)
(0,0,0)
(0,0,0)
(0,0,0)
(-526498.742680121,-515.380350512544,682.617247120549)
(-526813.374234149,435.653948159822,87.1279826646491)
(-526788.635385917,2977.85560514964,-3664.91103913195)
(-524893.793873716,8493.99441298534,-13768.2594640154)
(-518017.441194913,19045.2239040466,-35731.2494005928)
(-500806.893666013,35734.1024509746,-77184.6397875985)
(-463811.28764424,52298.9381944398,-141527.472955198)
(-394791.426233255,47205.02383916,-210094.441950289)
(-290465.381979837,32409.0813234356,-268343.426635985)
(-154778.202583702,15852.4035344346,-302641.535325556)
(0,0,0)
(0,0,0)
(0,0,0)
(0,0,0)
(0,0,0)
(0,0,0)
(-526413.552484203,-3413.23992176587,1661.24279265591)
(-527083.76276409,-1588.43508588738,2670.43898658359)
(-528008.51282246,3455.46696591351,1898.4872767037)
(-528309.833803674,15088.5316527959,-3173.20386624689)
(-526029.685540486,39636.1722061644,-19037.8910094809)
(-516818.836189008,84836.0723286557,-60575.8712299597)
(-488974.145292588,141536.950981451,-146494.973884248)
(-417409.177401681,115920.310663739,-224798.23978761)
(-305915.325930243,73747.7666968726,-284899.888684411)
(-162297.908423197,34335.1175403182,-318504.664755942)
(0,0,0)
(0,0,0)
(0,0,0)
(0,0,0)
(0,0,0)
(0,0,0)
(-525141.219158401,-11286.7398136858,3540.03651762242)
(-526513.303222875,-8908.49967955154,7771.65496081484)
(-529369.580791285,-2062.88453943462,13548.1474441047)
(-534414.737813479,14956.6999034795,21327.3468514592)
(-543201.577741137,56137.5143686781,26103.3293579531)
(-557338.725657704,152723.745430253,-3847.93363029433)
(-564423.03670134,338818.17941366,-171975.656129147)
(-476971.741989735,219487.701591325,-266814.337624673)
(-343004.362560677,121950.246836346,-324237.533868954)
(-179337.023151404,52417.4006755774,-352855.424367421)
(0,0,0)
(0,0,0)
(0,0,0)
(0,0,0)
(0,0,0)
(0,0,0)
(-520449.901564736,-27022.4379700906,5988.63946776736)
(-522712.428313396,-24774.1788394984,14684.1227442149)
(-528175.618070369,-18163.1147316308,30595.3372350486)
(-540229.932880603,-1066.68988768974,62472.856524896)
(-568353.642452131,45229.1255902826,122663.014970673)
(-637146.755962508,191906.464663369,182268.49436105)
(-775971.039809549,793842.310168097,-291215.896303955)
(-601372.824199596,299898.617884235,-364222.239248646)
(-408984.613142758,137250.719826821,-393670.843964683)
(-206883.266234567,53339.3011787396,-405262.301158873)
(0,0,0)
(0,0,0)
(0,0,0)
(0,0,0)
(0,0,0)
(0,0,0)
(-508442.596045919,-53254.6788288766,8313.8911663091)
(-511546.509637272,-51869.6426241212,21326.2687125552)
(-519534.287350228,-47931.3560233033,47677.6488854501)
(-538538.543640267,-38766.5182116823,108738.202358947)
(-588608.509658374,-19274.6375342337,269349.68173185)
(-747286.58160973,13953.4211965239,784236.269816937)
(-1379289.74963747,-675.70879433366,-785022.533078597)
(-789916.619367658,46717.267125714,-526695.003170306)
(-489169.730802809,31178.1502354144,-477386.328795457)
(-236735.42999064,12767.3236364114,-458480.627452569)
(0,0,0)
(0,0,0)
(0,0,0)
(0,0,0)
(0,0,0)
(0,0,0)
(-483799.502611232,-91509.4576741424,9775.01728380703)
(-487486.59674309,-91369.78293189,25320.7473104519)
(-497106.889626489,-90982.2089243604,56870.5503603339)
(-519923.373838683,-90578.2351886333,128202.704381812)
(-578399.228352988,-90828.3642342549,302552.684805488)
(-751086.108567691,-87745.9943756432,769492.410124886)
(-1349809.4393105,-384.067046785725,-737561.800746751)
(-811152.966674195,-75057.2339281859,-542095.431993299)
(-506156.531442942,-63936.0516902301,-495638.790668513)
(-243988.457026119,-33953.377349441,-471155.719439006)
(0,0,0)
(0,0,0)
(0,0,0)
(0,0,0)
(0,0,0)
(0,0,0)
(-440203.719041056,-140900.260259412,9960.75269512725)
(-444042.9950684,-142161.457119741,25730.7335040995)
(-454130.889796603,-145753.867673751,57311.5625059074)
(-477878.273811442,-155923.37851716,127927.784206478)
(-538089.163125851,-188482.872798123,305600.02709889)
(-718186.929235331,-313718.133195778,856767.252218002)
(-1403122.94540724,-908652.43279098,-812184.287956374)
(-785078.241025943,-383301.056288706,-530893.073285826)
(-476673.108779372,-201413.789201204,-465587.695455362)
(-227518.954287039,-88995.8856884778,-437226.425663305)
(0,0,0)
(0,0,0)
(0,0,0)
(0,0,0)
(0,0,0)
(0,0,0)
(-371028.259775161,-196307.924529724,8750.01727438281)
(-374526.61276597,-198699.168912986,22148.7894353963)
(-383564.979679913,-205041.936728655,47141.4852666687)
(-403878.243163542,-220231.82214014,95325.0547887936)
(-449595.098952974,-256994.914360956,180354.940425027)
(-552011.9445972,-346291.957148639,261869.849394692)
(-741824.608875237,-526616.700496796,-286762.02450778)
(-558500.796031787,-373735.312258347,-348905.669320211)
(-365944.411086391,-232922.752312003,-353083.513325802)
(-180272.083691803,-110853.088481976,-348262.055012529)
(0,0,0)
(0,0,0)
(0,0,0)
(0,0,0)
(0,0,0)
(0,0,0)
(-272095.115458603,-247100.305562433,6384.68835620324)
(-274729.287207453,-250178.577124499,15778.4373339652)
(-281417.47620756,-257867.759030089,31928.2860993105)
(-295667.095293362,-274184.174851325,58508.8694744419)
(-324349.259732191,-306304.600878472,90970.3944472524)
(-375559.284141833,-362103.682394541,81498.1807817925)
(-433134.994279853,-423878.661670134,-133942.939830627)
(-354976.836598981,-346514.307170321,-208068.060605777)
(-242951.149383429,-235076.032359494,-230936.66035014)
(-122652.639157567,-117630.021152929,-237407.535541977)
(0,0,0)
(0,0,0)
(0,0,0)
(0,0,0)
(0,0,0)
(0,0,0)
(-144995.349986854,-278562.200977365,3330.15626373004)
(-146401.007217685,-281900.238604748,8069.29817930167)
(-149877.260095004,-289867.167065014,15614.6333955538)
(-156918.850531944,-305430.38122299,26356.1769691846)
(-169862.912120209,-331751.706664076,35041.5469132289)
(-189228.052993461,-366620.824314446,19617.4014847425)
(-203171.190763268,-386079.368840871,-56624.847119868)
(-171903.801987024,-329443.712864433,-96598.8759461616)
(-120743.925648977,-232918.091834953,-113387.148167125)
(-61912.9579273481,-119660.041110588,-119740.649078417)
(0,0,0)
(0,0,0)
(0,0,0)
(0,0,0)
(0,0,0)
(0,0,0)
(0,0,0)
(0,0,0)
(0,0,0)
(0,0,0)
(0,0,0)
(0,0,0)
(0,0,0)
(0,0,0)
(0,0,0)
(0,0,0)
(0,0,0)
(0,0,0)
(0,0,0)
(0,0,0)
(0,0,0)
(0,0,0)
(0,0,0)
(0,0,0)
(0,0,0)
(0,0,0)
(0,0,0)
(0,0,0)
(0,0,0)
(0,0,0)
(0,0,0)
(0,0,0)
(0,0,0)
(0,0,0)
(0,0,0)
(0,0,0)
(0,0,0)
(0,0,0)
(0,0,0)
(0,0,0)
(0,0,0)
(0,0,0)
(0,0,0)
(0,0,0)
(0,0,0)
(0,0,0)
(0,0,0)
(0,0,0)
(0,0,0)
(0,0,0)
(0,0,0)
(0,0,0)
(0,0,0)
(0,0,0)
(0,0,0)
(0,0,0)
(0,0,0)
(0,0,0)
(0,0,0)
(0,0,0)
(0,0,0)
(0,0,0)
(0,0,0)
(0,0,0)
(0,0,0)
(0,0,0)
(0,0,0)
(0,0,0)
(0,0,0)
(0,0,0)
(0,0,0)
(0,0,0)
(0,0,0)
(0,0,0)
(0,0,0)
(0,0,0)
(0,0,0)
(0,0,0)
(0,0,0)
(0,0,0)
(0,0,0)
(0,0,0)
(0,0,0)
(0,0,0)
(0,0,0)
(0,0,0)
(0,0,0)
(0,0,0)
(0,0,0)
(0,0,0)
(0,0,0)
(0,0,0)
(0,0,0)
(0,0,0)
(0,0,0)
(0,0,0)
(0,0,0)
(0,0,0)
(0,0,0)
(0,0,0)
(0,0,0)
(0,0,0)
(-526268.528267421,-572.019075232949,341.804662533286)
(-526578.167474608,51.8971235417523,54.7007794586395)
(-526584.602444705,1668.8514090165,-1818.18357077349)
(-524696.243035292,5002.35548473637,-7018.08989393177)
(-517491.075235814,11012.5537274257,-18557.0095804501)
(-498875.278948539,19703.1504171702,-40191.7747150984)
(-458651.883027245,27121.5335343714,-72472.712866471)
(-386180.127508077,24616.090399384,-105700.101991034)
(-280521.793380507,17007.9034561142,-132651.594046471)
(-147887.627642185,8360.43185145631,-147902.600839447)
(0,0,0)
(0,0,0)
(0,0,0)
(0,0,0)
(0,0,0)
(0,0,0)
(-525541.476705125,-2423.93202090871,979.83716659803)
(-526531.679443742,-1224.48687634292,1704.13784613417)
(-528170.388323662,1960.42203752665,1574.44271882384)
(-529663.718322999,8897.05712098868,-966.374398106831)
(-528549.387107962,22440.314011367,-9874.4331145715)
(-518573.69288171,44324.0422200749,-32740.4682247705)
(-485774.958529799,66097.2252198618,-74915.3466730421)
(-410845.537282643,56397.5128737941,-113260.409266492)
(-297586.01596647,36714.2028610816,-141296.018635228)
(-156297.172418347,17341.3388287148,-156277.661617328)
(0,0,0)
(0,0,0)
(0,0,0)
(0,0,0)
(0,0,0)
(0,0,0)
(-522898.896089221,-6854.4353136721,2188.18022358106)
(-525145.359720231,-5307.56575388369,4903.31559848154)
(-530010.85505928,-1021.91961727168,8526.93152127388)
(-538524.813570844,9004.03994821764,12530.0244514132)
(-551030.721465599,30859.5125121695,11939.9696750755)
(-562929.967128903,72797.5017024895,-10942.2483361407)
(-551913.999974947,127191.35128967,-84545.4111323425)
(-467306.343256873,95036.1990994407,-132849.496090841)
(-334410.013386812,55886.3579409404,-160616.00034458)
(-173764.167872162,24804.0170053137,-173651.533800419)
(0,0,0)
(0,0,0)
(0,0,0)
(0,0,0)
(0,0,0)
(0,0,0)
(-515774.355072284,-15286.8347268533,3756.85292072547)
(-519623.06180254,-13848.9373073008,9208.85796328497)
(-528840.978357027,-9716.44744796698,18568.7460806447)
(-547443.003320365,440.318256206202,34345.5382124158)
(-581797.376944526,24816.9844545945,53831.8007623818)
(-635607.903312859,81635.2079685197,43455.2418466988)
(-679041.815958218,190387.236077859,-116669.866792811)
(-562326.892524078,111237.087627565,-171916.686996451)
(-390314.273883147,56949.2983037118,-191649.966618847)
(-198613.061608749,23393.3692432772,-198509.523482629)
(0,0,0)
(0,0,0)
(0,0,0)
(0,0,0)
(0,0,0)
(0,0,0)
(-500125.822045958,-28864.7209130771,5261.11218626659)
(-505476.66922957,-28030.9807808912,13373.3152521556)
(-518920.2560441,-25673.2870528213,28716.1235508878)
(-547749.209691904,-20317.8075354778,58684.9153942058)
(-606504.450479453,-9246.50288841203,110644.34355829)
(-717173.602298615,9947.24056242362,152219.331653276)
(-869375.735221226,28470.2558163369,-195777.702501468)
(-673535.68682971,25199.2313402952,-226120.778752118)
(-447255.499611941,14021.0992320462,-225106.810871324)
(-222012.079340818,5426.46041891638,-221863.25269678)
(0,0,0)
(0,0,0)
(0,0,0)
(0,0,0)
(0,0,0)
(0,0,0)
(-470839.411993858,-48005.1875177615,6180.37598731309)
(-477109.825080508,-48027.6860742575,15800.3096180997)
(-493012.545616946,-48080.2504073654,34112.9289630967)
(-527264.566227771,-48608.3313562993,69744.6451730034)
(-597095.509238807,-50640.8189244006,129835.242094813)
(-726972.490809078,-55033.6398264359,170702.504725055)
(-897631.983732795,-53971.500184299,-199033.194852015)
(-698512.558428642,-49228.4088383585,-237245.962918909)
(-461150.479016422,-34585.9891383999,-233644.926974995)
(-227409.027100607,-17496.881143361,-227301.015338234)
(0,0,0)
(0,0,0)
(0,0,0)
(0,0,0)
(0,0,0)
(0,0,0)
(-422644.904777408,-71785.2541594516,6221.25237803921)
(-428925.733969958,-72705.0738824719,15781.3790878146)
(-444817.397840002,-75242.8522005887,33630.4889244356)
(-478574.838994948,-81992.4477450222,67711.1704966627)
(-546349.199897347,-100114.028366458,125444.416710213)
(-671790.891399466,-147740.672985495,171755.412033397)
(-843490.686025799,-247575.746415127,-194272.601117184)
(-649106.653640625,-156884.099239909,-222588.498100956)
(-426482.851276277,-90793.7780612111,-216570.966681238)
(-209931.364771149,-41771.9085298428,-209883.528810651)
(0,0,0)
(0,0,0)
(0,0,0)
(0,0,0)
(0,0,0)
(0,0,0)
(-350780.284926585,-97384.0861718593,5350.85716382858)
(-356176.651531961,-98936.4379119668,13232.2599593183)
(-369501.874963989,-102942.539534559,26868.842577369)
(-396477.22223445,-112088.833106933,49564.2070101876)
(-446116.563229075,-131855.938551779,77827.5814716167)
(-523905.456732824,-169984.064676376,71964.4852981198)
(-595790.301711719,-218096.603075408,-103548.965205113)
(-492115.565510233,-170366.522176862,-156451.772789697)
(-335622.663284055,-110045.133508459,-167522.165144801)
(-168150.904557645,-53275.616855548,-168139.635953249)
(0,0,0)
(0,0,0)
(0,0,0)
(0,0,0)
(0,0,0)
(0,0,0)
(-253343.135084022,-119955.985896754,3819.91935031006)
(-257210.689341637,-121824.103880342,9188.98745286971)
(-266524.572456309,-126356.287279677,17709.8314467361)
(-284320.335670851,-135517.555771172,29791.7944884597)
(-314152.946275514,-151934.267013803,39673.8094938095)
(-353770.44726137,-175924.298127559,23825.2060645327)
(-377483.008583261,-194062.648553784,-55860.7341536842)
(-321535.359477343,-163571.256484569,-96097.4769676184)
(-225451.988764806,-112963.771997276,-110677.999097425)
(-114840.360851102,-56947.7348755414,-114818.159383895)
(0,0,0)
(0,0,0)
(0,0,0)
(0,0,0)
(0,0,0)
(0,0,0)
(-133403.978844629,-133507.020929525,1959.66389054683)
(-135419.679693302,-135474.198570325,4628.43105614785)
(-140126.811618523,-140035.811280749,8557.50658073743)
(-148697.631872671,-148566.167391222,13384.8995415153)
(-162075.037119864,-161962.730523425,15625.4880507936)
(-177644.724681795,-177503.113082452,5620.97469402278)
(-183194.847827064,-183022.469583668,-25395.5472122931)
(-157773.322085803,-157637.520022235,-45459.7635758505)
(-112356.086456161,-112245.247263874,-54566.1275020696)
(-57828.8731218118,-57783.319145858,-57814.6280372897)
(0,0,0)
(0,0,0)
(0,0,0)
(0,0,0)
(0,0,0)
(0,0,0)
(0,0,0)
(0,0,0)
(0,0,0)
(0,0,0)
(0,0,0)
(0,0,0)
(0,0,0)
(0,0,0)
(0,0,0)
(0,0,0)
(0,0,0)
(0,0,0)
(0,0,0)
(0,0,0)
(0,0,0)
(0,0,0)
(0,0,0)
(0,0,0)
(0,0,0)
(0,0,0)
(0,0,0)
(0,0,0)
(0,0,0)
(0,0,0)
(0,0,0)
(0,0,0)
(0,0,0)
(0,0,0)
(0,0,0)
(0,0,0)
(0,0,0)
(0,0,0)
(0,0,0)
(0,0,0)
(0,0,0)
(0,0,0)
(0,0,0)
(0,0,0)
(0,0,0)
(0,0,0)
(0,0,0)
(0,0,0)
(0,0,0)
(0,0,0)
(0,0,0)
(0,0,0)
(0,0,0)
(0,0,0)
(0,0,0)
(0,0,0)
(0,0,0)
(0,0,0)
(0,0,0)
(0,0,0)
(0,0,0)
(0,0,0)
(0,0,0)
(0,0,0)
(0,0,0)
(0,0,0)
(0,0,0)
(0,0,0)
(0,0,0)
(0,0,0)
(0,0,0)
(0,0,0)
(0,0,0)
(0,0,0)
(0,0,0)
(0,0,0)
(0,0,0)
(0,0,0)
(0,0,0)
(0,0,0)
(0,0,0)
(0,0,0)
(0,0,0)
(0,0,0)
(0,0,0)
(0,0,0)
(0,0,0)
(0,0,0)
(0,0,0)
(0,0,0)
(0,0,0)
(0,0,0)
(0,0,0)
(0,0,0)
(0,0,0)
(0,0,0)
(0,0,0)
(0,0,0)
(0,0,0)
(0,0,0)
(0,0,0)
(0,0,0)
(0,0,0)
(0,0,0)
(0,0,0)
(0,0,0)
(0,0,0)
(0,0,0)
(0,0,0)
(0,0,0)
(0,0,0)
(0,0,0)
(0,0,0)
(0,0,0)
(0,0,0)
(0,0,0)
(0,0,0)
(0,0,0)
(0,0,0)
(0,0,0)
(0,0,0)
(0,0,0)
(0,0,0)
(0,0,0)
(0,0,0)
(0,0,0)
(0,0,0)
(0,0,0)
(0,0,0)
(0,0,0)
(0,0,0)
(0,0,0)
(0,0,0)
(0,0,0)
(0,0,0)
(0,0,0)
(0,0,0)
(0,0,0)
(0,0,0)
(0,0,0)
(0,0,0)
(0,0,0)
(0,0,0)
(0,0,0)
(0,0,0)
(0,0,0)
(0,0,0)
(0,0,0)
(0,0,0)
(0,0,0)
(0,0,0)
(0,0,0)
(0,0,0)
(0,0,0)
(0,0,0)
(0,0,0)
(0,0,0)
(0,0,0)
(0,0,0)
(0,0,0)
(0,0,0)
(0,0,0)
(0,0,0)
(0,0,0)
(0,0,0)
(0,0,0)
(0,0,0)
(0,0,0)
(0,0,0)
(0,0,0)
(0,0,0)
(0,0,0)
(0,0,0)
(0,0,0)
(0,0,0)
(0,0,0)
(0,0,0)
(0,0,0)
(0,0,0)
(0,0,0)
(0,0,0)
(0,0,0)
(0,0,0)
(0,0,0)
(0,0,0)
(0,0,0)
(0,0,0)
(0,0,0)
(0,0,0)
(0,0,0)
(0,0,0)
(0,0,0)
(0,0,0)
(0,0,0)
(0,0,0)
(0,0,0)
(0,0,0)
(0,0,0)
(0,0,0)
(0,0,0)
(0,0,0)
(0,0,0)
(0,0,0)
(0,0,0)
(0,0,0)
(0,0,0)
(0,0,0)
(0,0,0)
(0,0,0)
(0,0,0)
(0,0,0)
(0,0,0)
(0,0,0)
(0,0,0)
(0,0,0)
(0,0,0)
(0,0,0)
(0,0,0)
(0,0,0)
(0,0,0)
(0,0,0)
(0,0,0)
(0,0,0)
(0,0,0)
(0,0,0)
(0,0,0)
(0,0,0)
(0,0,0)
(0,0,0)
(0,0,0)
(0,0,0)
(0,0,0)
(0,0,0)
(0,0,0)
(0,0,0)
(0,0,0)
(0,0,0)
(0,0,0)
(0,0,0)
(0,0,0)
(0,0,0)
(0,0,0)
(0,0,0)
(0,0,0)
(0,0,0)
(0,0,0)
(0,0,0)
(0,0,0)
(0,0,0)
(0,0,0)
(0,0,0)
(0,0,0)
(0,0,0)
(0,0,0)
(0,0,0)
(0,0,0)
(0,0,0)
(0,0,0)
(0,0,0)
(0,0,0)
(0,0,0)
(0,0,0)
(0,0,0)
(0,0,0)
(0,0,0)
(0,0,0)
(0,0,0)
(0,0,0)
(0,0,0)
(0,0,0)
(0,0,0)
(0,0,0)
(0,0,0)
(0,0,0)
(0,0,0)
(0,0,0)
(0,0,0)
(0,0,0)
(0,0,0)
(0,0,0)
(0,0,0)
(0,0,0)
(0,0,0)
(0,0,0)
(0,0,0)
(0,0,0)
(0,0,0)
(0,0,0)
(0,0,0)
(0,0,0)
(0,0,0)
(0,0,0)
(0,0,0)
(0,0,0)
(0,0,0)
(0,0,0)
(0,0,0)
(0,0,0)
(0,0,0)
(0,0,0)
(0,0,0)
(0,0,0)
(0,0,0)
(0,0,0)
(0,0,0)
(0,0,0)
(0,0,0)
(0,0,0)
(0,0,0)
(0,0,0)
(0,0,0)
(0,0,0)
(0,0,0)
(0,0,0)
(0,0,0)
(0,0,0)
(0,0,0)
(0,0,0)
(0,0,0)
(0,0,0)
(0,0,0)
(0,0,0)
(0,0,0)
(0,0,0)
(0,0,0)
(0,0,0)
(0,0,0)
(0,0,0)
(0,0,0)
(0,0,0)
(0,0,0)
(0,0,0)
(0,0,0)
(0,0,0)
(0,0,0)
(0,0,0)
(0,0,0)
(0,0,0)
(0,0,0)
(0,0,0)
(0,0,0)
(0,0,0)
(0,0,0)
(0,0,0)
(0,0,0)
(0,0,0)
(0,0,0)
(0,0,0)
(0,0,0)
(0,0,0)
(0,0,0)
(0,0,0)
(0,0,0)
(0,0,0)
(0,0,0)
(0,0,0)
(0,0,0)
(0,0,0)
(0,0,0)
(0,0,0)
(0,0,0)
(0,0,0)
(0,0,0)
(0,0,0)
(0,0,0)
(0,0,0)
(0,0,0)
(0,0,0)
(0,0,0)
(0,0,0)
(0,0,0)
(0,0,0)
(0,0,0)
(0,0,0)
(0,0,0)
(0,0,0)
(0,0,0)
(0,0,0)
(0,0,0)
(0,0,0)
(0,0,0)
(0,0,0)
(0,0,0)
(0,0,0)
(0,0,0)
(0,0,0)
(0,0,0)
(0,0,0)
(0,0,0)
(0,0,0)
(0,0,0)
(0,0,0)
(0,0,0)
(0,0,0)
(0,0,0)
(0,0,0)
(0,0,0)
(0,0,0)
(0,0,0)
(0,0,0)
(0,0,0)
(0,0,0)
(0,0,0)
(0,0,0)
(0,0,0)
(0,0,0)
(0,0,0)
(0,0,0)
(0,0,0)
(0,0,0)
(0,0,0)
(0,0,0)
(0,0,0)
(0,0,0)
(0,0,0)
(0,0,0)
(0,0,0)
(0,0,0)
(0,0,0)
(0,0,0)
(0,0,0)
(0,0,0)
(0,0,0)
(0,0,0)
(0,0,0)
(0,0,0)
(0,0,0)
(0,0,0)
(0,0,0)
(0,0,0)
(0,0,0)
(0,0,0)
(0,0,0)
(0,0,0)
(0,0,0)
(0,0,0)
(0,0,0)
(0,0,0)
(0,0,0)
(0,0,0)
(0,0,0)
(0,0,0)
(0,0,0)
(0,0,0)
(0,0,0)
(0,0,0)
(0,0,0)
(0,0,0)
(0,0,0)
(0,0,0)
(0,0,0)
(0,0,0)
(0,0,0)
(0,0,0)
(0,0,0)
(0,0,0)
(0,0,0)
(0,0,0)
(0,0,0)
(0,0,0)
(0,0,0)
(0,0,0)
(0,0,0)
(0,0,0)
(0,0,0)
(0,0,0)
(0,0,0)
(0,0,0)
(0,0,0)
(0,0,0)
(0,0,0)
(0,0,0)
(0,0,0)
(0,0,0)
(0,0,0)
(0,0,0)
(0,0,0)
(0,0,0)
(0,0,0)
(0,0,0)
(0,0,0)
(0,0,0)
(0,0,0)
(0,0,0)
(0,0,0)
(0,0,0)
(0,0,0)
(0,0,0)
(0,0,0)
(0,0,0)
(0,0,0)
(0,0,0)
(0,0,0)
(0,0,0)
(0,0,0)
(0,0,0)
(0,0,0)
(0,0,0)
(0,0,0)
(0,0,0)
(0,0,0)
(0,0,0)
(0,0,0)
(0,0,0)
(0,0,0)
(0,0,0)
(0,0,0)
(0,0,0)
(0,0,0)
(0,0,0)
(0,0,0)
(0,0,0)
(0,0,0)
(0,0,0)
(0,0,0)
(0,0,0)
(0,0,0)
(0,0,0)
(0,0,0)
(0,0,0)
(0,0,0)
(0,0,0)
(0,0,0)
(0,0,0)
(0,0,0)
(0,0,0)
(0,0,0)
(0,0,0)
(0,0,0)
(0,0,0)
(0,0,0)
(0,0,0)
(0,0,0)
(0,0,0)
(0,0,0)
(0,0,0)
(0,0,0)
(0,0,0)
(0,0,0)
(0,0,0)
(0,0,0)
(0,0,0)
(0,0,0)
(0,0,0)
(0,0,0)
(0,0,0)
(0,0,0)
(0,0,0)
(0,0,0)
(0,0,0)
(0,0,0)
(0,0,0)
(0,0,0)
(0,0,0)
(0,0,0)
(0,0,0)
(0,0,0)
(0,0,0)
(0,0,0)
(0,0,0)
(0,0,0)
(0,0,0)
(0,0,0)
(0,0,0)
(0,0,0)
(0,0,0)
(0,0,0)
(0,0,0)
(0,0,0)
(0,0,0)
(0,0,0)
(0,0,0)
(0,0,0)
(0,0,0)
(0,0,0)
(0,0,0)
(0,0,0)
(0,0,0)
(0,0,0)
(0,0,0)
(0,0,0)
(0,0,0)
(0,0,0)
(0,0,0)
(0,0,0)
(0,0,0)
(0,0,0)
(0,0,0)
(0,0,0)
(0,0,0)
(0,0,0)
(0,0,0)
(0,0,0)
(0,0,0)
(0,0,0)
(0,0,0)
(0,0,0)
(0,0,0)
(0,0,0)
(0,0,0)
(0,0,0)
(0,0,0)
(0,0,0)
(0,0,0)
(0,0,0)
(0,0,0)
(0,0,0)
(0,0,0)
(0,0,0)
(0,0,0)
(0,0,0)
(0,0,0)
(0,0,0)
(0,0,0)
(0,0,0)
(0,0,0)
(0,0,0)
(0,0,0)
(0,0,0)
(0,0,0)
(0,0,0)
(0,0,0)
(0,0,0)
(0,0,0)
(0,0,0)
(0,0,0)
(0,0,0)
(0,0,0)
(0,0,0)
(0,0,0)
(0,0,0)
(0,0,0)
(0,0,0)
(0,0,0)
(0,0,0)
(0,0,0)
(0,0,0)
(0,0,0)
(0,0,0)
(0,0,0)
(0,0,0)
(0,0,0)
(0,0,0)
(0,0,0)
(0,0,0)
(0,0,0)
(0,0,0)
(0,0,0)
(0,0,0)
(0,0,0)
(0,0,0)
(0,0,0)
(0,0,0)
(0,0,0)
(0,0,0)
(0,0,0)
(0,0,0)
(0,0,0)
(0,0,0)
(0,0,0)
(0,0,0)
(0,0,0)
(0,0,0)
(0,0,0)
(0,0,0)
(0,0,0)
(0,0,0)
(0,0,0)
(0,0,0)
(0,0,0)
(0,0,0)
(0,0,0)
(0,0,0)
(0,0,0)
(0,0,0)
(0,0,0)
(0,0,0)
(0,0,0)
(0,0,0)
(0,0,0)
(0,0,0)
(0,0,0)
(0,0,0)
(0,0,0)
(0,0,0)
(0,0,0)
(0,0,0)
(0,0,0)
(0,0,0)
(0,0,0)
(0,0,0)
(0,0,0)
(0,0,0)
(0,0,0)
(0,0,0)
(0,0,0)
(0,0,0)
(0,0,0)
(0,0,0)
(0,0,0)
(0,0,0)
(0,0,0)
(0,0,0)
(0,0,0)
(0,0,0)
(0,0,0)
(0,0,0)
(0,0,0)
(0,0,0)
(0,0,0)
(0,0,0)
(0,0,0)
(0,0,0)
(0,0,0)
(0,0,0)
(0,0,0)
(0,0,0)
(0,0,0)
(0,0,0)
(0,0,0)
(0,0,0)
(0,0,0)
(0,0,0)
(0,0,0)
(0,0,0)
(0,0,0)
(0,0,0)
(0,0,0)
(0,0,0)
(0,0,0)
(0,0,0)
(0,0,0)
(0,0,0)
(0,0,0)
(0,0,0)
(0,0,0)
(0,0,0)
(0,0,0)
(0,0,0)
(0,0,0)
(0,0,0)
(0,0,0)
(0,0,0)
(0,0,0)
(0,0,0)
(0,0,0)
(0,0,0)
(0,0,0)
(0,0,0)
(0,0,0)
(0,0,0)
(0,0,0)
(0,0,0)
(0,0,0)
(0,0,0)
(0,0,0)
(0,0,0)
(0,0,0)
(0,0,0)
(0,0,0)
(0,0,0)
(0,0,0)
(0,0,0)
(0,0,0)
(0,0,0)
(0,0,0)
(0,0,0)
(0,0,0)
(0,0,0)
(0,0,0)
(0,0,0)
(0,0,0)
(0,0,0)
(0,0,0)
(0,0,0)
(0,0,0)
(0,0,0)
(0,0,0)
(0,0,0)
(0,0,0)
(0,0,0)
(0,0,0)
(0,0,0)
(0,0,0)
(0,0,0)
(0,0,0)
(0,0,0)
(0,0,0)
(0,0,0)
(0,0,0)
(0,0,0)
(0,0,0)
(0,0,0)
(0,0,0)
(0,0,0)
(0,0,0)
(0,0,0)
(0,0,0)
(0,0,0)
(0,0,0)
(0,0,0)
(0,0,0)
(0,0,0)
(0,0,0)
(0,0,0)
(0,0,0)
(0,0,0)
(0,0,0)
(0,0,0)
(0,0,0)
(0,0,0)
(0,0,0)
(0,0,0)
(0,0,0)
(0,0,0)
(0,0,0)
(0,0,0)
(0,0,0)
(0,0,0)
