(0,0,0)
(0,0,0)
(0,0,0)
(0,0,0)
(0,0,0)
(0,0,0)
(0,0,0)
(0,0,0)
(0,0,0)
(0,0,0)
(0,0,0)
(0,0,0)
(0,0,0)
(0,0,0)
(0,0,0)
(0,0,0)
(0,0,0)
(0,0,0)
(0,0,0)
(0,0,0)
(0,0,0)
(0,0,0)
(0,0,0)
(0,0,0)
(0,0,0)
(0,0,0)
(0,0,0)
(0,0,0)
(0,0,0)
(0,0,0)
(0,0,0)
(0,0,0)
(0,0,0)
(0,0,0)
(0,0,0)
(0,0,0)
(0,0,0)
(0,0,0)
(0,0,0)
(0,0,0)
(0,0,0)
(0,0,0)
(0,0,0)
(0,0,0)
(0,0,0)
(0,0,0)
(0,0,0)
(0,0,0)
(0,0,0)
(0,0,0)
(0,0,0)
(0,0,0)
(0,0,0)
(0,0,0)
(0,0,0)
(0,0,0)
(0,0,0)
(0,0,0)
(0,0,0)
(0,0,0)
(0,0,0)
(0,0,0)
(0,0,0)
(0,0,0)
(0,0,0)
(0,0,0)
(0,0,0)
(0,0,0)
(0,0,0)
(0,0,0)
(0,0,0)
(0,0,0)
(0,0,0)
(0,0,0)
(0,0,0)
(0,0,0)
(0,0,0)
(0,0,0)
(0,0,0)
(0,0,0)
(0,0,0)
(0,0,0)
(0,0,0)
(0,0,0)
(0,0,0)
(0,0,0)
(0,0,0)
(0,0,0)
(0,0,0)
(0,0,0)
(0,0,0)
(0,0,0)
(0,0,0)
(0,0,0)
(0,0,0)
(0,0,0)
(0,0,0)
(0,0,0)
(0,0,0)
(0,0,0)
(0,0,0)
(0,0,0)
(0,0,0)
(0,0,0)
(0,0,0)
(0,0,0)
(0,0,0)
(0,0,0)
(0,0,0)
(0,0,0)
(0,0,0)
(0,0,0)
(0,0,0)
(0,0,0)
(0,0,0)
(0,0,0)
(0,0,0)
(0,0,0)
(0,0,0)
(0,0,0)
(0,0,0)
(0,0,0)
(0,0,0)
(0,0,0)
(0,0,0)
(0,0,0)
(0,0,0)
(0,0,0)
(0,0,0)
(0,0,0)
(0,0,0)
(0,0,0)
(0,0,0)
(0,0,0)
(0,0,0)
(0,0,0)
(0,0,0)
(0,0,0)
(0,0,0)
(0,0,0)
(0,0,0)
(0,0,0)
(0,0,0)
(0,0,0)
(0,0,0)
(0,0,0)
(0,0,0)
(0,0,0)
(0,0,0)
(0,0,0)
(0,0,0)
(0,0,0)
(0,0,0)
(0,0,0)
(0,0,0)
(0,0,0)
(0,0,0)
(0,0,0)
(0,0,0)
(0,0,0)
(0,0,0)
(0,0,0)
(0,0,0)
(0,0,0)
(0,0,0)
(0,0,0)
(0,0,0)
(0,0,0)
(0,0,0)
(0,0,0)
(0,0,0)
(0,0,0)
(0,0,0)
(0,0,0)
(0,0,0)
(0,0,0)
(0,0,0)
(0,0,0)
(0,0,0)
(0,0,0)
(0,0,0)
(0,0,0)
(0,0,0)
(0,0,0)
(0,0,0)
(0,0,0)
(0,0,0)
(0,0,0)
(0,0,0)
(0,0,0)
(0,0,0)
(0,0,0)
(0,0,0)
(0,0,0)
(0,0,0)
(0,0,0)
(0,0,0)
(0,0,0)
(0,0,0)
(0,0,0)
(0,0,0)
(0,0,0)
(0,0,0)
(0,0,0)
(0,0,0)
(0,0,0)
(0,0,0)
(0,0,0)
(0,0,0)
(0,0,0)
(0,0,0)
(0,0,0)
(0,0,0)
(0,0,0)
(0,0,0)
(0,0,0)
(0,0,0)
(0,0,0)
(0,0,0)
(0,0,0)
(0,0,0)
(0,0,0)
(0,0,0)
(0,0,0)
(0,0,0)
(0,0,0)
(0,0,0)
(0,0,0)
(0,0,0)
(0,0,0)
(0,0,0)
(0,0,0)
(0,0,0)
(0,0,0)
(0,0,0)
(0,0,0)
(0,0,0)
(0,0,0)
(0,0,0)
(0,0,0)
(0,0,0)
(0,0,0)
(0,0,0)
(0,0,0)
(0,0,0)
(0,0,0)
(0,0,0)
(0,0,0)
(0,0,0)
(0,0,0)
(0,0,0)
(0,0,0)
(0,0,0)
(0,0,0)
(0,0,0)
(0,0,0)
(0,0,0)
(0,0,0)
(0,0,0)
(0,0,0)
(0,0,0)
(0,0,0)
(0,0,0)
(0,0,0)
(0,0,0)
(0,0,0)
(0,0,0)
(0,0,0)
(0,0,0)
(0,0,0)
(0,0,0)
(0,0,0)
(0,0,0)
(0,0,0)
(0,0,0)
(0,0,0)
(0,0,0)
(0,0,0)
(0,0,0)
(0,0,0)
(0,0,0)
(0,0,0)
(0,0,0)
(0,0,0)
(0,0,0)
(0,0,0)
(0,0,0)
(0,0,0)
(0,0,0)
(0,0,0)
(0,0,0)
(0,0,0)
(0,0,0)
(0,0,0)
(0,0,0)
(0,0,0)
(0,0,0)
(0,0,0)
(0,0,0)
(0,0,0)
(0,0,0)
(0,0,0)
(0,0,0)
(0,0,0)
(0,0,0)
(0,0,0)
(0,0,0)
(0,0,0)
(0,0,0)
(0,0,0)
(0,0,0)
(0,0,0)
(0,0,0)
(0,0,0)
(0,0,0)
(0,0,0)
(0,0,0)
(0,0,0)
(0,0,0)
(0,0,0)
(0,0,0)
(0,0,0)
(0,0,0)
(0,0,0)
(0,0,0)
(0,0,0)
(0,0,0)
(0,0,0)
(0,0,0)
(0,0,0)
(0,0,0)
(0,0,0)
(0,0,0)
(0,0,0)
(0,0,0)
(0,0,0)
(0,0,0)
(0,0,0)
(0,0,0)
(0,0,0)
(0,0,0)
(0,0,0)
(0,0,0)
(0,0,0)
(0,0,0)
(0,0,0)
(0,0,0)
(0,0,0)
(0,0,0)
(0,0,0)
(0,0,0)
(0,0,0)
(0,0,0)
(0,0,0)
(0,0,0)
(0,0,0)
(0,0,0)
(0,0,0)
(0,0,0)
(0,0,0)
(0,0,0)
(0,0,0)
(0,0,0)
(0,0,0)
(0,0,0)
(0,0,0)
(0,0,0)
(0,0,0)
(0,0,0)
(0,0,0)
(0,0,0)
(0,0,0)
(0,0,0)
(0,0,0)
(0,0,0)
(0,0,0)
(0,0,0)
(0,0,0)
(0,0,0)
(0,0,0)
(0,0,0)
(0,0,0)
(0,0,0)
(0,0,0)
(0,0,0)
(0,0,0)
(0,0,0)
(0,0,0)
(0,0,0)
(0,0,0)
(0,0,0)
(0,0,0)
(0,0,0)
(0,0,0)
(0,0,0)
(0,0,0)
(0,0,0)
(0,0,0)
(0,0,0)
(0,0,0)
(0,0,0)
(0,0,0)
(0,0,0)
(0,0,0)
(0,0,0)
(0,0,0)
(0,0,0)
(0,0,0)
(0,0,0)
(0,0,0)
(0,0,0)
(0,0,0)
(0,0,0)
(0,0,0)
(0,0,0)
(0,0,0)
(0,0,0)
(0,0,0)
(0,0,0)
(0,0,0)
(0,0,0)
(0,0,0)
(0,0,0)
(0,0,0)
(0,0,0)
(0,0,0)
(0,0,0)
(0,0,0)
(0,0,0)
(0,0,0)
(0,0,0)
(0,0,0)
(0,0,0)
(0,0,0)
(0,0,0)
(0,0,0)
(0,0,0)
(0,0,0)
(0,0,0)
(0,0,0)
(0,0,0)
(0,0,0)
(0,0,0)
(0,0,0)
(0,0,0)
(0,0,0)
(0,0,0)
(0,0,0)
(0,0,0)
(0,0,0)
(0,0,0)
(0,0,0)
(0,0,0)
(0,0,0)
(0,0,0)
(0,0,0)
(0,0,0)
(0,0,0)
(0,0,0)
(0,0,0)
(0,0,0)
(0,0,0)
(0,0,0)
(0,0,0)
(0,0,0)
(0,0,0)
(0,0,0)
(0,0,0)
(0,0,0)
(0,0,0)
(0,0,0)
(0,0,0)
(0,0,0)
(0,0,0)
(0,0,0)
(0,0,0)
(0,0,0)
(0,0,0)
(0,0,0)
(0,0,0)
(0,0,0)
(0,0,0)
(0,0,0)
(0,0,0)
(0,0,0)
(0,0,0)
(0,0,0)
(0,0,0)
(0,0,0)
(0,0,0)
(0,0,0)
(0,0,0)
(0,0,0)
(0,0,0)
(0,0,0)
(0,0,0)
(0,0,0)
(0,0,0)
(0,0,0)
(0,0,0)
(0,0,0)
(0,0,0)
(0,0,0)
(0,0,0)
(0,0,0)
(0,0,0)
(0,0,0)
(0,0,0)
(0,0,0)
(0,0,0)
(0,0,0)
(0,0,0)
(0,0,0)
(0,0,0)
(0,0,0)
(0,0,0)
(0,0,0)
(0,0,0)
(0,0,0)
(0,0,0)
(0,0,0)
(0,0,0)
(0,0,0)
(0,0,0)
(0,0,0)
(0,0,0)
(0,0,0)
(0,0,0)
(0,0,0)
(0,0,0)
(0,0,0)
(0,0,0)
(0,0,0)
(0,0,0)
(0,0,0)
(0,0,0)
(0,0,0)
(0,0,0)
(0,0,0)
(0,0,0)
(0,0,0)
(0,0,0)
(0,0,0)
(0,0,0)
(0,0,0)
(0,0,0)
(0,0,0)
(0,0,0)
(0,0,0)
(0,0,0)
(0,0,0)
(0,0,0)
(0,0,0)
(0,0,0)
(0,0,0)
(0,0,0)
(0,0,0)
(0,0,0)
(0,0,0)
(0,0,0)
(0,0,0)
(0,0,0)
(0,0,0)
(0,0,0)
(0,0,0)
(0,0,0)
(0,0,0)
(0,0,0)
(0,0,0)
(0,0,0)
(0,0,0)
(0,0,0)
(0,0,0)
(0,0,0)
(0,0,0)
(0,0,0)
(0,0,0)
(0,0,0)
(0,0,0)
(0,0,0)
(0,0,0)
(0,0,0)
(0,0,0)
(0,0,0)
(0,0,0)
(0,0,0)
(0,0,0)
(0,0,0)
(0,0,0)
(0,0,0)
(0,0,0)
(0,0,0)
(0,0,0)
(0,0,0)
(0,0,0)
(0,0,0)
(0,0,0)
(0,0,0)
(0,0,0)
(0,0,0)
(0,0,0)
(0,0,0)
(0,0,0)
(0,0,0)
(0,0,0)
(0,0,0)
(0,0,0)
(0,0,0)
(0,0,0)
(0,0,0)
(0,0,0)
(0,0,0)
(0,0,0)
(0,0,0)
(0,0,0)
(0,0,0)
(0,0,0)
(0,0,0)
(0,0,0)
(0,0,0)
(0,0,0)
(0,0,0)
(0,0,0)
(0,0,0)
(0,0,0)
(0,0,0)
(0,0,0)
(0,0,0)
(0,0,0)
(0,0,0)
(0,0,0)
(0,0,0)
(0,0,0)
(0,0,0)
(0,0,0)
(0,0,0)
(0,0,0)
(0,0,0)
(0,0,0)
(0,0,0)
(0,0,0)
(0,0,0)
(0,0,0)
(0,0,0)
(0,0,0)
(0,0,0)
(0,0,0)
(0,0,0)
(0,0,0)
(0,0,0)
(0,0,0)
(0,0,0)
(0,0,0)
(0,0,0)
(0,0,0)
(0,0,0)
(0,0,0)
(0,0,0)
(0,0,0)
(0,0,0)
(0,0,0)
(0,0,0)
(0,0,0)
(0,0,0)
(0,0,0)
(0,0,0)
(0,0,0)
(0,0,0)
(0,0,0)
(0,0,0)
(0,0,0)
(0,0,0)
(0,0,0)
(0,0,0)
(0,0,0)
(0,0,0)
(0,0,0)
(0,0,0)
(0,0,0)
(0,0,0)
(0,0,0)
(0,0,0)
(0,0,0)
(0,0,0)
(0,0,0)
(0,0,0)
(0,0,0)
(0,0,0)
(0,0,0)
(0,0,0)
(0,0,0)
(0,0,0)
(0,0,0)
(0,0,0)
(0,0,0)
(0,0,0)
(0,0,0)
(0,0,0)
(0,0,0)
(0,0,0)
(0,0,0)
(0,0,0)
(0,0,0)
(0,0,0)
(0,0,0)
(0,0,0)
(0,0,0)
(0,0,0)
(0,0,0)
(0,0,0)
(0,0,0)
(0,0,0)
(0,0,0)
(0,0,0)
(0,0,0)
(0,0,0)
(0,0,0)
(0,0,0)
(0,0,0)
(0,0,0)
(0,0,0)
(0,0,0)
(0,0,0)
(0,0,0)
(0,0,0)
(0,0,0)
(0,0,0)
(0,0,0)
(0,0,0)
(0,0,0)
(0,0,0)
(0,0,0)
(0,0,0)
(0,0,0)
(0,0,0)
(0,0,0)
(0,0,0)
(0,0,0)
(0,0,0)
(0,0,0)
(0,0,0)
(0,0,0)
(0,0,0)
(0,0,0)
(0,0,0)
(0,0,0)
(0,0,0)
(0,0,0)
(0,0,0)
(0,0,0)
(0,0,0)
(0,0,0)
(0,0,0)
(0,0,0)
(0,0,0)
(0,0,0)
(0,0,0)
(0,0,0)
(0,0,0)
(0,0,0)
(0,0,0)
(0,0,0)
(0,0,0)
(0,0,0)
(0,0,0)
(0,0,0)
(0,0,0)
(0,0,0)
(0,0,0)
(0,0,0)
(0,0,0)
(0,0,0)
(0,0,0)
(0,0,0)
(0,0,0)
(0,0,0)
(0,0,0)
(0,0,0)
(0,0,0)
(0,0,0)
(0,0,0)
(0,0,0)
(0,0,0)
(0,0,0)
(0,0,0)
(0,0,0)
(0,0,0)
(0,0,0)
(0,0,0)
(0,0,0)
(0,0,0)
(0,0,0)
(0,0,0)
(0,0,0)
(0,0,0)
(0,0,0)
(0,0,0)
(0,0,0)
(0,0,0)
(0,0,0)
(0,0,0)
(0,0,0)
(0,0,0)
(0,0,0)
(0,0,0)
(0,0,0)
(0,0,0)
(0,0,0)
(0,0,0)
(0,0,0)
(0,0,0)
(0,0,0)
(0,0,0)
(0,0,0)
(0,0,0)
(0,0,0)
(0,0,0)
(0,0,0)
(0,0,0)
(-58488.5695722062,30910.2187549496,27578.350817255)
(-61950.994759757,29637.1147699935,59892.2308070186)
(-69886.0147535921,26961.9068395246,102816.338721086)
(-84791.1828693511,22790.1022305429,164817.4193599)
(-111595.025332832,17138.0567868923,259274.38790585)
(-159678.996069448,10641.1586960711,408312.225279218)
(-246791.175107019,4730.96786257559,650372.432523686)
(-404224.818950276,1095.92059375224,1053501.33088025)
(-666891.236488641,-85.4965341603598,1720478.06390302)
(-929285.448668176,-152.84736231885,2649916.35993354)
(0,0,0)
(0,0,0)
(0,0,0)
(0,0,0)
(0,0,0)
(0,0,0)
(-61913.9800192985,66519.9081744384,26304.2905998079)
(-65401.5335595399,64121.6973214678,57221.2416078785)
(-73452.0091054668,59054.3687772967,98580.7887755692)
(-88703.4959400172,50976.9359598662,159097.45098627)
(-116263.421951527,39800.4982668566,252698.431457822)
(-165521.056717053,26514.6546488703,402345.992222073)
(-253572.659934612,13932.8564900957,646716.763529166)
(-410393.195072833,5936.35756804108,1052269.52162763)
(-671004.778575741,2863.62728412653,1720325.17638513)
(-931209.226136747,1454.63272480253,2649926.9224347)
(0,0,0)
(0,0,0)
(0,0,0)
(0,0,0)
(0,0,0)
(0,0,0)
(-69731.4292093533,112402.148225078,23849.1891587137)
(-73288.516639116,109202.142555776,52057.2605635247)
(-81581.7271499379,102334.761797399,90358.5946933653)
(-97572.4318243005,91146.7828080577,147761.179669477)
(-126884.948869404,75220.6384894084,239225.988316317)
(-179212.446248663,55348.8154684487,389604.273745401)
(-270286.341653371,35167.1926851107,638656.279203773)
(-425760.598303893,21288.0103555129,1049065.22472017)
(-680882.641418072,14048.3857163976,1718763.10770599)
(-935689.89748859,7619.62444060005,2648288.01347885)
(0,0,0)
(0,0,0)
(0,0,0)
(0,0,0)
(0,0,0)
(0,0,0)
(-84269.7964603753,176110.958405397,20560.9862800578)
(-87863.9648411719,172534.058030753,45093.0356462551)
(-96454.0357940906,164840.945454597,79040.8877831406)
(-113538.729284528,152133.453743629,131592.946132088)
(-145752.6083005,133548.851639876,219017.341282127)
(-203944.509514922,109154.419680576,369156.246584926)
(-302249.343913107,81972.8338802823,624599.949302857)
(-455475.645711116,59769.5274818663,1041594.07788755)
(-698979.57868798,42523.6454041531,1712098.39688775)
(-943578.896338407,22878.6676425434,2640418.25002434)
(0,0,0)
(0,0,0)
(0,0,0)
(0,0,0)
(0,0,0)
(0,0,0)
(-110260.710062991,269440.32276371,16931.3457046738)
(-113827.261129579,265981.143040019,37311.5218249829)
(-122581.017522295,258553.182172154,66180.3026297226)
(-140595.471550347,246199.207013352,112710.020910345)
(-175812.133994749,227885.003453748,194186.003091223)
(-241233.928473553,202963.180222797,341611.171022532)
(-350872.436572811,172389.086802251,602067.354673374)
(-500681.6223102,138535.456545193,1023983.04792026)
(-725287.564340593,99621.8486319383,1692172.40903315)
(-954995.808354828,52792.8687438426,2617254.01628665)
(0,0,0)
(0,0,0)
(0,0,0)
(0,0,0)
(0,0,0)
(0,0,0)
(-157170.31309387,413240.965347726,13369.6705098569)
(-160548.257248867,410175.649237489,29723.4215612492)
(-169016.271166202,403625.254237268,53667.6206623364)
(-186849.766028263,392557.208865365,94159.3848385849)
(-222423.679661427,375508.150055649,168959.917898116)
(-289061.056584259,350327.875617111,310656.27908808)
(-398995.713446432,314237.467125039,567803.612211736)
(-542009.390122121,263674.101800771,984674.357078279)
(-753788.827271112,193105.002368694,1644980.03061271)
(-969364.641697441,103091.677394101,2564045.86365973)
(0,0,0)
(0,0,0)
(0,0,0)
(0,0,0)
(0,0,0)
(0,0,0)
(-243287.579422605,646341.166382297,10187.3783880324)
(-246251.741308314,643676.994813215,22937.7741206314)
(-253838.546941311,638007.92413812,42393.6511610979)
(-270123.493271567,628167.507569217,76906.8457288164)
(-303154.098853215,612025.538137694,143543.556499982)
(-365744.878011537,585389.31776367,274226.992364955)
(-468884.383304771,540517.359371961,516831.483422814)
(-598950.820968745,465788.590901884,913667.815290451)
(-796306.284547924,348564.018867144,1554515.08333987)
(-992825.436786622,189942.408553727,2460489.78896697)
(0,0,0)
(0,0,0)
(0,0,0)
(0,0,0)
(0,0,0)
(0,0,0)
(-400768.03045803,1039655.82969132,7453.36714900264)
(-403134.68958971,1037240.94099325,17024.1105586849)
(-409250.165451556,1031960.44690074,32321.7532476299)
(-422486.119741857,1022409.07386227,60566.3066964239)
(-449619.455325897,1005492.42141097,116718.878749043)
(-501644.901743843,974620.729657221,229132.368599316)
(-588020.529003464,915871.820447411,441798.43652731)
(-693343.282672012,804833.944993941,796096.365107285)
(-873576.012439856,622718.053971833,1395518.34244245)
(-1037725.35818257,353006.976200868,2270179.13297782)
(0,0,0)
(0,0,0)
(0,0,0)
(0,0,0)
(0,0,0)
(0,0,0)
(-664465.409439805,1699150.65643152,4970.5826995807)
(-666090.61548181,1696745.42240669,11556.7167679661)
(-670252.551782084,1691204.1720271,22565.5434236461)
(-679141.668807588,1680597.27305457,43519.013038918)
(-697056.999112215,1660333.82481452,85734.6087475794)
(-730736.50504434,1620848.76042636,170243.083022788)
(-787303.583621697,1542853.07076801,330565.416323896)
(-871408.144954087,1393032.60151929,613774.904752641)
(-1016109.87629328,1127080.80999754,1125522.02502014)
(-1116039.588347,677743.358698584,1916825.23086944)
(0,0,0)
(0,0,0)
(0,0,0)
(0,0,0)
(0,0,0)
(0,0,0)
(-928164.610692983,2624808.68061191,2506.58651262081)
(-928982.453178473,2622293.84164707,5940.62045072022)
(-931047.641807368,2616352.20201725,11840.2322679691)
(-935393.981607946,2604604.04777596,23227.4391545629)
(-944058.024793465,2581389.24949271,46230.0392698708)
(-960285.206087575,2535158.59828622,92205.4074975699)
(-988610.115759094,2442987.90437196,180680.689652707)
(-1036346.8398769,2262320.25767606,347739.873372788)
(-1115755.2513441,1914571.84695035,676004.087764025)
(-1123766.71399083,1238671.13628481,1238843.02416866)
(0,0,0)
(0,0,0)
(0,0,0)
(0,0,0)
(0,0,0)
(0,0,0)
(0,0,0)
(0,0,0)
(0,0,0)
(0,0,0)
(0,0,0)
(0,0,0)
(0,0,0)
(0,0,0)
(0,0,0)
(0,0,0)
(0,0,0)
(0,0,0)
(0,0,0)
(0,0,0)
(0,0,0)
(0,0,0)
(0,0,0)
(0,0,0)
(0,0,0)
(0,0,0)
(0,0,0)
(0,0,0)
(0,0,0)
(0,0,0)
(0,0,0)
(0,0,0)
(0,0,0)
(0,0,0)
(0,0,0)
(0,0,0)
(0,0,0)
(0,0,0)
(0,0,0)
(0,0,0)
(0,0,0)
(0,0,0)
(0,0,0)
(0,0,0)
(0,0,0)
(0,0,0)
(0,0,0)
(0,0,0)
(0,0,0)
(0,0,0)
(0,0,0)
(0,0,0)
(0,0,0)
(0,0,0)
(0,0,0)
(0,0,0)
(0,0,0)
(0,0,0)
(0,0,0)
(0,0,0)
(0,0,0)
(0,0,0)
(0,0,0)
(0,0,0)
(0,0,0)
(0,0,0)
(0,0,0)
(0,0,0)
(0,0,0)
(0,0,0)
(0,0,0)
(0,0,0)
(0,0,0)
(0,0,0)
(0,0,0)
(0,0,0)
(0,0,0)
(0,0,0)
(0,0,0)
(0,0,0)
(0,0,0)
(0,0,0)
(0,0,0)
(0,0,0)
(0,0,0)
(0,0,0)
(0,0,0)
(0,0,0)
(0,0,0)
(0,0,0)
(0,0,0)
(0,0,0)
(0,0,0)
(0,0,0)
(0,0,0)
(0,0,0)
(0,0,0)
(0,0,0)
(0,0,0)
(0,0,0)
(0,0,0)
(0,0,0)
(8717521.30723132,27554.0281466559,24244.7714285808)
(8711756.00029319,26243.3667800901,52103.0859743687)
(8698570.33643197,23437.4203519261,88017.9908155767)
(8674069.52836086,18892.3143632583,138073.641600851)
(8630544.44322399,12499.7871014748,211243.062321337)
(8553195.44561582,4843.32640401293,321333.970610692)
(8411263.24045053,-2040.58979872692,493128.821230567)
(8130777.51119852,-5084.74255967651,791019.910020221)
(7497928.66230633,-4220.68335956779,1458229.37096362)
(5779365.55865488,-2082.24119318798,3579469.28121251)
(0,0,0)
(0,0,0)
(0,0,0)
(0,0,0)
(0,0,0)
(0,0,0)
(8711692.06373482,58848.2011191356,22908.4596521916)
(8705916.84769319,56364.6170283912,49277.5045299805)
(8692619.60991333,51024.6520254184,83427.3302164272)
(8667655.56271266,42150.7428857778,131618.519419976)
(8622933.76742527,29216.9186600983,203512.874863344)
(8543400.20956176,12855.8430523706,314387.76831501)
(8399303.1273964,-2776.52043869259,490056.588002797)
(8119976.21585971,-9445.60129591672,791856.712185292)
(7491207.04532433,-7066.19866779187,1460299.07997201)
(5776427.53502928,-3048.42440911137,3581437.17840062)
(0,0,0)
(0,0,0)
(0,0,0)
(0,0,0)
(0,0,0)
(0,0,0)
(8698481.04189857,98057.5488763489,20386.8575135692)
(8692679.09795078,94747.0067516168,43845.5295792272)
(8679144.78172303,87526.7770798188,74425.5720307192)
(8653117.13839705,75203.8793963559,118491.541677622)
(8605306.98853222,56363.6005471147,186961.598767763)
(8519234.72889505,30586.4105644106,298592.532490808)
(8366884.69808463,3168.61138037863,483285.037312559)
(8090221.52040918,-8448.79695371372,794114.790636172)
(7473907.56457476,-4097.07292158667,1464164.13527585)
(5769235.92402298,-303.616051835798,3584302.18178582)
(0,0,0)
(0,0,0)
(0,0,0)
(0,0,0)
(0,0,0)
(0,0,0)
(8674249.72088469,150289.471645325,17057.2362647168)
(8668490.65809273,146685.706195607,36572.5902656359)
(8654650.96561146,138795.816700279,62007.2256184035)
(8626921.5413196,125140.697138296,99418.8136511238)
(8573405.12455203,103534.244150095,160899.113574455)
(8472587.03381781,71846.4574136336,270916.199771329)
(8294901.73567386,33305.0823758097,471437.325567741)
(8022571.5497619,14545.7698547004,798204.239665083)
(7439029.05871188,16201.4155790761,1467705.79014322)
(5755849.38102938,11458.3082858743,3584324.26481661)
(0,0,0)
(0,0,0)
(0,0,0)
(0,0,0)
(0,0,0)
(0,0,0)
(8631685.73027248,222715.089835278,13436.617853332)
(8626085.72798395,219397.395662521,28620.6156516413)
(8612174.84925145,212236.109884141,48233.1320728848)
(8582978.36110681,200046.210131518,77562.462801257)
(8522926.08844364,181336.993893228,128830.166998585)
(8400069.5904503,155171.97195372,232009.809913456)
(8165660.8631271,124265.120662032,452325.148306114)
(7897282.42207032,97218.537858122,799497.012301019)
(7384377.16825485,71150.3152881384,1462692.05637518)
(5735937.82453639,38449.2231649643,3572576.18498362)
(0,0,0)
(0,0,0)
(0,0,0)
(0,0,0)
(0,0,0)
(0,0,0)
(8555964.71239697,327337.16349673,10051.5772264532)
(8550760.0997416,324631.682137211,21317.6101401109)
(8537527.27068042,318924.267114224,35894.587442158)
(8508869.07443181,309388.994193482,58641.6392990129)
(8448136.4049198,294860.665418026,102366.559571787)
(8321817.64928514,273722.438603559,200746.06343129)
(8084557.36944391,244392.788549568,424873.989032217)
(7828095.79737144,206781.123291951,773014.892483487)
(7337921.57528105,150635.638376898,1429627.84322135)
(5713123.59935655,79660.4119109761,3533737.08980006)
(0,0,0)
(0,0,0)
(0,0,0)
(0,0,0)
(0,0,0)
(0,0,0)
(8415520.21950808,489103.359531033,7234.68141379904)
(8411006.51596334,487035.956986841,15380.8256713256)
(8399311.3006173,482812.28741195,26151.634193891)
(8373313.95347257,475991.698746338,43920.1592756784)
(8316706.22871105,465730.919958628,80998.253549621)
(8195993.25990869,449656.605350037,171134.625261626)
(7966021.97767275,421537.010621096,386892.718591302)
(7734572.50159541,371503.071638387,716456.124059554)
(7269039.32380395,271349.76177001,1358205.06869315)
(5674164.93942058,145069.871666635,3453613.90910919)
(0,0,0)
(0,0,0)
(0,0,0)
(0,0,0)
(0,0,0)
(0,0,0)
(8134806.35850081,776248.73713257,5088.90981843216)
(8131251.24546519,774598.534490999,10949.0736381762)
(8121939.20729267,771254.304662786,19126.3600219034)
(8100948.47836413,766009.26957637,33482.8674646989)
(8054328.91299987,758302.119464988,64771.9760112095)
(7951984.24534254,745759.900856078,142848.209797686)
(7750791.9184134,716783.635243633,336597.814137011)
(7599665.6898338,626888.138646834,616012.451001411)
(7129747.6991199,480253.923931217,1231593.25365917)
(5583826.06328357,274726.092253193,3308194.28798525)
(0,0,0)
(0,0,0)
(0,0,0)
(0,0,0)
(0,0,0)
(0,0,0)
(7500357.1068496,1435868.57872942,3366.31849257927)
(7497958.03466612,1434276.38891237,7448.49030211977)
(7491740.38710093,1430810.05757228,13708.4748883975)
(7478029.94553653,1424703.52169131,25651.2848080758)
(7448855.01644916,1413697.61561558,52152.4494748536)
(7389565.45405788,1391629.32147016,113789.746137316)
(7282719.06706101,1341803.92156525,246555.485511826)
(7132337.23296616,1228304.55729994,469202.365317317)
(6707771.30106039,1027585.26415373,1025798.5241199)
(5309052.20926543,670091.893621546,3033149.60151786)
(0,0,0)
(0,0,0)
(0,0,0)
(0,0,0)
(0,0,0)
(0,0,0)
(5780296.04231046,3553500.65154974,1715.95055491541)
(5779101.97509881,3551810.50818358,3906.07938513472)
(5776045.39435696,3547943.46709891,7488.31007297226)
(5769481.72714068,3540545.99013383,14578.8092607228)
(5755935.28137178,3526027.37396998,30064.4211199266)
(5729265.89235572,3495990.29835574,63961.0221698767)
(5679921.30516266,3432034.48566887,133007.713523307)
(5585316.73593257,3299043.5006339,268413.870758722)
(5309307.09430874,3030609.85849516,668135.607143248)
(4316884.15469121,2362583.26491196,2362802.04354944)
(0,0,0)
(0,0,0)
(0,0,0)
(0,0,0)
(0,0,0)
(0,0,0)
(0,0,0)
(0,0,0)
(0,0,0)
(0,0,0)
(0,0,0)
(0,0,0)
(0,0,0)
(0,0,0)
(0,0,0)
(0,0,0)
(0,0,0)
(0,0,0)
(0,0,0)
(0,0,0)
(0,0,0)
(0,0,0)
(0,0,0)
(0,0,0)
(0,0,0)
(0,0,0)
(0,0,0)
(0,0,0)
(0,0,0)
(0,0,0)
(0,0,0)
(0,0,0)
(0,0,0)
(0,0,0)
(0,0,0)
(0,0,0)
(0,0,0)
(0,0,0)
(0,0,0)
(0,0,0)
(0,0,0)
(0,0,0)
(0,0,0)
(0,0,0)
(0,0,0)
(0,0,0)
(0,0,0)
(0,0,0)
(0,0,0)
(0,0,0)
(0,0,0)
(0,0,0)
(0,0,0)
(0,0,0)
(0,0,0)
(0,0,0)
(0,0,0)
(0,0,0)
(0,0,0)
(0,0,0)
(0,0,0)
(0,0,0)
(0,0,0)
(0,0,0)
(0,0,0)
(0,0,0)
(0,0,0)
(0,0,0)
(0,0,0)
(0,0,0)
(0,0,0)
(0,0,0)
(0,0,0)
(0,0,0)
(0,0,0)
(0,0,0)
(0,0,0)
(0,0,0)
(0,0,0)
(0,0,0)
(0,0,0)
(0,0,0)
(0,0,0)
(0,0,0)
(0,0,0)
(0,0,0)
(0,0,0)
(0,0,0)
(0,0,0)
(0,0,0)
(0,0,0)
(0,0,0)
(0,0,0)
(0,0,0)
(0,0,0)
(0,0,0)
(0,0,0)
(0,0,0)
(0,0,0)
(0,0,0)
(0,0,0)
(0,0,0)
(-150684.654680781,21816.1923853859,18581.0931479539)
(-157042.091708986,20474.297386632,39096.2113846687)
(-171346.92674148,17549.8274844844,63654.9706949392)
(-197246.041417701,12526.4829173094,94635.3811774479)
(-241493.718593669,4922.02431326799,133942.84230306)
(-315256.956467559,-4918.21950993517,179504.787517728)
(-435922.597425003,-13981.620931771,212863.569946302)
(-626854.763519146,-15832.388538872,158519.556824075)
(-900604.893095918,-10877.0011659283,-259878.562986578)
(-1104243.87497258,-4988.86512855881,-2199088.94060917)
(0,0,0)
(0,0,0)
(0,0,0)
(0,0,0)
(0,0,0)
(0,0,0)
(-157370.387999199,45843.466545449,17226.5011951661)
(-163608.325819519,43290.1100274391,36127.1856882455)
(-177747.733159961,37657.8722309918,58577.8076362921)
(-203679.384731449,27660.0645925317,86970.4970264308)
(-248608.531911894,11606.0326900921,124020.111607989)
(-324387.202138983,-11283.9937592709,170364.621179235)
(-447894.448214328,-35179.0808800557,210950.980359436)
(-636991.093257589,-39161.0352119415,163438.259770988)
(-905682.218387516,-24327.5003860447,-254030.653675641)
(-1106025.36020736,-10200.0197290135,-2194175.28021725)
(0,0,0)
(0,0,0)
(0,0,0)
(0,0,0)
(0,0,0)
(0,0,0)
(-172258.044721844,74075.2677367781,14698.6090503815)
(-178302.918538584,70711.5969477331,30450.4622406693)
(-192179.878404358,63124.949908884,48499.3683112996)
(-218350.728741598,49076.8806514104,70741.7430122427)
(-265606.203357347,24511.4732103035,100940.818002809)
(-349213.568569251,-16026.9864952333,146323.43182427)
(-487840.519195236,-68794.4466428842,206855.338488149)
(-671975.689404693,-76087.9751596929,178170.811870868)
(-921041.666007455,-38994.7734043551,-240021.360907283)
(-1110965.33964778,-13689.2644587856,-2184139.52888555)
(0,0,0)
(0,0,0)
(0,0,0)
(0,0,0)
(0,0,0)
(0,0,0)
(-198792.384836568,107926.525473678,11382.1716055989)
(-204500.68713427,104425.764495755,22850.6729057671)
(-217993.808649108,96439.8751131199,34371.8455833222)
(-244712.116713871,81316.6840251164,45957.0238642954)
(-297238.700146477,53171.369929798,60132.2754644727)
(-403785.951547456,-620.540994135861,93290.1389498261)
(-611757.223036608,-95931.3926429974,199277.367281601)
(-786267.183711692,-110726.4159545,214945.865171252)
(-959395.596971605,-38432.5556787365,-215000.373249587)
(-1121478.6454521,-8427.63737247029,-2170742.65023328)
(0,0,0)
(0,0,0)
(0,0,0)
(0,0,0)
(0,0,0)
(0,0,0)
(-243297.795728558,147220.726581424,7880.64851452921)
(-248509.84070507,144269.218312869,14824.0870076789)
(-261264.878606771,137731.3473797,19163.6662204638)
(-288020.258132369,126059.956530028,17610.3365759805)
(-346785.623149631,106666.908934177,6017.83278602773)
(-496971.858055946,77007.6397753777,-2377.57585604505)
(-987731.117681498,43194.9897164025,184079.346214334)
(-1172039.89383759,28057.76815063,286808.801638312)
(-1034444.90473289,24728.8876530279,-185339.245084415)
(-1138675.83842389,15679.1725406218,-2162641.06841586)
(0,0,0)
(0,0,0)
(0,0,0)
(0,0,0)
(0,0,0)
(0,0,0)
(-316677.828505823,187163.18827341,4891.40283206706)
(-321229.902292079,185130.328118285,8211.61868152217)
(-332636.324080161,180886.325997289,7411.55844576086)
(-357523.121403672,173982.760639249,-1927.7262068687)
(-414641.812382645,163574.247639036,-23865.5239880763)
(-564359.451624211,147990.430177331,-36479.8898594141)
(-1030895.48546106,125863.473004277,168495.805378859)
(-1199418.192805,113266.451179563,282992.436147645)
(-1069079.81985605,81757.2372749231,-194843.194715969)
(-1155788.36483895,40707.8340230865,-2178768.56838159)
(0,0,0)
(0,0,0)
(0,0,0)
(0,0,0)
(0,0,0)
(0,0,0)
(-436614.383284593,208727.799738661,2761.31494862249)
(-440367.658997122,207652.397498249,3804.74415031579)
(-449933.069110389,205782.722720734,344.040775638473)
(-471602.080928691,203929.612752842,-12495.4533154733)
(-524019.257806861,203613.145034384,-39617.540571707)
(-670508.727388744,205862.256619083,-58796.0560947242)
(-1156720.46665307,206467.161355321,155534.023501351)
(-1312191.80295495,236695.380688048,251060.722164411)
(-1121684.59861078,132117.056355151,-236383.850879675)
(-1184107.58876395,54775.5159247377,-2219987.68097572)
(0,0,0)
(0,0,0)
(0,0,0)
(0,0,0)
(0,0,0)
(0,0,0)
(-628069.118836729,142240.984350302,1553.61634709289)
(-630893.730070942,141797.777926845,1744.53507582399)
(-638184.551475327,141521.974121239,-1679.63393547376)
(-655160.884906062,143466.869626247,-12916.203917502)
(-698508.087052349,153142.166789514,-37416.9019990549)
(-832785.804588087,183651.967838094,-58245.2396663173)
(-1363339.42699032,248966.469869475,185578.120844525)
(-1111824.7492015,159708.825857726,146246.438331416)
(-1164054.44396112,58402.56966854,-314045.60827961)
(-1228173.278226,40.6402800129465,-2275120.06750405)
(0,0,0)
(0,0,0)
(0,0,0)
(0,0,0)
(0,0,0)
(0,0,0)
(-902690.495119532,-283489.082565926,968.992506524278)
(-904520.990089177,-283859.90761799,1297.02642780915)
(-909179.645367488,-284193.590166131,123.94680482617)
(-919599.804800653,-283261.626343074,-3326.48326741408)
(-943471.745852811,-278715.847618693,-6950.38293597283)
(-1000399.98162148,-268191.204432212,7049.5486348967)
(-1124697.54869294,-260606.381332843,96230.3392123406)
(-1165897.34594431,-318411.639046535,44776.7066482095)
(-1273562.89236322,-370622.052450422,-372673.154187978)
(-1294028.47887132,-321924.042751695,-2275436.4593983)
(0,0,0)
(0,0,0)
(0,0,0)
(0,0,0)
(0,0,0)
(0,0,0)
(-1105849.23411314,-2225685.02962618,532.547105118761)
(-1106739.46885156,-2226190.93210162,896.339160295536)
(-1108977.32142151,-2227060.07077983,976.859173712926)
(-1113785.44518016,-2227958.09005125,1131.818823825)
(-1124029.44394606,-2228961.26015698,3533.28030116944)
(-1145510.59070911,-2232397.31978245,14707.2023374282)
(-1185117.35470569,-2247125.21384216,38456.0183363597)
(-1229385.94435369,-2285588.50968629,-7473.1071165124)
(-1294367.40057207,-2278127.59236521,-324101.748699728)
(-1249277.87640766,-1953940.91031797,-1953731.52641332)
(0,0,0)
(0,0,0)
(0,0,0)
(0,0,0)
(0,0,0)
(0,0,0)
(0,0,0)
(0,0,0)
(0,0,0)
(0,0,0)
(0,0,0)
(0,0,0)
(0,0,0)
(0,0,0)
(0,0,0)
(0,0,0)
(0,0,0)
(0,0,0)
(0,0,0)
(0,0,0)
(0,0,0)
(0,0,0)
(0,0,0)
(0,0,0)
(0,0,0)
(0,0,0)
(0,0,0)
(0,0,0)
(0,0,0)
(0,0,0)
(0,0,0)
(0,0,0)
(0,0,0)
(0,0,0)
(0,0,0)
(0,0,0)
(0,0,0)
(0,0,0)
(0,0,0)
(0,0,0)
(0,0,0)
(0,0,0)
(0,0,0)
(0,0,0)
(0,0,0)
(0,0,0)
(0,0,0)
(0,0,0)
(0,0,0)
(0,0,0)
(0,0,0)
(0,0,0)
(0,0,0)
(0,0,0)
(0,0,0)
(0,0,0)
(0,0,0)
(0,0,0)
(0,0,0)
(0,0,0)
(0,0,0)
(0,0,0)
(0,0,0)
(0,0,0)
(0,0,0)
(0,0,0)
(0,0,0)
(0,0,0)
(0,0,0)
(0,0,0)
(0,0,0)
(0,0,0)
(0,0,0)
(0,0,0)
(0,0,0)
(0,0,0)
(0,0,0)
(0,0,0)
(0,0,0)
(0,0,0)
(0,0,0)
(0,0,0)
(0,0,0)
(0,0,0)
(0,0,0)
(0,0,0)
(0,0,0)
(0,0,0)
(0,0,0)
(0,0,0)
(0,0,0)
(0,0,0)
(0,0,0)
(0,0,0)
(0,0,0)
(0,0,0)
(0,0,0)
(0,0,0)
(0,0,0)
(0,0,0)
(0,0,0)
(0,0,0)
(-178275.16850072,15268.5022784433,12322.0115414958)
(-183658.408206258,14004.3272097749,24934.0008289973)
(-195452.828139619,11199.7828715808,37840.1193555563)
(-215981.364971328,6132.02889458494,50443.4140145948)
(-249096.561151139,-2167.25953623686,60213.5161083031)
(-299989.952671383,-14036.3280074956,58982.8403196254)
(-373174.249016917,-25943.638520595,22178.1304321365)
(-463873.619350033,-25955.8914011514,-114847.122335831)
(-536449.190086338,-15949.7213762742,-463053.103969111)
(-466262.349877005,-6776.37151150509,-1094258.25755316)
(0,0,0)
(0,0,0)
(0,0,0)
(0,0,0)
(0,0,0)
(0,0,0)
(-184330.656235283,31160.1117234405,11068.6587910849)
(-189397.190818295,28777.3878866485,22084.4631129885)
(-200532.726660788,23362.0312998971,32707.2081855019)
(-219999.51397956,13081.1417462433,42078.22458195)
(-251628.229298182,-5338.36479618061,48269.0272281849)
(-301075.85950224,-36076.7414503414,46998.0980342943)
(-373828.856034917,-75120.4559591232,22109.3232934178)
(-461783.270246328,-74153.0894173126,-104901.30170168)
(-532916.971426901,-39689.6633130533,-453926.606725511)
(-464069.668296576,-15127.65047009,-1087531.01967776)
(0,0,0)
(0,0,0)
(0,0,0)
(0,0,0)
(0,0,0)
(0,0,0)
(-197591.052435747,47739.4094938683,8753.70994347865)
(-202100.271550016,44654.243052588,16674.207788967)
(-211973.503457166,37428.3348221789,22401.529319492)
(-229229.495485968,22831.4550395636,23529.9827705448)
(-257743.921722307,-7032.26255737581,17361.5988966985)
(-305205.944816534,-70532.9204959165,7810.1541895435)
(-385431.169663172,-192683.162525824,22963.5112241823)
(-462221.298965177,-190377.537715346,-70566.4309173107)
(-524411.314742175,-77371.3252720403,-429515.120223589)
(-458784.837604736,-24206.2546583325,-1072617.01807839)
(0,0,0)
(0,0,0)
(0,0,0)
(0,0,0)
(0,0,0)
(0,0,0)
(-220447.809370862,63647.494835238,5747.33919293166)
(-224149.580568746,60581.4295202202,9469.04615978039)
(-232159.736072647,53307.4559679693,7755.85243753143)
(-245799.609683451,38172.4879434488,-6497.68749677475)
(-268205.989837378,3804.10446344995,-46366.7648266965)
(-312392.606491717,-93702.805292154,-114590.225086198)
(-472103.899197328,-471907.142895535,24980.4314442261)
(-497249.859976489,-496491.046569866,42076.6165635476)
(-504545.694379607,-113462.665957307,-376681.945343187)
(-448053.073554571,-25597.739723119,-1048716.03217595)
(0,0,0)
(0,0,0)
(0,0,0)
(0,0,0)
(0,0,0)
(0,0,0)
(-256528.657543562,74180.029882959,2698.32676728066)
(-259270.220073983,71843.6716934177,2196.46396299621)
(-264921.115978503,66572.615774507,-7412.45847180912)
(-273020.839876659,56738.237213769,-40977.6259978363)
(-278848.663543507,38971.1119561321,-144081.593096645)
(-251410.583154106,9718.93918620246,-493064.61247685)
(7.77135955238028e-05,1.97802113692488e-05,-5.0602724407831e-05)
(438.916202356122,626.792064166348,424583.583647716)
(-424111.365493966,-9940.50362662344,-289272.117921912)
(-428618.401427579,-1421.97711953472,-1023505.31752184)
(0,0,0)
(0,0,0)
(0,0,0)
(0,0,0)
(0,0,0)
(0,0,0)
(-310496.737601653,67632.9251123779,366.013866413876)
(-312323.692855984,66377.3725473167,-3073.89642358358)
(-315765.290089571,63880.5621243344,-17252.8767639994)
(-319340.935405255,60112.4844708364,-58809.3100194842)
(-315401.866378549,54373.9182571184,-173452.062324576)
(-267081.301819269,41952.8982886037,-502964.17123192)
(7.02903648098697e-05,2.54271348878586e-05,-3.89106475266972e-05)
(53.2197395575399,445.18941359576,413435.562463032)
(-413371.805973815,29106.4769774669,-281319.432023284)
(-428279.395003452,12365.0928520287,-1022615.47183028)
(0,0,0)
(0,0,0)
(0,0,0)
(0,0,0)
(0,0,0)
(0,0,0)
(-385820.452362519,17770.7009445689,-931.706754259363)
(-386893.442357862,17605.8405726499,-5634.39141886394)
(-388543.801979227,17945.1919010696,-21088.2883267501)
(-388643.882133865,20698.8448065779,-64632.8474573119)
(-377723.208386339,29396.6111227689,-185951.589743486)
(-313335.20226324,43816.1904082548,-544988.406988639)
(0.00019117795676419,-7.02684156817595e-05,-5.41976186691465e-05)
(-251.190413558785,437169.808210167,441686.020523371)
(-442136.513218759,89811.9323850782,-298567.520276255)
(-445556.404639183,10756.6867430656,-1035510.29829206)
(0,0,0)
(0,0,0)
(0,0,0)
(0,0,0)
(0,0,0)
(0,0,0)
(-477280.170424439,-131799.801822074,-1218.44564565609)
(-477801.142980416,-131267.060789298,-5438.13137423991)
(-478268.321152694,-128971.808077951,-18437.3617178594)
(-476345.197054782,-120573.951046618,-55980.2537159492)
(-462075.187434432,-91501.0337409124,-171515.508470197)
(-388094.903588811,16347.527499285,-588737.746560501)
(-293.971773374707,487865.063415058,437131.779978666)
(-437451.279611572,105801.520415707,94126.5981831917)
(-551184.309540104,-50987.8878868343,-377943.715965912)
(-482975.402313226,-65746.7729921762,-1046638.13214344)
(0,0,0)
(0,0,0)
(0,0,0)
(0,0,0)
(0,0,0)
(0,0,0)
(-547719.48669173,-485937.830701912,-832.979547953669)
(-547941.67919692,-485387.895368652,-3291.45586085325)
(-547979.620485271,-483323.152274794,-10140.1365461997)
(-546482.24142267,-476857.505794029,-26974.1451767711)
(-539467.91328477,-458790.16840385,-63688.8430818679)
(-517683.429803798,-412886.287212722,-117171.580187549)
(-488376.297184245,-320695.562014572,55067.7937333825)
(-560614.091476155,-381640.539574705,-62773.4007443505)
(-603158.765944895,-391231.018564053,-392934.396485447)
(-494472.020554358,-277081.093961245,-981156.533833352)
(0,0,0)
(0,0,0)
(0,0,0)
(0,0,0)
(0,0,0)
(0,0,0)
(-472585.012828502,-1118855.65215448,-346.399832069678)
(-472671.147312736,-1118502.06597158,-1300.55076796385)
(-472669.309010957,-1117173.72110785,-3757.99434545432)
(-472073.433186795,-1113321.15557697,-9006.35655586102)
(-469853.611056982,-1104161.16904606,-17811.1888027201)
(-465097.074871503,-1086271.48192972,-24839.5099233405)
(-463383.793219041,-1061489.57300182,-5779.0604227274)
(-488724.553714724,-1055735.90650805,-72345.0841283233)
(-495660.109228353,-983409.806684009,-278873.587352082)
(-396441.574823459,-704487.553984346,-704303.428913182)
(0,0,0)
(0,0,0)
(0,0,0)
(0,0,0)
(0,0,0)
(0,0,0)
(0,0,0)
(0,0,0)
(0,0,0)
(0,0,0)
(0,0,0)
(0,0,0)
(0,0,0)
(0,0,0)
(0,0,0)
(0,0,0)
(0,0,0)
(0,0,0)
(0,0,0)
(0,0,0)
(0,0,0)
(0,0,0)
(0,0,0)
(0,0,0)
(0,0,0)
(0,0,0)
(0,0,0)
(0,0,0)
(0,0,0)
(0,0,0)
(0,0,0)
(0,0,0)
(0,0,0)
(0,0,0)
(0,0,0)
(0,0,0)
(0,0,0)
(0,0,0)
(0,0,0)
(0,0,0)
(0,0,0)
(0,0,0)
(0,0,0)
(0,0,0)
(0,0,0)
(0,0,0)
(0,0,0)
(0,0,0)
(0,0,0)
(0,0,0)
(0,0,0)
(0,0,0)
(0,0,0)
(0,0,0)
(0,0,0)
(0,0,0)
(0,0,0)
(0,0,0)
(0,0,0)
(0,0,0)
(0,0,0)
(0,0,0)
(0,0,0)
(0,0,0)
(0,0,0)
(0,0,0)
(0,0,0)
(0,0,0)
(0,0,0)
(0,0,0)
(0,0,0)
(0,0,0)
(0,0,0)
(0,0,0)
(0,0,0)
(0,0,0)
(0,0,0)
(0,0,0)
(0,0,0)
(0,0,0)
(0,0,0)
(0,0,0)
(0,0,0)
(0,0,0)
(0,0,0)
(0,0,0)
(0,0,0)
(0,0,0)
(0,0,0)
(0,0,0)
(0,0,0)
(0,0,0)
(0,0,0)
(0,0,0)
(0,0,0)
(0,0,0)
(0,0,0)
(0,0,0)
(0,0,0)
(0,0,0)
(0,0,0)
(0,0,0)
(-194521.011670398,9295.26574821307,6950.57742146569)
(-198160.783998923,8303.11700738338,13149.8362067468)
(-205779.620703792,6133.16615990442,17343.4626110131)
(-218185.45921277,2159.74144531837,17387.815407138)
(-236446.858107776,-4652.74968093399,9390.86204470335)
(-261457.462542342,-15116.5491247777,-14025.0789595614)
(-292316.361434856,-26595.0210118159,-68287.9455298101)
(-321170.342964718,-23886.4038476646,-187104.818067459)
(-318547.058559175,-12477.3790570962,-392529.57053753)
(-226612.173849719,-4621.93814612671,-627557.80841864)
(0,0,0)
(0,0,0)
(0,0,0)
(0,0,0)
(0,0,0)
(0,0,0)
(-199113.355251397,18061.2708247725,6016.69393955124)
(-202290.314787215,16235.0151006556,10977.9198151962)
(-208833.600792694,12102.4482795716,13309.5118274344)
(-219101.138596968,4052.51912756915,10518.3587625958)
(-233367.146759445,-11283.1096892047,-1112.36376787422)
(-251599.189836472,-40132.9288499929,-25572.6537084293)
(-273645.299100165,-86722.5955904412,-65628.6360645588)
(-300871.104685695,-74645.045899298,-175782.159573555)
(-305193.321851154,-31231.387194347,-384751.801012051)
(-220583.134360421,-9854.16630307357,-623006.106791243)
(0,0,0)
(0,0,0)
(0,0,0)
(0,0,0)
(0,0,0)
(0,0,0)
(-208962.384144272,25135.5835359129,4297.01899738145)
(-211303.793597208,22861.446667777,6874.10947745674)
(-215755.841083017,17524.1962658464,5234.69911703559)
(-221557.137611028,6519.22900006214,-4904.36863039468)
(-226547.625423737,-17308.5902816606,-30075.1843365084)
(-225491.959140035,-77610.2419241286,-72311.8569388625)
(-211452.88918659,-279344.722802642,-53668.0102032437)
(-232534.522716716,-225450.041069255,-132549.791281751)
(-267027.496019166,-57565.0318390976,-363599.965360027)
(-205284.987237111,-13505.5508013012,-613448.431229441)
(0,0,0)
(0,0,0)
(0,0,0)
(0,0,0)
(0,0,0)
(0,0,0)
(-225268.205268377,27853.9389777755,2102.04045565109)
(-226486.430456062,25749.3261923629,1551.01081837693)
(-228089.752185282,20819.7988184851,-5814.57562162333)
(-227447.971461299,11199.2298541581,-28846.2146978728)
(-217191.818524865,-6635.20013329665,-90533.7761587576)
(-173659.509662774,-32636.7453507653,-274240.369561065)
(3.7440062915463e-05,4.3683794502811e-06,-1.72000213743914e-05)
(0.389020340691622,1098.34966899861,34922.625204903)
(-174169.001096598,-33074.0330550382,-319945.066862159)
(-175010.404940364,-6174.88848250009,-600318.397795197)
(0,0,0)
(0,0,0)
(0,0,0)
(0,0,0)
(0,0,0)
(0,0,0)
(-249258.196278647,20583.3630573692,0.114655495028804)
(-249315.776622789,19150.6971056865,-3355.69970902737)
(-248049.282492187,16009.0378195729,-15416.7721964313)
(-241212.204689178,10660.7122924036,-46686.8898221596)
(-218168.046210214,2588.013637459,-116590.720926201)
(-153109.736295522,-5877.51594768373,-241650.797187852)
(-4.43156611780118e-06,2.60072595467063e-06,8.9538124388342e-05)
(8.44614727108049e-05,7.94937006370245e-06,-2.60703250327168e-06)
(-177.923307602285,730.092426682125,-293602.699971193)
(-132734.43507862,-1085.41581150566,-594576.138991117)
(0,0,0)
(0,0,0)
(0,0,0)
(0,0,0)
(0,0,0)
(0,0,0)
(-281235.198743011,-7260.32815486846,-1417.84764640527)
(-280375.087551624,-7783.5499685406,-6432.20587653836)
(-276900.398077407,-8585.42911158974,-20702.6309575395)
(-265709.42264308,-8952.32202859564,-54721.1093987178)
(-234695.184186356,-7778.23100539638,-125061.546948049)
(-157977.769016983,-4205.23817965195,-235837.357518354)
(1.18862204437141e-06,7.44141339123312e-06,6.98773453855647e-05)
(6.21637814726704e-05,1.75940072859179e-05,-1.9071422903097e-06)
(5.56005366491086,316.978227981345,-296040.955353122)
(-126481.511841366,-4902.22819793277,-594022.026128793)
(0,0,0)
(0,0,0)
(0,0,0)
(0,0,0)
(0,0,0)
(0,0,0)
(-317925.512477903,-73207.5122009069,-1947.7558385771)
(-316543.166659758,-72878.4321860874,-7203.14931912524)
(-311840.287417607,-71453.5665258367,-21038.5264665034)
(-298326.691811082,-66785.2315032145,-53522.8073146647)
(-262768.10248408,-54794.7968768045,-121461.347345518)
(-176572.453204217,-30778.7390516661,-231650.595532536)
(1.04128922573757e-05,0.000110936105330387,8.28739054318634e-05)
(0.000108944728004992,-3.95690722742827e-06,-4.62347841153129e-06)
(145.414538306981,-19162.7343789718,-301747.196860492)
(-136014.584756794,-26584.8787777006,-589606.366163096)
(0,0,0)
(0,0,0)
(0,0,0)
(0,0,0)
(0,0,0)
(0,0,0)
(-347006.173403499,-201811.745582904,-1669.76363894809)
(-345527.292852525,-201025.849409245,-5796.19654368588)
(-340785.601507639,-198368.092509511,-16364.3902050621)
(-327515.444518034,-190460.994088107,-41518.3801569156)
(-292276.471726841,-168704.944585475,-97406.9481558277)
(-202332.915359913,-113054.177328389,-200893.498108004)
(0.000132032154339518,-9.1484528086955e-06,-6.89735760000226e-06)
(-104.205704470761,-17275.6138955407,-19492.9346645946)
(-177384.177726421,-102913.708991323,-309542.091865927)
(-178461.305881335,-77206.1169251084,-563434.950150427)
(0,0,0)
(0,0,0)
(0,0,0)
(0,0,0)
(0,0,0)
(0,0,0)
(-338165.223972335,-410392.58229156,-973.426010737526)
(-337002.277127085,-409716.894302709,-3221.78318710617)
(-333407.659729196,-407619.757332429,-8542.07912026445)
(-323583.002818132,-402066.07410325,-19836.2377096624)
(-297347.550189079,-388873.945887198,-41787.5995036267)
(-224649.903316268,-360052.834411723,-87822.4689078177)
(-208.378503052654,-295493.891263566,-17159.9110666591)
(-180211.314816875,-309624.53196178,-105213.769659711)
(-243563.774575627,-283662.623374317,-284059.846645988)
(-190219.750357305,-179013.023565357,-486505.210202791)
(0,0,0)
(0,0,0)
(0,0,0)
(0,0,0)
(0,0,0)
(0,0,0)
(-236845.064857795,-645740.539673184,-391.990589078974)
(-236238.262954274,-645301.17821066,-1240.59103960632)
(-234437.929651456,-643971.842938003,-3119.8847935484)
(-229810.014183174,-640704.239131971,-6745.13876845698)
(-218683.754762746,-633814.958033125,-12973.9829167613)
(-194196.593707853,-620814.61602824,-23112.6824639002)
(-153050.746152365,-597809.969171396,-31129.6516227593)
(-183500.066057563,-566781.007112334,-79197.6641293637)
(-191377.471213371,-487616.228260083,-179526.697258591)
(-139275.836163155,-307965.684206311,-307739.775277952)
(0,0,0)
(0,0,0)
(0,0,0)
(0,0,0)
(0,0,0)
(0,0,0)
(0,0,0)
(0,0,0)
(0,0,0)
(0,0,0)
(0,0,0)
(0,0,0)
(0,0,0)
(0,0,0)
(0,0,0)
(0,0,0)
(0,0,0)
(0,0,0)
(0,0,0)
(0,0,0)
(0,0,0)
(0,0,0)
(0,0,0)
(0,0,0)
(0,0,0)
(0,0,0)
(0,0,0)
(0,0,0)
(0,0,0)
(0,0,0)
(0,0,0)
(0,0,0)
(0,0,0)
(0,0,0)
(0,0,0)
(0,0,0)
(0,0,0)
(0,0,0)
(0,0,0)
(0,0,0)
(0,0,0)
(0,0,0)
(0,0,0)
(0,0,0)
(0,0,0)
(0,0,0)
(0,0,0)
(0,0,0)
(0,0,0)
(0,0,0)
(0,0,0)
(0,0,0)
(0,0,0)
(0,0,0)
(0,0,0)
(0,0,0)
(0,0,0)
(0,0,0)
(0,0,0)
(0,0,0)
(0,0,0)
(0,0,0)
(0,0,0)
(0,0,0)
(0,0,0)
(0,0,0)
(0,0,0)
(0,0,0)
(0,0,0)
(0,0,0)
(0,0,0)
(0,0,0)
(0,0,0)
(0,0,0)
(0,0,0)
(0,0,0)
(0,0,0)
(0,0,0)
(0,0,0)
(0,0,0)
(0,0,0)
(0,0,0)
(0,0,0)
(0,0,0)
(0,0,0)
(0,0,0)
(0,0,0)
(0,0,0)
(0,0,0)
(0,0,0)
(0,0,0)
(0,0,0)
(0,0,0)
(0,0,0)
(0,0,0)
(0,0,0)
(0,0,0)
(0,0,0)
(0,0,0)
(0,0,0)
(0,0,0)
(0,0,0)
(-202600.677756733,4759.85395502008,3319.81213132168)
(-204538.361420754,4225.24280828416,5472.14674487059)
(-208284.638419734,3131.59784726173,4845.56661354952)
(-213687.093085163,1300.29569377392,-953.095207831692)
(-220236.844935879,-1535.35895332975,-15627.7494264018)
(-227050.829366308,-5271.07314984368,-44763.3094525897)
(-232192.265333305,-7921.76559057873,-96965.6399635658)
(-230267.029649819,-3583.16157865479,-184285.791699817)
(-203255.865346786,839.824024484759,-300416.80893667)
(-127629.095100741,1375.49921843667,-400775.386904119)
(0,0,0)
(0,0,0)
(0,0,0)
(0,0,0)
(0,0,0)
(0,0,0)
(-205544.715656447,8365.09405967983,2826.12030039372)
(-207032.522379177,7394.01418002949,4399.55652061123)
(-209675.692640866,5383.84854801304,2989.39766803221)
(-212798.903109043,1799.40286758193,-3811.94499370364)
(-215063.654514969,-4287.22115339214,-19363.5750381155)
(-214805.774524292,-13948.2363708441,-47479.8271292965)
(-211838.821789674,-24528.8070695876,-92679.2629607698)
(-210843.323033962,-6346.56441120379,-179943.641779953)
(-191262.05671017,6910.17506008773,-299945.257956538)
(-122375.203914144,5438.21846044664,-402215.907644825)
(0,0,0)
(0,0,0)
(0,0,0)
(0,0,0)
(0,0,0)
(0,0,0)
(-211671.852745159,9103.20324657162,1971.35941400022)
(-212328.460108641,7946.73941807112,2443.30068739163)
(-212835.980127078,5481.14241354029,-573.854134073059)
(-211314.167985543,889.446727980534,-9906.86761996282)
(-203954.316678346,-7728.36981039843,-29059.0277083478)
(-184689.594171213,-25609.0910168568,-58200.5380311611)
(-151783.590060196,-67774.3067147881,-74624.337512353)
(-153730.006509852,7101.22152335089,-166876.639653769)
(-160651.815053582,35294.5399214261,-301636.685480697)
(-110310.931439774,16764.6805558076,-407937.203373372)
(0,0,0)
(0,0,0)
(0,0,0)
(0,0,0)
(0,0,0)
(0,0,0)
(-221238.585794215,4156.15693441721,917.42683799059)
(-220813.713097593,3175.00872525545,16.4401723393091)
(-218556.788254829,1096.99922608099,-5132.38057065732)
(-210775.418959043,-2376.85131465101,-18538.6350302798)
(-189025.237805135,-7458.89783035983,-46974.6877300461)
(-133750.421700438,-11998.186134541,-100494.680574696)
(3.31905169081435e-05,4.75845628960478e-06,3.48912645823987e-06)
(-30.5496740920379,1070.85302631451,-139109.521285838)
(-98367.325960681,140947.381320309,-320564.03782064)
(-89869.7761010769,36127.5878342912,-425067.573938417)
(0,0,0)
(0,0,0)
(0,0,0)
(0,0,0)
(0,0,0)
(0,0,0)
(-233981.407659276,-11103.3395209308,-17.2921640188471)
(-232522.092986094,-11648.4087195588,-1987.55835589861)
(-227783.713972382,-12646.7016139441,-8509.42603567932)
(-214892.561418245,-13662.2268022624,-23543.6938190016)
(-183912.289808739,-13802.0129985226,-51456.3350523145)
(-117463.833470043,-10673.9326677012,-88426.4913446349)
(-4.17314165580901e-06,1.05693319495154e-06,5.51328932911494e-06)
(7.45297349127089e-05,6.21877759043564e-07,1.47956070416704e-05)
(-305.477505856135,972.366934605096,-425927.617750826)
(-66158.0710244231,5207.23324925073,-461583.627219975)
(0,0,0)
(0,0,0)
(0,0,0)
(0,0,0)
(0,0,0)
(0,0,0)
(-248202.544029546,-43627.8541217442,-508.140112652405)
(-246048.497513132,-43634.91691096,-2848.22195974542)
(-239715.374002689,-43269.1454886482,-9410.80215976214)
(-223853.228600553,-41347.0787774825,-23582.1442270684)
(-188131.072824282,-35674.7339391097,-48273.5346485556)
(-116510.3028628,-22684.3707323539,-77730.5627380883)
(4.79580459993648e-07,3.66618357235493e-06,-7.13850220722481e-12)
(5.23071123185776e-05,6.90947965694409e-07,9.78759180894004e-06)
(-271.711354777206,534.381170383275,-422353.521456393)
(-61986.7410037133,-14370.9362177613,-467270.122827017)
(0,0,0)
(0,0,0)
(0,0,0)
(0,0,0)
(0,0,0)
(0,0,0)
(-259096.880665141,-101954.093058919,-502.392875596764)
(-256712.91018702,-101572.652456276,-2394.91380302534)
(-249937.201093317,-100160.644205485,-7406.50141047908)
(-233481.626279112,-95788.3171792604,-17810.328540673)
(-196885.978531552,-84173.3782874802,-35193.8081448326)
(-123021.773292863,-56427.0528542068,-55001.8059343329)
(7.66545932049181e-06,7.74356075698574e-06,-8.41062199463622e-12)
(9.2010581920021e-05,3.43601066596095e-06,1.41890749740832e-05)
(-201.03398647377,-196591.755363167,-437775.942277386)
(-65905.0526599537,-68944.5002852029,-453311.91030681)
(0,0,0)
(0,0,0)
(0,0,0)
(0,0,0)
(0,0,0)
(0,0,0)
(-256232.167868306,-192603.830344659,-124.268249451665)
(-254096.140667982,-192183.356216843,-944.716673425111)
(-248147.290435824,-190745.745036713,-2997.92691401669)
(-233837.472741097,-186322.823745279,-6141.3921249332)
(-201574.386009184,-173644.915042112,-7371.94108795927)
(-132365.111171492,-135237.165133032,1470.36700244387)
(0.000115676927200481,1.81800811266676e-05,5.95720606924582e-06)
(-88.3428905661764,-197276.80971653,-196695.464488333)
(-91188.849822613,-169025.406429335,-310457.141325971)
(-84188.7973424008,-88924.4739819614,-384749.67616814)
(0,0,0)
(0,0,0)
(0,0,0)
(0,0,0)
(0,0,0)
(0,0,0)
(-222305.233429373,-308698.569542658,234.748655034629)
(-220787.058476506,-308597.090609628,433.264397231646)
(-216679.360797045,-308359.162980169,1318.38340853204)
(-207025.630755686,-308032.61175224,6470.79935306022)
(-185487.810257971,-310033.711836713,30999.8562165546)
(-136112.029007816,-329437.551051912,136662.36782698)
(16.6533203684579,-448144.412388023,-197141.784643273)
(-93394.8194479339,-312742.475782665,-168492.613946078)
(-119177.628080747,-231343.299232213,-230560.867638077)
(-85586.672219343,-128006.01400029,-296112.405757721)
(0,0,0)
(0,0,0)
(0,0,0)
(0,0,0)
(0,0,0)
(0,0,0)
(-137356.799141812,-408430.54920043,243.713941796722)
(-136595.788068428,-408589.761354569,593.909800890956)
(-134617.390130054,-409120.307922356,1534.51522167433)
(-130160.542840027,-410560.343050813,4412.77517709591)
(-120983.356898403,-414886.683057652,11565.348533703)
(-103691.345141768,-426406.088541334,18028.637457035)
(-77039.3500761324,-444511.44245274,-61615.7285544797)
(-87794.930325053,-383006.995604634,-87056.3444650175)
(-86452.3309898299,-295990.993969805,-127333.789950957)
(-57722.0515918292,-168556.203942388,-168337.384580187)
(0,0,0)
(0,0,0)
(0,0,0)
(0,0,0)
(0,0,0)
(0,0,0)
(0,0,0)
(0,0,0)
(0,0,0)
(0,0,0)
(0,0,0)
(0,0,0)
(0,0,0)
(0,0,0)
(0,0,0)
(0,0,0)
(0,0,0)
(0,0,0)
(0,0,0)
(0,0,0)
(0,0,0)
(0,0,0)
(0,0,0)
(0,0,0)
(0,0,0)
(0,0,0)
(0,0,0)
(0,0,0)
(0,0,0)
(0,0,0)
(0,0,0)
(0,0,0)
(0,0,0)
(0,0,0)
(0,0,0)
(0,0,0)
(0,0,0)
(0,0,0)
(0,0,0)
(0,0,0)
(0,0,0)
(0,0,0)
(0,0,0)
(0,0,0)
(0,0,0)
(0,0,0)
(0,0,0)
(0,0,0)
(0,0,0)
(0,0,0)
(0,0,0)
(0,0,0)
(0,0,0)
(0,0,0)
(0,0,0)
(0,0,0)
(0,0,0)
(0,0,0)
(0,0,0)
(0,0,0)
(0,0,0)
(0,0,0)
(0,0,0)
(0,0,0)
(0,0,0)
(0,0,0)
(0,0,0)
(0,0,0)
(0,0,0)
(0,0,0)
(0,0,0)
(0,0,0)
(0,0,0)
(0,0,0)
(0,0,0)
(0,0,0)
(0,0,0)
(0,0,0)
(0,0,0)
(0,0,0)
(0,0,0)
(0,0,0)
(0,0,0)
(0,0,0)
(0,0,0)
(0,0,0)
(0,0,0)
(0,0,0)
(0,0,0)
(0,0,0)
(0,0,0)
(0,0,0)
(0,0,0)
(0,0,0)
(0,0,0)
(0,0,0)
(0,0,0)
(0,0,0)
(0,0,0)
(0,0,0)
(0,0,0)
(0,0,0)
(-205855.84577766,1840.72424082922,1414.44378008708)
(-206577.682571046,1778.95850576112,1674.80642461671)
(-207791.177058691,1812.99981538542,-631.654751809592)
(-208986.646203516,2247.09738806208,-7579.1990215165)
(-209088.567712428,3670.85414434816,-22398.3303893127)
(-206605.263381806,6947.8799399708,-49791.7763137841)
(-199433.683820171,12384.6295919787,-94934.9874188951)
(-183763.884324266,15799.9843003131,-157238.117044757)
(-148530.763216054,12778.4903822749,-224741.709557764)
(-85807.9631105312,6589.54815518911,-273152.389703158)
(0,0,0)
(0,0,0)
(0,0,0)
(0,0,0)
(0,0,0)
(0,0,0)
(-207378.299126169,2309.64606993301,1364.66164061899)
(-207819.222886475,2212.82039010504,1717.50026357389)
(-208309.415253769,2376.27295164898,-212.050259786328)
(-208015.929379009,3426.66060044397,-6174.58720220453)
(-205427.620052105,6969.06815067921,-19108.8356714035)
(-198806.721053293,16250.3969362461,-44410.4061386804)
(-187792.094456167,35511.7562676094,-91584.2601478282)
(-177007.962933899,50726.9291928767,-160346.565140465)
(-145366.642379434,37520.1067080353,-230983.595796961)
(-84517.9872846808,17522.0676925913,-279773.331963832)
(0,0,0)
(0,0,0)
(0,0,0)
(0,0,0)
(0,0,0)
(0,0,0)
(-210385.196069926,-330.079976648515,1353.06937134662)
(-210283.911504546,-398.280829463676,1919.62198681767)
(-209362.174394933,-53.9361981548039,876.025404473597)
(-206018.107402308,1624.71383503025,-2618.08841334525)
(-197215.27293193,7434.41977336572,-9822.4837824492)
(-178532.559818128,25523.4061830282,-25252.5273823129)
(-149094.202877574,84071.6149705849,-76501.7732679188)
(-166556.768769182,160814.520061389,-173762.601877107)
(-143311.810899362,97603.1313962182,-251185.630719487)
(-83703.511287632,37227.172664737,-297498.155843785)
(0,0,0)
(0,0,0)
(0,0,0)
(0,0,0)
(0,0,0)
(0,0,0)
(-214502.411279356,-8448.08969084764,1381.83519933856)
(-213703.427195674,-8427.7966869369,2301.06515488865)
(-210951.997929647,-7988.2796636211,2630.6182951712)
(-203395.626344669,-6340.7304969072,3216.27001273755)
(-184526.262739103,-2157.46098292354,8309.17570300249)
(-137617.879770483,4446.39869128241,33253.641264793)
(2.4625734324992e-05,-1.07681596728733e-05,1.60998772385296e-05)
(-192383.539569542,1098.8724034349,-237358.654183357)
(-165263.982938976,239066.034420079,-311924.900228921)
(-89416.9278816121,59875.5742677932,-335026.150051434)
(0,0,0)
(0,0,0)
(0,0,0)
(0,0,0)
(0,0,0)
(0,0,0)
(-218725.690325978,-25181.2191982497,1477.41217409834)
(-217272.172159504,-25041.4791160671,2841.17377664412)
(-212920.369631828,-24428.1091353937,4417.65890786243)
(-201855.358403916,-22456.5107997335,7496.23619636101)
(-175780.098149305,-17837.8452003403,15044.4287543395)
(-117485.187337418,-9591.60814842192,29103.7894614212)
(-1.10164786814269e-05,-1.08912046403716e-06,-3.68190541472588e-06)
(5.0956270519642e-05,-6.44042512034949e-06,2.65156769317326e-05)
(-301758.65600672,1111.56686601491,-491586.743143189)
(-112069.885252783,9430.08452609446,-395229.439173132)
(0,0,0)
(0,0,0)
(0,0,0)
(0,0,0)
(0,0,0)
(0,0,0)
(-220790.965141257,-54264.2088031633,1671.41071662551)
(-218985.042311214,-54034.6132247796,3601.08962342509)
(-213843.597859062,-53230.9813891303,6532.18573353292)
(-201294.516584676,-50737.7204422704,12254.6833601954)
(-172907.227647447,-44226.349447862,23419.3424308858)
(-112470.151408502,-29064.4432834705,38852.026111636)
(-1.28604267554088e-06,-3.25661525224651e-07,5.22364785098852e-13)
(3.64599712731673e-05,-8.83470909290952e-06,1.82414255403351e-05)
(-286741.076818146,733.572260820629,-483894.305464981)
(-113188.75438066,-18192.7814135301,-405069.426148427)
(0,0,0)
(0,0,0)
(0,0,0)
(0,0,0)
(0,0,0)
(0,0,0)
(-216433.399678725,-98830.6292474489,1902.93945787765)
(-214642.109837557,-98687.0947300122,4484.62061364661)
(-209717.179282599,-98101.7457812888,9135.36319508728)
(-198082.393906155,-95929.442282916,18927.8526627759)
(-172192.329415485,-88741.7820853284,38749.6361841769)
(-115691.63142877,-65705.228582275,68060.279618884)
(3.7889438715117e-06,1.99438018879195e-06,-6.11584462359303e-13)
(4.91334016265468e-05,7.14969659353501e-06,2.68927739954449e-05)
(-314988.734069702,-287440.991245648,-503321.828078379)
(-113120.89205034,-87109.7449458047,-387189.025155713)
(0,0,0)
(0,0,0)
(0,0,0)
(0,0,0)
(0,0,0)
(0,0,0)
(-198727.704889183,-158357.331239108,2022.23901254216)
(-197292.705905156,-158550.61839433,5082.32791403715)
(-193561.048778583,-158971.722981318,11366.0634568262)
(-185365.862507206,-159270.010692568,26235.0216325862)
(-168565.178095046,-157453.287877505,61937.3195106229)
(-131059.690312101,-138954.977259127,133881.647328083)
(6.80964200985034e-05,3.38227911982314e-05,1.25769351800525e-05)
(-231960.837336053,-290506.549131657,-287671.930815819)
(-166066.431005999,-196914.240409557,-303321.100468531)
(-83983.1608748628,-90238.956563349,-300397.525318521)
(0,0,0)
(0,0,0)
(0,0,0)
(0,0,0)
(0,0,0)
(0,0,0)
(-159032.047672108,-223383.04540018,1752.52840380476)
(-158135.258588258,-224062.548067616,4612.65818884446)
(-156044.068505025,-226010.596795043,11016.2397105475)
(-152430.235794739,-230917.118852027,28067.9529090525)
(-149991.029848708,-245351.833659183,80469.7182814709)
(-170521.207660896,-296905.60892332,272829.528598738)
(-353288.131730984,-525068.413048018,-290536.528118234)
(-173233.682850458,-306990.417019376,-194213.796827992)
(-114971.620458086,-198467.239284922,-196866.805575296)
(-62259.9498334039,-100035.053795371,-210397.430729207)
(0,0,0)
(0,0,0)
(0,0,0)
(0,0,0)
(0,0,0)
(0,0,0)
(-91084.7213467884,-270665.677392598,1010.55419739779)
(-90672.6059701506,-271619.706512464,2644.53054397194)
(-89799.0607831999,-274235.770580181,6051.37498225505)
(-88438.6450803946,-280205.807575703,13618.165946301)
(-87877.3625598246,-293736.748923862,28897.086872396)
(-93805.9828401165,-322579.710363902,44685.8260113307)
(-117741.787928544,-367283.309061177,-72396.8401230984)
(-86469.8527486501,-294988.006162418,-85724.3285564621)
(-62780.0930426489,-209302.401824073,-98561.4039644984)
(-35099.9359038644,-110684.433005909,-110534.14044192)
(0,0,0)
(0,0,0)
(0,0,0)
(0,0,0)
(0,0,0)
(0,0,0)
(0,0,0)
(0,0,0)
(0,0,0)
(0,0,0)
(0,0,0)
(0,0,0)
(0,0,0)
(0,0,0)
(0,0,0)
(0,0,0)
(0,0,0)
(0,0,0)
(0,0,0)
(0,0,0)
(0,0,0)
(0,0,0)
(0,0,0)
(0,0,0)
(0,0,0)
(0,0,0)
(0,0,0)
(0,0,0)
(0,0,0)
(0,0,0)
(0,0,0)
(0,0,0)
(0,0,0)
(0,0,0)
(0,0,0)
(0,0,0)
(0,0,0)
(0,0,0)
(0,0,0)
(0,0,0)
(0,0,0)
(0,0,0)
(0,0,0)
(0,0,0)
(0,0,0)
(0,0,0)
(0,0,0)
(0,0,0)
(0,0,0)
(0,0,0)
(0,0,0)
(0,0,0)
(0,0,0)
(0,0,0)
(0,0,0)
(0,0,0)
(0,0,0)
(0,0,0)
(0,0,0)
(0,0,0)
(0,0,0)
(0,0,0)
(0,0,0)
(0,0,0)
(0,0,0)
(0,0,0)
(0,0,0)
(0,0,0)
(0,0,0)
(0,0,0)
(0,0,0)
(0,0,0)
(0,0,0)
(0,0,0)
(0,0,0)
(0,0,0)
(0,0,0)
(0,0,0)
(0,0,0)
(0,0,0)
(0,0,0)
(0,0,0)
(0,0,0)
(0,0,0)
(0,0,0)
(0,0,0)
(0,0,0)
(0,0,0)
(0,0,0)
(0,0,0)
(0,0,0)
(0,0,0)
(0,0,0)
(0,0,0)
(0,0,0)
(0,0,0)
(0,0,0)
(0,0,0)
(0,0,0)
(0,0,0)
(0,0,0)
(0,0,0)
(-206685.092153645,248.09633172221,581.150044268401)
(-206832.45490416,544.836168763173,291.086208617243)
(-206953.469042297,1358.41364503967,-1905.03545282318)
(-206485.913386779,3287.80758354421,-7693.57585310569)
(-204327.59343633,7400.9531943295,-19855.5033235323)
(-198746.450154171,14784.5584168873,-42498.874968058)
(-186827.932869903,24043.0410347961,-79147.6669531207)
(-163528.317623164,22580.8132232389,-121964.046877457)
(-124396.412584116,15931.0474406144,-162029.444950016)
(-68191.992299854,7841.41512027443,-187486.83088096)
(0,0,0)
(0,0,0)
(0,0,0)
(0,0,0)
(0,0,0)
(0,0,0)
(-207267.260023073,-720.96152653075,858.018755153305)
(-207363.949206648,-169.413562400182,1116.99480649493)
(-207353.534044675,1475.46258926934,44.064653172279)
(-206701.096380378,5605.24524966465,-3588.20601157789)
(-204554.431857327,15385.1703284235,-12445.6113404473)
(-199853.763904389,36685.2627706526,-33299.2728431152)
(-190628.4106849,74291.3409161452,-80711.2564957315)
(-167716.680190673,61275.8381276616,-128697.564143375)
(-127636.875062182,39658.7762976869,-170155.060317698)
(-69819.0362016417,18362.5258014432,-195375.122081906)
(0,0,0)
(0,0,0)
(0,0,0)
(0,0,0)
(0,0,0)
(0,0,0)
(-208159.113012789,-4372.92651961701,1425.88193595023)
(-208163.283488255,-3652.3873668276,2788.22772408616)
(-207905.299171459,-1418.92600849792,4225.74109838459)
(-206905.94042889,4515.21132289906,6203.60805173342)
(-204944.696944746,20432.8155058231,8885.38688715471)
(-203873.383307894,66699.4482102338,4212.02493733777)
(-209934.405378609,233255.890716518,-93912.3223619925)
(-183820.373600659,135152.956871183,-150525.836274035)
(-138418.412540158,75817.3227488452,-191577.781084397)
(-74684.044383883,31600.7516139454,-213835.473800645)
(0,0,0)
(0,0,0)
(0,0,0)
(0,0,0)
(0,0,0)
(0,0,0)
(-208566.160049291,-12504.0426714189,2194.86492174038)
(-208437.612613173,-11805.389922037,5082.05289445858)
(-207838.520377184,-9717.94326010145,10267.5925936027)
(-206231.400843407,-4542.32183992635,22160.9002551584)
(-204062.718063474,6897.97360106191,55232.1974842871)
(-211372.59902971,24972.6935352638,170713.671418482)
(-310842.469209148,975.055972374728,-192308.189476612)
(-233144.085707643,193813.72516363,-210208.411630963)
(-166415.663883653,102796.369299274,-236035.777236716)
(-85641.430378784,37332.5716024657,-245543.094728058)
(0,0,0)
(0,0,0)
(0,0,0)
(0,0,0)
(0,0,0)
(0,0,0)
(-207163.820223401,-27028.6709350602,2962.75816106747)
(-206886.246376923,-26519.0584492584,7290.50090570311)
(-205883.237459257,-25069.5517224659,15604.9771954925)
(-202849.52957196,-21634.1218475407,33690.9483711464)
(-193905.228079899,-14699.3382482201,73413.3901510276)
(-161509.241242519,-4337.46804609748,146747.605637484)
(3.62524525492531e-05,-1.98996824487409e-05,-3.04685477880156e-05)
(-309132.86045268,620.585857871341,-301694.933251323)
(-215226.178126215,16390.4331061424,-301821.474938695)
(-101924.12822589,8395.19785563993,-283029.858218763)
(0,0,0)
(0,0,0)
(0,0,0)
(0,0,0)
(0,0,0)
(0,0,0)
(-201728.149728245,-49615.8850517356,3524.39870366443)
(-201426.571756518,-49418.7898539009,8865.65955361059)
(-200407.264301941,-48837.3337212945,19197.1079953241)
(-197236.910072487,-47278.4657792726,40783.8454148663)
(-187509.495965577,-43258.6965610809,83945.4720458562)
(-152176.743821399,-32081.7385552779,151396.334967932)
(2.89269369897983e-05,-3.16113653264929e-05,-2.22470420310763e-05)
(-291406.330805583,479.41130745652,-286511.296807285)
(-219338.473199917,-27304.9029711239,-310218.56434824)
(-105250.59625442,-18041.3759184161,-291720.148700428)
(0,0,0)
(0,0,0)
(0,0,0)
(0,0,0)
(0,0,0)
(0,0,0)
(-188976.17142819,-80805.9743156022,3732.86101332831)
(-188779.226168081,-81058.0675763236,9509.25506627005)
(-188206.90774015,-81698.398943903,20860.0487464307)
(-186456.365431442,-83004.3760164455,44959.9305088845)
(-180859.218825738,-84945.7384483708,95313.8618064229)
(-155306.673647696,-80943.1060805428,183790.271550623)
(3.61869127251764e-05,-3.92308684522784e-05,-2.90992513845514e-05)
(-321723.697060361,-231699.356797913,-314768.900303578)
(-217422.576886676,-138328.499686907,-301311.460770819)
(-100665.458348152,-57872.4752916101,-273935.795099819)
(0,0,0)
(0,0,0)
(0,0,0)
(0,0,0)
(0,0,0)
(0,0,0)
(-164686.832837094,-118315.092892919,3468.24652522381)
(-164681.499805652,-119081.127264022,8880.10011342037)
(-164853.064946578,-121143.14653457,19616.8638720755)
(-165814.749557922,-126070.49051077,43131.8654171173)
(-171182.22393654,-138684.682082005,99487.8548922549)
(-199207.014284228,-178292.900212946,264984.972996794)
(-360472.282983819,-353257.970056414,-231995.446832548)
(-242330.527918117,-231655.34688502,-221669.766163372)
(-159224.238134989,-145707.783760769,-221132.674960508)
(-78199.3818518335,-68460.3264229826,-216328.602852174)
(0,0,0)
(0,0,0)
(0,0,0)
(0,0,0)
(0,0,0)
(0,0,0)
(-124868.589576718,-155134.995134989,2656.44414667837)
(-125006.663987891,-156345.040686084,6791.76296837627)
(-125603.734691283,-159499.804860828,14708.0874808967)
(-127652.759933204,-166704.828981204,30564.9500898004)
(-134993.808828192,-183074.561485583,59957.6084728627)
(-158839.313822198,-220077.434802534,90060.2492237507)
(-216586.209552308,-289428.319709294,-110471.32330204)
(-159399.740503278,-220096.661843042,-135863.950691208)
(-106270.680299449,-146187.41901879,-144085.25559182)
(-53881.1510247388,-72839.4125938143,-148084.968229648)
(0,0,0)
(0,0,0)
(0,0,0)
(0,0,0)
(0,0,0)
(0,0,0)
(-68333.8180792301,-179309.353732573,1423.45533002683)
(-68456.7504763164,-180736.401682812,3598.96083291838)
(-68905.1365475791,-184277.995138912,7483.22687538003)
(-70185.9315489209,-191674.391054873,14200.0754175775)
(-73899.4481364138,-205810.374735708,22957.9742442947)
(-82923.8864017642,-228735.293045632,20733.7360490441)
(-95862.3489259823,-249462.577183054,-41111.4454797696)
(-77289.4365013138,-208391.285958688,-61997.2376114608)
(-53703.1117740018,-146404.098563563,-70857.5393353369)
(-27874.8475567092,-75508.4361254329,-75413.604150875)
(0,0,0)
(0,0,0)
(0,0,0)
(0,0,0)
(0,0,0)
(0,0,0)
(0,0,0)
(0,0,0)
(0,0,0)
(0,0,0)
(0,0,0)
(0,0,0)
(0,0,0)
(0,0,0)
(0,0,0)
(0,0,0)
(0,0,0)
(0,0,0)
(0,0,0)
(0,0,0)
(0,0,0)
(0,0,0)
(0,0,0)
(0,0,0)
(0,0,0)
(0,0,0)
(0,0,0)
(0,0,0)
(0,0,0)
(0,0,0)
(0,0,0)
(0,0,0)
(0,0,0)
(0,0,0)
(0,0,0)
(0,0,0)
(0,0,0)
(0,0,0)
(0,0,0)
(0,0,0)
(0,0,0)
(0,0,0)
(0,0,0)
(0,0,0)
(0,0,0)
(0,0,0)
(0,0,0)
(0,0,0)
(0,0,0)
(0,0,0)
(0,0,0)
(0,0,0)
(0,0,0)
(0,0,0)
(0,0,0)
(0,0,0)
(0,0,0)
(0,0,0)
(0,0,0)
(0,0,0)
(0,0,0)
(0,0,0)
(0,0,0)
(0,0,0)
(0,0,0)
(0,0,0)
(0,0,0)
(0,0,0)
(0,0,0)
(0,0,0)
(0,0,0)
(0,0,0)
(0,0,0)
(0,0,0)
(0,0,0)
(0,0,0)
(0,0,0)
(0,0,0)
(0,0,0)
(0,0,0)
(0,0,0)
(0,0,0)
(0,0,0)
(0,0,0)
(0,0,0)
(0,0,0)
(0,0,0)
(0,0,0)
(0,0,0)
(0,0,0)
(0,0,0)
(0,0,0)
(0,0,0)
(0,0,0)
(0,0,0)
(0,0,0)
(0,0,0)
(0,0,0)
(0,0,0)
(0,0,0)
(0,0,0)
(0,0,0)
(-206614.841173939,-325.029643089872,254.778663379662)
(-206618.650127176,60.1844865739245,-19.2106001779255)
(-206455.790109584,1043.15903054242,-1560.04856342377)
(-205641.664333268,3167.04184777201,-5571.33946471237)
(-202969.279890271,7300.96486960124,-14230.6178803744)
(-196316.672823102,13804.7135245811,-30465.1087360205)
(-181912.199332279,20320.6229150644,-55701.4651887113)
(-154944.408975758,18434.1271274391,-82719.5009635504)
(-114060.908197151,12721.1511804165,-105776.15653094)
(-60828.9213245761,6227.51955272445,-119366.747058941)
(0,0,0)
(0,0,0)
(0,0,0)
(0,0,0)
(0,0,0)
(0,0,0)
(-206659.62227984,-1552.11842349664,619.451037175487)
(-206835.236889478,-831.396104131509,982.319310703014)
(-207075.97316917,1133.45117386833,614.466291873848)
(-207122.016175985,5646.10104495868,-1443.67310970391)
(-206247.376423034,15254.0812212713,-7703.84489566661)
(-202684.418274991,32928.4174159734,-23996.8944164566)
(-191807.263236215,55204.3837359287,-57701.8026860054)
(-163812.124562658,45345.6067606058,-88517.8379471916)
(-120133.079817714,28967.398857658,-112267.880868898)
(-63798.3327205469,13528.1225159511,-125589.187313221)
(0,0,0)
(0,0,0)
(0,0,0)
(0,0,0)
(0,0,0)
(0,0,0)
(-206360.176625924,-4708.82268620202,1357.76787584033)
(-206860.881835384,-3762.60422100366,2986.5743398418)
(-207894.237596575,-1093.01661701435,5201.98055583937)
(-209771.609255715,5532.03804965664,8181.71237796293)
(-213198.093800308,21682.9920513051,10006.1984034859)
(-218733.499868633,59576.0593689636,-1781.32698876792)
(-221489.519590701,132682.314728333,-67704.1437690763)
(-187265.068432241,86119.0051185288,-105032.847295422)
(-134729.422273727,47993.5211402557,-127747.959844448)
(-70487.7836258222,20711.1364729418,-139127.234559495)
(0,0,0)
(0,0,0)
(0,0,0)
(0,0,0)
(0,0,0)
(0,0,0)
(-204630.69619576,-10980.2554310775,2335.96889134623)
(-205512.523439429,-10075.6980627362,5723.97355933031)
(-207651.315482963,-7484.05322603954,11927.8052741315)
(-212358.363032089,-797.714639863259,24384.52015234)
(-223399.572692546,17440.5609118,47963.8059209183)
(-250356.029284085,75269.5713733157,71253.7241709491)
(-304713.991820666,312285.780749621,-114478.219238822)
(-236338.254897258,118204.957493241,-143370.002423917)
(-160837.263784264,54210.0356665575,-155164.917049614)
(-81396.2043129095,21144.1939193785,-159843.200561924)
(0,0,0)
(0,0,0)
(0,0,0)
(0,0,0)
(0,0,0)
(0,0,0)
(-200006.082638993,-21416.0412638301,3278.04824834491)
(-201234.639133615,-20837.862577102,8388.60551940568)
(-204441.220950391,-19260.6913303603,18723.227114865)
(-211979.697674717,-15640.1026697924,42695.7832475505)
(-231702.070093202,-7907.39231673593,105840.578489389)
(-294102.860361785,5498.77666740175,308204.992314574)
(-542565.746312956,953.782279940057,-308854.783042956)
(-311028.664803067,18862.5202930836,-207616.541492402)
(-192744.558635435,12526.610917403,-188414.736234034)
(-93323.2139474939,5152.73922753735,-181024.195820596)
(0,0,0)
(0,0,0)
(0,0,0)
(0,0,0)
(0,0,0)
(0,0,0)
(-190431.653017969,-36582.386739984,3869.84876587736)
(-191900.318396415,-36500.4921558416,10006.2249845126)
(-195786.804223846,-36320.6436098545,22445.7171859098)
(-204874.212876483,-36128.7489880154,50571.6663081277)
(-228009.316728082,-36199.9683613776,119364.063115269)
(-296235.533977897,-34757.4616621469,303679.091601319)
(-532655.753775396,731.718657613333,-291238.936076425)
(-320173.707054972,-29399.0132270997,-214210.026306841)
(-199868.250349391,-25169.444780945,-195984.193459028)
(-96370.7273607208,-13364.456374994,-186346.866750194)
(0,0,0)
(0,0,0)
(0,0,0)
(0,0,0)
(0,0,0)
(0,0,0)
(-173345.290905056,-56165.9237616442,3952.65649852822)
(-174875.261331026,-56644.3583837434,10192.5578893782)
(-178973.080548248,-58046.7030136399,22684.7901012605)
(-188475.484389037,-62063.5948721731,50638.7549430186)
(-212393.412541356,-74977.8756966557,120950.855993912)
(-283788.728301879,-124524.228007124,339199.67699308)
(-555113.094906072,-359940.54824166,-321607.992659166)
(-310540.654628441,-151940.354392483,-210249.693925706)
(-188555.96432508,-79879.3317304642,-184406.419537784)
(-89985.5767655537,-35275.9662572779,-173174.791238093)
(0,0,0)
(0,0,0)
(0,0,0)
(0,0,0)
(0,0,0)
(0,0,0)
(-146204.790926853,-78124.0209957222,3476.05532383712)
(-147584.723567126,-79057.1732660954,8792.09396766046)
(-151263.352241016,-81548.9784512141,18704.656699675)
(-159414.287015626,-87589.579783217,37830.1790684232)
(-177633.366761159,-102217.27707797,71520.7232743536)
(-218363.295340605,-137654.625812246,103807.402135846)
(-293747.0150127,-209104.971808451,-113753.442268473)
(-221161.79799196,-148464.910678078,-138397.61590904)
(-144920.646430132,-92554.8766846642,-140025.662659707)
(-71365.8610382269,-44039.4148024091,-138095.734928171)
(0,0,0)
(0,0,0)
(0,0,0)
(0,0,0)
(0,0,0)
(0,0,0)
(-107297.449687183,-98231.3076517074,2536.14676645223)
(-108353.352620114,-99452.0313899484,6277.69352252639)
(-111101.932905269,-102475.094798859,12702.0080841569)
(-116824.270275256,-108971.793822739,23255.7324657282)
(-128275.464157544,-121796.820323373,36116.9310404813)
(-148697.03270367,-144003.273105972,32323.2972156784)
(-171627.95065606,-168527.856971651,-53212.0765173781)
(-140677.763800529,-137777.563871185,-82621.4000270163)
(-96287.5596164004,-93488.357952132,-91671.0394425897)
(-48580.4176762363,-46780.1614090971,-94231.0261844055)
(0,0,0)
(0,0,0)
(0,0,0)
(0,0,0)
(0,0,0)
(0,0,0)
(-57215.1363217,-110672.857381996,1322.86797275859)
(-57778.2368425843,-112016.778578386,3209.10152746364)
(-59218.6575806084,-115178.667818393,6226.19558002853)
(-62055.6175890946,-121366.183061829,10490.2708592899)
(-67228.0996683718,-131889.478293521,13911.5803613931)
(-74966.9109416498,-145821.6626525,7772.99444780277)
(-80548.3604861847,-153566.359606523,-22502.4913571229)
(-68171.7273137345,-131025.768552112,-38371.995863773)
(-47873.1403451434,-92647.2135778716,-45043.1116668921)
(-24523.4041700791,-47594.8766720058,-47579.8397906135)
(0,0,0)
(0,0,0)
(0,0,0)
(0,0,0)
(0,0,0)
(0,0,0)
(0,0,0)
(0,0,0)
(0,0,0)
(0,0,0)
(0,0,0)
(0,0,0)
(0,0,0)
(0,0,0)
(0,0,0)
(0,0,0)
(0,0,0)
(0,0,0)
(0,0,0)
(0,0,0)
(0,0,0)
(0,0,0)
(0,0,0)
(0,0,0)
(0,0,0)
(0,0,0)
(0,0,0)
(0,0,0)
(0,0,0)
(0,0,0)
(0,0,0)
(0,0,0)
(0,0,0)
(0,0,0)
(0,0,0)
(0,0,0)
(0,0,0)
(0,0,0)
(0,0,0)
(0,0,0)
(0,0,0)
(0,0,0)
(0,0,0)
(0,0,0)
(0,0,0)
(0,0,0)
(0,0,0)
(0,0,0)
(0,0,0)
(0,0,0)
(0,0,0)
(0,0,0)
(0,0,0)
(0,0,0)
(0,0,0)
(0,0,0)
(0,0,0)
(0,0,0)
(0,0,0)
(0,0,0)
(0,0,0)
(0,0,0)
(0,0,0)
(0,0,0)
(0,0,0)
(0,0,0)
(0,0,0)
(0,0,0)
(0,0,0)
(0,0,0)
(0,0,0)
(0,0,0)
(0,0,0)
(0,0,0)
(0,0,0)
(0,0,0)
(0,0,0)
(0,0,0)
(0,0,0)
(0,0,0)
(0,0,0)
(0,0,0)
(0,0,0)
(0,0,0)
(0,0,0)
(0,0,0)
(0,0,0)
(0,0,0)
(0,0,0)
(0,0,0)
(0,0,0)
(0,0,0)
(0,0,0)
(0,0,0)
(0,0,0)
(0,0,0)
(0,0,0)
(0,0,0)
(0,0,0)
(0,0,0)
(0,0,0)
(0,0,0)
(-206430.776555314,-304.189626423889,120.125007797172)
(-206444.277341832,-52.7227597554623,-1.5250177861839)
(-206242.525415107,571.542495697692,-786.332207962907)
(-205423.881424784,1852.7859913145,-2856.90110776087)
(-202641.898783586,4217.76244395361,-7402.0446583952)
(-195444.462211239,7602.98368706306,-15877.2389573218)
(-179771.774477824,10533.3148950935,-28550.9787068755)
(-151461.47451633,9615.18053313538,-41649.093699441)
(-110067.503703082,6680.35851066447,-52322.8567041675)
(-58058.0986618264,3287.37434652445,-58381.053713447)
(0,0,0)
(0,0,0)
(0,0,0)
(0,0,0)
(0,0,0)
(0,0,0)
(-206269.858597957,-1064.54386795726,370.590559652976)
(-206567.986977431,-595.575082044373,646.192969898201)
(-207055.768884278,645.373827028637,552.157353673918)
(-207569.057093045,3347.1062209253,-495.12195888071)
(-207170.245783068,8651.01140652193,-4005.50156141632)
(-203310.230180718,17201.6112272993,-12978.3171959257)
(-190498.239818848,25793.680790304,-29547.7065085)
(-161182.7489909,22082.8964283955,-44644.7979755159)
(-116816.442431877,14435.5792322883,-55716.6560829739)
(-61401.4771157937,6841.42830845303,-61667.5656496531)
(0,0,0)
(0,0,0)
(0,0,0)
(0,0,0)
(0,0,0)
(0,0,0)
(-205444.308757865,-2840.00856106128,859.596825043851)
(-206289.412043563,-2223.01414317846,1915.56609435927)
(-208106.459677129,-544.101070856074,3317.26307279932)
(-211329.33212321,3381.67703705677,4840.41512416618)
(-216230.094832699,11939.9909467742,4583.43661631104)
(-220916.685769372,28389.0068314278,-4420.77308707628)
(-216621.958618303,49834.1424019563,-33328.7956711277)
(-183487.678294334,37322.5492452087,-52345.838625845)
(-131334.369543677,22017.803002608,-63323.1151262185)
(-68262.4721843008,9817.72621532038,-68524.7244746063)
(0,0,0)
(0,0,0)
(0,0,0)
(0,0,0)
(0,0,0)
(0,0,0)
(-202759.547790384,-6195.88688213993,1484.72991570166)
(-204255.213342723,-5609.53219389708,3613.93786971348)
(-207879.066702724,-3978.72092471104,7276.30894333181)
(-215153.326042435,6.64408079355131,13446.3049099387)
(-228667.256186433,9575.39926928256,21078.5800813157)
(-249806.264590982,31966.2860108984,16951.5362087423)
(-266848.496573234,74881.2087974529,-45961.025434186)
(-221078.997192334,43851.0565628938,-67748.7904567927)
(-153500.462089456,22507.173285132,-75574.9624341321)
(-78116.6530605305,9285.55429739811,-78322.3417685877)
(0,0,0)
(0,0,0)
(0,0,0)
(0,0,0)
(0,0,0)
(0,0,0)
(-196667.030482151,-11616.0338974542,2081.09485847297)
(-198779.431441973,-11250.4208307316,5266.77580366384)
(-204164.852110947,-10287.7018868905,11299.3879264024)
(-215580.203048552,-8165.81974184581,23072.3571228745)
(-238731.591975022,-3816.77436168124,43494.0526356558)
(-282278.320271669,3843.56597096303,59792.2325854759)
(-342167.110269454,11418.3118553927,-77143.5065159707)
(-265215.003013895,10083.9669842828,-89190.0787265152)
(-176189.679113284,5624.92375886234,-88862.708722398)
(-87488.9078250003,2191.58474709982,-87603.0452945853)
(0,0,0)
(0,0,0)
(0,0,0)
(0,0,0)
(0,0,0)
(0,0,0)
(-185269.453709394,-19213.6999974958,2435.46679146534)
(-187750.281529411,-19193.1600162685,6228.16910999907)
(-194124.988698242,-19185.0138382478,13463.6655357478)
(-207719.575297522,-19372.0745572251,27515.2827721637)
(-235334.695089805,-20192.3078294278,51216.1946016339)
(-286641.919470518,-21863.5856405397,67329.7317057562)
(-354057.795979893,-21228.6918687285,-78621.2223656152)
(-275571.896095914,-19408.889457204,-93730.1768831837)
(-181984.142787603,-13639.8829650888,-92349.4777210271)
(-89768.1757179488,-6891.68959918997,-89868.7550175129)
(0,0,0)
(0,0,0)
(0,0,0)
(0,0,0)
(0,0,0)
(0,0,0)
(-166366.094980217,-28641.1159076185,2448.21998528085)
(-168860.572461169,-28981.3002045568,6221.67130371265)
(-175258.069390883,-29970.717042945,13292.3633510442)
(-188697.75841793,-32640.0966239254,26782.6594466397)
(-215567.974486156,-39850.454133574,49615.3676955839)
(-265276.194881471,-58695.227943864,67934.4765784927)
(-333330.141007741,-98143.4515761274,-76933.7176124127)
(-256547.854558092,-62234.5917889932,-88100.8153509779)
(-168573.776982532,-36020.3038169073,-85702.5818417119)
(-82962.1745762285,-16555.6557668986,-83062.0178633307)
(0,0,0)
(0,0,0)
(0,0,0)
(0,0,0)
(0,0,0)
(0,0,0)
(-138172.632823206,-38783.0136095789,2109.73959831384)
(-140306.119528088,-39378.1462313093,5227.98158602999)
(-145691.492356336,-40951.156951394,10636.5616097998)
(-156465.502160112,-44597.7617545352,19645.441884897)
(-176180.377242132,-52487.2843068627,30829.2825391657)
(-207096.623845377,-67609.9992199375,28477.3823200095)
(-235681.729123706,-86646.5582124456,-41084.7969326652)
(-194735.013332911,-67717.5729881844,-62028.6003925092)
(-132839.445158597,-43745.4597001368,-66384.6457808191)
(-66518.8204259357,-21169.6261815751,-66617.7159784321)
(0,0,0)
(0,0,0)
(0,0,0)
(0,0,0)
(0,0,0)
(0,0,0)
(-99875.5665945629,-47723.9500178379,1519.05331563524)
(-101407.046208912,-48451.7370608732,3646.33773399907)
(-105189.239407404,-50237.1943316028,7019.68161634107)
(-112308.45350246,-53897.9952525782,11804.0983415869)
(-124175.26998462,-60488.7494000938,15705.3692618942)
(-139977.179152683,-70029.3038070985,9404.82029806703)
(-149468.878589297,-77199.9334340044,-22200.8765471373)
(-127378.442458793,-65064.1575811261,-38153.6132959335)
(-89330.4917388642,-44938.9392054722,-43917.201668135)
(-45460.5511561888,-22652.5450639264,-45554.1493058325)
(0,0,0)
(0,0,0)
(0,0,0)
(0,0,0)
(0,0,0)
(0,0,0)
(-52622.5809882181,-53103.7587404892,787.253389169051)
(-53403.3332952552,-53874.8029551901,1835.41573615698)
(-55325.5875437573,-55686.3110725339,3391.46244023528)
(-58774.1944410371,-59082.8052944991,5294.84933409941)
(-64106.2016127298,-64476.9207004768,6161.12257883983)
(-70333.821788095,-70692.6575049191,2191.3871231071)
(-72595.1318859985,-72859.0486687384,-10102.7262423446)
(-62554.9692095052,-62723.2261996007,-18060.4157280995)
(-44543.3584323017,-44651.4756368268,-21677.6612095866)
(-22899.7258364553,-22971.3847941085,-22982.4998130279)
(0,0,0)
(0,0,0)
(0,0,0)
(0,0,0)
(0,0,0)
(0,0,0)
(0,0,0)
(0,0,0)
(0,0,0)
(0,0,0)
(0,0,0)
(0,0,0)
(0,0,0)
(0,0,0)
(0,0,0)
(0,0,0)
(0,0,0)
(0,0,0)
(0,0,0)
(0,0,0)
(0,0,0)
(0,0,0)
(0,0,0)
(0,0,0)
(0,0,0)
(0,0,0)
(0,0,0)
(0,0,0)
(0,0,0)
(0,0,0)
(0,0,0)
(0,0,0)
(0,0,0)
(0,0,0)
(0,0,0)
(0,0,0)
(0,0,0)
(0,0,0)
(0,0,0)
(0,0,0)
(0,0,0)
(0,0,0)
(0,0,0)
(0,0,0)
(0,0,0)
(0,0,0)
(0,0,0)
(0,0,0)
(0,0,0)
(0,0,0)
(0,0,0)
(0,0,0)
(0,0,0)
(0,0,0)
(0,0,0)
(0,0,0)
(0,0,0)
(0,0,0)
(0,0,0)
(0,0,0)
(0,0,0)
(0,0,0)
(0,0,0)
(0,0,0)
(0,0,0)
(0,0,0)
(0,0,0)
(0,0,0)
(0,0,0)
(0,0,0)
(0,0,0)
(0,0,0)
(0,0,0)
(0,0,0)
(0,0,0)
(0,0,0)
(0,0,0)
(0,0,0)
(0,0,0)
(0,0,0)
(0,0,0)
(0,0,0)
(0,0,0)
(0,0,0)
(0,0,0)
(0,0,0)
(0,0,0)
(0,0,0)
(0,0,0)
(0,0,0)
(0,0,0)
(0,0,0)
(0,0,0)
(0,0,0)
(0,0,0)
(0,0,0)
(0,0,0)
(0,0,0)
(0,0,0)
(0,0,0)
(0,0,0)
(0,0,0)
(0,0,0)
(0,0,0)
(0,0,0)
(0,0,0)
(0,0,0)
(0,0,0)
(0,0,0)
(0,0,0)
(0,0,0)
(0,0,0)
(0,0,0)
(0,0,0)
(0,0,0)
(0,0,0)
(0,0,0)
(0,0,0)
(0,0,0)
(0,0,0)
(0,0,0)
(0,0,0)
(0,0,0)
(0,0,0)
(0,0,0)
(0,0,0)
(0,0,0)
(0,0,0)
(0,0,0)
(0,0,0)
(0,0,0)
(0,0,0)
(0,0,0)
(0,0,0)
(0,0,0)
(0,0,0)
(0,0,0)
(0,0,0)
(0,0,0)
(0,0,0)
(0,0,0)
(0,0,0)
(0,0,0)
(0,0,0)
(0,0,0)
(0,0,0)
(0,0,0)
(0,0,0)
(0,0,0)
(0,0,0)
(0,0,0)
(0,0,0)
(0,0,0)
(0,0,0)
(0,0,0)
(0,0,0)
(0,0,0)
(0,0,0)
(0,0,0)
(0,0,0)
(0,0,0)
(0,0,0)
(0,0,0)
(0,0,0)
(0,0,0)
(0,0,0)
(0,0,0)
(0,0,0)
(0,0,0)
(0,0,0)
(0,0,0)
(0,0,0)
(0,0,0)
(0,0,0)
(0,0,0)
(0,0,0)
(0,0,0)
(0,0,0)
(0,0,0)
(0,0,0)
(0,0,0)
(0,0,0)
(0,0,0)
(0,0,0)
(0,0,0)
(0,0,0)
(0,0,0)
(0,0,0)
(0,0,0)
(0,0,0)
(0,0,0)
(0,0,0)
(0,0,0)
(0,0,0)
(0,0,0)
(0,0,0)
(0,0,0)
(0,0,0)
(0,0,0)
(0,0,0)
(0,0,0)
(0,0,0)
(0,0,0)
(0,0,0)
(0,0,0)
(0,0,0)
(0,0,0)
(0,0,0)
(0,0,0)
(0,0,0)
(0,0,0)
(0,0,0)
(0,0,0)
(0,0,0)
(0,0,0)
(0,0,0)
(0,0,0)
(0,0,0)
(0,0,0)
(0,0,0)
(0,0,0)
(0,0,0)
(0,0,0)
(0,0,0)
(0,0,0)
(0,0,0)
(0,0,0)
(0,0,0)
(0,0,0)
(0,0,0)
(0,0,0)
(0,0,0)
(0,0,0)
(0,0,0)
(0,0,0)
(0,0,0)
(0,0,0)
(0,0,0)
(0,0,0)
(0,0,0)
(0,0,0)
(0,0,0)
(0,0,0)
(0,0,0)
(0,0,0)
(0,0,0)
(0,0,0)
(0,0,0)
(0,0,0)
(0,0,0)
(0,0,0)
(0,0,0)
(0,0,0)
(0,0,0)
(0,0,0)
(0,0,0)
(0,0,0)
(0,0,0)
(0,0,0)
(0,0,0)
(0,0,0)
(0,0,0)
(0,0,0)
(0,0,0)
(0,0,0)
(0,0,0)
(0,0,0)
(0,0,0)
(0,0,0)
(0,0,0)
(0,0,0)
(0,0,0)
(0,0,0)
(0,0,0)
(0,0,0)
(0,0,0)
(0,0,0)
(0,0,0)
(0,0,0)
(0,0,0)
(0,0,0)
(0,0,0)
(0,0,0)
(0,0,0)
(0,0,0)
(0,0,0)
(0,0,0)
(0,0,0)
(0,0,0)
(0,0,0)
(0,0,0)
(0,0,0)
(0,0,0)
(0,0,0)
(0,0,0)
(0,0,0)
(0,0,0)
(0,0,0)
(0,0,0)
(0,0,0)
(0,0,0)
(0,0,0)
(0,0,0)
(0,0,0)
(0,0,0)
(0,0,0)
(0,0,0)
(0,0,0)
(0,0,0)
(0,0,0)
(0,0,0)
(0,0,0)
(0,0,0)
(0,0,0)
(0,0,0)
(0,0,0)
(0,0,0)
(0,0,0)
(0,0,0)
(0,0,0)
(0,0,0)
(0,0,0)
(0,0,0)
(0,0,0)
(0,0,0)
(0,0,0)
(0,0,0)
(0,0,0)
(0,0,0)
(0,0,0)
(0,0,0)
(0,0,0)
(0,0,0)
(0,0,0)
(0,0,0)
(0,0,0)
(0,0,0)
(0,0,0)
(0,0,0)
(0,0,0)
(0,0,0)
(0,0,0)
(0,0,0)
(0,0,0)
(0,0,0)
(0,0,0)
(0,0,0)
(0,0,0)
(0,0,0)
(0,0,0)
(0,0,0)
(0,0,0)
(0,0,0)
(0,0,0)
(0,0,0)
(0,0,0)
(0,0,0)
(0,0,0)
(0,0,0)
(0,0,0)
(0,0,0)
(0,0,0)
(0,0,0)
(0,0,0)
(0,0,0)
(0,0,0)
(0,0,0)
(0,0,0)
(0,0,0)
(0,0,0)
(0,0,0)
(0,0,0)
(0,0,0)
(0,0,0)
(0,0,0)
(0,0,0)
(0,0,0)
(0,0,0)
(0,0,0)
(0,0,0)
(0,0,0)
(0,0,0)
(0,0,0)
(0,0,0)
(0,0,0)
(0,0,0)
(0,0,0)
(0,0,0)
(0,0,0)
(0,0,0)
(0,0,0)
(0,0,0)
(0,0,0)
(0,0,0)
(0,0,0)
(0,0,0)
(0,0,0)
(0,0,0)
(0,0,0)
(0,0,0)
(0,0,0)
(0,0,0)
(0,0,0)
(0,0,0)
(0,0,0)
(0,0,0)
(0,0,0)
(0,0,0)
(0,0,0)
(0,0,0)
(0,0,0)
(0,0,0)
(0,0,0)
(0,0,0)
(0,0,0)
(0,0,0)
(0,0,0)
(0,0,0)
(0,0,0)
(0,0,0)
(0,0,0)
(0,0,0)
(0,0,0)
(0,0,0)
(0,0,0)
(0,0,0)
(0,0,0)
(0,0,0)
(0,0,0)
(0,0,0)
(0,0,0)
(0,0,0)
(0,0,0)
(0,0,0)
(0,0,0)
(0,0,0)
(0,0,0)
(0,0,0)
(0,0,0)
(0,0,0)
(0,0,0)
(0,0,0)
(0,0,0)
(0,0,0)
(0,0,0)
(0,0,0)
(0,0,0)
(0,0,0)
(0,0,0)
(0,0,0)
(0,0,0)
(0,0,0)
(0,0,0)
(0,0,0)
(0,0,0)
(0,0,0)
(0,0,0)
(0,0,0)
(0,0,0)
(0,0,0)
(0,0,0)
(0,0,0)
(0,0,0)
(0,0,0)
(0,0,0)
(0,0,0)
(0,0,0)
(0,0,0)
(0,0,0)
(0,0,0)
(0,0,0)
(0,0,0)
(0,0,0)
(0,0,0)
(0,0,0)
(0,0,0)
(0,0,0)
(0,0,0)
(0,0,0)
(0,0,0)
(0,0,0)
(0,0,0)
(0,0,0)
(0,0,0)
(0,0,0)
(0,0,0)
(0,0,0)
(0,0,0)
(0,0,0)
(0,0,0)
(0,0,0)
(0,0,0)
(0,0,0)
(0,0,0)
(0,0,0)
(0,0,0)
(0,0,0)
(0,0,0)
(0,0,0)
(0,0,0)
(0,0,0)
(0,0,0)
(0,0,0)
(0,0,0)
(0,0,0)
(0,0,0)
(0,0,0)
(0,0,0)
(0,0,0)
(0,0,0)
(0,0,0)
(0,0,0)
(0,0,0)
(0,0,0)
(0,0,0)
(0,0,0)
(0,0,0)
(0,0,0)
(0,0,0)
(0,0,0)
(0,0,0)
(0,0,0)
(0,0,0)
(0,0,0)
(0,0,0)
(0,0,0)
(0,0,0)
(0,0,0)
(0,0,0)
(0,0,0)
(0,0,0)
(0,0,0)
(0,0,0)
(0,0,0)
(0,0,0)
(0,0,0)
(0,0,0)
(0,0,0)
(0,0,0)
(0,0,0)
(0,0,0)
(0,0,0)
(0,0,0)
(0,0,0)
(0,0,0)
(0,0,0)
(0,0,0)
(0,0,0)
(0,0,0)
(0,0,0)
(0,0,0)
(0,0,0)
(0,0,0)
(0,0,0)
(0,0,0)
(0,0,0)
(0,0,0)
(0,0,0)
(0,0,0)
(0,0,0)
(0,0,0)
(0,0,0)
(0,0,0)
(0,0,0)
(0,0,0)
(0,0,0)
(0,0,0)
(0,0,0)
(0,0,0)
(0,0,0)
(0,0,0)
(0,0,0)
(0,0,0)
(0,0,0)
(0,0,0)
(0,0,0)
(0,0,0)
(0,0,0)
(0,0,0)
(0,0,0)
(0,0,0)
(0,0,0)
(0,0,0)
(0,0,0)
(0,0,0)
(0,0,0)
(0,0,0)
(0,0,0)
(0,0,0)
(0,0,0)
(0,0,0)
(0,0,0)
(0,0,0)
(0,0,0)
(0,0,0)
(0,0,0)
(0,0,0)
(0,0,0)
(0,0,0)
(0,0,0)
(0,0,0)
(0,0,0)
(0,0,0)
(0,0,0)
(0,0,0)
(0,0,0)
(0,0,0)
(0,0,0)
(0,0,0)
(0,0,0)
(0,0,0)
(0,0,0)
(0,0,0)
(0,0,0)
(0,0,0)
(0,0,0)
(0,0,0)
(0,0,0)
(0,0,0)
(0,0,0)
(0,0,0)
(0,0,0)
(0,0,0)
(0,0,0)
(0,0,0)
(0,0,0)
(0,0,0)
(0,0,0)
(0,0,0)
(0,0,0)
(0,0,0)
(0,0,0)
(0,0,0)
(0,0,0)
(0,0,0)
(0,0,0)
(0,0,0)
(0,0,0)
(0,0,0)
(0,0,0)
(0,0,0)
(0,0,0)
(0,0,0)
(0,0,0)
(0,0,0)
(0,0,0)
(0,0,0)
(0,0,0)
(0,0,0)
(0,0,0)
(0,0,0)
(0,0,0)
(0,0,0)
(0,0,0)
(0,0,0)
(0,0,0)
(0,0,0)
(0,0,0)
(0,0,0)
(0,0,0)
(0,0,0)
(0,0,0)
(0,0,0)
(0,0,0)
(0,0,0)
(0,0,0)
(0,0,0)
(0,0,0)
(0,0,0)
(0,0,0)
(0,0,0)
(0,0,0)
(0,0,0)
(0,0,0)
(0,0,0)
(0,0,0)
(0,0,0)
(0,0,0)
(0,0,0)
(0,0,0)
(0,0,0)
(0,0,0)
(0,0,0)
(0,0,0)
(0,0,0)
(0,0,0)
(0,0,0)
(0,0,0)
(0,0,0)
(0,0,0)
(0,0,0)
(0,0,0)
(0,0,0)
(0,0,0)
(0,0,0)
(0,0,0)
(0,0,0)
(0,0,0)
(0,0,0)
(0,0,0)
(0,0,0)
(0,0,0)
(0,0,0)
(0,0,0)
(0,0,0)
(0,0,0)
(0,0,0)
(0,0,0)
(0,0,0)
(0,0,0)
(0,0,0)
(0,0,0)
(0,0,0)
(0,0,0)
(0,0,0)
(0,0,0)
(0,0,0)
(0,0,0)
(0,0,0)
(0,0,0)
(0,0,0)
(0,0,0)
(0,0,0)
(0,0,0)
(0,0,0)
(0,0,0)
(0,0,0)
(0,0,0)
(0,0,0)
(0,0,0)
(0,0,0)
(0,0,0)
(0,0,0)
(0,0,0)
(0,0,0)
(0,0,0)
(0,0,0)
(0,0,0)
(0,0,0)
(0,0,0)
(0,0,0)
(0,0,0)
(0,0,0)
(0,0,0)
(0,0,0)
(0,0,0)
(0,0,0)
(0,0,0)
(0,0,0)
(0,0,0)
(0,0,0)
(0,0,0)
(0,0,0)
(0,0,0)
(0,0,0)
(0,0,0)
(0,0,0)
(0,0,0)
(0,0,0)
(0,0,0)
(0,0,0)
(0,0,0)
(0,0,0)
(0,0,0)
(0,0,0)
(0,0,0)
(0,0,0)
(0,0,0)
(0,0,0)
(0,0,0)
(0,0,0)
(0,0,0)
(0,0,0)
(0,0,0)
(0,0,0)
(0,0,0)
(0,0,0)
(0,0,0)
(0,0,0)
(0,0,0)
(0,0,0)
(0,0,0)
(0,0,0)
(0,0,0)
(0,0,0)
(0,0,0)
(0,0,0)
(0,0,0)
(0,0,0)
(0,0,0)
(0,0,0)
(0,0,0)
(0,0,0)
(0,0,0)
(0,0,0)
(0,0,0)
(0,0,0)
(0,0,0)
(0,0,0)
(0,0,0)
(0,0,0)
(0,0,0)
(0,0,0)
(0,0,0)
(0,0,0)
(0,0,0)
(0,0,0)
(0,0,0)
(0,0,0)
(0,0,0)
(0,0,0)
(0,0,0)
(0,0,0)
(0,0,0)
(0,0,0)
(0,0,0)
(0,0,0)
(0,0,0)
(0,0,0)
