(0,0,0)
(0,0,0)
(0,0,0)
(0,0,0)
(0,0,0)
(0,0,0)
(0,0,0)
(0,0,0)
(0,0,0)
(0,0,0)
(0,0,0)
(0,0,0)
(0,0,0)
(0,0,0)
(0,0,0)
(0,0,0)
(0,0,0)
(0,0,0)
(0,0,0)
(0,0,0)
(0,0,0)
(0,0,0)
(0,0,0)
(0,0,0)
(0,0,0)
(0,0,0)
(0,0,0)
(0,0,0)
(0,0,0)
(0,0,0)
(0,0,0)
(0,0,0)
(0,0,0)
(0,0,0)
(0,0,0)
(0,0,0)
(0,0,0)
(0,0,0)
(0,0,0)
(0,0,0)
(0,0,0)
(0,0,0)
(0,0,0)
(0,0,0)
(0,0,0)
(0,0,0)
(0,0,0)
(0,0,0)
(0,0,0)
(0,0,0)
(0,0,0)
(0,0,0)
(0,0,0)
(0,0,0)
(0,0,0)
(0,0,0)
(0,0,0)
(0,0,0)
(0,0,0)
(0,0,0)
(0,0,0)
(0,0,0)
(0,0,0)
(0,0,0)
(0,0,0)
(0,0,0)
(0,0,0)
(0,0,0)
(0,0,0)
(0,0,0)
(0,0,0)
(0,0,0)
(0,0,0)
(0,0,0)
(0,0,0)
(0,0,0)
(0,0,0)
(0,0,0)
(0,0,0)
(0,0,0)
(0,0,0)
(0,0,0)
(0,0,0)
(0,0,0)
(0,0,0)
(0,0,0)
(0,0,0)
(0,0,0)
(0,0,0)
(0,0,0)
(0,0,0)
(0,0,0)
(0,0,0)
(0,0,0)
(0,0,0)
(0,0,0)
(0,0,0)
(0,0,0)
(0,0,0)
(0,0,0)
(0,0,0)
(0,0,0)
(0,0,0)
(0,0,0)
(0,0,0)
(0,0,0)
(0,0,0)
(0,0,0)
(0,0,0)
(0,0,0)
(0,0,0)
(0,0,0)
(0,0,0)
(0,0,0)
(0,0,0)
(0,0,0)
(0,0,0)
(0,0,0)
(0,0,0)
(0,0,0)
(0,0,0)
(0,0,0)
(0,0,0)
(0,0,0)
(0,0,0)
(0,0,0)
(0,0,0)
(0,0,0)
(0,0,0)
(0,0,0)
(0,0,0)
(0,0,0)
(0,0,0)
(0,0,0)
(0,0,0)
(0,0,0)
(0,0,0)
(0,0,0)
(0,0,0)
(0,0,0)
(0,0,0)
(0,0,0)
(0,0,0)
(0,0,0)
(0,0,0)
(0,0,0)
(0,0,0)
(0,0,0)
(0,0,0)
(0,0,0)
(0,0,0)
(0,0,0)
(0,0,0)
(0,0,0)
(0,0,0)
(0,0,0)
(0,0,0)
(0,0,0)
(0,0,0)
(0,0,0)
(0,0,0)
(0,0,0)
(0,0,0)
(0,0,0)
(0,0,0)
(0,0,0)
(0,0,0)
(0,0,0)
(0,0,0)
(0,0,0)
(0,0,0)
(0,0,0)
(0,0,0)
(0,0,0)
(0,0,0)
(0,0,0)
(0,0,0)
(0,0,0)
(0,0,0)
(0,0,0)
(0,0,0)
(0,0,0)
(0,0,0)
(0,0,0)
(0,0,0)
(0,0,0)
(0,0,0)
(0,0,0)
(0,0,0)
(0,0,0)
(0,0,0)
(0,0,0)
(0,0,0)
(0,0,0)
(0,0,0)
(0,0,0)
(0,0,0)
(0,0,0)
(0,0,0)
(0,0,0)
(0,0,0)
(0,0,0)
(0,0,0)
(0,0,0)
(0,0,0)
(0,0,0)
(0,0,0)
(0,0,0)
(0,0,0)
(0,0,0)
(0,0,0)
(0,0,0)
(0,0,0)
(0,0,0)
(0,0,0)
(0,0,0)
(0,0,0)
(0,0,0)
(0,0,0)
(0,0,0)
(0,0,0)
(0,0,0)
(0,0,0)
(0,0,0)
(0,0,0)
(0,0,0)
(0,0,0)
(0,0,0)
(0,0,0)
(0,0,0)
(0,0,0)
(0,0,0)
(0,0,0)
(0,0,0)
(0,0,0)
(0,0,0)
(0,0,0)
(0,0,0)
(0,0,0)
(0,0,0)
(0,0,0)
(0,0,0)
(0,0,0)
(0,0,0)
(0,0,0)
(0,0,0)
(0,0,0)
(0,0,0)
(0,0,0)
(0,0,0)
(0,0,0)
(0,0,0)
(0,0,0)
(0,0,0)
(0,0,0)
(0,0,0)
(0,0,0)
(0,0,0)
(0,0,0)
(0,0,0)
(0,0,0)
(0,0,0)
(0,0,0)
(0,0,0)
(0,0,0)
(0,0,0)
(0,0,0)
(0,0,0)
(0,0,0)
(0,0,0)
(0,0,0)
(0,0,0)
(0,0,0)
(0,0,0)
(0,0,0)
(0,0,0)
(0,0,0)
(0,0,0)
(0,0,0)
(0,0,0)
(0,0,0)
(0,0,0)
(0,0,0)
(0,0,0)
(0,0,0)
(0,0,0)
(0,0,0)
(0,0,0)
(0,0,0)
(0,0,0)
(0,0,0)
(0,0,0)
(0,0,0)
(0,0,0)
(0,0,0)
(0,0,0)
(0,0,0)
(0,0,0)
(0,0,0)
(0,0,0)
(0,0,0)
(0,0,0)
(0,0,0)
(0,0,0)
(0,0,0)
(0,0,0)
(0,0,0)
(0,0,0)
(0,0,0)
(0,0,0)
(0,0,0)
(0,0,0)
(0,0,0)
(0,0,0)
(0,0,0)
(0,0,0)
(0,0,0)
(0,0,0)
(0,0,0)
(0,0,0)
(0,0,0)
(0,0,0)
(0,0,0)
(0,0,0)
(0,0,0)
(0,0,0)
(0,0,0)
(0,0,0)
(0,0,0)
(0,0,0)
(0,0,0)
(0,0,0)
(0,0,0)
(0,0,0)
(0,0,0)
(0,0,0)
(0,0,0)
(0,0,0)
(0,0,0)
(0,0,0)
(0,0,0)
(0,0,0)
(0,0,0)
(0,0,0)
(0,0,0)
(0,0,0)
(0,0,0)
(0,0,0)
(0,0,0)
(0,0,0)
(0,0,0)
(0,0,0)
(0,0,0)
(0,0,0)
(0,0,0)
(0,0,0)
(0,0,0)
(0,0,0)
(0,0,0)
(0,0,0)
(0,0,0)
(0,0,0)
(0,0,0)
(0,0,0)
(0,0,0)
(0,0,0)
(0,0,0)
(0,0,0)
(0,0,0)
(0,0,0)
(0,0,0)
(0,0,0)
(0,0,0)
(0,0,0)
(0,0,0)
(0,0,0)
(0,0,0)
(0,0,0)
(0,0,0)
(0,0,0)
(0,0,0)
(0,0,0)
(0,0,0)
(0,0,0)
(0,0,0)
(0,0,0)
(0,0,0)
(0,0,0)
(0,0,0)
(0,0,0)
(0,0,0)
(0,0,0)
(0,0,0)
(0,0,0)
(0,0,0)
(0,0,0)
(0,0,0)
(0,0,0)
(0,0,0)
(0,0,0)
(0,0,0)
(0,0,0)
(0,0,0)
(0,0,0)
(0,0,0)
(0,0,0)
(0,0,0)
(0,0,0)
(0,0,0)
(0,0,0)
(0,0,0)
(0,0,0)
(0,0,0)
(0,0,0)
(0,0,0)
(0,0,0)
(0,0,0)
(0,0,0)
(0,0,0)
(0,0,0)
(0,0,0)
(0,0,0)
(0,0,0)
(0,0,0)
(0,0,0)
(0,0,0)
(0,0,0)
(0,0,0)
(0,0,0)
(0,0,0)
(0,0,0)
(0,0,0)
(0,0,0)
(0,0,0)
(0,0,0)
(0,0,0)
(0,0,0)
(0,0,0)
(0,0,0)
(0,0,0)
(0,0,0)
(0,0,0)
(0,0,0)
(0,0,0)
(0,0,0)
(0,0,0)
(0,0,0)
(0,0,0)
(0,0,0)
(0,0,0)
(0,0,0)
(0,0,0)
(0,0,0)
(0,0,0)
(0,0,0)
(0,0,0)
(0,0,0)
(0,0,0)
(0,0,0)
(0,0,0)
(0,0,0)
(0,0,0)
(0,0,0)
(0,0,0)
(0,0,0)
(0,0,0)
(0,0,0)
(0,0,0)
(0,0,0)
(0,0,0)
(0,0,0)
(0,0,0)
(0,0,0)
(0,0,0)
(0,0,0)
(0,0,0)
(0,0,0)
(0,0,0)
(0,0,0)
(0,0,0)
(0,0,0)
(0,0,0)
(0,0,0)
(0,0,0)
(0,0,0)
(0,0,0)
(0,0,0)
(0,0,0)
(0,0,0)
(0,0,0)
(0,0,0)
(0,0,0)
(0,0,0)
(0,0,0)
(0,0,0)
(0,0,0)
(0,0,0)
(0,0,0)
(0,0,0)
(0,0,0)
(0,0,0)
(0,0,0)
(0,0,0)
(0,0,0)
(0,0,0)
(0,0,0)
(0,0,0)
(0,0,0)
(0,0,0)
(0,0,0)
(0,0,0)
(0,0,0)
(0,0,0)
(0,0,0)
(0,0,0)
(0,0,0)
(0,0,0)
(0,0,0)
(0,0,0)
(0,0,0)
(0,0,0)
(0,0,0)
(0,0,0)
(0,0,0)
(0,0,0)
(0,0,0)
(0,0,0)
(0,0,0)
(0,0,0)
(0,0,0)
(0,0,0)
(0,0,0)
(0,0,0)
(0,0,0)
(0,0,0)
(0,0,0)
(0,0,0)
(0,0,0)
(0,0,0)
(0,0,0)
(0,0,0)
(0,0,0)
(0,0,0)
(0,0,0)
(0,0,0)
(0,0,0)
(0,0,0)
(0,0,0)
(0,0,0)
(0,0,0)
(0,0,0)
(0,0,0)
(0,0,0)
(0,0,0)
(0,0,0)
(0,0,0)
(0,0,0)
(0,0,0)
(0,0,0)
(0,0,0)
(0,0,0)
(0,0,0)
(0,0,0)
(0,0,0)
(0,0,0)
(0,0,0)
(0,0,0)
(0,0,0)
(0,0,0)
(0,0,0)
(0,0,0)
(0,0,0)
(0,0,0)
(0,0,0)
(0,0,0)
(0,0,0)
(0,0,0)
(0,0,0)
(0,0,0)
(0,0,0)
(0,0,0)
(0,0,0)
(0,0,0)
(0,0,0)
(0,0,0)
(0,0,0)
(0,0,0)
(0,0,0)
(0,0,0)
(0,0,0)
(0,0,0)
(0,0,0)
(0,0,0)
(0,0,0)
(0,0,0)
(0,0,0)
(0,0,0)
(0,0,0)
(0,0,0)
(0,0,0)
(0,0,0)
(0,0,0)
(0,0,0)
(0,0,0)
(0,0,0)
(0,0,0)
(0,0,0)
(0,0,0)
(0,0,0)
(0,0,0)
(0,0,0)
(0,0,0)
(0,0,0)
(0,0,0)
(0,0,0)
(0,0,0)
(0,0,0)
(0,0,0)
(0,0,0)
(0,0,0)
(0,0,0)
(0,0,0)
(0,0,0)
(0,0,0)
(0,0,0)
(0,0,0)
(0,0,0)
(0,0,0)
(0,0,0)
(0,0,0)
(0,0,0)
(0,0,0)
(0,0,0)
(0,0,0)
(0,0,0)
(0,0,0)
(0,0,0)
(0,0,0)
(0,0,0)
(0,0,0)
(0,0,0)
(0,0,0)
(0,0,0)
(0,0,0)
(0,0,0)
(0,0,0)
(0,0,0)
(0,0,0)
(0,0,0)
(0,0,0)
(0,0,0)
(0,0,0)
(0,0,0)
(0,0,0)
(0,0,0)
(0,0,0)
(0,0,0)
(0,0,0)
(0,0,0)
(0,0,0)
(0,0,0)
(0,0,0)
(0,0,0)
(0,0,0)
(0,0,0)
(0,0,0)
(0,0,0)
(0,0,0)
(0,0,0)
(0,0,0)
(0,0,0)
(0,0,0)
(0,0,0)
(0,0,0)
(0,0,0)
(0,0,0)
(0,0,0)
(0,0,0)
(0,0,0)
(0,0,0)
(0,0,0)
(0,0,0)
(0,0,0)
(0,0,0)
(0,0,0)
(0,0,0)
(0,0,0)
(0,0,0)
(0,0,0)
(0,0,0)
(0,0,0)
(0,0,0)
(0,0,0)
(0,0,0)
(0,0,0)
(0,0,0)
(0,0,0)
(0,0,0)
(0,0,0)
(0,0,0)
(0,0,0)
(0,0,0)
(0,0,0)
(0,0,0)
(0,0,0)
(0,0,0)
(0,0,0)
(0,0,0)
(0,0,0)
(0,0,0)
(0,0,0)
(0,0,0)
(0,0,0)
(0,0,0)
(0,0,0)
(0,0,0)
(0,0,0)
(0,0,0)
(0,0,0)
(0,0,0)
(0,0,0)
(0,0,0)
(0,0,0)
(0,0,0)
(0,0,0)
(0,0,0)
(0,0,0)
(0,0,0)
(0,0,0)
(0,0,0)
(0,0,0)
(0,0,0)
(0,0,0)
(0,0,0)
(0,0,0)
(0,0,0)
(0,0,0)
(0,0,0)
(0,0,0)
(0,0,0)
(0,0,0)
(0,0,0)
(0,0,0)
(0,0,0)
(0,0,0)
(0,0,0)
(0,0,0)
(0,0,0)
(0,0,0)
(0,0,0)
(0,0,0)
(0,0,0)
(0,0,0)
(0,0,0)
(0,0,0)
(0,0,0)
(0,0,0)
(0,0,0)
(0,0,0)
(0,0,0)
(0,0,0)
(0,0,0)
(0,0,0)
(0,0,0)
(0,0,0)
(0,0,0)
(0,0,0)
(0,0,0)
(0,0,0)
(0,0,0)
(0,0,0)
(0,0,0)
(0,0,0)
(0,0,0)
(0,0,0)
(0,0,0)
(0,0,0)
(0,0,0)
(0,0,0)
(0,0,0)
(0,0,0)
(0,0,0)
(0,0,0)
(0,0,0)
(0,0,0)
(0,0,0)
(0,0,0)
(0,0,0)
(0,0,0)
(0,0,0)
(0,0,0)
(0,0,0)
(0,0,0)
(0,0,0)
(0,0,0)
(0,0,0)
(0,0,0)
(0,0,0)
(0,0,0)
(0,0,0)
(0,0,0)
(0,0,0)
(0,0,0)
(0,0,0)
(0,0,0)
(0,0,0)
(0,0,0)
(0,0,0)
(0,0,0)
(0,0,0)
(0,0,0)
(0,0,0)
(0,0,0)
(0,0,0)
(0,0,0)
(0,0,0)
(0,0,0)
(0,0,0)
(0,0,0)
(-31642.2252903986,17060.466876979,14581.7584134195)
(-33534.5135344272,16357.9912740367,31758.2806738101)
(-37831.9608582007,14891.5156900019,54698.7258420092)
(-45911.4022251928,12592.7175006014,88017.4105666029)
(-60425.3222884549,9528.89168825178,138913.841166811)
(-86527.6587578353,5977.76972313561,219463.730201498)
(-133758.858783801,2708.18225249207,350514.40673284)
(-218994.262263615,686.331937193902,568822.337059256)
(-361227.613454015,2.27774311912633,930047.672770205)
(-503403.914122695,-32.2009551931404,1433483.7878481)
(0,0,0)
(0,0,0)
(0,0,0)
(0,0,0)
(0,0,0)
(0,0,0)
(-33497.2564470926,36618.3319986274,13939.3913254437)
(-35387.3414084074,35311.6035468062,30373.1204610847)
(-39743.0870981726,32526.2170971437,52481.5061521121)
(-48025.3350469392,28095.5945761844,85003.964123472)
(-62948.5530272424,22023.8152495956,135457.593589368)
(-89650.4112192679,14777.6587159677,216308.115815811)
(-137383.2684273,7843.95303603761,348555.613459533)
(-222311.013569948,3423.41138157483,568129.547585073)
(-363420.118603735,1656.14374373237,929895.800188254)
(-504408.210938453,853.38809084682,1433418.42208058)
(0,0,0)
(0,0,0)
(0,0,0)
(0,0,0)
(0,0,0)
(0,0,0)
(-37763.9193647687,61717.9770707474,12664.2742926481)
(-39658.0920288221,59970.1711663793,27663.7987018974)
(-44136.6340593641,56185.1572984168,48141.4925599929)
(-52825.5562123782,50078.6110437949,78984.0323047625)
(-68687.3426066378,41398.2568889195,128296.933272076)
(-97023.404309079,30560.6417880707,209537.354509053)
(-146376.029948971,19480.5679144058,344276.769579657)
(-230593.398287248,11850.6247272726,566442.954521181)
(-368749.282036089,7800.52855531904,929047.851745753)
(-506829.364517467,4241.93226838245,1432488.67208567)
(0,0,0)
(0,0,0)
(0,0,0)
(0,0,0)
(0,0,0)
(0,0,0)
(-45659.1660358074,96453.9787699165,10923.1643366388)
(-47583.711432525,94526.1167978231,23950.9301377217)
(-52211.8606808111,90265.1578934589,42082.7902234844)
(-61462.9818055509,83292.0857242784,70332.2973485472)
(-78883.6422433511,73137.5421164348,117476.654364386)
(-110401.986219016,59834.5502818633,198604.732089603)
(-163654.858656486,44945.7981294859,336794.36053102)
(-246646.100000434,32783.3159723349,562507.76928636)
(-378545.25834649,23295.4184144387,925558.13777369)
(-511103.741873009,12557.9180243934,1428345.89389079)
(0,0,0)
(0,0,0)
(0,0,0)
(0,0,0)
(0,0,0)
(0,0,0)
(-59735.4408787725,147237.825484296,8951.59416439192)
(-61667.5864346963,145350.983808513,19794.3135883972)
(-66382.3488200867,141204.030670714,35237.7896312278)
(-76102.7707327091,134387.276779986,60245.3693082343)
(-95145.9119311035,124352.840312237,104175.983043541)
(-130601.573939582,110751.182925447,183860.924339524)
(-190007.613700529,94025.0525548382,324789.283614704)
(-271119.312358657,75532.9913764332,553158.920569288)
(-392805.612700102,54294.8335800022,914965.118103874)
(-517288.67929522,28795.1747753201,1416016.54064819)
(0,0,0)
(0,0,0)
(0,0,0)
(0,0,0)
(0,0,0)
(0,0,0)
(-85195.8335886029,225403.314157824,7030.34491507548)
(-87019.3268194508,223687.666657997,15712.9888850412)
(-91574.8152756102,219968.053392324,28523.7814390418)
(-101169.571254563,213798.140846618,50282.4886269696)
(-120413.447007264,204414.62542756,90634.1505189107)
(-156551.668788106,190644.132677939,167292.869554533)
(-216143.528510962,170951.294388167,306510.156232192)
(-293565.502665992,143401.780031475,532206.870243123)
(-408280.034719593,105001.506896705,889780.231646049)
(-525087.112116572,56079.368338581,1387583.15019928)
(0,0,0)
(0,0,0)
(0,0,0)
(0,0,0)
(0,0,0)
(0,0,0)
(-131869.309990312,351943.186346125,5329.43780201405)
(-133445.532851616,350407.695383558,12054.941928067)
(-137527.30818374,347109.220702346,22441.0828017886)
(-146293.183002241,341527.680648747,41004.7260019037)
(-164174.817231249,332585.682942626,77008.4857180883)
(-198118.372171872,318013.846977615,147757.143590276)
(-254024.37148884,293570.239218433,279162.570248852)
(-324433.491565824,252931.505777994,494066.336068151)
(-431321.795829376,189262.001092823,841127.637701346)
(-537809.826245226,103170.876483902,1331845.9558013)
(0,0,0)
(0,0,0)
(0,0,0)
(0,0,0)
(0,0,0)
(0,0,0)
(-217176.506648894,565236.049358272,3883.64363673758)
(-218420.373161756,563806.545195242,8905.16698681324)
(-221705.087260556,560647.931551168,17071.5433985561)
(-228832.863592936,555144.417336651,32287.6703035742)
(-243522.792371561,545723.671023778,62672.4745939769)
(-271707.003399646,528849.348684041,123543.976287195)
(-318524.927197195,496902.932247059,238736.21045575)
(-375559.701148212,436602.105891731,430625.311490241)
(-473173.399657506,337781.373326466,755279.338914104)
(-562136.42599601,191537.851064404,1229048.79032955)
(0,0,0)
(0,0,0)
(0,0,0)
(0,0,0)
(0,0,0)
(0,0,0)
(-359993.518623801,922639.464939719,2590.10304234289)
(-360839.402558402,921192.822985367,6043.22781063234)
(-363074.2519755,917854.634794067,11910.7765431993)
(-367874.904938581,911742.113049238,23187.9857692008)
(-377579.339066822,900473.056867216,46017.9389925967)
(-395810.525061706,878879.265859796,91798.5468785366)
(-426476.653236446,836493.365003265,178684.767358775)
(-472027.137108555,755243.435166835,332070.575192221)
(-550394.824462597,611024.500678487,609222.27230277)
(-604571.72906759,367459.472127299,1037872.38030747)
(0,0,0)
(0,0,0)
(0,0,0)
(0,0,0)
(0,0,0)
(0,0,0)
(-502819.188813468,1424154.05627312,1304.59748005543)
(-503239.762916846,1422622.55718894,3114.62619332885)
(-504352.548360255,1419053.73779148,6268.07155619631)
(-506711.955356748,1412330.07683969,12392.0631225028)
(-511417.985370516,1399467.6515197,24815.4538405541)
(-520202.679554646,1374186.45034581,49710.9489091847)
(-535552.535137513,1324093.9298848,97662.9191651553)
(-561401.013798147,1226156.00926519,188151.358864911)
(-604408.062240515,1037640.37869408,365943.543089825)
(-608771.616214611,671326.078090784,670848.553340956)
(0,0,0)
(0,0,0)
(0,0,0)
(0,0,0)
(0,0,0)
(0,0,0)
(0,0,0)
(0,0,0)
(0,0,0)
(0,0,0)
(0,0,0)
(0,0,0)
(0,0,0)
(0,0,0)
(0,0,0)
(0,0,0)
(0,0,0)
(0,0,0)
(0,0,0)
(0,0,0)
(0,0,0)
(0,0,0)
(0,0,0)
(0,0,0)
(0,0,0)
(0,0,0)
(0,0,0)
(0,0,0)
(0,0,0)
(0,0,0)
(0,0,0)
(0,0,0)
(0,0,0)
(0,0,0)
(0,0,0)
(0,0,0)
(0,0,0)
(0,0,0)
(0,0,0)
(0,0,0)
(0,0,0)
(0,0,0)
(0,0,0)
(0,0,0)
(0,0,0)
(0,0,0)
(0,0,0)
(0,0,0)
(0,0,0)
(0,0,0)
(0,0,0)
(0,0,0)
(0,0,0)
(0,0,0)
(0,0,0)
(0,0,0)
(0,0,0)
(0,0,0)
(0,0,0)
(0,0,0)
(0,0,0)
(0,0,0)
(0,0,0)
(0,0,0)
(0,0,0)
(0,0,0)
(0,0,0)
(0,0,0)
(0,0,0)
(0,0,0)
(0,0,0)
(0,0,0)
(0,0,0)
(0,0,0)
(0,0,0)
(0,0,0)
(0,0,0)
(0,0,0)
(0,0,0)
(0,0,0)
(0,0,0)
(0,0,0)
(0,0,0)
(0,0,0)
(0,0,0)
(0,0,0)
(0,0,0)
(0,0,0)
(0,0,0)
(0,0,0)
(0,0,0)
(0,0,0)
(0,0,0)
(0,0,0)
(0,0,0)
(0,0,0)
(0,0,0)
(0,0,0)
(0,0,0)
(0,0,0)
(0,0,0)
(0,0,0)
(4723157.01845771,15197.6742929424,12773.9315287642)
(4719990.43985105,14481.4306093049,27538.3971037453)
(4712813.11993033,12956.5661090974,46707.599775863)
(4699518.18925984,10482.5973718524,73566.2604887115)
(4675936.02217344,7004.81754829314,112970.948048308)
(4633975.75959211,2820.3086563338,172418.070611714)
(4557042.63561213,-963.476166917462,265350.901952455)
(4405141.63700369,-2634.73748200094,426620.589736852)
(4062378.0167134,-2206.59516947964,787992.404308665)
(3131297.07071089,-1074.62834969474,1937136.89739455)
(0,0,0)
(0,0,0)
(0,0,0)
(0,0,0)
(0,0,0)
(0,0,0)
(4719985.17619894,32374.3882446867,12111.7029720443)
(4716847.24840908,31044.054222902,26085.3391107744)
(4709631.16548691,28143.1501128163,44295.3520917484)
(4696072.18985662,23317.1670716688,70134.1070581206)
(4671827.45447932,16282.3879638624,108851.37870578)
(4628713.4723508,7368.69803703459,168709.955324758)
(4550622.07050037,-1201.12877606761,263713.118576115)
(4399347.50616346,-4873.44826967762,427064.159200177)
(4058805.25032643,-3676.24378316212,789079.288453403)
(3129760.47621703,-1561.58077144081,1938168.40328936)
(0,0,0)
(0,0,0)
(0,0,0)
(0,0,0)
(0,0,0)
(0,0,0)
(4712756.15450209,53831.5087634481,10793.6551841369)
(4709653.81136104,52064.0038520707,23232.6517349152)
(4702339.0914215,48130.0254776946,39540.9004589854)
(4688201.06001511,41440.8920664891,63161.4088064983)
(4662304.30660517,31194.8692061424,100028.127922124)
(4615687.57681796,17156.1267698421,160300.567632059)
(4533155.32509055,2163.90616949387,260175.027216764)
(4383327.1436825,-4231.9572070325,428383.84375426)
(4049511.6814573,-2014.84910922071,791232.335156655)
(3125911.57387412,-53.2192452684644,1939753.88480873)
(0,0,0)
(0,0,0)
(0,0,0)
(0,0,0)
(0,0,0)
(0,0,0)
(4699570.32532656,82371.5736546153,9001.29331622779)
(4696492.16489151,80431.4324493028,19328.8379648012)
(4689048.9538924,76093.2248661846,32875.6735728894)
(4674033.13746634,68660.6578434997,52930.6380938184)
(4645064.8313863,56914.0220030967,86033.8612369659)
(4590451.30307598,39649.4742439794,145458.074037617)
(4494230.07269394,18598.4260008561,253909.472425642)
(4346790.90787113,8279.70121548869,430731.655701341)
(4030650.77428834,9000.17682420489,793291.446702811)
(3118669.66905018,6323.77012910643,1939911.8959751)
(0,0,0)
(0,0,0)
(0,0,0)
(0,0,0)
(0,0,0)
(0,0,0)
(4676497.27779231,121867.989749078,7041.71480423338)
(4673466.13754286,120031.260773537,15079.0120721997)
(4665996.58018462,116045.461034202,25518.696469304)
(4650256.36368092,109378.952467708,41212.1170012396)
(4617770.66230911,99171.2651408919,68809.149193026)
(4551187.05128441,84866.6762451486,124574.171537688)
(4424222.09286476,67934.8117159064,243778.928827128)
(4279009.75292678,53083.9564865501,431616.45784045)
(4001047.22528584,38794.2487255356,790740.397522844)
(3107869.56311067,20957.4620239014,1933719.312792)
(0,0,0)
(0,0,0)
(0,0,0)
(0,0,0)
(0,0,0)
(0,0,0)
(4635437.58132865,178787.177791265,5218.24661030905)
(4632604.34465597,177245.232015988,11151.4534622006)
(4625490.27876737,174007.3384842,18895.3315390256)
(4610088.70679748,168727.119224289,31059.7363002643)
(4577236.04535838,160734.369362814,54617.9892824653)
(4508755.33488991,149102.942560184,107845.568859213)
(4380187.89700962,133040.780477332,229179.02414701)
(4241354.71792302,112505.636877351,417607.972736933)
(3975791.93348459,81933.1298766721,773167.972951391)
(3095478.38589129,43339.3171256145,1912991.46941168)
(0,0,0)
(0,0,0)
(0,0,0)
(0,0,0)
(0,0,0)
(0,0,0)
(4559329.97211411,266655.10698661,3703.63827003367)
(4556889.58064796,265435.397056031,7949.20930018123)
(4550592.89304482,262961.044739842,13646.1513857934)
(4536618.63737081,259072.214312081,23160.0854947259)
(4505986.51754223,253331.675812659,43172.293841176)
(4440550.21387091,244420.845204994,91956.6547233629)
(4315912.29040947,229025.122605695,208806.500266447)
(4190606.64200241,201797.077761275,387245.775384121)
(3938407.97991148,147412.248515952,734807.730573757)
(3074332.12961575,78847.5693612828,1869928.37204697)
(0,0,0)
(0,0,0)
(0,0,0)
(0,0,0)
(0,0,0)
(0,0,0)
(4407265.26234551,422432.12020739,2552.06735466324)
(4405352.29412834,421404.794197831,5580.85249255982)
(4400346.87658521,419343.072587557,9917.71036881828)
(4389063.4003082,416242.976591229,17621.533758405)
(4363838.95323047,411830.187079691,34532.1264590631)
(4308383.25045237,404839.133589187,76794.4337926796)
(4199314.97691341,389014.336935951,181736.164921531)
(4117478.33025645,340210.886480377,333055.174367503)
(3862950.15932133,260632.844180095,666481.869294214)
(3025400.15115758,149126.621511466,1791437.0895602)
(0,0,0)
(0,0,0)
(0,0,0)
(0,0,0)
(0,0,0)
(0,0,0)
(4063615.65752934,779907.127817995,1686.6658060232)
(4062332.82767853,778896.847796936,3793.23153980463)
(4058988.69851671,776734.650554134,7109.55265079679)
(4051602.12620073,773137.499754103,13508.8479183326)
(4035799.59293254,766915.412721269,27815.5398471499)
(4003665.99554296,754750.106638275,61198.8957631747)
(3945707.88897942,727648.382721002,133151.157332062)
(3864285.14187498,666075.694399212,253744.919999512)
(3634354.77383491,557183.910656623,555215.104795272)
(2876543.27311237,363326.321218267,1642671.25247823)
(0,0,0)
(0,0,0)
(0,0,0)
(0,0,0)
(0,0,0)
(0,0,0)
(3131784.31373373,1927209.69512782,864.779712695411)
(3131148.86237805,1926144.41717623,1999.43460828216)
(3129498.90598658,1923751.70181205,3901.77857326704)
(3125943.7724262,1919449.62793819,7704.77217608246)
(3118586.77364264,1911330.63068928,16055.6447647437)
(3104135.69224411,1894838.8934477,34399.3357264257)
(3077372.44544178,1860081.13794207,71812.4494958453)
(3026143.96440057,1787944.53409717,145169.481168952)
(2876672.39288959,1642347.57232245,361696.213942797)
(2338980.05025038,1280243.94929387,1279797.76897195)
(0,0,0)
(0,0,0)
(0,0,0)
(0,0,0)
(0,0,0)
(0,0,0)
(0,0,0)
(0,0,0)
(0,0,0)
(0,0,0)
(0,0,0)
(0,0,0)
(0,0,0)
(0,0,0)
(0,0,0)
(0,0,0)
(0,0,0)
(0,0,0)
(0,0,0)
(0,0,0)
(0,0,0)
(0,0,0)
(0,0,0)
(0,0,0)
(0,0,0)
(0,0,0)
(0,0,0)
(0,0,0)
(0,0,0)
(0,0,0)
(0,0,0)
(0,0,0)
(0,0,0)
(0,0,0)
(0,0,0)
(0,0,0)
(0,0,0)
(0,0,0)
(0,0,0)
(0,0,0)
(0,0,0)
(0,0,0)
(0,0,0)
(0,0,0)
(0,0,0)
(0,0,0)
(0,0,0)
(0,0,0)
(0,0,0)
(0,0,0)
(0,0,0)
(0,0,0)
(0,0,0)
(0,0,0)
(0,0,0)
(0,0,0)
(0,0,0)
(0,0,0)
(0,0,0)
(0,0,0)
(0,0,0)
(0,0,0)
(0,0,0)
(0,0,0)
(0,0,0)
(0,0,0)
(0,0,0)
(0,0,0)
(0,0,0)
(0,0,0)
(0,0,0)
(0,0,0)
(0,0,0)
(0,0,0)
(0,0,0)
(0,0,0)
(0,0,0)
(0,0,0)
(0,0,0)
(0,0,0)
(0,0,0)
(0,0,0)
(0,0,0)
(0,0,0)
(0,0,0)
(0,0,0)
(0,0,0)
(0,0,0)
(0,0,0)
(0,0,0)
(0,0,0)
(0,0,0)
(0,0,0)
(0,0,0)
(0,0,0)
(0,0,0)
(0,0,0)
(0,0,0)
(0,0,0)
(0,0,0)
(0,0,0)
(0,0,0)
(-81391.7849584435,12031.0094089689,9746.94443737058)
(-84951.4633251056,11342.9419650053,20575.0560787552)
(-92773.2851851205,9775.22395376355,33615.3876706944)
(-106841.622085292,7061.87251919109,50142.4769269052)
(-130816.046054184,2910.57450096849,71213.121083779)
(-170822.329705566,-2471.59352642832,95711.954338185)
(-236219.518505114,-7430.23110366874,113633.489989331)
(-339623.938366379,-8463.84457044101,84092.0603601345)
(-487855.324349221,-5822.73086984163,-142622.717277207)
(-598179.354924725,-2666.58272590653,-1193250.55848543)
(0,0,0)
(0,0,0)
(0,0,0)
(0,0,0)
(0,0,0)
(0,0,0)
(-85053.9698918989,25237.6156775267,9061.69025246002)
(-88492.861828367,23934.6073413425,19039.2855437559)
(-96191.0032047007,20924.8684123915,30940.960206962)
(-110276.091774379,15514.9748707006,46065.2899167029)
(-134631.24797583,6757.03870661202,65906.6785964264)
(-175713.85734088,-5730.84883718004,90822.4140291038)
(-242624.980902568,-18771.5510630348,112639.935821547)
(-345016.552336299,-20986.4526658417,86755.7528469099)
(-490529.638514799,-13030.0826395342,-139472.856111858)
(-599099.818352181,-5447.73292167172,-1190602.26091669)
(0,0,0)
(0,0,0)
(0,0,0)
(0,0,0)
(0,0,0)
(0,0,0)
(-93226.2186043464,40725.0647132245,7724.07450098071)
(-96483.8299407301,38990.0763419043,16035.3972323788)
(-103977.8692205,34915.5370491153,25590.839667839)
(-118183.387665793,27312.0007874657,37407.4118621545)
(-143785.459756354,13937.5983382123,53545.7690223571)
(-189076.740927957,-8144.67593503773,77953.0642963453)
(-264146.146477583,-36856.7989398839,110568.934171546)
(-363824.0434796,-40860.246914807,94823.0660127296)
(-498757.874522794,-20896.2420430935,-131812.068173328)
(-601724.375299249,-7307.84916384595,-1185086.85232759)
(0,0,0)
(0,0,0)
(0,0,0)
(0,0,0)
(0,0,0)
(0,0,0)
(-107681.410533992,59285.1187837316,5920.83222028233)
(-110732.08993703,57434.7488183593,11929.5650025294)
(-117966.615266144,53105.9599800568,17983.8616603434)
(-132424.984171241,44907.518057081,24075.6164584773)
(-160863.781111744,29581.5059861399,31589.4717388384)
(-218577.17238156,278.562303063827,49423.8593885033)
(-331140.399391506,-51525.3238350774,106692.006799344)
(-425451.899268504,-59578.6472912615,114882.364745654)
(-519427.858028245,-20587.8698161401,-118118.224734455)
(-607387.143807452,-4457.73724843106,-1177682.37336207)
(0,0,0)
(0,0,0)
(0,0,0)
(0,0,0)
(0,0,0)
(0,0,0)
(-131833.81727107,80812.3960832613,4032.96819406794)
(-134651.11566913,79197.2107015139,7616.90995314158)
(-141468.429193627,75621.6638096202,9795.36593199446)
(-155873.08916845,69266.0671213954,8795.42014727721)
(-187662.681842038,58636.4952349332,2402.92547983766)
(-269057.110861469,42363.3040615858,-2208.50370262213)
(-534845.629836552,23790.9312332237,98772.1143605983)
(-633904.522741383,15363.3775209642,153973.515646722)
(-559985.204096047,13534.9962727267,-101887.770629958)
(-616703.284071052,8569.7493457995,-1173113.25961217)
(0,0,0)
(0,0,0)
(0,0,0)
(0,0,0)
(0,0,0)
(0,0,0)
(-171621.101635147,102677.872287881,2422.35718943146)
(-174111.959797904,101524.688422493,4040.33435256481)
(-180217.712033194,99158.7615219858,3440.37787096229)
(-193564.859625488,95329.4815390703,-1740.31969360389)
(-224473.023623731,89527.996720153,-13693.6017664783)
(-305640.790024266,80839.013362442,-20544.0357229508)
(-558499.271738588,68607.1851191061,90556.0295695448)
(-649519.084505052,61683.218430274,152339.141518569)
(-578971.016110861,44524.4457972258,-106658.2079803)
(-626046.202869419,22190.2815096354,-1181525.00095317)
(0,0,0)
(0,0,0)
(0,0,0)
(0,0,0)
(0,0,0)
(0,0,0)
(-236632.672466577,114598.629612537,1271.03768621973)
(-238685.076321262,113942.757497961,1656.77601020711)
(-243812.23491914,112819.140902978,-369.324976644165)
(-255429.435486828,111644.342870477,-7406.96302019094)
(-283796.517959577,111272.292112171,-22139.072480169)
(-363217.396996908,112241.21793482,-32544.5157544956)
(-626798.698727879,112327.097334141,83675.7115980714)
(-710709.130683857,128621.628604613,135282.224540178)
(-607620.193771679,71911.2789825385,-128847.284531742)
(-641456.6717414,29883.802066054,-1203522.85330084)
(0,0,0)
(0,0,0)
(0,0,0)
(0,0,0)
(0,0,0)
(0,0,0)
(-340352.942578997,78821.1871124213,624.797854781246)
(-341887.647298926,78465.6299270181,571.017283201933)
(-345791.866642619,78146.1991295838,-1388.14728531219)
(-354895.997331132,79000.863079792,-7556.11942516996)
(-378353.830398279,84018.671848562,-20880.5651025438)
(-451179.058987398,100329.440745898,-32177.3280436512)
(-738906.639986264,135563.056834181,100037.47978627)
(-602444.340782055,87125.9330836233,78684.9967760033)
(-630609.714231405,32101.3746894184,-170716.074947827)
(-665312.22496916,286.852222067187,-1233177.59854679)
(0,0,0)
(0,0,0)
(0,0,0)
(0,0,0)
(0,0,0)
(0,0,0)
(-489069.201179913,-151651.440673379,386.636925284909)
(-490049.535374117,-151989.966874632,453.747209754094)
(-492548.695491415,-152369.906061709,-263.603160615864)
(-498140.434755238,-152062.190858135,-2228.83783645404)
(-511084.151153695,-149825.174016882,-4272.09745453511)
(-542042.247950666,-144326.713934134,3321.45114931783)
(-609672.675639477,-140299.19833781,51793.4213704004)
(-631753.940598284,-171726.840635501,23914.4279929735)
(-689905.29203802,-200211.455912853,-202283.52510164)
(-700966.430207804,-174077.923053988,-1233179.89607512)
(0,0,0)
(0,0,0)
(0,0,0)
(0,0,0)
(0,0,0)
(0,0,0)
(-599077.378358499,-1203784.62429686,224.026145974165)
(-599556.054041995,-1204197.33763335,365.46375491736)
(-600762.839780675,-1204876.39302059,362.846911344011)
(-603355.901834695,-1205568.27071652,397.751460792544)
(-608925.860200509,-1206334.43220579,1648.79392306898)
(-620610.181576358,-1208404.84263535,7701.94687494704)
(-642170.622603577,-1216457.20667843,20632.1736911951)
(-666085.458656082,-1237406.03890324,-4230.05455421947)
(-701186.991515014,-1233582.3806077,-175770.595024535)
(-676749.913303358,-1058221.4483238,-1058667.95577071)
(0,0,0)
(0,0,0)
(0,0,0)
(0,0,0)
(0,0,0)
(0,0,0)
(0,0,0)
(0,0,0)
(0,0,0)
(0,0,0)
(0,0,0)
(0,0,0)
(0,0,0)
(0,0,0)
(0,0,0)
(0,0,0)
(0,0,0)
(0,0,0)
(0,0,0)
(0,0,0)
(0,0,0)
(0,0,0)
(0,0,0)
(0,0,0)
(0,0,0)
(0,0,0)
(0,0,0)
(0,0,0)
(0,0,0)
(0,0,0)
(0,0,0)
(0,0,0)
(0,0,0)
(0,0,0)
(0,0,0)
(0,0,0)
(0,0,0)
(0,0,0)
(0,0,0)
(0,0,0)
(0,0,0)
(0,0,0)
(0,0,0)
(0,0,0)
(0,0,0)
(0,0,0)
(0,0,0)
(0,0,0)
(0,0,0)
(0,0,0)
(0,0,0)
(0,0,0)
(0,0,0)
(0,0,0)
(0,0,0)
(0,0,0)
(0,0,0)
(0,0,0)
(0,0,0)
(0,0,0)
(0,0,0)
(0,0,0)
(0,0,0)
(0,0,0)
(0,0,0)
(0,0,0)
(0,0,0)
(0,0,0)
(0,0,0)
(0,0,0)
(0,0,0)
(0,0,0)
(0,0,0)
(0,0,0)
(0,0,0)
(0,0,0)
(0,0,0)
(0,0,0)
(0,0,0)
(0,0,0)
(0,0,0)
(0,0,0)
(0,0,0)
(0,0,0)
(0,0,0)
(0,0,0)
(0,0,0)
(0,0,0)
(0,0,0)
(0,0,0)
(0,0,0)
(0,0,0)
(0,0,0)
(0,0,0)
(0,0,0)
(0,0,0)
(0,0,0)
(0,0,0)
(0,0,0)
(0,0,0)
(0,0,0)
(0,0,0)
(-96266.9323345128,8444.39771253247,6430.74966353773)
(-99349.8137622338,7817.07467531398,13012.0254253517)
(-105852.98416189,6338.61029336191,19753.1141087611)
(-117061.309733342,3612.66407306544,26360.1376837431)
(-135014.094697225,-917.259514919194,31475.4458417061)
(-162581.439588437,-7401.89411140017,30636.4498359791)
(-202225.97186544,-13905.4726181936,10548.3758145014)
(-251334.249865989,-13946.1909648507,-63795.1217210374)
(-290606.268925384,-8570.42896288996,-252473.748181977)
(-252572.854434523,-3641.93614798915,-594438.312524204)
(0,0,0)
(0,0,0)
(0,0,0)
(0,0,0)
(0,0,0)
(0,0,0)
(-99637.39639471,17258.2341155124,5769.59009983174)
(-102477.63357526,16052.5960650517,11518.8404569827)
(-108583.311873542,13194.0043896147,17055.7550295708)
(-119187.439369689,7651.70168356096,21928.0650143826)
(-136310.468474912,-2404.50747031077,25094.5334688566)
(-163092.26272556,-19166.8368388453,24237.8815809879)
(-202484.434267422,-40391.4472053847,10583.3095330398)
(-250096.659639878,-39893.6203750689,-58389.1537531557)
(-288636.016146018,-21322.6140976732,-247530.590987156)
(-251367.501593996,-8113.12500720129,-590791.718886157)
(0,0,0)
(0,0,0)
(0,0,0)
(0,0,0)
(0,0,0)
(0,0,0)
(-106932.051198945,26431.1449897014,4532.9217204129)
(-109388.984549109,24856.4682378697,8634.20415597069)
(-114725.575116102,21012.5768402233,11563.3376009611)
(-124096.048501027,13121.9375889829,12005.7625307753)
(-139522.03440287,-3151.75573596883,8489.58544294761)
(-165227.333232492,-37709.6682468229,3183.00915545016)
(-208633.391602675,-103949.027305421,11227.8343805843)
(-250159.098141461,-102589.425445897,-39741.3058867309)
(-283947.925246803,-41621.9041590391,-234251.965101362)
(-248473.120898084,-12995.3830179124,-582620.961491839)
(0,0,0)
(0,0,0)
(0,0,0)
(0,0,0)
(0,0,0)
(0,0,0)
(-119378.470011292,35228.6108944371,2899.59357256875)
(-121357.308361575,33645.6295967228,4735.65063826385)
(-125627.899666361,29749.7829313533,3659.72894735277)
(-132998.154688302,21536.7115055185,-4181.87445212289)
(-145111.362166653,2785.74913518495,-25871.7982683626)
(-169035.759691017,-50265.0734822775,-62857.8057234576)
(-255331.41378471,-255331.117172392,12715.2985367109)
(-268502.15806432,-268113.966385099,21290.0982717336)
(-273039.030026065,-61180.3344469554,-205540.299442529)
(-242615.698268674,-13762.8305209182,-569544.297478291)
(0,0,0)
(0,0,0)
(0,0,0)
(0,0,0)
(0,0,0)
(0,0,0)
(-138973.126325997,41104.2149573238,1263.70499204109)
(-140440.767001661,39875.9951394154,822.990781879256)
(-143408.853589588,37050.2376063864,-4537.03949719097)
(-147739.214198834,31685.6637921594,-22819.8667534476)
(-150870.459992836,21892.1349454199,-78718.4744128866)
(-136068.142130102,5754.14872373346,-267726.665350266)
(-6.09046762667374e-05,-1.84611361073862e-05,4.15157138721692e-05)
(-533.921062719665,-323.872768772816,228291.799861268)
(-229349.453017049,-5470.34702893702,-158053.938635758)
(-232082.483566892,-760.696175410815,-555676.873485442)
(0,0,0)
(0,0,0)
(0,0,0)
(0,0,0)
(0,0,0)
(0,0,0)
(-168256.468630887,37743.7022281301,-4.12027506520394)
(-169247.438526336,37055.4227913248,-2048.06919854179)
(-171036.217384485,35710.8075772315,-9890.13381809589)
(-172893.065148337,33604.1098599312,-32480.3743630189)
(-170740.175422441,30298.0055590744,-94619.0931779621)
(-144612.776439198,23241.3183352555,-273134.27637455)
(-5.40121239712112e-05,-2.12469946286741e-05,2.75326006674789e-05)
(-202.1098682277,404.192515417911,223259.658703561)
(-223798.278639154,15846.6328828645,-153230.058679951)
(-231988.102489891,6763.68022432053,-554812.535459168)
(0,0,0)
(0,0,0)
(0,0,0)
(0,0,0)
(0,0,0)
(0,0,0)
(-209116.040158877,10946.1888457605,-719.118925329254)
(-209704.973082138,10819.5872101757,-3463.38658331119)
(-210539.56716944,10970.8784063281,-11996.1251621013)
(-210517.928830597,12339.7951248148,-35643.3170832121)
(-204584.895784683,16832.3946689874,-101389.32836802)
(-169737.831994401,24324.160592577,-295951.735627843)
(-0.00014790103746394,5.40336398807342e-05,4.04122428616241e-05)
(-638.216136865726,236827.136967143,238681.812279924)
(-239701.548167056,48863.8681434287,-162254.068585272)
(-241434.435091799,5967.88743806531,-561480.512448592)
(0,0,0)
(0,0,0)
(0,0,0)
(0,0,0)
(0,0,0)
(0,0,0)
(-258674.155619131,-69875.9151086481,-856.6830054566)
(-258951.98454371,-69647.5578742829,-3325.20067621286)
(-259156.752164584,-68480.9610438455,-10508.4757040758)
(-258061.91475218,-64065.5423107862,-30937.2208474304)
(-250338.436534043,-48523.3084750604,-93596.911567622)
(-210389.20733357,9682.99524914766,-319745.597878025)
(-729.218265585213,265010.475824313,236716.614749881)
(-237623.080353369,57938.5595788455,50783.931709493)
(-298763.192914018,-27156.7473474852,-205041.974116981)
(-261672.101677575,-35377.7403001176,-567336.469670361)
(0,0,0)
(0,0,0)
(0,0,0)
(0,0,0)
(0,0,0)
(0,0,0)
(-296785.585113984,-261581.047256129,-578.483918437761)
(-296888.690900415,-261345.172853414,-2041.71341300225)
(-296890.324440153,-260317.274783006,-5863.77072509054)
(-296047.604609713,-256933.126826048,-15089.0163553517)
(-292288.881524679,-247310.996762662,-35096.5976967566)
(-280758.536506525,-222545.188890198,-64152.1250015525)
(-266210.46358956,-172460.099668299,29856.2384411389)
(-304141.738203797,-205772.644696349,-34044.759678147)
(-326830.341030748,-211272.372915192,-213004.085117706)
(-267865.140878048,-149754.947250907,-531728.167496668)
(0,0,0)
(0,0,0)
(0,0,0)
(0,0,0)
(0,0,0)
(0,0,0)
(-256033.864079864,-604376.88192461,-247.679610159428)
(-256069.579612008,-604248.157383167,-831.169510394328)
(-256063.632465404,-603629.959985347,-2217.69162332019)
(-255731.23679718,-601659.054968589,-5116.42851828612)
(-254553.539556179,-596853.128618148,-9946.61730713013)
(-252061.962216018,-587290.141631934,-13749.8839257413)
(-251366.304581327,-573829.005546512,-3185.29606975618)
(-264916.011421245,-570912.115028817,-39215.2729721132)
(-268541.303212155,-532018.715627847,-151114.618562309)
(-214762.44632585,-381254.138068935,-381602.894721774)
(0,0,0)
(0,0,0)
(0,0,0)
(0,0,0)
(0,0,0)
(0,0,0)
(0,0,0)
(0,0,0)
(0,0,0)
(0,0,0)
(0,0,0)
(0,0,0)
(0,0,0)
(0,0,0)
(0,0,0)
(0,0,0)
(0,0,0)
(0,0,0)
(0,0,0)
(0,0,0)
(0,0,0)
(0,0,0)
(0,0,0)
(0,0,0)
(0,0,0)
(0,0,0)
(0,0,0)
(0,0,0)
(0,0,0)
(0,0,0)
(0,0,0)
(0,0,0)
(0,0,0)
(0,0,0)
(0,0,0)
(0,0,0)
(0,0,0)
(0,0,0)
(0,0,0)
(0,0,0)
(0,0,0)
(0,0,0)
(0,0,0)
(0,0,0)
(0,0,0)
(0,0,0)
(0,0,0)
(0,0,0)
(0,0,0)
(0,0,0)
(0,0,0)
(0,0,0)
(0,0,0)
(0,0,0)
(0,0,0)
(0,0,0)
(0,0,0)
(0,0,0)
(0,0,0)
(0,0,0)
(0,0,0)
(0,0,0)
(0,0,0)
(0,0,0)
(0,0,0)
(0,0,0)
(0,0,0)
(0,0,0)
(0,0,0)
(0,0,0)
(0,0,0)
(0,0,0)
(0,0,0)
(0,0,0)
(0,0,0)
(0,0,0)
(0,0,0)
(0,0,0)
(0,0,0)
(0,0,0)
(0,0,0)
(0,0,0)
(0,0,0)
(0,0,0)
(0,0,0)
(0,0,0)
(0,0,0)
(0,0,0)
(0,0,0)
(0,0,0)
(0,0,0)
(0,0,0)
(0,0,0)
(0,0,0)
(0,0,0)
(0,0,0)
(0,0,0)
(0,0,0)
(0,0,0)
(0,0,0)
(0,0,0)
(0,0,0)
(-105137.181932526,5226.82742565622,3643.42217235491)
(-107256.643227511,4762.42944025996,6787.82219737451)
(-111519.507970572,3630.60207726554,8823.74392879111)
(-118350.365246478,1465.15648732188,8647.64295460634)
(-128279.310597124,-2265.61338409732,4178.47223859558)
(-141791.405747016,-7970.78772977516,-8640.77387305136)
(-158455.848365677,-14219.2565391189,-38191.6408336937)
(-174052.294855532,-12773.416055318,-102700.179788833)
(-172615.145573572,-6658.05043607389,-214033.252704566)
(-122766.347859,-2456.18094374518,-341383.578336317)
(0,0,0)
(0,0,0)
(0,0,0)
(0,0,0)
(0,0,0)
(0,0,0)
(-107667.518041237,10162.1416984518,3094.80737372738)
(-109484.318392706,9259.59490034735,5604.32673108787)
(-113133.972192905,7100.04608173312,6685.5430459854)
(-118782.253182164,2745.57183375159,4999.94151203347)
(-126521.667460575,-5623.48369538743,-1430.98919101529)
(-136377.779517254,-21326.6691860231,-14789.5909430719)
(-148273.767235757,-46568.2774055167,-36651.2371083456)
(-162999.347176146,-39986.5696116634,-96535.3960157373)
(-165351.779019057,-16664.0904361332,-209813.593142644)
(-119497.483489115,-5226.47316130037,-338913.31902995)
(0,0,0)
(0,0,0)
(0,0,0)
(0,0,0)
(0,0,0)
(0,0,0)
(-113048.481630826,14140.1897336433,2138.38239668924)
(-114358.19603791,12996.494343799,3370.69444204106)
(-116792.225266794,10199.4454296275,2337.94524483769)
(-119994.612977722,4250.18545138938,-3268.10389610549)
(-122708.228567743,-8736.42961143039,-16968.9638151884)
(-122141.883721741,-41509.4507203337,-39871.6317916193)
(-114538.118637366,-150637.00186572,-29898.1802967287)
(-125979.242638577,-120949.81301833,-73114.7923929493)
(-144667.982469677,-30739.4327915338,-198319.392814679)
(-111205.296846985,-7162.62581354095,-333651.064213544)
(0,0,0)
(0,0,0)
(0,0,0)
(0,0,0)
(0,0,0)
(0,0,0)
(-121936.692838989,15737.5291834201,960.883377918206)
(-122585.160241649,14681.3593760933,503.870225697027)
(-123409.704922538,12097.4489527668,-3612.32804126376)
(-123084.015561928,6867.24362801163,-16143.5253442591)
(-117531.741634678,-2934.94167510192,-49524.633812567)
(-93982.3298209553,-17272.6721360049,-148814.842266959)
(-3.00052214590397e-05,-4.81116002679121e-06,1.44850802060467e-05)
(-238.073700632673,-150.778127041277,17215.9049134765)
(-94396.0772489165,-17524.8415850215,-174641.639070177)
(-94795.9313763379,-3237.74895928323,-326386.282816784)
(0,0,0)
(0,0,0)
(0,0,0)
(0,0,0)
(0,0,0)
(0,0,0)
(-135000.334218628,11910.4306655761,-145.693589523474)
(-135004.915719656,11211.3864349995,-2111.57193043551)
(-134235.433428896,9594.78661528953,-8782.3297536519)
(-130539.690135403,6663.22236000984,-25777.8325490797)
(-118060.809952628,2118.51687573589,-63640.9411401227)
(-82861.7811952903,-2760.93758699685,-131359.036623937)
(3.00312231241766e-06,-2.3725884370178e-06,-7.11489504480635e-05)
(-6.4816329767247e-05,-8.81182709846507e-06,2.71381863582719e-06)
(-227.501791230335,67.1216547426609,-160296.920914777)
(-71915.1539981162,-655.741667045494,-323046.25777576)
(0,0,0)
(0,0,0)
(0,0,0)
(0,0,0)
(0,0,0)
(0,0,0)
(-152409.534397903,-3012.29238336759,-924.211184039278)
(-151909.07222533,-3253.90324620107,-3797.2878038453)
(-149951.008797037,-3619.48667759032,-11668.2230984143)
(-143881.009810542,-3863.05194645787,-30154.00412974)
(-127068.085826635,-3424.15260504222,-68283.4242447625)
(-85533.4606204625,-1817.47096026318,-128306.20669023)
(-1.22434885054079e-06,-6.02925624159468e-06,-5.36179708434032e-05)
(-4.75362383497281e-05,-1.56770266004238e-05,1.36638323933271e-07)
(-439.454011769574,-53.2080575157707,-160984.137571161)
(-68628.9741701013,-2678.22567735491,-322320.781880649)
(0,0,0)
(0,0,0)
(0,0,0)
(0,0,0)
(0,0,0)
(0,0,0)
(-172365.093271729,-38540.8996591585,-1222.33961135484)
(-171581.489389598,-38352.2036920283,-4247.52285806012)
(-168966.085472678,-37551.8855255252,-11888.6057068968)
(-161617.380623555,-35102.1158404978,-29550.0900199022)
(-142321.341887739,-28823.4918650018,-66414.3046568912)
(-95638.7348331384,-16131.5356459143,-126199.337132505)
(-8.18824190430471e-06,-8.62448790715635e-05,-6.3729157349203e-05)
(-8.34356553650151e-05,1.26284382073155e-06,2.3137397829872e-06)
(-323.127784598706,-10195.0601485078,-163604.811709382)
(-73820.2504774603,-14286.9273962266,-319610.294604844)
(0,0,0)
(0,0,0)
(0,0,0)
(0,0,0)
(0,0,0)
(0,0,0)
(-188137.05072729,-108012.081001604,-1065.92354939373)
(-187304.542688923,-107594.457117481,-3471.11197873486)
(-184676.198178361,-106164.829476374,-9338.72201411044)
(-177453.758864524,-101975.228482428,-23073.765259834)
(-158338.227710403,-90380.2167290752,-53517.2492193947)
(-109615.474964589,-60493.2283017775,-109929.288932516)
(-0.000100530010972229,3.99214117351964e-06,6.48556790115557e-06)
(-99.4824327671284,-8448.1996964022,-10111.2497959885)
(-96214.7844363827,-55201.6125612721,-167653.10586086)
(-96748.4805471724,-41559.4153554821,-305304.239032005)
(0,0,0)
(0,0,0)
(0,0,0)
(0,0,0)
(0,0,0)
(0,0,0)
(-183278.041383745,-220871.256188588,-648.368543253716)
(-182630.632657736,-220519.0902682,-1981.79363521084)
(-180666.77110795,-219397.176767417,-4972.99967637059)
(-175304.942316286,-216466.757946098,-11224.1325061296)
(-161064.220483346,-209391.954271845,-23437.0560046889)
(-121635.289452207,-193606.846563696,-49446.6847970882)
(298.938443790318,-157325.661404633,-7940.13856146919)
(-97622.7336933126,-166340.207181777,-56567.135586579)
(-131981.001017253,-152836.963063478,-153781.125097867)
(-103091.514975461,-96572.791374754,-263541.374981184)
(0,0,0)
(0,0,0)
(0,0,0)
(0,0,0)
(0,0,0)
(0,0,0)
(-128349.680304204,-348290.134003341,-265.30596091004)
(-128002.69203216,-348071.054027042,-780.229781928271)
(-127020.0307495,-347368.818880329,-1852.18938493818)
(-124493.084822071,-345669.017172716,-3888.08213342877)
(-118454.806846979,-341997.871602635,-7380.89751183227)
(-105179.827134207,-334903.242306302,-12966.6368510388)
(-82875.7627307658,-322134.685887931,-16648.1542183103)
(-99426.0851716749,-305729.507812068,-42748.7798375915)
(-103696.921213044,-263252.838776018,-97177.2861241784)
(-75485.7753173485,-166382.895601309,-166643.852906133)
(0,0,0)
(0,0,0)
(0,0,0)
(0,0,0)
(0,0,0)
(0,0,0)
(0,0,0)
(0,0,0)
(0,0,0)
(0,0,0)
(0,0,0)
(0,0,0)
(0,0,0)
(0,0,0)
(0,0,0)
(0,0,0)
(0,0,0)
(0,0,0)
(0,0,0)
(0,0,0)
(0,0,0)
(0,0,0)
(0,0,0)
(0,0,0)
(0,0,0)
(0,0,0)
(0,0,0)
(0,0,0)
(0,0,0)
(0,0,0)
(0,0,0)
(0,0,0)
(0,0,0)
(0,0,0)
(0,0,0)
(0,0,0)
(0,0,0)
(0,0,0)
(0,0,0)
(0,0,0)
(0,0,0)
(0,0,0)
(0,0,0)
(0,0,0)
(0,0,0)
(0,0,0)
(0,0,0)
(0,0,0)
(0,0,0)
(0,0,0)
(0,0,0)
(0,0,0)
(0,0,0)
(0,0,0)
(0,0,0)
(0,0,0)
(0,0,0)
(0,0,0)
(0,0,0)
(0,0,0)
(0,0,0)
(0,0,0)
(0,0,0)
(0,0,0)
(0,0,0)
(0,0,0)
(0,0,0)
(0,0,0)
(0,0,0)
(0,0,0)
(0,0,0)
(0,0,0)
(0,0,0)
(0,0,0)
(0,0,0)
(0,0,0)
(0,0,0)
(0,0,0)
(0,0,0)
(0,0,0)
(0,0,0)
(0,0,0)
(0,0,0)
(0,0,0)
(0,0,0)
(0,0,0)
(0,0,0)
(0,0,0)
(0,0,0)
(0,0,0)
(0,0,0)
(0,0,0)
(0,0,0)
(0,0,0)
(0,0,0)
(0,0,0)
(0,0,0)
(0,0,0)
(0,0,0)
(0,0,0)
(0,0,0)
(0,0,0)
(-109673.610746072,2807.14215353209,1729.28666001787)
(-110850.410958294,2591.27033336274,2731.78405743778)
(-113040.40338351,2039.02705631906,2213.65241405525)
(-116077.515161884,1032.76259992017,-1091.96027045941)
(-119669.415179984,-535.0895434194,-9166.76614417975)
(-123301.35920884,-2594.45148939224,-25062.3611929618)
(-125992.879770416,-4076.4715882962,-53448.8581999281)
(-124892.355187342,-1755.07615508398,-100853.721713034)
(-110248.947240341,575.385824979893,-163795.305871234)
(-69194.5127161102,811.787821553731,-218178.928835697)
(0,0,0)
(0,0,0)
(0,0,0)
(0,0,0)
(0,0,0)
(0,0,0)
(-111242.003971713,4940.59250967753,1441.03557433582)
(-112137.223065119,4521.69220814877,2163.51837196155)
(-113696.000324413,3501.51652968839,1263.05703010092)
(-115490.884331634,1569.01605760176,-2564.56527811343)
(-116770.130014145,-1762.0067725957,-11089.1854953662)
(-116613.245533533,-7050.13034294102,-26398.0406255409)
(-114938.800037894,-12790.2616660989,-51019.2177455957)
(-114351.429407912,-2941.54500300884,-98480.6666659016)
(-103731.659904256,4032.65245681624,-163558.052412531)
(-66350.8740047914,3079.71981376667,-218972.593889074)
(0,0,0)
(0,0,0)
(0,0,0)
(0,0,0)
(0,0,0)
(0,0,0)
(-114518.404677964,5460.4554073943,950.060149422084)
(-114920.722583522,4945.98676675527,1088.2921364282)
(-115243.130645013,3694.18386865504,-653.469824315256)
(-114504.186758562,1219.83028622268,-5794.71027209914)
(-110578.262049188,-3508.59275292251,-16178.0908103253)
(-100155.167896601,-13263.8463055308,-31951.0906728813)
(-82322.9266796615,-35951.840758527,-41004.7035381566)
(-83368.232424153,4865.27858240429,-91422.5373379933)
(-87134.8806685902,19562.8307480688,-164485.817430337)
(-59814.8541780932,9236.91339765758,-222033.453683111)
(0,0,0)
(0,0,0)
(0,0,0)
(0,0,0)
(0,0,0)
(0,0,0)
(-119703.184366605,2854.82900717032,372.11792783841)
(-119473.947770905,2432.57381288523,-225.68158903358)
(-118245.563024558,1400.86153302928,-3096.50115138814)
(-114092.649961277,-477.454358314491,-10390.5821075027)
(-102353.666517408,-3360.86483643773,-25716.3851412569)
(-72440.6287550762,-6067.61657367237,-54454.3159389959)
(-2.55113876555682e-05,-5.00828785058221e-06,-3.11796517531576e-06)
(89.2146339733801,100.820379349385,-76621.1719942222)
(-53366.4009369732,76646.7618706655,-174734.779428766)
(-48732.4156467749,19638.7318647195,-231200.113625397)
(0,0,0)
(0,0,0)
(0,0,0)
(0,0,0)
(0,0,0)
(0,0,0)
(-126672.783954305,-5346.11300008242,-126.608257068827)
(-125872.065012387,-5531.89058623911,-1294.99456521263)
(-123262.925555635,-5956.8282595152,-4909.81264592836)
(-116323.250566248,-6511.77323009841,-13091.9333432991)
(-99566.2299107487,-6759.14224461674,-28188.2359769995)
(-63606.5115301081,-5365.54384426532,-48145.5783715889)
(2.63308231426632e-06,-1.36502510153746e-06,-5.13725590199962e-06)
(-5.66303608864885e-05,-2.25072086983017e-06,-1.10138425064612e-05)
(-62.6769604957199,-133.968807618823,-231697.565355168)
(-35870.4758227693,2658.50122545455,-250762.012891254)
(0,0,0)
(0,0,0)
(0,0,0)
(0,0,0)
(0,0,0)
(0,0,0)
(-134486.603029137,-22858.040081976,-411.004286874154)
(-133291.063449967,-22775.2607391335,-1785.64290934394)
(-129807.844343161,-22468.8936641078,-5416.74195863104)
(-121238.997921796,-21438.8909138846,-13131.6361635903)
(-101882.414200767,-18551.0986951794,-26525.3513388957)
(-63102.9137337679,-11838.6604832537,-42482.7815866028)
(-7.77689997234482e-07,-3.1436652747561e-06,-3.84989217590323e-12)
(-3.96077951700583e-05,-2.09969109117794e-06,-8.07947680821403e-06)
(-264.919172848564,100.23618975552,-228834.364958613)
(-33658.4853442176,-7815.63828734269,-253330.714271698)
(0,0,0)
(0,0,0)
(0,0,0)
(0,0,0)
(0,0,0)
(0,0,0)
(-140503.795273001,-54315.2385074076,-404.099573301991)
(-139167.815761787,-54033.8484417317,-1559.18549851944)
(-135423.704017607,-53187.0982852366,-4383.36233245914)
(-126504.509664231,-50856.3340135772,-10078.7901920914)
(-106644.555917413,-44757.9929762563,-19548.6818813378)
(-66637.0826365933,-30035.3030439314,-30353.6915172045)
(-6.15275242586482e-06,-5.93799647891833e-06,-4.56279006358782e-12)
(-7.04718129792493e-05,-3.56752035599128e-06,-1.14960176837427e-05)
(-135.45266127603,-106037.304494745,-236799.635615864)
(-35775.577229964,-37160.7818283202,-245499.165322397)
(0,0,0)
(0,0,0)
(0,0,0)
(0,0,0)
(0,0,0)
(0,0,0)
(-138993.505571784,-103259.82525467,-198.958408244631)
(-137794.644117914,-102964.166272398,-778.539148582446)
(-134495.041119703,-102115.806856142,-2030.98763633633)
(-126726.735097608,-99783.215229677,-3831.13018715063)
(-109212.574802788,-93074.3733448898,-4640.40272613357)
(-71689.0713420222,-72522.2623374582,-79.8470551744856)
(-8.83132105996873e-05,-1.41809938961042e-05,-3.71533116433074e-06)
(-101.319271965327,-105971.769282485,-106011.655298421)
(-49411.1961029792,-90935.0726979929,-167917.475428575)
(-45660.9763858993,-47846.0613743324,-208319.700043836)
(0,0,0)
(0,0,0)
(0,0,0)
(0,0,0)
(0,0,0)
(0,0,0)
(-120540.692968578,-166012.475191976,15.3015221369146)
(-119703.296001525,-165913.473597774,37.2721912941017)
(-117435.024101305,-165725.313755378,415.032083883673)
(-112169.769377416,-165593.307090402,3089.95100573902)
(-100466.014156625,-166677.356452758,16094.7277868831)
(-73662.2378322736,-177017.531578643,72616.9454081303)
(-5.06371354211135,-240439.373762607,-105767.771970634)
(-50553.3411725098,-168046.323415045,-90762.6103588741)
(-64550.4119946553,-124479.830408944,-124648.441670527)
(-46407.9184871163,-68914.7095797275,-160263.389953474)
(0,0,0)
(0,0,0)
(0,0,0)
(0,0,0)
(0,0,0)
(0,0,0)
(-74466.3373232095,-219973.486144214,77.6679712496418)
(-74042.9713733511,-220021.153522854,225.627237519059)
(-72944.0766820206,-220262.871767299,687.231181961427)
(-70508.0412745009,-221067.962950428,2176.84349441752)
(-65516.1503490442,-223369.547997594,5930.37854133129)
(-56130.9932698085,-229503.549092286,9367.5621905736)
(-41683.8171242864,-239096.291111016,-33167.4660675002)
(-47536.3716207326,-206163.499510304,-46940.003523186)
(-46833.0540295954,-159459.565150946,-68824.1359646242)
(-31305.8259697787,-90852.2731211365,-91066.5217707928)
(0,0,0)
(0,0,0)
(0,0,0)
(0,0,0)
(0,0,0)
(0,0,0)
(0,0,0)
(0,0,0)
(0,0,0)
(0,0,0)
(0,0,0)
(0,0,0)
(0,0,0)
(0,0,0)
(0,0,0)
(0,0,0)
(0,0,0)
(0,0,0)
(0,0,0)
(0,0,0)
(0,0,0)
(0,0,0)
(0,0,0)
(0,0,0)
(0,0,0)
(0,0,0)
(0,0,0)
(0,0,0)
(0,0,0)
(0,0,0)
(0,0,0)
(0,0,0)
(0,0,0)
(0,0,0)
(0,0,0)
(0,0,0)
(0,0,0)
(0,0,0)
(0,0,0)
(0,0,0)
(0,0,0)
(0,0,0)
(0,0,0)
(0,0,0)
(0,0,0)
(0,0,0)
(0,0,0)
(0,0,0)
(0,0,0)
(0,0,0)
(0,0,0)
(0,0,0)
(0,0,0)
(0,0,0)
(0,0,0)
(0,0,0)
(0,0,0)
(0,0,0)
(0,0,0)
(0,0,0)
(0,0,0)
(0,0,0)
(0,0,0)
(0,0,0)
(0,0,0)
(0,0,0)
(0,0,0)
(0,0,0)
(0,0,0)
(0,0,0)
(0,0,0)
(0,0,0)
(0,0,0)
(0,0,0)
(0,0,0)
(0,0,0)
(0,0,0)
(0,0,0)
(0,0,0)
(0,0,0)
(0,0,0)
(0,0,0)
(0,0,0)
(0,0,0)
(0,0,0)
(0,0,0)
(0,0,0)
(0,0,0)
(0,0,0)
(0,0,0)
(0,0,0)
(0,0,0)
(0,0,0)
(0,0,0)
(0,0,0)
(0,0,0)
(0,0,0)
(0,0,0)
(0,0,0)
(0,0,0)
(0,0,0)
(0,0,0)
(-111580.178701793,1204.48772672012,702.080228996361)
(-112118.593196138,1229.96664976693,740.295817072116)
(-112975.530744645,1295.82736819682,-620.404189989852)
(-113742.581443655,1535.59603111666,-4490.93393933204)
(-113848.61237869,2286.88415570193,-12598.6208963276)
(-112448.313488283,4062.02908161453,-27513.6956984964)
(-108430.82528214,6985.10624937127,-52060.856436141)
(-99830.218075625,8773.78004675042,-85896.7735946105)
(-80698.7184581246,7043.30001560535,-122490.302392432)
(-46575.3457326635,3631.24841252329,-148740.717788412)
(0,0,0)
(0,0,0)
(0,0,0)
(0,0,0)
(0,0,0)
(0,0,0)
(-112347.68848877,1640.50036224839,669.671881526596)
(-112696.785421281,1695.11134408821,764.089543368746)
(-113136.80878122,1856.0507097934,-355.32534142147)
(-113105.729959011,2458.03048856843,-3662.91417149504)
(-111772.274275881,4358.6946209307,-10732.5803749896)
(-108171.645591516,9377.94261854358,-24490.0938539361)
(-102125.54883966,19858.4410953967,-50176.6798981989)
(-96212.7865367317,28042.1756824282,-87583.7184050673)
(-78989.6442131224,20615.6016447856,-125898.035725388)
(-45895.4075787124,9612.68942082264,-152334.943159767)
(0,0,0)
(0,0,0)
(0,0,0)
(0,0,0)
(0,0,0)
(0,0,0)
(-113875.56810138,341.132893583129,656.530892080021)
(-113878.641822719,432.588192011359,876.973283351927)
(-113475.308381237,700.801504840921,264.40022452607)
(-111773.89080666,1647.13389827501,-1654.99913707972)
(-107100.876454857,4753.21991907567,-5526.91002955653)
(-97013.2445442293,14557.6922150346,-13848.5829784176)
(-81065.1893241082,46605.5127484244,-41853.3919870003)
(-90630.5705833969,88399.0107829755,-94947.8889283057)
(-77920.0305784428,53364.7920402029,-136911.929413865)
(-45489.9844441236,20324.958345269,-161949.068072291)
(0,0,0)
(0,0,0)
(0,0,0)
(0,0,0)
(0,0,0)
(0,0,0)
(-116065.424597902,-3982.79149721484,686.164622095662)
(-115639.442084193,-3838.02374901074,1122.27087640169)
(-114198.73746589,-3498.32969158998,1274.57651416316)
(-110202.875149723,-2570.91463212948,1602.85023301436)
(-100079.726073165,-420.223384349485,4502.35309220304)
(-74713.6300704443,2926.26882521464,18406.7777973934)
(-1.58524823565321e-05,2.54673788324038e-06,-1.03863637028954e-05)
(-105187.652093822,56.0779513057432,-129931.737325017)
(-89983.8178079276,129978.473804449,-169928.002218317)
(-48622.5026835191,32527.5984314877,-182240.555267771)
(0,0,0)
(0,0,0)
(0,0,0)
(0,0,0)
(0,0,0)
(0,0,0)
(-118399.302925111,-12981.4233961938,725.150869782431)
(-117611.51581723,-12782.3322001267,1408.91012574358)
(-115265.711149028,-12332.9089130888,2246.27494063431)
(-109333.783620999,-11247.2087227199,3933.10208597293)
(-95268.3021867686,-8911.30669007812,8126.25766772154)
(-63724.2489590498,-4744.36867293059,15914.6325948097)
(4.57895433747132e-06,3.26353685619671e-08,1.10093369406759e-06)
(-3.92667398346494e-05,1.51187920955535e-06,-1.75553599944897e-05)
(-164156.044734499,-285.574293772556,-267341.800275217)
(-60911.4997488854,4930.34094635788,-214703.518863979)
(0,0,0)
(0,0,0)
(0,0,0)
(0,0,0)
(0,0,0)
(0,0,0)
(-119602.623328291,-28662.1642398736,796.761142832378)
(-118600.284084831,-28443.9638910452,1767.61346861691)
(-115798.925513957,-27905.4261883995,3331.2119147262)
(-109059.728747242,-26540.5240851547,6445.25810260743)
(-93710.5787646085,-23171.5114415804,12533.6274179532)
(-60974.9321219853,-15275.5153316225,20936.792464861)
(3.99230144847184e-07,-2.58084648721559e-07,2.95095733752735e-13)
(-2.81035012754797e-05,3.10203008910235e-06,-1.30944444790296e-05)
(-155232.457121432,315.543116977705,-262028.747723742)
(-61380.4899622306,-9861.23356444089,-219515.168594938)
(0,0,0)
(0,0,0)
(0,0,0)
(0,0,0)
(0,0,0)
(0,0,0)
(-117353.44944785,-52719.5309351501,907.020870129389)
(-116349.327374401,-52570.2802363668,2214.84882806395)
(-113631.660627271,-52162.7393682551,4680.11861758088)
(-107357.959532167,-50971.4131973858,9964.45759774872)
(-93313.0597170092,-47213.028707721,20674.4786634838)
(-62685.9260586418,-35035.2706138323,36483.0773677388)
(-3.35268848386555e-06,-1.54300373220644e-06,-3.45507794050344e-13)
(-3.84110655742907e-05,-6.78322677631549e-06,-2.21754908850482e-05)
(-170398.454358172,-155254.241133448,-272259.104878857)
(-61291.2575398297,-47004.4913765172,-209600.166756917)
(0,0,0)
(0,0,0)
(0,0,0)
(0,0,0)
(0,0,0)
(0,0,0)
(-107834.324388301,-84854.8675607799,976.15544214879)
(-107020.575743336,-84896.4342255184,2528.24105672029)
(-104931.304676385,-85030.518321607,5832.28356675498)
(-100493.50440736,-85191.9232533051,13819.562932426)
(-91337.6423201324,-84289.0564624263,33020.6582044751)
(-70939.6644419135,-74489.0275606936,71725.0082512271)
(-5.16582465512667e-05,-2.71303402289395e-05,-8.29946720788644e-06)
(-125206.021326995,-156398.295152112,-155184.23613945)
(-89814.8541399571,-106059.854020915,-163974.965215016)
(-45495.7757685123,-48587.1081299966,-162557.549078919)
(0,0,0)
(0,0,0)
(0,0,0)
(0,0,0)
(0,0,0)
(0,0,0)
(-86279.5110580339,-119972.188683812,856.139212484623)
(-85776.1333933119,-120293.334415511,2325.87679426513)
(-84589.4313993228,-121257.185745781,5706.95151645363)
(-82599.1041068786,-123907.526031588,14851.8890241953)
(-81197.351786673,-131677.645617459,42971.815809277)
(-92099.7950885677,-159424.591326012,146344.93683089)
(-190190.254109662,-282088.776580858,-156271.923156303)
(-93527.4037271896,-165003.523438135,-104692.632315596)
(-62185.5304063,-106747.203186678,-106370.164738199)
(-33729.2896922944,-53818.5982839921,-113817.30337902)
(0,0,0)
(0,0,0)
(0,0,0)
(0,0,0)
(0,0,0)
(0,0,0)
(-49410.4909007053,-145528.571784633,500.536678317573)
(-49184.7751545735,-145989.429685187,1338.43572921829)
(-48676.4140874276,-147329.180714161,3142.76810300457)
(-47914.8058331711,-150545.379977441,7187.386607531)
(-47552.9623356274,-157815.337008206,15361.8899848574)
(-50701.9957923417,-173332.748113235,23841.0492946129)
(-63531.0038499648,-197391.293441625,-39009.2471189475)
(-46735.3413514029,-158602.475620808,-46211.3252056062)
(-33971.2526615196,-112599.81144805,-53220.5183123052)
(-19029.6844656346,-59558.335570847,-59756.9225295949)
(0,0,0)
(0,0,0)
(0,0,0)
(0,0,0)
(0,0,0)
(0,0,0)
(0,0,0)
(0,0,0)
(0,0,0)
(0,0,0)
(0,0,0)
(0,0,0)
(0,0,0)
(0,0,0)
(0,0,0)
(0,0,0)
(0,0,0)
(0,0,0)
(0,0,0)
(0,0,0)
(0,0,0)
(0,0,0)
(0,0,0)
(0,0,0)
(0,0,0)
(0,0,0)
(0,0,0)
(0,0,0)
(0,0,0)
(0,0,0)
(0,0,0)
(0,0,0)
(0,0,0)
(0,0,0)
(0,0,0)
(0,0,0)
(0,0,0)
(0,0,0)
(0,0,0)
(0,0,0)
(0,0,0)
(0,0,0)
(0,0,0)
(0,0,0)
(0,0,0)
(0,0,0)
(0,0,0)
(0,0,0)
(0,0,0)
(0,0,0)
(0,0,0)
(0,0,0)
(0,0,0)
(0,0,0)
(0,0,0)
(0,0,0)
(0,0,0)
(0,0,0)
(0,0,0)
(0,0,0)
(0,0,0)
(0,0,0)
(0,0,0)
(0,0,0)
(0,0,0)
(0,0,0)
(0,0,0)
(0,0,0)
(0,0,0)
(0,0,0)
(0,0,0)
(0,0,0)
(0,0,0)
(0,0,0)
(0,0,0)
(0,0,0)
(0,0,0)
(0,0,0)
(0,0,0)
(0,0,0)
(0,0,0)
(0,0,0)
(0,0,0)
(0,0,0)
(0,0,0)
(0,0,0)
(0,0,0)
(0,0,0)
(0,0,0)
(0,0,0)
(0,0,0)
(0,0,0)
(0,0,0)
(0,0,0)
(0,0,0)
(0,0,0)
(0,0,0)
(0,0,0)
(0,0,0)
(0,0,0)
(0,0,0)
(0,0,0)
(-112206.636652473,315.019030946146,311.43891973814)
(-112433.933517677,504.500646672881,122.278594604449)
(-112708.399182402,991.652399691368,-1136.50536733422)
(-112581.352069991,2052.2858486479,-4350.02058964843)
(-111463.24166702,4265.8200627108,-11001.2113640274)
(-108374.815977076,8284.21317665035,-23358.9220518888)
(-101756.511408899,13282.1921192477,-43315.4280443771)
(-88989.8740186113,12393.6054045843,-66549.3775059763)
(-67747.8065680708,8729.04055951132,-88229.3299555429)
(-37118.0771546516,4313.67346462569,-102000.271998177)
(0,0,0)
(0,0,0)
(0,0,0)
(0,0,0)
(0,0,0)
(0,0,0)
(-112432.002476558,-59.8216659128854,459.154684646884)
(-112596.333343311,308.868894408963,554.334358942693)
(-112790.566830605,1266.49056215769,-66.7457541381092)
(-112588.494764309,3544.16496483908,-2075.86006503148)
(-111489.636240039,8833.93188230064,-6926.60992046161)
(-108935.100923465,20408.3122387618,-18287.2536506242)
(-103866.385979544,40854.0113036716,-44118.2356951649)
(-91333.4631265486,33594.3281734656,-70198.281874227)
(-69507.543874238,21691.6032470847,-92642.9449006828)
(-37997.4715901287,10046.9379542166,-106274.145378857)
(0,0,0)
(0,0,0)
(0,0,0)
(0,0,0)
(0,0,0)
(0,0,0)
(-112758.149913997,-1934.53669941798,757.29684612193)
(-112815.206281764,-1443.23969815458,1445.96989773084)
(-112819.978943976,-144.176204675185,2201.30722730556)
(-112444.423749598,3136.54301261513,3279.46212246594)
(-111518.09335554,11752.7801547301,4777.83075071917)
(-111042.403029403,36920.6336914316,2294.66778322164)
(-114420.783047055,127756.594977032,-51252.3221671888)
(-100140.437981709,73915.1888229145,-82063.3154183214)
(-75375.7611345497,41375.3319916881,-104291.313606815)
(-40656.0921761322,17231.6903297867,-116309.958250373)
(0,0,0)
(0,0,0)
(0,0,0)
(0,0,0)
(0,0,0)
(0,0,0)
(-112884.317537531,-6284.86354794831,1169.21978816082)
(-112823.238597433,-5785.73856918647,2695.51517243642)
(-112607.409894011,-4533.77646331691,5493.78785920146)
(-111910.869076408,-1659.892930884,11998.2177293801)
(-110924.040838779,4469.02803064525,30126.2846190756)
(-115109.132097155,14126.6721200455,93315.7482171721)
(-169622.751437015,677.06908104363,-104979.595153594)
(-127066.69587522,105375.884189533,-114561.24673882)
(-90613.2036978191,55858.9377048061,-128415.466562039)
(-46593.5560674642,20274.784748529,-133487.507596841)
(0,0,0)
(0,0,0)
(0,0,0)
(0,0,0)
(0,0,0)
(0,0,0)
(-112152.488429539,-14077.0865467469,1545.4085032286)
(-112007.449390474,-13694.2079488722,3849.8114561566)
(-111519.856339962,-12783.2695343432,8353.44971811417)
(-110009.096519089,-10878.3811905846,18247.2508759038)
(-105312.652894502,-7250.21899608361,40010.8486103655)
(-87845.1385530352,-1897.73767091364,80156.1479953081)
(-2.67589658686539e-05,1.04106314044995e-05,2.41473804904659e-05)
(-168091.09864307,74.1377267140216,-163989.267921511)
(-117007.667274332,8692.65714611784,-163971.364822984)
(-55392.6251863895,4497.21402020258,-153712.668657152)
(0,0,0)
(0,0,0)
(0,0,0)
(0,0,0)
(0,0,0)
(0,0,0)
(-109274.685036246,-26214.3595185352,1809.33467974554)
(-109098.015541014,-26030.6411448978,4643.49933195354)
(-108540.810584502,-25621.7795030862,10223.8943712418)
(-106929.752065154,-24764.9917841983,21980.5282827648)
(-101772.288442392,-22708.7904152689,45500.8093797335)
(-82655.4350476869,-16913.9719439121,82197.5465784295)
(-2.23613779066069e-05,1.92490880108457e-05,1.71234316156934e-05)
(-158042.792982414,295.236666234568,-155325.711194877)
(-118957.144188844,-14767.0779677784,-168141.289013576)
(-57120.9776771478,-9749.42966758228,-158154.157610874)
(0,0,0)
(0,0,0)
(0,0,0)
(0,0,0)
(0,0,0)
(0,0,0)
(-102452.338540066,-43029.6610806848,1914.19065436541)
(-102336.915720361,-43112.0127295589,4983.15058498566)
(-101987.840963398,-43383.0834305178,11100.6348485475)
(-101085.605930306,-44084.9157704359,24148.2052329204)
(-98088.4548347506,-45225.6274116091,51440.437347001)
(-84227.3511720111,-43268.2443001783,99336.1348166426)
(-3.07885096511239e-05,2.85074269719816e-05,2.20619340449492e-05)
(-174330.23012913,-125273.430788992,-170454.877639099)
(-117807.348459924,-74684.9196775768,-163128.141827549)
(-54584.9394922861,-31227.3757228279,-148356.513819846)
(0,0,0)
(0,0,0)
(0,0,0)
(0,0,0)
(0,0,0)
(0,0,0)
(-89398.285150324,-63248.2536239204,1782.55330525465)
(-89374.5097255187,-63611.8930751472,4636.36763302735)
(-89404.5157442718,-64666.5980814407,10393.0933518337)
(-89927.3741610089,-67326.9878520536,23069.0351871002)
(-92799.8530900081,-74177.9794413194,53483.59798669)
(-107836.176664663,-95634.9492377002,142746.815146967)
(-194652.226904421,-190170.400610926,-125129.677241909)
(-131108.412491542,-124742.531948676,-119758.184917669)
(-86208.7870822828,-78455.5415521448,-119593.63010077)
(-42374.2999182604,-36859.6170442372,-117082.864629623)
(0,0,0)
(0,0,0)
(0,0,0)
(0,0,0)
(0,0,0)
(0,0,0)
(-67812.4885815835,-83077.3843320507,1362.10823168066)
(-67863.5615404529,-83685.1109049247,3522.75420860119)
(-68125.3615162737,-85358.0828329603,7750.1690770751)
(-69208.6565310874,-89249.1525136019,16281.8861628348)
(-73127.0088743414,-98067.0336471702,32100.5974563532)
(-85926.9881132388,-118035.710917562,48328.552160885)
(-116985.760470966,-155477.761713312,-59568.5803754249)
(-86218.0965098577,-118281.937890565,-73338.4816508755)
(-57519.2443769079,-78583.7846590093,-77876.5245734015)
(-29184.3653001915,-39163.7561293742,-80117.3098803644)
(0,0,0)
(0,0,0)
(0,0,0)
(0,0,0)
(0,0,0)
(0,0,0)
(-37108.9261285353,-96105.5241447218,726.575040504002)
(-37169.4948144036,-96823.4763361082,1849.66013151578)
(-37377.3829208537,-98731.2372618273,3923.78339380728)
(-38049.9766935784,-102724.585091903,7534.38683251915)
(-40014.9140123763,-110313.956982206,12243.2618443058)
(-44869.8478437033,-122685.664181756,11061.0671598599)
(-51825.283221957,-133936.666185065,-22185.7489964034)
(-41802.4650679823,-111954.080152825,-33446.4830175645)
(-29050.4545229095,-78693.4826679142,-38257.5831472683)
(-15096.3009026149,-40598.2365444398,-40756.486295224)
(0,0,0)
(0,0,0)
(0,0,0)
(0,0,0)
(0,0,0)
(0,0,0)
(0,0,0)
(0,0,0)
(0,0,0)
(0,0,0)
(0,0,0)
(0,0,0)
(0,0,0)
(0,0,0)
(0,0,0)
(0,0,0)
(0,0,0)
(0,0,0)
(0,0,0)
(0,0,0)
(0,0,0)
(0,0,0)
(0,0,0)
(0,0,0)
(0,0,0)
(0,0,0)
(0,0,0)
(0,0,0)
(0,0,0)
(0,0,0)
(0,0,0)
(0,0,0)
(0,0,0)
(0,0,0)
(0,0,0)
(0,0,0)
(0,0,0)
(0,0,0)
(0,0,0)
(0,0,0)
(0,0,0)
(0,0,0)
(0,0,0)
(0,0,0)
(0,0,0)
(0,0,0)
(0,0,0)
(0,0,0)
(0,0,0)
(0,0,0)
(0,0,0)
(0,0,0)
(0,0,0)
(0,0,0)
(0,0,0)
(0,0,0)
(0,0,0)
(0,0,0)
(0,0,0)
(0,0,0)
(0,0,0)
(0,0,0)
(0,0,0)
(0,0,0)
(0,0,0)
(0,0,0)
(0,0,0)
(0,0,0)
(0,0,0)
(0,0,0)
(0,0,0)
(0,0,0)
(0,0,0)
(0,0,0)
(0,0,0)
(0,0,0)
(0,0,0)
(0,0,0)
(0,0,0)
(0,0,0)
(0,0,0)
(0,0,0)
(0,0,0)
(0,0,0)
(0,0,0)
(0,0,0)
(0,0,0)
(0,0,0)
(0,0,0)
(0,0,0)
(0,0,0)
(0,0,0)
(0,0,0)
(0,0,0)
(0,0,0)
(0,0,0)
(0,0,0)
(0,0,0)
(0,0,0)
(0,0,0)
(0,0,0)
(0,0,0)
(-112347.773017795,-48.7149790976936,189.85134441484)
(-112484.122326304,197.928470031563,42.111683011876)
(-112608.342545005,775.301673418134,-833.246627798318)
(-112299.338628341,1948.84785767666,-3064.10792712802)
(-110904.789700821,4174.07861636261,-7796.63850969201)
(-107201.672538655,7706.87004705399,-16676.6519951641)
(-99213.5269284238,11210.8317977217,-30430.4682733598)
(-84445.043840784,10098.0687387658,-45073.3671899491)
(-62229.0480162729,6953.99786016653,-57546.1236019173)
(-33200.729462328,3424.18193393032,-64887.6532281691)
(0,0,0)
(0,0,0)
(0,0,0)
(0,0,0)
(0,0,0)
(0,0,0)
(-112266.380356613,-590.101363910459,375.764264868279)
(-112456.368661151,-131.055465272649,564.783518009769)
(-112789.196208994,993.032100373351,345.682469443394)
(-112984.164317756,3486.70585052618,-796.505969956389)
(-112591.706717424,8694.02779557947,-4214.38467178879)
(-110635.522825024,18291.4734565112,-13098.5661796882)
(-104635.029220895,30340.8640540042,-31459.9551946171)
(-89314.8671927652,24822.3637093091,-48202.8460989446)
(-65505.7395167056,15817.3825038684,-61068.0351001828)
(-34772.0921964554,7396.28819590445,-68265.5207558333)
(0,0,0)
(0,0,0)
(0,0,0)
(0,0,0)
(0,0,0)
(0,0,0)
(-111893.824046789,-2203.77093551875,749.343704398106)
(-112216.059601797,-1606.44875356137,1625.59031271879)
(-112938.517450794,-79.893478547198,2817.05439845717)
(-114163.002856649,3579.09556921986,4443.24378681365)
(-116200.632500815,12348.9354608021,5470.87526686503)
(-119311.177942316,32947.3522865031,-916.228650213544)
(-120833.443875263,72705.9294530353,-36868.6332210358)
(-102100.312605256,47085.5897111762,-57171.9845993638)
(-73429.5194319667,26182.0860567208,-69482.9298547933)
(-38393.7582311841,11287.0420036158,-75636.0176074524)
(0,0,0)
(0,0,0)
(0,0,0)
(0,0,0)
(0,0,0)
(0,0,0)
(-110823.588664632,-5523.61033231372,1259.11052389636)
(-111317.300043459,-4942.82527006484,3089.54848642566)
(-112609.234320338,-3451.14313781697,6462.62257202087)
(-115380.693164325,236.158156271524,13275.3840728915)
(-121620.398021935,10120.9394278999,26199.7372889506)
(-136487.54965688,41526.8050944109,38998.7020407656)
(-166241.002716532,170740.102020978,-62417.2192476522)
(-128817.650768439,64465.4780897512,-78046.1527330029)
(-87599.3135319427,29485.0591667829,-84363.0160089417)
(-44278.3338651742,11477.7250149109,-86868.921222529)
(0,0,0)
(0,0,0)
(0,0,0)
(0,0,0)
(0,0,0)
(0,0,0)
(-108315.360273332,-11091.8441869939,1731.10569847213)
(-108993.805022525,-10706.5999144178,4481.2359748766)
(-110798.570079575,-9791.33211622904,10100.1386929051)
(-115064.644003233,-7807.94063480549,23199.7849681261)
(-126029.029292186,-3699.1288618024,57736.229655515)
(-160249.376593057,3290.99220673728,168376.280583216)
(-296038.223556947,-211.127100796707,-168574.259739819)
(-169367.453932306,10136.5611663735,-112968.987527201)
(-104870.238348812,6749.18629219266,-102370.543578132)
(-50733.8987041461,2781.65011693021,-98333.1951623984)
(0,0,0)
(0,0,0)
(0,0,0)
(0,0,0)
(0,0,0)
(0,0,0)
(-103143.354269526,-19233.0654948179,2009.89054110727)
(-103957.277926054,-19132.9068815588,5295.45989328964)
(-106081.247015237,-18998.448450484,12043.0126582789)
(-111136.020041565,-18917.4509210092,27358.7909208914)
(-123872.756612492,-19039.8082539246,64799.9384831112)
(-161055.037602252,-18456.2053553417,164946.738599762)
(-289490.514677597,280.103715196199,-158188.443140817)
(-173947.313713398,-15852.3014529913,-116295.059790464)
(-108578.806659475,-13592.4780994035,-106331.732928232)
(-52361.2730628189,-7217.11729729823,-101092.670128327)
(0,0,0)
(0,0,0)
(0,0,0)
(0,0,0)
(0,0,0)
(0,0,0)
(-93936.6911860825,-29796.9811969956,2048.26834819446)
(-94800.0315382846,-30010.4412668169,5388.91855137862)
(-97020.9048488054,-30728.0013681743,12151.5353544774)
(-102233.226046024,-32923.3834114514,27305.0879606409)
(-115303.898969953,-39971.2929757583,65452.0168176752)
(-154060.422794341,-66916.8887810412,183745.77186571)
(-301113.578162935,-194712.555660164,-174328.096338329)
(-168504.682523553,-82046.732299225,-113959.213097682)
(-102328.90086616,-43101.9159374974,-99928.222853349)
(-48857.7319875921,-19032.8709489241,-93839.6767064182)
(0,0,0)
(0,0,0)
(0,0,0)
(0,0,0)
(0,0,0)
(0,0,0)
(-79335.000781579,-41655.3387380349,1795.07317229484)
(-80100.5820824884,-42103.362576055,4614.06683850204)
(-82069.163939849,-43415.9394797445,9966.65314565092)
(-86503.2183799735,-46675.2215182213,20294.3354713845)
(-96414.9090358708,-54591.4055583182,38529.5039998052)
(-118465.435309567,-73780.0316792348,56021.9055429048)
(-159221.780583724,-112552.483144499,-61568.6132934586)
(-119931.788999972,-79903.2053629499,-74888.7637213082)
(-78597.940616592,-49813.1420216076,-75788.3841028922)
(-38727.9864567685,-23701.91833046,-74765.6501828395)
(0,0,0)
(0,0,0)
(0,0,0)
(0,0,0)
(0,0,0)
(0,0,0)
(-58315.2610404807,-52448.2860808701,1295.71980173463)
(-58879.8015079904,-53045.0900451414,3253.68723835862)
(-60317.8555442878,-54683.8294864178,6714.07127304497)
(-63395.138179097,-58182.7879688441,12408.1193716762)
(-69592.0652067823,-65066.5626534871,19348.3327992845)
(-80624.6685791079,-77063.8763261012,17329.8579120186)
(-92988.2416760998,-90427.8970561109,-28792.2469712391)
(-76241.8025225491,-74007.052342181,-44664.693979314)
(-52189.3694004756,-50233.6042727113,-49574.1067046379)
(-26348.0812203362,-25131.0720747919,-50981.2370401623)
(0,0,0)
(0,0,0)
(0,0,0)
(0,0,0)
(0,0,0)
(0,0,0)
(-31125.3733369464,-59095.9634531189,664.124580660084)
(-31432.5604742367,-59760.6265136169,1642.7267089676)
(-32181.4907660814,-61505.8736753046,3268.87874308338)
(-33689.1964023813,-64849.8525186925,5575.16300173273)
(-36473.9654644286,-70455.4159159889,7423.06771628472)
(-40658.2585325394,-77976.4733279116,4124.07540692996)
(-43643.538032968,-82301.9613885899,-12183.60544958)
(-36925.4517315962,-70337.6386369269,-20730.0324912191)
(-25928.2181450435,-49766.8649333388,-24319.0082084583)
(-13301.2362696857,-25559.2112325624,-25685.9336836162)
(0,0,0)
(0,0,0)
(0,0,0)
(0,0,0)
(0,0,0)
(0,0,0)
(0,0,0)
(0,0,0)
(0,0,0)
(0,0,0)
(0,0,0)
(0,0,0)
(0,0,0)
(0,0,0)
(0,0,0)
(0,0,0)
(0,0,0)
(0,0,0)
(0,0,0)
(0,0,0)
(0,0,0)
(0,0,0)
(0,0,0)
(0,0,0)
(0,0,0)
(0,0,0)
(0,0,0)
(0,0,0)
(0,0,0)
(0,0,0)
(0,0,0)
(0,0,0)
(0,0,0)
(0,0,0)
(0,0,0)
(0,0,0)
(0,0,0)
(0,0,0)
(0,0,0)
(0,0,0)
(0,0,0)
(0,0,0)
(0,0,0)
(0,0,0)
(0,0,0)
(0,0,0)
(0,0,0)
(0,0,0)
(0,0,0)
(0,0,0)
(0,0,0)
(0,0,0)
(0,0,0)
(0,0,0)
(0,0,0)
(0,0,0)
(0,0,0)
(0,0,0)
(0,0,0)
(0,0,0)
(0,0,0)
(0,0,0)
(0,0,0)
(0,0,0)
(0,0,0)
(0,0,0)
(0,0,0)
(0,0,0)
(0,0,0)
(0,0,0)
(0,0,0)
(0,0,0)
(0,0,0)
(0,0,0)
(0,0,0)
(0,0,0)
(0,0,0)
(0,0,0)
(0,0,0)
(0,0,0)
(0,0,0)
(0,0,0)
(0,0,0)
(0,0,0)
(0,0,0)
(0,0,0)
(0,0,0)
(0,0,0)
(0,0,0)
(0,0,0)
(0,0,0)
(0,0,0)
(0,0,0)
(0,0,0)
(0,0,0)
(0,0,0)
(0,0,0)
(0,0,0)
(0,0,0)
(0,0,0)
(0,0,0)
(0,0,0)
(-112352.84744167,-105.695416221419,110.769840096505)
(-112453.477096573,46.6273297273303,33.4972806395366)
(-112551.438601437,412.383700410523,-435.790363337714)
(-112293.149120179,1134.40086728026,-1576.3807387794)
(-110862.518761348,2407.71654420437,-4026.36822245409)
(-106811.267973988,4239.34608059526,-8656.11886771668)
(-98096.3362174848,5803.3531060498,-15576.6626847083)
(-82610.4604789011,5255.64190262796,-22666.8879492181)
(-60101.0789957172,3638.18088103265,-28433.0378508059)
(-31728.8149982666,1806.01762913615,-31710.9699440057)
(0,0,0)
(0,0,0)
(0,0,0)
(0,0,0)
(0,0,0)
(0,0,0)
(-112128.475154863,-473.849792702638,230.249174730089)
(-112364.600941465,-182.837277199884,367.946061969479)
(-112826.210834203,525.751819944471,291.592567646027)
(-113316.310070283,2027.82796311333,-269.688775662809)
(-113210.657986636,4913.31883254645,-2156.33979479159)
(-111065.965947311,9559.11115931947,-7045.66175122765)
(-103967.983256523,14166.7687329119,-16076.1233424627)
(-87930.4715434634,12073.4542736691,-24278.331362803)
(-63741.9345158082,7876.73936580001,-30280.6948484633)
(-33498.4375842541,3753.73516902394,-33502.0670005489)
(0,0,0)
(0,0,0)
(0,0,0)
(0,0,0)
(0,0,0)
(0,0,0)
(-111459.337583269,-1378.90127438219,470.565018160538)
(-111972.646940295,-992.910924276174,1037.22600373672)
(-113131.7865163,-30.0801389199791,1786.32702810747)
(-115126.8808305,2140.43555791009,2637.59740716381)
(-117981.045772984,6806.47006630235,2524.85944557984)
(-120598.669670358,15737.860394074,-2366.39806113157)
(-118228.279838205,27320.9036932073,-18125.6970584841)
(-100081.026584748,20397.9100191279,-28469.4388244496)
(-71605.8055308567,12011.8297483687,-34428.2431081329)
(-37184.4728120221,5362.91886729385,-37246.7122255631)
(0,0,0)
(0,0,0)
(0,0,0)
(0,0,0)
(0,0,0)
(0,0,0)
(-109868.30552521,-3124.59271467581,790.408300872116)
(-110695.986374768,-2759.28452604434,1935.46823394776)
(-112806.469283418,-1828.17020129571,3930.79325940547)
(-117014.511550797,374.250105087464,7330.79709869956)
(-124598.661673797,5581.94533812931,11533.5854787373)
(-136248.306887983,17713.9776794052,9318.2254245085)
(-145569.294624982,40992.0337440734,-25024.612717911)
(-120515.968231016,23929.8936982614,-36858.2789344679)
(-83604.7150329595,12245.9089649838,-41086.9566500685)
(-42477.5626137248,5044.90376845238,-42569.7128026748)
(0,0,0)
(0,0,0)
(0,0,0)
(0,0,0)
(0,0,0)
(0,0,0)
(-106531.624421425,-5994.51513094564,1086.18656436324)
(-107700.905455979,-5760.28155575133,2794.28402752358)
(-110696.425517559,-5208.9751138943,6072.944378105)
(-117099.160368652,-4045.11973612943,12526.8305847393)
(-129927.846074592,-1714.60078296309,23722.1934882368)
(-153812.052749108,2327.93131696346,32670.9160067272)
(-186528.075985728,6207.63656024256,-42054.8343806678)
(-144445.251015333,5487.53803995547,-48534.681639328)
(-95905.3955729131,3035.42594756524,-48289.0413978132)
(-47570.9566206635,1182.21655233051,-47589.2962651718)
(0,0,0)
(0,0,0)
(0,0,0)
(0,0,0)
(0,0,0)
(0,0,0)
(-100307.676794912,-10082.0245780499,1251.83197248617)
(-101714.15141969,-10033.5111189137,3281.93502928406)
(-105221.157605956,-9998.36592171706,7211.23642782535)
(-112746.98843099,-10111.0331440723,14888.1182251927)
(-127921.432366803,-10598.6288874811,27820.822084024)
(-155903.146047694,-11594.8202340133,36591.6820804387)
(-192573.228679352,-11392.4230556038,-42725.5443019468)
(-149847.431952121,-10418.6716284849,-50919.2163947804)
(-98974.9458344354,-7365.7463970612,-50121.9048751977)
(-48811.3873556704,-3732.78855667269,-48756.7854733463)
(0,0,0)
(0,0,0)
(0,0,0)
(0,0,0)
(0,0,0)
(0,0,0)
(-90108.3122166994,-15170.2299076075,1259.82636017461)
(-91528.1976521598,-15324.0413164469,3278.52267158335)
(-95025.2190848953,-15826.99792307,7111.46890902376)
(-102406.408085011,-17282.2355404899,14455.8533444291)
(-117117.033266328,-21210.6262063877,26880.984959711)
(-144128.229018888,-31466.6735658256,36820.6445160664)
(-181046.171963977,-52924.8759182894,-41714.3088201864)
(-139355.904783185,-33512.2335136442,-47769.5246754002)
(-91594.9851651411,-19410.1288524076,-46459.0579210693)
(-45087.8988665534,-8933.99035955123,-45027.6892392299)
(0,0,0)
(0,0,0)
(0,0,0)
(0,0,0)
(0,0,0)
(0,0,0)
(-74933.1825262353,-20653.1994833375,1081.15132038651)
(-76133.1177973644,-20947.3315345029,2736.97725331844)
(-79057.481584238,-21782.2216687589,5680.51864339664)
(-84940.9506093552,-23739.5215600933,10575.5368923828)
(-95700.2161188769,-27996.0818468203,16646.2996158229)
(-112482.638285044,-36185.8552858981,15382.6843113702)
(-127964.407233315,-46541.1606646618,-22258.4042926625)
(-105745.849657046,-36378.5113843508,-33578.0657648747)
(-72127.7332254296,-23518.1767532665,-35940.2252551818)
(-36132.9299600101,-11392.2544200413,-36077.0176914495)
(0,0,0)
(0,0,0)
(0,0,0)
(0,0,0)
(0,0,0)
(0,0,0)
(-54300.8271807721,-25432.879767915,765.246424867562)
(-55141.5540261691,-25803.5250399661,1883.19244850968)
(-57165.2467705078,-26784.2934158573,3732.65542182794)
(-61010.7536834506,-28737.7526829584,6346.50204904638)
(-67444.1982980549,-32248.6951746204,8451.2484681185)
(-76003.3609737551,-37399.6882335558,5043.77381042187)
(-81107.3048456369,-41350.4626382583,-12027.8610464464)
(-69110.976552838,-34913.2436355229,-20623.9547649878)
(-48450.248540709,-24143.7296421952,-23737.5227358281)
(-24671.6962481913,-12175.4383932292,-24630.7237347856)
(0,0,0)
(0,0,0)
(0,0,0)
(0,0,0)
(0,0,0)
(0,0,0)
(-28662.5160847984,-28286.6006278255,390.863607761837)
(-29096.0890483054,-28687.521700726,938.388842590727)
(-30115.6098317786,-29701.256784708,1789.47127713841)
(-31961.4417207885,-31518.1615543794,2842.125466967)
(-34836.5261376917,-34352.8368990763,3308.82786468618)
(-38202.9840063979,-37700.737746858,1154.60285184852)
(-39376.9392406752,-38983.5951456093,-5478.86343309344)
(-33920.6353968333,-33648.1620239342,-9748.76137944574)
(-24148.2207918565,-23992.6268114764,-11679.8615633508)
(-12433.6712095452,-12348.6701308136,-12374.1948859072)
(0,0,0)
(0,0,0)
(0,0,0)
(0,0,0)
(0,0,0)
(0,0,0)
(0,0,0)
(0,0,0)
(0,0,0)
(0,0,0)
(0,0,0)
(0,0,0)
(0,0,0)
(0,0,0)
(0,0,0)
(0,0,0)
(0,0,0)
(0,0,0)
(0,0,0)
(0,0,0)
(0,0,0)
(0,0,0)
(0,0,0)
(0,0,0)
(0,0,0)
(0,0,0)
(0,0,0)
(0,0,0)
(0,0,0)
(0,0,0)
(0,0,0)
(0,0,0)
(0,0,0)
(0,0,0)
(0,0,0)
(0,0,0)
(0,0,0)
(0,0,0)
(0,0,0)
(0,0,0)
(0,0,0)
(0,0,0)
(0,0,0)
(0,0,0)
(0,0,0)
(0,0,0)
(0,0,0)
(0,0,0)
(0,0,0)
(0,0,0)
(0,0,0)
(0,0,0)
(0,0,0)
(0,0,0)
(0,0,0)
(0,0,0)
(0,0,0)
(0,0,0)
(0,0,0)
(0,0,0)
(0,0,0)
(0,0,0)
(0,0,0)
(0,0,0)
(0,0,0)
(0,0,0)
(0,0,0)
(0,0,0)
(0,0,0)
(0,0,0)
(0,0,0)
(0,0,0)
(0,0,0)
(0,0,0)
(0,0,0)
(0,0,0)
(0,0,0)
(0,0,0)
(0,0,0)
(0,0,0)
(0,0,0)
(0,0,0)
(0,0,0)
(0,0,0)
(0,0,0)
(0,0,0)
(0,0,0)
(0,0,0)
(0,0,0)
(0,0,0)
(0,0,0)
(0,0,0)
(0,0,0)
(0,0,0)
(0,0,0)
(0,0,0)
(0,0,0)
(0,0,0)
(0,0,0)
(0,0,0)
(0,0,0)
(0,0,0)
(0,0,0)
(0,0,0)
(0,0,0)
(0,0,0)
(0,0,0)
(0,0,0)
(0,0,0)
(0,0,0)
(0,0,0)
(0,0,0)
(0,0,0)
(0,0,0)
(0,0,0)
(0,0,0)
(0,0,0)
(0,0,0)
(0,0,0)
(0,0,0)
(0,0,0)
(0,0,0)
(0,0,0)
(0,0,0)
(0,0,0)
(0,0,0)
(0,0,0)
(0,0,0)
(0,0,0)
(0,0,0)
(0,0,0)
(0,0,0)
(0,0,0)
(0,0,0)
(0,0,0)
(0,0,0)
(0,0,0)
(0,0,0)
(0,0,0)
(0,0,0)
(0,0,0)
(0,0,0)
(0,0,0)
(0,0,0)
(0,0,0)
(0,0,0)
(0,0,0)
(0,0,0)
(0,0,0)
(0,0,0)
(0,0,0)
(0,0,0)
(0,0,0)
(0,0,0)
(0,0,0)
(0,0,0)
(0,0,0)
(0,0,0)
(0,0,0)
(0,0,0)
(0,0,0)
(0,0,0)
(0,0,0)
(0,0,0)
(0,0,0)
(0,0,0)
(0,0,0)
(0,0,0)
(0,0,0)
(0,0,0)
(0,0,0)
(0,0,0)
(0,0,0)
(0,0,0)
(0,0,0)
(0,0,0)
(0,0,0)
(0,0,0)
(0,0,0)
(0,0,0)
(0,0,0)
(0,0,0)
(0,0,0)
(0,0,0)
(0,0,0)
(0,0,0)
(0,0,0)
(0,0,0)
(0,0,0)
(0,0,0)
(0,0,0)
(0,0,0)
(0,0,0)
(0,0,0)
(0,0,0)
(0,0,0)
(0,0,0)
(0,0,0)
(0,0,0)
(0,0,0)
(0,0,0)
(0,0,0)
(0,0,0)
(0,0,0)
(0,0,0)
(0,0,0)
(0,0,0)
(0,0,0)
(0,0,0)
(0,0,0)
(0,0,0)
(0,0,0)
(0,0,0)
(0,0,0)
(0,0,0)
(0,0,0)
(0,0,0)
(0,0,0)
(0,0,0)
(0,0,0)
(0,0,0)
(0,0,0)
(0,0,0)
(0,0,0)
(0,0,0)
(0,0,0)
(0,0,0)
(0,0,0)
(0,0,0)
(0,0,0)
(0,0,0)
(0,0,0)
(0,0,0)
(0,0,0)
(0,0,0)
(0,0,0)
(0,0,0)
(0,0,0)
(0,0,0)
(0,0,0)
(0,0,0)
(0,0,0)
(0,0,0)
(0,0,0)
(0,0,0)
(0,0,0)
(0,0,0)
(0,0,0)
(0,0,0)
(0,0,0)
(0,0,0)
(0,0,0)
(0,0,0)
(0,0,0)
(0,0,0)
(0,0,0)
(0,0,0)
(0,0,0)
(0,0,0)
(0,0,0)
(0,0,0)
(0,0,0)
(0,0,0)
(0,0,0)
(0,0,0)
(0,0,0)
(0,0,0)
(0,0,0)
(0,0,0)
(0,0,0)
(0,0,0)
(0,0,0)
(0,0,0)
(0,0,0)
(0,0,0)
(0,0,0)
(0,0,0)
(0,0,0)
(0,0,0)
(0,0,0)
(0,0,0)
(0,0,0)
(0,0,0)
(0,0,0)
(0,0,0)
(0,0,0)
(0,0,0)
(0,0,0)
(0,0,0)
(0,0,0)
(0,0,0)
(0,0,0)
(0,0,0)
(0,0,0)
(0,0,0)
(0,0,0)
(0,0,0)
(0,0,0)
(0,0,0)
(0,0,0)
(0,0,0)
(0,0,0)
(0,0,0)
(0,0,0)
(0,0,0)
(0,0,0)
(0,0,0)
(0,0,0)
(0,0,0)
(0,0,0)
(0,0,0)
(0,0,0)
(0,0,0)
(0,0,0)
(0,0,0)
(0,0,0)
(0,0,0)
(0,0,0)
(0,0,0)
(0,0,0)
(0,0,0)
(0,0,0)
(0,0,0)
(0,0,0)
(0,0,0)
(0,0,0)
(0,0,0)
(0,0,0)
(0,0,0)
(0,0,0)
(0,0,0)
(0,0,0)
(0,0,0)
(0,0,0)
(0,0,0)
(0,0,0)
(0,0,0)
(0,0,0)
(0,0,0)
(0,0,0)
(0,0,0)
(0,0,0)
(0,0,0)
(0,0,0)
(0,0,0)
(0,0,0)
(0,0,0)
(0,0,0)
(0,0,0)
(0,0,0)
(0,0,0)
(0,0,0)
(0,0,0)
(0,0,0)
(0,0,0)
(0,0,0)
(0,0,0)
(0,0,0)
(0,0,0)
(0,0,0)
(0,0,0)
(0,0,0)
(0,0,0)
(0,0,0)
(0,0,0)
(0,0,0)
(0,0,0)
(0,0,0)
(0,0,0)
(0,0,0)
(0,0,0)
(0,0,0)
(0,0,0)
(0,0,0)
(0,0,0)
(0,0,0)
(0,0,0)
(0,0,0)
(0,0,0)
(0,0,0)
(0,0,0)
(0,0,0)
(0,0,0)
(0,0,0)
(0,0,0)
(0,0,0)
(0,0,0)
(0,0,0)
(0,0,0)
(0,0,0)
(0,0,0)
(0,0,0)
(0,0,0)
(0,0,0)
(0,0,0)
(0,0,0)
(0,0,0)
(0,0,0)
(0,0,0)
(0,0,0)
(0,0,0)
(0,0,0)
(0,0,0)
(0,0,0)
(0,0,0)
(0,0,0)
(0,0,0)
(0,0,0)
(0,0,0)
(0,0,0)
(0,0,0)
(0,0,0)
(0,0,0)
(0,0,0)
(0,0,0)
(0,0,0)
(0,0,0)
(0,0,0)
(0,0,0)
(0,0,0)
(0,0,0)
(0,0,0)
(0,0,0)
(0,0,0)
(0,0,0)
(0,0,0)
(0,0,0)
(0,0,0)
(0,0,0)
(0,0,0)
(0,0,0)
(0,0,0)
(0,0,0)
(0,0,0)
(0,0,0)
(0,0,0)
(0,0,0)
(0,0,0)
(0,0,0)
(0,0,0)
(0,0,0)
(0,0,0)
(0,0,0)
(0,0,0)
(0,0,0)
(0,0,0)
(0,0,0)
(0,0,0)
(0,0,0)
(0,0,0)
(0,0,0)
(0,0,0)
(0,0,0)
(0,0,0)
(0,0,0)
(0,0,0)
(0,0,0)
(0,0,0)
(0,0,0)
(0,0,0)
(0,0,0)
(0,0,0)
(0,0,0)
(0,0,0)
(0,0,0)
(0,0,0)
(0,0,0)
(0,0,0)
(0,0,0)
(0,0,0)
(0,0,0)
(0,0,0)
(0,0,0)
(0,0,0)
(0,0,0)
(0,0,0)
(0,0,0)
(0,0,0)
(0,0,0)
(0,0,0)
(0,0,0)
(0,0,0)
(0,0,0)
(0,0,0)
(0,0,0)
(0,0,0)
(0,0,0)
(0,0,0)
(0,0,0)
(0,0,0)
(0,0,0)
(0,0,0)
(0,0,0)
(0,0,0)
(0,0,0)
(0,0,0)
(0,0,0)
(0,0,0)
(0,0,0)
(0,0,0)
(0,0,0)
(0,0,0)
(0,0,0)
(0,0,0)
(0,0,0)
(0,0,0)
(0,0,0)
(0,0,0)
(0,0,0)
(0,0,0)
(0,0,0)
(0,0,0)
(0,0,0)
(0,0,0)
(0,0,0)
(0,0,0)
(0,0,0)
(0,0,0)
(0,0,0)
(0,0,0)
(0,0,0)
(0,0,0)
(0,0,0)
(0,0,0)
(0,0,0)
(0,0,0)
(0,0,0)
(0,0,0)
(0,0,0)
(0,0,0)
(0,0,0)
(0,0,0)
(0,0,0)
(0,0,0)
(0,0,0)
(0,0,0)
(0,0,0)
(0,0,0)
(0,0,0)
(0,0,0)
(0,0,0)
(0,0,0)
(0,0,0)
(0,0,0)
(0,0,0)
(0,0,0)
(0,0,0)
(0,0,0)
(0,0,0)
(0,0,0)
(0,0,0)
(0,0,0)
(0,0,0)
(0,0,0)
(0,0,0)
(0,0,0)
(0,0,0)
(0,0,0)
(0,0,0)
(0,0,0)
(0,0,0)
(0,0,0)
(0,0,0)
(0,0,0)
(0,0,0)
(0,0,0)
(0,0,0)
(0,0,0)
(0,0,0)
(0,0,0)
(0,0,0)
(0,0,0)
(0,0,0)
(0,0,0)
(0,0,0)
(0,0,0)
(0,0,0)
(0,0,0)
(0,0,0)
(0,0,0)
(0,0,0)
(0,0,0)
(0,0,0)
(0,0,0)
(0,0,0)
(0,0,0)
(0,0,0)
(0,0,0)
(0,0,0)
(0,0,0)
(0,0,0)
(0,0,0)
(0,0,0)
(0,0,0)
(0,0,0)
(0,0,0)
(0,0,0)
(0,0,0)
(0,0,0)
(0,0,0)
(0,0,0)
(0,0,0)
(0,0,0)
(0,0,0)
(0,0,0)
(0,0,0)
(0,0,0)
(0,0,0)
(0,0,0)
(0,0,0)
(0,0,0)
(0,0,0)
(0,0,0)
(0,0,0)
(0,0,0)
(0,0,0)
(0,0,0)
(0,0,0)
(0,0,0)
(0,0,0)
(0,0,0)
(0,0,0)
(0,0,0)
(0,0,0)
(0,0,0)
(0,0,0)
(0,0,0)
(0,0,0)
(0,0,0)
(0,0,0)
(0,0,0)
(0,0,0)
(0,0,0)
(0,0,0)
(0,0,0)
(0,0,0)
(0,0,0)
(0,0,0)
(0,0,0)
(0,0,0)
(0,0,0)
(0,0,0)
(0,0,0)
(0,0,0)
(0,0,0)
(0,0,0)
(0,0,0)
(0,0,0)
(0,0,0)
(0,0,0)
(0,0,0)
(0,0,0)
(0,0,0)
(0,0,0)
(0,0,0)
(0,0,0)
(0,0,0)
(0,0,0)
(0,0,0)
(0,0,0)
(0,0,0)
(0,0,0)
(0,0,0)
(0,0,0)
(0,0,0)
(0,0,0)
(0,0,0)
(0,0,0)
(0,0,0)
(0,0,0)
(0,0,0)
(0,0,0)
(0,0,0)
(0,0,0)
(0,0,0)
(0,0,0)
(0,0,0)
(0,0,0)
(0,0,0)
(0,0,0)
(0,0,0)
(0,0,0)
(0,0,0)
(0,0,0)
(0,0,0)
(0,0,0)
(0,0,0)
(0,0,0)
(0,0,0)
(0,0,0)
(0,0,0)
(0,0,0)
(0,0,0)
(0,0,0)
(0,0,0)
(0,0,0)
(0,0,0)
(0,0,0)
(0,0,0)
(0,0,0)
(0,0,0)
(0,0,0)
(0,0,0)
(0,0,0)
(0,0,0)
(0,0,0)
(0,0,0)
(0,0,0)
(0,0,0)
(0,0,0)
(0,0,0)
(0,0,0)
(0,0,0)
(0,0,0)
(0,0,0)
(0,0,0)
(0,0,0)
(0,0,0)
(0,0,0)
(0,0,0)
(0,0,0)
(0,0,0)
(0,0,0)
(0,0,0)
(0,0,0)
(0,0,0)
(0,0,0)
(0,0,0)
(0,0,0)
(0,0,0)
(0,0,0)
(0,0,0)
(0,0,0)
(0,0,0)
(0,0,0)
(0,0,0)
(0,0,0)
(0,0,0)
(0,0,0)
(0,0,0)
(0,0,0)
(0,0,0)
(0,0,0)
(0,0,0)
(0,0,0)
(0,0,0)
(0,0,0)
(0,0,0)
(0,0,0)
(0,0,0)
(0,0,0)
(0,0,0)
(0,0,0)
(0,0,0)
(0,0,0)
(0,0,0)
(0,0,0)
(0,0,0)
(0,0,0)
(0,0,0)
(0,0,0)
(0,0,0)
(0,0,0)
(0,0,0)
(0,0,0)
(0,0,0)
(0,0,0)
(0,0,0)
(0,0,0)
(0,0,0)
(0,0,0)
(0,0,0)
(0,0,0)
(0,0,0)
(0,0,0)
(0,0,0)
(0,0,0)
(0,0,0)
(0,0,0)
(0,0,0)
(0,0,0)
(0,0,0)
(0,0,0)
(0,0,0)
(0,0,0)
(0,0,0)
(0,0,0)
(0,0,0)
(0,0,0)
(0,0,0)
(0,0,0)
(0,0,0)
(0,0,0)
(0,0,0)
(0,0,0)
(0,0,0)
(0,0,0)
(0,0,0)
(0,0,0)
(0,0,0)
(0,0,0)
(0,0,0)
(0,0,0)
(0,0,0)
(0,0,0)
(0,0,0)
(0,0,0)
(0,0,0)
(0,0,0)
(0,0,0)
(0,0,0)
(0,0,0)
(0,0,0)
(0,0,0)
(0,0,0)
(0,0,0)
(0,0,0)
(0,0,0)
(0,0,0)
