(0,0,0)
(0,0,0)
(0,0,0)
(0,0,0)
(0,0,0)
(0,0,0)
(0,0,0)
(0,0,0)
(0,0,0)
(0,0,0)
(0,0,0)
(0,0,0)
(0,0,0)
(0,0,0)
(0,0,0)
(0,0,0)
(0,0,0)
(0,0,0)
(0,0,0)
(0,0,0)
(0,0,0)
(0,0,0)
(0,0,0)
(0,0,0)
(0,0,0)
(0,0,0)
(0,0,0)
(0,0,0)
(0,0,0)
(0,0,0)
(0,0,0)
(0,0,0)
(0,0,0)
(0,0,0)
(0,0,0)
(0,0,0)
(0,0,0)
(0,0,0)
(0,0,0)
(0,0,0)
(0,0,0)
(0,0,0)
(0,0,0)
(0,0,0)
(0,0,0)
(0,0,0)
(0,0,0)
(0,0,0)
(0,0,0)
(0,0,0)
(0,0,0)
(0,0,0)
(0,0,0)
(0,0,0)
(0,0,0)
(0,0,0)
(0,0,0)
(0,0,0)
(0,0,0)
(0,0,0)
(0,0,0)
(0,0,0)
(0,0,0)
(0,0,0)
(0,0,0)
(0,0,0)
(0,0,0)
(0,0,0)
(0,0,0)
(0,0,0)
(0,0,0)
(0,0,0)
(0,0,0)
(0,0,0)
(0,0,0)
(0,0,0)
(0,0,0)
(0,0,0)
(0,0,0)
(0,0,0)
(0,0,0)
(0,0,0)
(0,0,0)
(0,0,0)
(0,0,0)
(0,0,0)
(0,0,0)
(0,0,0)
(0,0,0)
(0,0,0)
(0,0,0)
(0,0,0)
(0,0,0)
(0,0,0)
(0,0,0)
(0,0,0)
(0,0,0)
(0,0,0)
(0,0,0)
(0,0,0)
(0,0,0)
(0,0,0)
(0,0,0)
(0,0,0)
(0,0,0)
(0,0,0)
(0,0,0)
(0,0,0)
(0,0,0)
(0,0,0)
(0,0,0)
(0,0,0)
(0,0,0)
(0,0,0)
(0,0,0)
(0,0,0)
(0,0,0)
(0,0,0)
(0,0,0)
(0,0,0)
(0,0,0)
(0,0,0)
(0,0,0)
(0,0,0)
(0,0,0)
(0,0,0)
(0,0,0)
(0,0,0)
(0,0,0)
(0,0,0)
(0,0,0)
(0,0,0)
(0,0,0)
(0,0,0)
(0,0,0)
(0,0,0)
(0,0,0)
(0,0,0)
(0,0,0)
(0,0,0)
(0,0,0)
(0,0,0)
(0,0,0)
(0,0,0)
(0,0,0)
(0,0,0)
(0,0,0)
(0,0,0)
(0,0,0)
(0,0,0)
(0,0,0)
(0,0,0)
(0,0,0)
(0,0,0)
(0,0,0)
(0,0,0)
(0,0,0)
(0,0,0)
(0,0,0)
(0,0,0)
(0,0,0)
(0,0,0)
(0,0,0)
(0,0,0)
(0,0,0)
(0,0,0)
(0,0,0)
(0,0,0)
(0,0,0)
(0,0,0)
(0,0,0)
(0,0,0)
(0,0,0)
(0,0,0)
(0,0,0)
(0,0,0)
(0,0,0)
(0,0,0)
(0,0,0)
(0,0,0)
(0,0,0)
(0,0,0)
(0,0,0)
(0,0,0)
(0,0,0)
(0,0,0)
(0,0,0)
(0,0,0)
(0,0,0)
(0,0,0)
(0,0,0)
(0,0,0)
(0,0,0)
(0,0,0)
(0,0,0)
(0,0,0)
(0,0,0)
(0,0,0)
(0,0,0)
(0,0,0)
(0,0,0)
(0,0,0)
(0,0,0)
(0,0,0)
(0,0,0)
(0,0,0)
(0,0,0)
(0,0,0)
(0,0,0)
(0,0,0)
(0,0,0)
(0,0,0)
(0,0,0)
(0,0,0)
(0,0,0)
(0,0,0)
(0,0,0)
(0,0,0)
(0,0,0)
(0,0,0)
(0,0,0)
(0,0,0)
(0,0,0)
(0,0,0)
(0,0,0)
(0,0,0)
(0,0,0)
(0,0,0)
(0,0,0)
(0,0,0)
(0,0,0)
(0,0,0)
(0,0,0)
(0,0,0)
(0,0,0)
(0,0,0)
(0,0,0)
(0,0,0)
(0,0,0)
(0,0,0)
(0,0,0)
(0,0,0)
(0,0,0)
(0,0,0)
(0,0,0)
(0,0,0)
(0,0,0)
(0,0,0)
(0,0,0)
(0,0,0)
(0,0,0)
(0,0,0)
(0,0,0)
(0,0,0)
(0,0,0)
(0,0,0)
(0,0,0)
(0,0,0)
(0,0,0)
(0,0,0)
(0,0,0)
(0,0,0)
(0,0,0)
(0,0,0)
(0,0,0)
(0,0,0)
(0,0,0)
(0,0,0)
(0,0,0)
(0,0,0)
(0,0,0)
(0,0,0)
(0,0,0)
(0,0,0)
(0,0,0)
(0,0,0)
(0,0,0)
(0,0,0)
(0,0,0)
(0,0,0)
(0,0,0)
(0,0,0)
(0,0,0)
(0,0,0)
(0,0,0)
(0,0,0)
(0,0,0)
(0,0,0)
(0,0,0)
(0,0,0)
(0,0,0)
(0,0,0)
(0,0,0)
(0,0,0)
(0,0,0)
(0,0,0)
(0,0,0)
(0,0,0)
(0,0,0)
(0,0,0)
(0,0,0)
(0,0,0)
(0,0,0)
(0,0,0)
(0,0,0)
(0,0,0)
(0,0,0)
(0,0,0)
(0,0,0)
(0,0,0)
(0,0,0)
(0,0,0)
(0,0,0)
(0,0,0)
(0,0,0)
(0,0,0)
(0,0,0)
(0,0,0)
(0,0,0)
(0,0,0)
(0,0,0)
(0,0,0)
(0,0,0)
(0,0,0)
(0,0,0)
(0,0,0)
(0,0,0)
(0,0,0)
(0,0,0)
(0,0,0)
(0,0,0)
(0,0,0)
(0,0,0)
(0,0,0)
(0,0,0)
(0,0,0)
(0,0,0)
(0,0,0)
(0,0,0)
(0,0,0)
(0,0,0)
(0,0,0)
(0,0,0)
(0,0,0)
(0,0,0)
(0,0,0)
(0,0,0)
(0,0,0)
(0,0,0)
(0,0,0)
(0,0,0)
(0,0,0)
(0,0,0)
(0,0,0)
(0,0,0)
(0,0,0)
(0,0,0)
(0,0,0)
(0,0,0)
(0,0,0)
(0,0,0)
(0,0,0)
(0,0,0)
(0,0,0)
(0,0,0)
(0,0,0)
(0,0,0)
(0,0,0)
(0,0,0)
(0,0,0)
(0,0,0)
(0,0,0)
(0,0,0)
(0,0,0)
(0,0,0)
(0,0,0)
(0,0,0)
(0,0,0)
(0,0,0)
(0,0,0)
(0,0,0)
(0,0,0)
(0,0,0)
(0,0,0)
(0,0,0)
(0,0,0)
(0,0,0)
(0,0,0)
(0,0,0)
(0,0,0)
(0,0,0)
(0,0,0)
(0,0,0)
(0,0,0)
(0,0,0)
(0,0,0)
(0,0,0)
(0,0,0)
(0,0,0)
(0,0,0)
(0,0,0)
(0,0,0)
(0,0,0)
(0,0,0)
(0,0,0)
(0,0,0)
(0,0,0)
(0,0,0)
(0,0,0)
(0,0,0)
(0,0,0)
(0,0,0)
(0,0,0)
(0,0,0)
(0,0,0)
(0,0,0)
(0,0,0)
(0,0,0)
(0,0,0)
(0,0,0)
(0,0,0)
(0,0,0)
(0,0,0)
(0,0,0)
(0,0,0)
(0,0,0)
(0,0,0)
(0,0,0)
(0,0,0)
(0,0,0)
(0,0,0)
(0,0,0)
(0,0,0)
(0,0,0)
(0,0,0)
(0,0,0)
(0,0,0)
(0,0,0)
(0,0,0)
(0,0,0)
(0,0,0)
(0,0,0)
(0,0,0)
(0,0,0)
(0,0,0)
(0,0,0)
(0,0,0)
(0,0,0)
(0,0,0)
(0,0,0)
(0,0,0)
(0,0,0)
(0,0,0)
(0,0,0)
(0,0,0)
(0,0,0)
(0,0,0)
(0,0,0)
(0,0,0)
(0,0,0)
(0,0,0)
(0,0,0)
(0,0,0)
(0,0,0)
(0,0,0)
(0,0,0)
(0,0,0)
(0,0,0)
(0,0,0)
(0,0,0)
(0,0,0)
(0,0,0)
(0,0,0)
(0,0,0)
(0,0,0)
(0,0,0)
(0,0,0)
(0,0,0)
(0,0,0)
(0,0,0)
(0,0,0)
(0,0,0)
(0,0,0)
(0,0,0)
(0,0,0)
(0,0,0)
(0,0,0)
(0,0,0)
(0,0,0)
(0,0,0)
(0,0,0)
(0,0,0)
(0,0,0)
(0,0,0)
(0,0,0)
(0,0,0)
(0,0,0)
(0,0,0)
(0,0,0)
(0,0,0)
(0,0,0)
(0,0,0)
(0,0,0)
(0,0,0)
(0,0,0)
(0,0,0)
(0,0,0)
(0,0,0)
(0,0,0)
(0,0,0)
(0,0,0)
(0,0,0)
(0,0,0)
(0,0,0)
(0,0,0)
(0,0,0)
(0,0,0)
(0,0,0)
(0,0,0)
(0,0,0)
(0,0,0)
(0,0,0)
(0,0,0)
(0,0,0)
(0,0,0)
(0,0,0)
(0,0,0)
(0,0,0)
(0,0,0)
(0,0,0)
(0,0,0)
(0,0,0)
(0,0,0)
(0,0,0)
(0,0,0)
(0,0,0)
(0,0,0)
(0,0,0)
(0,0,0)
(0,0,0)
(0,0,0)
(0,0,0)
(0,0,0)
(0,0,0)
(0,0,0)
(0,0,0)
(0,0,0)
(0,0,0)
(0,0,0)
(0,0,0)
(0,0,0)
(0,0,0)
(0,0,0)
(0,0,0)
(0,0,0)
(0,0,0)
(0,0,0)
(0,0,0)
(0,0,0)
(0,0,0)
(0,0,0)
(0,0,0)
(0,0,0)
(0,0,0)
(0,0,0)
(0,0,0)
(0,0,0)
(0,0,0)
(0,0,0)
(0,0,0)
(0,0,0)
(0,0,0)
(0,0,0)
(0,0,0)
(0,0,0)
(0,0,0)
(0,0,0)
(0,0,0)
(0,0,0)
(0,0,0)
(0,0,0)
(0,0,0)
(0,0,0)
(0,0,0)
(0,0,0)
(0,0,0)
(0,0,0)
(0,0,0)
(0,0,0)
(0,0,0)
(0,0,0)
(0,0,0)
(0,0,0)
(0,0,0)
(0,0,0)
(0,0,0)
(0,0,0)
(0,0,0)
(0,0,0)
(0,0,0)
(0,0,0)
(0,0,0)
(0,0,0)
(0,0,0)
(0,0,0)
(0,0,0)
(0,0,0)
(0,0,0)
(0,0,0)
(0,0,0)
(0,0,0)
(0,0,0)
(0,0,0)
(0,0,0)
(0,0,0)
(0,0,0)
(0,0,0)
(0,0,0)
(0,0,0)
(0,0,0)
(0,0,0)
(0,0,0)
(0,0,0)
(0,0,0)
(0,0,0)
(0,0,0)
(0,0,0)
(0,0,0)
(0,0,0)
(0,0,0)
(0,0,0)
(0,0,0)
(0,0,0)
(0,0,0)
(0,0,0)
(0,0,0)
(0,0,0)
(0,0,0)
(0,0,0)
(0,0,0)
(0,0,0)
(0,0,0)
(0,0,0)
(0,0,0)
(0,0,0)
(0,0,0)
(0,0,0)
(0,0,0)
(0,0,0)
(0,0,0)
(0,0,0)
(0,0,0)
(0,0,0)
(0,0,0)
(0,0,0)
(0,0,0)
(0,0,0)
(0,0,0)
(0,0,0)
(0,0,0)
(0,0,0)
(0,0,0)
(0,0,0)
(0,0,0)
(0,0,0)
(0,0,0)
(0,0,0)
(0,0,0)
(0,0,0)
(0,0,0)
(0,0,0)
(0,0,0)
(0,0,0)
(0,0,0)
(0,0,0)
(0,0,0)
(0,0,0)
(0,0,0)
(0,0,0)
(0,0,0)
(0,0,0)
(0,0,0)
(0,0,0)
(0,0,0)
(0,0,0)
(0,0,0)
(0,0,0)
(0,0,0)
(0,0,0)
(0,0,0)
(0,0,0)
(0,0,0)
(0,0,0)
(0,0,0)
(0,0,0)
(0,0,0)
(0,0,0)
(0,0,0)
(0,0,0)
(0,0,0)
(0,0,0)
(0,0,0)
(0,0,0)
(0,0,0)
(0,0,0)
(0,0,0)
(0,0,0)
(0,0,0)
(0,0,0)
(0,0,0)
(0,0,0)
(0,0,0)
(0,0,0)
(0,0,0)
(0,0,0)
(0,0,0)
(0,0,0)
(0,0,0)
(0,0,0)
(0,0,0)
(0,0,0)
(0,0,0)
(0,0,0)
(0,0,0)
(0,0,0)
(0,0,0)
(0,0,0)
(0,0,0)
(0,0,0)
(0,0,0)
(0,0,0)
(0,0,0)
(0,0,0)
(0,0,0)
(0,0,0)
(0,0,0)
(0,0,0)
(0,0,0)
(0,0,0)
(0,0,0)
(0,0,0)
(0,0,0)
(0,0,0)
(0,0,0)
(0,0,0)
(0,0,0)
(0,0,0)
(0,0,0)
(0,0,0)
(0,0,0)
(0,0,0)
(0,0,0)
(0,0,0)
(0,0,0)
(0,0,0)
(0,0,0)
(0,0,0)
(0,0,0)
(0,0,0)
(0,0,0)
(0,0,0)
(0,0,0)
(0,0,0)
(0,0,0)
(0,0,0)
(0,0,0)
(0,0,0)
(0,0,0)
(0,0,0)
(0,0,0)
(0,0,0)
(0,0,0)
(0,0,0)
(0,0,0)
(0,0,0)
(0,0,0)
(0,0,0)
(0,0,0)
(0,0,0)
(0,0,0)
(0,0,0)
(0,0,0)
(0,0,0)
(0,0,0)
(0,0,0)
(0,0,0)
(0,0,0)
(0,0,0)
(0,0,0)
(0,0,0)
(0,0,0)
(0,0,0)
(0,0,0)
(0,0,0)
(0,0,0)
(0,0,0)
(0,0,0)
(0,0,0)
(0,0,0)
(0,0,0)
(0,0,0)
(0,0,0)
(0,0,0)
(0,0,0)
(0,0,0)
(0,0,0)
(0,0,0)
(0,0,0)
(0,0,0)
(0,0,0)
(0,0,0)
(0,0,0)
(0,0,0)
(0,0,0)
(0,0,0)
(0,0,0)
(0,0,0)
(0,0,0)
(0,0,0)
(-59112.7889661094,31498.5242310526,27614.2647350558)
(-62512.2345647262,30171.4588756146,59955.0404241666)
(-70438.2518031697,27423.0607875351,102970.231439798)
(-85381.498058546,23158.7716584131,165192.957839941)
(-112275.670656943,17403.7407501394,260064.887746744)
(-160576.870996174,10786.1667183831,409855.59202454)
(-248113.26264385,4798.49088385094,653170.363784562)
(-406279.619286778,1114.91002200935,1058335.07304934)
(-670278.661704869,-66.1568829745897,1728679.89163715)
(-934076.185621667,-134.444180181364,2662890.52143908)
(0,0,0)
(0,0,0)
(0,0,0)
(0,0,0)
(0,0,0)
(0,0,0)
(-62489.0411377492,67616.3915404258,26371.1738283742)
(-65930.1920130916,65134.3895104236,57338.4352066593)
(-73983.4806860427,59902.337053589,98842.639626645)
(-89266.2080635328,51692.9175754581,159574.701773133)
(-116907.817637121,40352.4607921991,253533.799368191)
(-166367.860110644,26834.2303918032,403853.595805404)
(-254884.011750736,14105.4919841054,649430.606455876)
(-412472.09303067,6034.73492024544,1056982.87458827)
(-674409.968459196,2918.05836491315,1728408.62779963)
(-935997.197704188,1472.92160398103,2662798.45971956)
(0,0,0)
(0,0,0)
(0,0,0)
(0,0,0)
(0,0,0)
(0,0,0)
(-70294.1788066141,113962.380036372,23948.1903106686)
(-73799.7808917571,110611.617100923,52270.74361193)
(-82082.5571218965,103535.703565099,90719.9342223221)
(-98095.799259868,92203.0474752461,148305.603582403)
(-127508.504366947,76087.6022443357,240078.966497201)
(-180041.709843488,55899.1208400491,391055.785892446)
(-271598.588257889,35509.6010837695,641250.265050684)
(-427878.09142222,21515.9877920588,1053647.10360103)
(-684340.12727853,14189.7482353155,1726715.54100923)
(-940495.826238853,7685.82407940731,2660998.46477266)
(0,0,0)
(0,0,0)
(0,0,0)
(0,0,0)
(0,0,0)
(0,0,0)
(-84829.2932634442,178066.578796642,20725.0945031746)
(-88405.8171800659,174325.403716976,45417.1250671896)
(-96990.4744192932,166426.690678587,79516.612372987)
(-114103.164482919,153564.062605349,132258.761725795)
(-146419.639866519,134772.557871498,219993.445965163)
(-204824.780630527,110059.974371268,370657.373064463)
(-303610.535121844,82614.0348807675,627163.474389305)
(-457647.754179431,60220.5656353542,1046106.65072542)
(-702498.053436543,42809.0394987644,1719985.41289845)
(-948417.578056722,23057.0630382069,2653031.75199654)
(0,0,0)
(0,0,0)
(0,0,0)
(0,0,0)
(0,0,0)
(0,0,0)
(-110938.090604678,271905.480598972,17099.1888023413)
(-114498.71672187,268254.844892305,37668.4643488805)
(-123243.545560672,260596.009158776,66742.6914293615)
(-141296.969725417,248084.340011155,113519.383748975)
(-176616.300979531,229557.297571303,195350.945028701)
(-242302.207248039,204439.820201122,343273.306446866)
(-352468.991741086,173593.458526967,604762.874541751)
(-503036.060362828,139438.812548579,1028580.6879914)
(-728910.906961943,100245.701028011,1700054.9334242)
(-959871.658442516,53161.9121633151,2629821.7427416)
(0,0,0)
(0,0,0)
(0,0,0)
(0,0,0)
(0,0,0)
(0,0,0)
(-158120.326074479,416466.092330369,13559.7143430883)
(-161490.309040429,413224.6582687,30080.2100071139)
(-169930.542490011,406391.31936359,54215.4422923133)
(-187798.628133443,395147.500283819,94950.910153082)
(-223503.006783717,377910.193399992,170101.021108118)
(-290425.087360993,352593.833925736,312372.094744507)
(-400901.901167415,316257.296819204,570610.157619678)
(-544652.710308118,265327.097610727,989374.58286566)
(-757605.143409472,194314.686869139,1652910.74043406)
(-974318.033800137,103746.809637278,2576643.87676017)
(0,0,0)
(0,0,0)
(0,0,0)
(0,0,0)
(0,0,0)
(0,0,0)
(-244623.654869926,650666.544423247,10423.2027770402)
(-247613.821301219,647927.841483892,23333.8408630746)
(-255206.245964841,642004.537842518,42926.8683489898)
(-271536.624568516,631972.521859257,77638.471342067)
(-304705.805095862,615659.005014099,144595.46482382)
(-367558.799148398,588871.890251864,275876.2076461)
(-471224.10530612,543776.418430103,519581.191341335)
(-601970.564016019,468606.644592385,918272.208375692)
(-800394.889417133,350720.608454005,1562261.1762079)
(-997929.720669181,191129.566963371,2472808.13955109)
(0,0,0)
(0,0,0)
(0,0,0)
(0,0,0)
(0,0,0)
(0,0,0)
(-402856.64291606,1045869.72801374,7653.45932556768)
(-405261.921326055,1043424.30210801,17418.9200275197)
(-411399.694434121,1037975.15850451,32847.9937996737)
(-424693.663538139,1028253.55422359,61260.6249734657)
(-451949.520332655,1011181.36391017,117687.786410052)
(-504195.197912575,980138.878757906,230615.995816574)
(-591017.563303443,921142.875557149,444267.101992927)
(-696895.667379388,809518.787946872,800250.62601785)
(-878074.131164087,626423.047190943,1402622.318445)
(-1043062.26725089,355142.640595794,2281671.51206342)
(0,0,0)
(0,0,0)
(0,0,0)
(0,0,0)
(0,0,0)
(0,0,0)
(-667874.956521402,1708617.75992146,5126.92461368054)
(-669534.857400198,1706197.16796846,11888.9161534247)
(-673722.734252562,1700555.0456831,23031.7632273361)
(-682657.333236097,1689811.88995314,44130.7607338608)
(-700665.102130493,1669437.84940952,86539.3773650003)
(-734498.714436282,1629744.4620777,171432.508481493)
(-791369.165632487,1551425.78541394,332518.764257197)
(-875918.680332151,1400871.95353504,617084.279001209)
(-1021349.24173603,1133511.89981322,1131344.66811485)
(-1121775.62071543,681635.355360616,1926627.57406547)
(0,0,0)
(0,0,0)
(0,0,0)
(0,0,0)
(0,0,0)
(0,0,0)
(-932920.544511533,2638904.75039751,2633.55403546965)
(-933759.393520121,2636431.87878149,6158.23674254855)
(-935854.409270791,2630454.44908956,12113.2426069049)
(-940239.922663873,2618591.3390035,23573.7162204689)
(-948964.376706693,2595288.77401769,46687.1683190089)
(-965270.408992673,2548835.89503412,92866.1443552253)
(-993742.131727683,2456266.88516905,181767.176327773)
(-1041732.15603324,2274761.30718119,349609.978714848)
(-1121533.52245906,1925192.69617563,679462.704811438)
(-1129560.39947773,1245511.41394868,1245147.04570117)
(0,0,0)
(0,0,0)
(0,0,0)
(0,0,0)
(0,0,0)
(0,0,0)
(0,0,0)
(0,0,0)
(0,0,0)
(0,0,0)
(0,0,0)
(0,0,0)
(0,0,0)
(0,0,0)
(0,0,0)
(0,0,0)
(0,0,0)
(0,0,0)
(0,0,0)
(0,0,0)
(0,0,0)
(0,0,0)
(0,0,0)
(0,0,0)
(0,0,0)
(0,0,0)
(0,0,0)
(0,0,0)
(0,0,0)
(0,0,0)
(0,0,0)
(0,0,0)
(0,0,0)
(0,0,0)
(0,0,0)
(0,0,0)
(0,0,0)
(0,0,0)
(0,0,0)
(0,0,0)
(0,0,0)
(0,0,0)
(0,0,0)
(0,0,0)
(0,0,0)
(0,0,0)
(0,0,0)
(0,0,0)
(0,0,0)
(0,0,0)
(0,0,0)
(0,0,0)
(0,0,0)
(0,0,0)
(0,0,0)
(0,0,0)
(0,0,0)
(0,0,0)
(0,0,0)
(0,0,0)
(0,0,0)
(0,0,0)
(0,0,0)
(0,0,0)
(0,0,0)
(0,0,0)
(0,0,0)
(0,0,0)
(0,0,0)
(0,0,0)
(0,0,0)
(0,0,0)
(0,0,0)
(0,0,0)
(0,0,0)
(0,0,0)
(0,0,0)
(0,0,0)
(0,0,0)
(0,0,0)
(0,0,0)
(0,0,0)
(0,0,0)
(0,0,0)
(0,0,0)
(0,0,0)
(0,0,0)
(0,0,0)
(0,0,0)
(0,0,0)
(0,0,0)
(0,0,0)
(0,0,0)
(0,0,0)
(0,0,0)
(0,0,0)
(0,0,0)
(0,0,0)
(0,0,0)
(0,0,0)
(0,0,0)
(0,0,0)
(8761755.86229831,28017.8949698685,24221.8617130667)
(8756047.33259245,26678.5782356722,52092.1242677015)
(8742894.82415112,23803.9514705,88063.5047901919)
(8718336.9173872,19174.898658121,138278.598633656)
(8674655.62740456,12699.9301940138,211755.77832545)
(8596942.98071674,4972.5062121791,322371.828347666)
(8454309.52346851,-1948.7513006022,495006.20148313)
(8172464.37262108,-5017.00888547665,794387.626408116)
(7536396.2709749,-4145.66978665815,1464966.7714624)
(5808987.07364464,-2037.83060503024,3597049.75074854)
(0,0,0)
(0,0,0)
(0,0,0)
(0,0,0)
(0,0,0)
(0,0,0)
(8755960.08728577,59742.8106367237,22934.3638570187)
(8750258.22839782,57206.0063587386,49326.923270468)
(8736974.21781561,51731.728849778,83549.8553369219)
(8711937.62306868,42753.293428873,131876.037381372)
(8667069.67650221,29673.2007084896,204033.680674981)
(8587207.0492616,13153.4546362366,315386.230826071)
(8442380.35295622,-2574.88050466652,491856.403270647)
(8161683.17501168,-9305.61283029861,795098.147120439)
(7529687.41294246,-6951.0668837082,1466914.57076312)
(5806054.77412644,-2996.83114709666,3598930.00742178)
(0,0,0)
(0,0,0)
(0,0,0)
(0,0,0)
(0,0,0)
(0,0,0)
(8742796.80959255,99308.6570252683,20451.573159542)
(8737074.74474423,95900.228937181,43991.2328924341)
(8723551.65436305,88540.6793293179,74656.478875368)
(8697455.51960675,76122.3760795796,118844.485305555)
(8649484.83323448,57102.6300676109,187530.126292405)
(8563085.26177072,31086.2022383937,299578.815023493)
(8409995.3228277,3496.80764769248,485021.623732959)
(8131941.75578384,-8226.24058682295,797230.812230904)
(7512377.62611354,-3942.1084629633,1470612.50836529)
(5798868.75681418,-234.464103650969,3601593.96621627)
(0,0,0)
(0,0,0)
(0,0,0)
(0,0,0)
(0,0,0)
(0,0,0)
(8718572.98013646,151863.954918983,17150.8366537067)
(8712818.83280843,148154.558943664,36780.264606126)
(8698991.97919565,140118.182345074,62328.7159228115)
(8671216.9767427,126357.791218239,99881.5675059647)
(8617530.07907226,104577.629161032,161565.257421202)
(8516353.11959011,72632.9082652109,271949.059121107)
(8337901.37150232,33840.625090541,473201.743001544)
(8064211.6805868,14910.2313099907,801314.244285966)
(7477429.19965762,16442.1569678978,1474111.13370817)
(5785449.34687572,11587.6732219048,3601530.47939776)
(0,0,0)
(0,0,0)
(0,0,0)
(0,0,0)
(0,0,0)
(0,0,0)
(8675817.27423948,224694.225837506,13522.7721846863)
(8670179.81772903,221251.438122272,28855.766502523)
(8656298.35824007,213901.615377312,48638.8376170507)
(8627075.1093442,201591.025587843,78141.9321251409)
(8566860.0395593,182732.604604121,129619.024090724)
(8443538.84193787,156384.759057949,233134.532059571)
(8208169.32917011,125230.218049118,454215.026137212)
(7938550.98598819,97922.8764991022,802723.74254452)
(7422619.58279861,71631.7731576905,1469112.04454142)
(5765475.83783007,38703.5202403106,3589757.10919768)
(0,0,0)
(0,0,0)
(0,0,0)
(0,0,0)
(0,0,0)
(0,0,0)
(8599639.86390917,329886.449698824,10155.9941023121)
(8594415.06036248,327048.30055021,21562.1702188102)
(8581224.14506536,321110.328542426,36307.1774457333)
(8552553.6101855,311438.950285185,59215.4223769772)
(8491642.85760266,296785.214874934,103125.355667162)
(8364810.42851414,275495.097170662,201887.90962663)
(8126496.17460564,245953.485160937,426874.974689214)
(7868738.03683899,208069.719618849,776445.792369732)
(7375786.94917941,151580.609551497,1436213.27133446)
(5742508.51524316,80154.0637933703,3551044.58668536)
(0,0,0)
(0,0,0)
(0,0,0)
(0,0,0)
(0,0,0)
(0,0,0)
(8458511.84400791,492451.661939492,7407.69682887358)
(8453966.31493123,490295.054855376,15689.214238618)
(8442258.92169881,485864.181865884,26578.6011989584)
(8416225.14850789,478904.128194699,44460.0581603682)
(8359442.26206736,468518.030913522,81687.5829059564)
(8238201.89347413,452317.521073163,172212.874328204)
(8007110.80035284,424058.566663933,388881.29511356)
(7774439.72992385,373742.078645705,719907.050094225)
(7306358.74144667,273051.810865945,1364790.62586323)
(5703258.40376954,145999.238186587,3470865.73497872)
(0,0,0)
(0,0,0)
(0,0,0)
(0,0,0)
(0,0,0)
(0,0,0)
(8176459.47262038,780992.688662307,5251.26568815243)
(8172858.31719663,779278.305121161,11256.184847024)
(8163503.75891164,775792.213563333,19533.1077512251)
(8142445.5029738,770423.196260788,33983.2811205399)
(8095670.56358605,762588.112128205,65401.5239344253)
(7992855.79091462,749958.123595745,143818.34053215)
(7790640.90932784,720898.126963405,338428.715548799)
(7638671.9555544,630576.033798607,619135.54540933)
(7166281.95343421,483186.979736579,1237752.69988777)
(5612445.59054524,276435.135153242,3324917.35307231)
(0,0,0)
(0,0,0)
(0,0,0)
(0,0,0)
(0,0,0)
(0,0,0)
(7538822.53617126,1443894.46604723,3509.13786986497)
(7536375.30555916,1442274.86346249,7710.82451660204)
(7530119.00852637,1438719.27894549,14050.4243028496)
(7516342.35528985,1432507.5998067,26074.7401783175)
(7487057.16241434,1421374.39673924,52674.5989697521)
(7427488.44553145,1399169.34923418,114584.621311081)
(7320056.31371731,1349187.63555716,247978.041315003)
(7168857.74997521,1235179.41016723,471706.642586467)
(6742127.59791926,1033454.64316864,1031070.54744653)
(5336272.59389161,673933.99151542,3048631.8844247)
(0,0,0)
(0,0,0)
(0,0,0)
(0,0,0)
(0,0,0)
(0,0,0)
(5809925.4548786,3572330.11327267,1826.76133174)
(5808707.28507291,3570653.87838674,4089.47576173713)
(5805633.03755452,3566721.02107331,7708.6947560277)
(5799012.42842179,3559232.00616858,14840.3452559885)
(5785387.14682919,3544585.08442718,30386.5419796349)
(5758605.59410896,3514358.88145954,64429.4146000967)
(5708992.5616187,3450185.20306533,133805.561692953)
(5613875.06592869,3316619.03626669,269867.121579103)
(5336482.66829171,3046853.71134608,671560.270598339)
(4339007.76359314,2375173.34936526,2374861.15762499)
(0,0,0)
(0,0,0)
(0,0,0)
(0,0,0)
(0,0,0)
(0,0,0)
(0,0,0)
(0,0,0)
(0,0,0)
(0,0,0)
(0,0,0)
(0,0,0)
(0,0,0)
(0,0,0)
(0,0,0)
(0,0,0)
(0,0,0)
(0,0,0)
(0,0,0)
(0,0,0)
(0,0,0)
(0,0,0)
(0,0,0)
(0,0,0)
(0,0,0)
(0,0,0)
(0,0,0)
(0,0,0)
(0,0,0)
(0,0,0)
(0,0,0)
(0,0,0)
(0,0,0)
(0,0,0)
(0,0,0)
(0,0,0)
(0,0,0)
(0,0,0)
(0,0,0)
(0,0,0)
(0,0,0)
(0,0,0)
(0,0,0)
(0,0,0)
(0,0,0)
(0,0,0)
(0,0,0)
(0,0,0)
(0,0,0)
(0,0,0)
(0,0,0)
(0,0,0)
(0,0,0)
(0,0,0)
(0,0,0)
(0,0,0)
(0,0,0)
(0,0,0)
(0,0,0)
(0,0,0)
(0,0,0)
(0,0,0)
(0,0,0)
(0,0,0)
(0,0,0)
(0,0,0)
(0,0,0)
(0,0,0)
(0,0,0)
(0,0,0)
(0,0,0)
(0,0,0)
(0,0,0)
(0,0,0)
(0,0,0)
(0,0,0)
(0,0,0)
(0,0,0)
(0,0,0)
(0,0,0)
(0,0,0)
(0,0,0)
(0,0,0)
(0,0,0)
(0,0,0)
(0,0,0)
(0,0,0)
(0,0,0)
(0,0,0)
(0,0,0)
(0,0,0)
(0,0,0)
(0,0,0)
(0,0,0)
(0,0,0)
(0,0,0)
(0,0,0)
(0,0,0)
(0,0,0)
(0,0,0)
(0,0,0)
(0,0,0)
(-152057.203915156,22167.7600831122,18536.8981830005)
(-158371.137968832,20823.2207205369,39023.740076259)
(-172635.304317478,17846.3759095297,63599.0846880498)
(-198588.410078734,12774.6187210951,94641.3854855549)
(-243017.114576653,5129.45342323839,134076.266096227)
(-317137.959149745,-4756.75311654583,179805.551131938)
(-438320.748282292,-13851.3218333246,213178.736768806)
(-630100.897249516,-15750.7929421935,158386.391634216)
(-905224.664580213,-10812.9999163582,-262288.080841686)
(-1109928.21148739,-4947.09025987913,-2211534.11339711)
(0,0,0)
(0,0,0)
(0,0,0)
(0,0,0)
(0,0,0)
(0,0,0)
(-158668.797731192,46475.8549914661,17212.3821612115)
(-164851.07631387,43931.764897991,36104.7347480191)
(-178995.004818131,38230.8147216948,58581.1106222094)
(-205006.892458366,28186.0018751878,87005.8350477502)
(-250096.163620081,12043.6821608636,124149.038485016)
(-326184.442226899,-10953.1138934881,170628.482803063)
(-450208.769741838,-34944.534236954,211202.409957302)
(-640152.375824868,-39018.8194751858,163197.579379482)
(-910271.252781766,-24212.6757148202,-256552.487045102)
(-1111718.6468179,-10125.4174870667,-2206709.14682081)
(0,0,0)
(0,0,0)
(0,0,0)
(0,0,0)
(0,0,0)
(0,0,0)
(-173485.156094393,74960.0997568826,14689.3129742767)
(-179467.146189044,71578.918387885,30475.6424703319)
(-193348.752967828,63931.4009356986,48567.0556397822)
(-219585.91884395,49838.966298461,70847.1217197072)
(-266976.862188864,25136.6256953413,101107.465661166)
(-350868.125248635,-15581.5208037527,146580.851643331)
(-490024.846786893,-68536.8356543917,207084.914727944)
(-675009.443769681,-75911.5183653471,177820.405224161)
(-925558.010324724,-38842.9011144086,-242722.140885183)
(-1116619.59974932,-13599.0382294733,-2196868.57152673)
(0,0,0)
(0,0,0)
(0,0,0)
(0,0,0)
(0,0,0)
(0,0,0)
(-200023.687529627,109070.401177055,11377.9582985826)
(-205735.243854981,105510.209107758,22892.3362947243)
(-219211.207572478,97428.2181749723,34490.29787619)
(-245951.809018723,82254.5179605496,46135.1240280915)
(-298609.128260869,53964.2823411838,60338.2667679508)
(-405461.026332821,-75.1470908614348,93537.6310306545)
(-614042.704018988,-95769.5821927524,199606.045142865)
(-789224.012094654,-110654.420298884,214676.231810399)
(-963847.138584419,-38288.9377546869,-217709.801254532)
(-1127109.1451915,-8341.36361074214,-2183517.39175355)
(0,0,0)
(0,0,0)
(0,0,0)
(0,0,0)
(0,0,0)
(0,0,0)
(-244722.021862543,148609.88215842,7891.40717328813)
(-249984.344256165,145568.78363034,14888.5866885523)
(-262701.15100451,138895.069369028,19312.8367915636)
(-289433.332719144,127147.720734543,17819.668133605)
(-348299.122945445,107631.580640101,6203.12439193461)
(-498955.368396727,77796.1892664975,-2282.40957831167)
(-991276.813152832,43703.0370335412,184582.705570889)
(-1175767.03282307,28255.1236345128,286882.772501359)
(-1038930.77257877,24927.4050380011,-187891.622861208)
(-1144314.67721551,15790.7779045601,-2175341.65727824)
(0,0,0)
(0,0,0)
(0,0,0)
(0,0,0)
(0,0,0)
(0,0,0)
(-318526.256777978,188758.210158599,4909.3847396925)
(-323103.994970659,186626.103791204,8262.71196463282)
(-334474.701565642,182233.076498068,7515.1435191803)
(-359326.876611395,175230.97857017,-1796.03546707772)
(-416550.504767489,164727.958917712,-23807.4593219071)
(-566824.607283739,149027.558164975,-36512.2003698146)
(-1035257.37276668,126707.947366085,169128.028722486)
(-1204479.7501071,113906.734367146,283585.796988501)
(-1074118.11453176,82260.0656737648,-196950.207883582)
(-1161616.79642407,40976.8582629341,-2191119.38452196)
(0,0,0)
(0,0,0)
(0,0,0)
(0,0,0)
(0,0,0)
(0,0,0)
(-439083.203000648,210414.773753638,2830.07546612643)
(-442836.999032773,209243.486365716,3907.59890825801)
(-452415.773126016,207232.691368694,474.270914990199)
(-474081.777815837,205281.535897256,-12377.7680356909)
(-526594.884304294,204906.292820886,-39627.3635146043)
(-673719.536821335,207146.112579228,-58932.8955806594)
(-1162231.85801117,207746.197205073,156263.10499707)
(-1318546.77670375,238087.984788353,251959.953256116)
(-1127404.99839114,133024.844774674,-238149.493954169)
(-1190244.63495861,55233.0093355626,-2232011.01424609)
(0,0,0)
(0,0,0)
(0,0,0)
(0,0,0)
(0,0,0)
(0,0,0)
(-631411.400661928,143521.284432111,1655.95465642883)
(-634238.111652842,142992.65050319,1894.8114210889)
(-641568.089541366,142616.321833542,-1525.37853817043)
(-658593.358992849,144501.225174038,-12814.6137956579)
(-702039.313379081,154155.154648326,-37462.0066052355)
(-836963.298744286,184810.530746187,-58415.7430607732)
(-1370181.62869584,250523.806661866,186520.77755871)
(-1117605.90964628,160910.287756418,146867.931844022)
(-1170141.85130065,59108.3985469725,-315900.225140706)
(-1234559.0010959,315.016456287256,-2287086.04856753)
(0,0,0)
(0,0,0)
(0,0,0)
(0,0,0)
(0,0,0)
(0,0,0)
(-907371.39279867,-284496.965918052,1103.77137264613)
(-909217.986626316,-284890.604243709,1471.9103575961)
(-913918.063309598,-285263.501062513,280.397142280237)
(-924394.378163247,-284370.08599272,-3219.96618520213)
(-948320.992433578,-279885.488591355,-6909.57604491598)
(-1005545.94953651,-269326.425904176,7153.36772589624)
(-1130600.28277463,-261557.229212186,96782.5921444634)
(-1172043.06891539,-319544.23062222,45029.5214662475)
(-1280228.99346346,-371996.417244296,-374617.479307137)
(-1300741.94023529,-323190.121437846,-2287206.21523352)
(0,0,0)
(0,0,0)
(0,0,0)
(0,0,0)
(0,0,0)
(0,0,0)
(-1111594.91781869,-2236706.85060405,621.849435924272)
(-1112490.71186117,-2237199.36062883,1020.19480769501)
(-1114746.24784918,-2238071.98407121,1099.555272737)
(-1119604.35301141,-2238989.5795923,1227.42235803056)
(-1129888.92223698,-2240091.14210422,3600.73698968016)
(-1151453.8047212,-2243594.71357303,14820.0155412372)
(-1191307.76940156,-2258231.67354839,38686.3829503096)
(-1235833.29849211,-2296759.37642982,-7498.5147688439)
(-1301110.90198498,-2289213.85908131,-325795.910602571)
(-1255747.55763852,-1963506.26815274,-1963832.8506035)
(0,0,0)
(0,0,0)
(0,0,0)
(0,0,0)
(0,0,0)
(0,0,0)
(0,0,0)
(0,0,0)
(0,0,0)
(0,0,0)
(0,0,0)
(0,0,0)
(0,0,0)
(0,0,0)
(0,0,0)
(0,0,0)
(0,0,0)
(0,0,0)
(0,0,0)
(0,0,0)
(0,0,0)
(0,0,0)
(0,0,0)
(0,0,0)
(0,0,0)
(0,0,0)
(0,0,0)
(0,0,0)
(0,0,0)
(0,0,0)
(0,0,0)
(0,0,0)
(0,0,0)
(0,0,0)
(0,0,0)
(0,0,0)
(0,0,0)
(0,0,0)
(0,0,0)
(0,0,0)
(0,0,0)
(0,0,0)
(0,0,0)
(0,0,0)
(0,0,0)
(0,0,0)
(0,0,0)
(0,0,0)
(0,0,0)
(0,0,0)
(0,0,0)
(0,0,0)
(0,0,0)
(0,0,0)
(0,0,0)
(0,0,0)
(0,0,0)
(0,0,0)
(0,0,0)
(0,0,0)
(0,0,0)
(0,0,0)
(0,0,0)
(0,0,0)
(0,0,0)
(0,0,0)
(0,0,0)
(0,0,0)
(0,0,0)
(0,0,0)
(0,0,0)
(0,0,0)
(0,0,0)
(0,0,0)
(0,0,0)
(0,0,0)
(0,0,0)
(0,0,0)
(0,0,0)
(0,0,0)
(0,0,0)
(0,0,0)
(0,0,0)
(0,0,0)
(0,0,0)
(0,0,0)
(0,0,0)
(0,0,0)
(0,0,0)
(0,0,0)
(0,0,0)
(0,0,0)
(0,0,0)
(0,0,0)
(0,0,0)
(0,0,0)
(0,0,0)
(0,0,0)
(0,0,0)
(0,0,0)
(0,0,0)
(0,0,0)
(-179783.939847349,15460.6579418829,12266.0779903097)
(-185153.37985584,14234.6967933196,24813.6230840024)
(-196960.858716922,11440.1570950038,37699.0203884443)
(-217556.895615238,6378.07731507053,50289.4286098738)
(-250820.054789524,-1929.41301037406,60021.7818331186)
(-301910.724158652,-13825.534598217,58620.0814402433)
(-375304.53976717,-25757.9641940895,21361.8371192108)
(-466288.344975293,-25795.7781363849,-116654.937018626)
(-539183.302797205,-15833.3127206031,-466862.986080994)
(-468657.894785204,-6716.98845444186,-1101416.31432872)
(0,0,0)
(0,0,0)
(0,0,0)
(0,0,0)
(0,0,0)
(0,0,0)
(-185780.527198511,31529.7462437281,11042.6411654716)
(-190834.762693941,29232.9686819728,22028.0556568908)
(-202011.275903715,23850.0950469569,32634.3887905254)
(-221540.233934969,13594.5263281718,41951.2812540214)
(-253277.996874131,-4860.23377184156,48063.9352695336)
(-302884.462404017,-35669.5764664841,46607.997314924)
(-375807.934717106,-74792.7790186082,21241.9771147111)
(-464060.621218753,-73847.8252930878,-106797.730334699)
(-535631.35533215,-39452.1267184891,-457818.813786412)
(-466490.172145525,-14994.3041139622,-1094769.97279934)
(0,0,0)
(0,0,0)
(0,0,0)
(0,0,0)
(0,0,0)
(0,0,0)
(-198959.621982599,48307.1883418407,8697.02379009874)
(-203451.589889834,45297.7657795123,16616.6703933475)
(-213320.097074756,38103.4762792069,22334.6332680237)
(-230586.690893574,23501.7507618009,23428.1808840188)
(-259139.840459578,-6455.95977421176,17186.8851571012)
(-306705.888347932,-70105.4585222884,7460.53031218633)
(-387037.514768188,-192492.761959288,22173.1812341614)
(-464090.870564896,-190054.841007497,-72538.3762562319)
(-526909.806159396,-77077.8089136317,-433560.898226412)
(-461103.445100294,-24059.1763970923,-1080012.18059233)
(0,0,0)
(0,0,0)
(0,0,0)
(0,0,0)
(0,0,0)
(0,0,0)
(-221767.39937678,64364.741974235,5686.15821476791)
(-225473.068604014,61315.4267010027,9406.32204231462)
(-233437.016461621,54024.3244765206,7711.28273414759)
(-247040.64720502,38868.3566106399,-6566.48492839352)
(-269433.892775213,4367.03033613164,-46564.710524391)
(-313596.612387887,-93488.0251370676,-115046.557854552)
(-473157.266722115,-472928.538214744,24503.7811040261)
(-497887.399227702,-497147.640786604,40259.9680161732)
(-506556.48353964,-113350.250860976,-380758.245081275)
(-450225.27795497,-25527.4692931959,-1056173.81942176)
(0,0,0)
(0,0,0)
(0,0,0)
(0,0,0)
(0,0,0)
(0,0,0)
(-257995.064027174,74961.3255787275,2676.45856013762)
(-260732.866100795,72599.1497205774,2141.25738519489)
(-266318.62961292,67278.2459442447,-7495.18547411116)
(-274340.564250156,57413.1071803237,-41132.7045127818)
(-280067.907537999,39544.1257592244,-144541.015343328)
(-252423.430300864,10100.419943503,-494661.398519769)
(7.77138669034362e-05,2.09102683496825e-05,-5.10546296005357e-05)
(-827.547454775764,-350.968746626638,423891.466846704)
(-425100.491354199,-10221.9896364817,-293067.075602401)
(-430609.993521386,-1492.2150744372,-1030807.0135153)
(0,0,0)
(0,0,0)
(0,0,0)
(0,0,0)
(0,0,0)
(0,0,0)
(-312264.090034138,68362.4013728887,336.75746200321)
(-314052.632132097,67057.3042612004,-3172.75991718675)
(-317440.269802255,64510.376545179,-17439.3222815015)
(-320912.638917656,60696.4904031387,-59136.943198056)
(-316829.937167448,54878.386875777,-174191.771914661)
(-268247.945627884,42343.1590529819,-505011.172679993)
(7.12390001079684e-05,2.80997267102059e-05,-4.13285095255724e-05)
(-552.159247463055,1.09245837623258,414137.256785839)
(-414995.569657892,29029.1279269431,-284236.405651445)
(-430428.900059294,12373.9890420061,-1029290.50613258)
(0,0,0)
(0,0,0)
(0,0,0)
(0,0,0)
(0,0,0)
(0,0,0)
(-387992.973100487,18218.8216600706,-946.650187331682)
(-389000.071393402,17981.1608241249,-5707.43438963299)
(-390609.521486346,18265.4872277059,-21268.7967118187)
(-390611.371949208,20983.1182670849,-65025.8304423927)
(-379519.894238438,29666.5160034489,-186888.949635925)
(-314830.428320502,44127.6227714598,-547562.521855232)
(0.000191330561385863,-6.81472876085134e-05,-5.41134171640377e-05)
(-812.433121663481,439207.129963054,443336.206604344)
(-444658.915199794,90349.2436181107,-300729.992278171)
(-447994.117604896,10924.099909075,-1041530.62049896)
(0,0,0)
(0,0,0)
(0,0,0)
(0,0,0)
(0,0,0)
(0,0,0)
(-479824.291610785,-132191.019834832,-1177.26755625081)
(-480289.961130036,-131723.601002922,-5420.65625201726)
(-480717.229913927,-129457.208369132,-18548.8202826221)
(-478758.06878421,-121037.289448674,-56363.7027755085)
(-464372.293455415,-91857.521162244,-172506.685533486)
(-390149.923106907,16518.555315761,-591710.993715158)
(-918.402665308308,490369.186348916,439187.09834828)
(-440413.160900315,106670.054721814,94531.4248435324)
(-554306.426569447,-50890.8492360325,-380063.907033534)
(-485585.582352169,-65843.6673023004,-1052269.55856592)
(0,0,0)
(0,0,0)
(0,0,0)
(0,0,0)
(0,0,0)
(0,0,0)
(-550575.443388603,-488264.761811698,-722.207433197619)
(-550751.237972982,-487714.352890465,-3198.20419897546)
(-550762.490190963,-485641.80743151,-10169.1782552108)
(-549260.67034862,-479133.765469524,-27206.4100489801)
(-542213.770223426,-460992.74539931,-64178.4080220576)
(-520481.510885347,-414804.012594824,-117920.278762641)
(-491621.573580744,-321916.021777698,55386.2201700724)
(-563896.269251713,-383061.461400284,-63029.0633714986)
(-606490.715730697,-392735.596638277,-394922.593701996)
(-497126.341555536,-278150.381117405,-986231.478566671)
(0,0,0)
(0,0,0)
(0,0,0)
(0,0,0)
(0,0,0)
(0,0,0)
(-475061.660592515,-1124532.494264,-265.524773846137)
(-475122.831354576,-1124135.63846539,-1212.11970550226)
(-475110.809043896,-1122769.31735053,-3720.048591767)
(-474524.057183409,-1118857.66523573,-9076.44465353808)
(-472301.503352728,-1109673.05220315,-17983.5567339605)
(-467550.366824921,-1091640.20411959,-25050.8031054863)
(-465962.458714563,-1066488.55825407,-5823.57731607252)
(-491429.601499812,-1060579.73775117,-72708.9979574729)
(-498354.32871423,-987912.40304185,-280288.764824642)
(-398567.958010931,-707706.626243465,-707912.119326155)
(0,0,0)
(0,0,0)
(0,0,0)
(0,0,0)
(0,0,0)
(0,0,0)
(0,0,0)
(0,0,0)
(0,0,0)
(0,0,0)
(0,0,0)
(0,0,0)
(0,0,0)
(0,0,0)
(0,0,0)
(0,0,0)
(0,0,0)
(0,0,0)
(0,0,0)
(0,0,0)
(0,0,0)
(0,0,0)
(0,0,0)
(0,0,0)
(0,0,0)
(0,0,0)
(0,0,0)
(0,0,0)
(0,0,0)
(0,0,0)
(0,0,0)
(0,0,0)
(0,0,0)
(0,0,0)
(0,0,0)
(0,0,0)
(0,0,0)
(0,0,0)
(0,0,0)
(0,0,0)
(0,0,0)
(0,0,0)
(0,0,0)
(0,0,0)
(0,0,0)
(0,0,0)
(0,0,0)
(0,0,0)
(0,0,0)
(0,0,0)
(0,0,0)
(0,0,0)
(0,0,0)
(0,0,0)
(0,0,0)
(0,0,0)
(0,0,0)
(0,0,0)
(0,0,0)
(0,0,0)
(0,0,0)
(0,0,0)
(0,0,0)
(0,0,0)
(0,0,0)
(0,0,0)
(0,0,0)
(0,0,0)
(0,0,0)
(0,0,0)
(0,0,0)
(0,0,0)
(0,0,0)
(0,0,0)
(0,0,0)
(0,0,0)
(0,0,0)
(0,0,0)
(0,0,0)
(0,0,0)
(0,0,0)
(0,0,0)
(0,0,0)
(0,0,0)
(0,0,0)
(0,0,0)
(0,0,0)
(0,0,0)
(0,0,0)
(0,0,0)
(0,0,0)
(0,0,0)
(0,0,0)
(0,0,0)
(0,0,0)
(0,0,0)
(0,0,0)
(0,0,0)
(0,0,0)
(0,0,0)
(0,0,0)
(0,0,0)
(-196065.969832537,9362.88029206568,6919.14969312518)
(-199701.255655157,8434.45912613166,13032.566366311)
(-207339.192173106,6303.01958758002,17107.8802349102)
(-219832.631862828,2343.72777976727,17039.8887027347)
(-238213.51090605,-4439.83246409543,8873.17728335453)
(-263284.093660506,-14864.6536774753,-14888.7995373202)
(-294139.552818253,-26334.3488833155,-69719.4376029209)
(-322944.361214645,-23599.3388960413,-189464.082467529)
(-320208.208498626,-12268.3325498397,-396170.844216277)
(-227758.675632182,-4519.73052541186,-632550.332843872)
(0,0,0)
(0,0,0)
(0,0,0)
(0,0,0)
(0,0,0)
(0,0,0)
(-200618.936130397,18210.5730596318,5990.71616432027)
(-203785.257890462,16489.2037166707,10886.4667702973)
(-210359.971897808,12423.7812049495,13114.401147019)
(-220704.708174935,4428.70595201544,10193.8972147424)
(-235047.890767906,-10860.0106051728,-1616.03075040681)
(-253312.340662587,-39662.3268367123,-26390.4793325997)
(-275298.301714415,-86209.4907922888,-67024.9704263156)
(-302518.432678188,-73957.8189261757,-178208.678936733)
(-306856.200037124,-30758.7332106976,-388493.43357091)
(-221767.160507221,-9636.04998981514,-628100.125744801)
(0,0,0)
(0,0,0)
(0,0,0)
(0,0,0)
(0,0,0)
(0,0,0)
(-210366.820526632,25404.5374204151,4213.23418324744)
(-212695.461817887,23203.7371858093,6742.57264216594)
(-217122.62451668,17944.4358949545,5024.44539408716)
(-222945.161801416,7002.56000867763,-5190.93775472984)
(-227923.600103772,-16803.2235003594,-30463.9652153496)
(-226822.64198566,-77093.3518103758,-72916.1866039481)
(-212617.560736215,-278769.750794613,-54775.8806335926)
(-233806.305966104,-223909.061576968,-135109.202581596)
(-268505.078855749,-56746.2176569482,-367526.445439007)
(-206392.70265946,-13208.6246126903,-618664.613256974)
(0,0,0)
(0,0,0)
(0,0,0)
(0,0,0)
(0,0,0)
(0,0,0)
(-226558.45750958,28191.3810682767,2004.21448494063)
(-227779.772488975,26091.9084276394,1422.74712806664)
(-229315.038572983,21217.4680052449,-5972.26287086004)
(-228628.384679883,11648.4304821267,-29030.3958694482)
(-218259.402413863,-6207.21018928258,-90800.8995418855)
(-174474.297188067,-32355.7142895294,-274660.852262551)
(3.74912507378455e-05,7.74480111320673e-06,-2.01453571259565e-05)
(-432.660805045452,-170.100249766022,31933.5148936496)
(-175282.955488714,-31934.4470442837,-324151.783769942)
(-176007.88885733,-5924.31094347613,-605653.486536815)
(0,0,0)
(0,0,0)
(0,0,0)
(0,0,0)
(0,0,0)
(0,0,0)
(-250614.434648593,20869.3850071165,-58.6333174181936)
(-250656.602390265,19429.837047894,-3472.82564820927)
(-249298.450669787,16338.9560230128,-15614.4926091142)
(-242363.672131966,11012.7919043911,-46955.7461495724)
(-219144.211100051,2927.45232275586,-117014.105099547)
(-153767.552608715,-5641.52265413533,-242384.174427069)
(-4.92561329886802e-06,2.45977825409037e-06,9.35604844117636e-05)
(8.57292470932954e-05,1.19459729389839e-05,-4.43432895784364e-06)
(-822.643397395008,-92.8137196664195,-298272.634611155)
(-133614.968569351,-1289.43051258146,-599902.539994061)
(0,0,0)
(0,0,0)
(0,0,0)
(0,0,0)
(0,0,0)
(0,0,0)
(-282777.694774106,-7126.38163699694,-1490.6286159202)
(-281842.931330779,-7667.63777383919,-6602.85459550548)
(-278272.919424934,-8423.76016443531,-21007.4887853799)
(-266943.228836956,-8785.39415957989,-55178.7128021093)
(-235703.78663979,-7609.37162011872,-125768.039386882)
(-158650.81431058,-4051.12964244989,-236955.563715866)
(6.36002665258476e-07,7.01431197852275e-06,7.13484005831921e-05)
(6.33950477103349e-05,2.40462036895483e-05,-4.50818962736611e-06)
(-701.097390744797,-525.635999337223,-299378.697786021)
(-127375.586800042,-5132.6017710777,-598588.83978678)
(0,0,0)
(0,0,0)
(0,0,0)
(0,0,0)
(0,0,0)
(0,0,0)
(-319675.775852177,-73432.3143637127,-2011.26452159231)
(-318169.697741397,-73140.1589609366,-7369.11698649678)
(-313352.923560885,-71679.4316024758,-21370.0434739241)
(-299688.982776486,-66988.4298601655,-54089.3969460548)
(-263876.746103718,-54950.4279393657,-122391.488761527)
(-177334.161798121,-30824.2227166413,-233114.662209736)
(9.70726649161094e-06,0.000110218535487806,8.36808607624318e-05)
(0.000108832695514433,6.40216258613357e-07,-2.11577000962514e-06)
(-398.128832918018,-19144.7522396956,-303737.281729325)
(-136956.23986648,-26625.4573898537,-593282.303848968)
(0,0,0)
(0,0,0)
(0,0,0)
(0,0,0)
(0,0,0)
(0,0,0)
(-348875.680910321,-202677.417414852,-1703.50764933109)
(-347289.202480487,-201928.48256234,-5915.94269748348)
(-342401.347431924,-199248.966285176,-16662.2904967801)
(-329013.687004951,-191305.798590723,-42089.3035454749)
(-293573.520794855,-169437.757982544,-98400.7461628499)
(-203283.857079831,-113488.139873679,-202602.895032895)
(0.000128179831142064,-3.67996634247637e-06,-9.75312772358679e-06)
(-305.39833729874,-16535.918131561,-19050.062495289)
(-178530.888133123,-102904.528076276,-311065.825095027)
(-179513.835966917,-77302.0308972182,-566460.99797293)
(0,0,0)
(0,0,0)
(0,0,0)
(0,0,0)
(0,0,0)
(0,0,0)
(-339930.098436518,-412353.495902248,-969.266464687053)
(-338667.349835109,-411697.854211445,-3283.78295346172)
(-334963.237082334,-409602.250125757,-8729.75222151258)
(-325068.690782418,-404000.360613376,-20227.1697650626)
(-298741.436346657,-390671.40150659,-42465.8601177801)
(-225862.91361964,-361481.042386715,-89091.554870441)
(-751.567533041907,-295928.419639692,-16792.8851280915)
(-181431.333415343,-310352.716217704,-105441.022878333)
(-245021.630209274,-284450.644779219,-285363.991696815)
(-191315.451482606,-179525.537678608,-488951.374988346)
(0,0,0)
(0,0,0)
(0,0,0)
(0,0,0)
(0,0,0)
(0,0,0)
(-238073.531482097,-648971.405025666,-370.21998700787)
(-237415.415734894,-648533.028899551,-1242.46091859557)
(-235573.831333575,-647206.880215695,-3174.80853899051)
(-230906.410140506,-643880.134734749,-6912.68146052934)
(-219744.869571648,-636885.86500704,-13254.8517411383)
(-195193.215189013,-623607.095969408,-23485.9497943574)
(-153990.63835895,-600134.862001473,-31251.3277882107)
(-184595.429504752,-568903.892383769,-79534.3236172128)
(-192503.603149598,-489445.792975905,-180389.900985181)
(-140085.41833229,-309137.792656956,-309260.185685484)
(0,0,0)
(0,0,0)
(0,0,0)
(0,0,0)
(0,0,0)
(0,0,0)
(0,0,0)
(0,0,0)
(0,0,0)
(0,0,0)
(0,0,0)
(0,0,0)
(0,0,0)
(0,0,0)
(0,0,0)
(0,0,0)
(0,0,0)
(0,0,0)
(0,0,0)
(0,0,0)
(0,0,0)
(0,0,0)
(0,0,0)
(0,0,0)
(0,0,0)
(0,0,0)
(0,0,0)
(0,0,0)
(0,0,0)
(0,0,0)
(0,0,0)
(0,0,0)
(0,0,0)
(0,0,0)
(0,0,0)
(0,0,0)
(0,0,0)
(0,0,0)
(0,0,0)
(0,0,0)
(0,0,0)
(0,0,0)
(0,0,0)
(0,0,0)
(0,0,0)
(0,0,0)
(0,0,0)
(0,0,0)
(0,0,0)
(0,0,0)
(0,0,0)
(0,0,0)
(0,0,0)
(0,0,0)
(0,0,0)
(0,0,0)
(0,0,0)
(0,0,0)
(0,0,0)
(0,0,0)
(0,0,0)
(0,0,0)
(0,0,0)
(0,0,0)
(0,0,0)
(0,0,0)
(0,0,0)
(0,0,0)
(0,0,0)
(0,0,0)
(0,0,0)
(0,0,0)
(0,0,0)
(0,0,0)
(0,0,0)
(0,0,0)
(0,0,0)
(0,0,0)
(0,0,0)
(0,0,0)
(0,0,0)
(0,0,0)
(0,0,0)
(0,0,0)
(0,0,0)
(0,0,0)
(0,0,0)
(0,0,0)
(0,0,0)
(0,0,0)
(0,0,0)
(0,0,0)
(0,0,0)
(0,0,0)
(0,0,0)
(0,0,0)
(0,0,0)
(0,0,0)
(0,0,0)
(0,0,0)
(0,0,0)
(0,0,0)
(-204137.212614332,4755.61695717259,3315.62582462766)
(-206080.975773246,4279.00790145325,5416.33804126478)
(-209854.321195145,3252.69312624331,4678.77393705975)
(-215357.334476388,1475.78620171918,-1272.30965110028)
(-222007.375692176,-1300.12396918625,-16178.3208957907)
(-228806.74700734,-4949.60013307137,-45706.0674158801)
(-233815.751394432,-7561.34813115892,-98468.5207085529)
(-231672.621618737,-3197.91493029472,-186542.345374167)
(-204396.827907899,1107.79870335705,-303461.524668222)
(-128269.475763724,1517.59451847466,-404468.319055213)
(0,0,0)
(0,0,0)
(0,0,0)
(0,0,0)
(0,0,0)
(0,0,0)
(-207056.798931508,8346.3023322133,2847.17742607346)
(-208516.357031661,7494.63433576419,4362.6501329636)
(-211185.539442594,5591.29914769055,2849.61165630776)
(-214399.773097643,2127.55126002314,-4107.08847929113)
(-216730.630099536,-3843.48007923226,-19880.9930376129)
(-216445.566635521,-13354.4399030356,-48342.9272947144)
(-213321.292686361,-23739.7757201412,-94141.5087337829)
(-212173.946153798,-5366.11825191304,-182317.791936559)
(-192445.518378303,7540.90080525878,-303161.575697264)
(-123081.149958303,5731.37950763404,-406061.37123535)
(0,0,0)
(0,0,0)
(0,0,0)
(0,0,0)
(0,0,0)
(0,0,0)
(-213072.319727233,9113.10879097638,1938.69274184226)
(-213683.638653992,8069.2872209313,2352.21669278267)
(-214181.016330085,5740.69460987276,-738.786955991291)
(-212704.707751732,1299.92563478184,-10151.6153804395)
(-205321.371608765,-7205.57759424605,-29391.7463604343)
(-185953.637167454,-24901.4097267777,-58713.7813549045)
(-152815.965106535,-66465.6271821911,-75789.5255225338)
(-154750.249579895,9296.48641096132,-169508.186571618)
(-161743.117716932,36405.8998432466,-305135.14674843)
(-111004.51468554,17165.7409343502,-411957.696149055)
(0,0,0)
(0,0,0)
(0,0,0)
(0,0,0)
(0,0,0)
(0,0,0)
(-222512.056558306,4211.74863191153,854.959207785886)
(-222060.537403941,3287.68481333836,-82.67346965132)
(-219729.530196561,1337.5063617108,-5264.9935979112)
(-211899.380370709,-2023.2397546222,-18670.83251768)
(-190000.757538419,-7065.5041074529,-47069.5508799139)
(-134454.235505181,-11682.2479415572,-100308.774348021)
(3.23790013170998e-05,7.3661338678689e-06,2.21265782902416e-06)
(-35.6990837068887,-61.0530685028393,-142437.410547954)
(-99235.1050436302,142417.908542084,-324497.269691882)
(-90523.6192830099,36459.3063078186,-429275.104639657)
(0,0,0)
(0,0,0)
(0,0,0)
(0,0,0)
(0,0,0)
(0,0,0)
(-235246.773193505,-11078.6182632832,-77.2945598871883)
(-233765.076547468,-11587.0524126148,-2094.08317673032)
(-228901.591244722,-12461.4624573323,-8691.97378275286)
(-215885.039283422,-13418.4615133146,-23775.384872607)
(-184697.716083175,-13535.4701297616,-51751.9138671733)
(-117959.58055282,-10488.4090425416,-88753.7248220844)
(-4.57200820232749e-06,1.23074615398162e-06,7.86029792359797e-06)
(7.61713187758816e-05,3.7035010440307e-06,1.32588555492121e-05)
(-871.60263224594,-11.8193047347295,-430568.826220419)
(-66757.567409192,4940.61001319793,-465907.531085947)
(0,0,0)
(0,0,0)
(0,0,0)
(0,0,0)
(0,0,0)
(0,0,0)
(-249539.144663333,-43713.5076371225,-603.660736936312)
(-247290.497897255,-43718.786439736,-3024.36014334039)
(-240796.598893092,-43277.1221566875,-9685.02097583153)
(-224759.164183891,-41316.0761598379,-23971.4709823741)
(-188789.351769327,-35597.3947659236,-48823.9812166733)
(-116909.913789484,-22603.6871601306,-78449.6036201828)
(3.94787824985134e-08,3.54454198942575e-06,-7.15531473584855e-12)
(5.27246077195136e-05,4.61205111582333e-06,9.76188276371494e-06)
(-788.081028283869,-164.627197149303,-425594.422911101)
(-62518.1196671365,-14645.3999132655,-470865.880117542)
(0,0,0)
(0,0,0)
(0,0,0)
(0,0,0)
(0,0,0)
(0,0,0)
(-260490.970394359,-102308.88983706,-589.42325789371)
(-257953.125511926,-101936.666953161,-2588.11497394032)
(-250987.948548284,-100487.840295863,-7742.37184736522)
(-234333.211819141,-96073.0035662694,-18341.215398277)
(-197465.59490817,-84372.8429763277,-35976.9183834215)
(-123373.794639781,-56525.6659852797,-56015.3067166082)
(7.15727043216414e-06,7.37046689662019e-06,-8.45465822684436e-12)
(9.0697175442595e-05,6.07453459071167e-06,1.66730281422924e-05)
(-528.31592883995,-197127.033618756,-439928.246556266)
(-66366.2529269544,-69106.5785897428,-456057.05481934)
(0,0,0)
(0,0,0)
(0,0,0)
(0,0,0)
(0,0,0)
(0,0,0)
(-257608.893010765,-193375.933416369,-199.744320245376)
(-255333.28298898,-192965.200716227,-1127.13004868088)
(-249163.304612985,-191504.985811905,-3348.02735157838)
(-234667.308811199,-187047.272938293,-6720.13617330816)
(-202190.722373996,-174246.579617705,-8229.19795278924)
(-132768.138234652,-135632.437091913,361.854308665834)
(0.000112095371520879,1.95457491834228e-05,3.77300181103497e-06)
(-349.693040138834,-197276.402235774,-196983.370091597)
(-91686.599957672,-169180.822075454,-311773.869810342)
(-84645.518451416,-88994.0773007469,-386754.688614831)
(0,0,0)
(0,0,0)
(0,0,0)
(0,0,0)
(0,0,0)
(0,0,0)
(-223459.536554947,-310035.357831616,188.862533681059)
(-221811.251134313,-309958.468074452,326.031191099915)
(-217508.870963884,-309734.472858536,1101.1521192749)
(-207723.173389511,-309357.1750433,6065.53683138887)
(-186110.469207151,-311199.604184004,30387.5942581799)
(-136707.828988629,-330375.4374325,135975.509967749)
(-968.208605428054,-448729.33804594,-197360.33028333)
(-94012.3592804048,-313212.249124204,-168843.457529829)
(-119812.464331587,-231751.70580974,-231481.739673228)
(-86065.421158646,-128206.788451901,-297519.058846054)
(0,0,0)
(0,0,0)
(0,0,0)
(0,0,0)
(0,0,0)
(0,0,0)
(-138041.552104976,-410307.384234396,240.047025664374)
(-137219.29858531,-410483.937002236,569.398803865382)
(-135137.989041742,-411049.64146771,1448.72512120414)
(-130590.140905328,-412433.571088827,4208.85193154682)
(-121380.402012514,-416621.474766138,11266.2549545527)
(-104070.89418639,-427932.464393507,17700.9609129309)
(-77484.844717013,-445734.196219109,-61799.9745558334)
(-88246.920277268,-384029.750925043,-87330.9819824781)
(-86921.4269874951,-296789.306312472,-127875.557641846)
(-58057.6050783238,-168995.626440213,-169114.532907503)
(0,0,0)
(0,0,0)
(0,0,0)
(0,0,0)
(0,0,0)
(0,0,0)
(0,0,0)
(0,0,0)
(0,0,0)
(0,0,0)
(0,0,0)
(0,0,0)
(0,0,0)
(0,0,0)
(0,0,0)
(0,0,0)
(0,0,0)
(0,0,0)
(0,0,0)
(0,0,0)
(0,0,0)
(0,0,0)
(0,0,0)
(0,0,0)
(0,0,0)
(0,0,0)
(0,0,0)
(0,0,0)
(0,0,0)
(0,0,0)
(0,0,0)
(0,0,0)
(0,0,0)
(0,0,0)
(0,0,0)
(0,0,0)
(0,0,0)
(0,0,0)
(0,0,0)
(0,0,0)
(0,0,0)
(0,0,0)
(0,0,0)
(0,0,0)
(0,0,0)
(0,0,0)
(0,0,0)
(0,0,0)
(0,0,0)
(0,0,0)
(0,0,0)
(0,0,0)
(0,0,0)
(0,0,0)
(0,0,0)
(0,0,0)
(0,0,0)
(0,0,0)
(0,0,0)
(0,0,0)
(0,0,0)
(0,0,0)
(0,0,0)
(0,0,0)
(0,0,0)
(0,0,0)
(0,0,0)
(0,0,0)
(0,0,0)
(0,0,0)
(0,0,0)
(0,0,0)
(0,0,0)
(0,0,0)
(0,0,0)
(0,0,0)
(0,0,0)
(0,0,0)
(0,0,0)
(0,0,0)
(0,0,0)
(0,0,0)
(0,0,0)
(0,0,0)
(0,0,0)
(0,0,0)
(0,0,0)
(0,0,0)
(0,0,0)
(0,0,0)
(0,0,0)
(0,0,0)
(0,0,0)
(0,0,0)
(0,0,0)
(0,0,0)
(0,0,0)
(0,0,0)
(0,0,0)
(0,0,0)
(0,0,0)
(0,0,0)
(-207272.436689556,1759.32372536476,1375.90034985074)
(-208090.484267867,1770.01145205255,1615.39739241611)
(-209424.338611028,1916.83612367355,-731.421315372286)
(-210764.572583885,2465.65668040454,-7789.83988827582)
(-210922.035496895,3967.67231780151,-22842.8524013573)
(-208393.993214697,7351.81065187387,-50607.4168458744)
(-201058.482294167,12864.2067825022,-96228.8927286358)
(-185067.872232608,16257.4412886875,-159091.083403451)
(-149466.036728524,13070.6953214315,-227092.569904261)
(-86271.8794978543,6726.56160209457,-275816.727772212)
(0,0,0)
(0,0,0)
(0,0,0)
(0,0,0)
(0,0,0)
(0,0,0)
(-208799.021889561,2149.59679037025,1351.94989304568)
(-209278.661172386,2203.92792049901,1680.3375653255)
(-209855.192845796,2543.34841041164,-276.521318216779)
(-209678.384507738,3803.29135273185,-6335.54458044968)
(-207135.282628997,7509.29497662864,-19472.514709818)
(-200483.466105708,17018.3409332458,-45101.1455210113)
(-189346.75008458,36636.8645019432,-92848.3458422429)
(-178367.510073773,51951.1532669235,-162348.493900515)
(-146404.757388628,38206.0286389369,-233524.588207697)
(-85058.6169247906,17799.3820131801,-282619.941652288)
(0,0,0)
(0,0,0)
(0,0,0)
(0,0,0)
(0,0,0)
(0,0,0)
(-211738.709960768,-496.453242495939,1312.44026639898)
(-211632.89235085,-386.769447294639,1852.39133104545)
(-210749.648467644,161.892342677463,802.479536336677)
(-207452.20033346,2067.29830887595,-2714.03483807795)
(-198622.154165967,8035.15883994913,-9939.11614419892)
(-179872.949732948,26473.3689970321,-25474.8316424882)
(-150323.7186572,86222.1218569431,-77552.3354468309)
(-168068.574283265,163875.451314275,-176158.308790816)
(-144497.111909428,98861.2513185495,-254059.537277915)
(-84324.9484684968,37630.5976063511,-300570.319088135)
(0,0,0)
(0,0,0)
(0,0,0)
(0,0,0)
(0,0,0)
(0,0,0)
(-215782.524164068,-8550.29891753634,1324.31328080185)
(-214951.386012175,-8400.29779261925,2228.69023435634)
(-212137.690457025,-7770.74169958999,2569.484537086)
(-204511.477435448,-5967.66171648479,3216.54162718981)
(-185516.489945924,-1750.67375290515,8518.106627557)
(-138425.072991392,4773.73324403884,34188.5798667623)
(1.9677319511929e-05,-3.22970208715968e-06,1.34319101327152e-05)
(-195125.262548762,-375.545293348532,-241171.311381652)
(-166846.568382204,240674.630653111,-315373.22737763)
(-90143.7357142458,60209.0241080053,-338331.537448045)
(0,0,0)
(0,0,0)
(0,0,0)
(0,0,0)
(0,0,0)
(0,0,0)
(-219957.926088004,-25244.3923180081,1405.24629496387)
(-218450.179029835,-25042.7644428881,2732.81542760654)
(-213941.754656528,-24278.8799612493,4281.11710107369)
(-202728.508008627,-22214.3502617341,7371.27437153196)
(-176472.827702867,-17567.5398426352,14963.2520809461)
(-117952.906174019,-9417.12741385466,29147.438360038)
(-7.40524325086351e-06,-4.2223515706681e-07,-6.43456690369925e-07)
(5.02849277659384e-05,-1.57737588376703e-06,2.63785325106654e-05)
(-304203.627400488,14.4958004423513,-495916.328624506)
(-112910.91611405,9142.45099918096,-398696.406810811)
(0,0,0)
(0,0,0)
(0,0,0)
(0,0,0)
(0,0,0)
(0,0,0)
(-221986.1429116,-54368.0396915248,1570.6456217855)
(-220045.426545109,-54132.4196089794,3415.22943573851)
(-214674.224324586,-53269.2937960442,6283.26870202733)
(-201945.512024264,-50700.9217388426,11956.1880195102)
(-173356.942126323,-44097.8935847451,23054.1321186182)
(-112735.404037687,-28953.9336764093,38416.4286293761)
(-1.54522503540826e-06,2.06463440973749e-07,5.36322534752287e-13)
(3.55774988401654e-05,-2.96602643787572e-06,1.85357599697791e-05)
(-288118.689502945,98.1341860536459,-486782.214057736)
(-113794.682874682,-18489.3273926628,-407873.872458339)
(0,0,0)
(0,0,0)
(0,0,0)
(0,0,0)
(0,0,0)
(0,0,0)
(-217601.403709183,-99060.1790401875,1802.57266349733)
(-215618.146621844,-98933.1600047262,4268.33416915685)
(-210441.739051775,-98349.4713727174,8802.30224931921)
(-198580.939556497,-96101.7258957662,18450.8341435961)
(-172433.581267458,-88779.7777428997,38100.7046610425)
(-115799.632030878,-65682.6524285471,67255.2608042713)
(3.48244510055578e-06,2.10756435005863e-06,-6.29109729182252e-13)
(4.96964310862834e-05,1.12126390711487e-05,2.68220782181774e-05)
(-315858.248598914,-288168.137026625,-505317.926584233)
(-113527.55916049,-87336.2013131037,-389309.746430255)
(0,0,0)
(0,0,0)
(0,0,0)
(0,0,0)
(0,0,0)
(0,0,0)
(-199776.214044313,-158819.14638915,1926.28838251715)
(-198167.375273344,-159048.647588147,4875.86825030725)
(-194179.72826903,-159477.391138092,11020.2116717257)
(-185751.365394283,-159693.521348082,25696.0637071231)
(-168731.210831959,-157706.29806539,61163.0724875731)
(-131091.79088363,-139064.065134024,132868.137842028)
(6.37416157577217e-05,3.72051781332725e-05,9.81689800085171e-06)
(-232020.091739108,-290501.01824633,-287966.204445929)
(-166344.34755867,-197083.963593803,-304392.630277755)
(-84206.5232389338,-90311.5102880056,-301856.316515337)
(0,0,0)
(0,0,0)
(0,0,0)
(0,0,0)
(0,0,0)
(0,0,0)
(-159805.357908309,-224159.678953694,1686.35391789956)
(-158765.362034716,-224888.400472172,4480.21770232724)
(-156442.064988328,-226854.81784245,10790.8384311284)
(-152624.750231585,-231675.873426734,27674.7673518521)
(-150054.529071555,-245925.042478613,79837.5716294802)
(-170462.145697141,-297241.661068671,271769.484272629)
(-352815.673502279,-524726.792960148,-290234.693521287)
(-173263.092392412,-307079.585855581,-194405.392800021)
(-115145.963728098,-198659.901778761,-197495.955218566)
(-62428.6848384717,-100127.312272052,-211316.889554686)
(0,0,0)
(0,0,0)
(0,0,0)
(0,0,0)
(0,0,0)
(0,0,0)
(-91479.2257588914,-271705.880383857,983.875084082135)
(-91005.1688437448,-272697.88572333,2579.23059367891)
(-90001.3284970201,-275332.132438154,5919.88464466003)
(-88507.5973922362,-281230.089513908,13391.5572187448)
(-87868.4583989113,-294629.587687451,28584.1588139733)
(-93759.5003119156,-323301.29591924,44332.399790078)
(-117675.888621342,-367728.058807937,-72475.2904578043)
(-86526.2861638922,-295395.99590153,-85879.5145252361)
(-62898.8685642498,-209681.49701568,-98880.4777115614)
(-35210.2600702486,-110874.511355998,-110980.62363569)
(0,0,0)
(0,0,0)
(0,0,0)
(0,0,0)
(0,0,0)
(0,0,0)
(0,0,0)
(0,0,0)
(0,0,0)
(0,0,0)
(0,0,0)
(0,0,0)
(0,0,0)
(0,0,0)
(0,0,0)
(0,0,0)
(0,0,0)
(0,0,0)
(0,0,0)
(0,0,0)
(0,0,0)
(0,0,0)
(0,0,0)
(0,0,0)
(0,0,0)
(0,0,0)
(0,0,0)
(0,0,0)
(0,0,0)
(0,0,0)
(0,0,0)
(0,0,0)
(0,0,0)
(0,0,0)
(0,0,0)
(0,0,0)
(0,0,0)
(0,0,0)
(0,0,0)
(0,0,0)
(0,0,0)
(0,0,0)
(0,0,0)
(0,0,0)
(0,0,0)
(0,0,0)
(0,0,0)
(0,0,0)
(0,0,0)
(0,0,0)
(0,0,0)
(0,0,0)
(0,0,0)
(0,0,0)
(0,0,0)
(0,0,0)
(0,0,0)
(0,0,0)
(0,0,0)
(0,0,0)
(0,0,0)
(0,0,0)
(0,0,0)
(0,0,0)
(0,0,0)
(0,0,0)
(0,0,0)
(0,0,0)
(0,0,0)
(0,0,0)
(0,0,0)
(0,0,0)
(0,0,0)
(0,0,0)
(0,0,0)
(0,0,0)
(0,0,0)
(0,0,0)
(0,0,0)
(0,0,0)
(0,0,0)
(0,0,0)
(0,0,0)
(0,0,0)
(0,0,0)
(0,0,0)
(0,0,0)
(0,0,0)
(0,0,0)
(0,0,0)
(0,0,0)
(0,0,0)
(0,0,0)
(0,0,0)
(0,0,0)
(0,0,0)
(0,0,0)
(0,0,0)
(0,0,0)
(0,0,0)
(0,0,0)
(0,0,0)
(-208052.954606013,206.58180619006,573.936110271253)
(-208362.120174811,543.73951847947,301.832498734733)
(-208663.053895491,1463.32354850323,-1922.77576530971)
(-208376.666888303,3522.48110567135,-7833.16256656433)
(-206287.434414072,7714.88221725809,-20182.6458666447)
(-200682.373922359,15208.9405384352,-43103.2056974208)
(-188560.87004026,24523.1235039274,-80123.9414552562)
(-164856.702969805,22944.0280496626,-123279.138767718)
(-125297.899860645,16161.1242445616,-163608.399880165)
(-68621.9164097228,7939.72230629395,-189198.085274585)
(0,0,0)
(0,0,0)
(0,0,0)
(0,0,0)
(0,0,0)
(0,0,0)
(-208598.639179739,-843.133048432096,849.332144796714)
(-208811.703579098,-185.347100702278,1111.46117069222)
(-208942.905630351,1644.04016711164,18.457336641454)
(-208444.352213628,5999.67013086934,-3692.76398266922)
(-206362.055607143,15935.3209472811,-12686.4297345431)
(-201686.697878218,37493.2167053834,-33767.4741289765)
(-192390.38275271,75501.1558009238,-81701.8737578452)
(-169142.975259239,62160.9133038596,-130143.293826562)
(-128613.178265613,40122.2789558695,-171896.027660889)
(-70288.8109134885,18523.9162732476,-197250.027639148)
(0,0,0)
(0,0,0)
(0,0,0)
(0,0,0)
(0,0,0)
(0,0,0)
(-209422.704603633,-4563.59770224902,1404.45929668202)
(-209480.419748244,-3698.46751718389,2765.10711055535)
(-209304.674791561,-1229.15716278127,4193.33076437068)
(-208393.595510285,4966.6126120123,6167.78346005795)
(-206470.698963699,21048.2557868867,8903.39341818618)
(-205516.247207028,67784.4436258749,4255.46397177434)
(-211857.788995574,236378.428715984,-95087.7386049022)
(-185408.925343888,136690.989573262,-152277.463813676)
(-139541.818637052,76490.0224897685,-193600.500619952)
(-75232.8362263049,31799.0605541436,-215967.757143041)
(0,0,0)
(0,0,0)
(0,0,0)
(0,0,0)
(0,0,0)
(0,0,0)
(-209804.190688015,-12695.0518428695,2153.12066457048)
(-209647.886433978,-11871.6259024257,5022.77947162442)
(-209000.422683856,-9558.06941108013,10214.4239467567)
(-207361.817671795,-4176.92795337686,22208.304748485)
(-205207.192763823,7272.47965294615,55674.7837003203)
(-212879.58090521,25095.5560461916,172818.179193817)
(-314256.676547136,-607.406462740375,-194857.264537494)
(-235196.850856415,194385.921783471,-212480.608440049)
(-167725.959371451,103216.495493026,-238327.690454072)
(-86254.5719530656,37438.1341808168,-247855.92784191)
(0,0,0)
(0,0,0)
(0,0,0)
(0,0,0)
(0,0,0)
(0,0,0)
(-208400.675084727,-27155.1532621531,2902.85041601036)
(-208019.69028048,-26580.1668562497,7180.90262047486)
(-206831.186806296,-24967.4578082566,15479.7231674127)
(-203658.94002146,-21394.926601509,33628.1538283728)
(-194625.153586025,-14440.1227126754,73493.082077162)
(-162167.263867424,-4218.74055005067,147021.736366804)
(3.34227400835277e-05,-1.37641679230819e-05,-3.10036042081437e-05)
(-310866.178532011,-112.879434985781,-303676.588887133)
(-216501.122904424,16022.94276514,-304185.540655311)
(-102511.576883633,8248.60480388002,-285395.350508781)
(0,0,0)
(0,0,0)
(0,0,0)
(0,0,0)
(0,0,0)
(0,0,0)
(-202892.015003591,-49698.291504515,3449.01033435148)
(-202405.72247675,-49474.6114588476,8703.75086859006)
(-201093.192366424,-48816.0426773332,18971.3037795078)
(-197742.578348841,-47163.3310875608,40536.7745901348)
(-187889.645402223,-43072.4021763664,83701.7573297244)
(-152435.852157266,-31960.685976158,151144.150875408)
(2.57059251644373e-05,-2.22544563718665e-05,-2.23545243583812e-05)
(-292173.203864721,62.6007158662405,-287559.485093129)
(-220075.427607393,-27622.1150608179,-311957.68916271)
(-105663.386028046,-18199.4354772937,-293640.945728175)
(0,0,0)
(0,0,0)
(0,0,0)
(0,0,0)
(0,0,0)
(0,0,0)
(-190022.216217316,-80916.1251406565,3638.64614426742)
(-189603.462098314,-81165.4673712306,9314.81753311777)
(-188701.414843505,-81796.6770277165,20555.1276752311)
(-186707.151349371,-83018.7276519453,44536.736032484)
(-180895.185810568,-84843.2378163469,94769.1762155687)
(-155232.34634658,-80801.8817482505,183043.086303371)
(3.87400675079812e-05,-3.36962357755995e-05,-2.840575890672e-05)
(-321918.151782322,-231797.87810874,-315285.695070655)
(-217759.687424625,-138513.298061703,-302493.073244054)
(-100898.244024521,-57953.7861262265,-275368.037731091)
(0,0,0)
(0,0,0)
(0,0,0)
(0,0,0)
(0,0,0)
(0,0,0)
(-165558.595492654,-118505.712568593,3371.968876274)
(-165347.003727971,-119301.557087519,8687.68704718971)
(-165190.974065576,-121404.642141162,19306.8979571767)
(-165896.276932587,-126237.621668992,42670.7035125259)
(-171053.285184244,-138688.385421543,98837.9254700116)
(-198889.660874419,-178112.593735143,263946.507447705)
(-359692.085049409,-352575.294152395,-231687.354121292)
(-242132.294706608,-231467.648642215,-221905.380620316)
(-159228.089515895,-145682.41970458,-221852.517020206)
(-78252.8426803293,-68451.1298117247,-217308.853893321)
(0,0,0)
(0,0,0)
(0,0,0)
(0,0,0)
(0,0,0)
(0,0,0)
(-125459.507629103,-155436.670552443,2585.10770464634)
(-125433.444504938,-156695.773065832,6647.40615317919)
(-125747.534123756,-159921.292612417,14469.5257598683)
(-127570.325097254,-167036.14596261,30213.624919161)
(-134758.658135108,-183253.973045368,59483.3416065374)
(-158501.015419901,-220122.027118097,89531.6447122546)
(-216140.773580321,-289230.294917027,-110488.254445067)
(-159177.237235485,-220010.083486337,-136031.674757883)
(-106174.146008332,-146192.130192351,-144493.781989871)
(-53864.4881041346,-72833.6584275005,-148675.450108419)
(0,0,0)
(0,0,0)
(0,0,0)
(0,0,0)
(0,0,0)
(0,0,0)
(-68584.6588660582,-179721.597689897,1390.36024462075)
(-68622.6810161961,-181199.865749395,3511.96510063374)
(-68924.3314524721,-184806.560162203,7320.23560586447)
(-70076.3865770318,-192133.492092994,13986.370921044)
(-73686.4642305786,-206157.460867151,22707.8645745016)
(-82668.729737236,-229001.000678919,20496.0675606485)
(-95612.0327944331,-249590.484223895,-41207.5989594012)
(-77131.898880611,-208483.408747809,-62128.6609812084)
(-53621.6089854579,-146541.132931831,-71056.917820524)
(-27860.296718085,-75563.4718939794,-75677.0677062141)
(0,0,0)
(0,0,0)
(0,0,0)
(0,0,0)
(0,0,0)
(0,0,0)
(0,0,0)
(0,0,0)
(0,0,0)
(0,0,0)
(0,0,0)
(0,0,0)
(0,0,0)
(0,0,0)
(0,0,0)
(0,0,0)
(0,0,0)
(0,0,0)
(0,0,0)
(0,0,0)
(0,0,0)
(0,0,0)
(0,0,0)
(0,0,0)
(0,0,0)
(0,0,0)
(0,0,0)
(0,0,0)
(0,0,0)
(0,0,0)
(0,0,0)
(0,0,0)
(0,0,0)
(0,0,0)
(0,0,0)
(0,0,0)
(0,0,0)
(0,0,0)
(0,0,0)
(0,0,0)
(0,0,0)
(0,0,0)
(0,0,0)
(0,0,0)
(0,0,0)
(0,0,0)
(0,0,0)
(0,0,0)
(0,0,0)
(0,0,0)
(0,0,0)
(0,0,0)
(0,0,0)
(0,0,0)
(0,0,0)
(0,0,0)
(0,0,0)
(0,0,0)
(0,0,0)
(0,0,0)
(0,0,0)
(0,0,0)
(0,0,0)
(0,0,0)
(0,0,0)
(0,0,0)
(0,0,0)
(0,0,0)
(0,0,0)
(0,0,0)
(0,0,0)
(0,0,0)
(0,0,0)
(0,0,0)
(0,0,0)
(0,0,0)
(0,0,0)
(0,0,0)
(0,0,0)
(0,0,0)
(0,0,0)
(0,0,0)
(0,0,0)
(0,0,0)
(0,0,0)
(0,0,0)
(0,0,0)
(0,0,0)
(0,0,0)
(0,0,0)
(0,0,0)
(0,0,0)
(0,0,0)
(0,0,0)
(0,0,0)
(0,0,0)
(0,0,0)
(0,0,0)
(0,0,0)
(0,0,0)
(0,0,0)
(0,0,0)
(-208029.061271955,-351.0438561563,327.150522093141)
(-208197.154915308,97.7425544281041,64.4427081618696)
(-208266.121508885,1166.9887678544,-1499.4784462919)
(-207666.148644416,3404.60866689277,-5614.60535707855)
(-205085.065359503,7579.94166932303,-14396.9160809723)
(-198376.467876671,14133.282150438,-30836.1042770924)
(-183726.642454856,20640.1458040571,-56310.4776665521)
(-156330.135979699,18652.0609064826,-83489.1055631356)
(-115006.191031094,12851.4452228926,-106632.25961558)
(-61282.7828141806,6281.9942515824,-120253.387462704)
(0,0,0)
(0,0,0)
(0,0,0)
(0,0,0)
(0,0,0)
(0,0,0)
(-207997.534221572,-1623.80364838918,671.654834066878)
(-208285.036421265,-793.343463638543,1036.07369429525)
(-208719.256902059,1326.02408921342,653.389644644758)
(-208951.493202453,6021.00320900702,-1455.86390864052)
(-208141.894084514,15714.093026848,-7810.17678879617)
(-204586.590534397,33498.7697695213,-24275.7717517053)
(-193590.433208435,55855.5752214526,-58291.1507133731)
(-165231.099363197,45813.6035554155,-89364.5692583555)
(-121074.35522374,29208.3354773288,-113260.282554658)
(-64232.3626470402,13594.5940427744,-126629.330612304)
(0,0,0)
(0,0,0)
(0,0,0)
(0,0,0)
(0,0,0)
(0,0,0)
(-207576.366192388,-4845.92370831768,1375.78164868391)
(-208113.070539794,-3786.24448868848,3001.33346528419)
(-209267.725165602,-924.39413838657,5214.80206692257)
(-211288.906573687,5924.28485981278,8206.83147951304)
(-214761.227366497,22185.0582989571,10026.3946101997)
(-220394.501979073,60272.5694887681,-1869.15033700183)
(-223251.365995987,133776.529129429,-68396.5272445656)
(-188705.14424244,86789.4212601344,-106076.126050744)
(-135742.019889162,48303.4061961904,-128970.995517497)
(-70971.783077289,20780.2050558247,-140417.659679557)
(0,0,0)
(0,0,0)
(0,0,0)
(0,0,0)
(0,0,0)
(0,0,0)
(-205846.312791606,-11121.2066871185,2317.40508239251)
(-206673.668734098,-10125.3294729979,5682.27236681646)
(-208768.73096613,-7374.27421216477,11900.4607228663)
(-213474.943386715,-501.143288011187,24439.0145856198)
(-224543.902491035,17807.1681809792,48153.614430807)
(-251781.222980401,75684.9617808824,71642.8642138961)
(-306678.753699196,313299.179736642,-115457.70924126)
(-237822.773755277,118539.039141643,-144581.404223898)
(-161876.457198352,54362.7197082391,-156490.219909053)
(-81908.98117917,21173.9286290554,-161229.534256179)
(0,0,0)
(0,0,0)
(0,0,0)
(0,0,0)
(0,0,0)
(0,0,0)
(-201267.207664234,-21502.5582032773,3247.8840956626)
(-202350.77675467,-20870.369729632,8324.01082648857)
(-205339.540746436,-19205.543960927,18663.6345153953)
(-212734.316849361,-15478.2500015185,42716.1180568033)
(-232442.459961644,-7711.80582165987,106052.398435062)
(-295129.933580274,5452.11897029421,309247.910958493)
(-544671.654126291,-191.79597346538,-310283.693605147)
(-312273.435766052,18469.0711148212,-208806.468344276)
(-193583.229611514,12381.0371486217,-189742.679077567)
(-93736.9489422084,5105.78031910251,-182449.158709048)
(0,0,0)
(0,0,0)
(0,0,0)
(0,0,0)
(0,0,0)
(0,0,0)
(-191579.292434237,-36644.8322841357,3829.55151150832)
(-192830.692795773,-36519.2306854878,9903.38278638674)
(-196404.251842594,-36286.2942822596,22295.1925838888)
(-205298.589385941,-36042.456452112,50415.4100715842)
(-228345.35070127,-36060.5569563204,119219.866505289)
(-296579.500209647,-34774.8861658232,303590.519693795)
(-533112.762295012,-136.659432716688,-291642.838849164)
(-320695.280428314,-29695.0510402717,-214956.640130455)
(-200311.437756216,-25298.4506658992,-197041.142167136)
(-96630.3241200336,-13410.5937005782,-187557.830055463)
(0,0,0)
(0,0,0)
(0,0,0)
(0,0,0)
(0,0,0)
(0,0,0)
(-174352.99635961,-56208.1303731683,3894.07823133018)
(-175629.023394237,-56657.2672164089,10057.6760581755)
(-179358.047928192,-58036.4917741808,22464.5066347813)
(-188600.312265135,-61998.9150431129,50314.1261415525)
(-212319.320203025,-74793.6610959309,120471.364673617)
(-283524.724141764,-124207.102766675,338195.959069663)
(-554263.187629323,-359191.132924769,-321251.482525922)
(-310453.200514241,-151803.291382308,-210608.193451977)
(-188662.262480289,-79868.1611731591,-185135.907889062)
(-90102.0943191402,-35274.9314492352,-174067.719845779)
(0,0,0)
(0,0,0)
(0,0,0)
(0,0,0)
(0,0,0)
(0,0,0)
(-147029.452518077,-78148.5082745522,3411.23492680655)
(-148167.345581176,-79078.7643256693,8653.07388927077)
(-151463.284733123,-81603.2061663861,18492.0989490251)
(-159337.717263263,-87566.6493126622,37501.27354925)
(-177353.467091886,-102064.694918639,71072.4892796031)
(-217922.843409942,-137367.990953988,103266.560002433)
(-293146.677777595,-208678.066096623,-113791.914097521)
(-220851.795658037,-148256.656684373,-138619.047844033)
(-144776.861307697,-92451.8851605437,-140486.552064853)
(-71333.8861142842,-43991.8838971441,-138688.55618298)
(0,0,0)
(0,0,0)
(0,0,0)
(0,0,0)
(0,0,0)
(0,0,0)
(-107845.504632167,-98239.8665936028,2477.35532211721)
(-108705.776258983,-99495.0046124484,6165.92736294071)
(-111110.75851378,-102607.453174361,12533.3987609412)
(-116607.501023268,-109019.973969473,23023.8993437629)
(-127913.399224673,-121715.166212926,35829.1117276119)
(-148244.039217882,-143848.555744247,32052.7003158493)
(-171149.410867601,-168321.932775666,-53294.7957178375)
(-140330.883178057,-137642.173582446,-82755.6328771865)
(-96074.2531462867,-93404.7443330309,-91902.6665667361)
(-48506.2381363342,-46715.7275933304,-94537.0728383519)
(0,0,0)
(0,0,0)
(0,0,0)
(0,0,0)
(0,0,0)
(0,0,0)
(-57423.2595199633,-110692.477181055,1291.21124135803)
(-57885.1689040644,-112084.968530505,3143.66304728088)
(-59149.7459444683,-115348.727830305,6110.35219522188)
(-61875.1141101377,-121471.1139639,10360.2197227521)
(-66952.8019256568,-131869.480219676,13780.8714245777)
(-74646.7505020183,-145755.487240229,7665.82368533608)
(-80211.0762580133,-153490.856114309,-22566.2095124388)
(-67911.1881778965,-130964.904150977,-38464.1896466229)
(-47715.0772419999,-92630.5724048926,-45144.8933182198)
(-24472.095081522,-47565.9058295068,-47682.916718605)
(0,0,0)
(0,0,0)
(0,0,0)
(0,0,0)
(0,0,0)
(0,0,0)
(0,0,0)
(0,0,0)
(0,0,0)
(0,0,0)
(0,0,0)
(0,0,0)
(0,0,0)
(0,0,0)
(0,0,0)
(0,0,0)
(0,0,0)
(0,0,0)
(0,0,0)
(0,0,0)
(0,0,0)
(0,0,0)
(0,0,0)
(0,0,0)
(0,0,0)
(0,0,0)
(0,0,0)
(0,0,0)
(0,0,0)
(0,0,0)
(0,0,0)
(0,0,0)
(0,0,0)
(0,0,0)
(0,0,0)
(0,0,0)
(0,0,0)
(0,0,0)
(0,0,0)
(0,0,0)
(0,0,0)
(0,0,0)
(0,0,0)
(0,0,0)
(0,0,0)
(0,0,0)
(0,0,0)
(0,0,0)
(0,0,0)
(0,0,0)
(0,0,0)
(0,0,0)
(0,0,0)
(0,0,0)
(0,0,0)
(0,0,0)
(0,0,0)
(0,0,0)
(0,0,0)
(0,0,0)
(0,0,0)
(0,0,0)
(0,0,0)
(0,0,0)
(0,0,0)
(0,0,0)
(0,0,0)
(0,0,0)
(0,0,0)
(0,0,0)
(0,0,0)
(0,0,0)
(0,0,0)
(0,0,0)
(0,0,0)
(0,0,0)
(0,0,0)
(0,0,0)
(0,0,0)
(0,0,0)
(0,0,0)
(0,0,0)
(0,0,0)
(0,0,0)
(0,0,0)
(0,0,0)
(0,0,0)
(0,0,0)
(0,0,0)
(0,0,0)
(0,0,0)
(0,0,0)
(0,0,0)
(0,0,0)
(0,0,0)
(0,0,0)
(0,0,0)
(0,0,0)
(0,0,0)
(0,0,0)
(0,0,0)
(0,0,0)
(-207868.784206776,-323.289151429833,163.01208624952)
(-208031.312520602,-21.1699017494264,18.3395933000788)
(-208119.814647344,637.797382178134,-765.764650419829)
(-207534.639171705,1991.14949116487,-2888.42361429578)
(-204846.687380256,4381.65169189072,-7508.45328542919)
(-197586.222066784,7785.7252356481,-16084.4243309668)
(-181645.657025375,10692.5764690247,-28857.9862294792)
(-152879.261112046,9708.01582945677,-42016.8769265947)
(-111043.270020224,6728.29559739561,-52708.0935348551)
(-58537.9098690511,3308.36653233016,-58761.33301232)
(0,0,0)
(0,0,0)
(0,0,0)
(0,0,0)
(0,0,0)
(0,0,0)
(-207574.804073542,-1137.85942965489,391.840130196653)
(-207974.991124256,-594.618649187924,655.243580627637)
(-208718.380564593,721.202279343754,570.962345996963)
(-209428.479101286,3526.00457734468,-486.906841353707)
(-209076.275356082,8881.94327916222,-4052.81715705984)
(-205212.48438309,17475.4567619866,-13116.6548347011)
(-192248.171568089,26045.4253048274,-29811.7653108457)
(-162568.088413505,22247.8069176327,-45014.5673487159)
(-117739.719693993,14526.3701567886,-56147.2774378534)
(-61830.1112332285,6873.03069820647,-62114.1930175362)
(0,0,0)
(0,0,0)
(0,0,0)
(0,0,0)
(0,0,0)
(0,0,0)
(-206628.293985256,-2953.62789426258,867.69625747352)
(-207488.993370203,-2275.3157230662,1924.31616176474)
(-209452.242132438,-498.228232020216,3328.26363996476)
(-212849.206811917,3542.53614960423,4872.03230594093)
(-217784.05051447,12176.1817857194,4600.61694736275)
(-222522.645194679,28695.5465131215,-4491.32958816637)
(-218230.73813048,50164.8109981002,-33631.3431469468)
(-184810.200006773,37523.0949391603,-52801.5754041355)
(-132273.189000693,22119.0074599502,-63863.043595775)
(-68700.1626626124,9836.03658840683,-69097.6699006505)
(0,0,0)
(0,0,0)
(0,0,0)
(0,0,0)
(0,0,0)
(0,0,0)
(-203971.153379708,-6303.7404894546,1474.95318329332)
(-205398.882315084,-5674.93065904472,3599.78170025825)
(-208972.534065773,-3963.53822282046,7268.89479070381)
(-216275.218471549,124.267917853302,13487.4381072838)
(-229796.300662497,9771.58196706609,21144.4360974)
(-251107.573393361,32182.851795284,16983.4812281942)
(-268319.430260849,75105.7631328199,-46316.7943448633)
(-222286.863875676,43910.6020482879,-68240.2113335894)
(-154387.251154438,22530.8407170438,-76141.2506346095)
(-78553.7932489247,9283.21988378693,-78943.6218602334)
(0,0,0)
(0,0,0)
(0,0,0)
(0,0,0)
(0,0,0)
(0,0,0)
(-197960.68277586,-11671.5762912886,2061.3109134632)
(-199920.471909051,-11287.3697803789,5243.4451891792)
(-205054.840755114,-10290.5452792519,11285.7522542944)
(-216322.196183518,-8108.65594550237,23106.5554518048)
(-239439.227368811,-3694.87531065864,43569.7801366934)
(-283183.282842904,3888.64059765342,59917.3405969604)
(-343329.339469828,11208.2261580835,-77527.4370847821)
(-266133.596602545,9917.45680728573,-89674.1310072613)
(-176854.215332705,5556.30550874975,-89428.6100777753)
(-87807.7495192205,2176.12859372866,-88250.7182106962)
(0,0,0)
(0,0,0)
(0,0,0)
(0,0,0)
(0,0,0)
(0,0,0)
(-186413.41787174,-19253.8190256617,2416.36817187529)
(-188693.282704392,-19203.891064594,6195.47936470871)
(-194750.213918507,-19167.6424293885,13418.5385907532)
(-208131.337712113,-19329.890662128,27472.521633549)
(-235632.504189552,-20093.9467844056,51158.7465955774)
(-286978.128689452,-21804.7762935053,67250.791966536)
(-354459.824677766,-21367.970568632,-78825.9489239945)
(-276003.675408094,-19495.5278178462,-94104.5693190778)
(-182349.784112796,-13666.5258333489,-92843.391620406)
(-89964.7455300865,-6890.9714723639,-90441.8701442662)
(0,0,0)
(0,0,0)
(0,0,0)
(0,0,0)
(0,0,0)
(0,0,0)
(-167388.744489819,-28642.7343552589,2424.663459803)
(-169619.83014774,-28964.797707854,6176.37685656862)
(-175630.137415856,-29936.3712798832,13217.1951947272)
(-188787.768589612,-32581.580735849,26656.3415929268)
(-215468.138233167,-39712.4241833673,49423.6370220294)
(-265094.088143592,-58491.0847447036,67679.3094750475)
(-333049.636348631,-97919.1999540098,-76983.012420239)
(-256482.237413024,-62121.5546474538,-88327.9486918511)
(-168626.59201918,-35951.341051964,-86078.8039343422)
(-83039.728037199,-16519.2993193763,-83512.8423692749)
(0,0,0)
(0,0,0)
(0,0,0)
(0,0,0)
(0,0,0)
(0,0,0)
(-138990.647786278,-38756.0157150962,2074.47662803889)
(-140872.191235939,-39346.5254943767,5161.05006932825)
(-145864.715991117,-40924.8813765928,10550.9914240348)
(-156351.467228749,-44522.571641121,19505.7322947927)
(-175857.266900688,-52337.622146154,30634.7300663885)
(-206653.122938693,-67405.2245046602,28279.1493550953)
(-235193.168887943,-86438.3816601083,-41155.1778284523)
(-194384.896333893,-67572.2051395062,-62171.4266605298)
(-132616.081898601,-43638.2838960905,-66645.2632255116)
(-66450.9733018992,-21107.4564948787,-66940.0188623905)
(0,0,0)
(0,0,0)
(0,0,0)
(0,0,0)
(0,0,0)
(0,0,0)
(-100401.5240726,-47674.6280580515,1474.63178338476)
(-101741.097841062,-48417.633880842,3581.06175193121)
(-105170.384348387,-50239.4291852559,6955.23539520006)
(-112060.005351076,-53844.5320723093,11729.700154195)
(-123782.214950753,-60348.6014805008,15609.495214623)
(-139497.545866427,-69859.7894377279,9317.56679623581)
(-148962.546796588,-77059.6795425881,-22247.999392296)
(-126958.851754526,-64968.8074764241,-38223.4284789102)
(-89044.990247762,-44860.5258943969,-44030.4493791296)
(-45363.2086097317,-22580.7125686033,-45700.2228320072)
(0,0,0)
(0,0,0)
(0,0,0)
(0,0,0)
(0,0,0)
(0,0,0)
(-52823.1015077936,-53042.1769245573,767.390854336349)
(-53516.9096131062,-53826.0646362842,1807.56231882118)
(-55237.6804572613,-55698.6997327076,3354.76737906403)
(-58560.4340675435,-59069.5012894749,5265.05655363587)
(-63809.393543504,-64363.9456386716,6136.99232965413)
(-70000.6863022553,-70536.093529918,2167.23222208451)
(-72215.6099494564,-72753.3722871741,-10134.5413418849)
(-62252.592385525,-62656.4710557005,-18105.4735549806)
(-44351.805607402,-44612.1184796448,-21717.1526043292)
(-22832.6874627365,-22922.3170521231,-23014.955739596)
(0,0,0)
(0,0,0)
(0,0,0)
(0,0,0)
(0,0,0)
(0,0,0)
(0,0,0)
(0,0,0)
(0,0,0)
(0,0,0)
(0,0,0)
(0,0,0)
(0,0,0)
(0,0,0)
(0,0,0)
(0,0,0)
(0,0,0)
(0,0,0)
(0,0,0)
(0,0,0)
(0,0,0)
(0,0,0)
(0,0,0)
(0,0,0)
(0,0,0)
(0,0,0)
(0,0,0)
(0,0,0)
(0,0,0)
(0,0,0)
(0,0,0)
(0,0,0)
(0,0,0)
(0,0,0)
(0,0,0)
(0,0,0)
(0,0,0)
(0,0,0)
(0,0,0)
(0,0,0)
(0,0,0)
(0,0,0)
(0,0,0)
(0,0,0)
(0,0,0)
(0,0,0)
(0,0,0)
(0,0,0)
(0,0,0)
(0,0,0)
(0,0,0)
(0,0,0)
(0,0,0)
(0,0,0)
(0,0,0)
(0,0,0)
(0,0,0)
(0,0,0)
(0,0,0)
(0,0,0)
(0,0,0)
(0,0,0)
(0,0,0)
(0,0,0)
(0,0,0)
(0,0,0)
(0,0,0)
(0,0,0)
(0,0,0)
(0,0,0)
(0,0,0)
(0,0,0)
(0,0,0)
(0,0,0)
(0,0,0)
(0,0,0)
(0,0,0)
(0,0,0)
(0,0,0)
(0,0,0)
(0,0,0)
(0,0,0)
(0,0,0)
(0,0,0)
(0,0,0)
(0,0,0)
(0,0,0)
(0,0,0)
(0,0,0)
(0,0,0)
(0,0,0)
(0,0,0)
(0,0,0)
(0,0,0)
(0,0,0)
(0,0,0)
(0,0,0)
(0,0,0)
(0,0,0)
(0,0,0)
(0,0,0)
(0,0,0)
(0,0,0)
(0,0,0)
(0,0,0)
(0,0,0)
(0,0,0)
(0,0,0)
(0,0,0)
(0,0,0)
(0,0,0)
(0,0,0)
(0,0,0)
(0,0,0)
(0,0,0)
(0,0,0)
(0,0,0)
(0,0,0)
(0,0,0)
(0,0,0)
(0,0,0)
(0,0,0)
(0,0,0)
(0,0,0)
(0,0,0)
(0,0,0)
(0,0,0)
(0,0,0)
(0,0,0)
(0,0,0)
(0,0,0)
(0,0,0)
(0,0,0)
(0,0,0)
(0,0,0)
(0,0,0)
(0,0,0)
(0,0,0)
(0,0,0)
(0,0,0)
(0,0,0)
(0,0,0)
(0,0,0)
(0,0,0)
(0,0,0)
(0,0,0)
(0,0,0)
(0,0,0)
(0,0,0)
(0,0,0)
(0,0,0)
(0,0,0)
(0,0,0)
(0,0,0)
(0,0,0)
(0,0,0)
(0,0,0)
(0,0,0)
(0,0,0)
(0,0,0)
(0,0,0)
(0,0,0)
(0,0,0)
(0,0,0)
(0,0,0)
(0,0,0)
(0,0,0)
(0,0,0)
(0,0,0)
(0,0,0)
(0,0,0)
(0,0,0)
(0,0,0)
(0,0,0)
(0,0,0)
(0,0,0)
(0,0,0)
(0,0,0)
(0,0,0)
(0,0,0)
(0,0,0)
(0,0,0)
(0,0,0)
(0,0,0)
(0,0,0)
(0,0,0)
(0,0,0)
(0,0,0)
(0,0,0)
(0,0,0)
(0,0,0)
(0,0,0)
(0,0,0)
(0,0,0)
(0,0,0)
(0,0,0)
(0,0,0)
(0,0,0)
(0,0,0)
(0,0,0)
(0,0,0)
(0,0,0)
(0,0,0)
(0,0,0)
(0,0,0)
(0,0,0)
(0,0,0)
(0,0,0)
(0,0,0)
(0,0,0)
(0,0,0)
(0,0,0)
(0,0,0)
(0,0,0)
(0,0,0)
(0,0,0)
(0,0,0)
(0,0,0)
(0,0,0)
(0,0,0)
(0,0,0)
(0,0,0)
(0,0,0)
(0,0,0)
(0,0,0)
(0,0,0)
(0,0,0)
(0,0,0)
(0,0,0)
(0,0,0)
(0,0,0)
(0,0,0)
(0,0,0)
(0,0,0)
(0,0,0)
(0,0,0)
(0,0,0)
(0,0,0)
(0,0,0)
(0,0,0)
(0,0,0)
(0,0,0)
(0,0,0)
(0,0,0)
(0,0,0)
(0,0,0)
(0,0,0)
(0,0,0)
(0,0,0)
(0,0,0)
(0,0,0)
(0,0,0)
(0,0,0)
(0,0,0)
(0,0,0)
(0,0,0)
(0,0,0)
(0,0,0)
(0,0,0)
(0,0,0)
(0,0,0)
(0,0,0)
(0,0,0)
(0,0,0)
(0,0,0)
(0,0,0)
(0,0,0)
(0,0,0)
(0,0,0)
(0,0,0)
(0,0,0)
(0,0,0)
(0,0,0)
(0,0,0)
(0,0,0)
(0,0,0)
(0,0,0)
(0,0,0)
(0,0,0)
(0,0,0)
(0,0,0)
(0,0,0)
(0,0,0)
(0,0,0)
(0,0,0)
(0,0,0)
(0,0,0)
(0,0,0)
(0,0,0)
(0,0,0)
(0,0,0)
(0,0,0)
(0,0,0)
(0,0,0)
(0,0,0)
(0,0,0)
(0,0,0)
(0,0,0)
(0,0,0)
(0,0,0)
(0,0,0)
(0,0,0)
(0,0,0)
(0,0,0)
(0,0,0)
(0,0,0)
(0,0,0)
(0,0,0)
(0,0,0)
(0,0,0)
(0,0,0)
(0,0,0)
(0,0,0)
(0,0,0)
(0,0,0)
(0,0,0)
(0,0,0)
(0,0,0)
(0,0,0)
(0,0,0)
(0,0,0)
(0,0,0)
(0,0,0)
(0,0,0)
(0,0,0)
(0,0,0)
(0,0,0)
(0,0,0)
(0,0,0)
(0,0,0)
(0,0,0)
(0,0,0)
(0,0,0)
(0,0,0)
(0,0,0)
(0,0,0)
(0,0,0)
(0,0,0)
(0,0,0)
(0,0,0)
(0,0,0)
(0,0,0)
(0,0,0)
(0,0,0)
(0,0,0)
(0,0,0)
(0,0,0)
(0,0,0)
(0,0,0)
(0,0,0)
(0,0,0)
(0,0,0)
(0,0,0)
(0,0,0)
(0,0,0)
(0,0,0)
(0,0,0)
(0,0,0)
(0,0,0)
(0,0,0)
(0,0,0)
(0,0,0)
(0,0,0)
(0,0,0)
(0,0,0)
(0,0,0)
(0,0,0)
(0,0,0)
(0,0,0)
(0,0,0)
(0,0,0)
(0,0,0)
(0,0,0)
(0,0,0)
(0,0,0)
(0,0,0)
(0,0,0)
(0,0,0)
(0,0,0)
(0,0,0)
(0,0,0)
(0,0,0)
(0,0,0)
(0,0,0)
(0,0,0)
(0,0,0)
(0,0,0)
(0,0,0)
(0,0,0)
(0,0,0)
(0,0,0)
(0,0,0)
(0,0,0)
(0,0,0)
(0,0,0)
(0,0,0)
(0,0,0)
(0,0,0)
(0,0,0)
(0,0,0)
(0,0,0)
(0,0,0)
(0,0,0)
(0,0,0)
(0,0,0)
(0,0,0)
(0,0,0)
(0,0,0)
(0,0,0)
(0,0,0)
(0,0,0)
(0,0,0)
(0,0,0)
(0,0,0)
(0,0,0)
(0,0,0)
(0,0,0)
(0,0,0)
(0,0,0)
(0,0,0)
(0,0,0)
(0,0,0)
(0,0,0)
(0,0,0)
(0,0,0)
(0,0,0)
(0,0,0)
(0,0,0)
(0,0,0)
(0,0,0)
(0,0,0)
(0,0,0)
(0,0,0)
(0,0,0)
(0,0,0)
(0,0,0)
(0,0,0)
(0,0,0)
(0,0,0)
(0,0,0)
(0,0,0)
(0,0,0)
(0,0,0)
(0,0,0)
(0,0,0)
(0,0,0)
(0,0,0)
(0,0,0)
(0,0,0)
(0,0,0)
(0,0,0)
(0,0,0)
(0,0,0)
(0,0,0)
(0,0,0)
(0,0,0)
(0,0,0)
(0,0,0)
(0,0,0)
(0,0,0)
(0,0,0)
(0,0,0)
(0,0,0)
(0,0,0)
(0,0,0)
(0,0,0)
(0,0,0)
(0,0,0)
(0,0,0)
(0,0,0)
(0,0,0)
(0,0,0)
(0,0,0)
(0,0,0)
(0,0,0)
(0,0,0)
(0,0,0)
(0,0,0)
(0,0,0)
(0,0,0)
(0,0,0)
(0,0,0)
(0,0,0)
(0,0,0)
(0,0,0)
(0,0,0)
(0,0,0)
(0,0,0)
(0,0,0)
(0,0,0)
(0,0,0)
(0,0,0)
(0,0,0)
(0,0,0)
(0,0,0)
(0,0,0)
(0,0,0)
(0,0,0)
(0,0,0)
(0,0,0)
(0,0,0)
(0,0,0)
(0,0,0)
(0,0,0)
(0,0,0)
(0,0,0)
(0,0,0)
(0,0,0)
(0,0,0)
(0,0,0)
(0,0,0)
(0,0,0)
(0,0,0)
(0,0,0)
(0,0,0)
(0,0,0)
(0,0,0)
(0,0,0)
(0,0,0)
(0,0,0)
(0,0,0)
(0,0,0)
(0,0,0)
(0,0,0)
(0,0,0)
(0,0,0)
(0,0,0)
(0,0,0)
(0,0,0)
(0,0,0)
(0,0,0)
(0,0,0)
(0,0,0)
(0,0,0)
(0,0,0)
(0,0,0)
(0,0,0)
(0,0,0)
(0,0,0)
(0,0,0)
(0,0,0)
(0,0,0)
(0,0,0)
(0,0,0)
(0,0,0)
(0,0,0)
(0,0,0)
(0,0,0)
(0,0,0)
(0,0,0)
(0,0,0)
(0,0,0)
(0,0,0)
(0,0,0)
(0,0,0)
(0,0,0)
(0,0,0)
(0,0,0)
(0,0,0)
(0,0,0)
(0,0,0)
(0,0,0)
(0,0,0)
(0,0,0)
(0,0,0)
(0,0,0)
(0,0,0)
(0,0,0)
(0,0,0)
(0,0,0)
(0,0,0)
(0,0,0)
(0,0,0)
(0,0,0)
(0,0,0)
(0,0,0)
(0,0,0)
(0,0,0)
(0,0,0)
(0,0,0)
(0,0,0)
(0,0,0)
(0,0,0)
(0,0,0)
(0,0,0)
(0,0,0)
(0,0,0)
(0,0,0)
(0,0,0)
(0,0,0)
(0,0,0)
(0,0,0)
(0,0,0)
(0,0,0)
(0,0,0)
(0,0,0)
(0,0,0)
(0,0,0)
(0,0,0)
(0,0,0)
(0,0,0)
(0,0,0)
(0,0,0)
(0,0,0)
(0,0,0)
(0,0,0)
(0,0,0)
(0,0,0)
(0,0,0)
(0,0,0)
(0,0,0)
(0,0,0)
(0,0,0)
(0,0,0)
(0,0,0)
(0,0,0)
(0,0,0)
(0,0,0)
(0,0,0)
(0,0,0)
(0,0,0)
(0,0,0)
(0,0,0)
(0,0,0)
(0,0,0)
(0,0,0)
(0,0,0)
(0,0,0)
(0,0,0)
(0,0,0)
(0,0,0)
(0,0,0)
(0,0,0)
(0,0,0)
(0,0,0)
(0,0,0)
(0,0,0)
(0,0,0)
(0,0,0)
(0,0,0)
(0,0,0)
(0,0,0)
(0,0,0)
(0,0,0)
(0,0,0)
(0,0,0)
(0,0,0)
(0,0,0)
(0,0,0)
(0,0,0)
(0,0,0)
(0,0,0)
(0,0,0)
(0,0,0)
(0,0,0)
(0,0,0)
(0,0,0)
(0,0,0)
(0,0,0)
(0,0,0)
(0,0,0)
(0,0,0)
(0,0,0)
(0,0,0)
(0,0,0)
(0,0,0)
(0,0,0)
(0,0,0)
(0,0,0)
(0,0,0)
(0,0,0)
(0,0,0)
(0,0,0)
(0,0,0)
(0,0,0)
(0,0,0)
(0,0,0)
(0,0,0)
(0,0,0)
(0,0,0)
(0,0,0)
(0,0,0)
(0,0,0)
(0,0,0)
(0,0,0)
(0,0,0)
(0,0,0)
(0,0,0)
(0,0,0)
(0,0,0)
(0,0,0)
(0,0,0)
(0,0,0)
(0,0,0)
(0,0,0)
(0,0,0)
(0,0,0)
(0,0,0)
(0,0,0)
(0,0,0)
(0,0,0)
(0,0,0)
(0,0,0)
(0,0,0)
(0,0,0)
(0,0,0)
(0,0,0)
(0,0,0)
(0,0,0)
(0,0,0)
(0,0,0)
(0,0,0)
(0,0,0)
(0,0,0)
(0,0,0)
(0,0,0)
(0,0,0)
(0,0,0)
(0,0,0)
(0,0,0)
(0,0,0)
(0,0,0)
(0,0,0)
(0,0,0)
(0,0,0)
(0,0,0)
(0,0,0)
(0,0,0)
(0,0,0)
(0,0,0)
(0,0,0)
(0,0,0)
(0,0,0)
(0,0,0)
(0,0,0)
(0,0,0)
(0,0,0)
(0,0,0)
(0,0,0)
(0,0,0)
(0,0,0)
(0,0,0)
(0,0,0)
(0,0,0)
(0,0,0)
(0,0,0)
(0,0,0)
(0,0,0)
(0,0,0)
(0,0,0)
(0,0,0)
(0,0,0)
(0,0,0)
(0,0,0)
(0,0,0)
(0,0,0)
(0,0,0)
(0,0,0)
(0,0,0)
(0,0,0)
(0,0,0)
(0,0,0)
(0,0,0)
(0,0,0)
(0,0,0)
(0,0,0)
(0,0,0)
(0,0,0)
(0,0,0)
(0,0,0)
(0,0,0)
(0,0,0)
(0,0,0)
(0,0,0)
(0,0,0)
(0,0,0)
(0,0,0)
(0,0,0)
(0,0,0)
(0,0,0)
(0,0,0)
(0,0,0)
(0,0,0)
(0,0,0)
(0,0,0)
(0,0,0)
(0,0,0)
(0,0,0)
(0,0,0)
(0,0,0)
(0,0,0)
(0,0,0)
(0,0,0)
(0,0,0)
(0,0,0)
(0,0,0)
(0,0,0)
(0,0,0)
(0,0,0)
(0,0,0)
(0,0,0)
(0,0,0)
(0,0,0)
(0,0,0)
(0,0,0)
(0,0,0)
(0,0,0)
(0,0,0)
(0,0,0)
(0,0,0)
(0,0,0)
(0,0,0)
(0,0,0)
(0,0,0)
(0,0,0)
(0,0,0)
(0,0,0)
(0,0,0)
(0,0,0)
