(0,0,0)
(0,0,0)
(0,0,0)
(0,0,0)
(0,0,0)
(0,0,0)
(0,0,0)
(0,0,0)
(0,0,0)
(0,0,0)
(0,0,0)
(0,0,0)
(0,0,0)
(0,0,0)
(0,0,0)
(0,0,0)
(0,0,0)
(0,0,0)
(0,0,0)
(0,0,0)
(0,0,0)
(0,0,0)
(0,0,0)
(0,0,0)
(0,0,0)
(0,0,0)
(0,0,0)
(0,0,0)
(0,0,0)
(0,0,0)
(0,0,0)
(0,0,0)
(0,0,0)
(0,0,0)
(0,0,0)
(0,0,0)
(0,0,0)
(0,0,0)
(0,0,0)
(0,0,0)
(0,0,0)
(0,0,0)
(0,0,0)
(0,0,0)
(0,0,0)
(0,0,0)
(0,0,0)
(0,0,0)
(0,0,0)
(0,0,0)
(0,0,0)
(0,0,0)
(0,0,0)
(0,0,0)
(0,0,0)
(0,0,0)
(0,0,0)
(0,0,0)
(0,0,0)
(0,0,0)
(0,0,0)
(0,0,0)
(0,0,0)
(0,0,0)
(0,0,0)
(0,0,0)
(0,0,0)
(0,0,0)
(0,0,0)
(0,0,0)
(0,0,0)
(0,0,0)
(0,0,0)
(0,0,0)
(0,0,0)
(0,0,0)
(0,0,0)
(0,0,0)
(0,0,0)
(0,0,0)
(0,0,0)
(0,0,0)
(0,0,0)
(0,0,0)
(0,0,0)
(0,0,0)
(0,0,0)
(0,0,0)
(0,0,0)
(0,0,0)
(0,0,0)
(0,0,0)
(0,0,0)
(0,0,0)
(0,0,0)
(0,0,0)
(0,0,0)
(0,0,0)
(0,0,0)
(0,0,0)
(0,0,0)
(0,0,0)
(0,0,0)
(0,0,0)
(0,0,0)
(0,0,0)
(0,0,0)
(0,0,0)
(0,0,0)
(0,0,0)
(0,0,0)
(0,0,0)
(0,0,0)
(0,0,0)
(0,0,0)
(0,0,0)
(0,0,0)
(0,0,0)
(0,0,0)
(0,0,0)
(0,0,0)
(0,0,0)
(0,0,0)
(0,0,0)
(0,0,0)
(0,0,0)
(0,0,0)
(0,0,0)
(0,0,0)
(0,0,0)
(0,0,0)
(0,0,0)
(0,0,0)
(0,0,0)
(0,0,0)
(0,0,0)
(0,0,0)
(0,0,0)
(0,0,0)
(0,0,0)
(0,0,0)
(0,0,0)
(0,0,0)
(0,0,0)
(0,0,0)
(0,0,0)
(0,0,0)
(0,0,0)
(0,0,0)
(0,0,0)
(0,0,0)
(0,0,0)
(0,0,0)
(0,0,0)
(0,0,0)
(0,0,0)
(0,0,0)
(0,0,0)
(0,0,0)
(0,0,0)
(0,0,0)
(0,0,0)
(0,0,0)
(0,0,0)
(0,0,0)
(0,0,0)
(0,0,0)
(0,0,0)
(0,0,0)
(0,0,0)
(0,0,0)
(0,0,0)
(0,0,0)
(0,0,0)
(0,0,0)
(0,0,0)
(0,0,0)
(0,0,0)
(0,0,0)
(0,0,0)
(0,0,0)
(0,0,0)
(0,0,0)
(0,0,0)
(0,0,0)
(0,0,0)
(0,0,0)
(0,0,0)
(0,0,0)
(0,0,0)
(0,0,0)
(0,0,0)
(0,0,0)
(0,0,0)
(0,0,0)
(0,0,0)
(0,0,0)
(0,0,0)
(0,0,0)
(0,0,0)
(0,0,0)
(0,0,0)
(0,0,0)
(0,0,0)
(0,0,0)
(0,0,0)
(0,0,0)
(0,0,0)
(0,0,0)
(0,0,0)
(0,0,0)
(0,0,0)
(0,0,0)
(0,0,0)
(0,0,0)
(0,0,0)
(0,0,0)
(0,0,0)
(0,0,0)
(0,0,0)
(0,0,0)
(0,0,0)
(0,0,0)
(0,0,0)
(0,0,0)
(0,0,0)
(0,0,0)
(0,0,0)
(0,0,0)
(0,0,0)
(0,0,0)
(0,0,0)
(0,0,0)
(0,0,0)
(0,0,0)
(0,0,0)
(0,0,0)
(0,0,0)
(0,0,0)
(0,0,0)
(0,0,0)
(0,0,0)
(0,0,0)
(0,0,0)
(0,0,0)
(0,0,0)
(0,0,0)
(0,0,0)
(0,0,0)
(0,0,0)
(0,0,0)
(0,0,0)
(0,0,0)
(0,0,0)
(0,0,0)
(0,0,0)
(0,0,0)
(0,0,0)
(0,0,0)
(0,0,0)
(0,0,0)
(0,0,0)
(0,0,0)
(0,0,0)
(0,0,0)
(0,0,0)
(0,0,0)
(0,0,0)
(0,0,0)
(0,0,0)
(0,0,0)
(0,0,0)
(0,0,0)
(0,0,0)
(0,0,0)
(0,0,0)
(0,0,0)
(0,0,0)
(0,0,0)
(0,0,0)
(0,0,0)
(0,0,0)
(0,0,0)
(0,0,0)
(0,0,0)
(0,0,0)
(0,0,0)
(0,0,0)
(0,0,0)
(0,0,0)
(0,0,0)
(0,0,0)
(0,0,0)
(0,0,0)
(0,0,0)
(0,0,0)
(0,0,0)
(0,0,0)
(0,0,0)
(0,0,0)
(0,0,0)
(0,0,0)
(0,0,0)
(0,0,0)
(0,0,0)
(0,0,0)
(0,0,0)
(0,0,0)
(0,0,0)
(0,0,0)
(0,0,0)
(0,0,0)
(0,0,0)
(0,0,0)
(0,0,0)
(0,0,0)
(0,0,0)
(0,0,0)
(0,0,0)
(0,0,0)
(0,0,0)
(0,0,0)
(0,0,0)
(0,0,0)
(0,0,0)
(0,0,0)
(0,0,0)
(0,0,0)
(0,0,0)
(0,0,0)
(0,0,0)
(0,0,0)
(0,0,0)
(0,0,0)
(0,0,0)
(0,0,0)
(0,0,0)
(0,0,0)
(0,0,0)
(0,0,0)
(0,0,0)
(0,0,0)
(0,0,0)
(0,0,0)
(0,0,0)
(0,0,0)
(0,0,0)
(0,0,0)
(0,0,0)
(0,0,0)
(0,0,0)
(0,0,0)
(0,0,0)
(0,0,0)
(0,0,0)
(0,0,0)
(0,0,0)
(0,0,0)
(0,0,0)
(0,0,0)
(0,0,0)
(0,0,0)
(0,0,0)
(0,0,0)
(0,0,0)
(0,0,0)
(0,0,0)
(0,0,0)
(0,0,0)
(0,0,0)
(0,0,0)
(0,0,0)
(0,0,0)
(0,0,0)
(0,0,0)
(0,0,0)
(0,0,0)
(0,0,0)
(0,0,0)
(0,0,0)
(0,0,0)
(0,0,0)
(0,0,0)
(0,0,0)
(0,0,0)
(0,0,0)
(0,0,0)
(0,0,0)
(0,0,0)
(0,0,0)
(0,0,0)
(0,0,0)
(0,0,0)
(0,0,0)
(0,0,0)
(0,0,0)
(0,0,0)
(0,0,0)
(0,0,0)
(0,0,0)
(0,0,0)
(0,0,0)
(0,0,0)
(0,0,0)
(0,0,0)
(0,0,0)
(0,0,0)
(0,0,0)
(0,0,0)
(0,0,0)
(0,0,0)
(0,0,0)
(0,0,0)
(0,0,0)
(0,0,0)
(0,0,0)
(0,0,0)
(0,0,0)
(0,0,0)
(0,0,0)
(0,0,0)
(0,0,0)
(0,0,0)
(0,0,0)
(0,0,0)
(0,0,0)
(0,0,0)
(0,0,0)
(0,0,0)
(0,0,0)
(0,0,0)
(0,0,0)
(0,0,0)
(0,0,0)
(0,0,0)
(0,0,0)
(0,0,0)
(0,0,0)
(0,0,0)
(0,0,0)
(0,0,0)
(0,0,0)
(0,0,0)
(0,0,0)
(0,0,0)
(0,0,0)
(0,0,0)
(0,0,0)
(0,0,0)
(0,0,0)
(0,0,0)
(0,0,0)
(0,0,0)
(0,0,0)
(0,0,0)
(0,0,0)
(0,0,0)
(0,0,0)
(0,0,0)
(0,0,0)
(0,0,0)
(0,0,0)
(0,0,0)
(0,0,0)
(0,0,0)
(0,0,0)
(0,0,0)
(0,0,0)
(0,0,0)
(0,0,0)
(0,0,0)
(0,0,0)
(0,0,0)
(0,0,0)
(0,0,0)
(0,0,0)
(0,0,0)
(0,0,0)
(0,0,0)
(0,0,0)
(0,0,0)
(0,0,0)
(0,0,0)
(0,0,0)
(0,0,0)
(0,0,0)
(0,0,0)
(0,0,0)
(0,0,0)
(0,0,0)
(0,0,0)
(0,0,0)
(0,0,0)
(0,0,0)
(0,0,0)
(0,0,0)
(0,0,0)
(0,0,0)
(0,0,0)
(0,0,0)
(0,0,0)
(0,0,0)
(0,0,0)
(0,0,0)
(0,0,0)
(0,0,0)
(0,0,0)
(0,0,0)
(0,0,0)
(0,0,0)
(0,0,0)
(0,0,0)
(0,0,0)
(0,0,0)
(0,0,0)
(0,0,0)
(0,0,0)
(0,0,0)
(0,0,0)
(0,0,0)
(0,0,0)
(0,0,0)
(0,0,0)
(0,0,0)
(0,0,0)
(0,0,0)
(0,0,0)
(0,0,0)
(0,0,0)
(0,0,0)
(0,0,0)
(0,0,0)
(0,0,0)
(0,0,0)
(0,0,0)
(0,0,0)
(0,0,0)
(0,0,0)
(0,0,0)
(0,0,0)
(0,0,0)
(0,0,0)
(0,0,0)
(0,0,0)
(0,0,0)
(0,0,0)
(0,0,0)
(0,0,0)
(0,0,0)
(0,0,0)
(0,0,0)
(0,0,0)
(0,0,0)
(0,0,0)
(0,0,0)
(0,0,0)
(0,0,0)
(0,0,0)
(0,0,0)
(0,0,0)
(0,0,0)
(0,0,0)
(0,0,0)
(0,0,0)
(0,0,0)
(0,0,0)
(0,0,0)
(0,0,0)
(0,0,0)
(0,0,0)
(0,0,0)
(0,0,0)
(0,0,0)
(0,0,0)
(0,0,0)
(0,0,0)
(0,0,0)
(0,0,0)
(0,0,0)
(0,0,0)
(0,0,0)
(0,0,0)
(0,0,0)
(0,0,0)
(0,0,0)
(0,0,0)
(0,0,0)
(0,0,0)
(0,0,0)
(0,0,0)
(0,0,0)
(0,0,0)
(0,0,0)
(0,0,0)
(0,0,0)
(0,0,0)
(0,0,0)
(0,0,0)
(0,0,0)
(0,0,0)
(0,0,0)
(0,0,0)
(0,0,0)
(0,0,0)
(0,0,0)
(0,0,0)
(0,0,0)
(0,0,0)
(0,0,0)
(0,0,0)
(0,0,0)
(0,0,0)
(0,0,0)
(0,0,0)
(0,0,0)
(0,0,0)
(0,0,0)
(0,0,0)
(0,0,0)
(0,0,0)
(0,0,0)
(0,0,0)
(0,0,0)
(0,0,0)
(0,0,0)
(0,0,0)
(0,0,0)
(0,0,0)
(0,0,0)
(0,0,0)
(0,0,0)
(0,0,0)
(0,0,0)
(0,0,0)
(0,0,0)
(0,0,0)
(0,0,0)
(0,0,0)
(0,0,0)
(0,0,0)
(0,0,0)
(0,0,0)
(0,0,0)
(0,0,0)
(0,0,0)
(0,0,0)
(0,0,0)
(0,0,0)
(0,0,0)
(0,0,0)
(0,0,0)
(0,0,0)
(0,0,0)
(0,0,0)
(0,0,0)
(0,0,0)
(0,0,0)
(0,0,0)
(0,0,0)
(0,0,0)
(0,0,0)
(0,0,0)
(0,0,0)
(0,0,0)
(0,0,0)
(0,0,0)
(0,0,0)
(0,0,0)
(0,0,0)
(0,0,0)
(0,0,0)
(0,0,0)
(0,0,0)
(0,0,0)
(0,0,0)
(0,0,0)
(0,0,0)
(0,0,0)
(0,0,0)
(0,0,0)
(0,0,0)
(0,0,0)
(0,0,0)
(0,0,0)
(0,0,0)
(0,0,0)
(0,0,0)
(0,0,0)
(0,0,0)
(0,0,0)
(0,0,0)
(0,0,0)
(0,0,0)
(0,0,0)
(0,0,0)
(0,0,0)
(0,0,0)
(0,0,0)
(0,0,0)
(0,0,0)
(0,0,0)
(0,0,0)
(0,0,0)
(0,0,0)
(0,0,0)
(0,0,0)
(0,0,0)
(0,0,0)
(0,0,0)
(0,0,0)
(0,0,0)
(0,0,0)
(0,0,0)
(0,0,0)
(0,0,0)
(0,0,0)
(0,0,0)
(0,0,0)
(0,0,0)
(0,0,0)
(0,0,0)
(0,0,0)
(0,0,0)
(0,0,0)
(0,0,0)
(0,0,0)
(0,0,0)
(0,0,0)
(0,0,0)
(0,0,0)
(0,0,0)
(0,0,0)
(0,0,0)
(0,0,0)
(0,0,0)
(0,0,0)
(0,0,0)
(0,0,0)
(0,0,0)
(0,0,0)
(0,0,0)
(0,0,0)
(0,0,0)
(0,0,0)
(0,0,0)
(0,0,0)
(0,0,0)
(0,0,0)
(0,0,0)
(0,0,0)
(0,0,0)
(0,0,0)
(0,0,0)
(0,0,0)
(0,0,0)
(0,0,0)
(0,0,0)
(0,0,0)
(0,0,0)
(0,0,0)
(0,0,0)
(0,0,0)
(0,0,0)
(0,0,0)
(0,0,0)
(0,0,0)
(0,0,0)
(0,0,0)
(0,0,0)
(0,0,0)
(0,0,0)
(0,0,0)
(0,0,0)
(0,0,0)
(0,0,0)
(0,0,0)
(0,0,0)
(0,0,0)
(0,0,0)
(0,0,0)
(0,0,0)
(0,0,0)
(0,0,0)
(0,0,0)
(0,0,0)
(0,0,0)
(0,0,0)
(0,0,0)
(0,0,0)
(0,0,0)
(0,0,0)
(0,0,0)
(0,0,0)
(0,0,0)
(0,0,0)
(0,0,0)
(0,0,0)
(0,0,0)
(0,0,0)
(0,0,0)
(0,0,0)
(0,0,0)
(0,0,0)
(0,0,0)
(0,0,0)
(0,0,0)
(0,0,0)
(0,0,0)
(0,0,0)
(0,0,0)
(0,0,0)
(0,0,0)
(0,0,0)
(0,0,0)
(0,0,0)
(0,0,0)
(0,0,0)
(0,0,0)
(0,0,0)
(-186630.480846887,99396.0224650233,87234.4583818621)
(-197371.126612699,95244.5901832901,189360.99481127)
(-222267.76853723,86647.9020683698,324980.861280132)
(-269262.748090094,73239.2261512987,521004.383218933)
(-354049.933063861,55135.512744971,819918.803537828)
(-506259.57330792,34344.4545784991,1291833.92226724)
(-781927.082930633,15466.3384233449,2058294.66677455)
(-1280007.11703449,3913.215640696,3334388.56816838)
(-2111075.37074694,52.605739006077,5445411.3331763)
(-2941302.48063002,-286.972582228713,8387000.78638861)
(0,0,0)
(0,0,0)
(0,0,0)
(0,0,0)
(0,0,0)
(0,0,0)
(-197405.264317954,213616.956566176,83184.330216799)
(-208228.864719554,205801.266736338,180856.51838331)
(-233525.776416512,189454.135669999,311576.061198189)
(-281635.696820467,163518.442242764,502932.541927196)
(-368785.530635849,127716.597854223,799136.987453784)
(-524646.907563658,85200.5393822909,1272927.81021365)
(-803319.224095498,45017.1664459481,2046696.20628654)
(-1299499.12635396,19570.0457944323,3330538.5024867)
(-2124052.95548504,9533.64694315804,5445110.41676763)
(-2947359.3621607,4860.63104494675,8387322.17530108)
(0,0,0)
(0,0,0)
(0,0,0)
(0,0,0)
(0,0,0)
(0,0,0)
(-222009.88962408,360112.348226572,75514.4979636838)
(-233013.233160512,349632.772694447,164696.225166089)
(-259109.470815554,327513.125893549,285746.705758099)
(-309658.878309188,291722.915180632,467201.11112942)
(-402370.09500589,240688.724009788,756599.079979734)
(-567894.51894994,177038.013875294,1232656.12443667)
(-856148.461758739,112653.297553803,2021168.45508757)
(-1348160.98161939,68430.1966672769,3320469.28583409)
(-2155413.04873829,45066.3351553866,5440349.64636019)
(-2961575.07040274,24420.4488921461,8382364.89891579)
(0,0,0)
(0,0,0)
(0,0,0)
(0,0,0)
(0,0,0)
(0,0,0)
(-267876.813410845,562831.69897826,65157.4626591581)
(-279089.151077422,551155.466929013,142723.919502016)
(-306186.6354061,526369.050473702,250054.630327956)
(-360229.817284741,485726.208726966,416281.154066355)
(-462147.09712544,426184.570082173,692932.405119416)
(-646252.216687669,348037.726098655,1168184.90958372)
(-957373.652442746,261310.170271807,1976901.68930846)
(-1442291.77300258,190516.029008981,3297107.62996928)
(-2212827.85143888,135355.325605879,5419646.49095761)
(-2986616.33413511,72825.4402880352,8357857.83369696)
(0,0,0)
(0,0,0)
(0,0,0)
(0,0,0)
(0,0,0)
(0,0,0)
(-350124.743869189,859321.655877733,53634.7869697135)
(-361288.074081384,847992.772112746,118085.555867362)
(-388910.384140926,823878.496703847,209486.493778144)
(-445863.631001135,784239.675493233,356836.65801301)
(-557291.18253908,725517.891700044,614794.518934225)
(-764392.481436415,645811.301574786,1081413.42489448)
(-1111498.86890361,548157.043345706,1906065.4207242)
(-1585569.1493124,440233.179564419,3241917.41948117)
(-2296216.16641494,316433.501894819,5357055.40960724)
(-3022790.75411198,167711.487231026,8284960.11677623)
(0,0,0)
(0,0,0)
(0,0,0)
(0,0,0)
(0,0,0)
(0,0,0)
(-498549.540343705,1315443.96282833,42427.233393108)
(-509138.201720565,1305406.0322217,94152.1750047149)
(-535849.411927889,1283920.10505487,169959.978581582)
(-592233.464199683,1248187.56122564,298245.557048857)
(-704849.107042801,1193470.95982019,535141.595971511)
(-915902.635912667,1113029.09899233,983826.43446665)
(-1264093.4897324,997923.477430802,1798153.49011397)
(-1716664.75059903,836997.103283217,3118054.3169942)
(-2386571.65713866,612820.445563872,5208239.03046386)
(-3068309.628,327126.153425718,8117133.99226903)
(0,0,0)
(0,0,0)
(0,0,0)
(0,0,0)
(0,0,0)
(0,0,0)
(-771047.669519409,2054056.08182107,32435.5505266702)
(-780418.511784141,2045397.1048737,72862.9896588179)
(-804379.314341852,2026687.45254013,134474.956515419)
(-855874.825270885,1994714.61856086,243822.72445108)
(-960483.689008928,1942876.69600728,454900.67727292)
(-1158807.17942375,1857858.908753,868878.046935995)
(-1485577.3704588,1715066.01000609,1637312.88481952)
(-1897107.73632224,1477571.51978281,2893846.20464218)
(-2521242.27500014,1105502.23456127,4922406.69064485)
(-3142592.76935867,602329.80232709,7789795.81110224)
(0,0,0)
(0,0,0)
(0,0,0)
(0,0,0)
(0,0,0)
(0,0,0)
(-1269402.70955127,3299672.36464506,23786.426727274)
(-1276891.01870983,3291763.90666389,54310.6436469252)
(-1296175.25594426,3274365.38895655,102807.963174771)
(-1338044.67334394,3243255.39207627,192311.863003295)
(-1424015.71179069,3189042.3467912,370161.924010059)
(-1588891.23135071,3090646.2433247,726265.820789052)
(-1862537.3562734,2903922.21698465,1399946.97008387)
(-2195686.33472436,2551390.30301472,2521814.52157633)
(-2765694.69531506,1973825.09423803,4419186.35721464)
(-3284629.62066529,1118792.11627385,7187353.66393311)
(0,0,0)
(0,0,0)
(0,0,0)
(0,0,0)
(0,0,0)
(0,0,0)
(-2103872.89945785,5387560.49708963,15984.7670132562)
(-2108957.80348008,5379633.68897149,37072.7881857565)
(-2122042.07408324,5361505.84939024,71974.4018352624)
(-2150199.3381718,5327055.41049793,138373.721585379)
(-2206982.56154574,5262292.37337809,272106.256544227)
(-2313679.57722003,5136612.99158513,539819.085503829)
(-2492809.27249018,4888883.71302245,1047666.86195623)
(-2758911.57100787,4413590.97512455,1944377.76085428)
(-3216573.01855803,3570578.71689299,3564197.15675728)
(-3532369.10886698,2146814.30895701,6068544.07294113)
(0,0,0)
(0,0,0)
(0,0,0)
(0,0,0)
(0,0,0)
(0,0,0)
(-2937984.30588027,8317371.57066896,8173.2323009589)
(-2940516.52848291,8309176.70023761,19146.749517746)
(-2947014.21570142,8289870.58131745,37796.2332919916)
(-2960850.71200148,8251841.0023951,73861.3533963414)
(-2988355.62676443,8177746.79022745,146762.563311448)
(-3039750.15183541,8030725.28309114,292400.423640852)
(-3129399.60294999,7738040.60113512,572643.138478163)
(-3280437.47560479,7165088.33465512,1101583.25455235)
(-3531586.94554524,6063147.76097275,2140601.15601779)
(-3556646.04566087,3922204.51872075,3921856.99191494)
(0,0,0)
(0,0,0)
(0,0,0)
(0,0,0)
(0,0,0)
(0,0,0)
(0,0,0)
(0,0,0)
(0,0,0)
(0,0,0)
(0,0,0)
(0,0,0)
(0,0,0)
(0,0,0)
(0,0,0)
(0,0,0)
(0,0,0)
(0,0,0)
(0,0,0)
(0,0,0)
(0,0,0)
(0,0,0)
(0,0,0)
(0,0,0)
(0,0,0)
(0,0,0)
(0,0,0)
(0,0,0)
(0,0,0)
(0,0,0)
(0,0,0)
(0,0,0)
(0,0,0)
(0,0,0)
(0,0,0)
(0,0,0)
(0,0,0)
(0,0,0)
(0,0,0)
(0,0,0)
(0,0,0)
(0,0,0)
(0,0,0)
(0,0,0)
(0,0,0)
(0,0,0)
(0,0,0)
(0,0,0)
(0,0,0)
(0,0,0)
(0,0,0)
(0,0,0)
(0,0,0)
(0,0,0)
(0,0,0)
(0,0,0)
(0,0,0)
(0,0,0)
(0,0,0)
(0,0,0)
(0,0,0)
(0,0,0)
(0,0,0)
(0,0,0)
(0,0,0)
(0,0,0)
(0,0,0)
(0,0,0)
(0,0,0)
(0,0,0)
(0,0,0)
(0,0,0)
(0,0,0)
(0,0,0)
(0,0,0)
(0,0,0)
(0,0,0)
(0,0,0)
(0,0,0)
(0,0,0)
(0,0,0)
(0,0,0)
(0,0,0)
(0,0,0)
(0,0,0)
(0,0,0)
(0,0,0)
(0,0,0)
(0,0,0)
(0,0,0)
(0,0,0)
(0,0,0)
(0,0,0)
(0,0,0)
(0,0,0)
(0,0,0)
(0,0,0)
(0,0,0)
(0,0,0)
(0,0,0)
(0,0,0)
(0,0,0)
(27583716.8984763,88539.9203707104,76508.8909889714)
(27565715.4365046,84298.4236877235,164520.094866782)
(27524324.1096963,75327.2858429848,277997.121473016)
(27447058.9766782,60832.6463890789,436238.94099839)
(27309433.764705,40412.1107951035,667739.323117249)
(27064646.5492108,15975.9162587277,1016253.47502253)
(26615476.386836,-5966.92163747634,1560213.1175762)
(25727983.718544,-15637.7915943396,2503256.26427479)
(23725539.0773234,-12986.571418782,4615024.57830601)
(18287458.2352156,-6385.94777877568,11328046.0009219)
(0,0,0)
(0,0,0)
(0,0,0)
(0,0,0)
(0,0,0)
(0,0,0)
(27565334.5853948,188862.337446943,72333.9238938005)
(27547320.323869,180890.360138732,155588.989537119)
(27505549.7538774,163774.274639509,263462.661129459)
(27426808.820348,135460.893822375,415786.087210513)
(27285413.5096361,94123.3093120191,643272.039104473)
(27033751.3791645,41961.1413708964,994284.717947051)
(26577740.9084382,-7830.62456338149,1550484.47902218)
(25693956.742297,-29092.2399656018,2505879.24942531)
(23704402.1144781,-21792.3265272237,4621626.12525326)
(18278206.5462273,-9329.55229336586,11334400.0120626)
(0,0,0)
(0,0,0)
(0,0,0)
(0,0,0)
(0,0,0)
(0,0,0)
(27523706.8732578,314083.318725148,64458.4465226603)
(27505649.9174027,303466.604074415,138615.242706585)
(27463070.0331196,280369.799861748,235236.404232093)
(27380838.2694864,241106.261523571,374490.079418097)
(27229659.8635108,180911.553771466,591068.067124745)
(26957364.0048421,98722.3465831959,944444.528803239)
(26475235.0024895,11449.2276350686,1529177.40303943)
(25599860.739135,-25699.6048911865,2513159.23789358)
(23649655.0442144,-12350.2374295826,4634045.24652595)
(18255498.70079,-626.784962923416,11343664.8986857)
(0,0,0)
(0,0,0)
(0,0,0)
(0,0,0)
(0,0,0)
(0,0,0)
(27447221.0710996,480446.775115417,53934.8497820902)
(27429166.5643198,468868.18741298,115673.741729189)
(27385572.4658899,443578.82013706,196101.810840712)
(27297942.7416392,400030.276620493,314401.427502652)
(27128683.599405,331035.869449566,508842.605976985)
(26809699.1940077,229912.513492816,857097.21905489)
(26247377.2313061,107192.436066813,1491999.31755718)
(25385679.0966372,47213.6820091405,2526511.35169992)
(23539081.5674012,51918.5195940816,4645729.3665188)
(18213042.91451,36627.179755612,11344212.343838)
(0,0,0)
(0,0,0)
(0,0,0)
(0,0,0)
(0,0,0)
(0,0,0)
(27312569.1207035,710708.808923574,42440.292301962)
(27294937.5434595,699992.4358608,90486.6169960902)
(27251138.830878,676813.150090007,152599.262707122)
(27158932.9793075,637759.61033116,245469.509370611)
(26968980.8597509,577898.979141977,407730.548071112)
(26580030.9833337,494269.766085529,734346.021391071)
(25837860.4781172,395582.044280926,1431993.25683892)
(24988683.7498615,309167.57284251,2531182.65751456)
(23365857.9801574,226073.391133346,4630349.83008566)
(18149923.8366679,122179.32603795,11307479.2837062)
(0,0,0)
(0,0,0)
(0,0,0)
(0,0,0)
(0,0,0)
(0,0,0)
(27072970.8674193,1042803.61653859,31780.9753047288)
(27056576.5660262,1034006.76985349,67448.0642481088)
(27014878.2603118,1015280.97919565,113648.753585616)
(26924376.8200145,984463.525197783,185730.745187691)
(26732218.7491034,937789.839863224,324168.21900305)
(26332118.1764442,870104.730940055,635708.63247444)
(25580542.5154632,776445.801455274,1345605.06078733)
(24768860.7370205,656574.68390171,2448068.65279125)
(23218403.2654897,478175.590320399,4526387.72165867)
(18077600.0269312,252846.564712573,11185207.0187356)
(0,0,0)
(0,0,0)
(0,0,0)
(0,0,0)
(0,0,0)
(0,0,0)
(26628556.9267936,1555574.60509537,23020.6058129801)
(26614294.4251247,1548809.68734139,48900.9420990954)
(26577376.2747704,1534771.2115064,83051.3113589862)
(26495253.7562879,1512447.02583071,139335.419850119)
(26316094.7108927,1479260.37564631,256682.674848218)
(25933488.285033,1427723.60482215,542164.527192107)
(25204568.2388235,1338061.43597944,1225799.47406842)
(24472053.6806224,1178945.7801318,2269663.15157653)
(22999993.5774127,861033.295916383,4300965.7842504)
(17954142.820221,460279.036843676,10932193.9132225)
(0,0,0)
(0,0,0)
(0,0,0)
(0,0,0)
(0,0,0)
(0,0,0)
(25740278.9258108,2465036.4559325,16252.704483644)
(25729050.227358,2459531.08015019,34986.2562899101)
(25699687.3454467,2448323.05363529,60968.0034528696)
(25633371.3853729,2430954.90772967,106440.253519996)
(25485748.8474027,2405931.64729467,205400.613360932)
(25161187.5467273,2365760.70455004,452680.92623794)
(24523209.6263646,2273573.28547252,1066818.28478957)
(24045605.153194,1988085.84726693,1951782.92041876)
(22559459.7701275,1522893.97088944,3900163.97068588)
(17668390.488836,871021.0742469,10471798.0144642)
(0,0,0)
(0,0,0)
(0,0,0)
(0,0,0)
(0,0,0)
(0,0,0)
(23732653.4195314,4553078.90956812,10827.4180579376)
(23725138.3877345,4547734.47828513,23924.0193913158)
(23705554.6088675,4536227.43292107,43819.1478376045)
(23662182.8632237,4516150.38410859,81637.6607460084)
(23569794.3765546,4480701.87368235,165486.686940774)
(23381843.2670954,4410371.93282801,360748.805030177)
(23043174.1563048,4252153.79521827,781581.057172314)
(22567525.0326296,3891939.41119704,1486687.08028759)
(21224588.957543,3255487.39771616,3248327.86804264)
(16799101.897927,2122518.99061011,9600755.13556824)
(0,0,0)
(0,0,0)
(0,0,0)
(0,0,0)
(0,0,0)
(0,0,0)
(18290082.2069871,11254834.1849196,5574.40246380839)
(18286366.368861,11249234.0431231,12588.1309647105)
(18276754.999333,11236492.9901284,23949.5494058623)
(18255911.0930868,11212339.8443617,46394.4747473503)
(18212950.156078,11165759.6672393,95427.0890308368)
(18128493.4962827,11070143.8603692,202807.704054375)
(17972182.7303815,10867137.7868506,421637.56977346)
(17672846.7548758,10445243.4530769,850445.488095927)
(16799739.6142365,9594478.44454265,2115524.07217059)
(13659700.8667082,7478691.84779033,7478400.49330405)
(0,0,0)
(0,0,0)
(0,0,0)
(0,0,0)
(0,0,0)
(0,0,0)
(0,0,0)
(0,0,0)
(0,0,0)
(0,0,0)
(0,0,0)
(0,0,0)
(0,0,0)
(0,0,0)
(0,0,0)
(0,0,0)
(0,0,0)
(0,0,0)
(0,0,0)
(0,0,0)
(0,0,0)
(0,0,0)
(0,0,0)
(0,0,0)
(0,0,0)
(0,0,0)
(0,0,0)
(0,0,0)
(0,0,0)
(0,0,0)
(0,0,0)
(0,0,0)
(0,0,0)
(0,0,0)
(0,0,0)
(0,0,0)
(0,0,0)
(0,0,0)
(0,0,0)
(0,0,0)
(0,0,0)
(0,0,0)
(0,0,0)
(0,0,0)
(0,0,0)
(0,0,0)
(0,0,0)
(0,0,0)
(0,0,0)
(0,0,0)
(0,0,0)
(0,0,0)
(0,0,0)
(0,0,0)
(0,0,0)
(0,0,0)
(0,0,0)
(0,0,0)
(0,0,0)
(0,0,0)
(0,0,0)
(0,0,0)
(0,0,0)
(0,0,0)
(0,0,0)
(0,0,0)
(0,0,0)
(0,0,0)
(0,0,0)
(0,0,0)
(0,0,0)
(0,0,0)
(0,0,0)
(0,0,0)
(0,0,0)
(0,0,0)
(0,0,0)
(0,0,0)
(0,0,0)
(0,0,0)
(0,0,0)
(0,0,0)
(0,0,0)
(0,0,0)
(0,0,0)
(0,0,0)
(0,0,0)
(0,0,0)
(0,0,0)
(0,0,0)
(0,0,0)
(0,0,0)
(0,0,0)
(0,0,0)
(0,0,0)
(0,0,0)
(0,0,0)
(0,0,0)
(0,0,0)
(0,0,0)
(0,0,0)
(0,0,0)
(-480355.951225379,70153.086394997,58523.5726238148)
(-500240.158849481,65899.3193886553,123183.657906404)
(-545170.62805958,56553.3845619169,200728.820417619)
(-626875.36126679,40594.5172285303,298672.45045133)
(-766694.8722294,16417.4966218752,422987.400081036)
(-1000027.70356767,-14904.0037396231,567169.465916388)
(-1381705.89169,-43746.2879740009,672701.841733534)
(-1985658.03676794,-49736.0239185059,500683.430281242)
(-2851555.10395618,-34174.3136460075,-823444.265475991)
(-3495434.83685393,-15660.6389557209,-6960286.74513335)
(0,0,0)
(0,0,0)
(0,0,0)
(0,0,0)
(0,0,0)
(0,0,0)
(-501389.83454154,147167.770146638,54313.545501911)
(-520928.660709419,139174.202635025,113891.456151077)
(-565412.414306334,121261.842636481,184748.975577469)
(-647205.204526264,89517.7497271206,274443.577270321)
(-789146.081972748,38394.556123366,391629.918694862)
(-1028811.49502883,-34415.7468883621,538308.34535403)
(-1419413.40917566,-110353.188799887,666673.373110872)
(-2017507.28420671,-123216.698996656,516221.884009889)
(-2867519.76259379,-76522.5314392727,-804904.211807627)
(-3501075.41438523,-32039.8825090007,-6944639.19832457)
(0,0,0)
(0,0,0)
(0,0,0)
(0,0,0)
(0,0,0)
(0,0,0)
(-548354.095187747,237465.792175222,46366.7557342183)
(-567209.786868093,226918.400322858,96086.0716343558)
(-610874.414952973,202832.936991898,153063.234668606)
(-693489.713071933,158203.132082503,223309.644188772)
(-842780.615433056,79983.0728451056,318765.415728097)
(-1107157.47846715,-48868.0642025371,462343.025668683)
(-1545576.69951541,-216394.767760603,653800.11595144)
(-2127949.90931762,-239908.715609055,562906.590333487)
(-2916020.52249677,-122937.722959342,-760398.842117941)
(-3516632.14083424,-43104.8662107329,-6912599.20747483)
(0,0,0)
(0,0,0)
(0,0,0)
(0,0,0)
(0,0,0)
(0,0,0)
(-632199.260864032,345618.547673264,35871.385782786)
(-650058.657859913,334495.248559718,72123.5690427552)
(-692453.044939026,309025.342218878,108560.483961869)
(-776769.128864611,260918.667957839,145160.627907537)
(-942748.536389682,171305.897644007,189873.748220447)
(-1279701.89255047,235.877131489854,294774.702761715)
(-1937535.10323272,-302366.810253766,630262.889110827)
(-2489349.01446257,-349851.474331487,679837.568250208)
(-3037435.63554691,-121386.812552583,-680592.329891105)
(-3549962.51350674,-26533.6148493799,-6869554.34391859)
(0,0,0)
(0,0,0)
(0,0,0)
(0,0,0)
(0,0,0)
(0,0,0)
(-772951.64071268,470934.460242711,24808.6581639167)
(-789332.425542826,461433.542952146,46744.1420909794)
(-829356.213245562,440371.419697792,60496.9180527182)
(-913683.941921805,403056.048816333,55580.2677407405)
(-1099376.20464775,341043.411276286,18803.6278242289)
(-1574778.46606051,246292.126660083,-7839.36299294442)
(-3128705.71604759,138220.4395993,582743.390635983)
(-3711349.63869205,89311.1321369682,908217.982038216)
(-3275419.91702046,78562.2062733325,-585849.330292588)
(-3604533.95421917,49812.2268817158,-6843133.57181926)
(0,0,0)
(0,0,0)
(0,0,0)
(0,0,0)
(0,0,0)
(0,0,0)
(-1005027.97846336,598193.602797997,15343.5126446284)
(-1019331.06638089,591508.075707967,25780.4216130696)
(-1055171.78954572,577567.829970304,23237.8705152383)
(-1133588.23250666,555182.863961613,-6320.08279176279)
(-1314167.14268731,521562.635540166,-75849.6059477369)
(-1788433.51694776,471420.16041455,-115822.136993024)
(-3266769.42295697,400434.867064522,533879.183279067)
(-3800576.56518353,359766.935635098,897464.491302275)
(-3386107.71109977,259781.639315553,-614640.155833345)
(-3659004.59843139,129393.982201621,-6893013.47647337)
(0,0,0)
(0,0,0)
(0,0,0)
(0,0,0)
(0,0,0)
(0,0,0)
(-1384438.29792874,667089.899031201,8702.73780635774)
(-1396199.09451163,663338.345328227,11969.7971395734)
(-1426307.65242675,656840.082520279,985.281103836595)
(-1494638.19524537,650363.726034868,-39699.8201189931)
(-1660443.51838467,648771.519744919,-125766.665729181)
(-2124927.9995929,655331.613841603,-186658.025213058)
(-3666972.93015242,656630.856703051,493290.963441566)
(-4160253.83205945,752457.683884572,797511.53719113)
(-3553532.65515787,420492.651876625,-745069.433482058)
(-3748928.61809226,174527.247952726,-7022527.45160281)
(0,0,0)
(0,0,0)
(0,0,0)
(0,0,0)
(0,0,0)
(0,0,0)
(-1990079.93936415,457109.120170886,4943.4533524252)
(-1998896.07680065,455284.107972743,5547.80418367188)
(-2021843.13906143,453859.280061172,-5337.09953190386)
(-2075430.28043838,459490.353019609,-41058.2513882939)
(-2212674.9800118,489724.726712654,-118983.821624221)
(-2638862.87080344,586212.67564243,-185210.656577185)
(-4323417.54610091,793394.540709431,589256.641199234)
(-3523582.88601861,509909.502636695,465596.670976977)
(-3686724.99507867,187951.115188701,-991073.217811633)
(-3888074.99366962,1692.63094939908,-7197169.30898541)
(0,0,0)
(0,0,0)
(0,0,0)
(0,0,0)
(0,0,0)
(0,0,0)
(-2858809.5985671,-890024.049802848,3199.99738941949)
(-2864468.94633865,-891566.047083104,4261.295835522)
(-2879141.51621037,-893044.251831638,464.762123406032)
(-2912100.85416375,-890516.17190612,-10641.1862462422)
(-2987716.62307678,-876507.096807289,-22294.5537776926)
(-3168479.14101738,-843323.836093208,22168.1753879009)
(-3563520.84872129,-819105.679948304,305967.210388858)
(-3692789.98074446,-1002922.59198153,143718.127698267)
(-4032370.91004591,-1169472.38430876,-1177294.69589815)
(-4096090.17291772,-1016946.56577432,-7198859.61901255)
(0,0,0)
(0,0,0)
(0,0,0)
(0,0,0)
(0,0,0)
(0,0,0)
(-3500982.72331973,-7036135.65302033,1780.34284155916)
(-3503721.39634482,-7038017.98708769,2923.85736910013)
(-3510761.11023271,-7041107.92410266,3107.44852299447)
(-3526019.01542726,-7044374.11013683,3499.304584869)
(-3558514.25615641,-7048002.91166892,11063.340998088)
(-3626584.74469333,-7059140.9392582,46562.4944562603)
(-3752352.21717745,-7105747.279585,122342.850969114)
(-3892241.41398643,-7228223.3968899,-22664.3659432116)
(-4097359.98918514,-7205821.91988674,-1024611.41762648)
(-3954079.72838617,-6181455.46996077,-6181718.10902847)
(0,0,0)
(0,0,0)
(0,0,0)
(0,0,0)
(0,0,0)
(0,0,0)
(0,0,0)
(0,0,0)
(0,0,0)
(0,0,0)
(0,0,0)
(0,0,0)
(0,0,0)
(0,0,0)
(0,0,0)
(0,0,0)
(0,0,0)
(0,0,0)
(0,0,0)
(0,0,0)
(0,0,0)
(0,0,0)
(0,0,0)
(0,0,0)
(0,0,0)
(0,0,0)
(0,0,0)
(0,0,0)
(0,0,0)
(0,0,0)
(0,0,0)
(0,0,0)
(0,0,0)
(0,0,0)
(0,0,0)
(0,0,0)
(0,0,0)
(0,0,0)
(0,0,0)
(0,0,0)
(0,0,0)
(0,0,0)
(0,0,0)
(0,0,0)
(0,0,0)
(0,0,0)
(0,0,0)
(0,0,0)
(0,0,0)
(0,0,0)
(0,0,0)
(0,0,0)
(0,0,0)
(0,0,0)
(0,0,0)
(0,0,0)
(0,0,0)
(0,0,0)
(0,0,0)
(0,0,0)
(0,0,0)
(0,0,0)
(0,0,0)
(0,0,0)
(0,0,0)
(0,0,0)
(0,0,0)
(0,0,0)
(0,0,0)
(0,0,0)
(0,0,0)
(0,0,0)
(0,0,0)
(0,0,0)
(0,0,0)
(0,0,0)
(0,0,0)
(0,0,0)
(0,0,0)
(0,0,0)
(0,0,0)
(0,0,0)
(0,0,0)
(0,0,0)
(0,0,0)
(0,0,0)
(0,0,0)
(0,0,0)
(0,0,0)
(0,0,0)
(0,0,0)
(0,0,0)
(0,0,0)
(0,0,0)
(0,0,0)
(0,0,0)
(0,0,0)
(0,0,0)
(0,0,0)
(0,0,0)
(0,0,0)
(0,0,0)
(-568148.867770231,49083.7079876942,38709.208557159)
(-585056.449473224,45186.2019311109,78339.2972497944)
(-622202.020683195,36322.8569200197,119047.832953392)
(-686973.754651714,20292.9916966299,158853.234641685)
(-791487.549769585,-6012.93780056168,189658.849982436)
(-952258.299598574,-43690.3142002448,185579.760213586)
(-1183418.15270422,-81479.9192892826,68771.9405170946)
(-1469963.21721556,-81634.1536891491,-365288.725346142)
(-1699098.62218871,-50173.1091922226,-1467572.09792136)
(-1476423.39904665,-21299.8221232531,-3465283.71360539)
(0,0,0)
(0,0,0)
(0,0,0)
(0,0,0)
(0,0,0)
(0,0,0)
(-587279.788498246,100162.350972744,34811.3109716552)
(-603255.456314271,92834.7561881654,69489.5523194546)
(-638362.554449695,75761.1910124901,103001.35837035)
(-699687.66592666,43260.7622879057,132516.049179467)
(-799417.711947594,-15199.6513348744,151974.392688626)
(-955546.059876705,-112750.57732742,147769.220663678)
(-1185198.16546839,-236518.989348024,68593.0470151512)
(-1463034.56747176,-233662.543980395,-333851.279428546)
(-1687844.43327176,-125000.470998665,-1438699.24694412)
(-1469486.37291912,-47577.6438340764,-3444010.46669946)
(0,0,0)
(0,0,0)
(0,0,0)
(0,0,0)
(0,0,0)
(0,0,0)
(-629188.281758925,153498.271610929,27498.2659329973)
(-643305.049276605,143966.171874537,52462.1126551342)
(-674316.165443933,121156.756343691,70508.2978148915)
(-728589.782550419,74858.4860631552,74010.6435181316)
(-818370.378402897,-19971.3384077498,54372.0935608469)
(-968121.898465814,-221362.735653863,23948.6718859437)
(-1221212.05922639,-608341.498165272,71406.5404141748)
(-1463658.94296381,-601313.460436944,-225233.509483095)
(-1660617.00194066,-244362.095493591,-1361275.40554427)
(-1452620.80751327,-76442.3342442993,-3396422.04845501)
(0,0,0)
(0,0,0)
(0,0,0)
(0,0,0)
(0,0,0)
(0,0,0)
(-701341.760018445,204658.587493388,17982.1832719623)
(-712850.218824662,195034.52317582,29705.3929354334)
(-737824.784845572,171944.243309287,24289.6458763856)
(-780640.622346276,123819.436222917,-20799.8108017129)
(-851057.701693799,14579.1808181985,-147041.16472354)
(-990161.637790893,-294909.268902679,-363034.886234307)
(-1493685.07439767,-1493620.87993893,78394.4667042944)
(-1571963.26604096,-1571930.54896323,131625.806808972)
(-1597296.57805324,-359473.124013749,-1193402.22216454)
(-1418596.22862883,-81178.403495543,-3320032.43779122)
(0,0,0)
(0,0,0)
(0,0,0)
(0,0,0)
(0,0,0)
(0,0,0)
(-815348.206662441,238672.216734856,8382.93670829321)
(-823821.149941916,231223.005758371,6683.17852483236)
(-841279.872468861,214331.018083413,-23779.9370259929)
(-866518.245221397,182916.871770041,-130043.069273523)
(-884411.417409159,126089.814351196,-456518.490045117)
(-796974.810881477,32491.8279418499,-1561723.24206868)
(6.25963666080983e-05,1.74233077196143e-05,-4.18732985626798e-05)
(201.910856667765,-22.7183752485536,1343923.10734714)
(-1343480.85298977,-32230.3974097042,-915258.683287615)
(-1357251.03041621,-4726.42116175244,-3238993.58942439)
(0,0,0)
(0,0,0)
(0,0,0)
(0,0,0)
(0,0,0)
(0,0,0)
(-985869.153391872,218546.422571046,966.969092323412)
(-991443.320702068,214396.518812096,-10094.2896402313)
(-1001984.86676457,206154.413041826,-55104.6073797932)
(-1012875.57287061,193845.059977914,-186745.455223711)
(-999918.422843893,175030.345760798,-549934.706476741)
(-846549.719385629,134689.706377769,-1594016.38247479)
(5.63671179011232e-05,2.25457804979757e-05,-3.18916797008806e-05)
(276.270658110015,-6.06192968662277,1311688.72133315)
(-1311136.62924641,92294.3680488154,-887807.125978731)
(-1356612.05067809,39436.9864892791,-3234363.08138301)
(0,0,0)
(0,0,0)
(0,0,0)
(0,0,0)
(0,0,0)
(0,0,0)
(-1223949.21357933,61191.4429042531,-3134.10468262085)
(-1227127.05937271,60370.9438795265,-18180.5648889926)
(-1232067.49850262,61005.3450515959,-67271.6508228848)
(-1232001.13546558,69268.0639847418,-205331.714609498)
(-1197002.70712804,96259.3909398677,-590001.571045194)
(-992892.172829263,141128.212683,-1728475.90411406)
(0.000153520498657381,-5.54497487960786e-05,-4.28573777444986e-05)
(281.679516158545,1388985.47869126,1404082.11884016)
(-1403735.61740243,287233.951489188,-940654.502355638)
(-1411631.74670685,35367.033903146,-3273881.42115491)
(0,0,0)
(0,0,0)
(0,0,0)
(0,0,0)
(0,0,0)
(0,0,0)
(-1512953.80603464,-411951.982067071,-3982.70835818831)
(-1514421.0846879,-410621.661631664,-17465.0949597537)
(-1515681.05304804,-403762.515454981,-58859.32046657)
(-1509378.11178412,-377510.974416382,-178132.450719707)
(-1463908.19708854,-285673.238601872,-544966.604101238)
(-1229353.5323702,56273.6053962173,-1869621.33524769)
(908.631302239691,1553067.20613008,1389158.61445131)
(-1388376.47068021,340558.548448344,302379.129355816)
(-1746803.94614701,-157780.481365477,-1192527.48672118)
(-1529556.99226521,-206355.169607366,-3309323.28461507)
(0,0,0)
(0,0,0)
(0,0,0)
(0,0,0)
(0,0,0)
(0,0,0)
(-1735405.81536276,-1532754.99078947,-2600.77448192301)
(-1735915.52208539,-1531305.99570757,-10469.864659268)
(-1735883.84515923,-1525073.12073151,-32416.9304338556)
(-1731099.15697158,-1504824.06060705,-86105.5414353606)
(-1708875.73380407,-1447729.97646839,-202889.692841556)
(-1640471.52412652,-1301853.20566725,-372770.498668949)
(-1551704.46297526,-1008253.15215859,176733.473873673)
(-1777018.16217479,-1202576.10091998,-195903.695327672)
(-1910460.26122428,-1234547.49940071,-1241047.32611407)
(-1565585.64923529,-874978.110712653,-3102928.90869121)
(0,0,0)
(0,0,0)
(0,0,0)
(0,0,0)
(0,0,0)
(0,0,0)
(-1496876.10194741,-3535832.2994686,-1029.31269319143)
(-1497022.6108349,-3534923.95108052,-4110.14283016102)
(-1496930.46231073,-3530943.93435327,-12069.9771303741)
(-1495052.97057648,-3518955.23638729,-28904.8462008834)
(-1488068.1810097,-3490131.89067914,-56949.0071368435)
(-1473072.17531599,-3433167.48179398,-79147.3003874722)
(-1468313.01205275,-3353930.03308732,-17509.6245834208)
(-1548098.0897273,-3336439.10537915,-227789.944383361)
(-1569553.17769201,-3108776.28242691,-881367.972850291)
(-1255058.95909736,-2227583.99648546,-2227782.8563663)
(0,0,0)
(0,0,0)
(0,0,0)
(0,0,0)
(0,0,0)
(0,0,0)
(0,0,0)
(0,0,0)
(0,0,0)
(0,0,0)
(0,0,0)
(0,0,0)
(0,0,0)
(0,0,0)
(0,0,0)
(0,0,0)
(0,0,0)
(0,0,0)
(0,0,0)
(0,0,0)
(0,0,0)
(0,0,0)
(0,0,0)
(0,0,0)
(0,0,0)
(0,0,0)
(0,0,0)
(0,0,0)
(0,0,0)
(0,0,0)
(0,0,0)
(0,0,0)
(0,0,0)
(0,0,0)
(0,0,0)
(0,0,0)
(0,0,0)
(0,0,0)
(0,0,0)
(0,0,0)
(0,0,0)
(0,0,0)
(0,0,0)
(0,0,0)
(0,0,0)
(0,0,0)
(0,0,0)
(0,0,0)
(0,0,0)
(0,0,0)
(0,0,0)
(0,0,0)
(0,0,0)
(0,0,0)
(0,0,0)
(0,0,0)
(0,0,0)
(0,0,0)
(0,0,0)
(0,0,0)
(0,0,0)
(0,0,0)
(0,0,0)
(0,0,0)
(0,0,0)
(0,0,0)
(0,0,0)
(0,0,0)
(0,0,0)
(0,0,0)
(0,0,0)
(0,0,0)
(0,0,0)
(0,0,0)
(0,0,0)
(0,0,0)
(0,0,0)
(0,0,0)
(0,0,0)
(0,0,0)
(0,0,0)
(0,0,0)
(0,0,0)
(0,0,0)
(0,0,0)
(0,0,0)
(0,0,0)
(0,0,0)
(0,0,0)
(0,0,0)
(0,0,0)
(0,0,0)
(0,0,0)
(0,0,0)
(0,0,0)
(0,0,0)
(0,0,0)
(0,0,0)
(0,0,0)
(0,0,0)
(0,0,0)
(0,0,0)
(-619895.405158437,29884.5398413938,21861.9975468105)
(-631363.64222141,26964.5897174728,41204.6005775239)
(-655434.706663802,20204.6322971481,54232.6542609806)
(-694598.436119492,7622.92354250815,54234.4121862516)
(-752180.151920939,-13918.0474736995,28845.0618112984)
(-830901.725646308,-46966.8419434809,-45544.6701974874)
(-927914.417584933,-83266.365450176,-217782.039866604)
(-1018540.29605268,-74728.2367302649,-594476.724299218)
(-1009565.99912635,-38962.9213381447,-1245046.42602344)
(-717937.071781336,-14399.5079345545,-1989133.24535414)
(0,0,0)
(0,0,0)
(0,0,0)
(0,0,0)
(0,0,0)
(0,0,0)
(-634461.307134627,58172.1728389953,18893.8856387767)
(-644509.659715561,52708.8187072382,34403.8600502996)
(-665150.294128903,39771.9667002507,41624.265326403)
(-697464.411075034,14366.6690538087,32657.264963481)
(-742336.175794314,-34113.3564455202,-4228.96221798106)
(-799570.140035025,-125291.471849945,-81880.2521531984)
(-868540.024829252,-272519.931952756,-209284.826289754)
(-954015.221518138,-234281.936702447,-558750.472271196)
(-967245.29636555,-97788.2817929847,-1220524.24872257)
(-698864.622386006,-30732.7797998504,-1974812.72739037)
(0,0,0)
(0,0,0)
(0,0,0)
(0,0,0)
(0,0,0)
(0,0,0)
(-665607.346764047,81186.8958312947,13404.3420128207)
(-672909.176158083,74259.3187920377,21457.9688095037)
(-686792.05520505,57502.0725458812,16203.752724994)
(-704864.729457123,22712.7111346564,-15867.3424491471)
(-720232.597604148,-52671.995824475,-95446.4838689415)
(-716333.815003735,-243364.715888629,-229161.323292327)
(-670985.307564313,-880770.518575539,-171137.488331625)
(-737135.10206842,-709604.715932579,-422338.549996884)
(-846138.06226701,-181073.829970971,-1153531.94149256)
(-650301.17186292,-42437.5147061955,-1944146.84223658)
(0,0,0)
(0,0,0)
(0,0,0)
(0,0,0)
(0,0,0)
(0,0,0)
(-716999.404050273,90395.2875585929,6449.25230452752)
(-720651.307185248,83808.6688277916,4700.99062935501)
(-725352.441215054,68250.9574442009,-18520.2378994789)
(-722958.117757754,37731.2974275389,-91221.3287808829)
(-689931.995816666,-18905.7740875107,-286113.256394987)
(-551287.008790326,-101812.537684739,-866540.063599446)
(3.03582564187175e-05,4.17467794430584e-06,-1.46503824944367e-05)
(286.848794981786,208.056088664279,106107.476194614)
(-551540.612916543,-105735.97344136,-1014986.34547169)
(-554279.232810187,-19901.3751465979,-1901839.48084996)
(0,0,0)
(0,0,0)
(0,0,0)
(0,0,0)
(0,0,0)
(0,0,0)
(-792674.031538055,67857.662415125,-136.549980914113)
(-792654.150512557,63296.4044571583,-10791.2850396427)
(-788184.335673192,53323.2929597855,-48959.1573508981)
(-766146.106712973,36252.621138312,-147852.619570097)
(-692579.074619485,10355.0827730616,-368945.819220338)
(-485864.177922496,-17244.7462693736,-764624.24359467)
(-4.23784037646586e-06,1.55983790647338e-06,7.40727128395161e-05)
(6.97810160413734e-05,1.13164938185425e-05,-6.69707666206785e-06)
(173.069113098723,52.3150602971815,-929340.041521096)
(-420231.497924431,-4130.77103671179,-1882130.17812274)
(0,0,0)
(0,0,0)
(0,0,0)
(0,0,0)
(0,0,0)
(0,0,0)
(-893581.906161858,-19781.4944227547,-4648.09039213547)
(-890649.756290104,-21524.0625372393,-20621.1878097007)
(-879196.759790738,-24191.9731476364,-65894.0286761089)
(-843311.397516703,-25584.9159873328,-173620.666904376)
(-744517.599951012,-22350.7840560488,-396315.622968138)
(-501055.220327021,-11902.5591112621,-747152.309184845)
(1.92754257017489e-07,5.36483611972974e-06,5.67550701951512e-05)
(5.06950390467394e-05,1.96321994355421e-05,-2.25447643303172e-06)
(157.71102947528,-351.901727182771,-933611.796987892)
(-400608.741405502,-15611.6598958183,-1878134.21740138)
(0,0,0)
(0,0,0)
(0,0,0)
(0,0,0)
(0,0,0)
(0,0,0)
(-1009286.32930098,-228084.732262118,-6359.64643898409)
(-1004659.67639191,-227211.532482481,-23139.559474531)
(-989358.531135952,-222915.25160016,-67125.2483886784)
(-946136.877050831,-208414.873867027,-170159.548923726)
(-832979.367939634,-170947.406474641,-385586.265693539)
(-559632.19383519,-95726.2228895419,-735022.580909342)
(7.48125324661702e-06,8.88735070219544e-05,6.67009444941402e-05)
(8.66401541245483e-05,2.64584477897034e-06,-3.09042840806836e-06)
(473.888265745707,-55970.0219026637,-948839.962317713)
(-430873.902002901,-82604.3812217258,-1862605.08569574)
(0,0,0)
(0,0,0)
(0,0,0)
(0,0,0)
(0,0,0)
(0,0,0)
(-1100831.3274233,-634710.168685812,-5497.04218764815)
(-1095926.03672282,-632467.408119111,-18736.2145161067)
(-1080536.16539794,-624328.944781533,-52467.4089848266)
(-1038202.14098422,-599569.949518415,-132488.304133336)
(-926174.092304532,-530988.312968577,-310181.502423403)
(-640964.195850203,-355239.988633147,-639057.073199795)
(0.000101956735196046,-9.50161547299925e-07,-9.17583607219714e-06)
(402.822997442859,-48391.7255509574,-56128.0025117717)
(-561774.528812574,-321627.786050788,-975499.655698081)
(-565152.023659431,-242463.608843373,-1780045.39668223)
(0,0,0)
(0,0,0)
(0,0,0)
(0,0,0)
(0,0,0)
(0,0,0)
(-1072194.29897963,-1294702.69413954,-3218.99092939799)
(-1068320.15789724,-1292814.95837687,-10466.804859791)
(-1056657.18707666,-1286469.10130023,-27553.3064236621)
(-1025357.2540113,-1269107.61812016,-63757.5407822102)
(-942018.196526528,-1227269.20868357,-134334.182344751)
(-711369.724234438,-1134853.04276193,-283822.928108049)
(832.79626807607,-925246.605263016,-48501.4950878063)
(-570594.239819264,-973914.814852594,-329402.328141704)
(-771407.053860282,-893782.776691075,-896300.54486542)
(-602343.782302642,-564497.98995347,-1537508.03068797)
(0,0,0)
(0,0,0)
(0,0,0)
(0,0,0)
(0,0,0)
(0,0,0)
(-750747.928026398,-2039567.48432696,-1263.38373358592)
(-748701.52439114,-2038385.33971113,-4014.08884310279)
(-742841.953713893,-2034458.3580244,-10113.340715786)
(-728058.605056497,-2024364.29101294,-21851.0333429924)
(-692724.147336998,-2002547.73807103,-41916.5376282341)
(-614970.064581295,-1960569.41106967,-74302.2800551868)
(-484542.748746135,-1886077.30746191,-97241.8411629128)
(-581234.16188541,-1788738.73567172,-249281.848185673)
(-606180.679563346,-1539476.90377155,-566960.219233872)
(-441069.612311996,-972622.235586569,-972825.320386148)
(0,0,0)
(0,0,0)
(0,0,0)
(0,0,0)
(0,0,0)
(0,0,0)
(0,0,0)
(0,0,0)
(0,0,0)
(0,0,0)
(0,0,0)
(0,0,0)
(0,0,0)
(0,0,0)
(0,0,0)
(0,0,0)
(0,0,0)
(0,0,0)
(0,0,0)
(0,0,0)
(0,0,0)
(0,0,0)
(0,0,0)
(0,0,0)
(0,0,0)
(0,0,0)
(0,0,0)
(0,0,0)
(0,0,0)
(0,0,0)
(0,0,0)
(0,0,0)
(0,0,0)
(0,0,0)
(0,0,0)
(0,0,0)
(0,0,0)
(0,0,0)
(0,0,0)
(0,0,0)
(0,0,0)
(0,0,0)
(0,0,0)
(0,0,0)
(0,0,0)
(0,0,0)
(0,0,0)
(0,0,0)
(0,0,0)
(0,0,0)
(0,0,0)
(0,0,0)
(0,0,0)
(0,0,0)
(0,0,0)
(0,0,0)
(0,0,0)
(0,0,0)
(0,0,0)
(0,0,0)
(0,0,0)
(0,0,0)
(0,0,0)
(0,0,0)
(0,0,0)
(0,0,0)
(0,0,0)
(0,0,0)
(0,0,0)
(0,0,0)
(0,0,0)
(0,0,0)
(0,0,0)
(0,0,0)
(0,0,0)
(0,0,0)
(0,0,0)
(0,0,0)
(0,0,0)
(0,0,0)
(0,0,0)
(0,0,0)
(0,0,0)
(0,0,0)
(0,0,0)
(0,0,0)
(0,0,0)
(0,0,0)
(0,0,0)
(0,0,0)
(0,0,0)
(0,0,0)
(0,0,0)
(0,0,0)
(0,0,0)
(0,0,0)
(0,0,0)
(0,0,0)
(0,0,0)
(0,0,0)
(0,0,0)
(0,0,0)
(-645685.673478951,15339.5826670077,10450.6856535149)
(-651911.071518385,13848.9501490653,17149.1648014255)
(-663918.564971216,10555.5725198242,15077.450589015)
(-681015.713574386,4828.72334387098,-3333.99529996044)
(-701618.988283925,-4003.32491911328,-49891.8340178645)
(-722636.712415338,-15564.1615647302,-142592.685684102)
(-738140.43850754,-23844.2610755959,-308522.403685902)
(-731244.931943289,-10184.1648479832,-585633.602947315)
(-644977.236310338,3360.46216099591,-953582.827924304)
(-404725.048784061,4653.87782610315,-1271448.72874771)
(0,0,0)
(0,0,0)
(0,0,0)
(0,0,0)
(0,0,0)
(0,0,0)
(-655085.96051688,27026.012850308,8938.2231989567)
(-659844.270507254,24302.1179278395,13819.6662118749)
(-668267.66127978,18154.5094211727,9338.09646140412)
(-678100.799901855,7011.46647417891,-12208.2578420861)
(-685115.847257236,-11939.4686492561,-61492.4426490191)
(-683773.489280713,-41963.7022593749,-150889.552708689)
(-673535.486767233,-74841.8377670614,-294896.514079234)
(-669637.074642049,-17314.3520688014,-572144.473734505)
(-607066.021778218,23372.1275168788,-952335.413677718)
(-388186.807362302,17830.8757529428,-1276190.22662826)
(0,0,0)
(0,0,0)
(0,0,0)
(0,0,0)
(0,0,0)
(0,0,0)
(-674469.681600811,29734.7371715791,6153.61051549587)
(-676482.884917998,26423.7882291439,7605.6489741065)
(-678009.492566831,18841.6320925541,-1864.03633549339)
(-673039.669646985,4556.68151619531,-31234.3111876538)
(-649426.31180221,-22402.9508442496,-91577.1147945981)
(-587801.729446617,-78252.4387267154,-183820.463884379)
(-482665.382618579,-209511.61653176,-237470.610065415)
(-488295.803674538,27951.1358252238,-531575.39635332)
(-509927.04236627,113576.538047691,-957990.82678488)
(-349910.599034633,53597.7522731668,-1294148.27613337)
(0,0,0)
(0,0,0)
(0,0,0)
(0,0,0)
(0,0,0)
(0,0,0)
(-704577.866487409,14541.3738484077,2771.82576030503)
(-703066.02668702,11620.4887731518,-10.1552819281504)
(-695663.182864218,5232.8371272264,-16090.6186674388)
(-670746.859730158,-5626.14717091208,-58119.0480079274)
(-601346.673233007,-21721.3598932948,-147385.961542541)
(-425373.767777849,-36479.7523056338,-315071.888976098)
(2.60273162332675e-05,4.19342406491132e-06,3.40684895844374e-06)
(613.66538548311,39.8424197645366,-446010.114287117)
(-311893.716834998,446010.910049321,-1018091.38237029)
(-284965.901967219,114134.296705534,-1347941.25764564)
(0,0,0)
(0,0,0)
(0,0,0)
(0,0,0)
(0,0,0)
(0,0,0)
(-744672.423329523,-33310.2553924287,-149.978967692875)
(-739896.559759131,-34966.8691059685,-6320.21184199832)
(-724475.29355489,-37967.7552098853,-26828.6616231886)
(-683269.899761041,-41205.7158207755,-74125.2999252572)
(-584536.028472484,-41850.9074851017,-162038.79848045)
(-373241.335957201,-32603.2241973094,-278538.168554071)
(-4.07239800897607e-06,4.20173373033355e-07,5.25507485157203e-06)
(6.18921518170264e-05,3.37310773663299e-06,9.9679592520801e-06)
(800.079059986316,32.0667490699776,-1350127.1953187)
(-209381.270099991,15465.4012464075,-1462308.52768401)
(0,0,0)
(0,0,0)
(0,0,0)
(0,0,0)
(0,0,0)
(0,0,0)
(-789402.56697976,-135753.128988772,-1736.46558575635)
(-782395.674973897,-135799.085884451,-9158.33012348147)
(-761819.092264225,-134621.820246328,-29881.9326135553)
(-711098.527894868,-128705.357471361,-74595.1605848019)
(-597292.223426112,-111100.279807872,-152571.164786934)
(-369789.142462475,-70680.426934862,-245760.039913931)
(-4.23866825023801e-07,2.40782889028857e-06,-2.25622534035094e-11)
(4.23101132160962e-05,3.57315085290502e-06,8.18486015211801e-06)
(625.068151450531,-103.239853051731,-1334757.99058587)
(-196040.303324855,-45929.0952042127,-1477931.93221588)
(0,0,0)
(0,0,0)
(0,0,0)
(0,0,0)
(0,0,0)
(0,0,0)
(-823350.743411499,-319917.995631902,-1770.71924635695)
(-815589.191790245,-318781.035348356,-7859.25438411828)
(-793642.165800751,-314401.766821861,-23795.6731437881)
(-741048.517927809,-300813.117909195,-56776.2718289783)
(-624457.946250617,-264468.259684274,-111929.713641595)
(-389993.283709673,-177328.046995222,-174921.003706752)
(5.26235631510008e-06,5.53631509116987e-06,-2.66581721615312e-11)
(7.25567840703934e-05,5.77553572557415e-06,1.18809585233136e-05)
(920.595580810205,-618414.829658507,-1380604.28443711)
(-208335.521587959,-216947.276676979,-1432124.48337931)
(0,0,0)
(0,0,0)
(0,0,0)
(0,0,0)
(0,0,0)
(0,0,0)
(-813694.181102269,-606415.381898959,-639.760053974657)
(-806726.716049518,-605237.849230592,-3382.26684503662)
(-787429.746671517,-600827.03374147,-10063.4186518586)
(-741708.055615508,-587108.860460892,-20261.7614688773)
(-638978.05029052,-547248.844571854,-24677.2185953077)
(-419300.742128821,-426144.863360612,2476.14404869962)
(8.86218679187555e-05,1.67224594980119e-05,1.79747811330132e-06)
(623.128130701422,-619838.697689056,-618615.692220839)
(-288091.927122857,-531521.064549135,-979192.059019926)
(-266334.524006212,-279758.883733772,-1215197.95161635)
(0,0,0)
(0,0,0)
(0,0,0)
(0,0,0)
(0,0,0)
(0,0,0)
(-705485.830842339,-973691.413967349,567.563931094232)
(-700520.727980522,-973602.76421837,1133.04900214989)
(-687108.161941905,-973016.902057181,3773.89218310603)
(-656233.467997373,-972163.285742034,19704.5314503371)
(-587692.388074663,-978343.68964899,96473.5680756079)
(-430747.980648479,-1038878.90290739,428585.864036422)
(1122.83076856828,-1411114.65615147,-620008.294283258)
(-295182.165550133,-984865.546864596,-530393.51937685)
(-377125.84697117,-728757.167721186,-727438.623093908)
(-270908.231174082,-403296.687318324,-935336.370637925)
(0,0,0)
(0,0,0)
(0,0,0)
(0,0,0)
(0,0,0)
(0,0,0)
(-435756.794865701,-1289380.79074362,698.24361558491)
(-433257.830664316,-1290142.11794517,1793.90361556053)
(-426726.298432621,-1292014.98555633,4676.33183344262)
(-412392.127091131,-1296694.08153844,13540.6496644733)
(-383188.701371003,-1310218.6552696,35880.1693191045)
(-328171.482244289,-1345990.31792385,56193.0019985586)
(-243561.402789088,-1401957.53428558,-193945.465824378)
(-277851.884800844,-1207862.4552161,-274330.834557435)
(-273754.776023098,-933560.621348332,-401953.284470528)
(-182805.606757694,-531673.049709782,-531840.927633374)
(0,0,0)
(0,0,0)
(0,0,0)
(0,0,0)
(0,0,0)
(0,0,0)
(0,0,0)
(0,0,0)
(0,0,0)
(0,0,0)
(0,0,0)
(0,0,0)
(0,0,0)
(0,0,0)
(0,0,0)
(0,0,0)
(0,0,0)
(0,0,0)
(0,0,0)
(0,0,0)
(0,0,0)
(0,0,0)
(0,0,0)
(0,0,0)
(0,0,0)
(0,0,0)
(0,0,0)
(0,0,0)
(0,0,0)
(0,0,0)
(0,0,0)
(0,0,0)
(0,0,0)
(0,0,0)
(0,0,0)
(0,0,0)
(0,0,0)
(0,0,0)
(0,0,0)
(0,0,0)
(0,0,0)
(0,0,0)
(0,0,0)
(0,0,0)
(0,0,0)
(0,0,0)
(0,0,0)
(0,0,0)
(0,0,0)
(0,0,0)
(0,0,0)
(0,0,0)
(0,0,0)
(0,0,0)
(0,0,0)
(0,0,0)
(0,0,0)
(0,0,0)
(0,0,0)
(0,0,0)
(0,0,0)
(0,0,0)
(0,0,0)
(0,0,0)
(0,0,0)
(0,0,0)
(0,0,0)
(0,0,0)
(0,0,0)
(0,0,0)
(0,0,0)
(0,0,0)
(0,0,0)
(0,0,0)
(0,0,0)
(0,0,0)
(0,0,0)
(0,0,0)
(0,0,0)
(0,0,0)
(0,0,0)
(0,0,0)
(0,0,0)
(0,0,0)
(0,0,0)
(0,0,0)
(0,0,0)
(0,0,0)
(0,0,0)
(0,0,0)
(0,0,0)
(0,0,0)
(0,0,0)
(0,0,0)
(0,0,0)
(0,0,0)
(0,0,0)
(0,0,0)
(0,0,0)
(0,0,0)
(0,0,0)
(0,0,0)
(-656064.501659615,6031.30170138579,4347.52647926713)
(-658737.225552066,5979.31924187034,5194.36127107767)
(-663015.892679041,6256.76104384247,-1965.07206493946)
(-666924.21959993,7797.19861880284,-23853.7646581962)
(-667139.44091409,12546.7922746387,-70880.1043026679)
(-658800.703746234,23343.8281431646,-158059.941114935)
(-635329.317036887,40822.0521383036,-301693.114723891)
(-584828.478238833,51460.5506460038,-499570.119074347)
(-472253.20988226,41297.5598483882,-713591.705350815)
(-272532.614212818,21194.6669374078,-866978.806859464)
(0,0,0)
(0,0,0)
(0,0,0)
(0,0,0)
(0,0,0)
(0,0,0)
(-661060.1869213,7699.30181899269,4306.22628681322)
(-662715.741139286,7703.51713555973,5453.49902515693)
(-664560.238033751,8462.0134309668,-459.176607995554)
(-663706.253358102,12124.4790100517,-19181.0035429995)
(-655405.019636872,23811.059861439,-60156.0987501668)
(-634024.425619953,54089.5638503125,-140650.898118076)
(-598441.377380244,116197.121012665,-291120.076379435)
(-563599.391131051,164135.785187486,-509832.994431925)
(-462433.076080492,120598.504348576,-733766.884629841)
(-268606.662115349,56138.7845090661,-888291.147448456)
(0,0,0)
(0,0,0)
(0,0,0)
(0,0,0)
(0,0,0)
(0,0,0)
(-670636.307011824,-391.520067555926,4257.44729756082)
(-670435.827069762,-243.37597334902,6157.28255823064)
(-667637.087967018,1100.92520405469,3145.96618532841)
(-656986.746922491,6807.99173827857,-7590.46926738985)
(-628927.123630758,25687.4139355568,-29966.0115129613)
(-569336.309350982,84299.5452202737,-78641.4129785544)
(-475415.160969324,273615.811989336,-243310.325604487)
(-531018.689756429,517074.233224415,-553525.887559531)
(-456203.571558849,311728.343426568,-798379.197444922)
(-266164.948107524,118612.19259714,-944598.256460115)
(0,0,0)
(0,0,0)
(0,0,0)
(0,0,0)
(0,0,0)
(0,0,0)
(-683590.660797104,-25713.9080146023,4335.18225673942)
(-681016.001130954,-25410.0841764574,7451.86490377868)
(-672215.529565777,-23790.8654774923,8896.00228688216)
(-648038.487176673,-18350.8258043489,11346.4472760272)
(-587910.676614032,-5064.65189503806,28662.5164876553)
(-438620.990769199,15594.0615723676,110615.223126911)
(1.87025381787814e-05,-6.25386200464817e-06,1.12587625696655e-05)
(-615712.947383664,-335.86194467684,-759029.811824746)
(-526293.237239081,758782.487635177,-991684.435629274)
(-284355.909562968,189752.918192326,-1063435.1536287)
(0,0,0)
(0,0,0)
(0,0,0)
(0,0,0)
(0,0,0)
(0,0,0)
(-696775.450143831,-78254.4611053115,4643.57990501293)
(-692071.51564583,-77727.5120857731,9135.9637010328)
(-677983.3606252,-75615.2829982407,14468.4482920908)
(-642519.959962825,-69369.8938801455,24737.5765696714)
(-559373.725020688,-54907.0396424021,49417.6608652348)
(-373886.93145758,-29341.4015490959,94998.719487079)
(-8.08718226002587e-06,-1.11467833773932e-06,-1.54091728748307e-06)
(4.1745564642272e-05,-2.15466943415091e-06,2.06590929580825e-05)
(-958963.541151668,-148.499032923646,-1560876.98641313)
(-355894.261714477,28790.6919249423,-1253401.76853127)
(0,0,0)
(0,0,0)
(0,0,0)
(0,0,0)
(0,0,0)
(0,0,0)
(-703011.273210924,-169886.005024726,5240.25015057993)
(-697060.577266168,-169220.581207594,11398.2215646762)
(-680267.225293582,-166680.46978704,20911.5413828309)
(-640041.121268216,-158897.303361074,39381.5442371077)
(-549500.959611333,-138498.573106716,75181.8138866467)
(-357325.095449195,-91059.7874114851,124436.152735757)
(-1.74564057705444e-06,-5.36087148392375e-07,1.74727740294442e-12)
(2.94010636353473e-05,-2.99718366676577e-06,1.37515655606412e-05)
(-908114.69171059,132.859476350265,-1531933.18053904)
(-358616.265104321,-58260.0915099805,-1282306.43532466)
(0,0,0)
(0,0,0)
(0,0,0)
(0,0,0)
(0,0,0)
(0,0,0)
(-688615.340939072,-310540.623452091,5919.21595494287)
(-682691.984344234,-310240.845441401,14042.2727427376)
(-666588.086547679,-308531.296362597,28839.0200652228)
(-629237.858669517,-301806.209757609,59937.2672034659)
(-546532.906773321,-279264.94394459,122778.598564046)
(-366978.24621895,-206857.381735506,215561.155397339)
(2.25528910069613e-06,1.06025910091602e-06,-1.90941173374399e-12)
(4.02787676068473e-05,9.31779041268658e-06,1.99630404746819e-05)
(-995514.483143503,-907673.009718695,-1590403.81792725)
(-357805.759881673,-275021.666503129,-1224172.00464038)
(0,0,0)
(0,0,0)
(0,0,0)
(0,0,0)
(0,0,0)
(0,0,0)
(-631808.401262582,-498654.177873168,6227.77458139495)
(-627072.249807093,-499490.300049546,15822.7629471167)
(-614809.669512269,-500961.406168482,35632.7955937544)
(-588383.365048486,-502053.779586113,82555.6748552355)
(-534558.706557955,-496366.397582068,195237.784760146)
(-415216.57989305,-438127.001772828,422423.242561698)
(5.11266703556269e-05,2.9617647369522e-05,6.10688443151032e-06)
(-732664.185440401,-916242.45110108,-907831.154587158)
(-524875.397932647,-620895.925393829,-957824.768102241)
(-265557.404217186,-284475.031103351,-949148.52329104)
(0,0,0)
(0,0,0)
(0,0,0)
(0,0,0)
(0,0,0)
(0,0,0)
(-505164.514841633,-704432.04979611,5456.55592223285)
(-502206.390096967,-706791.729434087,14443.6474232212)
(-495183.10211174,-713027.813790989,34584.9952155607)
(-483322.600564927,-728651.985261468,88272.3334584618)
(-475118.963980256,-774158.442028487,253490.953810476)
(-539295.056539655,-936696.953072896,860607.981001712)
(-1115415.84810059,-1656352.16425733,-916486.469615704)
(-547381.736629014,-967953.375484885,-612575.974153016)
(-363487.701495204,-625663.750598249,-621446.294424571)
(-196898.8492627,-315318.242245987,-664612.465193312)
(0,0,0)
(0,0,0)
(0,0,0)
(0,0,0)
(0,0,0)
(0,0,0)
(-289178.15450139,-854160.838445975,3150.14828555603)
(-287811.220434453,-857352.50642199,8264.3150435998)
(-284764.073718191,-865677.909435321,18952.1859734999)
(-280194.702326634,-884624.142407855,42726.9183553941)
(-278185.694513775,-927323.548573103,90889.0180427765)
(-296650.303369199,-1018148.33948256,140819.225577356)
(-372010.025117161,-1158812.82077365,-228271.495578258)
(-273362.770930631,-930395.573189683,-270318.411743675)
(-198573.797278028,-660067.043354934,-311096.097732065)
(-111073.912030621,-348994.42898874,-349151.60571638)
(0,0,0)
(0,0,0)
(0,0,0)
(0,0,0)
(0,0,0)
(0,0,0)
(0,0,0)
(0,0,0)
(0,0,0)
(0,0,0)
(0,0,0)
(0,0,0)
(0,0,0)
(0,0,0)
(0,0,0)
(0,0,0)
(0,0,0)
(0,0,0)
(0,0,0)
(0,0,0)
(0,0,0)
(0,0,0)
(0,0,0)
(0,0,0)
(0,0,0)
(0,0,0)
(0,0,0)
(0,0,0)
(0,0,0)
(0,0,0)
(0,0,0)
(0,0,0)
(0,0,0)
(0,0,0)
(0,0,0)
(0,0,0)
(0,0,0)
(0,0,0)
(0,0,0)
(0,0,0)
(0,0,0)
(0,0,0)
(0,0,0)
(0,0,0)
(0,0,0)
(0,0,0)
(0,0,0)
(0,0,0)
(0,0,0)
(0,0,0)
(0,0,0)
(0,0,0)
(0,0,0)
(0,0,0)
(0,0,0)
(0,0,0)
(0,0,0)
(0,0,0)
(0,0,0)
(0,0,0)
(0,0,0)
(0,0,0)
(0,0,0)
(0,0,0)
(0,0,0)
(0,0,0)
(0,0,0)
(0,0,0)
(0,0,0)
(0,0,0)
(0,0,0)
(0,0,0)
(0,0,0)
(0,0,0)
(0,0,0)
(0,0,0)
(0,0,0)
(0,0,0)
(0,0,0)
(0,0,0)
(0,0,0)
(0,0,0)
(0,0,0)
(0,0,0)
(0,0,0)
(0,0,0)
(0,0,0)
(0,0,0)
(0,0,0)
(0,0,0)
(0,0,0)
(0,0,0)
(0,0,0)
(0,0,0)
(0,0,0)
(0,0,0)
(0,0,0)
(0,0,0)
(0,0,0)
(0,0,0)
(0,0,0)
(0,0,0)
(-659079.003272139,1181.60949763482,1832.89211489419)
(-660068.512324274,2126.29551079466,1037.88337630455)
(-661005.066799438,4816.5574604038,-5789.49996370803)
(-659811.244918562,11117.3911541989,-24019.8657992767)
(-652978.780157251,24388.6292735731,-62569.1558296857)
(-634932.529582576,48221.4639217762,-134658.793915125)
(-596431.176581847,77781.4804070984,-251338.414777261)
(-521584.026088885,72698.1544649516,-387281.021392156)
(-396393.378000513,51107.1551422738,-514248.008416182)
(-217057.011694639,25140.8641919364,-594864.475126291)
(0,0,0)
(0,0,0)
(0,0,0)
(0,0,0)
(0,0,0)
(0,0,0)
(-660980.91960099,-1688.19254034307,2790.53471766504)
(-661686.527698161,175.659378699694,3711.95740863903)
(-662090.800738424,5585.92318475279,473.154388963221)
(-660309.406993672,19016.795586847,-10823.0964081137)
(-653523.860266257,50474.0214503797,-38789.6479555333)
(-638449.922288922,118982.551584972,-105125.238949759)
(-608787.80614854,239451.128083154,-256448.457857519)
(-535191.777874124,196840.276829973,-408998.193479465)
(-406873.915507128,126909.837991551,-540360.036902103)
(-222314.896949338,58646.1208091421,-620157.058685322)
(0,0,0)
(0,0,0)
(0,0,0)
(0,0,0)
(0,0,0)
(0,0,0)
(-663745.468159629,-13211.6184234614,4632.58703092267)
(-663988.373116021,-10751.8621474854,9112.6546033659)
(-663438.881794109,-3400.48083910762,13900.8524543197)
(-660487.856647442,15852.6689699796,20566.0887961384)
(-654395.539632679,66833.8684092703,29674.6578391731)
(-651238.257847752,215233.30948316,15325.8484377527)
(-671042.037850335,749521.377622959,-299117.524221036)
(-586891.777921528,432662.688768481,-479066.847994442)
(-441392.299732249,241834.372559389,-608802.654388877)
(-237908.512095872,100540.587475782,-678953.557067166)
(0,0,0)
(0,0,0)
(0,0,0)
(0,0,0)
(0,0,0)
(0,0,0)
(-665038.811601636,-38826.4144784891,7062.94685956367)
(-664670.067855901,-36458.0606974234,16423.2121344554)
(-662796.562166349,-29585.9322468745,33189.6961427965)
(-657721.223651993,-12866.6342728437,71591.7358609335)
(-651007.99647942,23419.0707037484,178103.853431839)
(-675176.990285992,80275.2916684175,549617.870763373)
(-995983.285376134,-230.844722694842,-616023.956964959)
(-744595.04767473,615564.665428435,-670043.833333854)
(-530446.847992995,326212.869290752,-750268.719311303)
(-272724.530429996,118266.734244076,-779626.245212564)
(0,0,0)
(0,0,0)
(0,0,0)
(0,0,0)
(0,0,0)
(0,0,0)
(-660518.235904019,-84532.6344395353,9449.00572123824)
(-659566.328439155,-82847.3153184856,23333.0731356209)
(-656145.404084747,-78095.5884529645,50004.7728012534)
(-646282.97829496,-67091.194931469,107992.351792009)
(-617778.634927298,-45256.3856356711,235072.718038043)
(-514767.953341541,-12959.3287953177,469188.360385734)
(2.99082090750941e-05,-1.4562321687958e-05,-2.5949486832587e-05)
(-984052.994924826,-47.6185560424468,-959440.083317961)
(-684525.563262159,50675.0158927725,-958340.207809489)
(-324015.582690176,26060.6930593247,-898012.845649038)
(0,0,0)
(0,0,0)
(0,0,0)
(0,0,0)
(0,0,0)
(0,0,0)
(-643056.718944553,-155660.221783472,11173.0330775668)
(-641862.005402509,-155062.863050349,28190.0089457699)
(-638114.66639484,-153206.667439296,61148.5290333644)
(-627699.063859013,-148273.049598188,129988.32629088)
(-596557.988148598,-135723.811641344,267512.780833817)
(-484021.816031909,-100858.557170392,482108.729791602)
(2.06410347426951e-05,-2.09960434630895e-05,-1.87285653745894e-05)
(-925082.491001032,63.8208103099907,-908697.682306194)
(-695881.243366377,-87305.834012966,-982950.280744666)
(-333916.260098465,-57467.2980374895,-924122.294653711)
(0,0,0)
(0,0,0)
(0,0,0)
(0,0,0)
(0,0,0)
(0,0,0)
(-602031.936177768,-254025.326255562,11781.6997107835)
(-601162.374813358,-254926.062707032,30115.2898365868)
(-598779.87665728,-257055.533379169,66155.945886063)
(-592760.424951761,-261242.646956469,142648.109526582)
(-574528.009676325,-267543.351953454,302462.752741692)
(-493012.766599244,-255280.198659302,582918.914610903)
(2.9933744214172e-05,-2.79048541775489e-05,-2.41723036917212e-05)
(-1019032.67867189,-732980.83638978,-996164.37118758)
(-688565.908923128,-437209.8653229,-953208.914098021)
(-318873.186099082,-182853.993044817,-866754.79287329)
(0,0,0)
(0,0,0)
(0,0,0)
(0,0,0)
(0,0,0)
(0,0,0)
(-524235.902300247,-372499.679710918,10901.8544930157)
(-524048.526456187,-375062.104732263,28014.1731673433)
(-524105.054008188,-381724.226629133,61978.2509132192)
(-526678.167151124,-397350.773531546,136381.179590936)
(-543141.431777688,-437284.627573059,314705.180430281)
(-631214.223435612,-562619.242877537,838041.868191088)
(-1140295.78469348,-1116012.28122947,-733117.328032317)
(-766858.036383543,-731415.532967541,-700488.780511407)
(-503877.072656427,-459802.891362578,-698894.07974794)
(-247482.871275803,-215953.091284567,-683869.514449582)
(0,0,0)
(0,0,0)
(0,0,0)
(0,0,0)
(0,0,0)
(0,0,0)
(-397158.505729762,-488892.756772805,8387.06795001553)
(-397472.657007613,-492799.527121558,21390.7572499588)
(-398931.060351467,-502928.748471544,46343.2373321009)
(-405007.395116861,-525764.151451403,96441.4098038966)
(-427817.457547209,-577471.447151893,189326.722949684)
(-502795.677668298,-694353.083494083,284561.184694871)
(-684909.871556414,-913339.221444921,-348617.851633848)
(-504200.948693217,-694304.635223319,-428909.537313875)
(-336131.469329828,-460996.965003823,-455071.695838002)
(-170429.510219949,-229607.715687376,-467886.410477938)
(0,0,0)
(0,0,0)
(0,0,0)
(0,0,0)
(0,0,0)
(0,0,0)
(-217185.301669738,-565389.289589581,4503.67998512582)
(-217488.687841485,-569903.930732453,11285.5510030506)
(-218633.604898678,-581244.06332026,23470.3970322525)
(-222469.549520121,-604706.992128669,44688.084903008)
(-233994.327532227,-649364.997066945,72390.2678365146)
(-262331.841767143,-721727.198655157,65445.921395534)
(-303101.316040589,-787110.939905794,-129691.069220175)
(-244367.590648141,-657360.326893567,-195630.55783242)
(-169803.524982061,-461693.048199947,-223704.746932266)
(-88168.4412779721,-238012.542863701,-238205.390508591)
(0,0,0)
(0,0,0)
(0,0,0)
(0,0,0)
(0,0,0)
(0,0,0)
(0,0,0)
(0,0,0)
(0,0,0)
(0,0,0)
(0,0,0)
(0,0,0)
(0,0,0)
(0,0,0)
(0,0,0)
(0,0,0)
(0,0,0)
(0,0,0)
(0,0,0)
(0,0,0)
(0,0,0)
(0,0,0)
(0,0,0)
(0,0,0)
(0,0,0)
(0,0,0)
(0,0,0)
(0,0,0)
(0,0,0)
(0,0,0)
(0,0,0)
(0,0,0)
(0,0,0)
(0,0,0)
(0,0,0)
(0,0,0)
(0,0,0)
(0,0,0)
(0,0,0)
(0,0,0)
(0,0,0)
(0,0,0)
(0,0,0)
(0,0,0)
(0,0,0)
(0,0,0)
(0,0,0)
(0,0,0)
(0,0,0)
(0,0,0)
(0,0,0)
(0,0,0)
(0,0,0)
(0,0,0)
(0,0,0)
(0,0,0)
(0,0,0)
(0,0,0)
(0,0,0)
(0,0,0)
(0,0,0)
(0,0,0)
(0,0,0)
(0,0,0)
(0,0,0)
(0,0,0)
(0,0,0)
(0,0,0)
(0,0,0)
(0,0,0)
(0,0,0)
(0,0,0)
(0,0,0)
(0,0,0)
(0,0,0)
(0,0,0)
(0,0,0)
(0,0,0)
(0,0,0)
(0,0,0)
(0,0,0)
(0,0,0)
(0,0,0)
(0,0,0)
(0,0,0)
(0,0,0)
(0,0,0)
(0,0,0)
(0,0,0)
(0,0,0)
(0,0,0)
(0,0,0)
(0,0,0)
(0,0,0)
(0,0,0)
(0,0,0)
(0,0,0)
(0,0,0)
(0,0,0)
(0,0,0)
(0,0,0)
(0,0,0)
(-659438.066785813,-620.8130819002,979.876595570932)
(-659932.446761774,588.868568162046,254.942464911274)
(-660073.515202222,3794.14133777836,-4470.75047007518)
(-657851.166434457,10700.2576857056,-17131.0866398908)
(-649462.741733046,23923.9334022689,-44571.0584663687)
(-627984.365347254,44805.1531967293,-96324.375898416)
(-581579.277376571,65544.6240424319,-176720.899146127)
(-494997.616007583,59166.7897960123,-262474.099023435)
(-364123.155999426,40658.6217824229,-335402.942806953)
(-194029.23482169,19915.5573923532,-378346.277072253)
(0,0,0)
(0,0,0)
(0,0,0)
(0,0,0)
(0,0,0)
(0,0,0)
(-659515.307233549,-4264.85800840602,2178.43255906569)
(-660423.420015857,-1922.96810467411,3427.1615495917)
(-661722.385943964,4444.25110360751,2408.63698930344)
(-662265.626927528,19010.6592990583,-3945.54469019022)
(-659568.860524692,49761.3005997281,-23737.911629213)
(-648123.983237561,106376.799603111,-75635.4970869554)
(-613178.675332246,177421.127787841,-183121.131648657)
(-523376.67031518,145303.955771075,-281073.405182668)
(-383516.651028545,92499.4886162499,-356271.536495075)
(-203451.049978805,43132.7697628545,-398352.595836111)
(0,0,0)
(0,0,0)
(0,0,0)
(0,0,0)
(0,0,0)
(0,0,0)
(-658258.304378622,-14251.9451406906,4499.92335127737)
(-659996.804956396,-11204.9587995526,9790.34588653077)
(-663654.269018756,-2543.07839697734,16993.0626117627)
(-670062.042057844,18803.9740590482,26773.9332621717)
(-681142.775239133,70417.8501144249,32864.6193539243)
(-698957.071665647,191526.488919658,-4566.2561447298)
(-707828.865129148,424889.589889788,-215247.890967862)
(-598086.180750738,275212.836683837,-333962.369051417)
(-430038.062397052,152960.408253641,-405777.526024003)
(-224799.977117002,65814.9879135962,-441568.27915361)
(0,0,0)
(0,0,0)
(0,0,0)
(0,0,0)
(0,0,0)
(0,0,0)
(-652765.46659079,-34083.1120494766,7557.82189794114)
(-655587.964087512,-31178.2286609235,18448.9879909208)
(-662463.261733671,-22827.053596276,38399.6627575401)
(-677579.955459613,-1365.29735660381,78427.665980818)
(-712873.543747078,56702.285806065,154008.777556838)
(-799248.241048389,240760.8683115,228845.6489274)
(-973318.177825918,996025.782644165,-364955.651377195)
(-754247.945585934,376218.318224715,-456308.235006864)
(-512950.584100617,172183.592550731,-493027.683196336)
(-259465.642164663,66968.778483816,-507440.362031887)
(0,0,0)
(0,0,0)
(0,0,0)
(0,0,0)
(0,0,0)
(0,0,0)
(-638135.115343543,-66963.177914614,10496.9453046595)
(-641961.873805909,-65142.5005739405,26856.7625844328)
(-651895.622394926,-60175.7110912269,59955.6383895675)
(-675641.822978218,-48644.7209912632,136593.906707484)
(-738446.34579196,-24192.3483272953,338156.251705506)
(-937603.387419122,17581.8658739165,984170.688220677)
(-1730517.2206683,-531.266951752752,-984751.14471305)
(-990918.707768985,58745.4904679452,-660412.604112112)
(-613632.896639125,39219.9178793339,-598341.596063755)
(-296995.153372996,16110.6617169275,-574503.908614052)
(0,0,0)
(0,0,0)
(0,0,0)
(0,0,0)
(0,0,0)
(0,0,0)
(-607568.120699576,-114799.916631577,12348.1404719863)
(-612022.069650032,-114556.91779895,31922.6219445188)
(-623875.949850861,-114073.642349846,71581.8366591551)
(-652361.058639259,-113546.487209928,161145.597658065)
(-725718.598477138,-113906.391178813,380020.250838118)
(-942505.049804194,-109990.590695106,966075.941179427)
(-1693992.30613337,39.9667042469923,-925491.47379413)
(-1017852.33755738,-93991.250739533,-679984.886030295)
(-635089.900489414,-80075.7604209807,-621480.55060695)
(-306160.254674819,-42469.7996700871,-590656.094643579)
(0,0,0)
(0,0,0)
(0,0,0)
(0,0,0)
(0,0,0)
(0,0,0)
(-552864.112630128,-176548.644794884,12580.904615669)
(-557490.507511098,-178083.867288976,32435.9868034373)
(-569907.502196785,-182634.922288312,72124.8922814078)
(-599565.068699892,-195447.519246696,160830.568066311)
(-675123.696163127,-236438.8509641,383958.714338399)
(-901338.950850957,-393755.768459472,1076050.07635449)
(-1761473.14010137,-1140789.21585646,-1019604.40458534)
(-985391.022508416,-481066.63623721,-666170.675251135)
(-598196.787562013,-252657.182758719,-583958.374274512)
(-285496.040032909,-111541.879451538,-548263.440559231)
(0,0,0)
(0,0,0)
(0,0,0)
(0,0,0)
(0,0,0)
(0,0,0)
(-465940.471035012,-245876.614926295,11032.5388661766)
(-470158.456024711,-248825.226932537,27883.8280782583)
(-481308.240046711,-256848.732484546,59300.8243130177)
(-506681.292401602,-275993.887815286,119850.318132086)
(-564060.406104676,-322271.010126067,226601.451621041)
(-692761.561442787,-434540.483195685,328933.504364423)
(-931155.477349886,-661028.630283745,-359967.388551878)
(-700974.247086305,-469094.259552483,-437823.554533848)
(-459251.068299522,-292259.177834671,-442847.563814811)
(-226205.311019464,-138984.986935846,-436682.016586828)
(0,0,0)
(0,0,0)
(0,0,0)
(0,0,0)
(0,0,0)
(0,0,0)
(-341666.302274546,-309405.394618977,8036.57623746692)
(-344882.882745473,-313220.825600105,19842.400642894)
(-353115.413674299,-322965.356986387,40143.3784675668)
(-370896.784948212,-343512.174606896,73551.0550905263)
(-406897.851370148,-383924.388564035,114284.827351431)
(-471258.384051,-454180.05036523,102387.100903676)
(-543620.559355761,-531871.644809303,-168059.196771424)
(-445520.621339913,-434806.065242379,-261027.718434829)
(-304925.353557855,-294896.022261647,-289596.989779819)
(-153918.328652235,-147446.386451583,-297646.771831796)
(0,0,0)
(0,0,0)
(0,0,0)
(0,0,0)
(0,0,0)
(0,0,0)
(-182040.255408679,-348716.391219312,4165.95033927591)
(-183768.114934952,-352867.843052121,10092.3948847583)
(-188057.472267405,-363026.127057357,19577.0323244577)
(-196871.181483981,-382634.877722649,33101.3674040698)
(-213108.883170854,-415712.470342269,44004.0048209291)
(-237454.096467327,-459686.438556293,24632.6477121732)
(-254993.034780052,-484315.120090638,-71032.1582670309)
(-215757.979907354,-413287.48693885,-121160.347311345)
(-151570.013585896,-292106.259748117,-142183.621221039)
(-77724.0513412713,-149944.754361978,-150129.643247345)
(0,0,0)
(0,0,0)
(0,0,0)
(0,0,0)
(0,0,0)
(0,0,0)
(0,0,0)
(0,0,0)
(0,0,0)
(0,0,0)
(0,0,0)
(0,0,0)
(0,0,0)
(0,0,0)
(0,0,0)
(0,0,0)
(0,0,0)
(0,0,0)
(0,0,0)
(0,0,0)
(0,0,0)
(0,0,0)
(0,0,0)
(0,0,0)
(0,0,0)
(0,0,0)
(0,0,0)
(0,0,0)
(0,0,0)
(0,0,0)
(0,0,0)
(0,0,0)
(0,0,0)
(0,0,0)
(0,0,0)
(0,0,0)
(0,0,0)
(0,0,0)
(0,0,0)
(0,0,0)
(0,0,0)
(0,0,0)
(0,0,0)
(0,0,0)
(0,0,0)
(0,0,0)
(0,0,0)
(0,0,0)
(0,0,0)
(0,0,0)
(0,0,0)
(0,0,0)
(0,0,0)
(0,0,0)
(0,0,0)
(0,0,0)
(0,0,0)
(0,0,0)
(0,0,0)
(0,0,0)
(0,0,0)
(0,0,0)
(0,0,0)
(0,0,0)
(0,0,0)
(0,0,0)
(0,0,0)
(0,0,0)
(0,0,0)
(0,0,0)
(0,0,0)
(0,0,0)
(0,0,0)
(0,0,0)
(0,0,0)
(0,0,0)
(0,0,0)
(0,0,0)
(0,0,0)
(0,0,0)
(0,0,0)
(0,0,0)
(0,0,0)
(0,0,0)
(0,0,0)
(0,0,0)
(0,0,0)
(0,0,0)
(0,0,0)
(0,0,0)
(0,0,0)
(0,0,0)
(0,0,0)
(0,0,0)
(0,0,0)
(0,0,0)
(0,0,0)
(0,0,0)
(0,0,0)
(0,0,0)
(0,0,0)
(0,0,0)
(-659269.937631692,-678.718120980896,510.588966858455)
(-659688.199310319,102.338188949032,164.003326457819)
(-659858.521182267,2134.32967542945,-2185.32036892755)
(-657659.302567269,6340.89034795976,-8718.0745840756)
(-648920.56483959,13876.42854334,-23136.6800208671)
(-625699.392999287,24715.3643704942,-50137.016739328)
(-575244.529541032,34014.9734268143,-90486.7380016868)
(-484300.763979327,30889.4511917809,-132073.041221725)
(-351772.950551924,21371.895157937,-165795.141827158)
(-185498.765198276,10531.3796982121,-184856.991148788)
(0,0,0)
(0,0,0)
(0,0,0)
(0,0,0)
(0,0,0)
(0,0,0)
(-658498.2270938,-2984.39899231328,1288.60073158496)
(-659744.322739132,-1459.44332264982,2171.28496646127)
(-661947.625194551,2544.99317972117,1985.86071275762)
(-664000.123945974,11257.4162404139,-1196.16816125447)
(-662801.88365528,28225.8513296078,-12312.5678169352)
(-650435.109082487,55602.6089487183,-40888.6865502338)
(-609286.909697406,82891.5227864235,-93657.0015446815)
(-515246.4069053,70743.4785050477,-141641.292267827)
(-373213.151081742,46117.3580086279,-176690.255065317)
(-196026.591490627,21845.5499369125,-195428.883792193)
(0,0,0)
(0,0,0)
(0,0,0)
(0,0,0)
(0,0,0)
(0,0,0)
(-655421.815104904,-8618.41689982941,2797.52863379726)
(-658202.687879477,-6631.75640960887,6175.72464383952)
(-664415.047918898,-1216.52498116102,10698.0217048648)
(-675214.02034583,11356.8573688459,15750.5588644222)
(-690987.028093262,38749.1245559493,15071.5384922142)
(-706024.9493922,91323.9451715949,-13581.9200041083)
(-692236.163831327,159542.787528894,-105825.8860444)
(-586074.281448066,119218.663020889,-166312.969862912)
(-419394.804772742,70178.328996889,-201017.198475488)
(-217879.615754565,31211.2169059068,-217303.226806918)
(0,0,0)
(0,0,0)
(0,0,0)
(0,0,0)
(0,0,0)
(0,0,0)
(-646870.978299711,-19294.2729185528,4781.36772764313)
(-651638.324637839,-17407.6383233505,11607.6101917104)
(-663240.765656834,-12175.7985807016,23344.3877144159)
(-686613.549035042,563.889900979016,43170.9487577098)
(-729753.233818388,31132.2697336807,67667.4936512873)
(-797361.760718651,102433.038787521,54671.9197056234)
(-851843.091514577,238903.221480671,-146163.600557493)
(-705394.357248032,139594.999144855,-215393.52501936)
(-489643.550735272,71509.4868945758,-240031.716282398)
(-249142.816433238,29420.4831919424,-248563.808299857)
(0,0,0)
(0,0,0)
(0,0,0)
(0,0,0)
(0,0,0)
(0,0,0)
(-627769.991777497,-36325.3331413307,6665.9366567323)
(-634368.374375553,-35212.8764542903,16877.675357316)
(-651133.765713879,-32240.444603953,36180.4646995232)
(-687198.8113981,-25500.2716726426,73801.614693026)
(-760922.227562294,-11607.7645686295,139017.530765668)
(-899834.425087321,12510.239015446,191171.368205939)
(-1090776.20165129,35803.1133127675,-245469.542643171)
(-844978.229503754,31676.3551224738,-283491.376886004)
(-561123.866805779,17664.1507808359,-282155.070605614)
(-278559.617508463,6881.97038547626,-278052.093663673)
(0,0,0)
(0,0,0)
(0,0,0)
(0,0,0)
(0,0,0)
(0,0,0)
(-591454.926704577,-60249.1177274801,7810.59059114896)
(-599139.241527588,-60219.6232094589,19934.5092238739)
(-618875.818590967,-60301.7472407415,42995.6806007652)
(-661651.118916348,-60947.0098391367,87732.4790443448)
(-749253.546124811,-63513.8140764108,163173.4761998)
(-912271.780440831,-69014.5407891565,214464.986641038)
(-1126503.32899448,-67600.5881906428,-249620.288994432)
(-876576.806369663,-61678.4232425662,-297541.041817104)
(-578716.281293268,-43298.5828633785,-292951.927369043)
(-285395.122577225,-21878.1400584279,-284956.949022736)
(0,0,0)
(0,0,0)
(0,0,0)
(0,0,0)
(0,0,0)
(0,0,0)
(-530978.50623173,-89979.8044237267,7845.08029784687)
(-538680.231826319,-91067.622862532,19882.8042661407)
(-558380.134380009,-94295.3303495733,42349.0195581953)
(-600534.748179429,-102799.491978971,85171.1811775684)
(-685547.765002124,-125600.145819829,157681.581759982)
(-843084.455472909,-185417.321857611,215829.867450381)
(-1058724.84431617,-310745.187249473,-243773.829275962)
(-814734.690621851,-196867.702146491,-279240.882258608)
(-535294.346221223,-113867.765988752,-271574.140474028)
(-263460.514596715,-52352.8948883705,-263134.911080283)
(0,0,0)
(0,0,0)
(0,0,0)
(0,0,0)
(0,0,0)
(0,0,0)
(-440648.218178283,-122006.788244895,6734.73096443962)
(-447273.849919779,-123875.278638002,16657.7806349801)
(-463831.140749772,-128953.546433458,33838.8974219264)
(-497537.129160152,-140493.370912192,62388.6131136984)
(-559766.454356002,-165355.27183647,97849.7873816696)
(-657492.57479306,-213285.664959285,90449.1438336132)
(-747770.575208372,-273735.801295216,-129945.144262157)
(-617667.575282532,-213849.10707781,-196270.411134598)
(-421270.060454395,-138083.044255517,-210036.140712962)
(-211035.564597721,-66797.5890182212,-210761.193004853)
(0,0,0)
(0,0,0)
(0,0,0)
(0,0,0)
(0,0,0)
(0,0,0)
(-318251.934791421,-150212.722297918,4791.56656989512)
(-323020.407562939,-152497.707052626,11551.5198019875)
(-334544.806529629,-158258.297630555,22285.6638544124)
(-356778.926134608,-169815.541481138,37489.9756097528)
(-394191.292302917,-190439.204993821,49867.3496998723)
(-443976.470213838,-220648.43787891,29948.2087823368)
(-473814.871874614,-243513.158901456,-70080.1210925726)
(-403632.486601677,-205279.592412793,-120537.770495828)
(-283044.081534252,-141740.433945433,-138761.652829516)
(-144149.740032955,-71390.4640822348,-143937.366384784)
(0,0,0)
(0,0,0)
(0,0,0)
(0,0,0)
(0,0,0)
(0,0,0)
(-167590.115042287,-167112.652598078,2449.78993376891)
(-170065.922742027,-169543.827194332,5793.71788254948)
(-175869.111531551,-175386.263807987,10733.3233241264)
(-186606.85853317,-186166.842554194,16820.3014463712)
(-203402.366466199,-202948.73228635,19623.3120342446)
(-222996.249212435,-222536.759914806,7053.78681525002)
(-230000.500650847,-229600.872977465,-31851.0332379454)
(-198105.960599712,-197775.838314089,-57006.8066442923)
(-141097.308055915,-140797.760574926,-68422.185544781)
(-72621.2727919359,-72411.6148832133,-72503.8132931372)
(0,0,0)
(0,0,0)
(0,0,0)
(0,0,0)
(0,0,0)
(0,0,0)
(0,0,0)
(0,0,0)
(0,0,0)
(0,0,0)
(0,0,0)
(0,0,0)
(0,0,0)
(0,0,0)
(0,0,0)
(0,0,0)
(0,0,0)
(0,0,0)
(0,0,0)
(0,0,0)
(0,0,0)
(0,0,0)
(0,0,0)
(0,0,0)
(0,0,0)
(0,0,0)
(0,0,0)
(0,0,0)
(0,0,0)
(0,0,0)
(0,0,0)
(0,0,0)
(0,0,0)
(0,0,0)
(0,0,0)
(0,0,0)
(0,0,0)
(0,0,0)
(0,0,0)
(0,0,0)
(0,0,0)
(0,0,0)
(0,0,0)
(0,0,0)
(0,0,0)
(0,0,0)
(0,0,0)
(0,0,0)
(0,0,0)
(0,0,0)
(0,0,0)
(0,0,0)
(0,0,0)
(0,0,0)
(0,0,0)
(0,0,0)
(0,0,0)
(0,0,0)
(0,0,0)
(0,0,0)
(0,0,0)
(0,0,0)
(0,0,0)
(0,0,0)
(0,0,0)
(0,0,0)
(0,0,0)
(0,0,0)
(0,0,0)
(0,0,0)
(0,0,0)
(0,0,0)
(0,0,0)
(0,0,0)
(0,0,0)
(0,0,0)
(0,0,0)
(0,0,0)
(0,0,0)
(0,0,0)
(0,0,0)
(0,0,0)
(0,0,0)
(0,0,0)
(0,0,0)
(0,0,0)
(0,0,0)
(0,0,0)
(0,0,0)
(0,0,0)
(0,0,0)
(0,0,0)
(0,0,0)
(0,0,0)
(0,0,0)
(0,0,0)
(0,0,0)
(0,0,0)
(0,0,0)
(0,0,0)
(0,0,0)
(0,0,0)
(0,0,0)
(0,0,0)
(0,0,0)
(0,0,0)
(0,0,0)
(0,0,0)
(0,0,0)
(0,0,0)
(0,0,0)
(0,0,0)
(0,0,0)
(0,0,0)
(0,0,0)
(0,0,0)
(0,0,0)
(0,0,0)
(0,0,0)
(0,0,0)
(0,0,0)
(0,0,0)
(0,0,0)
(0,0,0)
(0,0,0)
(0,0,0)
(0,0,0)
(0,0,0)
(0,0,0)
(0,0,0)
(0,0,0)
(0,0,0)
(0,0,0)
(0,0,0)
(0,0,0)
(0,0,0)
(0,0,0)
(0,0,0)
(0,0,0)
(0,0,0)
(0,0,0)
(0,0,0)
(0,0,0)
(0,0,0)
(0,0,0)
(0,0,0)
(0,0,0)
(0,0,0)
(0,0,0)
(0,0,0)
(0,0,0)
(0,0,0)
(0,0,0)
(0,0,0)
(0,0,0)
(0,0,0)
(0,0,0)
(0,0,0)
(0,0,0)
(0,0,0)
(0,0,0)
(0,0,0)
(0,0,0)
(0,0,0)
(0,0,0)
(0,0,0)
(0,0,0)
(0,0,0)
(0,0,0)
(0,0,0)
(0,0,0)
(0,0,0)
(0,0,0)
(0,0,0)
(0,0,0)
(0,0,0)
(0,0,0)
(0,0,0)
(0,0,0)
(0,0,0)
(0,0,0)
(0,0,0)
(0,0,0)
(0,0,0)
(0,0,0)
(0,0,0)
(0,0,0)
(0,0,0)
(0,0,0)
(0,0,0)
(0,0,0)
(0,0,0)
(0,0,0)
(0,0,0)
(0,0,0)
(0,0,0)
(0,0,0)
(0,0,0)
(0,0,0)
(0,0,0)
(0,0,0)
(0,0,0)
(0,0,0)
(0,0,0)
(0,0,0)
(0,0,0)
(0,0,0)
(0,0,0)
(0,0,0)
(0,0,0)
(0,0,0)
(0,0,0)
(0,0,0)
(0,0,0)
(0,0,0)
(0,0,0)
(0,0,0)
(0,0,0)
(0,0,0)
(0,0,0)
(0,0,0)
(0,0,0)
(0,0,0)
(0,0,0)
(0,0,0)
(0,0,0)
(0,0,0)
(0,0,0)
(0,0,0)
(0,0,0)
(0,0,0)
(0,0,0)
(0,0,0)
(0,0,0)
(0,0,0)
(0,0,0)
(0,0,0)
(0,0,0)
(0,0,0)
(0,0,0)
(0,0,0)
(0,0,0)
(0,0,0)
(0,0,0)
(0,0,0)
(0,0,0)
(0,0,0)
(0,0,0)
(0,0,0)
(0,0,0)
(0,0,0)
(0,0,0)
(0,0,0)
(0,0,0)
(0,0,0)
(0,0,0)
(0,0,0)
(0,0,0)
(0,0,0)
(0,0,0)
(0,0,0)
(0,0,0)
(0,0,0)
(0,0,0)
(0,0,0)
(0,0,0)
(0,0,0)
(0,0,0)
(0,0,0)
(0,0,0)
(0,0,0)
(0,0,0)
(0,0,0)
(0,0,0)
(0,0,0)
(0,0,0)
(0,0,0)
(0,0,0)
(0,0,0)
(0,0,0)
(0,0,0)
(0,0,0)
(0,0,0)
(0,0,0)
(0,0,0)
(0,0,0)
(0,0,0)
(0,0,0)
(0,0,0)
(0,0,0)
(0,0,0)
(0,0,0)
(0,0,0)
(0,0,0)
(0,0,0)
(0,0,0)
(0,0,0)
(0,0,0)
(0,0,0)
(0,0,0)
(0,0,0)
(0,0,0)
(0,0,0)
(0,0,0)
(0,0,0)
(0,0,0)
(0,0,0)
(0,0,0)
(0,0,0)
(0,0,0)
(0,0,0)
(0,0,0)
(0,0,0)
(0,0,0)
(0,0,0)
(0,0,0)
(0,0,0)
(0,0,0)
(0,0,0)
(0,0,0)
(0,0,0)
(0,0,0)
(0,0,0)
(0,0,0)
(0,0,0)
(0,0,0)
(0,0,0)
(0,0,0)
(0,0,0)
(0,0,0)
(0,0,0)
(0,0,0)
(0,0,0)
(0,0,0)
(0,0,0)
(0,0,0)
(0,0,0)
(0,0,0)
(0,0,0)
(0,0,0)
(0,0,0)
(0,0,0)
(0,0,0)
(0,0,0)
(0,0,0)
(0,0,0)
(0,0,0)
(0,0,0)
(0,0,0)
(0,0,0)
(0,0,0)
(0,0,0)
(0,0,0)
(0,0,0)
(0,0,0)
(0,0,0)
(0,0,0)
(0,0,0)
(0,0,0)
(0,0,0)
(0,0,0)
(0,0,0)
(0,0,0)
(0,0,0)
(0,0,0)
(0,0,0)
(0,0,0)
(0,0,0)
(0,0,0)
(0,0,0)
(0,0,0)
(0,0,0)
(0,0,0)
(0,0,0)
(0,0,0)
(0,0,0)
(0,0,0)
(0,0,0)
(0,0,0)
(0,0,0)
(0,0,0)
(0,0,0)
(0,0,0)
(0,0,0)
(0,0,0)
(0,0,0)
(0,0,0)
(0,0,0)
(0,0,0)
(0,0,0)
(0,0,0)
(0,0,0)
(0,0,0)
(0,0,0)
(0,0,0)
(0,0,0)
(0,0,0)
(0,0,0)
(0,0,0)
(0,0,0)
(0,0,0)
(0,0,0)
(0,0,0)
(0,0,0)
(0,0,0)
(0,0,0)
(0,0,0)
(0,0,0)
(0,0,0)
(0,0,0)
(0,0,0)
(0,0,0)
(0,0,0)
(0,0,0)
(0,0,0)
(0,0,0)
(0,0,0)
(0,0,0)
(0,0,0)
(0,0,0)
(0,0,0)
(0,0,0)
(0,0,0)
(0,0,0)
(0,0,0)
(0,0,0)
(0,0,0)
(0,0,0)
(0,0,0)
(0,0,0)
(0,0,0)
(0,0,0)
(0,0,0)
(0,0,0)
(0,0,0)
(0,0,0)
(0,0,0)
(0,0,0)
(0,0,0)
(0,0,0)
(0,0,0)
(0,0,0)
(0,0,0)
(0,0,0)
(0,0,0)
(0,0,0)
(0,0,0)
(0,0,0)
(0,0,0)
(0,0,0)
(0,0,0)
(0,0,0)
(0,0,0)
(0,0,0)
(0,0,0)
(0,0,0)
(0,0,0)
(0,0,0)
(0,0,0)
(0,0,0)
(0,0,0)
(0,0,0)
(0,0,0)
(0,0,0)
(0,0,0)
(0,0,0)
(0,0,0)
(0,0,0)
(0,0,0)
(0,0,0)
(0,0,0)
(0,0,0)
(0,0,0)
(0,0,0)
(0,0,0)
(0,0,0)
(0,0,0)
(0,0,0)
(0,0,0)
(0,0,0)
(0,0,0)
(0,0,0)
(0,0,0)
(0,0,0)
(0,0,0)
(0,0,0)
(0,0,0)
(0,0,0)
(0,0,0)
(0,0,0)
(0,0,0)
(0,0,0)
(0,0,0)
(0,0,0)
(0,0,0)
(0,0,0)
(0,0,0)
(0,0,0)
(0,0,0)
(0,0,0)
(0,0,0)
(0,0,0)
(0,0,0)
(0,0,0)
(0,0,0)
(0,0,0)
(0,0,0)
(0,0,0)
(0,0,0)
(0,0,0)
(0,0,0)
(0,0,0)
(0,0,0)
(0,0,0)
(0,0,0)
(0,0,0)
(0,0,0)
(0,0,0)
(0,0,0)
(0,0,0)
(0,0,0)
(0,0,0)
(0,0,0)
(0,0,0)
(0,0,0)
(0,0,0)
(0,0,0)
(0,0,0)
(0,0,0)
(0,0,0)
(0,0,0)
(0,0,0)
(0,0,0)
(0,0,0)
(0,0,0)
(0,0,0)
(0,0,0)
(0,0,0)
(0,0,0)
(0,0,0)
(0,0,0)
(0,0,0)
(0,0,0)
(0,0,0)
(0,0,0)
(0,0,0)
(0,0,0)
(0,0,0)
(0,0,0)
(0,0,0)
(0,0,0)
(0,0,0)
(0,0,0)
(0,0,0)
(0,0,0)
(0,0,0)
(0,0,0)
(0,0,0)
(0,0,0)
(0,0,0)
(0,0,0)
(0,0,0)
(0,0,0)
(0,0,0)
(0,0,0)
(0,0,0)
(0,0,0)
(0,0,0)
(0,0,0)
(0,0,0)
(0,0,0)
(0,0,0)
(0,0,0)
(0,0,0)
(0,0,0)
(0,0,0)
(0,0,0)
(0,0,0)
(0,0,0)
(0,0,0)
(0,0,0)
(0,0,0)
(0,0,0)
(0,0,0)
(0,0,0)
(0,0,0)
(0,0,0)
(0,0,0)
(0,0,0)
(0,0,0)
(0,0,0)
(0,0,0)
(0,0,0)
(0,0,0)
(0,0,0)
(0,0,0)
(0,0,0)
(0,0,0)
(0,0,0)
(0,0,0)
(0,0,0)
(0,0,0)
(0,0,0)
(0,0,0)
(0,0,0)
(0,0,0)
(0,0,0)
(0,0,0)
(0,0,0)
(0,0,0)
(0,0,0)
(0,0,0)
(0,0,0)
(0,0,0)
(0,0,0)
(0,0,0)
(0,0,0)
(0,0,0)
(0,0,0)
(0,0,0)
(0,0,0)
(0,0,0)
(0,0,0)
(0,0,0)
(0,0,0)
(0,0,0)
(0,0,0)
(0,0,0)
(0,0,0)
(0,0,0)
(0,0,0)
(0,0,0)
(0,0,0)
(0,0,0)
(0,0,0)
(0,0,0)
(0,0,0)
(0,0,0)
(0,0,0)
(0,0,0)
(0,0,0)
(0,0,0)
(0,0,0)
(0,0,0)
(0,0,0)
(0,0,0)
(0,0,0)
(0,0,0)
(0,0,0)
(0,0,0)
(0,0,0)
(0,0,0)
(0,0,0)
(0,0,0)
(0,0,0)
(0,0,0)
(0,0,0)
(0,0,0)
(0,0,0)
(0,0,0)
(0,0,0)
(0,0,0)
(0,0,0)
(0,0,0)
(0,0,0)
(0,0,0)
(0,0,0)
(0,0,0)
(0,0,0)
(0,0,0)
(0,0,0)
(0,0,0)
(0,0,0)
(0,0,0)
(0,0,0)
(0,0,0)
(0,0,0)
(0,0,0)
(0,0,0)
(0,0,0)
(0,0,0)
(0,0,0)
(0,0,0)
(0,0,0)
(0,0,0)
(0,0,0)
(0,0,0)
(0,0,0)
(0,0,0)
(0,0,0)
(0,0,0)
(0,0,0)
(0,0,0)
(0,0,0)
(0,0,0)
(0,0,0)
(0,0,0)
(0,0,0)
(0,0,0)
(0,0,0)
(0,0,0)
(0,0,0)
(0,0,0)
(0,0,0)
(0,0,0)
(0,0,0)
(0,0,0)
(0,0,0)
(0,0,0)
(0,0,0)
(0,0,0)
(0,0,0)
(0,0,0)
(0,0,0)
(0,0,0)
(0,0,0)
(0,0,0)
(0,0,0)
(0,0,0)
(0,0,0)
(0,0,0)
(0,0,0)
(0,0,0)
(0,0,0)
(0,0,0)
(0,0,0)
(0,0,0)
(0,0,0)
(0,0,0)
(0,0,0)
(0,0,0)
(0,0,0)
(0,0,0)
(0,0,0)
(0,0,0)
(0,0,0)
(0,0,0)
(0,0,0)
(0,0,0)
(0,0,0)
(0,0,0)
(0,0,0)
(0,0,0)
(0,0,0)
(0,0,0)
(0,0,0)
(0,0,0)
(0,0,0)
(0,0,0)
(0,0,0)
(0,0,0)
(0,0,0)
(0,0,0)
(0,0,0)
(0,0,0)
(0,0,0)
(0,0,0)
(0,0,0)
(0,0,0)
(0,0,0)
(0,0,0)
(0,0,0)
(0,0,0)
(0,0,0)
(0,0,0)
(0,0,0)
(0,0,0)
(0,0,0)
(0,0,0)
(0,0,0)
(0,0,0)
(0,0,0)
(0,0,0)
(0,0,0)
(0,0,0)
(0,0,0)
(0,0,0)
(0,0,0)
(0,0,0)
(0,0,0)
(0,0,0)
(0,0,0)
(0,0,0)
(0,0,0)
(0,0,0)
(0,0,0)
(0,0,0)
(0,0,0)
(0,0,0)
(0,0,0)
(0,0,0)
(0,0,0)
(0,0,0)
(0,0,0)
(0,0,0)
(0,0,0)
(0,0,0)
(0,0,0)
(0,0,0)
(0,0,0)
(0,0,0)
(0,0,0)
(0,0,0)
(0,0,0)
(0,0,0)
(0,0,0)
(0,0,0)
(0,0,0)
(0,0,0)
(0,0,0)
(0,0,0)
(0,0,0)
(0,0,0)
(0,0,0)
(0,0,0)
(0,0,0)
(0,0,0)
(0,0,0)
(0,0,0)
