(0,0,0)
(0,0,0)
(0,0,0)
(0,0,0)
(0,0,0)
(0,0,0)
(0,0,0)
(0,0,0)
(0,0,0)
(0,0,0)
(0,0,0)
(0,0,0)
(0,0,0)
(0,0,0)
(0,0,0)
(0,0,0)
(0,0,0)
(0,0,0)
(0,0,0)
(0,0,0)
(0,0,0)
(0,0,0)
(0,0,0)
(0,0,0)
(0,0,0)
(0,0,0)
(0,0,0)
(0,0,0)
(0,0,0)
(0,0,0)
(0,0,0)
(0,0,0)
(0,0,0)
(0,0,0)
(0,0,0)
(0,0,0)
(0,0,0)
(0,0,0)
(0,0,0)
(0,0,0)
(0,0,0)
(0,0,0)
(0,0,0)
(0,0,0)
(0,0,0)
(0,0,0)
(0,0,0)
(0,0,0)
(0,0,0)
(0,0,0)
(0,0,0)
(0,0,0)
(0,0,0)
(0,0,0)
(0,0,0)
(0,0,0)
(0,0,0)
(0,0,0)
(0,0,0)
(0,0,0)
(0,0,0)
(0,0,0)
(0,0,0)
(0,0,0)
(0,0,0)
(0,0,0)
(0,0,0)
(0,0,0)
(0,0,0)
(0,0,0)
(0,0,0)
(0,0,0)
(0,0,0)
(0,0,0)
(0,0,0)
(0,0,0)
(0,0,0)
(0,0,0)
(0,0,0)
(0,0,0)
(0,0,0)
(0,0,0)
(0,0,0)
(0,0,0)
(0,0,0)
(0,0,0)
(0,0,0)
(0,0,0)
(0,0,0)
(0,0,0)
(0,0,0)
(0,0,0)
(0,0,0)
(0,0,0)
(0,0,0)
(0,0,0)
(0,0,0)
(0,0,0)
(0,0,0)
(0,0,0)
(0,0,0)
(0,0,0)
(0,0,0)
(0,0,0)
(0,0,0)
(0,0,0)
(0,0,0)
(0,0,0)
(0,0,0)
(0,0,0)
(0,0,0)
(0,0,0)
(0,0,0)
(0,0,0)
(0,0,0)
(0,0,0)
(0,0,0)
(0,0,0)
(0,0,0)
(0,0,0)
(0,0,0)
(0,0,0)
(0,0,0)
(0,0,0)
(0,0,0)
(0,0,0)
(0,0,0)
(0,0,0)
(0,0,0)
(0,0,0)
(0,0,0)
(0,0,0)
(0,0,0)
(0,0,0)
(0,0,0)
(0,0,0)
(0,0,0)
(0,0,0)
(0,0,0)
(0,0,0)
(0,0,0)
(0,0,0)
(0,0,0)
(0,0,0)
(0,0,0)
(0,0,0)
(0,0,0)
(0,0,0)
(0,0,0)
(0,0,0)
(0,0,0)
(0,0,0)
(0,0,0)
(0,0,0)
(0,0,0)
(0,0,0)
(0,0,0)
(0,0,0)
(0,0,0)
(0,0,0)
(0,0,0)
(0,0,0)
(0,0,0)
(0,0,0)
(0,0,0)
(0,0,0)
(0,0,0)
(0,0,0)
(0,0,0)
(0,0,0)
(0,0,0)
(0,0,0)
(0,0,0)
(0,0,0)
(0,0,0)
(0,0,0)
(0,0,0)
(0,0,0)
(0,0,0)
(0,0,0)
(0,0,0)
(0,0,0)
(0,0,0)
(0,0,0)
(0,0,0)
(0,0,0)
(0,0,0)
(0,0,0)
(0,0,0)
(0,0,0)
(0,0,0)
(0,0,0)
(0,0,0)
(0,0,0)
(0,0,0)
(0,0,0)
(0,0,0)
(0,0,0)
(0,0,0)
(0,0,0)
(0,0,0)
(0,0,0)
(0,0,0)
(0,0,0)
(0,0,0)
(0,0,0)
(0,0,0)
(0,0,0)
(0,0,0)
(0,0,0)
(0,0,0)
(0,0,0)
(0,0,0)
(0,0,0)
(0,0,0)
(0,0,0)
(0,0,0)
(0,0,0)
(0,0,0)
(0,0,0)
(0,0,0)
(0,0,0)
(0,0,0)
(0,0,0)
(0,0,0)
(0,0,0)
(0,0,0)
(0,0,0)
(0,0,0)
(0,0,0)
(0,0,0)
(0,0,0)
(0,0,0)
(0,0,0)
(0,0,0)
(0,0,0)
(0,0,0)
(0,0,0)
(0,0,0)
(0,0,0)
(0,0,0)
(0,0,0)
(0,0,0)
(0,0,0)
(0,0,0)
(0,0,0)
(0,0,0)
(0,0,0)
(0,0,0)
(0,0,0)
(0,0,0)
(0,0,0)
(0,0,0)
(0,0,0)
(0,0,0)
(0,0,0)
(0,0,0)
(0,0,0)
(0,0,0)
(0,0,0)
(0,0,0)
(0,0,0)
(0,0,0)
(0,0,0)
(0,0,0)
(0,0,0)
(0,0,0)
(0,0,0)
(0,0,0)
(0,0,0)
(0,0,0)
(0,0,0)
(0,0,0)
(0,0,0)
(0,0,0)
(0,0,0)
(0,0,0)
(0,0,0)
(0,0,0)
(0,0,0)
(0,0,0)
(0,0,0)
(0,0,0)
(0,0,0)
(0,0,0)
(0,0,0)
(0,0,0)
(0,0,0)
(0,0,0)
(0,0,0)
(0,0,0)
(0,0,0)
(0,0,0)
(0,0,0)
(0,0,0)
(0,0,0)
(0,0,0)
(0,0,0)
(0,0,0)
(0,0,0)
(0,0,0)
(0,0,0)
(0,0,0)
(0,0,0)
(0,0,0)
(0,0,0)
(0,0,0)
(0,0,0)
(0,0,0)
(0,0,0)
(0,0,0)
(0,0,0)
(0,0,0)
(0,0,0)
(0,0,0)
(0,0,0)
(0,0,0)
(0,0,0)
(0,0,0)
(0,0,0)
(0,0,0)
(0,0,0)
(0,0,0)
(0,0,0)
(0,0,0)
(0,0,0)
(0,0,0)
(0,0,0)
(0,0,0)
(0,0,0)
(0,0,0)
(0,0,0)
(0,0,0)
(0,0,0)
(0,0,0)
(0,0,0)
(0,0,0)
(0,0,0)
(0,0,0)
(0,0,0)
(0,0,0)
(0,0,0)
(0,0,0)
(0,0,0)
(0,0,0)
(0,0,0)
(0,0,0)
(0,0,0)
(0,0,0)
(0,0,0)
(0,0,0)
(0,0,0)
(0,0,0)
(0,0,0)
(0,0,0)
(0,0,0)
(0,0,0)
(0,0,0)
(0,0,0)
(0,0,0)
(0,0,0)
(0,0,0)
(0,0,0)
(0,0,0)
(0,0,0)
(0,0,0)
(0,0,0)
(0,0,0)
(0,0,0)
(0,0,0)
(0,0,0)
(0,0,0)
(0,0,0)
(0,0,0)
(0,0,0)
(0,0,0)
(0,0,0)
(0,0,0)
(0,0,0)
(0,0,0)
(0,0,0)
(0,0,0)
(0,0,0)
(0,0,0)
(0,0,0)
(0,0,0)
(0,0,0)
(0,0,0)
(0,0,0)
(0,0,0)
(0,0,0)
(0,0,0)
(0,0,0)
(0,0,0)
(0,0,0)
(0,0,0)
(0,0,0)
(0,0,0)
(0,0,0)
(0,0,0)
(0,0,0)
(0,0,0)
(0,0,0)
(0,0,0)
(0,0,0)
(0,0,0)
(0,0,0)
(0,0,0)
(0,0,0)
(0,0,0)
(0,0,0)
(0,0,0)
(0,0,0)
(0,0,0)
(0,0,0)
(0,0,0)
(0,0,0)
(0,0,0)
(0,0,0)
(0,0,0)
(0,0,0)
(0,0,0)
(0,0,0)
(0,0,0)
(0,0,0)
(0,0,0)
(0,0,0)
(0,0,0)
(0,0,0)
(0,0,0)
(0,0,0)
(0,0,0)
(0,0,0)
(0,0,0)
(0,0,0)
(0,0,0)
(0,0,0)
(0,0,0)
(0,0,0)
(0,0,0)
(0,0,0)
(0,0,0)
(0,0,0)
(0,0,0)
(0,0,0)
(0,0,0)
(0,0,0)
(0,0,0)
(0,0,0)
(0,0,0)
(0,0,0)
(0,0,0)
(0,0,0)
(0,0,0)
(0,0,0)
(0,0,0)
(0,0,0)
(0,0,0)
(0,0,0)
(0,0,0)
(0,0,0)
(0,0,0)
(0,0,0)
(0,0,0)
(0,0,0)
(0,0,0)
(0,0,0)
(0,0,0)
(0,0,0)
(0,0,0)
(0,0,0)
(0,0,0)
(0,0,0)
(0,0,0)
(0,0,0)
(0,0,0)
(0,0,0)
(0,0,0)
(0,0,0)
(0,0,0)
(0,0,0)
(0,0,0)
(0,0,0)
(0,0,0)
(0,0,0)
(0,0,0)
(0,0,0)
(0,0,0)
(0,0,0)
(0,0,0)
(0,0,0)
(0,0,0)
(0,0,0)
(0,0,0)
(0,0,0)
(0,0,0)
(0,0,0)
(0,0,0)
(0,0,0)
(0,0,0)
(0,0,0)
(0,0,0)
(0,0,0)
(0,0,0)
(0,0,0)
(0,0,0)
(0,0,0)
(0,0,0)
(0,0,0)
(0,0,0)
(0,0,0)
(0,0,0)
(0,0,0)
(0,0,0)
(0,0,0)
(0,0,0)
(0,0,0)
(0,0,0)
(0,0,0)
(0,0,0)
(0,0,0)
(0,0,0)
(0,0,0)
(0,0,0)
(0,0,0)
(0,0,0)
(0,0,0)
(0,0,0)
(0,0,0)
(0,0,0)
(0,0,0)
(0,0,0)
(0,0,0)
(0,0,0)
(0,0,0)
(0,0,0)
(0,0,0)
(0,0,0)
(0,0,0)
(0,0,0)
(0,0,0)
(0,0,0)
(0,0,0)
(0,0,0)
(0,0,0)
(0,0,0)
(0,0,0)
(0,0,0)
(0,0,0)
(0,0,0)
(0,0,0)
(0,0,0)
(0,0,0)
(0,0,0)
(0,0,0)
(0,0,0)
(0,0,0)
(0,0,0)
(0,0,0)
(0,0,0)
(0,0,0)
(0,0,0)
(0,0,0)
(0,0,0)
(0,0,0)
(0,0,0)
(0,0,0)
(0,0,0)
(0,0,0)
(0,0,0)
(0,0,0)
(0,0,0)
(0,0,0)
(0,0,0)
(0,0,0)
(0,0,0)
(0,0,0)
(0,0,0)
(0,0,0)
(0,0,0)
(0,0,0)
(0,0,0)
(0,0,0)
(0,0,0)
(0,0,0)
(0,0,0)
(0,0,0)
(0,0,0)
(0,0,0)
(0,0,0)
(0,0,0)
(0,0,0)
(0,0,0)
(0,0,0)
(0,0,0)
(0,0,0)
(0,0,0)
(0,0,0)
(0,0,0)
(0,0,0)
(0,0,0)
(0,0,0)
(0,0,0)
(0,0,0)
(0,0,0)
(0,0,0)
(0,0,0)
(0,0,0)
(0,0,0)
(0,0,0)
(0,0,0)
(0,0,0)
(0,0,0)
(0,0,0)
(0,0,0)
(0,0,0)
(0,0,0)
(0,0,0)
(0,0,0)
(0,0,0)
(0,0,0)
(0,0,0)
(0,0,0)
(0,0,0)
(0,0,0)
(0,0,0)
(0,0,0)
(0,0,0)
(0,0,0)
(0,0,0)
(0,0,0)
(0,0,0)
(0,0,0)
(0,0,0)
(0,0,0)
(0,0,0)
(0,0,0)
(0,0,0)
(0,0,0)
(0,0,0)
(0,0,0)
(0,0,0)
(0,0,0)
(0,0,0)
(0,0,0)
(0,0,0)
(0,0,0)
(0,0,0)
(0,0,0)
(0,0,0)
(0,0,0)
(0,0,0)
(0,0,0)
(0,0,0)
(0,0,0)
(0,0,0)
(0,0,0)
(0,0,0)
(0,0,0)
(0,0,0)
(0,0,0)
(0,0,0)
(0,0,0)
(0,0,0)
(0,0,0)
(0,0,0)
(0,0,0)
(0,0,0)
(0,0,0)
(0,0,0)
(0,0,0)
(0,0,0)
(0,0,0)
(0,0,0)
(0,0,0)
(0,0,0)
(0,0,0)
(0,0,0)
(0,0,0)
(0,0,0)
(0,0,0)
(0,0,0)
(0,0,0)
(0,0,0)
(0,0,0)
(0,0,0)
(0,0,0)
(0,0,0)
(0,0,0)
(0,0,0)
(0,0,0)
(0,0,0)
(0,0,0)
(0,0,0)
(0,0,0)
(0,0,0)
(0,0,0)
(0,0,0)
(0,0,0)
(0,0,0)
(0,0,0)
(0,0,0)
(0,0,0)
(0,0,0)
(0,0,0)
(0,0,0)
(0,0,0)
(0,0,0)
(0,0,0)
(0,0,0)
(0,0,0)
(0,0,0)
(0,0,0)
(0,0,0)
(0,0,0)
(0,0,0)
(0,0,0)
(0,0,0)
(0,0,0)
(0,0,0)
(0,0,0)
(0,0,0)
(0,0,0)
(0,0,0)
(0,0,0)
(0,0,0)
(0,0,0)
(0,0,0)
(0,0,0)
(0,0,0)
(0,0,0)
(0,0,0)
(0,0,0)
(0,0,0)
(0,0,0)
(0,0,0)
(0,0,0)
(0,0,0)
(0,0,0)
(0,0,0)
(0,0,0)
(0,0,0)
(0,0,0)
(0,0,0)
(0,0,0)
(0,0,0)
(0,0,0)
(0,0,0)
(0,0,0)
(0,0,0)
(0,0,0)
(0,0,0)
(0,0,0)
(0,0,0)
(0,0,0)
(0,0,0)
(0,0,0)
(0,0,0)
(0,0,0)
(0,0,0)
(0,0,0)
(0,0,0)
(0,0,0)
(0,0,0)
(0,0,0)
(0,0,0)
(0,0,0)
(0,0,0)
(0,0,0)
(0,0,0)
(0,0,0)
(0,0,0)
(0,0,0)
(0,0,0)
(0,0,0)
(0,0,0)
(0,0,0)
(0,0,0)
(0,0,0)
(0,0,0)
(0,0,0)
(0,0,0)
(0,0,0)
(0,0,0)
(0,0,0)
(0,0,0)
(0,0,0)
(0,0,0)
(0,0,0)
(0,0,0)
(0,0,0)
(0,0,0)
(0,0,0)
(0,0,0)
(0,0,0)
(0,0,0)
(0,0,0)
(0,0,0)
(0,0,0)
(0,0,0)
(0,0,0)
(0,0,0)
(0,0,0)
(0,0,0)
(0,0,0)
(0,0,0)
(0,0,0)
(0,0,0)
(0,0,0)
(0,0,0)
(0,0,0)
(0,0,0)
(0,0,0)
(0,0,0)
(0,0,0)
(0,0,0)
(0,0,0)
(0,0,0)
(0,0,0)
(-30302.9300751734,16150.9522529901,14151.9778221823)
(-32064.620676796,15468.9484800064,30747.6500189711)
(-36151.0385979014,14079.6740163365,52819.0146005325)
(-43875.1490638638,11957.2806366771,84736.8830277298)
(-57755.0157725243,9078.5137467879,133413.385053466)
(-82647.5517262403,5747.15303179127,210313.783747919)
(-127752.202601419,2653.46686948699,335412.519479874)
(-209342.207626584,774.009902947456,543980.717203522)
(-345527.597035689,150.558046934055,889357.756192241)
(-481657.619488189,26.4320169810086,1370988.94366353)
(0,0,0)
(0,0,0)
(0,0,0)
(0,0,0)
(0,0,0)
(0,0,0)
(-32172.2562348026,34797.9474463298,13525.2610414612)
(-33930.120865406,33515.4128299874,29408.9175568886)
(-38062.1020369104,30866.0042297212,50684.6893804114)
(-45929.0977049409,26721.0518611818,81850.015860848)
(-60168.5249445585,20992.806033331,130104.248518861)
(-85648.2511471561,14167.8513244477,207331.801373349)
(-131233.827578186,7647.2413366052,333571.854484408)
(-212508.07712094,3482.22844232057,543371.713065934)
(-347621.638849469,1782.79259630582,889361.117366079)
(-482630.186528201,895.825061406041,1371121.91084976)
(0,0,0)
(0,0,0)
(0,0,0)
(0,0,0)
(0,0,0)
(0,0,0)
(-36227.0711056043,58751.9494796412,12273.0690722932)
(-38020.779465365,57058.3782009588,26750.8831666906)
(-42276.9762724644,53471.224723206,46422.6389456754)
(-50531.5183702344,47694.7880268421,75980.4211502505)
(-65668.475145978,39491.1512022705,123150.551127276)
(-92697.8506825441,29227.2503206319,200789.002813638)
(-139825.887609009,18791.2705635185,329470.861195747)
(-220405.425803895,11560.4817220819,541798.03371982)
(-352702.962948915,7618.54523911895,888665.244025997)
(-484937.783649824,4103.41688778515,1370395.43584944)
(0,0,0)
(0,0,0)
(0,0,0)
(0,0,0)
(0,0,0)
(0,0,0)
(-43716.3209229146,91851.6792726201,10616.5911299369)
(-45557.3925056096,90021.2025198568,23211.1593166504)
(-49999.692868634,86049.7253689572,40632.3515395253)
(-58827.9506036406,79462.6975149845,67692.3926550155)
(-75438.2875159933,69834.0805914849,112787.750781806)
(-105455.075199423,57177.8719622291,190292.204339623)
(-156292.970192171,43103.0987414415,322273.346353867)
(-235702.670406569,31524.29090586,538012.207576635)
(-362042.110567242,22363.9560781577,885308.907304773)
(-489007.739733099,12004.8967702116,1366415.16715562)
(0,0,0)
(0,0,0)
(0,0,0)
(0,0,0)
(0,0,0)
(0,0,0)
(-57147.9002114867,140273.936910848,8725.64257325268)
(-58973.8878815118,138527.150840471,19193.582134149)
(-63510.1438970616,134738.694101761,34014.7572984054)
(-72849.9088451959,128327.724928934,57999.6387296528)
(-91034.2430524835,118808.33261937,100059.629754251)
(-124774.92015319,105846.046195295,176166.375674356)
(-181437.8326579,89944.8352994535,310762.471774241)
(-259040.183430099,72278.2873446641,529048.658765577)
(-375620.892857276,51917.1541193463,875116.353581773)
(-494891.673964593,27492.0991732156,1354520.82514335)
(0,0,0)
(0,0,0)
(0,0,0)
(0,0,0)
(0,0,0)
(0,0,0)
(-81506.5986454957,214930.590152422,6849.94540392759)
(-83218.7918998148,213365.295123482,15230.5930207235)
(-87577.24485164,210012.76690518,27533.7650689473)
(-96821.8860840901,204237.128929537,48446.2471524247)
(-115218.838936973,195365.583881776,87107.8348270011)
(-149622.323999163,182269.12120095,160307.083820517)
(-206457.07793548,163462.726517059,293246.270538387)
(-280523.740151286,137107.726808983,508940.571225366)
(-390424.914289929,100360.517172029,850922.122462668)
(-502341.524106474,53548.0437261191,1327207.70201618)
(0,0,0)
(0,0,0)
(0,0,0)
(0,0,0)
(0,0,0)
(0,0,0)
(-126143.277612821,335814.425830725,5259.44193450907)
(-127661.361882598,334473.894554354,11812.2043862423)
(-131579.846914422,331588.457378813,21816.3608270328)
(-140021.876501725,326450.357962089,39625.0082962046)
(-157115.818462103,318048.332139708,74058.0785003748)
(-189473.771079523,304190.525286519,141610.44549434)
(-242849.792381948,280820.426626236,267102.537767125)
(-310216.314441101,241913.917035785,472512.661981421)
(-412569.143815864,180971.952826016,804470.370143238)
(-514549.974879239,98575.8143360116,1273992.57441268)
(0,0,0)
(0,0,0)
(0,0,0)
(0,0,0)
(0,0,0)
(0,0,0)
(-207795.744222102,539712.845758206,3897.32429461869)
(-208995.107064654,538530.539726788,8835.7861868517)
(-212138.301768978,535861.464232351,16701.0811023144)
(-219002.99794779,530901.545980242,31252.8910319351)
(-233061.001325268,522090.341334979,60271.8831619313)
(-259976.541895243,506035.379562417,118403.570781262)
(-304712.547525413,475477.379833928,228459.16509894)
(-359293.064749182,417724.740442326,411941.406441603)
(-452729.772565197,323154.288440092,722488.843392719)
(-537872.461273022,183145.03405973,1175792.08494198)
(0,0,0)
(0,0,0)
(0,0,0)
(0,0,0)
(0,0,0)
(0,0,0)
(-344507.49096596,881574.181614791,2646.15510937143)
(-345314.167255597,880442.90733838,6047.95475336957)
(-347449.548545966,877679.43574229,11679.5317893365)
(-352057.727081284,872174.024746718,22464.780104129)
(-361341.569104192,861619.53026495,44277.1602783535)
(-378772.890615803,841108.242789111,87977.1876674725)
(-408081.656497993,800553.51211471,170982.71188469)
(-451690.722723243,722678.835348397,317719.339701892)
(-526692.426311377,584622.936571116,582943.117882132)
(-578513.20520476,351487.428004453,993113.929142182)
(0,0,0)
(0,0,0)
(0,0,0)
(0,0,0)
(0,0,0)
(0,0,0)
(-481182.767570192,1361416.24978525,1340.6993997232)
(-481568.275803504,1360246.20935073,3105.67319086895)
(-482640.052521196,1357306.05139406,6119.110060317)
(-484916.822813862,1351210.67644107,11999.2811798725)
(-489413.285389971,1339146.8525325,23885.2443023022)
(-497820.430836812,1315169.05405394,47644.8638742421)
(-512503.878580938,1267245.49143309,93456.7631367745)
(-537253.997173771,1173358.72844517,180030.867213755)
(-578390.260547899,992857.121525338,350186.942807369)
(-582533.870306192,642243.417248933,641964.823869133)
(0,0,0)
(0,0,0)
(0,0,0)
(0,0,0)
(0,0,0)
(0,0,0)
(0,0,0)
(0,0,0)
(0,0,0)
(0,0,0)
(0,0,0)
(0,0,0)
(0,0,0)
(0,0,0)
(0,0,0)
(0,0,0)
(0,0,0)
(0,0,0)
(0,0,0)
(0,0,0)
(0,0,0)
(0,0,0)
(0,0,0)
(0,0,0)
(0,0,0)
(0,0,0)
(0,0,0)
(0,0,0)
(0,0,0)
(0,0,0)
(0,0,0)
(0,0,0)
(0,0,0)
(0,0,0)
(0,0,0)
(0,0,0)
(0,0,0)
(0,0,0)
(0,0,0)
(0,0,0)
(0,0,0)
(0,0,0)
(0,0,0)
(0,0,0)
(0,0,0)
(0,0,0)
(0,0,0)
(0,0,0)
(0,0,0)
(0,0,0)
(0,0,0)
(0,0,0)
(0,0,0)
(0,0,0)
(0,0,0)
(0,0,0)
(0,0,0)
(0,0,0)
(0,0,0)
(0,0,0)
(0,0,0)
(0,0,0)
(0,0,0)
(0,0,0)
(0,0,0)
(0,0,0)
(0,0,0)
(0,0,0)
(0,0,0)
(0,0,0)
(0,0,0)
(0,0,0)
(0,0,0)
(0,0,0)
(0,0,0)
(0,0,0)
(0,0,0)
(0,0,0)
(0,0,0)
(0,0,0)
(0,0,0)
(0,0,0)
(0,0,0)
(0,0,0)
(0,0,0)
(0,0,0)
(0,0,0)
(0,0,0)
(0,0,0)
(0,0,0)
(0,0,0)
(0,0,0)
(0,0,0)
(0,0,0)
(0,0,0)
(0,0,0)
(0,0,0)
(0,0,0)
(0,0,0)
(0,0,0)
(0,0,0)
(0,0,0)
(4519672.91611506,14427.5432352589,12430.9847102561)
(4516703.73194281,13745.3574002674,26751.6488262605)
(4509939.43197366,12278.1918261502,45217.3605642214)
(4497301.63792529,9952.69827965558,70922.2494311324)
(4474784.29871304,6692.25994035942,108525.049140911)
(4434738.52131236,2764.66598871342,165208.684249295)
(4361203.0715013,-813.080074993629,253900.864357191)
(4215830.71962619,-2408.83303411993,407971.144274305)
(3887721.25287709,-2001.33001743893,753557.998514753)
(2996592.11997396,-970.667478678273,1853113.30066709)
(0,0,0)
(0,0,0)
(0,0,0)
(0,0,0)
(0,0,0)
(0,0,0)
(4516530.55396265,30801.984565747,11757.1226078504)
(4513580.79173283,29503.1107294054,25322.8308162913)
(4506765.2736157,26721.1546572288,42886.8664683839)
(4493928.53643882,22173.2375551819,67643.0671848984)
(4470848.69259981,15527.8991694024,104624.584547297)
(4429708.41361807,7113.69802904557,161753.261877526)
(4355080.86523557,-957.600203271259,252417.463327913)
(4210316.42398558,-4442.54056186371,408461.043884854)
(3884306.58842395,-3328.26683412594,754694.127563813)
(2995106.14510159,-1408.18058678732,1854229.68317774)
(0,0,0)
(0,0,0)
(0,0,0)
(0,0,0)
(0,0,0)
(0,0,0)
(4509687.50437381,51268.8009106975,10452.9823112764)
(4506726.55698854,49535.324240088,22507.8064824166)
(4499772.34645289,45793.8345531098,38220.1779969904)
(4486355.9023766,39464.0844819919,60876.2844592471)
(4461685.57402584,29756.749576753,96127.7590158688)
(4417229.82634121,16460.1961001115,153687.958056895)
(4338398.51590598,2293.50110774717,249046.827366695)
(4195049.64700916,-3768.68402198159,409752.272149623)
(3875453.643232,-1711.36339822998,756813.136668407)
(2991444.49186726,41.1217620821219,1855815.93293832)
(0,0,0)
(0,0,0)
(0,0,0)
(0,0,0)
(0,0,0)
(0,0,0)
(4497183.14757248,78427.0759518069,8776.63059921817)
(4494202.28471373,76572.6911131177,18813.9606426407)
(4487066.13268991,72518.2614295456,31858.0823434332)
(4472755.03078025,65484.5714707975,51088.9881065637)
(4445155.77167808,54338.0548793042,82747.9977457756)
(4393159.09608767,37940.323932173,139488.072762385)
(4301315.4643588,17961.8991948777,243045.614260124)
(4160253.85997463,8171.64287530794,411983.131117512)
(3857516.20527465,8803.39328878303,758744.43272424)
(2984580.80161533,6129.92777614505,1855901.45949773)
(0,0,0)
(0,0,0)
(0,0,0)
(0,0,0)
(0,0,0)
(0,0,0)
(4475167.51586883,116042.489368401,6903.544638856)
(4472274.08227624,114347.728769054,14714.9109608997)
(4465102.38836872,110695.923091181,24759.0911693856)
(4449992.58733221,104406.469711765,39829.0708867194)
(4418987.27963139,94726.281574667,66253.6956433825)
(4355625.55327655,81117.4961615249,119510.424120176)
(4234543.57036842,64999.4201447061,233325.874279845)
(4095635.21245204,50870.539053114,412785.956355737)
(3829344.14693307,37196.2773339749,756262.406655842)
(2974324.21477796,20086.6451725711,1849924.17465252)
(0,0,0)
(0,0,0)
(0,0,0)
(0,0,0)
(0,0,0)
(0,0,0)
(4435869.75539215,170379.15233081,5121.35713561224)
(4433203.85103029,168995.103484822,10885.7136254869)
(4426399.56953584,166084.434540127,18354.7619248559)
(4411561.51889603,161142.654766826,30069.5460255985)
(4380166.1371547,153603.94641292,52641.2792314377)
(4314958.57310018,142557.435189826,103454.817239503)
(4192337.8234429,127212.528741535,219281.18140014)
(4059602.01088063,107568.764834131,399291.578722966)
(3805156.05831323,78350.1443507829,739391.113238814)
(2962461.131407,41428.4120164506,1830081.06501712)
(0,0,0)
(0,0,0)
(0,0,0)
(0,0,0)
(0,0,0)
(0,0,0)
(4363043.3620944,254324.324326927,3702.5624324347)
(4360722.24344301,253275.454341575,7872.9803858316)
(4354686.95185566,251133.138550735,13391.8517409904)
(4341232.15858504,247583.868540022,22530.9770167523)
(4311955.51019258,242246.449126548,41651.5197842242)
(4249524.31252315,233821.503477616,88223.7420294339)
(4130477.13548569,219116.061463046,199827.65557599)
(4010613.60639148,193035.067798671,370365.805914661)
(3769168.67544833,140985.07286673,702827.432270174)
(2942145.90969843,75365.3086948308,1789029.02514996)
(0,0,0)
(0,0,0)
(0,0,0)
(0,0,0)
(0,0,0)
(0,0,0)
(4217498.57903252,403228.536200249,2635.83900785802)
(4215686.95417942,402413.544839603,5650.0614014903)
(4210900.19782185,400742.120924643,9836.95357255344)
(4200034.88390158,398019.207726998,17198.1066719474)
(4175893.70406503,393999.758969645,33324.4655742116)
(4122888.87887119,387447.027281164,73667.895140132)
(4018607.97180194,372321.898978106,173975.912433521)
(3940344.26562342,325548.435704195,318659.588291007)
(3696764.01466128,249370.272208979,637614.975858056)
(2895243.83277993,142618.862568663,1714079.502067)
(0,0,0)
(0,0,0)
(0,0,0)
(0,0,0)
(0,0,0)
(0,0,0)
(3888587.55434272,745197.27773079,1770.58729662169)
(3887388.60191046,744444.103693214,3871.63341277364)
(3884197.2400187,742735.656493784,7065.6834147081)
(3877090.36484714,739576.263161963,13194.9101870372)
(3861965.6521652,733856.397314976,26865.4247080183)
(3831247.65924536,722407.652689235,58718.6235746808)
(3775832.65290543,696468.36222255,127492.225062684)
(3697922.74898015,637416.838570838,242844.724628487)
(3477878.0719606,533163.377983444,531315.494717857)
(2752716.83599472,347612.262625997,1571926.42759683)
(0,0,0)
(0,0,0)
(0,0,0)
(0,0,0)
(0,0,0)
(0,0,0)
(2996878.51072673,1843061.82807213,908.545497443748)
(2996298.02335992,1842288.07426506,2032.64989784292)
(2994720.94820698,1840385.13523066,3856.54456860448)
(2991299.10824452,1836547.06475149,7504.18605659992)
(2984268.44861231,1829014.28204129,15498.9414638588)
(2970453.58884338,1813457.42865239,33009.5199563556)
(2944858.51854022,1780178.64033956,68771.2188539974)
(2895825.57499491,1710998.92640873,138943.932983372)
(2752787.17664269,1571622.79682128,346141.451090781)
(2238282.89468147,1225069.82240805,1224701.50045683)
(0,0,0)
(0,0,0)
(0,0,0)
(0,0,0)
(0,0,0)
(0,0,0)
(0,0,0)
(0,0,0)
(0,0,0)
(0,0,0)
(0,0,0)
(0,0,0)
(0,0,0)
(0,0,0)
(0,0,0)
(0,0,0)
(0,0,0)
(0,0,0)
(0,0,0)
(0,0,0)
(0,0,0)
(0,0,0)
(0,0,0)
(0,0,0)
(0,0,0)
(0,0,0)
(0,0,0)
(0,0,0)
(0,0,0)
(0,0,0)
(0,0,0)
(0,0,0)
(0,0,0)
(0,0,0)
(0,0,0)
(0,0,0)
(0,0,0)
(0,0,0)
(0,0,0)
(0,0,0)
(0,0,0)
(0,0,0)
(0,0,0)
(0,0,0)
(0,0,0)
(0,0,0)
(0,0,0)
(0,0,0)
(0,0,0)
(0,0,0)
(0,0,0)
(0,0,0)
(0,0,0)
(0,0,0)
(0,0,0)
(0,0,0)
(0,0,0)
(0,0,0)
(0,0,0)
(0,0,0)
(0,0,0)
(0,0,0)
(0,0,0)
(0,0,0)
(0,0,0)
(0,0,0)
(0,0,0)
(0,0,0)
(0,0,0)
(0,0,0)
(0,0,0)
(0,0,0)
(0,0,0)
(0,0,0)
(0,0,0)
(0,0,0)
(0,0,0)
(0,0,0)
(0,0,0)
(0,0,0)
(0,0,0)
(0,0,0)
(0,0,0)
(0,0,0)
(0,0,0)
(0,0,0)
(0,0,0)
(0,0,0)
(0,0,0)
(0,0,0)
(0,0,0)
(0,0,0)
(0,0,0)
(0,0,0)
(0,0,0)
(0,0,0)
(0,0,0)
(0,0,0)
(0,0,0)
(0,0,0)
(0,0,0)
(0,0,0)
(-78177.99718091,11464.2577047358,9552.28145548677)
(-81417.5779116563,10772.4137939184,20066.8033801536)
(-88726.5883654819,9262.93475993608,32635.5148236897)
(-102053.10617478,6683.14085844032,48472.7439295959)
(-124932.794456289,2794.14417587922,68561.3187873534)
(-163121.502426632,-2256.73594249061,91843.7043331264)
(-225620.949269455,-6936.71545768985,108770.066425914)
(-324557.726884372,-7938.76148386943,80262.9002845662)
(-466501.25485296,-5461.8174914109,-136887.148629741)
(-572258.034439194,-2479.36078189206,-1142392.00757042)
(0,0,0)
(0,0,0)
(0,0,0)
(0,0,0)
(0,0,0)
(0,0,0)
(-81709.6852394656,24017.4978218442,8852.62494921256)
(-84889.8024835955,22716.2332462005,18545.0255775399)
(-92140.1532401426,19838.2796526067,30040.733404929)
(-105457.944754644,14728.4539932323,44547.5273278023)
(-128619.975320214,6468.53992521699,63507.4253626936)
(-167801.137119614,-5310.68374436957,87236.5497664667)
(-231723.4688228,-17618.5206310949,107888.314862395)
(-329703.7864177,-19719.5675418167,82854.9571878651)
(-469077.241275831,-12216.7939359643,-133840.610803469)
(-573147.968189981,-5087.27835382139,-1139812.95407559)
(0,0,0)
(0,0,0)
(0,0,0)
(0,0,0)
(0,0,0)
(0,0,0)
(-89425.9512823687,38769.36625387,7527.21308851246)
(-92500.4637653387,37053.7464863732,15582.3464664871)
(-99625.6463771377,33172.8213796774,24811.4234336311)
(-113101.253797999,25976.3969222899,36186.2625432817)
(-137461.875003168,13319.7585558583,51648.1188058485)
(-180611.183993347,-7569.43561476616,74913.5068749552)
(-252236.675371725,-34788.9315107383,105884.734896493)
(-347579.860910201,-38575.5486478686,90535.849786056)
(-476864.391456134,-19649.7196351056,-126547.563962257)
(-575607.023309679,-6851.01263550226,-1134566.6886395)
(0,0,0)
(0,0,0)
(0,0,0)
(0,0,0)
(0,0,0)
(0,0,0)
(-103145.648980625,56424.8498353942,5838.93883585328)
(-106076.327920008,54635.8842219526,11701.039598221)
(-113005.378074916,50550.7608250637,17560.2367818837)
(-126784.267535511,42782.4169770129,23459.140907093)
(-153861.087227355,28283.2738125883,30678.1104199721)
(-208749.537728366,496.497976804146,47686.4365086969)
(-316000.781573894,-48797.0321374281,102176.40893223)
(-406211.469881777,-56424.0639796483,109655.879984552)
(-496451.326417119,-19331.7748185838,-113528.907275848)
(-580943.40779506,-4130.34913473986,-1127559.73550212)
(0,0,0)
(0,0,0)
(0,0,0)
(0,0,0)
(0,0,0)
(0,0,0)
(-126170.953348085,76900.5549600721,4028.38995646695)
(-128855.592845528,75390.9595425432,7568.61562190744)
(-135395.036948976,72053.167380079,9729.26024868064)
(-149210.021861613,66038.5515783305,8841.36070548069)
(-179516.244489603,56006.8908458195,2786.89365734708)
(-256930.194787872,40580.0618957632,-1575.29633306488)
(-510140.39062365,22889.1618115731,94588.0965741537)
(-604881.131954812,14942.7180659778,146903.284799585)
(-534935.210581032,13112.3346197458,-98095.8412602973)
(-589753.414892792,8264.41780622549,-1123247.35266622)
(0,0,0)
(0,0,0)
(0,0,0)
(0,0,0)
(0,0,0)
(0,0,0)
(-164214.892981837,97698.1517057192,2452.6774926766)
(-166554.188568181,96665.6001727354,4101.70232522)
(-172402.683017454,94507.1364976518,3615.61162514016)
(-185260.947683719,90920.1408826557,-1277.8852353562)
(-214761.272792749,85488.7334165742,-12666.6919944202)
(-292036.777755605,77293.2133627213,-19218.8667412973)
(-533076.909144609,65603.2086921552,86647.4448297598)
(-619662.06285781,58801.8916902339,145217.970808121)
(-553192.670179394,42519.537100009,-102674.877315404)
(-598725.729010172,21188.4943709976,-1131246.46759864)
(0,0,0)
(0,0,0)
(0,0,0)
(0,0,0)
(0,0,0)
(0,0,0)
(-226411.924377457,108965.665799322,1353.39824246543)
(-228342.877819811,108410.77798804,1838.96755422344)
(-233263.680406077,107478.969821261,-16.6076435168298)
(-244468.160481323,106505.883764986,-6736.40559520072)
(-271585.364759246,106313.218456294,-20854.3898188721)
(-347395.577325336,107371.797830824,-30847.458574152)
(-599182.269936327,107492.808026549,80087.9733777794)
(-679548.150345622,123003.099843448,129214.147825921)
(-581037.782818306,68758.4613662878,-123652.692309308)
(-613620.244313158,28548.5432917598,-1152080.96135433)
(0,0,0)
(0,0,0)
(0,0,0)
(0,0,0)
(0,0,0)
(0,0,0)
(-325665.365998221,74542.6584457069,752.578248556276)
(-327099.441433994,74310.419245997,804.95846828326)
(-330839.023247601,74233.2508755502,-1044.47565235933)
(-339640.13823717,75260.0232615611,-6957.96714593516)
(-362122.957496678,80274.7367062538,-19737.1979698421)
(-431782.375622844,96071.4563013028,-30599.9760821693)
(-707010.375028694,129858.873675337,95817.930963877)
(-576384.924603326,83443.5937530552,75272.253145319)
(-603311.571769218,30756.4209337984,-163484.494127389)
(-636562.518073554,260.593846642192,-1180224.56796443)
(0,0,0)
(0,0,0)
(0,0,0)
(0,0,0)
(0,0,0)
(0,0,0)
(-468065.23323402,-146126.086400911,487.158287514654)
(-468962.99617767,-146291.099369678,605.900855502607)
(-471344.551874084,-146372.769031442,-80.6614804594317)
(-476766.690554404,-145843.868550126,-1954.08840295552)
(-489190.220246614,-143457.909730352,-3899.94369024297)
(-518809.362926258,-137935.172140272,3329.33278704224)
(-583512.066743874,-133992.876247206,49691.4282230638)
(-604578.370465108,-164155.306847231,22957.0741327681)
(-660218.980558995,-191491.8773826,-193531.949167009)
(-670790.888534483,-166568.331202232,-1180029.67372474)
(0,0,0)
(0,0,0)
(0,0,0)
(0,0,0)
(0,0,0)
(0,0,0)
(-573400.081475632,-1152973.61258091,291.744246597628)
(-573821.470129307,-1153164.81886312,450.583093447076)
(-574955.97774795,-1153511.75058645,432.116467632864)
(-577460.999718798,-1153928.39457096,442.37631589698)
(-582802.557362853,-1154422.08128586,1643.1797107909)
(-593972.295219173,-1156130.14708415,7429.66458136494)
(-614578.856756488,-1163765.06853299,19804.8580280659)
(-637435.003209378,-1183913.20401665,-4011.04073418142)
(-671037.966477529,-1180332.64246965,-168179.506662738)
(-647639.884350282,-1012620.01048532,-1013039.42248377)
(0,0,0)
(0,0,0)
(0,0,0)
(0,0,0)
(0,0,0)
(0,0,0)
(0,0,0)
(0,0,0)
(0,0,0)
(0,0,0)
(0,0,0)
(0,0,0)
(0,0,0)
(0,0,0)
(0,0,0)
(0,0,0)
(0,0,0)
(0,0,0)
(0,0,0)
(0,0,0)
(0,0,0)
(0,0,0)
(0,0,0)
(0,0,0)
(0,0,0)
(0,0,0)
(0,0,0)
(0,0,0)
(0,0,0)
(0,0,0)
(0,0,0)
(0,0,0)
(0,0,0)
(0,0,0)
(0,0,0)
(0,0,0)
(0,0,0)
(0,0,0)
(0,0,0)
(0,0,0)
(0,0,0)
(0,0,0)
(0,0,0)
(0,0,0)
(0,0,0)
(0,0,0)
(0,0,0)
(0,0,0)
(0,0,0)
(0,0,0)
(0,0,0)
(0,0,0)
(0,0,0)
(0,0,0)
(0,0,0)
(0,0,0)
(0,0,0)
(0,0,0)
(0,0,0)
(0,0,0)
(0,0,0)
(0,0,0)
(0,0,0)
(0,0,0)
(0,0,0)
(0,0,0)
(0,0,0)
(0,0,0)
(0,0,0)
(0,0,0)
(0,0,0)
(0,0,0)
(0,0,0)
(0,0,0)
(0,0,0)
(0,0,0)
(0,0,0)
(0,0,0)
(0,0,0)
(0,0,0)
(0,0,0)
(0,0,0)
(0,0,0)
(0,0,0)
(0,0,0)
(0,0,0)
(0,0,0)
(0,0,0)
(0,0,0)
(0,0,0)
(0,0,0)
(0,0,0)
(0,0,0)
(0,0,0)
(0,0,0)
(0,0,0)
(0,0,0)
(0,0,0)
(0,0,0)
(0,0,0)
(0,0,0)
(0,0,0)
(-92580.0952586736,8075.22581956103,6326.87225820218)
(-95294.3856682529,7429.02451803041,12774.6554967725)
(-101286.324391537,6002.07789926216,19332.3136235675)
(-111818.514553855,3413.8641543929,25683.857848246)
(-128917.276599548,-838.081361993333,30506.4213534975)
(-155249.515094774,-6945.21176128222,29579.6457829223)
(-193115.128845475,-13069.0781642232,10142.9035231661)
(-240081.487519994,-13112.8752256751,-61220.4606155358)
(-277732.382263013,-8036.96435128564,-241952.368854161)
(-241524.352589179,-3391.38508656985,-569294.665617584)
(0,0,0)
(0,0,0)
(0,0,0)
(0,0,0)
(0,0,0)
(0,0,0)
(-95746.3055183085,16431.1168819334,5680.72921646865)
(-98321.6301954365,15220.2495030761,11321.3319432657)
(-104016.259941468,12472.1564884252,16727.3600554324)
(-113978.477176132,7244.46883209543,21417.2877992112)
(-130238.077725937,-2222.19774799668,24419.5065909321)
(-155773.537421414,-18051.423157293,23498.118288748)
(-193359.674378638,-38141.9705541179,10207.2162344819)
(-238913.994630198,-37642.409673236,-56053.0411054573)
(-275888.408270857,-20038.5916680762,-237240.246793624)
(-240366.650173555,-7593.46714992391,-565819.482746777)
(0,0,0)
(0,0,0)
(0,0,0)
(0,0,0)
(0,0,0)
(0,0,0)
(-102607.205416586,25148.7766212545,4463.59439490171)
(-104892.456821966,23581.9603394306,8493.87661517345)
(-109928.274684116,19888.2047606298,11380.4566499448)
(-118764.494881135,12424.2536061964,11863.9129589794)
(-133408.814811502,-2949.4240811164,8538.07910043063)
(-157851.318212358,-35670.575125544,3397.3652876771)
(-199143.867907842,-98618.4921182638,10781.0793879402)
(-238839.088917114,-97270.0303853262,-38332.0718930736)
(-271309.619606897,-39259.7415318006,-224665.693878582)
(-237539.897150137,-12214.6402162272,-558111.646971841)
(0,0,0)
(0,0,0)
(0,0,0)
(0,0,0)
(0,0,0)
(0,0,0)
(-114391.413544146,33477.399614595,2917.14157018914)
(-116276.986272222,31915.0699243536,4784.69033748605)
(-120351.578619812,28190.8247608157,3828.27088220102)
(-127349.931029351,20407.4977536475,-3589.3097714092)
(-138830.051766643,2682.65667294146,-24252.4259861773)
(-161443.058190934,-47693.4061769788,-59536.0744721814)
(-243315.290156175,-243033.092961371,12193.034953204)
(-255971.784689518,-255133.839815995,19817.1591916056)
(-260651.314868406,-57820.0188372391,-197422.575051683)
(-231891.081796223,-12940.0815942812,-545749.459672528)
(0,0,0)
(0,0,0)
(0,0,0)
(0,0,0)
(0,0,0)
(0,0,0)
(-133042.186882824,39007.348805941,1341.28434339283)
(-134449.800124683,37817.9557111967,1032.60583570657)
(-137309.603999531,35131.9031308159,-3993.90548373143)
(-141455.373862295,30057.3944446882,-21398.4501740891)
(-144368.336427488,20841.6017378446,-74705.3033011135)
(-130044.379724355,5562.4116985092,-254846.936240125)
(6.10098963877045e-05,1.68235032888266e-05,-4.00416708503517e-05)
(-485.281197304717,268.778053044106,217231.137071428)
(-218151.700090579,-5067.03460899499,-152305.357647306)
(-221724.211978878,-666.885410003284,-532607.756745514)
(0,0,0)
(0,0,0)
(0,0,0)
(0,0,0)
(0,0,0)
(0,0,0)
(-160999.696190587,35674.1511633536,118.000851342196)
(-161949.881751043,35052.1624896711,-1720.51274427565)
(-163683.214274137,33803.3629286434,-9111.44128541351)
(-165486.899835291,31837.2111798941,-30665.3058690479)
(-163378.136545297,28799.8923353675,-90006.7327140337)
(-138289.723596578,22190.3841320474,-260381.759306597)
(5.51371952449501e-05,2.11110166225215e-05,-2.98741764699446e-05)
(-901.652043464974,-757.557882221641,212058.353033121)
(-213465.870602639,14873.8024899063,-147609.283642528)
(-221729.422409869,6403.07306533939,-531675.54871809)
(0,0,0)
(0,0,0)
(0,0,0)
(0,0,0)
(0,0,0)
(0,0,0)
(-200081.810818733,9922.59701503677,-578.559410395504)
(-200637.067968781,9834.21550632603,-3066.42227808684)
(-201451.606239177,10046.9707883891,-11122.1043047212)
(-201475.630148334,11469.8515624277,-33747.2750202426)
(-195800.644088077,15941.2317014237,-96673.3350574725)
(-162446.162802407,23249.2903301613,-282681.655778512)
(0.000149290126776297,-5.47353760086745e-05,-4.07226991658224e-05)
(-542.37979298628,226474.576834671,228081.221204446)
(-229073.3378724,46699.0208054639,-155708.442057014)
(-230894.306188171,5707.36812094405,-537738.67523761)
(0,0,0)
(0,0,0)
(0,0,0)
(0,0,0)
(0,0,0)
(0,0,0)
(-247507.799729972,-67510.1253620628,-724.843891159082)
(-247750.940498677,-67264.461577617,-2974.66774253962)
(-247950.722949884,-66013.9032290176,-9802.09402285445)
(-246984.135202345,-61619.3960943135,-29368.8494009444)
(-239640.961365175,-46521.8900612653,-89387.7237697617)
(-201472.896466073,9381.06785940054,-305828.980455765)
(-919.026274986122,253760.451591773,226575.678860315)
(-227524.261977045,55606.3669612188,48583.2261074662)
(-285844.793114607,-25852.7635670527,-196331.768174631)
(-250349.485083366,-33781.286338965,-543056.146704936)
(0,0,0)
(0,0,0)
(0,0,0)
(0,0,0)
(0,0,0)
(0,0,0)
(-284057.280146397,-251032.031214585,-486.047235095333)
(-284123.231478586,-250753.988077434,-1836.28543434882)
(-284108.274624281,-249589.121844778,-5497.34406836965)
(-283377.951490886,-246153.277744251,-14352.2014819421)
(-279842.574841635,-236686.740627723,-33534.9963204551)
(-268904.493987159,-212679.303596862,-61379.4938032991)
(-255258.895497351,-164579.287715879,28707.0742578177)
(-291219.149629338,-196546.345206985,-32499.4344097437)
(-312824.851815993,-201936.875868681,-203809.450851098)
(-256356.174602315,-143201.097428412,-508824.353693847)
(0,0,0)
(0,0,0)
(0,0,0)
(0,0,0)
(0,0,0)
(0,0,0)
(-245142.380698512,-579100.055379001,-189.676612677011)
(-245151.226228751,-578882.37441914,-731.534171521048)
(-245118.951482189,-578077.048294821,-2080.63398723923)
(-244820.189448853,-575975.826564855,-4898.89543655046)
(-243718.483411235,-571130.8747687,-9538.83524719724)
(-241349.639863325,-561662.918708638,-13177.875491282)
(-240703.423833193,-548626.296498929,-3006.29963148916)
(-253586.099505102,-545902.31456978,-37499.2339729544)
(-257033.681391102,-508826.384381708,-144614.010546347)
(-205549.814111143,-364717.806903165,-365187.371310721)
(0,0,0)
(0,0,0)
(0,0,0)
(0,0,0)
(0,0,0)
(0,0,0)
(0,0,0)
(0,0,0)
(0,0,0)
(0,0,0)
(0,0,0)
(0,0,0)
(0,0,0)
(0,0,0)
(0,0,0)
(0,0,0)
(0,0,0)
(0,0,0)
(0,0,0)
(0,0,0)
(0,0,0)
(0,0,0)
(0,0,0)
(0,0,0)
(0,0,0)
(0,0,0)
(0,0,0)
(0,0,0)
(0,0,0)
(0,0,0)
(0,0,0)
(0,0,0)
(0,0,0)
(0,0,0)
(0,0,0)
(0,0,0)
(0,0,0)
(0,0,0)
(0,0,0)
(0,0,0)
(0,0,0)
(0,0,0)
(0,0,0)
(0,0,0)
(0,0,0)
(0,0,0)
(0,0,0)
(0,0,0)
(0,0,0)
(0,0,0)
(0,0,0)
(0,0,0)
(0,0,0)
(0,0,0)
(0,0,0)
(0,0,0)
(0,0,0)
(0,0,0)
(0,0,0)
(0,0,0)
(0,0,0)
(0,0,0)
(0,0,0)
(0,0,0)
(0,0,0)
(0,0,0)
(0,0,0)
(0,0,0)
(0,0,0)
(0,0,0)
(0,0,0)
(0,0,0)
(0,0,0)
(0,0,0)
(0,0,0)
(0,0,0)
(0,0,0)
(0,0,0)
(0,0,0)
(0,0,0)
(0,0,0)
(0,0,0)
(0,0,0)
(0,0,0)
(0,0,0)
(0,0,0)
(0,0,0)
(0,0,0)
(0,0,0)
(0,0,0)
(0,0,0)
(0,0,0)
(0,0,0)
(0,0,0)
(0,0,0)
(0,0,0)
(0,0,0)
(0,0,0)
(0,0,0)
(0,0,0)
(0,0,0)
(0,0,0)
(-101136.067097421,4985.61557490762,3570.35626384277)
(-102931.013051715,4489.90082564735,6717.08282165871)
(-106762.966474956,3410.42946438358,8783.29544068959)
(-113096.570968884,1392.49263295866,8668.85922276126)
(-122482.783696682,-2099.0591153764,4333.42543527033)
(-135385.053862544,-7463.91636500012,-8067.11943196459)
(-151323.610963224,-13341.9868204263,-36516.65049379)
(-166218.743848717,-11962.8931123743,-98416.5010526932)
(-164876.41258738,-6170.59409782335,-205101.876630511)
(-117333.508758276,-2252.52643091082,-327040.194030487)
(0,0,0)
(0,0,0)
(0,0,0)
(0,0,0)
(0,0,0)
(0,0,0)
(-103507.381041365,9660.63847320873,3086.0526247553)
(-105084.149418999,8738.99877305636,5599.47390090357)
(-108380.985622677,6654.63636054779,6719.99268594614)
(-113597.747808703,2579.17470182632,5152.58124965542)
(-120885.260007671,-5272.91503923137,-1026.38054475606)
(-130265.972193028,-20072.8542735808,-13925.007864561)
(-141623.508396045,-43966.3855579643,-35036.7751096146)
(-155693.539531383,-37665.4189763104,-92554.7043444812)
(-157978.3518606,-15529.3802846978,-201105.974567873)
(-114192.622466749,-4811.11633043,-324721.412375149)
(0,0,0)
(0,0,0)
(0,0,0)
(0,0,0)
(0,0,0)
(0,0,0)
(-108545.83792585,13415.5032571997,2183.76772527126)
(-109709.876233294,12267.6892306919,3472.49667896776)
(-111905.047376239,9553.66328084768,2550.24245079433)
(-114820.993634997,3953.79011712181,-2767.87421063604)
(-117328.48240248,-8271.54411274738,-15849.5775461423)
(-116729.448748988,-39259.8943313501,-37784.4069517328)
(-109394.453894324,-142903.701016317,-28596.5055068925)
(-120255.81430189,-114532.264447834,-70312.934650597)
(-138190.754870231,-28661.9835109264,-190299.196161048)
(-106243.368179168,-6566.48808341513,-319840.353379042)
(0,0,0)
(0,0,0)
(0,0,0)
(0,0,0)
(0,0,0)
(0,0,0)
(-116887.214029971,14857.4662442878,1053.83749873928)
(-117496.509052064,13800.1876844666,740.861824800023)
(-118233.447382452,11301.7089075383,-3125.31503924917)
(-117844.037810095,6365.56270921654,-15042.9808506018)
(-112461.784862458,-2826.09536540007,-46856.6965021449)
(-89857.5302973079,-16350.0434625644,-141352.075264556)
(3.14967853355415e-05,7.11820695614402e-06,-1.76852739990218e-05)
(141.368104793599,256.888536362513,15644.9460061352)
(-90220.4418705212,-15352.692313511,-168095.218189166)
(-90634.0020392891,-2753.14347604713,-313165.642553486)
(0,0,0)
(0,0,0)
(0,0,0)
(0,0,0)
(0,0,0)
(0,0,0)
(-129264.432534629,11127.98967254,-48.2777764447759)
(-129285.328401017,10408.5304745369,-1821.0922901876)
(-128557.479938099,8834.77017160226,-8106.27761568718)
(-124981.688626442,6087.05665495656,-24301.4567972831)
(-112969.062188606,1890.63462135881,-60417.4610229122)
(-79246.3080446918,-2650.03868349201,-124915.537481627)
(-2.96271463076679e-06,1.85876899112701e-06,7.42318338704544e-05)
(6.70626009696505e-05,1.0296485182674e-05,-3.71730137582626e-06)
(-869.077544963615,-352.636295238418,-155304.855485463)
(-68913.3232271072,-656.101384526534,-310212.78632873)
(0,0,0)
(0,0,0)
(0,0,0)
(0,0,0)
(0,0,0)
(0,0,0)
(-145875.822916824,-3203.02785597728,-792.855745246817)
(-145431.6932932,-3464.61264921532,-3437.90107933816)
(-143563.788210916,-3838.55787322036,-10883.9990977382)
(-137714.64317124,-4032.08643122818,-28537.1126756047)
(-121576.014461766,-3474.57988181928,-64974.0202559475)
(-81831.4376305722,-1797.12871524175,-122285.216190197)
(1.3315055780862e-06,5.72469121763832e-06,5.47312281025812e-05)
(4.84078773452111e-05,1.73346778615241e-05,-7.10578498175464e-07)
(-568.637722777308,-563.709233010058,-155332.355985636)
(-65689.0963116037,-2682.75474786096,-309346.02872057)
(0,0,0)
(0,0,0)
(0,0,0)
(0,0,0)
(0,0,0)
(0,0,0)
(-164954.091165733,-37239.6218012213,-1091.12570775448)
(-164229.685556892,-37093.6997014931,-3869.42106736236)
(-161718.494959427,-36324.5123372403,-11116.5778830995)
(-154678.700676671,-33895.663959869,-28049.9298261157)
(-136206.712824087,-27721.9078722374,-63396.5330996866)
(-91550.6976916748,-15464.6016732417,-120624.525252438)
(8.44066719370663e-06,8.67542635211489e-05,6.44933522834112e-05)
(8.35158301911812e-05,-1.0395204372633e-06,-6.36150652157961e-07)
(-375.2844321829,-9840.09032858053,-157064.128384529)
(-70636.4314625339,-13653.9348122772,-306350.823045753)
(0,0,0)
(0,0,0)
(0,0,0)
(0,0,0)
(0,0,0)
(0,0,0)
(-180050.082460027,-103724.444582514,-972.894488658942)
(-179256.771482256,-103368.861709867,-3191.90149671424)
(-176724.743624403,-101960.316938625,-8782.07622080359)
(-169860.797776934,-97816.1632000183,-21984.9144060589)
(-151587.824000424,-86516.3609094715,-51243.5987335679)
(-104991.018694854,-57772.9046327895,-105417.173545245)
(0.000102077949752723,-5.14247904111147e-06,-6.00441690587945e-06)
(-215.594263338305,-7756.69030056327,-9510.54425737418)
(-92096.4653872407,-52603.2404711906,-160495.721842124)
(-92557.0667953836,-39643.4095440955,-292298.665398304)
(0,0,0)
(0,0,0)
(0,0,0)
(0,0,0)
(0,0,0)
(0,0,0)
(-175474.698270228,-211720.005660888,-587.020797792677)
(-174828.664938258,-211420.120739742,-1830.32830825075)
(-172911.510783309,-210282.969882186,-4704.43920566496)
(-167837.656860378,-207300.893187039,-10760.0038491536)
(-154258.426397218,-200282.980252131,-22577.5329509053)
(-116633.704358894,-184853.396543159,-47767.8306687913)
(-251.08734605018,-149681.288187188,-7197.94999385579)
(-93603.312575492,-158627.961473047,-53942.5158752322)
(-126348.234569083,-145927.045019,-147095.328574334)
(-98645.4542369845,-92248.1530044753,-252201.305479276)
(0,0,0)
(0,0,0)
(0,0,0)
(0,0,0)
(0,0,0)
(0,0,0)
(-122945.411749103,-333678.493451105,-238.481159200728)
(-122599.346918403,-333486.104068391,-724.37714091097)
(-121627.566194042,-332729.858892321,-1768.87341893375)
(-119210.67351661,-330900.898816762,-3778.38372146279)
(-113443.035022109,-327160.36871716,-7176.44364553943)
(-100753.071914147,-320069.100668071,-12557.3074698091)
(-79449.3801345685,-307628.46417041,-15864.1751852328)
(-95211.5500578042,-292017.631155462,-40849.0549501241)
(-99259.1757843249,-251566.044573146,-92984.5610027768)
(-72234.8713413842,-159035.89256852,-159511.764208501)
(0,0,0)
(0,0,0)
(0,0,0)
(0,0,0)
(0,0,0)
(0,0,0)
(0,0,0)
(0,0,0)
(0,0,0)
(0,0,0)
(0,0,0)
(0,0,0)
(0,0,0)
(0,0,0)
(0,0,0)
(0,0,0)
(0,0,0)
(0,0,0)
(0,0,0)
(0,0,0)
(0,0,0)
(0,0,0)
(0,0,0)
(0,0,0)
(0,0,0)
(0,0,0)
(0,0,0)
(0,0,0)
(0,0,0)
(0,0,0)
(0,0,0)
(0,0,0)
(0,0,0)
(0,0,0)
(0,0,0)
(0,0,0)
(0,0,0)
(0,0,0)
(0,0,0)
(0,0,0)
(0,0,0)
(0,0,0)
(0,0,0)
(0,0,0)
(0,0,0)
(0,0,0)
(0,0,0)
(0,0,0)
(0,0,0)
(0,0,0)
(0,0,0)
(0,0,0)
(0,0,0)
(0,0,0)
(0,0,0)
(0,0,0)
(0,0,0)
(0,0,0)
(0,0,0)
(0,0,0)
(0,0,0)
(0,0,0)
(0,0,0)
(0,0,0)
(0,0,0)
(0,0,0)
(0,0,0)
(0,0,0)
(0,0,0)
(0,0,0)
(0,0,0)
(0,0,0)
(0,0,0)
(0,0,0)
(0,0,0)
(0,0,0)
(0,0,0)
(0,0,0)
(0,0,0)
(0,0,0)
(0,0,0)
(0,0,0)
(0,0,0)
(0,0,0)
(0,0,0)
(0,0,0)
(0,0,0)
(0,0,0)
(0,0,0)
(0,0,0)
(0,0,0)
(0,0,0)
(0,0,0)
(0,0,0)
(0,0,0)
(0,0,0)
(0,0,0)
(0,0,0)
(0,0,0)
(0,0,0)
(0,0,0)
(0,0,0)
(-105447.721124143,2606.1014147596,1705.5526119677)
(-106378.95059592,2367.20586477143,2786.28429140233)
(-108243.383944732,1851.0310883099,2415.67067286703)
(-110944.037363527,938.072834080363,-674.935766570337)
(-114253.64002046,-497.218081198472,-8406.86136159734)
(-117683.501578656,-2370.97393370502,-23737.4397117738)
(-120297.580296401,-3689.21686096735,-51074.253517639)
(-119248.495743724,-1468.07448474038,-96576.427137893)
(-105247.305088808,709.029573982168,-156914.564210419)
(-66067.0111005051,839.743569211058,-209020.80543746)
(0,0,0)
(0,0,0)
(0,0,0)
(0,0,0)
(0,0,0)
(0,0,0)
(-106920.409754244,4559.55457230003,1459.57555534238)
(-107616.109400757,4122.45765321757,2236.28374865638)
(-108906.168978533,3145.12688985821,1467.37130296946)
(-110433.142621408,1365.4886051808,-2124.64965542936)
(-111526.305242447,-1693.41994317309,-10287.4025586774)
(-111329.422428332,-6542.54450526214,-25052.3817518165)
(-109765.754642872,-11809.5603062058,-48789.7920597472)
(-109225.597725812,-2340.57733707726,-94385.2310129846)
(-99080.3752106527,4174.9138216988,-156749.09191063)
(-63359.1305051307,3092.16252366121,-209835.002826708)
(0,0,0)
(0,0,0)
(0,0,0)
(0,0,0)
(0,0,0)
(0,0,0)
(-109984.291242195,4997.91514405982,1000.09274458903)
(-110273.864601957,4469.71450383001,1216.82426264107)
(-110430.623297921,3256.01384719897,-368.48677301528)
(-109566.166102913,968.65733164298,-5226.48303156674)
(-105708.418209807,-3378.30800864563,-15161.6591587676)
(-95703.8614787303,-12418.6598263321,-30311.1311079626)
(-78662.8316198063,-33600.2989435096,-39252.0147451759)
(-79720.9734456358,5705.4687026018,-87832.9016411093)
(-83278.7695416926,19247.5135440498,-157817.486692007)
(-57130.1944905412,9066.37966347804,-212904.877520439)
(0,0,0)
(0,0,0)
(0,0,0)
(0,0,0)
(0,0,0)
(0,0,0)
(-114839.004588989,2488.27995683513,461.425746236654)
(-114581.98396552,2038.37076800765,-21.7556044803331)
(-113316.837898697,1030.75921614894,-2713.110457185)
(-109240.836151946,-724.196636167647,-9623.45814752202)
(-97926.4750747923,-3319.0199747788,-24218.0559690512)
(-69265.5742514091,-5750.76052481507,-51477.9113164671)
(2.75789352553591e-05,7.05446320164714e-06,9.00556212224438e-07)
(-407.648271415809,-156.560809822725,-74269.9043981301)
(-51229.7239849786,73963.5328814674,-167976.641621097)
(-46653.5669015686,19014.5435125026,-221905.240607828)
(0,0,0)
(0,0,0)
(0,0,0)
(0,0,0)
(0,0,0)
(0,0,0)
(-121413.053376652,-5321.79051333537,-41.3086878006807)
(-120611.387566515,-5578.47135512697,-1098.40739916741)
(-118078.018388263,-6035.62774820211,-4511.48198465402)
(-111384.78690373,-6544.85269022683,-12287.7276533099)
(-95271.9797510246,-6632.79242998621,-26671.0376356836)
(-60823.4851662824,-5171.4906358117,-45673.1304030976)
(-2.41990138231237e-06,9.55542416601659e-07,7.65266469049503e-06)
(5.83212923746087e-05,3.03360703591663e-06,1.26835434279263e-05)
(-828.853888931435,-36.3757754565272,-222767.374797173)
(-34502.8416394231,2601.34489964605,-240764.657771991)
(0,0,0)
(0,0,0)
(0,0,0)
(0,0,0)
(0,0,0)
(0,0,0)
(-128867.24798575,-22014.8699885048,-315.495455907068)
(-127703.333682145,-22029.3347801193,-1592.99164197156)
(-124323.926135436,-21812.4414970941,-5056.03996856368)
(-116057.125744018,-20835.6649482505,-12422.7451377629)
(-97468.0560834849,-17942.1658123382,-25221.3301336898)
(-60345.5464624009,-11378.7955928466,-40499.9163448286)
(1.02429399879203e-06,3.09145061589083e-06,-3.67859603297176e-12)
(3.98537677772154e-05,2.5577016123336e-06,9.03001131298356e-06)
(-437.484419021494,-304.228679894148,-219980.040051273)
(-32281.3170548236,-7564.14958381363,-243222.324824591)
(0,0,0)
(0,0,0)
(0,0,0)
(0,0,0)
(0,0,0)
(0,0,0)
(-134562.55616519,-52065.8718744457,-340.533114615712)
(-133281.262483994,-51909.18936551,-1409.1016021238)
(-129662.984161904,-51171.6694343941,-4105.38446234491)
(-121086.791015743,-48920.5261561495,-9612.43291537222)
(-102039.954787801,-42949.6395063449,-18771.7172576529)
(-63735.1817092407,-28756.0376022536,-29209.9912306765)
(6.48733077974635e-06,6.36107871726243e-06,-4.36507240566306e-12)
(6.99121863627442e-05,4.1511645687078e-06,1.2010176506991e-05)
(-292.903896563589,-101467.444168054,-226952.255932477)
(-34250.4121442357,-35533.1174255661,-235369.307409048)
(0,0,0)
(0,0,0)
(0,0,0)
(0,0,0)
(0,0,0)
(0,0,0)
(-133068.736626056,-98878.1347271492,-169.082981265361)
(-131922.389821963,-98706.0295065748,-706.624500486135)
(-128742.367924236,-97958.2368241127,-1902.43281093584)
(-121302.310800469,-95651.6291051107,-3729.8168384401)
(-104508.508057813,-89059.4318351946,-4699.34045220195)
(-68592.584408868,-69254.0221586416,-599.790181798596)
(8.86047269397428e-05,1.60447408651997e-05,3.8877069820823e-06)
(-231.764021331267,-100966.716230236,-101146.797640373)
(-47281.4440316052,-86756.5262057722,-160672.73695828)
(-43648.2195486183,-45658.1712330333,-199456.53039757)
(0,0,0)
(0,0,0)
(0,0,0)
(0,0,0)
(0,0,0)
(0,0,0)
(-115451.62548803,-158958.102441293,56.8949319497429)
(-114622.820862056,-158940.188988541,85.210337703164)
(-112417.871803474,-158776.754730941,410.089264689713)
(-107383.928071239,-158513.201923486,2817.93329393998)
(-96178.5862218544,-159328.035351598,15006.6966349768)
(-70581.4317051868,-168840.989448437,68541.3912710594)
(-508.659939211901,-228708.335659307,-100497.560524633)
(-48418.537826861,-160094.634691914,-86554.4168115776)
(-61727.0400486911,-118727.797873768,-119204.339663972)
(-44352.6381347228,-65756.520194281,-153398.806805006)
(0,0,0)
(0,0,0)
(0,0,0)
(0,0,0)
(0,0,0)
(0,0,0)
(-71366.2045065726,-210625.424917266,88.1152334488374)
(-70946.7799064323,-210739.735387025,235.094619963273)
(-69868.1013357761,-210954.579324433,653.45435518637)
(-67501.51882642,-211549.637815194,1980.73555669801)
(-62710.7985201565,-213551.831287514,5472.29499066841)
(-53710.2802632373,-219118.08853231,8706.60242362509)
(-39914.8660436625,-227949.770652022,-31586.4766745615)
(-45464.5295297385,-196620.388588705,-44807.7433058367)
(-44773.4000685822,-152177.907664509,-65843.4092308359)
(-29911.4832860068,-86728.7532050165,-87194.5642754795)
(0,0,0)
(0,0,0)
(0,0,0)
(0,0,0)
(0,0,0)
(0,0,0)
(0,0,0)
(0,0,0)
(0,0,0)
(0,0,0)
(0,0,0)
(0,0,0)
(0,0,0)
(0,0,0)
(0,0,0)
(0,0,0)
(0,0,0)
(0,0,0)
(0,0,0)
(0,0,0)
(0,0,0)
(0,0,0)
(0,0,0)
(0,0,0)
(0,0,0)
(0,0,0)
(0,0,0)
(0,0,0)
(0,0,0)
(0,0,0)
(0,0,0)
(0,0,0)
(0,0,0)
(0,0,0)
(0,0,0)
(0,0,0)
(0,0,0)
(0,0,0)
(0,0,0)
(0,0,0)
(0,0,0)
(0,0,0)
(0,0,0)
(0,0,0)
(0,0,0)
(0,0,0)
(0,0,0)
(0,0,0)
(0,0,0)
(0,0,0)
(0,0,0)
(0,0,0)
(0,0,0)
(0,0,0)
(0,0,0)
(0,0,0)
(0,0,0)
(0,0,0)
(0,0,0)
(0,0,0)
(0,0,0)
(0,0,0)
(0,0,0)
(0,0,0)
(0,0,0)
(0,0,0)
(0,0,0)
(0,0,0)
(0,0,0)
(0,0,0)
(0,0,0)
(0,0,0)
(0,0,0)
(0,0,0)
(0,0,0)
(0,0,0)
(0,0,0)
(0,0,0)
(0,0,0)
(0,0,0)
(0,0,0)
(0,0,0)
(0,0,0)
(0,0,0)
(0,0,0)
(0,0,0)
(0,0,0)
(0,0,0)
(0,0,0)
(0,0,0)
(0,0,0)
(0,0,0)
(0,0,0)
(0,0,0)
(0,0,0)
(0,0,0)
(0,0,0)
(0,0,0)
(0,0,0)
(0,0,0)
(0,0,0)
(0,0,0)
(-107203.735547128,1089.59846805889,666.41595491822)
(-107606.478060478,1094.4722687104,799.47115076214)
(-108208.218478023,1155.75375036019,-391.448066305163)
(-108724.02683822,1406.51831577696,-4017.97690738646)
(-108666.524240678,2163.77846300189,-11768.8711501687)
(-107238.305539898,3926.85779823485,-26140.9249871621)
(-103482.948509386,6796.65419462649,-49752.2109687974)
(-95313.7072654314,8534.67721713566,-82221.6766642235)
(-77010.8365095183,6843.83470407798,-117301.979947595)
(-44444.0584367466,3505.92887712655,-142430.861488467)
(0,0,0)
(0,0,0)
(0,0,0)
(0,0,0)
(0,0,0)
(0,0,0)
(-107904.965048359,1406.2669717687,667.886790402199)
(-108132.535162368,1440.78265285203,838.002167872693)
(-108350.486431139,1587.56294578273,-149.48957494973)
(-108125.128569287,2190.50620267843,-3241.49151397161)
(-106691.65588248,4084.1673786198,-9996.52978955928)
(-103172.078786604,9036.83897905631,-23263.8546121164)
(-97467.969229658,19207.6110805278,-47972.5969112428)
(-91861.9443727333,27076.3080775242,-83877.8811247214)
(-75409.7601967771,19900.5012993489,-120605.16273387)
(-43802.7649420949,9274.95829870566,-145930.557718478)
(0,0,0)
(0,0,0)
(0,0,0)
(0,0,0)
(0,0,0)
(0,0,0)
(-109358.214596206,113.927854681072,666.262471095803)
(-109291.575405223,164.259761025856,960.496166183305)
(-108738.139694673,389.14775981318,466.427748903965)
(-106944.549471763,1335.82326941461,-1300.50594898057)
(-102337.253499321,4421.0329286553,-5008.53620950482)
(-92624.1016326215,13991.6693884032,-13043.1264649578)
(-77420.7373692959,44936.5766407637,-40014.1862757118)
(-86591.9791601889,84894.40886799,-90961.2813516272)
(-74423.3606584194,51256.8525614631,-131173.041496997)
(-43426.4715253636,19564.2757156037,-155166.081879079)
(0,0,0)
(0,0,0)
(0,0,0)
(0,0,0)
(0,0,0)
(0,0,0)
(-111450.767747721,-3980.32826316918,706.019276582539)
(-110996.701280204,-3915.68830713604,1200.68465942364)
(-109474.702699938,-3659.66414600981,1407.36136648572)
(-105509.878672432,-2778.32349506642,1790.55065145601)
(-95682.9592028204,-619.610449185922,4587.67815733351)
(-71346.4777311309,2709.25401428199,17950.9970111775)
(1.51709234405262e-05,5.03468683868589e-07,1.03801060926673e-05)
(-100649.284017802,6.13543292542348,-124535.455833021)
(-86018.718549602,124351.027733955,-162840.636440879)
(-46476.1784476644,31214.8265571822,-174668.575736358)
(0,0,0)
(0,0,0)
(0,0,0)
(0,0,0)
(0,0,0)
(0,0,0)
(-113625.714390844,-12514.6222720721,746.955023088502)
(-112799.495362606,-12428.2598126163,1447.63432466635)
(-110448.450627074,-12096.7325032473,2255.13492071727)
(-104695.396326846,-11093.5515972996,3880.97244607077)
(-91122.4174079078,-8758.40621337075,7870.20586713144)
(-60866.204402122,-4643.69310844812,15265.8722257005)
(-2.85610034761504e-06,-2.60628429358545e-07,1.0095926192643e-06)
(3.79290934498997e-05,-7.15603187405824e-07,2.16732508529909e-05)
(-156888.144246509,393.907712250729,-255875.461721715)
(-58256.5064888912,4867.54094880006,-205774.511263852)
(0,0,0)
(0,0,0)
(0,0,0)
(0,0,0)
(0,0,0)
(0,0,0)
(-114781.400086565,-27428.1846731711,827.714501915899)
(-113748.837572772,-27330.3292557538,1775.28783568873)
(-110947.183633064,-26933.6201702628,3235.43300033255)
(-104395.867668705,-25697.4547043555,6178.07803207599)
(-89612.2752865327,-22392.8678287205,11956.7588504758)
(-58243.1778562304,-14689.3295623901,19900.0266982467)
(-1.58482338686346e-07,5.40811550350864e-07,2.75491014867138e-13)
(2.69093968521179e-05,-2.4395860874308e-06,1.46683541006134e-05)
(-148820.416180152,-109.806219139689,-251388.048207598)
(-58764.2833196743,-9487.62061676117,-210549.920377178)
(0,0,0)
(0,0,0)
(0,0,0)
(0,0,0)
(0,0,0)
(0,0,0)
(-112553.21138501,-50353.1887692158,915.659315875643)
(-111538.022939178,-50331.8188738205,2173.90938912025)
(-108840.427194893,-50076.3764584028,4494.10871024707)
(-102727.922460271,-49002.018601959,9439.80405237596)
(-89212.711732192,-45319.4370325852,19539.1302006359)
(-59856.3388031703,-33522.1931967772,34493.1509289472)
(3.66739828893955e-06,2.27302828678718e-06,-3.35952677301805e-13)
(3.77941547591846e-05,7.79266371858403e-06,2.18857814615918e-05)
(-162877.05565007,-148394.589451693,-260580.239673779)
(-58580.111294865,-44914.5359035924,-200823.625236317)
(0,0,0)
(0,0,0)
(0,0,0)
(0,0,0)
(0,0,0)
(0,0,0)
(-103335.418187794,-81062.112103612,975.604896139934)
(-102535.858932233,-81206.7817882536,2464.03692084791)
(-100491.016321553,-81460.4436387892,5596.75249855065)
(-96148.9701628675,-81627.1154941902,13068.5087531769)
(-87306.0999340163,-80630.4286053321,31177.0922021245)
(-67707.5573153443,-71064.3900736824,67834.2619855063)
(5.02703981381012e-05,2.94234417110636e-05,8.54537309155218e-06)
(-119263.41578286,-148941.833547483,-147962.069850675)
(-85719.0443310242,-101139.210886887,-156779.848116064)
(-43428.2455458381,-46338.8023228257,-155575.555699612)
(0,0,0)
(0,0,0)
(0,0,0)
(0,0,0)
(0,0,0)
(0,0,0)
(-82683.126907554,-114715.462549043,884.851864949414)
(-82169.3323806673,-115077.084386268,2301.66598157583)
(-80994.6680330683,-116055.13872006,5473.15729243978)
(-79018.3251424376,-118529.009219841,14009.4480892874)
(-77591.0492301573,-125778.006320845,40569.4888131044)
(-87762.6289931562,-151860.474054651,138546.770082032)
(-180572.954371932,-267909.759847016,-148365.019581882)
(-89003.8768586134,-156969.942540446,-99751.5715571583)
(-59300.6788262762,-101675.563461749,-101641.580204726)
(-32176.592702082,-51267.031116102,-108889.396844084)
(0,0,0)
(0,0,0)
(0,0,0)
(0,0,0)
(0,0,0)
(0,0,0)
(-47375.9604250438,-139213.558702407,507.8520718384)
(-47132.3962868259,-139706.624528299,1323.00859426668)
(-46609.6357351745,-140996.986828706,3006.39110231038)
(-45814.9797409349,-143960.414174179,6751.25697116529)
(-45439.4370270343,-150747.148864873,14449.0380220638)
(-48332.9408518652,-165264.252638647,22475.4771946978)
(-60418.7621998713,-187816.066298733,-37114.3201973762)
(-44509.5116813901,-150970.072990736,-44069.2075954387)
(-32382.3638250656,-107261.038424511,-50874.768876192)
(-18128.1126075609,-56738.6514247784,-57186.5192459606)
(0,0,0)
(0,0,0)
(0,0,0)
(0,0,0)
(0,0,0)
(0,0,0)
(0,0,0)
(0,0,0)
(0,0,0)
(0,0,0)
(0,0,0)
(0,0,0)
(0,0,0)
(0,0,0)
(0,0,0)
(0,0,0)
(0,0,0)
(0,0,0)
(0,0,0)
(0,0,0)
(0,0,0)
(0,0,0)
(0,0,0)
(0,0,0)
(0,0,0)
(0,0,0)
(0,0,0)
(0,0,0)
(0,0,0)
(0,0,0)
(0,0,0)
(0,0,0)
(0,0,0)
(0,0,0)
(0,0,0)
(0,0,0)
(0,0,0)
(0,0,0)
(0,0,0)
(0,0,0)
(0,0,0)
(0,0,0)
(0,0,0)
(0,0,0)
(0,0,0)
(0,0,0)
(0,0,0)
(0,0,0)
(0,0,0)
(0,0,0)
(0,0,0)
(0,0,0)
(0,0,0)
(0,0,0)
(0,0,0)
(0,0,0)
(0,0,0)
(0,0,0)
(0,0,0)
(0,0,0)
(0,0,0)
(0,0,0)
(0,0,0)
(0,0,0)
(0,0,0)
(0,0,0)
(0,0,0)
(0,0,0)
(0,0,0)
(0,0,0)
(0,0,0)
(0,0,0)
(0,0,0)
(0,0,0)
(0,0,0)
(0,0,0)
(0,0,0)
(0,0,0)
(0,0,0)
(0,0,0)
(0,0,0)
(0,0,0)
(0,0,0)
(0,0,0)
(0,0,0)
(0,0,0)
(0,0,0)
(0,0,0)
(0,0,0)
(0,0,0)
(0,0,0)
(0,0,0)
(0,0,0)
(0,0,0)
(0,0,0)
(0,0,0)
(0,0,0)
(0,0,0)
(0,0,0)
(0,0,0)
(0,0,0)
(0,0,0)
(-107779.372323878,313.115547555732,262.521229197641)
(-107914.843074883,449.621675626426,121.264567975409)
(-107966.552239357,896.994840922593,-1017.39651161747)
(-107630.759722112,1921.67064440467,-4032.33427213052)
(-106391.377177979,4068.8889895609,-10376.3703243898)
(-103365.60579096,7944.06674044177,-22193.136813772)
(-97107.8860358303,12762.7666280704,-41330.9659153997)
(-84934.2814605171,11930.5839659648,-63640.9756862756)
(-64569.0321702884,8371.87008427244,-84454.650109783)
(-35360.363859756,4119.60625761238,-97657.9509443807)
(0,0,0)
(0,0,0)
(0,0,0)
(0,0,0)
(0,0,0)
(0,0,0)
(-107953.507089781,-69.9928659292896,431.650454904762)
(-108037.548633686,226.662166103013,559.623435748438)
(-108023.476247088,1121.39823186888,8.20986075416457)
(-107636.609558004,3299.56013879811,-1858.19864492512)
(-106412.592358836,8384.35495821279,-6452.72813721761)
(-103873.428078857,19528.9898424873,-17336.3019470056)
(-99068.3155808566,39144.2497462014,-42117.4387139396)
(-87140.3561998847,32233.3148033058,-67141.7577241144)
(-66280.719620959,20794.2087940175,-88693.1370096808)
(-36218.6140685084,9620.62875235602,-101778.310378015)
(0,0,0)
(0,0,0)
(0,0,0)
(0,0,0)
(0,0,0)
(0,0,0)
(-108291.456279028,-1873.44068600675,736.689502900702)
(-108284.685818997,-1478.01562149851,1434.47770427465)
(-108105.317023847,-296.448303063933,2219.50156838625)
(-107561.516563641,2818.93748835156,3317.09131071509)
(-106496.673502503,11078.0061517064,4782.86012040462)
(-105914.038959497,35220.3383882103,2381.44890155677)
(-109158.332328906,122185.149685731,-48921.8560783531)
(-95554.8156382915,70735.2908795896,-78460.9956765289)
(-71929.692070278,39625.3138559231,-99785.7693265763)
(-38794.3315215199,16509.0952220961,-111306.375800162)
(0,0,0)
(0,0,0)
(0,0,0)
(0,0,0)
(0,0,0)
(0,0,0)
(-108484.590272561,-5984.34299380535,1144.72483264144)
(-108370.648628353,-5605.65390813557,2646.31046743694)
(-107978.062361219,-4525.13659361829,5378.35841927443)
(-107100.297214209,-1851.54057788671,11639.2550272829)
(-105936.225696884,4000.88800942939,28969.6396636201)
(-109800.674406731,13244.8710325099,89399.303694916)
(-162017.641270626,168.511497098325,-100315.016649317)
(-121296.969374323,100574.474268694,-109506.514681899)
(-86509.8258561213,53457.3215917703,-122847.41511124)
(-44501.8038540226,19429.1443036644,-127741.838786435)
(0,0,0)
(0,0,0)
(0,0,0)
(0,0,0)
(0,0,0)
(0,0,0)
(-107751.028548199,-13392.0887139259,1533.05987747884)
(-107527.911987946,-13121.4554252292,3777.27801990886)
(-106906.410246545,-12386.2138614783,8096.31490723353)
(-105286.722777345,-10664.251645476,17500.3524253161)
(-100577.460239588,-7187.71616476358,38143.9994311999)
(-83739.9533440083,-1980.91850067708,76243.5379062682)
(2.69144321014455e-05,-1.02288468319726e-05,-2.224103364878e-05)
(-160414.964532735,175.070165473863,-156608.955366916)
(-111718.589991252,8508.24253015674,-156829.43056056)
(-52909.0786922217,4389.86210032637,-147137.576153881)
(0,0,0)
(0,0,0)
(0,0,0)
(0,0,0)
(0,0,0)
(0,0,0)
(-105007.4813795,-24965.66876069,1799.6613396978)
(-104732.867746696,-24872.165919597,4534.40200798839)
(-104048.656798403,-24598.487958338,9848.14927018964)
(-102335.962364482,-23861.4557144865,20985.4480349761)
(-97203.7244092112,-21907.3888286562,43296.5698215455)
(-78802.1785694302,-16286.0554886165,78160.7075226828)
(1.87973287518032e-05,-1.59647466768433e-05,-1.56419945383375e-05)
(-150870.323558442,-60.3201666020809,-148414.394648138)
(-113625.88762805,-14161.0416440029,-160939.639026068)
(-54558.2006438707,-9287.28458339195,-151468.575018157)
(0,0,0)
(0,0,0)
(0,0,0)
(0,0,0)
(0,0,0)
(0,0,0)
(-98388.1310806249,-40993.4222565775,1862.67319149499)
(-98182.6081996353,-41157.519732015,4792.61226436832)
(-97713.7012937578,-41537.1208744088,10604.5192793042)
(-96692.3479224605,-42254.5123114018,22962.0013384031)
(-93669.9637343891,-43330.317979764,48842.1824917027)
(-80276.7355144001,-41353.2168875324,94329.7406018563)
(3.07060522528924e-05,-2.5873204360364e-05,-2.05060089911608e-05)
(-165983.153469564,-119276.017236898,-162473.531415284)
(-112349.669425993,-71207.278911744,-155954.680371616)
(-52081.5428441188,-29746.0109769639,-141994.522428792)
(0,0,0)
(0,0,0)
(0,0,0)
(0,0,0)
(0,0,0)
(0,0,0)
(-85709.8382365604,-60353.2907935002,1734.28858568658)
(-85641.8017086607,-60771.1343006955,4453.84593079458)
(-85602.1110075689,-61892.6535247058,9920.47326710225)
(-85961.1637833641,-64444.3735715936,21922.5281477889)
(-88560.6602760438,-70913.2008065786,50759.9713166358)
(-102702.204799064,-91186.4895803764,135587.891493212)
(-185119.921884421,-180924.604862311,-119110.069326525)
(-124743.524898411,-118701.202807194,-114204.774640677)
(-82137.6833056238,-74699.9656304884,-114293.448947326)
(-40404.0267542196,-35081.0938530796,-111982.584862837)
(0,0,0)
(0,0,0)
(0,0,0)
(0,0,0)
(0,0,0)
(0,0,0)
(-64974.2968203982,-79418.8163511055,1356.69547045145)
(-64987.7269296381,-80020.8561018573,3424.81182058101)
(-65196.204685079,-81672.6631100182,7406.35805790972)
(-66134.9551746143,-85364.5853486434,15443.1998671417)
(-69770.0190836064,-93692.7279770401,30401.696891051)
(-81796.9193141806,-112506.484033227,45755.9816649295)
(-111175.651208774,-147846.269952636,-56719.6564078975)
(-81988.7962578779,-112480.391533956,-69955.5482818816)
(-54781.120810292,-74759.6630866148,-74415.4088417325)
(-27821.8120126199,-37242.3494011998,-76608.9339830618)
(0,0,0)
(0,0,0)
(0,0,0)
(0,0,0)
(0,0,0)
(0,0,0)
(-35555.0575690233,-91969.847452392,730.128245266142)
(-35579.5339934723,-92658.7903599886,1815.20021004313)
(-35746.6544279439,-94473.8459699204,3753.40176270791)
(-36338.7066780977,-98213.1244011724,7125.66775240024)
(-38178.0690169774,-105381.072540613,11552.6443059238)
(-42700.2850114126,-116985.015357138,10398.5197893865)
(-49255.7404432629,-127434.68936724,-21176.0825526274)
(-39760.8759994354,-106465.841196151,-31939.2685723858)
(-27655.2963829703,-74841.8637585555,-36584.1353425436)
(-14365.9931604741,-38593.243531932,-38995.3606589036)
(0,0,0)
(0,0,0)
(0,0,0)
(0,0,0)
(0,0,0)
(0,0,0)
(0,0,0)
(0,0,0)
(0,0,0)
(0,0,0)
(0,0,0)
(0,0,0)
(0,0,0)
(0,0,0)
(0,0,0)
(0,0,0)
(0,0,0)
(0,0,0)
(0,0,0)
(0,0,0)
(0,0,0)
(0,0,0)
(0,0,0)
(0,0,0)
(0,0,0)
(0,0,0)
(0,0,0)
(0,0,0)
(0,0,0)
(0,0,0)
(0,0,0)
(0,0,0)
(0,0,0)
(0,0,0)
(0,0,0)
(0,0,0)
(0,0,0)
(0,0,0)
(0,0,0)
(0,0,0)
(0,0,0)
(0,0,0)
(0,0,0)
(0,0,0)
(0,0,0)
(0,0,0)
(0,0,0)
(0,0,0)
(0,0,0)
(0,0,0)
(0,0,0)
(0,0,0)
(0,0,0)
(0,0,0)
(0,0,0)
(0,0,0)
(0,0,0)
(0,0,0)
(0,0,0)
(0,0,0)
(0,0,0)
(0,0,0)
(0,0,0)
(0,0,0)
(0,0,0)
(0,0,0)
(0,0,0)
(0,0,0)
(0,0,0)
(0,0,0)
(0,0,0)
(0,0,0)
(0,0,0)
(0,0,0)
(0,0,0)
(0,0,0)
(0,0,0)
(0,0,0)
(0,0,0)
(0,0,0)
(0,0,0)
(0,0,0)
(0,0,0)
(0,0,0)
(0,0,0)
(0,0,0)
(0,0,0)
(0,0,0)
(0,0,0)
(0,0,0)
(0,0,0)
(0,0,0)
(0,0,0)
(0,0,0)
(0,0,0)
(0,0,0)
(0,0,0)
(0,0,0)
(0,0,0)
(0,0,0)
(0,0,0)
(0,0,0)
(-107904.013046574,4.79694071539763,119.843781976513)
(-107974.079897749,183.1819010405,-4.10129619791132)
(-107891.513518914,701.653512602326,-780.793529235397)
(-107371.431067592,1823.1422137905,-2863.26439755336)
(-105865.577228994,3968.97674689028,-7358.0410934313)
(-102253.747911749,7339.36374534222,-15809.2627179783)
(-94640.9933130561,10724.9911480189,-29001.1465887704)
(-80545.9274991592,9692.68268439767,-43082.1832345209)
(-59266.4229403013,6655.21848116505,-55040.0109456748)
(-31593.2475742173,3266.90249266945,-62074.0297238821)
(0,0,0)
(0,0,0)
(0,0,0)
(0,0,0)
(0,0,0)
(0,0,0)
(-107785.124085566,-494.64821838315,331.062154883145)
(-107916.870768182,-137.824251411074,531.390441825233)
(-108045.143361457,895.277412787386,359.433656008992)
(-108019.989882593,3250.14179928935,-684.185604896681)
(-107450.765862038,8226.76891724777,-3903.8042720539)
(-105465.162266075,17407.3920538134,-12380.0983933125)
(-99724.4320656857,28975.2614043602,-29974.2521648219)
(-85148.9880830993,23768.90881067,-46041.8464078879)
(-62417.9333658077,15151.743989788,-58401.158171656)
(-33119.384144379,7084.36705274376,-65317.8526558652)
(0,0,0)
(0,0,0)
(0,0,0)
(0,0,0)
(0,0,0)
(0,0,0)
(-107467.202030965,-2041.22025081069,722.317784364568)
(-107710.67110063,-1560.68583291039,1571.16464749714)
(-108221.517620558,-171.833426636094,2754.47608362965)
(-109195.308583048,3269.09986517206,4369.31003714852)
(-110913.083837802,11627.0591818186,5385.43010787463)
(-113696.582856852,31305.2798375955,-729.913778551385)
(-115086.011481118,69273.9455169639,-35100.9187389444)
(-97289.6567085823,44965.0087090681,-54562.1775670637)
(-70010.1774359288,25057.2956919899,-66387.243903616)
(-36620.9165720534,10801.2083718564,-72277.5001721893)
(0,0,0)
(0,0,0)
(0,0,0)
(0,0,0)
(0,0,0)
(0,0,0)
(-106529.734345258,-5215.21188044545,1219.13570233208)
(-106948.523344517,-4738.96957344685,2975.2941590265)
(-107986.827062566,-3416.88983102029,6229.11526475593)
(-110386.236297412,15.1097332271325,12769.0444799135)
(-116044.301404245,9398.71039353196,25105.468975558)
(-129981.807425916,39317.3758641993,37274.5059681515)
(-158248.042347601,162147.90805962,-59369.0554975327)
(-122691.875995048,61418.8018777305,-74427.942045461)
(-83522.08750313,28223.2090979746,-80581.5938044449)
(-42265.3061410601,11006.0688330246,-83022.9519785757)
(0,0,0)
(0,0,0)
(0,0,0)
(0,0,0)
(0,0,0)
(0,0,0)
(-104159.80276233,-10511.5479207251,1705.1102544076)
(-104725.541828832,-10194.8010300438,4358.57155189248)
(-106280.185029768,-9420.09599622814,9735.55250032699)
(-110106.606622397,-7622.23327105942,22192.7793496653)
(-120217.520955545,-3738.35670279683,54969.9071619506)
(-152477.263788645,3009.60831521501,160014.985155565)
(-281365.93265103,60.0984883960582,-160162.018774574)
(-161228.21001416,9723.18122693365,-107653.152642344)
(-99946.8435773737,6573.37069957753,-97775.0606578232)
(-48395.8369202054,2745.55081806096,-94027.7844148853)
(0,0,0)
(0,0,0)
(0,0,0)
(0,0,0)
(0,0,0)
(0,0,0)
(-99241.7711481808,-18278.8232930926,2001.56514105188)
(-99880.4838927703,-18214.6234092329,5169.00366631557)
(-101741.243428301,-18160.686787049,11602.1810870354)
(-106350.36268863,-18142.3905041354,26136.7386442602)
(-118192.806944391,-18309.3919889291,61696.8564655702)
(-153336.611814077,-17766.7047418667,157007.602767306)
(-275471.484443464,-144.944686944207,-150581.044182051)
(-165629.182207362,-15227.2424620657,-110871.761844109)
(-103446.371552549,-12901.8116393043,-101576.095580753)
(-49903.3208710816,-6794.70551199954,-96690.7190234762)
(0,0,0)
(0,0,0)
(0,0,0)
(0,0,0)
(0,0,0)
(0,0,0)
(-90327.6369090545,-28353.8582881723,2014.54082351317)
(-91002.2385841919,-28589.1789309881,5208.7267298257)
(-92950.8121909279,-29350.9675574597,11636.1183974034)
(-97741.1719662048,-31473.0069273706,26015.5588643897)
(-109972.768311625,-38212.4173245059,62221.3887771989)
(-146609.989030571,-63813.5804454039,174601.517996918)
(-286163.200542675,-185162.023156422,-165668.432095766)
(-160259.057882366,-78081.4281363888,-108538.34200865)
(-97401.9445327183,-40986.8185214282,-95401.0600198104)
(-46523.0252048293,-18048.1850904606,-89706.098080632)
(0,0,0)
(0,0,0)
(0,0,0)
(0,0,0)
(0,0,0)
(0,0,0)
(-76145.0588862694,-39692.0249656031,1773.38732713923)
(-76768.436078659,-40158.8574183999,4469.70018454801)
(-78537.3940983242,-41487.3726328198,9541.38835066503)
(-82617.6502758777,-44618.2878190789,19343.1557348865)
(-91901.0588064436,-52158.7954441508,36629.9323849339)
(-112713.134596176,-70390.4370936169,53217.7188302521)
(-151312.594689194,-107153.984440171,-58597.6470812192)
(-113992.713676296,-76031.8208891984,-71398.0655505305)
(-74780.3980141807,-47366.742869223,-72375.4264941854)
(-36869.1897332579,-22510.3196725784,-71448.1289330197)
(0,0,0)
(0,0,0)
(0,0,0)
(0,0,0)
(0,0,0)
(0,0,0)
(-55855.127006772,-50118.0025304552,1306.80775122833)
(-56319.9198396477,-50709.5218508795,3189.66509371728)
(-57637.2625678765,-52298.362823739,6441.71316743522)
(-60503.3001084829,-55633.2079688951,11824.9782511165)
(-66324.0158814415,-62172.663811523,18392.8434163207)
(-76701.5009637387,-73516.9079892935,16423.8959615526)
(-88378.3162304303,-86063.6335590809,-27463.7898978925)
(-72487.5872775997,-70358.3753213646,-42638.4444459988)
(-49687.624988632,-47746.0854817204,-47352.5976551529)
(-25108.8413412811,-23878.7822902979,-48697.1057087739)
(0,0,0)
(0,0,0)
(0,0,0)
(0,0,0)
(0,0,0)
(0,0,0)
(-29750.660778398,-56595.443059257,673.043738176916)
(-30002.0814560194,-57229.975105205,1616.04445504759)
(-30697.8062365079,-58865.7433366236,3134.57677649738)
(-32128.4667231439,-62007.0751549916,5298.20400763766)
(-34762.705266629,-67335.3462793903,7045.52272515425)
(-38670.4957002934,-74392.2659660818,3891.09139081728)
(-41489.8978180166,-78304.2217939034,-11634.1629996044)
(-35124.8772355486,-66826.4460865497,-19802.0909983064)
(-24681.5328911773,-47275.5583009907,-23246.3816708299)
(-12655.1186817915,-24273.0212194524,-24563.0172203566)
(0,0,0)
(0,0,0)
(0,0,0)
(0,0,0)
(0,0,0)
(0,0,0)
(0,0,0)
(0,0,0)
(0,0,0)
(0,0,0)
(0,0,0)
(0,0,0)
(0,0,0)
(0,0,0)
(0,0,0)
(0,0,0)
(0,0,0)
(0,0,0)
(0,0,0)
(0,0,0)
(0,0,0)
(0,0,0)
(0,0,0)
(0,0,0)
(0,0,0)
(0,0,0)
(0,0,0)
(0,0,0)
(0,0,0)
(0,0,0)
(0,0,0)
(0,0,0)
(0,0,0)
(0,0,0)
(0,0,0)
(0,0,0)
(0,0,0)
(0,0,0)
(0,0,0)
(0,0,0)
(0,0,0)
(0,0,0)
(0,0,0)
(0,0,0)
(0,0,0)
(0,0,0)
(0,0,0)
(0,0,0)
(0,0,0)
(0,0,0)
(0,0,0)
(0,0,0)
(0,0,0)
(0,0,0)
(0,0,0)
(0,0,0)
(0,0,0)
(0,0,0)
(0,0,0)
(0,0,0)
(0,0,0)
(0,0,0)
(0,0,0)
(0,0,0)
(0,0,0)
(0,0,0)
(0,0,0)
(0,0,0)
(0,0,0)
(0,0,0)
(0,0,0)
(0,0,0)
(0,0,0)
(0,0,0)
(0,0,0)
(0,0,0)
(0,0,0)
(0,0,0)
(0,0,0)
(0,0,0)
(0,0,0)
(0,0,0)
(0,0,0)
(0,0,0)
(0,0,0)
(0,0,0)
(0,0,0)
(0,0,0)
(0,0,0)
(0,0,0)
(0,0,0)
(0,0,0)
(0,0,0)
(0,0,0)
(0,0,0)
(0,0,0)
(0,0,0)
(0,0,0)
(0,0,0)
(0,0,0)
(0,0,0)
(0,0,0)
(-107938.23220489,-33.4604720230176,67.6796303372767)
(-108010.433712771,83.0334457843107,20.9999995821536)
(-107920.969797048,398.400386864071,-347.944109150011)
(-107377.280593809,1070.09773952762,-1412.19232246056)
(-105799.598264569,2305.04089344019,-3783.21218032129)
(-101874.912344316,4039.85599477875,-8201.90374253633)
(-93570.5056321222,5556.12223903987,-14828.5136625165)
(-78759.5005162962,5047.77611421199,-21662.7167595969)
(-57212.6073201556,3497.25643750731,-27213.7888172445)
(-30172.6739881366,1725.47746816516,-30359.8398714956)
(0,0,0)
(0,0,0)
(0,0,0)
(0,0,0)
(0,0,0)
(0,0,0)
(-107647.19962062,-374.588603917528,203.203666951139)
(-107848.949005845,-134.523482619045,352.838833019609)
(-108139.283367926,517.462331022376,327.916895330982)
(-108355.170078872,1918.88948310268,-185.6946519701)
(-108008.80547948,4668.42970399559,-1991.04384508558)
(-105851.039992196,9096.41484663086,-6661.72497081083)
(-99070.3374278896,13544.9532013323,-15304.650570895)
(-83790.0901130986,11569.0133512556,-23184.7857779415)
(-60712.1056997652,7568.07310281174,-28961.4301092857)
(-31899.9155153687,3599.97333747591,-32055.3946076017)
(0,0,0)
(0,0,0)
(0,0,0)
(0,0,0)
(0,0,0)
(0,0,0)
(-107041.95828137,-1257.59685782844,457.764504313364)
(-107464.857518284,-928.44496859346,1005.87240794472)
(-108405.460681149,-45.5937817170726,1752.87158127484)
(-110086.26217121,1975.52684194405,2587.18781060097)
(-112539.626193569,6397.93055294559,2484.22931742375)
(-114861.611068593,14937.5355034385,-2191.86312764375)
(-112540.908354857,26049.2644215692,-17241.2774741421)
(-95291.2923918288,19483.8565645774,-27154.4850042115)
(-68225.0604841246,11505.7067671693,-32877.2356203815)
(-35462.8174111085,5127.64420532646,-35563.0056491756)
(0,0,0)
(0,0,0)
(0,0,0)
(0,0,0)
(0,0,0)
(0,0,0)
(-105613.44070892,-2943.46734078547,769.576846618903)
(-106356.910688257,-2627.80237850099,1877.32160026799)
(-108159.448459508,-1794.97244330901,3799.32165880396)
(-111888.049534178,240.206078868951,7036.45565863937)
(-118811.47205408,5166.42048458566,11035.1363768347)
(-129701.791769576,16764.288581739,8928.36764219016)
(-138494.96274816,38975.6363467794,-23751.0838824523)
(-114676.28253427,22814.7933052864,-35097.6140839371)
(-79650.5871733165,11740.3754068986,-39203.7830534921)
(-40538.8575965957,4850.03594298715,-40652.6233356156)
(0,0,0)
(0,0,0)
(0,0,0)
(0,0,0)
(0,0,0)
(0,0,0)
(-102498.335910566,-5683.20237092538,1078.26817837888)
(-103526.913527342,-5485.57614708661,2737.41364547449)
(-106197.619102502,-5020.80876894273,5880.68404384853)
(-112015.604583863,-3966.71702514752,11996.6051093287)
(-123883.439578815,-1771.61408229034,22600.5582994715)
(-146340.973214356,2145.75268753256,31082.803619395)
(-177326.749597579,5940.48514774777,-39921.2282350412)
(-137387.024768246,5255.2008170979,-46202.8209927404)
(-91299.019009426,2987.72949696587,-46097.9996507546)
(-45338.2473173646,1207.1121445117,-45512.6654551114)
(0,0,0)
(0,0,0)
(0,0,0)
(0,0,0)
(0,0,0)
(0,0,0)
(-96612.8970211566,-9566.94846506089,1254.8719671104)
(-97790.9900702019,-9541.0180588214,3220.8200562759)
(-100950.992702656,-9564.76579472883,6974.5263564112)
(-107883.010146118,-9706.91022805422,14247.3670168057)
(-122023.885496067,-10196.3195159486,26503.1510021392)
(-148413.891912631,-11111.0641228084,34837.2479110286)
(-183155.094846365,-10916.4222100795,-40622.2343282426)
(-142548.877154017,-9942.58385617161,-48504.7547083141)
(-94177.4104293055,-6931.38668095655,-47854.5996536424)
(-46461.7509790325,-3459.37222255381,-46629.6851786316)
(0,0,0)
(0,0,0)
(0,0,0)
(0,0,0)
(0,0,0)
(0,0,0)
(-86735.3570089143,-14406.2469529024,1247.01858769825)
(-87923.2634648933,-14571.4023865983,3198.42779617896)
(-91066.3678984896,-15106.2536992284,6855.47140824084)
(-97888.920718942,-16514.3907190404,13810.7006519652)
(-111654.131779403,-20274.8641562358,25570.6087600288)
(-137138.471728006,-30017.7236105976,35005.7509452442)
(-172049.166509113,-50383.2617235129,-39641.4435748569)
(-132455.894609952,-31897.3185277625,-45489.8721756824)
(-87092.0886033886,-18403.2713233605,-44327.8434626053)
(-42874.4606972834,-8424.0686776063,-43011.7115151026)
(0,0,0)
(0,0,0)
(0,0,0)
(0,0,0)
(0,0,0)
(0,0,0)
(-71998.2609485041,-19621.3764544889,1068.33156382166)
(-73012.5991742787,-19941.8987021442,2682.99097499066)
(-75653.4878569313,-20785.1673223004,5477.99835667269)
(-81095.7788360498,-22665.0538773314,10106.7900751356)
(-91188.1494520727,-26716.9646798726,15835.9812444081)
(-106977.002312091,-34525.5522891561,14607.6776388811)
(-121550.009013217,-44352.4650689646,-21185.7046916393)
(-100443.853243789,-34621.2549806082,-32010.6286712863)
(-68563.8867319757,-22318.4629261596,-34311.948350705)
(-34353.8894816911,-10784.3944852797,-34466.9227945946)
(0,0,0)
(0,0,0)
(0,0,0)
(0,0,0)
(0,0,0)
(0,0,0)
(-51993.7866236904,-24253.3055895333,770.588751959018)
(-52712.7190819123,-24648.7182258692,1870.20751795088)
(-54554.5346065957,-25598.4415127792,3600.75374714777)
(-58151.4989258131,-27462.5609243726,6046.45961151826)
(-64240.7669202673,-30783.7526606967,8029.99863116968)
(-72289.1334921857,-35675.3262827919,4767.40515325305)
(-77087.8554942874,-39385.1588723649,-11490.3617794885)
(-65710.3472465143,-33184.5383159136,-19704.3184752701)
(-46118.2444764879,-22906.8185456054,-22685.3433679695)
(-23490.0228162603,-11540.3688653082,-23548.1875129615)
(0,0,0)
(0,0,0)
(0,0,0)
(0,0,0)
(0,0,0)
(0,0,0)
(-27345.9577371658,-27051.8805043518,393.871873586599)
(-27733.5756420987,-27458.1588057618,934.806639559187)
(-28676.7421120643,-28414.6003505613,1729.90135289574)
(-30411.1762282615,-30147.3799620619,2697.4298957029)
(-33158.3386896239,-32835.2711574493,3144.58181545081)
(-36320.7470792656,-35976.8795617071,1096.38647334152)
(-37435.0752117947,-37112.7045095728,-5230.89049567082)
(-32256.5827803487,-31962.0617963429,-9321.66147044206)
(-22966.2547287783,-22763.6970707445,-11180.0611077006)
(-11808.2931328527,-11706.191902754,-11861.0636191948)
(0,0,0)
(0,0,0)
(0,0,0)
(0,0,0)
(0,0,0)
(0,0,0)
(0,0,0)
(0,0,0)
(0,0,0)
(0,0,0)
(0,0,0)
(0,0,0)
(0,0,0)
(0,0,0)
(0,0,0)
(0,0,0)
(0,0,0)
(0,0,0)
(0,0,0)
(0,0,0)
(0,0,0)
(0,0,0)
(0,0,0)
(0,0,0)
(0,0,0)
(0,0,0)
(0,0,0)
(0,0,0)
(0,0,0)
(0,0,0)
(0,0,0)
(0,0,0)
(0,0,0)
(0,0,0)
(0,0,0)
(0,0,0)
(0,0,0)
(0,0,0)
(0,0,0)
(0,0,0)
(0,0,0)
(0,0,0)
(0,0,0)
(0,0,0)
(0,0,0)
(0,0,0)
(0,0,0)
(0,0,0)
(0,0,0)
(0,0,0)
(0,0,0)
(0,0,0)
(0,0,0)
(0,0,0)
(0,0,0)
(0,0,0)
(0,0,0)
(0,0,0)
(0,0,0)
(0,0,0)
(0,0,0)
(0,0,0)
(0,0,0)
(0,0,0)
(0,0,0)
(0,0,0)
(0,0,0)
(0,0,0)
(0,0,0)
(0,0,0)
(0,0,0)
(0,0,0)
(0,0,0)
(0,0,0)
(0,0,0)
(0,0,0)
(0,0,0)
(0,0,0)
(0,0,0)
(0,0,0)
(0,0,0)
(0,0,0)
(0,0,0)
(0,0,0)
(0,0,0)
(0,0,0)
(0,0,0)
(0,0,0)
(0,0,0)
(0,0,0)
(0,0,0)
(0,0,0)
(0,0,0)
(0,0,0)
(0,0,0)
(0,0,0)
(0,0,0)
(0,0,0)
(0,0,0)
(0,0,0)
(0,0,0)
(0,0,0)
(0,0,0)
(0,0,0)
(0,0,0)
(0,0,0)
(0,0,0)
(0,0,0)
(0,0,0)
(0,0,0)
(0,0,0)
(0,0,0)
(0,0,0)
(0,0,0)
(0,0,0)
(0,0,0)
(0,0,0)
(0,0,0)
(0,0,0)
(0,0,0)
(0,0,0)
(0,0,0)
(0,0,0)
(0,0,0)
(0,0,0)
(0,0,0)
(0,0,0)
(0,0,0)
(0,0,0)
(0,0,0)
(0,0,0)
(0,0,0)
(0,0,0)
(0,0,0)
(0,0,0)
(0,0,0)
(0,0,0)
(0,0,0)
(0,0,0)
(0,0,0)
(0,0,0)
(0,0,0)
(0,0,0)
(0,0,0)
(0,0,0)
(0,0,0)
(0,0,0)
(0,0,0)
(0,0,0)
(0,0,0)
(0,0,0)
(0,0,0)
(0,0,0)
(0,0,0)
(0,0,0)
(0,0,0)
(0,0,0)
(0,0,0)
(0,0,0)
(0,0,0)
(0,0,0)
(0,0,0)
(0,0,0)
(0,0,0)
(0,0,0)
(0,0,0)
(0,0,0)
(0,0,0)
(0,0,0)
(0,0,0)
(0,0,0)
(0,0,0)
(0,0,0)
(0,0,0)
(0,0,0)
(0,0,0)
(0,0,0)
(0,0,0)
(0,0,0)
(0,0,0)
(0,0,0)
(0,0,0)
(0,0,0)
(0,0,0)
(0,0,0)
(0,0,0)
(0,0,0)
(0,0,0)
(0,0,0)
(0,0,0)
(0,0,0)
(0,0,0)
(0,0,0)
(0,0,0)
(0,0,0)
(0,0,0)
(0,0,0)
(0,0,0)
(0,0,0)
(0,0,0)
(0,0,0)
(0,0,0)
(0,0,0)
(0,0,0)
(0,0,0)
(0,0,0)
(0,0,0)
(0,0,0)
(0,0,0)
(0,0,0)
(0,0,0)
(0,0,0)
(0,0,0)
(0,0,0)
(0,0,0)
(0,0,0)
(0,0,0)
(0,0,0)
(0,0,0)
(0,0,0)
(0,0,0)
(0,0,0)
(0,0,0)
(0,0,0)
(0,0,0)
(0,0,0)
(0,0,0)
(0,0,0)
(0,0,0)
(0,0,0)
(0,0,0)
(0,0,0)
(0,0,0)
(0,0,0)
(0,0,0)
(0,0,0)
(0,0,0)
(0,0,0)
(0,0,0)
(0,0,0)
(0,0,0)
(0,0,0)
(0,0,0)
(0,0,0)
(0,0,0)
(0,0,0)
(0,0,0)
(0,0,0)
(0,0,0)
(0,0,0)
(0,0,0)
(0,0,0)
(0,0,0)
(0,0,0)
(0,0,0)
(0,0,0)
(0,0,0)
(0,0,0)
(0,0,0)
(0,0,0)
(0,0,0)
(0,0,0)
(0,0,0)
(0,0,0)
(0,0,0)
(0,0,0)
(0,0,0)
(0,0,0)
(0,0,0)
(0,0,0)
(0,0,0)
(0,0,0)
(0,0,0)
(0,0,0)
(0,0,0)
(0,0,0)
(0,0,0)
(0,0,0)
(0,0,0)
(0,0,0)
(0,0,0)
(0,0,0)
(0,0,0)
(0,0,0)
(0,0,0)
(0,0,0)
(0,0,0)
(0,0,0)
(0,0,0)
(0,0,0)
(0,0,0)
(0,0,0)
(0,0,0)
(0,0,0)
(0,0,0)
(0,0,0)
(0,0,0)
(0,0,0)
(0,0,0)
(0,0,0)
(0,0,0)
(0,0,0)
(0,0,0)
(0,0,0)
(0,0,0)
(0,0,0)
(0,0,0)
(0,0,0)
(0,0,0)
(0,0,0)
(0,0,0)
(0,0,0)
(0,0,0)
(0,0,0)
(0,0,0)
(0,0,0)
(0,0,0)
(0,0,0)
(0,0,0)
(0,0,0)
(0,0,0)
(0,0,0)
(0,0,0)
(0,0,0)
(0,0,0)
(0,0,0)
(0,0,0)
(0,0,0)
(0,0,0)
(0,0,0)
(0,0,0)
(0,0,0)
(0,0,0)
(0,0,0)
(0,0,0)
(0,0,0)
(0,0,0)
(0,0,0)
(0,0,0)
(0,0,0)
(0,0,0)
(0,0,0)
(0,0,0)
(0,0,0)
(0,0,0)
(0,0,0)
(0,0,0)
(0,0,0)
(0,0,0)
(0,0,0)
(0,0,0)
(0,0,0)
(0,0,0)
(0,0,0)
(0,0,0)
(0,0,0)
(0,0,0)
(0,0,0)
(0,0,0)
(0,0,0)
(0,0,0)
(0,0,0)
(0,0,0)
(0,0,0)
(0,0,0)
(0,0,0)
(0,0,0)
(0,0,0)
(0,0,0)
(0,0,0)
(0,0,0)
(0,0,0)
(0,0,0)
(0,0,0)
(0,0,0)
(0,0,0)
(0,0,0)
(0,0,0)
(0,0,0)
(0,0,0)
(0,0,0)
(0,0,0)
(0,0,0)
(0,0,0)
(0,0,0)
(0,0,0)
(0,0,0)
(0,0,0)
(0,0,0)
(0,0,0)
(0,0,0)
(0,0,0)
(0,0,0)
(0,0,0)
(0,0,0)
(0,0,0)
(0,0,0)
(0,0,0)
(0,0,0)
(0,0,0)
(0,0,0)
(0,0,0)
(0,0,0)
(0,0,0)
(0,0,0)
(0,0,0)
(0,0,0)
(0,0,0)
(0,0,0)
(0,0,0)
(0,0,0)
(0,0,0)
(0,0,0)
(0,0,0)
(0,0,0)
(0,0,0)
(0,0,0)
(0,0,0)
(0,0,0)
(0,0,0)
(0,0,0)
(0,0,0)
(0,0,0)
(0,0,0)
(0,0,0)
(0,0,0)
(0,0,0)
(0,0,0)
(0,0,0)
(0,0,0)
(0,0,0)
(0,0,0)
(0,0,0)
(0,0,0)
(0,0,0)
(0,0,0)
(0,0,0)
(0,0,0)
(0,0,0)
(0,0,0)
(0,0,0)
(0,0,0)
(0,0,0)
(0,0,0)
(0,0,0)
(0,0,0)
(0,0,0)
(0,0,0)
(0,0,0)
(0,0,0)
(0,0,0)
(0,0,0)
(0,0,0)
(0,0,0)
(0,0,0)
(0,0,0)
(0,0,0)
(0,0,0)
(0,0,0)
(0,0,0)
(0,0,0)
(0,0,0)
(0,0,0)
(0,0,0)
(0,0,0)
(0,0,0)
(0,0,0)
(0,0,0)
(0,0,0)
(0,0,0)
(0,0,0)
(0,0,0)
(0,0,0)
(0,0,0)
(0,0,0)
(0,0,0)
(0,0,0)
(0,0,0)
(0,0,0)
(0,0,0)
(0,0,0)
(0,0,0)
(0,0,0)
(0,0,0)
(0,0,0)
(0,0,0)
(0,0,0)
(0,0,0)
(0,0,0)
(0,0,0)
(0,0,0)
(0,0,0)
(0,0,0)
(0,0,0)
(0,0,0)
(0,0,0)
(0,0,0)
(0,0,0)
(0,0,0)
(0,0,0)
(0,0,0)
(0,0,0)
(0,0,0)
(0,0,0)
(0,0,0)
(0,0,0)
(0,0,0)
(0,0,0)
(0,0,0)
(0,0,0)
(0,0,0)
(0,0,0)
(0,0,0)
(0,0,0)
(0,0,0)
(0,0,0)
(0,0,0)
(0,0,0)
(0,0,0)
(0,0,0)
(0,0,0)
(0,0,0)
(0,0,0)
(0,0,0)
(0,0,0)
(0,0,0)
(0,0,0)
(0,0,0)
(0,0,0)
(0,0,0)
(0,0,0)
(0,0,0)
(0,0,0)
(0,0,0)
(0,0,0)
(0,0,0)
(0,0,0)
(0,0,0)
(0,0,0)
(0,0,0)
(0,0,0)
(0,0,0)
(0,0,0)
(0,0,0)
(0,0,0)
(0,0,0)
(0,0,0)
(0,0,0)
(0,0,0)
(0,0,0)
(0,0,0)
(0,0,0)
(0,0,0)
(0,0,0)
(0,0,0)
(0,0,0)
(0,0,0)
(0,0,0)
(0,0,0)
(0,0,0)
(0,0,0)
(0,0,0)
(0,0,0)
(0,0,0)
(0,0,0)
(0,0,0)
(0,0,0)
(0,0,0)
(0,0,0)
(0,0,0)
(0,0,0)
(0,0,0)
(0,0,0)
(0,0,0)
(0,0,0)
(0,0,0)
(0,0,0)
(0,0,0)
(0,0,0)
(0,0,0)
(0,0,0)
(0,0,0)
(0,0,0)
(0,0,0)
(0,0,0)
(0,0,0)
(0,0,0)
(0,0,0)
(0,0,0)
(0,0,0)
(0,0,0)
(0,0,0)
(0,0,0)
(0,0,0)
(0,0,0)
(0,0,0)
(0,0,0)
(0,0,0)
(0,0,0)
(0,0,0)
(0,0,0)
(0,0,0)
(0,0,0)
(0,0,0)
(0,0,0)
(0,0,0)
(0,0,0)
(0,0,0)
(0,0,0)
(0,0,0)
(0,0,0)
(0,0,0)
(0,0,0)
(0,0,0)
(0,0,0)
(0,0,0)
(0,0,0)
(0,0,0)
(0,0,0)
(0,0,0)
(0,0,0)
(0,0,0)
(0,0,0)
(0,0,0)
(0,0,0)
(0,0,0)
(0,0,0)
(0,0,0)
(0,0,0)
(0,0,0)
(0,0,0)
(0,0,0)
(0,0,0)
(0,0,0)
(0,0,0)
(0,0,0)
(0,0,0)
(0,0,0)
(0,0,0)
(0,0,0)
(0,0,0)
(0,0,0)
(0,0,0)
(0,0,0)
(0,0,0)
(0,0,0)
(0,0,0)
(0,0,0)
(0,0,0)
(0,0,0)
(0,0,0)
(0,0,0)
(0,0,0)
(0,0,0)
(0,0,0)
(0,0,0)
(0,0,0)
(0,0,0)
(0,0,0)
(0,0,0)
(0,0,0)
(0,0,0)
(0,0,0)
(0,0,0)
(0,0,0)
(0,0,0)
(0,0,0)
(0,0,0)
(0,0,0)
(0,0,0)
(0,0,0)
(0,0,0)
(0,0,0)
(0,0,0)
(0,0,0)
(0,0,0)
(0,0,0)
(0,0,0)
(0,0,0)
(0,0,0)
(0,0,0)
(0,0,0)
(0,0,0)
(0,0,0)
(0,0,0)
(0,0,0)
(0,0,0)
(0,0,0)
(0,0,0)
(0,0,0)
(0,0,0)
(0,0,0)
(0,0,0)
(0,0,0)
(0,0,0)
(0,0,0)
(0,0,0)
(0,0,0)
(0,0,0)
(0,0,0)
(0,0,0)
(0,0,0)
(0,0,0)
(0,0,0)
(0,0,0)
(0,0,0)
(0,0,0)
(0,0,0)
(0,0,0)
(0,0,0)
(0,0,0)
(0,0,0)
(0,0,0)
(0,0,0)
(0,0,0)
(0,0,0)
(0,0,0)
(0,0,0)
(0,0,0)
(0,0,0)
(0,0,0)
(0,0,0)
(0,0,0)
(0,0,0)
(0,0,0)
(0,0,0)
(0,0,0)
(0,0,0)
(0,0,0)
(0,0,0)
(0,0,0)
(0,0,0)
(0,0,0)
(0,0,0)
(0,0,0)
(0,0,0)
(0,0,0)
(0,0,0)
(0,0,0)
(0,0,0)
(0,0,0)
(0,0,0)
(0,0,0)
(0,0,0)
(0,0,0)
(0,0,0)
(0,0,0)
(0,0,0)
(0,0,0)
(0,0,0)
(0,0,0)
(0,0,0)
(0,0,0)
(0,0,0)
(0,0,0)
(0,0,0)
(0,0,0)
(0,0,0)
(0,0,0)
(0,0,0)
(0,0,0)
(0,0,0)
(0,0,0)
(0,0,0)
(0,0,0)
(0,0,0)
(0,0,0)
(0,0,0)
(0,0,0)
(0,0,0)
(0,0,0)
(0,0,0)
(0,0,0)
(0,0,0)
(0,0,0)
(0,0,0)
(0,0,0)
(0,0,0)
(0,0,0)
(0,0,0)
(0,0,0)
(0,0,0)
(0,0,0)
(0,0,0)
(0,0,0)
(0,0,0)
(0,0,0)
(0,0,0)
(0,0,0)
(0,0,0)
(0,0,0)
(0,0,0)
(0,0,0)
(0,0,0)
(0,0,0)
(0,0,0)
(0,0,0)
(0,0,0)
(0,0,0)
(0,0,0)
(0,0,0)
(0,0,0)
(0,0,0)
(0,0,0)
(0,0,0)
(0,0,0)
(0,0,0)
(0,0,0)
(0,0,0)
(0,0,0)
(0,0,0)
(0,0,0)
(0,0,0)
(0,0,0)
(0,0,0)
(0,0,0)
(0,0,0)
(0,0,0)
(0,0,0)
