(0,0,0)
(0,0,0)
(0,0,0)
(0,0,0)
(0,0,0)
(0,0,0)
(0,0,0)
(0,0,0)
(0,0,0)
(0,0,0)
(0,0,0)
(0,0,0)
(0,0,0)
(0,0,0)
(0,0,0)
(0,0,0)
(0,0,0)
(0,0,0)
(0,0,0)
(0,0,0)
(0,0,0)
(0,0,0)
(0,0,0)
(0,0,0)
(0,0,0)
(0,0,0)
(0,0,0)
(0,0,0)
(0,0,0)
(0,0,0)
(0,0,0)
(0,0,0)
(0,0,0)
(0,0,0)
(0,0,0)
(0,0,0)
(0,0,0)
(0,0,0)
(0,0,0)
(0,0,0)
(0,0,0)
(0,0,0)
(0,0,0)
(0,0,0)
(0,0,0)
(0,0,0)
(0,0,0)
(0,0,0)
(0,0,0)
(0,0,0)
(0,0,0)
(0,0,0)
(0,0,0)
(0,0,0)
(0,0,0)
(0,0,0)
(0,0,0)
(0,0,0)
(0,0,0)
(0,0,0)
(0,0,0)
(0,0,0)
(0,0,0)
(0,0,0)
(0,0,0)
(0,0,0)
(0,0,0)
(0,0,0)
(0,0,0)
(0,0,0)
(0,0,0)
(0,0,0)
(0,0,0)
(0,0,0)
(0,0,0)
(0,0,0)
(0,0,0)
(0,0,0)
(0,0,0)
(0,0,0)
(0,0,0)
(0,0,0)
(0,0,0)
(0,0,0)
(0,0,0)
(0,0,0)
(0,0,0)
(0,0,0)
(0,0,0)
(0,0,0)
(0,0,0)
(0,0,0)
(0,0,0)
(0,0,0)
(0,0,0)
(0,0,0)
(0,0,0)
(0,0,0)
(0,0,0)
(0,0,0)
(0,0,0)
(0,0,0)
(0,0,0)
(0,0,0)
(0,0,0)
(0,0,0)
(0,0,0)
(0,0,0)
(0,0,0)
(0,0,0)
(0,0,0)
(0,0,0)
(0,0,0)
(0,0,0)
(0,0,0)
(0,0,0)
(0,0,0)
(0,0,0)
(0,0,0)
(0,0,0)
(0,0,0)
(0,0,0)
(0,0,0)
(0,0,0)
(0,0,0)
(0,0,0)
(0,0,0)
(0,0,0)
(0,0,0)
(0,0,0)
(0,0,0)
(0,0,0)
(0,0,0)
(0,0,0)
(0,0,0)
(0,0,0)
(0,0,0)
(0,0,0)
(0,0,0)
(0,0,0)
(0,0,0)
(0,0,0)
(0,0,0)
(0,0,0)
(0,0,0)
(0,0,0)
(0,0,0)
(0,0,0)
(0,0,0)
(0,0,0)
(0,0,0)
(0,0,0)
(0,0,0)
(0,0,0)
(0,0,0)
(0,0,0)
(0,0,0)
(0,0,0)
(0,0,0)
(0,0,0)
(0,0,0)
(0,0,0)
(0,0,0)
(0,0,0)
(0,0,0)
(0,0,0)
(0,0,0)
(0,0,0)
(0,0,0)
(0,0,0)
(0,0,0)
(0,0,0)
(0,0,0)
(0,0,0)
(0,0,0)
(0,0,0)
(0,0,0)
(0,0,0)
(0,0,0)
(0,0,0)
(0,0,0)
(0,0,0)
(0,0,0)
(0,0,0)
(0,0,0)
(0,0,0)
(0,0,0)
(0,0,0)
(0,0,0)
(0,0,0)
(0,0,0)
(0,0,0)
(0,0,0)
(0,0,0)
(0,0,0)
(0,0,0)
(0,0,0)
(0,0,0)
(0,0,0)
(0,0,0)
(0,0,0)
(0,0,0)
(0,0,0)
(0,0,0)
(0,0,0)
(0,0,0)
(0,0,0)
(0,0,0)
(0,0,0)
(0,0,0)
(0,0,0)
(0,0,0)
(0,0,0)
(0,0,0)
(0,0,0)
(0,0,0)
(0,0,0)
(0,0,0)
(0,0,0)
(0,0,0)
(0,0,0)
(0,0,0)
(0,0,0)
(0,0,0)
(0,0,0)
(0,0,0)
(0,0,0)
(0,0,0)
(0,0,0)
(0,0,0)
(0,0,0)
(0,0,0)
(0,0,0)
(0,0,0)
(0,0,0)
(0,0,0)
(0,0,0)
(0,0,0)
(0,0,0)
(0,0,0)
(0,0,0)
(0,0,0)
(0,0,0)
(0,0,0)
(0,0,0)
(0,0,0)
(0,0,0)
(0,0,0)
(0,0,0)
(0,0,0)
(0,0,0)
(0,0,0)
(0,0,0)
(0,0,0)
(0,0,0)
(0,0,0)
(0,0,0)
(0,0,0)
(0,0,0)
(0,0,0)
(0,0,0)
(0,0,0)
(0,0,0)
(0,0,0)
(0,0,0)
(0,0,0)
(0,0,0)
(0,0,0)
(0,0,0)
(0,0,0)
(0,0,0)
(0,0,0)
(0,0,0)
(0,0,0)
(0,0,0)
(0,0,0)
(0,0,0)
(0,0,0)
(0,0,0)
(0,0,0)
(0,0,0)
(0,0,0)
(0,0,0)
(0,0,0)
(0,0,0)
(0,0,0)
(0,0,0)
(0,0,0)
(0,0,0)
(0,0,0)
(0,0,0)
(0,0,0)
(0,0,0)
(0,0,0)
(0,0,0)
(0,0,0)
(0,0,0)
(0,0,0)
(0,0,0)
(0,0,0)
(0,0,0)
(0,0,0)
(0,0,0)
(0,0,0)
(0,0,0)
(0,0,0)
(0,0,0)
(0,0,0)
(0,0,0)
(0,0,0)
(0,0,0)
(0,0,0)
(0,0,0)
(0,0,0)
(0,0,0)
(0,0,0)
(0,0,0)
(0,0,0)
(0,0,0)
(0,0,0)
(0,0,0)
(0,0,0)
(0,0,0)
(0,0,0)
(0,0,0)
(0,0,0)
(0,0,0)
(0,0,0)
(0,0,0)
(0,0,0)
(0,0,0)
(0,0,0)
(0,0,0)
(0,0,0)
(0,0,0)
(0,0,0)
(0,0,0)
(0,0,0)
(0,0,0)
(0,0,0)
(0,0,0)
(0,0,0)
(0,0,0)
(0,0,0)
(0,0,0)
(0,0,0)
(0,0,0)
(0,0,0)
(0,0,0)
(0,0,0)
(0,0,0)
(0,0,0)
(0,0,0)
(0,0,0)
(0,0,0)
(0,0,0)
(0,0,0)
(0,0,0)
(0,0,0)
(0,0,0)
(0,0,0)
(0,0,0)
(0,0,0)
(0,0,0)
(0,0,0)
(0,0,0)
(0,0,0)
(0,0,0)
(0,0,0)
(0,0,0)
(0,0,0)
(0,0,0)
(0,0,0)
(0,0,0)
(0,0,0)
(0,0,0)
(0,0,0)
(0,0,0)
(0,0,0)
(0,0,0)
(0,0,0)
(0,0,0)
(0,0,0)
(0,0,0)
(0,0,0)
(0,0,0)
(0,0,0)
(0,0,0)
(0,0,0)
(0,0,0)
(0,0,0)
(0,0,0)
(0,0,0)
(0,0,0)
(0,0,0)
(0,0,0)
(0,0,0)
(0,0,0)
(0,0,0)
(0,0,0)
(0,0,0)
(0,0,0)
(0,0,0)
(0,0,0)
(0,0,0)
(0,0,0)
(0,0,0)
(0,0,0)
(0,0,0)
(0,0,0)
(0,0,0)
(0,0,0)
(0,0,0)
(0,0,0)
(0,0,0)
(0,0,0)
(0,0,0)
(0,0,0)
(0,0,0)
(0,0,0)
(0,0,0)
(0,0,0)
(0,0,0)
(0,0,0)
(0,0,0)
(0,0,0)
(0,0,0)
(0,0,0)
(0,0,0)
(0,0,0)
(0,0,0)
(0,0,0)
(0,0,0)
(0,0,0)
(0,0,0)
(0,0,0)
(0,0,0)
(0,0,0)
(0,0,0)
(0,0,0)
(0,0,0)
(0,0,0)
(0,0,0)
(0,0,0)
(0,0,0)
(0,0,0)
(0,0,0)
(0,0,0)
(0,0,0)
(0,0,0)
(0,0,0)
(0,0,0)
(0,0,0)
(0,0,0)
(0,0,0)
(0,0,0)
(0,0,0)
(0,0,0)
(0,0,0)
(0,0,0)
(0,0,0)
(0,0,0)
(0,0,0)
(0,0,0)
(0,0,0)
(0,0,0)
(0,0,0)
(0,0,0)
(0,0,0)
(0,0,0)
(0,0,0)
(0,0,0)
(0,0,0)
(0,0,0)
(0,0,0)
(0,0,0)
(0,0,0)
(0,0,0)
(0,0,0)
(0,0,0)
(0,0,0)
(0,0,0)
(0,0,0)
(0,0,0)
(0,0,0)
(0,0,0)
(0,0,0)
(0,0,0)
(0,0,0)
(0,0,0)
(0,0,0)
(0,0,0)
(0,0,0)
(0,0,0)
(0,0,0)
(0,0,0)
(0,0,0)
(0,0,0)
(0,0,0)
(0,0,0)
(0,0,0)
(0,0,0)
(0,0,0)
(0,0,0)
(0,0,0)
(0,0,0)
(0,0,0)
(0,0,0)
(0,0,0)
(0,0,0)
(0,0,0)
(0,0,0)
(0,0,0)
(0,0,0)
(0,0,0)
(0,0,0)
(0,0,0)
(0,0,0)
(0,0,0)
(0,0,0)
(0,0,0)
(0,0,0)
(0,0,0)
(0,0,0)
(0,0,0)
(0,0,0)
(0,0,0)
(0,0,0)
(0,0,0)
(0,0,0)
(0,0,0)
(0,0,0)
(0,0,0)
(0,0,0)
(0,0,0)
(0,0,0)
(0,0,0)
(0,0,0)
(0,0,0)
(0,0,0)
(0,0,0)
(0,0,0)
(0,0,0)
(0,0,0)
(0,0,0)
(0,0,0)
(0,0,0)
(0,0,0)
(0,0,0)
(0,0,0)
(0,0,0)
(0,0,0)
(0,0,0)
(0,0,0)
(0,0,0)
(0,0,0)
(0,0,0)
(0,0,0)
(0,0,0)
(0,0,0)
(0,0,0)
(0,0,0)
(0,0,0)
(0,0,0)
(0,0,0)
(0,0,0)
(0,0,0)
(0,0,0)
(0,0,0)
(0,0,0)
(0,0,0)
(0,0,0)
(0,0,0)
(0,0,0)
(0,0,0)
(0,0,0)
(0,0,0)
(0,0,0)
(0,0,0)
(0,0,0)
(0,0,0)
(0,0,0)
(0,0,0)
(0,0,0)
(0,0,0)
(0,0,0)
(0,0,0)
(0,0,0)
(0,0,0)
(0,0,0)
(0,0,0)
(0,0,0)
(0,0,0)
(0,0,0)
(0,0,0)
(0,0,0)
(0,0,0)
(0,0,0)
(0,0,0)
(0,0,0)
(0,0,0)
(0,0,0)
(0,0,0)
(0,0,0)
(0,0,0)
(0,0,0)
(0,0,0)
(0,0,0)
(0,0,0)
(0,0,0)
(0,0,0)
(0,0,0)
(0,0,0)
(0,0,0)
(0,0,0)
(0,0,0)
(0,0,0)
(0,0,0)
(0,0,0)
(0,0,0)
(0,0,0)
(0,0,0)
(0,0,0)
(0,0,0)
(0,0,0)
(0,0,0)
(0,0,0)
(0,0,0)
(0,0,0)
(0,0,0)
(0,0,0)
(0,0,0)
(0,0,0)
(0,0,0)
(0,0,0)
(0,0,0)
(0,0,0)
(0,0,0)
(0,0,0)
(0,0,0)
(0,0,0)
(0,0,0)
(0,0,0)
(0,0,0)
(0,0,0)
(0,0,0)
(0,0,0)
(0,0,0)
(0,0,0)
(0,0,0)
(0,0,0)
(0,0,0)
(0,0,0)
(0,0,0)
(0,0,0)
(0,0,0)
(0,0,0)
(0,0,0)
(0,0,0)
(0,0,0)
(0,0,0)
(0,0,0)
(0,0,0)
(0,0,0)
(0,0,0)
(0,0,0)
(0,0,0)
(0,0,0)
(0,0,0)
(0,0,0)
(0,0,0)
(0,0,0)
(0,0,0)
(0,0,0)
(0,0,0)
(0,0,0)
(0,0,0)
(0,0,0)
(0,0,0)
(0,0,0)
(0,0,0)
(0,0,0)
(0,0,0)
(0,0,0)
(0,0,0)
(0,0,0)
(0,0,0)
(0,0,0)
(0,0,0)
(0,0,0)
(0,0,0)
(0,0,0)
(0,0,0)
(0,0,0)
(0,0,0)
(0,0,0)
(0,0,0)
(0,0,0)
(0,0,0)
(0,0,0)
(0,0,0)
(0,0,0)
(0,0,0)
(0,0,0)
(0,0,0)
(0,0,0)
(0,0,0)
(0,0,0)
(0,0,0)
(0,0,0)
(0,0,0)
(0,0,0)
(0,0,0)
(0,0,0)
(0,0,0)
(0,0,0)
(0,0,0)
(0,0,0)
(0,0,0)
(0,0,0)
(0,0,0)
(0,0,0)
(0,0,0)
(0,0,0)
(0,0,0)
(0,0,0)
(0,0,0)
(0,0,0)
(0,0,0)
(0,0,0)
(0,0,0)
(0,0,0)
(0,0,0)
(0,0,0)
(0,0,0)
(0,0,0)
(0,0,0)
(0,0,0)
(0,0,0)
(0,0,0)
(0,0,0)
(0,0,0)
(0,0,0)
(0,0,0)
(0,0,0)
(0,0,0)
(0,0,0)
(0,0,0)
(0,0,0)
(0,0,0)
(0,0,0)
(0,0,0)
(0,0,0)
(0,0,0)
(0,0,0)
(0,0,0)
(0,0,0)
(0,0,0)
(0,0,0)
(0,0,0)
(0,0,0)
(0,0,0)
(0,0,0)
(0,0,0)
(0,0,0)
(0,0,0)
(0,0,0)
(0,0,0)
(0,0,0)
(0,0,0)
(0,0,0)
(0,0,0)
(0,0,0)
(0,0,0)
(0,0,0)
(0,0,0)
(0,0,0)
(0,0,0)
(0,0,0)
(0,0,0)
(0,0,0)
(0,0,0)
(0,0,0)
(0,0,0)
(0,0,0)
(0,0,0)
(0,0,0)
(0,0,0)
(0,0,0)
(0,0,0)
(0,0,0)
(0,0,0)
(0,0,0)
(0,0,0)
(0,0,0)
(0,0,0)
(0,0,0)
(0,0,0)
(0,0,0)
(0,0,0)
(0,0,0)
(0,0,0)
(0,0,0)
(0,0,0)
(0,0,0)
(0,0,0)
(0,0,0)
(0,0,0)
(0,0,0)
(0,0,0)
(0,0,0)
(0,0,0)
(0,0,0)
(0,0,0)
(0,0,0)
(0,0,0)
(0,0,0)
(0,0,0)
(0,0,0)
(-70065.4876902554,37166.5960933574,32898.8915968979)
(-74167.7030476765,35643.5506862821,71423.0439582925)
(-83599.2802693589,32465.4283467697,122556.895880882)
(-101325.033397297,27481.6299056906,196400.299372491)
(-133198.829190432,20722.8857512078,308876.242811722)
(-190412.466759997,12958.0350038503,486330.674567854)
(-294044.284434446,5866.4577401372,774508.501262196)
(-481389.825176678,1459.29798082031,1254439.02845805)
(-794027.33447641,-20.2605321892601,2048486.6234667)
(-1106348.49632151,-115.237392542402,3154950.35718076)
(0,0,0)
(0,0,0)
(0,0,0)
(0,0,0)
(0,0,0)
(0,0,0)
(-74115.8841443099,79889.8354981551,31392.6447395116)
(-78252.6439154981,77016.5348377835,68272.3045035114)
(-87814.2098381324,70985.7050182389,117566.237670171)
(-105937.474463617,61329.4255824551,189655.916457027)
(-138703.394228053,47979.9849648555,301102.21147143)
(-197314.549135089,32078.222874399,479296.572735976)
(-302098.138377085,16976.4522434887,770284.716609679)
(-488732.903082261,7324.55854449209,1253152.35912824)
(-798900.98616612,3547.77781350195,2048485.30694873)
(-1108607.99994316,1845.791139408,3155132.27835984)
(0,0,0)
(0,0,0)
(0,0,0)
(0,0,0)
(0,0,0)
(0,0,0)
(-83376.2362891936,134757.859151025,28508.2126363238)
(-87559.346167657,130925.119231961,62158.9744098034)
(-97444.5994697788,122787.430342394,107801.848555432)
(-116493.399322564,109436.174525307,176188.498935147)
(-151354.55325432,90395.7587374443,285127.278416878)
(-213597.31613551,66550.885716897,464251.931709891)
(-321973.65148127,42363.0302177248,760839.005216926)
(-507012.668285749,25639.7181637192,1249536.51388342)
(-810637.108834258,16856.9655311037,2046864.43500015)
(-1113898.82064082,9168.40477782457,3153440.64200254)
(0,0,0)
(0,0,0)
(0,0,0)
(0,0,0)
(0,0,0)
(0,0,0)
(-100686.79258824,210848.90530483,24595.7464344356)
(-104927.425860768,206598.25862589,53850.0329012763)
(-115181.596671839,197467.862009891,94351.1979056115)
(-135518.942088588,182291.438149285,157014.876370217)
(-173841.653270119,160064.875839476,261187.412538307)
(-243053.989226138,130735.191650573,440057.095830764)
(-360019.409050462,98156.9478402325,744282.58725873)
(-542383.906389047,71471.4110037006,1240834.80080776)
(-832206.075048216,50735.4512890368,2039162.390098)
(-1123292.96279053,27286.3727825439,3144337.38488392)
(0,0,0)
(0,0,0)
(0,0,0)
(0,0,0)
(0,0,0)
(0,0,0)
(-131659.522329731,322262.012495446,20246.4151391131)
(-135891.242125743,318129.226232137,44606.6896586076)
(-146334.1554896,309247.19847341,79161.508684688)
(-167748.277923325,294463.651368856,134737.573388445)
(-209629.196609939,272533.562733176,231898.083104689)
(-287476.234408438,242599.442374343,407510.066789343)
(-417972.894997666,205924.19031558,717715.719311666)
(-596264.739156507,165319.485682957,1220132.38378894)
(-863584.196216078,118769.596571646,2015682.43472246)
(-1136933.83667227,62925.7257856494,3116976.91839164)
(0,0,0)
(0,0,0)
(0,0,0)
(0,0,0)
(0,0,0)
(0,0,0)
(-187494.852357246,493719.591977347,16037.2728753458)
(-191520.06735218,490042.125375262,35644.4410844015)
(-201606.220481203,482144.414638299,64353.445400715)
(-222804.173465046,468861.458357032,112759.811877583)
(-265123.054526742,448435.211862557,201981.217274945)
(-344460.700405528,418233.323878045,370808.036176779)
(-475353.528603921,374969.909292434,677115.845803873)
(-645564.85514542,314481.660577991,1173518.52605424)
(-897570.026438929,230187.987030949,1959670.1620339)
(-1154074.33658876,122859.251212987,3053810.97319524)
(0,0,0)
(0,0,0)
(0,0,0)
(0,0,0)
(0,0,0)
(0,0,0)
(-289968.259543872,771378.479186941,12309.3723342795)
(-293519.640034711,768230.023226921,27641.1145173292)
(-302567.548250305,761380.751121484,50972.326284454)
(-321951.772735064,749562.900650881,92222.6567256717)
(-361256.531076592,730205.906258886,171708.493405937)
(-435801.028704024,698275.593152904,327467.252835093)
(-558632.598544801,644578.09839042,616491.662281911)
(-713427.772578263,555324.566230745,1089076.52920741)
(-948231.917317346,415434.807014314,1852061.62654133)
(-1182019.76315319,226350.531602833,2930590.10930472)
(0,0,0)
(0,0,0)
(0,0,0)
(0,0,0)
(0,0,0)
(0,0,0)
(-477337.360313944,1239676.82269266,9039.01680821519)
(-480198.424025504,1236850.54484284,20616.9192177999)
(-487492.32891748,1230509.92456367,38980.0746930986)
(-503257.274942861,1219056.74854356,72743.5017432693)
(-535564.316789884,1198797.92209805,139715.802693979)
(-597544.767777775,1161831.76500722,273704.398617434)
(-700419.68110989,1091627.52516067,527074.652957055)
(-825753.309379825,959124.523632035,949028.004935608)
(-1040186.33692797,741972.259365149,1662676.88951274)
(-1235429.88713094,420560.565718711,2703896.74252774)
(0,0,0)
(0,0,0)
(0,0,0)
(0,0,0)
(0,0,0)
(0,0,0)
(-791204.98224883,2024829.17407916,6052.63086232764)
(-793168.251591725,2022000.29832656,14071.1289703474)
(-798134.73452023,2015423.53929785,27292.2487563641)
(-808737.172158116,2002745.21859609,52340.9508619541)
(-830079.525798262,1978518.25751741,102700.141240875)
(-870179.28159495,1931282.59806499,203428.589778047)
(-937517.718316806,1838165.98647724,394407.846778278)
(-1037634.60519264,1659473.38597195,731693.589630999)
(-1209781.16498133,1342490.85731188,1340956.15666557)
(-1328603.70201901,807187.290997293,2282933.133406)
(0,0,0)
(0,0,0)
(0,0,0)
(0,0,0)
(0,0,0)
(0,0,0)
(-1105035.50941528,3126790.08663787,3074.59685655077)
(-1106006.26638664,3123832.00571048,7249.15585926947)
(-1108473.50175648,3116835.46136969,14310.7355439412)
(-1113689.56779355,3102830.33838826,27915.1835453215)
(-1124018.64806382,3075081.75674053,55370.3323860351)
(-1143320.56794204,3019790.22441805,110183.273975014)
(-1177022.63146145,2909791.20866598,215580.683247723)
(-1233849.25010464,2694370.91926567,414532.400058601)
(-1328311.22416992,2280020.08443725,805314.397103138)
(-1337763.68516486,1474974.10771607,1475291.26554922)
(0,0,0)
(0,0,0)
(0,0,0)
(0,0,0)
(0,0,0)
(0,0,0)
(0,0,0)
(0,0,0)
(0,0,0)
(0,0,0)
(0,0,0)
(0,0,0)
(0,0,0)
(0,0,0)
(0,0,0)
(0,0,0)
(0,0,0)
(0,0,0)
(0,0,0)
(0,0,0)
(0,0,0)
(0,0,0)
(0,0,0)
(0,0,0)
(0,0,0)
(0,0,0)
(0,0,0)
(0,0,0)
(0,0,0)
(0,0,0)
(0,0,0)
(0,0,0)
(0,0,0)
(0,0,0)
(0,0,0)
(0,0,0)
(0,0,0)
(0,0,0)
(0,0,0)
(0,0,0)
(0,0,0)
(0,0,0)
(0,0,0)
(0,0,0)
(0,0,0)
(0,0,0)
(0,0,0)
(0,0,0)
(0,0,0)
(0,0,0)
(0,0,0)
(0,0,0)
(0,0,0)
(0,0,0)
(0,0,0)
(0,0,0)
(0,0,0)
(0,0,0)
(0,0,0)
(0,0,0)
(0,0,0)
(0,0,0)
(0,0,0)
(0,0,0)
(0,0,0)
(0,0,0)
(0,0,0)
(0,0,0)
(0,0,0)
(0,0,0)
(0,0,0)
(0,0,0)
(0,0,0)
(0,0,0)
(0,0,0)
(0,0,0)
(0,0,0)
(0,0,0)
(0,0,0)
(0,0,0)
(0,0,0)
(0,0,0)
(0,0,0)
(0,0,0)
(0,0,0)
(0,0,0)
(0,0,0)
(0,0,0)
(0,0,0)
(0,0,0)
(0,0,0)
(0,0,0)
(0,0,0)
(0,0,0)
(0,0,0)
(0,0,0)
(0,0,0)
(0,0,0)
(0,0,0)
(0,0,0)
(0,0,0)
(0,0,0)
(10376325.9640104,33158.400150961,28908.2895356931)
(10369486.1108822,31607.9737796154,62104.6432135185)
(10353815.410163,28286.1973918578,104861.896776561)
(10324663.5089829,22871.2384642853,164460.25731933)
(10272946.1162227,15211.564354701,251561.888938777)
(10180939.8120753,6050.45810752154,382617.293383184)
(10012076.576846,-2187.71504014421,587142.28853011)
(9678279.14573595,-5854.70743853173,941786.16644323)
(8925004.17407687,-4886.45062452222,1736099.24990172)
(6879345.98097858,-2387.64745796898,4261250.56144689)
(0,0,0)
(0,0,0)
(0,0,0)
(0,0,0)
(0,0,0)
(0,0,0)
(10369470.9710475,70691.5042354041,27338.1821110623)
(10362615.0110615,67761.1321013375,58775.5101997035)
(10346807.0494054,61439.9347146547,99458.655020642)
(10317116.2746449,50879.2414809382,156855.044282678)
(10263968.7324763,35409.1807329292,242443.442587438)
(10169356.7983273,15828.2629567646,374452.431663028)
(9997902.99938277,-2893.16263173293,583614.882882145)
(9665493.90888952,-10939.4167750743,942930.921634207)
(8917102.75990407,-8206.98427757737,1738705.85060431)
(6875917.41702154,-3483.8033816829,4263734.73095052)
(0,0,0)
(0,0,0)
(0,0,0)
(0,0,0)
(0,0,0)
(0,0,0)
(10353835.9236022,117572.84970682,24364.636024501)
(10346991.5275799,113673.00288037,52360.0328851934)
(10330858.5198641,105146.720730924,88808.268922333)
(10299852.4717542,90487.2731431433,141312.507570651)
(10243010.4140854,67967.648805904,222847.213545167)
(10140644.4790971,37091.7395291142,355800.083127532)
(9959385.81960179,4279.29523345563,575726.295566594)
(9630151.38827404,-9738.02987960666,945818.993498733)
(8896604.27562431,-4701.56950694732,1743530.33565679)
(6867451.73877844,-231.397185246179,4267385.51142843)
(0,0,0)
(0,0,0)
(0,0,0)
(0,0,0)
(0,0,0)
(0,0,0)
(10324963.4426103,179984.689334185,20396.0665613336)
(10318146.6390121,175746.083312261,43707.0626439497)
(10301658.6135672,166404.533603427,74067.1809196761)
(10268663.1122284,150131.601496252,118698.939636939)
(10205022.1193186,124316.903613417,191944.053628006)
(10085133.3970351,86305.5285999901,323001.019683188)
(9873735.66039531,40161.2525028198,561822.134355377)
(9549648.20195823,17577.3406953764,950932.796820418)
(8855068.03500455,19393.9939277941,1748021.26472014)
(6851527.6356859,13717.6368649557,4267709.77358088)
(0,0,0)
(0,0,0)
(0,0,0)
(0,0,0)
(0,0,0)
(0,0,0)
(10274225.1861876,266487.003353015,16071.1188511454)
(10267557.6892054,262563.578372944,34262.8338466422)
(10251011.1628919,254017.386527196,57762.8039287217)
(10216331.7899668,239444.266630468,92828.2122916903)
(10144932.4428578,217063.859230533,153977.758594179)
(9998744.62503639,185629.418397545,276891.150739123)
(9719713.80716555,148523.928386303,539299.914079719)
(9400301.05066906,116023.383698947,952746.22263792)
(8789891.68984894,84805.9243901709,1742316.5474977)
(6827754.56568174,45832.8926495155,4253971.0307465)
(0,0,0)
(0,0,0)
(0,0,0)
(0,0,0)
(0,0,0)
(0,0,0)
(10184123.4883402,391261.664520259,12065.1395225731)
(10177895.2946391,388058.987399413,25612.5098921105)
(10162154.3002907,381191.119445131,43136.3975895958)
(10128114.3348971,369744.283317318,70376.0139279727)
(10055886.9071083,352334.169892295,122553.883018459)
(9905482.27379925,326909.654803793,239788.813794751)
(9622934.86666328,291681.401549422,506801.086751758)
(9317630.67124297,246634.358419824,921452.727029745)
(8734425.61059134,179556.341714834,1703164.81406211)
(6800529.75390969,94932.8181022175,4207918.93949833)
(0,0,0)
(0,0,0)
(0,0,0)
(0,0,0)
(0,0,0)
(0,0,0)
(10017014.7448648,583977.435962528,8759.36553641853)
(10011600.464056,581549.124346778,18607.2658856609)
(9997658.72735878,576450.799385665,31579.4517233744)
(9966745.74586958,568233.5919058,52850.7659175596)
(9899416.31881111,555886.54160957,97083.6856998706)
(9755592.23904062,536533.862615448,204524.351530863)
(9481595.44848486,502803.116785635,461632.730652264)
(9206052.88372507,443019.115945464,854225.458210634)
(8652277.16299374,323491.266899173,1618239.59410249)
(6754086.7208696,172924.968648292,4112599.100921)
(0,0,0)
(0,0,0)
(0,0,0)
(0,0,0)
(0,0,0)
(0,0,0)
(9682977.07883705,925916.664978542,6204.47322034365)
(9678696.71634023,923980.066609386,13336.5319793103)
(9667597.96539267,919954.6540386,23200.5244034851)
(9642624.18407205,913616.774588611,40394.0240931475)
(9587150.65306267,904318.34208466,77705.3951527432)
(9465162.51038468,889223.744088635,170766.376904438)
(9225383.88275738,854535.404268205,401688.666941834)
(9045643.82930836,747253.154219476,734515.631366884)
(8486565.251668,572364.0619515,1467349.38910579)
(6646618.88661483,327370.295716266,3939313.42967932)
(0,0,0)
(0,0,0)
(0,0,0)
(0,0,0)
(0,0,0)
(0,0,0)
(8927818.553466,1711215.63095964,4135.6396913419)
(8924942.01048133,1709327.51082688,9136.07478813209)
(8917525.00763421,1705214.33801055,16674.7900490298)
(8901172.1490817,1697883.23075773,30957.1540273359)
(8866445.14756211,1684644.18652245,62564.7776164438)
(8795830.39907912,1658201.9994137,136034.983004597)
(8668540.89462839,1598714.978515,294254.937199921)
(8489580.0722919,1463305.92485216,559445.63047004)
(7984419.54769025,1224017.38066881,1222049.74046846)
(6319626.9569556,798082.817902569,3611564.70069476)
(0,0,0)
(0,0,0)
(0,0,0)
(0,0,0)
(0,0,0)
(0,0,0)
(6880406.57838618,4232116.66338845,2115.02115697014)
(6879007.05042308,4230085.28314825,4802.07341317589)
(6875380.44297024,4225516.27575613,9104.33232812798)
(6867511.6929492,4216679.17335778,17565.2703726821)
(6851369.78671959,4199239.77933956,36039.3841595083)
(6819656.09052065,4163273.18320726,76449.6832906366)
(6760891.09124335,4086972.79699741,158736.2834907)
(6648278.77724233,3928357.28901573,320015.033367444)
(6319866.14285031,3608480.35993176,795832.828471555)
(5138633.92830008,2812864.1111238,2813112.06317265)
(0,0,0)
(0,0,0)
(0,0,0)
(0,0,0)
(0,0,0)
(0,0,0)
(0,0,0)
(0,0,0)
(0,0,0)
(0,0,0)
(0,0,0)
(0,0,0)
(0,0,0)
(0,0,0)
(0,0,0)
(0,0,0)
(0,0,0)
(0,0,0)
(0,0,0)
(0,0,0)
(0,0,0)
(0,0,0)
(0,0,0)
(0,0,0)
(0,0,0)
(0,0,0)
(0,0,0)
(0,0,0)
(0,0,0)
(0,0,0)
(0,0,0)
(0,0,0)
(0,0,0)
(0,0,0)
(0,0,0)
(0,0,0)
(0,0,0)
(0,0,0)
(0,0,0)
(0,0,0)
(0,0,0)
(0,0,0)
(0,0,0)
(0,0,0)
(0,0,0)
(0,0,0)
(0,0,0)
(0,0,0)
(0,0,0)
(0,0,0)
(0,0,0)
(0,0,0)
(0,0,0)
(0,0,0)
(0,0,0)
(0,0,0)
(0,0,0)
(0,0,0)
(0,0,0)
(0,0,0)
(0,0,0)
(0,0,0)
(0,0,0)
(0,0,0)
(0,0,0)
(0,0,0)
(0,0,0)
(0,0,0)
(0,0,0)
(0,0,0)
(0,0,0)
(0,0,0)
(0,0,0)
(0,0,0)
(0,0,0)
(0,0,0)
(0,0,0)
(0,0,0)
(0,0,0)
(0,0,0)
(0,0,0)
(0,0,0)
(0,0,0)
(0,0,0)
(0,0,0)
(0,0,0)
(0,0,0)
(0,0,0)
(0,0,0)
(0,0,0)
(0,0,0)
(0,0,0)
(0,0,0)
(0,0,0)
(0,0,0)
(0,0,0)
(0,0,0)
(0,0,0)
(0,0,0)
(0,0,0)
(0,0,0)
(0,0,0)
(-180538.526653742,26229.88133192,22176.4679449141)
(-188079.584925346,24682.3417719731,46601.6805931677)
(-205077.046334521,21235.1756343816,75800.8200690452)
(-235893.079581164,15261.0155007874,112638.251745073)
(-288448.15390725,6186.4429264253,159387.937561321)
(-376156.898081455,-5568.43834204693,213594.944672885)
(-519610.817422344,-16411.1395389198,253235.337092909)
(-746754.732859691,-18674.5641183793,188485.638419706)
(-1072532.33023404,-12851.3091991068,-309584.689457582)
(-1314802.52541996,-5876.41697858587,-2618017.90746771)
(0,0,0)
(0,0,0)
(0,0,0)
(0,0,0)
(0,0,0)
(0,0,0)
(-188350.193402213,55019.9940376185,20572.9103566994)
(-195779.643320196,52098.1861734083,43093.5789495992)
(-212632.038514353,45488.6357265195,69821.0653899461)
(-243489.272019057,33626.3471241055,103603.139043379)
(-296857.789839928,14472.2342035441,147685.728695155)
(-386943.282632002,-12878.3228302626,202837.552755443)
(-533755.391379869,-41444.8305415323,251071.493133327)
(-758700.144297834,-46310.4174647783,194443.258279777)
(-1078462.38898554,-28781.5738907743,-302519.46952616)
(-1316854.68547663,-12027.0433260299,-2612054.88206787)
(0,0,0)
(0,0,0)
(0,0,0)
(0,0,0)
(0,0,0)
(0,0,0)
(-206000.412058021,88859.6240518183,17538.5642587093)
(-213150.918525545,84977.3887216823,36343.6664285977)
(-229696.413157898,76047.4483390745,57881.6454507488)
(-260851.876098252,59356.8320200431,84397.3670199743)
(-316985.484592351,30054.2914792514,120353.0670348)
(-416338.100774396,-18369.1996428968,174368.3823316)
(-581100.262303865,-81371.7930001695,246323.285308587)
(-800137.890147274,-90261.3877077348,212105.39258547)
(-1096578.04031771,-46284.3691192888,-285667.637631232)
(-1322621.28736994,-16207.1152618202,-2599872.68093437)
(0,0,0)
(0,0,0)
(0,0,0)
(0,0,0)
(0,0,0)
(0,0,0)
(-237632.610270504,129426.338539807,13571.1970055769)
(-244393.955397022,125326.709486536,27304.3292624724)
(-260429.100221602,115873.45678858,41107.8932145014)
(-292202.502557858,97882.1209928959,54990.0776405451)
(-354607.583406455,64306.0688830096,71909.8615745424)
(-481191.176370238,-3.24848157707004,111410.342431275)
(-728402.859606501,-113819.181672496,237538.109718102)
(-935969.737774202,-131765.284698136,256201.80505364)
(-1142156.95369233,-45779.4493556404,-255536.267400381)
(-1335102.83257494,-10015.3421905532,-2583555.71359815)
(0,0,0)
(0,0,0)
(0,0,0)
(0,0,0)
(0,0,0)
(0,0,0)
(-290658.210535563,176455.231041361,9396.36283429988)
(-296878.373663138,172946.437734956,17754.5560670896)
(-312009.113177068,165143.708359084,23046.4391782029)
(-343749.308645566,151219.779877351,21331.7375188043)
(-413543.769943267,128032.428409166,7623.44940637117)
(-592190.780287899,92437.3366032889,-2339.87174152552)
(-1176369.12454976,51796.2036676528,219669.533246322)
(-1395838.55068937,33387.2101974179,342198.498321863)
(-1231710.54705274,29370.7704255175,-219807.62594482)
(-1355648.33406665,18655.1920296308,-2573533.40180383)
(0,0,0)
(0,0,0)
(0,0,0)
(0,0,0)
(0,0,0)
(0,0,0)
(-377944.712268688,224216.661152,5848.62911098738)
(-383405.193587534,221763.965586376,9873.44809891653)
(-396951.591659529,216628.021680615,9036.88534029279)
(-426462.102418119,208316.979049515,-1942.01790402223)
(-494319.240591295,195802.602512902,-27964.1856954501)
(-672562.903078102,176999.052277543,-42938.8658796635)
(-1228279.50691955,150335.775059659,201277.794923808)
(-1429340.62133246,135085.356688684,338092.799620713)
(-1273328.00879585,97471.1864661825,-230712.138420105)
(-1376137.6772142,48530.8370190283,-2592378.49367287)
(0,0,0)
(0,0,0)
(0,0,0)
(0,0,0)
(0,0,0)
(0,0,0)
(-520609.774769149,250047.015713913,3336.02368466693)
(-525117.140533518,248694.438901547,4665.01357169443)
(-536503.032707787,246348.477174831,648.176756709624)
(-562239.173941198,244028.443846426,-14536.5096167355)
(-624531.664778428,243536.051676904,-46780.1165784837)
(-799085.605807424,246043.4698622,-69604.8307023778)
(-1378644.42172313,246578.151423535,185934.52175447)
(-1564388.8016435,282653.083537251,300350.338887142)
(-1336268.69012026,157814.737498591,-279905.500418542)
(-1409970.95133234,65458.2667779644,-2641233.39936288)
(0,0,0)
(0,0,0)
(0,0,0)
(0,0,0)
(0,0,0)
(0,0,0)
(-748344.889558662,170985.365948368,1925.47677391087)
(-751758.018573717,170382.936501853,2233.57270024559)
(-760456.895643342,169954.660915223,-1775.89139139192)
(-780665.918918989,172185.93436079,-15101.4203021074)
(-832214.593586566,183619.054222031,-44277.3175852467)
(-992314.149961414,219872.627593031,-69087.956357291)
(-1625126.70985283,297695.31725297,221847.329036252)
(-1324874.48562766,191226.970840284,175333.61528197)
(-1386414.23367059,70244.9772020701,-372575.280470124)
(-1462320.45974143,405.608452038995,-2707041.41717515)
(0,0,0)
(0,0,0)
(0,0,0)
(0,0,0)
(0,0,0)
(0,0,0)
(-1075108.14877707,-335792.970220637,1246.89702480219)
(-1077318.3877282,-336281.647484466,1713.73783330328)
(-1082898.3970899,-336712.246424745,345.908510079501)
(-1095352.5169539,-335633.406752386,-3768.22572839283)
(-1123758.57495473,-330334.483101578,-8069.10727521929)
(-1191617.61622991,-317890.225075679,8683.61931519839)
(-1339955.2762478,-308822.370742557,115239.336799604)
(-1388721.85991191,-377866.511922615,54176.6103789816)
(-1516516.51541399,-440383.367766406,-442717.122935632)
(-1540592.63740316,-382773.619262861,-2707776.44224918)
(0,0,0)
(0,0,0)
(0,0,0)
(0,0,0)
(0,0,0)
(0,0,0)
(-1316798.93822199,-2647716.84550215,671.250502416811)
(-1317846.19693486,-2648375.888446,1160.59743456561)
(-1320502.55565541,-2649405.84212288,1279.05037112806)
(-1326266.39219711,-2650474.54470143,1440.13207915129)
(-1338468.31414312,-2651813.69391745,4299.30237044425)
(-1364014.69249546,-2656037.15743926,17658.876362833)
(-1411266.56357413,-2673565.53229629,46101.5513468095)
(-1463911.19260105,-2719573.4083903,-8459.72372945035)
(-1541069.72452008,-2711009.03417692,-385356.33133582)
(-1487235.10274383,-2325456.19388585,-2325262.86705616)
(0,0,0)
(0,0,0)
(0,0,0)
(0,0,0)
(0,0,0)
(0,0,0)
(0,0,0)
(0,0,0)
(0,0,0)
(0,0,0)
(0,0,0)
(0,0,0)
(0,0,0)
(0,0,0)
(0,0,0)
(0,0,0)
(0,0,0)
(0,0,0)
(0,0,0)
(0,0,0)
(0,0,0)
(0,0,0)
(0,0,0)
(0,0,0)
(0,0,0)
(0,0,0)
(0,0,0)
(0,0,0)
(0,0,0)
(0,0,0)
(0,0,0)
(0,0,0)
(0,0,0)
(0,0,0)
(0,0,0)
(0,0,0)
(0,0,0)
(0,0,0)
(0,0,0)
(0,0,0)
(0,0,0)
(0,0,0)
(0,0,0)
(0,0,0)
(0,0,0)
(0,0,0)
(0,0,0)
(0,0,0)
(0,0,0)
(0,0,0)
(0,0,0)
(0,0,0)
(0,0,0)
(0,0,0)
(0,0,0)
(0,0,0)
(0,0,0)
(0,0,0)
(0,0,0)
(0,0,0)
(0,0,0)
(0,0,0)
(0,0,0)
(0,0,0)
(0,0,0)
(0,0,0)
(0,0,0)
(0,0,0)
(0,0,0)
(0,0,0)
(0,0,0)
(0,0,0)
(0,0,0)
(0,0,0)
(0,0,0)
(0,0,0)
(0,0,0)
(0,0,0)
(0,0,0)
(0,0,0)
(0,0,0)
(0,0,0)
(0,0,0)
(0,0,0)
(0,0,0)
(0,0,0)
(0,0,0)
(0,0,0)
(0,0,0)
(0,0,0)
(0,0,0)
(0,0,0)
(0,0,0)
(0,0,0)
(0,0,0)
(0,0,0)
(0,0,0)
(0,0,0)
(0,0,0)
(0,0,0)
(0,0,0)
(0,0,0)
(-213620.972004535,18349.8903282271,14732.5550225663)
(-220031.046031251,16923.530519309,29760.4856091621)
(-234070.409462555,13648.2871541159,45105.5615830829)
(-258492.624284733,7646.41250493015,60058.6937817189)
(-297786.459366319,-2214.80411988789,71611.8033606782)
(-358183.395256953,-16355.6265878429,69993.9271240211)
(-445030.253218016,-30570.4330417987,25983.7959614947)
(-552816.135441379,-30646.7795564469,-137308.021900369)
(-639041.12240851,-18886.0736980867,-551913.156027806)
(-555337.39309085,-8031.0534421376,-1303347.23491479)
(0,0,0)
(0,0,0)
(0,0,0)
(0,0,0)
(0,0,0)
(0,0,0)
(-220714.413526959,37454.0438919221,13260.0665610514)
(-226772.349075682,34760.3771192924,26415.9257165499)
(-240078.04510947,28429.5175016297,39080.7019641528)
(-263215.348618007,16253.6890324479,50199.5020355825)
(-300719.092054939,-5649.9875897026,57495.9877204084)
(-359378.628176869,-42279.6347103888,55855.3413878281)
(-445645.456718933,-88827.9029268387,26002.8766119392)
(-550141.089601319,-87802.3661101818,-125400.591530836)
(-634734.347298617,-47032.9249659721,-540981.781949876)
(-552671.66392017,-17910.5719458531,-1295285.28500265)
(0,0,0)
(0,0,0)
(0,0,0)
(0,0,0)
(0,0,0)
(0,0,0)
(-236456.334804006,57452.2486675151,10457.7179703945)
(-241802.32202566,53924.327305874,19945.1712839239)
(-253562.378673354,45407.1725696081,26833.4817313993)
(-274027.55261627,28049.5048657475,28213.3424161205)
(-307774.718494325,-7497.24689504375,20849.8356234325)
(-364021.981055454,-83153.093808105,9407.17500219647)
(-459043.467769904,-228628.271396604,27150.748938008)
(-550223.347930467,-226096.935141156,-84469.224247829)
(-624372.197477999,-91930.9620162422,-511777.030037277)
(-546260.148568188,-28757.0992689419,-1277291.64151597)
(0,0,0)
(0,0,0)
(0,0,0)
(0,0,0)
(0,0,0)
(0,0,0)
(-263655.840201548,76620.8509903648,6854.62760819836)
(-268018.925116287,73049.7585914357,11354.166041905)
(-277485.742706243,64417.1957268246,9400.78536933263)
(-293649.33974566,46372.7355262703,-7475.60810338844)
(-320096.675794766,5388.67047769392,-54872.4330878109)
(-372252.151512538,-110930.603406684,-136033.94834694)
(-561176.519997146,-561651.032582322,29762.4732294169)
(-590573.381916602,-591560.018654379,49829.2008850446)
(-600408.758487877,-135310.318939181,-448539.637396466)
(-533401.862668036,-30549.7870789609,-1248447.91949334)
(0,0,0)
(0,0,0)
(0,0,0)
(0,0,0)
(0,0,0)
(0,0,0)
(-306604.207891595,89334.845423257,3232.00292314047)
(-309836.839458572,86558.1937534468,2682.03355656298)
(-316478.65655433,80252.9275110775,-8684.15485042585)
(-326021.427110094,68506.405806925,-48545.7066665519)
(-332717.630892134,47227.2766849138,-171210.451924907)
(-299741.362953198,12115.5416999645,-586706.014366259)
(7.9463910217757e-05,2.13563287690732e-05,-5.19022073622372e-05)
(773.320947756276,-15.6338596336731,506096.776994991)
(-504913.959490304,-12195.0868076341,-343815.042699005)
(-510310.65609463,-1820.12696014598,-1217882.38078985)
(0,0,0)
(0,0,0)
(0,0,0)
(0,0,0)
(0,0,0)
(0,0,0)
(-370751.418890644,81695.9399593888,445.612085826448)
(-372903.875629795,80145.9329379843,-3643.44505644935)
(-376938.223490004,77088.7478817914,-20492.6335966886)
(-381084.209494983,72526.0161252734,-69890.1368381734)
(-376178.617138739,65539.4444381427,-206342.928043957)
(-318426.576354509,50468.3494850404,-598832.062552623)
(7.18881811631997e-05,2.72513131927527e-05,-3.92783662637637e-05)
(675.74908986841,93.7233605288871,493834.443870631)
(-492690.876866878,34594.3493384613,-333592.124204438)
(-510064.439241859,14731.3053248182,-1216216.7944617)
(0,0,0)
(0,0,0)
(0,0,0)
(0,0,0)
(0,0,0)
(0,0,0)
(-460264.445018848,22465.8124080554,-1115.20219896624)
(-461525.405705892,22140.6432466006,-6701.64733521447)
(-463433.889570755,22409.3558591672,-25091.3984496159)
(-463474.567601474,25587.3465196397,-76917.3351837023)
(-450306.483178376,35818.4483961237,-221421.520741736)
(-373494.038837311,52765.9575972994,-649310.695824102)
(0.000195716122152368,-7.16956639971485e-05,-5.42415032125975e-05)
(497.601179185932,522191.734518101,528263.126030021)
(-527490.088136199,107721.502813219,-353642.62942881)
(-530790.150886885,13127.8129719232,-1231219.93752134)
(0,0,0)
(0,0,0)
(0,0,0)
(0,0,0)
(0,0,0)
(0,0,0)
(-568934.598918452,-155531.405781154,-1413.07245099984)
(-569574.227665873,-155037.681103586,-6418.53900865588)
(-570101.196395794,-152433.399732289,-21931.4826647498)
(-567800.120058652,-142514.983746136,-66694.9512593153)
(-550705.850596557,-107953.200167346,-204432.045685857)
(-462504.782515995,20536.419775269,-702011.875309252)
(-143.711275152283,582858.565834748,521912.964503)
(-521792.380571916,127416.987828434,113605.606136921)
(-656762.218717565,-59803.3683967379,-448521.537606151)
(-575210.88210041,-77837.2493811257,-1244666.0528941)
(0,0,0)
(0,0,0)
(0,0,0)
(0,0,0)
(0,0,0)
(0,0,0)
(-652579.691220165,-577139.329436589,-920.533901457921)
(-652882.633693189,-576575.854144533,-3818.1148955123)
(-652931.080291779,-574207.50797556,-12011.3234503491)
(-651179.420992226,-566545.087770231,-32154.3153879263)
(-642820.927777377,-545080.947628693,-75964.2151039189)
(-617013.345008702,-490308.87054613,-139723.196003726)
(-583085.862836084,-380107.184014658,66373.1404339588)
(-668173.708068078,-453001.719427043,-73756.3041543915)
(-718440.785375956,-464829.624357705,-466805.778231448)
(-588799.133069024,-329332.409438594,-1167104.12250812)
(0,0,0)
(0,0,0)
(0,0,0)
(0,0,0)
(0,0,0)
(0,0,0)
(-562958.852683182,-1330589.8931454,-389.521830003672)
(-563074.612810289,-1330243.67401919,-1493.28607992589)
(-563055.417691696,-1328721.47458615,-4426.45743303951)
(-562356.18214264,-1324137.12507475,-10744.6301829821)
(-559718.275525049,-1313303.66131122,-21271.9551185262)
(-554062.104210103,-1291935.17879985,-29598.2351501757)
(-552185.496700533,-1262219.60507962,-6566.88095879218)
(-582225.027121852,-1255572.44689275,-85682.3189722758)
(-590302.008495708,-1169765.36039815,-331514.298956198)
(-472038.498135546,-838085.813510247,-837957.49949282)
(0,0,0)
(0,0,0)
(0,0,0)
(0,0,0)
(0,0,0)
(0,0,0)
(0,0,0)
(0,0,0)
(0,0,0)
(0,0,0)
(0,0,0)
(0,0,0)
(0,0,0)
(0,0,0)
(0,0,0)
(0,0,0)
(0,0,0)
(0,0,0)
(0,0,0)
(0,0,0)
(0,0,0)
(0,0,0)
(0,0,0)
(0,0,0)
(0,0,0)
(0,0,0)
(0,0,0)
(0,0,0)
(0,0,0)
(0,0,0)
(0,0,0)
(0,0,0)
(0,0,0)
(0,0,0)
(0,0,0)
(0,0,0)
(0,0,0)
(0,0,0)
(0,0,0)
(0,0,0)
(0,0,0)
(0,0,0)
(0,0,0)
(0,0,0)
(0,0,0)
(0,0,0)
(0,0,0)
(0,0,0)
(0,0,0)
(0,0,0)
(0,0,0)
(0,0,0)
(0,0,0)
(0,0,0)
(0,0,0)
(0,0,0)
(0,0,0)
(0,0,0)
(0,0,0)
(0,0,0)
(0,0,0)
(0,0,0)
(0,0,0)
(0,0,0)
(0,0,0)
(0,0,0)
(0,0,0)
(0,0,0)
(0,0,0)
(0,0,0)
(0,0,0)
(0,0,0)
(0,0,0)
(0,0,0)
(0,0,0)
(0,0,0)
(0,0,0)
(0,0,0)
(0,0,0)
(0,0,0)
(0,0,0)
(0,0,0)
(0,0,0)
(0,0,0)
(0,0,0)
(0,0,0)
(0,0,0)
(0,0,0)
(0,0,0)
(0,0,0)
(0,0,0)
(0,0,0)
(0,0,0)
(0,0,0)
(0,0,0)
(0,0,0)
(0,0,0)
(0,0,0)
(0,0,0)
(0,0,0)
(0,0,0)
(0,0,0)
(-233238.670201212,11212.9675894631,8404.73060721201)
(-237551.853729825,10117.2650532443,15808.2732525436)
(-246606.629998604,7588.09982105964,20756.3939675325)
(-261356.860195699,2878.93938118024,20741.6904973206)
(-282986.135535307,-5184.76213707224,11126.1288033744)
(-312501.927705202,-17573.0581922808,-16982.2805560978)
(-348915.688354286,-31206.4619127677,-81890.3835070587)
(-383049.545080742,-28013.9558442877,-223643.01802341)
(-379709.400754716,-14642.5151146695,-468332.224562529)
(-270040.621208235,-5428.68756909988,-748200.308876018)
(0,0,0)
(0,0,0)
(0,0,0)
(0,0,0)
(0,0,0)
(0,0,0)
(-238636.122689361,21850.1776339554,7284.4991179068)
(-242410.479932468,19800.5278403873,13239.3671875519)
(-250208.079005588,14946.9310072956,16010.5698974353)
(-262372.191839609,5399.27407200996,12647.0784282106)
(-279214.784099787,-12771.9111536368,-1270.08051037944)
(-300676.825790105,-46971.0171632223,-30573.9239262008)
(-326557.43156274,-102255.521026069,-78612.8899690982)
(-358722.180294427,-87925.1111941912,-210120.64392609)
(-363725.085833039,-36740.3540641725,-459032.06644217)
(-262825.892466312,-11566.8742026351,-742739.651262474)
(0,0,0)
(0,0,0)
(0,0,0)
(0,0,0)
(0,0,0)
(0,0,0)
(-250283.964629115,30496.4957739035,5181.31168516061)
(-253040.413552026,27898.6918265951,8321.23922532226)
(-258306.196869729,21583.181963351,6428.80646564033)
(-265101.432723385,8508.18141243222,-5606.22076766777)
(-270850.250992752,-19763.5044936813,-35539.0949291949)
(-269351.92800606,-91341.6729731023,-85838.4921686989)
(-252248.542925313,-330674.306046808,-64214.6319925559)
(-277151.732076535,-266412.412247336,-158798.946793346)
(-318118.706069587,-67991.9183521302,-433800.873913804)
(-244530.79547136,-15933.124932566,-731163.976280707)
(0,0,0)
(0,0,0)
(0,0,0)
(0,0,0)
(0,0,0)
(0,0,0)
(-269596.033697417,33893.7497468991,2542.93952287134)
(-271000.688658986,31437.6614188231,1985.7334733424)
(-272819.419418296,25579.1198923801,-6676.52774363354)
(-271946.071247823,14106.4040644612,-33978.018893499)
(-259488.743723936,-7154.89947967519,-107194.555978339)
(-207297.159517606,-38275.247728374,-325215.973218)
(3.78811688461918e-05,6.65596916907707e-06,-1.87610689120136e-05)
(-86.179732808076,-20.4012721203258,39712.6152691781)
(-207247.49660407,-39754.4175278341,-381686.147438917)
(-208370.206845212,-7453.30339130051,-715197.62480302)
(0,0,0)
(0,0,0)
(0,0,0)
(0,0,0)
(0,0,0)
(0,0,0)
(-298063.224694705,25311.2725372689,41.4940127409803)
(-298090.454369803,23607.7975031339,-3875.0271603395)
(-296481.804133008,19854.6458525362,-18147.4055418199)
(-288238.816854549,13453.0918099848,-55276.7035428874)
(-260546.340312425,3746.74389651682,-138349.637498786)
(-182756.561665026,-6554.81982201951,-287054.866693307)
(-5.27441182486452e-06,1.92039807128563e-06,9.55379519970776e-05)
(8.71628938088977e-05,1.12960334158002e-05,-2.86895880131511e-06)
(630.946269240767,95.8686455615223,-349394.483479017)
(-157883.506187709,-1552.9906525323,-707721.946124676)
(0,0,0)
(0,0,0)
(0,0,0)
(0,0,0)
(0,0,0)
(0,0,0)
(-336025.418504542,-7745.29439156095,-1669.43345727171)
(-334953.665104508,-8408.18291696338,-7603.6635624629)
(-330720.603714521,-9410.35032339027,-24556.2871620201)
(-317280.109883929,-9905.07576366456,-65002.2191994235)
(-280120.796735548,-8624.46579242769,-148688.829913664)
(-188512.197994052,-4596.37922533634,-280561.648870805)
(5.73959113974384e-07,6.83008100438288e-06,7.22706617657968e-05)
(6.4257443484089e-05,2.23313898948416e-05,-2.65230103749933e-06)
(443.297621992772,-122.486902296781,-351132.572274688)
(-150546.802075374,-5940.40143628132,-706262.798657431)
(0,0,0)
(0,0,0)
(0,0,0)
(0,0,0)
(0,0,0)
(0,0,0)
(-379514.317702362,-86154.6943826936,-2340.72732535107)
(-377819.23478021,-85862.6051777916,-8592.47599019746)
(-372118.870007023,-84245.3586329646,-25072.4872443642)
(-355941.964519399,-78748.5411304167,-63761.624959691)
(-313425.132327864,-64573.5153368243,-144693.92626581)
(-210585.629999004,-36193.4059304166,-276005.308399039)
(1.00461343731978e-05,0.000113016550051289,8.51964459422326e-05)
(0.000110235345892444,-1.07532938742242e-06,-1.40314107415186e-06)
(201.248613244505,-21426.10284995,-357028.843387285)
(-162012.226677596,-31239.0826432952,-700508.086389554)
(0,0,0)
(0,0,0)
(0,0,0)
(0,0,0)
(0,0,0)
(0,0,0)
(-413934.968812987,-239152.654171087,-2001.67031706867)
(-412153.694542248,-238335.510290898,-6949.2983275951)
(-406420.390283572,-235277.825420756,-19597.6376520268)
(-390579.29045788,-225949.360225843,-49617.6481573702)
(-348496.718705425,-200106.316305952,-116293.979079369)
(-241224.78873078,-133957.993882227,-239809.384912776)
(0.000132188416331942,-5.43071170361725e-06,-8.73048131087286e-06)
(-68.8187089891085,-18878.5086638958,-21532.6476208983)
(-211293.996048773,-121407.47609232,-367019.49704732)
(-212540.673141853,-91421.3847380974,-669507.403911072)
(0,0,0)
(0,0,0)
(0,0,0)
(0,0,0)
(0,0,0)
(0,0,0)
(-403155.334194314,-487416.555928708,-1160.45526822924)
(-401797.264949341,-486715.733274842,-3865.6010281293)
(-397486.571562739,-484339.625282026,-10248.3098958997)
(-385775.556274859,-477795.566079587,-23805.9687595263)
(-354479.169904804,-462067.783392201,-50186.2595458464)
(-267821.096568449,-427441.678790147,-105894.823078179)
(-280.331950783716,-349188.007727608,-18836.3280839943)
(-214786.014830282,-366983.911708383,-124118.618277304)
(-290168.630448487,-336608.103622276,-337190.145674817)
(-226544.807352431,-212538.657512097,-578327.198617415)
(0,0,0)
(0,0,0)
(0,0,0)
(0,0,0)
(0,0,0)
(0,0,0)
(-282325.987777615,-767573.028210823,-476.392623456904)
(-281629.252009961,-767144.882722467,-1492.60397617283)
(-279462.835885286,-765678.684105893,-3746.12695873251)
(-273920.937699121,-761840.271244914,-8136.66623692303)
(-260641.451482625,-753638.768497515,-15642.505174025)
(-231438.947547232,-737942.959478542,-27764.3811485009)
(-182419.296599187,-710057.371224133,-36661.2177533303)
(-218703.933739931,-673345.172502364,-93821.0503412729)
(-228035.180673081,-579411.811404075,-213284.170382115)
(-165905.389779438,-366010.308528576,-365945.627721751)
(0,0,0)
(0,0,0)
(0,0,0)
(0,0,0)
(0,0,0)
(0,0,0)
(0,0,0)
(0,0,0)
(0,0,0)
(0,0,0)
(0,0,0)
(0,0,0)
(0,0,0)
(0,0,0)
(0,0,0)
(0,0,0)
(0,0,0)
(0,0,0)
(0,0,0)
(0,0,0)
(0,0,0)
(0,0,0)
(0,0,0)
(0,0,0)
(0,0,0)
(0,0,0)
(0,0,0)
(0,0,0)
(0,0,0)
(0,0,0)
(0,0,0)
(0,0,0)
(0,0,0)
(0,0,0)
(0,0,0)
(0,0,0)
(0,0,0)
(0,0,0)
(0,0,0)
(0,0,0)
(0,0,0)
(0,0,0)
(0,0,0)
(0,0,0)
(0,0,0)
(0,0,0)
(0,0,0)
(0,0,0)
(0,0,0)
(0,0,0)
(0,0,0)
(0,0,0)
(0,0,0)
(0,0,0)
(0,0,0)
(0,0,0)
(0,0,0)
(0,0,0)
(0,0,0)
(0,0,0)
(0,0,0)
(0,0,0)
(0,0,0)
(0,0,0)
(0,0,0)
(0,0,0)
(0,0,0)
(0,0,0)
(0,0,0)
(0,0,0)
(0,0,0)
(0,0,0)
(0,0,0)
(0,0,0)
(0,0,0)
(0,0,0)
(0,0,0)
(0,0,0)
(0,0,0)
(0,0,0)
(0,0,0)
(0,0,0)
(0,0,0)
(0,0,0)
(0,0,0)
(0,0,0)
(0,0,0)
(0,0,0)
(0,0,0)
(0,0,0)
(0,0,0)
(0,0,0)
(0,0,0)
(0,0,0)
(0,0,0)
(0,0,0)
(0,0,0)
(0,0,0)
(0,0,0)
(0,0,0)
(0,0,0)
(0,0,0)
(-243097.601252715,5773.09447035967,4085.83658114749)
(-245381.8598621,5209.4277742137,6706.41493920834)
(-249835.840922662,3957.94548467589,5977.68037858897)
(-256224.902846393,1816.90295471524,-971.179925433051)
(-263900.824800989,-1491.22192431343,-18565.2687354381)
(-271700.076418821,-5827.89830560802,-53539.2217162086)
(-277453.693841239,-8917.80906893375,-116083.407160323)
(-274925.911055517,-3776.26424530635,-220430.77694024)
(-242556.555854652,1282.92008008486,-358866.541920378)
(-152211.863625175,1744.35667402963,-478439.656177488)
(0,0,0)
(0,0,0)
(0,0,0)
(0,0,0)
(0,0,0)
(0,0,0)
(-246548.066317505,10200.6909702839,3484.34712822365)
(-248288.830755704,9165.578600941,5406.54712473134)
(-251429.116127553,6824.54089018999,3760.98884118281)
(-255076.757004583,2619.05361175745,-4336.5966508876)
(-257642.350897614,-4482.12391392669,-22918.1278634459)
(-257060.845351983,-15729.317735379,-56632.6888717997)
(-253157.230001134,-28038.5002600392,-110912.199242295)
(-251715.872479358,-6413.97932871954,-215280.791973949)
(-228244.328201777,8849.29934446821,-358327.928869588)
(-145969.693718706,6711.45078107086,-480151.221724241)
(0,0,0)
(0,0,0)
(0,0,0)
(0,0,0)
(0,0,0)
(0,0,0)
(-253714.208653245,11219.1572369637,2411.77775745118)
(-254459.049875425,9954.70638763588,3041.2862941555)
(-255023.02478867,7057.22993233797,-474.574829046725)
(-253109.239583115,1673.37113895691,-11521.0854965187)
(-244183.156372369,-8417.92083284682,-34252.383197979)
(-220980.64041292,-29363.1288583266,-68989.8596681777)
(-181408.367268956,-78598.5315683774,-89270.0040161944)
(-183541.423544739,10640.6928536675,-199934.984730377)
(-191691.285838299,42874.223819465,-360387.329436666)
(-131573.506932788,20214.313605132,-486847.48079929)
(0,0,0)
(0,0,0)
(0,0,0)
(0,0,0)
(0,0,0)
(0,0,0)
(-264973.346938744,5448.93974772282,1147.53073056718)
(-264431.088597432,4358.78477565719,173.852280992669)
(-261657.294633494,1924.08389511495,-5855.12646658645)
(-252257.133474163,-2189.27013109434,-21681.4229701966)
(-226110.742510277,-8221.22443375427,-55256.1205829468)
(-159924.770919866,-13729.5212313062,-118262.116807709)
(3.32693357159819e-05,6.24732336022049e-06,2.5989933560016e-06)
(76.7944747349935,260.548026324827,-167673.507194649)
(-117284.04245205,168212.302092658,-382975.039619864)
(-107157.802240417,43055.7073479566,-507028.837967491)
(0,0,0)
(0,0,0)
(0,0,0)
(0,0,0)
(0,0,0)
(0,0,0)
(-279993.841312047,-12641.7447440161,21.3011090829759)
(-278239.362398075,-13233.774180479,-2237.23190650745)
(-272495.543756248,-14382.571987607,-9916.83640054506)
(-256998.253899702,-15636.6687626155,-27710.0007238706)
(-219823.66410212,-15879.7671397337,-60774.1342281956)
(-140357.062458532,-12339.6920025888,-104563.462663407)
(-4.97143249934793e-06,5.63707048268896e-07,7.64571387089954e-06)
(7.62554099449292e-05,2.72342497573618e-06,1.54546313951971e-05)
(-2.61829413868049,30.4490946018838,-508153.548671619)
(-78775.7664279819,5851.25692904593,-550056.838012439)
(0,0,0)
(0,0,0)
(0,0,0)
(0,0,0)
(0,0,0)
(0,0,0)
(-296786.405675441,-51269.6238966252,-611.133676493947)
(-294183.424434165,-51265.9644931713,-3349.18403414596)
(-286519.785366457,-50840.0204324167,-11092.5539374037)
(-267473.905944701,-48633.8896243002,-27901.5370149464)
(-224671.367459911,-41987.1923143281,-57243.5411159893)
(-139119.201389739,-26704.7454913194,-92271.484231572)
(-2.21835951526191e-07,3.17993460135829e-06,-8.4923290807546e-12)
(5.30535046108055e-05,2.54673551845597e-06,1.13806198382344e-05)
(152.198870145805,-273.055098128309,-502337.555676503)
(-73757.6186256534,-17352.5245689785,-555922.957628198)
(0,0,0)
(0,0,0)
(0,0,0)
(0,0,0)
(0,0,0)
(0,0,0)
(-309512.619143027,-120628.41646447,-642.905991496298)
(-306626.358958636,-120211.11394233,-2890.6323639168)
(-298437.103838001,-118580.787362669,-8831.6316026856)
(-278729.456614738,-113452.794490959,-21225.2346406886)
(-234934.706975671,-99728.7120609418,-41974.1402462652)
(-146761.835225114,-66862.841539864,-65639.83897161)
(7.16365137386269e-06,7.18424336601026e-06,-1.00226563368791e-11)
(9.17995273215738e-05,5.387609381414e-06,1.5594934685256e-05)
(252.240552473003,-232809.291090607,-519375.679906251)
(-78380.7110875895,-81717.0183353025,-538642.70172995)
(0,0,0)
(0,0,0)
(0,0,0)
(0,0,0)
(0,0,0)
(0,0,0)
(-305893.837476165,-228468.925086602,-200.622714691936)
(-303299.693111059,-228043.586138518,-1222.15194968688)
(-296096.77822389,-226409.598590759,-3716.95278128093)
(-278988.631188642,-221239.942684083,-7520.46385739259)
(-240420.165070679,-206190.493336239,-9135.236216842)
(-157820.121514142,-160544.185813096,1141.44083975008)
(0.000115229710428528,1.91109382013638e-05,4.77959914684705e-06)
(8.08125944801878,-233459.570333553,-232847.084450182)
(-108415.819861557,-200181.136654216,-368353.415073788)
(-100179.165905358,-105387.692659787,-457044.247985799)
(0,0,0)
(0,0,0)
(0,0,0)
(0,0,0)
(0,0,0)
(0,0,0)
(-265226.247900355,-366645.276465254,247.265084691062)
(-263396.29663036,-366642.463630797,445.174257980855)
(-258420.083461979,-366462.389352056,1431.47691851754)
(-246892.445095619,-366135.658208131,7444.08126332722)
(-221187.596077115,-368427.462158058,36389.4762574537)
(-162274.822614553,-391192.935567697,161491.952058154)
(-197.130724929769,-531317.645036523,-233413.096287688)
(-111236.285087322,-370842.878537182,-199579.517827016)
(-141899.921991605,-274397.621961558,-273631.740976563)
(-101899.664866096,-151865.27100874,-351799.305113942)
(0,0,0)
(0,0,0)
(0,0,0)
(0,0,0)
(0,0,0)
(0,0,0)
(-163846.694239204,-485381.682038555,257.11203489608)
(-162948.104929818,-485726.322682246,659.824006200797)
(-160527.871912531,-486485.966597446,1748.43727883531)
(-155171.646214109,-488226.826173094,5090.31375878591)
(-144221.435397624,-493274.734365349,13517.5698810895)
(-123574.962685353,-506732.095678916,21192.7451304257)
(-91803.6666805907,-527762.019411607,-72978.5104130906)
(-104607.548613084,-454724.362555427,-103193.411521695)
(-103003.462910698,-351420.812209009,-151201.939036618)
(-68763.4032720823,-200143.995497981,-200065.201054741)
(0,0,0)
(0,0,0)
(0,0,0)
(0,0,0)
(0,0,0)
(0,0,0)
(0,0,0)
(0,0,0)
(0,0,0)
(0,0,0)
(0,0,0)
(0,0,0)
(0,0,0)
(0,0,0)
(0,0,0)
(0,0,0)
(0,0,0)
(0,0,0)
(0,0,0)
(0,0,0)
(0,0,0)
(0,0,0)
(0,0,0)
(0,0,0)
(0,0,0)
(0,0,0)
(0,0,0)
(0,0,0)
(0,0,0)
(0,0,0)
(0,0,0)
(0,0,0)
(0,0,0)
(0,0,0)
(0,0,0)
(0,0,0)
(0,0,0)
(0,0,0)
(0,0,0)
(0,0,0)
(0,0,0)
(0,0,0)
(0,0,0)
(0,0,0)
(0,0,0)
(0,0,0)
(0,0,0)
(0,0,0)
(0,0,0)
(0,0,0)
(0,0,0)
(0,0,0)
(0,0,0)
(0,0,0)
(0,0,0)
(0,0,0)
(0,0,0)
(0,0,0)
(0,0,0)
(0,0,0)
(0,0,0)
(0,0,0)
(0,0,0)
(0,0,0)
(0,0,0)
(0,0,0)
(0,0,0)
(0,0,0)
(0,0,0)
(0,0,0)
(0,0,0)
(0,0,0)
(0,0,0)
(0,0,0)
(0,0,0)
(0,0,0)
(0,0,0)
(0,0,0)
(0,0,0)
(0,0,0)
(0,0,0)
(0,0,0)
(0,0,0)
(0,0,0)
(0,0,0)
(0,0,0)
(0,0,0)
(0,0,0)
(0,0,0)
(0,0,0)
(0,0,0)
(0,0,0)
(0,0,0)
(0,0,0)
(0,0,0)
(0,0,0)
(0,0,0)
(0,0,0)
(0,0,0)
(0,0,0)
(0,0,0)
(0,0,0)
(-247084.665456748,2252.32227746892,1734.74192655932)
(-248030.795428215,2235.75500730383,2147.92248536854)
(-249523.428488763,2328.33209842041,-492.822046950798)
(-250858.144694523,2908.86754861471,-8768.44774743274)
(-250804.572670741,4687.64562361973,-26552.3455012998)
(-247547.262367401,8745.4609876616,-59450.6205403784)
(-238639.81033827,15340.8633440155,-113605.367387361)
(-219715.135291071,19362.433251894,-188178.576403704)
(-177477.368040601,15535.568010452,-268793.332228207)
(-102435.099345399,7966.03133693689,-326536.127844929)
(0,0,0)
(0,0,0)
(0,0,0)
(0,0,0)
(0,0,0)
(0,0,0)
(-248888.578769716,2906.5908934306,1686.24383624736)
(-249466.659518884,2895.74136146404,2204.08624526763)
(-250072.110983801,3143.46919485491,31.9440050809756)
(-249607.801455457,4495.77322160792,-7023.91721703752)
(-246342.021439441,8880.31964146323,-22516.9206930568)
(-238193.442353456,20258.5548977256,-52897.4176016476)
(-224752.945292995,43612.2531635807,-109573.092129355)
(-211677.126531668,61678.1482963168,-191927.553121478)
(-173731.684058069,45363.151806295,-276267.781061035)
(-100939.609588583,21117.7196707313,-334449.553524954)
(0,0,0)
(0,0,0)
(0,0,0)
(0,0,0)
(0,0,0)
(0,0,0)
(-252369.927741729,-96.2770829377888,1658.58706485221)
(-252274.988044444,-77.1739323219897,2447.44052765559)
(-251152.817751194,367.59431622074,1353.10836881121)
(-247031.234465279,2479.77128353533,-2708.89481094886)
(-236355.888371272,9573.92238882616,-11229.7655594093)
(-213872.493282038,31568.1221083582,-29647.479900922)
(-178511.645223076,102597.062201949,-91529.0109851714)
(-199379.782677851,194184.048329029,-208196.551884772)
(-171350.3422488,117255.552517093,-300429.896185063)
(-100020.92073574,44652.3069940888,-355517.06970548)
(0,0,0)
(0,0,0)
(0,0,0)
(0,0,0)
(0,0,0)
(0,0,0)
(-257148.092420214,-9635.8045195815,1714.27291811411)
(-256171.992791008,-9549.20413852242,2927.20731788785)
(-252816.118553232,-8998.99739513988,3452.62294898537)
(-243630.445955253,-7003.35163375887,4309.05834737116)
(-220904.939075426,-2014.0753611766,10691.2526625289)
(-164744.86018962,5782.03428013111,41297.4297605127)
(2.31169289959242e-05,-8.45091655575867e-06,1.56716442311053e-05)
(-231096.898534129,182.665254287235,-285121.076340997)
(-197693.791838551,285523.268771355,-372979.043208767)
(-106858.128497793,71471.1516194081,-400097.561576689)
(0,0,0)
(0,0,0)
(0,0,0)
(0,0,0)
(0,0,0)
(0,0,0)
(-261977.215403782,-29478.5763814714,1826.14595362208)
(-260221.977455056,-29281.4648247358,3541.02169681754)
(-254941.107129267,-28533.9845860469,5521.57226074294)
(-241563.141368914,-26229.7024081484,9312.81050434155)
(-210211.032799462,-20801.5971600927,18487.7010006001)
(-140481.502663307,-11129.7437634647,35523.9192489725)
(-1.06491640382199e-05,-1.37352161175395e-06,-1.99621490276715e-06)
(5.07707628827934e-05,-3.88152170641426e-06,2.73449977200338e-05)
(-360537.703308967,288.518284519827,-587061.155664446)
(-133810.48227255,10950.8311151297,-471506.119315606)
(0,0,0)
(0,0,0)
(0,0,0)
(0,0,0)
(0,0,0)
(0,0,0)
(-264214.654332266,-64052.0908964038,2001.76317175609)
(-262001.432900683,-63805.9123417586,4344.21915529885)
(-255737.441104047,-62890.9710091582,7918.86131600341)
(-240622.677277595,-59977.1201833354,14815.0504240848)
(-206560.024704078,-52284.6835901336,28186.7940982941)
(-134343.152138239,-34367.2411633275,46648.2422466557)
(-2.03033785947516e-06,-4.53343331333031e-07,6.49286728633455e-13)
(3.58856742658502e-05,-6.40181900792606e-06,1.96881282957536e-05)
(-341685.156264633,-100.989529437421,-576425.393109897)
(-134903.480424913,-21919.4588855671,-482409.241309949)
(0,0,0)
(0,0,0)
(0,0,0)
(0,0,0)
(0,0,0)
(0,0,0)
(-258736.491030966,-117067.727720844,2239.50871238243)
(-256540.921861561,-116972.407289396,5320.56656294535)
(-250536.949383312,-116365.625923593,10895.0670226897)
(-236547.447261301,-113819.394837433,22555.3323233519)
(-205483.896131025,-105303.208873488,46123.0467620577)
(-138001.415283155,-77970.412616529,80965.798273297)
(3.21567095339067e-06,1.68806376848679e-06,-7.16329542686258e-13)
(4.98261546274095e-05,9.387773603438e-06,2.618377936647e-05)
(-374412.526099504,-341429.057803237,-598215.518484188)
(-134570.503154698,-103465.099443296,-460480.085859352)
(0,0,0)
(0,0,0)
(0,0,0)
(0,0,0)
(0,0,0)
(0,0,0)
(-237395.655654102,-187926.666747744,2360.75720484042)
(-235631.767567828,-188249.862781822,5970.28715403377)
(-231059.724527863,-188835.619723232,13403.2272576462)
(-221197.466732509,-189242.015887093,31034.6838511723)
(-201013.027028603,-187050.325776883,73374.6627124915)
(-156156.90994036,-165016.656641279,158757.695163459)
(6.61227370969171e-05,3.74133976656776e-05,9.76438105462976e-06)
(-275480.833513776,-344649.344376433,-341400.004712789)
(-197361.827733188,-233615.057221577,-360267.997422829)
(-99855.5471166174,-107052.270077028,-357004.445577833)
(0,0,0)
(0,0,0)
(0,0,0)
(0,0,0)
(0,0,0)
(0,0,0)
(-189812.039600842,-265391.581475726,2050.70642846548)
(-188709.737712104,-266297.826286635,5412.11101502227)
(-186113.197360412,-268680.550287318,12950.1554775388)
(-181738.400678733,-274562.185167237,33116.2803407919)
(-178724.42648893,-291624.116339134,95226.901314858)
(-202869.372804309,-352636.352006056,323441.14686939)
(-419376.036232979,-622995.526181895,-344529.72906091)
(-205838.85107119,-364238.753417912,-230337.75403556)
(-136670.013902368,-235466.700846157,-233716.018500226)
(-74031.0293137302,-118678.74826013,-249958.175869485)
(0,0,0)
(0,0,0)
(0,0,0)
(0,0,0)
(0,0,0)
(0,0,0)
(-108668.831199468,-321729.693561789,1160.24904632734)
(-108178.789827015,-322981.74822147,3074.85587836205)
(-107044.439155908,-326179.845741605,7090.71857602379)
(-105362.315538145,-333298.507246472,16017.7099792988)
(-104654.301732421,-349295.236977839,34121.6969527965)
(-111621.545438815,-383368.357846812,52900.2855470146)
(-139940.263271202,-436127.110988944,-85831.5330553308)
(-102819.925990808,-350216.079756638,-101641.829338883)
(-74671.571510543,-248432.935839251,-117007.485745939)
(-41758.8405139812,-131352.467554667,-131338.329209503)
(0,0,0)
(0,0,0)
(0,0,0)
(0,0,0)
(0,0,0)
(0,0,0)
(0,0,0)
(0,0,0)
(0,0,0)
(0,0,0)
(0,0,0)
(0,0,0)
(0,0,0)
(0,0,0)
(0,0,0)
(0,0,0)
(0,0,0)
(0,0,0)
(0,0,0)
(0,0,0)
(0,0,0)
(0,0,0)
(0,0,0)
(0,0,0)
(0,0,0)
(0,0,0)
(0,0,0)
(0,0,0)
(0,0,0)
(0,0,0)
(0,0,0)
(0,0,0)
(0,0,0)
(0,0,0)
(0,0,0)
(0,0,0)
(0,0,0)
(0,0,0)
(0,0,0)
(0,0,0)
(0,0,0)
(0,0,0)
(0,0,0)
(0,0,0)
(0,0,0)
(0,0,0)
(0,0,0)
(0,0,0)
(0,0,0)
(0,0,0)
(0,0,0)
(0,0,0)
(0,0,0)
(0,0,0)
(0,0,0)
(0,0,0)
(0,0,0)
(0,0,0)
(0,0,0)
(0,0,0)
(0,0,0)
(0,0,0)
(0,0,0)
(0,0,0)
(0,0,0)
(0,0,0)
(0,0,0)
(0,0,0)
(0,0,0)
(0,0,0)
(0,0,0)
(0,0,0)
(0,0,0)
(0,0,0)
(0,0,0)
(0,0,0)
(0,0,0)
(0,0,0)
(0,0,0)
(0,0,0)
(0,0,0)
(0,0,0)
(0,0,0)
(0,0,0)
(0,0,0)
(0,0,0)
(0,0,0)
(0,0,0)
(0,0,0)
(0,0,0)
(0,0,0)
(0,0,0)
(0,0,0)
(0,0,0)
(0,0,0)
(0,0,0)
(0,0,0)
(0,0,0)
(0,0,0)
(0,0,0)
(0,0,0)
(0,0,0)
(-248179.297631186,332.675222606156,761.956951835241)
(-248482.250500583,708.836710058696,504.575314146278)
(-248716.832220799,1715.54200231987,-2017.56295614194)
(-248046.658999647,4074.63661825422,-8903.68526927478)
(-245269.092367346,9057.68085227907,-23496.846424947)
(-238347.027818809,18038.2045395746,-50735.2855131183)
(-223817.902779438,29181.2051915778,-94738.3982635273)
(-195740.886618787,27332.5610792656,-146045.208015078)
(-148801.932985579,19248.0065191005,-193968.649589203)
(-81504.7035375675,9471.38877493059,-224370.434171962)
(0,0,0)
(0,0,0)
(0,0,0)
(0,0,0)
(0,0,0)
(0,0,0)
(-248880.469852621,-753.642329263774,1078.20863477462)
(-249094.252133801,-54.9715057319738,1469.60946548509)
(-249132.431636355,1944.30247867238,301.169641686891)
(-248228.732989033,6974.02105756367,-3977.28326404687)
(-245446.421166658,18791.8567549414,-14607.0594394896)
(-239613.660905897,44523.2859453599,-39671.9222928337)
(-228393.746675516,89756.0902681853,-96606.0059869211)
(-200780.308899272,73915.2928817679,-154085.555421816)
(-152676.702243017,47740.7404396993,-203633.271157466)
(-83447.7419456943,22077.6006842502,-233731.350709673)
(0,0,0)
(0,0,0)
(0,0,0)
(0,0,0)
(0,0,0)
(0,0,0)
(-249851.390942742,-5032.36016152205,1760.1810332715)
(-249908.094376852,-4135.80387367603,3474.11973362351)
(-249599.068263605,-1429.98684734926,5294.65957205909)
(-248279.454756397,5774.94368605569,7741.95723468201)
(-245752.883485685,24914.3773226065,11016.4317814293)
(-244362.804491595,80559.4871941548,5470.54174218945)
(-251627.093811233,280824.700895784,-112482.620297249)
(-220114.582347562,162408.949238445,-180241.476984211)
(-165586.284733922,90929.0493218983,-229193.843381285)
(-89287.4950840039,37848.6029499198,-255698.271298687)
(0,0,0)
(0,0,0)
(0,0,0)
(0,0,0)
(0,0,0)
(0,0,0)
(-250235.88462256,-14641.2664544603,2696.69849528485)
(-250053.364487146,-13784.1190162014,6226.38533395089)
(-249252.450464607,-11264.1575383127,12496.8879362911)
(-247156.750595768,-5019.92116225416,26818.0574251101)
(-244405.891482238,8613.95017757884,66619.4369769458)
(-253250.62829422,30019.8673910996,205664.8248846)
(-373177.013005099,177.048228252947,-230966.950880759)
(-279247.921925519,231310.282063043,-251717.260313972)
(-199019.382544715,122740.15015489,-282202.770440792)
(-102352.487358011,44548.8032651144,-293408.611895775)
(0,0,0)
(0,0,0)
(0,0,0)
(0,0,0)
(0,0,0)
(0,0,0)
(-248359.182294151,-31863.4512512353,3604.15168714607)
(-247975.24421232,-31260.6533091462,8833.95273735439)
(-246650.484602412,-29536.9920579,18816.1647300846)
(-242830.646367262,-25429.462147906,40493.210714084)
(-231958.370074593,-17207.6791790552,88062.1773458482)
(-193193.139266592,-4996.22932590841,175789.91066614)
(3.57631150317703e-05,-1.90348180421038e-05,-3.0469911109168e-05)
(-369413.866568662,255.45670591389,-360418.848694898)
(-257078.156881236,19246.6527483672,-360384.897716099)
(-121696.071295902,9901.60553053747,-337852.110958169)
(0,0,0)
(0,0,0)
(0,0,0)
(0,0,0)
(0,0,0)
(0,0,0)
(-241603.526477986,-58691.1892193861,4216.61011387313)
(-241161.815131931,-58503.2708010215,10619.6098369967)
(-239782.123157117,-57853.1369145815,22980.4367467475)
(-235848.612988308,-56012.5720958844,48789.482405436)
(-224072.143620103,-51258.4163782905,100352.338520697)
(-181782.848491466,-38058.5469794921,180854.352527504)
(2.40278676026456e-05,-2.66904910512053e-05,-2.17977541455852e-05)
(-347577.282086692,99.5683254536257,-341590.734803546)
(-261541.976184224,-32763.6742209502,-369723.587914645)
(-125501.451203583,-21550.3384277295,-347673.673177709)
(0,0,0)
(0,0,0)
(0,0,0)
(0,0,0)
(0,0,0)
(0,0,0)
(-226067.673798886,-95792.2622156805,4432.25576421502)
(-225772.116693654,-96162.9683400417,11323.1481353273)
(-224923.85009478,-97000.2734960267,24857.1854282429)
(-222704.674127053,-98567.0892788687,53568.9294769758)
(-215848.14968568,-100894.393730869,113569.160384208)
(-185212.146098551,-96172.5858239618,218893.93004408)
(3.71354757641592e-05,-3.58819935710768e-05,-2.9181692323596e-05)
(-382995.467080378,-275558.93635393,-374530.361331961)
(-258836.046051107,-164372.773660013,-358497.741941296)
(-119864.272012492,-68715.9448821855,-326038.366629044)
(0,0,0)
(0,0,0)
(0,0,0)
(0,0,0)
(0,0,0)
(0,0,0)
(-196819.510112911,-140469.125220394,4100.71746351838)
(-196766.955088428,-141441.656218952,10514.59286303)
(-196819.549520572,-143975.471560268,23249.6159199769)
(-197847.353773161,-149851.872643505,51184.2863252653)
(-204076.388467364,-164818.333176494,118171.587209655)
(-237197.761983438,-211817.436802919,314857.290231697)
(-428560.807897315,-419658.736143831,-275669.644062028)
(-288213.811956482,-275077.669360366,-263417.932612877)
(-189386.345060381,-172915.071291993,-262851.117653698)
(-93019.9215613965,-81191.0649590447,-257211.62313207)
(0,0,0)
(0,0,0)
(0,0,0)
(0,0,0)
(0,0,0)
(0,0,0)
(-149091.410777986,-184318.394514352,3128.64047110225)
(-149212.369923635,-185794.11269703,7983.72916071348)
(-149797.525333307,-189630.577682574,17323.1632559185)
(-152157.821499014,-198229.770174873,36120.4816075697)
(-160798.883312167,-217638.885658303,71015.4909126152)
(-189010.153821234,-261489.450182095,106828.285308715)
(-257440.211363444,-343646.175298141,-131120.10040651)
(-189509.756983972,-261235.814596841,-161291.04925726)
(-126314.657909226,-173428.255149807,-171133.221392587)
(-64030.5891557977,-86374.4016669891,-175950.324842572)
(0,0,0)
(0,0,0)
(0,0,0)
(0,0,0)
(0,0,0)
(0,0,0)
(-81515.7929582717,-213127.334125005,1655.90136945996)
(-81646.4110161576,-214854.571516052,4183.98137762306)
(-82088.2044852734,-219158.544407324,8755.7134317378)
(-83572.9201483904,-227975.049987609,16711.5978547222)
(-87956.6273449249,-244737.046737969,27112.0845468939)
(-98642.0835160776,-271878.581071373,24521.7535134338)
(-113959.286014521,-296313.248928103,-48792.1501132928)
(-91846.4483172447,-247434.881760864,-73566.5606228346)
(-63795.9872651699,-173749.608143332,-84120.7918746821)
(-33107.6386093899,-89574.5693050717,-89571.8261411922)
(0,0,0)
(0,0,0)
(0,0,0)
(0,0,0)
(0,0,0)
(0,0,0)
(0,0,0)
(0,0,0)
(0,0,0)
(0,0,0)
(0,0,0)
(0,0,0)
(0,0,0)
(0,0,0)
(0,0,0)
(0,0,0)
(0,0,0)
(0,0,0)
(0,0,0)
(0,0,0)
(0,0,0)
(0,0,0)
(0,0,0)
(0,0,0)
(0,0,0)
(0,0,0)
(0,0,0)
(0,0,0)
(0,0,0)
(0,0,0)
(0,0,0)
(0,0,0)
(0,0,0)
(0,0,0)
(0,0,0)
(0,0,0)
(0,0,0)
(0,0,0)
(0,0,0)
(0,0,0)
(0,0,0)
(0,0,0)
(0,0,0)
(0,0,0)
(0,0,0)
(0,0,0)
(0,0,0)
(0,0,0)
(0,0,0)
(0,0,0)
(0,0,0)
(0,0,0)
(0,0,0)
(0,0,0)
(0,0,0)
(0,0,0)
(0,0,0)
(0,0,0)
(0,0,0)
(0,0,0)
(0,0,0)
(0,0,0)
(0,0,0)
(0,0,0)
(0,0,0)
(0,0,0)
(0,0,0)
(0,0,0)
(0,0,0)
(0,0,0)
(0,0,0)
(0,0,0)
(0,0,0)
(0,0,0)
(0,0,0)
(0,0,0)
(0,0,0)
(0,0,0)
(0,0,0)
(0,0,0)
(0,0,0)
(0,0,0)
(0,0,0)
(0,0,0)
(0,0,0)
(0,0,0)
(0,0,0)
(0,0,0)
(0,0,0)
(0,0,0)
(0,0,0)
(0,0,0)
(0,0,0)
(0,0,0)
(0,0,0)
(0,0,0)
(0,0,0)
(0,0,0)
(0,0,0)
(0,0,0)
(0,0,0)
(0,0,0)
(-248201.887391984,-358.084411996187,380.674172790682)
(-248329.792091537,109.729270864075,118.486492880831)
(-248284.68263626,1322.10741848972,-1635.77051014245)
(-247187.19334228,3916.92135523263,-6412.15752274382)
(-243752.010456309,8872.90795131691,-16802.1473851003)
(-235504.605451804,16739.3450883589,-36383.914840462)
(-218028.868382092,24554.4825183155,-66727.4317561224)
(-185529.148289423,22201.0586176455,-99140.2287031275)
(-136527.007892442,15292.7700257622,-126707.923822031)
(-72783.2770986436,7497.2577571368,-142926.608018089)
(0,0,0)
(0,0,0)
(0,0,0)
(0,0,0)
(0,0,0)
(0,0,0)
(-248266.495612216,-1781.15595303971,809.097300639229)
(-248548.99120427,-913.299093782181,1286.86473575079)
(-248916.953511044,1466.30238832943,927.191640599792)
(-248836.903901948,6942.96887983928,-1490.68497108973)
(-247538.775483181,18487.9283908437,-9013.3510940943)
(-243040.305236649,39765.7987597827,-28613.1604347671)
(-229852.610771668,66472.6972537582,-69072.5110740552)
(-196152.178948259,54516.6481346884,-106016.230542113)
(-143755.737327457,34770.0958806691,-134414.521312583)
(-76274.4708852395,16228.7520625738,-150319.286678478)
(0,0,0)
(0,0,0)
(0,0,0)
(0,0,0)
(0,0,0)
(0,0,0)
(-247784.176166831,-5524.38608143035,1676.01535247716)
(-248384.192185553,-4405.09658294804,3643.91065034421)
(-249635.963207942,-1189.58596143793,6336.6939444487)
(-251781.947926682,6822.47015876146,9959.68583581193)
(-255666.877925633,26196.5969312752,12165.0117353277)
(-262115.061477166,71652.5751873746,-1969.50770669184)
(-265310.38325449,159227.361714913,-81040.8827245888)
(-224160.12342895,103268.940468378,-125747.633976899)
(-161180.705710713,57486.6861344996,-152869.803253933)
(-84275.6887614607,24776.3386973145,-166429.196211216)
(0,0,0)
(0,0,0)
(0,0,0)
(0,0,0)
(0,0,0)
(0,0,0)
(-245636.01019482,-12953.9786838766,2829.71817470772)
(-246633.3867357,-11890.8871412169,6895.53098153115)
(-249096.088336267,-8796.85720668983,14346.4400984427)
(-254541.820030275,-738.67554917807,29292.6552408944)
(-267543.141759352,21072.5644468705,57553.9380024154)
(-299725.995009195,90161.7854006187,85520.0945041455)
(-364814.740243088,373435.988845305,-137050.80538825)
(-282766.037908744,141254.076006699,-171517.824943341)
(-192310.926179699,64762.6411833104,-185502.236357168)
(-97275.6237544467,25234.3470350981,-191037.108298518)
(0,0,0)
(0,0,0)
(0,0,0)
(0,0,0)
(0,0,0)
(0,0,0)
(-239944.68497379,-25305.0671600168,3936.59115577822)
(-241340.005718143,-24656.5624609681,10067.027981353)
(-244999.405571517,-22832.2310987205,22451.3228424917)
(-253759.158900737,-18494.7539263202,51135.9137531079)
(-277127.911745519,-9267.56240308396,126645.58227399)
(-351669.14631516,6565.31960605796,368718.055117124)
(-648770.120948212,413.026752237151,-369318.761548772)
(-371706.883123011,22285.7142386649,-248057.383226385)
(-230250.758980561,14873.2370359329,-224995.376979683)
(-111440.935183784,6125.08083544321,-216141.24689215)
(0,0,0)
(0,0,0)
(0,0,0)
(0,0,0)
(0,0,0)
(0,0,0)
(-228226.306941054,-43315.6318748375,4633.34517789164)
(-229899.168515903,-43257.126940691,11971.2630415876)
(-234360.954289517,-43101.913233079,26819.7763083461)
(-245014.281036342,-42918.1944438328,60408.8848738914)
(-272449.645635578,-43012.5385794758,142531.363065756)
(-353764.604569935,-41429.2536916358,362507.692441925)
(-635830.448927221,211.779491227601,-347561.890829701)
(-382123.249078553,-35199.9191357269,-255530.290463443)
(-238499.505103948,-29999.1836611098,-233700.340846672)
(-114988.697225976,-15904.9019165209,-222183.112072309)
(0,0,0)
(0,0,0)
(0,0,0)
(0,0,0)
(0,0,0)
(0,0,0)
(-207503.62389288,-66604.1856286002,4724.50384775569)
(-209270.159280257,-67207.332826215,12172.7523198848)
(-213969.859428144,-68939.8952042272,27056.7436243983)
(-225148.744253534,-73764.0196206017,60346.63892765)
(-253525.778821828,-89118.4837361073,144130.213220428)
(-338447.852801128,-148127.385318585,404064.051549959)
(-661503.467472485,-428604.951216761,-383096.507820147)
(-370092.404903008,-180788.452822605,-250411.036310649)
(-224726.158533474,-94939.8151903214,-219580.292299068)
(-107260.943262092,-41884.2897753741,-206204.233190616)
(0,0,0)
(0,0,0)
(0,0,0)
(0,0,0)
(0,0,0)
(0,0,0)
(-174806.111193795,-92757.0802702521,4139.49572253585)
(-176413.250368002,-93878.0959524347,10456.5541283295)
(-180618.963564553,-96922.5098840891,22238.5828521734)
(-190201.515768897,-104124.949519503,44953.6747468096)
(-211812.756649682,-121464.58214878,85036.1413417987)
(-260178.693713826,-163569.910722607,123459.59847621)
(-349751.951983918,-248573.588556424,-135380.620097523)
(-263325.219035163,-176416.939934434,-164640.725907018)
(-172533.240263961,-109896.232337975,-166537.413555788)
(-84966.9498745292,-52236.7306446953,-164237.944373325)
(0,0,0)
(0,0,0)
(0,0,0)
(0,0,0)
(0,0,0)
(0,0,0)
(-128127.906939646,-116714.965228439,2994.38111984868)
(-129346.620084693,-118156.706244286,7407.24157275877)
(-132475.555401304,-121844.514912104,15007.2766687695)
(-139231.833425091,-129575.997899099,27532.3369744415)
(-152821.525359957,-144735.495226925,42825.8921003753)
(-177040.608458927,-171078.76951496,38365.2055304198)
(-204240.581050048,-200166.217498913,-63241.7958404891)
(-167392.522816871,-163606.911880243,-98169.0580617791)
(-114534.33048989,-110941.183351587,-108904.434467498)
(-57771.0014464821,-55459.134830928,-111941.617990582)
(0,0,0)
(0,0,0)
(0,0,0)
(0,0,0)
(0,0,0)
(0,0,0)
(-68233.5467337005,-131536.560757798,1539.34930478871)
(-68898.878272475,-133110.212604039,3745.32292085816)
(-70535.8864227851,-136942.21792383,7290.70787009654)
(-73903.9862824428,-144313.318326276,12359.094431325)
(-80044.9100568914,-156744.10036631,16455.9822826744)
(-89219.9179456373,-173245.264400935,9200.31159820696)
(-95821.818809301,-182378.302085439,-26725.0710204869)
(-81060.2682252925,-155558.613220995,-45559.5497716866)
(-56905.4729399209,-109937.680600689,-53453.5668478344)
(-29144.1225607305,-56437.9306203124,-56438.2871071089)
(0,0,0)
(0,0,0)
(0,0,0)
(0,0,0)
(0,0,0)
(0,0,0)
(0,0,0)
(0,0,0)
(0,0,0)
(0,0,0)
(0,0,0)
(0,0,0)
(0,0,0)
(0,0,0)
(0,0,0)
(0,0,0)
(0,0,0)
(0,0,0)
(0,0,0)
(0,0,0)
(0,0,0)
(0,0,0)
(0,0,0)
(0,0,0)
(0,0,0)
(0,0,0)
(0,0,0)
(0,0,0)
(0,0,0)
(0,0,0)
(0,0,0)
(0,0,0)
(0,0,0)
(0,0,0)
(0,0,0)
(0,0,0)
(0,0,0)
(0,0,0)
(0,0,0)
(0,0,0)
(0,0,0)
(0,0,0)
(0,0,0)
(0,0,0)
(0,0,0)
(0,0,0)
(0,0,0)
(0,0,0)
(0,0,0)
(0,0,0)
(0,0,0)
(0,0,0)
(0,0,0)
(0,0,0)
(0,0,0)
(0,0,0)
(0,0,0)
(0,0,0)
(0,0,0)
(0,0,0)
(0,0,0)
(0,0,0)
(0,0,0)
(0,0,0)
(0,0,0)
(0,0,0)
(0,0,0)
(0,0,0)
(0,0,0)
(0,0,0)
(0,0,0)
(0,0,0)
(0,0,0)
(0,0,0)
(0,0,0)
(0,0,0)
(0,0,0)
(0,0,0)
(0,0,0)
(0,0,0)
(0,0,0)
(0,0,0)
(0,0,0)
(0,0,0)
(0,0,0)
(0,0,0)
(0,0,0)
(0,0,0)
(0,0,0)
(0,0,0)
(0,0,0)
(0,0,0)
(0,0,0)
(0,0,0)
(0,0,0)
(0,0,0)
(0,0,0)
(0,0,0)
(0,0,0)
(0,0,0)
(0,0,0)
(0,0,0)
(-248082.740435007,-339.376380845075,220.229423867421)
(-248174.152054518,-31.0344948968828,95.6238817468439)
(-248127.830192501,734.598567526707,-795.82712953842)
(-247038.211667675,2317.04959166711,-3261.85839581134)
(-243431.913673869,5139.19583785578,-8721.15101610438)
(-234488.246847911,9222.61431359904,-18960.1239335957)
(-215496.209070534,12716.6990370119,-34209.4822821684)
(-181359.46443691,11551.2791667685,-49930.4453014485)
(-131761.178291867,8002.6249029881,-62698.8998050108)
(-69485.2975641877,3940.86994257498,-69937.7492820439)
(0,0,0)
(0,0,0)
(0,0,0)
(0,0,0)
(0,0,0)
(0,0,0)
(-247867.944523628,-1242.0324054216,504.104935987828)
(-248251.90176362,-666.219841244393,842.200841684117)
(-248941.917386426,827.430776656038,774.332507937824)
(-249414.157828075,4108.59205666438,-439.956030934705)
(-248653.290916242,10474.1171204626,-4660.36188047943)
(-243777.318762552,20763.915387261,-15464.6494282377)
(-228267.854997777,31026.8159648178,-35359.5221299349)
(-192990.013270531,26497.1943837122,-53467.6030246033)
(-139801.42114137,17300.9319411719,-66720.2262488692)
(-73429.1711650338,8200.5204923756,-73825.1765188722)
(0,0,0)
(0,0,0)
(0,0,0)
(0,0,0)
(0,0,0)
(0,0,0)
(-246750.158324061,-3343.46186099333,1067.411612803)
(-247689.097573906,-2616.13886658062,2322.23602649331)
(-249869.12527068,-619.917324801975,4002.74619068918)
(-253650.363342275,4112.70385315334,5867.04980979454)
(-259296.67806864,14402.7153899115,5568.25168335541)
(-264703.482196226,34152.3770472981,-5231.78925762185)
(-259410.657921768,59786.4679626293,-39891.1665881539)
(-219588.981112597,44710.7794640875,-62675.8939848807)
(-157129.715222464,26357.1595138798,-75783.1120458419)
(-81646.1440967291,11743.2121862179,-81955.348404414)
(0,0,0)
(0,0,0)
(0,0,0)
(0,0,0)
(0,0,0)
(0,0,0)
(-243446.539444985,-7348.37536887932,1815.44275805137)
(-245140.51669858,-6651.62584551773,4358.0596998659)
(-249367.667503326,-4720.47887816598,8730.20042029042)
(-257905.749630436,87.6109127054049,16119.2229608988)
(-273845.485304428,11576.5874522002,25247.694443688)
(-299020.23109519,38362.4408059474,20331.866771033)
(-319328.454232206,89619.8481573874,-54987.7994346101)
(-264429.473741286,52421.4530726412,-81035.037210622)
(-183528.095737422,26898.834156045,-90359.5422950662)
(-93376.7566953941,11092.6461964762,-93607.8433643753)
(0,0,0)
(0,0,0)
(0,0,0)
(0,0,0)
(0,0,0)
(0,0,0)
(-236042.69620856,-13768.5189856535,2518.15485154448)
(-238463.429860198,-13348.2248399695,6338.17798805049)
(-244684.922550904,-12241.4499187984,13544.6660080696)
(-258055.030909866,-9688.72739217233,27616.8763220753)
(-285499.05854416,-4456.90706811652,52021.517641032)
(-337474.384014465,4656.09099802631,71533.1051482561)
(-409004.285200879,13577.4799573962,-92190.3623990917)
(-316921.127006995,12008.4145010831,-106563.079943543)
(-210483.707087002,6719.6301540933,-106150.927835155)
(-104487.719180374,2629.65068423224,-104641.14832632)
(0,0,0)
(0,0,0)
(0,0,0)
(0,0,0)
(0,0,0)
(0,0,0)
(-222155.454848155,-22780.6402245982,2941.26914604245)
(-225023.430832034,-22761.6385809553,7478.94520315839)
(-232432.259987174,-22787.3540471832,16096.1550291987)
(-248428.636229971,-23050.7400870109,32872.5229176645)
(-281192.355517452,-24003.6226598105,61161.9483912344)
(-342326.168926773,-26009.4937576742,80389.0975037685)
(-422710.029664492,-25344.9311289368,-93808.910672615)
(-328974.436394438,-23092.4088935386,-111856.899962106)
(-217246.207061722,-16193.7582510253,-110196.809599217)
(-107153.851430833,-8177.55267469159,-107224.45203544)
(0,0,0)
(0,0,0)
(0,0,0)
(0,0,0)
(0,0,0)
(0,0,0)
(-199244.619446596,-33980.415726348,2940.77105546546)
(-202156.792878863,-34392.7772718876,7458.54334500425)
(-209570.043446784,-35611.1668866885,15882.540203147)
(-225423.90629191,-38841.4508406303,31948.4129951448)
(-257363.823339699,-47380.6359954993,59163.470848704)
(-316498.948452153,-69779.0430800148,80984.1158220656)
(-397458.801787251,-116773.509100097,-91631.9718919896)
(-305885.724301365,-73956.7303805653,-104974.331006611)
(-201019.633057254,-42755.9898898827,-102118.624843971)
(-98945.475515781,-19639.1117890726,-98972.5334759011)
(0,0,0)
(0,0,0)
(0,0,0)
(0,0,0)
(0,0,0)
(0,0,0)
(-165242.985522541,-46056.0692808229,2512.52788322208)
(-167764.022371637,-46764.1829838802,6234.70559884937)
(-173993.145960647,-48680.1856112295,12677.9067194848)
(-186701.230146859,-53033.1897012157,23369.3599580338)
(-210158.649177552,-62348.6145216965,36683.2310121028)
(-246887.14951782,-80296.0577389122,33908.7014749924)
(-280796.004651783,-102946.110995309,-48874.6439619267)
(-231969.159282838,-80395.9586034864,-73791.4754913236)
(-158213.268366646,-51891.5889744065,-78975.8483041182)
(-79219.9839925555,-25087.185930238,-79274.740044926)
(0,0,0)
(0,0,0)
(0,0,0)
(0,0,0)
(0,0,0)
(0,0,0)
(-119242.953739103,-56714.9671747807,1773.94469341399)
(-121067.912058639,-57573.8527194084,4304.90640288787)
(-125440.88623853,-59731.1839773038,8321.23560618853)
(-133867.708815945,-64077.4836547,14001.4049505271)
(-147999.861423255,-71817.8524738397,18648.9789659677)
(-166736.093717092,-83135.8653522429,11184.2718374612)
(-177952.800729566,-91674.686700378,-26374.9327779544)
(-151601.455473972,-77238.0241886198,-45323.9345357217)
(-106267.027930108,-53305.483511587,-52177.3425583259)
(-54057.6708681913,-26834.6722216888,-54143.1868451665)
(0,0,0)
(0,0,0)
(0,0,0)
(0,0,0)
(0,0,0)
(0,0,0)
(-62760.345443646,-63088.7572210542,900.588756218288)
(-63723.2591281854,-63999.1929131397,2150.30980566024)
(-65944.4076277074,-66169.2233652878,3996.8703985663)
(-70021.6614865529,-70231.9191328529,6268.98108082955)
(-76357.9087201448,-76557.959012047,7322.08628229027)
(-83736.180819404,-83912.3694857543,2614.85328956998)
(-86378.4915366248,-86512.4248566254,-11990.7358268587)
(-74390.861852611,-74454.7936666402,-21443.3727215208)
(-52939.3451817395,-52986.9149583561,-25728.0690329323)
(-27200.4133528354,-27244.6516998641,-27261.7987626524)
(0,0,0)
(0,0,0)
(0,0,0)
(0,0,0)
(0,0,0)
(0,0,0)
(0,0,0)
(0,0,0)
(0,0,0)
(0,0,0)
(0,0,0)
(0,0,0)
(0,0,0)
(0,0,0)
(0,0,0)
(0,0,0)
(0,0,0)
(0,0,0)
(0,0,0)
(0,0,0)
(0,0,0)
(0,0,0)
(0,0,0)
(0,0,0)
(0,0,0)
(0,0,0)
(0,0,0)
(0,0,0)
(0,0,0)
(0,0,0)
(0,0,0)
(0,0,0)
(0,0,0)
(0,0,0)
(0,0,0)
(0,0,0)
(0,0,0)
(0,0,0)
(0,0,0)
(0,0,0)
(0,0,0)
(0,0,0)
(0,0,0)
(0,0,0)
(0,0,0)
(0,0,0)
(0,0,0)
(0,0,0)
(0,0,0)
(0,0,0)
(0,0,0)
(0,0,0)
(0,0,0)
(0,0,0)
(0,0,0)
(0,0,0)
(0,0,0)
(0,0,0)
(0,0,0)
(0,0,0)
(0,0,0)
(0,0,0)
(0,0,0)
(0,0,0)
(0,0,0)
(0,0,0)
(0,0,0)
(0,0,0)
(0,0,0)
(0,0,0)
(0,0,0)
(0,0,0)
(0,0,0)
(0,0,0)
(0,0,0)
(0,0,0)
(0,0,0)
(0,0,0)
(0,0,0)
(0,0,0)
(0,0,0)
(0,0,0)
(0,0,0)
(0,0,0)
(0,0,0)
(0,0,0)
(0,0,0)
(0,0,0)
(0,0,0)
(0,0,0)
(0,0,0)
(0,0,0)
(0,0,0)
(0,0,0)
(0,0,0)
(0,0,0)
(0,0,0)
(0,0,0)
(0,0,0)
(0,0,0)
(0,0,0)
(0,0,0)
(0,0,0)
(0,0,0)
(0,0,0)
(0,0,0)
(0,0,0)
(0,0,0)
(0,0,0)
(0,0,0)
(0,0,0)
(0,0,0)
(0,0,0)
(0,0,0)
(0,0,0)
(0,0,0)
(0,0,0)
(0,0,0)
(0,0,0)
(0,0,0)
(0,0,0)
(0,0,0)
(0,0,0)
(0,0,0)
(0,0,0)
(0,0,0)
(0,0,0)
(0,0,0)
(0,0,0)
(0,0,0)
(0,0,0)
(0,0,0)
(0,0,0)
(0,0,0)
(0,0,0)
(0,0,0)
(0,0,0)
(0,0,0)
(0,0,0)
(0,0,0)
(0,0,0)
(0,0,0)
(0,0,0)
(0,0,0)
(0,0,0)
(0,0,0)
(0,0,0)
(0,0,0)
(0,0,0)
(0,0,0)
(0,0,0)
(0,0,0)
(0,0,0)
(0,0,0)
(0,0,0)
(0,0,0)
(0,0,0)
(0,0,0)
(0,0,0)
(0,0,0)
(0,0,0)
(0,0,0)
(0,0,0)
(0,0,0)
(0,0,0)
(0,0,0)
(0,0,0)
(0,0,0)
(0,0,0)
(0,0,0)
(0,0,0)
(0,0,0)
(0,0,0)
(0,0,0)
(0,0,0)
(0,0,0)
(0,0,0)
(0,0,0)
(0,0,0)
(0,0,0)
(0,0,0)
(0,0,0)
(0,0,0)
(0,0,0)
(0,0,0)
(0,0,0)
(0,0,0)
(0,0,0)
(0,0,0)
(0,0,0)
(0,0,0)
(0,0,0)
(0,0,0)
(0,0,0)
(0,0,0)
(0,0,0)
(0,0,0)
(0,0,0)
(0,0,0)
(0,0,0)
(0,0,0)
(0,0,0)
(0,0,0)
(0,0,0)
(0,0,0)
(0,0,0)
(0,0,0)
(0,0,0)
(0,0,0)
(0,0,0)
(0,0,0)
(0,0,0)
(0,0,0)
(0,0,0)
(0,0,0)
(0,0,0)
(0,0,0)
(0,0,0)
(0,0,0)
(0,0,0)
(0,0,0)
(0,0,0)
(0,0,0)
(0,0,0)
(0,0,0)
(0,0,0)
(0,0,0)
(0,0,0)
(0,0,0)
(0,0,0)
(0,0,0)
(0,0,0)
(0,0,0)
(0,0,0)
(0,0,0)
(0,0,0)
(0,0,0)
(0,0,0)
(0,0,0)
(0,0,0)
(0,0,0)
(0,0,0)
(0,0,0)
(0,0,0)
(0,0,0)
(0,0,0)
(0,0,0)
(0,0,0)
(0,0,0)
(0,0,0)
(0,0,0)
(0,0,0)
(0,0,0)
(0,0,0)
(0,0,0)
(0,0,0)
(0,0,0)
(0,0,0)
(0,0,0)
(0,0,0)
(0,0,0)
(0,0,0)
(0,0,0)
(0,0,0)
(0,0,0)
(0,0,0)
(0,0,0)
(0,0,0)
(0,0,0)
(0,0,0)
(0,0,0)
(0,0,0)
(0,0,0)
(0,0,0)
(0,0,0)
(0,0,0)
(0,0,0)
(0,0,0)
(0,0,0)
(0,0,0)
(0,0,0)
(0,0,0)
(0,0,0)
(0,0,0)
(0,0,0)
(0,0,0)
(0,0,0)
(0,0,0)
(0,0,0)
(0,0,0)
(0,0,0)
(0,0,0)
(0,0,0)
(0,0,0)
(0,0,0)
(0,0,0)
(0,0,0)
(0,0,0)
(0,0,0)
(0,0,0)
(0,0,0)
(0,0,0)
(0,0,0)
(0,0,0)
(0,0,0)
(0,0,0)
(0,0,0)
(0,0,0)
(0,0,0)
(0,0,0)
(0,0,0)
(0,0,0)
(0,0,0)
(0,0,0)
(0,0,0)
(0,0,0)
(0,0,0)
(0,0,0)
(0,0,0)
(0,0,0)
(0,0,0)
(0,0,0)
(0,0,0)
(0,0,0)
(0,0,0)
(0,0,0)
(0,0,0)
(0,0,0)
(0,0,0)
(0,0,0)
(0,0,0)
(0,0,0)
(0,0,0)
(0,0,0)
(0,0,0)
(0,0,0)
(0,0,0)
(0,0,0)
(0,0,0)
(0,0,0)
(0,0,0)
(0,0,0)
(0,0,0)
(0,0,0)
(0,0,0)
(0,0,0)
(0,0,0)
(0,0,0)
(0,0,0)
(0,0,0)
(0,0,0)
(0,0,0)
(0,0,0)
(0,0,0)
(0,0,0)
(0,0,0)
(0,0,0)
(0,0,0)
(0,0,0)
(0,0,0)
(0,0,0)
(0,0,0)
(0,0,0)
(0,0,0)
(0,0,0)
(0,0,0)
(0,0,0)
(0,0,0)
(0,0,0)
(0,0,0)
(0,0,0)
(0,0,0)
(0,0,0)
(0,0,0)
(0,0,0)
(0,0,0)
(0,0,0)
(0,0,0)
(0,0,0)
(0,0,0)
(0,0,0)
(0,0,0)
(0,0,0)
(0,0,0)
(0,0,0)
(0,0,0)
(0,0,0)
(0,0,0)
(0,0,0)
(0,0,0)
(0,0,0)
(0,0,0)
(0,0,0)
(0,0,0)
(0,0,0)
(0,0,0)
(0,0,0)
(0,0,0)
(0,0,0)
(0,0,0)
(0,0,0)
(0,0,0)
(0,0,0)
(0,0,0)
(0,0,0)
(0,0,0)
(0,0,0)
(0,0,0)
(0,0,0)
(0,0,0)
(0,0,0)
(0,0,0)
(0,0,0)
(0,0,0)
(0,0,0)
(0,0,0)
(0,0,0)
(0,0,0)
(0,0,0)
(0,0,0)
(0,0,0)
(0,0,0)
(0,0,0)
(0,0,0)
(0,0,0)
(0,0,0)
(0,0,0)
(0,0,0)
(0,0,0)
(0,0,0)
(0,0,0)
(0,0,0)
(0,0,0)
(0,0,0)
(0,0,0)
(0,0,0)
(0,0,0)
(0,0,0)
(0,0,0)
(0,0,0)
(0,0,0)
(0,0,0)
(0,0,0)
(0,0,0)
(0,0,0)
(0,0,0)
(0,0,0)
(0,0,0)
(0,0,0)
(0,0,0)
(0,0,0)
(0,0,0)
(0,0,0)
(0,0,0)
(0,0,0)
(0,0,0)
(0,0,0)
(0,0,0)
(0,0,0)
(0,0,0)
(0,0,0)
(0,0,0)
(0,0,0)
(0,0,0)
(0,0,0)
(0,0,0)
(0,0,0)
(0,0,0)
(0,0,0)
(0,0,0)
(0,0,0)
(0,0,0)
(0,0,0)
(0,0,0)
(0,0,0)
(0,0,0)
(0,0,0)
(0,0,0)
(0,0,0)
(0,0,0)
(0,0,0)
(0,0,0)
(0,0,0)
(0,0,0)
(0,0,0)
(0,0,0)
(0,0,0)
(0,0,0)
(0,0,0)
(0,0,0)
(0,0,0)
(0,0,0)
(0,0,0)
(0,0,0)
(0,0,0)
(0,0,0)
(0,0,0)
(0,0,0)
(0,0,0)
(0,0,0)
(0,0,0)
(0,0,0)
(0,0,0)
(0,0,0)
(0,0,0)
(0,0,0)
(0,0,0)
(0,0,0)
(0,0,0)
(0,0,0)
(0,0,0)
(0,0,0)
(0,0,0)
(0,0,0)
(0,0,0)
(0,0,0)
(0,0,0)
(0,0,0)
(0,0,0)
(0,0,0)
(0,0,0)
(0,0,0)
(0,0,0)
(0,0,0)
(0,0,0)
(0,0,0)
(0,0,0)
(0,0,0)
(0,0,0)
(0,0,0)
(0,0,0)
(0,0,0)
(0,0,0)
(0,0,0)
(0,0,0)
(0,0,0)
(0,0,0)
(0,0,0)
(0,0,0)
(0,0,0)
(0,0,0)
(0,0,0)
(0,0,0)
(0,0,0)
(0,0,0)
(0,0,0)
(0,0,0)
(0,0,0)
(0,0,0)
(0,0,0)
(0,0,0)
(0,0,0)
(0,0,0)
(0,0,0)
(0,0,0)
(0,0,0)
(0,0,0)
(0,0,0)
(0,0,0)
(0,0,0)
(0,0,0)
(0,0,0)
(0,0,0)
(0,0,0)
(0,0,0)
(0,0,0)
(0,0,0)
(0,0,0)
(0,0,0)
(0,0,0)
(0,0,0)
(0,0,0)
(0,0,0)
(0,0,0)
(0,0,0)
(0,0,0)
(0,0,0)
(0,0,0)
(0,0,0)
(0,0,0)
(0,0,0)
(0,0,0)
(0,0,0)
(0,0,0)
(0,0,0)
(0,0,0)
(0,0,0)
(0,0,0)
(0,0,0)
(0,0,0)
(0,0,0)
(0,0,0)
(0,0,0)
(0,0,0)
(0,0,0)
(0,0,0)
(0,0,0)
(0,0,0)
(0,0,0)
(0,0,0)
(0,0,0)
(0,0,0)
(0,0,0)
(0,0,0)
(0,0,0)
(0,0,0)
(0,0,0)
(0,0,0)
(0,0,0)
(0,0,0)
(0,0,0)
(0,0,0)
(0,0,0)
(0,0,0)
(0,0,0)
(0,0,0)
(0,0,0)
(0,0,0)
(0,0,0)
(0,0,0)
(0,0,0)
(0,0,0)
(0,0,0)
(0,0,0)
(0,0,0)
(0,0,0)
(0,0,0)
(0,0,0)
(0,0,0)
(0,0,0)
(0,0,0)
(0,0,0)
(0,0,0)
(0,0,0)
(0,0,0)
(0,0,0)
(0,0,0)
(0,0,0)
(0,0,0)
(0,0,0)
(0,0,0)
(0,0,0)
(0,0,0)
(0,0,0)
(0,0,0)
(0,0,0)
(0,0,0)
(0,0,0)
(0,0,0)
(0,0,0)
(0,0,0)
(0,0,0)
(0,0,0)
(0,0,0)
(0,0,0)
(0,0,0)
(0,0,0)
(0,0,0)
(0,0,0)
(0,0,0)
(0,0,0)
(0,0,0)
(0,0,0)
(0,0,0)
(0,0,0)
(0,0,0)
(0,0,0)
(0,0,0)
(0,0,0)
(0,0,0)
(0,0,0)
(0,0,0)
(0,0,0)
(0,0,0)
(0,0,0)
(0,0,0)
(0,0,0)
(0,0,0)
(0,0,0)
(0,0,0)
(0,0,0)
(0,0,0)
(0,0,0)
(0,0,0)
(0,0,0)
(0,0,0)
(0,0,0)
(0,0,0)
(0,0,0)
(0,0,0)
(0,0,0)
(0,0,0)
(0,0,0)
(0,0,0)
(0,0,0)
(0,0,0)
(0,0,0)
(0,0,0)
(0,0,0)
(0,0,0)
(0,0,0)
(0,0,0)
(0,0,0)
(0,0,0)
(0,0,0)
(0,0,0)
(0,0,0)
(0,0,0)
(0,0,0)
(0,0,0)
(0,0,0)
(0,0,0)
(0,0,0)
(0,0,0)
(0,0,0)
(0,0,0)
(0,0,0)
(0,0,0)
(0,0,0)
(0,0,0)
(0,0,0)
(0,0,0)
(0,0,0)
(0,0,0)
(0,0,0)
(0,0,0)
(0,0,0)
(0,0,0)
(0,0,0)
(0,0,0)
(0,0,0)
(0,0,0)
(0,0,0)
(0,0,0)
(0,0,0)
(0,0,0)
(0,0,0)
(0,0,0)
(0,0,0)
(0,0,0)
(0,0,0)
(0,0,0)
(0,0,0)
(0,0,0)
(0,0,0)
(0,0,0)
(0,0,0)
(0,0,0)
(0,0,0)
(0,0,0)
(0,0,0)
(0,0,0)
(0,0,0)
(0,0,0)
(0,0,0)
(0,0,0)
(0,0,0)
(0,0,0)
(0,0,0)
(0,0,0)
(0,0,0)
(0,0,0)
(0,0,0)
(0,0,0)
(0,0,0)
(0,0,0)
(0,0,0)
(0,0,0)
(0,0,0)
(0,0,0)
(0,0,0)
(0,0,0)
(0,0,0)
(0,0,0)
(0,0,0)
(0,0,0)
(0,0,0)
(0,0,0)
(0,0,0)
(0,0,0)
(0,0,0)
(0,0,0)
(0,0,0)
(0,0,0)
(0,0,0)
(0,0,0)
(0,0,0)
(0,0,0)
(0,0,0)
(0,0,0)
(0,0,0)
(0,0,0)
(0,0,0)
(0,0,0)
(0,0,0)
(0,0,0)
(0,0,0)
(0,0,0)
(0,0,0)
(0,0,0)
(0,0,0)
(0,0,0)
(0,0,0)
(0,0,0)
(0,0,0)
(0,0,0)
(0,0,0)
(0,0,0)
(0,0,0)
(0,0,0)
(0,0,0)
(0,0,0)
(0,0,0)
(0,0,0)
(0,0,0)
(0,0,0)
(0,0,0)
(0,0,0)
(0,0,0)
