(0,0,0)
(0,0,0)
(0,0,0)
(0,0,0)
(0,0,0)
(0,0,0)
(0,0,0)
(0,0,0)
(0,0,0)
(0,0,0)
(0,0,0)
(0,0,0)
(0,0,0)
(0,0,0)
(0,0,0)
(0,0,0)
(0,0,0)
(0,0,0)
(0,0,0)
(0,0,0)
(0,0,0)
(0,0,0)
(0,0,0)
(0,0,0)
(0,0,0)
(0,0,0)
(0,0,0)
(0,0,0)
(0,0,0)
(0,0,0)
(0,0,0)
(0,0,0)
(0,0,0)
(0,0,0)
(0,0,0)
(0,0,0)
(0,0,0)
(0,0,0)
(0,0,0)
(0,0,0)
(0,0,0)
(0,0,0)
(0,0,0)
(0,0,0)
(0,0,0)
(0,0,0)
(0,0,0)
(0,0,0)
(0,0,0)
(0,0,0)
(0,0,0)
(0,0,0)
(0,0,0)
(0,0,0)
(0,0,0)
(0,0,0)
(0,0,0)
(0,0,0)
(0,0,0)
(0,0,0)
(0,0,0)
(0,0,0)
(0,0,0)
(0,0,0)
(0,0,0)
(0,0,0)
(0,0,0)
(0,0,0)
(0,0,0)
(0,0,0)
(0,0,0)
(0,0,0)
(0,0,0)
(0,0,0)
(0,0,0)
(0,0,0)
(0,0,0)
(0,0,0)
(0,0,0)
(0,0,0)
(0,0,0)
(0,0,0)
(0,0,0)
(0,0,0)
(0,0,0)
(0,0,0)
(0,0,0)
(0,0,0)
(0,0,0)
(0,0,0)
(0,0,0)
(0,0,0)
(0,0,0)
(0,0,0)
(0,0,0)
(0,0,0)
(0,0,0)
(0,0,0)
(0,0,0)
(0,0,0)
(0,0,0)
(0,0,0)
(0,0,0)
(0,0,0)
(0,0,0)
(0,0,0)
(0,0,0)
(0,0,0)
(0,0,0)
(0,0,0)
(0,0,0)
(0,0,0)
(0,0,0)
(0,0,0)
(0,0,0)
(0,0,0)
(0,0,0)
(0,0,0)
(0,0,0)
(0,0,0)
(0,0,0)
(0,0,0)
(0,0,0)
(0,0,0)
(0,0,0)
(0,0,0)
(0,0,0)
(0,0,0)
(0,0,0)
(0,0,0)
(0,0,0)
(0,0,0)
(0,0,0)
(0,0,0)
(0,0,0)
(0,0,0)
(0,0,0)
(0,0,0)
(0,0,0)
(0,0,0)
(0,0,0)
(0,0,0)
(0,0,0)
(0,0,0)
(0,0,0)
(0,0,0)
(0,0,0)
(0,0,0)
(0,0,0)
(0,0,0)
(0,0,0)
(0,0,0)
(0,0,0)
(0,0,0)
(0,0,0)
(0,0,0)
(0,0,0)
(0,0,0)
(0,0,0)
(0,0,0)
(0,0,0)
(0,0,0)
(0,0,0)
(0,0,0)
(0,0,0)
(0,0,0)
(0,0,0)
(0,0,0)
(0,0,0)
(0,0,0)
(0,0,0)
(0,0,0)
(0,0,0)
(0,0,0)
(0,0,0)
(0,0,0)
(0,0,0)
(0,0,0)
(0,0,0)
(0,0,0)
(0,0,0)
(0,0,0)
(0,0,0)
(0,0,0)
(0,0,0)
(0,0,0)
(0,0,0)
(0,0,0)
(0,0,0)
(0,0,0)
(0,0,0)
(0,0,0)
(0,0,0)
(0,0,0)
(0,0,0)
(0,0,0)
(0,0,0)
(0,0,0)
(0,0,0)
(0,0,0)
(0,0,0)
(0,0,0)
(0,0,0)
(0,0,0)
(0,0,0)
(0,0,0)
(0,0,0)
(0,0,0)
(0,0,0)
(0,0,0)
(0,0,0)
(0,0,0)
(0,0,0)
(0,0,0)
(0,0,0)
(0,0,0)
(0,0,0)
(0,0,0)
(0,0,0)
(0,0,0)
(0,0,0)
(0,0,0)
(0,0,0)
(0,0,0)
(0,0,0)
(0,0,0)
(0,0,0)
(0,0,0)
(0,0,0)
(0,0,0)
(0,0,0)
(0,0,0)
(0,0,0)
(0,0,0)
(0,0,0)
(0,0,0)
(0,0,0)
(0,0,0)
(0,0,0)
(0,0,0)
(0,0,0)
(0,0,0)
(0,0,0)
(0,0,0)
(0,0,0)
(0,0,0)
(0,0,0)
(0,0,0)
(0,0,0)
(0,0,0)
(0,0,0)
(0,0,0)
(0,0,0)
(0,0,0)
(0,0,0)
(0,0,0)
(0,0,0)
(0,0,0)
(0,0,0)
(0,0,0)
(0,0,0)
(0,0,0)
(0,0,0)
(0,0,0)
(0,0,0)
(0,0,0)
(0,0,0)
(0,0,0)
(0,0,0)
(0,0,0)
(0,0,0)
(0,0,0)
(0,0,0)
(0,0,0)
(0,0,0)
(0,0,0)
(0,0,0)
(0,0,0)
(0,0,0)
(0,0,0)
(0,0,0)
(0,0,0)
(0,0,0)
(0,0,0)
(0,0,0)
(0,0,0)
(0,0,0)
(0,0,0)
(0,0,0)
(0,0,0)
(0,0,0)
(0,0,0)
(0,0,0)
(0,0,0)
(0,0,0)
(0,0,0)
(0,0,0)
(0,0,0)
(0,0,0)
(0,0,0)
(0,0,0)
(0,0,0)
(0,0,0)
(0,0,0)
(0,0,0)
(0,0,0)
(0,0,0)
(0,0,0)
(0,0,0)
(0,0,0)
(0,0,0)
(0,0,0)
(0,0,0)
(0,0,0)
(0,0,0)
(0,0,0)
(0,0,0)
(0,0,0)
(0,0,0)
(0,0,0)
(0,0,0)
(0,0,0)
(0,0,0)
(0,0,0)
(0,0,0)
(0,0,0)
(0,0,0)
(0,0,0)
(0,0,0)
(0,0,0)
(0,0,0)
(0,0,0)
(0,0,0)
(0,0,0)
(0,0,0)
(0,0,0)
(0,0,0)
(0,0,0)
(0,0,0)
(0,0,0)
(0,0,0)
(0,0,0)
(0,0,0)
(0,0,0)
(0,0,0)
(0,0,0)
(0,0,0)
(0,0,0)
(0,0,0)
(0,0,0)
(0,0,0)
(0,0,0)
(0,0,0)
(0,0,0)
(0,0,0)
(0,0,0)
(0,0,0)
(0,0,0)
(0,0,0)
(0,0,0)
(0,0,0)
(0,0,0)
(0,0,0)
(0,0,0)
(0,0,0)
(0,0,0)
(0,0,0)
(0,0,0)
(0,0,0)
(0,0,0)
(0,0,0)
(0,0,0)
(0,0,0)
(0,0,0)
(0,0,0)
(0,0,0)
(0,0,0)
(0,0,0)
(0,0,0)
(0,0,0)
(0,0,0)
(0,0,0)
(0,0,0)
(0,0,0)
(0,0,0)
(0,0,0)
(0,0,0)
(0,0,0)
(0,0,0)
(0,0,0)
(0,0,0)
(0,0,0)
(0,0,0)
(0,0,0)
(0,0,0)
(0,0,0)
(0,0,0)
(0,0,0)
(0,0,0)
(0,0,0)
(0,0,0)
(0,0,0)
(0,0,0)
(0,0,0)
(0,0,0)
(0,0,0)
(0,0,0)
(0,0,0)
(0,0,0)
(0,0,0)
(0,0,0)
(0,0,0)
(0,0,0)
(0,0,0)
(0,0,0)
(0,0,0)
(0,0,0)
(0,0,0)
(0,0,0)
(0,0,0)
(0,0,0)
(0,0,0)
(0,0,0)
(0,0,0)
(0,0,0)
(0,0,0)
(0,0,0)
(0,0,0)
(0,0,0)
(0,0,0)
(0,0,0)
(0,0,0)
(0,0,0)
(0,0,0)
(0,0,0)
(0,0,0)
(0,0,0)
(0,0,0)
(0,0,0)
(0,0,0)
(0,0,0)
(0,0,0)
(0,0,0)
(0,0,0)
(0,0,0)
(0,0,0)
(0,0,0)
(0,0,0)
(0,0,0)
(0,0,0)
(0,0,0)
(0,0,0)
(0,0,0)
(0,0,0)
(0,0,0)
(0,0,0)
(0,0,0)
(0,0,0)
(0,0,0)
(0,0,0)
(0,0,0)
(0,0,0)
(0,0,0)
(0,0,0)
(0,0,0)
(0,0,0)
(0,0,0)
(0,0,0)
(0,0,0)
(0,0,0)
(0,0,0)
(0,0,0)
(0,0,0)
(0,0,0)
(0,0,0)
(0,0,0)
(0,0,0)
(0,0,0)
(0,0,0)
(0,0,0)
(0,0,0)
(0,0,0)
(0,0,0)
(0,0,0)
(0,0,0)
(0,0,0)
(0,0,0)
(0,0,0)
(0,0,0)
(0,0,0)
(0,0,0)
(0,0,0)
(0,0,0)
(0,0,0)
(0,0,0)
(0,0,0)
(0,0,0)
(0,0,0)
(0,0,0)
(0,0,0)
(0,0,0)
(0,0,0)
(0,0,0)
(0,0,0)
(0,0,0)
(0,0,0)
(0,0,0)
(0,0,0)
(0,0,0)
(0,0,0)
(0,0,0)
(0,0,0)
(0,0,0)
(0,0,0)
(0,0,0)
(0,0,0)
(0,0,0)
(0,0,0)
(0,0,0)
(0,0,0)
(0,0,0)
(0,0,0)
(0,0,0)
(0,0,0)
(0,0,0)
(0,0,0)
(0,0,0)
(0,0,0)
(0,0,0)
(0,0,0)
(0,0,0)
(0,0,0)
(0,0,0)
(0,0,0)
(0,0,0)
(0,0,0)
(0,0,0)
(0,0,0)
(0,0,0)
(0,0,0)
(0,0,0)
(0,0,0)
(0,0,0)
(0,0,0)
(0,0,0)
(0,0,0)
(0,0,0)
(0,0,0)
(0,0,0)
(0,0,0)
(0,0,0)
(0,0,0)
(0,0,0)
(0,0,0)
(0,0,0)
(0,0,0)
(0,0,0)
(0,0,0)
(0,0,0)
(0,0,0)
(0,0,0)
(0,0,0)
(0,0,0)
(0,0,0)
(0,0,0)
(0,0,0)
(0,0,0)
(0,0,0)
(0,0,0)
(0,0,0)
(0,0,0)
(0,0,0)
(0,0,0)
(0,0,0)
(0,0,0)
(0,0,0)
(0,0,0)
(0,0,0)
(0,0,0)
(0,0,0)
(0,0,0)
(0,0,0)
(0,0,0)
(0,0,0)
(0,0,0)
(0,0,0)
(0,0,0)
(0,0,0)
(0,0,0)
(0,0,0)
(0,0,0)
(0,0,0)
(0,0,0)
(0,0,0)
(0,0,0)
(0,0,0)
(0,0,0)
(0,0,0)
(0,0,0)
(0,0,0)
(0,0,0)
(0,0,0)
(0,0,0)
(0,0,0)
(0,0,0)
(0,0,0)
(0,0,0)
(0,0,0)
(0,0,0)
(0,0,0)
(0,0,0)
(0,0,0)
(0,0,0)
(0,0,0)
(0,0,0)
(0,0,0)
(0,0,0)
(0,0,0)
(0,0,0)
(0,0,0)
(0,0,0)
(0,0,0)
(0,0,0)
(0,0,0)
(0,0,0)
(0,0,0)
(0,0,0)
(0,0,0)
(0,0,0)
(0,0,0)
(0,0,0)
(0,0,0)
(0,0,0)
(0,0,0)
(0,0,0)
(0,0,0)
(0,0,0)
(0,0,0)
(0,0,0)
(0,0,0)
(0,0,0)
(0,0,0)
(0,0,0)
(0,0,0)
(0,0,0)
(0,0,0)
(0,0,0)
(0,0,0)
(0,0,0)
(0,0,0)
(0,0,0)
(0,0,0)
(0,0,0)
(0,0,0)
(0,0,0)
(0,0,0)
(0,0,0)
(0,0,0)
(0,0,0)
(0,0,0)
(0,0,0)
(0,0,0)
(0,0,0)
(0,0,0)
(0,0,0)
(0,0,0)
(0,0,0)
(0,0,0)
(0,0,0)
(0,0,0)
(0,0,0)
(0,0,0)
(0,0,0)
(0,0,0)
(0,0,0)
(0,0,0)
(0,0,0)
(0,0,0)
(0,0,0)
(0,0,0)
(0,0,0)
(0,0,0)
(0,0,0)
(0,0,0)
(0,0,0)
(0,0,0)
(0,0,0)
(0,0,0)
(0,0,0)
(0,0,0)
(0,0,0)
(0,0,0)
(0,0,0)
(0,0,0)
(0,0,0)
(0,0,0)
(0,0,0)
(0,0,0)
(0,0,0)
(0,0,0)
(0,0,0)
(0,0,0)
(0,0,0)
(0,0,0)
(0,0,0)
(0,0,0)
(0,0,0)
(0,0,0)
(0,0,0)
(0,0,0)
(0,0,0)
(0,0,0)
(0,0,0)
(0,0,0)
(0,0,0)
(0,0,0)
(0,0,0)
(0,0,0)
(0,0,0)
(0,0,0)
(0,0,0)
(0,0,0)
(0,0,0)
(0,0,0)
(0,0,0)
(0,0,0)
(0,0,0)
(0,0,0)
(0,0,0)
(0,0,0)
(0,0,0)
(0,0,0)
(0,0,0)
(0,0,0)
(0,0,0)
(0,0,0)
(0,0,0)
(0,0,0)
(0,0,0)
(0,0,0)
(0,0,0)
(0,0,0)
(0,0,0)
(0,0,0)
(0,0,0)
(0,0,0)
(0,0,0)
(0,0,0)
(0,0,0)
(0,0,0)
(0,0,0)
(0,0,0)
(0,0,0)
(0,0,0)
(0,0,0)
(0,0,0)
(0,0,0)
(0,0,0)
(0,0,0)
(0,0,0)
(0,0,0)
(0,0,0)
(0,0,0)
(0,0,0)
(0,0,0)
(0,0,0)
(0,0,0)
(0,0,0)
(0,0,0)
(0,0,0)
(0,0,0)
(0,0,0)
(0,0,0)
(0,0,0)
(0,0,0)
(0,0,0)
(0,0,0)
(0,0,0)
(0,0,0)
(0,0,0)
(0,0,0)
(0,0,0)
(0,0,0)
(0,0,0)
(0,0,0)
(0,0,0)
(0,0,0)
(0,0,0)
(0,0,0)
(0,0,0)
(0,0,0)
(0,0,0)
(0,0,0)
(0,0,0)
(0,0,0)
(0,0,0)
(0,0,0)
(0,0,0)
(0,0,0)
(0,0,0)
(0,0,0)
(0,0,0)
(0,0,0)
(0,0,0)
(0,0,0)
(0,0,0)
(0,0,0)
(0,0,0)
(0,0,0)
(0,0,0)
(0,0,0)
(0,0,0)
(0,0,0)
(0,0,0)
(0,0,0)
(0,0,0)
(0,0,0)
(0,0,0)
(0,0,0)
(-216847.651521308,115205.86286408,101641.788657227)
(-229375.473535699,110472.775660406,220544.486532517)
(-258410.861609515,100592.671904128,378362.6762379)
(-313196.838915722,85104.6664022159,606454.848751419)
(-411865.674196079,64140.6756805426,954179.847266953)
(-588940.598519859,39997.0119631906,1503123.43382363)
(-909429.985288204,18012.8078925534,2394540.6112193)
(-1488511.46811816,4595.12150447455,3878456.95783299)
(-2454773.05308888,165.113225916953,6333064.89769592)
(-3420089.91887912,-297.7348970781,9753452.55147218)
(0,0,0)
(0,0,0)
(0,0,0)
(0,0,0)
(0,0,0)
(0,0,0)
(-229452.113851762,247779.581154451,96878.3955613908)
(-242094.619038552,238843.622462751,210602.167797599)
(-271551.451792104,220026.522342769,362719.76915106)
(-327591.082587317,190036.590716305,585378.927424288)
(-428995.093067132,148539.440490381,929975.25568158)
(-610305.36704251,99136.5415860408,1481141.09310123)
(-934321.026506825,52381.0622212476,2381093.86527935)
(-1511222.86351837,22865.1292567331,3874046.72104541)
(-2469910.02545674,11296.4577930656,6332825.40193508)
(-3427155.13262294,5768.28718361005,9753914.51247721)
(0,0,0)
(0,0,0)
(0,0,0)
(0,0,0)
(0,0,0)
(0,0,0)
(-258135.391135728,418018.199821047,87896.7724691306)
(-271007.318252104,406024.526441783,191723.186742207)
(-301363.746175953,380500.529716965,332612.92554397)
(-360153.898699375,339014.412877838,543789.002081813)
(-468022.009366186,279847.264009013,880503.187929354)
(-660562.587507863,205878.334289094,1434323.98273417)
(-995738.379336102,130986.886375871,2351456.53791566)
(-1567805.10065297,79643.0852573233,3862483.68256799)
(-2506353.44797379,52592.587788658,6327541.00054621)
(-3443660.07812979,28558.73279065,9748410.63306903)
(0,0,0)
(0,0,0)
(0,0,0)
(0,0,0)
(0,0,0)
(0,0,0)
(-311515.805775166,653693.019680825,75840.9859153882)
(-324603.137729419,640303.674154793,166164.975931798)
(-356122.776815732,611667.361508985,291120.920955503)
(-418966.526978378,564488.673949152,484613.186862555)
(-537525.647564473,495420.650225537,806565.44821052)
(-751638.251617074,404633.583746921,1359448.45036976)
(-1113418.46749184,303818.198661822,2300035.60557563)
(-1677274.44414624,221586.243603684,3835366.89137549)
(-2573143.87085906,157540.802895625,6303562.54712751)
(-3472796.08170575,84819.5734767018,9720097.78814745)
(0,0,0)
(0,0,0)
(0,0,0)
(0,0,0)
(0,0,0)
(0,0,0)
(-407149.0164515,998386.856532983,62455.1795993363)
(-420188.017840717,985343.726347335,137603.14524751)
(-452331.74462782,957517.207552452,244085.043831865)
(-518587.542017878,911539.080870377,415622.17892852)
(-648181.006974289,843419.017612699,715804.818515639)
(-889015.247468177,750826.27848619,1258627.37124453)
(-1292646.44283041,637390.738840692,2217701.27389609)
(-1843913.77844445,512023.557805543,3771177.73813869)
(-2670153.1610908,368122.370071882,6230749.33205334)
(-3514875.82907005,195137.028653488,9635307.70594661)
(0,0,0)
(0,0,0)
(0,0,0)
(0,0,0)
(0,0,0)
(0,0,0)
(-579771.391058983,1528729.57963423,49428.6679577371)
(-592165.76584578,1517132.58841808,109805.571732764)
(-623259.279116279,1492359.69612349,198222.362278003)
(-688854.300744751,1450987.36730532,347628.376587802)
(-819798.911906369,1387560.34457439,623285.961532495)
(-1065180.11260546,1294128.45053163,1145163.90209252)
(-1470003.44970989,1160376.41377544,2092181.67686766)
(-1996227.31510138,973374.530950848,3627058.01882377)
(-2775144.82411077,712737.0549318,6057588.15807462)
(-3567773.2276704,380466.776519825,9440031.63787864)
(0,0,0)
(0,0,0)
(0,0,0)
(0,0,0)
(0,0,0)
(0,0,0)
(-896611.391414123,2387523.59496798,37817.3760803754)
(-907602.7921486,2377540.19774074,85012.558906333)
(-935513.385924486,2355945.60136085,156940.039593466)
(-995404.088640478,2319010.98798952,284320.507549745)
(-1117004.58131925,2258936.35440588,529949.079037508)
(-1347545.35992261,2160198.21006415,1011424.67942761)
(-1727419.5598475,1994203.6278916,1905017.02515897)
(-2205903.7553269,1718111.82777771,3366183.483659)
(-2931628.6296875,1285475.82664067,5725073.34163763)
(-3654093.71040506,700367.443517897,9059266.38504469)
(0,0,0)
(0,0,0)
(0,0,0)
(0,0,0)
(0,0,0)
(0,0,0)
(-1476054.28832171,3835805.36160613,27772.5216835404)
(-1484842.53795522,3826755.50041465,63399.7569648508)
(-1507324.24542329,3806671.11918537,119998.484563625)
(-1556012.84310321,3770736.34443208,224285.971224245)
(-1655910.66410731,3707874.1498608,431258.839876624)
(-1847538.73501209,3593577.11253134,845418.672421498)
(-2165637.22796998,3376452.53907448,1628806.98920855)
(-2553006.71478588,2966572.49638333,2933353.03538886)
(-3215813.25516302,2295001.52743028,5139640.58976227)
(-3819223.96216366,1300823.3684844,8358408.62695938)
(0,0,0)
(0,0,0)
(0,0,0)
(0,0,0)
(0,0,0)
(0,0,0)
(-2446295.57689804,6263452.83581534,18648.10268883)
(-2452284.38141082,6254408.31981552,43279.6646987806)
(-2467563.81830142,6233520.15250329,83994.4496822443)
(-2500309.54492869,6193669.89619206,161370.442850939)
(-2566276.41971116,6118535.60879232,316985.403630597)
(-2690253.17989049,5972482.26456982,628333.431482614)
(-2898466.95486553,5684405.04136866,1218847.88405398)
(-3207902.31081434,5131714.49481695,2261608.19643473)
(-3740081.80783649,4151505.24472498,4145186.28697638)
(-4107296.98887694,2496105.64376393,7057201.00057377)
(0,0,0)
(0,0,0)
(0,0,0)
(0,0,0)
(0,0,0)
(0,0,0)
(-3416154.74123828,9670125.77129269,9481.80576092013)
(-3419164.0052505,9660745.73284629,22308.3979806198)
(-3426786.87209518,9638522.10101528,44093.3215638157)
(-3442880.40998708,9594510.8422425,86132.785500505)
(-3474810.15436556,9508524.8663483,170953.682310133)
(-3534509.55376383,9337611.01664916,340334.483994575)
(-3638707.32377794,8997265.70834594,666181.140795221)
(-3814332.27740252,8330955.67784414,1281272.2351705)
(-4106351.81760162,7049655.07237919,2489474.22511783)
(-4135502.93779117,4560368.85021558,4560713.95645745)
(0,0,0)
(0,0,0)
(0,0,0)
(0,0,0)
(0,0,0)
(0,0,0)
(0,0,0)
(0,0,0)
(0,0,0)
(0,0,0)
(0,0,0)
(0,0,0)
(0,0,0)
(0,0,0)
(0,0,0)
(0,0,0)
(0,0,0)
(0,0,0)
(0,0,0)
(0,0,0)
(0,0,0)
(0,0,0)
(0,0,0)
(0,0,0)
(0,0,0)
(0,0,0)
(0,0,0)
(0,0,0)
(0,0,0)
(0,0,0)
(0,0,0)
(0,0,0)
(0,0,0)
(0,0,0)
(0,0,0)
(0,0,0)
(0,0,0)
(0,0,0)
(0,0,0)
(0,0,0)
(0,0,0)
(0,0,0)
(0,0,0)
(0,0,0)
(0,0,0)
(0,0,0)
(0,0,0)
(0,0,0)
(0,0,0)
(0,0,0)
(0,0,0)
(0,0,0)
(0,0,0)
(0,0,0)
(0,0,0)
(0,0,0)
(0,0,0)
(0,0,0)
(0,0,0)
(0,0,0)
(0,0,0)
(0,0,0)
(0,0,0)
(0,0,0)
(0,0,0)
(0,0,0)
(0,0,0)
(0,0,0)
(0,0,0)
(0,0,0)
(0,0,0)
(0,0,0)
(0,0,0)
(0,0,0)
(0,0,0)
(0,0,0)
(0,0,0)
(0,0,0)
(0,0,0)
(0,0,0)
(0,0,0)
(0,0,0)
(0,0,0)
(0,0,0)
(0,0,0)
(0,0,0)
(0,0,0)
(0,0,0)
(0,0,0)
(0,0,0)
(0,0,0)
(0,0,0)
(0,0,0)
(0,0,0)
(0,0,0)
(0,0,0)
(0,0,0)
(0,0,0)
(0,0,0)
(0,0,0)
(0,0,0)
(0,0,0)
(32073518.778542,102703.919211648,89159.8646819347)
(32052503.8108551,97855.1418194864,191655.652428643)
(32004259.3278982,87512.3574508254,323703.319426894)
(31914201.9824057,70714.4240456373,507820.288016675)
(31754039.3482567,47006.5510889865,777138.928431741)
(31469272.8387677,18598.6269407134,1182557.07816021)
(30947048.2966527,-6918.64380489477,1815227.65398087)
(29915237.1285383,-18140.5237882498,2911849.7950695)
(27587007.7051427,-15007.846681901,5367307.09747669)
(21263888.5995403,-7375.30364409362,13172934.0966584)
(0,0,0)
(0,0,0)
(0,0,0)
(0,0,0)
(0,0,0)
(0,0,0)
(32052043.5299259,219183.073508861,84255.4158820485)
(32031002.8255888,210029.259624371,181214.067406735)
(31982364.6615283,190276.577160157,306763.948333944)
(31890647.8475271,157454.894132213,484014.762089856)
(31726124.1774369,109450.435159315,748681.821472503)
(31433386.1322901,48790.9858112413,1157028.17722624)
(30903152.721714,-9106.56348562276,1803972.56264321)
(29875597.5703245,-33756.417172208,2914998.2361412)
(27562374.2014006,-25192.7526913344,5375129.12924996)
(21253114.0166172,-10768.3871648558,13180483.2774873)
(0,0,0)
(0,0,0)
(0,0,0)
(0,0,0)
(0,0,0)
(0,0,0)
(32003572.2612864,364659.842231826,75045.792811662)
(31982461.4053169,352443.423496081,161393.119327765)
(31932911.2205252,325759.52678137,273865.416962358)
(31837247.4702304,280203.135833768,435946.020288065)
(31661338.1384531,210307.112891951,687959.408693046)
(31344609.3195018,114740.418447779,1099068.28300389)
(30783988.2809583,13245.9951412808,1779219.27803946)
(29766168.5318899,-29861.2158411416,2923580.65812248)
(27498718.3529812,-14232.6579784999,5389778.97641134)
(21226700.0096077,-613.774597780066,13191494.4900637)
(0,0,0)
(0,0,0)
(0,0,0)
(0,0,0)
(0,0,0)
(0,0,0)
(31914580.3561927,558036.310193215,62757.5840276334)
(31893509.640773,544679.431963607,134639.011014555)
(31842776.8620356,515425.975563639,228303.137337861)
(31740856.4227668,464855.341059652,366058.196323668)
(31543952.579828,384723.667561301,592393.628218772)
(31172977.4592338,267192.325687244,997556.224085322)
(30519073.742561,124511.669692074,1736028.55343858)
(29517080.0892664,54873.1960247585,2939169.82211698)
(27370099.3045171,60458.4881542519,5403465.71456492)
(21177296.8099831,42684.8336184102,13192304.4286169)
(0,0,0)
(0,0,0)
(0,0,0)
(0,0,0)
(0,0,0)
(0,0,0)
(31757948.3524721,825737.538921838,49431.6163047252)
(31737385.4806164,813315.54516287,105452.218605189)
(31686410.1168433,786518.209318345,177848.337336359)
(31579143.5308314,741204.68351994,285998.135983578)
(31358209.2003402,671701.909812639,474859.900374777)
(30905891.986807,574530.721004906,854844.484738911)
(30042815.9616141,459864.957554372,1666259.00638899)
(29055299.603048,359532.010999974,2944617.02387826)
(27168571.8331103,262980.901997597,5385599.82979056)
(21103870.6581307,142152.847186479,13149615.5429785)
(0,0,0)
(0,0,0)
(0,0,0)
(0,0,0)
(0,0,0)
(0,0,0)
(31479302.0724269,1211799.07537292,37095.2140197899)
(31460145.2998188,1201586.80197076,78743.1055041384)
(31411592.6165016,1179970.36915533,132669.264006174)
(31306307.5618627,1144278.32938275,216663.96949299)
(31082850.1223979,1090152.27891209,377794.780046143)
(30617646.390372,1011558.95415655,740170.257873855)
(29743763.9321694,902750.355433813,1565747.69207217)
(28799936.2147012,763500.871959832,2847845.51526663)
(26997230.339179,556103.666549441,5264577.80138204)
(21019828.3278495,294060.0383549,13007299.2686505)
(0,0,0)
(0,0,0)
(0,0,0)
(0,0,0)
(0,0,0)
(0,0,0)
(30962553.0136661,1807960.50498659,26904.3792629542)
(30945845.392892,1800136.22352949,57136.9866205844)
(30902818.4287502,1783934.1412547,97071.6138035174)
(30807300.2340667,1758174.62024958,162701.214186314)
(30599008.8280657,1719743.98466994,299326.313000441)
(30154252.0403479,1659927.87623647,631390.204606916)
(29306849.261269,1555750.07459469,1426351.87828631)
(28455124.5365888,1370830.39329235,2640224.27899503)
(26743492.0051132,1001168.78836436,5002268.73633612)
(20876387.5748235,535173.452488994,12712904.2509304)
(0,0,0)
(0,0,0)
(0,0,0)
(0,0,0)
(0,0,0)
(0,0,0)
(29929759.2094938,2865359.70511796,19017.5160100517)
(29916571.0919178,2859059.95894764,40910.3646757474)
(29882305.7216093,2846152.67162001,71292.0812347589)
(29805171.0174052,2826172.34580009,124340.709132647)
(29633620.0697707,2797210.70838077,239573.465500694)
(29256432.7616413,2750567.52446191,527192.534578817)
(28514854.423217,2643386.68961817,1241294.48232525)
(27959487.8921699,2311509.22305473,2270351.25956384)
(26231370.414417,1770619.52132001,4535947.07098505)
(20544173.6050546,1012696.40568522,12177256.7645275)
(0,0,0)
(0,0,0)
(0,0,0)
(0,0,0)
(0,0,0)
(0,0,0)
(27595426.5783299,5293218.71242185,12649.0514250775)
(27586564.5526202,5287132.03609114,27958.2542075092)
(27563681.7187656,5273902.12843649,51193.4742809008)
(27513228.2740541,5250735.74747276,95322.4675823312)
(27405902.5470518,5209636.07618133,192948.346975665)
(27187557.3280262,5127900.55017425,420035.027303645)
(26793960.8601823,4943884.04319058,909340.072640414)
(26240831.2221555,4525055.67339034,1729290.303292)
(24679218.6499306,3785072.36605932,3777767.21474259)
(19533374.9891778,2467811.86118618,11164209.9951437)
(0,0,0)
(0,0,0)
(0,0,0)
(0,0,0)
(0,0,0)
(0,0,0)
(21266990.4127753,13085820.3002462,6483.47211894294)
(21262589.8092037,13079398.2843542,14693.6233583826)
(21251337.3556022,13064736.7910976,27964.9469568645)
(21227093.8548431,13036824.4554221,54132.1881344075)
(21177221.4473517,12982766.5213289,111200.355226547)
(21079121.1868179,12871619.7150087,236080.66376739)
(20897468.4888244,12635505.3702224,490513.738090176)
(20549409.3929562,12144886.9415479,989171.013530896)
(19534173.8635254,11155727.3554877,2460220.55693249)
(15883011.9941816,8695697.20323486,8696050.49686794)
(0,0,0)
(0,0,0)
(0,0,0)
(0,0,0)
(0,0,0)
(0,0,0)
(0,0,0)
(0,0,0)
(0,0,0)
(0,0,0)
(0,0,0)
(0,0,0)
(0,0,0)
(0,0,0)
(0,0,0)
(0,0,0)
(0,0,0)
(0,0,0)
(0,0,0)
(0,0,0)
(0,0,0)
(0,0,0)
(0,0,0)
(0,0,0)
(0,0,0)
(0,0,0)
(0,0,0)
(0,0,0)
(0,0,0)
(0,0,0)
(0,0,0)
(0,0,0)
(0,0,0)
(0,0,0)
(0,0,0)
(0,0,0)
(0,0,0)
(0,0,0)
(0,0,0)
(0,0,0)
(0,0,0)
(0,0,0)
(0,0,0)
(0,0,0)
(0,0,0)
(0,0,0)
(0,0,0)
(0,0,0)
(0,0,0)
(0,0,0)
(0,0,0)
(0,0,0)
(0,0,0)
(0,0,0)
(0,0,0)
(0,0,0)
(0,0,0)
(0,0,0)
(0,0,0)
(0,0,0)
(0,0,0)
(0,0,0)
(0,0,0)
(0,0,0)
(0,0,0)
(0,0,0)
(0,0,0)
(0,0,0)
(0,0,0)
(0,0,0)
(0,0,0)
(0,0,0)
(0,0,0)
(0,0,0)
(0,0,0)
(0,0,0)
(0,0,0)
(0,0,0)
(0,0,0)
(0,0,0)
(0,0,0)
(0,0,0)
(0,0,0)
(0,0,0)
(0,0,0)
(0,0,0)
(0,0,0)
(0,0,0)
(0,0,0)
(0,0,0)
(0,0,0)
(0,0,0)
(0,0,0)
(0,0,0)
(0,0,0)
(0,0,0)
(0,0,0)
(0,0,0)
(0,0,0)
(0,0,0)
(0,0,0)
(0,0,0)
(-558352.452243648,81418.696904348,68222.3199244091)
(-581556.601099346,76505.8522514843,143546.665670378)
(-633924.029063661,65716.7546667466,233783.054008703)
(-729129.612754273,47179.8490487277,347704.5861631)
(-891914.358454304,19061.2534899859,492366.825427297)
(-1163383.82169751,-17353.4016857231,660146.673621476)
(-1607135.6320324,-50857.2890644985,782957.677414363)
(-2309218.12295367,-57798.9219099889,582981.63685949)
(-3315880.27902544,-39683.8405827628,-956676.752346468)
(-4064460.92850989,-18165.3457392771,-8092392.09251385)
(0,0,0)
(0,0,0)
(0,0,0)
(0,0,0)
(0,0,0)
(0,0,0)
(-582903.292561784,170859.177324837,63276.1281102688)
(-605707.416195348,161588.011319326,132673.996869649)
(-657509.358170733,140863.08178234,215171.475496146)
(-752760.968144619,103994.907059762,319535.019199927)
(-917973.682728329,44555.3416107625,455908.577287392)
(-1196780.70454183,-40109.7330891908,626601.53156591)
(-1650958.52365632,-128366.371426555,775991.645341239)
(-2346299.84576108,-143254.567872154,601114.493432059)
(-3334489.9915425,-88908.625854955,-935026.742309306)
(-4071034.61764961,-37195.5510593167,-8074078.11667922)
(0,0,0)
(0,0,0)
(0,0,0)
(0,0,0)
(0,0,0)
(0,0,0)
(-637552.897664587,275746.997888365,54007.1244307063)
(-659586.970976935,263500.56678708,111912.731299964)
(-710413.181674366,235597.396858282,178272.604466625)
(-806526.799707858,183758.716192411,260052.851315208)
(-980266.819482092,92833.2682430179,371149.66866123)
(-1287811.13726351,-56998.2984380775,538228.47681838)
(-1797620.74014332,-251767.661106167,761008.573642728)
(-2474740.40357302,-279035.53915737,655468.266433917)
(-3390886.32556577,-142917.033784849,-883148.861045892)
(-4089137.19218025,-50049.8972268064,-8036687.52704741)
(0,0,0)
(0,0,0)
(0,0,0)
(0,0,0)
(0,0,0)
(0,0,0)
(-735074.087387935,401424.448212854,41746.77929925)
(-755934.290325569,388499.600303856,83961.4629241768)
(-805301.683240005,358966.898157017,126440.292944134)
(-903381.609373711,303061.919069627,169144.908250558)
(-1096477.09312819,198899.636506715,221277.998986133)
(-1488364.18778787,9.13885762424102,343381.994755239)
(-2253371.79821063,-351840.533346946,733670.193810733)
(-2895081.57414573,-407013.148575608,791579.252684167)
(-3532113.57505416,-141162.172545154,-790192.942941084)
(-4127901.15188733,-30815.06187034,-7986460.03038421)
(0,0,0)
(0,0,0)
(0,0,0)
(0,0,0)
(0,0,0)
(0,0,0)
(-898829.820479807,547065.972316597,28906.4348912156)
(-917951.400592568,535998.322578943,54514.379868251)
(-964570.174871222,511594.615737863,70636.7400449246)
(-1062680.91334946,468242.440896397,65050.4484422308)
(-1278666.4316451,396205.467700232,22390.0352769956)
(-1831532.57184292,286095.465840689,-8501.94701310927)
(-3638727.98325329,160571.43528834,678399.815262058)
(-4316794.09363172,103925.767883259,1057324.38152603)
(-3809046.79461083,91453.2722850529,-679902.649539825)
(-4191404.60882169,57980.3694167884,-7955653.02783133)
(0,0,0)
(0,0,0)
(0,0,0)
(0,0,0)
(0,0,0)
(0,0,0)
(-1168729.28037112,694902.416167585,17964.6949902758)
(-1185470.49513982,687124.59909741,30223.9994736126)
(-1227263.86581306,671020.774875218,27424.1086940164)
(-1318493.10984992,645051.328328377,-6814.32098241618)
(-1528475.12121074,606057.970495718,-87571.794126125)
(-2079914.68551576,547864.048936695,-134009.515291181)
(-3798888.71675152,465472.313625274,621512.041335742)
(-4419810.83893778,418350.555150569,1044604.09375044)
(-3937534.82731736,302142.145227883,-713549.826653091)
(-4254665.0757096,150487.062207853,-8013793.32984193)
(0,0,0)
(0,0,0)
(0,0,0)
(0,0,0)
(0,0,0)
(0,0,0)
(-1609918.10036982,774900.460974511,10242.8552721339)
(-1623717.33545801,770559.748790008,14140.2199725895)
(-1658883.31641304,763092.863946439,1539.66210759376)
(-1738376.06907906,755681.897539805,-45644.8179148781)
(-1931130.53400883,753935.688452329,-145613.387753875)
(-2471046.56503248,761670.7204736,-216351.667867289)
(-4263795.00122378,763300.091797156,574234.602496837)
(-4837467.60137054,874819.230570008,928127.851079866)
(-4131822.76171316,488838.987769941,-865484.438592531)
(-4359088.42556548,202871.297923366,-8164622.88787604)
(0,0,0)
(0,0,0)
(0,0,0)
(0,0,0)
(0,0,0)
(0,0,0)
(-2314069.98982468,530626.298815197,5873.14752087492)
(-2324480.43856561,528588.069182605,6666.14365483255)
(-2351324.67580169,527030.554950706,-5871.36389535579)
(-2413655.70863695,533710.555656331,-47303.5099265548)
(-2573115.87114213,568931.565466447,-137793.659984713)
(-3068364.68928355,681145.688594381,-214701.391137579)
(-5026412.11293575,922002.689268257,685632.333587179)
(-4096624.77239907,592463.877863027,541870.136906272)
(-4286572.60486987,218212.757028714,-1151790.8270224)
(-4520834.60334642,1779.97683557031,-8367921.5114905)
(0,0,0)
(0,0,0)
(0,0,0)
(0,0,0)
(0,0,0)
(0,0,0)
(-3324107.58458264,-1035854.59866295,3784.84643378871)
(-3330859.90795988,-1037500.31195691,5067.47419644571)
(-3348051.98096309,-1039110.9043457,712.419264645712)
(-3386387.09859839,-1036088.48448961,-12103.3818938052)
(-3474182.23394695,-1019771.44838339,-25545.8010020753)
(-3684068.61305932,-981210.16974169,26205.7844624968)
(-4142902.11142898,-953187.37750052,356028.608885594)
(-4293434.15336583,-1166877.99295191,167405.641264804)
(-4688529.72884953,-1360372.58814465,-1368490.84873865)
(-4762727.11913436,-1182795.46413178,-8370043.51341596)
(0,0,0)
(0,0,0)
(0,0,0)
(0,0,0)
(0,0,0)
(0,0,0)
(-4070825.46270182,-8182358.03931014,2089.10216743373)
(-4074104.32622145,-8184414.66391789,3467.37559669)
(-4082346.19488255,-8187911.56461581,3721.37239467766)
(-4100063.25746433,-8191637.01009427,4196.79634971333)
(-4137760.07063321,-8195837.56773778,13014.2197321158)
(-4216796.20747375,-8208808.34111398,54299.571439058)
(-4362836.2636982,-8263163.83051885,142350.563023097)
(-4525519.78031551,-8405605.77442387,-26222.6961902441)
(-4764121.87827585,-8379355.0570631,-1191174.6994275)
(-4597596.09334683,-7187986.15728474,-7187606.13270309)
(0,0,0)
(0,0,0)
(0,0,0)
(0,0,0)
(0,0,0)
(0,0,0)
(0,0,0)
(0,0,0)
(0,0,0)
(0,0,0)
(0,0,0)
(0,0,0)
(0,0,0)
(0,0,0)
(0,0,0)
(0,0,0)
(0,0,0)
(0,0,0)
(0,0,0)
(0,0,0)
(0,0,0)
(0,0,0)
(0,0,0)
(0,0,0)
(0,0,0)
(0,0,0)
(0,0,0)
(0,0,0)
(0,0,0)
(0,0,0)
(0,0,0)
(0,0,0)
(0,0,0)
(0,0,0)
(0,0,0)
(0,0,0)
(0,0,0)
(0,0,0)
(0,0,0)
(0,0,0)
(0,0,0)
(0,0,0)
(0,0,0)
(0,0,0)
(0,0,0)
(0,0,0)
(0,0,0)
(0,0,0)
(0,0,0)
(0,0,0)
(0,0,0)
(0,0,0)
(0,0,0)
(0,0,0)
(0,0,0)
(0,0,0)
(0,0,0)
(0,0,0)
(0,0,0)
(0,0,0)
(0,0,0)
(0,0,0)
(0,0,0)
(0,0,0)
(0,0,0)
(0,0,0)
(0,0,0)
(0,0,0)
(0,0,0)
(0,0,0)
(0,0,0)
(0,0,0)
(0,0,0)
(0,0,0)
(0,0,0)
(0,0,0)
(0,0,0)
(0,0,0)
(0,0,0)
(0,0,0)
(0,0,0)
(0,0,0)
(0,0,0)
(0,0,0)
(0,0,0)
(0,0,0)
(0,0,0)
(0,0,0)
(0,0,0)
(0,0,0)
(0,0,0)
(0,0,0)
(0,0,0)
(0,0,0)
(0,0,0)
(0,0,0)
(0,0,0)
(0,0,0)
(0,0,0)
(0,0,0)
(0,0,0)
(0,0,0)
(-660471.946533258,57016.8864882152,45102.607801395)
(-680207.568047615,52476.5125912486,91277.0621584161)
(-723523.761270395,42207.7767771288,138669.017588024)
(-799020.582059095,23568.2696810427,184991.717211804)
(-920758.027930243,-7034.85895912996,220870.245646876)
(-1107829.50214949,-50807.8628419867,216123.788940839)
(-1376586.34121794,-94710.4742885083,80284.9724148885)
(-1709633.10735993,-94882.2767966366,-424417.766382209)
(-1975871.64988348,-58291.4913685425,-1706134.90415559)
(-1716815.68773796,-24728.9477665331,-4029051.19716095)
(0,0,0)
(0,0,0)
(0,0,0)
(0,0,0)
(0,0,0)
(0,0,0)
(-682785.077637002,116335.292052012,40563.3795114174)
(-701406.807610755,107788.586592299,80950.6969257789)
(-742306.949999514,87979.6010384381,119976.464493253)
(-813765.151948769,50207.5160258194,154341.401952619)
(-929912.508907762,-17785.05896738,177030.428140297)
(-1111560.31057504,-131174.669435983,172176.840767499)
(-1378580.08998268,-275041.216735637,80129.1495409898)
(-1701554.47238901,-271698.197887677,-387800.302740039)
(-1962803.9282143,-145307.325416592,-1672470.53202017)
(-1708775.43392268,-55276.3457366691,-4004182.31777706)
(0,0,0)
(0,0,0)
(0,0,0)
(0,0,0)
(0,0,0)
(0,0,0)
(-731550.352024259,178285.738108775,32047.0083029113)
(-748019.993926168,167152.496370703,61116.1214737405)
(-784132.993328442,140661.39063372,82154.1435325324)
(-847337.227934424,86884.3753549826,86287.7124299331)
(-951877.536604544,-23390.8746108657,63504.2451958696)
(-1126100.59210827,-257552.599177135,28171.6297817667)
(-1420373.46588683,-707527.238598932,83410.3773885629)
(-1702222.20364334,-699407.392273574,-261398.628155233)
(-1931102.40850059,-284182.509737334,-1582307.36089968)
(-1689156.21823596,-88841.0665485114,-3948723.61403216)
(0,0,0)
(0,0,0)
(0,0,0)
(0,0,0)
(0,0,0)
(0,0,0)
(-815419.119508947,237684.490821922,20946.2794078746)
(-828883.992471406,226425.577083347,34622.9008410751)
(-857990.009663336,199597.392941737,28375.2249563944)
(-907834.76573151,143693.072308638,-23980.3156394576)
(-989795.360860732,16675.3331192141,-170728.255636995)
(-1151572.63097371,-343187.382830639,-421885.028797664)
(-1737033.13449511,-1737253.52266949,91502.5915573782)
(-1827986.45507118,-1828823.32988673,153823.410095961)
(-1857411.75569248,-418171.03325381,-1386889.88574925)
(-1649536.5874326,-94378.812555847,-3859716.70419673)
(0,0,0)
(0,0,0)
(0,0,0)
(0,0,0)
(0,0,0)
(0,0,0)
(-948058.020703459,277097.469735339,9815.22131023527)
(-958011.268174192,268372.856816949,7927.80915826065)
(-978391.786391162,248772.970724388,-27426.157104442)
(-1007771.81445069,212287.961191195,-150930.144885773)
(-1028616.99689546,146269.939983061,-530574.186499263)
(-926912.299357274,37542.873123082,-1815924.71493863)
(2.35904692631813e-05,5.67086215909992e-06,-1.56418514091467e-05)
(1170.1987740551,604.701931390554,1564387.53414559)
(-1562461.53195686,-37228.1974633564,-1063140.56429889)
(-1578227.97734509,-5378.8004257721,-3765317.20790556)
(0,0,0)
(0,0,0)
(0,0,0)
(0,0,0)
(0,0,0)
(0,0,0)
(-1146395.80448385,253536.91900245,1227.07484562691)
(-1153012.27931401,248679.805856168,-11538.0900194054)
(-1165406.94751953,239174.528153816,-63796.565742356)
(-1178101.33885517,224915.039329835,-216815.414875746)
(-1163012.26339997,203122.065138332,-639130.397841802)
(-984584.89108918,156363.157508375,-1853280.47665368)
(2.11092796443177e-05,7.30700858022762e-06,-1.16929843598969e-05)
(863.532299142711,238.422578699285,1526214.79708934)
(-1524662.76253753,107580.580873462,-1031466.0460273)
(-1577399.19828988,45955.8082369747,-3760066.53210965)
(0,0,0)
(0,0,0)
(0,0,0)
(0,0,0)
(0,0,0)
(0,0,0)
(-1423242.33159152,70422.826397866,-3561.6761737058)
(-1427044.51772497,69445.5604450348,-21000.2484956171)
(-1432972.14518252,70245.0045669584,-77981.8961392662)
(-1432953.43689823,79962.7076922721,-238452.196682534)
(-1392214.25737407,111448.364950214,-685694.773129188)
(-1154726.64422226,163763.973483986,-2009415.50991501)
(5.75104081467249e-05,-2.24654861691742e-05,-1.53407780729562e-05)
(1127.91983597881,1615104.10207974,1633195.6373161)
(-1631423.01635467,333777.229816601,-1093400.75698551)
(-1641214.09795313,41008.5466915323,-3806327.82305244)
(0,0,0)
(0,0,0)
(0,0,0)
(0,0,0)
(0,0,0)
(0,0,0)
(-1759250.84728824,-479876.184821187,-4520.13131740626)
(-1761092.20908996,-478305.86089643,-20156.9394516012)
(-1762733.43822833,-470270.718291866,-68232.4541661368)
(-1755446.93051105,-439638.022882364,-206840.501717404)
(-1702473.78349118,-332807.113018458,-633227.111399693)
(-1429489.40207797,64745.6080779199,-2173084.03319921)
(1411.95329549173,1804800.91963127,1615011.113394)
(-1613147.96410875,395114.642656578,351523.764526828)
(-2030650.49765292,-184091.259728377,-1386529.85314514)
(-1778370.19870323,-240269.184030974,-3847716.52706586)
(0,0,0)
(0,0,0)
(0,0,0)
(0,0,0)
(0,0,0)
(0,0,0)
(-2017815.41417162,-1783214.85545769,-2953.49977450184)
(-2018593.38603391,-1781421.57406231,-12104.308534559)
(-2018701.24890125,-1774104.23382347,-37621.5250647707)
(-2013150.53218755,-1750529.52730706,-99966.5870509119)
(-1987193.03831292,-1684178.42781381,-235584.467889579)
(-1907254.97709285,-1514750.82691689,-432901.66886125)
(-1802407.59269239,-1173826.55487591,205231.286909322)
(-2065597.21014857,-1399536.96934666,-227954.044304689)
(-2221177.44999817,-1436374.92865084,-1443022.65423355)
(-1820340.50667946,-1017868.8894052,-3607809.56131429)
(0,0,0)
(0,0,0)
(0,0,0)
(0,0,0)
(0,0,0)
(0,0,0)
(-1740460.307844,-4112388.37678743,-1191.6335280615)
(-1740760.34337135,-4111201.03377277,-4756.15666769209)
(-1740717.02796573,-4106493.53700253,-13996.0204054557)
(-1738511.1835293,-4092535.32793352,-33542.2937139874)
(-1730326.18582511,-4059062.52469708,-66092.0816388306)
(-1712773.2122576,-3992986.94283341,-91878.9609384648)
(-1706912.13049132,-3901163.73052276,-20465.9184984649)
(-1799796.4687419,-3880763.10595859,-264963.093460146)
(-1824880.10229706,-3615747.28272863,-1024832.51536113)
(-1459290.07561835,-2590674.68828154,-2590332.73421326)
(0,0,0)
(0,0,0)
(0,0,0)
(0,0,0)
(0,0,0)
(0,0,0)
(0,0,0)
(0,0,0)
(0,0,0)
(0,0,0)
(0,0,0)
(0,0,0)
(0,0,0)
(0,0,0)
(0,0,0)
(0,0,0)
(0,0,0)
(0,0,0)
(0,0,0)
(0,0,0)
(0,0,0)
(0,0,0)
(0,0,0)
(0,0,0)
(0,0,0)
(0,0,0)
(0,0,0)
(0,0,0)
(0,0,0)
(0,0,0)
(0,0,0)
(0,0,0)
(0,0,0)
(0,0,0)
(0,0,0)
(0,0,0)
(0,0,0)
(0,0,0)
(0,0,0)
(0,0,0)
(0,0,0)
(0,0,0)
(0,0,0)
(0,0,0)
(0,0,0)
(0,0,0)
(0,0,0)
(0,0,0)
(0,0,0)
(0,0,0)
(0,0,0)
(0,0,0)
(0,0,0)
(0,0,0)
(0,0,0)
(0,0,0)
(0,0,0)
(0,0,0)
(0,0,0)
(0,0,0)
(0,0,0)
(0,0,0)
(0,0,0)
(0,0,0)
(0,0,0)
(0,0,0)
(0,0,0)
(0,0,0)
(0,0,0)
(0,0,0)
(0,0,0)
(0,0,0)
(0,0,0)
(0,0,0)
(0,0,0)
(0,0,0)
(0,0,0)
(0,0,0)
(0,0,0)
(0,0,0)
(0,0,0)
(0,0,0)
(0,0,0)
(0,0,0)
(0,0,0)
(0,0,0)
(0,0,0)
(0,0,0)
(0,0,0)
(0,0,0)
(0,0,0)
(0,0,0)
(0,0,0)
(0,0,0)
(0,0,0)
(0,0,0)
(0,0,0)
(0,0,0)
(0,0,0)
(0,0,0)
(0,0,0)
(0,0,0)
(-720721.073678915,34775.2266484588,25473.9004972009)
(-734100.538613573,31327.0249084684,48039.8461546946)
(-762185.557330264,23451.7928094776,63249.849405079)
(-807884.833444256,8823.98583011012,63290.1149601288)
(-874951.953153946,-16215.5068176483,33699.5470014792)
(-966598.841853882,-54587.7190390517,-52943.3942550792)
(-1079403.48415138,-96756.5100634748,-253369.741258161)
(-1184713.90036816,-86827.8199587351,-691461.1282912)
(-1174128.78745375,-45215.8325160448,-1447988.1582049)
(-834874.344435613,-16671.4433285741,-2313258.05817867)
(0,0,0)
(0,0,0)
(0,0,0)
(0,0,0)
(0,0,0)
(0,0,0)
(-737699.317188648,67654.3059147017,22035.1602854036)
(-749390.581400188,61231.9051619375,40114.0538213595)
(-773461.417090703,46161.8001471095,48558.5135749145)
(-811172.05073258,16629.8484172088,38159.549771633)
(-863435.836187789,-39740.6344910221,-4791.99527496991)
(-930081.016263448,-145687.956771631,-95171.0518539758)
(-1010285.95051365,-316811.145838369,-243410.555548105)
(-1109635.38062353,-272352.440584092,-649805.026688221)
(-1124899.91280763,-113604.667730256,-1419320.2068807)
(-812708.314453921,-35645.8815452974,-2296412.8881327)
(0,0,0)
(0,0,0)
(0,0,0)
(0,0,0)
(0,0,0)
(0,0,0)
(-773900.754809187,94359.8475223035,15644.8611773268)
(-782401.853118052,86220.4617059586,25038.1638251954)
(-798597.864790466,66695.3149190803,18969.5205152516)
(-819730.555276331,26293.9726428025,-18301.2763684291)
(-837667.608376401,-61361.8235333719,-110890.015554224)
(-833221.856246557,-283038.578751006,-266418.129436551)
(-780476.076925497,-1024158.0723933,-198968.591842934)
(-857360.421288644,-825171.064078587,-491011.750703142)
(-983983.957645807,-210534.834543899,-1341200.03474429)
(-756208.635301699,-49264.621887527,-2260528.87733634)
(0,0,0)
(0,0,0)
(0,0,0)
(0,0,0)
(0,0,0)
(0,0,0)
(-833557.795772035,104965.032091769,7533.49169362394)
(-837882.209947401,97214.0057952617,5538.16508030846)
(-843426.47468401,79116.6440661568,-21446.6990460945)
(-840713.915207829,43691.4767530466,-105965.053680023)
(-802338.077887138,-22169.65776563,-332614.502421368)
(-641143.908160533,-118493.868971064,-1007587.93501449)
(1.1045677952597e-05,1.8908755203297e-06,-5.90066366640349e-06)
(406.491165963096,349.937632606182,123647.330405529)
(-641207.368303036,-123234.592948383,-1179857.29857943)
(-644460.351563044,-23090.5007914974,-2211107.65554502)
(0,0,0)
(0,0,0)
(0,0,0)
(0,0,0)
(0,0,0)
(0,0,0)
(-921553.552656758,78570.0821498351,-109.518104765088)
(-921647.112570145,73204.2415036612,-12463.9094172195)
(-916554.997535594,61642.9071006663,-56826.9613073016)
(-890963.485953255,41849.0493306944,-171792.862382384)
(-805422.093879179,11772.1837889244,-428929.606953213)
(-565027.833047478,-20202.2594683534,-889105.682765692)
(-2.44932689617063e-06,2.26464999188471e-07,2.92157128427283e-05)
(2.79567308658096e-05,3.17375928086455e-06,-2.19782568721906e-06)
(1000.12339593799,414.781909226862,-1079760.80936468)
(-488462.865642755,-4620.91756361744,-2187995.50429488)
(0,0,0)
(0,0,0)
(0,0,0)
(0,0,0)
(0,0,0)
(0,0,0)
(-1038905.5044383,-23549.2855453951,-5370.93235032226)
(-1035642.74059845,-25611.6487473367,-23924.5808148874)
(-1022498.21093004,-28635.22162951,-76555.1886742021)
(-980823.431901746,-30180.6079421672,-201803.438354761)
(-865908.873715113,-26344.7405540102,-460789.903696674)
(-582743.337379761,-14034.6658700218,-868799.051004415)
(-5.80122151064914e-07,1.73360746244589e-06,2.19301238319913e-05)
(1.98893615613203e-05,5.15300799563532e-06,2.37086693676242e-08)
(982.941274138624,581.889584231678,-1084988.30355516)
(-465590.076517999,-17930.1840086158,-2183488.15888205)
(0,0,0)
(0,0,0)
(0,0,0)
(0,0,0)
(0,0,0)
(0,0,0)
(-1173486.68846346,-265923.632116981,-7381.29655648088)
(-1168211.98578213,-264934.390216409,-26891.0870302477)
(-1150609.32906983,-259877.537199043,-78011.5875734173)
(-1100424.74032011,-242912.985508398,-197807.906585301)
(-968819.580114275,-199257.664882811,-448289.659516292)
(-650896.512140117,-111617.509805289,-854536.947663185)
(2.51918142000388e-06,3.3109910619134e-05,2.54589103215522e-05)
(3.38897254606483e-05,-2.37895015207355e-06,-6.62126758387315e-07)
(709.576990523471,-65799.2321014158,-1103835.05798991)
(-500895.278736547,-96267.5538778045,-2165816.50733732)
(0,0,0)
(0,0,0)
(0,0,0)
(0,0,0)
(0,0,0)
(0,0,0)
(-1279922.45758963,-738888.947508832,-6363.07430676375)
(-1274349.46166356,-736270.622508576,-21769.5894410064)
(-1256640.44818711,-726754.018346512,-60986.0983347457)
(-1207489.24102865,-697895.714825741,-153961.058499799)
(-1077196.19482649,-618116.1888111,-360380.123236187)
(-745479.289315605,-413663.962504155,-742343.783299695)
(4.11125070094188e-05,-4.60625962570164e-06,-1.46387947037124e-06)
(145.473535519558,-57895.5335741557,-66394.4558635881)
(-653192.544275445,-374934.174688295,-1134717.46665418)
(-657083.796020734,-282373.112186569,-2069898.31102793)
(0,0,0)
(0,0,0)
(0,0,0)
(0,0,0)
(0,0,0)
(0,0,0)
(-1246607.03073174,-1506388.65206247,-3708.67888624183)
(-1242260.00613133,-1504131.84507323,-12180.8362241831)
(-1228853.85029163,-1496705.64001229,-32076.6131680327)
(-1192521.68653608,-1476543.18249933,-74057.9911459182)
(-1095632.81472031,-1427992.8910581,-155741.512491521)
(-827530.041979464,-1320934.82495716,-328195.585151887)
(-69.7487764337802,-1078983.81398172,-58209.1753151347)
(-663687.335397465,-1134216.15571109,-383798.427929323)
(-897014.705389231,-1040385.00098102,-1042510.34624553)
(-700392.096440145,-656964.640763818,-1787867.22790761)
(0,0,0)
(0,0,0)
(0,0,0)
(0,0,0)
(0,0,0)
(0,0,0)
(-872827.520964036,-2372556.92420751,-1464.51473494238)
(-870580.892613691,-2371086.95637212,-4688.85419372174)
(-863856.735618118,-2366457.64635564,-11797.1401979823)
(-846697.551830321,-2354764.23250622,-25389.7218900717)
(-805618.952887652,-2329491.77328192,-48598.0726036876)
(-715253.55257449,-2280948.49748964,-86104.0597543331)
(-563631.787803499,-2194895.18581852,-113473.030605375)
(-675873.69483073,-2081442.05427049,-290169.905957146)
(-704848.9201394,-1791190.68953114,-659395.399564693)
(-512856.109505008,-1131554.90429885,-1131239.10214301)
(0,0,0)
(0,0,0)
(0,0,0)
(0,0,0)
(0,0,0)
(0,0,0)
(0,0,0)
(0,0,0)
(0,0,0)
(0,0,0)
(0,0,0)
(0,0,0)
(0,0,0)
(0,0,0)
(0,0,0)
(0,0,0)
(0,0,0)
(0,0,0)
(0,0,0)
(0,0,0)
(0,0,0)
(0,0,0)
(0,0,0)
(0,0,0)
(0,0,0)
(0,0,0)
(0,0,0)
(0,0,0)
(0,0,0)
(0,0,0)
(0,0,0)
(0,0,0)
(0,0,0)
(0,0,0)
(0,0,0)
(0,0,0)
(0,0,0)
(0,0,0)
(0,0,0)
(0,0,0)
(0,0,0)
(0,0,0)
(0,0,0)
(0,0,0)
(0,0,0)
(0,0,0)
(0,0,0)
(0,0,0)
(0,0,0)
(0,0,0)
(0,0,0)
(0,0,0)
(0,0,0)
(0,0,0)
(0,0,0)
(0,0,0)
(0,0,0)
(0,0,0)
(0,0,0)
(0,0,0)
(0,0,0)
(0,0,0)
(0,0,0)
(0,0,0)
(0,0,0)
(0,0,0)
(0,0,0)
(0,0,0)
(0,0,0)
(0,0,0)
(0,0,0)
(0,0,0)
(0,0,0)
(0,0,0)
(0,0,0)
(0,0,0)
(0,0,0)
(0,0,0)
(0,0,0)
(0,0,0)
(0,0,0)
(0,0,0)
(0,0,0)
(0,0,0)
(0,0,0)
(0,0,0)
(0,0,0)
(0,0,0)
(0,0,0)
(0,0,0)
(0,0,0)
(0,0,0)
(0,0,0)
(0,0,0)
(0,0,0)
(0,0,0)
(0,0,0)
(0,0,0)
(0,0,0)
(0,0,0)
(0,0,0)
(0,0,0)
(-750772.754772934,17873.7301610386,12177.9509329862)
(-758022.064084942,16093.3276700477,20006.1487343077)
(-772036.211312726,12230.5096887293,17626.2930280408)
(-792022.629040793,5571.15548732417,-3807.0668627493)
(-816013.16048791,-4695.29372400922,-58050.5658047767)
(-840536.349069876,-18108.0612572057,-166004.997331569)
(-858562.244778085,-27704.3468754245,-359141.88982945)
(-850494.458098888,-11794.7860520134,-681566.546046709)
(-750112.740912051,3985.23662345899,-1109567.82921184)
(-470683.218514322,5474.77238436799,-1479233.72751756)
(0,0,0)
(0,0,0)
(0,0,0)
(0,0,0)
(0,0,0)
(0,0,0)
(-761708.450598972,31469.4846744943,10413.3788968709)
(-767230.153935143,28234.9432374394,16111.3358644383)
(-777078.875028162,21039.0669600036,10920.2365306292)
(-788601.96181531,8074.30978875099,-14153.0066880715)
(-796772.61949122,-13954.9871009128,-71556.5300077315)
(-795285.635475895,-48831.1120404275,-175628.860012064)
(-783393.34112824,-87020.0215292539,-343205.794743646)
(-778829.273461619,-20059.1009025062,-665747.587055061)
(-706001.698250778,27301.9016909398,-1107962.46667937)
(-451438.757676164,20831.882518696,-1484589.13359146)
(0,0,0)
(0,0,0)
(0,0,0)
(0,0,0)
(0,0,0)
(0,0,0)
(-784184.719384606,34565.134235183,7188.31501473588)
(-786502.278107242,30622.7853233372,8900.89791802962)
(-788322.085224141,21746.775526501,-2082.59021479124)
(-782644.916546124,5171.84976790631,-36265.7689241585)
(-755209.363518883,-26139.0718233028,-106539.929059287)
(-683631.327493022,-91062.5176427953,-213899.052210466)
(-561392.177240825,-243729.676316764,-276273.297107631)
(-567995.330895939,32634.2440606209,-618331.732463463)
(-593003.522347252,132243.737722234,-1114254.00379332)
(-406902.813040509,62463.1524627555,-1505191.09599855)
(0,0,0)
(0,0,0)
(0,0,0)
(0,0,0)
(0,0,0)
(0,0,0)
(-819055.626701362,16800.8168461171,3262.14831838936)
(-817346.02642072,13299.6761786476,49.0739364028101)
(-808804.041080085,5852.29379591502,-18678.877936938)
(-779893.237262191,-6704.31406304063,-67623.3920516276)
(-699219.283465661,-25365.0472000711,-171516.211096334)
(-494648.072152412,-42449.8363565134,-366624.728390736)
(8.71803079113702e-06,1.45897366787794e-06,1.54563637301096e-06)
(133.484355858378,197.489021298436,-518709.261583755)
(-362774.506564783,519033.811814096,-1183932.19741388)
(-331359.124842784,132909.937848415,-1567480.20951978)
(0,0,0)
(0,0,0)
(0,0,0)
(0,0,0)
(0,0,0)
(0,0,0)
(-865592.553108008,-39025.0547718604,-135.127930767618)
(-860133.967795454,-41013.309349921,-7335.28717688718)
(-842304.801292847,-44478.8413863924,-31254.3482373278)
(-794436.417803501,-48165.6791077571,-86320.0513423675)
(-679654.535879412,-48829.9880584921,-188622.668483712)
(-433986.780720187,-37973.3102312245,-324140.246936294)
(-2.36555262139523e-06,-2.38092889701029e-07,2.18662114715433e-06)
(2.37896849495936e-05,-7.54072275974276e-09,6.14666746415076e-06)
(604.162047803124,330.071784693342,-1570076.45404545)
(-243478.182448004,18182.5873006076,-1700333.78669239)
(0,0,0)
(0,0,0)
(0,0,0)
(0,0,0)
(0,0,0)
(0,0,0)
(-917564.410984447,-158318.526863063,-2047.62136265772)
(-909547.978931687,-158420.236995497,-10735.4553838437)
(-885791.91339942,-156995.616146496,-34924.978154367)
(-826907.715278112,-150017.541277684,-86988.8326080747)
(-694602.039844438,-129425.895839478,-177699.758697762)
(-430061.744625387,-82290.4811252957,-286064.180558067)
(-6.67490512045118e-07,5.61445972433464e-07,-2.62484267750492e-11)
(1.67064015384861e-05,-5.55957340638631e-07,3.73135039228557e-06)
(766.301317033442,228.647188367701,-1552372.10683699)
(-227921.082769056,-53280.6670836981,-1718577.84620162)
(0,0,0)
(0,0,0)
(0,0,0)
(0,0,0)
(0,0,0)
(0,0,0)
(-957031.314855064,-372663.972512844,-2109.9279586231)
(-948111.146630387,-371373.305893325,-9257.69821254146)
(-922758.365315362,-366221.772862685,-27882.5052508129)
(-861716.119101661,-350295.181904558,-66313.4858423812)
(-726218.899289555,-307901.781221112,-130438.281285466)
(-453611.36185509,-206418.620089497,-203595.29260629)
(1.85992128425837e-06,1.77373371512347e-06,-3.10032535476258e-11)
(2.95995694195244e-05,4.35377040297781e-07,3.29879065693294e-06)
(885.354015105314,-719853.470586614,-1606108.31654272)
(-242287.863416116,-252526.472781173,-1665469.9261657)
(0,0,0)
(0,0,0)
(0,0,0)
(0,0,0)
(0,0,0)
(0,0,0)
(-945820.481879972,-705988.290458403,-777.65776409822)
(-937854.134592595,-704610.259100707,-4036.03162767017)
(-915594.199963895,-699412.119372083,-11891.9333414964)
(-862560.938234796,-683359.000810964,-23756.417228943)
(-743167.591926957,-636925.43705004,-28761.3642995482)
(-487748.592628346,-495983.089349836,3072.40827353418)
(3.66754078938622e-05,4.66706716393254e-06,1.83922974972398e-06)
(323.47562287093,-721922.544064767,-720110.638850719)
(-335169.680172505,-618911.491230847,-1139075.48230942)
(-309727.641384727,-325745.569579907,-1413212.54014668)
(0,0,0)
(0,0,0)
(0,0,0)
(0,0,0)
(0,0,0)
(0,0,0)
(-820157.972263773,-1133094.88376292,657.534836555691)
(-814499.383130859,-1132948.48972096,1235.14245633153)
(-799041.207498153,-1132211.78268861,4222.16297936883)
(-763258.923775982,-1131199.48388345,22799.8832917674)
(-683638.997737128,-1138427.03247468,112307.661733225)
(-501313.69264179,-1209072.529363,499180.752408706)
(499.974608268158,-1642880.00311833,-721996.333810037)
(-343607.540305096,-1146660.1846982,-617338.488268962)
(-438703.872592286,-848380.663928858,-846180.1483679)
(-315067.181037378,-469499.50029332,-1087751.13305727)
(0,0,0)
(0,0,0)
(0,0,0)
(0,0,0)
(0,0,0)
(0,0,0)
(-506554.237694143,-1500184.05499148,815.88795867355)
(-503748.888945494,-1501002.25255438,2037.64712389695)
(-496233.85182052,-1503126.88075356,5329.86139125076)
(-479629.628477865,-1508601.14331337,15663.5974687106)
(-445711.194255352,-1524403.08921414,41731.8955758745)
(-381831.885710019,-1566219.54551664,65457.2448650354)
(-283523.243547398,-1631718.56663273,-225812.735876659)
(-323246.726658362,-1405867.07236628,-319232.816380944)
(-318410.055834301,-1086519.61989643,-467532.724718468)
(-212581.761056489,-618782.099868411,-618524.473591903)
(0,0,0)
(0,0,0)
(0,0,0)
(0,0,0)
(0,0,0)
(0,0,0)
(0,0,0)
(0,0,0)
(0,0,0)
(0,0,0)
(0,0,0)
(0,0,0)
(0,0,0)
(0,0,0)
(0,0,0)
(0,0,0)
(0,0,0)
(0,0,0)
(0,0,0)
(0,0,0)
(0,0,0)
(0,0,0)
(0,0,0)
(0,0,0)
(0,0,0)
(0,0,0)
(0,0,0)
(0,0,0)
(0,0,0)
(0,0,0)
(0,0,0)
(0,0,0)
(0,0,0)
(0,0,0)
(0,0,0)
(0,0,0)
(0,0,0)
(0,0,0)
(0,0,0)
(0,0,0)
(0,0,0)
(0,0,0)
(0,0,0)
(0,0,0)
(0,0,0)
(0,0,0)
(0,0,0)
(0,0,0)
(0,0,0)
(0,0,0)
(0,0,0)
(0,0,0)
(0,0,0)
(0,0,0)
(0,0,0)
(0,0,0)
(0,0,0)
(0,0,0)
(0,0,0)
(0,0,0)
(0,0,0)
(0,0,0)
(0,0,0)
(0,0,0)
(0,0,0)
(0,0,0)
(0,0,0)
(0,0,0)
(0,0,0)
(0,0,0)
(0,0,0)
(0,0,0)
(0,0,0)
(0,0,0)
(0,0,0)
(0,0,0)
(0,0,0)
(0,0,0)
(0,0,0)
(0,0,0)
(0,0,0)
(0,0,0)
(0,0,0)
(0,0,0)
(0,0,0)
(0,0,0)
(0,0,0)
(0,0,0)
(0,0,0)
(0,0,0)
(0,0,0)
(0,0,0)
(0,0,0)
(0,0,0)
(0,0,0)
(0,0,0)
(0,0,0)
(0,0,0)
(0,0,0)
(0,0,0)
(0,0,0)
(0,0,0)
(-762898.14780922,7061.86512680922,5063.52790946657)
(-765998.458696288,6987.8889142985,6052.03360651065)
(-770980.348603467,7304.75790229059,-2308.58700503518)
(-775570.829712161,9103.31350308403,-27863.6998367463)
(-775807.785929144,14607.2320624142,-82676.3064579293)
(-766144.751920538,27150.5503906103,-184218.453997878)
(-738822.02132196,47452.009835331,-351410.687289327)
(-680049.051349755,59857.6140630109,-581713.708101472)
(-549121.703471893,48068.9268879797,-830773.672429621)
(-316900.396670808,24694.3604988678,-1009250.85477199)
(0,0,0)
(0,0,0)
(0,0,0)
(0,0,0)
(0,0,0)
(0,0,0)
(-768677.949845769,9037.20815319441,4994.15622041225)
(-770583.907094532,9000.54269939377,6335.25559470312)
(-772742.159287566,9861.76779174613,-558.470035356473)
(-771778.826589778,14115.8825188857,-22394.1742766889)
(-762088.379473585,27670.969457678,-70142.1516895918)
(-737239.396347063,62847.3954762867,-163885.235904108)
(-695851.894219718,134995.163445049,-338969.83642236)
(-655308.376361072,190825.553683614,-593458.67314352)
(-537672.070656642,140316.440934611,-854035.814784298)
(-312303.598265312,65360.0563829067,-1033836.67007917)
(0,0,0)
(0,0,0)
(0,0,0)
(0,0,0)
(0,0,0)
(0,0,0)
(-779702.860702792,-400.471293024944,4955.82076439772)
(-779430.76618018,-291.829289469907,7176.68082619064)
(-776181.108873973,1223.6066359233,3673.86563184281)
(-763861.64732952,7871.55217268155,-8865.07323856032)
(-731197.294526104,29808.7395644531,-35014.9123381187)
(-661901.010131424,97894.5116619316,-91792.345885358)
(-552686.116722551,317665.764082991,-283169.00704158)
(-617291.027111685,600848.147979116,-643895.905121338)
(-530328.828258045,362544.93837289,-928799.096648812)
(-309405.133130559,138032.757547266,-1098969.47772312)
(0,0,0)
(0,0,0)
(0,0,0)
(0,0,0)
(0,0,0)
(0,0,0)
(-794601.629195474,-29913.9809679826,5059.51216906644)
(-791622.482986098,-29642.7116136773,8686.85105864658)
(-781403.613435981,-27791.3257448822,10301.3557953496)
(-753347.350770206,-21407.9015957618,13034.9230718112)
(-683421.555030354,-5942.92468325331,32988.8588842203)
(-509830.731077343,18136.2997936677,127929.729677415)
(7.9689340631959e-06,-3.87147765593891e-06,3.27406882277616e-06)
(-715357.861673347,298.614272081586,-882149.88708152)
(-611701.42864501,882493.69373633,-1153171.72036472)
(-330507.616143927,220801.281840336,-1236791.75335664)
(0,0,0)
(0,0,0)
(0,0,0)
(0,0,0)
(0,0,0)
(0,0,0)
(-809720.51037839,-91183.5714269538,5397.54772934968)
(-804311.105124771,-90626.7015784438,10558.6750234401)
(-788002.304054387,-88166.8238170056,16631.6758571067)
(-746853.446802906,-80811.5058136822,28452.3090744379)
(-650225.748872405,-63931.5972833107,57012.1946674796)
(-434596.721807543,-34126.7457426605,109885.181291165)
(-4.9177699412359e-06,-9.52118907257524e-07,-6.4872787167424e-07)
(1.76811700490749e-05,-2.72572821300105e-06,7.68481445740311e-06)
(-1114834.39632443,490.49047825721,-1814861.64949264)
(-413731.342598325,33714.0888954298,-1457521.29639739)
(0,0,0)
(0,0,0)
(0,0,0)
(0,0,0)
(0,0,0)
(0,0,0)
(-816833.265990659,-197935.847990498,6021.13156976148)
(-810040.006023447,-197189.634643167,13076.0917262515)
(-790666.731591001,-194186.15880912,23970.2449099492)
(-744026.281060422,-185035.60761578,45312.9124943538)
(-638845.677945168,-161225.038975138,86849.9922869105)
(-415465.799960301,-105951.374525623,144078.676404788)
(-1.06653404915182e-06,-8.34595109394168e-07,2.01937422435716e-12)
(1.30185924499256e-05,-4.28330148838103e-06,5.2453843833147e-06)
(-1056238.29753637,337.269354592993,-1781776.19444922)
(-417044.835537328,-67671.9782490384,-1491266.37453648)
(0,0,0)
(0,0,0)
(0,0,0)
(0,0,0)
(0,0,0)
(0,0,0)
(-800089.209510613,-361678.448591311,6800.49525637284)
(-793299.858800498,-361329.170218204,16128.7430015159)
(-774723.175773023,-359261.078551913,33168.4732019699)
(-731447.150925606,-351335.76323189,69199.660642021)
(-635422.294642115,-325040.084172131,142218.101191575)
(-426745.074900882,-240714.239985782,250114.679697519)
(8.13982295021462e-07,-2.15874192175293e-07,-2.22412178501639e-12)
(1.6879007648705e-05,9.82607559155832e-07,7.45465049916137e-06)
(-1158077.66059385,-1056024.86462472,-1849954.78369968)
(-416178.979223143,-320027.213255565,-1423708.43288613)
(0,0,0)
(0,0,0)
(0,0,0)
(0,0,0)
(0,0,0)
(0,0,0)
(-734108.617660215,-580583.906598426,7193.59378736668)
(-728721.389651829,-581519.568088611,18251.2467170139)
(-714621.930412283,-583142.190791558,41160.0894050441)
(-684070.269776547,-584330.649960492,95664.3076753948)
(-621598.683511062,-577657.248562248,226712.563649613)
(-482906.007010511,-509809.010675527,490964.748721524)
(2.39148021179117e-05,8.00298543599211e-06,3.85563713072663e-06)
(-852297.981434564,-1066097.54908415,-1056050.62224426)
(-610576.623733992,-722554.856872009,-1114113.68643549)
(-308875.950625967,-331128.092336282,-1103864.49811353)
(0,0,0)
(0,0,0)
(0,0,0)
(0,0,0)
(0,0,0)
(0,0,0)
(-587128.07446016,-819931.952225206,6318.14782316188)
(-583765.548064157,-822631.120650782,16695.8653186282)
(-575699.56144362,-829821.522249359,40033.5507218982)
(-562054.319860642,-847960.192785385,102458.48963145)
(-552630.64051561,-900885.858069841,294678.741917526)
(-627437.466658197,-1089975.91760525,1000969.42286364)
(-1297685.42916789,-1927267.1907613,-1066288.04558285)
(-636824.994440778,-1126516.59220237,-712651.548328942)
(-422863.680635383,-728219.233517548,-722827.363640315)
(-229026.720987822,-367068.472510311,-772927.443515838)
(0,0,0)
(0,0,0)
(0,0,0)
(0,0,0)
(0,0,0)
(0,0,0)
(-336110.038866999,-994024.99211665,3648.84106430269)
(-334582.265672928,-997703.904791372,9555.00193233257)
(-331078.718669335,-1007356.5421948,21934.8887265827)
(-325822.476835035,-1029411.73791192,49579.2822102864)
(-323550.298063675,-1079101.51768769,105634.045636451)
(-345132.561158415,-1184789.56698477,163748.370464376)
(-432839.489231495,-1348572.80634297,-265629.768269857)
(-318029.902627129,-1082870.66758147,-314492.516921988)
(-231006.74456302,-768271.45427297,-361843.607437841)
(-129185.563470037,-406248.395211731,-406059.882322875)
(0,0,0)
(0,0,0)
(0,0,0)
(0,0,0)
(0,0,0)
(0,0,0)
(0,0,0)
(0,0,0)
(0,0,0)
(0,0,0)
(0,0,0)
(0,0,0)
(0,0,0)
(0,0,0)
(0,0,0)
(0,0,0)
(0,0,0)
(0,0,0)
(0,0,0)
(0,0,0)
(0,0,0)
(0,0,0)
(0,0,0)
(0,0,0)
(0,0,0)
(0,0,0)
(0,0,0)
(0,0,0)
(0,0,0)
(0,0,0)
(0,0,0)
(0,0,0)
(0,0,0)
(0,0,0)
(0,0,0)
(0,0,0)
(0,0,0)
(0,0,0)
(0,0,0)
(0,0,0)
(0,0,0)
(0,0,0)
(0,0,0)
(0,0,0)
(0,0,0)
(0,0,0)
(0,0,0)
(0,0,0)
(0,0,0)
(0,0,0)
(0,0,0)
(0,0,0)
(0,0,0)
(0,0,0)
(0,0,0)
(0,0,0)
(0,0,0)
(0,0,0)
(0,0,0)
(0,0,0)
(0,0,0)
(0,0,0)
(0,0,0)
(0,0,0)
(0,0,0)
(0,0,0)
(0,0,0)
(0,0,0)
(0,0,0)
(0,0,0)
(0,0,0)
(0,0,0)
(0,0,0)
(0,0,0)
(0,0,0)
(0,0,0)
(0,0,0)
(0,0,0)
(0,0,0)
(0,0,0)
(0,0,0)
(0,0,0)
(0,0,0)
(0,0,0)
(0,0,0)
(0,0,0)
(0,0,0)
(0,0,0)
(0,0,0)
(0,0,0)
(0,0,0)
(0,0,0)
(0,0,0)
(0,0,0)
(0,0,0)
(0,0,0)
(0,0,0)
(0,0,0)
(0,0,0)
(0,0,0)
(0,0,0)
(0,0,0)
(-766394.062760047,1403.00622835393,2092.90872247933)
(-767543.722838818,2488.23368926064,1149.93917574968)
(-768597.99933245,5582.26681428997,-6814.67690956293)
(-767175.336053531,12914.7775985092,-28124.9481667038)
(-759171.972689918,28323.245724168,-73084.0071300958)
(-738187.42550371,56015.7881911793,-157057.121738108)
(-693382.735255006,90378.0901269873,-292874.497932053)
(-606307.184413369,84548.6169034392,-451164.981771868)
(-460785.561716078,59465.7403542257,-598966.863881916)
(-252314.834410685,29249.771314883,-692802.197456916)
(0,0,0)
(0,0,0)
(0,0,0)
(0,0,0)
(0,0,0)
(0,0,0)
(-768547.251192185,-1912.35246578677,3184.66004055189)
(-769386.838439801,214.198942482416,4261.62613260233)
(-769848.872939729,6463.7342678889,486.872331171461)
(-767719.29866482,22086.3895067376,-12744.2675020179)
(-759732.502668357,58596.453908551,-45373.3524916251)
(-742133.906726875,138181.522447322,-122644.576367952)
(-707600.857474809,278150.674175575,-298668.197161448)
(-622058.571884083,228832.521894677,-476201.906629659)
(-472938.044187045,147615.511341166,-629085.704086199)
(-258403.517660727,68220.0035789887,-721956.016954892)
(0,0,0)
(0,0,0)
(0,0,0)
(0,0,0)
(0,0,0)
(0,0,0)
(-771626.9822047,-15326.9889871874,5338.75802331176)
(-771917.551273214,-12501.5311419317,10541.2732007612)
(-771277.42296281,-4004.26622669956,16105.5877841964)
(-767826.145063676,18380.6340482025,23775.8409768953)
(-760624.875494892,77596.7195019318,34203.1563523045)
(-756793.743726865,249986.875071147,17290.5373239228)
(-779639.828256163,870399.499170296,-348004.576137177)
(-681966.687995977,502860.878726137,-557357.272084344)
(-512945.842424199,281220.003158633,-708344.749735662)
(-276462.847380724,116939.35037706,-790006.382283566)
(0,0,0)
(0,0,0)
(0,0,0)
(0,0,0)
(0,0,0)
(0,0,0)
(-772924.829715257,-45170.2558484298,8166.46738103041)
(-772512.551164963,-42467.0736478628,19022.078065835)
(-770340.418257254,-34510.9213878332,38465.5380482421)
(-764450.084250328,-15033.120527977,82982.0261045365)
(-756544.086946452,27173.0049775156,206528.272545044)
(-784391.130907691,93405.6803922699,637669.867054263)
(-1156555.73418231,422.509496849311,-715543.746100245)
(-865034.35479417,715947.859175977,-778954.23342926)
(-616363.750481945,379441.155771519,-872513.064205225)
(-316899.264696212,137585.582007754,-906767.64728362)
(0,0,0)
(0,0,0)
(0,0,0)
(0,0,0)
(0,0,0)
(0,0,0)
(-767360.557950812,-98441.4823438871,10911.2740678815)
(-766300.673500483,-96544.0073105313,26977.7761062554)
(-762409.869484303,-91023.3188488054,57897.738997135)
(-751025.710120032,-78153.3230295843,125190.204815861)
(-717880.057627774,-52697.9904309912,272715.508979748)
(-598113.658414119,-15056.5598415876,544694.685820175)
(1.27979020466546e-05,-8.53909391072505e-06,-1.05960982586834e-05)
(-1143797.57911107,99.2102916454935,-1115516.84820838)
(-795650.150979613,59132.3786814088,-1114392.31646308)
(-376624.849064658,30416.6439101762,-1044329.87189917)
(0,0,0)
(0,0,0)
(0,0,0)
(0,0,0)
(0,0,0)
(0,0,0)
(-746822.540681804,-181329.598893574,12877.3912408297)
(-745571.369272236,-180667.725845849,32532.4730249365)
(-741397.535744742,-178471.641587027,70711.5999169004)
(-729421.843429164,-172659.782925107,150613.622181165)
(-693286.686168182,-157982.919843493,310339.559816682)
(-562529.840814128,-117337.265027587,559684.305856506)
(1.05693260303117e-05,-1.34783519915792e-05,-7.85372384322748e-06)
(-1075532.08907265,102.311241148634,-1056661.71266663)
(-809135.084648537,-101459.802006317,-1143172.74486672)
(-388258.37600083,-66791.2907069074,-1074751.26978613)
(0,0,0)
(0,0,0)
(0,0,0)
(0,0,0)
(0,0,0)
(0,0,0)
(-699135.140576207,-295859.959170831,13576.2913428426)
(-698241.227128101,-296901.498495393,34751.4323199854)
(-695637.749357668,-299326.204430675,76520.5687482778)
(-688798.428827342,-304119.588783955,165331.652508856)
(-667737.590050288,-311361.328302319,351025.35637585)
(-573068.52438073,-296987.135882849,676998.67671097)
(1.27646856754033e-05,-1.58857121792368e-05,-1.07741599795172e-05)
(-1184951.90636381,-852434.458759125,-1158401.58374179)
(-800776.274379254,-508573.980998404,-1108588.79096429)
(-370813.769572336,-212743.724121667,-1008001.56720034)
(0,0,0)
(0,0,0)
(0,0,0)
(0,0,0)
(0,0,0)
(0,0,0)
(-608822.739086728,-433730.70148316,12584.8637388379)
(-608715.623159474,-436693.867137317,32371.4658884043)
(-608925.581735124,-444409.546082389,71758.4588629559)
(-612093.990721457,-462535.517489581,158198.108513492)
(-631368.759140535,-508904.109446745,365510.965287396)
(-733878.53632704,-654531.376876998,974027.735598078)
(-1325899.44153121,-1297881.82748884,-852558.868421719)
(-891811.24450582,-850812.051177148,-814668.012932443)
(-586009.222081497,-534943.839143208,-812865.556440121)
(-287802.756239046,-251307.154287568,-795375.320661149)
(0,0,0)
(0,0,0)
(0,0,0)
(0,0,0)
(0,0,0)
(0,0,0)
(-461335.251020053,-569221.690707145,9698.16578387863)
(-461776.249009865,-573733.455431157,24748.4550234248)
(-463568.42974475,-585484.866986202,53692.6442283739)
(-470766.9162741,-612033.388639061,111903.111791316)
(-497402.957544267,-672154.221714937,219925.541088162)
(-584723.39281066,-808023.959106908,330704.049470542)
(-796572.335209567,-1062700.80587261,-405590.066104011)
(-586416.929594314,-807914.556254904,-498895.625872722)
(-390936.726438152,-536474.506451003,-529291.912762151)
(-198204.196711,-267252.98607584,-544168.605250689)
(0,0,0)
(0,0,0)
(0,0,0)
(0,0,0)
(0,0,0)
(0,0,0)
(-252301.761505953,-658242.868710766,5212.90064257535)
(-252694.805672632,-663469.741385437,13061.7265965583)
(-254059.895631622,-676630.259637687,27188.2962103239)
(-258565.691995073,-703941.949167996,51840.0718992991)
(-272035.818318199,-755908.228204629,84079.5986435269)
(-305079.513797171,-840023.354975922,76025.9471513004)
(-352547.69630011,-916058.247224918,-150908.404427785)
(-284237.359283635,-765048.123093672,-227567.38093251)
(-197494.368538862,-537376.580702997,-260177.682704674)
(-102529.366538338,-277083.99863269,-277002.86707953)
(0,0,0)
(0,0,0)
(0,0,0)
(0,0,0)
(0,0,0)
(0,0,0)
(0,0,0)
(0,0,0)
(0,0,0)
(0,0,0)
(0,0,0)
(0,0,0)
(0,0,0)
(0,0,0)
(0,0,0)
(0,0,0)
(0,0,0)
(0,0,0)
(0,0,0)
(0,0,0)
(0,0,0)
(0,0,0)
(0,0,0)
(0,0,0)
(0,0,0)
(0,0,0)
(0,0,0)
(0,0,0)
(0,0,0)
(0,0,0)
(0,0,0)
(0,0,0)
(0,0,0)
(0,0,0)
(0,0,0)
(0,0,0)
(0,0,0)
(0,0,0)
(0,0,0)
(0,0,0)
(0,0,0)
(0,0,0)
(0,0,0)
(0,0,0)
(0,0,0)
(0,0,0)
(0,0,0)
(0,0,0)
(0,0,0)
(0,0,0)
(0,0,0)
(0,0,0)
(0,0,0)
(0,0,0)
(0,0,0)
(0,0,0)
(0,0,0)
(0,0,0)
(0,0,0)
(0,0,0)
(0,0,0)
(0,0,0)
(0,0,0)
(0,0,0)
(0,0,0)
(0,0,0)
(0,0,0)
(0,0,0)
(0,0,0)
(0,0,0)
(0,0,0)
(0,0,0)
(0,0,0)
(0,0,0)
(0,0,0)
(0,0,0)
(0,0,0)
(0,0,0)
(0,0,0)
(0,0,0)
(0,0,0)
(0,0,0)
(0,0,0)
(0,0,0)
(0,0,0)
(0,0,0)
(0,0,0)
(0,0,0)
(0,0,0)
(0,0,0)
(0,0,0)
(0,0,0)
(0,0,0)
(0,0,0)
(0,0,0)
(0,0,0)
(0,0,0)
(0,0,0)
(0,0,0)
(0,0,0)
(0,0,0)
(0,0,0)
(-766724.997631406,-727.938797258158,1058.87366861001)
(-767333.306478454,674.285063073852,174.17224516889)
(-767472.345527538,4364.63809393554,-5316.11965366992)
(-764833.926382127,12404.4459078285,-20061.9752329088)
(-754968.748434678,27773.8377077104,-52039.0371958616)
(-729887.36965991,52037.7951532011,-112376.888192851)
(-675896.229920331,76133.8943047957,-205997.287832321)
(-575258.787421435,68804.9961393249,-305850.680963577)
(-423207.109580658,47321.5570671731,-390750.690166169)
(-225480.074237277,23161.6849120128,-440747.135251594)
(0,0,0)
(0,0,0)
(0,0,0)
(0,0,0)
(0,0,0)
(0,0,0)
(-766744.546636477,-4990.99859687299,2460.355243907)
(-767844.172682946,-2303.31091618767,3895.28546631026)
(-769354.806161783,5051.98033996829,2713.87644233197)
(-769894.234538177,22011.9560741054,-4718.6978505836)
(-766623.605568984,57727.9950369249,-27781.7522791741)
(-753155.045589588,123513.13089225,-88235.9491555146)
(-712496.06451469,206102.364222478,-213309.212033312)
(-608172.788197887,168911.688646789,-327301.688226981)
(-445670.97232771,107586.202593547,-414833.405612682)
(-236391.66680808,50148.2623553915,-463831.833908712)
(0,0,0)
(0,0,0)
(0,0,0)
(0,0,0)
(0,0,0)
(0,0,0)
(-765142.248171075,-16660.6472385199,5184.91460802308)
(-767207.355046795,-13135.3160622809,11306.7235276989)
(-771479.868090966,-3114.2837892495,19675.4327850684)
(-778851.61790748,21716.0992562297,30996.7624467435)
(-791587.599454487,81696.3399399862,37991.1415032772)
(-812073.510092122,222444.423689507,-5660.38492872091)
(-822277.027640383,493594.464186431,-250515.285508455)
(-694827.295050959,319861.512300874,-388604.502107573)
(-499611.695174588,177848.88625005,-472201.333013687)
(-261153.942535089,76529.4337497587,-513891.409253681)
(0,0,0)
(0,0,0)
(0,0,0)
(0,0,0)
(0,0,0)
(0,0,0)
(-758531.055165471,-39765.6969564866,8711.27516818307)
(-761844.558726231,-36415.5100973203,21323.4767644863)
(-769874.560906117,-26735.9091213431,44479.2447454399)
(-787428.750720275,-1763.35901640207,90937.3694880253)
(-828347.034816671,65771.631493679,178665.025804554)
(-928490.423603946,279743.059864953,265465.682325378)
(-1130563.34559001,1157301.3307377,-424233.572818203)
(-876165.966439024,437338.451774318,-530578.900646781)
(-595898.334374848,200235.837966853,-573431.268470692)
(-301416.495623901,77903.0769520945,-590287.680745337)
(0,0,0)
(0,0,0)
(0,0,0)
(0,0,0)
(0,0,0)
(0,0,0)
(-741155.526911338,-78060.0579177482,12089.3299217837)
(-745664.761734815,-75986.0960933754,31024.0041521726)
(-757354.766946918,-70191.0462939811,69424.0387874307)
(-785064.932239954,-56739.7814360669,158439.683327016)
(-858007.436079137,-28234.9306693457,392573.623941404)
(-1089270.86842751,20461.0395022644,1143012.85431748)
(-2010357.30563608,-194.407311670473,-1144195.24393113)
(-1151344.45942002,68416.322679764,-767726.23452761)
(-713043.967579079,45688.2662363695,-695784.846197657)
(-345123.746007986,18789.5965615804,-668172.468863822)
(0,0,0)
(0,0,0)
(0,0,0)
(0,0,0)
(0,0,0)
(0,0,0)
(-705318.043993668,-133782.524135794,14217.9695299134)
(-710633.359183828,-133546.841678198,36840.7050263263)
(-724644.735307625,-132936.915359052,82833.7736542783)
(-757952.985205856,-132261.137828522,186886.271823425)
(-843260.860988357,-132591.118232845,441216.634207098)
(-1095178.59981422,-127952.409010871,1122278.84172034)
(-1968462.79247896,36.2013064393317,-1075644.08319247)
(-1182956.01088453,-109268.292825089,-790535.545875723)
(-738193.750700717,-93086.2661547985,-722702.347432403)
(-355873.22892586,-49366.9422562448,-686930.955689545)
(0,0,0)
(0,0,0)
(0,0,0)
(0,0,0)
(0,0,0)
(0,0,0)
(-641724.677540901,-205684.598805202,14491.6116341059)
(-647236.778553738,-207503.588099877,37443.9094814256)
(-661880.209103857,-212742.5440739,83491.9979424617)
(-696556.114248966,-227559.070784656,186547.616320228)
(-784522.414234539,-275112.817546511,445854.139818143)
(-1047490.27042127,-457879.055500681,1250202.53234851)
(-2047125.80327893,-1325942.59214493,-1185037.67500512)
(-1145444.65798815,-559345.041948089,-774468.174257787)
(-695452.732373884,-293854.350240385,-679023.632177582)
(-331891.965960806,-129758.593526239,-637553.784519112)
(0,0,0)
(0,0,0)
(0,0,0)
(0,0,0)
(0,0,0)
(0,0,0)
(-540903.976035685,-286331.768448729,12728.4065924831)
(-545901.229563562,-289814.686426613,32225.1113233066)
(-559001.69903763,-299129.620841007,68688.3053929195)
(-588669.87848717,-321330.866790934,139035.989164909)
(-655524.230807465,-375068.478832577,263147.122117909)
(-805239.139368454,-505507.302856934,382135.972515573)
(-1082457.62085696,-768714.499980323,-418533.94032327)
(-814997.416753488,-545594.557553552,-509098.252470149)
(-533971.605070359,-339984.167459605,-515006.052262076)
(-262975.625746705,-161739.700476306,-507852.075804342)
(0,0,0)
(0,0,0)
(0,0,0)
(0,0,0)
(0,0,0)
(0,0,0)
(-396681.237093625,-360304.75536097,9318.97298581738)
(-400474.980813256,-364778.991715955,22982.0100785501)
(-410138.380551285,-376108.796974636,46531.1370187149)
(-430920.280253774,-399980.434915962,85334.0691234158)
(-472891.064551156,-446964.727221424,132718.424519149)
(-547826.254174634,-528591.904266243,118905.887292427)
(-632024.769405354,-618858.425825731,-195497.752666393)
(-518022.198810677,-505909.021921974,-303578.019081601)
(-354532.320884305,-343151.499261685,-336815.092833364)
(-178936.129654469,-171636.047959312,-346186.812406891)
(0,0,0)
(0,0,0)
(0,0,0)
(0,0,0)
(0,0,0)
(0,0,0)
(-211372.231371516,-406094.477588335,4860.19209292783)
(-213377.401477997,-410949.642755132,11713.4389374694)
(-218404.821156843,-422751.874060815,22701.4415488688)
(-228702.34438983,-445548.563801354,38406.2228290149)
(-247650.881318877,-484043.962578084,51100.5211863495)
(-276014.520965928,-535151.146287027,28594.7703758834)
(-296474.019722574,-563715.521859506,-82621.8101678743)
(-250884.021125938,-480989.492663047,-140894.677584499)
(-176210.789546248,-339985.376636286,-165344.379202513)
(-90325.7974047282,-174601.206543673,-174582.78975176)
(0,0,0)
(0,0,0)
(0,0,0)
(0,0,0)
(0,0,0)
(0,0,0)
(0,0,0)
(0,0,0)
(0,0,0)
(0,0,0)
(0,0,0)
(0,0,0)
(0,0,0)
(0,0,0)
(0,0,0)
(0,0,0)
(0,0,0)
(0,0,0)
(0,0,0)
(0,0,0)
(0,0,0)
(0,0,0)
(0,0,0)
(0,0,0)
(0,0,0)
(0,0,0)
(0,0,0)
(0,0,0)
(0,0,0)
(0,0,0)
(0,0,0)
(0,0,0)
(0,0,0)
(0,0,0)
(0,0,0)
(0,0,0)
(0,0,0)
(0,0,0)
(0,0,0)
(0,0,0)
(0,0,0)
(0,0,0)
(0,0,0)
(0,0,0)
(0,0,0)
(0,0,0)
(0,0,0)
(0,0,0)
(0,0,0)
(0,0,0)
(0,0,0)
(0,0,0)
(0,0,0)
(0,0,0)
(0,0,0)
(0,0,0)
(0,0,0)
(0,0,0)
(0,0,0)
(0,0,0)
(0,0,0)
(0,0,0)
(0,0,0)
(0,0,0)
(0,0,0)
(0,0,0)
(0,0,0)
(0,0,0)
(0,0,0)
(0,0,0)
(0,0,0)
(0,0,0)
(0,0,0)
(0,0,0)
(0,0,0)
(0,0,0)
(0,0,0)
(0,0,0)
(0,0,0)
(0,0,0)
(0,0,0)
(0,0,0)
(0,0,0)
(0,0,0)
(0,0,0)
(0,0,0)
(0,0,0)
(0,0,0)
(0,0,0)
(0,0,0)
(0,0,0)
(0,0,0)
(0,0,0)
(0,0,0)
(0,0,0)
(0,0,0)
(0,0,0)
(0,0,0)
(0,0,0)
(0,0,0)
(0,0,0)
(0,0,0)
(-766406.84209034,-824.875398584463,506.719857520185)
(-766994.348815571,97.7406602934434,70.0215343544839)
(-767197.697623237,2456.42783501143,-2661.05420496138)
(-764599.083358109,7345.1033987759,-10241.0006277557)
(-754284.856579583,16103.3169160193,-27028.2093988621)
(-727120.042252037,28720.1513532877,-58515.688160027)
(-668429.681946132,39510.4215001075,-105492.65763434)
(-562770.787961701,35902.4118919204,-153883.068985998)
(-408774.79068378,24850.2068623428,-193165.594745213)
(-215490.761294158,12230.6807700399,-215385.588458376)
(0,0,0)
(0,0,0)
(0,0,0)
(0,0,0)
(0,0,0)
(0,0,0)
(-765481.22256262,-3517.36662626427,1429.16715382506)
(-766991.368691532,-1767.16126734454,2441.26509004946)
(-769552.618023612,2873.21952595124,2222.28526093817)
(-771848.059209019,13019.0765912801,-1497.86326072913)
(-770299.679891927,32725.8582402704,-14444.3302620366)
(-755728.208783814,64558.765399736,-47709.7811142544)
(-707886.777862789,96290.6130268267,-109099.259292869)
(-598661.672800172,82216.2685767655,-164924.23137543)
(-433603.453249875,53615.5778761526,-205757.121467069)
(-227691.781367212,25383.1158065961,-227609.441944487)
(0,0,0)
(0,0,0)
(0,0,0)
(0,0,0)
(0,0,0)
(0,0,0)
(-761777.519377932,-10086.5118970781,3204.41647766782)
(-765080.490154618,-7809.36506195874,7119.75538010763)
(-772320.607758947,-1546.22323612596,12379.9378101664)
(-784780.34114999,13104.7989277283,18222.9387162314)
(-802947.354253576,44941.6020281358,17366.9497274598)
(-820217.258351471,106062.056658168,-15992.5932716245)
(-804132.465231198,185356.606777439,-123203.14943142)
(-680818.253924988,138551.286422603,-193547.208403221)
(-487163.978763169,81592.1584123564,-233971.505350856)
(-253063.653143039,36295.6225281298,-252974.301464438)
(0,0,0)
(0,0,0)
(0,0,0)
(0,0,0)
(0,0,0)
(0,0,0)
(-751579.309323252,-22532.382789857,5494.12505055993)
(-757197.711516084,-20370.4150759434,13408.3278543983)
(-770743.377090034,-14307.0259566286,27037.9467588241)
(-797876.036004391,545.429739102005,50044.6012315644)
(-847901.311151556,36104.7089621576,78435.7706324244)
(-926296.370791567,119013.978517153,63289.7959610557)
(-989517.317335205,277607.698791005,-170007.324307301)
(-819386.099671669,162253.504934323,-250489.40958637)
(-568752.303649648,83156.0233229253,-279199.305222152)
(-289362.404162245,34236.5216938849,-289194.295849563)
(0,0,0)
(0,0,0)
(0,0,0)
(0,0,0)
(0,0,0)
(0,0,0)
(-728948.279477251,-42415.4151764927,7675.78495255272)
(-736725.103044635,-41131.9586275035,19497.669813934)
(-756403.462446832,-37633.8284307597,41873.1677879835)
(-798449.321576003,-29756.4710391749,85559.457902308)
(-884064.672061491,-13572.5108119603,161293.913658778)
(-1045387.33021335,14542.1860895981,221882.167872178)
(-1267211.64087807,41702.5651982808,-285358.363293129)
(-981718.272737528,36873.7631655779,-329604.80820685)
(-651952.010021036,20575.8874204593,-328116.629862427)
(-323628.9017988,8035.56275578846,-323410.515133511)
(0,0,0)
(0,0,0)
(0,0,0)
(0,0,0)
(0,0,0)
(0,0,0)
(-686432.236768086,-70287.1968049888,8985.9744029149)
(-695499.636192321,-70274.0724838342,22994.3652677389)
(-718691.67714534,-70311.1218994012,49718.60057409)
(-768659.156185564,-71027.9194610127,101696.219975634)
(-870528.500071684,-73964.200149733,189355.548396736)
(-1060001.95090127,-80270.8949123543,248991.980485734)
(-1308983.48326913,-78573.7675580357,-290210.995967775)
(-1018666.50193423,-71696.0735422285,-345930.668210261)
(-672564.250645072,-50330.5230591199,-340653.757786334)
(-331672.489668556,-25419.2293211041,-331399.704966751)
(0,0,0)
(0,0,0)
(0,0,0)
(0,0,0)
(0,0,0)
(0,0,0)
(-616196.922905955,-104851.086595333,9036.13515539299)
(-625269.426027612,-106157.621815331,22952.3319607661)
(-648381.463992134,-109864.257749487,49006.7226991303)
(-697609.290528955,-119715.703108499,98747.6826266046)
(-796579.044468286,-146166.805378358,183006.918088975)
(-979760.774268827,-215622.718598055,250629.245622226)
(-1230445.60772352,-361241.674512268,-283383.042978931)
(-946999.215371374,-228907.562091047,-324616.997046892)
(-622228.488111936,-132428.986351609,-315742.778016349)
(-306228.605479447,-60887.8495711809,-305937.518247636)
(0,0,0)
(0,0,0)
(0,0,0)
(0,0,0)
(0,0,0)
(0,0,0)
(-511444.541946246,-142096.748169127,7786.2274843521)
(-519204.112499508,-144334.218762894,19265.7073678649)
(-538579.236199863,-150213.162734675,39192.1495152895)
(-577933.371861575,-163585.953954312,72325.8937355057)
(-650445.557945294,-192468.04640609,113548.461901072)
(-764154.641226202,-248152.497495005,104993.742655771)
(-869216.216594009,-318390.220021202,-151099.116098243)
(-718062.959636709,-248739.027431656,-228202.107874396)
(-489734.242489146,-160634.634922553,-244233.82188468)
(-245299.451718294,-77728.0311600632,-245069.814324204)
(0,0,0)
(0,0,0)
(0,0,0)
(0,0,0)
(0,0,0)
(0,0,0)
(-369399.994172044,-174961.286731375,5583.29564066427)
(-374966.591278955,-177664.907132878,13405.5944763479)
(-388428.925557191,-184360.394164654,25843.3709122324)
(-414361.772203736,-197769.232171859,43468.141079739)
(-457992.107808857,-221758.372381227,57859.5103125809)
(-515984.246961409,-256860.835204244,34725.8408085944)
(-550765.808906256,-283389.162606185,-81534.1771055193)
(-469245.401311421,-238864.003338252,-140185.998698182)
(-329042.892953318,-164930.432825555,-161379.628726166)
(-167553.893574177,-83095.4134056782,-167394.482560843)
(0,0,0)
(0,0,0)
(0,0,0)
(0,0,0)
(0,0,0)
(0,0,0)
(-194529.864752249,-194677.590056808,2873.93670616622)
(-197383.157221855,-197523.214019878,6737.99933702651)
(-204169.238234628,-204318.451016833,12460.4732669887)
(-216682.377375175,-216840.35824733,19511.6323278048)
(-236272.434895285,-236392.702948562,22767.5164715481)
(-259103.078744602,-259165.219838968,8160.45888494924)
(-267336.169820799,-267309.48447578,-37057.0691472277)
(-230309.301242952,-230206.25534102,-66289.5370274484)
(-164010.083531558,-163865.293217089,-79555.3826506047)
(-84375.3117514239,-84295.983519234,-84305.2981903542)
(0,0,0)
(0,0,0)
(0,0,0)
(0,0,0)
(0,0,0)
(0,0,0)
(0,0,0)
(0,0,0)
(0,0,0)
(0,0,0)
(0,0,0)
(0,0,0)
(0,0,0)
(0,0,0)
(0,0,0)
(0,0,0)
(0,0,0)
(0,0,0)
(0,0,0)
(0,0,0)
(0,0,0)
(0,0,0)
(0,0,0)
(0,0,0)
(0,0,0)
(0,0,0)
(0,0,0)
(0,0,0)
(0,0,0)
(0,0,0)
(0,0,0)
(0,0,0)
(0,0,0)
(0,0,0)
(0,0,0)
(0,0,0)
(0,0,0)
(0,0,0)
(0,0,0)
(0,0,0)
(0,0,0)
(0,0,0)
(0,0,0)
(0,0,0)
(0,0,0)
(0,0,0)
(0,0,0)
(0,0,0)
(0,0,0)
(0,0,0)
(0,0,0)
(0,0,0)
(0,0,0)
(0,0,0)
(0,0,0)
(0,0,0)
(0,0,0)
(0,0,0)
(0,0,0)
(0,0,0)
(0,0,0)
(0,0,0)
(0,0,0)
(0,0,0)
(0,0,0)
(0,0,0)
(0,0,0)
(0,0,0)
(0,0,0)
(0,0,0)
(0,0,0)
(0,0,0)
(0,0,0)
(0,0,0)
(0,0,0)
(0,0,0)
(0,0,0)
(0,0,0)
(0,0,0)
(0,0,0)
(0,0,0)
(0,0,0)
(0,0,0)
(0,0,0)
(0,0,0)
(0,0,0)
(0,0,0)
(0,0,0)
(0,0,0)
(0,0,0)
(0,0,0)
(0,0,0)
(0,0,0)
(0,0,0)
(0,0,0)
(0,0,0)
(0,0,0)
(0,0,0)
(0,0,0)
(0,0,0)
(0,0,0)
(0,0,0)
(0,0,0)
(0,0,0)
(0,0,0)
(0,0,0)
(0,0,0)
(0,0,0)
(0,0,0)
(0,0,0)
(0,0,0)
(0,0,0)
(0,0,0)
(0,0,0)
(0,0,0)
(0,0,0)
(0,0,0)
(0,0,0)
(0,0,0)
(0,0,0)
(0,0,0)
(0,0,0)
(0,0,0)
(0,0,0)
(0,0,0)
(0,0,0)
(0,0,0)
(0,0,0)
(0,0,0)
(0,0,0)
(0,0,0)
(0,0,0)
(0,0,0)
(0,0,0)
(0,0,0)
(0,0,0)
(0,0,0)
(0,0,0)
(0,0,0)
(0,0,0)
(0,0,0)
(0,0,0)
(0,0,0)
(0,0,0)
(0,0,0)
(0,0,0)
(0,0,0)
(0,0,0)
(0,0,0)
(0,0,0)
(0,0,0)
(0,0,0)
(0,0,0)
(0,0,0)
(0,0,0)
(0,0,0)
(0,0,0)
(0,0,0)
(0,0,0)
(0,0,0)
(0,0,0)
(0,0,0)
(0,0,0)
(0,0,0)
(0,0,0)
(0,0,0)
(0,0,0)
(0,0,0)
(0,0,0)
(0,0,0)
(0,0,0)
(0,0,0)
(0,0,0)
(0,0,0)
(0,0,0)
(0,0,0)
(0,0,0)
(0,0,0)
(0,0,0)
(0,0,0)
(0,0,0)
(0,0,0)
(0,0,0)
(0,0,0)
(0,0,0)
(0,0,0)
(0,0,0)
(0,0,0)
(0,0,0)
(0,0,0)
(0,0,0)
(0,0,0)
(0,0,0)
(0,0,0)
(0,0,0)
(0,0,0)
(0,0,0)
(0,0,0)
(0,0,0)
(0,0,0)
(0,0,0)
(0,0,0)
(0,0,0)
(0,0,0)
(0,0,0)
(0,0,0)
(0,0,0)
(0,0,0)
(0,0,0)
(0,0,0)
(0,0,0)
(0,0,0)
(0,0,0)
(0,0,0)
(0,0,0)
(0,0,0)
(0,0,0)
(0,0,0)
(0,0,0)
(0,0,0)
(0,0,0)
(0,0,0)
(0,0,0)
(0,0,0)
(0,0,0)
(0,0,0)
(0,0,0)
(0,0,0)
(0,0,0)
(0,0,0)
(0,0,0)
(0,0,0)
(0,0,0)
(0,0,0)
(0,0,0)
(0,0,0)
(0,0,0)
(0,0,0)
(0,0,0)
(0,0,0)
(0,0,0)
(0,0,0)
(0,0,0)
(0,0,0)
(0,0,0)
(0,0,0)
(0,0,0)
(0,0,0)
(0,0,0)
(0,0,0)
(0,0,0)
(0,0,0)
(0,0,0)
(0,0,0)
(0,0,0)
(0,0,0)
(0,0,0)
(0,0,0)
(0,0,0)
(0,0,0)
(0,0,0)
(0,0,0)
(0,0,0)
(0,0,0)
(0,0,0)
(0,0,0)
(0,0,0)
(0,0,0)
(0,0,0)
(0,0,0)
(0,0,0)
(0,0,0)
(0,0,0)
(0,0,0)
(0,0,0)
(0,0,0)
(0,0,0)
(0,0,0)
(0,0,0)
(0,0,0)
(0,0,0)
(0,0,0)
(0,0,0)
(0,0,0)
(0,0,0)
(0,0,0)
(0,0,0)
(0,0,0)
(0,0,0)
(0,0,0)
(0,0,0)
(0,0,0)
(0,0,0)
(0,0,0)
(0,0,0)
(0,0,0)
(0,0,0)
(0,0,0)
(0,0,0)
(0,0,0)
(0,0,0)
(0,0,0)
(0,0,0)
(0,0,0)
(0,0,0)
(0,0,0)
(0,0,0)
(0,0,0)
(0,0,0)
(0,0,0)
(0,0,0)
(0,0,0)
(0,0,0)
(0,0,0)
(0,0,0)
(0,0,0)
(0,0,0)
(0,0,0)
(0,0,0)
(0,0,0)
(0,0,0)
(0,0,0)
(0,0,0)
(0,0,0)
(0,0,0)
(0,0,0)
(0,0,0)
(0,0,0)
(0,0,0)
(0,0,0)
(0,0,0)
(0,0,0)
(0,0,0)
(0,0,0)
(0,0,0)
(0,0,0)
(0,0,0)
(0,0,0)
(0,0,0)
(0,0,0)
(0,0,0)
(0,0,0)
(0,0,0)
(0,0,0)
(0,0,0)
(0,0,0)
(0,0,0)
(0,0,0)
(0,0,0)
(0,0,0)
(0,0,0)
(0,0,0)
(0,0,0)
(0,0,0)
(0,0,0)
(0,0,0)
(0,0,0)
(0,0,0)
(0,0,0)
(0,0,0)
(0,0,0)
(0,0,0)
(0,0,0)
(0,0,0)
(0,0,0)
(0,0,0)
(0,0,0)
(0,0,0)
(0,0,0)
(0,0,0)
(0,0,0)
(0,0,0)
(0,0,0)
(0,0,0)
(0,0,0)
(0,0,0)
(0,0,0)
(0,0,0)
(0,0,0)
(0,0,0)
(0,0,0)
(0,0,0)
(0,0,0)
(0,0,0)
(0,0,0)
(0,0,0)
(0,0,0)
(0,0,0)
(0,0,0)
(0,0,0)
(0,0,0)
(0,0,0)
(0,0,0)
(0,0,0)
(0,0,0)
(0,0,0)
(0,0,0)
(0,0,0)
(0,0,0)
(0,0,0)
(0,0,0)
(0,0,0)
(0,0,0)
(0,0,0)
(0,0,0)
(0,0,0)
(0,0,0)
(0,0,0)
(0,0,0)
(0,0,0)
(0,0,0)
(0,0,0)
(0,0,0)
(0,0,0)
(0,0,0)
(0,0,0)
(0,0,0)
(0,0,0)
(0,0,0)
(0,0,0)
(0,0,0)
(0,0,0)
(0,0,0)
(0,0,0)
(0,0,0)
(0,0,0)
(0,0,0)
(0,0,0)
(0,0,0)
(0,0,0)
(0,0,0)
(0,0,0)
(0,0,0)
(0,0,0)
(0,0,0)
(0,0,0)
(0,0,0)
(0,0,0)
(0,0,0)
(0,0,0)
(0,0,0)
(0,0,0)
(0,0,0)
(0,0,0)
(0,0,0)
(0,0,0)
(0,0,0)
(0,0,0)
(0,0,0)
(0,0,0)
(0,0,0)
(0,0,0)
(0,0,0)
(0,0,0)
(0,0,0)
(0,0,0)
(0,0,0)
(0,0,0)
(0,0,0)
(0,0,0)
(0,0,0)
(0,0,0)
(0,0,0)
(0,0,0)
(0,0,0)
(0,0,0)
(0,0,0)
(0,0,0)
(0,0,0)
(0,0,0)
(0,0,0)
(0,0,0)
(0,0,0)
(0,0,0)
(0,0,0)
(0,0,0)
(0,0,0)
(0,0,0)
(0,0,0)
(0,0,0)
(0,0,0)
(0,0,0)
(0,0,0)
(0,0,0)
(0,0,0)
(0,0,0)
(0,0,0)
(0,0,0)
(0,0,0)
(0,0,0)
(0,0,0)
(0,0,0)
(0,0,0)
(0,0,0)
(0,0,0)
(0,0,0)
(0,0,0)
(0,0,0)
(0,0,0)
(0,0,0)
(0,0,0)
(0,0,0)
(0,0,0)
(0,0,0)
(0,0,0)
(0,0,0)
(0,0,0)
(0,0,0)
(0,0,0)
(0,0,0)
(0,0,0)
(0,0,0)
(0,0,0)
(0,0,0)
(0,0,0)
(0,0,0)
(0,0,0)
(0,0,0)
(0,0,0)
(0,0,0)
(0,0,0)
(0,0,0)
(0,0,0)
(0,0,0)
(0,0,0)
(0,0,0)
(0,0,0)
(0,0,0)
(0,0,0)
(0,0,0)
(0,0,0)
(0,0,0)
(0,0,0)
(0,0,0)
(0,0,0)
(0,0,0)
(0,0,0)
(0,0,0)
(0,0,0)
(0,0,0)
(0,0,0)
(0,0,0)
(0,0,0)
(0,0,0)
(0,0,0)
(0,0,0)
(0,0,0)
(0,0,0)
(0,0,0)
(0,0,0)
(0,0,0)
(0,0,0)
(0,0,0)
(0,0,0)
(0,0,0)
(0,0,0)
(0,0,0)
(0,0,0)
(0,0,0)
(0,0,0)
(0,0,0)
(0,0,0)
(0,0,0)
(0,0,0)
(0,0,0)
(0,0,0)
(0,0,0)
(0,0,0)
(0,0,0)
(0,0,0)
(0,0,0)
(0,0,0)
(0,0,0)
(0,0,0)
(0,0,0)
(0,0,0)
(0,0,0)
(0,0,0)
(0,0,0)
(0,0,0)
(0,0,0)
(0,0,0)
(0,0,0)
(0,0,0)
(0,0,0)
(0,0,0)
(0,0,0)
(0,0,0)
(0,0,0)
(0,0,0)
(0,0,0)
(0,0,0)
(0,0,0)
(0,0,0)
(0,0,0)
(0,0,0)
(0,0,0)
(0,0,0)
(0,0,0)
(0,0,0)
(0,0,0)
(0,0,0)
(0,0,0)
(0,0,0)
(0,0,0)
(0,0,0)
(0,0,0)
(0,0,0)
(0,0,0)
(0,0,0)
(0,0,0)
(0,0,0)
(0,0,0)
(0,0,0)
(0,0,0)
(0,0,0)
(0,0,0)
(0,0,0)
(0,0,0)
(0,0,0)
(0,0,0)
(0,0,0)
(0,0,0)
(0,0,0)
(0,0,0)
(0,0,0)
(0,0,0)
(0,0,0)
(0,0,0)
(0,0,0)
(0,0,0)
(0,0,0)
(0,0,0)
(0,0,0)
(0,0,0)
(0,0,0)
(0,0,0)
(0,0,0)
(0,0,0)
(0,0,0)
(0,0,0)
(0,0,0)
(0,0,0)
(0,0,0)
(0,0,0)
(0,0,0)
(0,0,0)
(0,0,0)
(0,0,0)
(0,0,0)
(0,0,0)
(0,0,0)
(0,0,0)
(0,0,0)
(0,0,0)
(0,0,0)
(0,0,0)
(0,0,0)
(0,0,0)
(0,0,0)
(0,0,0)
(0,0,0)
(0,0,0)
(0,0,0)
(0,0,0)
(0,0,0)
(0,0,0)
(0,0,0)
(0,0,0)
(0,0,0)
(0,0,0)
(0,0,0)
(0,0,0)
(0,0,0)
(0,0,0)
(0,0,0)
(0,0,0)
(0,0,0)
(0,0,0)
(0,0,0)
(0,0,0)
(0,0,0)
(0,0,0)
(0,0,0)
(0,0,0)
(0,0,0)
(0,0,0)
(0,0,0)
(0,0,0)
(0,0,0)
(0,0,0)
(0,0,0)
(0,0,0)
(0,0,0)
(0,0,0)
(0,0,0)
(0,0,0)
(0,0,0)
(0,0,0)
(0,0,0)
(0,0,0)
(0,0,0)
(0,0,0)
(0,0,0)
(0,0,0)
(0,0,0)
(0,0,0)
(0,0,0)
(0,0,0)
(0,0,0)
(0,0,0)
(0,0,0)
(0,0,0)
(0,0,0)
(0,0,0)
(0,0,0)
(0,0,0)
(0,0,0)
(0,0,0)
(0,0,0)
(0,0,0)
(0,0,0)
(0,0,0)
(0,0,0)
(0,0,0)
(0,0,0)
(0,0,0)
(0,0,0)
(0,0,0)
(0,0,0)
(0,0,0)
(0,0,0)
(0,0,0)
(0,0,0)
(0,0,0)
(0,0,0)
(0,0,0)
(0,0,0)
(0,0,0)
(0,0,0)
(0,0,0)
(0,0,0)
(0,0,0)
(0,0,0)
(0,0,0)
(0,0,0)
(0,0,0)
(0,0,0)
(0,0,0)
(0,0,0)
(0,0,0)
(0,0,0)
(0,0,0)
(0,0,0)
(0,0,0)
(0,0,0)
(0,0,0)
(0,0,0)
(0,0,0)
(0,0,0)
(0,0,0)
(0,0,0)
(0,0,0)
(0,0,0)
(0,0,0)
(0,0,0)
(0,0,0)
(0,0,0)
(0,0,0)
(0,0,0)
(0,0,0)
(0,0,0)
(0,0,0)
(0,0,0)
(0,0,0)
(0,0,0)
(0,0,0)
(0,0,0)
(0,0,0)
(0,0,0)
(0,0,0)
(0,0,0)
(0,0,0)
(0,0,0)
(0,0,0)
(0,0,0)
(0,0,0)
(0,0,0)
(0,0,0)
(0,0,0)
(0,0,0)
(0,0,0)
(0,0,0)
(0,0,0)
(0,0,0)
(0,0,0)
(0,0,0)
(0,0,0)
(0,0,0)
(0,0,0)
(0,0,0)
(0,0,0)
(0,0,0)
(0,0,0)
(0,0,0)
(0,0,0)
(0,0,0)
(0,0,0)
(0,0,0)
(0,0,0)
(0,0,0)
(0,0,0)
(0,0,0)
(0,0,0)
(0,0,0)
(0,0,0)
(0,0,0)
(0,0,0)
(0,0,0)
