(0,0,0)
(0,0,0)
(0,0,0)
(0,0,0)
(0,0,0)
(0,0,0)
(0,0,0)
(0,0,0)
(0,0,0)
(0,0,0)
(0,0,0)
(0,0,0)
(0,0,0)
(0,0,0)
(0,0,0)
(0,0,0)
(0,0,0)
(0,0,0)
(0,0,0)
(0,0,0)
(0,0,0)
(0,0,0)
(0,0,0)
(0,0,0)
(0,0,0)
(0,0,0)
(0,0,0)
(0,0,0)
(0,0,0)
(0,0,0)
(0,0,0)
(0,0,0)
(0,0,0)
(0,0,0)
(0,0,0)
(0,0,0)
(0,0,0)
(0,0,0)
(0,0,0)
(0,0,0)
(0,0,0)
(0,0,0)
(0,0,0)
(0,0,0)
(0,0,0)
(0,0,0)
(0,0,0)
(0,0,0)
(0,0,0)
(0,0,0)
(0,0,0)
(0,0,0)
(0,0,0)
(0,0,0)
(0,0,0)
(0,0,0)
(0,0,0)
(0,0,0)
(0,0,0)
(0,0,0)
(0,0,0)
(0,0,0)
(0,0,0)
(0,0,0)
(0,0,0)
(0,0,0)
(0,0,0)
(0,0,0)
(0,0,0)
(0,0,0)
(0,0,0)
(0,0,0)
(0,0,0)
(0,0,0)
(0,0,0)
(0,0,0)
(0,0,0)
(0,0,0)
(0,0,0)
(0,0,0)
(0,0,0)
(0,0,0)
(0,0,0)
(0,0,0)
(0,0,0)
(0,0,0)
(0,0,0)
(0,0,0)
(0,0,0)
(0,0,0)
(0,0,0)
(0,0,0)
(0,0,0)
(0,0,0)
(0,0,0)
(0,0,0)
(0,0,0)
(0,0,0)
(0,0,0)
(0,0,0)
(0,0,0)
(0,0,0)
(0,0,0)
(0,0,0)
(0,0,0)
(0,0,0)
(0,0,0)
(0,0,0)
(0,0,0)
(0,0,0)
(0,0,0)
(0,0,0)
(0,0,0)
(0,0,0)
(0,0,0)
(0,0,0)
(0,0,0)
(0,0,0)
(0,0,0)
(0,0,0)
(0,0,0)
(0,0,0)
(0,0,0)
(0,0,0)
(0,0,0)
(0,0,0)
(0,0,0)
(0,0,0)
(0,0,0)
(0,0,0)
(0,0,0)
(0,0,0)
(0,0,0)
(0,0,0)
(0,0,0)
(0,0,0)
(0,0,0)
(0,0,0)
(0,0,0)
(0,0,0)
(0,0,0)
(0,0,0)
(0,0,0)
(0,0,0)
(0,0,0)
(0,0,0)
(0,0,0)
(0,0,0)
(0,0,0)
(0,0,0)
(0,0,0)
(0,0,0)
(0,0,0)
(0,0,0)
(0,0,0)
(0,0,0)
(0,0,0)
(0,0,0)
(0,0,0)
(0,0,0)
(0,0,0)
(0,0,0)
(0,0,0)
(0,0,0)
(0,0,0)
(0,0,0)
(0,0,0)
(0,0,0)
(0,0,0)
(0,0,0)
(0,0,0)
(0,0,0)
(0,0,0)
(0,0,0)
(0,0,0)
(0,0,0)
(0,0,0)
(0,0,0)
(0,0,0)
(0,0,0)
(0,0,0)
(0,0,0)
(0,0,0)
(0,0,0)
(0,0,0)
(0,0,0)
(0,0,0)
(0,0,0)
(0,0,0)
(0,0,0)
(0,0,0)
(0,0,0)
(0,0,0)
(0,0,0)
(0,0,0)
(0,0,0)
(0,0,0)
(0,0,0)
(0,0,0)
(0,0,0)
(0,0,0)
(0,0,0)
(0,0,0)
(0,0,0)
(0,0,0)
(0,0,0)
(0,0,0)
(0,0,0)
(0,0,0)
(0,0,0)
(0,0,0)
(0,0,0)
(0,0,0)
(0,0,0)
(0,0,0)
(0,0,0)
(0,0,0)
(0,0,0)
(0,0,0)
(0,0,0)
(0,0,0)
(0,0,0)
(0,0,0)
(0,0,0)
(0,0,0)
(0,0,0)
(0,0,0)
(0,0,0)
(0,0,0)
(0,0,0)
(0,0,0)
(0,0,0)
(0,0,0)
(0,0,0)
(0,0,0)
(0,0,0)
(0,0,0)
(0,0,0)
(0,0,0)
(0,0,0)
(0,0,0)
(0,0,0)
(0,0,0)
(0,0,0)
(0,0,0)
(0,0,0)
(0,0,0)
(0,0,0)
(0,0,0)
(0,0,0)
(0,0,0)
(0,0,0)
(0,0,0)
(0,0,0)
(0,0,0)
(0,0,0)
(0,0,0)
(0,0,0)
(0,0,0)
(0,0,0)
(0,0,0)
(0,0,0)
(0,0,0)
(0,0,0)
(0,0,0)
(0,0,0)
(0,0,0)
(0,0,0)
(0,0,0)
(0,0,0)
(0,0,0)
(0,0,0)
(0,0,0)
(0,0,0)
(0,0,0)
(0,0,0)
(0,0,0)
(0,0,0)
(0,0,0)
(0,0,0)
(0,0,0)
(0,0,0)
(0,0,0)
(0,0,0)
(0,0,0)
(0,0,0)
(0,0,0)
(0,0,0)
(0,0,0)
(0,0,0)
(0,0,0)
(0,0,0)
(0,0,0)
(0,0,0)
(0,0,0)
(0,0,0)
(0,0,0)
(0,0,0)
(0,0,0)
(0,0,0)
(0,0,0)
(0,0,0)
(0,0,0)
(0,0,0)
(0,0,0)
(0,0,0)
(0,0,0)
(0,0,0)
(0,0,0)
(0,0,0)
(0,0,0)
(0,0,0)
(0,0,0)
(0,0,0)
(0,0,0)
(0,0,0)
(0,0,0)
(0,0,0)
(0,0,0)
(0,0,0)
(0,0,0)
(0,0,0)
(0,0,0)
(0,0,0)
(0,0,0)
(0,0,0)
(0,0,0)
(0,0,0)
(0,0,0)
(0,0,0)
(0,0,0)
(0,0,0)
(0,0,0)
(0,0,0)
(0,0,0)
(0,0,0)
(0,0,0)
(0,0,0)
(0,0,0)
(0,0,0)
(0,0,0)
(0,0,0)
(0,0,0)
(0,0,0)
(0,0,0)
(0,0,0)
(0,0,0)
(0,0,0)
(0,0,0)
(0,0,0)
(0,0,0)
(0,0,0)
(0,0,0)
(0,0,0)
(0,0,0)
(0,0,0)
(0,0,0)
(0,0,0)
(0,0,0)
(0,0,0)
(0,0,0)
(0,0,0)
(0,0,0)
(0,0,0)
(0,0,0)
(0,0,0)
(0,0,0)
(0,0,0)
(0,0,0)
(0,0,0)
(0,0,0)
(0,0,0)
(0,0,0)
(0,0,0)
(0,0,0)
(0,0,0)
(0,0,0)
(0,0,0)
(0,0,0)
(0,0,0)
(0,0,0)
(0,0,0)
(0,0,0)
(0,0,0)
(0,0,0)
(0,0,0)
(0,0,0)
(0,0,0)
(0,0,0)
(0,0,0)
(0,0,0)
(0,0,0)
(0,0,0)
(0,0,0)
(0,0,0)
(0,0,0)
(0,0,0)
(0,0,0)
(0,0,0)
(0,0,0)
(0,0,0)
(0,0,0)
(0,0,0)
(0,0,0)
(0,0,0)
(0,0,0)
(0,0,0)
(0,0,0)
(0,0,0)
(0,0,0)
(0,0,0)
(0,0,0)
(0,0,0)
(0,0,0)
(0,0,0)
(0,0,0)
(0,0,0)
(0,0,0)
(0,0,0)
(0,0,0)
(0,0,0)
(0,0,0)
(0,0,0)
(0,0,0)
(0,0,0)
(0,0,0)
(0,0,0)
(0,0,0)
(0,0,0)
(0,0,0)
(0,0,0)
(0,0,0)
(0,0,0)
(0,0,0)
(0,0,0)
(0,0,0)
(0,0,0)
(0,0,0)
(0,0,0)
(0,0,0)
(0,0,0)
(0,0,0)
(0,0,0)
(0,0,0)
(0,0,0)
(0,0,0)
(0,0,0)
(0,0,0)
(0,0,0)
(0,0,0)
(0,0,0)
(0,0,0)
(0,0,0)
(0,0,0)
(0,0,0)
(0,0,0)
(0,0,0)
(0,0,0)
(0,0,0)
(0,0,0)
(0,0,0)
(0,0,0)
(0,0,0)
(0,0,0)
(0,0,0)
(0,0,0)
(0,0,0)
(0,0,0)
(0,0,0)
(0,0,0)
(0,0,0)
(0,0,0)
(0,0,0)
(0,0,0)
(0,0,0)
(0,0,0)
(0,0,0)
(0,0,0)
(0,0,0)
(0,0,0)
(0,0,0)
(0,0,0)
(0,0,0)
(0,0,0)
(0,0,0)
(0,0,0)
(0,0,0)
(0,0,0)
(0,0,0)
(0,0,0)
(0,0,0)
(0,0,0)
(0,0,0)
(0,0,0)
(0,0,0)
(0,0,0)
(0,0,0)
(0,0,0)
(0,0,0)
(0,0,0)
(0,0,0)
(0,0,0)
(0,0,0)
(0,0,0)
(0,0,0)
(0,0,0)
(0,0,0)
(0,0,0)
(0,0,0)
(0,0,0)
(0,0,0)
(0,0,0)
(0,0,0)
(0,0,0)
(0,0,0)
(0,0,0)
(0,0,0)
(0,0,0)
(0,0,0)
(0,0,0)
(0,0,0)
(0,0,0)
(0,0,0)
(0,0,0)
(0,0,0)
(0,0,0)
(0,0,0)
(0,0,0)
(0,0,0)
(0,0,0)
(0,0,0)
(0,0,0)
(0,0,0)
(0,0,0)
(0,0,0)
(0,0,0)
(0,0,0)
(0,0,0)
(0,0,0)
(0,0,0)
(0,0,0)
(0,0,0)
(0,0,0)
(0,0,0)
(0,0,0)
(0,0,0)
(0,0,0)
(0,0,0)
(0,0,0)
(0,0,0)
(0,0,0)
(0,0,0)
(0,0,0)
(0,0,0)
(0,0,0)
(0,0,0)
(0,0,0)
(0,0,0)
(0,0,0)
(0,0,0)
(0,0,0)
(0,0,0)
(0,0,0)
(0,0,0)
(0,0,0)
(0,0,0)
(0,0,0)
(0,0,0)
(0,0,0)
(0,0,0)
(0,0,0)
(0,0,0)
(0,0,0)
(0,0,0)
(0,0,0)
(0,0,0)
(0,0,0)
(0,0,0)
(0,0,0)
(0,0,0)
(0,0,0)
(0,0,0)
(0,0,0)
(0,0,0)
(0,0,0)
(0,0,0)
(0,0,0)
(0,0,0)
(0,0,0)
(0,0,0)
(0,0,0)
(0,0,0)
(0,0,0)
(0,0,0)
(0,0,0)
(0,0,0)
(0,0,0)
(0,0,0)
(0,0,0)
(0,0,0)
(0,0,0)
(0,0,0)
(0,0,0)
(0,0,0)
(0,0,0)
(0,0,0)
(0,0,0)
(0,0,0)
(0,0,0)
(0,0,0)
(0,0,0)
(0,0,0)
(0,0,0)
(0,0,0)
(0,0,0)
(0,0,0)
(0,0,0)
(0,0,0)
(0,0,0)
(0,0,0)
(0,0,0)
(0,0,0)
(0,0,0)
(0,0,0)
(0,0,0)
(0,0,0)
(0,0,0)
(0,0,0)
(0,0,0)
(0,0,0)
(0,0,0)
(0,0,0)
(0,0,0)
(0,0,0)
(0,0,0)
(0,0,0)
(0,0,0)
(0,0,0)
(0,0,0)
(0,0,0)
(0,0,0)
(0,0,0)
(0,0,0)
(0,0,0)
(0,0,0)
(0,0,0)
(0,0,0)
(0,0,0)
(0,0,0)
(0,0,0)
(0,0,0)
(0,0,0)
(0,0,0)
(0,0,0)
(0,0,0)
(0,0,0)
(0,0,0)
(0,0,0)
(0,0,0)
(0,0,0)
(0,0,0)
(0,0,0)
(0,0,0)
(0,0,0)
(0,0,0)
(0,0,0)
(0,0,0)
(0,0,0)
(0,0,0)
(0,0,0)
(0,0,0)
(0,0,0)
(0,0,0)
(0,0,0)
(0,0,0)
(0,0,0)
(0,0,0)
(0,0,0)
(0,0,0)
(0,0,0)
(0,0,0)
(0,0,0)
(0,0,0)
(0,0,0)
(0,0,0)
(0,0,0)
(0,0,0)
(0,0,0)
(0,0,0)
(0,0,0)
(0,0,0)
(0,0,0)
(0,0,0)
(0,0,0)
(0,0,0)
(0,0,0)
(0,0,0)
(0,0,0)
(0,0,0)
(0,0,0)
(0,0,0)
(0,0,0)
(0,0,0)
(0,0,0)
(0,0,0)
(0,0,0)
(0,0,0)
(0,0,0)
(0,0,0)
(0,0,0)
(0,0,0)
(0,0,0)
(0,0,0)
(0,0,0)
(0,0,0)
(0,0,0)
(0,0,0)
(0,0,0)
(0,0,0)
(0,0,0)
(0,0,0)
(0,0,0)
(0,0,0)
(0,0,0)
(0,0,0)
(0,0,0)
(0,0,0)
(0,0,0)
(0,0,0)
(0,0,0)
(0,0,0)
(0,0,0)
(0,0,0)
(0,0,0)
(0,0,0)
(0,0,0)
(0,0,0)
(0,0,0)
(0,0,0)
(0,0,0)
(0,0,0)
(0,0,0)
(0,0,0)
(0,0,0)
(0,0,0)
(0,0,0)
(0,0,0)
(0,0,0)
(0,0,0)
(0,0,0)
(0,0,0)
(0,0,0)
(0,0,0)
(0,0,0)
(0,0,0)
(0,0,0)
(0,0,0)
(0,0,0)
(0,0,0)
(0,0,0)
(0,0,0)
(0,0,0)
(0,0,0)
(0,0,0)
(0,0,0)
(0,0,0)
(0,0,0)
(0,0,0)
(0,0,0)
(0,0,0)
(0,0,0)
(0,0,0)
(0,0,0)
(0,0,0)
(0,0,0)
(0,0,0)
(0,0,0)
(0,0,0)
(0,0,0)
(0,0,0)
(0,0,0)
(0,0,0)
(0,0,0)
(0,0,0)
(0,0,0)
(0,0,0)
(0,0,0)
(0,0,0)
(0,0,0)
(0,0,0)
(0,0,0)
(0,0,0)
(0,0,0)
(0,0,0)
(0,0,0)
(0,0,0)
(0,0,0)
(0,0,0)
(0,0,0)
(0,0,0)
(0,0,0)
(0,0,0)
(0,0,0)
(0,0,0)
(0,0,0)
(0,0,0)
(0,0,0)
(0,0,0)
(0,0,0)
(0,0,0)
(0,0,0)
(0,0,0)
(0,0,0)
(0,0,0)
(0,0,0)
(0,0,0)
(0,0,0)
(0,0,0)
(0,0,0)
(-18410.8319569437,9784.10474703542,8626.72720990815)
(-19549.6845322949,9359.18789119654,18817.2238510066)
(-22095.4658159417,8517.43366757322,32395.2559993754)
(-26840.809204874,7229.79110695448,52006.2740972973)
(-35389.3046206161,5394.17999377885,82001.3987241401)
(-50765.3164892753,3320.65304679213,129446.06216661)
(-78639.6279766092,1498.97008384478,206586.720059408)
(-128946.66960003,418.125929262261,335115.263730169)
(-212872.948468648,65.1689319676664,547923.043266904)
(-296725.836054036,7.66698410823401,844641.212336837)
(0,0,0)
(0,0,0)
(0,0,0)
(0,0,0)
(0,0,0)
(0,0,0)
(-19528.086565433,21091.059375561,8221.13193690693)
(-20684.8874405506,20320.4066361055,17944.8006325517)
(-23272.1967862006,18711.5989007171,31022.832185605)
(-28108.5714140853,16170.6310356898,50190.5636709586)
(-36872.9103105717,12568.7509382945,79888.9030370126)
(-52619.1624531455,8306.89526179855,127521.823275158)
(-80786.5669694595,4363.65174030551,205443.708588124)
(-130898.650514279,1927.98448368425,334832.500547954)
(-214154.34173895,1003.56337796561,548048.447840967)
(-297323.426385907,531.80257222393,844847.738638667)
(0,0,0)
(0,0,0)
(0,0,0)
(0,0,0)
(0,0,0)
(0,0,0)
(-22034.608182879,35652.5003308385,7473.16722760096)
(-23210.6368290535,34673.5989333279,16330.6117594324)
(-25879.0169190765,32486.9562077165,28434.2713715141)
(-30963.0063819595,28912.4111304925,46655.4976586727)
(-40272.4219996716,23801.0839785423,75695.5866180961)
(-56966.3095287875,17404.3378932711,123564.453515411)
(-86087.4306640535,11015.3603883301,203000.175531443)
(-135785.157515576,6726.61155275572,333986.705977921)
(-217303.748229674,4518.06551526886,547775.95207036)
(-298751.014886783,2468.21277121506,844590.556758136)
(0,0,0)
(0,0,0)
(0,0,0)
(0,0,0)
(0,0,0)
(0,0,0)
(-26677.0874848195,55882.0763259374,6447.51148972116)
(-27856.0157387962,54811.6202997574,14165.5058620896)
(-30638.9491974584,52381.5438988989,24909.8673683593)
(-36084.3106808376,48308.9532740144,41597.6359056704)
(-46333.1429936453,42323.6073511366,69408.2555267244)
(-64890.9289825964,34471.5305372914,117231.991865295)
(-96291.4928332132,25821.9908999044,198716.854186945)
(-145257.410975019,18886.0251575853,331814.851557102)
(-223067.729564542,13504.3084652671,545896.338171605)
(-301266.60457141,7279.09972061806,842352.055793711)
(0,0,0)
(0,0,0)
(0,0,0)
(0,0,0)
(0,0,0)
(0,0,0)
(-34972.6434351026,85564.0810819457,5290.63867909329)
(-36135.3742632906,84528.6327292287,11709.0005129116)
(-38980.5445183052,82181.0819846609,20890.0069454536)
(-44727.8612231175,78235.8347142383,35690.986728352)
(-55953.9891425882,72324.0360789399,61644.5471431424)
(-76828.2917165928,64318.2898335805,108626.079563432)
(-111815.746143611,54577.8870003876,191685.929606562)
(-159664.322524775,43909.4336274195,326326.843661528)
(-231446.143754139,31616.0418379796,539661.254043001)
(-304913.358516735,16756.322166892,835097.390113481)
(0,0,0)
(0,0,0)
(0,0,0)
(0,0,0)
(0,0,0)
(0,0,0)
(-49984.5787618447,131378.813366118,4169.84647767335)
(-51095.6188683529,130470.390067347,9323.70800790689)
(-53841.688127162,128386.429126403,16960.0489933263)
(-59536.6773020622,124844.408367726,29888.1526418975)
(-70871.3943988182,119357.374952005,53726.2081676504)
(-92114.7148406929,111291.920828563,98867.2920133682)
(-127160.833362108,99772.2108414999,180833.801534389)
(-172810.49606849,83705.4020237569,313848.329206523)
(-240500.081822826,61293.8596567077,524670.593210658)
(-309471.49474823,32694.170145645,818204.239980051)
(0,0,0)
(0,0,0)
(0,0,0)
(0,0,0)
(0,0,0)
(0,0,0)
(-77540.5519730463,205718.620564491,3200.74477467611)
(-78529.1825350392,204954.971932931,7245.34544412965)
(-80975.3460958621,203150.273813763,13456.8468526362)
(-86169.2176847073,199988.080664397,24482.3922406759)
(-96683.3026513542,194815.727008739,45707.3428352979)
(-116620.654287123,186287.947962548,87331.9699884278)
(-149466.828164059,171921.761821295,164649.247172694)
(-190985.222302282,148077.826521557,291262.044977172)
(-254080.473486644,110771.391280801,495864.986839659)
(-316981.338013671,60333.5770517756,785206.917947248)
(0,0,0)
(0,0,0)
(0,0,0)
(0,0,0)
(0,0,0)
(0,0,0)
(-127841.125510751,331183.215601266,2376.53047396529)
(-128633.467824764,330505.148575558,5459.82165610514)
(-130602.811464095,328870.157513499,10342.7494204731)
(-134829.100992853,325800.406477096,19359.5246006141)
(-143457.587250495,320410.739964972,37222.0988948703)
(-160015.965817157,310544.21695821,72981.7957163633)
(-187513.815999797,291687.711279396,140729.662258045)
(-221169.489282188,256197.626644119,253779.351417687)
(-278791.416338865,198181.699516376,445160.459520977)
(-331334.813021259,112328.122970791,724500.726623156)
(0,0,0)
(0,0,0)
(0,0,0)
(0,0,0)
(0,0,0)
(0,0,0)
(-212060.637187805,541644.684001021,1599.16878804087)
(-212628.956824729,540973.481483466,3759.79270487407)
(-213977.783448191,539323.787529897,7283.94613663379)
(-216816.829339474,535952.708489281,13948.473463929)
(-222526.652563361,529535.302133822,27350.5638584515)
(-233243.392624538,516927.854612369,54210.3188288196)
(-251257.987819693,491878.169853867,105277.848074039)
(-278123.353090139,443948.179504579,195650.648303714)
(-324373.204126735,359135.86408226,359069.687864538)
(-356377.539071286,215959.258084621,611816.091821997)
(0,0,0)
(0,0,0)
(0,0,0)
(0,0,0)
(0,0,0)
(0,0,0)
(-296351.600369367,837178.11173105,818.172639323772)
(-296641.812176524,836482.119493914,1951.34680539995)
(-297316.178238997,834763.216899731,3828.09567459109)
(-298726.236053776,831071.985807693,7435.05440996634)
(-301502.972033559,823725.778422573,14747.5501547924)
(-306654.666058248,808958.408992132,29371.661833275)
(-315660.77800538,779347.174999751,57563.4346927634)
(-330890.979952053,721525.803908782,110876.790240574)
(-356285.945230502,610571.690059878,215726.90949345)
(-358899.987321554,395067.139870134,395519.015029497)
(0,0,0)
(0,0,0)
(0,0,0)
(0,0,0)
(0,0,0)
(0,0,0)
(0,0,0)
(0,0,0)
(0,0,0)
(0,0,0)
(0,0,0)
(0,0,0)
(0,0,0)
(0,0,0)
(0,0,0)
(0,0,0)
(0,0,0)
(0,0,0)
(0,0,0)
(0,0,0)
(0,0,0)
(0,0,0)
(0,0,0)
(0,0,0)
(0,0,0)
(0,0,0)
(0,0,0)
(0,0,0)
(0,0,0)
(0,0,0)
(0,0,0)
(0,0,0)
(0,0,0)
(0,0,0)
(0,0,0)
(0,0,0)
(0,0,0)
(0,0,0)
(0,0,0)
(0,0,0)
(0,0,0)
(0,0,0)
(0,0,0)
(0,0,0)
(0,0,0)
(0,0,0)
(0,0,0)
(0,0,0)
(0,0,0)
(0,0,0)
(0,0,0)
(0,0,0)
(0,0,0)
(0,0,0)
(0,0,0)
(0,0,0)
(0,0,0)
(0,0,0)
(0,0,0)
(0,0,0)
(0,0,0)
(0,0,0)
(0,0,0)
(0,0,0)
(0,0,0)
(0,0,0)
(0,0,0)
(0,0,0)
(0,0,0)
(0,0,0)
(0,0,0)
(0,0,0)
(0,0,0)
(0,0,0)
(0,0,0)
(0,0,0)
(0,0,0)
(0,0,0)
(0,0,0)
(0,0,0)
(0,0,0)
(0,0,0)
(0,0,0)
(0,0,0)
(0,0,0)
(0,0,0)
(0,0,0)
(0,0,0)
(0,0,0)
(0,0,0)
(0,0,0)
(0,0,0)
(0,0,0)
(0,0,0)
(0,0,0)
(0,0,0)
(0,0,0)
(0,0,0)
(0,0,0)
(0,0,0)
(0,0,0)
(0,0,0)
(2785764.64028196,8746.96861376981,7537.24193792777)
(2783864.58122816,8320.3777935918,16262.2811744463)
(2779612.19387234,7419.24840154635,27595.0558751564)
(2771797.74911628,5983.21007551032,43432.9702690265)
(2757905.89360155,3912.55077220482,66684.9040652355)
(2733177.89907452,1472.4198093771,101728.951482543)
(2687802.61387923,-684.336087312817,156430.728504557)
(2598154.65848014,-1592.9229356677,251382.006150549)
(2395938.34686575,-1282.9317953987,464313.325402086)
(1846850.30742629,-631.124150903882,1141827.98886323)
(0,0,0)
(0,0,0)
(0,0,0)
(0,0,0)
(0,0,0)
(0,0,0)
(2783879.90700356,18668.8684515473,7129.78938384669)
(2781989.0731001,17866.5181790478,15369.3712483523)
(2777690.52586438,16150.1074061725,26135.4723837133)
(2769733.04931021,13351.0816585615,41385.6628669032)
(2755474.05590453,9195.15924779903,64215.7709667958)
(2730049.8069577,3961.86816384209,99517.0359920242)
(2683986.99874073,-973.129955617162,155491.946940813)
(2594719.16694199,-3012.23449155598,251753.123831022)
(2393822.15006053,-2179.48506532658,465132.868091973)
(1845913.7970424,-917.755450693437,1142641.95875394)
(0,0,0)
(0,0,0)
(0,0,0)
(0,0,0)
(0,0,0)
(0,0,0)
(2779635.61348799,31092.4129600726,6365.91661116127)
(2777746.72132617,30047.8144475551,13686.944978032)
(2773359.80368634,27749.1262736376,23308.7882957617)
(2765034.4922147,23849.9852460062,37272.0689022714)
(2749801.10917679,17829.6101384756,59023.7696256401)
(2722336.45110664,9565.18823600911,94577.3717086173)
(2673659.94275313,857.167563609725,153459.383562795)
(2585247.59455689,-2744.58315724738,252618.662946711)
(2388312.55964206,-1267.81288529967,466550.365685473)
(1843617.50990205,-58.6892949507888,1143782.45753152)
(0,0,0)
(0,0,0)
(0,0,0)
(0,0,0)
(0,0,0)
(0,0,0)
(2771901.39592845,47658.0322867308,5315.58005062896)
(2770014.78443933,46543.9751577537,11408.3019529381)
(2765503.09907195,44059.0965334613,19415.9662142926)
(2756642.77754108,39719.6318075487,31278.9142214594)
(2739582.8022161,32806.3622356053,50845.8997051275)
(2707425.70154911,22642.6541046405,85911.4860953703)
(2650698.44786217,10373.6187217429,149864.777032461)
(2563706.98560796,4520.48448552858,254094.995597285)
(2377214.20219622,5137.62877055089,467867.304971186)
(1839347.21035122,3650.80283672411,1144003.68070753)
(0,0,0)
(0,0,0)
(0,0,0)
(0,0,0)
(0,0,0)
(0,0,0)
(2758299.06261992,70685.0332791154,4160.97574316359)
(2756460.12093641,69667.8452747423,8901.29321702108)
(2751921.10710125,67415.5993403638,15102.8215811896)
(2742598.94487381,63536.8144237604,24418.5156586157)
(2723445.0329383,57528.030832823,40757.5077711055)
(2684249.05601235,49125.3944994136,73657.1024380039)
(2609486.61072723,39280.0509884098,143907.996091074)
(2523834.75575426,30778.2303765223,254610.854711662)
(2359866.2350134,22550.053208895,466345.73429624)
(1833022.34605222,12181.7584420334,1140338.75691261)
(0,0,0)
(0,0,0)
(0,0,0)
(0,0,0)
(0,0,0)
(0,0,0)
(2734049.3559787,104007.481377697,3103.29995141531)
(2732333.28938619,103179.261494025,6622.65826813973)
(2728020.36238264,101369.849752756,11266.0401365414)
(2718858.96764274,98332.3560642406,18534.5363419168)
(2699517.7785663,93659.8828949211,32473.194105259)
(2659264.31330187,86862.5790357451,63816.6642169674)
(2583682.66040604,77487.7165567676,135225.187671059)
(2501898.85971621,65551.1135267698,246202.631526646)
(2345131.71923028,47757.5249834946,455823.041489513)
(1825791.15591991,25230.9146153746,1127970.91743868)
(0,0,0)
(0,0,0)
(0,0,0)
(0,0,0)
(0,0,0)
(0,0,0)
(2689112.5855244,155555.399518199,2258.62715264718)
(2687607.39669279,154939.34689723,4821.64531217818)
(2683811.39095119,153598.151680225,8266.2891282758)
(2675504.93398104,151414.998884167,13969.177433179)
(2657503.60386156,148110.153814817,25791.6827909384)
(2619082.6668956,142927.700874421,54482.9225601119)
(2545895.24577067,133898.29013645,123169.957836254)
(2472056.69482971,117929.476770675,228209.360250975)
(2323136.95605858,86111.5862616738,433097.552218138)
(1813336.30012353,46017.1110603938,1102453.40042657)
(0,0,0)
(0,0,0)
(0,0,0)
(0,0,0)
(0,0,0)
(0,0,0)
(2599418.43616469,247114.419747903,1641.10088549413)
(2598240.33551926,246644.088969082,3522.23826020319)
(2595228.35500291,245624.809120776,6124.09714318817)
(2588503.88950194,243941.059051382,10724.7292718371)
(2573678.8040939,241456.942416223,20701.2321165468)
(2541144.38085767,237412.288533432,45515.9805733303)
(2477182.86708367,228048.386621733,107128.883795088)
(2428811.86659897,199330.980597815,196205.706877321)
(2278533.78419464,152680.768888741,392771.006507237)
(1784438.80434638,87346.0561134908,1056128.12687706)
(0,0,0)
(0,0,0)
(0,0,0)
(0,0,0)
(0,0,0)
(0,0,0)
(2396726.29446876,457678.301755375,1108.86912652673)
(2395906.21484858,457239.478113806,2437.99109911117)
(2393887.53768647,456227.245373839,4429.91650196175)
(2389481.06549212,454289.062896602,8243.70061566496)
(2380187.64692932,450761.427330745,16684.5989990173)
(2361364.52763734,443688.645586506,36260.0044746369)
(2327398.21990086,427652.177460652,78459.6887057705)
(2279318.55633875,391357.259942937,149451.182722372)
(2143602.60071728,327401.401830695,327214.427726987)
(1696590.34897469,213564.567580161,968487.711004841)
(0,0,0)
(0,0,0)
(0,0,0)
(0,0,0)
(0,0,0)
(0,0,0)
(1847116.14671231,1134099.80651281,570.430951408097)
(1846701.28356497,1133639.20024969,1287.29586460042)
(1845708.70468358,1132528.72800433,2420.61310205442)
(1843580.02289123,1130186.8448403,4676.25500398338)
(1839248.96919517,1125531.47771934,9613.94617728907)
(1830799.01367467,1115921.44484517,20387.1499763693)
(1815114.04818444,1095373.19036336,42350.9936744061)
(1784898.99215727,1052832.27284823,85545.6914503587)
(1696671.23130289,967239.034425969,213210.56511227)
(1379508.817156,754220.223189221,754605.787816198)
(0,0,0)
(0,0,0)
(0,0,0)
(0,0,0)
(0,0,0)
(0,0,0)
(0,0,0)
(0,0,0)
(0,0,0)
(0,0,0)
(0,0,0)
(0,0,0)
(0,0,0)
(0,0,0)
(0,0,0)
(0,0,0)
(0,0,0)
(0,0,0)
(0,0,0)
(0,0,0)
(0,0,0)
(0,0,0)
(0,0,0)
(0,0,0)
(0,0,0)
(0,0,0)
(0,0,0)
(0,0,0)
(0,0,0)
(0,0,0)
(0,0,0)
(0,0,0)
(0,0,0)
(0,0,0)
(0,0,0)
(0,0,0)
(0,0,0)
(0,0,0)
(0,0,0)
(0,0,0)
(0,0,0)
(0,0,0)
(0,0,0)
(0,0,0)
(0,0,0)
(0,0,0)
(0,0,0)
(0,0,0)
(0,0,0)
(0,0,0)
(0,0,0)
(0,0,0)
(0,0,0)
(0,0,0)
(0,0,0)
(0,0,0)
(0,0,0)
(0,0,0)
(0,0,0)
(0,0,0)
(0,0,0)
(0,0,0)
(0,0,0)
(0,0,0)
(0,0,0)
(0,0,0)
(0,0,0)
(0,0,0)
(0,0,0)
(0,0,0)
(0,0,0)
(0,0,0)
(0,0,0)
(0,0,0)
(0,0,0)
(0,0,0)
(0,0,0)
(0,0,0)
(0,0,0)
(0,0,0)
(0,0,0)
(0,0,0)
(0,0,0)
(0,0,0)
(0,0,0)
(0,0,0)
(0,0,0)
(0,0,0)
(0,0,0)
(0,0,0)
(0,0,0)
(0,0,0)
(0,0,0)
(0,0,0)
(0,0,0)
(0,0,0)
(0,0,0)
(0,0,0)
(0,0,0)
(0,0,0)
(0,0,0)
(0,0,0)
(-47358.9816188418,6948.63818365022,5715.30092655156)
(-49472.1615673942,6523.93656269411,12068.4243688441)
(-54101.0199310418,5587.03000638681,19734.9253752988)
(-62359.4523286135,3964.64269218687,29467.8013374742)
(-76521.3323000165,1511.97385663021,41923.3705918333)
(-100154.845950432,-1617.77493001162,56414.2077563039)
(-138733.17790493,-4468.38016780564,66958.6969177171)
(-199803.287001798,-5013.17488018867,49470.1344893453)
(-287328.267985497,-3409.7235175827,-84313.2099324162)
(-352463.498618357,-1556.98532330771,-703902.101354994)
(0,0,0)
(0,0,0)
(0,0,0)
(0,0,0)
(0,0,0)
(0,0,0)
(-49503.4020584312,14569.4220126378,5302.84244238657)
(-51553.633513429,13753.4521932699,11156.3506347283)
(-56140.2399633884,11943.5344948243,18170.9291834905)
(-64430.7682818762,8762.99395107595,27076.7127261501)
(-78812.0810970244,3619.69178999861,38795.4490037558)
(-103092.338428021,-3686.71462430356,53546.8512932218)
(-142573.396356703,-11240.4119993113,66419.5954315022)
(-203029.441074329,-12434.2360293843,51129.5818064244)
(-288929.425540579,-7657.1036018937,-82331.1452986402)
(-353044.816566457,-3188.07869747576,-702201.121106224)
(0,0,0)
(0,0,0)
(0,0,0)
(0,0,0)
(0,0,0)
(0,0,0)
(-54278.5715917671,23477.5712561427,4546.35304569547)
(-56249.2025019383,22420.2206045271,9415.82567194406)
(-60774.2791719089,20003.572136486,15030.188097916)
(-69183.7674964672,15549.6455280601,22002.113441484)
(-84295.2818719457,7714.96460921247,31543.5488804917)
(-111020.829506174,-5242.02407551238,45996.4561539375)
(-155305.827535323,-21991.4485716978,65253.5802241945)
(-214132.205011156,-24206.0046922813,55945.465664455)
(-293785.125672421,-12340.3436734967,-77733.2917399678)
(-354610.839302059,-4304.87562823082,-698847.828395701)
(0,0,0)
(0,0,0)
(0,0,0)
(0,0,0)
(0,0,0)
(0,0,0)
(-62745.5615583347,34161.5393275154,3503.30662485536)
(-64619.9117784351,33064.9293434733,7033.6113130424)
(-69040.6497288328,30536.6276635134,10584.6217962124)
(-77622.1054893269,25740.5498972768,14198.9176667744)
(-94416.7316527481,16779.2277229196,18674.5056313697)
(-128443.427152673,-404.420066413936,29246.3475334842)
(-194825.565820372,-30717.7470995999,63036.9769533361)
(-250450.982349244,-35284.1528806628,67813.4103083475)
(-305929.30419305,-12207.6647618122,-69635.4450045959)
(-357942.15580188,-2659.73032869518,-694450.906941651)
(0,0,0)
(0,0,0)
(0,0,0)
(0,0,0)
(0,0,0)
(0,0,0)
(-76984.0618801846,46593.3439643859,2391.63707266022)
(-78709.3974623546,45668.9966061228,4497.40541822366)
(-82902.1749062429,43606.5824287165,5791.04986988585)
(-91491.5346577968,39905.8432166273,5256.55329157652)
(-110266.125902975,33724.6530966852,1562.60396849083)
(-158201.011030755,24244.7938315536,-1096.22567697994)
(-314690.114245067,13545.2782527504,58357.7911523767)
(-373210.585770681,8864.91178191044,90794.3852241357)
(-329662.79317443,7809.43030422314,-60153.3644445644)
(-363356.259557631,4947.81341747369,-691841.985371379)
(0,0,0)
(0,0,0)
(0,0,0)
(0,0,0)
(0,0,0)
(0,0,0)
(-100519.197296584,59235.8923529938,1466.32209613594)
(-102035.511381149,58599.4736543856,2444.96302466461)
(-105801.652716974,57261.4030112414,2152.47475115919)
(-113803.476440734,55081.6345548792,-820.555294273592)
(-132012.977955828,51758.8689855441,-7783.69745156082)
(-179713.651955463,46769.8115640669,-11790.4327173377)
(-328254.459426049,39775.8380267821,53456.4445500973)
(-381570.106196409,35763.460234723,89567.1792193671)
(-340593.288189307,25811.2257666083,-63169.2916140467)
(-368761.364840568,12825.8968369771,-696954.537063609)
(0,0,0)
(0,0,0)
(0,0,0)
(0,0,0)
(0,0,0)
(0,0,0)
(-138968.373374578,66030.8524016733,826.316059692018)
(-140237.048604363,65697.4205255389,1113.13169512572)
(-143383.626820829,65105.5063656844,4.36332207840813)
(-150338.424588922,64512.4772406837,-4042.80358434375)
(-167016.706492601,64398.2210640514,-12621.5280992519)
(-213591.23248597,65093.7557984337,-18731.2557426089)
(-368181.952912461,65310.18059801,49351.9175787512)
(-417526.671536351,74822.4141086067,79416.6472803193)
(-357353.356905358,41606.6926495642,-76348.1894292582)
(-377804.26121688,17167.1854123589,-710008.599454856)
(0,0,0)
(0,0,0)
(0,0,0)
(0,0,0)
(0,0,0)
(0,0,0)
(-200217.748863264,44702.4917117514,504.862927243032)
(-201156.260752843,44582.2949353763,556.901998927843)
(-203544.379177513,44521.1536050144,-545.69385051809)
(-209026.756517812,45121.792163627,-4084.0455443707)
(-222813.985095985,48147.3725561875,-11800.0906371431)
(-265382.530041898,57793.810058118,-18432.9167878514)
(-433646.91466017,78444.4419212196,58802.9208422727)
(-354070.566351901,50017.7636488034,46030.3214623898)
(-371173.316765848,17900.8826201213,-101016.450338163)
(-391978.820058856,-410.565306448297,-727480.758004614)
(0,0,0)
(0,0,0)
(0,0,0)
(0,0,0)
(0,0,0)
(0,0,0)
(-288007.861294263,-91366.729356632,343.694040842615)
(-288629.088895322,-91444.2585843929,445.86851388605)
(-290166.546226034,-91506.0191427807,67.4423836014817)
(-293567.917057656,-91222.9356628439,-998.530030681884)
(-301170.860997011,-89859.7216436922,-2092.61069503033)
(-319123.49392188,-86606.4081930535,2335.94632476287)
(-358353.408092622,-84343.4628232583,30415.7962721159)
(-371786.854897329,-102747.423147327,13826.7115137184)
(-406390.776224922,-119219.934949015,-119518.776765549)
(-413132.418099956,-103320.379013935,-727345.878773913)
(0,0,0)
(0,0,0)
(0,0,0)
(0,0,0)
(0,0,0)
(0,0,0)
(-353049.040555695,-711852.886564908,191.661685738894)
(-353347.790257856,-711969.390836408,306.184969964795)
(-354084.713035691,-712187.905828357,321.806584311693)
(-355667.042539686,-712494.686335078,380.93989684852)
(-358940.551954069,-712919.18615393,1170.24276575204)
(-365703.198173327,-714102.901444836,4709.26507493537)
(-378213.571350334,-718907.840295196,12141.5792911271)
(-392411.613690752,-731166.004089035,-2588.9167097444)
(-413251.236561882,-728605.3672415,-103740.699343053)
(-398960.530190043,-624714.671723494,-624336.742077972)
(0,0,0)
(0,0,0)
(0,0,0)
(0,0,0)
(0,0,0)
(0,0,0)
(0,0,0)
(0,0,0)
(0,0,0)
(0,0,0)
(0,0,0)
(0,0,0)
(0,0,0)
(0,0,0)
(0,0,0)
(0,0,0)
(0,0,0)
(0,0,0)
(0,0,0)
(0,0,0)
(0,0,0)
(0,0,0)
(0,0,0)
(0,0,0)
(0,0,0)
(0,0,0)
(0,0,0)
(0,0,0)
(0,0,0)
(0,0,0)
(0,0,0)
(0,0,0)
(0,0,0)
(0,0,0)
(0,0,0)
(0,0,0)
(0,0,0)
(0,0,0)
(0,0,0)
(0,0,0)
(0,0,0)
(0,0,0)
(0,0,0)
(0,0,0)
(0,0,0)
(0,0,0)
(0,0,0)
(0,0,0)
(0,0,0)
(0,0,0)
(0,0,0)
(0,0,0)
(0,0,0)
(0,0,0)
(0,0,0)
(0,0,0)
(0,0,0)
(0,0,0)
(0,0,0)
(0,0,0)
(0,0,0)
(0,0,0)
(0,0,0)
(0,0,0)
(0,0,0)
(0,0,0)
(0,0,0)
(0,0,0)
(0,0,0)
(0,0,0)
(0,0,0)
(0,0,0)
(0,0,0)
(0,0,0)
(0,0,0)
(0,0,0)
(0,0,0)
(0,0,0)
(0,0,0)
(0,0,0)
(0,0,0)
(0,0,0)
(0,0,0)
(0,0,0)
(0,0,0)
(0,0,0)
(0,0,0)
(0,0,0)
(0,0,0)
(0,0,0)
(0,0,0)
(0,0,0)
(0,0,0)
(0,0,0)
(0,0,0)
(0,0,0)
(0,0,0)
(0,0,0)
(0,0,0)
(0,0,0)
(0,0,0)
(0,0,0)
(-55958.1873605386,4845.81421885659,3753.39152284099)
(-57750.4906022609,4457.12624554553,7574.59431216197)
(-61593.0602533441,3558.53649958562,11508.0981348809)
(-68166.5541143213,1916.31728420374,15398.8826363825)
(-78814.3006497005,-742.666318585454,18434.5173046548)
(-95180.6414818623,-4506.95649574198,17967.269331829)
(-118617.216974583,-8258.90895212776,6110.21735361254)
(-147693.918538985,-8229.56764322865,-37769.5834659724)
(-170979.128697866,-5026.23620306809,-149092.486550528)
(-148689.831406673,-2117.55030919201,-350748.603453034)
(0,0,0)
(0,0,0)
(0,0,0)
(0,0,0)
(0,0,0)
(0,0,0)
(-57898.1446726574,9882.22443798819,3358.33239509518)
(-59579.9821959816,9125.84608378216,6715.96123940709)
(-63216.6680478048,7396.51187557709,9954.41394783216)
(-69479.6090891458,4132.86036988305,12786.7116694203)
(-79647.5539809857,-1757.11532089691,14636.6335556933)
(-95567.3118907347,-11573.8765195513,14178.5270422235)
(-118873.373687597,-23950.2095742845,6169.80499528109)
(-147046.27458706,-23535.2876950202,-34507.6414401897)
(-169864.633711349,-12515.6994398898,-146082.970032601)
(-148003.242500991,-4733.18400938957,-348508.910397897)
(0,0,0)
(0,0,0)
(0,0,0)
(0,0,0)
(0,0,0)
(0,0,0)
(-62141.480794563,15084.4221157206,2660.71152506629)
(-63644.0461424216,14118.8200612783,5062.58118804966)
(-66900.4023858348,11837.7290420997,6747.48723545038)
(-72484.5598994057,7224.00421742204,6957.13579085205)
(-81647.7684949753,-2311.12785647739,4863.63494945959)
(-96924.3037142516,-22602.0950120996,1795.32765007616)
(-122618.158188339,-61445.9918616236,6603.44059043821)
(-147114.739864938,-60472.8371882752,-23476.4750625297)
(-167090.167740951,-24447.1879286471,-138239.944505249)
(-146282.661935888,-7599.69375924474,-343701.612121587)
(0,0,0)
(0,0,0)
(0,0,0)
(0,0,0)
(0,0,0)
(0,0,0)
(-69421.3185517089,20051.3890136413,1708.79009545763)
(-70669.773620314,19086.2516895817,2791.22030903621)
(-73338.7895725128,16805.6101657288,2121.47902908942)
(-77779.0110335166,12022.6097843075,-2520.22099360754)
(-85015.3338161734,1070.80617058419,-15303.5528572388)
(-99270.1162037766,-30028.1543605416,-37050.8044576995)
(-150378.005454023,-150493.062125927,7548.70544024858)
(-157908.085994227,-157989.370150209,12522.3420471701)
(-160571.715212692,-35921.6386765119,-121360.796185323)
(-142808.238811085,-8065.22711133668,-336029.179824015)
(0,0,0)
(0,0,0)
(0,0,0)
(0,0,0)
(0,0,0)
(0,0,0)
(-80954.526799075,23284.3594665149,737.494466017655)
(-81909.2359764928,22546.5982970301,476.986372707055)
(-83852.7340354442,20918.0543523197,-2684.89868468127)
(-86543.2427457318,17835.5238533798,-13446.1046658172)
(-88497.2112414368,12183.6297402614,-46327.8428970346)
(-79916.0640147936,2898.43284873127,-157539.37712227)
(-4.97857920497535e-05,-1.34769132912064e-05,3.25904403867048e-05)
(150.245324580159,528.009284656128,134477.339733038)
(-134404.085961833,-3115.16833481974,-93587.8378212599)
(-136517.824737844,-457.074018864389,-328034.425733537)
(0,0,0)
(0,0,0)
(0,0,0)
(0,0,0)
(0,0,0)
(0,0,0)
(-98302.9346704302,21065.3457740345,2.75106632862861)
(-98978.4993167756,20661.1520285408,-1168.81472955545)
(-100231.287056585,19909.0233220571,-5730.14935968147)
(-101477.14579495,18775.1230375452,-18996.0791896312)
(-100298.215053943,16973.0536814821,-55500.2660327357)
(-84991.3801891233,13085.505193696,-160409.610144037)
(-4.61181349065982e-05,-1.9272516699086e-05,2.80122487065406e-05)
(-344.642530540212,-104.090962243047,130629.751446181)
(-131116.525325164,9124.30150961944,-91086.4812624054)
(-136418.320834148,3843.16626247918,-327729.765550127)
(0,0,0)
(0,0,0)
(0,0,0)
(0,0,0)
(0,0,0)
(0,0,0)
(-122551.21476447,5034.9260530213,-386.738889092448)
(-122990.15876192,4963.4179994502,-1935.8947024521)
(-123636.863605585,5087.61783738673,-6861.25243301961)
(-123739.927204228,6008.97716094966,-20693.6039411145)
(-120314.693455471,8818.92382018189,-59241.4871169463)
(-99811.5328405708,13504.4588366164,-173440.14040526)
(-0.000122095820536063,4.31843918593799e-05,3.36760371293456e-05)
(-185.745972166695,138462.462010307,139696.881675513)
(-139947.388925679,27952.7338483232,-96537.5186428792)
(-141896.254610433,3114.54918346928,-331716.90817029)
(0,0,0)
(0,0,0)
(0,0,0)
(0,0,0)
(0,0,0)
(0,0,0)
(-151927.780594025,-42834.2774568445,-420.764759372585)
(-152159.127927328,-42679.3084684787,-1775.17111695788)
(-152389.194274011,-41929.6015807726,-5913.1366023017)
(-151872.076498211,-39243.1443648912,-17815.6950960662)
(-147367.081393653,-30018.1114699972,-54425.5635082227)
(-123733.530373128,4240.96698625351,-186811.071326634)
(-322.279543755648,153903.807733067,138371.488878333)
(-138747.691134381,32493.815362228,29017.2603088931)
(-175468.136890269,-17129.9420968454,-121605.243621518)
(-153989.470857135,-21409.7738434923,-335070.269796255)
(0,0,0)
(0,0,0)
(0,0,0)
(0,0,0)
(0,0,0)
(0,0,0)
(-174576.105328504,-156028.093809995,-237.939612597577)
(-174698.663740584,-155828.82944184,-1018.84379396722)
(-174766.393940934,-155150.237051514,-3198.36060831287)
(-174380.602570489,-153124.636090267,-8504.18337010163)
(-172157.304674655,-147471.460978748,-20064.3901836978)
(-164946.076500181,-133030.466146958,-36970.3744721865)
(-154338.183247953,-104029.526679058,16947.7350952654)
(-178465.788613682,-123151.823602187,-20727.6922239608)
(-192344.582484563,-125820.767234991,-126083.060826167)
(-157789.959777963,-88945.205234159,-313890.087757489)
(0,0,0)
(0,0,0)
(0,0,0)
(0,0,0)
(0,0,0)
(0,0,0)
(-150752.590799458,-358245.407531598,-79.1360346387574)
(-150800.112378936,-358076.145784351,-379.497571049482)
(-150833.2735776,-357606.027342691,-1175.14673795977)
(-150702.498673642,-356437.412156362,-2826.91453790121)
(-150006.386821036,-353652.094756071,-5580.44589361187)
(-148389.60607279,-348090.520697326,-7833.98344378638)
(-147622.453158859,-340357.999184623,-2096.62912967423)
(-155881.254186888,-338364.778503007,-23414.0337327067)
(-158193.223148112,-314947.022110083,-89345.7922713766)
(-126574.53557862,-225467.864564625,-225209.127552319)
(0,0,0)
(0,0,0)
(0,0,0)
(0,0,0)
(0,0,0)
(0,0,0)
(0,0,0)
(0,0,0)
(0,0,0)
(0,0,0)
(0,0,0)
(0,0,0)
(0,0,0)
(0,0,0)
(0,0,0)
(0,0,0)
(0,0,0)
(0,0,0)
(0,0,0)
(0,0,0)
(0,0,0)
(0,0,0)
(0,0,0)
(0,0,0)
(0,0,0)
(0,0,0)
(0,0,0)
(0,0,0)
(0,0,0)
(0,0,0)
(0,0,0)
(0,0,0)
(0,0,0)
(0,0,0)
(0,0,0)
(0,0,0)
(0,0,0)
(0,0,0)
(0,0,0)
(0,0,0)
(0,0,0)
(0,0,0)
(0,0,0)
(0,0,0)
(0,0,0)
(0,0,0)
(0,0,0)
(0,0,0)
(0,0,0)
(0,0,0)
(0,0,0)
(0,0,0)
(0,0,0)
(0,0,0)
(0,0,0)
(0,0,0)
(0,0,0)
(0,0,0)
(0,0,0)
(0,0,0)
(0,0,0)
(0,0,0)
(0,0,0)
(0,0,0)
(0,0,0)
(0,0,0)
(0,0,0)
(0,0,0)
(0,0,0)
(0,0,0)
(0,0,0)
(0,0,0)
(0,0,0)
(0,0,0)
(0,0,0)
(0,0,0)
(0,0,0)
(0,0,0)
(0,0,0)
(0,0,0)
(0,0,0)
(0,0,0)
(0,0,0)
(0,0,0)
(0,0,0)
(0,0,0)
(0,0,0)
(0,0,0)
(0,0,0)
(0,0,0)
(0,0,0)
(0,0,0)
(0,0,0)
(0,0,0)
(0,0,0)
(0,0,0)
(0,0,0)
(0,0,0)
(0,0,0)
(0,0,0)
(0,0,0)
(0,0,0)
(-60969.7094581825,2925.9710957468,2085.55100189526)
(-62187.1882368673,2638.26075477828,3883.98788172542)
(-64671.5500839014,1927.97824757537,5034.49946470701)
(-68689.9680022354,627.909276446896,4930.00407617585)
(-74619.6489013219,-1539.856051336,2275.2083791262)
(-82768.7693460251,-4836.68615408175,-5299.97760263078)
(-92744.7290018193,-8449.74583772321,-22722.7197376705)
(-102079.792799317,-7541.78720706996,-60795.0582702689)
(-101356.192276463,-3907.49520530934,-126510.499486357)
(-72155.3030788399,-1437.00155049896,-201608.026263664)
(0,0,0)
(0,0,0)
(0,0,0)
(0,0,0)
(0,0,0)
(0,0,0)
(-62433.8658201615,5671.38191463182,1790.31032861558)
(-63522.0397705231,5115.28831085556,3255.3403470815)
(-65676.8799342546,3795.81709759426,3847.71338351427)
(-69018.8184923157,1219.64773084052,2795.1843322931)
(-73654.8384154566,-3672.68668819672,-1064.7005963777)
(-79648.667924214,-12864.2952513561,-8955.7354656231)
(-86828.1191336789,-27656.1849007559,-21794.5509565143)
(-95653.7889253567,-23618.8029665519,-57110.0208587402)
(-97148.1889948463,-9779.162246866,-123954.798533692)
(-70255.6949953823,-3047.40038311453,-200091.947206666)
(0,0,0)
(0,0,0)
(0,0,0)
(0,0,0)
(0,0,0)
(0,0,0)
(-65552.1546198569,7817.65991138587,1264.39582853966)
(-66383.530819616,7118.8696183805,2000.29919821249)
(-67893.9718452258,5450.6441916067,1339.04156358955)
(-69819.46754087,1964.25482543202,-2070.65788953765)
(-71510.8322898364,-5631.12054552258,-10249.1602373494)
(-71393.7693261569,-24871.662512702,-23772.3273640887)
(-67125.2420221967,-89144.1329058979,-17777.2955250929)
(-73968.3732426392,-71265.1318997336,-43277.3332142134)
(-85009.3477291727,-17947.5411012517,-117189.77437161)
(-65366.6357893357,-4131.87012306082,-197021.330778222)
(0,0,0)
(0,0,0)
(0,0,0)
(0,0,0)
(0,0,0)
(0,0,0)
(-70709.7040566183,8551.07193447973,554.973481813375)
(-71187.6357331686,7893.49578384025,298.209429207773)
(-71796.9352796216,6381.56700924107,-2174.56768131683)
(-71690.1329265062,3361.79095942903,-9660.98192232277)
(-68575.2162189767,-2295.22260028884,-29436.9974647577)
(-54974.854930924,-10538.1628975048,-88065.7583528091)
(-2.4687648334248e-05,-5.80104622067724e-06,1.37044414913259e-05)
(-142.177530923808,116.03139016324,9981.87928781807)
(-55465.5038149545,-9709.15265903376,-103362.72055213)
(-55725.7779087408,-1747.9176221833,-192829.133955365)
(0,0,0)
(0,0,0)
(0,0,0)
(0,0,0)
(0,0,0)
(0,0,0)
(-78391.3285067267,6109.37905714393,-121.505415011336)
(-78514.0304605865,5656.50726644247,-1279.72241352049)
(-78239.0616265741,4725.82156011221,-5237.64937326291)
(-76196.4991848957,3092.03853276467,-15314.6405074341)
(-69018.0253394415,558.946060462678,-37647.9950701779)
(-48517.8577182606,-2047.65873269934,-77536.7055315112)
(2.32476402066283e-06,-1.77975422809306e-06,-5.98595542095507e-05)
(-5.32842860961563e-05,-8.17845911913792e-06,2.19131209692725e-06)
(-135.640505493981,196.491435675258,-95502.3286070186)
(-42287.0658988399,-324.184926103232,-191156.820142072)
(0,0,0)
(0,0,0)
(0,0,0)
(0,0,0)
(0,0,0)
(0,0,0)
(-88741.7426670736,-2883.93562157464,-567.877324637)
(-88584.5752348755,-3066.07164612619,-2239.22249396886)
(-87624.5833363234,-3264.55795272647,-6855.54670139254)
(-84190.4708761489,-3289.30359755893,-17760.8794898682)
(-74448.6550251839,-2860.30022487383,-40191.1932332859)
(-50151.9592561956,-1599.35810633938,-75478.9147925724)
(-1.28712318320252e-06,-4.69456562524675e-06,-4.54325219704269e-05)
(-4.01352853830889e-05,-1.61648749964917e-05,3.31292765939082e-06)
(-155.230726172545,318.997580932542,-96182.1809082481)
(-40349.0363398783,-1607.0505923632,-190968.599736266)
(0,0,0)
(0,0,0)
(0,0,0)
(0,0,0)
(0,0,0)
(0,0,0)
(-100689.220254297,-24048.0898619184,-697.840269826966)
(-100358.324439293,-23963.8014356369,-2431.94480293529)
(-98981.8339270409,-23469.1118066413,-6882.42062757385)
(-94775.2825199387,-21896.7131725946,-17239.6557368304)
(-83558.963626942,-18017.5968109905,-38838.0889792466)
(-56173.8914308551,-10217.2066558361,-73857.8818394682)
(-7.08045238201815e-06,-7.0252959922806e-05,-5.27113576999778e-05)
(-6.97067549290412e-05,-1.4583253170599e-06,2.43574453521134e-06)
(-342.549964641234,-7420.23511010449,-98281.6922413148)
(-43429.0799459788,-8878.86844305238,-189477.049055075)
(0,0,0)
(0,0,0)
(0,0,0)
(0,0,0)
(0,0,0)
(0,0,0)
(-110200.681484758,-65209.1490231796,-566.039948002975)
(-109813.575861409,-64974.5675941102,-1900.82585545559)
(-108378.926901439,-64086.3411471947,-5293.86388747575)
(-104254.229378889,-61526.8694301655,-13281.5547492247)
(-93123.9322817133,-54611.7589982701,-30930.5416738792)
(-64510.0868652671,-36773.9329827002,-63597.2588548796)
(-8.38484586794332e-05,3.46474154627108e-06,7.18659748710267e-06)
(-456.256683274885,-6997.16747550816,-7590.20969181914)
(-56726.2270020455,-33805.9364883789,-99946.4182017694)
(-56948.827352036,-25069.3696918819,-180796.560458036)
(0,0,0)
(0,0,0)
(0,0,0)
(0,0,0)
(0,0,0)
(0,0,0)
(-107585.44774996,-131888.705139179,-311.1014625437)
(-107289.343876186,-131666.027914485,-1028.96100656432)
(-106183.268521098,-130971.659372872,-2726.7682007234)
(-103134.12794346,-129244.301273258,-6255.8109846624)
(-94877.8117195904,-125187.350560537,-12959.7123774565)
(-71861.1293266064,-116325.943020823,-26492.6495129087)
(-1052.31440745387,-97116.5499162899,-7150.06449300254)
(-57784.8991508824,-100320.103280715,-34508.0181505952)
(-77829.1190448581,-91453.5126288416,-91375.9054498369)
(-60727.9547697998,-57583.3840262216,-155923.896123663)
(0,0,0)
(0,0,0)
(0,0,0)
(0,0,0)
(0,0,0)
(0,0,0)
(-75431.827735082,-207096.165903217,-113.302300341578)
(-75278.5272484194,-206922.723074479,-378.192270875966)
(-74733.8213310693,-206465.405929677,-983.897960619397)
(-73313.4035131329,-205506.163496569,-2111.13089781698)
(-69824.8889525955,-203470.451809954,-4009.52751683318)
(-62067.231083948,-199513.806317163,-7144.03920933571)
(-49046.7048382676,-192490.183725479,-10346.1537207475)
(-58679.2676113505,-182198.737149324,-25669.5064276785)
(-61152.0466226878,-156524.050898213,-57640.1446837467)
(-44480.1025157482,-98747.3036424518,-98570.658130396)
(0,0,0)
(0,0,0)
(0,0,0)
(0,0,0)
(0,0,0)
(0,0,0)
(0,0,0)
(0,0,0)
(0,0,0)
(0,0,0)
(0,0,0)
(0,0,0)
(0,0,0)
(0,0,0)
(0,0,0)
(0,0,0)
(0,0,0)
(0,0,0)
(0,0,0)
(0,0,0)
(0,0,0)
(0,0,0)
(0,0,0)
(0,0,0)
(0,0,0)
(0,0,0)
(0,0,0)
(0,0,0)
(0,0,0)
(0,0,0)
(0,0,0)
(0,0,0)
(0,0,0)
(0,0,0)
(0,0,0)
(0,0,0)
(0,0,0)
(0,0,0)
(0,0,0)
(0,0,0)
(0,0,0)
(0,0,0)
(0,0,0)
(0,0,0)
(0,0,0)
(0,0,0)
(0,0,0)
(0,0,0)
(0,0,0)
(0,0,0)
(0,0,0)
(0,0,0)
(0,0,0)
(0,0,0)
(0,0,0)
(0,0,0)
(0,0,0)
(0,0,0)
(0,0,0)
(0,0,0)
(0,0,0)
(0,0,0)
(0,0,0)
(0,0,0)
(0,0,0)
(0,0,0)
(0,0,0)
(0,0,0)
(0,0,0)
(0,0,0)
(0,0,0)
(0,0,0)
(0,0,0)
(0,0,0)
(0,0,0)
(0,0,0)
(0,0,0)
(0,0,0)
(0,0,0)
(0,0,0)
(0,0,0)
(0,0,0)
(0,0,0)
(0,0,0)
(0,0,0)
(0,0,0)
(0,0,0)
(0,0,0)
(0,0,0)
(0,0,0)
(0,0,0)
(0,0,0)
(0,0,0)
(0,0,0)
(0,0,0)
(0,0,0)
(0,0,0)
(0,0,0)
(0,0,0)
(0,0,0)
(0,0,0)
(0,0,0)
(-63409.0705530843,1481.57333663919,957.787758266496)
(-64062.2277167735,1342.20830608229,1490.61893209043)
(-65282.5176175637,956.233246880098,1145.35321887136)
(-67061.1959737269,330.247321206153,-813.666130844152)
(-69263.9699339326,-565.800548584159,-5603.5445496491)
(-71628.895050219,-1716.82481289641,-15026.5940325567)
(-73422.1430973072,-2533.76308184181,-31815.4168552279)
(-72940.3362583784,-1094.49503882634,-59860.37835734)
(-64465.6030288396,313.102336009403,-97064.0699409615)
(-40506.6881583692,459.282959934173,-129171.967821385)
(0,0,0)
(0,0,0)
(0,0,0)
(0,0,0)
(0,0,0)
(0,0,0)
(-64308.7629332132,2547.98654401283,808.48390568254)
(-64842.4864063916,2262.75323641391,1208.38561121848)
(-65746.2983198235,1598.29664337379,635.740600294225)
(-66797.462268125,431.178066577344,-1686.54636927007)
(-67608.3888630526,-1499.81009856591,-6798.98637169077)
(-67712.2671372217,-4558.09050665591,-15894.1214649263)
(-66948.2580647374,-7927.94938948102,-30379.7962262234)
(-66802.4532739037,-1944.4483791741,-58381.1785373266)
(-60706.9618222562,2321.33519534057,-96830.6385692396)
(-38863.7403610544,1800.86140589878,-129564.171649538)
(0,0,0)
(0,0,0)
(0,0,0)
(0,0,0)
(0,0,0)
(0,0,0)
(-66206.2212405566,2654.05202636269,548.001138350896)
(-66491.2732072727,2301.41198490558,617.084777516152)
(-66742.0400839048,1524.80237938767,-461.352719814219)
(-66321.9948940622,82.0608654670393,-3609.70816551487)
(-64088.6949195886,-2645.96861113963,-9885.68702318705)
(-58183.8324376722,-8359.15104657047,-19294.5633717631)
(-47970.9339546829,-21959.1386408671,-24417.6821878893)
(-48801.6884047821,2553.05209714976,-54081.8675020701)
(-51033.7095144195,11558.6519473657,-97294.822468853)
(-35031.1589541951,5492.5939518006,-131322.031849887)
(0,0,0)
(0,0,0)
(0,0,0)
(0,0,0)
(0,0,0)
(0,0,0)
(-69193.6553729285,938.180231266928,199.823111405155)
(-69147.6171154147,637.22351406537,-176.007035507017)
(-68528.3345702302,15.9309965067889,-1935.73636201751)
(-66141.0350726272,-1025.63137405962,-6377.14197637156)
(-59386.3232674675,-2588.22916320791,-15623.774375811)
(-42087.8387809329,-3961.51541416517,-32908.4261582088)
(-2.1429247100176e-05,-5.4511940910374e-06,-8.03201491307398e-07)
(-575.620712994557,288.026403884426,-45134.0014721529)
(-31379.5945259472,45681.088289414,-103342.347103212)
(-28565.9923709205,11721.7408183197,-136731.279507557)
(0,0,0)
(0,0,0)
(0,0,0)
(0,0,0)
(0,0,0)
(0,0,0)
(-73298.024678897,-4041.30549693039,-113.818099630777)
(-72937.9403598686,-4202.52087480633,-850.163811475616)
(-71554.4004872144,-4465.17563154162,-3053.71832278668)
(-67582.730675921,-4711.33296533321,-7981.78524048694)
(-57902.7379489269,-4676.27202934328,-17009.0297648665)
(-37016.7617362072,-3567.03245340504,-28904.6087076801)
(2.20019372644604e-06,-1.15675733205801e-06,-5.4664722330341e-06)
(-4.804545480722e-05,-3.50168307626764e-06,-6.90902398575379e-06)
(-419.069834789343,243.618520974618,-137387.32177444)
(-21104.3035001144,1656.13259089608,-148504.475945746)
(0,0,0)
(0,0,0)
(0,0,0)
(0,0,0)
(0,0,0)
(0,0,0)
(-78007.5178910071,-14513.0943706617,-262.435902337259)
(-77427.686877825,-14511.0035165101,-1110.84161768547)
(-75551.190408713,-14347.5031414409,-3301.9070354006)
(-70637.4793081978,-13648.6211724692,-7917.6103962154)
(-59420.3744401145,-11739.6440923377,-15882.5189182899)
(-36816.4175512817,-7457.85595997512,-25327.2371166346)
(-7.16600017695959e-07,-2.60562944031199e-06,-2.27506857094176e-12)
(-3.34057624139061e-05,-3.98686710056782e-06,-6.24434121995144e-06)
(-453.364325884006,217.656521502641,-136099.121191311)
(-19840.8876671762,-4662.65970793154,-150288.477565184)
(0,0,0)
(0,0,0)
(0,0,0)
(0,0,0)
(0,0,0)
(0,0,0)
(-81734.4645480816,-33241.4771347278,-226.37294215568)
(-81061.3463619847,-33111.4037747648,-922.950761213898)
(-79023.9773807214,-32624.8361110657,-2603.47433790698)
(-73894.8966422724,-31154.4050982998,-5978.07628974382)
(-62368.5799998573,-27359.6455333015,-11548.4584758624)
(-38987.1558320896,-18351.8643124547,-17841.1857221476)
(-5.17473167396967e-06,-4.80035869891987e-06,-2.68205500448398e-12)
(-5.77041915425013e-05,-4.72534358671033e-06,-1.12640895824522e-05)
(-654.846054550252,-63530.1067794886,-141066.933076088)
(-21135.5251202268,-22290.8193718786,-145732.328237908)
(0,0,0)
(0,0,0)
(0,0,0)
(0,0,0)
(0,0,0)
(0,0,0)
(-81101.3648244384,-62268.2392918984,-72.5545031504071)
(-80475.1833975181,-62143.7888080479,-378.561933753073)
(-78654.1124031078,-61637.7205706354,-1090.49197251605)
(-74197.5843690562,-60188.3699107577,-2113.17216988821)
(-64029.3647964428,-56122.2538402794,-2445.13134818142)
(-42104.6590798779,-43722.2692993362,519.845853309399)
(-7.21495044206647e-05,-1.42911012974936e-05,-1.66813761141254e-06)
(-530.876960585013,-63772.8386219046,-63560.0227047217)
(-29332.8119898284,-54559.356738891,-99924.1877575359)
(-26907.4308193526,-28677.590305674,-123578.813356424)
(0,0,0)
(0,0,0)
(0,0,0)
(0,0,0)
(0,0,0)
(0,0,0)
(-70520.7087675581,-99398.0094613963,65.0311870941552)
(-70082.7862599196,-99399.1950033177,113.87976608991)
(-68797.3061057376,-99289.2863494665,379.483129560188)
(-65797.3466693499,-99197.4703641215,2051.80230881483)
(-59056.6651215884,-99902.5486090191,10010.9504795496)
(-43559.3133874306,-106219.704275261,44206.5695162944)
(-827.400847126647,-144623.729076897,-63755.6178874795)
(-30144.5990444846,-100787.61914439,-54381.1374713908)
(-38175.4742782235,-74463.1402528086,-74130.9987241143)
(-27344.6101125887,-41168.0632326767,-95023.870454321)
(0,0,0)
(0,0,0)
(0,0,0)
(0,0,0)
(0,0,0)
(0,0,0)
(-43644.7942669243,-131269.547380019,84.5044504718568)
(-43424.9607968245,-131368.371326683,200.11432224051)
(-42791.1387678071,-131517.518067943,485.663477455707)
(-41415.8960420338,-132017.941267072,1408.62690930742)
(-38559.6263523942,-133476.303045555,3717.11874565431)
(-33158.3582001857,-137217.861928785,5806.40351541258)
(-24816.0613355431,-143110.993711436,-19936.975352776)
(-28165.3416424626,-123179.492858307,-28059.027607749)
(-27666.323736249,-95104.8258073615,-40903.0649396256)
(-18434.6550479031,-54115.3154665379,-54001.2601736172)
(0,0,0)
(0,0,0)
(0,0,0)
(0,0,0)
(0,0,0)
(0,0,0)
(0,0,0)
(0,0,0)
(0,0,0)
(0,0,0)
(0,0,0)
(0,0,0)
(0,0,0)
(0,0,0)
(0,0,0)
(0,0,0)
(0,0,0)
(0,0,0)
(0,0,0)
(0,0,0)
(0,0,0)
(0,0,0)
(0,0,0)
(0,0,0)
(0,0,0)
(0,0,0)
(0,0,0)
(0,0,0)
(0,0,0)
(0,0,0)
(0,0,0)
(0,0,0)
(0,0,0)
(0,0,0)
(0,0,0)
(0,0,0)
(0,0,0)
(0,0,0)
(0,0,0)
(0,0,0)
(0,0,0)
(0,0,0)
(0,0,0)
(0,0,0)
(0,0,0)
(0,0,0)
(0,0,0)
(0,0,0)
(0,0,0)
(0,0,0)
(0,0,0)
(0,0,0)
(0,0,0)
(0,0,0)
(0,0,0)
(0,0,0)
(0,0,0)
(0,0,0)
(0,0,0)
(0,0,0)
(0,0,0)
(0,0,0)
(0,0,0)
(0,0,0)
(0,0,0)
(0,0,0)
(0,0,0)
(0,0,0)
(0,0,0)
(0,0,0)
(0,0,0)
(0,0,0)
(0,0,0)
(0,0,0)
(0,0,0)
(0,0,0)
(0,0,0)
(0,0,0)
(0,0,0)
(0,0,0)
(0,0,0)
(0,0,0)
(0,0,0)
(0,0,0)
(0,0,0)
(0,0,0)
(0,0,0)
(0,0,0)
(0,0,0)
(0,0,0)
(0,0,0)
(0,0,0)
(0,0,0)
(0,0,0)
(0,0,0)
(0,0,0)
(0,0,0)
(0,0,0)
(0,0,0)
(0,0,0)
(0,0,0)
(0,0,0)
(-64293.8667244413,542.053427704335,342.742743648234)
(-64522.7203356908,533.506123791279,269.729238772354)
(-64946.4183699845,507.711346938478,-574.081355746004)
(-65380.3834907366,615.514247392272,-2870.40808612523)
(-65518.8266414218,1062.21646631393,-7677.76784494911)
(-64892.5135022384,2119.80105285639,-16533.950445784)
(-62753.8051497647,3839.96148728543,-31042.2498806096)
(-57919.0122718466,4998.41276463368,-51061.9866317773)
(-46880.5079911714,4056.419502739,-72703.5011721851)
(-27104.363986742,2097.0390674226,-88202.8644112445)
(0,0,0)
(0,0,0)
(0,0,0)
(0,0,0)
(0,0,0)
(0,0,0)
(-64719.3189472162,627.161027310227,325.448414394875)
(-64894.2312411387,586.285073268986,324.414299664979)
(-65120.0573436492,592.587917082322,-386.703246653636)
(-65074.0684027197,904.018191951342,-2398.601056617)
(-64310.752877226,2017.51269229481,-6651.53326842704)
(-62335.5063405622,4947.08906444661,-14855.5820766768)
(-58993.1810337686,10956.9827481994,-29927.6803685629)
(-55743.0059873708,15973.5160221301,-51962.230912602)
(-45879.8994029297,11905.7457232058,-74638.6195524018)
(-26699.9356074135,5565.01281967091,-90270.3980582922)
(0,0,0)
(0,0,0)
(0,0,0)
(0,0,0)
(0,0,0)
(0,0,0)
(-65581.4669534478,-332.461590639006,334.868330839074)
(-65616.3872572041,-367.485470007575,413.752924044748)
(-65418.4058935932,-286.947463970312,-30.3458852163325)
(-64419.5577510914,258.887741096631,-1287.65257732928)
(-61682.1229762379,2088.39253396435,-3765.10436234972)
(-55889.9669292599,7739.24538459101,-8851.12619090483)
(-46767.8172179729,25817.532066642,-24914.7922460591)
(-52416.7761790134,50656.3399449725,-55982.5283946721)
(-45249.8346331394,31096.42572326,-80957.0832760007)
(-26458.7604333499,11879.6936017141,-95844.1625788998)
(0,0,0)
(0,0,0)
(0,0,0)
(0,0,0)
(0,0,0)
(0,0,0)
(-66846.257070752,-3022.19823876626,342.338345951216)
(-66666.6860587529,-3026.2272250473,520.149044325606)
(-65898.0785701816,-2884.23221938687,487.177799691944)
(-63589.2041729548,-2311.32949360939,505.564134726843)
(-57690.1596166458,-944.477299456864,1842.27031733273)
(-43002.4317192748,1226.76524843758,9269.34339183022)
(-1.25827511832177e-05,2.43905892807228e-07,-7.63067979464368e-06)
(-60562.4997800096,807.650826810424,-75552.7197466656)
(-52335.9507346965,76644.9802794037,-100144.918094068)
(-28322.1488624436,19184.2617699716,-107693.329770782)
(0,0,0)
(0,0,0)
(0,0,0)
(0,0,0)
(0,0,0)
(0,0,0)
(-68259.5154907391,-8420.46383722586,359.756410299273)
(-67866.6564126126,-8386.3213081336,648.566546131461)
(-66614.3880082178,-8175.179193105,999.501040852476)
(-63233.6030603441,-7497.07035248674,1836.11428414978)
(-55072.8524445104,-5932.03187446399,3993.78335474047)
(-36791.6276708301,-3196.07628555145,8191.49082335366)
(3.18924544144623e-06,-2.00181292819528e-07,-5.1663192549584e-08)
(-3.30412905865297e-05,-1.00190293056264e-06,-1.38999974835291e-05)
(-96313.8799715895,284.168327634779,-157663.072420387)
(-35652.7959906164,2982.87459590142,-126913.192755822)
(0,0,0)
(0,0,0)
(0,0,0)
(0,0,0)
(0,0,0)
(0,0,0)
(-69087.3522304822,-17772.6891036751,432.059605922796)
(-68562.7178690097,-17714.2742626088,895.04355158485)
(-67065.1832400677,-17453.8876702306,1687.74486006848)
(-63223.135336816,-16610.0558547701,3386.38639097037)
(-54321.5435169039,-14401.7091079706,6757.23270126801)
(-35335.1370434664,-9426.52657603282,11506.4024839327)
(5.00406748677089e-07,-4.95075729579331e-07,1.4377995066938e-13)
(-2.33106023463201e-05,2.40844529242649e-08,-1.11211473072932e-05)
(-91535.5421926162,133.099429604467,-155073.250163269)
(-36064.6161411898,-5884.69169747551,-129981.955395887)
(0,0,0)
(0,0,0)
(0,0,0)
(0,0,0)
(0,0,0)
(0,0,0)
(-67938.1329349741,-32092.812966649,523.792249871006)
(-67402.2885525042,-32067.0991784689,1217.55935625006)
(-65949.4195610098,-31895.5646359738,2584.67850227975)
(-62357.7570768269,-31159.6331826124,5597.11626467769)
(-54229.5423841927,-28742.977899749,11799.34744079)
(-36454.7644428032,-21221.7389678099,21062.1684432772)
(-2.67382303814591e-06,-1.42990691635126e-06,-2.13158289545269e-13)
(-3.2867811804691e-05,-8.42622620269921e-06,-1.63860692953454e-05)
(-100543.269463467,-91923.483328355,-161147.398822874)
(-36055.8526017431,-27929.3964021306,-124182.366636705)
(0,0,0)
(0,0,0)
(0,0,0)
(0,0,0)
(0,0,0)
(0,0,0)
(-62567.4853285903,-51216.9906037966,590.298141301904)
(-62142.5120936402,-51315.1004137102,1505.62807266335)
(-61033.5153713871,-51445.2376144233,3434.70401939275)
(-58500.6664098382,-51520.0284182164,8098.181295778)
(-53243.0752324941,-50860.9703227348,19429.884154814)
(-41470.2020524624,-44752.5023954091,42326.1905549972)
(-4.14844047841264e-05,-2.47049664951767e-05,-4.8778531666966e-06)
(-73945.5843568799,-92861.2238976051,-91960.1991657388)
(-52943.9488907784,-63077.489204285,-97195.0563888691)
(-26742.4389584007,-28952.2841894211,-96337.1604625254)
(0,0,0)
(0,0,0)
(0,0,0)
(0,0,0)
(0,0,0)
(0,0,0)
(-50196.2479004165,-72074.1750675101,532.72359656827)
(-49943.9649698577,-72339.1079466021,1417.90983939897)
(-49296.695357016,-72962.7247362615,3434.78621251248)
(-48190.1155876493,-74543.4012879493,8850.92800054046)
(-47500.6385191908,-79120.9301492581,25554.8612246671)
(-54224.6348585564,-95474.2966265977,86941.976926982)
(-112750.631230116,-168142.602259704,-92894.8841454609)
(-55274.6033833262,-98415.4269969057,-62210.6767073138)
(-36664.2608253431,-63681.6426402,-63117.7367242892)
(-19840.6077673316,-32126.0794728362,-67447.943786126)
(0,0,0)
(0,0,0)
(0,0,0)
(0,0,0)
(0,0,0)
(0,0,0)
(-28815.0594889474,-87218.3801994213,314.470353934549)
(-28702.7033126582,-87570.1599238137,823.264846982252)
(-28407.0582590494,-88414.3167221293,1890.77632409133)
(-27997.0327957072,-90366.6952238049,4295.20701362366)
(-27860.0312878178,-94684.4545638528,9159.13636363728)
(-29843.1358333952,-103813.727352407,14183.3447226553)
(-37577.7401196511,-117983.558248217,-23214.0205047303)
(-27587.2235296061,-94726.0516981635,-27481.513916331)
(-20019.26477329,-67209.4169649599,-31600.7985545257)
(-11181.6899507159,-35549.0844074864,-35430.7587170632)
(0,0,0)
(0,0,0)
(0,0,0)
(0,0,0)
(0,0,0)
(0,0,0)
(0,0,0)
(0,0,0)
(0,0,0)
(0,0,0)
(0,0,0)
(0,0,0)
(0,0,0)
(0,0,0)
(0,0,0)
(0,0,0)
(0,0,0)
(0,0,0)
(0,0,0)
(0,0,0)
(0,0,0)
(0,0,0)
(0,0,0)
(0,0,0)
(0,0,0)
(0,0,0)
(0,0,0)
(0,0,0)
(0,0,0)
(0,0,0)
(0,0,0)
(0,0,0)
(0,0,0)
(0,0,0)
(0,0,0)
(0,0,0)
(0,0,0)
(0,0,0)
(0,0,0)
(0,0,0)
(0,0,0)
(0,0,0)
(0,0,0)
(0,0,0)
(0,0,0)
(0,0,0)
(0,0,0)
(0,0,0)
(0,0,0)
(0,0,0)
(0,0,0)
(0,0,0)
(0,0,0)
(0,0,0)
(0,0,0)
(0,0,0)
(0,0,0)
(0,0,0)
(0,0,0)
(0,0,0)
(0,0,0)
(0,0,0)
(0,0,0)
(0,0,0)
(0,0,0)
(0,0,0)
(0,0,0)
(0,0,0)
(0,0,0)
(0,0,0)
(0,0,0)
(0,0,0)
(0,0,0)
(0,0,0)
(0,0,0)
(0,0,0)
(0,0,0)
(0,0,0)
(0,0,0)
(0,0,0)
(0,0,0)
(0,0,0)
(0,0,0)
(0,0,0)
(0,0,0)
(0,0,0)
(0,0,0)
(0,0,0)
(0,0,0)
(0,0,0)
(0,0,0)
(0,0,0)
(0,0,0)
(0,0,0)
(0,0,0)
(0,0,0)
(0,0,0)
(0,0,0)
(0,0,0)
(0,0,0)
(0,0,0)
(0,0,0)
(-64394.8064123492,67.0557037628673,33.8839841487759)
(-64455.3402962322,134.156316604819,-167.652371913883)
(-64520.4337656503,352.120886695145,-945.757862947652)
(-64394.7722412948,953.146693736813,-2884.51580612826)
(-63813.3455706403,2225.10233689369,-6815.09921380176)
(-62125.4484101094,4564.4631615051,-14146.6274674398)
(-58456.5759478576,7468.65779755311,-25912.5144668993)
(-51241.6626116323,7067.09561580032,-39656.9597429151)
(-39034.603088909,4992.58814076646,-52495.4527859454)
(-21408.067802762,2474.60205088111,-60666.3510208032)
(0,0,0)
(0,0,0)
(0,0,0)
(0,0,0)
(0,0,0)
(0,0,0)
(-64485.0105317143,-301.404584030141,134.151872291266)
(-64569.4681230555,-170.284378460449,113.82944927583)
(-64632.2166072626,289.639479092491,-311.529879507442)
(-64458.4574901327,1592.01944506649,-1566.0135434244)
(-63816.2972541637,4650.96170848744,-4486.32853807822)
(-62351.1585758651,11354.6708882436,-11260.8840295138)
(-59526.0397703565,23080.0669134195,-26339.4344087933)
(-52494.0925939978,19183.4790249794,-41704.7312113431)
(-40020.0403862287,12449.0276006534,-55021.0296879289)
(-21905.0892391537,5771.21714393535,-63112.4911492427)
(0,0,0)
(0,0,0)
(0,0,0)
(0,0,0)
(0,0,0)
(0,0,0)
(-64644.2357021709,-1579.5035184872,340.867683180618)
(-64735.24357567,-1376.89692552697,666.336548713513)
(-64751.1644650016,-718.321985809208,1007.0565850265)
(-64490.3287099671,1166.41913950524,1503.42784946128)
(-63863.5463082675,6161.51556527192,2174.29732470559)
(-63491.8368692621,20652.3371423012,478.50101064824)
(-65408.7595052938,72432.1185816449,-30232.6083702532)
(-57497.7529042691,42427.3545670606,-48395.5071870746)
(-43427.8994787691,23931.1649517211,-61699.5796925098)
(-23470.7194286719,9971.12394372477,-68887.5274969739)
(0,0,0)
(0,0,0)
(0,0,0)
(0,0,0)
(0,0,0)
(0,0,0)
(-64747.1966798928,-4257.86627413502,579.302364789962)
(-64799.2064184426,-4046.46778016085,1381.39357911706)
(-64717.0639172069,-3411.88716351492,2893.94410385022)
(-64276.1500304024,-1748.58965898451,6495.89875978216)
(-63553.4283240807,1900.13900734369,16620.5440251413)
(-65722.8408709531,7721.11957222737,52272.1707468926)
(-96553.2892469561,658.157233488448,-60282.0513059663)
(-73002.857870316,61456.3799555581,-66870.7186041634)
(-52346.9962920408,32701.3535307791,-75629.8616258695)
(-26987.6894272823,11852.9830101949,-78846.1801275059)
(0,0,0)
(0,0,0)
(0,0,0)
(0,0,0)
(0,0,0)
(0,0,0)
(-64391.6766019305,-8936.14676848098,810.441605538872)
(-64371.0476421487,-8790.89260653013,2059.2576614428)
(-64181.8222070432,-8352.49188756065,4567.29658431143)
(-63316.4654545825,-7231.00658510822,10132.5759046728)
(-60500.2640862283,-4920.03558735984,22380.1621410942)
(-50340.3194513414,-1494.17922702233,45144.1527208533)
(-2.3365903418475e-05,7.67901678700758e-06,2.16575647375585e-05)
(-97507.9359261626,263.147174762823,-95809.1446345132)
(-68073.4366406613,5178.95044288711,-96527.1848775426)
(-32234.17968111,2633.85910716065,-90726.6772840132)
(0,0,0)
(0,0,0)
(0,0,0)
(0,0,0)
(0,0,0)
(0,0,0)
(-62843.0867143251,-16181.7998158553,1001.38753121929)
(-62771.8576635802,-16145.5422646209,2565.17698388043)
(-62564.8069196766,-15992.0463714748,5704.35514740276)
(-61665.5767405899,-15470.5183273663,12386.3082934323)
(-58629.9186501625,-14052.6444600164,25827.2922993476)
(-47579.2106127367,-10334.311227585,46911.4978691767)
(-1.61214509346305e-05,1.20514531670782e-05,1.49500507221601e-05)
(-92095.5180706441,162.006001753487,-91046.9871160771)
(-69485.5612957803,-8751.10593862981,-99166.9116314035)
(-33351.3754986581,-5809.53972118991,-93436.7534455848)
(0,0,0)
(0,0,0)
(0,0,0)
(0,0,0)
(0,0,0)
(0,0,0)
(-59012.8380699428,-26190.0015837668,1082.90690288009)
(-58956.7936155319,-26309.6874152164,2801.55711650275)
(-58859.2534048629,-26566.5954583142,6285.94004719787)
(-58376.2166163857,-26953.6398648259,13787.5211242128)
(-56667.6532067208,-27436.4219257128,29609.4094124364)
(-48724.8763610617,-25961.3009493402,57506.5110524563)
(-2.66722014360058e-05,2.05375691668574e-05,1.89609525443694e-05)
(-101829.240473133,-73549.7606542512,-100023.499206698)
(-68944.1687364113,-44116.5114220867,-96257.1944502971)
(-31927.6382321947,-18518.2137209692,-87676.7348200653)
(0,0,0)
(0,0,0)
(0,0,0)
(0,0,0)
(0,0,0)
(0,0,0)
(-51536.0861664744,-38237.7165389976,1016.31579311049)
(-51559.0851476492,-38540.559832838,2663.76126474285)
(-51683.8907619964,-39256.422663625,6003.96386065973)
(-52021.6177779581,-40813.9170943786,13385.1924583326)
(-53784.01823409,-44718.9789101278,31208.6924443473)
(-62785.4139482924,-57074.1316731375,83636.7350639803)
(-114015.44725316,-112206.189557902,-73628.2104411842)
(-76735.8580679731,-73784.463430504,-70603.2339538291)
(-50466.346594539,-46537.199541493,-70660.1481306566)
(-24797.0486113105,-21913.5871034864,-69210.1650952402)
(0,0,0)
(0,0,0)
(0,0,0)
(0,0,0)
(0,0,0)
(0,0,0)
(-39154.8065943764,-50075.3147725088,796.156927471974)
(-39232.6855318168,-50508.4828800256,2052.80053662073)
(-39450.0644417458,-51594.4324058945,4544.17936362345)
(-40104.4241972055,-53926.5397589137,9571.11063771737)
(-42475.7154974225,-59076.2884971195,18903.49720294)
(-50173.5796628256,-70696.9624027753,28475.2727368458)
(-68671.5694282082,-92560.5349628872,-35249.443660077)
(-50542.9247318597,-70406.5471511573,-43359.0385908976)
(-33702.7134958659,-46810.5626228064,-46047.22283906)
(-17097.6756066684,-23348.0661792807,-47355.675923926)
(0,0,0)
(0,0,0)
(0,0,0)
(0,0,0)
(0,0,0)
(0,0,0)
(-21448.4812917229,-57876.0458409874,434.152871256974)
(-21516.1056749338,-58345.9514552774,1085.02380878251)
(-21660.8267588482,-59559.5714900213,2303.93139270665)
(-22069.4323398694,-62001.6386056777,4451.42978363634)
(-23255.0967077417,-66471.1924042961,7241.39911073867)
(-26191.3785636793,-73631.6926142552,6524.37205250177)
(-30394.7937630653,-80071.0074932277,-13148.1017737517)
(-24499.0946381169,-66844.9812611373,-19797.7965552617)
(-17031.2365108533,-46950.9921127652,-22645.3953277382)
(-8842.55563233791,-24212.7855689859,-24119.8102564127)
(0,0,0)
(0,0,0)
(0,0,0)
(0,0,0)
(0,0,0)
(0,0,0)
(0,0,0)
(0,0,0)
(0,0,0)
(0,0,0)
(0,0,0)
(0,0,0)
(0,0,0)
(0,0,0)
(0,0,0)
(0,0,0)
(0,0,0)
(0,0,0)
(0,0,0)
(0,0,0)
(0,0,0)
(0,0,0)
(0,0,0)
(0,0,0)
(0,0,0)
(0,0,0)
(0,0,0)
(0,0,0)
(0,0,0)
(0,0,0)
(0,0,0)
(0,0,0)
(0,0,0)
(0,0,0)
(0,0,0)
(0,0,0)
(0,0,0)
(0,0,0)
(0,0,0)
(0,0,0)
(0,0,0)
(0,0,0)
(0,0,0)
(0,0,0)
(0,0,0)
(0,0,0)
(0,0,0)
(0,0,0)
(0,0,0)
(0,0,0)
(0,0,0)
(0,0,0)
(0,0,0)
(0,0,0)
(0,0,0)
(0,0,0)
(0,0,0)
(0,0,0)
(0,0,0)
(0,0,0)
(0,0,0)
(0,0,0)
(0,0,0)
(0,0,0)
(0,0,0)
(0,0,0)
(0,0,0)
(0,0,0)
(0,0,0)
(0,0,0)
(0,0,0)
(0,0,0)
(0,0,0)
(0,0,0)
(0,0,0)
(0,0,0)
(0,0,0)
(0,0,0)
(0,0,0)
(0,0,0)
(0,0,0)
(0,0,0)
(0,0,0)
(0,0,0)
(0,0,0)
(0,0,0)
(0,0,0)
(0,0,0)
(0,0,0)
(0,0,0)
(0,0,0)
(0,0,0)
(0,0,0)
(0,0,0)
(0,0,0)
(0,0,0)
(0,0,0)
(0,0,0)
(0,0,0)
(0,0,0)
(0,0,0)
(0,0,0)
(-64223.5261484899,-98.0960228104908,-73.1842410530962)
(-64279.6910860131,-19.5251161530377,-229.308335118043)
(-64231.8655687056,253.595580856202,-771.472112913362)
(-63951.8121396084,920.728556991706,-2135.16077159413)
(-63224.1515631337,2197.11490391657,-4921.46968301984)
(-61121.0116624564,4255.27606023366,-10181.1824909039)
(-56656.0480292127,6305.78499865976,-18287.4954082077)
(-48309.7840220487,5728.15443894088,-26947.5284367285)
(-35624.1481067688,3955.50030395722,-34313.4837228296)
(-19017.6843159737,1943.77862484794,-38647.6458344638)
(0,0,0)
(0,0,0)
(0,0,0)
(0,0,0)
(0,0,0)
(0,0,0)
(-64134.4424195782,-524.514849665544,75.8507147193915)
(-64255.5533011505,-362.517292059381,104.928068717456)
(-64371.5263633041,181.201950691379,-83.3685450770949)
(-64407.9477828508,1605.11350674541,-818.263202110314)
(-64199.8234803158,4627.47197264142,-2865.0940446834)
(-63025.1017353768,10198.9229406154,-8134.79776555438)
(-59668.041047058,17156.0283044092,-18843.0397945997)
(-51048.6655063326,14128.9528709462,-28689.2653142708)
(-37499.3375303107,9038.26786372171,-36292.7357299572)
(-19931.2768868995,4228.35558678107,-40551.1250441476)
(0,0,0)
(0,0,0)
(0,0,0)
(0,0,0)
(0,0,0)
(0,0,0)
(-63916.6096272255,-1605.48655907444,353.345634461007)
(-64161.4494400764,-1358.88627803104,775.920484838277)
(-64572.8550665417,-593.211192992738,1372.02423006197)
(-65223.9404930539,1503.09945184577,2207.65006804799)
(-66300.9617409988,6599.40539985286,2673.13207356703)
(-67953.4884867003,18485.6903348232,-1151.98370320143)
(-68853.9219273673,41280.055695957,-21830.8486726742)
(-58359.0084273995,26920.7412049325,-33761.3814835383)
(-42086.9070688411,15030.88536906,-41094.9913987988)
(-22056.2066356847,6481.45798821772,-44762.6065932222)
(0,0,0)
(0,0,0)
(0,0,0)
(0,0,0)
(0,0,0)
(0,0,0)
(-63351.076570732,-3664.67148976745,663.064821533193)
(-63739.8423162071,-3400.60700911898,1645.42145038561)
(-64523.1308804772,-2634.49081922373,3492.76803988578)
(-66048.9322488538,-520.489099394441,7289.13880958277)
(-69448.6275237604,5248.66282235347,14535.080586763)
(-77761.3301878996,23392.370951531,21666.8892870005)
(-94742.2797386875,97313.7247123575,-36177.7892376605)
(-73756.8656620372,37099.3584457823,-45602.3986867839)
(-50360.8430683299,17071.8808665516,-49629.5474079867)
(-25538.1708674633,6645.33674018521,-51242.9447197755)
(0,0,0)
(0,0,0)
(0,0,0)
(0,0,0)
(0,0,0)
(0,0,0)
(-61950.3407361841,-7028.43497889875,922.427623384305)
(-62442.3849283225,-6857.24881073731,2450.40671117687)
(-63582.0737144329,-6408.16300769237,5624.33040703801)
(-66004.7610474345,-5255.26655725335,13047.4034577486)
(-72135.0915989801,-2703.61603153585,32634.5098243916)
(-91546.5320735655,1712.72180514546,95520.3715930065)
(-168958.782214369,855.493746515026,-96569.0187939317)
(-97307.740511852,6024.0811258876,-65693.9368883437)
(-60528.8190932788,3912.67005214459,-60079.3436213201)
(-29357.7728195558,1582.64622881515,-57893.0599715081)
(0,0,0)
(0,0,0)
(0,0,0)
(0,0,0)
(0,0,0)
(0,0,0)
(-59093.8492543521,-11879.2858578398,1101.61341897097)
(-59615.9346191462,-11868.6957604792,2957.13732428028)
(-60941.7448204899,-11868.7583645581,6794.6705819592)
(-63868.4012122541,-11802.5832383132,15544.8117346814)
(-71116.1612020689,-11700.2675408214,37027.7057958707)
(-92504.6225421503,-11026.9118412122,94692.7513716486)
(-166632.916181429,671.148225811179,-91481.684654817)
(-100479.644839813,-9232.18996538859,-67841.2867943664)
(-62917.2731707869,-8038.013745152,-62458.8911220587)
(-30393.527582829,-4300.30656741411,-59533.7862416529)
(0,0,0)
(0,0,0)
(0,0,0)
(0,0,0)
(0,0,0)
(0,0,0)
(-53871.7627206689,-18173.6960155678,1153.33480845401)
(-54392.5952691212,-18347.981436685,3068.42213825108)
(-55748.641233328,-18855.7110777928,6944.76267995213)
(-58779.3392437597,-20126.5517210727,15671.8537900883)
(-66338.4666146063,-24101.6701954794,37744.0698526303)
(-88889.3636075516,-39558.2291358955,106439.874393809)
(-174408.061284399,-113462.714002693,-101411.113799657)
(-97712.2235567948,-48106.573814211,-66653.7468671825)
(-59457.7964240769,-25429.2662840079,-58748.8666406576)
(-28428.0147673312,-11283.208346048,-55265.5883268884)
(0,0,0)
(0,0,0)
(0,0,0)
(0,0,0)
(0,0,0)
(0,0,0)
(-45503.2553641122,-25236.6302896621,1030.10347173264)
(-45984.45232313,-25569.4969206321,2676.98613115982)
(-47196.8081856328,-26442.3993777105,5776.59185471545)
(-49774.5520468052,-28375.701956635,11778.6763591238)
(-55558.3257817239,-32929.5105848937,22380.82429617)
(-68518.8730598161,-44009.4079518071,32565.4622236076)
(-92427.4138353073,-66412.4581404243,-36072.8270565143)
(-69678.7849813293,-47254.5934198156,-43981.8805375577)
(-45732.6615510597,-29531.3176224615,-44613.5142425867)
(-22552.3649243796,-14094.7339708351,-44046.6723047217)
(0,0,0)
(0,0,0)
(0,0,0)
(0,0,0)
(0,0,0)
(0,0,0)
(-33456.6699162524,-31691.1051401649,756.338172381029)
(-33828.8641218186,-32117.8859908733,1900.90583262414)
(-34715.3119951679,-33203.5406501264,3927.29465846106)
(-36515.0497559324,-35321.6907305226,7283.9089910743)
(-40147.1075951518,-39327.4424653657,11353.2329692741)
(-46713.5588820581,-46262.3813035808,10146.1855402789)
(-54096.6963202968,-53900.6442419092,-16940.5014661501)
(-44384.1624855176,-44067.7874372641,-26286.0696950412)
(-30413.1070942006,-29906.0985186185,-29200.8952005447)
(-15359.1677874949,-14980.1203286544,-30054.0166618998)
(0,0,0)
(0,0,0)
(0,0,0)
(0,0,0)
(0,0,0)
(0,0,0)
(-17821.4031580164,-35711.5728571305,393.389583259346)
(-18038.1847029771,-36162.7570630257,960.339683454025)
(-18499.8054387715,-37318.1704549013,1913.9481681534)
(-19393.3297989844,-39376.6291623576,3292.78405910155)
(-21023.3787205909,-42657.7530247586,4391.37663134154)
(-23549.0045684775,-46953.364972935,2439.98630549279)
(-25392.2271029947,-49294.2900750969,-7168.93452139013)
(-21504.0838927614,-42025.4065898901,-12206.3261141185)
(-15129.690643854,-29669.4217089879,-14344.5487907491)
(-7755.47578341055,-15230.3101995564,-15181.4387687739)
(0,0,0)
(0,0,0)
(0,0,0)
(0,0,0)
(0,0,0)
(0,0,0)
(0,0,0)
(0,0,0)
(0,0,0)
(0,0,0)
(0,0,0)
(0,0,0)
(0,0,0)
(0,0,0)
(0,0,0)
(0,0,0)
(0,0,0)
(0,0,0)
(0,0,0)
(0,0,0)
(0,0,0)
(0,0,0)
(0,0,0)
(0,0,0)
(0,0,0)
(0,0,0)
(0,0,0)
(0,0,0)
(0,0,0)
(0,0,0)
(0,0,0)
(0,0,0)
(0,0,0)
(0,0,0)
(0,0,0)
(0,0,0)
(0,0,0)
(0,0,0)
(0,0,0)
(0,0,0)
(0,0,0)
(0,0,0)
(0,0,0)
(0,0,0)
(0,0,0)
(0,0,0)
(0,0,0)
(0,0,0)
(0,0,0)
(0,0,0)
(0,0,0)
(0,0,0)
(0,0,0)
(0,0,0)
(0,0,0)
(0,0,0)
(0,0,0)
(0,0,0)
(0,0,0)
(0,0,0)
(0,0,0)
(0,0,0)
(0,0,0)
(0,0,0)
(0,0,0)
(0,0,0)
(0,0,0)
(0,0,0)
(0,0,0)
(0,0,0)
(0,0,0)
(0,0,0)
(0,0,0)
(0,0,0)
(0,0,0)
(0,0,0)
(0,0,0)
(0,0,0)
(0,0,0)
(0,0,0)
(0,0,0)
(0,0,0)
(0,0,0)
(0,0,0)
(0,0,0)
(0,0,0)
(0,0,0)
(0,0,0)
(0,0,0)
(0,0,0)
(0,0,0)
(0,0,0)
(0,0,0)
(0,0,0)
(0,0,0)
(0,0,0)
(0,0,0)
(0,0,0)
(0,0,0)
(0,0,0)
(0,0,0)
(0,0,0)
(-64027.3256578748,-117.944589234056,-78.2559013812542)
(-64131.0867107326,-57.2308745546429,-169.629402105934)
(-64084.1435021884,129.901394613726,-447.252863236082)
(-63802.7475079331,540.19259125235,-1136.51008616396)
(-63054.9179245541,1270.12026572907,-2575.86399046992)
(-60739.2382909001,2339.00430920649,-5296.64167123209)
(-55853.6389913077,3267.8943285068,-9366.94503764681)
(-47107.2603683116,2984.70722528412,-13554.1759166669)
(-34315.9471820509,2083.32516791064,-16945.702009295)
(-18133.9004896894,1023.78935178392,-18853.2751873653)
(0,0,0)
(0,0,0)
(0,0,0)
(0,0,0)
(0,0,0)
(0,0,0)
(-63922.616019774,-369.849488196151,40.0784991568426)
(-64084.5546346264,-258.635388808385,70.4843468850893)
(-64259.5104398539,89.4605241749239,-1.09070612460316)
(-64447.8453467322,940.856996113554,-361.857547106616)
(-64411.3754875738,2612.82177048241,-1493.00704460079)
(-63109.3312188339,5307.1452818408,-4376.9185337775)
(-59133.3571900668,7998.71763121945,-9642.42569348204)
(-50117.5729105143,6857.53809236915,-14446.3491563828)
(-36392.1244192409,4502.39415086727,-17972.6312504048)
(-19149.9951555753,2139.52888713525,-19869.6525170769)
(0,0,0)
(0,0,0)
(0,0,0)
(0,0,0)
(0,0,0)
(0,0,0)
(-63561.739981702,-965.050282650808,240.331148932409)
(-63887.3764845425,-801.149067334619,508.771871926396)
(-64531.687422513,-324.004248890261,881.069000963381)
(-65622.790488966,904.56293051984,1316.21306247104)
(-67186.5115619563,3621.0163483636,1193.56830555058)
(-68565.1146609556,8791.68615197566,-1679.34639032847)
(-67254.675231692,15483.6783633142,-10763.5538180978)
(-57075.622107469,11619.8577273237,-16809.2597729813)
(-40939.5208070504,6869.23986487366,-20323.4917487831)
(-21314.2687995814,3072.48135875198,-21998.3820565013)
(0,0,0)
(0,0,0)
(0,0,0)
(0,0,0)
(0,0,0)
(0,0,0)
(-62706.2271804293,-2069.1476204005,459.247947447013)
(-63263.2020288865,-1887.53368080578,1068.99227359534)
(-64504.6910891934,-1410.48839206272,2137.0366254858)
(-66845.9426652874,-170.6372972379,4009.24726967578)
(-71036.6533900341,2868.55579913305,6349.73368518249)
(-77552.7101808932,9910.86692941245,5021.93290073808)
(-82928.9139002637,23317.6784519495,-14625.4330263239)
(-68883.4188358216,13690.38671204,-21569.4088372558)
(-47949.7043284678,7036.41040596606,-24147.7181182126)
(-24454.4027035404,2912.29564643842,-25071.3005698202)
(0,0,0)
(0,0,0)
(0,0,0)
(0,0,0)
(0,0,0)
(0,0,0)
(-60838.6413439183,-3798.16665459626,617.319641929917)
(-61604.5033815141,-3674.0614065782,1565.96582089301)
(-63415.6992063144,-3409.4667547013,3398.56967541252)
(-67056.2533892705,-2757.38430786482,7036.80902787432)
(-74266.8608512936,-1327.40566322978,13364.5397425496)
(-87836.479077852,1165.55099711885,18399.8026791276)
(-106563.176285854,3643.71279346435,-24321.8375909086)
(-82806.8000231734,3148.18184857513,-28280.5732161165)
(-55170.0110740861,1717.70411622575,-28320.6749455737)
(-27455.3905039572,664.428145908026,-27975.1897606396)
(0,0,0)
(0,0,0)
(0,0,0)
(0,0,0)
(0,0,0)
(0,0,0)
(-57397.6725370295,-6206.2307149569,711.887343034892)
(-58248.221962752,-6190.70299187191,1860.81627193347)
(-60331.9203094381,-6236.22993200977,4077.75493818915)
(-64673.3982712742,-6317.14451321538,8442.51220255907)
(-73312.2539062087,-6523.95144737194,15835.1506908433)
(-89433.7945175672,-6958.65288992822,20888.526553303)
(-110655.874178149,-6628.51346003403,-24816.2891964651)
(-86304.08392131,-6139.1213988697,-29704.5468675209)
(-57142.1964882436,-4368.31016432045,-29393.6092695225)
(-28252.934262501,-2217.67533967785,-28652.0991042679)
(0,0,0)
(0,0,0)
(0,0,0)
(0,0,0)
(0,0,0)
(0,0,0)
(-51585.0254428451,-9212.73011496235,719.762122181617)
(-52428.0591183561,-9319.66406679454,1884.18704633962)
(-54481.3527858685,-9686.24332675731,4066.9119936251)
(-58742.5881007749,-10565.3323070239,8278.34864445045)
(-67211.3080717147,-12808.9220930166,15436.1607472032)
(-82959.6231539609,-18684.8939043646,21232.6613080453)
(-104482.350888547,-31010.0571915555,-24311.5053562662)
(-80508.6679116551,-19724.1156510803,-27930.0667492002)
(-53020.2146430247,-11466.6806451992,-27269.2780493706)
(-26163.2829348927,-5293.81087933935,-26457.874342148)
(0,0,0)
(0,0,0)
(0,0,0)
(0,0,0)
(0,0,0)
(0,0,0)
(-42875.668979011,-12472.9814850479,632.664984984565)
(-43593.1191176101,-12680.3454441264,1602.01315679656)
(-45307.5675851265,-13255.3021900001,3281.83141953347)
(-48719.7224253367,-14452.5995932905,6114.26908433252)
(-54969.804314207,-16910.4036562377,9627.22918003815)
(-64834.445827662,-21640.7813359043,8898.68937942151)
(-73944.1843446233,-27562.7869642146,-13031.8103385995)
(-61176.3905967578,-21566.9803041183,-19691.3400701261)
(-41818.8900969814,-13947.5839561547,-21124.2082132526)
(-20983.2708703691,-6760.74232046425,-21226.3708261377)
(0,0,0)
(0,0,0)
(0,0,0)
(0,0,0)
(0,0,0)
(0,0,0)
(-31048.4075737321,-15346.0334394802,464.789611910707)
(-31558.8189879521,-15606.539269097,1120.93830301492)
(-32743.7771637999,-16279.9682045743,2174.06948622092)
(-35003.3151449943,-17491.4884839867,3701.22376597887)
(-38766.0708701775,-19534.1881179762,4943.97150274252)
(-43853.7884952037,-22511.6933200818,2955.11310006409)
(-46936.905155533,-24716.5497515004,-7050.91527741569)
(-40051.6836157341,-20836.4687392618,-12113.9057120579)
(-28127.6027013568,-14375.5380711133,-13971.4559899456)
(-14330.7487232634,-7233.86996412942,-14526.7474105125)
(0,0,0)
(0,0,0)
(0,0,0)
(0,0,0)
(0,0,0)
(0,0,0)
(-16314.3531673834,-17092.0375521105,238.954121996623)
(-16606.0388468269,-17360.209329222,560.47832597188)
(-17208.9368393382,-18061.1098090878,1050.75133105191)
(-18300.923731723,-19205.3764224158,1672.23320221997)
(-19981.5913054387,-20864.9955429943,1961.25321208608)
(-22028.7057634068,-22779.0546414613,708.315728396542)
(-22784.5242346881,-23416.6424683525,-3199.29442305815)
(-19654.7728242325,-20157.3207038411,-5727.75352700857)
(-14019.0256105873,-14318.3436652687,-6895.61296611916)
(-7206.62616432193,-7342.70806590004,-7335.6244834374)
(0,0,0)
(0,0,0)
(0,0,0)
(0,0,0)
(0,0,0)
(0,0,0)
(0,0,0)
(0,0,0)
(0,0,0)
(0,0,0)
(0,0,0)
(0,0,0)
(0,0,0)
(0,0,0)
(0,0,0)
(0,0,0)
(0,0,0)
(0,0,0)
(0,0,0)
(0,0,0)
(0,0,0)
(0,0,0)
(0,0,0)
(0,0,0)
(0,0,0)
(0,0,0)
(0,0,0)
(0,0,0)
(0,0,0)
(0,0,0)
(0,0,0)
(0,0,0)
(0,0,0)
(0,0,0)
(0,0,0)
(0,0,0)
(0,0,0)
(0,0,0)
(0,0,0)
(0,0,0)
(0,0,0)
(0,0,0)
(0,0,0)
(0,0,0)
(0,0,0)
(0,0,0)
(0,0,0)
(0,0,0)
(0,0,0)
(0,0,0)
(0,0,0)
(0,0,0)
(0,0,0)
(0,0,0)
(0,0,0)
(0,0,0)
(0,0,0)
(0,0,0)
(0,0,0)
(0,0,0)
(0,0,0)
(0,0,0)
(0,0,0)
(0,0,0)
(0,0,0)
(0,0,0)
(0,0,0)
(0,0,0)
(0,0,0)
(0,0,0)
(0,0,0)
(0,0,0)
(0,0,0)
(0,0,0)
(0,0,0)
(0,0,0)
(0,0,0)
(0,0,0)
(0,0,0)
(0,0,0)
(0,0,0)
(0,0,0)
(0,0,0)
(0,0,0)
(0,0,0)
(0,0,0)
(0,0,0)
(0,0,0)
(0,0,0)
(0,0,0)
(0,0,0)
(0,0,0)
(0,0,0)
(0,0,0)
(0,0,0)
(0,0,0)
(0,0,0)
(0,0,0)
(0,0,0)
(0,0,0)
(0,0,0)
(0,0,0)
(0,0,0)
(0,0,0)
(0,0,0)
(0,0,0)
(0,0,0)
(0,0,0)
(0,0,0)
(0,0,0)
(0,0,0)
(0,0,0)
(0,0,0)
(0,0,0)
(0,0,0)
(0,0,0)
(0,0,0)
(0,0,0)
(0,0,0)
(0,0,0)
(0,0,0)
(0,0,0)
(0,0,0)
(0,0,0)
(0,0,0)
(0,0,0)
(0,0,0)
(0,0,0)
(0,0,0)
(0,0,0)
(0,0,0)
(0,0,0)
(0,0,0)
(0,0,0)
(0,0,0)
(0,0,0)
(0,0,0)
(0,0,0)
(0,0,0)
(0,0,0)
(0,0,0)
(0,0,0)
(0,0,0)
(0,0,0)
(0,0,0)
(0,0,0)
(0,0,0)
(0,0,0)
(0,0,0)
(0,0,0)
(0,0,0)
(0,0,0)
(0,0,0)
(0,0,0)
(0,0,0)
(0,0,0)
(0,0,0)
(0,0,0)
(0,0,0)
(0,0,0)
(0,0,0)
(0,0,0)
(0,0,0)
(0,0,0)
(0,0,0)
(0,0,0)
(0,0,0)
(0,0,0)
(0,0,0)
(0,0,0)
(0,0,0)
(0,0,0)
(0,0,0)
(0,0,0)
(0,0,0)
(0,0,0)
(0,0,0)
(0,0,0)
(0,0,0)
(0,0,0)
(0,0,0)
(0,0,0)
(0,0,0)
(0,0,0)
(0,0,0)
(0,0,0)
(0,0,0)
(0,0,0)
(0,0,0)
(0,0,0)
(0,0,0)
(0,0,0)
(0,0,0)
(0,0,0)
(0,0,0)
(0,0,0)
(0,0,0)
(0,0,0)
(0,0,0)
(0,0,0)
(0,0,0)
(0,0,0)
(0,0,0)
(0,0,0)
(0,0,0)
(0,0,0)
(0,0,0)
(0,0,0)
(0,0,0)
(0,0,0)
(0,0,0)
(0,0,0)
(0,0,0)
(0,0,0)
(0,0,0)
(0,0,0)
(0,0,0)
(0,0,0)
(0,0,0)
(0,0,0)
(0,0,0)
(0,0,0)
(0,0,0)
(0,0,0)
(0,0,0)
(0,0,0)
(0,0,0)
(0,0,0)
(0,0,0)
(0,0,0)
(0,0,0)
(0,0,0)
(0,0,0)
(0,0,0)
(0,0,0)
(0,0,0)
(0,0,0)
(0,0,0)
(0,0,0)
(0,0,0)
(0,0,0)
(0,0,0)
(0,0,0)
(0,0,0)
(0,0,0)
(0,0,0)
(0,0,0)
(0,0,0)
(0,0,0)
(0,0,0)
(0,0,0)
(0,0,0)
(0,0,0)
(0,0,0)
(0,0,0)
(0,0,0)
(0,0,0)
(0,0,0)
(0,0,0)
(0,0,0)
(0,0,0)
(0,0,0)
(0,0,0)
(0,0,0)
(0,0,0)
(0,0,0)
(0,0,0)
(0,0,0)
(0,0,0)
(0,0,0)
(0,0,0)
(0,0,0)
(0,0,0)
(0,0,0)
(0,0,0)
(0,0,0)
(0,0,0)
(0,0,0)
(0,0,0)
(0,0,0)
(0,0,0)
(0,0,0)
(0,0,0)
(0,0,0)
(0,0,0)
(0,0,0)
(0,0,0)
(0,0,0)
(0,0,0)
(0,0,0)
(0,0,0)
(0,0,0)
(0,0,0)
(0,0,0)
(0,0,0)
(0,0,0)
(0,0,0)
(0,0,0)
(0,0,0)
(0,0,0)
(0,0,0)
(0,0,0)
(0,0,0)
(0,0,0)
(0,0,0)
(0,0,0)
(0,0,0)
(0,0,0)
(0,0,0)
(0,0,0)
(0,0,0)
(0,0,0)
(0,0,0)
(0,0,0)
(0,0,0)
(0,0,0)
(0,0,0)
(0,0,0)
(0,0,0)
(0,0,0)
(0,0,0)
(0,0,0)
(0,0,0)
(0,0,0)
(0,0,0)
(0,0,0)
(0,0,0)
(0,0,0)
(0,0,0)
(0,0,0)
(0,0,0)
(0,0,0)
(0,0,0)
(0,0,0)
(0,0,0)
(0,0,0)
(0,0,0)
(0,0,0)
(0,0,0)
(0,0,0)
(0,0,0)
(0,0,0)
(0,0,0)
(0,0,0)
(0,0,0)
(0,0,0)
(0,0,0)
(0,0,0)
(0,0,0)
(0,0,0)
(0,0,0)
(0,0,0)
(0,0,0)
(0,0,0)
(0,0,0)
(0,0,0)
(0,0,0)
(0,0,0)
(0,0,0)
(0,0,0)
(0,0,0)
(0,0,0)
(0,0,0)
(0,0,0)
(0,0,0)
(0,0,0)
(0,0,0)
(0,0,0)
(0,0,0)
(0,0,0)
(0,0,0)
(0,0,0)
(0,0,0)
(0,0,0)
(0,0,0)
(0,0,0)
(0,0,0)
(0,0,0)
(0,0,0)
(0,0,0)
(0,0,0)
(0,0,0)
(0,0,0)
(0,0,0)
(0,0,0)
(0,0,0)
(0,0,0)
(0,0,0)
(0,0,0)
(0,0,0)
(0,0,0)
(0,0,0)
(0,0,0)
(0,0,0)
(0,0,0)
(0,0,0)
(0,0,0)
(0,0,0)
(0,0,0)
(0,0,0)
(0,0,0)
(0,0,0)
(0,0,0)
(0,0,0)
(0,0,0)
(0,0,0)
(0,0,0)
(0,0,0)
(0,0,0)
(0,0,0)
(0,0,0)
(0,0,0)
(0,0,0)
(0,0,0)
(0,0,0)
(0,0,0)
(0,0,0)
(0,0,0)
(0,0,0)
(0,0,0)
(0,0,0)
(0,0,0)
(0,0,0)
(0,0,0)
(0,0,0)
(0,0,0)
(0,0,0)
(0,0,0)
(0,0,0)
(0,0,0)
(0,0,0)
(0,0,0)
(0,0,0)
(0,0,0)
(0,0,0)
(0,0,0)
(0,0,0)
(0,0,0)
(0,0,0)
(0,0,0)
(0,0,0)
(0,0,0)
(0,0,0)
(0,0,0)
(0,0,0)
(0,0,0)
(0,0,0)
(0,0,0)
(0,0,0)
(0,0,0)
(0,0,0)
(0,0,0)
(0,0,0)
(0,0,0)
(0,0,0)
(0,0,0)
(0,0,0)
(0,0,0)
(0,0,0)
(0,0,0)
(0,0,0)
(0,0,0)
(0,0,0)
(0,0,0)
(0,0,0)
(0,0,0)
(0,0,0)
(0,0,0)
(0,0,0)
(0,0,0)
(0,0,0)
(0,0,0)
(0,0,0)
(0,0,0)
(0,0,0)
(0,0,0)
(0,0,0)
(0,0,0)
(0,0,0)
(0,0,0)
(0,0,0)
(0,0,0)
(0,0,0)
(0,0,0)
(0,0,0)
(0,0,0)
(0,0,0)
(0,0,0)
(0,0,0)
(0,0,0)
(0,0,0)
(0,0,0)
(0,0,0)
(0,0,0)
(0,0,0)
(0,0,0)
(0,0,0)
(0,0,0)
(0,0,0)
(0,0,0)
(0,0,0)
(0,0,0)
(0,0,0)
(0,0,0)
(0,0,0)
(0,0,0)
(0,0,0)
(0,0,0)
(0,0,0)
(0,0,0)
(0,0,0)
(0,0,0)
(0,0,0)
(0,0,0)
(0,0,0)
(0,0,0)
(0,0,0)
(0,0,0)
(0,0,0)
(0,0,0)
(0,0,0)
(0,0,0)
(0,0,0)
(0,0,0)
(0,0,0)
(0,0,0)
(0,0,0)
(0,0,0)
(0,0,0)
(0,0,0)
(0,0,0)
(0,0,0)
(0,0,0)
(0,0,0)
(0,0,0)
(0,0,0)
(0,0,0)
(0,0,0)
(0,0,0)
(0,0,0)
(0,0,0)
(0,0,0)
(0,0,0)
(0,0,0)
(0,0,0)
(0,0,0)
(0,0,0)
(0,0,0)
(0,0,0)
(0,0,0)
(0,0,0)
(0,0,0)
(0,0,0)
(0,0,0)
(0,0,0)
(0,0,0)
(0,0,0)
(0,0,0)
(0,0,0)
(0,0,0)
(0,0,0)
(0,0,0)
(0,0,0)
(0,0,0)
(0,0,0)
(0,0,0)
(0,0,0)
(0,0,0)
(0,0,0)
(0,0,0)
(0,0,0)
(0,0,0)
(0,0,0)
(0,0,0)
(0,0,0)
(0,0,0)
(0,0,0)
(0,0,0)
(0,0,0)
(0,0,0)
(0,0,0)
(0,0,0)
(0,0,0)
(0,0,0)
(0,0,0)
(0,0,0)
(0,0,0)
(0,0,0)
(0,0,0)
(0,0,0)
(0,0,0)
(0,0,0)
(0,0,0)
(0,0,0)
(0,0,0)
(0,0,0)
(0,0,0)
(0,0,0)
(0,0,0)
(0,0,0)
(0,0,0)
(0,0,0)
(0,0,0)
(0,0,0)
(0,0,0)
(0,0,0)
(0,0,0)
(0,0,0)
(0,0,0)
(0,0,0)
(0,0,0)
(0,0,0)
(0,0,0)
(0,0,0)
(0,0,0)
(0,0,0)
(0,0,0)
(0,0,0)
(0,0,0)
(0,0,0)
(0,0,0)
(0,0,0)
(0,0,0)
(0,0,0)
(0,0,0)
(0,0,0)
(0,0,0)
(0,0,0)
(0,0,0)
(0,0,0)
(0,0,0)
(0,0,0)
(0,0,0)
(0,0,0)
(0,0,0)
(0,0,0)
(0,0,0)
(0,0,0)
(0,0,0)
(0,0,0)
(0,0,0)
(0,0,0)
(0,0,0)
(0,0,0)
(0,0,0)
(0,0,0)
(0,0,0)
(0,0,0)
(0,0,0)
(0,0,0)
(0,0,0)
(0,0,0)
(0,0,0)
(0,0,0)
(0,0,0)
(0,0,0)
(0,0,0)
(0,0,0)
(0,0,0)
(0,0,0)
(0,0,0)
(0,0,0)
(0,0,0)
(0,0,0)
(0,0,0)
(0,0,0)
(0,0,0)
(0,0,0)
(0,0,0)
(0,0,0)
(0,0,0)
(0,0,0)
(0,0,0)
(0,0,0)
(0,0,0)
(0,0,0)
(0,0,0)
(0,0,0)
(0,0,0)
(0,0,0)
(0,0,0)
(0,0,0)
(0,0,0)
(0,0,0)
(0,0,0)
(0,0,0)
(0,0,0)
(0,0,0)
(0,0,0)
(0,0,0)
(0,0,0)
(0,0,0)
(0,0,0)
(0,0,0)
(0,0,0)
(0,0,0)
(0,0,0)
(0,0,0)
(0,0,0)
(0,0,0)
(0,0,0)
(0,0,0)
(0,0,0)
(0,0,0)
(0,0,0)
(0,0,0)
(0,0,0)
(0,0,0)
(0,0,0)
(0,0,0)
(0,0,0)
(0,0,0)
(0,0,0)
(0,0,0)
(0,0,0)
(0,0,0)
(0,0,0)
(0,0,0)
(0,0,0)
(0,0,0)
(0,0,0)
(0,0,0)
(0,0,0)
(0,0,0)
(0,0,0)
(0,0,0)
(0,0,0)
(0,0,0)
(0,0,0)
(0,0,0)
(0,0,0)
(0,0,0)
(0,0,0)
(0,0,0)
(0,0,0)
(0,0,0)
(0,0,0)
(0,0,0)
(0,0,0)
(0,0,0)
(0,0,0)
(0,0,0)
(0,0,0)
(0,0,0)
(0,0,0)
(0,0,0)
(0,0,0)
(0,0,0)
(0,0,0)
(0,0,0)
(0,0,0)
(0,0,0)
(0,0,0)
(0,0,0)
(0,0,0)
(0,0,0)
(0,0,0)
(0,0,0)
(0,0,0)
(0,0,0)
(0,0,0)
(0,0,0)
(0,0,0)
(0,0,0)
(0,0,0)
(0,0,0)
(0,0,0)
(0,0,0)
(0,0,0)
(0,0,0)
(0,0,0)
(0,0,0)
(0,0,0)
(0,0,0)
(0,0,0)
(0,0,0)
(0,0,0)
(0,0,0)
(0,0,0)
(0,0,0)
(0,0,0)
(0,0,0)
(0,0,0)
(0,0,0)
(0,0,0)
(0,0,0)
(0,0,0)
(0,0,0)
(0,0,0)
(0,0,0)
(0,0,0)
(0,0,0)
(0,0,0)
(0,0,0)
(0,0,0)
(0,0,0)
(0,0,0)
(0,0,0)
(0,0,0)
(0,0,0)
(0,0,0)
(0,0,0)
(0,0,0)
(0,0,0)
(0,0,0)
(0,0,0)
(0,0,0)
(0,0,0)
(0,0,0)
(0,0,0)
(0,0,0)
(0,0,0)
(0,0,0)
(0,0,0)
(0,0,0)
(0,0,0)
(0,0,0)
(0,0,0)
(0,0,0)
