(0,0,0)
(0,0,0)
(0,0,0)
(0,0,0)
(0,0,0)
(0,0,0)
(0,0,0)
(0,0,0)
(0,0,0)
(0,0,0)
(0,0,0)
(0,0,0)
(0,0,0)
(0,0,0)
(0,0,0)
(0,0,0)
(0,0,0)
(0,0,0)
(0,0,0)
(0,0,0)
(0,0,0)
(0,0,0)
(0,0,0)
(0,0,0)
(0,0,0)
(0,0,0)
(0,0,0)
(0,0,0)
(0,0,0)
(0,0,0)
(0,0,0)
(0,0,0)
(0,0,0)
(0,0,0)
(0,0,0)
(0,0,0)
(0,0,0)
(0,0,0)
(0,0,0)
(0,0,0)
(0,0,0)
(0,0,0)
(0,0,0)
(0,0,0)
(0,0,0)
(0,0,0)
(0,0,0)
(0,0,0)
(0,0,0)
(0,0,0)
(0,0,0)
(0,0,0)
(0,0,0)
(0,0,0)
(0,0,0)
(0,0,0)
(0,0,0)
(0,0,0)
(0,0,0)
(0,0,0)
(0,0,0)
(0,0,0)
(0,0,0)
(0,0,0)
(0,0,0)
(0,0,0)
(0,0,0)
(0,0,0)
(0,0,0)
(0,0,0)
(0,0,0)
(0,0,0)
(0,0,0)
(0,0,0)
(0,0,0)
(0,0,0)
(0,0,0)
(0,0,0)
(0,0,0)
(0,0,0)
(0,0,0)
(0,0,0)
(0,0,0)
(0,0,0)
(0,0,0)
(0,0,0)
(0,0,0)
(0,0,0)
(0,0,0)
(0,0,0)
(0,0,0)
(0,0,0)
(0,0,0)
(0,0,0)
(0,0,0)
(0,0,0)
(0,0,0)
(0,0,0)
(0,0,0)
(0,0,0)
(0,0,0)
(0,0,0)
(0,0,0)
(0,0,0)
(0,0,0)
(0,0,0)
(0,0,0)
(0,0,0)
(0,0,0)
(0,0,0)
(0,0,0)
(0,0,0)
(0,0,0)
(0,0,0)
(0,0,0)
(0,0,0)
(0,0,0)
(0,0,0)
(0,0,0)
(0,0,0)
(0,0,0)
(0,0,0)
(0,0,0)
(0,0,0)
(0,0,0)
(0,0,0)
(0,0,0)
(0,0,0)
(0,0,0)
(0,0,0)
(0,0,0)
(0,0,0)
(0,0,0)
(0,0,0)
(0,0,0)
(0,0,0)
(0,0,0)
(0,0,0)
(0,0,0)
(0,0,0)
(0,0,0)
(0,0,0)
(0,0,0)
(0,0,0)
(0,0,0)
(0,0,0)
(0,0,0)
(0,0,0)
(0,0,0)
(0,0,0)
(0,0,0)
(0,0,0)
(0,0,0)
(0,0,0)
(0,0,0)
(0,0,0)
(0,0,0)
(0,0,0)
(0,0,0)
(0,0,0)
(0,0,0)
(0,0,0)
(0,0,0)
(0,0,0)
(0,0,0)
(0,0,0)
(0,0,0)
(0,0,0)
(0,0,0)
(0,0,0)
(0,0,0)
(0,0,0)
(0,0,0)
(0,0,0)
(0,0,0)
(0,0,0)
(0,0,0)
(0,0,0)
(0,0,0)
(0,0,0)
(0,0,0)
(0,0,0)
(0,0,0)
(0,0,0)
(0,0,0)
(0,0,0)
(0,0,0)
(0,0,0)
(0,0,0)
(0,0,0)
(0,0,0)
(0,0,0)
(0,0,0)
(0,0,0)
(0,0,0)
(0,0,0)
(0,0,0)
(0,0,0)
(0,0,0)
(0,0,0)
(0,0,0)
(0,0,0)
(0,0,0)
(0,0,0)
(0,0,0)
(0,0,0)
(0,0,0)
(0,0,0)
(0,0,0)
(0,0,0)
(0,0,0)
(0,0,0)
(0,0,0)
(0,0,0)
(0,0,0)
(0,0,0)
(0,0,0)
(0,0,0)
(0,0,0)
(0,0,0)
(0,0,0)
(0,0,0)
(0,0,0)
(0,0,0)
(0,0,0)
(0,0,0)
(0,0,0)
(0,0,0)
(0,0,0)
(0,0,0)
(0,0,0)
(0,0,0)
(0,0,0)
(0,0,0)
(0,0,0)
(0,0,0)
(0,0,0)
(0,0,0)
(0,0,0)
(0,0,0)
(0,0,0)
(0,0,0)
(0,0,0)
(0,0,0)
(0,0,0)
(0,0,0)
(0,0,0)
(0,0,0)
(0,0,0)
(0,0,0)
(0,0,0)
(0,0,0)
(0,0,0)
(0,0,0)
(0,0,0)
(0,0,0)
(0,0,0)
(0,0,0)
(0,0,0)
(0,0,0)
(0,0,0)
(0,0,0)
(0,0,0)
(0,0,0)
(0,0,0)
(0,0,0)
(0,0,0)
(0,0,0)
(0,0,0)
(0,0,0)
(0,0,0)
(0,0,0)
(0,0,0)
(0,0,0)
(0,0,0)
(0,0,0)
(0,0,0)
(0,0,0)
(0,0,0)
(0,0,0)
(0,0,0)
(0,0,0)
(0,0,0)
(0,0,0)
(0,0,0)
(0,0,0)
(0,0,0)
(0,0,0)
(0,0,0)
(0,0,0)
(0,0,0)
(0,0,0)
(0,0,0)
(0,0,0)
(0,0,0)
(0,0,0)
(0,0,0)
(0,0,0)
(0,0,0)
(0,0,0)
(0,0,0)
(0,0,0)
(0,0,0)
(0,0,0)
(0,0,0)
(0,0,0)
(0,0,0)
(0,0,0)
(0,0,0)
(0,0,0)
(0,0,0)
(0,0,0)
(0,0,0)
(0,0,0)
(0,0,0)
(0,0,0)
(0,0,0)
(0,0,0)
(0,0,0)
(0,0,0)
(0,0,0)
(0,0,0)
(0,0,0)
(0,0,0)
(0,0,0)
(0,0,0)
(0,0,0)
(0,0,0)
(0,0,0)
(0,0,0)
(0,0,0)
(0,0,0)
(0,0,0)
(0,0,0)
(0,0,0)
(0,0,0)
(0,0,0)
(0,0,0)
(0,0,0)
(0,0,0)
(0,0,0)
(0,0,0)
(0,0,0)
(0,0,0)
(0,0,0)
(0,0,0)
(0,0,0)
(0,0,0)
(0,0,0)
(0,0,0)
(0,0,0)
(0,0,0)
(0,0,0)
(0,0,0)
(0,0,0)
(0,0,0)
(0,0,0)
(0,0,0)
(0,0,0)
(0,0,0)
(0,0,0)
(0,0,0)
(0,0,0)
(0,0,0)
(0,0,0)
(0,0,0)
(0,0,0)
(0,0,0)
(0,0,0)
(0,0,0)
(0,0,0)
(0,0,0)
(0,0,0)
(0,0,0)
(0,0,0)
(0,0,0)
(0,0,0)
(0,0,0)
(0,0,0)
(0,0,0)
(0,0,0)
(0,0,0)
(0,0,0)
(0,0,0)
(0,0,0)
(0,0,0)
(0,0,0)
(0,0,0)
(0,0,0)
(0,0,0)
(0,0,0)
(0,0,0)
(0,0,0)
(0,0,0)
(0,0,0)
(0,0,0)
(0,0,0)
(0,0,0)
(0,0,0)
(0,0,0)
(0,0,0)
(0,0,0)
(0,0,0)
(0,0,0)
(0,0,0)
(0,0,0)
(0,0,0)
(0,0,0)
(0,0,0)
(0,0,0)
(0,0,0)
(0,0,0)
(0,0,0)
(0,0,0)
(0,0,0)
(0,0,0)
(0,0,0)
(0,0,0)
(0,0,0)
(0,0,0)
(0,0,0)
(0,0,0)
(0,0,0)
(0,0,0)
(0,0,0)
(0,0,0)
(0,0,0)
(0,0,0)
(0,0,0)
(0,0,0)
(0,0,0)
(0,0,0)
(0,0,0)
(0,0,0)
(0,0,0)
(0,0,0)
(0,0,0)
(0,0,0)
(0,0,0)
(0,0,0)
(0,0,0)
(0,0,0)
(0,0,0)
(0,0,0)
(0,0,0)
(0,0,0)
(0,0,0)
(0,0,0)
(0,0,0)
(0,0,0)
(0,0,0)
(0,0,0)
(0,0,0)
(0,0,0)
(0,0,0)
(0,0,0)
(0,0,0)
(0,0,0)
(0,0,0)
(0,0,0)
(0,0,0)
(0,0,0)
(0,0,0)
(0,0,0)
(0,0,0)
(0,0,0)
(0,0,0)
(0,0,0)
(0,0,0)
(0,0,0)
(0,0,0)
(0,0,0)
(0,0,0)
(0,0,0)
(0,0,0)
(0,0,0)
(0,0,0)
(0,0,0)
(0,0,0)
(0,0,0)
(0,0,0)
(0,0,0)
(0,0,0)
(0,0,0)
(0,0,0)
(0,0,0)
(0,0,0)
(0,0,0)
(0,0,0)
(0,0,0)
(0,0,0)
(0,0,0)
(0,0,0)
(0,0,0)
(0,0,0)
(0,0,0)
(0,0,0)
(0,0,0)
(0,0,0)
(0,0,0)
(0,0,0)
(0,0,0)
(0,0,0)
(0,0,0)
(0,0,0)
(0,0,0)
(0,0,0)
(0,0,0)
(0,0,0)
(0,0,0)
(0,0,0)
(0,0,0)
(0,0,0)
(0,0,0)
(0,0,0)
(0,0,0)
(0,0,0)
(0,0,0)
(0,0,0)
(0,0,0)
(0,0,0)
(0,0,0)
(0,0,0)
(0,0,0)
(0,0,0)
(0,0,0)
(0,0,0)
(0,0,0)
(0,0,0)
(0,0,0)
(0,0,0)
(0,0,0)
(0,0,0)
(0,0,0)
(0,0,0)
(0,0,0)
(0,0,0)
(0,0,0)
(0,0,0)
(0,0,0)
(0,0,0)
(0,0,0)
(0,0,0)
(0,0,0)
(0,0,0)
(0,0,0)
(0,0,0)
(0,0,0)
(0,0,0)
(0,0,0)
(0,0,0)
(0,0,0)
(0,0,0)
(0,0,0)
(0,0,0)
(0,0,0)
(0,0,0)
(0,0,0)
(0,0,0)
(0,0,0)
(0,0,0)
(0,0,0)
(0,0,0)
(0,0,0)
(0,0,0)
(0,0,0)
(0,0,0)
(0,0,0)
(0,0,0)
(0,0,0)
(0,0,0)
(0,0,0)
(0,0,0)
(0,0,0)
(0,0,0)
(0,0,0)
(0,0,0)
(0,0,0)
(0,0,0)
(0,0,0)
(0,0,0)
(0,0,0)
(0,0,0)
(0,0,0)
(0,0,0)
(0,0,0)
(0,0,0)
(0,0,0)
(0,0,0)
(0,0,0)
(0,0,0)
(0,0,0)
(0,0,0)
(0,0,0)
(0,0,0)
(0,0,0)
(0,0,0)
(0,0,0)
(0,0,0)
(0,0,0)
(0,0,0)
(0,0,0)
(0,0,0)
(0,0,0)
(0,0,0)
(0,0,0)
(0,0,0)
(0,0,0)
(0,0,0)
(0,0,0)
(0,0,0)
(0,0,0)
(0,0,0)
(0,0,0)
(0,0,0)
(0,0,0)
(0,0,0)
(0,0,0)
(0,0,0)
(0,0,0)
(0,0,0)
(0,0,0)
(0,0,0)
(0,0,0)
(0,0,0)
(0,0,0)
(0,0,0)
(0,0,0)
(0,0,0)
(0,0,0)
(0,0,0)
(0,0,0)
(0,0,0)
(0,0,0)
(0,0,0)
(0,0,0)
(0,0,0)
(0,0,0)
(0,0,0)
(0,0,0)
(0,0,0)
(0,0,0)
(0,0,0)
(0,0,0)
(0,0,0)
(0,0,0)
(0,0,0)
(0,0,0)
(0,0,0)
(0,0,0)
(0,0,0)
(0,0,0)
(0,0,0)
(0,0,0)
(0,0,0)
(0,0,0)
(0,0,0)
(0,0,0)
(0,0,0)
(0,0,0)
(0,0,0)
(0,0,0)
(0,0,0)
(0,0,0)
(0,0,0)
(0,0,0)
(0,0,0)
(0,0,0)
(0,0,0)
(0,0,0)
(0,0,0)
(0,0,0)
(0,0,0)
(0,0,0)
(0,0,0)
(0,0,0)
(0,0,0)
(0,0,0)
(0,0,0)
(0,0,0)
(0,0,0)
(0,0,0)
(0,0,0)
(0,0,0)
(0,0,0)
(0,0,0)
(0,0,0)
(0,0,0)
(0,0,0)
(0,0,0)
(0,0,0)
(0,0,0)
(0,0,0)
(0,0,0)
(0,0,0)
(0,0,0)
(0,0,0)
(0,0,0)
(0,0,0)
(0,0,0)
(0,0,0)
(0,0,0)
(0,0,0)
(0,0,0)
(0,0,0)
(0,0,0)
(0,0,0)
(0,0,0)
(0,0,0)
(0,0,0)
(0,0,0)
(0,0,0)
(0,0,0)
(0,0,0)
(0,0,0)
(0,0,0)
(0,0,0)
(0,0,0)
(0,0,0)
(0,0,0)
(0,0,0)
(0,0,0)
(0,0,0)
(0,0,0)
(0,0,0)
(0,0,0)
(0,0,0)
(0,0,0)
(0,0,0)
(0,0,0)
(0,0,0)
(0,0,0)
(0,0,0)
(0,0,0)
(0,0,0)
(0,0,0)
(0,0,0)
(0,0,0)
(0,0,0)
(0,0,0)
(0,0,0)
(0,0,0)
(0,0,0)
(0,0,0)
(0,0,0)
(0,0,0)
(0,0,0)
(0,0,0)
(0,0,0)
(0,0,0)
(0,0,0)
(0,0,0)
(0,0,0)
(0,0,0)
(0,0,0)
(0,0,0)
(0,0,0)
(0,0,0)
(0,0,0)
(0,0,0)
(0,0,0)
(0,0,0)
(0,0,0)
(0,0,0)
(0,0,0)
(0,0,0)
(0,0,0)
(0,0,0)
(0,0,0)
(0,0,0)
(0,0,0)
(0,0,0)
(0,0,0)
(0,0,0)
(0,0,0)
(0,0,0)
(0,0,0)
(0,0,0)
(0,0,0)
(0,0,0)
(0,0,0)
(0,0,0)
(0,0,0)
(0,0,0)
(0,0,0)
(0,0,0)
(0,0,0)
(0,0,0)
(0,0,0)
(0,0,0)
(0,0,0)
(0,0,0)
(0,0,0)
(0,0,0)
(0,0,0)
(0,0,0)
(0,0,0)
(0,0,0)
(0,0,0)
(0,0,0)
(0,0,0)
(0,0,0)
(0,0,0)
(0,0,0)
(0,0,0)
(0,0,0)
(0,0,0)
(0,0,0)
(0,0,0)
(0,0,0)
(0,0,0)
(0,0,0)
(0,0,0)
(0,0,0)
(0,0,0)
(0,0,0)
(0,0,0)
(0,0,0)
(0,0,0)
(-2221.43161995766,1165.14977758768,1056.28184236988)
(-2367.70233027385,1154.20673051842,2269.77744212541)
(-2747.1996815818,1052.29361198949,3964.68351171793)
(-3411.81106981685,885.115968349675,6491.37861318746)
(-4570.06457598764,696.418797601182,10365.0243915795)
(-6688.66696694032,412.334630466904,16641.3567280396)
(-10505.3413525852,142.175788627487,27004.5222920303)
(-17460.6793593676,26.9466137616096,44438.2550376303)
(-29103.6159203925,-23.7929233066023,73565.6638813836)
(-40828.1449550859,-31.86005453461,114425.66889101)
(0,0,0)
(0,0,0)
(0,0,0)
(0,0,0)
(0,0,0)
(0,0,0)
(-2389.62161107019,2560.31444442215,994.456944235181)
(-2544.01033497244,2515.27017620136,2177.40383352773)
(-2905.73276692176,2304.79076022267,3830.63945221295)
(-3576.34157943473,1984.27641923614,6307.82058076489)
(-4753.57659850429,1584.61916551902,10173.1968113493)
(-6914.42655512265,1031.28121300916,16468.6767839359)
(-10785.313863165,507.444179930605,26888.7222557657)
(-17709.4214027899,219.434090298137,44405.6561819915)
(-29276.4870346044,88.2787170549745,73570.0715762951)
(-40912.9426833872,38.6223288356938,114412.531876222)
(0,0,0)
(0,0,0)
(0,0,0)
(0,0,0)
(0,0,0)
(0,0,0)
(-2748.76675902603,4412.84029926698,896.240904180726)
(-2914.87301313242,4306.26457489865,2020.11951861631)
(-3267.54002650219,4018.66553601124,3573.78476933445)
(-3950.26723644671,3581.86364019254,5926.46478482667)
(-5188.87718210086,2977.41140104293,9722.54973140331)
(-7447.47653359073,2155.02747109364,16046.2800069099)
(-11433.1721629694,1350.36734740369,26636.5290024088)
(-18297.8600821047,822.875208837341,44330.9479659476)
(-29642.8779334817,539.579037362073,73522.5255791918)
(-41072.9393037055,301.120712554172,114332.966499163)
(0,0,0)
(0,0,0)
(0,0,0)
(0,0,0)
(0,0,0)
(0,0,0)
(-3382.57640226335,6980.48408506124,814.932616469547)
(-3526.48501062385,6846.44506187746,1801.23714011629)
(-3893.0021178337,6538.19517558622,3174.70961836872)
(-4621.20929348158,6037.35760571496,5340.42494632341)
(-5974.44173729207,5288.18295831356,9004.09512634786)
(-8453.49355710315,4286.29474862877,15326.3214059102)
(-12723.1931973058,3239.07667310752,26160.8052775235)
(-19486.4463423496,2372.35872975097,44097.7680989269)
(-30357.7610815651,1692.97396606713,73302.1342517467)
(-41394.8429271659,926.910609857542,114071.187281708)
(0,0,0)
(0,0,0)
(0,0,0)
(0,0,0)
(0,0,0)
(0,0,0)
(-4526.21912557186,10778.026659822,728.6765508101)
(-4655.01833109147,10661.3552802823,1568.78466349579)
(-5010.38126443425,10383.4733431976,2733.88776031759)
(-5773.91836042568,9879.57446199254,4665.5892644703)
(-7257.39566623711,9130.31995442842,8080.84793459822)
(-10049.8111300281,8130.44289755322,14286.5109156873)
(-14767.925597291,6934.77279292464,25358.7403931642)
(-21350.006718295,5562.26923005334,43518.8366111828)
(-31433.1568396079,4013.13017441144,72631.8372424929)
(-41867.3270420389,2136.18818586963,113289.886708538)
(0,0,0)
(0,0,0)
(0,0,0)
(0,0,0)
(0,0,0)
(0,0,0)
(-6603.94298453698,16764.194372914,617.775271445592)
(-6734.24324867336,16674.9726798973,1338.4011205029)
(-7064.3862077247,16448.4852721674,2337.77539925773)
(-7805.26392681185,15987.5784127973,4035.03537526205)
(-9301.99323370498,15305.0016728636,7162.3468905318)
(-12147.5200202185,14306.8454525517,13133.4643557593)
(-16875.4373700685,12868.5134392019,24075.161079576)
(-23172.8109775697,10796.700302465,42013.5409847146)
(-32688.8965188701,7935.34090120106,70780.2267768315)
(-42491.8009935777,4247.77640550549,111160.439550689)
(0,0,0)
(0,0,0)
(0,0,0)
(0,0,0)
(0,0,0)
(0,0,0)
(-10401.7224341213,26647.0214359895,518.895371048636)
(-10515.6652761953,26589.9569595224,1119.5763676166)
(-10818.0465999099,26429.0351195472,1957.07312015057)
(-11492.209320413,26027.0502899276,3409.81056343637)
(-12886.4117882207,25401.584256379,6199.6397681429)
(-15565.0099286594,24362.3456044723,11709.1495448742)
(-20005.4042357169,22546.1818740351,22036.8853457608)
(-25751.5229617237,19470.3305435858,39114.7780663585)
(-34623.2759720047,14622.719446321,67050.6754931801)
(-43555.9980384501,7979.41061204509,106875.039325139)
(0,0,0)
(0,0,0)
(0,0,0)
(0,0,0)
(0,0,0)
(0,0,0)
(-17327.073087049,43564.0314631423,410.063059886527)
(-17424.6465630571,43525.7580085192,898.908573949862)
(-17667.0697395355,43414.240620732,1580.77281230998)
(-18226.5397532848,43041.4367362861,2792.92611922251)
(-19375.8050148118,42420.5478308853,5149.7675595222)
(-21597.754316096,41225.8732199539,9883.99426013388)
(-25305.0974255483,38817.2443495756,18918.0292101272)
(-29987.9236251406,34202.1491516542,34174.1342272153)
(-38105.0452698955,26548.2484754643,60353.6504679669)
(-45584.6253942274,15077.6621163604,98840.0243578147)
(0,0,0)
(0,0,0)
(0,0,0)
(0,0,0)
(0,0,0)
(0,0,0)
(-29021.7466971162,72258.0190281818,327.759132066124)
(-29085.8534875831,72232.4120694387,706.958558741192)
(-29236.6159717422,72156.1429510607,1201.67220012059)
(-29634.3734232134,71793.8314253183,2083.65093430891)
(-30406.1998985418,71080.3352643999,3830.06339934823)
(-31838.456197514,69532.3717528536,7362.02106395168)
(-34292.041092497,66302.4141973867,14168.8923086349)
(-38037.6426094432,60006.2180422806,26402.4660274475)
(-44538.5538046135,48680.5439858434,48808.7243216551)
(-49115.4672714936,29342.7178237766,83659.1358857338)
(0,0,0)
(0,0,0)
(0,0,0)
(0,0,0)
(0,0,0)
(0,0,0)
(-40754.9207240393,112810.908810212,202.030941995294)
(-40798.04119623,112814.15114519,418.333062475086)
(-40880.2086538186,112768.838362419,685.846304963404)
(-41097.4944279006,112432.279370679,1144.89278751418)
(-41482.3542113643,111631.920451296,2075.66181200114)
(-42170.5399540183,109789.548149527,3989.02536934318)
(-43412.8997676463,105950.330738499,7754.00859586895)
(-45550.1996752521,98338.4420655175,14971.9842478455)
(-49111.4455477001,83398.107122534,29365.8666588474)
(-49548.5801778167,54075.6346825326,54181.5299779149)
(0,0,0)
(0,0,0)
(0,0,0)
(0,0,0)
(0,0,0)
(0,0,0)
(0,0,0)
(0,0,0)
(0,0,0)
(0,0,0)
(0,0,0)
(0,0,0)
(0,0,0)
(0,0,0)
(0,0,0)
(0,0,0)
(0,0,0)
(0,0,0)
(0,0,0)
(0,0,0)
(0,0,0)
(0,0,0)
(0,0,0)
(0,0,0)
(0,0,0)
(0,0,0)
(0,0,0)
(0,0,0)
(0,0,0)
(0,0,0)
(0,0,0)
(0,0,0)
(0,0,0)
(0,0,0)
(0,0,0)
(0,0,0)
(0,0,0)
(0,0,0)
(0,0,0)
(0,0,0)
(0,0,0)
(0,0,0)
(0,0,0)
(0,0,0)
(0,0,0)
(0,0,0)
(0,0,0)
(0,0,0)
(0,0,0)
(0,0,0)
(0,0,0)
(0,0,0)
(0,0,0)
(0,0,0)
(0,0,0)
(0,0,0)
(0,0,0)
(0,0,0)
(0,0,0)
(0,0,0)
(0,0,0)
(0,0,0)
(0,0,0)
(0,0,0)
(0,0,0)
(0,0,0)
(0,0,0)
(0,0,0)
(0,0,0)
(0,0,0)
(0,0,0)
(0,0,0)
(0,0,0)
(0,0,0)
(0,0,0)
(0,0,0)
(0,0,0)
(0,0,0)
(0,0,0)
(0,0,0)
(0,0,0)
(0,0,0)
(0,0,0)
(0,0,0)
(0,0,0)
(0,0,0)
(0,0,0)
(0,0,0)
(0,0,0)
(0,0,0)
(0,0,0)
(0,0,0)
(0,0,0)
(0,0,0)
(0,0,0)
(0,0,0)
(0,0,0)
(0,0,0)
(0,0,0)
(0,0,0)
(0,0,0)
(0,0,0)
(386473.351882731,1061.22457942555,922.755144891703)
(386233.515812534,1049.22294038863,1951.07728865867)
(385646.636365939,923.439478173687,3312.56498990524)
(384563.130901701,725.077165400224,5291.30907991886)
(382671.061249471,493.079588711579,8235.86689272325)
(379237.989322125,165.743957173466,12822.2298733659)
(372973.232227532,-120.234461731108,20142.6539819234)
(360566.325553501,-211.704408402458,33006.1167043541)
(332545.104044319,-190.247121763641,62226.4070883478)
(256323.654330062,-113.901614977681,155867.272645145)
(0,0,0)
(0,0,0)
(0,0,0)
(0,0,0)
(0,0,0)
(0,0,0)
(386199.528461752,2289.43625750165,861.401476114418)
(385952.027562192,2231.51981713397,1861.82992921507)
(385382.26197835,1995.44731892682,3180.59057016152)
(384293.311620596,1624.20290104426,5090.57486142364)
(382366.866603079,1138.60156829524,8003.37290724413)
(378846.873722328,462.988636806642,12623.5911771013)
(372482.767271839,-165.364820557935,20079.4036279962)
(360144.973389985,-392.654058285127,33084.7217120918)
(332283.687031691,-314.866281860298,62327.9300327969)
(256205.789458985,-154.903138831958,155928.962641168)
(0,0,0)
(0,0,0)
(0,0,0)
(0,0,0)
(0,0,0)
(0,0,0)
(385644.533243171,3819.03289618483,755.866586073205)
(385366.515628293,3697.81960546279,1686.94138332136)
(384796.888012533,3408.00980679336,2888.71408342982)
(383689.485150168,2918.86753919064,4633.06028568333)
(381650.851771319,2181.50656863424,7429.18955882743)
(377905.503874565,1126.6513550195,12091.309659431)
(371231.783595679,36.8991532721053,19902.8531539395)
(359021.724525358,-383.351278852806,33252.7289941297)
(331655.367103551,-212.308404658235,62530.6893068182)
(255963.787513746,-40.9308587910042,156058.753436356)
(0,0,0)
(0,0,0)
(0,0,0)
(0,0,0)
(0,0,0)
(0,0,0)
(384594.946602665,5870.66953485496,649.603583359482)
(384354.628102842,5725.69482636254,1419.3784760287)
(383773.907926974,5419.40172317497,2419.83974182615)
(382590.017687509,4879.6404174115,3926.60310964279)
(380310.971597819,4012.12059163929,6489.33897846866)
(376003.386030892,2728.88869951683,11108.9852729589)
(368343.250786177,1205.50291731951,19552.7007524365)
(356350.377578537,486.867793841785,33524.4209858391)
(330282.092266187,572.884009427967,62778.1384509168)
(255420.263356487,432.210309895892,156168.654225628)
(0,0,0)
(0,0,0)
(0,0,0)
(0,0,0)
(0,0,0)
(0,0,0)
(382734.269171847,8746.28722109994,542.657243308164)
(382513.63932568,8626.05439626505,1152.40324358259)
(381941.735887511,8364.54762864818,1933.90341318664)
(380692.327779679,7874.60653684722,3151.45438061311)
(378130.806099622,7128.74818311635,5325.38825026903)
(372922.982327571,6106.36128449406,9653.88543470617)
(362972.487920184,4895.60785292275,18902.1302086082)
(351250.023056185,3780.15376377287,33687.5776912121)
(328055.224055265,2756.83884928113,62694.0051833465)
(254590.240108623,1503.26246596546,155844.149103655)
(0,0,0)
(0,0,0)
(0,0,0)
(0,0,0)
(0,0,0)
(0,0,0)
(379363.561761153,13019.5327272958,438.012975059769)
(379138.839689568,12932.6699536801,937.077706358889)
(378611.646990724,12750.5141061941,1553.84125736114)
(377408.449800507,12380.5164092461,2512.98088470087)
(374833.172514469,11817.3547970941,4367.97174951023)
(369493.998581895,11018.7279928099,8492.84966607933)
(359417.426667254,9879.44735208568,17894.9093565914)
(348145.563733121,8316.02966709953,32719.4219695089)
(325990.369324571,6037.18453997288,61438.5736623512)
(253588.106033803,3195.93161291128,154344.76071508)
(0,0,0)
(0,0,0)
(0,0,0)
(0,0,0)
(0,0,0)
(0,0,0)
(373120.688080082,19815.0118812235,360.873558868398)
(372928.422955951,19759.4684073308,768.750100035152)
(372457.308626893,19657.7592380234,1264.91296841666)
(371380.744808659,19414.8555770277,2036.38289853713)
(368998.629875946,19038.6537125725,3608.80554586231)
(363911.877600663,18454.324245096,7375.08499122774)
(354154.17872998,17370.4928773184,16403.2197272519)
(343865.623589391,15319.0874242649,30461.7786459961)
(322823.006101033,11188.1370324387,58543.3073074594)
(251811.807047596,5980.07954608313,151070.117515293)
(0,0,0)
(0,0,0)
(0,0,0)
(0,0,0)
(0,0,0)
(0,0,0)
(360736.530084712,32148.6210009926,281.550935507411)
(360580.611317622,32107.4066750655,607.118014080943)
(360203.115724613,32052.0723764842,1021.38263840798)
(359325.860248833,31884.3685062002,1678.23293417946)
(357369.889263185,31637.0867836755,3012.86881199533)
(353075.90014895,31198.0974276638,6274.20439140682)
(344623.054651946,30070.2241464405,14325.0842716989)
(337642.609125138,26401.961706035,26290.440466577)
(316491.3890468,20285.529100083,53275.3773091247)
(247731.983359179,11630.811408519,144986.799920247)
(0,0,0)
(0,0,0)
(0,0,0)
(0,0,0)
(0,0,0)
(0,0,0)
(332622.602306171,60957.2322778923,225.802946772697)
(332516.582365842,60928.4150345553,481.121960874216)
(332277.496123367,60885.0107590015,812.834710219839)
(331686.746442279,60709.0629114085,1345.78366643674)
(330449.174562029,60358.3391470934,2447.92006940239)
(327948.527201609,59536.9635852276,5000.83373969003)
(323387.680754819,57545.5317588476,10524.5675069699)
(316599.078942998,52863.6919123076,20104.8789752705)
(297606.21090839,44375.3853066718,44549.0212826643)
(235471.026575554,29044.6966120452,133227.405458998)
(0,0,0)
(0,0,0)
(0,0,0)
(0,0,0)
(0,0,0)
(0,0,0)
(256402.459870443,154333.185415311,145.429495020389)
(256331.812979578,154327.464405801,295.289174941898)
(256192.508802645,154296.208756389,490.136948022561)
(255880.833052506,154106.642453846,792.993152219997)
(255290.622285152,153639.342793025,1417.77623679951)
(254160.439333087,152488.86932389,2813.65443809148)
(252023.611532491,149896.675495904,5704.76262786558)
(247779.252953846,144371.09027806,11546.6748599904)
(235479.399263613,132881.504952778,29128.4736295434)
(191435.232778157,103838.879172132,104029.241340422)
(0,0,0)
(0,0,0)
(0,0,0)
(0,0,0)
(0,0,0)
(0,0,0)
(0,0,0)
(0,0,0)
(0,0,0)
(0,0,0)
(0,0,0)
(0,0,0)
(0,0,0)
(0,0,0)
(0,0,0)
(0,0,0)
(0,0,0)
(0,0,0)
(0,0,0)
(0,0,0)
(0,0,0)
(0,0,0)
(0,0,0)
(0,0,0)
(0,0,0)
(0,0,0)
(0,0,0)
(0,0,0)
(0,0,0)
(0,0,0)
(0,0,0)
(0,0,0)
(0,0,0)
(0,0,0)
(0,0,0)
(0,0,0)
(0,0,0)
(0,0,0)
(0,0,0)
(0,0,0)
(0,0,0)
(0,0,0)
(0,0,0)
(0,0,0)
(0,0,0)
(0,0,0)
(0,0,0)
(0,0,0)
(0,0,0)
(0,0,0)
(0,0,0)
(0,0,0)
(0,0,0)
(0,0,0)
(0,0,0)
(0,0,0)
(0,0,0)
(0,0,0)
(0,0,0)
(0,0,0)
(0,0,0)
(0,0,0)
(0,0,0)
(0,0,0)
(0,0,0)
(0,0,0)
(0,0,0)
(0,0,0)
(0,0,0)
(0,0,0)
(0,0,0)
(0,0,0)
(0,0,0)
(0,0,0)
(0,0,0)
(0,0,0)
(0,0,0)
(0,0,0)
(0,0,0)
(0,0,0)
(0,0,0)
(0,0,0)
(0,0,0)
(0,0,0)
(0,0,0)
(0,0,0)
(0,0,0)
(0,0,0)
(0,0,0)
(0,0,0)
(0,0,0)
(0,0,0)
(0,0,0)
(0,0,0)
(0,0,0)
(0,0,0)
(0,0,0)
(0,0,0)
(0,0,0)
(0,0,0)
(0,0,0)
(0,0,0)
(-5695.06884869212,830.10508867421,659.552415744188)
(-5976.9490264393,819.562782663455,1371.69124508821)
(-6611.49968834088,691.035082312207,2260.02899011275)
(-7730.03507168912,483.127450120555,3391.30428645379)
(-9649.93594047241,170.179153930129,4863.3590954953)
(-12965.4006230287,-248.229802113857,6636.21561586765)
(-18358.305176848,-598.177954819914,7887.16774811265)
(-26856.7352665297,-642.756039520864,5274.22138076213)
(-39068.1707758463,-453.370173132405,-13337.8968529368)
(-48353.2816193518,-215.239984802005,-99124.4841456555)
(0,0,0)
(0,0,0)
(0,0,0)
(0,0,0)
(0,0,0)
(0,0,0)
(-6018.08782050656,1755.44813065439,613.510013265818)
(-6279.17581868278,1703.89307552808,1281.6198742662)
(-6883.16986003345,1460.19810011968,2099.12546786974)
(-8000.69544112281,1050.53301891839,3146.96373385272)
(-9951.68132014224,403.969787053875,4552.95779697082)
(-13354.5916891949,-540.800774570677,6368.23095400164)
(-18850.6177986412,-1484.2228711116,7908.89771371665)
(-27234.4891366221,-1582.48652779426,5549.32750160661)
(-39236.5365057111,-996.757971614328,-13065.8243893948)
(-48410.8741816398,-430.021079873428,-98913.1428807091)
(0,0,0)
(0,0,0)
(0,0,0)
(0,0,0)
(0,0,0)
(0,0,0)
(-6615.77021285691,2821.14641662999,515.841943097826)
(-6888.52955776076,2695.48203175202,1100.53494592425)
(-7471.09919893553,2389.42915153088,1760.52787896749)
(-8589.34700616362,1837.15496520902,2573.9748619927)
(-10638.5385414808,854.096193272258,3734.47554166376)
(-14322.4224320615,-787.333290448531,5530.17113719074)
(-20384.2908458079,-2885.59973289525,7868.8592134801)
(-28516.6541068016,-3070.05393610429,6216.04202687193)
(-39755.8739615089,-1578.60903210653,-12469.6290744836)
(-48547.3892156087,-555.522481920468,-98511.7141700829)
(0,0,0)
(0,0,0)
(0,0,0)
(0,0,0)
(0,0,0)
(0,0,0)
(-7726.66152164805,4063.45351319766,400.537800787524)
(-7972.41847635923,3914.52753809505,829.775646613039)
(-8545.44964928682,3609.00014843028,1250.79899898866)
(-9693.27454860207,3031.19946603835,1661.28350724105)
(-11964.323723856,1916.69656037794,2195.21523486597)
(-16546.3516436577,-244.318297924615,3523.17468991982)
(-25371.4241446802,-4067.46142453083,7740.94808541951)
(-32921.6270302911,-4552.13532408723,7816.2708552516)
(-41192.5758300103,-1612.46983229631,-11353.9634752925)
(-48943.4709760056,-360.053052642676,-97864.461799102)
(0,0,0)
(0,0,0)
(0,0,0)
(0,0,0)
(0,0,0)
(0,0,0)
(-9663.00850723185,5498.88129790339,283.086667397972)
(-9898.85511154383,5385.48088082982,545.864534933577)
(-10447.9889820355,5148.57783754535,717.248488341132)
(-11599.609668427,4712.22761551799,649.394560000295)
(-14118.8274907308,3985.54800681467,151.413476924987)
(-20472.8601872255,2862.39263715824,-238.218170368686)
(-40928.9791836058,1573.74016010977,7343.28412178824)
(-48369.4657485065,841.179265656987,10890.695109728)
(-44107.3020265362,772.283925542537,-10010.2957932041)
(-49623.0007142327,531.985825389334,-97367.8570752821)
(0,0,0)
(0,0,0)
(0,0,0)
(0,0,0)
(0,0,0)
(0,0,0)
(-12956.2129632357,6955.64129422803,184.251501120635)
(-13184.461825062,6880.26677219031,334.003897437544)
(-13664.6973659603,6749.96070454451,330.202160127455)
(-14716.2926653392,6518.83666996055,-30.4276555237568)
(-17139.1333273237,6182.2087554027,-933.545789278008)
(-23446.8760697713,5683.28701690028,-1492.3287443457)
(-42938.6567127662,4910.42712670945,6848.30444205269)
(-50105.2397046178,4260.38594924236,11001.1379692688)
(-45741.2934353055,2999.9991985764,-10173.677770907)
(-50393.5216000861,1482.25519326458,-97821.0827318326)
(0,0,0)
(0,0,0)
(0,0,0)
(0,0,0)
(0,0,0)
(0,0,0)
(-18347.12464792,7612.34720984204,132.343585377876)
(-18527.9605300893,7570.5763396303,219.654277013442)
(-18928.8684545349,7551.62086986471,125.407966102806)
(-19834.1023201386,7528.72433483422,-348.395796949679)
(-22037.0013923736,7612.11158970763,-1421.43058989847)
(-28148.0409306637,7873.32282555658,-2230.31109419011)
(-48343.5791177232,8096.94658251777,6402.16407076115)
(-55321.7691215128,9306.39931928765,9864.78018460549)
(-48307.1922079271,5023.57671169537,-11707.362246514)
(-51737.5969808183,2005.10728723215,-99359.5735390935)
(0,0,0)
(0,0,0)
(0,0,0)
(0,0,0)
(0,0,0)
(0,0,0)
(-26868.7738526696,4427.19761640536,111.6903037872)
(-27007.7078743591,4401.24442216003,190.578186255482)
(-27311.9727246528,4451.63423787973,126.890040572149)
(-28030.8356072319,4590.20137727138,-256.654372866388)
(-29848.8312816296,5091.90665399731,-1196.49211926786)
(-35341.8511367463,6452.86971991811,-2037.05095492875)
(-56746.5315032615,9202.01814937478,7548.70040651372)
(-47408.7955627886,5691.959586903,5535.78159987196)
(-50481.5058924396,1661.16368163921,-14807.6736577158)
(-53794.8325689077,-469.094157074096,-101485.419512216)
(0,0,0)
(0,0,0)
(0,0,0)
(0,0,0)
(0,0,0)
(0,0,0)
(-39151.0512462098,-14590.5405572505,112.628499077679)
(-39250.122770817,-14590.5038137472,192.318644617902)
(-39443.1523871194,-14534.7433989105,220.581564912888)
(-39886.8904597502,-14439.7091378275,145.365755111165)
(-40885.6013457376,-14143.1926337159,36.4777236326859)
(-43191.4213421489,-13618.0014931358,568.53425344401)
(-48190.5955107933,-13234.9534280892,3905.01886951628)
(-50480.2359310338,-15421.5867379477,1419.11684138937)
(-55601.6822981563,-17324.8836226689,-17065.7058747634)
(-56827.5175682145,-14722.0359299897,-101192.983184983)
(0,0,0)
(0,0,0)
(0,0,0)
(0,0,0)
(0,0,0)
(0,0,0)
(-48389.767541403,-100565.593555399,88.5171830557234)
(-48454.5841405197,-100536.991979485,142.639241871092)
(-48577.6082084905,-100498.260995003,197.510622193096)
(-48798.5989461425,-100480.984351211,239.4546072081)
(-49223.7391035999,-100413.453767256,345.31390252576)
(-50101.2343319841,-100447.987913631,758.210761093887)
(-51752.8984377577,-100953.961056562,1574.96513289085)
(-53829.5437377026,-102333.9999814,-582.588159114983)
(-56840.7709818571,-101654.130564268,-14611.934199007)
(-55017.11570209,-86889.3816624265,-86671.003213243)
(0,0,0)
(0,0,0)
(0,0,0)
(0,0,0)
(0,0,0)
(0,0,0)
(0,0,0)
(0,0,0)
(0,0,0)
(0,0,0)
(0,0,0)
(0,0,0)
(0,0,0)
(0,0,0)
(0,0,0)
(0,0,0)
(0,0,0)
(0,0,0)
(0,0,0)
(0,0,0)
(0,0,0)
(0,0,0)
(0,0,0)
(0,0,0)
(0,0,0)
(0,0,0)
(0,0,0)
(0,0,0)
(0,0,0)
(0,0,0)
(0,0,0)
(0,0,0)
(0,0,0)
(0,0,0)
(0,0,0)
(0,0,0)
(0,0,0)
(0,0,0)
(0,0,0)
(0,0,0)
(0,0,0)
(0,0,0)
(0,0,0)
(0,0,0)
(0,0,0)
(0,0,0)
(0,0,0)
(0,0,0)
(0,0,0)
(0,0,0)
(0,0,0)
(0,0,0)
(0,0,0)
(0,0,0)
(0,0,0)
(0,0,0)
(0,0,0)
(0,0,0)
(0,0,0)
(0,0,0)
(0,0,0)
(0,0,0)
(0,0,0)
(0,0,0)
(0,0,0)
(0,0,0)
(0,0,0)
(0,0,0)
(0,0,0)
(0,0,0)
(0,0,0)
(0,0,0)
(0,0,0)
(0,0,0)
(0,0,0)
(0,0,0)
(0,0,0)
(0,0,0)
(0,0,0)
(0,0,0)
(0,0,0)
(0,0,0)
(0,0,0)
(0,0,0)
(0,0,0)
(0,0,0)
(0,0,0)
(0,0,0)
(0,0,0)
(0,0,0)
(0,0,0)
(0,0,0)
(0,0,0)
(0,0,0)
(0,0,0)
(0,0,0)
(0,0,0)
(0,0,0)
(0,0,0)
(0,0,0)
(0,0,0)
(0,0,0)
(-6671.3472476761,583.499022709459,392.779376275381)
(-6924.31481782748,554.265592925135,785.879574738257)
(-7440.18111757517,439.464819223056,1175.09618475175)
(-8287.76456906216,244.39652732509,1488.42915479732)
(-9716.29151052529,-122.983747681328,1677.76847253442)
(-12091.7885445162,-630.202494368694,1434.35888839279)
(-15495.4856244587,-1080.13843686106,-348.322227132883)
(-19639.162699398,-1031.25485585679,-6534.63993840753)
(-23025.4140028073,-648.56577023105,-21928.8309412082)
(-20215.5953729853,-282.542022360697,-49783.9751652274)
(0,0,0)
(0,0,0)
(0,0,0)
(0,0,0)
(0,0,0)
(0,0,0)
(-6937.7832266671,1164.36661635494,338.827812515634)
(-7153.56629851926,1099.97010165068,667.513783622502)
(-7629.26192481768,861.218839456575,991.851828173402)
(-8448.27485348806,454.750262791271,1229.07750507038)
(-9848.93073191595,-304.196413487292,1307.53958265032)
(-12169.2879131728,-1567.567085896,1059.6003981625)
(-15524.7525987503,-3097.09669472518,-249.306543856964)
(-19526.9700137485,-2918.50807836949,-6069.57244421111)
(-22850.8453385394,-1556.68503899554,-21547.1443426213)
(-20105.3799470125,-607.309914013559,-49527.870685623)
(0,0,0)
(0,0,0)
(0,0,0)
(0,0,0)
(0,0,0)
(0,0,0)
(-7442.50330024404,1754.72779422319,236.371909521712)
(-7647.94388588541,1621.13036180496,474.625977488362)
(-8072.97621821678,1312.17679193275,625.545044290941)
(-8823.95636226246,751.286087539307,563.618575643912)
(-10117.8709896157,-447.458466767646,186.213077056714)
(-12322.4868001206,-3006.04484910588,-375.244791683669)
(-15906.6757638662,-7899.28065943105,-50.6759089127282)
(-19353.4832457639,-7484.74328503447,-4647.61156329054)
(-22393.7356631867,-2982.09576040502,-20584.3391402094)
(-19842.9096834549,-927.165564336283,-48968.9630220628)
(0,0,0)
(0,0,0)
(0,0,0)
(0,0,0)
(0,0,0)
(0,0,0)
(-8347.85684946064,2237.88913637051,138.033985669264)
(-8537.2160722041,2084.96177362331,239.000169698858)
(-8902.1983211931,1797.07511852882,110.850515011472)
(-9520.20248572489,1230.99044587753,-541.925906205205)
(-10562.0556555588,-127.35664367839,-2264.29579758677)
(-12597.7410434676,-4043.86164539682,-5175.08960149243)
(-19368.3051422755,-19470.7168687329,393.227605398131)
(-20073.3716042644,-19892.7618040616,-47.0093015964737)
(-21337.969468644,-4452.77267721614,-18430.9387461512)
(-19353.1985231367,-1001.68304552573,-47946.69371782)
(0,0,0)
(0,0,0)
(0,0,0)
(0,0,0)
(0,0,0)
(0,0,0)
(-9914.68514646225,2429.08618713191,60.4795884699558)
(-10084.4026447146,2324.47118073388,6.51771452975431)
(-10359.4569779431,2124.01233279418,-408.951503826808)
(-10755.7833468374,1784.25603641897,-1806.04341595653)
(-11095.3249972977,1158.83327540984,-6115.73582848005)
(-10155.3119862666,119.857648450127,-20597.0033232874)
(1.89944127309643e-05,5.91755989643296e-06,-1.3291396986066e-05)
(-1143.20918207573,-663.570018383422,15599.64781069)
(-17378.4396510335,-747.536511232077,-14834.4507308062)
(-18442.3037954913,-209.281900949603,-46807.5487941412)
(0,0,0)
(0,0,0)
(0,0,0)
(0,0,0)
(0,0,0)
(0,0,0)
(-12404.3734592645,1880.77139291961,-3.52470975711427)
(-12529.0499393396,1824.01791509825,-158.483329843776)
(-12699.0725921458,1738.92667903635,-739.022449900458)
(-12900.5942458938,1656.47572857979,-2426.94056150687)
(-12815.8424930101,1576.26588350531,-7167.66400391472)
(-10954.0208925797,1306.62752778968,-20847.2890604428)
(1.72452869284656e-05,6.37757311915153e-06,-8.07458365464789e-06)
(-738.336750914869,-611.660914621036,15877.0840593432)
(-17139.8463305372,628.632286943126,-14100.5318436047)
(-18454.4452919418,217.06224693286,-46465.9522995891)
(0,0,0)
(0,0,0)
(0,0,0)
(0,0,0)
(0,0,0)
(0,0,0)
(-15891.2452920987,-540.922799213596,-34.1851636864549)
(-15959.4306126948,-562.544594593376,-216.15257139626)
(-16048.1389259501,-523.452735259685,-834.502685679041)
(-16092.9102319496,-351.192437910533,-2568.02660737399)
(-15710.0983505132,163.049787107953,-7481.71355283845)
(-13113.5698521523,1051.56518608795,-22261.1222896424)
(5.06023389295422e-05,-1.9267876928323e-05,-1.39194909759362e-05)
(-597.423779279326,17548.9391782733,17463.8932487502)
(-18877.8631852653,3091.28895452819,-14428.0924415055)
(-19320.2357267397,70.313212143076,-46698.7046607681)
(0,0,0)
(0,0,0)
(0,0,0)
(0,0,0)
(0,0,0)
(0,0,0)
(-20088.0085682921,-7308.9943696164,-12.6937139738859)
(-20122.3213519033,-7315.0099623623,-145.61486865967)
(-20158.5276048189,-7191.35967764914,-631.153046105743)
(-20120.8572008403,-6813.02324069172,-2079.30064971978)
(-19608.1644416585,-5513.87951086966,-6643.03819171656)
(-16637.4492647406,-981.722411626274,-23314.1524660128)
(-1089.77969903681,18175.8980353695,17165.2043253)
(-18581.6158306421,3001.81414385079,2885.14962757673)
(-23806.9727545849,-3167.67523987695,-17530.4193158742)
(-21027.5716038133,-3339.12586153406,-46888.2412072686)
(0,0,0)
(0,0,0)
(0,0,0)
(0,0,0)
(0,0,0)
(0,0,0)
(-23429.033558159,-23061.501118019,30.4890603623908)
(-23451.8901110261,-23046.9235968798,-35.8299649047847)
(-23464.2854739238,-22939.3286245375,-266.72793119945)
(-23431.4488252629,-22672.9451645993,-862.247641776775)
(-23163.8251053467,-21874.6512061685,-2223.25218685914)
(-22102.7153699057,-19966.5172866285,-4327.16328410127)
(-19870.1433708118,-16254.1520079802,1782.43461926278)
(-24035.8245652678,-18248.6361294313,-3411.52647321417)
(-26186.5204939289,-18147.7079635497,-17846.6555537614)
(-21596.8924281966,-12669.5481097821,-43746.8584455269)
(0,0,0)
(0,0,0)
(0,0,0)
(0,0,0)
(0,0,0)
(0,0,0)
(-20434.0996804384,-51064.1665110463,46.9975320572758)
(-20443.8575553947,-51035.4710038349,24.8183538859123)
(-20470.8753612258,-50974.2339849459,-47.009132965863)
(-20469.2794207026,-50834.7798583241,-214.493964673904)
(-20374.4393462788,-50422.968701366,-515.476226798536)
(-20133.2429857256,-49612.8369459992,-837.147913692953)
(-19947.2428006699,-48475.6075969579,-421.347961780314)
(-21224.4424283174,-47821.8624999139,-3453.22290067127)
(-21641.1573799648,-44258.1585567296,-12542.3859093758)
(-17389.7224219403,-31539.457100068,-31299.870199225)
(0,0,0)
(0,0,0)
(0,0,0)
(0,0,0)
(0,0,0)
(0,0,0)
(0,0,0)
(0,0,0)
(0,0,0)
(0,0,0)
(0,0,0)
(0,0,0)
(0,0,0)
(0,0,0)
(0,0,0)
(0,0,0)
(0,0,0)
(0,0,0)
(0,0,0)
(0,0,0)
(0,0,0)
(0,0,0)
(0,0,0)
(0,0,0)
(0,0,0)
(0,0,0)
(0,0,0)
(0,0,0)
(0,0,0)
(0,0,0)
(0,0,0)
(0,0,0)
(0,0,0)
(0,0,0)
(0,0,0)
(0,0,0)
(0,0,0)
(0,0,0)
(0,0,0)
(0,0,0)
(0,0,0)
(0,0,0)
(0,0,0)
(0,0,0)
(0,0,0)
(0,0,0)
(0,0,0)
(0,0,0)
(0,0,0)
(0,0,0)
(0,0,0)
(0,0,0)
(0,0,0)
(0,0,0)
(0,0,0)
(0,0,0)
(0,0,0)
(0,0,0)
(0,0,0)
(0,0,0)
(0,0,0)
(0,0,0)
(0,0,0)
(0,0,0)
(0,0,0)
(0,0,0)
(0,0,0)
(0,0,0)
(0,0,0)
(0,0,0)
(0,0,0)
(0,0,0)
(0,0,0)
(0,0,0)
(0,0,0)
(0,0,0)
(0,0,0)
(0,0,0)
(0,0,0)
(0,0,0)
(0,0,0)
(0,0,0)
(0,0,0)
(0,0,0)
(0,0,0)
(0,0,0)
(0,0,0)
(0,0,0)
(0,0,0)
(0,0,0)
(0,0,0)
(0,0,0)
(0,0,0)
(0,0,0)
(0,0,0)
(0,0,0)
(0,0,0)
(0,0,0)
(0,0,0)
(0,0,0)
(0,0,0)
(0,0,0)
(-7213.72042300392,351.383480554626,190.989694771297)
(-7347.30428035336,294.913803887726,319.065353411504)
(-7646.0227817413,200.322409102126,324.584608475129)
(-8118.70127930351,54.9738927852493,100.547425932813)
(-8936.99615846549,-235.612364681641,-443.135561452468)
(-10246.9877856514,-674.445906723629,-1613.49041359503)
(-11893.6710655845,-1103.25238006598,-4112.05259240214)
(-13362.7812850824,-928.319613412037,-9460.11439330681)
(-13463.8456454765,-496.728123811793,-18524.9546268201)
(-9679.29833847004,-184.730201014791,-28876.5214602939)
(0,0,0)
(0,0,0)
(0,0,0)
(0,0,0)
(0,0,0)
(0,0,0)
(-7372.25781669995,644.056652727847,141.80141785609)
(-7489.15588984797,564.066426428943,208.238386645313)
(-7758.10643403415,370.340127336638,167.065177629119)
(-8174.71116228993,58.655021133206,-110.179641914428)
(-8858.39348558124,-567.877870979693,-768.451381953495)
(-9884.90858858359,-1752.13646712403,-1975.14014614131)
(-11143.8103932955,-3574.21577848028,-3885.11895318785)
(-12569.6423757341,-2833.4859542701,-8937.2802503484)
(-12940.1547422872,-1152.7875244363,-18191.9114459816)
(-9433.03779686359,-358.390996243934,-28690.5928008825)
(0,0,0)
(0,0,0)
(0,0,0)
(0,0,0)
(0,0,0)
(0,0,0)
(-7707.87352951657,855.986757896712,53.4401241034056)
(-7824.17649277276,734.986455118016,58.7527023050522)
(-8031.13637167829,498.563307691232,-111.310324589487)
(-8305.35756354397,79.0766405562029,-650.330742731063)
(-8633.64696531963,-880.882286136374,-1821.55035186921)
(-8871.4515047047,-3313.16914577954,-3711.55296862023)
(-8624.60643171058,-11448.7366417974,-3119.10143746278)
(-9858.98086999126,-8267.22183388455,-7179.86793362372)
(-11420.8370833216,-1933.88170442084,-17371.6723335084)
(-8825.59917160115,-418.91714794706,-28328.4566936654)
(0,0,0)
(0,0,0)
(0,0,0)
(0,0,0)
(0,0,0)
(0,0,0)
(-8272.71950829171,820.784313102229,-39.9348963765929)
(-8385.68800392639,680.233497908154,-136.710007444849)
(-8514.47660634704,476.429488556009,-502.297903154774)
(-8550.92145130054,127.639299084979,-1520.14159610636)
(-8257.50451045637,-556.734095171215,-4148.84093217844)
(-6768.04024935115,-1512.42871509174,-11779.2821569842)
(9.43227687292788e-06,-2.95657562226793e-08,-3.41825321145003e-06)
(-834.145791759484,-923.388511224163,-754.28708202912)
(-7789.13505156769,-469.41669983478,-15767.5865036837)
(-7639.45355183623,-83.4933857105702,-27816.7552372347)
(0,0,0)
(0,0,0)
(0,0,0)
(0,0,0)
(0,0,0)
(0,0,0)
(-9290.4047209904,263.856022757686,-67.3521351262139)
(-9384.96261984019,172.594643202961,-259.15330529608)
(-9409.30301664335,51.9893713295855,-784.867149370632)
(-9208.25617564812,-100.303643542051,-2104.45137793232)
(-8372.75070322533,-314.043154647844,-5069.71661252504)
(-5955.38479986031,-475.824830145664,-10306.2476838721)
(-7.76524801437555e-07,1.50417242547052e-06,1.98969055859107e-05)
(2.21777818209587e-05,1.47718785461827e-06,-3.4552258586442e-06)
(-1024.74810571159,-391.598585788911,-15207.1565582414)
(-5946.88781471626,-184.11597063991,-27601.9499540566)
(0,0,0)
(0,0,0)
(0,0,0)
(0,0,0)
(0,0,0)
(0,0,0)
(-10863.260725136,-1188.94998261781,-88.3067287521068)
(-10885.8254447029,-1234.75071136255,-324.185868823723)
(-10792.4731881735,-1259.2562880215,-919.539613445348)
(-10414.5089916396,-1196.3734045044,-2309.55510673515)
(-9233.28193502234,-969.046419530441,-5237.11239983549)
(-6267.73935773934,-550.923644456696,-9848.29512036354)
(6.95226074813591e-07,2.88145069050466e-06,1.68225595778664e-05)
(1.61576056395137e-05,3.61095228270329e-06,-9.099122854482e-07)
(-609.172167511354,-871.274948584338,-14762.9317955645)
(-5599.01578153726,-528.191442032732,-27274.2858345847)
(0,0,0)
(0,0,0)
(0,0,0)
(0,0,0)
(0,0,0)
(0,0,0)
(-12723.3312814153,-4268.41093055374,-88.4530627452344)
(-12687.1115325298,-4298.43414069815,-297.088713567226)
(-12517.7844496978,-4237.84616986884,-848.853307981078)
(-12022.548539806,-3986.20981157541,-2129.37859305713)
(-10644.4380681646,-3309.87774976723,-4854.207545173)
(-7211.14123163425,-1967.53104717553,-9340.02876297475)
(3.13442497693314e-06,3.07722428972795e-05,2.10699845674153e-05)
(2.84878715665734e-05,-1.68502056131573e-06,-1.81087067348228e-06)
(-37.8927290348007,-1544.35754257675,-14226.4969906755)
(-5915.30863883845,-1470.87969431006,-26688.7358262945)
(0,0,0)
(0,0,0)
(0,0,0)
(0,0,0)
(0,0,0)
(0,0,0)
(-14249.3609045755,-10047.6795133811,-59.3790808864665)
(-14211.2185430339,-10073.5935225726,-195.322507887952)
(-14040.0136719303,-9975.39294065837,-576.289669988589)
(-13546.9831646055,-9644.30799965233,-1492.06551814425)
(-12173.2179192992,-8626.07836890527,-3610.81142135992)
(-8509.15702009065,-5986.53469041279,-7720.10002277616)
(3.54582179733548e-05,-1.65890625521848e-06,-2.01696442494846e-06)
(-407.405214381786,-2027.671764835,-1904.23318000873)
(-7775.03525864694,-5223.51260201898,-14257.0156165053)
(-7769.37242335791,-3713.53830538724,-25272.5561858809)
(0,0,0)
(0,0,0)
(0,0,0)
(0,0,0)
(0,0,0)
(0,0,0)
(-14160.2421663559,-19321.3775320421,4.90662685918451)
(-14132.4507428364,-19337.7308441201,-50.3954197800269)
(-14000.6811649661,-19283.2753888364,-206.11728055991)
(-13650.9601859495,-19104.1296384835,-526.784281044493)
(-12642.7419913171,-18567.9693862031,-1105.9763777725)
(-9683.07260740355,-17504.5411609533,-2007.61266973379)
(-517.608837826511,-15816.5467044636,-2209.36582952704)
(-8010.39573119704,-14975.9498501843,-5286.51657824885)
(-10618.0712582543,-13201.6240341323,-12876.8543818096)
(-8287.53272793534,-8213.74892638617,-21686.0034610741)
(0,0,0)
(0,0,0)
(0,0,0)
(0,0,0)
(0,0,0)
(0,0,0)
(-10053.7251280863,-29736.8145645543,35.0624801559849)
(-10029.9656542337,-29742.0151895785,25.4549244410667)
(-9976.22918209254,-29730.25298717,-22.2136563767251)
(-9820.15111539101,-29662.65549286,-112.816107311406)
(-9379.4588814586,-29415.7353503919,-260.03060793527)
(-8394.93608535598,-28900.9607609557,-601.917908302558)
(-6751.19670376965,-27984.290743898,-1630.21996577751)
(-8024.81738105271,-26080.3744132454,-3725.42044998343)
(-8336.1880933513,-22168.4456348686,-8063.56813587628)
(-6097.0130235463,-13908.732644755,-13661.2938159095)
(0,0,0)
(0,0,0)
(0,0,0)
(0,0,0)
(0,0,0)
(0,0,0)
(0,0,0)
(0,0,0)
(0,0,0)
(0,0,0)
(0,0,0)
(0,0,0)
(0,0,0)
(0,0,0)
(0,0,0)
(0,0,0)
(0,0,0)
(0,0,0)
(0,0,0)
(0,0,0)
(0,0,0)
(0,0,0)
(0,0,0)
(0,0,0)
(0,0,0)
(0,0,0)
(0,0,0)
(0,0,0)
(0,0,0)
(0,0,0)
(0,0,0)
(0,0,0)
(0,0,0)
(0,0,0)
(0,0,0)
(0,0,0)
(0,0,0)
(0,0,0)
(0,0,0)
(0,0,0)
(0,0,0)
(0,0,0)
(0,0,0)
(0,0,0)
(0,0,0)
(0,0,0)
(0,0,0)
(0,0,0)
(0,0,0)
(0,0,0)
(0,0,0)
(0,0,0)
(0,0,0)
(0,0,0)
(0,0,0)
(0,0,0)
(0,0,0)
(0,0,0)
(0,0,0)
(0,0,0)
(0,0,0)
(0,0,0)
(0,0,0)
(0,0,0)
(0,0,0)
(0,0,0)
(0,0,0)
(0,0,0)
(0,0,0)
(0,0,0)
(0,0,0)
(0,0,0)
(0,0,0)
(0,0,0)
(0,0,0)
(0,0,0)
(0,0,0)
(0,0,0)
(0,0,0)
(0,0,0)
(0,0,0)
(0,0,0)
(0,0,0)
(0,0,0)
(0,0,0)
(0,0,0)
(0,0,0)
(0,0,0)
(0,0,0)
(0,0,0)
(0,0,0)
(0,0,0)
(0,0,0)
(0,0,0)
(0,0,0)
(0,0,0)
(0,0,0)
(0,0,0)
(0,0,0)
(0,0,0)
(0,0,0)
(0,0,0)
(-7391.4657577994,131.747211317701,45.9981234817045)
(-7439.37826239826,93.2742102732174,44.797895253418)
(-7532.34725587462,33.8572483767966,-102.734878991314)
(-7660.86595322592,-43.1947136771866,-517.37549139255)
(-7988.21831877896,-154.584436446265,-1311.56889463268)
(-8541.92825913742,-301.310176693484,-2715.31824445118)
(-9137.60132582275,-384.837239802699,-5086.55074441124)
(-9297.85083190995,-162.338171618245,-8989.14302596499)
(-8368.36301495665,12.3191818895256,-14096.9448383634)
(-5303.78616290961,39.4927880905107,-18511.9498020332)
(0,0,0)
(0,0,0)
(0,0,0)
(0,0,0)
(0,0,0)
(0,0,0)
(-7481.09418112508,212.738196463662,27.8453792836536)
(-7503.892011544,160.121702896303,-24.265991644362)
(-7591.89190329316,45.4759455149785,-202.099219523078)
(-7689.14466817231,-110.717338039137,-620.143089281153)
(-7849.96310538211,-361.200245116572,-1421.95766080848)
(-8089.40463860085,-759.434516987024,-2759.33727050032)
(-8321.82792216586,-1162.69219686756,-4803.46478456005)
(-8540.38291825243,-241.919115528159,-8753.14329812965)
(-7910.71658906588,303.89538385061,-14074.1576533039)
(-5108.18804362179,228.2895651961,-18587.8041836568)
(0,0,0)
(0,0,0)
(0,0,0)
(0,0,0)
(0,0,0)
(0,0,0)
(-7677.38232755194,200.234447836458,-17.9874533363201)
(-7696.77182256385,116.754930070148,-102.025350718796)
(-7738.93269229826,-21.6269911354062,-327.126093443952)
(-7711.43837710236,-215.53072685751,-816.231891070324)
(-7494.74985031767,-572.702262006537,-1743.62698918039)
(-6963.11707238384,-1308.50103868588,-3102.89489980831)
(-5973.78277466174,-3111.31292743344,-3805.09782628975)
(-6336.1416005512,568.711908172042,-8138.56811942986)
(-6730.58067917862,1614.70916015151,-14139.6382998781)
(-4646.07834049087,747.806737020887,-18838.6763028045)
(0,0,0)
(0,0,0)
(0,0,0)
(0,0,0)
(0,0,0)
(0,0,0)
(-7929.52011960875,-67.4586724740336,-75.5062683732756)
(-7953.64106480505,-169.832615216657,-220.965662206377)
(-7946.53312106845,-294.917484671519,-515.618653948875)
(-7710.39649684033,-435.215391956608,-1136.45894331168)
(-6925.19508880432,-615.680704568146,-2425.78992240064)
(-4959.88688627571,-698.676230366872,-4843.76809379666)
(8.3899852397134e-06,6.08971893091807e-07,1.48751587970007e-06)
(-476.358308099354,-430.680314833604,-6963.15999837392)
(-4399.68164817684,6185.74398480755,-14923.6482264241)
(-3884.10823669955,1581.37383472878,-19512.5606392749)
(0,0,0)
(0,0,0)
(0,0,0)
(0,0,0)
(0,0,0)
(0,0,0)
(-8434.9883195757,-859.855869687087,-63.0192042000568)
(-8450.02866934843,-932.107388219678,-235.678381687414)
(-8367.57386649692,-1000.2569264989,-572.068090006214)
(-7946.87161288452,-1023.44230845761,-1245.22573626787)
(-6801.20427339494,-949.487996049152,-2482.96487461745)
(-4352.11809507846,-652.991609799871,-4131.9161999664)
(-5.7655347627218e-07,1.12237448449484e-06,1.55249639346071e-07)
(1.81319338950572e-05,-5.39175217092443e-07,4.90190676408181e-06)
(-795.562199271019,44.3179020555685,-19378.0124417588)
(-2990.38113487472,196.767776542939,-20949.9130634183)
(0,0,0)
(0,0,0)
(0,0,0)
(0,0,0)
(0,0,0)
(0,0,0)
(-9214.70477606007,-2446.55946879621,-61.8523499688539)
(-9179.61081105531,-2488.97582251926,-211.198549318385)
(-8996.10839789993,-2485.25779681165,-522.562469283228)
(-8447.83779298902,-2372.73807082216,-1139.93790556894)
(-7103.36290086181,-2022.161886369,-2197.18304940909)
(-4407.31604183954,-1249.83083215056,-3460.76714295911)
(5.79789597420127e-07,1.88898934925992e-06,-2.94352924640184e-13)
(1.28904451374495e-05,-5.92842894047668e-07,3.32082788466631e-06)
(-694.052440896073,-168.445747458979,-19147.9311149891)
(-2794.99372247833,-726.033569963793,-21029.1518275404)
(0,0,0)
(0,0,0)
(0,0,0)
(0,0,0)
(0,0,0)
(0,0,0)
(-9950.21785361564,-5164.10314498929,-55.5697516126619)
(-9887.65004817275,-5202.96289233252,-141.044166160969)
(-9645.31644806099,-5158.18831290843,-340.581651699306)
(-9058.10311804596,-4932.26867734012,-745.496466942549)
(-7666.11574986893,-4318.58630529179,-1427.39436631297)
(-4816.28319233641,-2869.85147218965,-2202.23176557103)
(2.40794760073829e-06,2.87946635762338e-06,-3.48046708450931e-13)
(2.38404546170588e-05,4.40045920125095e-07,3.61452778729537e-06)
(-632.063140962891,-8993.32883763501,-19662.6320388379)
(-2938.26014805074,-3140.60910713771,-20225.1049924666)
(0,0,0)
(0,0,0)
(0,0,0)
(0,0,0)
(0,0,0)
(0,0,0)
(-10137.9036968411,-9247.26126830774,-28.2990844174335)
(-10097.9276749045,-9292.59489676019,-51.9579481142161)
(-9885.33421779548,-9278.58340222104,-86.2423129377927)
(-9364.86570402729,-9096.80245561047,-103.825995243277)
(-8124.32813678751,-8480.24573161829,8.94364857081813)
(-5401.78447694924,-6587.58545779389,619.305091032249)
(3.08211202388422e-05,5.61190125486633e-06,1.77579592834859e-06)
(-619.051693342921,-9201.60238834964,-9002.66654632638)
(-4129.24451525858,-7762.72641458681,-13879.0597127624)
(-3666.42587634352,-4049.53155323527,-17073.0838136796)
(0,0,0)
(0,0,0)
(0,0,0)
(0,0,0)
(0,0,0)
(0,0,0)
(-8995.45650485958,-14436.9872632984,24.9403334926439)
(-8976.34125489159,-14478.6534901574,54.8894389374248)
(-8836.7683048098,-14541.421919283,153.815095842308)
(-8504.24043560549,-14600.2510434914,510.543933379845)
(-7723.60185614824,-14731.8878099782,1843.0458765679)
(-5937.15831599348,-15678.8064794466,7188.35260680615)
(-1268.72320610005,-21555.6124145085,-9562.35176652805)
(-4430.46439144185,-14602.9689602675,-7740.91653436399)
(-5231.70693558953,-10599.19306873,-10290.814202892)
(-3708.7717717813,-5816.44269797739,-13102.6640143022)
(0,0,0)
(0,0,0)
(0,0,0)
(0,0,0)
(0,0,0)
(0,0,0)
(-5643.32895903521,-18895.7722086146,48.3887762716495)
(-5630.72632084859,-18915.3502031024,85.8461558297244)
(-5575.97616137944,-19002.8535067928,147.024722627021)
(-5437.05032192291,-19147.9393767819,311.612262450324)
(-5100.57644703572,-19410.9204175466,711.7624356087)
(-4488.75395846828,-19944.0694654434,1070.8432947146)
(-3598.26665665795,-20758.0978522097,-2879.60131469938)
(-3918.41319847083,-17631.5849490928,-3957.38950845853)
(-3759.82236559659,-13462.228641791,-5670.71966314298)
(-2514.95722810658,-7628.96642621179,-7440.25173035593)
(0,0,0)
(0,0,0)
(0,0,0)
(0,0,0)
(0,0,0)
(0,0,0)
(0,0,0)
(0,0,0)
(0,0,0)
(0,0,0)
(0,0,0)
(0,0,0)
(0,0,0)
(0,0,0)
(0,0,0)
(0,0,0)
(0,0,0)
(0,0,0)
(0,0,0)
(0,0,0)
(0,0,0)
(0,0,0)
(0,0,0)
(0,0,0)
(0,0,0)
(0,0,0)
(0,0,0)
(0,0,0)
(0,0,0)
(0,0,0)
(0,0,0)
(0,0,0)
(0,0,0)
(0,0,0)
(0,0,0)
(0,0,0)
(0,0,0)
(0,0,0)
(0,0,0)
(0,0,0)
(0,0,0)
(0,0,0)
(0,0,0)
(0,0,0)
(0,0,0)
(0,0,0)
(0,0,0)
(0,0,0)
(0,0,0)
(0,0,0)
(0,0,0)
(0,0,0)
(0,0,0)
(0,0,0)
(0,0,0)
(0,0,0)
(0,0,0)
(0,0,0)
(0,0,0)
(0,0,0)
(0,0,0)
(0,0,0)
(0,0,0)
(0,0,0)
(0,0,0)
(0,0,0)
(0,0,0)
(0,0,0)
(0,0,0)
(0,0,0)
(0,0,0)
(0,0,0)
(0,0,0)
(0,0,0)
(0,0,0)
(0,0,0)
(0,0,0)
(0,0,0)
(0,0,0)
(0,0,0)
(0,0,0)
(0,0,0)
(0,0,0)
(0,0,0)
(0,0,0)
(0,0,0)
(0,0,0)
(0,0,0)
(0,0,0)
(0,0,0)
(0,0,0)
(0,0,0)
(0,0,0)
(0,0,0)
(0,0,0)
(0,0,0)
(0,0,0)
(0,0,0)
(0,0,0)
(0,0,0)
(0,0,0)
(0,0,0)
(-7362.29897060476,45.6358992808984,-74.8026864799401)
(-7363.25161218636,18.6613468643544,-169.590683557998)
(-7324.96213570891,-12.7722308767473,-364.203572847632)
(-7258.21218667219,-16.044430403681,-750.812908994374)
(-7297.30737088452,43.1111991338884,-1484.83505602187)
(-7438.32533385482,162.629635049368,-2751.06761635173)
(-7487.59592988718,353.982538066053,-4755.05555035089)
(-7106.93586932164,527.781587916586,-7473.75210085808)
(-5883.12033698284,444.416159252682,-10403.4109380852)
(-3422.20167307916,221.884320142824,-12506.8797480678)
(0,0,0)
(0,0,0)
(0,0,0)
(0,0,0)
(0,0,0)
(0,0,0)
(-7387.69056232771,21.0962155728539,-68.8639350915389)
(-7365.4351500493,-14.7026985547983,-173.956751166344)
(-7349.50199296755,-69.0819912409027,-360.036901128255)
(-7288.11891456226,-69.6929416431375,-707.41414349782)
(-7216.40549881568,47.1644397838266,-1345.02499071667)
(-7161.74802232071,382.489999959184,-2492.54197190667)
(-7028.98392095258,1084.38723380822,-4515.79066886543)
(-6843.13191750084,1853.55423243719,-7538.81431414752)
(-5771.98803845707,1421.05248005132,-10654.1791855615)
(-3400.11606446617,656.513829865123,-12796.8806744406)
(0,0,0)
(0,0,0)
(0,0,0)
(0,0,0)
(0,0,0)
(0,0,0)
(-7468.43826112748,-138.92781818531,-48.9200326676549)
(-7450.76026959168,-184.49655918952,-125.137725007376)
(-7419.77861350418,-238.565426197628,-274.808368846836)
(-7300.23307051683,-214.224403440534,-541.48221363184)
(-6993.08145935926,-17.0500245664122,-978.936140240184)
(-6439.3998941091,629.500155341192,-1749.66347389543)
(-5569.17514111411,2626.70458059397,-3696.5884542304)
(-6478.88050799221,6251.05154610837,-7951.34686046255)
(-5702.59733245447,3866.00369096722,-11424.2814180968)
(-3370.64434583827,1478.69012389491,-13521.8917067898)
(0,0,0)
(0,0,0)
(0,0,0)
(0,0,0)
(0,0,0)
(0,0,0)
(-7524.73403180736,-510.018896300206,-33.6950096860457)
(-7520.82717822861,-558.745763873483,-92.2596915820527)
(-7471.85149086317,-608.093500810069,-197.413247176415)
(-7224.09776019787,-573.267230851021,-324.669156407114)
(-6535.44439663821,-401.831825467528,-329.638047665759)
(-4880.91916963806,-62.1456040776889,283.039995117723)
(6.54317010520924e-06,-2.632239932933e-06,3.73492328475401e-06)
(-7729.79342039485,-331.901679032338,-10238.8817209462)
(-6686.27566129094,9653.12395254737,-13739.4079694198)
(-3633.8845381495,2435.56677518553,-14946.5083192402)
(0,0,0)
(0,0,0)
(0,0,0)
(0,0,0)
(0,0,0)
(0,0,0)
(-7670.83948368729,-1269.55140969367,-4.61632249734065)
(-7666.09541530199,-1324.15960439792,-23.1357360175182)
(-7583.13713238273,-1352.82129117522,-62.8446797671116)
(-7221.2347850906,-1283.43506137836,-78.3136770368725)
(-6265.29066320744,-1063.30918966647,47.25007697462)
(-4154.21740364881,-595.580250799806,382.784032268346)
(-2.09044657960704e-06,5.52848882183281e-07,-1.65283670281672e-06)
(1.26558664360168e-05,-1.70785474575204e-06,5.63622236548643e-06)
(-12310.8787703847,141.693705600328,-20881.1273408717)
(-4562.29866463034,390.490509992774,-17264.1335459305)
(0,0,0)
(0,0,0)
(0,0,0)
(0,0,0)
(0,0,0)
(0,0,0)
(-7869.56512132433,-2619.52421818362,4.83315375268376)
(-7860.40335036794,-2683.67167969984,45.1377683693814)
(-7723.80409047235,-2681.24462515661,101.256794926521)
(-7285.56702579796,-2571.26261817049,226.813584527892)
(-6230.31066738506,-2255.84651821251,546.298679598767)
(-4031.73764303858,-1445.85186544059,1020.99189543709)
(1.55830276917912e-07,8.10972984265104e-07,6.59844638619248e-15)
(9.32770520951535e-06,-2.30800178718754e-06,4.16288697596799e-06)
(-11856.2930476418,2.51399665678146,-20645.5026175437)
(-4648.26668650377,-800.549239707648,-17601.1899038264)
(0,0,0)
(0,0,0)
(0,0,0)
(0,0,0)
(0,0,0)
(0,0,0)
(-7908.14825358528,-4672.28250373844,10.688685528912)
(-7907.68741993834,-4744.29859760687,91.3529752009598)
(-7755.27908604005,-4753.13791188896,273.208899910411)
(-7356.5004896555,-4635.66493977918,636.008593129784)
(-6382.2991352706,-4267.41703682488,1363.76249714235)
(-4287.8842005721,-3077.1990367292,2466.71067666326)
(1.40600931574567e-06,1.20515471349351e-06,-3.82857687908688e-14)
(1.29953449789655e-05,1.65257330013136e-06,6.88453451248825e-06)
(-13134.9253256312,-12195.2580974157,-21460.0208826507)
(-4705.17468783221,-3731.85025799279,-16761.8053245869)
(0,0,0)
(0,0,0)
(0,0,0)
(0,0,0)
(0,0,0)
(0,0,0)
(-7475.73573211967,-7370.59448868163,36.1440202242393)
(-7490.6385954733,-7454.86288579349,139.419228977704)
(-7383.57188351062,-7542.90249563689,427.421478441302)
(-7104.95906544018,-7552.11821107757,1083.96811115179)
(-6465.18334505679,-7407.50840051048,2564.91468310561)
(-5080.74336303771,-6386.519199389,5553.19373185333)
(1.81751290786943e-05,9.25689742271959e-06,3.62398709149817e-06)
(-9623.25252621932,-12374.2928071794,-12150.3534570664)
(-6897.96997842865,-8523.12386051323,-13053.7622308091)
(-3499.96384317216,-3924.57823023481,-13027.4962917334)
(0,0,0)
(0,0,0)
(0,0,0)
(0,0,0)
(0,0,0)
(0,0,0)
(-6137.42307492491,-10289.3158666784,60.6879480583663)
(-6158.99499965477,-10380.469256033,168.948063061632)
(-6126.75952935484,-10559.3723763616,475.409168328438)
(-6025.81552759329,-10822.1006275519,1266.96667678645)
(-5974.97575822036,-11438.1710005242,3549.0031788732)
(-7013.06093884414,-13558.9264843586,11797.3130866939)
(-15118.959369159,-23182.0368600937,-12552.8854118237)
(-7339.54433202029,-13605.5309130555,-8412.5673653643)
(-4813.31938032445,-8791.55075521492,-8562.52802593777)
(-2608.73355248906,-4429.64088257699,-9157.50359288247)
(0,0,0)
(0,0,0)
(0,0,0)
(0,0,0)
(0,0,0)
(0,0,0)
(-3565.34608218161,-12436.2847094503,68.985965918605)
(-3574.74206099983,-12504.9091926366,137.441642675914)
(-3584.83604682451,-12702.75491812,289.684069878406)
(-3567.59461010319,-13037.1109671401,635.238697650175)
(-3564.15765456822,-13644.948422524,1305.59732717783)
(-3896.58854947311,-14820.5786805201,1975.08411434374)
(-5044.12326472783,-16594.7037629734,-3166.39237471227)
(-3678.55980795901,-13255.0839998532,-3756.69267842858)
(-2635.97187020928,-9362.58200005951,-4309.51192896687)
(-1475.85000695263,-4959.75199680937,-4818.50803588891)
(0,0,0)
(0,0,0)
(0,0,0)
(0,0,0)
(0,0,0)
(0,0,0)
(0,0,0)
(0,0,0)
(0,0,0)
(0,0,0)
(0,0,0)
(0,0,0)
(0,0,0)
(0,0,0)
(0,0,0)
(0,0,0)
(0,0,0)
(0,0,0)
(0,0,0)
(0,0,0)
(0,0,0)
(0,0,0)
(0,0,0)
(0,0,0)
(0,0,0)
(0,0,0)
(0,0,0)
(0,0,0)
(0,0,0)
(0,0,0)
(0,0,0)
(0,0,0)
(0,0,0)
(0,0,0)
(0,0,0)
(0,0,0)
(0,0,0)
(0,0,0)
(0,0,0)
(0,0,0)
(0,0,0)
(0,0,0)
(0,0,0)
(0,0,0)
(0,0,0)
(0,0,0)
(0,0,0)
(0,0,0)
(0,0,0)
(0,0,0)
(0,0,0)
(0,0,0)
(0,0,0)
(0,0,0)
(0,0,0)
(0,0,0)
(0,0,0)
(0,0,0)
(0,0,0)
(0,0,0)
(0,0,0)
(0,0,0)
(0,0,0)
(0,0,0)
(0,0,0)
(0,0,0)
(0,0,0)
(0,0,0)
(0,0,0)
(0,0,0)
(0,0,0)
(0,0,0)
(0,0,0)
(0,0,0)
(0,0,0)
(0,0,0)
(0,0,0)
(0,0,0)
(0,0,0)
(0,0,0)
(0,0,0)
(0,0,0)
(0,0,0)
(0,0,0)
(0,0,0)
(0,0,0)
(0,0,0)
(0,0,0)
(0,0,0)
(0,0,0)
(0,0,0)
(0,0,0)
(0,0,0)
(0,0,0)
(0,0,0)
(0,0,0)
(0,0,0)
(0,0,0)
(0,0,0)
(0,0,0)
(0,0,0)
(0,0,0)
(-7265.71996348496,14.1599883328933,-110.738995449045)
(-7254.00583017035,-10.943309805339,-209.041467659011)
(-7155.01062556168,-17.7378575603449,-361.25512025034)
(-7018.40848527904,38.9399594830391,-639.998781128463)
(-6917.85067506313,189.913369610925,-1209.36884655903)
(-6881.49031952337,437.542432387995,-2203.74629328241)
(-6672.74360607272,750.578132510195,-3769.17674960635)
(-5999.98557501567,742.937714389583,-5619.06475830323)
(-4672.40356160929,535.10425124898,-7364.88578492726)
(-2581.99471867422,270.271192217012,-8475.363931546)
(0,0,0)
(0,0,0)
(0,0,0)
(0,0,0)
(0,0,0)
(0,0,0)
(-7261.1082652111,-21.4926852921035,-90.9296234914211)
(-7230.18237808466,-54.3598080049941,-182.765897253885)
(-7172.9995238008,-69.4758767083447,-307.530347271928)
(-7076.55918953778,30.8257972596692,-510.975910073316)
(-6972.47990222984,358.51456052889,-923.502697574859)
(-6933.5094159911,1105.7953796212,-1819.99425113766)
(-6804.31582091419,2446.92499458254,-3741.00921324923)
(-6161.67395171625,2129.9292181976,-5809.45868283949)
(-4810.56856473654,1408.47797890959,-7644.25188421858)
(-2669.55209962917,650.501631857393,-8755.04628869581)
(0,0,0)
(0,0,0)
(0,0,0)
(0,0,0)
(0,0,0)
(0,0,0)
(-7256.22684480264,-201.648198510059,-32.0559031064673)
(-7229.53014433215,-232.089896079865,-75.5559402907333)
(-7193.18806777503,-249.647018822929,-121.97534390248)
(-7146.2240301617,-102.810529738141,-142.348057261981)
(-7076.86206459168,450.968922672208,-151.02181417376)
(-7115.36815307876,2095.7370831353,-464.995258720145)
(-7467.5052920025,7961.1554614901,-4080.89557473611)
(-6753.23432084587,4845.25924940648,-6521.87179308709)
(-5210.96046443964,2802.23164580742,-8407.26232799701)
(-2843.91851153301,1178.26954975544,-9461.75608019689)
(0,0,0)
(0,0,0)
(0,0,0)
(0,0,0)
(0,0,0)
(0,0,0)
(-7204.08520977028,-540.985047742895,18.6880271971326)
(-7201.99458775571,-570.189927599984,37.9554682479618)
(-7193.35937323373,-606.227434690555,116.043766488259)
(-7150.51986082309,-483.724667029363,423.38000439934)
(-7067.45409291472,-66.099358766345,1472.45798211048)
(-7332.86245511962,632.00018572705,5388.13816499949)
(-10914.9306378198,-153.334793323977,-7230.62734703172)
(-8605.53289785531,7064.25143017119,-8573.880050342)
(-6322.06879824396,3884.01996209167,-10019.8752296657)
(-3281.56437202065,1424.39798105603,-10618.3238271001)
(0,0,0)
(0,0,0)
(0,0,0)
(0,0,0)
(0,0,0)
(0,0,0)
(-7101.29495954823,-1155.86134571655,45.3317738360784)
(-7133.5217890889,-1194.78155078227,137.349770803862)
(-7151.16052145899,-1247.94769714804,347.093422335183)
(-7066.61214874687,-1176.92295956722,885.669078528618)
(-6734.90430679238,-903.066059284122,2192.2494226312)
(-5570.09476296844,-399.142983678041,4639.26995135404)
(8.3125246561992e-06,-2.75039922912733e-06,-8.0378591861431e-06)
(-11503.5510908775,52.4106894761936,-11719.832334432)
(-8254.02174192933,598.875533346498,-12491.5449341353)
(-3927.5349986887,295.965826544157,-11997.8764455635)
(0,0,0)
(0,0,0)
(0,0,0)
(0,0,0)
(0,0,0)
(0,0,0)
(-6906.73356366992,-2172.42539233557,53.7324889666967)
(-6984.3411273096,-2232.11151916928,215.000234295213)
(-7018.9867816875,-2286.23947188958,548.474700251203)
(-6906.78834265874,-2267.54770264763,1260.32076018988)
(-6534.00034854186,-2096.35186510629,2757.29624716905)
(-5288.35002004917,-1492.6197367666,5107.38537726428)
(8.0528174416067e-06,-6.10623205641193e-06,-5.49710573118427e-06)
(-10980.2730784154,94.4849602140131,-11220.077714294)
(-8494.57588980049,-1146.39546329849,-12836.5238754979)
(-4097.38036697238,-772.790903607235,-12318.6534648779)
(0,0,0)
(0,0,0)
(0,0,0)
(0,0,0)
(0,0,0)
(0,0,0)
(-6551.98254014321,-3596.0535398683,67.4624340905922)
(-6647.40290170512,-3667.8047404359,242.871137123399)
(-6704.73406144373,-3758.9217568367,665.00839747678)
(-6665.06287214434,-3838.01540586115,1544.03848317571)
(-6441.47726462051,-3881.88068363706,3388.74543105553)
(-5543.8532847356,-3500.29936290119,6652.39414135983)
(1.11464774444091e-05,-9.81067290659387e-06,-7.38745381712878e-06)
(-12378.2756341096,-9169.72334470413,-12486.2561539224)
(-8530.13666883838,-5731.42332488565,-12506.0169491291)
(-3975.77528974068,-2435.36287193738,-11572.8443788895)
(0,0,0)
(0,0,0)
(0,0,0)
(0,0,0)
(0,0,0)
(0,0,0)
(-5845.18669319704,-5301.45072918771,74.8481503923478)
(-5935.7530174168,-5395.0008841941,247.158716095915)
(-6009.1681379893,-5564.8088287624,678.642042496994)
(-6071.34172032647,-5800.099877525,1607.10916904749)
(-6267.79119127972,-6272.45161728175,3800.28794891888)
(-7433.37726838346,-7652.88089755188,10305.5033889211)
(-13952.4155516793,-14237.1166407637,-9220.21735335317)
(-9428.71410005505,-9534.50057839968,-9049.97854581277)
(-6248.01475993518,-6145.39926484281,-9285.95782434338)
(-3097.50881771746,-2918.73826038398,-9205.03746136213)
(0,0,0)
(0,0,0)
(0,0,0)
(0,0,0)
(0,0,0)
(0,0,0)
(-4545.03781824215,-6964.60219773147,70.7662118618204)
(-4627.29988446925,-7076.00711999658,220.077332480945)
(-4721.49396337241,-7308.86885191557,558.871789655176)
(-4820.94272081577,-7681.02261341851,1234.92171877366)
(-5097.9897901095,-8350.96544120112,2436.44957458133)
(-6121.10302806232,-9768.40334665302,3660.01411289938)
(-8617.96992225862,-12451.4034373894,-4626.68853737512)
(-6322.26166190277,-9464.07323745975,-5714.39854844002)
(-4216.64849273525,-6317.35766235904,-6139.11103851148)
(-2153.04065658144,-3165.73158396793,-6347.81061083218)
(0,0,0)
(0,0,0)
(0,0,0)
(0,0,0)
(0,0,0)
(0,0,0)
(-2534.07010946155,-8058.62236156421,62.7441911156672)
(-2575.24311597681,-8157.85632931236,145.094455406502)
(-2645.11994173471,-8410.31504557041,306.824543969995)
(-2718.15468671614,-8837.45719455669,613.81920172468)
(-2851.53552364687,-9432.17275178299,982.404381387051)
(-3249.60887827553,-10298.5824144643,865.603777999824)
(-3852.75492983624,-11017.0564283508,-1760.11156593854)
(-3110.74544370614,-9131.72549877413,-2660.27366887769)
(-2156.38331244176,-6408.37356797607,-3048.84632102679)
(-1120.93415615344,-3325.05248423156,-3244.44127156404)
(0,0,0)
(0,0,0)
(0,0,0)
(0,0,0)
(0,0,0)
(0,0,0)
(0,0,0)
(0,0,0)
(0,0,0)
(0,0,0)
(0,0,0)
(0,0,0)
(0,0,0)
(0,0,0)
(0,0,0)
(0,0,0)
(0,0,0)
(0,0,0)
(0,0,0)
(0,0,0)
(0,0,0)
(0,0,0)
(0,0,0)
(0,0,0)
(0,0,0)
(0,0,0)
(0,0,0)
(0,0,0)
(0,0,0)
(0,0,0)
(0,0,0)
(0,0,0)
(0,0,0)
(0,0,0)
(0,0,0)
(0,0,0)
(0,0,0)
(0,0,0)
(0,0,0)
(0,0,0)
(0,0,0)
(0,0,0)
(0,0,0)
(0,0,0)
(0,0,0)
(0,0,0)
(0,0,0)
(0,0,0)
(0,0,0)
(0,0,0)
(0,0,0)
(0,0,0)
(0,0,0)
(0,0,0)
(0,0,0)
(0,0,0)
(0,0,0)
(0,0,0)
(0,0,0)
(0,0,0)
(0,0,0)
(0,0,0)
(0,0,0)
(0,0,0)
(0,0,0)
(0,0,0)
(0,0,0)
(0,0,0)
(0,0,0)
(0,0,0)
(0,0,0)
(0,0,0)
(0,0,0)
(0,0,0)
(0,0,0)
(0,0,0)
(0,0,0)
(0,0,0)
(0,0,0)
(0,0,0)
(0,0,0)
(0,0,0)
(0,0,0)
(0,0,0)
(0,0,0)
(0,0,0)
(0,0,0)
(0,0,0)
(0,0,0)
(0,0,0)
(0,0,0)
(0,0,0)
(0,0,0)
(0,0,0)
(0,0,0)
(0,0,0)
(0,0,0)
(0,0,0)
(0,0,0)
(0,0,0)
(0,0,0)
(0,0,0)
(-7196.74995344414,-1.5945941719764,-67.3754158730389)
(-7164.96129253172,-16.9274293088429,-139.492524201764)
(-7029.03247388717,-22.751183236495,-242.71949263418)
(-6895.18046518624,50.8563980598591,-416.803910789533)
(-6749.18835766104,198.513685234507,-783.979913428692)
(-6611.42983388063,400.141928009761,-1454.18232707857)
(-6234.4338678588,613.684819831755,-2506.17688512346)
(-5399.15030009051,567.110887890226,-3674.12304793512)
(-4057.06017718903,392.544736332682,-4682.01116869181)
(-2171.49467115352,205.644668341819,-5298.15588455213)
(0,0,0)
(0,0,0)
(0,0,0)
(0,0,0)
(0,0,0)
(0,0,0)
(-7177.96323515419,-29.4896275583534,-55.249996670176)
(-7143.35546908861,-55.7264108897627,-103.277924088669)
(-7056.56270380599,-72.7995851684158,-169.666342152367)
(-6973.30285856654,59.5559216040479,-281.622196665431)
(-6900.95316161006,391.797442844855,-546.432694895898)
(-6854.04935332982,985.840199644069,-1211.59102919242)
(-6618.5948184545,1764.06257000848,-2547.68978182622)
(-5760.47881639764,1485.35706298076,-3867.13109223603)
(-4305.79649260504,936.536780214161,-4915.89520825295)
(-2299.10788873852,436.71689645131,-5517.41164725605)
(0,0,0)
(0,0,0)
(0,0,0)
(0,0,0)
(0,0,0)
(0,0,0)
(-7106.13365343075,-171.675162907655,-7.90765602511938)
(-7095.60728612352,-189.051190335431,-8.50573478886767)
(-7072.54396938777,-205.721980144971,3.77256179993366)
(-7099.28062409985,-41.110754728872,57.4958320706645)
(-7215.65484055683,522.98987686974,65.096174010124)
(-7465.53992561115,1848.28109813162,-447.172951943991)
(-7687.48162991532,4414.26011117805,-2877.39415519932)
(-6641.45164622888,2923.17625379228,-4426.99602063606)
(-4874.21693353451,1637.0365940706,-5464.23936539193)
(-2556.96163439037,712.939613363985,-6027.41895944689)
(0,0,0)
(0,0,0)
(0,0,0)
(0,0,0)
(0,0,0)
(0,0,0)
(-7002.02400138529,-405.676101111719,31.9397298200715)
(-7031.84746975692,-418.061848597545,90.8032700833093)
(-7109.79393532164,-447.449142058252,248.964994083325)
(-7262.6864977648,-298.603657071797,618.624533373342)
(-7627.55271914144,335.495377794472,1366.21765867645)
(-8580.12215187721,2371.89708160733,2089.86137195715)
(-10574.2078300186,10593.3701183992,-4429.971443057)
(-8416.40160131851,4044.30809545924,-5740.23458125546)
(-5869.10585787783,1870.93528399413,-6427.09621154544)
(-2989.78398509799,748.318854315801,-6754.25583942216)
(0,0,0)
(0,0,0)
(0,0,0)
(0,0,0)
(0,0,0)
(0,0,0)
(-6770.36396790157,-806.821104650261,70.2140118913081)
(-6846.13593212816,-828.599384052976,193.365690386454)
(-7025.7690608654,-883.216239230796,503.741326968213)
(-7302.90912214462,-836.565524419907,1278.00016771374)
(-7963.02396779091,-579.794763529638,3421.40997003822)
(-10102.6076292938,-18.8529803903748,10344.6728983665)
(-18758.2514228608,97.1753758082178,-10943.4156213119)
(-11083.2952665236,592.934758210624,-7912.29810841353)
(-7060.49975188623,367.538503462121,-7602.42331792552)
(-3454.57651249871,161.08270174381,-7488.14565154741)
(0,0,0)
(0,0,0)
(0,0,0)
(0,0,0)
(0,0,0)
(0,0,0)
(-6360.94659213152,-1445.68730055883,93.079224373163)
(-6488.89608250237,-1495.80431885224,264.839114366616)
(-6734.91783984511,-1576.26799215541,673.821925448659)
(-7058.33088661345,-1636.47296621718,1625.27191119886)
(-7850.35659447846,-1671.67997370146,4033.51336730454)
(-10260.288940289,-1502.00879062171,10488.6080977824)
(-18666.7288155476,98.714891703782,-10448.3820238932)
(-11502.3811621496,-1155.27061033475,-8178.06857160799)
(-7363.89022382434,-1054.56883342525,-7886.64690069234)
(-3595.92795209158,-558.76589373929,-7668.2507200844)
(0,0,0)
(0,0,0)
(0,0,0)
(0,0,0)
(0,0,0)
(0,0,0)
(-5804.43163536179,-2309.60752043362,116.369315093137)
(-5938.75553225569,-2379.89523563745,291.812862430885)
(-6205.04917365983,-2516.32373846568,732.183720958596)
(-6567.45855666668,-2728.82747405942,1726.93391332587)
(-7392.74214705422,-3230.44678278663,4236.96560484312)
(-9975.53742968686,-4906.31283632059,12072.9537954984)
(-19840.6708715596,-13197.5305463929,-11736.6436517649)
(-11325.8069230893,-5831.02280016973,-8113.36017295977)
(-7017.32406793287,-3232.58631676966,-7448.15529051743)
(-3398.65036026851,-1460.93203331077,-7123.1140804192)
(0,0,0)
(0,0,0)
(0,0,0)
(0,0,0)
(0,0,0)
(0,0,0)
(-4958.44827777946,-3301.13548488075,104.789549030121)
(-5079.19775250601,-3386.23313772833,254.572186209477)
(-5317.88894577943,-3568.59276807235,615.562023607846)
(-5641.10713612143,-3875.9506754386,1332.45064078106)
(-6282.54098276416,-4464.87765727567,2581.63130675255)
(-7826.90762022995,-5714.08164161645,3782.93046389723)
(-10744.9787459909,-8240.96321264936,-4381.07367553557)
(-8170.2497904335,-5966.04260647989,-5504.51817885124)
(-5425.68750583057,-3827.2517140866,-5732.1800356422)
(-2713.14181134472,-1853.86907776832,-5723.60999754857)
(0,0,0)
(0,0,0)
(0,0,0)
(0,0,0)
(0,0,0)
(0,0,0)
(-3698.88447699019,-4212.9202982266,65.6314720961158)
(-3810.31291433681,-4313.9329483886,176.344312624066)
(-4003.48761327734,-4529.51417224966,419.259366705218)
(-4228.61104456825,-4891.8755607102,842.852575727989)
(-4633.38125848223,-5435.08870013142,1348.45508695507)
(-5436.18987049149,-6246.6352438889,1196.09553165522)
(-6405.07941650979,-7101.6501603664,-2156.10802637925)
(-5272.89407563966,-5804.45997315855,-3367.05824596099)
(-3655.13669181531,-3957.94582014244,-3797.87594082032)
(-1880.22312070346,-1997.68041170613,-3926.88214276151)
(0,0,0)
(0,0,0)
(0,0,0)
(0,0,0)
(0,0,0)
(0,0,0)
(-2005.87449916514,-4783.34187103519,42.2259625123899)
(-2062.33952260421,-4877.20103214964,92.5904528997114)
(-2174.58713120164,-5104.93478375713,197.478253875358)
(-2303.86650083138,-5500.42172506708,391.736232345614)
(-2493.36548951329,-5947.19573191196,545.673229990485)
(-2806.66096988495,-6435.99301962427,292.083097334073)
(-3059.16202424894,-6666.35139279626,-936.808575823287)
(-2606.55561881267,-5644.56367636126,-1600.89469751303)
(-1853.46741934582,-3977.49653349259,-1884.25987725953)
(-969.710488667236,-2049.12045773039,-1984.04349872084)
(0,0,0)
(0,0,0)
(0,0,0)
(0,0,0)
(0,0,0)
(0,0,0)
(0,0,0)
(0,0,0)
(0,0,0)
(0,0,0)
(0,0,0)
(0,0,0)
(0,0,0)
(0,0,0)
(0,0,0)
(0,0,0)
(0,0,0)
(0,0,0)
(0,0,0)
(0,0,0)
(0,0,0)
(0,0,0)
(0,0,0)
(0,0,0)
(0,0,0)
(0,0,0)
(0,0,0)
(0,0,0)
(0,0,0)
(0,0,0)
(0,0,0)
(0,0,0)
(0,0,0)
(0,0,0)
(0,0,0)
(0,0,0)
(0,0,0)
(0,0,0)
(0,0,0)
(0,0,0)
(0,0,0)
(0,0,0)
(0,0,0)
(0,0,0)
(0,0,0)
(0,0,0)
(0,0,0)
(0,0,0)
(0,0,0)
(0,0,0)
(0,0,0)
(0,0,0)
(0,0,0)
(0,0,0)
(0,0,0)
(0,0,0)
(0,0,0)
(0,0,0)
(0,0,0)
(0,0,0)
(0,0,0)
(0,0,0)
(0,0,0)
(0,0,0)
(0,0,0)
(0,0,0)
(0,0,0)
(0,0,0)
(0,0,0)
(0,0,0)
(0,0,0)
(0,0,0)
(0,0,0)
(0,0,0)
(0,0,0)
(0,0,0)
(0,0,0)
(0,0,0)
(0,0,0)
(0,0,0)
(0,0,0)
(0,0,0)
(0,0,0)
(0,0,0)
(0,0,0)
(0,0,0)
(0,0,0)
(0,0,0)
(0,0,0)
(0,0,0)
(0,0,0)
(0,0,0)
(0,0,0)
(0,0,0)
(0,0,0)
(0,0,0)
(0,0,0)
(0,0,0)
(0,0,0)
(0,0,0)
(0,0,0)
(0,0,0)
(-7192.86512120088,43.2846484251757,-47.1694806686651)
(-7134.27342257806,25.1934419578507,-103.050792578945)
(-6970.59627049233,1.7720608693876,-163.259056842436)
(-6863.32408821388,40.188088594702,-235.303522409685)
(-6707.91628644377,118.271018173571,-394.846611797815)
(-6505.8872158585,223.189194897019,-723.578424716356)
(-6042.90606177285,322.871809762482,-1237.97804056767)
(-5128.51595298528,294.454762253386,-1803.0671499251)
(-3774.21100959369,200.666752403826,-2286.58306992379)
(-2000.21072392516,97.1456227443462,-2555.01263989861)
(0,0,0)
(0,0,0)
(0,0,0)
(0,0,0)
(0,0,0)
(0,0,0)
(-7117.96546962084,26.2634811906125,-42.9765982998185)
(-7101.17755266326,8.56950356862858,-68.530576337252)
(-6999.795381485,-15.4550230956467,-108.07081469152)
(-6941.6726347785,66.1324808277648,-165.645430714841)
(-6890.64470139406,237.295144330302,-294.978017086538)
(-6787.50123710552,509.752707966884,-648.089646380177)
(-6466.05232735126,803.421372858924,-1281.1817005806)
(-5522.54242419016,694.445216496886,-1919.10854702898)
(-4046.32730749533,433.510840668388,-2411.42182039883)
(-2129.04954754535,194.266794346647,-2678.60133319086)
(0,0,0)
(0,0,0)
(0,0,0)
(0,0,0)
(0,0,0)
(0,0,0)
(-6984.90569922271,-83.9441813620077,-11.020291654032)
(-7017.88253313722,-86.7661370241501,6.59059595409614)
(-7002.50489484692,-91.0849027408686,12.1814010590124)
(-7070.0565113767,10.5343143803748,38.5554547851139)
(-7248.77430248127,297.004400360358,11.965660682739)
(-7448.72763314325,863.155454473633,-358.249378291322)
(-7436.21879887152,1609.67125058559,-1415.76208706113)
(-6400.56565399837,1218.59382551857,-2180.79668831171)
(-4651.17325424709,703.534463814401,-2673.86399074985)
(-2407.96328024547,308.550569832827,-2937.14612037906)
(0,0,0)
(0,0,0)
(0,0,0)
(0,0,0)
(0,0,0)
(0,0,0)
(-6869.0512669503,-230.104317298084,13.1874015011045)
(-6937.45642433781,-238.42275826622,70.4529773218544)
(-7050.12840906776,-242.711488209446,162.414036538423)
(-7289.80487632186,-141.423642639681,341.490372114117)
(-7755.69729745986,188.041248314149,578.598102481292)
(-8503.69626079368,981.866657326595,383.461008543555)
(-9211.68411512894,2471.25046914915,-1840.64192491256)
(-7760.92240524085,1423.4301081782,-2700.9574036499)
(-5483.31270343499,706.832293927238,-3090.04838820785)
(-2798.64516585518,296.304724251311,-3268.94136186742)
(0,0,0)
(0,0,0)
(0,0,0)
(0,0,0)
(0,0,0)
(0,0,0)
(-6604.17708570592,-437.200029461274,40.908829967477)
(-6707.52754253784,-459.053990536338,122.931672646305)
(-6950.30971539368,-488.85729990914,293.618138873678)
(-7359.48076071663,-457.443698397135,666.209833202009)
(-8155.79995923004,-322.654604954113,1369.68167790842)
(-9652.9951210226,-14.0873764723329,1916.02320343392)
(-11829.2613600792,304.594611403763,-2846.31100160825)
(-9341.94329775805,238.463740737935,-3402.69660292757)
(-6323.32071436622,93.7350374914121,-3526.77838401656)
(-3167.04763971186,35.2861720210988,-3553.28870457093)
(0,0,0)
(0,0,0)
(0,0,0)
(0,0,0)
(0,0,0)
(0,0,0)
(-6118.21295200997,-736.317528346925,56.3838587609197)
(-6267.54628949678,-781.965019140116,157.945094358165)
(-6601.70445581555,-846.555410300187,382.429820718731)
(-7082.47685479394,-892.833697886663,841.965788388039)
(-8051.75927477168,-959.229962880548,1679.94382661002)
(-9869.12784640743,-978.287853010659,2252.98320926257)
(-12339.3615969017,-868.344331168835,-2901.44506679765)
(-9768.30911677384,-816.22339097663,-3580.82998045664)
(-6573.43664272193,-617.01464752044,-3660.53387655162)
(-3283.87949148474,-320.127400602567,-3617.16876453798)
(0,0,0)
(0,0,0)
(0,0,0)
(0,0,0)
(0,0,0)
(0,0,0)
(-5487.24509903088,-1128.47834959877,74.9742849209636)
(-5641.26933647729,-1184.32077445991,179.843844462835)
(-6002.9279517615,-1288.03506263549,419.202274897259)
(-6495.36424433589,-1432.52982603029,886.804090711641)
(-7415.70545097745,-1737.79380815272,1688.33123990677)
(-9217.07735500998,-2381.17623076467,2332.75954298032)
(-11784.1245237826,-3710.4650732929,-2881.66606265335)
(-9194.90077896116,-2415.36315289843,-3413.43244486444)
(-6144.01098368963,-1478.53118385096,-3425.22899277418)
(-3082.07430587935,-707.75327012338,-3354.17917764291)
(0,0,0)
(0,0,0)
(0,0,0)
(0,0,0)
(0,0,0)
(0,0,0)
(-4578.86010659215,-1582.85569509679,74.7891743109708)
(-4722.7454744939,-1633.84244520022,167.858567039174)
(-5040.59623736556,-1753.14144533898,355.672241329188)
(-5457.96168051976,-1944.09144196148,684.088401659768)
(-6136.62826589619,-2282.70994601348,1083.091822654)
(-7279.77282745246,-2819.31507922175,974.095878331358)
(-8433.08162464606,-3442.16687810045,-1606.09943820202)
(-7012.28399043165,-2721.73862054721,-2457.68977054822)
(-4855.38236150207,-1819.03440211727,-2687.49169661415)
(-2483.74882500573,-907.487392898376,-2717.15056017761)
(0,0,0)
(0,0,0)
(0,0,0)
(0,0,0)
(0,0,0)
(0,0,0)
(-3332.16006773413,-1992.57569741911,42.995593064887)
(-3469.71856741264,-2036.66957017856,105.228371119225)
(-3710.661909425,-2164.25382575177,223.515047679452)
(-3991.60341327954,-2369.67061177003,412.086586199102)
(-4405.83585513309,-2659.8988777678,561.730114603717)
(-4996.13518027991,-2999.39775927594,301.758104444766)
(-5418.86754406846,-3220.35607571066,-906.264570388034)
(-4644.38553083433,-2718.48373516744,-1538.02800057543)
(-3319.41443902617,-1894.15334356555,-1798.63131191866)
(-1735.95373153079,-974.094059046229,-1876.29403494399)
(0,0,0)
(0,0,0)
(0,0,0)
(0,0,0)
(0,0,0)
(0,0,0)
(-1778.94790721076,-2243.16813615872,23.6658467845975)
(-1850.07231418464,-2273.92789751918,48.6569657060635)
(-1983.71316354499,-2401.07734124012,94.60651353754)
(-2140.41269704937,-2622.25272862367,183.734826609533)
(-2345.82605321956,-2852.27264933437,228.56916188247)
(-2592.67529910002,-3041.06791871562,56.2536505388907)
(-2700.76135697658,-3086.77177851265,-435.731313931582)
(-2357.46806769709,-2645.37899844687,-757.92360176853)
(-1712.45452997491,-1886.51176921324,-906.578065491054)
(-913.067767750949,-986.885866095259,-950.428979358523)
(0,0,0)
(0,0,0)
(0,0,0)
(0,0,0)
(0,0,0)
(0,0,0)
(0,0,0)
(0,0,0)
(0,0,0)
(0,0,0)
(0,0,0)
(0,0,0)
(0,0,0)
(0,0,0)
(0,0,0)
(0,0,0)
(0,0,0)
(0,0,0)
(0,0,0)
(0,0,0)
(0,0,0)
(0,0,0)
(0,0,0)
(0,0,0)
(0,0,0)
(0,0,0)
(0,0,0)
(0,0,0)
(0,0,0)
(0,0,0)
(0,0,0)
(0,0,0)
(0,0,0)
(0,0,0)
(0,0,0)
(0,0,0)
(0,0,0)
(0,0,0)
(0,0,0)
(0,0,0)
(0,0,0)
(0,0,0)
(0,0,0)
(0,0,0)
(0,0,0)
(0,0,0)
(0,0,0)
(0,0,0)
(0,0,0)
(0,0,0)
(0,0,0)
(0,0,0)
(0,0,0)
(0,0,0)
(0,0,0)
(0,0,0)
(0,0,0)
(0,0,0)
(0,0,0)
(0,0,0)
(0,0,0)
(0,0,0)
(0,0,0)
(0,0,0)
(0,0,0)
(0,0,0)
(0,0,0)
(0,0,0)
(0,0,0)
(0,0,0)
(0,0,0)
(0,0,0)
(0,0,0)
(0,0,0)
(0,0,0)
(0,0,0)
(0,0,0)
(0,0,0)
(0,0,0)
(0,0,0)
(0,0,0)
(0,0,0)
(0,0,0)
(0,0,0)
(0,0,0)
(0,0,0)
(0,0,0)
(0,0,0)
(0,0,0)
(0,0,0)
(0,0,0)
(0,0,0)
(0,0,0)
(0,0,0)
(0,0,0)
(0,0,0)
(0,0,0)
(0,0,0)
(0,0,0)
(0,0,0)
(0,0,0)
(0,0,0)
(0,0,0)
(0,0,0)
(0,0,0)
(0,0,0)
(0,0,0)
(0,0,0)
(0,0,0)
(0,0,0)
(0,0,0)
(0,0,0)
(0,0,0)
(0,0,0)
(0,0,0)
(0,0,0)
(0,0,0)
(0,0,0)
(0,0,0)
(0,0,0)
(0,0,0)
(0,0,0)
(0,0,0)
(0,0,0)
(0,0,0)
(0,0,0)
(0,0,0)
(0,0,0)
(0,0,0)
(0,0,0)
(0,0,0)
(0,0,0)
(0,0,0)
(0,0,0)
(0,0,0)
(0,0,0)
(0,0,0)
(0,0,0)
(0,0,0)
(0,0,0)
(0,0,0)
(0,0,0)
(0,0,0)
(0,0,0)
(0,0,0)
(0,0,0)
(0,0,0)
(0,0,0)
(0,0,0)
(0,0,0)
(0,0,0)
(0,0,0)
(0,0,0)
(0,0,0)
(0,0,0)
(0,0,0)
(0,0,0)
(0,0,0)
(0,0,0)
(0,0,0)
(0,0,0)
(0,0,0)
(0,0,0)
(0,0,0)
(0,0,0)
(0,0,0)
(0,0,0)
(0,0,0)
(0,0,0)
(0,0,0)
(0,0,0)
(0,0,0)
(0,0,0)
(0,0,0)
(0,0,0)
(0,0,0)
(0,0,0)
(0,0,0)
(0,0,0)
(0,0,0)
(0,0,0)
(0,0,0)
(0,0,0)
(0,0,0)
(0,0,0)
(0,0,0)
(0,0,0)
(0,0,0)
(0,0,0)
(0,0,0)
(0,0,0)
(0,0,0)
(0,0,0)
(0,0,0)
(0,0,0)
(0,0,0)
(0,0,0)
(0,0,0)
(0,0,0)
(0,0,0)
(0,0,0)
(0,0,0)
(0,0,0)
(0,0,0)
(0,0,0)
(0,0,0)
(0,0,0)
(0,0,0)
(0,0,0)
(0,0,0)
(0,0,0)
(0,0,0)
(0,0,0)
(0,0,0)
(0,0,0)
(0,0,0)
(0,0,0)
(0,0,0)
(0,0,0)
(0,0,0)
(0,0,0)
(0,0,0)
(0,0,0)
(0,0,0)
(0,0,0)
(0,0,0)
(0,0,0)
(0,0,0)
(0,0,0)
(0,0,0)
(0,0,0)
(0,0,0)
(0,0,0)
(0,0,0)
(0,0,0)
(0,0,0)
(0,0,0)
(0,0,0)
(0,0,0)
(0,0,0)
(0,0,0)
(0,0,0)
(0,0,0)
(0,0,0)
(0,0,0)
(0,0,0)
(0,0,0)
(0,0,0)
(0,0,0)
(0,0,0)
(0,0,0)
(0,0,0)
(0,0,0)
(0,0,0)
(0,0,0)
(0,0,0)
(0,0,0)
(0,0,0)
(0,0,0)
(0,0,0)
(0,0,0)
(0,0,0)
(0,0,0)
(0,0,0)
(0,0,0)
(0,0,0)
(0,0,0)
(0,0,0)
(0,0,0)
(0,0,0)
(0,0,0)
(0,0,0)
(0,0,0)
(0,0,0)
(0,0,0)
(0,0,0)
(0,0,0)
(0,0,0)
(0,0,0)
(0,0,0)
(0,0,0)
(0,0,0)
(0,0,0)
(0,0,0)
(0,0,0)
(0,0,0)
(0,0,0)
(0,0,0)
(0,0,0)
(0,0,0)
(0,0,0)
(0,0,0)
(0,0,0)
(0,0,0)
(0,0,0)
(0,0,0)
(0,0,0)
(0,0,0)
(0,0,0)
(0,0,0)
(0,0,0)
(0,0,0)
(0,0,0)
(0,0,0)
(0,0,0)
(0,0,0)
(0,0,0)
(0,0,0)
(0,0,0)
(0,0,0)
(0,0,0)
(0,0,0)
(0,0,0)
(0,0,0)
(0,0,0)
(0,0,0)
(0,0,0)
(0,0,0)
(0,0,0)
(0,0,0)
(0,0,0)
(0,0,0)
(0,0,0)
(0,0,0)
(0,0,0)
(0,0,0)
(0,0,0)
(0,0,0)
(0,0,0)
(0,0,0)
(0,0,0)
(0,0,0)
(0,0,0)
(0,0,0)
(0,0,0)
(0,0,0)
(0,0,0)
(0,0,0)
(0,0,0)
(0,0,0)
(0,0,0)
(0,0,0)
(0,0,0)
(0,0,0)
(0,0,0)
(0,0,0)
(0,0,0)
(0,0,0)
(0,0,0)
(0,0,0)
(0,0,0)
(0,0,0)
(0,0,0)
(0,0,0)
(0,0,0)
(0,0,0)
(0,0,0)
(0,0,0)
(0,0,0)
(0,0,0)
(0,0,0)
(0,0,0)
(0,0,0)
(0,0,0)
(0,0,0)
(0,0,0)
(0,0,0)
(0,0,0)
(0,0,0)
(0,0,0)
(0,0,0)
(0,0,0)
(0,0,0)
(0,0,0)
(0,0,0)
(0,0,0)
(0,0,0)
(0,0,0)
(0,0,0)
(0,0,0)
(0,0,0)
(0,0,0)
(0,0,0)
(0,0,0)
(0,0,0)
(0,0,0)
(0,0,0)
(0,0,0)
(0,0,0)
(0,0,0)
(0,0,0)
(0,0,0)
(0,0,0)
(0,0,0)
(0,0,0)
(0,0,0)
(0,0,0)
(0,0,0)
(0,0,0)
(0,0,0)
(0,0,0)
(0,0,0)
(0,0,0)
(0,0,0)
(0,0,0)
(0,0,0)
(0,0,0)
(0,0,0)
(0,0,0)
(0,0,0)
(0,0,0)
(0,0,0)
(0,0,0)
(0,0,0)
(0,0,0)
(0,0,0)
(0,0,0)
(0,0,0)
(0,0,0)
(0,0,0)
(0,0,0)
(0,0,0)
(0,0,0)
(0,0,0)
(0,0,0)
(0,0,0)
(0,0,0)
(0,0,0)
(0,0,0)
(0,0,0)
(0,0,0)
(0,0,0)
(0,0,0)
(0,0,0)
(0,0,0)
(0,0,0)
(0,0,0)
(0,0,0)
(0,0,0)
(0,0,0)
(0,0,0)
(0,0,0)
(0,0,0)
(0,0,0)
(0,0,0)
(0,0,0)
(0,0,0)
(0,0,0)
(0,0,0)
(0,0,0)
(0,0,0)
(0,0,0)
(0,0,0)
(0,0,0)
(0,0,0)
(0,0,0)
(0,0,0)
(0,0,0)
(0,0,0)
(0,0,0)
(0,0,0)
(0,0,0)
(0,0,0)
(0,0,0)
(0,0,0)
(0,0,0)
(0,0,0)
(0,0,0)
(0,0,0)
(0,0,0)
(0,0,0)
(0,0,0)
(0,0,0)
(0,0,0)
(0,0,0)
(0,0,0)
(0,0,0)
(0,0,0)
(0,0,0)
(0,0,0)
(0,0,0)
(0,0,0)
(0,0,0)
(0,0,0)
(0,0,0)
(0,0,0)
(0,0,0)
(0,0,0)
(0,0,0)
(0,0,0)
(0,0,0)
(0,0,0)
(0,0,0)
(0,0,0)
(0,0,0)
(0,0,0)
(0,0,0)
(0,0,0)
(0,0,0)
(0,0,0)
(0,0,0)
(0,0,0)
(0,0,0)
(0,0,0)
(0,0,0)
(0,0,0)
(0,0,0)
(0,0,0)
(0,0,0)
(0,0,0)
(0,0,0)
(0,0,0)
(0,0,0)
(0,0,0)
(0,0,0)
(0,0,0)
(0,0,0)
(0,0,0)
(0,0,0)
(0,0,0)
(0,0,0)
(0,0,0)
(0,0,0)
(0,0,0)
(0,0,0)
(0,0,0)
(0,0,0)
(0,0,0)
(0,0,0)
(0,0,0)
(0,0,0)
(0,0,0)
(0,0,0)
(0,0,0)
(0,0,0)
(0,0,0)
(0,0,0)
(0,0,0)
(0,0,0)
(0,0,0)
(0,0,0)
(0,0,0)
(0,0,0)
(0,0,0)
(0,0,0)
(0,0,0)
(0,0,0)
(0,0,0)
(0,0,0)
(0,0,0)
(0,0,0)
(0,0,0)
(0,0,0)
(0,0,0)
(0,0,0)
(0,0,0)
(0,0,0)
(0,0,0)
(0,0,0)
(0,0,0)
(0,0,0)
(0,0,0)
(0,0,0)
(0,0,0)
(0,0,0)
(0,0,0)
(0,0,0)
(0,0,0)
(0,0,0)
(0,0,0)
(0,0,0)
(0,0,0)
(0,0,0)
(0,0,0)
(0,0,0)
(0,0,0)
(0,0,0)
(0,0,0)
(0,0,0)
(0,0,0)
(0,0,0)
(0,0,0)
(0,0,0)
(0,0,0)
(0,0,0)
(0,0,0)
(0,0,0)
(0,0,0)
(0,0,0)
(0,0,0)
(0,0,0)
(0,0,0)
(0,0,0)
(0,0,0)
(0,0,0)
(0,0,0)
(0,0,0)
(0,0,0)
(0,0,0)
(0,0,0)
(0,0,0)
(0,0,0)
(0,0,0)
(0,0,0)
(0,0,0)
(0,0,0)
(0,0,0)
(0,0,0)
(0,0,0)
(0,0,0)
(0,0,0)
(0,0,0)
(0,0,0)
(0,0,0)
(0,0,0)
(0,0,0)
(0,0,0)
(0,0,0)
(0,0,0)
(0,0,0)
(0,0,0)
(0,0,0)
(0,0,0)
(0,0,0)
(0,0,0)
(0,0,0)
(0,0,0)
(0,0,0)
(0,0,0)
(0,0,0)
(0,0,0)
(0,0,0)
(0,0,0)
(0,0,0)
(0,0,0)
(0,0,0)
(0,0,0)
(0,0,0)
(0,0,0)
(0,0,0)
(0,0,0)
(0,0,0)
(0,0,0)
(0,0,0)
(0,0,0)
(0,0,0)
(0,0,0)
(0,0,0)
(0,0,0)
(0,0,0)
(0,0,0)
(0,0,0)
(0,0,0)
(0,0,0)
(0,0,0)
(0,0,0)
(0,0,0)
(0,0,0)
(0,0,0)
(0,0,0)
(0,0,0)
(0,0,0)
(0,0,0)
(0,0,0)
(0,0,0)
(0,0,0)
(0,0,0)
(0,0,0)
(0,0,0)
(0,0,0)
(0,0,0)
(0,0,0)
(0,0,0)
(0,0,0)
(0,0,0)
(0,0,0)
(0,0,0)
(0,0,0)
(0,0,0)
(0,0,0)
(0,0,0)
(0,0,0)
(0,0,0)
(0,0,0)
(0,0,0)
(0,0,0)
(0,0,0)
(0,0,0)
(0,0,0)
(0,0,0)
(0,0,0)
(0,0,0)
(0,0,0)
(0,0,0)
(0,0,0)
(0,0,0)
(0,0,0)
(0,0,0)
(0,0,0)
(0,0,0)
(0,0,0)
(0,0,0)
(0,0,0)
(0,0,0)
(0,0,0)
(0,0,0)
(0,0,0)
(0,0,0)
(0,0,0)
(0,0,0)
(0,0,0)
(0,0,0)
(0,0,0)
(0,0,0)
(0,0,0)
(0,0,0)
(0,0,0)
(0,0,0)
(0,0,0)
(0,0,0)
(0,0,0)
(0,0,0)
(0,0,0)
(0,0,0)
(0,0,0)
(0,0,0)
(0,0,0)
(0,0,0)
(0,0,0)
(0,0,0)
(0,0,0)
(0,0,0)
(0,0,0)
(0,0,0)
(0,0,0)
(0,0,0)
(0,0,0)
(0,0,0)
(0,0,0)
(0,0,0)
(0,0,0)
(0,0,0)
(0,0,0)
(0,0,0)
(0,0,0)
(0,0,0)
(0,0,0)
(0,0,0)
(0,0,0)
(0,0,0)
(0,0,0)
(0,0,0)
(0,0,0)
(0,0,0)
(0,0,0)
(0,0,0)
(0,0,0)
(0,0,0)
(0,0,0)
(0,0,0)
(0,0,0)
(0,0,0)
(0,0,0)
(0,0,0)
(0,0,0)
(0,0,0)
(0,0,0)
(0,0,0)
(0,0,0)
(0,0,0)
(0,0,0)
(0,0,0)
(0,0,0)
(0,0,0)
(0,0,0)
(0,0,0)
(0,0,0)
(0,0,0)
(0,0,0)
(0,0,0)
(0,0,0)
(0,0,0)
(0,0,0)
(0,0,0)
(0,0,0)
(0,0,0)
(0,0,0)
(0,0,0)
(0,0,0)
(0,0,0)
(0,0,0)
(0,0,0)
(0,0,0)
(0,0,0)
(0,0,0)
(0,0,0)
(0,0,0)
(0,0,0)
(0,0,0)
(0,0,0)
(0,0,0)
(0,0,0)
(0,0,0)
(0,0,0)
(0,0,0)
(0,0,0)
(0,0,0)
(0,0,0)
(0,0,0)
(0,0,0)
(0,0,0)
(0,0,0)
(0,0,0)
(0,0,0)
(0,0,0)
(0,0,0)
(0,0,0)
(0,0,0)
(0,0,0)
