(0,0,0)
(0,0,0)
(0,0,0)
(0,0,0)
(0,0,0)
(0,0,0)
(0,0,0)
(0,0,0)
(0,0,0)
(0,0,0)
(0,0,0)
(0,0,0)
(0,0,0)
(0,0,0)
(0,0,0)
(0,0,0)
(0,0,0)
(0,0,0)
(0,0,0)
(0,0,0)
(0,0,0)
(0,0,0)
(0,0,0)
(0,0,0)
(0,0,0)
(0,0,0)
(0,0,0)
(0,0,0)
(0,0,0)
(0,0,0)
(0,0,0)
(0,0,0)
(0,0,0)
(0,0,0)
(0,0,0)
(0,0,0)
(0,0,0)
(0,0,0)
(0,0,0)
(0,0,0)
(0,0,0)
(0,0,0)
(0,0,0)
(0,0,0)
(0,0,0)
(0,0,0)
(0,0,0)
(0,0,0)
(0,0,0)
(0,0,0)
(0,0,0)
(0,0,0)
(0,0,0)
(0,0,0)
(0,0,0)
(0,0,0)
(0,0,0)
(0,0,0)
(0,0,0)
(0,0,0)
(0,0,0)
(0,0,0)
(0,0,0)
(0,0,0)
(0,0,0)
(0,0,0)
(0,0,0)
(0,0,0)
(0,0,0)
(0,0,0)
(0,0,0)
(0,0,0)
(0,0,0)
(0,0,0)
(0,0,0)
(0,0,0)
(0,0,0)
(0,0,0)
(0,0,0)
(0,0,0)
(0,0,0)
(0,0,0)
(0,0,0)
(0,0,0)
(0,0,0)
(0,0,0)
(0,0,0)
(0,0,0)
(0,0,0)
(0,0,0)
(0,0,0)
(0,0,0)
(0,0,0)
(0,0,0)
(0,0,0)
(0,0,0)
(0,0,0)
(0,0,0)
(0,0,0)
(0,0,0)
(0,0,0)
(0,0,0)
(0,0,0)
(0,0,0)
(0,0,0)
(0,0,0)
(0,0,0)
(0,0,0)
(0,0,0)
(0,0,0)
(0,0,0)
(0,0,0)
(0,0,0)
(0,0,0)
(0,0,0)
(0,0,0)
(0,0,0)
(0,0,0)
(0,0,0)
(0,0,0)
(0,0,0)
(0,0,0)
(0,0,0)
(0,0,0)
(0,0,0)
(0,0,0)
(0,0,0)
(0,0,0)
(0,0,0)
(0,0,0)
(0,0,0)
(0,0,0)
(0,0,0)
(0,0,0)
(0,0,0)
(0,0,0)
(0,0,0)
(0,0,0)
(0,0,0)
(0,0,0)
(0,0,0)
(0,0,0)
(0,0,0)
(0,0,0)
(0,0,0)
(0,0,0)
(0,0,0)
(0,0,0)
(0,0,0)
(0,0,0)
(0,0,0)
(0,0,0)
(0,0,0)
(0,0,0)
(0,0,0)
(0,0,0)
(0,0,0)
(0,0,0)
(0,0,0)
(0,0,0)
(0,0,0)
(0,0,0)
(0,0,0)
(0,0,0)
(0,0,0)
(0,0,0)
(0,0,0)
(0,0,0)
(0,0,0)
(0,0,0)
(0,0,0)
(0,0,0)
(0,0,0)
(0,0,0)
(0,0,0)
(0,0,0)
(0,0,0)
(0,0,0)
(0,0,0)
(0,0,0)
(0,0,0)
(0,0,0)
(0,0,0)
(0,0,0)
(0,0,0)
(0,0,0)
(0,0,0)
(0,0,0)
(0,0,0)
(0,0,0)
(0,0,0)
(0,0,0)
(0,0,0)
(0,0,0)
(0,0,0)
(0,0,0)
(0,0,0)
(0,0,0)
(0,0,0)
(0,0,0)
(0,0,0)
(0,0,0)
(0,0,0)
(0,0,0)
(0,0,0)
(0,0,0)
(0,0,0)
(0,0,0)
(0,0,0)
(0,0,0)
(0,0,0)
(0,0,0)
(0,0,0)
(0,0,0)
(0,0,0)
(0,0,0)
(0,0,0)
(0,0,0)
(0,0,0)
(0,0,0)
(0,0,0)
(0,0,0)
(0,0,0)
(0,0,0)
(0,0,0)
(0,0,0)
(0,0,0)
(0,0,0)
(0,0,0)
(0,0,0)
(0,0,0)
(0,0,0)
(0,0,0)
(0,0,0)
(0,0,0)
(0,0,0)
(0,0,0)
(0,0,0)
(0,0,0)
(0,0,0)
(0,0,0)
(0,0,0)
(0,0,0)
(0,0,0)
(0,0,0)
(0,0,0)
(0,0,0)
(0,0,0)
(0,0,0)
(0,0,0)
(0,0,0)
(0,0,0)
(0,0,0)
(0,0,0)
(0,0,0)
(0,0,0)
(0,0,0)
(0,0,0)
(0,0,0)
(0,0,0)
(0,0,0)
(0,0,0)
(0,0,0)
(0,0,0)
(0,0,0)
(0,0,0)
(0,0,0)
(0,0,0)
(0,0,0)
(0,0,0)
(0,0,0)
(0,0,0)
(0,0,0)
(0,0,0)
(0,0,0)
(0,0,0)
(0,0,0)
(0,0,0)
(0,0,0)
(0,0,0)
(0,0,0)
(0,0,0)
(0,0,0)
(0,0,0)
(0,0,0)
(0,0,0)
(0,0,0)
(0,0,0)
(0,0,0)
(0,0,0)
(0,0,0)
(0,0,0)
(0,0,0)
(0,0,0)
(0,0,0)
(0,0,0)
(0,0,0)
(0,0,0)
(0,0,0)
(0,0,0)
(0,0,0)
(0,0,0)
(0,0,0)
(0,0,0)
(0,0,0)
(0,0,0)
(0,0,0)
(0,0,0)
(0,0,0)
(0,0,0)
(0,0,0)
(0,0,0)
(0,0,0)
(0,0,0)
(0,0,0)
(0,0,0)
(0,0,0)
(0,0,0)
(0,0,0)
(0,0,0)
(0,0,0)
(0,0,0)
(0,0,0)
(0,0,0)
(0,0,0)
(0,0,0)
(0,0,0)
(0,0,0)
(0,0,0)
(0,0,0)
(0,0,0)
(0,0,0)
(0,0,0)
(0,0,0)
(0,0,0)
(0,0,0)
(0,0,0)
(0,0,0)
(0,0,0)
(0,0,0)
(0,0,0)
(0,0,0)
(0,0,0)
(0,0,0)
(0,0,0)
(0,0,0)
(0,0,0)
(0,0,0)
(0,0,0)
(0,0,0)
(0,0,0)
(0,0,0)
(0,0,0)
(0,0,0)
(0,0,0)
(0,0,0)
(0,0,0)
(0,0,0)
(0,0,0)
(0,0,0)
(0,0,0)
(0,0,0)
(0,0,0)
(0,0,0)
(0,0,0)
(0,0,0)
(0,0,0)
(0,0,0)
(0,0,0)
(0,0,0)
(0,0,0)
(0,0,0)
(0,0,0)
(0,0,0)
(0,0,0)
(0,0,0)
(0,0,0)
(0,0,0)
(0,0,0)
(0,0,0)
(0,0,0)
(0,0,0)
(0,0,0)
(0,0,0)
(0,0,0)
(0,0,0)
(0,0,0)
(0,0,0)
(0,0,0)
(0,0,0)
(0,0,0)
(0,0,0)
(0,0,0)
(0,0,0)
(0,0,0)
(0,0,0)
(0,0,0)
(0,0,0)
(0,0,0)
(0,0,0)
(0,0,0)
(0,0,0)
(0,0,0)
(0,0,0)
(0,0,0)
(0,0,0)
(0,0,0)
(0,0,0)
(0,0,0)
(0,0,0)
(0,0,0)
(0,0,0)
(0,0,0)
(0,0,0)
(0,0,0)
(0,0,0)
(0,0,0)
(0,0,0)
(0,0,0)
(0,0,0)
(0,0,0)
(0,0,0)
(0,0,0)
(0,0,0)
(0,0,0)
(0,0,0)
(0,0,0)
(0,0,0)
(0,0,0)
(0,0,0)
(0,0,0)
(0,0,0)
(0,0,0)
(0,0,0)
(0,0,0)
(0,0,0)
(0,0,0)
(0,0,0)
(0,0,0)
(0,0,0)
(0,0,0)
(0,0,0)
(0,0,0)
(0,0,0)
(0,0,0)
(0,0,0)
(0,0,0)
(0,0,0)
(0,0,0)
(0,0,0)
(0,0,0)
(0,0,0)
(0,0,0)
(0,0,0)
(0,0,0)
(0,0,0)
(0,0,0)
(0,0,0)
(0,0,0)
(0,0,0)
(0,0,0)
(0,0,0)
(0,0,0)
(0,0,0)
(0,0,0)
(0,0,0)
(0,0,0)
(0,0,0)
(0,0,0)
(0,0,0)
(0,0,0)
(0,0,0)
(0,0,0)
(0,0,0)
(0,0,0)
(0,0,0)
(0,0,0)
(0,0,0)
(0,0,0)
(0,0,0)
(0,0,0)
(0,0,0)
(0,0,0)
(0,0,0)
(0,0,0)
(0,0,0)
(0,0,0)
(0,0,0)
(0,0,0)
(0,0,0)
(0,0,0)
(0,0,0)
(0,0,0)
(0,0,0)
(0,0,0)
(0,0,0)
(0,0,0)
(0,0,0)
(0,0,0)
(0,0,0)
(0,0,0)
(0,0,0)
(0,0,0)
(0,0,0)
(0,0,0)
(0,0,0)
(0,0,0)
(0,0,0)
(0,0,0)
(0,0,0)
(0,0,0)
(0,0,0)
(0,0,0)
(0,0,0)
(0,0,0)
(0,0,0)
(0,0,0)
(0,0,0)
(0,0,0)
(0,0,0)
(0,0,0)
(0,0,0)
(0,0,0)
(0,0,0)
(0,0,0)
(0,0,0)
(0,0,0)
(0,0,0)
(0,0,0)
(0,0,0)
(0,0,0)
(0,0,0)
(0,0,0)
(0,0,0)
(0,0,0)
(0,0,0)
(0,0,0)
(0,0,0)
(0,0,0)
(0,0,0)
(0,0,0)
(0,0,0)
(0,0,0)
(0,0,0)
(0,0,0)
(0,0,0)
(0,0,0)
(0,0,0)
(0,0,0)
(0,0,0)
(0,0,0)
(0,0,0)
(0,0,0)
(0,0,0)
(0,0,0)
(0,0,0)
(0,0,0)
(0,0,0)
(0,0,0)
(0,0,0)
(0,0,0)
(0,0,0)
(0,0,0)
(0,0,0)
(0,0,0)
(0,0,0)
(0,0,0)
(0,0,0)
(0,0,0)
(0,0,0)
(0,0,0)
(0,0,0)
(0,0,0)
(0,0,0)
(0,0,0)
(0,0,0)
(0,0,0)
(0,0,0)
(0,0,0)
(0,0,0)
(0,0,0)
(0,0,0)
(0,0,0)
(0,0,0)
(0,0,0)
(0,0,0)
(0,0,0)
(0,0,0)
(0,0,0)
(0,0,0)
(0,0,0)
(0,0,0)
(0,0,0)
(0,0,0)
(0,0,0)
(0,0,0)
(0,0,0)
(0,0,0)
(0,0,0)
(0,0,0)
(0,0,0)
(0,0,0)
(0,0,0)
(0,0,0)
(0,0,0)
(0,0,0)
(0,0,0)
(0,0,0)
(0,0,0)
(0,0,0)
(0,0,0)
(0,0,0)
(0,0,0)
(0,0,0)
(0,0,0)
(0,0,0)
(0,0,0)
(0,0,0)
(0,0,0)
(0,0,0)
(0,0,0)
(0,0,0)
(0,0,0)
(0,0,0)
(0,0,0)
(0,0,0)
(0,0,0)
(0,0,0)
(0,0,0)
(0,0,0)
(0,0,0)
(0,0,0)
(0,0,0)
(0,0,0)
(0,0,0)
(0,0,0)
(0,0,0)
(0,0,0)
(0,0,0)
(0,0,0)
(0,0,0)
(0,0,0)
(0,0,0)
(0,0,0)
(0,0,0)
(0,0,0)
(0,0,0)
(0,0,0)
(0,0,0)
(0,0,0)
(0,0,0)
(0,0,0)
(0,0,0)
(0,0,0)
(0,0,0)
(0,0,0)
(0,0,0)
(0,0,0)
(0,0,0)
(0,0,0)
(0,0,0)
(0,0,0)
(0,0,0)
(0,0,0)
(0,0,0)
(0,0,0)
(0,0,0)
(0,0,0)
(0,0,0)
(0,0,0)
(0,0,0)
(0,0,0)
(0,0,0)
(0,0,0)
(0,0,0)
(0,0,0)
(0,0,0)
(0,0,0)
(0,0,0)
(0,0,0)
(0,0,0)
(0,0,0)
(0,0,0)
(0,0,0)
(0,0,0)
(0,0,0)
(0,0,0)
(0,0,0)
(0,0,0)
(0,0,0)
(0,0,0)
(0,0,0)
(0,0,0)
(0,0,0)
(0,0,0)
(0,0,0)
(0,0,0)
(0,0,0)
(0,0,0)
(0,0,0)
(0,0,0)
(0,0,0)
(0,0,0)
(0,0,0)
(0,0,0)
(0,0,0)
(0,0,0)
(0,0,0)
(0,0,0)
(0,0,0)
(0,0,0)
(0,0,0)
(0,0,0)
(0,0,0)
(0,0,0)
(0,0,0)
(0,0,0)
(0,0,0)
(0,0,0)
(0,0,0)
(0,0,0)
(0,0,0)
(0,0,0)
(0,0,0)
(0,0,0)
(0,0,0)
(0,0,0)
(0,0,0)
(0,0,0)
(0,0,0)
(0,0,0)
(0,0,0)
(0,0,0)
(0,0,0)
(0,0,0)
(0,0,0)
(0,0,0)
(0,0,0)
(0,0,0)
(0,0,0)
(0,0,0)
(0,0,0)
(0,0,0)
(0,0,0)
(0,0,0)
(0,0,0)
(0,0,0)
(0,0,0)
(0,0,0)
(0,0,0)
(0,0,0)
(0,0,0)
(0,0,0)
(0,0,0)
(0,0,0)
(0,0,0)
(0,0,0)
(0,0,0)
(0,0,0)
(0,0,0)
(0,0,0)
(0,0,0)
(0,0,0)
(0,0,0)
(0,0,0)
(0,0,0)
(0,0,0)
(0,0,0)
(0,0,0)
(0,0,0)
(0,0,0)
(0,0,0)
(0,0,0)
(0,0,0)
(0,0,0)
(0,0,0)
(0,0,0)
(0,0,0)
(0,0,0)
(0,0,0)
(0,0,0)
(0,0,0)
(0,0,0)
(0,0,0)
(0,0,0)
(0,0,0)
(0,0,0)
(0,0,0)
(0,0,0)
(0,0,0)
(0,0,0)
(0,0,0)
(0,0,0)
(0,0,0)
(0,0,0)
(0,0,0)
(0,0,0)
(0,0,0)
(0,0,0)
(0,0,0)
(0,0,0)
(0,0,0)
(0,0,0)
(0,0,0)
(0,0,0)
(0,0,0)
(0,0,0)
(0,0,0)
(0,0,0)
(0,0,0)
(0,0,0)
(0,0,0)
(0,0,0)
(0,0,0)
(0,0,0)
(0,0,0)
(0,0,0)
(0,0,0)
(0,0,0)
(-123468.454351118,65499.9515527251,57968.5027983918)
(-130591.944606973,62850.4112160089,125710.036189354)
(-147026.239007193,57231.2466350387,215505.028561504)
(-178162.960561051,48369.3825264029,345298.606596165)
(-234357.484870721,36410.5022805614,543245.589186319)
(-335240.468335298,22666.0364561577,855820.021065465)
(-517891.334996522,10199.0022911436,1363512.35377087)
(-848061.028440478,2634.38222519988,2208938.99998615)
(-1398959.26344698,118.848831683353,3607779.41460142)
(-1949305.25257447,-146.376464589572,5557231.04364053)
(0,0,0)
(0,0,0)
(0,0,0)
(0,0,0)
(0,0,0)
(0,0,0)
(-130581.541264583,140831.661144715,55249.8316725928)
(-137779.512800367,135831.946479935,120047.809209034)
(-154503.620574419,125157.548877491,206625.127541)
(-186389.979524702,108082.987265089,333301.502327016)
(-244149.22851266,84441.1643821763,529420.068738058)
(-347445.550344713,56306.2394012847,843225.416137634)
(-532105.08844395,29774.6480842062,1355754.85878851)
(-860975.232205673,13043.4234636359,2206321.0497557)
(-1407527.72596811,6441.22001478638,3607526.40454079)
(-1953299.99537688,3279.39237083499,5557400.63108209)
(0,0,0)
(0,0,0)
(0,0,0)
(0,0,0)
(0,0,0)
(0,0,0)
(-146872.778662131,237626.496921036,50077.9428858098)
(-154219.291685734,230914.768104702,109214.412946781)
(-171513.035125266,216459.878842227,189425.118107317)
(-204995.549708522,192897.956316882,309605.698764046)
(-266427.388768255,159219.271608159,501254.980306305)
(-376095.295986836,117096.609429167,816559.906265265)
(-567069.594048179,74548.1152362517,1338856.03316142)
(-893131.800035736,45372.6374647189,2199658.61919604)
(-1428222.9692948,29963.8041262001,3604359.00437944)
(-1962688.6326512,16246.8777410535,5554080.1516605)
(0,0,0)
(0,0,0)
(0,0,0)
(0,0,0)
(0,0,0)
(0,0,0)
(-177340.455722151,371807.051872481,43159.9007707058)
(-184786.253442945,364298.405228469,94562.5170898876)
(-202760.31543171,348089.482106844,165693.229256972)
(-238537.65698443,321306.360398281,275822.482159989)
(-306027.59979047,282001.612894099,459067.740664539)
(-427971.405317932,230295.470337195,773840.285074437)
(-634077.188386127,172956.082613418,1309509.50608337)
(-955415.817448928,126170.63222345,2184127.32877354)
(-1466198.75384924,89702.1798121618,3590587.70693676)
(-1979252.5842186,48278.580765892,5537808.58813078)
(0,0,0)
(0,0,0)
(0,0,0)
(0,0,0)
(0,0,0)
(0,0,0)
(-231884.742826114,568216.22674075,35475.5679578363)
(-239295.948210565,560855.745136672,78214.1762601916)
(-257619.868284066,545089.488126179,138834.038524927)
(-295325.164875314,519005.887147638,236459.67665089)
(-369085.691636995,480239.288755267,407307.692426705)
(-506245.686862013,427500.734444072,716348.115181831)
(-736179.712361636,362919.215704981,1262564.69445193)
(-1050301.5257478,291496.925382803,2147539.92704035)
(-1521411.90003903,209542.588063796,3549111.41882786)
(-2003187.49841329,111072.757552506,5489504.74045457)
(0,0,0)
(0,0,0)
(0,0,0)
(0,0,0)
(0,0,0)
(0,0,0)
(-330280.951117609,870475.287984825,28021.8898735393)
(-337325.532930081,863873.958969276,62329.2089710127)
(-355048.922939987,849799.842214296,112667.777822886)
(-392381.315905264,826360.20862183,197694.772253949)
(-466909.743922306,790280.820743171,354562.984188373)
(-606655.837125989,737051.666683124,651667.889075312)
(-837288.677864335,660848.394374051,1191027.38827058)
(-1137178.01738593,554267.645974427,2065434.68506493)
(-1581310.72673761,405831.590719625,3450456.40914669)
(-2033362.26639263,216661.336380299,5378230.0967115)
(0,0,0)
(0,0,0)
(0,0,0)
(0,0,0)
(0,0,0)
(0,0,0)
(-510874.446950323,1359935.3872933,21414.3476418468)
(-517124.464467635,1354215.92172691,48196.8493518668)
(-533029.1750866,1341921.99165158,89103.8750011806)
(-567126.276468511,1321006.03880752,161584.321283997)
(-636340.193913396,1286849.96352693,301355.372413637)
(-767638.713708089,1230587.84425487,575457.908550007)
(-984098.919088534,1136005.86405353,1084399.35795907)
(-1256837.50821385,978673.323060948,1916831.18908638)
(-1670638.68824376,732252.273473345,3261049.19457644)
(-2082652.36562255,398995.751195182,5161367.14538415)
(0,0,0)
(0,0,0)
(0,0,0)
(0,0,0)
(0,0,0)
(0,0,0)
(-841131.791609118,2185362.49639797,15704.6825044311)
(-846154.877680687,2180141.28319166,35934.1987203634)
(-858967.513869255,2168715.80163646,68107.9026047416)
(-886707.438606221,2148409.69813342,127411.681885034)
(-943592.503993095,2112694.68463336,245159.464771703)
(-1052749.90977524,2047573.5346889,480923.684112891)
(-1234044.53487384,1923862.66273779,927111.420302421)
(-1454881.94584311,1690297.23186116,1670369.45734536)
(-1832766.91316835,1307683.19453738,2927705.44944968)
(-2176852.48032959,741242.375019765,4762311.30595464)
(0,0,0)
(0,0,0)
(0,0,0)
(0,0,0)
(0,0,0)
(0,0,0)
(-1394200.04663995,3569009.58999623,10552.9530416817)
(-1397645.85121637,3563792.14695657,24547.9404931263)
(-1406362.71208681,3551955.83468128,47670.6195350918)
(-1425009.45916884,3529451.31341133,91638.4634260061)
(-1462590.87475503,3486780.45074913,180143.572065301)
(-1533226.18942007,3403564.09401153,357379.202162745)
(-1651908.88637451,3239414.79883564,693735.952439432)
(-1828302.2777982,2924473.17343115,1287862.28866766)
(-2131706.43577611,2365940.17967717,2361311.73930386)
(-2341100.51743891,1422585.13504017,4021069.49672234)
(0,0,0)
(0,0,0)
(0,0,0)
(0,0,0)
(0,0,0)
(0,0,0)
(-1947151.47435236,5510768.75815547,5392.3061931036)
(-1948864.9221562,5505378.3314737,12671.043832155)
(-1953186.53425749,5492811.46590295,25001.9468679831)
(-1962332.46477782,5467926.13983858,48859.5852185988)
(-1980544.63700374,5419085.7643033,97098.9086682022)
(-2014560.11527173,5321659.69942772,193563.418523702)
(-2073936.38005412,5127712.32437638,379202.273037084)
(-2174049.23618779,4748052.78916595,729671.893490023)
(-2340559.59651713,4017934.4657965,1418237.20388772)
(-2357221.04133054,2599260.61261098,2598782.76764754)
(0,0,0)
(0,0,0)
(0,0,0)
(0,0,0)
(0,0,0)
(0,0,0)
(0,0,0)
(0,0,0)
(0,0,0)
(0,0,0)
(0,0,0)
(0,0,0)
(0,0,0)
(0,0,0)
(0,0,0)
(0,0,0)
(0,0,0)
(0,0,0)
(0,0,0)
(0,0,0)
(0,0,0)
(0,0,0)
(0,0,0)
(0,0,0)
(0,0,0)
(0,0,0)
(0,0,0)
(0,0,0)
(0,0,0)
(0,0,0)
(0,0,0)
(0,0,0)
(0,0,0)
(0,0,0)
(0,0,0)
(0,0,0)
(0,0,0)
(0,0,0)
(0,0,0)
(0,0,0)
(0,0,0)
(0,0,0)
(0,0,0)
(0,0,0)
(0,0,0)
(0,0,0)
(0,0,0)
(0,0,0)
(0,0,0)
(0,0,0)
(0,0,0)
(0,0,0)
(0,0,0)
(0,0,0)
(0,0,0)
(0,0,0)
(0,0,0)
(0,0,0)
(0,0,0)
(0,0,0)
(0,0,0)
(0,0,0)
(0,0,0)
(0,0,0)
(0,0,0)
(0,0,0)
(0,0,0)
(0,0,0)
(0,0,0)
(0,0,0)
(0,0,0)
(0,0,0)
(0,0,0)
(0,0,0)
(0,0,0)
(0,0,0)
(0,0,0)
(0,0,0)
(0,0,0)
(0,0,0)
(0,0,0)
(0,0,0)
(0,0,0)
(0,0,0)
(0,0,0)
(0,0,0)
(0,0,0)
(0,0,0)
(0,0,0)
(0,0,0)
(0,0,0)
(0,0,0)
(0,0,0)
(0,0,0)
(0,0,0)
(0,0,0)
(0,0,0)
(0,0,0)
(0,0,0)
(0,0,0)
(0,0,0)
(0,0,0)
(18282684.7470607,58381.5702355351,50851.511619535)
(18270782.7564642,55672.5481064979,109190.545708847)
(18243456.9003051,49781.0239257103,184312.665737635)
(18192243.4732239,40198.0293436037,289094.485875896)
(18101043.1894486,26687.6498698586,442392.444953646)
(17938807.9422497,10529.5704295703,673200.747205846)
(17641178.0821509,-3966.94880418048,1033484.56212932)
(17052911.5689741,-10330.28672597,1658228.53470757)
(15725614.6901792,-8553.30270483769,3057594.16705309)
(12121164.258656,-4197.06111442808,7506708.00020415)
(0,0,0)
(0,0,0)
(0,0,0)
(0,0,0)
(0,0,0)
(0,0,0)
(18270556.0340799,124575.019826763,48055.2583312021)
(18258599.4268506,119467.277517876,103267.87253576)
(18230969.8473118,108235.975435004,174725.736407092)
(18178778.6926654,89568.9076280345,275572.469199491)
(18085089.4791924,62242.4127464963,426165.28188477)
(17918303.9691275,27715.8747340735,658615.741374934)
(17616127.4395932,-5194.1675066765,1026996.71530729)
(17030369.2378153,-19204.1937817682,1659912.43560898)
(15711648.2497857,-14346.8047296711,3061916.24514658)
(12115058.7402263,-6138.07716366395,7510884.80885934)
(0,0,0)
(0,0,0)
(0,0,0)
(0,0,0)
(0,0,0)
(0,0,0)
(18243001.0863843,207321.818135935,42765.6199112201)
(18230975.248297,200485.599340593,91939.0413726327)
(18202749.4300399,185331.300176077,155967.534733388)
(18148287.9517503,159448.005367068,248191.218802458)
(18048137.2351201,119677.085620573,391578.20530689)
(17867719.8891636,65275.5709756985,625589.607181786)
(17548286.546273,7558.04894974227,1012867.53367105)
(16968159.5371214,-16946.3075294587,1664704.59352859)
(15675503.4578469,-8066.88841224155,3070084.53333611)
(12100059.2959829,-348.058320624747,7516932.86912582)
(0,0,0)
(0,0,0)
(0,0,0)
(0,0,0)
(0,0,0)
(0,0,0)
(18192248.7808092,317394.06290114,35724.8019702912)
(18180271.2721089,309893.242769651,76645.9162562916)
(18151349.550046,293309.420196586,129944.214024952)
(18093334.8119381,264591.992614122,208314.041122284)
(17981251.7898964,219013.118164355,337084.902158623)
(17769965.0162287,152104.479422665,567705.855431865)
(17397462.3525635,70926.6570622718,988183.989636654)
(16826460.3939723,31304.8513217845,1673442.90263112)
(15602399.1578192,34452.7121296577,3077711.67368769)
(12071996.3964968,24297.6244122295,7517203.29350641)
(0,0,0)
(0,0,0)
(0,0,0)
(0,0,0)
(0,0,0)
(0,0,0)
(18102939.935067,469881.302027762,28074.3662471712)
(18091247.6582046,462868.255124226,59942.0307442287)
(18062201.7967852,447679.866967171,101136.202171367)
(18001155.0183475,421972.067256822,162662.227572588)
(17875403.4263846,382445.920820467,270126.590161857)
(17617830.3457794,327127.059953533,486414.260256555)
(17126305.3875439,261841.426403508,948400.674276759)
(16563703.7460958,204657.97461216,1676428.56240977)
(15487771.8536272,149663.973714533,3067419.83042539)
(12030230.2376028,80888.0719928778,7492797.93009543)
(0,0,0)
(0,0,0)
(0,0,0)
(0,0,0)
(0,0,0)
(0,0,0)
(17944106.5140564,689875.845873929,21004.2742465469)
(17933207.5724863,684065.040888434,44660.6663327985)
(17905554.3904739,671786.501842431,75337.0013104792)
(17845625.2034956,651576.717783819,123112.114649568)
(17718429.9011697,620828.341643736,214776.332001135)
(17453502.8530597,576093.617493069,421037.367542689)
(16955776.1688362,514090.025398963,891110.205113693)
(16418019.6349985,434676.682561681,1621280.12804663)
(15390007.8389912,316577.052417372,2998434.76688207)
(11982272.188558,167413.27552906,7411661.39166199)
(0,0,0)
(0,0,0)
(0,0,0)
(0,0,0)
(0,0,0)
(0,0,0)
(17649562.5300941,1029625.66209377,15199.4900025701)
(17640032.4960727,1025153.93561309,32339.9180045017)
(17615524.9854557,1015950.93195372,55007.6106178501)
(17561149.7353374,1001394.43633039,92300.1635322181)
(17442588.1257237,979595.946407586,169990.522398173)
(17189275.59864,945551.104855507,359005.005954473)
(16706536.4143593,886158.471244329,811687.509927939)
(16221152.7440936,780709.231674647,1503050.99177441)
(15245113.1077989,570192.259228798,2849070.272187)
(11900357.431834,304823.483243217,7244036.55028332)
(0,0,0)
(0,0,0)
(0,0,0)
(0,0,0)
(0,0,0)
(0,0,0)
(17060880.4443581,1632266.74168488,10732.9677086373)
(17053324.04962,1628642.31994319,23151.9393446782)
(17033807.8902267,1621343.28032311,40370.4701462136)
(16989877.5402046,1610102.47313689,70463.7377957156)
(16892191.9614988,1593707.78772027,135953.714257935)
(16677315.9840108,1567165.37472488,299659.833869501)
(16254802.2348762,1506045.41826338,706312.400367214)
(15938112.0114754,1316915.02935163,1292498.92863841)
(14952872.4442753,1008796.46457059,2583641.64911984)
(11710838.6724501,577002.554806908,6939157.70804339)
(0,0,0)
(0,0,0)
(0,0,0)
(0,0,0)
(0,0,0)
(0,0,0)
(15730217.3036298,3016084.73086636,7150.94381572066)
(15725118.0931664,3012568.51983385,15847.0828091417)
(15712088.7485658,3005113.54068025,29011.6450662257)
(15683352.700858,2992105.2997711,54032.9416720407)
(15622202.830377,2968842.33377195,109490.973755132)
(15497775.4439034,2922309.96251872,238731.035904883)
(15273431.6420929,2817426.71077942,517395.498188396)
(14958122.2891329,2578763.39703544,984508.84684044)
(14067904.3779033,2157132.86755013,2151947.91344844)
(11134568.4079589,1406477.16870092,6362190.65742344)
(0,0,0)
(0,0,0)
(0,0,0)
(0,0,0)
(0,0,0)
(0,0,0)
(12122756.8811539,7457882.51779729,3680.14082963418)
(12120236.8129758,7454196.9140511,8336.29474706967)
(12113864.335212,7445953.70189125,15831.5473335054)
(12100079.0804328,7430250.34453861,30661.2406223664)
(12071635.8472345,7399629.95938048,63079.4140425189)
(12015718.8048383,7336317.85269635,134178.887021824)
(11912183.7588103,7201763.93823898,279107.803964743)
(11713779.672728,6922214.09617345,563214.479177954)
(11135024.21026,6358538.80092625,1401611.02229171)
(9053739.60359914,4956478.76365416,4956035.06567568)
(0,0,0)
(0,0,0)
(0,0,0)
(0,0,0)
(0,0,0)
(0,0,0)
(0,0,0)
(0,0,0)
(0,0,0)
(0,0,0)
(0,0,0)
(0,0,0)
(0,0,0)
(0,0,0)
(0,0,0)
(0,0,0)
(0,0,0)
(0,0,0)
(0,0,0)
(0,0,0)
(0,0,0)
(0,0,0)
(0,0,0)
(0,0,0)
(0,0,0)
(0,0,0)
(0,0,0)
(0,0,0)
(0,0,0)
(0,0,0)
(0,0,0)
(0,0,0)
(0,0,0)
(0,0,0)
(0,0,0)
(0,0,0)
(0,0,0)
(0,0,0)
(0,0,0)
(0,0,0)
(0,0,0)
(0,0,0)
(0,0,0)
(0,0,0)
(0,0,0)
(0,0,0)
(0,0,0)
(0,0,0)
(0,0,0)
(0,0,0)
(0,0,0)
(0,0,0)
(0,0,0)
(0,0,0)
(0,0,0)
(0,0,0)
(0,0,0)
(0,0,0)
(0,0,0)
(0,0,0)
(0,0,0)
(0,0,0)
(0,0,0)
(0,0,0)
(0,0,0)
(0,0,0)
(0,0,0)
(0,0,0)
(0,0,0)
(0,0,0)
(0,0,0)
(0,0,0)
(0,0,0)
(0,0,0)
(0,0,0)
(0,0,0)
(0,0,0)
(0,0,0)
(0,0,0)
(0,0,0)
(0,0,0)
(0,0,0)
(0,0,0)
(0,0,0)
(0,0,0)
(0,0,0)
(0,0,0)
(0,0,0)
(0,0,0)
(0,0,0)
(0,0,0)
(0,0,0)
(0,0,0)
(0,0,0)
(0,0,0)
(0,0,0)
(0,0,0)
(0,0,0)
(0,0,0)
(0,0,0)
(0,0,0)
(0,0,0)
(-317825.369746422,46234.0602954985,38889.7732447347)
(-330962.522062062,43499.6443671744,81749.1241368389)
(-360633.786139059,37382.9016428146,133070.625671395)
(-414772.503367613,26845.3078818951,197855.011114185)
(-507467.245385707,10839.0448438536,280140.117837725)
(-662149.217762778,-9867.52773213309,375578.522315559)
(-915061.417784299,-28932.2309994085,445363.969983408)
(-1315379.0577268,-32877.52635132,331145.839768776)
(-1889414.03183835,-22579.2257851426,-546632.495695386)
(-2316384.97396521,-10318.2917061566,-4614151.25463485)
(0,0,0)
(0,0,0)
(0,0,0)
(0,0,0)
(0,0,0)
(0,0,0)
(-331734.626860475,97057.6902576519,36080.7477113053)
(-344673.700311222,91884.7322433994,75582.5037299963)
(-374086.98177213,80122.7973608611,122513.153829038)
(-428278.793747234,59192.8346363904,181836.830220245)
(-522368.620574979,25385.260427359,259362.431137159)
(-681242.626517318,-22787.7681766969,356442.983959651)
(-940065.545392995,-73007.6958918802,441325.150571325)
(-1336461.42127362,-81471.2703597593,341363.270401797)
(-1899955.47563425,-50553.1794648027,-534445.333765159)
(-2320093.95466939,-21132.349265684,-4603864.86457674)
(0,0,0)
(0,0,0)
(0,0,0)
(0,0,0)
(0,0,0)
(0,0,0)
(-362822.091146856,156717.652644354,30776.9318776349)
(-375345.800296234,149857.089525568,63739.3399218325)
(-404275.895639884,134021.027760558,101480.151934923)
(-458979.466744254,104585.403909993,147968.717888959)
(-557892.391021637,52874.5973964682,211122.723794713)
(-733084.479556608,-32387.695010946,306140.736082199)
(-1023538.12780844,-143210.973011958,432782.40401685)
(-1409455.40040442,-158666.726687962,372206.514603891)
(-1931909.06125295,-81206.8458261868,-505113.583201528)
(-2330307.18073132,-28423.9385761533,-4582841.80044373)
(0,0,0)
(0,0,0)
(0,0,0)
(0,0,0)
(0,0,0)
(0,0,0)
(-418399.913960793,228219.19365109,23760.8704964007)
(-430249.812716285,220960.624992397,47792.1365878514)
(-458382.170243169,204232.431857773,71926.1695129171)
(-514200.637571528,172486.889761816,96173.8499038032)
(-624110.766073348,113246.64473337,125778.075269669)
(-847285.710580248,68.2878621908573,195186.535938662)
(-1282953.42733815,-200153.13991377,417158.199475142)
(-1648495.51066478,-231434.483791878,449495.577949197)
(-2012065.57394883,-80180.6785499011,-452452.140825909)
(-2352265.5665249,-17477.74303638,-4554522.65661103)
(0,0,0)
(0,0,0)
(0,0,0)
(0,0,0)
(0,0,0)
(0,0,0)
(-511720.226373048,311110.78207063,16382.2897536014)
(-522607.315848981,304876.35195406,30935.2535787242)
(-549170.546019924,291065.787080798,40087.9578938309)
(-604999.094367469,266470.772443548,36871.9046603304)
(-727926.953380799,225518.941325647,12543.7045664811)
(-1042694.54859741,162884.867395715,-5134.26385719166)
(-2071494.8933016,91427.8264369803,385698.767370533)
(-2457045.99963895,59109.2215722233,600518.524474246)
(-2169299.47314074,51993.563574769,-389970.674149231)
(-2388322.40824697,32951.2949897565,-4537233.34959235)
(0,0,0)
(0,0,0)
(0,0,0)
(0,0,0)
(0,0,0)
(0,0,0)
(-665585.022088879,395306.307980369,10109.7269688224)
(-675132.861100108,390896.439218394,17043.790024056)
(-698920.313788211,381773.77330256,15424.22479757)
(-750839.823882264,367084.871262588,-4111.1299105454)
(-870364.41626034,344974.019567613,-50158.1739893084)
(-1184367.86510784,311917.785800384,-76706.6574932172)
(-2163160.27693495,264987.822387486,353283.509060411)
(-2516221.16802432,237980.104424071,593267.145964413)
(-2242706.74607952,171804.465211395,-409215.453868593)
(-2424457.59750152,85550.2928657696,-4570470.9489519)
(0,0,0)
(0,0,0)
(0,0,0)
(0,0,0)
(0,0,0)
(0,0,0)
(-917089.495524352,440834.385278969,5737.66505300687)
(-924992.350284763,438368.068570237,7904.59879170698)
(-944999.899339846,434159.957205006,657.016417859847)
(-990237.118935467,430048.78742958,-26306.3287431141)
(-1099976.11976735,429182.394990815,-83336.7419421625)
(-1407484.09163404,433670.597661909,-123716.146796474)
(-2428486.7387703,434565.893800699,326342.651653237)
(-2754797.3050654,497812.473971354,527074.047998142)
(-2353885.70065381,278063.971009595,-495572.93261402)
(-2484174.94874125,115356.398160167,-4656232.94060018)
(0,0,0)
(0,0,0)
(0,0,0)
(0,0,0)
(0,0,0)
(0,0,0)
(-1318517.543187,301556.166812006,3289.92274509389)
(-1324513.26616902,300403.720872887,3705.30296463376)
(-1339789.38128815,299593.926611799,-3517.67819420688)
(-1375268.97965836,303529.738260592,-27238.3924290776)
(-1466091.56330723,323736.433223744,-78895.1891227706)
(-1748219.05015874,387714.001071907,-122789.841630181)
(-2863288.2676955,524785.364761241,389694.906714189)
(-2334140.88783081,337033.293869168,307340.702855789)
(-2442737.14977551,123925.775757538,-658297.79110809)
(-2576593.48478261,775.335944328685,-4771670.85492643)
(0,0,0)
(0,0,0)
(0,0,0)
(0,0,0)
(0,0,0)
(0,0,0)
(-1894406.14231725,-591342.312341912,2135.6418340494)
(-1898288.21089722,-592287.984055156,2847.36755888197)
(-1908054.73142913,-593108.536443998,307.027342772563)
(-1929889.62447832,-591203.002250889,-7104.19007628844)
(-1979930.95642703,-581713.475157965,-14906.7781573662)
(-2099584.03242884,-559660.582698544,14440.9986782609)
(-2361142.50776836,-543742.749196117,202156.979229946)
(-2446951.62394208,-665508.883601898,94386.7865090086)
(-2672178.32769745,-775690.769124731,-781300.24627485)
(-2714613.26304226,-674345.948650115,-4772383.57394607)
(0,0,0)
(0,0,0)
(0,0,0)
(0,0,0)
(0,0,0)
(0,0,0)
(-2320223.00312516,-4664933.16025543,1184.44892572344)
(-2322106.83514269,-4666112.27604472,1966.10576689493)
(-2326766.81004794,-4667964.31715882,2066.7484747804)
(-2336853.69060302,-4669858.6313597,2268.8653524176)
(-2358356.85011059,-4672036.96474814,7198.7690207903)
(-2403432.99367863,-4679343.42573337,30647.1273055736)
(-2486714.98744403,-4710312.16473486,80729.005831761)
(-2579439.93485087,-4791470.92616124,-15475.6272970214)
(-2715445.04963114,-4776463.08458949,-679620.335208129)
(-2620588.6485033,-4097300.96856976,-4097723.34645298)
(0,0,0)
(0,0,0)
(0,0,0)
(0,0,0)
(0,0,0)
(0,0,0)
(0,0,0)
(0,0,0)
(0,0,0)
(0,0,0)
(0,0,0)
(0,0,0)
(0,0,0)
(0,0,0)
(0,0,0)
(0,0,0)
(0,0,0)
(0,0,0)
(0,0,0)
(0,0,0)
(0,0,0)
(0,0,0)
(0,0,0)
(0,0,0)
(0,0,0)
(0,0,0)
(0,0,0)
(0,0,0)
(0,0,0)
(0,0,0)
(0,0,0)
(0,0,0)
(0,0,0)
(0,0,0)
(0,0,0)
(0,0,0)
(0,0,0)
(0,0,0)
(0,0,0)
(0,0,0)
(0,0,0)
(0,0,0)
(0,0,0)
(0,0,0)
(0,0,0)
(0,0,0)
(0,0,0)
(0,0,0)
(0,0,0)
(0,0,0)
(0,0,0)
(0,0,0)
(0,0,0)
(0,0,0)
(0,0,0)
(0,0,0)
(0,0,0)
(0,0,0)
(0,0,0)
(0,0,0)
(0,0,0)
(0,0,0)
(0,0,0)
(0,0,0)
(0,0,0)
(0,0,0)
(0,0,0)
(0,0,0)
(0,0,0)
(0,0,0)
(0,0,0)
(0,0,0)
(0,0,0)
(0,0,0)
(0,0,0)
(0,0,0)
(0,0,0)
(0,0,0)
(0,0,0)
(0,0,0)
(0,0,0)
(0,0,0)
(0,0,0)
(0,0,0)
(0,0,0)
(0,0,0)
(0,0,0)
(0,0,0)
(0,0,0)
(0,0,0)
(0,0,0)
(0,0,0)
(0,0,0)
(0,0,0)
(0,0,0)
(0,0,0)
(0,0,0)
(0,0,0)
(0,0,0)
(0,0,0)
(0,0,0)
(0,0,0)
(-375857.741277095,32298.3456679932,25734.0258626806)
(-387015.814534953,29795.4286377352,51991.8896978376)
(-411551.899409802,23996.8596775645,78913.143291018)
(-454445.50264962,13406.5301541642,105179.612418863)
(-523769.92928117,-4017.22720430388,125499.52351863)
(-630409.478467683,-28918.062695808,122677.846919339)
(-783620.444049317,-53894.0098235111,45130.8830078677)
(-973593.39934036,-53974.6217278558,-242680.153650711)
(-1125614.29036883,-33161.4021610444,-973318.492959137)
(-978244.4479303,-14049.4115941527,-2297409.60739985)
(0,0,0)
(0,0,0)
(0,0,0)
(0,0,0)
(0,0,0)
(0,0,0)
(-388522.812580839,65952.1257094504,23134.4056789015)
(-399073.059688286,61217.9766942268,46111.2169994777)
(-422282.332999287,50014.3035451461,68289.1243590546)
(-462908.996172615,28571.5769019345,87754.2800366617)
(-529066.584640175,-10114.0592473693,100549.076144918)
(-632621.830482306,-74636.2445766998,97646.4619908023)
(-784814.889188532,-156486.331000725,44988.1269635568)
(-968990.724274002,-154532.408648658,-221924.783115263)
(-1118139.75509432,-82614.497951623,-954287.407864591)
(-973634.683702896,-31412.1401005775,-2283383.95032476)
(0,0,0)
(0,0,0)
(0,0,0)
(0,0,0)
(0,0,0)
(0,0,0)
(-416280.197566287,101152.147503165,18258.0846257189)
(-425603.935876493,94941.7185212159,34792.4783789879)
(-446138.993607423,79937.1723326037,46732.7075590674)
(-482102.093683989,49400.1587198575,49026.7526808759)
(-541627.165866981,-13322.9170451367,35970.3853239864)
(-640915.371331511,-146566.72896739,15731.7614895634)
(-808603.798707677,-402598.444131647,46909.5455197187)
(-969275.784618946,-397733.281218891,-150069.197695541)
(-1099950.55845683,-161427.651765931,-903214.546677364)
(-962371.304207051,-50432.8974980252,-2252129.66580423)
(0,0,0)
(0,0,0)
(0,0,0)
(0,0,0)
(0,0,0)
(0,0,0)
(-464085.286827138,134912.953592479,11924.5667770407)
(-471693.081983098,128615.150932203,19694.4036328747)
(-488263.738801751,113437.009617828,16076.1349062364)
(-516626.839913091,81690.7712909381,-13788.2753232765)
(-563287.507478851,9446.08486511175,-97380.5358280212)
(-655470.938152206,-195321.54835995,-240440.488863512)
(-988921.850784599,-988687.81480495,51617.3052562507)
(-1040664.00127778,-1039985.33523241,86037.8498827426)
(-1057655.0707223,-237408.078586844,-792392.226522872)
(-939694.646845874,-53518.8048239001,-2201877.23887612)
(0,0,0)
(0,0,0)
(0,0,0)
(0,0,0)
(0,0,0)
(0,0,0)
(-539651.318591266,157312.02563928,5532.02017141384)
(-545298.790204676,152418.512673309,4420.13278600659)
(-556907.521307159,141344.883029049,-15750.7653379745)
(-573608.812469948,120651.653647268,-86101.9295918232)
(-585470.082873822,83143.962705073,-302256.677938764)
(-527629.12810443,21341.8154679095,-1033985.4622596)
(8.6494224337872e-05,2.26060672504555e-05,-5.73920424334315e-05)
(-101.589158909971,161.339128563676,888291.179449033)
(-888374.8119658,-21247.908220662,-608793.652092141)
(-898888.487310479,-3103.45807572127,-2148642.91977679)
(0,0,0)
(0,0,0)
(0,0,0)
(0,0,0)
(0,0,0)
(0,0,0)
(-652726.72804584,143844.250172321,609.481423923748)
(-656507.234669838,141105.949230689,-6703.58156372602)
(-663539.007179559,135755.31451561,-36495.3196589308)
(-670734.756414204,127725.810198019,-123674.543677745)
(-662141.40446441,115444.74912167,-364198.341890289)
(-560603.894561774,88962.902623849,-1055583.39959229)
(7.79193691785762e-05,2.93406284577185e-05,-4.38366224639405e-05)
(-439.526972366993,-286.436798459343,866747.218894349)
(-867210.845874339,60843.1029905895,-590839.692522084)
(-898516.048510675,25941.6829506617,-2145826.38253917)
(0,0,0)
(0,0,0)
(0,0,0)
(0,0,0)
(0,0,0)
(0,0,0)
(-810599.874670638,39425.3944131477,-2070.76509452745)
(-812796.542113141,38884.8795924752,-12045.5036279437)
(-816125.813407229,39409.9895446864,-44574.2645896298)
(-816091.928707987,45064.477068083,-136058.121687172)
(-792927.08989683,63176.0674005034,-390838.469836539)
(-657741.166325328,93117.8888067284,-1144736.38132812)
(0.000209256886557301,-7.64364399453093e-05,-5.82890384325383e-05)
(-528.625403117883,918718.19524531,927995.268110247)
(-928696.594467967,189379.290680375,-625730.02576537)
(-935094.434914536,23020.5460676736,-2171889.40270913)
(0,0,0)
(0,0,0)
(0,0,0)
(0,0,0)
(0,0,0)
(0,0,0)
(-1002277.33885327,-274224.713846469,-2590.09607411995)
(-1003367.25398119,-273315.050066638,-11536.1786028358)
(-1004258.6495874,-268652.666128521,-39004.2546303726)
(-1000091.32671511,-251060.000609798,-118057.429895755)
(-969998.247824707,-190010.189621407,-360964.488356367)
(-814768.368803182,36492.5793621643,-1237789.86026736)
(-741.214995917014,1027129.02401494,918876.126213918)
(-919724.416788684,224383.337005281,198794.513411804)
(-1157179.05818377,-105391.844437311,-791992.443062248)
(-1013496.78258233,-137157.78555583,-2194910.81363907)
(0,0,0)
(0,0,0)
(0,0,0)
(0,0,0)
(0,0,0)
(0,0,0)
(-1149862.84394496,-1017086.54401517,-1681.46820358323)
(-1150312.20402416,-1016052.53928946,-6919.98585379344)
(-1150331.39490038,-1011781.45091038,-21514.5376006619)
(-1147180.9491934,-998154.380905393,-57128.8325899739)
(-1132469.62787127,-960099.052112873,-134501.298654263)
(-1087158.03697288,-863399.246771651,-247035.46797642)
(-1028297.76345983,-669164.11892189,116412.930651879)
(-1177552.66182719,-797857.500864504,-130745.1935932)
(-1265948.91088315,-818820.439610157,-823546.015234633)
(-1037501.29769836,-580214.894317816,-2057600.8718166)
(0,0,0)
(0,0,0)
(0,0,0)
(0,0,0)
(0,0,0)
(0,0,0)
(-991949.13229606,-2344685.1338813,-675.280962960113)
(-992116.96676465,-2344015.26326504,-2702.42536541518)
(-992057.811265513,-2341181.88238631,-8010.99267190607)
(-990810.971745793,-2332994.13127316,-19213.9611613385)
(-986186.113955721,-2313657.37167976,-37826.3777493307)
(-976265.643703126,-2275802.31470602,-52590.65979047)
(-973102.906235397,-2223427.96750593,-11938.8924150173)
(-1025937.10240483,-2211890.08175916,-151409.143966401)
(-1040133.88042409,-2060889.28859266,-584651.46419093)
(-831769.229136865,-1476630.27586194,-1477055.50201323)
(0,0,0)
(0,0,0)
(0,0,0)
(0,0,0)
(0,0,0)
(0,0,0)
(0,0,0)
(0,0,0)
(0,0,0)
(0,0,0)
(0,0,0)
(0,0,0)
(0,0,0)
(0,0,0)
(0,0,0)
(0,0,0)
(0,0,0)
(0,0,0)
(0,0,0)
(0,0,0)
(0,0,0)
(0,0,0)
(0,0,0)
(0,0,0)
(0,0,0)
(0,0,0)
(0,0,0)
(0,0,0)
(0,0,0)
(0,0,0)
(0,0,0)
(0,0,0)
(0,0,0)
(0,0,0)
(0,0,0)
(0,0,0)
(0,0,0)
(0,0,0)
(0,0,0)
(0,0,0)
(0,0,0)
(0,0,0)
(0,0,0)
(0,0,0)
(0,0,0)
(0,0,0)
(0,0,0)
(0,0,0)
(0,0,0)
(0,0,0)
(0,0,0)
(0,0,0)
(0,0,0)
(0,0,0)
(0,0,0)
(0,0,0)
(0,0,0)
(0,0,0)
(0,0,0)
(0,0,0)
(0,0,0)
(0,0,0)
(0,0,0)
(0,0,0)
(0,0,0)
(0,0,0)
(0,0,0)
(0,0,0)
(0,0,0)
(0,0,0)
(0,0,0)
(0,0,0)
(0,0,0)
(0,0,0)
(0,0,0)
(0,0,0)
(0,0,0)
(0,0,0)
(0,0,0)
(0,0,0)
(0,0,0)
(0,0,0)
(0,0,0)
(0,0,0)
(0,0,0)
(0,0,0)
(0,0,0)
(0,0,0)
(0,0,0)
(0,0,0)
(0,0,0)
(0,0,0)
(0,0,0)
(0,0,0)
(0,0,0)
(0,0,0)
(0,0,0)
(0,0,0)
(0,0,0)
(0,0,0)
(0,0,0)
(0,0,0)
(-410039.876881399,19619.1335347797,14563.0020695283)
(-417558.027100391,17731.7982147189,27373.4164202522)
(-433437.275276291,13284.3415407253,35974.4507460106)
(-459353.008627285,4975.48811975491,35906.4686039205)
(-497576.790431049,-9290.41324206793,19003.7429958695)
(-549867.859964253,-31128.4560140263,-30409.4194935417)
(-614238.804335305,-55101.5276413413,-144689.531566213)
(-674438.393588544,-49393.6915543509,-394450.845763686)
(-668658.453452087,-25695.9431234522,-825710.739556997)
(-475552.091922316,-9463.490238881,-1318939.60532609)
(0,0,0)
(0,0,0)
(0,0,0)
(0,0,0)
(0,0,0)
(0,0,0)
(-419668.526961708,38191.6622108966,12573.1857047544)
(-426253.852951145,34635.2841237913,22850.4930585328)
(-439890.631487833,26121.17501332,27621.9580744839)
(-461302.562869417,9364.81402513449,21626.1988659103)
(-491114.582426374,-22722.3822623667,-2893.83432759535)
(-529179.416187655,-83016.6918585697,-54448.0127777019)
(-574968.794654835,-180337.898431316,-139057.736521421)
(-631728.153034208,-154880.917791638,-370833.081523915)
(-640641.145240236,-64492.05721883,-809535.577282638)
(-462935.764015063,-20210.5084839376,-1309487.47872537)
(0,0,0)
(0,0,0)
(0,0,0)
(0,0,0)
(0,0,0)
(0,0,0)
(-440296.657324823,53306.4500469688,8901.67192246493)
(-445059.657383017,48764.3102690379,14228.3672837485)
(-454239.557099316,37707.4786711054,10742.6271178607)
(-466245.629049824,14769.5408601992,-10518.5643513627)
(-476488.457832879,-35095.1878597399,-63284.4667880936)
(-474065.113034118,-161241.98674312,-151909.43020092)
(-444167.226143981,-582990.225345184,-113693.67585073)
(-488085.370502433,-469182.561781016,-280582.44597787)
(-560400.073731989,-119210.761946802,-765414.225974754)
(-430752.481285875,-27803.2751338244,-1289440.28224606)
(0,0,0)
(0,0,0)
(0,0,0)
(0,0,0)
(0,0,0)
(0,0,0)
(-474348.79673796,59276.1737803515,4293.78617743815)
(-476725.276740191,54955.1262186946,3135.16498486857)
(-479844.491994686,44722.4340207002,-12299.0371717912)
(-478281.818053203,24606.4829735476,-60481.0011450319)
(-456461.825676851,-12846.8309700152,-189555.039836764)
(-364809.815125732,-67606.6255195477,-573851.524086816)
(4.07963444704545e-05,6.53417105437686e-06,-1.9643737434926e-05)
(187.78225751723,531.155608303254,69148.9732333739)
(-365353.184370615,-68129.2755506851,-674234.399514432)
(-367163.087653621,-12688.5005463125,-1261880.73329419)
(0,0,0)
(0,0,0)
(0,0,0)
(0,0,0)
(0,0,0)
(0,0,0)
(-524507.840181895,44223.338139312,-90.6427683294192)
(-524494.150017661,41207.6242368052,-7147.7809734641)
(-521555.271744725,34682.6564741366,-32460.2529893375)
(-506961.910024958,23475.4568331721,-97976.1292939563)
(-458303.523413098,6425.5247704549,-244415.044495144)
(-321563.84188372,-11657.755996528,-506429.200238841)
(-5.55324963009792e-06,2.34743071310215e-06,0.000102522274434512)
(9.3648676346013e-05,1.14901714512667e-05,-3.12099929589102e-06)
(-489.900969091954,22.4668926789144,-619111.394388264)
(-278496.604392032,-2679.41153512065,-1249512.3663179)
(0,0,0)
(0,0,0)
(0,0,0)
(0,0,0)
(0,0,0)
(0,0,0)
(-591434.579658469,-13961.7242891785,-3107.08595888447)
(-589546.77090088,-15150.0084281408,-13709.9170628977)
(-582014.56424003,-16831.3574003363,-43720.3461279558)
(-558262.025825275,-17627.5652994744,-115090.054584234)
(-492875.310839029,-15293.1229788724,-262637.500460271)
(-331748.214112236,-8112.5343926797,-495038.402513644)
(6.46467484630873e-07,7.53574820100382e-06,7.81995481623199e-05)
(6.8640844285655e-05,2.25730155865475e-05,-1.83682906051865e-06)
(-292.552687308077,-444.638930607569,-621967.796275202)
(-265518.789561927,-10538.1004016055,-1247106.36635748)
(0,0,0)
(0,0,0)
(0,0,0)
(0,0,0)
(0,0,0)
(0,0,0)
(-668249.21446181,-152104.099433629,-4208.28506437874)
(-665241.597092479,-151545.710450607,-15367.5280625692)
(-655166.215292812,-148606.660186081,-44551.823391246)
(-626588.847145128,-138833.426524781,-112849.043728794)
(-551700.075955974,-113764.689565811,-255604.491082707)
(-370690.043595386,-63672.4483052745,-487095.699900072)
(1.08046625240856e-05,0.00012060854184903,9.14921235785738e-05)
(0.00011886429990056,-2.60401330704372e-06,-2.2362138679172e-06)
(-205.585037038489,-38906.6213653423,-631928.694924014)
(-285646.844942856,-55302.6870934504,-1236611.69820385)
(0,0,0)
(0,0,0)
(0,0,0)
(0,0,0)
(0,0,0)
(0,0,0)
(-729123.851317598,-421627.863796689,-3629.72317262147)
(-725946.798268477,-420139.495048295,-12456.3942876591)
(-715806.219559201,-414638.042032031,-34877.4424698971)
(-687810.232100719,-398051.689945338,-87940.2736637285)
(-613653.1224681,-352370.630104762,-205679.45848137)
(-424733.097503163,-235724.179926007,-423662.998160663)
(0.000142682138715103,-8.31256756422103e-06,-8.06298882796349e-06)
(-157.257334622994,-33208.8230822248,-38538.3432899747)
(-372470.669595177,-214043.56579241,-648109.787451498)
(-374590.482817154,-161099.42639627,-1181219.34791387)
(0,0,0)
(0,0,0)
(0,0,0)
(0,0,0)
(0,0,0)
(0,0,0)
(-710348.75343658,-859031.261909847,-2110.6923952294)
(-707846.689051362,-857739.058306884,-6976.64410945465)
(-700158.129125478,-853411.116712473,-18376.8352039112)
(-679477.927887579,-841720.62100188,-42410.9254531954)
(-624326.911716842,-813752.519573418,-89171.7521389613)
(-471571.288068473,-752401.669603257,-188081.01136611)
(100.470312095355,-613805.020808217,-32750.4511917102)
(-378369.488710415,-646079.859935744,-219062.587454986)
(-511302.47276085,-592847.459106224,-594905.132263471)
(-399223.18266382,-374380.62392411,-1019902.04977018)
(0,0,0)
(0,0,0)
(0,0,0)
(0,0,0)
(0,0,0)
(0,0,0)
(-497458.404166142,-1352683.96857724,-838.021462533564)
(-496154.476658569,-1351856.04564093,-2683.52423458828)
(-492289.199341496,-1349085.19094905,-6778.06192203631)
(-482529.779686163,-1342187.09557729,-14592.7794062549)
(-459157.16984878,-1327470.15296122,-27904.090125373)
(-407674.428414345,-1299505.5071808,-49391.4678366152)
(-321293.87250657,-1250280.59467224,-64724.9277014405)
(-385292.239315232,-1185879.98791047,-165569.662816322)
(-401760.615571367,-1020630.46820577,-376159.9185695)
(-292330.371581576,-644802.981304209,-645176.418744689)
(0,0,0)
(0,0,0)
(0,0,0)
(0,0,0)
(0,0,0)
(0,0,0)
(0,0,0)
(0,0,0)
(0,0,0)
(0,0,0)
(0,0,0)
(0,0,0)
(0,0,0)
(0,0,0)
(0,0,0)
(0,0,0)
(0,0,0)
(0,0,0)
(0,0,0)
(0,0,0)
(0,0,0)
(0,0,0)
(0,0,0)
(0,0,0)
(0,0,0)
(0,0,0)
(0,0,0)
(0,0,0)
(0,0,0)
(0,0,0)
(0,0,0)
(0,0,0)
(0,0,0)
(0,0,0)
(0,0,0)
(0,0,0)
(0,0,0)
(0,0,0)
(0,0,0)
(0,0,0)
(0,0,0)
(0,0,0)
(0,0,0)
(0,0,0)
(0,0,0)
(0,0,0)
(0,0,0)
(0,0,0)
(0,0,0)
(0,0,0)
(0,0,0)
(0,0,0)
(0,0,0)
(0,0,0)
(0,0,0)
(0,0,0)
(0,0,0)
(0,0,0)
(0,0,0)
(0,0,0)
(0,0,0)
(0,0,0)
(0,0,0)
(0,0,0)
(0,0,0)
(0,0,0)
(0,0,0)
(0,0,0)
(0,0,0)
(0,0,0)
(0,0,0)
(0,0,0)
(0,0,0)
(0,0,0)
(0,0,0)
(0,0,0)
(0,0,0)
(0,0,0)
(0,0,0)
(0,0,0)
(0,0,0)
(0,0,0)
(0,0,0)
(0,0,0)
(0,0,0)
(0,0,0)
(0,0,0)
(0,0,0)
(0,0,0)
(0,0,0)
(0,0,0)
(0,0,0)
(0,0,0)
(0,0,0)
(0,0,0)
(0,0,0)
(0,0,0)
(0,0,0)
(0,0,0)
(0,0,0)
(0,0,0)
(0,0,0)
(-426989.708169113,10017.6330202592,6932.19826745832)
(-430997.048619239,9061.60709519868,11309.6126911077)
(-438910.459246603,6873.49432068044,9909.30234073869)
(-450207.93558778,3077.68489802802,-2313.45559680058)
(-463913.709507893,-2780.91191171604,-33195.6246082426)
(-477980.554473633,-10392.768562216,-94690.161536637)
(-488369.017087245,-15818.5294643665,-204741.419320338)
(-483963.688138693,-6698.22008116861,-388517.904689016)
(-426999.418519517,2300.53722812625,-632477.476849685)
(-267990.439759557,3134.118297784,-843173.24731029)
(0,0,0)
(0,0,0)
(0,0,0)
(0,0,0)
(0,0,0)
(0,0,0)
(-433208.198468087,17640.2474857959,5917.05704084535)
(-436234.704368409,15841.1534482075,9118.36210510398)
(-441782.769235326,11758.7805614733,6125.21361180572)
(-448305.386784936,4395.73416736486,-8190.01174201405)
(-453036.47161443,-8148.36756083573,-40900.6669048326)
(-452320.021380707,-27967.2642902034,-100185.565983795)
(-445665.622204354,-49598.4071330863,-195708.860765554)
(-443233.366924193,-11300.636343541,-379601.230613188)
(-401944.867402929,15695.4214281829,-631692.392650532)
(-257078.116241132,11934.0732559635,-846349.995382647)
(0,0,0)
(0,0,0)
(0,0,0)
(0,0,0)
(0,0,0)
(0,0,0)
(-446040.64888506,19312.8897795915,4071.3492664459)
(-447238.719884466,17092.7307452225,4998.83447088104)
(-448220.221807726,12038.0366002949,-1299.75685952979)
(-444980.031405799,2623.41915815691,-20793.0394943525)
(-429425.182339128,-15162.4446882552,-60842.2378606822)
(-388808.89535372,-52059.0959954319,-122006.623835866)
(-319356.777038088,-138802.61235896,-157612.867715888)
(-323251.774016753,19040.5372844559,-352787.637829568)
(-337665.94207655,75772.451247467,-635598.799304299)
(-231746.015738386,35753.7859054355,-858424.977501237)
(0,0,0)
(0,0,0)
(0,0,0)
(0,0,0)
(0,0,0)
(0,0,0)
(-466011.10905536,9115.06297932397,1860.13911766532)
(-464916.460392589,7148.78243054354,-4.72891525417982)
(-459992.553794652,2928.62918427201,-10747.2596992687)
(-443525.800667271,-4202.42803900688,-38677.4298880359)
(-397648.304155438,-14780.7913527582,-97872.6047449448)
(-281335.216126403,-24403.1436514283,-209003.156088276)
(3.4267093425946e-05,6.63502257457633e-06,4.41002149777407e-06)
(66.4788806792244,213.474458226567,-296252.836011694)
(-206725.024631188,296711.219564945,-675819.764068608)
(-188788.073281321,75987.6268893636,-894428.619424817)
(0,0,0)
(0,0,0)
(0,0,0)
(0,0,0)
(0,0,0)
(0,0,0)
(-492578.531298656,-22714.7573464124,-99.4885574978463)
(-489383.114227141,-23848.4705998063,-4213.27131766648)
(-479171.264751639,-25791.0209244922,-17877.6282019902)
(-451901.070433248,-27838.3547578391,-49302.54107487)
(-386612.739543869,-28154.4323145237,-107619.683982332)
(-246894.442955373,-21835.0220114041,-184857.204550704)
(-5.18786671592303e-06,8.73374860766424e-07,7.75835912491981e-06)
(8.14308096887613e-05,2.40073467465242e-06,1.75325054991302e-05)
(-199.231069943918,265.899451713139,-896774.620136325)
(-138912.656922333,10325.5618704792,-970696.502587137)
(0,0,0)
(0,0,0)
(0,0,0)
(0,0,0)
(0,0,0)
(0,0,0)
(-522260.83595247,-90674.8755311337,-1213.62552128249)
(-517660.328373567,-90767.8053913558,-6180.73325704558)
(-504099.53284582,-89921.2706306758,-19965.5149450768)
(-470549.615834105,-85852.9462388294,-49663.3334552586)
(-395257.195832493,-74002.3746439167,-101433.506132401)
(-244741.931512904,-47004.9951772361,-163269.815565903)
(-4.63436874253256e-08,3.6228521075157e-06,-1.49497938630066e-11)
(5.68527345736342e-05,2.75646244236909e-06,1.14323669945095e-05)
(-654.389628908129,-245.804022923992,-886872.706615064)
(-130209.422860249,-30582.9466427,-981273.564803558)
(0,0,0)
(0,0,0)
(0,0,0)
(0,0,0)
(0,0,0)
(0,0,0)
(-544895.238486953,-212800.352808248,-1228.49869775405)
(-539812.900765803,-212081.690267199,-5343.3101485918)
(-525360.50096014,-209104.121926346,-15966.1731855927)
(-490599.774437128,-199910.251591515,-37897.9405409032)
(-413456.877136069,-175590.122979775,-74553.3910249498)
(-258241.554848104,-117640.109984937,-116366.764964529)
(7.91392021486258e-06,7.94940538345201e-06,-1.76652449358563e-11)
(9.96186944213855e-05,4.94121331309895e-06,1.70608369431995e-05)
(-1044.19287718384,-411023.022401316,-917084.217478172)
(-138460.923563989,-144159.77110362,-950693.314396136)
(0,0,0)
(0,0,0)
(0,0,0)
(0,0,0)
(0,0,0)
(0,0,0)
(-538745.661148846,-402698.846729567,-479.696247433598)
(-534194.260551089,-401926.946543201,-2386.9776888143)
(-521491.589221874,-398907.474429421,-6898.25552307508)
(-491277.486963737,-389617.613445023,-13723.6388065476)
(-423271.032751279,-362967.195926262,-16728.6555768857)
(-277779.60468853,-282509.126518779,1186.86814232712)
(0.000124057654536123,2.08072908064373e-05,5.69830305097948e-06)
(-363.298617413908,-411291.486441611,-410636.299521031)
(-191389.794096194,-352757.554866593,-649982.64255473)
(-176672.159655971,-185676.044763602,-806384.692055919)
(0,0,0)
(0,0,0)
(0,0,0)
(0,0,0)
(0,0,0)
(0,0,0)
(-467332.607810698,-646078.609360547,363.617005106345)
(-464066.908718563,-646000.726935467,657.617064563548)
(-455227.300040922,-645496.384340677,2315.69789125004)
(-434847.659848634,-644739.274186278,12807.0905935695)
(-389500.939502996,-648591.308917174,63605.2313706329)
(-285666.579339339,-688503.537234138,283694.933356851)
(-292.621083921451,-935169.502333747,-411094.99516802)
(-195992.355740208,-652887.692942824,-351875.921636995)
(-250089.705948815,-483185.839176119,-482660.404139509)
(-179604.186435156,-267445.117168919,-620510.327962878)
(0,0,0)
(0,0,0)
(0,0,0)
(0,0,0)
(0,0,0)
(0,0,0)
(-288718.945785913,-855287.270314624,469.202573853294)
(-287075.339261229,-855766.178239873,1155.51648092035)
(-282770.757042285,-856861.356810471,3002.04665150139)
(-273329.482152459,-859773.694909599,8836.16984110822)
(-254020.568397875,-868491.496431431,23599.7559044702)
(-217617.104226807,-892007.404268802,37046.2987515876)
(-161672.359342641,-929093.535275309,-128651.181470769)
(-184266.741716708,-800579.015452247,-181985.356559871)
(-181477.103544771,-618809.128184228,-266645.579578351)
(-121166.835880506,-352476.906920231,-352777.325528116)
(0,0,0)
(0,0,0)
(0,0,0)
(0,0,0)
(0,0,0)
(0,0,0)
(0,0,0)
(0,0,0)
(0,0,0)
(0,0,0)
(0,0,0)
(0,0,0)
(0,0,0)
(0,0,0)
(0,0,0)
(0,0,0)
(0,0,0)
(0,0,0)
(0,0,0)
(0,0,0)
(0,0,0)
(0,0,0)
(0,0,0)
(0,0,0)
(0,0,0)
(0,0,0)
(0,0,0)
(0,0,0)
(0,0,0)
(0,0,0)
(0,0,0)
(0,0,0)
(0,0,0)
(0,0,0)
(0,0,0)
(0,0,0)
(0,0,0)
(0,0,0)
(0,0,0)
(0,0,0)
(0,0,0)
(0,0,0)
(0,0,0)
(0,0,0)
(0,0,0)
(0,0,0)
(0,0,0)
(0,0,0)
(0,0,0)
(0,0,0)
(0,0,0)
(0,0,0)
(0,0,0)
(0,0,0)
(0,0,0)
(0,0,0)
(0,0,0)
(0,0,0)
(0,0,0)
(0,0,0)
(0,0,0)
(0,0,0)
(0,0,0)
(0,0,0)
(0,0,0)
(0,0,0)
(0,0,0)
(0,0,0)
(0,0,0)
(0,0,0)
(0,0,0)
(0,0,0)
(0,0,0)
(0,0,0)
(0,0,0)
(0,0,0)
(0,0,0)
(0,0,0)
(0,0,0)
(0,0,0)
(0,0,0)
(0,0,0)
(0,0,0)
(0,0,0)
(0,0,0)
(0,0,0)
(0,0,0)
(0,0,0)
(0,0,0)
(0,0,0)
(0,0,0)
(0,0,0)
(0,0,0)
(0,0,0)
(0,0,0)
(0,0,0)
(0,0,0)
(0,0,0)
(0,0,0)
(0,0,0)
(0,0,0)
(0,0,0)
(-433641.360852178,3837.03099257336,2814.62169048257)
(-435302.519591592,3832.84139403706,3287.25126879456)
(-438100.440086782,3995.59452772714,-1518.36241874945)
(-440659.933116808,4999.76953640382,-16066.1344261207)
(-440855.538704886,8131.56513675789,-47255.8703658879)
(-435478.565225432,15309.1380330006,-105066.997647091)
(-420081.349821439,26895.8469627756,-200250.511875666)
(-386794.074779247,34050.0881487723,-331470.213383885)
(-312458.520032916,27368.1307970378,-473379.242667538)
(-180392.26539559,14062.8866314872,-575040.30366298)
(0,0,0)
(0,0,0)
(0,0,0)
(0,0,0)
(0,0,0)
(0,0,0)
(-436993.477405347,4862.64317466162,2759.66675517128)
(-437960.165516606,4860.49486495104,3457.4744324521)
(-439135.668567529,5312.81813854641,-506.849846169621)
(-438558.843052913,7709.42533858366,-12963.0493803705)
(-433132.650816296,15423.067359573,-40158.3724013246)
(-419124.49917865,35474.3190820148,-93519.0756524019)
(-395708.713362469,76616.1281814352,-193196.265712961)
(-372788.612442365,108630.684118276,-338221.616164304)
(-306000.504291918,79944.3391343419,-486742.18761264)
(-177821.17134725,37247.2770417547,-589183.522916768)
(0,0,0)
(0,0,0)
(0,0,0)
(0,0,0)
(0,0,0)
(0,0,0)
(-443361.090854093,-553.042178854716,2736.12732254179)
(-443077.792149797,-491.435975052857,3927.13042787003)
(-441169.33866244,305.217226151376,1883.8481949762)
(-434149.567877362,4058.57164768418,-5295.76164256396)
(-415634.995794303,16566.7806643375,-20229.6614921589)
(-376328.90494478,55338.4545989746,-52573.7874180548)
(-314325.374483151,180473.397778278,-161462.459569843)
(-351283.572147672,342294.534567846,-367094.511888496)
(-301931.018597407,206668.037393554,-529553.133626842)
(-176206.762241727,78686.8584695202,-626531.968551259)
(0,0,0)
(0,0,0)
(0,0,0)
(0,0,0)
(0,0,0)
(0,0,0)
(-451949.0443919,-17422.5788390935,2807.47199677461)
(-450138.554567753,-17272.0435038899,4810.17370077022)
(-444263.292213276,-16265.3707568925,5651.50010243785)
(-428283.621307112,-12655.3160483134,7123.20843827992)
(-388536.699821715,-3809.98564794786,18388.3704168523)
(-289875.00785388,10006.8543107508,72259.7624325521)
(2.31460221433538e-05,-6.65978670585482e-06,1.49899761357865e-05)
(-407452.847892381,-7.00007025790321,-502944.902355546)
(-348469.647276614,503195.916697539,-657728.159014097)
(-188266.789110968,125874.878189975,-705437.462904886)
(0,0,0)
(0,0,0)
(0,0,0)
(0,0,0)
(0,0,0)
(0,0,0)
(-460645.395511345,-52343.6472897851,2987.93266337899)
(-457516.224995778,-52031.630657245,5880.63058538002)
(-448200.788819409,-50632.9348664673,9277.71876272882)
(-424746.97809423,-46432.9356322418,15901.2460076447)
(-369779.702308457,-36779.2356860115,32037.4588102872)
(-247154.626735632,-19657.6070436054,61962.1039449006)
(-9.82607006495864e-06,-1.15119394315198e-06,-1.42031958068822e-06)
(5.46589183938925e-05,-4.15233349676524e-06,2.91782828016981e-05)
(-635577.384299123,-168.814684146359,-1035215.51198701)
(-235811.700643808,19065.2728528913,-831506.862928436)
(0,0,0)
(0,0,0)
(0,0,0)
(0,0,0)
(0,0,0)
(0,0,0)
(-464813.968436575,-113126.218203655,3335.70339798178)
(-460937.394676298,-112734.065845355,7315.20488883004)
(-449906.411985183,-111003.530035531,13492.6791972582)
(-423316.774011511,-105733.514344423,25560.4160868421)
(-363438.494637409,-92088.1509784084,49050.6301841549)
(-236330.812515228,-60462.591667541,81444.4958104158)
(-1.7779381234265e-06,-3.251877537668e-07,1.13415039527037e-12)
(3.88289198233648e-05,-5.95444556929656e-06,1.98259279569513e-05)
(-601917.595572873,-557.810220919473,-1016003.73652481)
(-237677.222383365,-38757.7193812933,-850712.94476751)
(0,0,0)
(0,0,0)
(0,0,0)
(0,0,0)
(0,0,0)
(0,0,0)
(-455467.704930758,-206383.418359191,3829.6665993496)
(-451611.226128903,-206196.48216767,9090.4082847578)
(-441043.757547219,-204990.61670311,18760.7515394165)
(-416380.992272992,-200392.889647589,39201.3446784422)
(-361670.38501658,-185279.662846609,80606.3644271543)
(-242834.555992998,-137112.493576552,141849.267481053)
(3.82682535866975e-06,1.91180808339329e-06,-1.28102528622052e-12)
(5.32484759215724e-05,9.11111249999522e-06,3.13046591494962e-05)
(-659339.428919761,-601213.788100764,-1054019.95094824)
(-237065.268842883,-182288.405109476,-811884.919941159)
(0,0,0)
(0,0,0)
(0,0,0)
(0,0,0)
(0,0,0)
(0,0,0)
(-418097.961643576,-331098.376866893,4067.25900244152)
(-415017.832575442,-331634.450265128,10328.7991242587)
(-406977.392203966,-332506.854515457,23330.8399186968)
(-389547.269203176,-333074.571442794,54282.3039533372)
(-353890.442661661,-329093.936180292,128715.9871974)
(-274829.838896657,-290255.872359795,278909.600188771)
(7.17168484224123e-05,3.83396130009809e-05,1.23089406722084e-05)
(-485023.139961885,-606676.054677895,-601244.341577824)
(-347615.178499673,-411299.42889512,-634933.316379991)
(-175927.206284184,-188537.302006545,-629429.372854708)
(0,0,0)
(0,0,0)
(0,0,0)
(0,0,0)
(0,0,0)
(0,0,0)
(-334520.339818953,-467500.374622971,3589.72976432869)
(-332559.780673677,-469040.780940682,9488.93239499675)
(-327934.616311073,-473052.921687336,22742.3158370314)
(-320134.855255535,-483254.355240855,58209.2950419949)
(-314691.253771476,-513151.115360884,167456.788491068)
(-357127.875086691,-620466.234409317,569128.44628793)
(-738303.345069803,-1096510.75363935,-606667.728098045)
(-362449.81214691,-641065.269048314,-405821.05732092)
(-240742.896755367,-414472.953464965,-411994.341944527)
(-130444.501968429,-208968.956412898,-440722.372004898)
(0,0,0)
(0,0,0)
(0,0,0)
(0,0,0)
(0,0,0)
(0,0,0)
(-191594.188258167,-566709.233250799,2084.10110008534)
(-190661.729007428,-568821.322086869,5451.03199247665)
(-188634.856135031,-574225.893462522,12488.1028604077)
(-185633.460256439,-586661.25290392,28198.9786274513)
(-184312.801711574,-614694.163794674,60034.2603749335)
(-196526.347090996,-674567.834857228,93045.103687036)
(-246374.161343469,-767553.978033665,-151209.869917816)
(-181042.722732344,-616341.009918481,-179158.148032011)
(-131519.490047479,-437311.522224231,-206277.192770032)
(-73578.2257821992,-231296.116339292,-231538.642941946)
(0,0,0)
(0,0,0)
(0,0,0)
(0,0,0)
(0,0,0)
(0,0,0)
(0,0,0)
(0,0,0)
(0,0,0)
(0,0,0)
(0,0,0)
(0,0,0)
(0,0,0)
(0,0,0)
(0,0,0)
(0,0,0)
(0,0,0)
(0,0,0)
(0,0,0)
(0,0,0)
(0,0,0)
(0,0,0)
(0,0,0)
(0,0,0)
(0,0,0)
(0,0,0)
(0,0,0)
(0,0,0)
(0,0,0)
(0,0,0)
(0,0,0)
(0,0,0)
(0,0,0)
(0,0,0)
(0,0,0)
(0,0,0)
(0,0,0)
(0,0,0)
(0,0,0)
(0,0,0)
(0,0,0)
(0,0,0)
(0,0,0)
(0,0,0)
(0,0,0)
(0,0,0)
(0,0,0)
(0,0,0)
(0,0,0)
(0,0,0)
(0,0,0)
(0,0,0)
(0,0,0)
(0,0,0)
(0,0,0)
(0,0,0)
(0,0,0)
(0,0,0)
(0,0,0)
(0,0,0)
(0,0,0)
(0,0,0)
(0,0,0)
(0,0,0)
(0,0,0)
(0,0,0)
(0,0,0)
(0,0,0)
(0,0,0)
(0,0,0)
(0,0,0)
(0,0,0)
(0,0,0)
(0,0,0)
(0,0,0)
(0,0,0)
(0,0,0)
(0,0,0)
(0,0,0)
(0,0,0)
(0,0,0)
(0,0,0)
(0,0,0)
(0,0,0)
(0,0,0)
(0,0,0)
(0,0,0)
(0,0,0)
(0,0,0)
(0,0,0)
(0,0,0)
(0,0,0)
(0,0,0)
(0,0,0)
(0,0,0)
(0,0,0)
(0,0,0)
(0,0,0)
(0,0,0)
(0,0,0)
(0,0,0)
(0,0,0)
(-435376.619290034,634.983131957581,1100.275305905)
(-435948.641088079,1279.84982453037,466.546977862034)
(-436519.097218295,3029.23383651077,-4144.02972714081)
(-435697.521759022,7160.12348840081,-16266.5645733251)
(-431225.836018743,15920.5952202898,-41816.8624797551)
(-419432.667443014,31743.077414799,-89605.8376769758)
(-394145.542938702,51351.7309577651,-166893.375517483)
(-344771.141123442,48115.3265702129,-257031.635743487)
(-262106.672190665,33851.0249297704,-341234.508515518)
(-143605.094096304,16652.3144209294,-394673.994235728)
(0,0,0)
(0,0,0)
(0,0,0)
(0,0,0)
(0,0,0)
(0,0,0)
(-436690.981275315,-1361.32270098064,1693.80970290177)
(-437066.066094885,-140.256085706909,2219.81619142182)
(-437283.23492737,3380.2670119392,16.3493758405269)
(-436068.484881267,12211.0407962195,-7524.92610362931)
(-431626.65818012,32987.6583821796,-26097.9819016929)
(-421749.8652112,78335.3359083337,-70064.8743626718)
(-402261.853238828,158045.076538405,-170205.08006695)
(-353730.303884406,130162.682265194,-271310.744319875)
(-269015.386087811,84016.857164963,-358461.694759175)
(-147072.066035624,38837.1884936726,-411395.674143547)
(0,0,0)
(0,0,0)
(0,0,0)
(0,0,0)
(0,0,0)
(0,0,0)
(-438583.350633607,-9060.07873301265,2921.01581154905)
(-438643.220253572,-7446.14820610322,5792.33603572149)
(-438223.582197541,-2677.086672021,8903.93325479192)
(-436260.106364285,9997.31839863201,13228.1941393102)
(-432237.005065025,43716.2783224518,19101.583469761)
(-430171.808988847,141820.896372847,9458.92704931571)
(-443299.400043165,494765.659165994,-198287.630018248)
(-387914.005076061,286071.66613536,-317566.180960025)
(-291862.128827353,160085.270129742,-403703.483694863)
(-157362.422937346,66575.9421534226,-450286.576658989)
(0,0,0)
(0,0,0)
(0,0,0)
(0,0,0)
(0,0,0)
(0,0,0)
(-439462.628279519,-26082.4658935697,4535.97104817942)
(-439142.633629392,-24540.6770985848,10634.5790023084)
(-437849.993996138,-20075.5883220305,21619.7824351839)
(-434474.683859018,-9047.68417599672,46855.8475617124)
(-430000.130964379,15003.5085776544,117032.048449168)
(-445908.31598363,52735.5110363464,362150.741915412)
(-657646.526454351,-154.157179941517,-407226.080863192)
(-492126.139331242,407256.296118317,-443737.419407284)
(-350779.483024093,216037.757042097,-497380.070572177)
(-180374.225312512,78337.7666349076,-517034.458852104)
(0,0,0)
(0,0,0)
(0,0,0)
(0,0,0)
(0,0,0)
(0,0,0)
(-436429.918671839,-56406.3889835154,6108.4462504396)
(-435798.562108326,-55329.0503948786,15179.1566592747)
(-433555.746484098,-52226.3890743005,32684.915076223)
(-427013.485704425,-44937.7571057935,70841.4956162079)
(-408130.375606717,-30413.7872711793,154609.464763314)
(-340021.723517549,-8842.40037716001,309054.472958733)
(3.78366143300098e-05,-1.89838036945212e-05,-3.22274679951284e-05)
(-650766.147525481,-213.099503790529,-635119.244130085)
(-452910.087830754,33437.3774761406,-635186.161032491)
(-214395.730106133,17209.9139378886,-595474.278873149)
(0,0,0)
(0,0,0)
(0,0,0)
(0,0,0)
(0,0,0)
(0,0,0)
(-424893.59511002,-103560.311587315,7233.5492772421)
(-424175.298731848,-103218.960627929,18361.3635658422)
(-421809.634279142,-101988.029326034,40026.2261115369)
(-414925.42983803,-98678.5179800927,85375.6428123561)
(-394282.326578799,-90252.9995225271,176058.687005096)
(-319820.71908755,-66942.3175286576,317648.510728913)
(2.8358929255813e-05,-2.9271661275192e-05,-2.3565987980782e-05)
(-611728.356963685,-139.370666235799,-601385.427132275)
(-460465.32093685,-57988.1329184584,-651412.191373679)
(-220996.655382348,-38132.8401038248,-612750.004332977)
(0,0,0)
(0,0,0)
(0,0,0)
(0,0,0)
(0,0,0)
(0,0,0)
(-397937.508432301,-168779.416316883,7688.90823110458)
(-397439.053524419,-169391.013392,19688.7883906873)
(-395971.805578246,-170771.95770385,43400.764799528)
(-392034.349883122,-173462.711239258,93838.3156688165)
(-379938.79791575,-177445.802216697,199299.531262152)
(-325919.912101136,-169061.483713632,384504.053555275)
(4.05780787145177e-05,-4.02104144290958e-05,-3.05115205507784e-05)
(-673785.721836178,-484784.4698686,-659031.393473503)
(-455539.231350012,-289395.848138729,-631423.875822969)
(-211012.310631114,-121089.581485186,-574520.092653375)
(0,0,0)
(0,0,0)
(0,0,0)
(0,0,0)
(0,0,0)
(0,0,0)
(-346704.736521975,-247318.249117845,7145.60767935916)
(-346628.32146405,-249024.419668888,18389.502844853)
(-346719.363704153,-253402.44555039,40761.9621915789)
(-348473.4904645,-263646.74987797,89872.2220916155)
(-359303.945991816,-289831.59451783,207671.517722907)
(-417405.376999361,-372410.219885811,553595.791997794)
(-753857.410284574,-737990.122817895,-484790.10236476)
(-507120.095083875,-483900.303408698,-463577.31370268)
(-333312.76249594,-304309.915939211,-462965.661905915)
(-163755.288554214,-142987.655380639,-453239.505740442)
(0,0,0)
(0,0,0)
(0,0,0)
(0,0,0)
(0,0,0)
(0,0,0)
(-262843.895890105,-324517.419194735,5522.72614804191)
(-263048.181412652,-327120.084192894,14106.7914110209)
(-264018.091733528,-333765.966042791,30553.7873258791)
(-268064.701654286,-348795.017671958,63631.9015186227)
(-283114.973966976,-382781.446175849,125005.473372137)
(-332659.458971855,-459840.769602191,187967.606973689)
(-453067.859499627,-604517.448760882,-230740.552653494)
(-333526.664056842,-459585.283371605,-283978.720780655)
(-222361.175103025,-305186.641387187,-301483.716985016)
(-112768.129729562,-152076.576025995,-310071.168578515)
(0,0,0)
(0,0,0)
(0,0,0)
(0,0,0)
(0,0,0)
(0,0,0)
(-143830.979945369,-375255.95272663,2975.32521909925)
(-143996.631395771,-378277.130938363,7467.27435290795)
(-144731.105054733,-385709.834463132,15507.3916929448)
(-147269.199230036,-401182.018362582,29530.1313571678)
(-154885.133393227,-430516.765447249,47837.7823102336)
(-173612.961878096,-478142.891690687,43226.5191858313)
(-200559.398674389,-521239.160531596,-85866.5317125423)
(-161661.738593237,-435272.521779072,-129560.277444183)
(-112316.165615159,-305746.969769772,-148203.273493916)
(-58327.6431977493,-157701.950342674,-157828.481761697)
(0,0,0)
(0,0,0)
(0,0,0)
(0,0,0)
(0,0,0)
(0,0,0)
(0,0,0)
(0,0,0)
(0,0,0)
(0,0,0)
(0,0,0)
(0,0,0)
(0,0,0)
(0,0,0)
(0,0,0)
(0,0,0)
(0,0,0)
(0,0,0)
(0,0,0)
(0,0,0)
(0,0,0)
(0,0,0)
(0,0,0)
(0,0,0)
(0,0,0)
(0,0,0)
(0,0,0)
(0,0,0)
(0,0,0)
(0,0,0)
(0,0,0)
(0,0,0)
(0,0,0)
(0,0,0)
(0,0,0)
(0,0,0)
(0,0,0)
(0,0,0)
(0,0,0)
(0,0,0)
(0,0,0)
(0,0,0)
(0,0,0)
(0,0,0)
(0,0,0)
(0,0,0)
(0,0,0)
(0,0,0)
(0,0,0)
(0,0,0)
(0,0,0)
(0,0,0)
(0,0,0)
(0,0,0)
(0,0,0)
(0,0,0)
(0,0,0)
(0,0,0)
(0,0,0)
(0,0,0)
(0,0,0)
(0,0,0)
(0,0,0)
(0,0,0)
(0,0,0)
(0,0,0)
(0,0,0)
(0,0,0)
(0,0,0)
(0,0,0)
(0,0,0)
(0,0,0)
(0,0,0)
(0,0,0)
(0,0,0)
(0,0,0)
(0,0,0)
(0,0,0)
(0,0,0)
(0,0,0)
(0,0,0)
(0,0,0)
(0,0,0)
(0,0,0)
(0,0,0)
(0,0,0)
(0,0,0)
(0,0,0)
(0,0,0)
(0,0,0)
(0,0,0)
(0,0,0)
(0,0,0)
(0,0,0)
(0,0,0)
(0,0,0)
(0,0,0)
(0,0,0)
(0,0,0)
(0,0,0)
(0,0,0)
(0,0,0)
(-435345.627876929,-529.717501650881,498.726088537558)
(-435629.844158192,273.823992645264,-93.894833995154)
(-435661.44032904,2368.47932458516,-3320.03104782787)
(-434184.343326534,6906.27636212808,-11739.485842452)
(-428702.12048181,15639.9604176462,-29903.1617970327)
(-414635.375508604,29494.5457331913,-64194.9994646241)
(-384160.613768995,43269.5280142424,-117449.456648572)
(-327097.251567825,39149.7415054371,-174273.087709624)
(-240693.143395625,26905.8443148101,-222592.460819471)
(-128311.334826613,13158.2797879107,-251044.499877077)
(0,0,0)
(0,0,0)
(0,0,0)
(0,0,0)
(0,0,0)
(0,0,0)
(-435453.847455975,-3021.10725211619,1254.25593112679)
(-436021.12105479,-1508.15769472486,1991.29257839798)
(-436839.848239238,2660.5336526593,1255.85156219231)
(-437154.093561125,12245.47886744,-2997.74226325691)
(-435414.259697193,32552.0401417601,-16122.2204702981)
(-427931.987987138,70035.5601657922,-50481.1121269656)
(-404978.420274131,117099.229766291,-121594.246843708)
(-345769.326114119,96061.8634509061,-186467.346559473)
(-253451.634499153,61212.20067874,-236337.454512051)
(-134510.607749854,28534.7400914753,-264275.373101392)
(0,0,0)
(0,0,0)
(0,0,0)
(0,0,0)
(0,0,0)
(0,0,0)
(-434716.70309467,-9702.11186244415,2814.35707139293)
(-435841.830966263,-7714.72453383727,6219.53462319585)
(-438215.661599221,-2053.9259544319,10926.0736319642)
(-442406.302215364,11991.9166677311,17325.8316827482)
(-449717.940352005,46098.4126037151,21260.3945077743)
(-461503.510363081,126177.037673957,-3549.38162615448)
(-467438.593255388,280431.566732558,-142742.525380199)
(-395102.186930422,181849.345398168,-221341.825473115)
(-284164.112783313,101175.057129282,-269002.697967697)
(-148578.722397158,43548.2939558902,-292799.952372291)
(0,0,0)
(0,0,0)
(0,0,0)
(0,0,0)
(0,0,0)
(0,0,0)
(-431121.764919946,-22882.219376878,4839.24415486636)
(-432985.424203152,-20982.2335770227,11949.5437718095)
(-437494.290908619,-15512.8633230624,25052.7780529173)
(-447450.162477687,-1375.85676618199,51396.0301055047)
(-470724.449383645,37025.5469230035,101193.214205485)
(-527716.47308966,158684.126321192,150494.282664295)
(-642637.660713752,657433.003254042,-241516.0195978)
(-498186.068246266,248544.566779632,-302151.312064221)
(-338914.393261521,113879.90784739,-326721.252544911)
(-171446.485924666,44321.0124568832,-336421.710433751)
(0,0,0)
(0,0,0)
(0,0,0)
(0,0,0)
(0,0,0)
(0,0,0)
(-421400.902300234,-44701.1599351815,6789.92418669789)
(-423974.15040695,-43513.6979555522,17496.9768638539)
(-430589.383486978,-40239.5358486724,39257.2863923506)
(-446275.80959111,-32620.9203239795,89764.6738368314)
(-487682.058814695,-16401.1438258719,222743.047793686)
(-619063.868773699,11347.4556438532,649121.863727169)
(-1142439.62397842,-438.953227415289,-650507.77203905)
(-654528.49757703,38718.8071879224,-436919.662395786)
(-405494.118163208,25883.1571717569,-396338.881387694)
(-196279.378645766,10648.3342778176,-380782.554669)
(0,0,0)
(0,0,0)
(0,0,0)
(0,0,0)
(0,0,0)
(0,0,0)
(-401232.74121614,-76376.0372496179,8014.02342055748)
(-404261.642191615,-76246.6874112529,20833.3563360227)
(-412227.496281732,-75914.7785330611,46926.4610229999)
(-431071.534420172,-75543.6921993769,105995.337480541)
(-479430.9546236,-75684.7626363706,250427.58433584)
(-622410.560781706,-72885.6287461721,637250.51042003)
(-1118410.81520234,96.4037828719548,-611331.873718691)
(-672381.623183869,-62190.4103278223,-449769.389982738)
(-419722.7564287,-53026.2661528961,-411602.531166267)
(-202373.291703576,-28121.1762423646,-391456.38432485)
(0,0,0)
(0,0,0)
(0,0,0)
(0,0,0)
(0,0,0)
(0,0,0)
(-365221.763761263,-117292.905465932,8201.12354527856)
(-368382.777861176,-118332.388421735,21230.5488925199)
(-376713.778247629,-121330.099907556,47387.8429363986)
(-396348.816373398,-129758.948834857,105917.566062163)
(-446201.224815513,-156696.026478182,253191.256803737)
(-595423.03348554,-260390.327369865,710199.076811851)
(-1163287.36473935,-753515.066774348,-673557.699752019)
(-651022.104727832,-317972.982854171,-440538.744334026)
(-395370.980104003,-167110.666068043,-386622.5956649)
(-188722.760608839,-73809.1439960275,-363224.177933506)
(0,0,0)
(0,0,0)
(0,0,0)
(0,0,0)
(0,0,0)
(0,0,0)
(-308000.628545888,-163212.572774659,7215.55933263968)
(-310840.594697258,-165218.345267083,18313.7894111963)
(-318244.22941449,-170541.987703264,39050.5429172375)
(-335037.781800867,-183154.475416853,79010.360835599)
(-372905.930340794,-213571.122410457,149487.441116857)
(-457820.34789786,-287565.421179542,217077.505825027)
(-615262.092691289,-437041.968344512,-237990.910198087)
(-463249.596526371,-310199.180923635,-289635.210686136)
(-303562.621921113,-193297.121086564,-293198.896242454)
(-149538.700647219,-91975.1265067788,-289249.501638694)
(0,0,0)
(0,0,0)
(0,0,0)
(0,0,0)
(0,0,0)
(0,0,0)
(-226006.879057198,-205346.251544099,5296.66193653585)
(-228139.093636957,-207931.940873692,13101.1697674505)
(-233570.593365683,-214380.695576121,26492.3792724659)
(-245318.890610553,-227945.061708349,48537.1545202263)
(-269065.287423432,-254514.172893055,75430.5184592788)
(-311545.849377085,-300789.349100105,67540.8367850682)
(-359350.945841877,-351988.412793911,-111229.632423297)
(-294502.893516009,-287684.359039806,-172768.224847952)
(-201562.624470354,-195112.661369606,-191751.235197574)
(-101754.202863821,-97616.4999461389,-197123.788623955)
(0,0,0)
(0,0,0)
(0,0,0)
(0,0,0)
(0,0,0)
(0,0,0)
(-120512.652048269,-231430.680256191,2766.10081499251)
(-121627.902008268,-234231.742943573,6697.17349736994)
(-124434.74784322,-240929.120356493,12949.2410662282)
(-130245.847844511,-253899.787479978,21880.6154523313)
(-140949.432031546,-275657.440123941,29088.181321533)
(-156998.276996608,-304582.465156294,16266.6124962284)
(-168578.314075782,-320696.892993495,-47005.9919027925)
(-142615.174788195,-273544.742966315,-80192.1717813272)
(-100162.604358526,-193335.443644934,-94122.9507626329)
(-51367.317195221,-99313.4177435579,-99386.3589677408)
(0,0,0)
(0,0,0)
(0,0,0)
(0,0,0)
(0,0,0)
(0,0,0)
(0,0,0)
(0,0,0)
(0,0,0)
(0,0,0)
(0,0,0)
(0,0,0)
(0,0,0)
(0,0,0)
(0,0,0)
(0,0,0)
(0,0,0)
(0,0,0)
(0,0,0)
(0,0,0)
(0,0,0)
(0,0,0)
(0,0,0)
(0,0,0)
(0,0,0)
(0,0,0)
(0,0,0)
(0,0,0)
(0,0,0)
(0,0,0)
(0,0,0)
(0,0,0)
(0,0,0)
(0,0,0)
(0,0,0)
(0,0,0)
(0,0,0)
(0,0,0)
(0,0,0)
(0,0,0)
(0,0,0)
(0,0,0)
(0,0,0)
(0,0,0)
(0,0,0)
(0,0,0)
(0,0,0)
(0,0,0)
(0,0,0)
(0,0,0)
(0,0,0)
(0,0,0)
(0,0,0)
(0,0,0)
(0,0,0)
(0,0,0)
(0,0,0)
(0,0,0)
(0,0,0)
(0,0,0)
(0,0,0)
(0,0,0)
(0,0,0)
(0,0,0)
(0,0,0)
(0,0,0)
(0,0,0)
(0,0,0)
(0,0,0)
(0,0,0)
(0,0,0)
(0,0,0)
(0,0,0)
(0,0,0)
(0,0,0)
(0,0,0)
(0,0,0)
(0,0,0)
(0,0,0)
(0,0,0)
(0,0,0)
(0,0,0)
(0,0,0)
(0,0,0)
(0,0,0)
(0,0,0)
(0,0,0)
(0,0,0)
(0,0,0)
(0,0,0)
(0,0,0)
(0,0,0)
(0,0,0)
(0,0,0)
(0,0,0)
(0,0,0)
(0,0,0)
(0,0,0)
(0,0,0)
(0,0,0)
(0,0,0)
(0,0,0)
(-435057.397465968,-512.220737130013,223.990326169711)
(-435340.224215944,2.94380494002869,-68.5734210105381)
(-435383.625905257,1342.48860457502,-1688.87644937257)
(-433940.214568585,4102.01109330104,-6035.01630062163)
(-428240.525283713,9073.14075142023,-15569.7522501329)
(-413011.796607773,16264.4167770192,-33457.7479279869)
(-379880.019653037,22445.839405547,-60184.1814494974)
(-319994.321844923,20427.2111150413,-87714.3222874431)
(-232467.450614699,14123.6025670502,-110063.617635412)
(-122621.646423118,6946.70430619089,-122700.010345101)
(0,0,0)
(0,0,0)
(0,0,0)
(0,0,0)
(0,0,0)
(0,0,0)
(-434601.276259777,-2081.63122908442,716.839295756311)
(-435441.728734268,-1119.59814293155,1259.98892310605)
(-436860.76685926,1525.2599593859,1098.13618831453)
(-438189.09007217,7270.5431134088,-1035.3993207516)
(-437443.599312824,18464.9109353131,-8397.8298890131)
(-429346.404124308,36587.2970692313,-27306.2940440529)
(-402312.281494416,54688.7056947604,-62215.2991129733)
(-340345.855280903,46756.0177792286,-93967.5766103783)
(-246575.024746293,30499.0485005399,-117219.632296723)
(-129541.14131912,14440.3447858757,-129682.739207134)
(0,0,0)
(0,0,0)
(0,0,0)
(0,0,0)
(0,0,0)
(0,0,0)
(-432687.790433954,-5850.53196139796,1739.98807159652)
(-434561.026329774,-4588.32950031297,3927.9147924917)
(-438611.621571922,-1030.78288033318,6879.9176049113)
(-445709.39218151,7264.45538897648,10189.0952954926)
(-456116.650805619,25348.9922246076,9703.72445981607)
(-466067.790593596,60113.7630650998,-9258.46130553782)
(-457049.309944443,105250.922985263,-70209.9619069867)
(-387079.361300969,78740.2088073866,-110216.978564588)
(-277032.993175237,46391.9228766731,-133240.972548811)
(-143925.279598494,20640.4243018087,-144094.494863408)
(0,0,0)
(0,0,0)
(0,0,0)
(0,0,0)
(0,0,0)
(0,0,0)
(-427082.934090388,-12946.7458006012,3057.38300964137)
(-430299.897845635,-11731.6180666002,7515.14521841052)
(-437926.206601182,-8298.58015261208,15214.8581832591)
(-453349.143137686,108.077105929598,28270.2171263029)
(-481820.352622143,20320.9594357805,44394.1531536243)
(-526434.733945571,67468.1471119094,35758.0299627211)
(-562417.193122069,157634.608131836,-96846.1227755242)
(-465824.835855668,92164.5089632862,-142631.655322019)
(-323385.506145221,47248.584625353,-159017.204187013)
(-164527.853537375,19457.4761381644,-164752.888410659)
(0,0,0)
(0,0,0)
(0,0,0)
(0,0,0)
(0,0,0)
(0,0,0)
(-414367.434988559,-24293.246919913,4313.03380764036)
(-418830.127085162,-23545.7600952834,10983.1525145352)
(-429993.558763878,-21568.3345429266,23657.0821817547)
(-453865.788859772,-17104.60327388,48459.741830223)
(-502485.816737364,-7891.13185205742,91475.591040729)
(-594105.099900419,8117.99012413364,125866.979155229)
(-720137.526321071,23559.6840916941,-162360.194462004)
(-558007.292370666,20860.3896229774,-187577.280328031)
(-370628.849676959,11639.3802950944,-186833.344484024)
(-183983.110929512,4556.13278782044,-184228.268849928)
(0,0,0)
(0,0,0)
(0,0,0)
(0,0,0)
(0,0,0)
(0,0,0)
(-390464.209027155,-40127.7613912799,5065.98228238459)
(-395631.426963036,-40099.9337041344,12989.9406626582)
(-408817.702299201,-40129.1920957348,28141.0042329303)
(-437154.425198293,-40545.4332842346,57664.7250214037)
(-494924.565600182,-42188.9572134939,107456.161359424)
(-602430.446193408,-45702.6723602639,141296.709255519)
(-743817.129808019,-44689.8781138741,-165047.413933239)
(-578931.867684993,-40813.1582731983,-196823.621535935)
(-382268.459498313,-28663.9000319165,-193974.638139323)
(-188519.567012586,-14462.7478076493,-188809.482234849)
(0,0,0)
(0,0,0)
(0,0,0)
(0,0,0)
(0,0,0)
(0,0,0)
(-350672.302524441,-59777.3744299432,5100.15180183716)
(-355863.474180421,-60515.2996829932,12996.2140999439)
(-369001.176260266,-62645.0556774569,27799.4756943018)
(-396900.283490289,-68262.8444221847,56068.3539491408)
(-453001.043176857,-83243.7752123317,103922.990309319)
(-556897.399212486,-122624.627543621,142319.311219611)
(-699218.467545844,-205314.674775912,-161124.789311825)
(-538176.160874005,-130124.111997787,-184659.779441067)
(-353639.864657525,-75287.0869674309,-179767.707952029)
(-174050.207672168,-34614.0543659238,-174288.95433043)
(0,0,0)
(0,0,0)
(0,0,0)
(0,0,0)
(0,0,0)
(0,0,0)
(-291222.774895945,-80959.3031205594,4404.07504066991)
(-295648.782293923,-82249.3549238591,10946.3178782047)
(-306605.958304878,-85626.1681640553,22289.1592551958)
(-328890.349850791,-93244.6462699818,41123.5291529174)
(-369960.496268927,-109593.411336028,64527.7312047534)
(-434388.191549408,-141167.799391959,59638.7467046385)
(-493990.526749085,-181030.794174685,-85916.6998387883)
(-408080.425338498,-141401.175838173,-129808.807186258)
(-278334.129534833,-91294.1596510817,-139030.226888902)
(-139426.874284192,-44181.9293072751,-139574.178310573)
(0,0,0)
(0,0,0)
(0,0,0)
(0,0,0)
(0,0,0)
(0,0,0)
(-210464.216016954,-99675.9478951868,3173.98173437976)
(-213632.723646973,-101232.722137756,7650.97895829434)
(-221213.39173277,-105059.605122936,14727.2142842625)
(-235884.74586952,-112699.935289887,24748.3585631315)
(-260564.052510349,-126267.60096154,32921.3132755637)
(-293384.104924613,-146154.525537736,19746.2949688715)
(-313080.91902524,-161187.287185593,-46367.2388368584)
(-266700.938588699,-135816.803154758,-79753.5664475865)
(-187006.529913457,-93754.4846955031,-91849.3359600625)
(-95248.3562297719,-47244.0953794753,-95293.0165219111)
(0,0,0)
(0,0,0)
(0,0,0)
(0,0,0)
(0,0,0)
(0,0,0)
(-110905.386775772,-110920.818311411,1637.60514372769)
(-112539.828710701,-112544.718004072,3861.52771247702)
(-116337.252761525,-116407.9440021,7112.37150994436)
(-123402.683223015,-123554.748651529,11124.0202500907)
(-134464.310763773,-134616.696179904,12987.9942006821)
(-147347.544472276,-147490.670347273,4673.40648588899)
(-151967.411253748,-152063.45369307,-21061.3298286662)
(-130870.673985044,-130901.599387699,-37721.0343988786)
(-93193.8968946131,-93159.9680833478,-45284.2584749479)
(-47970.9949139273,-47934.0810083143,-47990.5951274031)
(0,0,0)
(0,0,0)
(0,0,0)
(0,0,0)
(0,0,0)
(0,0,0)
(0,0,0)
(0,0,0)
(0,0,0)
(0,0,0)
(0,0,0)
(0,0,0)
(0,0,0)
(0,0,0)
(0,0,0)
(0,0,0)
(0,0,0)
(0,0,0)
(0,0,0)
(0,0,0)
(0,0,0)
(0,0,0)
(0,0,0)
(0,0,0)
(0,0,0)
(0,0,0)
(0,0,0)
(0,0,0)
(0,0,0)
(0,0,0)
(0,0,0)
(0,0,0)
(0,0,0)
(0,0,0)
(0,0,0)
(0,0,0)
(0,0,0)
(0,0,0)
(0,0,0)
(0,0,0)
(0,0,0)
(0,0,0)
(0,0,0)
(0,0,0)
(0,0,0)
(0,0,0)
(0,0,0)
(0,0,0)
(0,0,0)
(0,0,0)
(0,0,0)
(0,0,0)
(0,0,0)
(0,0,0)
(0,0,0)
(0,0,0)
(0,0,0)
(0,0,0)
(0,0,0)
(0,0,0)
(0,0,0)
(0,0,0)
(0,0,0)
(0,0,0)
(0,0,0)
(0,0,0)
(0,0,0)
(0,0,0)
(0,0,0)
(0,0,0)
(0,0,0)
(0,0,0)
(0,0,0)
(0,0,0)
(0,0,0)
(0,0,0)
(0,0,0)
(0,0,0)
(0,0,0)
(0,0,0)
(0,0,0)
(0,0,0)
(0,0,0)
(0,0,0)
(0,0,0)
(0,0,0)
(0,0,0)
(0,0,0)
(0,0,0)
(0,0,0)
(0,0,0)
(0,0,0)
(0,0,0)
(0,0,0)
(0,0,0)
(0,0,0)
(0,0,0)
(0,0,0)
(0,0,0)
(0,0,0)
(0,0,0)
(0,0,0)
(0,0,0)
(0,0,0)
(0,0,0)
(0,0,0)
(0,0,0)
(0,0,0)
(0,0,0)
(0,0,0)
(0,0,0)
(0,0,0)
(0,0,0)
(0,0,0)
(0,0,0)
(0,0,0)
(0,0,0)
(0,0,0)
(0,0,0)
(0,0,0)
(0,0,0)
(0,0,0)
(0,0,0)
(0,0,0)
(0,0,0)
(0,0,0)
(0,0,0)
(0,0,0)
(0,0,0)
(0,0,0)
(0,0,0)
(0,0,0)
(0,0,0)
(0,0,0)
(0,0,0)
(0,0,0)
(0,0,0)
(0,0,0)
(0,0,0)
(0,0,0)
(0,0,0)
(0,0,0)
(0,0,0)
(0,0,0)
(0,0,0)
(0,0,0)
(0,0,0)
(0,0,0)
(0,0,0)
(0,0,0)
(0,0,0)
(0,0,0)
(0,0,0)
(0,0,0)
(0,0,0)
(0,0,0)
(0,0,0)
(0,0,0)
(0,0,0)
(0,0,0)
(0,0,0)
(0,0,0)
(0,0,0)
(0,0,0)
(0,0,0)
(0,0,0)
(0,0,0)
(0,0,0)
(0,0,0)
(0,0,0)
(0,0,0)
(0,0,0)
(0,0,0)
(0,0,0)
(0,0,0)
(0,0,0)
(0,0,0)
(0,0,0)
(0,0,0)
(0,0,0)
(0,0,0)
(0,0,0)
(0,0,0)
(0,0,0)
(0,0,0)
(0,0,0)
(0,0,0)
(0,0,0)
(0,0,0)
(0,0,0)
(0,0,0)
(0,0,0)
(0,0,0)
(0,0,0)
(0,0,0)
(0,0,0)
(0,0,0)
(0,0,0)
(0,0,0)
(0,0,0)
(0,0,0)
(0,0,0)
(0,0,0)
(0,0,0)
(0,0,0)
(0,0,0)
(0,0,0)
(0,0,0)
(0,0,0)
(0,0,0)
(0,0,0)
(0,0,0)
(0,0,0)
(0,0,0)
(0,0,0)
(0,0,0)
(0,0,0)
(0,0,0)
(0,0,0)
(0,0,0)
(0,0,0)
(0,0,0)
(0,0,0)
(0,0,0)
(0,0,0)
(0,0,0)
(0,0,0)
(0,0,0)
(0,0,0)
(0,0,0)
(0,0,0)
(0,0,0)
(0,0,0)
(0,0,0)
(0,0,0)
(0,0,0)
(0,0,0)
(0,0,0)
(0,0,0)
(0,0,0)
(0,0,0)
(0,0,0)
(0,0,0)
(0,0,0)
(0,0,0)
(0,0,0)
(0,0,0)
(0,0,0)
(0,0,0)
(0,0,0)
(0,0,0)
(0,0,0)
(0,0,0)
(0,0,0)
(0,0,0)
(0,0,0)
(0,0,0)
(0,0,0)
(0,0,0)
(0,0,0)
(0,0,0)
(0,0,0)
(0,0,0)
(0,0,0)
(0,0,0)
(0,0,0)
(0,0,0)
(0,0,0)
(0,0,0)
(0,0,0)
(0,0,0)
(0,0,0)
(0,0,0)
(0,0,0)
(0,0,0)
(0,0,0)
(0,0,0)
(0,0,0)
(0,0,0)
(0,0,0)
(0,0,0)
(0,0,0)
(0,0,0)
(0,0,0)
(0,0,0)
(0,0,0)
(0,0,0)
(0,0,0)
(0,0,0)
(0,0,0)
(0,0,0)
(0,0,0)
(0,0,0)
(0,0,0)
(0,0,0)
(0,0,0)
(0,0,0)
(0,0,0)
(0,0,0)
(0,0,0)
(0,0,0)
(0,0,0)
(0,0,0)
(0,0,0)
(0,0,0)
(0,0,0)
(0,0,0)
(0,0,0)
(0,0,0)
(0,0,0)
(0,0,0)
(0,0,0)
(0,0,0)
(0,0,0)
(0,0,0)
(0,0,0)
(0,0,0)
(0,0,0)
(0,0,0)
(0,0,0)
(0,0,0)
(0,0,0)
(0,0,0)
(0,0,0)
(0,0,0)
(0,0,0)
(0,0,0)
(0,0,0)
(0,0,0)
(0,0,0)
(0,0,0)
(0,0,0)
(0,0,0)
(0,0,0)
(0,0,0)
(0,0,0)
(0,0,0)
(0,0,0)
(0,0,0)
(0,0,0)
(0,0,0)
(0,0,0)
(0,0,0)
(0,0,0)
(0,0,0)
(0,0,0)
(0,0,0)
(0,0,0)
(0,0,0)
(0,0,0)
(0,0,0)
(0,0,0)
(0,0,0)
(0,0,0)
(0,0,0)
(0,0,0)
(0,0,0)
(0,0,0)
(0,0,0)
(0,0,0)
(0,0,0)
(0,0,0)
(0,0,0)
(0,0,0)
(0,0,0)
(0,0,0)
(0,0,0)
(0,0,0)
(0,0,0)
(0,0,0)
(0,0,0)
(0,0,0)
(0,0,0)
(0,0,0)
(0,0,0)
(0,0,0)
(0,0,0)
(0,0,0)
(0,0,0)
(0,0,0)
(0,0,0)
(0,0,0)
(0,0,0)
(0,0,0)
(0,0,0)
(0,0,0)
(0,0,0)
(0,0,0)
(0,0,0)
(0,0,0)
(0,0,0)
(0,0,0)
(0,0,0)
(0,0,0)
(0,0,0)
(0,0,0)
(0,0,0)
(0,0,0)
(0,0,0)
(0,0,0)
(0,0,0)
(0,0,0)
(0,0,0)
(0,0,0)
(0,0,0)
(0,0,0)
(0,0,0)
(0,0,0)
(0,0,0)
(0,0,0)
(0,0,0)
(0,0,0)
(0,0,0)
(0,0,0)
(0,0,0)
(0,0,0)
(0,0,0)
(0,0,0)
(0,0,0)
(0,0,0)
(0,0,0)
(0,0,0)
(0,0,0)
(0,0,0)
(0,0,0)
(0,0,0)
(0,0,0)
(0,0,0)
(0,0,0)
(0,0,0)
(0,0,0)
(0,0,0)
(0,0,0)
(0,0,0)
(0,0,0)
(0,0,0)
(0,0,0)
(0,0,0)
(0,0,0)
(0,0,0)
(0,0,0)
(0,0,0)
(0,0,0)
(0,0,0)
(0,0,0)
(0,0,0)
(0,0,0)
(0,0,0)
(0,0,0)
(0,0,0)
(0,0,0)
(0,0,0)
(0,0,0)
(0,0,0)
(0,0,0)
(0,0,0)
(0,0,0)
(0,0,0)
(0,0,0)
(0,0,0)
(0,0,0)
(0,0,0)
(0,0,0)
(0,0,0)
(0,0,0)
(0,0,0)
(0,0,0)
(0,0,0)
(0,0,0)
(0,0,0)
(0,0,0)
(0,0,0)
(0,0,0)
(0,0,0)
(0,0,0)
(0,0,0)
(0,0,0)
(0,0,0)
(0,0,0)
(0,0,0)
(0,0,0)
(0,0,0)
(0,0,0)
(0,0,0)
(0,0,0)
(0,0,0)
(0,0,0)
(0,0,0)
(0,0,0)
(0,0,0)
(0,0,0)
(0,0,0)
(0,0,0)
(0,0,0)
(0,0,0)
(0,0,0)
(0,0,0)
(0,0,0)
(0,0,0)
(0,0,0)
(0,0,0)
(0,0,0)
(0,0,0)
(0,0,0)
(0,0,0)
(0,0,0)
(0,0,0)
(0,0,0)
(0,0,0)
(0,0,0)
(0,0,0)
(0,0,0)
(0,0,0)
(0,0,0)
(0,0,0)
(0,0,0)
(0,0,0)
(0,0,0)
(0,0,0)
(0,0,0)
(0,0,0)
(0,0,0)
(0,0,0)
(0,0,0)
(0,0,0)
(0,0,0)
(0,0,0)
(0,0,0)
(0,0,0)
(0,0,0)
(0,0,0)
(0,0,0)
(0,0,0)
(0,0,0)
(0,0,0)
(0,0,0)
(0,0,0)
(0,0,0)
(0,0,0)
(0,0,0)
(0,0,0)
(0,0,0)
(0,0,0)
(0,0,0)
(0,0,0)
(0,0,0)
(0,0,0)
(0,0,0)
(0,0,0)
(0,0,0)
(0,0,0)
(0,0,0)
(0,0,0)
(0,0,0)
(0,0,0)
(0,0,0)
(0,0,0)
(0,0,0)
(0,0,0)
(0,0,0)
(0,0,0)
(0,0,0)
(0,0,0)
(0,0,0)
(0,0,0)
(0,0,0)
(0,0,0)
(0,0,0)
(0,0,0)
(0,0,0)
(0,0,0)
(0,0,0)
(0,0,0)
(0,0,0)
(0,0,0)
(0,0,0)
(0,0,0)
(0,0,0)
(0,0,0)
(0,0,0)
(0,0,0)
(0,0,0)
(0,0,0)
(0,0,0)
(0,0,0)
(0,0,0)
(0,0,0)
(0,0,0)
(0,0,0)
(0,0,0)
(0,0,0)
(0,0,0)
(0,0,0)
(0,0,0)
(0,0,0)
(0,0,0)
(0,0,0)
(0,0,0)
(0,0,0)
(0,0,0)
(0,0,0)
(0,0,0)
(0,0,0)
(0,0,0)
(0,0,0)
(0,0,0)
(0,0,0)
(0,0,0)
(0,0,0)
(0,0,0)
(0,0,0)
(0,0,0)
(0,0,0)
(0,0,0)
(0,0,0)
(0,0,0)
(0,0,0)
(0,0,0)
(0,0,0)
(0,0,0)
(0,0,0)
(0,0,0)
(0,0,0)
(0,0,0)
(0,0,0)
(0,0,0)
(0,0,0)
(0,0,0)
(0,0,0)
(0,0,0)
(0,0,0)
(0,0,0)
(0,0,0)
(0,0,0)
(0,0,0)
(0,0,0)
(0,0,0)
(0,0,0)
(0,0,0)
(0,0,0)
(0,0,0)
(0,0,0)
(0,0,0)
(0,0,0)
(0,0,0)
(0,0,0)
(0,0,0)
(0,0,0)
(0,0,0)
(0,0,0)
(0,0,0)
(0,0,0)
(0,0,0)
(0,0,0)
(0,0,0)
(0,0,0)
(0,0,0)
(0,0,0)
(0,0,0)
(0,0,0)
(0,0,0)
(0,0,0)
(0,0,0)
(0,0,0)
(0,0,0)
(0,0,0)
(0,0,0)
(0,0,0)
(0,0,0)
(0,0,0)
(0,0,0)
(0,0,0)
(0,0,0)
(0,0,0)
(0,0,0)
(0,0,0)
(0,0,0)
(0,0,0)
(0,0,0)
(0,0,0)
(0,0,0)
(0,0,0)
(0,0,0)
(0,0,0)
(0,0,0)
(0,0,0)
(0,0,0)
(0,0,0)
(0,0,0)
(0,0,0)
(0,0,0)
(0,0,0)
(0,0,0)
(0,0,0)
(0,0,0)
(0,0,0)
(0,0,0)
(0,0,0)
(0,0,0)
(0,0,0)
(0,0,0)
(0,0,0)
(0,0,0)
(0,0,0)
(0,0,0)
(0,0,0)
(0,0,0)
(0,0,0)
(0,0,0)
(0,0,0)
(0,0,0)
(0,0,0)
(0,0,0)
(0,0,0)
(0,0,0)
(0,0,0)
(0,0,0)
(0,0,0)
(0,0,0)
(0,0,0)
(0,0,0)
(0,0,0)
(0,0,0)
(0,0,0)
(0,0,0)
(0,0,0)
(0,0,0)
(0,0,0)
(0,0,0)
(0,0,0)
(0,0,0)
(0,0,0)
(0,0,0)
(0,0,0)
(0,0,0)
(0,0,0)
(0,0,0)
(0,0,0)
(0,0,0)
(0,0,0)
(0,0,0)
(0,0,0)
(0,0,0)
(0,0,0)
(0,0,0)
(0,0,0)
(0,0,0)
(0,0,0)
(0,0,0)
(0,0,0)
(0,0,0)
(0,0,0)
(0,0,0)
(0,0,0)
(0,0,0)
(0,0,0)
(0,0,0)
(0,0,0)
(0,0,0)
(0,0,0)
(0,0,0)
(0,0,0)
(0,0,0)
(0,0,0)
(0,0,0)
(0,0,0)
(0,0,0)
(0,0,0)
(0,0,0)
(0,0,0)
(0,0,0)
(0,0,0)
(0,0,0)
(0,0,0)
(0,0,0)
(0,0,0)
(0,0,0)
(0,0,0)
(0,0,0)
(0,0,0)
(0,0,0)
(0,0,0)
(0,0,0)
(0,0,0)
(0,0,0)
(0,0,0)
(0,0,0)
(0,0,0)
(0,0,0)
(0,0,0)
(0,0,0)
(0,0,0)
(0,0,0)
(0,0,0)
(0,0,0)
(0,0,0)
(0,0,0)
(0,0,0)
(0,0,0)
(0,0,0)
(0,0,0)
(0,0,0)
(0,0,0)
(0,0,0)
(0,0,0)
(0,0,0)
(0,0,0)
(0,0,0)
(0,0,0)
(0,0,0)
(0,0,0)
(0,0,0)
(0,0,0)
(0,0,0)
(0,0,0)
(0,0,0)
(0,0,0)
(0,0,0)
(0,0,0)
