(0,0,0)
(0,0,0)
(0,0,0)
(0,0,0)
(0,0,0)
(0,0,0)
(0,0,0)
(0,0,0)
(0,0,0)
(0,0,0)
(0,0,0)
(0,0,0)
(0,0,0)
(0,0,0)
(0,0,0)
(0,0,0)
(0,0,0)
(0,0,0)
(0,0,0)
(0,0,0)
(0,0,0)
(0,0,0)
(0,0,0)
(0,0,0)
(0,0,0)
(0,0,0)
(0,0,0)
(0,0,0)
(0,0,0)
(0,0,0)
(0,0,0)
(0,0,0)
(0,0,0)
(0,0,0)
(0,0,0)
(0,0,0)
(0,0,0)
(0,0,0)
(0,0,0)
(0,0,0)
(0,0,0)
(0,0,0)
(0,0,0)
(0,0,0)
(0,0,0)
(0,0,0)
(0,0,0)
(0,0,0)
(0,0,0)
(0,0,0)
(0,0,0)
(0,0,0)
(0,0,0)
(0,0,0)
(0,0,0)
(0,0,0)
(0,0,0)
(0,0,0)
(0,0,0)
(0,0,0)
(0,0,0)
(0,0,0)
(0,0,0)
(0,0,0)
(0,0,0)
(0,0,0)
(0,0,0)
(0,0,0)
(0,0,0)
(0,0,0)
(0,0,0)
(0,0,0)
(0,0,0)
(0,0,0)
(0,0,0)
(0,0,0)
(0,0,0)
(0,0,0)
(0,0,0)
(0,0,0)
(0,0,0)
(0,0,0)
(0,0,0)
(0,0,0)
(0,0,0)
(0,0,0)
(0,0,0)
(0,0,0)
(0,0,0)
(0,0,0)
(0,0,0)
(0,0,0)
(0,0,0)
(0,0,0)
(0,0,0)
(0,0,0)
(0,0,0)
(0,0,0)
(0,0,0)
(0,0,0)
(0,0,0)
(0,0,0)
(0,0,0)
(0,0,0)
(0,0,0)
(0,0,0)
(0,0,0)
(0,0,0)
(0,0,0)
(0,0,0)
(0,0,0)
(0,0,0)
(0,0,0)
(0,0,0)
(0,0,0)
(0,0,0)
(0,0,0)
(0,0,0)
(0,0,0)
(0,0,0)
(0,0,0)
(0,0,0)
(0,0,0)
(0,0,0)
(0,0,0)
(0,0,0)
(0,0,0)
(0,0,0)
(0,0,0)
(0,0,0)
(0,0,0)
(0,0,0)
(0,0,0)
(0,0,0)
(0,0,0)
(0,0,0)
(0,0,0)
(0,0,0)
(0,0,0)
(0,0,0)
(0,0,0)
(0,0,0)
(0,0,0)
(0,0,0)
(0,0,0)
(0,0,0)
(0,0,0)
(0,0,0)
(0,0,0)
(0,0,0)
(0,0,0)
(0,0,0)
(0,0,0)
(0,0,0)
(0,0,0)
(0,0,0)
(0,0,0)
(0,0,0)
(0,0,0)
(0,0,0)
(0,0,0)
(0,0,0)
(0,0,0)
(0,0,0)
(0,0,0)
(0,0,0)
(0,0,0)
(0,0,0)
(0,0,0)
(0,0,0)
(0,0,0)
(0,0,0)
(0,0,0)
(0,0,0)
(0,0,0)
(0,0,0)
(0,0,0)
(0,0,0)
(0,0,0)
(0,0,0)
(0,0,0)
(0,0,0)
(0,0,0)
(0,0,0)
(0,0,0)
(0,0,0)
(0,0,0)
(0,0,0)
(0,0,0)
(0,0,0)
(0,0,0)
(0,0,0)
(0,0,0)
(0,0,0)
(0,0,0)
(0,0,0)
(0,0,0)
(0,0,0)
(0,0,0)
(0,0,0)
(0,0,0)
(0,0,0)
(0,0,0)
(0,0,0)
(0,0,0)
(0,0,0)
(0,0,0)
(0,0,0)
(0,0,0)
(0,0,0)
(0,0,0)
(0,0,0)
(0,0,0)
(0,0,0)
(0,0,0)
(0,0,0)
(0,0,0)
(0,0,0)
(0,0,0)
(0,0,0)
(0,0,0)
(0,0,0)
(0,0,0)
(0,0,0)
(0,0,0)
(0,0,0)
(0,0,0)
(0,0,0)
(0,0,0)
(0,0,0)
(0,0,0)
(0,0,0)
(0,0,0)
(0,0,0)
(0,0,0)
(0,0,0)
(0,0,0)
(0,0,0)
(0,0,0)
(0,0,0)
(0,0,0)
(0,0,0)
(0,0,0)
(0,0,0)
(0,0,0)
(0,0,0)
(0,0,0)
(0,0,0)
(0,0,0)
(0,0,0)
(0,0,0)
(0,0,0)
(0,0,0)
(0,0,0)
(0,0,0)
(0,0,0)
(0,0,0)
(0,0,0)
(0,0,0)
(0,0,0)
(0,0,0)
(0,0,0)
(0,0,0)
(0,0,0)
(0,0,0)
(0,0,0)
(0,0,0)
(0,0,0)
(0,0,0)
(0,0,0)
(0,0,0)
(0,0,0)
(0,0,0)
(0,0,0)
(0,0,0)
(0,0,0)
(0,0,0)
(0,0,0)
(0,0,0)
(0,0,0)
(0,0,0)
(0,0,0)
(0,0,0)
(0,0,0)
(0,0,0)
(0,0,0)
(0,0,0)
(0,0,0)
(0,0,0)
(0,0,0)
(0,0,0)
(0,0,0)
(0,0,0)
(0,0,0)
(0,0,0)
(0,0,0)
(0,0,0)
(0,0,0)
(0,0,0)
(0,0,0)
(0,0,0)
(0,0,0)
(0,0,0)
(0,0,0)
(0,0,0)
(0,0,0)
(0,0,0)
(0,0,0)
(0,0,0)
(0,0,0)
(0,0,0)
(0,0,0)
(0,0,0)
(0,0,0)
(0,0,0)
(0,0,0)
(0,0,0)
(0,0,0)
(0,0,0)
(0,0,0)
(0,0,0)
(0,0,0)
(0,0,0)
(0,0,0)
(0,0,0)
(0,0,0)
(0,0,0)
(0,0,0)
(0,0,0)
(0,0,0)
(0,0,0)
(0,0,0)
(0,0,0)
(0,0,0)
(0,0,0)
(0,0,0)
(0,0,0)
(0,0,0)
(0,0,0)
(0,0,0)
(0,0,0)
(0,0,0)
(0,0,0)
(0,0,0)
(0,0,0)
(0,0,0)
(0,0,0)
(0,0,0)
(0,0,0)
(0,0,0)
(0,0,0)
(0,0,0)
(0,0,0)
(0,0,0)
(0,0,0)
(0,0,0)
(0,0,0)
(0,0,0)
(0,0,0)
(0,0,0)
(0,0,0)
(0,0,0)
(0,0,0)
(0,0,0)
(0,0,0)
(0,0,0)
(0,0,0)
(0,0,0)
(0,0,0)
(0,0,0)
(0,0,0)
(0,0,0)
(0,0,0)
(0,0,0)
(0,0,0)
(0,0,0)
(0,0,0)
(0,0,0)
(0,0,0)
(0,0,0)
(0,0,0)
(0,0,0)
(0,0,0)
(0,0,0)
(0,0,0)
(0,0,0)
(0,0,0)
(0,0,0)
(0,0,0)
(0,0,0)
(0,0,0)
(0,0,0)
(0,0,0)
(0,0,0)
(0,0,0)
(0,0,0)
(0,0,0)
(0,0,0)
(0,0,0)
(0,0,0)
(0,0,0)
(0,0,0)
(0,0,0)
(0,0,0)
(0,0,0)
(0,0,0)
(0,0,0)
(0,0,0)
(0,0,0)
(0,0,0)
(0,0,0)
(0,0,0)
(0,0,0)
(0,0,0)
(0,0,0)
(0,0,0)
(0,0,0)
(0,0,0)
(0,0,0)
(0,0,0)
(0,0,0)
(0,0,0)
(0,0,0)
(0,0,0)
(0,0,0)
(0,0,0)
(0,0,0)
(0,0,0)
(0,0,0)
(0,0,0)
(0,0,0)
(0,0,0)
(0,0,0)
(0,0,0)
(0,0,0)
(0,0,0)
(0,0,0)
(0,0,0)
(0,0,0)
(0,0,0)
(0,0,0)
(0,0,0)
(0,0,0)
(0,0,0)
(0,0,0)
(0,0,0)
(0,0,0)
(0,0,0)
(0,0,0)
(0,0,0)
(0,0,0)
(0,0,0)
(0,0,0)
(0,0,0)
(0,0,0)
(0,0,0)
(0,0,0)
(0,0,0)
(0,0,0)
(0,0,0)
(0,0,0)
(0,0,0)
(0,0,0)
(0,0,0)
(0,0,0)
(0,0,0)
(0,0,0)
(0,0,0)
(0,0,0)
(0,0,0)
(0,0,0)
(0,0,0)
(0,0,0)
(0,0,0)
(0,0,0)
(0,0,0)
(0,0,0)
(0,0,0)
(0,0,0)
(0,0,0)
(0,0,0)
(0,0,0)
(0,0,0)
(0,0,0)
(0,0,0)
(0,0,0)
(0,0,0)
(0,0,0)
(0,0,0)
(0,0,0)
(0,0,0)
(0,0,0)
(0,0,0)
(0,0,0)
(0,0,0)
(0,0,0)
(0,0,0)
(0,0,0)
(0,0,0)
(0,0,0)
(0,0,0)
(0,0,0)
(0,0,0)
(0,0,0)
(0,0,0)
(0,0,0)
(0,0,0)
(0,0,0)
(0,0,0)
(0,0,0)
(0,0,0)
(0,0,0)
(0,0,0)
(0,0,0)
(0,0,0)
(0,0,0)
(0,0,0)
(0,0,0)
(0,0,0)
(0,0,0)
(0,0,0)
(0,0,0)
(0,0,0)
(0,0,0)
(0,0,0)
(0,0,0)
(0,0,0)
(0,0,0)
(0,0,0)
(0,0,0)
(0,0,0)
(0,0,0)
(0,0,0)
(0,0,0)
(0,0,0)
(0,0,0)
(0,0,0)
(0,0,0)
(0,0,0)
(0,0,0)
(0,0,0)
(0,0,0)
(0,0,0)
(0,0,0)
(0,0,0)
(0,0,0)
(0,0,0)
(0,0,0)
(0,0,0)
(0,0,0)
(0,0,0)
(0,0,0)
(0,0,0)
(0,0,0)
(0,0,0)
(0,0,0)
(0,0,0)
(0,0,0)
(0,0,0)
(0,0,0)
(0,0,0)
(0,0,0)
(0,0,0)
(0,0,0)
(0,0,0)
(0,0,0)
(0,0,0)
(0,0,0)
(0,0,0)
(0,0,0)
(0,0,0)
(0,0,0)
(0,0,0)
(0,0,0)
(0,0,0)
(0,0,0)
(0,0,0)
(0,0,0)
(0,0,0)
(0,0,0)
(0,0,0)
(0,0,0)
(0,0,0)
(0,0,0)
(0,0,0)
(0,0,0)
(0,0,0)
(0,0,0)
(0,0,0)
(0,0,0)
(0,0,0)
(0,0,0)
(0,0,0)
(0,0,0)
(0,0,0)
(0,0,0)
(0,0,0)
(0,0,0)
(0,0,0)
(0,0,0)
(0,0,0)
(0,0,0)
(0,0,0)
(0,0,0)
(0,0,0)
(0,0,0)
(0,0,0)
(0,0,0)
(0,0,0)
(0,0,0)
(0,0,0)
(0,0,0)
(0,0,0)
(0,0,0)
(0,0,0)
(0,0,0)
(0,0,0)
(0,0,0)
(0,0,0)
(0,0,0)
(0,0,0)
(0,0,0)
(0,0,0)
(0,0,0)
(0,0,0)
(0,0,0)
(0,0,0)
(0,0,0)
(0,0,0)
(0,0,0)
(0,0,0)
(0,0,0)
(0,0,0)
(0,0,0)
(0,0,0)
(0,0,0)
(0,0,0)
(0,0,0)
(0,0,0)
(0,0,0)
(0,0,0)
(0,0,0)
(0,0,0)
(0,0,0)
(0,0,0)
(0,0,0)
(0,0,0)
(0,0,0)
(0,0,0)
(0,0,0)
(0,0,0)
(0,0,0)
(0,0,0)
(0,0,0)
(0,0,0)
(0,0,0)
(0,0,0)
(0,0,0)
(0,0,0)
(0,0,0)
(0,0,0)
(0,0,0)
(0,0,0)
(0,0,0)
(0,0,0)
(0,0,0)
(0,0,0)
(0,0,0)
(0,0,0)
(0,0,0)
(0,0,0)
(0,0,0)
(0,0,0)
(0,0,0)
(0,0,0)
(0,0,0)
(0,0,0)
(0,0,0)
(0,0,0)
(0,0,0)
(0,0,0)
(0,0,0)
(0,0,0)
(0,0,0)
(0,0,0)
(0,0,0)
(0,0,0)
(0,0,0)
(0,0,0)
(0,0,0)
(0,0,0)
(0,0,0)
(0,0,0)
(0,0,0)
(0,0,0)
(0,0,0)
(0,0,0)
(0,0,0)
(0,0,0)
(0,0,0)
(0,0,0)
(0,0,0)
(0,0,0)
(0,0,0)
(0,0,0)
(0,0,0)
(0,0,0)
(0,0,0)
(0,0,0)
(0,0,0)
(0,0,0)
(0,0,0)
(0,0,0)
(0,0,0)
(0,0,0)
(0,0,0)
(0,0,0)
(0,0,0)
(0,0,0)
(0,0,0)
(0,0,0)
(0,0,0)
(0,0,0)
(0,0,0)
(0,0,0)
(0,0,0)
(0,0,0)
(0,0,0)
(0,0,0)
(0,0,0)
(0,0,0)
(0,0,0)
(0,0,0)
(0,0,0)
(0,0,0)
(0,0,0)
(0,0,0)
(0,0,0)
(0,0,0)
(0,0,0)
(0,0,0)
(0,0,0)
(0,0,0)
(0,0,0)
(0,0,0)
(0,0,0)
(0,0,0)
(0,0,0)
(0,0,0)
(0,0,0)
(0,0,0)
(0,0,0)
(0,0,0)
(0,0,0)
(0,0,0)
(0,0,0)
(0,0,0)
(0,0,0)
(0,0,0)
(0,0,0)
(0,0,0)
(0,0,0)
(0,0,0)
(0,0,0)
(0,0,0)
(0,0,0)
(0,0,0)
(0,0,0)
(0,0,0)
(0,0,0)
(0,0,0)
(0,0,0)
(0,0,0)
(0,0,0)
(0,0,0)
(0,0,0)
(0,0,0)
(0,0,0)
(0,0,0)
(0,0,0)
(0,0,0)
(0,0,0)
(0,0,0)
(0,0,0)
(0,0,0)
(0,0,0)
(0,0,0)
(0,0,0)
(0,0,0)
(0,0,0)
(0,0,0)
(0,0,0)
(0,0,0)
(0,0,0)
(0,0,0)
(0,0,0)
(0,0,0)
(0,0,0)
(0,0,0)
(0,0,0)
(0,0,0)
(0,0,0)
(0,0,0)
(0,0,0)
(0,0,0)
(0,0,0)
(0,0,0)
(0,0,0)
(0,0,0)
(0,0,0)
(0,0,0)
(0,0,0)
(0,0,0)
(0,0,0)
(0,0,0)
(0,0,0)
(0,0,0)
(0,0,0)
(0,0,0)
(-209848.85266564,111374.538500727,98474.3141649118)
(-221953.506590014,106799.555288506,213628.265466419)
(-249996.994619968,97264.1194656876,366361.1406207)
(-302934.147218343,82213.2088671004,587082.078971948)
(-398406.973226926,61898.6573634368,923590.394835442)
(-569689.246186693,38503.7881701718,1454775.85285196)
(-879892.839147965,17225.3000370056,2317443.39196294)
(-1440473.03626465,4218.53150615667,3753697.89672146)
(-2375802.83158632,-76.5236945286778,6129577.25200229)
(-3310232.4747623,-389.331223020814,9440199.05798767)
(0,0,0)
(0,0,0)
(0,0,0)
(0,0,0)
(0,0,0)
(0,0,0)
(-221978.698559123,239483.171676097,93870.0653837522)
(-234182.527949929,230814.581541218,204037.567080974)
(-262645.047238878,212650.866766284,351295.867019251)
(-316816.554425165,183595.847248905,566729.783062617)
(-414943.913957713,143399.436961827,900172.917421932)
(-590369.301940944,95552.9210175609,1433493.08651549)
(-903999.791596844,50294.9915647544,2304423.18658458)
(-1462458.62143947,21711.9609296105,3749388.37860053)
(-2390444.14880485,10534.1570004959,6129221.84671041)
(-3317046.48504736,5370.08138866472,9440508.919146)
(0,0,0)
(0,0,0)
(0,0,0)
(0,0,0)
(0,0,0)
(0,0,0)
(-249717.592898674,404020.380400768,85180.3841740033)
(-262151.792006878,392358.858897062,185787.898825039)
(-291490.240270905,367699.769284387,322229.236577848)
(-348337.063887463,327609.315368969,526552.832345247)
(-452731.958610531,270324.738929894,852359.488987704)
(-639060.415369503,198714.643451878,1388258.18192289)
(-963476.347113896,126241.935937768,2275787.58466378)
(-1517230.63989853,76579.2920250579,3738150.89346684)
(-2425737.49183797,50445.5427284656,6123976.99957689)
(-3333037.82545647,27357.5565417808,9435027.34988029)
(0,0,0)
(0,0,0)
(0,0,0)
(0,0,0)
(0,0,0)
(0,0,0)
(-301432.966521903,631879.512917696,73573.8340049761)
(-314091.384485751,618902.575941081,161121.501446711)
(-344546.981296473,591263.396944486,282104.855083078)
(-405304.563848922,545705.886988694,469312.847312267)
(-520048.94300465,478866.510254844,780820.018991971)
(-727274.473491753,391000.559552138,1315808.57638347)
(-1077438.02121262,293461.946111213,2226026.58742264)
(-1623213.84662644,213931.544200377,3711888.18187371)
(-2490419.88559222,152035.227245899,6100718.38294844)
(-3361260.73147654,81821.2444553312,9407515.42651157)
(0,0,0)
(0,0,0)
(0,0,0)
(0,0,0)
(0,0,0)
(0,0,0)
(-394023.358236053,965302.935281444,60599.9358723021)
(-406635.934003049,952713.714113412,133424.731703018)
(-437700.917515144,925856.963659524,236532.082503124)
(-501757.871361669,881457.477852162,402538.363001327)
(-627163.750090726,815574.716595469,692993.906751435)
(-860253.047314569,726010.008811356,1218237.50480676)
(-1250933.22078834,616284.782379101,2146347.88932722)
(-1784522.63307461,495018.95361672,3649783.1129855)
(-2584337.37324268,355868.252974374,6030287.46049978)
(-3402004.32468465,188615.554660726,9325497.47497903)
(0,0,0)
(0,0,0)
(0,0,0)
(0,0,0)
(0,0,0)
(0,0,0)
(-561117.148300899,1478492.28899651,47927.7945858377)
(-573056.567996063,1467282.45961538,106415.617079927)
(-603111.336436611,1443355.46691192,192028.45026414)
(-666551.906766429,1403416.72163677,336621.113245959)
(-793259.676871017,1342088.54531289,603366.961399559)
(-1030764.46905849,1251757.90451507,1108383.53475435)
(-1422640.36156352,1122431.11017788,2024877.56851911)
(-1932026.82583513,941569.743335353,3510353.60463561)
(-2686020.59372843,689487.615398874,5862754.8359396)
(-3453246.16171716,368062.959149163,9136553.59316819)
(0,0,0)
(0,0,0)
(0,0,0)
(0,0,0)
(0,0,0)
(0,0,0)
(-867820.907041417,2309652.98010806,36660.2159298681)
(-878364.907733221,2299948.40467409,82359.1786043913)
(-905333.15984778,2279095.38792926,151952.41743484)
(-963285.709553685,2243395.02885667,275259.819768627)
(-1080974.60079734,2185320.61779362,513002.348085243)
(-1304115.92556543,2089925.65208657,978950.526079166)
(-1671852.31819063,1929445.14885161,1843788.80559607)
(-2135019.61398857,1662416.41655059,3257961.7463694)
(-2837498.42106201,1243908.14549742,5541039.6373328)
(-3536807.23068253,677755.241951874,8768154.58521269)
(0,0,0)
(0,0,0)
(0,0,0)
(0,0,0)
(0,0,0)
(0,0,0)
(-1428618.76993637,3711371.92605001,26899.8239944098)
(-1437045.57024733,3702540.03882597,61353.7600898649)
(-1458771.1732443,3683141.61766047,116078.703602973)
(-1505909.9266584,3648369.85312794,217013.805990088)
(-1602631.95316782,3587577.86745949,417388.509492019)
(-1788124.24433139,3477164.7670086,818273.638901376)
(-2096056.47512178,3267280.67989584,1576494.58297892)
(-2471025.01046865,2870813.26554671,2839122.74445147)
(-3112605.31847152,2221047.43184591,4974588.7765745)
(-3696657.40701633,1258947.75499944,8090053.67054321)
(0,0,0)
(0,0,0)
(0,0,0)
(0,0,0)
(0,0,0)
(0,0,0)
(-2367690.28970663,6061040.36988942,18021.8458672041)
(-2373445.93860781,6052185.90796645,41821.9153345469)
(-2388216.79781337,6031986.34402128,81193.9867870714)
(-2419921.99074216,5993425.07200651,156060.758650644)
(-2483810.13264231,5920752.25110593,306696.50764652)
(-2603842.48748582,5779615.1942412,608088.56789972)
(-2805409.47910651,5501076.07438928,1179702.6525128)
(-3104928.5332889,4966436.93328391,2189007.5180645)
(-3620065.09554683,4017966.19384055,4012153.85161663)
(-3975483.29297657,2415850.23352226,6830734.66607039)
(0,0,0)
(0,0,0)
(0,0,0)
(0,0,0)
(0,0,0)
(0,0,0)
(-3306459.99259147,9358334.30397582,9166.05850508478)
(-3309340.52939606,9349138.91024489,21553.5856227131)
(-3316680.73646212,9327600.65656425,42620.0095418804)
(-3332259.66754477,9285002.42047095,83302.3286222352)
(-3363196.55332556,9201860.03048593,165391.102567828)
(-3421001.36174081,9036661.13186251,329346.526687343)
(-3521875.82674264,8707490.45695113,644807.970868129)
(-3691879.59267741,8062915.49606649,1240209.00076292)
(-3974560.31623081,6823074.36359223,2409661.147242)
(-4002774.10188518,4413871.70200731,4414413.78064212)
(0,0,0)
(0,0,0)
(0,0,0)
(0,0,0)
(0,0,0)
(0,0,0)
(0,0,0)
(0,0,0)
(0,0,0)
(0,0,0)
(0,0,0)
(0,0,0)
(0,0,0)
(0,0,0)
(0,0,0)
(0,0,0)
(0,0,0)
(0,0,0)
(0,0,0)
(0,0,0)
(0,0,0)
(0,0,0)
(0,0,0)
(0,0,0)
(0,0,0)
(0,0,0)
(0,0,0)
(0,0,0)
(0,0,0)
(0,0,0)
(0,0,0)
(0,0,0)
(0,0,0)
(0,0,0)
(0,0,0)
(0,0,0)
(0,0,0)
(0,0,0)
(0,0,0)
(0,0,0)
(0,0,0)
(0,0,0)
(0,0,0)
(0,0,0)
(0,0,0)
(0,0,0)
(0,0,0)
(0,0,0)
(0,0,0)
(0,0,0)
(0,0,0)
(0,0,0)
(0,0,0)
(0,0,0)
(0,0,0)
(0,0,0)
(0,0,0)
(0,0,0)
(0,0,0)
(0,0,0)
(0,0,0)
(0,0,0)
(0,0,0)
(0,0,0)
(0,0,0)
(0,0,0)
(0,0,0)
(0,0,0)
(0,0,0)
(0,0,0)
(0,0,0)
(0,0,0)
(0,0,0)
(0,0,0)
(0,0,0)
(0,0,0)
(0,0,0)
(0,0,0)
(0,0,0)
(0,0,0)
(0,0,0)
(0,0,0)
(0,0,0)
(0,0,0)
(0,0,0)
(0,0,0)
(0,0,0)
(0,0,0)
(0,0,0)
(0,0,0)
(0,0,0)
(0,0,0)
(0,0,0)
(0,0,0)
(0,0,0)
(0,0,0)
(0,0,0)
(0,0,0)
(0,0,0)
(0,0,0)
(0,0,0)
(0,0,0)
(31043791.0728691,99308.6455173673,86371.3969357844)
(31023522.5685045,94606.1032470299,185609.186582081)
(30976931.6580171,84602.2427909703,313398.259141824)
(30889896.7181527,68314.704732299,491572.657026271)
(30734953.2702048,45359.6293334988,752172.752248889)
(30459482.7038675,17842.0270606223,1144478.74312179)
(29953997.7808552,-6858.174869891,1756766.26597629)
(28955159.206954,-17739.365154088,2818193.35589959)
(26701534.1562478,-14715.3902854362,5194891.72633875)
(20581278.2498244,-7221.60877431863,12749922.5785142)
(0,0,0)
(0,0,0)
(0,0,0)
(0,0,0)
(0,0,0)
(0,0,0)
(31023115.7875283,211876.162837435,81657.964580351)
(31002840.030373,202986.911599799,175574.565892501)
(30955869.3582454,183881.036934446,297101.334252531)
(30867210.7406291,152106.260677722,468602.451240691)
(30708000.9964107,105648.631597981,724688.506595632)
(30424745.7379864,46918.0099614099,1119817.45175542)
(29911510.0883228,-9124.41548826846,1745893.78044203)
(28916807.2214601,-33003.8877951008,2821212.42817133)
(26677711.8425999,-24692.8012650164,5202353.81573392)
(20570880.5241477,-10579.6470351583,12757104.8127875)
(0,0,0)
(0,0,0)
(0,0,0)
(0,0,0)
(0,0,0)
(0,0,0)
(30976255.6444903,352461.400703436,72761.4927327883)
(30955890.7686451,340600.410499804,156425.401168676)
(30908020.176655,314782.624163688,265333.365001411)
(30815512.5383998,270742.217803009,422167.773576766)
(30645268.52726,203126.963723259,666008.923568716)
(30338765.4653791,110632.871933187,1063788.1488362)
(29796138.0434807,12413.5727046864,1721955.73803656)
(28810883.9979002,-29295.30615556,2829452.48658624)
(26616082.5426284,-14127.7197509884,5216387.33859361)
(20545304.9339481,-815.608455012728,12767600.5085968)
(0,0,0)
(0,0,0)
(0,0,0)
(0,0,0)
(0,0,0)
(0,0,0)
(30890036.8392556,539379.046435774,60932.5164779707)
(30869691.0499356,526457.090479892,130613.370064395)
(30820674.6159483,498207.143046899,221287.221924266)
(30722123.5252176,449341.126484582,354580.192164052)
(30531567.4058745,371830.635533144,573580.139462949)
(30172564.0064334,258108.231076405,965586.268382439)
(29539663.434138,120071.55925804,1680146.79446639)
(28569770.5924562,52703.7396082262,2844483.27760781)
(26491538.7090943,58169.5227655138,5229547.40839251)
(20497440.9435856,41087.7750123274,12768262.317851)
(0,0,0)
(0,0,0)
(0,0,0)
(0,0,0)
(0,0,0)
(0,0,0)
(30738391.1382499,798273.112129507,48011.4058081743)
(30718524.1375615,786293.166795106,102335.225916202)
(30669264.0067223,760445.441985083,172451.970728546)
(30565543.4975804,716678.910221834,277132.786037031)
(30351762.0285223,649477.094995411,459880.515949585)
(29914050.112564,555498.699584343,827506.855550968)
(29078739.9353156,444587.990386468,1612637.2363065)
(28122876.8771518,347510.796199245,2849750.63747697)
(26296461.609069,254173.235921076,5212267.90999741)
(20426341.3279477,137375.697509494,12726954.3028558)
(0,0,0)
(0,0,0)
(0,0,0)
(0,0,0)
(0,0,0)
(0,0,0)
(30468669.4081426,1171835.82386037,35970.6998134628)
(30450208.9581492,1161964.72602516,76353.5824259237)
(30403297.9380359,1141100.37666731,128609.341259092)
(30301459.3433289,1106661.28717542,209935.682198176)
(30085235.9911556,1054363.98742307,365873.089731759)
(29635023.6948163,978399.106418058,716504.487011141)
(28789209.403625,873183.153317422,1515379.52687949)
(27875545.3819952,738493.693791785,2756144.38944438)
(26130515.6646831,537909.984851226,5095191.3500905)
(20344928.9808033,284448.010452149,12589263.8626152)
(0,0,0)
(0,0,0)
(0,0,0)
(0,0,0)
(0,0,0)
(0,0,0)
(29968490.0342286,1748778.61475724,26066.2358210006)
(29952440.9961116,1741174.24794196,55370.7780472823)
(29910896.9114112,1725531.79251768,94029.2589259001)
(29818468.2704764,1700648.54073345,157607.993325696)
(29616887.195679,1663557.26908391,289872.883176387)
(29186444.1717207,1605823.86935408,611207.990941968)
(28366234.0928132,1505133.02499363,1380491.67624973)
(27541729.935225,1326296.55465526,2555259.23416053)
(25884868.1617272,968723.691689303,4841398.91252098)
(20206055.5199274,517864.435694419,12304439.7046567)
(0,0,0)
(0,0,0)
(0,0,0)
(0,0,0)
(0,0,0)
(0,0,0)
(28968878.2426578,2772186.03344745,18415.5367034717)
(28956227.888366,2766026.62547583,39609.6685441947)
(28923149.3065599,2753552.74193885,68988.2073066979)
(28848486.7388978,2734197.46462534,120362.585846491)
(28682422.6434837,2706234.50798162,231950.71828494)
(28317352.8564855,2661265.39595662,510352.058853425)
(27599570.9722756,2557746.56136075,1201431.04307669)
(27061877.6230044,2236763.68368383,2197381.24856279)
(25389107.7612049,1713479.82903916,4390231.99952424)
(19884480.2429667,980050.967206888,11786227.7860166)
(0,0,0)
(0,0,0)
(0,0,0)
(0,0,0)
(0,0,0)
(0,0,0)
(26709488.1732545,5122103.19555044,12224.3429236637)
(26700969.4395449,5116117.98532603,27037.5729086564)
(26678864.7106142,5103310.16253423,49518.6118735606)
(26630035.3818217,5080846.41857185,92232.2533509999)
(26526128.6682877,5041097.53030425,186750.398086177)
(26314768.232612,4962156.56753882,406568.474393954)
(25933759.9927123,4784317.64902343,880147.882900375)
(25398318.2990374,4379232.30886983,1673752.39337594)
(23886758.9995404,3663257.24210891,3656470.85320685)
(18906132.573129,2388427.2199434,10805798.7023525)
(0,0,0)
(0,0,0)
(0,0,0)
(0,0,0)
(0,0,0)
(0,0,0)
(20584201.5566075,12664495.7255814,6265.888757859)
(20579983.7185869,12658171.8755449,14207.7185438547)
(20569136.852955,12643955.6517999,27064.6078489641)
(20545679.1264341,12616894.6666019,52397.5338279945)
(20497379.6482704,12564616.9829463,107621.847577933)
(20402417.3922091,12457190.8522113,228488.77694346)
(20226575.0595679,12228897.3026888,474778.204955447)
(19889643.3785186,11754364.4632149,957443.04740234)
(18906934.264171,10797248.7888637,2381276.88823362)
(15372990.0262541,8416370.99354567,8416888.95447981)
(0,0,0)
(0,0,0)
(0,0,0)
(0,0,0)
(0,0,0)
(0,0,0)
(0,0,0)
(0,0,0)
(0,0,0)
(0,0,0)
(0,0,0)
(0,0,0)
(0,0,0)
(0,0,0)
(0,0,0)
(0,0,0)
(0,0,0)
(0,0,0)
(0,0,0)
(0,0,0)
(0,0,0)
(0,0,0)
(0,0,0)
(0,0,0)
(0,0,0)
(0,0,0)
(0,0,0)
(0,0,0)
(0,0,0)
(0,0,0)
(0,0,0)
(0,0,0)
(0,0,0)
(0,0,0)
(0,0,0)
(0,0,0)
(0,0,0)
(0,0,0)
(0,0,0)
(0,0,0)
(0,0,0)
(0,0,0)
(0,0,0)
(0,0,0)
(0,0,0)
(0,0,0)
(0,0,0)
(0,0,0)
(0,0,0)
(0,0,0)
(0,0,0)
(0,0,0)
(0,0,0)
(0,0,0)
(0,0,0)
(0,0,0)
(0,0,0)
(0,0,0)
(0,0,0)
(0,0,0)
(0,0,0)
(0,0,0)
(0,0,0)
(0,0,0)
(0,0,0)
(0,0,0)
(0,0,0)
(0,0,0)
(0,0,0)
(0,0,0)
(0,0,0)
(0,0,0)
(0,0,0)
(0,0,0)
(0,0,0)
(0,0,0)
(0,0,0)
(0,0,0)
(0,0,0)
(0,0,0)
(0,0,0)
(0,0,0)
(0,0,0)
(0,0,0)
(0,0,0)
(0,0,0)
(0,0,0)
(0,0,0)
(0,0,0)
(0,0,0)
(0,0,0)
(0,0,0)
(0,0,0)
(0,0,0)
(0,0,0)
(0,0,0)
(0,0,0)
(0,0,0)
(0,0,0)
(0,0,0)
(0,0,0)
(0,0,0)
(-540323.883849555,78681.7149526307,66113.273778133)
(-562662.941797782,73921.9619627953,139056.854129776)
(-613205.42550003,63494.3813840178,226379.588275107)
(-705223.765252187,45556.8461743143,336623.257517889)
(-862658.188889291,18327.2525302215,476587.49609392)
(-1125233.83042316,-16951.0474233293,638935.109820177)
(-1554781.90662408,-49406.8990339739,757801.728345629)
(-2234519.86013718,-56119.382804391,564280.21025335)
(-3209048.58343909,-38565.2549944072,-925891.76305324)
(-3933776.14808201,-17663.4319493962,-7832493.90118514)
(0,0,0)
(0,0,0)
(0,0,0)
(0,0,0)
(0,0,0)
(0,0,0)
(-563960.929411048,165078.215010478,61360.2488936582)
(-585897.533491694,156115.625216484,128584.181516814)
(-635891.693775101,136092.654239172,208426.992694376)
(-727982.306671789,100437.871365507,309419.04681622)
(-887850.304552058,42912.1995138969,441365.432807475)
(-1157619.75205838,-39058.8186337441,606518.726074746)
(-1597250.32760655,-124510.831360227,751063.106342496)
(-2270430.31467969,-138918.125465432,581779.417155449)
(-3227065.92299574,-86274.5399287363,-905053.500302354)
(-3940128.43264425,-36121.9115911934,-7814906.03185641)
(0,0,0)
(0,0,0)
(0,0,0)
(0,0,0)
(0,0,0)
(0,0,0)
(-616794.914359759,266408.072804781,52400.7330679931)
(-638011.797568306,254586.886933301,108512.06957671)
(-687091.203157904,227615.437898279,172780.697742619)
(-780048.552962547,177502.540543262,251957.15193931)
(-948187.447801071,89550.937350235,359454.421176275)
(-1245794.17788647,-55443.9387620044,521079.216582242)
(-1739252.50157383,-243938.797600044,736577.759888679)
(-2394780.46572912,-270307.609583847,634311.739648439)
(-3281684.4163035,-138532.054806511,-854983.75452963)
(-3957670.7798017,-48581.4140108926,-7778868.50634797)
(0,0,0)
(0,0,0)
(0,0,0)
(0,0,0)
(0,0,0)
(0,0,0)
(-711283.430703494,387831.196471023,40577.1783050392)
(-731394.358456911,375402.770176304,81526.7354666858)
(-779075.025454304,346902.542688494,122669.304091221)
(-873908.580316772,292859.827579973,164024.154600998)
(-1060763.11475483,192106.364557998,214479.280034632)
(-1439979.35956515,-308.539091878318,332567.278375213)
(-2180382.24724314,-340730.140445162,710084.334613557)
(-2801603.76648613,-394085.387114477,765916.503098687)
(-3418434.27295088,-136795.176803974,-765167.360846425)
(-3995267.49972947,-29944.5549662214,-7730415.74456397)
(0,0,0)
(0,0,0)
(0,0,0)
(0,0,0)
(0,0,0)
(0,0,0)
(-869834.421791893,528615.046521832,28121.7420031176)
(-888277.225777401,517998.644163461,53007.2633670663)
(-933298.002526379,494479.467181806,68672.3801344578)
(-1028156.43689653,452605.469012361,63306.7051911922)
(-1237145.05735936,382963.947819,22036.2398240067)
(-1772109.85466811,276509.083614436,-7941.38363808724)
(-3520894.97750254,155090.942498243,656552.478248722)
(-4177131.31260781,100190.23433158,1022965.07857441)
(-3686424.17156047,88251.415326664,-658515.70091447)
(-4056768.15441386,55993.2577812498,-7700663.99928814)
(0,0,0)
(0,0,0)
(0,0,0)
(0,0,0)
(0,0,0)
(0,0,0)
(-1131070.91474928,671603.193926945,17432.2074989481)
(-1147184.454541,664134.515802632,29369.780562199)
(-1187529.15288981,648617.471436465,26738.8992453422)
(-1275769.11992458,623583.8567556,-6330.99323241999)
(-1478955.78766651,585951.439779769,-84446.6743589393)
(-2012568.73536294,529760.953272335,-129426.081825476)
(-3676049.66234814,450112.261576956,601491.697081103)
(-4277342.11921789,404541.978515306,1010707.48612266)
(-3810888.65128739,292147.978608263,-691104.729176303)
(-4118045.79121165,145522.781895521,-7756979.44926338)
(0,0,0)
(0,0,0)
(0,0,0)
(0,0,0)
(0,0,0)
(0,0,0)
(-1558105.41451771,748966.154846535,9912.51983882554)
(-1571349.12670339,744780.300787361,13736.8896811887)
(-1605269.80668507,737604.080938007,1597.03028793753)
(-1682178.05060824,730479.767258235,-43972.5271179636)
(-1868713.7774188,728908.194000368,-140648.276228621)
(-2391200.30644155,736541.670611157,-209104.483392924)
(-4126062.20791107,738241.943978594,555742.16694192)
(-4681514.65907351,846213.661297119,897995.110470809)
(-3999003.97250598,472808.404233227,-838113.148908716)
(-4219153.89519871,196215.467947909,-7902916.38782293)
(0,0,0)
(0,0,0)
(0,0,0)
(0,0,0)
(0,0,0)
(0,0,0)
(-2239650.37272391,512500.074254298,5674.72798609311)
(-2249618.08637049,510510.720256845,6470.31526517837)
(-2275520.11404601,509035.244834072,-5611.39601284756)
(-2335843.39599576,515488.731093144,-45610.1929420792)
(-2490162.51833915,549663.374655257,-133100.179761801)
(-2969418.17841477,658369.1729387,-207476.615176963)
(-4864106.79406936,891559.643119621,663563.484039212)
(-3964855.20583252,572866.305303899,524323.700881577)
(-4148940.77985972,210861.94921719,-1115001.27102547)
(-4375739.87557791,1568.46740148928,-8099454.11992218)
(0,0,0)
(0,0,0)
(0,0,0)
(0,0,0)
(0,0,0)
(0,0,0)
(-3217298.96279318,-1003684.59528816,3651.83760234173)
(-3223768.51439917,-1005335.4722546,4916.01606996368)
(-3240376.19195332,-1006876.72954319,748.92502689384)
(-3277464.60803672,-1003989.8653349,-11592.4566744497)
(-3362414.71182983,-988151.845512806,-24553.8243766612)
(-3565528.08823405,-950749.710308177,25541.4117284545)
(-4009594.78343889,-923472.219354484,344608.082365835)
(-4155525.22212845,-1129999.78834448,161997.729192183)
(-4538049.25497808,-1317025.14181096,-1324626.89324908)
(-4609881.89807924,-1144970.14362745,-8101393.77899968)
(0,0,0)
(0,0,0)
(0,0,0)
(0,0,0)
(0,0,0)
(0,0,0)
(-3940069.53344652,-7920752.52832714,2019.05510518675)
(-3943205.11482489,-7922819.29226082,3371.74053531861)
(-3951159.98636372,-7926188.52212808,3660.40445110284)
(-3968304.26353263,-7929817.06375815,4151.02485315269)
(-4004793.77331053,-7933823.05038727,12675.6833206554)
(-4081268.96471323,-7946316.39128958,52608.7532364773)
(-4222629.89492616,-7998767.24606556,137788.766453764)
(-4380188.99743368,-8136326.60957698,-25372.004349426)
(-4611200.97338544,-8110638.49718609,-1152943.37940571)
(-4450044.4071854,-6957319.10675464,-6956879.95082679)
(0,0,0)
(0,0,0)
(0,0,0)
(0,0,0)
(0,0,0)
(0,0,0)
(0,0,0)
(0,0,0)
(0,0,0)
(0,0,0)
(0,0,0)
(0,0,0)
(0,0,0)
(0,0,0)
(0,0,0)
(0,0,0)
(0,0,0)
(0,0,0)
(0,0,0)
(0,0,0)
(0,0,0)
(0,0,0)
(0,0,0)
(0,0,0)
(0,0,0)
(0,0,0)
(0,0,0)
(0,0,0)
(0,0,0)
(0,0,0)
(0,0,0)
(0,0,0)
(0,0,0)
(0,0,0)
(0,0,0)
(0,0,0)
(0,0,0)
(0,0,0)
(0,0,0)
(0,0,0)
(0,0,0)
(0,0,0)
(0,0,0)
(0,0,0)
(0,0,0)
(0,0,0)
(0,0,0)
(0,0,0)
(0,0,0)
(0,0,0)
(0,0,0)
(0,0,0)
(0,0,0)
(0,0,0)
(0,0,0)
(0,0,0)
(0,0,0)
(0,0,0)
(0,0,0)
(0,0,0)
(0,0,0)
(0,0,0)
(0,0,0)
(0,0,0)
(0,0,0)
(0,0,0)
(0,0,0)
(0,0,0)
(0,0,0)
(0,0,0)
(0,0,0)
(0,0,0)
(0,0,0)
(0,0,0)
(0,0,0)
(0,0,0)
(0,0,0)
(0,0,0)
(0,0,0)
(0,0,0)
(0,0,0)
(0,0,0)
(0,0,0)
(0,0,0)
(0,0,0)
(0,0,0)
(0,0,0)
(0,0,0)
(0,0,0)
(0,0,0)
(0,0,0)
(0,0,0)
(0,0,0)
(0,0,0)
(0,0,0)
(0,0,0)
(0,0,0)
(0,0,0)
(0,0,0)
(0,0,0)
(0,0,0)
(0,0,0)
(-639084.12529161,55041.3667844543,43718.8746576024)
(-658038.815981096,50655.3702607631,88439.3785801567)
(-699790.51657707,40722.6951826334,134301.774474565)
(-772711.485288845,22675.7671378298,179113.727373393)
(-890413.76095146,-6957.34623444237,213826.645670008)
(-1071317.84983169,-49351.4710803636,209262.136158906)
(-1331481.82184859,-91882.3656762684,77844.4170596844)
(-1654037.4783522,-92019.6499756003,-410618.3147497)
(-1911963.02894306,-56568.7713571488,-1651135.09788855)
(-1661444.81047772,-24024.4678352723,-3899441.96765757)
(0,0,0)
(0,0,0)
(0,0,0)
(0,0,0)
(0,0,0)
(0,0,0)
(-660550.333075875,112276.512043758,39354.258405522)
(-678416.879809167,104033.688366408,78495.2866173501)
(-717846.301229719,84892.5437855691,116280.045469036)
(-786898.891207121,48340.9795177398,149531.417624456)
(-899266.690390085,-17464.8746321296,171455.331860169)
(-1075020.68809008,-127235.391887772,166740.188699285)
(-1333535.66697893,-266511.252674745,77654.4150701394)
(-1646319.22888525,-263235.027917721,-375241.292782168)
(-1899372.32805295,-140844.916302445,-1618658.74277967)
(-1653685.34943808,-53619.4901597901,-3875506.80366136)
(0,0,0)
(0,0,0)
(0,0,0)
(0,0,0)
(0,0,0)
(0,0,0)
(-707695.462486849,172043.098894316,31133.9612765357)
(-723516.787114088,161324.721020769,59347.9181679513)
(-758353.047721339,135728.280761923,79774.0257550301)
(-819444.954833536,83709.6671999454,83801.739943818)
(-920589.380447409,-22965.0839658455,61703.8819238713)
(-1089208.24100729,-249566.622125694,27449.1752826061)
(-1374147.55628458,-684993.000836437,80825.9781550588)
(-1647132.65866579,-677065.283810144,-252991.573015847)
(-1868788.03620065,-275196.584806481,-1531536.28461465)
(-1634743.32342631,-86097.2042720676,-3821986.02687775)
(0,0,0)
(0,0,0)
(0,0,0)
(0,0,0)
(0,0,0)
(0,0,0)
(-788983.852508561,229305.445580238,20438.0751191528)
(-801933.343353608,218528.684747117,33773.0962895077)
(-830019.826390194,192674.301154927,27771.8768323975)
(-878178.034468472,138624.90624427,-22873.9080602291)
(-957458.498753088,15772.134799898,-164915.742827708)
(-1114053.21126076,-332371.487779195,-408037.0254786)
(-1680880.25233166,-1681130.75830187,88598.7370753444)
(-1769237.39832141,-1769516.14868665,148683.233787148)
(-1797646.94280833,-404701.337637331,-1342599.34352456)
(-1596512.08118602,-91407.0975466653,-3736044.86879342)
(0,0,0)
(0,0,0)
(0,0,0)
(0,0,0)
(0,0,0)
(0,0,0)
(-917447.30504649,267290.300810042,9628.0280247929)
(-927001.011035285,258985.369691086,7895.12833870879)
(-946642.870383293,240167.695351618,-26253.3980010675)
(-975018.95749644,204956.287013269,-145722.258170153)
(-995164.707083158,141155.43503732,-513085.90868378)
(-896760.131364813,36092.092906646,-1756899.21267292)
(3.58240893875542e-05,7.79772456940674e-06,-2.17165066221522e-05)
(605.935581984028,-0.371278512958757,1513222.82657888)
(-1512136.01260191,-36208.5688386409,-1029558.10117839)
(-1527531.34590822,-5303.93742694877,-3644898.06980376)
(0,0,0)
(0,0,0)
(0,0,0)
(0,0,0)
(0,0,0)
(0,0,0)
(-1109471.41869989,244460.761610782,1230.04314986794)
(-1115768.91219044,239852.023988833,-11052.1534984461)
(-1127655.41636612,230770.883992,-61529.0786625174)
(-1139901.50625108,217084.937060245,-209525.342382992)
(-1125298.02966252,196117.773888092,-618145.439237763)
(-952657.682540444,151054.165863196,-1793018.56501681)
(3.2886003226231e-05,1.02626794942267e-05,-1.75251389726694e-05)
(771.559653244814,253.834307001091,1476695.40270911)
(-1475322.98576757,103925.849459447,-999004.681108793)
(-1526730.06376976,44339.7081624094,-3639964.05413998)
(0,0,0)
(0,0,0)
(0,0,0)
(0,0,0)
(0,0,0)
(0,0,0)
(-1377442.84652597,67236.8292762841,-3438.63565723777)
(-1381034.97011315,66345.63954872,-20246.4078073746)
(-1386655.22734068,67217.1313403233,-75307.2345000818)
(-1386593.30252545,76687.9582202914,-230495.003742918)
(-1347168.14518067,107266.19570034,-663189.057793295)
(-1117378.41746068,158083.939014903,-1944040.71992587)
(9.01860194560385e-05,-3.46914737470131e-05,-2.47445227038167e-05)
(772.239401963228,1562626.59529316,1580058.35808073)
(-1578721.26676367,322666.997328298,-1058965.49553043)
(-1588524.35972787,39495.3610191074,-3684750.68385796)
(0,0,0)
(0,0,0)
(0,0,0)
(0,0,0)
(0,0,0)
(0,0,0)
(-1702645.74640148,-465388.562507058,-4379.23453909139)
(-1704351.10782335,-463853.593434024,-19446.9801034851)
(-1705872.54415919,-456007.91931023,-65869.499339763)
(-1698815.55102883,-426335.178867025,-199874.207219381)
(-1647536.59801128,-322877.835242342,-612356.096604582)
(-1383398.70324357,61908.4105084415,-2102200.04326932)
(1028.2481692258,1745678.84708942,1562627.80120444)
(-1561365.40515589,381858.792751591,339905.803069371)
(-1965455.89433029,-178522.616551133,-1342389.46858063)
(-1721323.22582324,-232729.489133792,-3724581.2681824)
(0,0,0)
(0,0,0)
(0,0,0)
(0,0,0)
(0,0,0)
(0,0,0)
(-1952940.27033759,-1726877.95084611,-2869.30411653298)
(-1953639.84052899,-1725175.35078952,-11676.2206312149)
(-1953726.6617711,-1718058.35560419,-36275.3145194553)
(-1948356.18467374,-1695225.59509304,-96493.3216564226)
(-1923184.79963401,-1630959.33628518,-227641.732809416)
(-1845741.02709081,-1466986.29883288,-418534.084611344)
(-1743986.41114625,-1137038.5142591,198574.904444539)
(-1999199.20066703,-1355145.68385745,-220746.640407827)
(-2149897.09331903,-1390554.8091825,-1396866.60943549)
(-1761947.55632664,-985341.443230038,-3492188.99709186)
(0,0,0)
(0,0,0)
(0,0,0)
(0,0,0)
(0,0,0)
(0,0,0)
(-1684505.56242118,-3981292.8259862,-1149.09588525223)
(-1684768.425381,-3980183.1361927,-4577.99992597946)
(-1684729.73911094,-3975608.843786,-13457.7589969401)
(-1682598.84248897,-3962073.25931943,-32315.5158141815)
(-1674657.31113126,-3929602.40779273,-63808.906485899)
(-1657623.4776217,-3865653.78143508,-88786.9109752314)
(-1651925.26509799,-3776710.15265679,-19819.9024056895)
(-1741974.86022404,-3756695.61307266,-256484.110400106)
(-1766317.15472761,-3499930.95687792,-991991.781362504)
(-1412476.87936131,-2507630.9956157,-2507269.75680094)
(0,0,0)
(0,0,0)
(0,0,0)
(0,0,0)
(0,0,0)
(0,0,0)
(0,0,0)
(0,0,0)
(0,0,0)
(0,0,0)
(0,0,0)
(0,0,0)
(0,0,0)
(0,0,0)
(0,0,0)
(0,0,0)
(0,0,0)
(0,0,0)
(0,0,0)
(0,0,0)
(0,0,0)
(0,0,0)
(0,0,0)
(0,0,0)
(0,0,0)
(0,0,0)
(0,0,0)
(0,0,0)
(0,0,0)
(0,0,0)
(0,0,0)
(0,0,0)
(0,0,0)
(0,0,0)
(0,0,0)
(0,0,0)
(0,0,0)
(0,0,0)
(0,0,0)
(0,0,0)
(0,0,0)
(0,0,0)
(0,0,0)
(0,0,0)
(0,0,0)
(0,0,0)
(0,0,0)
(0,0,0)
(0,0,0)
(0,0,0)
(0,0,0)
(0,0,0)
(0,0,0)
(0,0,0)
(0,0,0)
(0,0,0)
(0,0,0)
(0,0,0)
(0,0,0)
(0,0,0)
(0,0,0)
(0,0,0)
(0,0,0)
(0,0,0)
(0,0,0)
(0,0,0)
(0,0,0)
(0,0,0)
(0,0,0)
(0,0,0)
(0,0,0)
(0,0,0)
(0,0,0)
(0,0,0)
(0,0,0)
(0,0,0)
(0,0,0)
(0,0,0)
(0,0,0)
(0,0,0)
(0,0,0)
(0,0,0)
(0,0,0)
(0,0,0)
(0,0,0)
(0,0,0)
(0,0,0)
(0,0,0)
(0,0,0)
(0,0,0)
(0,0,0)
(0,0,0)
(0,0,0)
(0,0,0)
(0,0,0)
(0,0,0)
(0,0,0)
(0,0,0)
(0,0,0)
(0,0,0)
(0,0,0)
(0,0,0)
(-697276.631620915,33531.1947367408,24661.3115925626)
(-710080.101850035,30198.4825075256,46504.114953976)
(-737107.547191647,22560.7786201167,61260.3669484355)
(-781151.883664397,8381.67860795901,61319.086716029)
(-845935.388312122,-15873.6393395094,32714.3534161954)
(-934543.977125489,-53034.340740331,-51025.1785496748)
(-1043771.4781706,-93884.6455816007,-244850.876646065)
(-1145848.67819646,-84245.0038571272,-668794.672944677)
(-1135861.4753986,-43918.9111877487,-1400977.31530139)
(-807791.763749109,-16215.1678223117,-2238415.19420764)
(0,0,0)
(0,0,0)
(0,0,0)
(0,0,0)
(0,0,0)
(0,0,0)
(-713549.136281534,65170.5762353777,21359.421707019)
(-724737.003200036,58977.8528267459,38900.1747786675)
(-747907.682514998,44406.2786831024,47116.05600096)
(-784275.114265426,15791.943029433,37082.0146377953)
(-834798.138289872,-38792.1513787995,-4468.02542312812)
(-899285.886180011,-141352.014320567,-91885.1537529618)
(-977016.217133723,-307006.396684361,-235282.852495406)
(-1073324.68743659,-263947.764453693,-628574.633347502)
(-1088311.30531535,-110182.041105585,-1373372.52616726)
(-786377.66082238,-34608.8414590092,-2222286.54114626)
(0,0,0)
(0,0,0)
(0,0,0)
(0,0,0)
(0,0,0)
(0,0,0)
(-748555.528883881,90827.9358649473,15202.7067674606)
(-756706.917632405,82992.1464450917,24378.5436674367)
(-772295.386298379,64139.1148928198,18588.0460347627)
(-792649.217123508,25020.2335977731,-17435.9822436037)
(-809964.365855563,-59799.248873526,-107053.899340722)
(-805705.847877715,-274315.867378309,-257592.43941255)
(-754843.678538573,-991553.571393494,-192349.142449428)
(-829381.675364904,-799046.662506967,-475001.227697047)
(-952068.674717335,-203932.84923417,-1297969.78105179)
(-731762.647285055,-47764.5270569103,-2187794.77159516)
(0,0,0)
(0,0,0)
(0,0,0)
(0,0,0)
(0,0,0)
(0,0,0)
(-806437.284024964,100864.795682572,7416.57169877528)
(-810553.735816549,93448.9908124803,5580.1197943226)
(-815852.709679935,76029.4076927032,-20477.2897158164)
(-813158.950703318,41784.5442214586,-102260.684104656)
(-775984.816009063,-21879.604591436,-321654.011130779)
(-620086.726247247,-114971.918299055,-974964.445223551)
(1.67218158974066e-05,2.50218586911575e-06,-7.5172750629418e-06)
(316.792522015318,446.378751744479,119860.783072817)
(-620581.829126975,-119101.927684322,-1142035.25215838)
(-623723.546850262,-22365.6970655471,-2140222.61648553)
(0,0,0)
(0,0,0)
(0,0,0)
(0,0,0)
(0,0,0)
(0,0,0)
(-891770.895779632,75171.4626167763,16.9237989403938)
(-891766.57394278,70080.5881685484,-11849.1106496344)
(-886770.864281958,59029.7678690439,-54721.4769273115)
(-861969.112028384,39981.7239069849,-165968.502080895)
(-779173.312666796,10987.6415073284,-414827.142596015)
(-546593.845878563,-19789.8964551923,-860175.449926115)
(-2.57633904053791e-06,5.19299720069854e-07,4.32464078736673e-05)
(3.87644712812935e-05,4.13212688036668e-06,6.14441484412394e-07)
(745.560618321853,546.074117471748,-1045599.07320697)
(-472831.713411937,-4515.87311690739,-2118148.52965186)
(0,0,0)
(0,0,0)
(0,0,0)
(0,0,0)
(0,0,0)
(0,0,0)
(-1005512.27811539,-23657.4397074215,-5130.23826029517)
(-1002229.48589936,-25580.2887651084,-23008.7876177123)
(-989392.7409623,-28396.0127336687,-73845.6824188217)
(-949002.28337025,-29767.3725477211,-194995.808844946)
(-837809.781259946,-25896.510389272,-445599.905350906)
(-563842.803331929,-13802.6509145715,-840402.030100031)
(7.4202894651632e-08,2.96012501954464e-06,3.32069909822285e-05)
(2.87614675456324e-05,6.83518171386477e-06,1.99399695891336e-06)
(558.083754090754,404.248988803969,-1051041.28692995)
(-450781.760615395,-17500.7946567249,-2114004.66854451)
(0,0,0)
(0,0,0)
(0,0,0)
(0,0,0)
(0,0,0)
(0,0,0)
(-1135768.21679652,-258237.860209053,-7094.20922781926)
(-1130588.79886975,-257211.651245336,-25909.0179909738)
(-1113438.77400649,-252217.967030254,-75303.5170285816)
(-1064796.55376224,-235724.277564129,-191143.360775375)
(-937433.241882182,-193336.58080914,-433438.193653998)
(-629819.579118622,-108328.247641149,-826471.435269488)
(4.52026552971988e-06,5.22254846725269e-05,3.93179069759437e-05)
(5.14793470290688e-05,-3.77748849292128e-06,-1.25592490889659e-06)
(416.335759047408,-64318.5748612127,-1069342.2731142)
(-484963.449012782,-93445.6079906909,-2096958.37049531)
(0,0,0)
(0,0,0)
(0,0,0)
(0,0,0)
(0,0,0)
(0,0,0)
(-1238745.2217184,-716011.285701759,-6127.09919038609)
(-1233287.5802468,-713445.154257081,-20957.1237551988)
(-1216086.77440651,-704156.087779798,-58804.7727583355)
(-1168508.2094936,-676162.422345867,-148673.969511825)
(-1042390.74875966,-598853.962027907,-348302.437544668)
(-721385.768567945,-400849.57448517,-717794.045376271)
(6.2892759576822e-05,-5.58468914119193e-06,-2.04904406221879e-06)
(271.64955132217,-56390.7701181173,-64554.3847184177)
(-632315.906665371,-363257.249670758,-1098755.69757379)
(-636089.166906013,-273523.720060607,-2003911.64442111)
(0,0,0)
(0,0,0)
(0,0,0)
(0,0,0)
(0,0,0)
(0,0,0)
(-1206521.19329281,-1458845.69404285,-3584.66870368449)
(-1202260.01350908,-1456701.12992964,-11708.5200510323)
(-1189261.67248227,-1449480.10235393,-30849.4947657323)
(-1154113.68224175,-1429886.56646235,-71367.8530812468)
(-1060293.08728051,-1382843.99463534,-150269.532827302)
(-800735.479219093,-1279313.43265741,-316811.222526774)
(385.62829098899,-1045490.88060401,-56775.7919662118)
(-642297.543367696,-1098360.89060845,-371707.328775225)
(-868260.759494281,-1007316.4857537,-1009284.42651704)
(-677956.865301739,-636067.622906299,-1730731.21469625)
(0,0,0)
(0,0,0)
(0,0,0)
(0,0,0)
(0,0,0)
(0,0,0)
(-844782.054634591,-2297170.72466477,-1398.47716466106)
(-842562.673420484,-2295815.90789393,-4489.4511609034)
(-836050.712130112,-2291347.51430983,-11301.0661858531)
(-819456.415375463,-2279941.09716876,-24388.962592961)
(-779670.598473387,-2255411.84215408,-46807.8277320955)
(-692156.890820103,-2208491.03976597,-83096.8074251355)
(-545391.372756155,-2125223.28892624,-109898.291444746)
(-654149.697864283,-2015144.36646981,-280939.977943143)
(-682242.312139084,-1733990.13915551,-638341.167129872)
(-496413.112313015,-1095398.09680626,-1095074.46027821)
(0,0,0)
(0,0,0)
(0,0,0)
(0,0,0)
(0,0,0)
(0,0,0)
(0,0,0)
(0,0,0)
(0,0,0)
(0,0,0)
(0,0,0)
(0,0,0)
(0,0,0)
(0,0,0)
(0,0,0)
(0,0,0)
(0,0,0)
(0,0,0)
(0,0,0)
(0,0,0)
(0,0,0)
(0,0,0)
(0,0,0)
(0,0,0)
(0,0,0)
(0,0,0)
(0,0,0)
(0,0,0)
(0,0,0)
(0,0,0)
(0,0,0)
(0,0,0)
(0,0,0)
(0,0,0)
(0,0,0)
(0,0,0)
(0,0,0)
(0,0,0)
(0,0,0)
(0,0,0)
(0,0,0)
(0,0,0)
(0,0,0)
(0,0,0)
(0,0,0)
(0,0,0)
(0,0,0)
(0,0,0)
(0,0,0)
(0,0,0)
(0,0,0)
(0,0,0)
(0,0,0)
(0,0,0)
(0,0,0)
(0,0,0)
(0,0,0)
(0,0,0)
(0,0,0)
(0,0,0)
(0,0,0)
(0,0,0)
(0,0,0)
(0,0,0)
(0,0,0)
(0,0,0)
(0,0,0)
(0,0,0)
(0,0,0)
(0,0,0)
(0,0,0)
(0,0,0)
(0,0,0)
(0,0,0)
(0,0,0)
(0,0,0)
(0,0,0)
(0,0,0)
(0,0,0)
(0,0,0)
(0,0,0)
(0,0,0)
(0,0,0)
(0,0,0)
(0,0,0)
(0,0,0)
(0,0,0)
(0,0,0)
(0,0,0)
(0,0,0)
(0,0,0)
(0,0,0)
(0,0,0)
(0,0,0)
(0,0,0)
(0,0,0)
(0,0,0)
(0,0,0)
(0,0,0)
(0,0,0)
(0,0,0)
(0,0,0)
(-726204.624967809,17135.5256037076,11792.467743194)
(-733073.543635465,15436.3605408571,19349.5489877677)
(-746525.438649036,11680.74659968,17086.6938454745)
(-765700.673652957,5228.19503380301,-3592.7111997678)
(-788767.44973922,-4732.91616920291,-56027.7336034718)
(-812462.176297733,-17729.1921743631,-160380.342256863)
(-829966.395903625,-27045.8331533948,-347139.591370445)
(-822277.303757425,-11642.5912945665,-659068.374514913)
(-725374.614058206,3675.43019491437,-1073230.66605021)
(-455249.78904472,5218.04368004977,-1430990.68443468)
(0,0,0)
(0,0,0)
(0,0,0)
(0,0,0)
(0,0,0)
(0,0,0)
(-736635.123574368,30133.2064268074,10088.3064697389)
(-741875.274153499,27032.0967756885,15630.8411883696)
(-751308.511461248,20068.4703165145,10643.9464177852)
(-762333.213324769,7505.02962772466,-13574.7891167985)
(-770162.605047139,-13860.7990327134,-69082.4394960198)
(-768743.513274507,-47629.0221535993,-169724.982422291)
(-757333.162111675,-84658.5241685605,-331795.346429166)
(-753051.653891778,-19867.0435405834,-643843.927727964)
(-682785.531592883,26119.968277112,-1071814.23953262)
(-436676.458301984,20020.8996239024,-1436318.29799687)
(0,0,0)
(0,0,0)
(0,0,0)
(0,0,0)
(0,0,0)
(0,0,0)
(-758384.594296159,32980.1880907111,6982.08374837755)
(-760582.787588277,29180.7798734492,8709.27060648914)
(-762275.272806706,20625.78362461,-1868.15619327934)
(-756668.411554439,4584.69517037472,-34928.6273050047)
(-730073.404089518,-25734.3716420888,-102946.016461674)
(-660877.133637498,-88563.4354729068,-206840.317382589)
(-542750.743451053,-236464.767864686,-267127.008773983)
(-549209.43601621,30867.4056571065,-598033.697320364)
(-573573.115830513,127700.195319633,-1078109.48324972)
(-393654.222343075,60314.1626600589,-1456511.17122783)
(0,0,0)
(0,0,0)
(0,0,0)
(0,0,0)
(0,0,0)
(0,0,0)
(-792289.582047238,15591.3277798777,3241.15833310535)
(-790579.399647711,12252.7465778901,194.855459827824)
(-782259.208574673,5114.31911800287,-17887.1811388292)
(-754214.36929095,-6986.20598840722,-65260.861392414)
(-676106.208583591,-24980.0790869462,-165893.761373027)
(-478265.871280358,-41384.6259497141,-354893.425863108)
(1.49201415883105e-05,1.88384539863472e-06,1.70332065571954e-06)
(220.911575364828,448.40584933354,-501492.092988834)
(-350950.82876395,502335.059411017,-1145757.95744325)
(-320603.86525765,128545.997715496,-1517109.4740913)
(0,0,0)
(0,0,0)
(0,0,0)
(0,0,0)
(0,0,0)
(0,0,0)
(-837583.846693397,-38552.6469439752,-43.0743623801577)
(-832212.11834224,-40400.9336455901,-6943.84973944009)
(-814906.684830193,-43653.6918034627,-30040.0182697397)
(-768539.751328412,-47121.6881792893,-83333.8967788313)
(-657411.507567297,-47673.4902599918,-182402.290705285)
(-419747.284200403,-37001.9008036731,-313631.577529488)
(-2.47242591473638e-06,-2.71070197538023e-07,3.16626524375422e-06)
(3.41336217025141e-05,8.60162566786285e-07,6.7755493633311e-06)
(571.059282205233,323.754982661183,-1519806.18058482)
(-235634.421228825,17501.9397675923,-1645959.41482002)
(0,0,0)
(0,0,0)
(0,0,0)
(0,0,0)
(0,0,0)
(0,0,0)
(-888110.015997386,-154033.689840383,-1921.21922160113)
(-880234.620542245,-154055.025706465,-10261.9925178458)
(-857145.252636241,-152574.293970232,-33588.8786771386)
(-800079.931926403,-145701.879601129,-83931.0386991429)
(-672007.893651776,-125650.584172655,-171755.832394652)
(-416062.890002759,-79871.0813168856,-276666.565210613)
(-2.94528902103756e-07,1.19061078598891e-06,-2.54063070463514e-11)
(2.35268519760575e-05,-1.9079868079517e-07,6.2855514108495e-06)
(362.280912333008,223.446660571429,-1502909.14291406)
(-220698.844679947,-51693.3781152489,-1663796.74096666)
(0,0,0)
(0,0,0)
(0,0,0)
(0,0,0)
(0,0,0)
(0,0,0)
(-926318.18320028,-361494.334055388,-1989.38938124361)
(-917610.951182136,-360172.136243155,-8850.12653217804)
(-892978.099911681,-355085.878625713,-26799.2159715053)
(-833820.057159336,-339585.946563953,-63891.6456115914)
(-702657.569536822,-298429.873045617,-125888.029083991)
(-438881.008498247,-200042.883902887,-196654.797118364)
(3.16013884130848e-06,3.41426179421391e-06,-2.99993349588859e-11)
(4.2057873123969e-05,7.78203176923511e-07,8.45244204804637e-06)
(116.400103038554,-697157.538978682,-1555157.83919087)
(-234689.909260172,-244622.269583516,-1612502.48747523)
(0,0,0)
(0,0,0)
(0,0,0)
(0,0,0)
(0,0,0)
(0,0,0)
(-915416.302294645,-684107.138640167,-716.114838971103)
(-907639.397132684,-682735.029662483,-3801.40453375329)
(-886044.58035569,-677636.142842323,-11293.3343679656)
(-834688.582618982,-662034.540382031,-22664.3674245069)
(-719124.534311209,-616996.260395404,-27364.1945231736)
(-471969.519445479,-480456.332290948,3633.00474242103)
(5.35788219599886e-05,9.12678261028586e-06,3.79720570659699e-06)
(27.1763066891365,-699215.088488431,-697426.346240802)
(-324627.417644667,-599368.142845437,-1102904.23139475)
(-299889.335423731,-315475.002655914,-1368251.32980463)
(0,0,0)
(0,0,0)
(0,0,0)
(0,0,0)
(0,0,0)
(0,0,0)
(-793739.657590856,-1097541.55584484,652.881502708722)
(-788236.695993935,-1097392.27768426,1286.81200933591)
(-773273.908135848,-1096635.02089445,4297.9257150387)
(-738635.607918427,-1095601.01029578,22386.3213054738)
(-661568.554534729,-1102567.94239583,109233.470560117)
(-485173.157255309,-1171071.73472722,484286.551032605)
(-29.836951601631,-1591639.14108287,-699599.74413275)
(-332717.424092091,-1110525.40417494,-597869.547721843)
(-424682.964842552,-821540.982371403,-819274.502847603)
(-304980.278322325,-454634.25332851,-1053091.83915443)
(0,0,0)
(0,0,0)
(0,0,0)
(0,0,0)
(0,0,0)
(0,0,0)
(-490269.323960253,-1452876.17939382,821.892874654025)
(-487517.328486986,-1453665.32694863,2049.5972055255)
(-480247.56821144,-1455699.85260726,5311.28499967008)
(-464190.305556012,-1460928.54930637,15372.7141908058)
(-431361.046637923,-1476177.51259236,40672.7325518817)
(-369513.978169676,-1516703.5230609,63661.6082351229)
(-274457.836450623,-1580213.04343437,-218698.025718905)
(-312892.939608965,-1361354.52419637,-309125.663952791)
(-308193.966715506,-1052046.18860428,-452668.803143489)
(-205761.71563285,-599127.247703928,-598827.205448236)
(0,0,0)
(0,0,0)
(0,0,0)
(0,0,0)
(0,0,0)
(0,0,0)
(0,0,0)
(0,0,0)
(0,0,0)
(0,0,0)
(0,0,0)
(0,0,0)
(0,0,0)
(0,0,0)
(0,0,0)
(0,0,0)
(0,0,0)
(0,0,0)
(0,0,0)
(0,0,0)
(0,0,0)
(0,0,0)
(0,0,0)
(0,0,0)
(0,0,0)
(0,0,0)
(0,0,0)
(0,0,0)
(0,0,0)
(0,0,0)
(0,0,0)
(0,0,0)
(0,0,0)
(0,0,0)
(0,0,0)
(0,0,0)
(0,0,0)
(0,0,0)
(0,0,0)
(0,0,0)
(0,0,0)
(0,0,0)
(0,0,0)
(0,0,0)
(0,0,0)
(0,0,0)
(0,0,0)
(0,0,0)
(0,0,0)
(0,0,0)
(0,0,0)
(0,0,0)
(0,0,0)
(0,0,0)
(0,0,0)
(0,0,0)
(0,0,0)
(0,0,0)
(0,0,0)
(0,0,0)
(0,0,0)
(0,0,0)
(0,0,0)
(0,0,0)
(0,0,0)
(0,0,0)
(0,0,0)
(0,0,0)
(0,0,0)
(0,0,0)
(0,0,0)
(0,0,0)
(0,0,0)
(0,0,0)
(0,0,0)
(0,0,0)
(0,0,0)
(0,0,0)
(0,0,0)
(0,0,0)
(0,0,0)
(0,0,0)
(0,0,0)
(0,0,0)
(0,0,0)
(0,0,0)
(0,0,0)
(0,0,0)
(0,0,0)
(0,0,0)
(0,0,0)
(0,0,0)
(0,0,0)
(0,0,0)
(0,0,0)
(0,0,0)
(0,0,0)
(0,0,0)
(0,0,0)
(0,0,0)
(0,0,0)
(0,0,0)
(-737659.04384544,6628.79310525357,4825.62577236866)
(-740552.213306268,6563.76048434498,5740.53495882604)
(-745308.592507626,6837.69996346527,-2314.01114604785)
(-749606.33456351,8568.17700376005,-26976.5272392524)
(-749700.498033952,13903.6159204522,-79947.094864968)
(-740359.973831226,26055.6703160728,-178104.967647546)
(-714012.998430718,45688.3363353318,-339746.701455783)
(-657242.103184158,57689.9846065722,-562471.886635623)
(-530776.815342098,46339.4653651515,-803409.150716882)
(-306372.895694529,23829.7024095389,-976115.746476613)
(0,0,0)
(0,0,0)
(0,0,0)
(0,0,0)
(0,0,0)
(0,0,0)
(-743171.268691496,8375.81725440371,4789.12096797726)
(-744955.097934562,8355.16070278235,6077.54453060488)
(-746995.349392311,9182.34599038073,-580.263565247767)
(-745939.013077782,13289.7042410963,-21695.9910495715)
(-736463.376866909,26390.7056724081,-67882.3089817597)
(-712461.891328442,60406.399403874,-158514.660015626)
(-672514.557597273,130121.789141581,-327766.717336284)
(-633386.219903818,184153.627150271,-573895.793867952)
(-519772.167402881,135468.208498013,-826037.901190818)
(-301967.830855027,63118.3639646248,-1000035.19019286)
(0,0,0)
(0,0,0)
(0,0,0)
(0,0,0)
(0,0,0)
(0,0,0)
(-753902.91179649,-881.427478378009,4775.56223311118)
(-753615.146513615,-786.812571790112,6949.89443301888)
(-750428.730886403,718.175074886241,3567.52342820923)
(-738366.527859122,7165.90580480779,-8610.56183081554)
(-706685.776879444,28371.9457733416,-33979.4291418247)
(-639713.834160815,94171.8476466205,-88908.176861251)
(-534179.510836163,306482.723765682,-273840.344100249)
(-596672.865631763,580507.179659951,-622730.466994381)
(-512769.85227091,350477.414790198,-898542.93684615)
(-299237.085133448,133411.3439671,-1063253.05405826)
(0,0,0)
(0,0,0)
(0,0,0)
(0,0,0)
(0,0,0)
(0,0,0)
(-768502.157278109,-29620.1307780934,4951.27853058443)
(-765565.003921075,-29335.4509090782,8485.52114123425)
(-755630.518051363,-27469.4973908561,10044.5030836642)
(-728377.914440088,-21236.2566293741,12610.2106669852)
(-660652.752078534,-6206.4364905548,31735.1364258314)
(-492820.26187983,17200.7449556593,123260.629716264)
(1.22635591978324e-05,-6.98567837205234e-06,8.06681908234297e-06)
(-691470.839564085,494.246646465361,-853021.505783039)
(-591601.967976327,853942.485437242,-1115835.43721771)
(-319677.678794174,213544.00330878,-1196894.28302285)
(0,0,0)
(0,0,0)
(0,0,0)
(0,0,0)
(0,0,0)
(0,0,0)
(-783462.4200988,-89038.683355645,5297.12598295206)
(-778145.384476479,-88431.1811020304,10326.1223101478)
(-762295.286836858,-85958.2332276497,16203.4601536056)
(-722382.914004055,-78754.7899928495,27565.1561927244)
(-628784.944704639,-62322.5932154354,55054.7500549439)
(-420222.953268714,-33293.8976410277,106025.061719944)
(-6.39800916392707e-06,-1.41286192160671e-06,-1.65429025239244e-06)
(2.33736713656623e-05,-3.62516932266266e-06,1.27687897606232e-05)
(-1078776.54364855,120.264635107962,-1756463.63984947)
(-400299.604683785,32441.7181719445,-1410696.17125767)
(0,0,0)
(0,0,0)
(0,0,0)
(0,0,0)
(0,0,0)
(0,0,0)
(-790640.887321505,-192381.331209833,5873.51917830883)
(-783973.074330585,-191567.914174632,12748.7060392544)
(-765121.193515389,-188566.437882572,23332.8515733236)
(-719865.912224311,-179609.575964196,43973.6178425772)
(-617978.370552931,-156444.478878881,84065.9804071811)
(-401853.335737238,-102768.642085393,139331.170586025)
(-9.68201687625475e-07,-7.51015171223596e-07,1.94405193456825e-12)
(1.60982915028967e-05,-4.95379101768487e-06,8.75718411223499e-06)
(-1021963.44755518,9.94031728681656,-1724335.66486131)
(-403515.017141422,-65659.1811105114,-1443418.5931174)
(0,0,0)
(0,0,0)
(0,0,0)
(0,0,0)
(0,0,0)
(0,0,0)
(-774475.026463915,-350839.048825198,6614.56087900489)
(-767847.905858966,-350405.061140347,15688.6625215506)
(-749776.309208369,-348306.777523264,32227.2114589311)
(-707782.762584832,-340571.078505897,67151.4194261288)
(-614768.974770002,-314988.23735413,137806.58313456)
(-412838.807459933,-233194.573265082,242190.313275931)
(1.43278666121036e-06,6.08517917460327e-07,-2.14590145885912e-12)
(2.22251224533298e-05,2.40783351105617e-06,1.24711239959965e-05)
(-1120412.20050446,-1021877.26639454,-1790232.29396313)
(-402689.319042509,-309806.33614525,-1378085.72914605)
(0,0,0)
(0,0,0)
(0,0,0)
(0,0,0)
(0,0,0)
(0,0,0)
(-710575.548091429,-562673.076869191,6993.27384077978)
(-705287.94692558,-563504.770976687,17741.5334700176)
(-691583.525952809,-565006.57938574,39980.2809296118)
(-661943.251340194,-566126.87200686,92790.7431517875)
(-601438.056927357,-559565.574525646,219681.602939448)
(-467240.753697562,-493752.63555603,475510.899482478)
(3.15074990766601e-05,1.46155086754251e-05,6.94212961402935e-06)
(-824828.119509002,-1032032.5501332,-1022227.12075542)
(-590818.968802148,-699487.031739443,-1078425.80425305)
(-298912.298974605,-320592.584528631,-1068616.59231878)
(0,0,0)
(0,0,0)
(0,0,0)
(0,0,0)
(0,0,0)
(0,0,0)
(-568232.333178681,-794321.713513488,6141.31223211987)
(-564947.092338899,-796880.000147487,16226.9377478856)
(-557140.722720871,-803793.373097513,38880.5460446806)
(-543903.014247016,-821346.067503776,99367.1478701779)
(-534752.320456455,-872539.621785815,285524.961052076)
(-607179.121427,-1055565.7968872,969344.086554929)
(-1256236.75235416,-1866186.71346505,-1032380.75361842)
(-616353.622022173,-1090810.27211674,-689966.833704791)
(-409213.053627821,-705134.76874941,-699789.007909564)
(-221639.816108138,-355423.361124554,-748298.693527821)
(0,0,0)
(0,0,0)
(0,0,0)
(0,0,0)
(0,0,0)
(0,0,0)
(-325294.585654992,-962867.969968836,3571.51815008829)
(-323780.744514857,-966371.479799022,9326.4138294985)
(-320397.059614247,-975680.051288567,21362.5834233553)
(-315323.407270552,-997004.996213469,48154.613847593)
(-313117.749862178,-1045064.64565609,102436.340942112)
(-333967.703419832,-1147345.22551184,158669.494816915)
(-418908.326068075,-1305893.29093429,-257173.438096398)
(-307780.938280335,-1048599.85051287,-304495.861028906)
(-223545.607044783,-743943.465399602,-350335.52404944)
(-125022.853360151,-393366.473548082,-393131.273898608)
(0,0,0)
(0,0,0)
(0,0,0)
(0,0,0)
(0,0,0)
(0,0,0)
(0,0,0)
(0,0,0)
(0,0,0)
(0,0,0)
(0,0,0)
(0,0,0)
(0,0,0)
(0,0,0)
(0,0,0)
(0,0,0)
(0,0,0)
(0,0,0)
(0,0,0)
(0,0,0)
(0,0,0)
(0,0,0)
(0,0,0)
(0,0,0)
(0,0,0)
(0,0,0)
(0,0,0)
(0,0,0)
(0,0,0)
(0,0,0)
(0,0,0)
(0,0,0)
(0,0,0)
(0,0,0)
(0,0,0)
(0,0,0)
(0,0,0)
(0,0,0)
(0,0,0)
(0,0,0)
(0,0,0)
(0,0,0)
(0,0,0)
(0,0,0)
(0,0,0)
(0,0,0)
(0,0,0)
(0,0,0)
(0,0,0)
(0,0,0)
(0,0,0)
(0,0,0)
(0,0,0)
(0,0,0)
(0,0,0)
(0,0,0)
(0,0,0)
(0,0,0)
(0,0,0)
(0,0,0)
(0,0,0)
(0,0,0)
(0,0,0)
(0,0,0)
(0,0,0)
(0,0,0)
(0,0,0)
(0,0,0)
(0,0,0)
(0,0,0)
(0,0,0)
(0,0,0)
(0,0,0)
(0,0,0)
(0,0,0)
(0,0,0)
(0,0,0)
(0,0,0)
(0,0,0)
(0,0,0)
(0,0,0)
(0,0,0)
(0,0,0)
(0,0,0)
(0,0,0)
(0,0,0)
(0,0,0)
(0,0,0)
(0,0,0)
(0,0,0)
(0,0,0)
(0,0,0)
(0,0,0)
(0,0,0)
(0,0,0)
(0,0,0)
(0,0,0)
(0,0,0)
(0,0,0)
(0,0,0)
(0,0,0)
(0,0,0)
(-740677.966844334,1129.54268977252,1889.38030912519)
(-741754.068674729,2178.2667525291,912.968925055784)
(-742780.651819876,5183.66441621029,-6798.63617890909)
(-741315.11623037,12265.9379992953,-27355.7925113451)
(-733479.556298149,27189.0779350154,-70765.8121821624)
(-713195.118752979,54015.4296243438,-151946.096884758)
(-669969.381471418,87269.5851884353,-283259.299032493)
(-585878.528686094,81637.8030784012,-436260.676608952)
(-445260.49799134,57407.9005475765,-579184.894507291)
(-243854.275363484,28257.7906311632,-669961.305469492)
(0,0,0)
(0,0,0)
(0,0,0)
(0,0,0)
(0,0,0)
(0,0,0)
(-742803.789716052,-2234.53608761487,2996.59980194115)
(-743588.147983493,-170.240320092136,3978.15692349569)
(-744028.134839588,5899.54454067216,295.062246312199)
(-741859.538900872,20989.3880022718,-12507.8619335741)
(-734040.286259462,56319.477439945,-44061.3520459501)
(-717059.919229634,133313.981574257,-118761.876094672)
(-683752.623905388,268640.651687166,-288894.876285289)
(-601134.273325306,221019.306449342,-460528.326234737)
(-457055.866499842,142588.976290542,-608425.702880739)
(-249761.335942459,65912.3282644526,-698286.735426598)
(0,0,0)
(0,0,0)
(0,0,0)
(0,0,0)
(0,0,0)
(0,0,0)
(-745936.794041874,-15303.4406369367,5102.78679470639)
(-746189.892539102,-12591.9161106554,10099.2086107551)
(-745536.353532512,-4333.19721027592,15439.573007815)
(-742043.239681139,17321.6964885427,22783.9763435607)
(-734984.510958778,74610.4779796527,32791.7098831892)
(-731319.376305204,241277.718244921,16433.5153569128)
(-753452.434610191,840929.474055228,-336582.383237115)
(-659120.079347684,485929.72124758,-539045.584319429)
(-495831.930857324,271796.563421636,-685191.092864107)
(-267283.496426828,112999.816231977,-764232.169538249)
(0,0,0)
(0,0,0)
(0,0,0)
(0,0,0)
(0,0,0)
(0,0,0)
(-747398.503912749,-44317.2124523624,7910.11845006987)
(-746950.338357948,-41696.0952212827,18399.6319975756)
(-744794.508340951,-33924.2177620102,37154.6428389001)
(-738956.341717042,-15039.0255684435,80093.7921728348)
(-731199.722242928,25863.5396160159,199387.700700862)
(-758109.847011532,90006.4974784171,615948.506599066)
(-1117733.92635174,380.293119677947,-691719.54153051)
(-836171.670892002,692242.508226362,-753331.497181382)
(-595912.834969471,366914.556373433,-844138.623140034)
(-306385.76115532,132975.482563922,-877406.207110829)
(0,0,0)
(0,0,0)
(0,0,0)
(0,0,0)
(0,0,0)
(0,0,0)
(-742389.186435755,-95980.4507571303,10590.0046417264)
(-741300.240980462,-94081.6352778298,26130.4012022527)
(-737432.319988967,-88644.1108321367,55987.3274244853)
(-726270.488577492,-76122.4044137732,120958.280843248)
(-694062.593806505,-51387.806823103,263487.276384236)
(-578219.091982811,-14786.8663822104,526276.778958957)
(1.92939437633597e-05,-1.30088568346336e-05,-1.3675457209062e-05)
(-1105972.91179451,303.484142085449,-1078817.83844398)
(-769490.957799404,57032.5178214008,-1078221.38574108)
(-364204.979641832,29247.0113146557,-1010587.53953377)
(0,0,0)
(0,0,0)
(0,0,0)
(0,0,0)
(0,0,0)
(0,0,0)
(-722851.949392214,-176243.273860703,12473.8851742828)
(-721577.944424333,-175504.54962931,31501.6696195095)
(-717419.572062219,-173280.84961221,68436.7869464173)
(-705663.629578204,-167577.155153598,145689.255040136)
(-670541.792921954,-153252.171273756,300117.04185981)
(-544010.968797133,-113742.381839348,541230.190376842)
(1.14941547782862e-05,-1.66601592732652e-05,-1.00559426296814e-05)
(-1040329.35371963,85.3186928291184,-1022239.89389446)
(-782628.877096683,-98393.2137018685,-1106148.73282969)
(-375503.825682721,-64826.031171485,-1040086.88180225)
(0,0,0)
(0,0,0)
(0,0,0)
(0,0,0)
(0,0,0)
(0,0,0)
(-676812.227093936,-287046.586908325,13140.5136776423)
(-675914.790822529,-287950.298941255,33653.147953145)
(-673301.966043648,-290188.148070895,74086.103247111)
(-666528.881986263,-294776.896505886,160031.964000824)
(-645990.597745009,-301669.406412975,339670.822115046)
(-554350.17170009,-287605.381684807,655045.18620067)
(1.5134377919236e-05,-1.93235300503145e-05,-1.26016570498127e-05)
(-1146329.87860723,-824882.705012143,-1120823.76782465)
(-774593.103104436,-492280.090679547,-1072755.988247)
(-358682.846232623,-206018.54704861,-975569.94517976)
(0,0,0)
(0,0,0)
(0,0,0)
(0,0,0)
(0,0,0)
(0,0,0)
(-589380.457482653,-420419.538506536,12177.8609894309)
(-589236.536708986,-423197.841559872,31373.993391455)
(-589380.243985303,-430564.347016715,69546.9103697631)
(-592326.783981357,-448071.344950264,153224.891455304)
(-610848.644508296,-492864.006212813,353830.07883609)
(-710021.952460032,-633721.9856442,942727.881557963)
(-1283007.16209886,-1256240.6477238,-825071.812592588)
(-862799.699323721,-823592.052757311,-788390.885032694)
(-566888.728389499,-517914.771540174,-786686.444584704)
(-278428.439920712,-243340.729506273,-769848.121180945)
(0,0,0)
(0,0,0)
(0,0,0)
(0,0,0)
(0,0,0)
(0,0,0)
(-446554.226772386,-551479.376884539,9381.73197170582)
(-446947.802969995,-555807.599390681,23992.2004336132)
(-448664.468271059,-567110.237693213,52061.8366603029)
(-455575.680722395,-592784.228093403,108447.386278825)
(-481258.318493387,-650921.413799667,213010.791902611)
(-565709.632040684,-782397.015513652,320216.332385746)
(-770806.193434063,-1028879.27442182,-392575.599836331)
(-567370.112547357,-782264.978109668,-482886.183958797)
(-378203.027658896,-519495.54307045,-512315.438397444)
(-191747.924970882,-258814.327319832,-526733.731721134)
(0,0,0)
(0,0,0)
(0,0,0)
(0,0,0)
(0,0,0)
(0,0,0)
(-244182.274330194,-637664.953619807,5073.26541047166)
(-244545.508408833,-642689.892956006,12720.3228697699)
(-245876.566338837,-655350.244702826,26439.8366039723)
(-250242.69899897,-681735.532272332,50310.432511322)
(-263243.788965091,-731990.799533065,81505.8573476339)
(-295173.852156988,-813379.653832483,73694.6444036223)
(-341117.360285788,-886944.627750627,-146030.968049866)
(-275011.380110366,-740809.272953199,-220256.231376307)
(-191074.775271591,-520392.697418997,-251829.908800952)
(-99208.4157840536,-268342.934801184,-268115.7388957)
(0,0,0)
(0,0,0)
(0,0,0)
(0,0,0)
(0,0,0)
(0,0,0)
(0,0,0)
(0,0,0)
(0,0,0)
(0,0,0)
(0,0,0)
(0,0,0)
(0,0,0)
(0,0,0)
(0,0,0)
(0,0,0)
(0,0,0)
(0,0,0)
(0,0,0)
(0,0,0)
(0,0,0)
(0,0,0)
(0,0,0)
(0,0,0)
(0,0,0)
(0,0,0)
(0,0,0)
(0,0,0)
(0,0,0)
(0,0,0)
(0,0,0)
(0,0,0)
(0,0,0)
(0,0,0)
(0,0,0)
(0,0,0)
(0,0,0)
(0,0,0)
(0,0,0)
(0,0,0)
(0,0,0)
(0,0,0)
(0,0,0)
(0,0,0)
(0,0,0)
(0,0,0)
(0,0,0)
(0,0,0)
(0,0,0)
(0,0,0)
(0,0,0)
(0,0,0)
(0,0,0)
(0,0,0)
(0,0,0)
(0,0,0)
(0,0,0)
(0,0,0)
(0,0,0)
(0,0,0)
(0,0,0)
(0,0,0)
(0,0,0)
(0,0,0)
(0,0,0)
(0,0,0)
(0,0,0)
(0,0,0)
(0,0,0)
(0,0,0)
(0,0,0)
(0,0,0)
(0,0,0)
(0,0,0)
(0,0,0)
(0,0,0)
(0,0,0)
(0,0,0)
(0,0,0)
(0,0,0)
(0,0,0)
(0,0,0)
(0,0,0)
(0,0,0)
(0,0,0)
(0,0,0)
(0,0,0)
(0,0,0)
(0,0,0)
(0,0,0)
(0,0,0)
(0,0,0)
(0,0,0)
(0,0,0)
(0,0,0)
(0,0,0)
(0,0,0)
(0,0,0)
(0,0,0)
(0,0,0)
(0,0,0)
(0,0,0)
(-740708.8421371,-870.236312918387,901.11160568147)
(-741290.716245932,463.829255116376,-26.0700782303853)
(-741445.989741222,4056.6653659054,-5417.39752278319)
(-738838.429991521,11809.3593531165,-19703.4431147549)
(-729304.481818898,26687.7675828235,-50566.2851768331)
(-705133.537611292,50191.1502361607,-108819.016554676)
(-653025.169876026,73533.7370358253,-199296.965185896)
(-555824.126099453,66448.6489316597,-295800.016704192)
(-408868.62310238,45683.5636123871,-377875.455205546)
(-217864.265548829,22362.7725767417,-426228.237596941)
(0,0,0)
(0,0,0)
(0,0,0)
(0,0,0)
(0,0,0)
(0,0,0)
(-740839.351367937,-5131.73136902875,2297.05670799675)
(-741898.227284005,-2544.1038938885,3615.06915750869)
(-743355.071272166,4601.02965816696,2397.64129782438)
(-743785.321399908,20975.566650189,-4842.78350020895)
(-740590.789675875,55527.2984044726,-27131.8109054435)
(-727661.479283929,119186.47942851,-85525.5800434974)
(-688438.244945985,199086.543198493,-206392.765165566)
(-587661.49474212,163160.717171598,-316577.611988693)
(-430640.491809487,103917.97682437,-401227.399891029)
(-228437.654455609,48430.9942207489,-448619.303021888)
(0,0,0)
(0,0,0)
(0,0,0)
(0,0,0)
(0,0,0)
(0,0,0)
(-739508.748150685,-16486.0669488723,4926.28968865377)
(-741497.398564789,-13100.3473722525,10790.0391927054)
(-745592.307343969,-3370.57185166597,18817.5945139956)
(-752590.023129098,20643.7472690002,29696.1973431405)
(-764851.349028025,78655.5582032285,36434.7756136292)
(-784728.210226867,214759.375842322,-5729.28687852144)
(-794658.322688974,476914.653887448,-242351.509488689)
(-671540.737075947,309074.20057072,-375844.335159554)
(-482883.47749566,171842.775506124,-456717.587202968)
(-252419.655797217,73910.6241160957,-497061.057727922)
(0,0,0)
(0,0,0)
(0,0,0)
(0,0,0)
(0,0,0)
(0,0,0)
(-733351.576249411,-38917.4825808325,8384.48796862307)
(-736523.228475574,-35691.5600780504,20548.5907920455)
(-744230.283517923,-26253.8050156478,42867.5991329978)
(-761085.684122656,-2056.74733567858,87697.436143298)
(-800572.411501036,63288.6918087691,172436.991795869)
(-897394.367899743,270191.564123292,256289.324403114)
(-1092722.87802661,1118464.10012639,-410271.17016096)
(-846937.696202432,422729.277077186,-513160.221356992)
(-576035.358096967,193527.938789418,-554722.861512792)
(-291335.877244565,75240.2465089148,-571102.367816365)
(0,0,0)
(0,0,0)
(0,0,0)
(0,0,0)
(0,0,0)
(0,0,0)
(-716950.98560769,-76041.6590112902,11685.9756023906)
(-721269.685503958,-74011.1972050316,29975.0572528704)
(-732444.06054733,-68315.4924463172,67048.4852419074)
(-759072.662360546,-55228.4500340828,153022.361723365)
(-829479.184998488,-27567.8155655408,379295.460289658)
(-1053002.3213998,19755.7029278405,1104514.5509021)
(-1943258.02548628,610.447252078092,-1106066.54702857)
(-1113149.5693925,66280.3714597739,-742440.983813151)
(-689417.996787201,44100.1016220435,-673086.107657986)
(-333629.593547718,18054.771783925,-646476.019027115)
(0,0,0)
(0,0,0)
(0,0,0)
(0,0,0)
(0,0,0)
(0,0,0)
(-682677.892996596,-129971.031764278,13755.3163573705)
(-687785.345761058,-129687.64345483,35639.1639438949)
(-701188.468562429,-129019.132242421,80111.7002402062)
(-733184.656607868,-128289.738589896,180694.015825682)
(-815537.305835602,-128522.416430032,426644.129603816)
(-1059122.79073423,-123902.647160685,1085414.30162944)
(-1903871.28273961,142.089300706069,-1040508.52344284)
(-1144086.79095778,-105737.490553303,-764733.224191614)
(-713872.818133432,-90191.1479855208,-699198.033547303)
(-344090.768374951,-47898.0501791857,-664658.26889196)
(0,0,0)
(0,0,0)
(0,0,0)
(0,0,0)
(0,0,0)
(0,0,0)
(-621296.380721248,-199513.386371279,14026.5082343144)
(-626630.020377952,-201200.495128535,36254.589463444)
(-640680.490786561,-206180.006959199,80793.9889231344)
(-674014.939115238,-220473.179221477,180463.486683696)
(-758934.324009078,-266424.207486731,431309.004004462)
(-1013241.53942989,-443183.7733642,1209481.49793779)
(-1980320.56441462,-1282916.13552554,-1146495.82238978)
(-1107958.69484793,-541288.80912629,-749315.687576105)
(-672598.958394261,-284476.313546681,-657024.666725119)
(-320965.272703003,-125678.198660984,-616962.09177294)
(0,0,0)
(0,0,0)
(0,0,0)
(0,0,0)
(0,0,0)
(0,0,0)
(-523649.720359691,-277541.245541752,12297.1220475122)
(-528512.917912865,-280842.702070224,31215.7101930788)
(-541121.816261011,-289758.441105729,66535.7166153184)
(-569660.429608782,-311204.623439238,134600.806460505)
(-634177.523394443,-363160.323413999,254665.801273918)
(-778961.556157721,-489357.045689069,369778.677296469)
(-1047159.11359123,-744004.420755314,-404981.085981383)
(-788333.597964905,-528120.005442127,-492615.991024367)
(-516461.981691524,-329172.528093718,-498346.523175314)
(-254365.808486337,-156631.100875146,-491456.252395514)
(0,0,0)
(0,0,0)
(0,0,0)
(0,0,0)
(0,0,0)
(0,0,0)
(-384009.48622398,-349074.28100509,8988.29491493417)
(-387669.15757644,-353395.681703095,22262.6291542474)
(-396985.62749845,-364270.838856337,45096.1861322472)
(-417025.011400853,-387325.662074161,82666.5554456271)
(-457512.589805295,-432751.622385291,128512.125728825)
(-529946.957938376,-511730.391879008,115122.797816454)
(-611428.948081385,-599080.250236862,-189178.61805468)
(-501091.11626873,-489800.10369321,-293777.516082223)
(-342921.66764668,-332295.252788519,-325936.15139963)
(-173077.267807311,-166241.090124859,-334996.81931349)
(0,0,0)
(0,0,0)
(0,0,0)
(0,0,0)
(0,0,0)
(0,0,0)
(-204588.050654234,-393386.996721221,4718.49204017054)
(-206527.528972891,-398097.038610749,11401.869511882)
(-211399.005352584,-409413.442849263,22066.9125185545)
(-221360.751952431,-431393.950383195,37253.2537810469)
(-239637.178962181,-468627.887986668,49522.9093795118)
(-267035.963486231,-518090.343936166,27744.9727659093)
(-286813.947993829,-545716.596421929,-79922.0933409838)
(-242693.524634581,-465694.385218847,-136345.66729113)
(-170466.652663489,-329247.560710943,-160001.481976808)
(-87403.9004747139,-169110.273583416,-168936.81382759)
(0,0,0)
(0,0,0)
(0,0,0)
(0,0,0)
(0,0,0)
(0,0,0)
(0,0,0)
(0,0,0)
(0,0,0)
(0,0,0)
(0,0,0)
(0,0,0)
(0,0,0)
(0,0,0)
(0,0,0)
(0,0,0)
(0,0,0)
(0,0,0)
(0,0,0)
(0,0,0)
(0,0,0)
(0,0,0)
(0,0,0)
(0,0,0)
(0,0,0)
(0,0,0)
(0,0,0)
(0,0,0)
(0,0,0)
(0,0,0)
(0,0,0)
(0,0,0)
(0,0,0)
(0,0,0)
(0,0,0)
(0,0,0)
(0,0,0)
(0,0,0)
(0,0,0)
(0,0,0)
(0,0,0)
(0,0,0)
(0,0,0)
(0,0,0)
(0,0,0)
(0,0,0)
(0,0,0)
(0,0,0)
(0,0,0)
(0,0,0)
(0,0,0)
(0,0,0)
(0,0,0)
(0,0,0)
(0,0,0)
(0,0,0)
(0,0,0)
(0,0,0)
(0,0,0)
(0,0,0)
(0,0,0)
(0,0,0)
(0,0,0)
(0,0,0)
(0,0,0)
(0,0,0)
(0,0,0)
(0,0,0)
(0,0,0)
(0,0,0)
(0,0,0)
(0,0,0)
(0,0,0)
(0,0,0)
(0,0,0)
(0,0,0)
(0,0,0)
(0,0,0)
(0,0,0)
(0,0,0)
(0,0,0)
(0,0,0)
(0,0,0)
(0,0,0)
(0,0,0)
(0,0,0)
(0,0,0)
(0,0,0)
(0,0,0)
(0,0,0)
(0,0,0)
(0,0,0)
(0,0,0)
(0,0,0)
(0,0,0)
(0,0,0)
(0,0,0)
(0,0,0)
(0,0,0)
(0,0,0)
(0,0,0)
(0,0,0)
(-740249.641149879,-892.475781283097,433.274794060446)
(-740811.168829565,-10.2146226201176,-36.0579996836171)
(-741011.08736641,2279.50353486429,-2750.46390936076)
(-738447.261684518,6983.85428490052,-10125.4865012633)
(-728566.48052129,15483.1633363968,-26346.6511352634)
(-702428.241813663,27708.3022100697,-56760.2491429619)
(-645810.231800539,38171.1635552691,-102146.350773722)
(-543758.859929508,34682.1386913794,-148893.755635048)
(-394894.69399892,23984.8750766309,-186852.559815135)
(-208165.770646228,11799.7404701772,-208350.795187917)
(0,0,0)
(0,0,0)
(0,0,0)
(0,0,0)
(0,0,0)
(0,0,0)
(-739514.826583366,-3563.93824118876,1346.93767533525)
(-740963.913008711,-1874.91934688211,2277.32812430385)
(-743432.938635923,2636.17223031845,1998.52679260906)
(-745585.260572226,12437.2300818135,-1654.90983198896)
(-744103.961977117,31511.7158089242,-14170.2900032745)
(-730123.028865612,62316.8058846561,-46317.2440961785)
(-683982.957319061,93041.7009871496,-105643.069154982)
(-578480.402815243,79443.9305018105,-159585.952892289)
(-418977.086093197,51779.8019261584,-199044.285458103)
(-220009.338958759,24496.1588154021,-220169.019300175)
(0,0,0)
(0,0,0)
(0,0,0)
(0,0,0)
(0,0,0)
(0,0,0)
(-736164.466292666,-9961.88134718162,3053.66124797355)
(-739337.827327875,-7772.03345516515,6791.20411934454)
(-746301.787304811,-1681.49443657025,11818.3507470766)
(-758259.597375112,12505.7870491538,17419.3680257529)
(-775815.244175012,43292.2716602258,16602.7073214429)
(-792574.782844516,102391.216210014,-15625.1303862647)
(-777107.182916032,179097.43467342,-119232.003845479)
(-657990.88571614,133877.921668672,-187215.846372144)
(-470833.493509205,78802.2440303685,-226288.272462814)
(-244571.326175791,35023.6103588007,-244664.053627638)
(0,0,0)
(0,0,0)
(0,0,0)
(0,0,0)
(0,0,0)
(0,0,0)
(-726604.446370429,-22006.7358888437,5297.72466267921)
(-731963.610318521,-19940.4044195754,12906.4774700342)
(-744989.94650445,-14030.0065780857,26014.6525980772)
(-771151.776410256,371.197515608739,48215.3344192196)
(-819498.827449843,34763.9797937557,75670.0422344962)
(-895300.089012405,114938.416691276,61028.5628658973)
(-956444.002316873,268298.450907876,-164451.329078297)
(-792052.191792936,156820.652317207,-242279.564136327)
(-549781.674641521,80334.6691524962,-270065.672713907)
(-279676.099594939,33046.9395504766,-279748.779555208)
(0,0,0)
(0,0,0)
(0,0,0)
(0,0,0)
(0,0,0)
(0,0,0)
(-705128.177805044,-41259.939194642,7430.39550315206)
(-712578.500308688,-40024.6122668519,18823.418155158)
(-731458.947722494,-36595.8614620851,40404.1602143234)
(-771969.752733354,-28932.0090650443,82604.457167783)
(-854687.618939719,-13235.2719649769,155812.142867743)
(-1010627.47253124,14026.2298152769,214349.480875184)
(-1225097.97149469,40426.5561306951,-275938.678339233)
(-949151.673597631,35666.702195028,-318782.62401191)
(-630321.01629642,19846.2803548868,-317391.215705084)
(-312833.253515467,7721.11799618076,-312861.734183033)
(0,0,0)
(0,0,0)
(0,0,0)
(0,0,0)
(0,0,0)
(0,0,0)
(-664409.025930447,-68240.3355011102,8711.52924031678)
(-673146.17197875,-68202.7576755218,22250.5008666797)
(-695419.210683348,-68198.8801728661,48084.2616983752)
(-743511.852870974,-68846.2717867277,98325.7206831625)
(-841887.0222258,-71641.1880099333,183081.353118319)
(-1025046.68892064,-77724.3952763498,240755.876396355)
(-1265888.03589103,-76050.0105046759,-280750.803816846)
(-985100.95281042,-69416.9599805136,-334652.979788655)
(-650353.311174165,-48778.8079733302,-329547.398419712)
(-320659.229467338,-24657.7906113835,-320600.028719763)
(0,0,0)
(0,0,0)
(0,0,0)
(0,0,0)
(0,0,0)
(0,0,0)
(-596600.789533208,-101694.365929546,8758.43924039289)
(-605393.387275047,-102916.017827102,22235.0662890691)
(-627628.107990379,-106445.909240857,47429.7125608771)
(-675019.285735057,-115939.447349079,95527.2347430486)
(-770580.685225733,-141495.677919257,177028.085869024)
(-947678.138337277,-208708.898548457,242449.188048513)
(-1190155.43741891,-349586.489963326,-274179.459488525)
(-915914.663156321,-221556.664697197,-314083.786463452)
(-601732.891292012,-128224.376948971,-305504.284590064)
(-296108.0067328,-58981.9745458954,-296037.366625757)
(0,0,0)
(0,0,0)
(0,0,0)
(0,0,0)
(0,0,0)
(0,0,0)
(-495140.918995071,-137712.833717094,7509.66642292879)
(-502713.172287956,-139853.95909174,18647.8620626596)
(-521379.395223215,-145485.899768249,37945.4315522572)
(-559272.337720385,-158392.174258475,70010.0665732574)
(-629255.92601206,-186307.002768776,109899.794040399)
(-739180.153150686,-240200.667001618,101610.159486524)
(-840771.045300658,-308162.708351756,-146201.690415613)
(-694496.184934315,-240777.171269205,-220818.596874182)
(-473634.589631815,-155531.774237219,-236338.591645645)
(-237238.77890841,-75291.6285739013,-237155.967195565)
(0,0,0)
(0,0,0)
(0,0,0)
(0,0,0)
(0,0,0)
(0,0,0)
(-357640.218863484,-169460.603986607,5378.50290901541)
(-363023.584079092,-172102.485387779,12981.4557077088)
(-376006.091121948,-178518.955761483,25034.9753244404)
(-401042.258712757,-191445.738741759,42105.7871196265)
(-443128.690498909,-214637.064885856,56051.9499303199)
(-499143.787752469,-248610.255590205,33658.368332999)
(-532766.840721635,-274294.922382538,-78871.5249959713)
(-453850.753725622,-231231.881287611,-135657.177520676)
(-318217.021658815,-159715.264865005,-156178.332880756)
(-162045.705876932,-80505.4298755185,-161996.093509519)
(0,0,0)
(0,0,0)
(0,0,0)
(0,0,0)
(0,0,0)
(0,0,0)
(-188329.150766987,-188510.584230026,2791.08035617161)
(-191077.503973758,-191326.363454597,6564.93342385725)
(-197635.564708105,-197830.523861652,12113.0608795467)
(-209752.398081369,-209868.46749233,18927.435759056)
(-228651.338097102,-228784.534213566,22089.0642216867)
(-250676.76614897,-250842.123715862,7961.73501008367)
(-258590.508120807,-258728.629179743,-35827.9980657323)
(-222744.317718364,-222855.83159432,-64153.2546752412)
(-158629.592691132,-158710.143610524,-76995.4359020781)
(-81636.6053311067,-81681.6038545893,-81586.5570666139)
(0,0,0)
(0,0,0)
(0,0,0)
(0,0,0)
(0,0,0)
(0,0,0)
(0,0,0)
(0,0,0)
(0,0,0)
(0,0,0)
(0,0,0)
(0,0,0)
(0,0,0)
(0,0,0)
(0,0,0)
(0,0,0)
(0,0,0)
(0,0,0)
(0,0,0)
(0,0,0)
(0,0,0)
(0,0,0)
(0,0,0)
(0,0,0)
(0,0,0)
(0,0,0)
(0,0,0)
(0,0,0)
(0,0,0)
(0,0,0)
(0,0,0)
(0,0,0)
(0,0,0)
(0,0,0)
(0,0,0)
(0,0,0)
(0,0,0)
(0,0,0)
(0,0,0)
(0,0,0)
(0,0,0)
(0,0,0)
(0,0,0)
(0,0,0)
(0,0,0)
(0,0,0)
(0,0,0)
(0,0,0)
(0,0,0)
(0,0,0)
(0,0,0)
(0,0,0)
(0,0,0)
(0,0,0)
(0,0,0)
(0,0,0)
(0,0,0)
(0,0,0)
(0,0,0)
(0,0,0)
(0,0,0)
(0,0,0)
(0,0,0)
(0,0,0)
(0,0,0)
(0,0,0)
(0,0,0)
(0,0,0)
(0,0,0)
(0,0,0)
(0,0,0)
(0,0,0)
(0,0,0)
(0,0,0)
(0,0,0)
(0,0,0)
(0,0,0)
(0,0,0)
(0,0,0)
(0,0,0)
(0,0,0)
(0,0,0)
(0,0,0)
(0,0,0)
(0,0,0)
(0,0,0)
(0,0,0)
(0,0,0)
(0,0,0)
(0,0,0)
(0,0,0)
(0,0,0)
(0,0,0)
(0,0,0)
(0,0,0)
(0,0,0)
(0,0,0)
(0,0,0)
(0,0,0)
(0,0,0)
(0,0,0)
(0,0,0)
(0,0,0)
(0,0,0)
(0,0,0)
(0,0,0)
(0,0,0)
(0,0,0)
(0,0,0)
(0,0,0)
(0,0,0)
(0,0,0)
(0,0,0)
(0,0,0)
(0,0,0)
(0,0,0)
(0,0,0)
(0,0,0)
(0,0,0)
(0,0,0)
(0,0,0)
(0,0,0)
(0,0,0)
(0,0,0)
(0,0,0)
(0,0,0)
(0,0,0)
(0,0,0)
(0,0,0)
(0,0,0)
(0,0,0)
(0,0,0)
(0,0,0)
(0,0,0)
(0,0,0)
(0,0,0)
(0,0,0)
(0,0,0)
(0,0,0)
(0,0,0)
(0,0,0)
(0,0,0)
(0,0,0)
(0,0,0)
(0,0,0)
(0,0,0)
(0,0,0)
(0,0,0)
(0,0,0)
(0,0,0)
(0,0,0)
(0,0,0)
(0,0,0)
(0,0,0)
(0,0,0)
(0,0,0)
(0,0,0)
(0,0,0)
(0,0,0)
(0,0,0)
(0,0,0)
(0,0,0)
(0,0,0)
(0,0,0)
(0,0,0)
(0,0,0)
(0,0,0)
(0,0,0)
(0,0,0)
(0,0,0)
(0,0,0)
(0,0,0)
(0,0,0)
(0,0,0)
(0,0,0)
(0,0,0)
(0,0,0)
(0,0,0)
(0,0,0)
(0,0,0)
(0,0,0)
(0,0,0)
(0,0,0)
(0,0,0)
(0,0,0)
(0,0,0)
(0,0,0)
(0,0,0)
(0,0,0)
(0,0,0)
(0,0,0)
(0,0,0)
(0,0,0)
(0,0,0)
(0,0,0)
(0,0,0)
(0,0,0)
(0,0,0)
(0,0,0)
(0,0,0)
(0,0,0)
(0,0,0)
(0,0,0)
(0,0,0)
(0,0,0)
(0,0,0)
(0,0,0)
(0,0,0)
(0,0,0)
(0,0,0)
(0,0,0)
(0,0,0)
(0,0,0)
(0,0,0)
(0,0,0)
(0,0,0)
(0,0,0)
(0,0,0)
(0,0,0)
(0,0,0)
(0,0,0)
(0,0,0)
(0,0,0)
(0,0,0)
(0,0,0)
(0,0,0)
(0,0,0)
(0,0,0)
(0,0,0)
(0,0,0)
(0,0,0)
(0,0,0)
(0,0,0)
(0,0,0)
(0,0,0)
(0,0,0)
(0,0,0)
(0,0,0)
(0,0,0)
(0,0,0)
(0,0,0)
(0,0,0)
(0,0,0)
(0,0,0)
(0,0,0)
(0,0,0)
(0,0,0)
(0,0,0)
(0,0,0)
(0,0,0)
(0,0,0)
(0,0,0)
(0,0,0)
(0,0,0)
(0,0,0)
(0,0,0)
(0,0,0)
(0,0,0)
(0,0,0)
(0,0,0)
(0,0,0)
(0,0,0)
(0,0,0)
(0,0,0)
(0,0,0)
(0,0,0)
(0,0,0)
(0,0,0)
(0,0,0)
(0,0,0)
(0,0,0)
(0,0,0)
(0,0,0)
(0,0,0)
(0,0,0)
(0,0,0)
(0,0,0)
(0,0,0)
(0,0,0)
(0,0,0)
(0,0,0)
(0,0,0)
(0,0,0)
(0,0,0)
(0,0,0)
(0,0,0)
(0,0,0)
(0,0,0)
(0,0,0)
(0,0,0)
(0,0,0)
(0,0,0)
(0,0,0)
(0,0,0)
(0,0,0)
(0,0,0)
(0,0,0)
(0,0,0)
(0,0,0)
(0,0,0)
(0,0,0)
(0,0,0)
(0,0,0)
(0,0,0)
(0,0,0)
(0,0,0)
(0,0,0)
(0,0,0)
(0,0,0)
(0,0,0)
(0,0,0)
(0,0,0)
(0,0,0)
(0,0,0)
(0,0,0)
(0,0,0)
(0,0,0)
(0,0,0)
(0,0,0)
(0,0,0)
(0,0,0)
(0,0,0)
(0,0,0)
(0,0,0)
(0,0,0)
(0,0,0)
(0,0,0)
(0,0,0)
(0,0,0)
(0,0,0)
(0,0,0)
(0,0,0)
(0,0,0)
(0,0,0)
(0,0,0)
(0,0,0)
(0,0,0)
(0,0,0)
(0,0,0)
(0,0,0)
(0,0,0)
(0,0,0)
(0,0,0)
(0,0,0)
(0,0,0)
(0,0,0)
(0,0,0)
(0,0,0)
(0,0,0)
(0,0,0)
(0,0,0)
(0,0,0)
(0,0,0)
(0,0,0)
(0,0,0)
(0,0,0)
(0,0,0)
(0,0,0)
(0,0,0)
(0,0,0)
(0,0,0)
(0,0,0)
(0,0,0)
(0,0,0)
(0,0,0)
(0,0,0)
(0,0,0)
(0,0,0)
(0,0,0)
(0,0,0)
(0,0,0)
(0,0,0)
(0,0,0)
(0,0,0)
(0,0,0)
(0,0,0)
(0,0,0)
(0,0,0)
(0,0,0)
(0,0,0)
(0,0,0)
(0,0,0)
(0,0,0)
(0,0,0)
(0,0,0)
(0,0,0)
(0,0,0)
(0,0,0)
(0,0,0)
(0,0,0)
(0,0,0)
(0,0,0)
(0,0,0)
(0,0,0)
(0,0,0)
(0,0,0)
(0,0,0)
(0,0,0)
(0,0,0)
(0,0,0)
(0,0,0)
(0,0,0)
(0,0,0)
(0,0,0)
(0,0,0)
(0,0,0)
(0,0,0)
(0,0,0)
(0,0,0)
(0,0,0)
(0,0,0)
(0,0,0)
(0,0,0)
(0,0,0)
(0,0,0)
(0,0,0)
(0,0,0)
(0,0,0)
(0,0,0)
(0,0,0)
(0,0,0)
(0,0,0)
(0,0,0)
(0,0,0)
(0,0,0)
(0,0,0)
(0,0,0)
(0,0,0)
(0,0,0)
(0,0,0)
(0,0,0)
(0,0,0)
(0,0,0)
(0,0,0)
(0,0,0)
(0,0,0)
(0,0,0)
(0,0,0)
(0,0,0)
(0,0,0)
(0,0,0)
(0,0,0)
(0,0,0)
(0,0,0)
(0,0,0)
(0,0,0)
(0,0,0)
(0,0,0)
(0,0,0)
(0,0,0)
(0,0,0)
(0,0,0)
(0,0,0)
(0,0,0)
(0,0,0)
(0,0,0)
(0,0,0)
(0,0,0)
(0,0,0)
(0,0,0)
(0,0,0)
(0,0,0)
(0,0,0)
(0,0,0)
(0,0,0)
(0,0,0)
(0,0,0)
(0,0,0)
(0,0,0)
(0,0,0)
(0,0,0)
(0,0,0)
(0,0,0)
(0,0,0)
(0,0,0)
(0,0,0)
(0,0,0)
(0,0,0)
(0,0,0)
(0,0,0)
(0,0,0)
(0,0,0)
(0,0,0)
(0,0,0)
(0,0,0)
(0,0,0)
(0,0,0)
(0,0,0)
(0,0,0)
(0,0,0)
(0,0,0)
(0,0,0)
(0,0,0)
(0,0,0)
(0,0,0)
(0,0,0)
(0,0,0)
(0,0,0)
(0,0,0)
(0,0,0)
(0,0,0)
(0,0,0)
(0,0,0)
(0,0,0)
(0,0,0)
(0,0,0)
(0,0,0)
(0,0,0)
(0,0,0)
(0,0,0)
(0,0,0)
(0,0,0)
(0,0,0)
(0,0,0)
(0,0,0)
(0,0,0)
(0,0,0)
(0,0,0)
(0,0,0)
(0,0,0)
(0,0,0)
(0,0,0)
(0,0,0)
(0,0,0)
(0,0,0)
(0,0,0)
(0,0,0)
(0,0,0)
(0,0,0)
(0,0,0)
(0,0,0)
(0,0,0)
(0,0,0)
(0,0,0)
(0,0,0)
(0,0,0)
(0,0,0)
(0,0,0)
(0,0,0)
(0,0,0)
(0,0,0)
(0,0,0)
(0,0,0)
(0,0,0)
(0,0,0)
(0,0,0)
(0,0,0)
(0,0,0)
(0,0,0)
(0,0,0)
(0,0,0)
(0,0,0)
(0,0,0)
(0,0,0)
(0,0,0)
(0,0,0)
(0,0,0)
(0,0,0)
(0,0,0)
(0,0,0)
(0,0,0)
(0,0,0)
(0,0,0)
(0,0,0)
(0,0,0)
(0,0,0)
(0,0,0)
(0,0,0)
(0,0,0)
(0,0,0)
(0,0,0)
(0,0,0)
(0,0,0)
(0,0,0)
(0,0,0)
(0,0,0)
(0,0,0)
(0,0,0)
(0,0,0)
(0,0,0)
(0,0,0)
(0,0,0)
(0,0,0)
(0,0,0)
(0,0,0)
(0,0,0)
(0,0,0)
(0,0,0)
(0,0,0)
(0,0,0)
(0,0,0)
(0,0,0)
(0,0,0)
(0,0,0)
(0,0,0)
(0,0,0)
(0,0,0)
(0,0,0)
(0,0,0)
(0,0,0)
(0,0,0)
(0,0,0)
(0,0,0)
(0,0,0)
(0,0,0)
(0,0,0)
(0,0,0)
(0,0,0)
(0,0,0)
(0,0,0)
(0,0,0)
(0,0,0)
(0,0,0)
(0,0,0)
(0,0,0)
(0,0,0)
(0,0,0)
(0,0,0)
(0,0,0)
(0,0,0)
(0,0,0)
(0,0,0)
(0,0,0)
(0,0,0)
(0,0,0)
(0,0,0)
(0,0,0)
(0,0,0)
(0,0,0)
(0,0,0)
(0,0,0)
(0,0,0)
(0,0,0)
(0,0,0)
(0,0,0)
(0,0,0)
(0,0,0)
(0,0,0)
(0,0,0)
(0,0,0)
(0,0,0)
(0,0,0)
(0,0,0)
(0,0,0)
(0,0,0)
(0,0,0)
(0,0,0)
(0,0,0)
(0,0,0)
(0,0,0)
(0,0,0)
(0,0,0)
(0,0,0)
(0,0,0)
(0,0,0)
(0,0,0)
(0,0,0)
(0,0,0)
(0,0,0)
(0,0,0)
(0,0,0)
(0,0,0)
(0,0,0)
(0,0,0)
(0,0,0)
(0,0,0)
(0,0,0)
(0,0,0)
(0,0,0)
(0,0,0)
(0,0,0)
(0,0,0)
(0,0,0)
(0,0,0)
(0,0,0)
(0,0,0)
(0,0,0)
(0,0,0)
(0,0,0)
(0,0,0)
(0,0,0)
(0,0,0)
(0,0,0)
(0,0,0)
(0,0,0)
(0,0,0)
(0,0,0)
(0,0,0)
(0,0,0)
(0,0,0)
(0,0,0)
(0,0,0)
(0,0,0)
(0,0,0)
(0,0,0)
(0,0,0)
(0,0,0)
(0,0,0)
(0,0,0)
(0,0,0)
(0,0,0)
(0,0,0)
(0,0,0)
(0,0,0)
(0,0,0)
(0,0,0)
(0,0,0)
(0,0,0)
(0,0,0)
(0,0,0)
(0,0,0)
(0,0,0)
(0,0,0)
(0,0,0)
(0,0,0)
(0,0,0)
(0,0,0)
(0,0,0)
(0,0,0)
(0,0,0)
(0,0,0)
(0,0,0)
(0,0,0)
(0,0,0)
(0,0,0)
(0,0,0)
(0,0,0)
(0,0,0)
(0,0,0)
(0,0,0)
(0,0,0)
(0,0,0)
(0,0,0)
(0,0,0)
(0,0,0)
(0,0,0)
(0,0,0)
(0,0,0)
(0,0,0)
(0,0,0)
(0,0,0)
(0,0,0)
(0,0,0)
(0,0,0)
(0,0,0)
(0,0,0)
(0,0,0)
(0,0,0)
(0,0,0)
(0,0,0)
(0,0,0)
(0,0,0)
(0,0,0)
(0,0,0)
(0,0,0)
(0,0,0)
(0,0,0)
(0,0,0)
(0,0,0)
(0,0,0)
(0,0,0)
(0,0,0)
(0,0,0)
(0,0,0)
(0,0,0)
(0,0,0)
(0,0,0)
(0,0,0)
(0,0,0)
(0,0,0)
(0,0,0)
(0,0,0)
(0,0,0)
(0,0,0)
(0,0,0)
(0,0,0)
(0,0,0)
(0,0,0)
(0,0,0)
(0,0,0)
(0,0,0)
(0,0,0)
(0,0,0)
(0,0,0)
(0,0,0)
(0,0,0)
(0,0,0)
(0,0,0)
(0,0,0)
(0,0,0)
(0,0,0)
(0,0,0)
(0,0,0)
(0,0,0)
(0,0,0)
(0,0,0)
(0,0,0)
(0,0,0)
(0,0,0)
(0,0,0)
(0,0,0)
(0,0,0)
(0,0,0)
(0,0,0)
(0,0,0)
(0,0,0)
(0,0,0)
(0,0,0)
(0,0,0)
(0,0,0)
(0,0,0)
(0,0,0)
(0,0,0)
(0,0,0)
(0,0,0)
(0,0,0)
(0,0,0)
(0,0,0)
(0,0,0)
