(0,0,0)
(0,0,0)
(0,0,0)
(0,0,0)
(0,0,0)
(0,0,0)
(0,0,0)
(0,0,0)
(0,0,0)
(0,0,0)
(0,0,0)
(0,0,0)
(0,0,0)
(0,0,0)
(0,0,0)
(0,0,0)
(0,0,0)
(0,0,0)
(0,0,0)
(0,0,0)
(0,0,0)
(0,0,0)
(0,0,0)
(0,0,0)
(0,0,0)
(0,0,0)
(0,0,0)
(0,0,0)
(0,0,0)
(0,0,0)
(0,0,0)
(0,0,0)
(0,0,0)
(0,0,0)
(0,0,0)
(0,0,0)
(0,0,0)
(0,0,0)
(0,0,0)
(0,0,0)
(0,0,0)
(0,0,0)
(0,0,0)
(0,0,0)
(0,0,0)
(0,0,0)
(0,0,0)
(0,0,0)
(0,0,0)
(0,0,0)
(0,0,0)
(0,0,0)
(0,0,0)
(0,0,0)
(0,0,0)
(0,0,0)
(0,0,0)
(0,0,0)
(0,0,0)
(0,0,0)
(0,0,0)
(0,0,0)
(0,0,0)
(0,0,0)
(0,0,0)
(0,0,0)
(0,0,0)
(0,0,0)
(0,0,0)
(0,0,0)
(0,0,0)
(0,0,0)
(0,0,0)
(0,0,0)
(0,0,0)
(0,0,0)
(0,0,0)
(0,0,0)
(0,0,0)
(0,0,0)
(0,0,0)
(0,0,0)
(0,0,0)
(0,0,0)
(0,0,0)
(0,0,0)
(0,0,0)
(0,0,0)
(0,0,0)
(0,0,0)
(0,0,0)
(0,0,0)
(0,0,0)
(0,0,0)
(0,0,0)
(0,0,0)
(0,0,0)
(0,0,0)
(0,0,0)
(0,0,0)
(0,0,0)
(0,0,0)
(0,0,0)
(0,0,0)
(0,0,0)
(0,0,0)
(0,0,0)
(0,0,0)
(0,0,0)
(0,0,0)
(0,0,0)
(0,0,0)
(0,0,0)
(0,0,0)
(0,0,0)
(0,0,0)
(0,0,0)
(0,0,0)
(0,0,0)
(0,0,0)
(0,0,0)
(0,0,0)
(0,0,0)
(0,0,0)
(0,0,0)
(0,0,0)
(0,0,0)
(0,0,0)
(0,0,0)
(0,0,0)
(0,0,0)
(0,0,0)
(0,0,0)
(0,0,0)
(0,0,0)
(0,0,0)
(0,0,0)
(0,0,0)
(0,0,0)
(0,0,0)
(0,0,0)
(0,0,0)
(0,0,0)
(0,0,0)
(0,0,0)
(0,0,0)
(0,0,0)
(0,0,0)
(0,0,0)
(0,0,0)
(0,0,0)
(0,0,0)
(0,0,0)
(0,0,0)
(0,0,0)
(0,0,0)
(0,0,0)
(0,0,0)
(0,0,0)
(0,0,0)
(0,0,0)
(0,0,0)
(0,0,0)
(0,0,0)
(0,0,0)
(0,0,0)
(0,0,0)
(0,0,0)
(0,0,0)
(0,0,0)
(0,0,0)
(0,0,0)
(0,0,0)
(0,0,0)
(0,0,0)
(0,0,0)
(0,0,0)
(0,0,0)
(0,0,0)
(0,0,0)
(0,0,0)
(0,0,0)
(0,0,0)
(0,0,0)
(0,0,0)
(0,0,0)
(0,0,0)
(0,0,0)
(0,0,0)
(0,0,0)
(0,0,0)
(0,0,0)
(0,0,0)
(0,0,0)
(0,0,0)
(0,0,0)
(0,0,0)
(0,0,0)
(0,0,0)
(0,0,0)
(0,0,0)
(0,0,0)
(0,0,0)
(0,0,0)
(0,0,0)
(0,0,0)
(0,0,0)
(0,0,0)
(0,0,0)
(0,0,0)
(0,0,0)
(0,0,0)
(0,0,0)
(0,0,0)
(0,0,0)
(0,0,0)
(0,0,0)
(0,0,0)
(0,0,0)
(0,0,0)
(0,0,0)
(0,0,0)
(0,0,0)
(0,0,0)
(0,0,0)
(0,0,0)
(0,0,0)
(0,0,0)
(0,0,0)
(0,0,0)
(0,0,0)
(0,0,0)
(0,0,0)
(0,0,0)
(0,0,0)
(0,0,0)
(0,0,0)
(0,0,0)
(0,0,0)
(0,0,0)
(0,0,0)
(0,0,0)
(0,0,0)
(0,0,0)
(0,0,0)
(0,0,0)
(0,0,0)
(0,0,0)
(0,0,0)
(0,0,0)
(0,0,0)
(0,0,0)
(0,0,0)
(0,0,0)
(0,0,0)
(0,0,0)
(0,0,0)
(0,0,0)
(0,0,0)
(0,0,0)
(0,0,0)
(0,0,0)
(0,0,0)
(0,0,0)
(0,0,0)
(0,0,0)
(0,0,0)
(0,0,0)
(0,0,0)
(0,0,0)
(0,0,0)
(0,0,0)
(0,0,0)
(0,0,0)
(0,0,0)
(0,0,0)
(0,0,0)
(0,0,0)
(0,0,0)
(0,0,0)
(0,0,0)
(0,0,0)
(0,0,0)
(0,0,0)
(0,0,0)
(0,0,0)
(0,0,0)
(0,0,0)
(0,0,0)
(0,0,0)
(0,0,0)
(0,0,0)
(0,0,0)
(0,0,0)
(0,0,0)
(0,0,0)
(0,0,0)
(0,0,0)
(0,0,0)
(0,0,0)
(0,0,0)
(0,0,0)
(0,0,0)
(0,0,0)
(0,0,0)
(0,0,0)
(0,0,0)
(0,0,0)
(0,0,0)
(0,0,0)
(0,0,0)
(0,0,0)
(0,0,0)
(0,0,0)
(0,0,0)
(0,0,0)
(0,0,0)
(0,0,0)
(0,0,0)
(0,0,0)
(0,0,0)
(0,0,0)
(0,0,0)
(0,0,0)
(0,0,0)
(0,0,0)
(0,0,0)
(0,0,0)
(0,0,0)
(0,0,0)
(0,0,0)
(0,0,0)
(0,0,0)
(0,0,0)
(0,0,0)
(0,0,0)
(0,0,0)
(0,0,0)
(0,0,0)
(0,0,0)
(0,0,0)
(0,0,0)
(0,0,0)
(0,0,0)
(0,0,0)
(0,0,0)
(0,0,0)
(0,0,0)
(0,0,0)
(0,0,0)
(0,0,0)
(0,0,0)
(0,0,0)
(0,0,0)
(0,0,0)
(0,0,0)
(0,0,0)
(0,0,0)
(0,0,0)
(0,0,0)
(0,0,0)
(0,0,0)
(0,0,0)
(0,0,0)
(0,0,0)
(0,0,0)
(0,0,0)
(0,0,0)
(0,0,0)
(0,0,0)
(0,0,0)
(0,0,0)
(0,0,0)
(0,0,0)
(0,0,0)
(0,0,0)
(0,0,0)
(0,0,0)
(0,0,0)
(0,0,0)
(0,0,0)
(0,0,0)
(0,0,0)
(0,0,0)
(0,0,0)
(0,0,0)
(0,0,0)
(0,0,0)
(0,0,0)
(0,0,0)
(0,0,0)
(0,0,0)
(0,0,0)
(0,0,0)
(0,0,0)
(0,0,0)
(0,0,0)
(0,0,0)
(0,0,0)
(0,0,0)
(0,0,0)
(0,0,0)
(0,0,0)
(0,0,0)
(0,0,0)
(0,0,0)
(0,0,0)
(0,0,0)
(0,0,0)
(0,0,0)
(0,0,0)
(0,0,0)
(0,0,0)
(0,0,0)
(0,0,0)
(0,0,0)
(0,0,0)
(0,0,0)
(0,0,0)
(0,0,0)
(0,0,0)
(0,0,0)
(0,0,0)
(0,0,0)
(0,0,0)
(0,0,0)
(0,0,0)
(0,0,0)
(0,0,0)
(0,0,0)
(0,0,0)
(0,0,0)
(0,0,0)
(0,0,0)
(0,0,0)
(0,0,0)
(0,0,0)
(0,0,0)
(0,0,0)
(0,0,0)
(0,0,0)
(0,0,0)
(0,0,0)
(0,0,0)
(0,0,0)
(0,0,0)
(0,0,0)
(0,0,0)
(0,0,0)
(0,0,0)
(0,0,0)
(0,0,0)
(0,0,0)
(0,0,0)
(0,0,0)
(0,0,0)
(0,0,0)
(0,0,0)
(0,0,0)
(0,0,0)
(0,0,0)
(0,0,0)
(0,0,0)
(0,0,0)
(0,0,0)
(0,0,0)
(0,0,0)
(0,0,0)
(0,0,0)
(0,0,0)
(0,0,0)
(0,0,0)
(0,0,0)
(0,0,0)
(0,0,0)
(0,0,0)
(0,0,0)
(0,0,0)
(0,0,0)
(0,0,0)
(0,0,0)
(0,0,0)
(0,0,0)
(0,0,0)
(0,0,0)
(0,0,0)
(0,0,0)
(0,0,0)
(0,0,0)
(0,0,0)
(0,0,0)
(0,0,0)
(0,0,0)
(0,0,0)
(0,0,0)
(0,0,0)
(0,0,0)
(0,0,0)
(0,0,0)
(0,0,0)
(0,0,0)
(0,0,0)
(0,0,0)
(0,0,0)
(0,0,0)
(0,0,0)
(0,0,0)
(0,0,0)
(0,0,0)
(0,0,0)
(0,0,0)
(0,0,0)
(0,0,0)
(0,0,0)
(0,0,0)
(0,0,0)
(0,0,0)
(0,0,0)
(0,0,0)
(0,0,0)
(0,0,0)
(0,0,0)
(0,0,0)
(0,0,0)
(0,0,0)
(0,0,0)
(0,0,0)
(0,0,0)
(0,0,0)
(0,0,0)
(0,0,0)
(0,0,0)
(0,0,0)
(0,0,0)
(0,0,0)
(0,0,0)
(0,0,0)
(0,0,0)
(0,0,0)
(0,0,0)
(0,0,0)
(0,0,0)
(0,0,0)
(0,0,0)
(0,0,0)
(0,0,0)
(0,0,0)
(0,0,0)
(0,0,0)
(0,0,0)
(0,0,0)
(0,0,0)
(0,0,0)
(0,0,0)
(0,0,0)
(0,0,0)
(0,0,0)
(0,0,0)
(0,0,0)
(0,0,0)
(0,0,0)
(0,0,0)
(0,0,0)
(0,0,0)
(0,0,0)
(0,0,0)
(0,0,0)
(0,0,0)
(0,0,0)
(0,0,0)
(0,0,0)
(0,0,0)
(0,0,0)
(0,0,0)
(0,0,0)
(0,0,0)
(0,0,0)
(0,0,0)
(0,0,0)
(0,0,0)
(0,0,0)
(0,0,0)
(0,0,0)
(0,0,0)
(0,0,0)
(0,0,0)
(0,0,0)
(0,0,0)
(0,0,0)
(0,0,0)
(0,0,0)
(0,0,0)
(0,0,0)
(0,0,0)
(0,0,0)
(0,0,0)
(0,0,0)
(0,0,0)
(0,0,0)
(0,0,0)
(0,0,0)
(0,0,0)
(0,0,0)
(0,0,0)
(0,0,0)
(0,0,0)
(0,0,0)
(0,0,0)
(0,0,0)
(0,0,0)
(0,0,0)
(0,0,0)
(0,0,0)
(0,0,0)
(0,0,0)
(0,0,0)
(0,0,0)
(0,0,0)
(0,0,0)
(0,0,0)
(0,0,0)
(0,0,0)
(0,0,0)
(0,0,0)
(0,0,0)
(0,0,0)
(0,0,0)
(0,0,0)
(0,0,0)
(0,0,0)
(0,0,0)
(0,0,0)
(0,0,0)
(0,0,0)
(0,0,0)
(0,0,0)
(0,0,0)
(0,0,0)
(0,0,0)
(0,0,0)
(0,0,0)
(0,0,0)
(0,0,0)
(0,0,0)
(0,0,0)
(0,0,0)
(0,0,0)
(0,0,0)
(0,0,0)
(0,0,0)
(0,0,0)
(0,0,0)
(0,0,0)
(0,0,0)
(0,0,0)
(0,0,0)
(0,0,0)
(0,0,0)
(0,0,0)
(0,0,0)
(0,0,0)
(0,0,0)
(0,0,0)
(0,0,0)
(0,0,0)
(0,0,0)
(0,0,0)
(0,0,0)
(0,0,0)
(0,0,0)
(0,0,0)
(0,0,0)
(0,0,0)
(0,0,0)
(0,0,0)
(0,0,0)
(0,0,0)
(0,0,0)
(0,0,0)
(0,0,0)
(0,0,0)
(0,0,0)
(0,0,0)
(0,0,0)
(0,0,0)
(0,0,0)
(0,0,0)
(0,0,0)
(0,0,0)
(0,0,0)
(0,0,0)
(0,0,0)
(0,0,0)
(0,0,0)
(0,0,0)
(0,0,0)
(0,0,0)
(0,0,0)
(0,0,0)
(0,0,0)
(0,0,0)
(0,0,0)
(0,0,0)
(0,0,0)
(0,0,0)
(0,0,0)
(0,0,0)
(0,0,0)
(0,0,0)
(0,0,0)
(0,0,0)
(0,0,0)
(0,0,0)
(0,0,0)
(0,0,0)
(0,0,0)
(0,0,0)
(0,0,0)
(0,0,0)
(0,0,0)
(0,0,0)
(0,0,0)
(0,0,0)
(0,0,0)
(0,0,0)
(0,0,0)
(0,0,0)
(0,0,0)
(0,0,0)
(0,0,0)
(0,0,0)
(0,0,0)
(0,0,0)
(0,0,0)
(0,0,0)
(0,0,0)
(0,0,0)
(0,0,0)
(0,0,0)
(0,0,0)
(0,0,0)
(0,0,0)
(0,0,0)
(0,0,0)
(0,0,0)
(0,0,0)
(0,0,0)
(0,0,0)
(0,0,0)
(0,0,0)
(0,0,0)
(0,0,0)
(0,0,0)
(0,0,0)
(0,0,0)
(0,0,0)
(0,0,0)
(0,0,0)
(0,0,0)
(0,0,0)
(0,0,0)
(0,0,0)
(0,0,0)
(0,0,0)
(0,0,0)
(0,0,0)
(0,0,0)
(0,0,0)
(0,0,0)
(0,0,0)
(0,0,0)
(0,0,0)
(0,0,0)
(0,0,0)
(0,0,0)
(0,0,0)
(0,0,0)
(0,0,0)
(0,0,0)
(0,0,0)
(0,0,0)
(0,0,0)
(0,0,0)
(0,0,0)
(0,0,0)
(0,0,0)
(0,0,0)
(0,0,0)
(0,0,0)
(0,0,0)
(0,0,0)
(0,0,0)
(0,0,0)
(0,0,0)
(0,0,0)
(0,0,0)
(0,0,0)
(0,0,0)
(0,0,0)
(0,0,0)
(0,0,0)
(0,0,0)
(0,0,0)
(0,0,0)
(0,0,0)
(0,0,0)
(0,0,0)
(0,0,0)
(0,0,0)
(0,0,0)
(0,0,0)
(0,0,0)
(0,0,0)
(0,0,0)
(0,0,0)
(0,0,0)
(0,0,0)
(0,0,0)
(0,0,0)
(-99.247813447513,-64.2247882333503,163.472601680754)
(-155.043178268298,-35.1078119760155,353.62359192517)
(-236.795043168886,-21.4523559300743,611.870991024344)
(-432.882262314566,-20.9874886410298,1065.7407419823)
(-676.35323479612,-54.4136203669186,1796.50759715087)
(-1075.18182662021,-110.253246516191,2981.94267027395)
(-1820.94755671153,-169.621956259517,4972.51218327798)
(-3175.91145410618,-174.996703921786,8323.42034130002)
(-5459.25256081547,-165.773329784618,13948.4462319543)
(-7849.12949413708,-118.168251473754,21915.7439775709)
(0,0,0)
(0,0,0)
(0,0,0)
(0,0,0)
(0,0,0)
(0,0,0)
(-139.791653113037,-57.0212435744181,132.588108453572)
(-172.661596782861,-36.0786671818885,306.220560445358)
(-258.853799869883,-27.3509823625803,570.972986744386)
(-458.128032031102,-6.84247636818515,1014.95600650632)
(-712.166261706438,-77.6738908322974,1750.38253867606)
(-1117.92437194205,-194.053329369715,2952.10699347793)
(-1886.32791386571,-287.766304566049,4956.57925561798)
(-3235.6307346946,-274.053031463602,8291.26631782685)
(-5524.00075125992,-246.943003348422,13896.4367427113)
(-7889.32592774339,-181.043206552356,21848.6376254434)
(0,0,0)
(0,0,0)
(0,0,0)
(0,0,0)
(0,0,0)
(0,0,0)
(-208.008804550252,18.2965690269709,132.690991948378)
(-235.058604367833,47.4568214286656,284.214107706109)
(-326.288343049715,68.8247281874432,514.326740210322)
(-510.995321378059,87.7610361303112,930.718549091792)
(-778.285982175652,-15.986857053014,1647.31749748786)
(-1217.56784308323,-164.365030022804,2835.1970412245)
(-1995.39007866451,-278.543984779796,4821.36480010537)
(-3329.53009622939,-290.244612482112,8167.08647732649)
(-5584.93186554271,-242.43394656991,13747.5092861603)
(-7914.49332745484,-163.274920879623,21644.2343279261)
(0,0,0)
(0,0,0)
(0,0,0)
(0,0,0)
(0,0,0)
(0,0,0)
(-376.588236692777,288.434567762708,106.450237957495)
(-383.23153193923,294.200524579179,242.938066747925)
(-455.613085220597,338.390971032339,428.984909117328)
(-626.643326068436,341.78016241667,801.60910889494)
(-915.258649415606,240.261596127347,1460.61930513318)
(-1414.04303010668,104.679629904228,2605.6176753071)
(-2229.59506855624,-15.1329922331463,4571.80175132806)
(-3546.72910582863,-82.1850659383436,7910.47131058048)
(-5702.33186219113,-61.7102843649528,13432.0795105264)
(-7956.36906740134,-40.6878857953835,21265.8615429427)
(0,0,0)
(0,0,0)
(0,0,0)
(0,0,0)
(0,0,0)
(0,0,0)
(-610.17859654409,829.566460966605,69.0467033391635)
(-618.72453793048,807.386463736362,174.585302111509)
(-681.987409006652,865.701800554581,329.261881594816)
(-844.386820424239,874.01354127709,641.415323163246)
(-1142.00498707789,810.962357305794,1212.71954906836)
(-1681.4247773616,702.023838194181,2296.80011812542)
(-2558.42619568155,604.814262599665,4235.27905897716)
(-3835.96848222957,444.3092062543,7544.75326904012)
(-5864.54040801109,328.650743231446,13018.9326495014)
(-8022.25260779387,188.535511684937,20811.9618598334)
(0,0,0)
(0,0,0)
(0,0,0)
(0,0,0)
(0,0,0)
(0,0,0)
(-987.066158306456,1798.49632496377,18.1362943099048)
(-996.213385906078,1768.72368649215,53.012457459117)
(-1051.80318691168,1812.34849245767,158.168952467684)
(-1201.14023304837,1803.7470829878,429.575643802537)
(-1474.83768942983,1764.93815111853,950.437539419528)
(-1990.16057263964,1691.56662486592,1951.05532539499)
(-2870.12977024301,1569.41454840878,3856.58480985444)
(-4105.84154622223,1303.65101690598,7103.08454540551)
(-6055.07361005907,996.905760346896,12489.9031383856)
(-8118.58843991496,565.595386750582,20231.4317031505)
(0,0,0)
(0,0,0)
(0,0,0)
(0,0,0)
(0,0,0)
(0,0,0)
(-1733.64571128248,3576.098953226,-43.95691697689)
(-1732.9665113742,3533.08183645698,-75.3485555697172)
(-1778.7233588194,3530.08601543488,-14.3627197236961)
(-1906.35710918593,3484.80959827246,210.931874180754)
(-2144.83440265546,3447.17450117837,673.529926777729)
(-2594.46322122183,3355.4621220331,1604.09765082486)
(-3392.65501608621,3146.08256605471,3420.08464926802)
(-4523.23516421421,2731.27423633412,6515.69659404881)
(-6379.05722143791,2117.13573312944,11774.523842641)
(-8301.14372902268,1206.86578815,19434.3971703123)
(0,0,0)
(0,0,0)
(0,0,0)
(0,0,0)
(0,0,0)
(0,0,0)
(-3115.82429893218,6790.12001771745,-98.1967655688812)
(-3111.3919767792,6714.37507511647,-168.098027446133)
(-3127.07966117183,6632.21830731379,-143.150658143809)
(-3219.0713485854,6523.62144655526,37.1088421449002)
(-3418.69235273374,6449.70693598814,453.268760063082)
(-3776.66796659235,6289.3681609339,1296.0306877519)
(-4428.9289622523,5977.66945895655,2893.37275708783)
(-5395.967631937,5351.30632137523,5669.3083039996)
(-7096.22338184599,4247.56411962766,10635.1032993468)
(-8714.59066285664,2495.93142623833,18060.6283240507)
(0,0,0)
(0,0,0)
(0,0,0)
(0,0,0)
(0,0,0)
(0,0,0)
(-5406.91431036063,12326.9943959882,-129.960067920705)
(-5416.1080212823,12209.2006426627,-208.677614173069)
(-5418.87626309898,12043.9420767416,-201.525120535981)
(-5472.44139095316,11878.9761146515,-84.4383976718327)
(-5614.17015577317,11729.6150414741,249.823652627582)
(-5852.18799694934,11494.2143141372,897.165496362741)
(-6300.91054422779,11046.0214276214,2129.72407192308)
(-7068.71085674796,10144.12638111,4405.61486893198)
(-8432.69382796238,8406.98759870823,8678.88521778692)
(-9447.89012483516,5218.48688839304,15404.2198804688)
(0,0,0)
(0,0,0)
(0,0,0)
(0,0,0)
(0,0,0)
(0,0,0)
(-7841.66241551726,20272.2853572721,-103.628545780568)
(-7845.2241318416,20123.0709761816,-172.274747457198)
(-7835.6114128268,19882.204797468,-174.926055328398)
(-7845.71865598452,19679.1536819478,-129.384966629773)
(-7917.27395837535,19448.5558666936,68.9481665446136)
(-8034.59986406294,19172.0479050571,425.714439685174)
(-8266.39269700456,18593.0263669828,1145.10219732025)
(-8695.1335955681,17441.6725026844,2542.68967127532)
(-9445.47301155756,15108.1120680239,5287.03821350961)
(-9598.83829427885,10050.1604461359,10054.2029500524)
(0,0,0)
(0,0,0)
(0,0,0)
(0,0,0)
(0,0,0)
(0,0,0)
(0,0,0)
(0,0,0)
(0,0,0)
(0,0,0)
(0,0,0)
(0,0,0)
(0,0,0)
(0,0,0)
(0,0,0)
(0,0,0)
(0,0,0)
(0,0,0)
(0,0,0)
(0,0,0)
(0,0,0)
(0,0,0)
(0,0,0)
(0,0,0)
(0,0,0)
(0,0,0)
(0,0,0)
(0,0,0)
(0,0,0)
(0,0,0)
(0,0,0)
(0,0,0)
(0,0,0)
(0,0,0)
(0,0,0)
(0,0,0)
(0,0,0)
(0,0,0)
(0,0,0)
(0,0,0)
(0,0,0)
(0,0,0)
(0,0,0)
(0,0,0)
(0,0,0)
(0,0,0)
(0,0,0)
(0,0,0)
(0,0,0)
(0,0,0)
(0,0,0)
(0,0,0)
(0,0,0)
(0,0,0)
(0,0,0)
(0,0,0)
(0,0,0)
(0,0,0)
(0,0,0)
(0,0,0)
(0,0,0)
(0,0,0)
(0,0,0)
(0,0,0)
(0,0,0)
(0,0,0)
(0,0,0)
(0,0,0)
(0,0,0)
(0,0,0)
(0,0,0)
(0,0,0)
(0,0,0)
(0,0,0)
(0,0,0)
(0,0,0)
(0,0,0)
(0,0,0)
(0,0,0)
(0,0,0)
(0,0,0)
(0,0,0)
(0,0,0)
(0,0,0)
(0,0,0)
(0,0,0)
(0,0,0)
(0,0,0)
(0,0,0)
(0,0,0)
(0,0,0)
(0,0,0)
(0,0,0)
(0,0,0)
(0,0,0)
(0,0,0)
(0,0,0)
(0,0,0)
(0,0,0)
(0,0,0)
(0,0,0)
(0,0,0)
(77020.2907332889,-63.7916916983215,139.159320070474)
(76938.5196925383,-34.1304301507724,274.63305448107)
(76779.7093554404,-17.1209876342765,470.155818550553)
(76472.3317530742,-45.2816701663475,805.12964836265)
(76059.2244695674,-99.5428920415426,1364.00101111865)
(75382.9853933815,-161.563577876205,2262.3035439775)
(74169.7337096049,-231.259363657573,3697.78781636512)
(71744.3666532788,-228.070615425706,6200.48649940518)
(66203.7131154106,-182.055957524155,11914.4829557482)
(51052.3504020953,-119.418083668456,30327.3273182546)
(0,0,0)
(0,0,0)
(0,0,0)
(0,0,0)
(0,0,0)
(0,0,0)
(76951.9073388823,-62.5132196561367,101.928711077701)
(76900.1042955158,-34.7745713546822,224.713135095832)
(76745.535510125,-34.736125751185,432.845138291659)
(76433.9620144225,-75.3977725564153,765.77736926769)
(76008.5967487663,-169.700811171984,1310.07845301629)
(75315.2257978452,-297.200524334555,2207.47140473177)
(74049.9473601058,-425.860087493422,3660.70302977162)
(71644.3575763588,-419.702288450927,6167.25256683382)
(66122.4389913394,-333.572782232736,11867.2358239502)
(51004.8276793414,-213.259375292375,30261.8296834809)
(0,0,0)
(0,0,0)
(0,0,0)
(0,0,0)
(0,0,0)
(0,0,0)
(76857.8490394406,-34.7334388148814,101.268550224637)
(76804.7127006197,-1.81738200145844,223.446230989223)
(76654.6120322501,7.67064733863799,395.045257712476)
(76358.9450602479,-40.347119273948,684.960397922062)
(75905.2749029548,-173.512969700197,1200.11784632585)
(75136.206539339,-343.387605478802,2087.43672012233)
(73806.5319814215,-511.559554480117,3566.12030211317)
(71424.4773738559,-512.689308709495,6100.00602747454)
(65994.9398692735,-390.793229972213,11772.2609154242)
(50950.9320635681,-224.719242516964,30113.2015667599)
(0,0,0)
(0,0,0)
(0,0,0)
(0,0,0)
(0,0,0)
(0,0,0)
(76578.1629281061,119.372843816003,86.0487276315023)
(76554.0338602005,145.661691678308,196.210436949507)
(76434.6725138585,183.582027722017,324.919632577129)
(76164.6701479572,140.039621111948,548.125593296116)
(75667.2265467113,4.01610290574964,983.017499608589)
(74765.2787336217,-157.280135437006,1812.49444092382)
(73264.6562231889,-340.643022257162,3342.23279206636)
(70927.7733052533,-378.93633869185,5928.88358605387)
(65755.8265559113,-262.577468875404,11537.415581874)
(50873.693349335,-139.568882396597,29817.1089801711)
(0,0,0)
(0,0,0)
(0,0,0)
(0,0,0)
(0,0,0)
(0,0,0)
(76164.8052513523,486.087067699984,53.2081032951336)
(76162.7364887301,477.895991457932,134.418951905968)
(76058.6954900139,526.155607329474,246.068648403733)
(75805.3379501197,519.291161031602,411.998513010113)
(75282.6145182996,448.89424143118,737.407044201864)
(74251.4202042854,361.397044372101,1480.79105786196)
(72405.5560981563,286.707137009648,3084.36477984089)
(70160.8294236765,177.317431111655,5726.21927924947)
(65432.6078583856,123.528284916232,11237.8714340246)
(50765.2223551406,66.5707086512156,29439.1630551852)
(0,0,0)
(0,0,0)
(0,0,0)
(0,0,0)
(0,0,0)
(0,0,0)
(75526.6902340668,1150.8992959362,16.337554438596)
(75533.5930516821,1119.08000185513,40.2532815115692)
(75453.283963352,1150.49388880725,105.734024870183)
(75227.9559767818,1170.17088547399,220.664265758499)
(74723.3036392766,1171.02490336797,495.298450179581)
(73739.6197870397,1147.71366444787,1174.10764552602)
(71943.6102976821,1077.23822246903,2764.74266724159)
(69750.3788359165,908.842072160725,5371.90381909114)
(65160.376468115,672.665729190186,10802.2224717211)
(50629.0234926378,363.20304293435,28952.8843800437)
(0,0,0)
(0,0,0)
(0,0,0)
(0,0,0)
(0,0,0)
(0,0,0)
(74299.4047205745,2351.31542054672,-38.5603813655894)
(74312.4107131518,2313.29919485173,-83.2506238212183)
(74257.826170105,2297.66166809065,-72.0617569122226)
(74078.047529464,2295.07699655968,13.5336684290389)
(73637.4348262641,2323.81566229464,273.379855655993)
(72802.8533299976,2306.64306809994,912.040075861232)
(71205.0078134181,2186.1017732388,2400.41987064453)
(69222.9333441286,1920.43605206512,4837.5635575245)
(64684.3574382872,1455.36980739985,10186.3509946591)
(50328.1038987968,809.17929309344,28306.0332918358)
(0,0,0)
(0,0,0)
(0,0,0)
(0,0,0)
(0,0,0)
(0,0,0)
(71834.6155916998,4699.88032312999,-104.098618074385)
(71835.4500021015,4637.99283063499,-180.728057648213)
(71815.3904866884,4558.29593015971,-188.926292537959)
(71689.0696445417,4498.72024033751,-105.804354278461)
(71340.4057720967,4490.61234726775,163.207010936173)
(70716.4831695173,4429.45103086436,742.154087190347)
(69443.3245099771,4248.25215993342,2002.65640327743)
(67821.3702106787,3786.34765626137,4114.31313149532)
(63332.9152005123,3032.11465901039,9303.33587251722)
(49473.954430974,1822.52646204679,27296.3497848001)
(0,0,0)
(0,0,0)
(0,0,0)
(0,0,0)
(0,0,0)
(0,0,0)
(66292.304747309,10327.0635583947,-131.496117872205)
(66266.2979200628,10234.2073459037,-215.2103993663)
(66255.1899632303,10085.7560909174,-221.830611378508)
(66186.6462289152,9965.44196887483,-152.733784763641)
(65962.0616054606,9867.95635299248,88.5966233346495)
(65596.1729925033,9714.11152248259,550.481317340614)
(64842.3406205818,9404.19806052616,1446.19042704397)
(63379.1275565482,8783.65287973486,3195.95296539185)
(59451.3340617406,7613.52921355958,7925.41669622889)
(46986.1146277786,5172.64190228901,25336.2026783835)
(0,0,0)
(0,0,0)
(0,0,0)
(0,0,0)
(0,0,0)
(0,0,0)
(51061.7204344879,28712.1484387946,-93.5615553799329)
(51041.031328049,28609.7702457266,-160.473740015614)
(51047.2781349766,28402.3743172715,-165.075339139258)
(51038.1842765079,28240.4832371231,-129.113364735746)
(50935.7956855696,28064.4968809857,16.1826384562869)
(50760.3330592786,27857.1321291313,273.135283629698)
(50373.6743864002,27454.1988869283,777.973548893982)
(49496.7967818913,26668.2090530142,1896.39317323343)
(46992.815248222,24959.3390959266,5307.20120616272)
(38188.2872958912,19880.7391121974,20006.8845811271)
(0,0,0)
(0,0,0)
(0,0,0)
(0,0,0)
(0,0,0)
(0,0,0)
(0,0,0)
(0,0,0)
(0,0,0)
(0,0,0)
(0,0,0)
(0,0,0)
(0,0,0)
(0,0,0)
(0,0,0)
(0,0,0)
(0,0,0)
(0,0,0)
(0,0,0)
(0,0,0)
(0,0,0)
(0,0,0)
(0,0,0)
(0,0,0)
(0,0,0)
(0,0,0)
(0,0,0)
(0,0,0)
(0,0,0)
(0,0,0)
(0,0,0)
(0,0,0)
(0,0,0)
(0,0,0)
(0,0,0)
(0,0,0)
(0,0,0)
(0,0,0)
(0,0,0)
(0,0,0)
(0,0,0)
(0,0,0)
(0,0,0)
(0,0,0)
(0,0,0)
(0,0,0)
(0,0,0)
(0,0,0)
(0,0,0)
(0,0,0)
(0,0,0)
(0,0,0)
(0,0,0)
(0,0,0)
(0,0,0)
(0,0,0)
(0,0,0)
(0,0,0)
(0,0,0)
(0,0,0)
(0,0,0)
(0,0,0)
(0,0,0)
(0,0,0)
(0,0,0)
(0,0,0)
(0,0,0)
(0,0,0)
(0,0,0)
(0,0,0)
(0,0,0)
(0,0,0)
(0,0,0)
(0,0,0)
(0,0,0)
(0,0,0)
(0,0,0)
(0,0,0)
(0,0,0)
(0,0,0)
(0,0,0)
(0,0,0)
(0,0,0)
(0,0,0)
(0,0,0)
(0,0,0)
(0,0,0)
(0,0,0)
(0,0,0)
(0,0,0)
(0,0,0)
(0,0,0)
(0,0,0)
(0,0,0)
(0,0,0)
(0,0,0)
(0,0,0)
(0,0,0)
(0,0,0)
(0,0,0)
(0,0,0)
(0,0,0)
(-162.626599828982,-84.5256336087366,72.5367916192491)
(-241.424749882497,-72.3121822473387,129.88724121859)
(-452.460761503427,-60.0069321549901,227.158115270831)
(-781.731843294997,-110.290292122598,396.605828731283)
(-1247.39363063538,-183.170970237145,691.488724096064)
(-1947.07589266275,-258.293688273578,1084.9375234157)
(-3051.63333169489,-327.671165432552,1439.06955509032)
(-4730.62093753188,-320.111382932703,1039.26235382907)
(-7190.25145371584,-242.102023965491,-2519.57722817901)
(-9197.13243746055,-140.829956742153,-19324.1706069187)
(0,0,0)
(0,0,0)
(0,0,0)
(0,0,0)
(0,0,0)
(0,0,0)
(-251.763142025799,-126.47702936304,50.7157015473211)
(-302.385584767762,-118.177204632991,104.164429104326)
(-498.994048599738,-127.98136528049,221.762245879671)
(-827.204476679477,-211.085588646016,388.817858464388)
(-1297.59172021318,-332.570889411189,649.500071535065)
(-2016.37616778759,-498.722894916227,1026.62506875823)
(-3181.30886230756,-678.172475472835,1413.47642605163)
(-4846.30632783919,-665.891231021959,1055.01400324575)
(-7263.94153321554,-480.897554496872,-2514.71611665657)
(-9226.63350440898,-269.670844005363,-19349.3202207564)
(0,0,0)
(0,0,0)
(0,0,0)
(0,0,0)
(0,0,0)
(0,0,0)
(-370.421339712709,-140.369082585491,47.2562573179523)
(-436.023296350362,-125.547474364541,100.456348913208)
(-618.802299699435,-143.833059235662,194.81619970113)
(-926.560204040285,-241.230742301551,315.560442525653)
(-1408.3691312582,-410.299066883095,512.026479197115)
(-2225.53927062931,-673.497562058619,853.640781228189)
(-3546.11801895676,-1018.82885480544,1352.04098585468)
(-5186.21123229707,-991.639677976239,1093.57186378123)
(-7417.34680802112,-646.953320636301,-2522.9918677954)
(-9278.63947785766,-323.368504901615,-19434.6288405779)
(0,0,0)
(0,0,0)
(0,0,0)
(0,0,0)
(0,0,0)
(0,0,0)
(-665.440046346304,-120.734337832915,29.0620546386724)
(-704.269150670885,-103.787793907198,70.6992099173353)
(-862.645200186647,-90.5655801073337,119.843269745027)
(-1147.46980372305,-160.817796846336,156.664100838277)
(-1671.99289198366,-329.014798071103,219.693095673468)
(-2699.36855209625,-610.465718274271,426.402362532378)
(-4571.15331670425,-1153.11267414203,1201.58954666619)
(-6106.81849941101,-1111.04274059267,1160.67823886459)
(-7716.51880590389,-589.491239060852,-2619.34465593024)
(-9352.97360118006,-267.877165588147,-19643.0752198557)
(0,0,0)
(0,0,0)
(0,0,0)
(0,0,0)
(0,0,0)
(0,0,0)
(-1136.78811071666,-23.2306741494393,9.18352330684349)
(-1121.4943856421,-33.7370098951229,28.4574386108763)
(-1243.29680492625,4.21851845157071,40.7594598649602)
(-1508.39633176187,-3.24616285087475,2.01593268080022)
(-2063.83014010616,-55.9198368968041,-119.540545181669)
(-3356.54901361592,-100.861255089883,-216.081965574743)
(-7093.72859137086,-125.196089389397,1060.37996410417)
(-8279.00973727455,-195.318760517342,1389.58896986918)
(-8068.5676726708,-150.86233731421,-2742.77057581845)
(-9418.45163599426,-93.0241258595134,-19928.8557994166)
(0,0,0)
(0,0,0)
(0,0,0)
(0,0,0)
(0,0,0)
(0,0,0)
(-1794.00926238516,111.1375576775,-8.57491042087254)
(-1760.7897280278,75.8486046965007,-18.683920358077)
(-1834.87519772665,129.94709424171,-51.15951016794)
(-2058.56555497363,177.469555360975,-140.259871782608)
(-2590.594753792,229.374592692565,-306.562083365514)
(-3764.47467621586,310.320523368041,-408.55557366295)
(-7059.93090807884,389.179284484634,885.704083099235)
(-8365.12181902414,415.100122930058,1195.87967955269)
(-8126.25275433163,185.878441972966,-3049.13805240914)
(-9466.493303151,37.5146179607627,-20279.0661754829)
(0,0,0)
(0,0,0)
(0,0,0)
(0,0,0)
(0,0,0)
(0,0,0)
(-2869.10265730017,135.446845316278,-50.7080848767239)
(-2845.19770717557,95.8506302063627,-108.007865127264)
(-2879.75305372808,127.954311425693,-163.342033599605)
(-3041.65694248095,190.683073031123,-251.757254404068)
(-3485.52699412582,302.198517974065,-396.525534362062)
(-4438.73446406285,441.64856524998,-481.171957248513)
(-7368.9337153113,596.691658961383,690.351021956947)
(-8241.68465309476,672.862102664864,702.300864328352)
(-8295.9035169722,185.638784150797,-3512.10469765313)
(-9649.74687629584,-16.4198506977823,-20675.2256290316)
(0,0,0)
(0,0,0)
(0,0,0)
(0,0,0)
(0,0,0)
(0,0,0)
(-4607.93612202685,-528.740325915567,-88.1672901758841)
(-4611.01535777663,-573.463041185857,-167.294433991422)
(-4613.2266175044,-579.723560898934,-225.905632511326)
(-4709.52083775932,-560.748271338824,-270.789981009252)
(-5046.27113210834,-466.165328472842,-310.655405386214)
(-5727.30170978767,-290.40015250011,-329.727983429714)
(-8121.067984923,0.0777891645729993,636.372206256638)
(-7692.73533301043,-378.412334371513,6.84601192613034)
(-9043.6428553229,-671.854972097558,-3954.00835097711)
(-10152.5107924168,-588.685386108615,-20950.1837671714)
(0,0,0)
(0,0,0)
(0,0,0)
(0,0,0)
(0,0,0)
(0,0,0)
(-7108.14443293444,-4239.14875851635,-84.0485622173031)
(-7137.45423936979,-4278.4467571526,-170.218861947375)
(-7130.59637636612,-4339.06282741613,-219.999430917985)
(-7178.81772323603,-4392.54540356282,-217.64452157549)
(-7368.11509977468,-4411.65790704343,-136.881412830347)
(-7607.05958653396,-4412.37491897591,-6.58024242033709)
(-8124.38201380265,-4434.11027468149,199.424280703429)
(-8979.74188659469,-4580.13431685957,-434.890468778103)
(-10350.165881034,-4447.26478622374,-4052.88688698759)
(-10856.0895161879,-3413.28083810161,-20580.9934660353)
(0,0,0)
(0,0,0)
(0,0,0)
(0,0,0)
(0,0,0)
(0,0,0)
(-9186.97089345776,-21137.5662179955,-47.797387617256)
(-9209.77166671697,-21160.9565056295,-109.390819496975)
(-9188.48506039973,-21269.7786198538,-137.818006691812)
(-9192.26380585619,-21371.8457352603,-122.975767749963)
(-9282.50001598815,-21459.9438059683,-51.3003423444632)
(-9389.57881270561,-21540.4425860954,31.7730216576814)
(-9620.67094659803,-21639.6704313228,36.7723362695832)
(-10130.3232615963,-21673.3989804832,-437.749131728541)
(-10866.0490044205,-21032.669673047,-3188.38616732777)
(-10628.1855891338,-17600.6819893626,-17379.418306065)
(0,0,0)
(0,0,0)
(0,0,0)
(0,0,0)
(0,0,0)
(0,0,0)
(0,0,0)
(0,0,0)
(0,0,0)
(0,0,0)
(0,0,0)
(0,0,0)
(0,0,0)
(0,0,0)
(0,0,0)
(0,0,0)
(0,0,0)
(0,0,0)
(0,0,0)
(0,0,0)
(0,0,0)
(0,0,0)
(0,0,0)
(0,0,0)
(0,0,0)
(0,0,0)
(0,0,0)
(0,0,0)
(0,0,0)
(0,0,0)
(0,0,0)
(0,0,0)
(0,0,0)
(0,0,0)
(0,0,0)
(0,0,0)
(0,0,0)
(0,0,0)
(0,0,0)
(0,0,0)
(0,0,0)
(0,0,0)
(0,0,0)
(0,0,0)
(0,0,0)
(0,0,0)
(0,0,0)
(0,0,0)
(0,0,0)
(0,0,0)
(0,0,0)
(0,0,0)
(0,0,0)
(0,0,0)
(0,0,0)
(0,0,0)
(0,0,0)
(0,0,0)
(0,0,0)
(0,0,0)
(0,0,0)
(0,0,0)
(0,0,0)
(0,0,0)
(0,0,0)
(0,0,0)
(0,0,0)
(0,0,0)
(0,0,0)
(0,0,0)
(0,0,0)
(0,0,0)
(0,0,0)
(0,0,0)
(0,0,0)
(0,0,0)
(0,0,0)
(0,0,0)
(0,0,0)
(0,0,0)
(0,0,0)
(0,0,0)
(0,0,0)
(0,0,0)
(0,0,0)
(0,0,0)
(0,0,0)
(0,0,0)
(0,0,0)
(0,0,0)
(0,0,0)
(0,0,0)
(0,0,0)
(0,0,0)
(0,0,0)
(0,0,0)
(0,0,0)
(0,0,0)
(0,0,0)
(0,0,0)
(0,0,0)
(0,0,0)
(-94.3880522271345,-86.3547288828101,18.1161812818205)
(-162.930168650367,-87.3384267768061,26.9600268263323)
(-360.14788408147,-90.4209773361707,25.0681267428063)
(-652.571781009037,-151.369024872572,47.2770893270391)
(-1071.34386392125,-234.881720170831,106.109042786639)
(-1652.03057582621,-341.081275679345,152.145001631707)
(-2453.6480337513,-452.720117144403,6.87982083508678)
(-3319.4525177878,-444.67992177948,-959.608677129246)
(-4081.22453455204,-305.922044687472,-3762.71355159831)
(-3726.24641502631,-153.672073329449,-9079.92750071639)
(0,0,0)
(0,0,0)
(0,0,0)
(0,0,0)
(0,0,0)
(0,0,0)
(-172.493889155334,-166.372646799522,0.748665046818917)
(-215.820064969759,-178.44012045097,5.28483891891154)
(-406.77236750491,-194.583374405928,17.2255548940292)
(-689.502543996061,-292.730603119311,20.8852004552604)
(-1092.12849269233,-464.642714905085,45.1829676689278)
(-1674.62527868926,-719.839784340859,82.1905872390998)
(-2508.05899586739,-1047.32356498798,3.54416864985246)
(-3371.11342403634,-1016.93494961363,-899.393707312075)
(-4096.99006256689,-639.047751991127,-3733.21947066008)
(-3722.75350720525,-318.854224147281,-9071.91731707316)
(0,0,0)
(0,0,0)
(0,0,0)
(0,0,0)
(0,0,0)
(0,0,0)
(-301.279097564141,-242.513138042414,6.99824909715612)
(-348.218419655347,-253.928064790727,-5.31868326182374)
(-519.619417279969,-287.851946377137,-11.2329937125715)
(-776.105949274772,-398.487208831555,-55.930642763679)
(-1152.95643052559,-638.025076846393,-137.960981557411)
(-1789.23292568254,-1087.22068530355,-206.886425550914)
(-2801.36229482375,-2006.66533502116,7.69962035595942)
(-3645.04219355711,-1895.26064641415,-655.143721588521)
(-4152.6772078588,-928.102710536448,-3630.75836321167)
(-3724.88473821858,-401.16645166966,-9102.20087535064)
(0,0,0)
(0,0,0)
(0,0,0)
(0,0,0)
(0,0,0)
(0,0,0)
(-537.719897195004,-355.61152750787,-14.6217596818434)
(-565.976784114023,-372.894172534879,-33.9480184914866)
(-718.098371055871,-385.225042915164,-81.1217510818464)
(-947.388521449045,-448.090553606554,-231.59968858214)
(-1302.56015948617,-648.932301238654,-590.125196682412)
(-2013.42777255847,-1185.0285240389,-1178.25813749136)
(-4092.84898499146,-3672.26975199518,9.04194776332851)
(-4792.55470820525,-3273.59112454977,73.108634698191)
(-4182.95924945547,-901.141492654669,-3487.41213963154)
(-3688.7778303189,-319.67097070297,-9233.10339144884)
(0,0,0)
(0,0,0)
(0,0,0)
(0,0,0)
(0,0,0)
(0,0,0)
(-963.401864888701,-499.965380503996,-29.0323928308867)
(-940.77342347897,-525.094100352627,-57.5534271766377)
(-1035.69213159291,-508.409621491312,-141.97352193257)
(-1211.62916961334,-495.4218975364,-391.40934014994)
(-1423.82796039421,-497.771763995555,-1182.57205710718)
(-1511.41989953075,-432.307583479707,-3780.42211175304)
(-9.0434308526568e-06,-1.50995624830073e-06,5.14653178954092e-06)
(-715.912421839433,-295.115464909432,2079.61817571094)
(-3356.50239127016,-185.33951053518,-3348.24908781853)
(-3500.63940429351,-121.844277860719,-9463.88801237907)
(0,0,0)
(0,0,0)
(0,0,0)
(0,0,0)
(0,0,0)
(0,0,0)
(-1497.23051376578,-763.477575069951,-33.2665540517049)
(-1471.77123949647,-790.392628857394,-56.9865140780886)
(-1522.95347321645,-719.427415691015,-157.890444388561)
(-1642.27441293117,-636.213485273865,-433.389998693812)
(-1761.10833982986,-522.104620761152,-1238.54355588914)
(-1626.23905431475,-304.429091964771,-3504.65766930212)
(-8.03316105116411e-06,-2.44326296633158e-06,4.64127858447103e-06)
(-257.192131808189,548.726787833698,1956.37633206321)
(-2757.03218818309,75.7568906770127,-3673.94063530188)
(-3362.18400810805,-94.1691928650078,-9805.92501529823)
(0,0,0)
(0,0,0)
(0,0,0)
(0,0,0)
(0,0,0)
(0,0,0)
(-2261.69731378145,-1321.86163721751,-49.0212813695701)
(-2250.46135204316,-1338.84154363441,-95.3087217318389)
(-2272.14808662604,-1252.77449075475,-169.566613764173)
(-2320.03239365139,-1126.8629809252,-400.54166693867)
(-2335.95966768291,-930.180914601255,-1142.03269954283)
(-2008.78594565545,-580.791261319364,-3295.61904858991)
(-2.01350854570227e-05,8.05573383324868e-06,4.88244528393584e-06)
(-790.763633102258,1470.03966288576,1128.47775415854)
(-2487.46529016658,-390.414823992161,-4213.78875798668)
(-3424.78748253904,-420.881244923238,-10112.0360996591)
(0,0,0)
(0,0,0)
(0,0,0)
(0,0,0)
(0,0,0)
(0,0,0)
(-3236.8105955847,-2641.69106455365,-51.2960991052662)
(-3232.2560608669,-2653.7957880948,-115.101151553481)
(-3215.62084394,-2595.38774096142,-170.093674912885)
(-3202.32225779343,-2504.22166930246,-299.933566505207)
(-3190.14150239667,-2296.96948919501,-789.274621626421)
(-2828.98290703562,-1717.9166488,-2550.46803690266)
(-1109.25817327509,452.09482479282,1318.83434507073)
(-2725.30007202825,-1280.25511775655,-898.306135268457)
(-4085.44872101167,-1738.6416239376,-4508.2734696356)
(-3877.80130214413,-1172.41719461555,-10031.4470101931)
(0,0,0)
(0,0,0)
(0,0,0)
(0,0,0)
(0,0,0)
(0,0,0)
(-4075.57575442448,-5645.60390866167,-28.6558343912356)
(-4067.67036504959,-5644.24128319155,-107.994213608401)
(-4044.83871358005,-5638.65818732935,-150.48143001398)
(-4030.72228663008,-5640.93636958858,-161.862166331408)
(-4005.50112769946,-5615.89963494483,-205.545992647145)
(-3650.44952871619,-5534.41430286884,-345.658396397142)
(-2255.05666411672,-5308.61183031687,-454.277090977576)
(-3991.22173462428,-5215.291064606,-1507.76129609158)
(-4782.76648604635,-4607.60149829899,-4206.2008167104)
(-4069.75494821172,-2987.75789009892,-9177.19468919878)
(0,0,0)
(0,0,0)
(0,0,0)
(0,0,0)
(0,0,0)
(0,0,0)
(-3756.14883612263,-11058.350566031,-18.075399971301)
(-3749.56723664218,-11048.9027932136,-73.6183200254742)
(-3713.77901541385,-11099.2289673853,-87.7535849509752)
(-3697.13974505172,-11158.2126207295,-65.6013946074942)
(-3703.28923490233,-11223.9311700221,-36.7806406171393)
(-3610.68101271148,-11279.9417822192,-70.1509612674193)
(-3431.57096888624,-11206.9599118366,-360.90285743676)
(-3839.37279993366,-10837.4047133005,-1029.73967039318)
(-4080.18940837779,-9643.75311474137,-2779.44764998557)
(-3315.47575378203,-6648.58181993879,-6431.33355548284)
(0,0,0)
(0,0,0)
(0,0,0)
(0,0,0)
(0,0,0)
(0,0,0)
(0,0,0)
(0,0,0)
(0,0,0)
(0,0,0)
(0,0,0)
(0,0,0)
(0,0,0)
(0,0,0)
(0,0,0)
(0,0,0)
(0,0,0)
(0,0,0)
(0,0,0)
(0,0,0)
(0,0,0)
(0,0,0)
(0,0,0)
(0,0,0)
(0,0,0)
(0,0,0)
(0,0,0)
(0,0,0)
(0,0,0)
(0,0,0)
(0,0,0)
(0,0,0)
(0,0,0)
(0,0,0)
(0,0,0)
(0,0,0)
(0,0,0)
(0,0,0)
(0,0,0)
(0,0,0)
(0,0,0)
(0,0,0)
(0,0,0)
(0,0,0)
(0,0,0)
(0,0,0)
(0,0,0)
(0,0,0)
(0,0,0)
(0,0,0)
(0,0,0)
(0,0,0)
(0,0,0)
(0,0,0)
(0,0,0)
(0,0,0)
(0,0,0)
(0,0,0)
(0,0,0)
(0,0,0)
(0,0,0)
(0,0,0)
(0,0,0)
(0,0,0)
(0,0,0)
(0,0,0)
(0,0,0)
(0,0,0)
(0,0,0)
(0,0,0)
(0,0,0)
(0,0,0)
(0,0,0)
(0,0,0)
(0,0,0)
(0,0,0)
(0,0,0)
(0,0,0)
(0,0,0)
(0,0,0)
(0,0,0)
(0,0,0)
(0,0,0)
(0,0,0)
(0,0,0)
(0,0,0)
(0,0,0)
(0,0,0)
(0,0,0)
(0,0,0)
(0,0,0)
(0,0,0)
(0,0,0)
(0,0,0)
(0,0,0)
(0,0,0)
(0,0,0)
(0,0,0)
(0,0,0)
(0,0,0)
(0,0,0)
(0,0,0)
(66.9377966219025,-122.299812169366,-39.0260366815658)
(-10.9741705425428,-140.017184707088,-50.9648500802504)
(-146.109194985794,-154.577485975391,-110.426053200914)
(-375.994565151191,-202.802912391602,-184.200356665568)
(-720.601844891539,-280.834342924818,-254.108032777591)
(-1162.0757032525,-412.403874619224,-331.659030733509)
(-1691.28088358329,-562.029025970551,-531.997154929843)
(-2092.88835092094,-530.347352999028,-1228.21396879881)
(-2266.67799219987,-335.740886078277,-2707.01962506702)
(-1725.25236192813,-156.983435930279,-4551.03024220821)
(0,0,0)
(0,0,0)
(0,0,0)
(0,0,0)
(0,0,0)
(0,0,0)
(-10.3024032670276,-223.333501006305,-61.1577970549056)
(-60.6614996677598,-271.927974112043,-84.4055729502256)
(-198.023015102864,-300.841139528427,-146.891271797387)
(-411.61346093958,-370.650433592165,-256.932833650766)
(-721.956318874414,-554.174680797164,-353.764669598748)
(-1122.46444950597,-878.661081166738,-439.668292233567)
(-1593.52000277714,-1400.07434599218,-516.161965308292)
(-1977.8861012883,-1312.6194478883,-1127.11719317132)
(-2180.86204206628,-698.591177230393,-2680.39492252535)
(-1670.51132397299,-321.110045687345,-4568.51049598162)
(0,0,0)
(0,0,0)
(0,0,0)
(0,0,0)
(0,0,0)
(0,0,0)
(-122.302052642386,-360.404609136521,-41.9059367918043)
(-165.103165099375,-403.013040982072,-93.9361244743757)
(-292.920031126134,-441.864377777329,-179.612272380765)
(-481.979542777469,-510.210745082203,-334.178367388106)
(-724.825946633989,-743.211606620959,-573.271925454671)
(-1032.73582081933,-1313.85904864434,-894.571062830871)
(-1282.87435835909,-3389.10873805452,-424.024607237199)
(-1616.02440391798,-3104.66133706186,-661.00050770554)
(-2001.3974123733,-968.719807739082,-2542.15167268651)
(-1596.82934533252,-364.881088853001,-4626.43602241325)
(0,0,0)
(0,0,0)
(0,0,0)
(0,0,0)
(0,0,0)
(0,0,0)
(-326.027543355328,-524.212849718272,-47.8841132600752)
(-349.385000044635,-566.188989812863,-101.299948499074)
(-457.674501398711,-586.642727002593,-216.945468930052)
(-607.008382892181,-598.760873286599,-468.775479280979)
(-752.711250573638,-680.993932143765,-1080.84206267521)
(-806.829291257918,-696.250348885682,-2905.04924373586)
(-4.12724567357094e-06,-9.33947531909166e-07,2.4911612620359e-06)
(-20.8054931509749,653.609990507464,1257.68149699031)
(-1517.38346657515,-72.8254390678082,-2303.78865455356)
(-1452.12970963428,-117.619437554858,-4787.69842655028)
(0,0,0)
(0,0,0)
(0,0,0)
(0,0,0)
(0,0,0)
(0,0,0)
(-639.890744431555,-794.384509691243,-53.3394604830729)
(-634.800886789379,-819.769251967331,-105.731735018869)
(-688.924593001308,-819.419777129123,-219.722223485209)
(-779.025286912113,-774.935573387637,-476.151406084862)
(-820.602818119218,-688.210114803041,-1072.16036569758)
(-694.938532438959,-470.930245251915,-2113.96183641793)
(1.09012686546627e-06,4.99244338010883e-07,-1.20740543834479e-05)
(-1.00690284673746e-05,-1.04453757215808e-06,-8.77156713203211e-07)
(-862.655378664092,428.521162035013,-2796.72126999707)
(-1266.61508881878,40.4340673487496,-5188.79909034491)
(0,0,0)
(0,0,0)
(0,0,0)
(0,0,0)
(0,0,0)
(0,0,0)
(-1012.48143539975,-1229.44885974559,-49.6847283107952)
(-1025.13592497044,-1244.8825162268,-71.2067785778247)
(-1055.09489213602,-1193.87929269969,-164.605844088154)
(-1097.16749150579,-1084.13596608648,-400.512372812584)
(-1046.71885218088,-885.165722281931,-917.946252977836)
(-773.137633755471,-533.49615235386,-1708.48176643391)
(3.37813898711471e-07,2.79209856210196e-08,-8.48583903898028e-06)
(-7.61034953187561e-06,-2.164866079449e-06,2.08282321523861e-07)
(-622.965842627655,463.753732381908,-3608.35700830063)
(-1189.38076948211,-64.8044918794934,-5675.92168770689)
(0,0,0)
(0,0,0)
(0,0,0)
(0,0,0)
(0,0,0)
(0,0,0)
(-1558.76190897647,-1891.78476374968,-40.5995007986333)
(-1576.96870583592,-1900.25001249985,-58.7246507254296)
(-1590.01672995274,-1834.46992100301,-100.265379104352)
(-1556.33717242059,-1682.40725545663,-265.689310968438)
(-1403.23659532545,-1408.5283332898,-675.049772322158)
(-982.953467677739,-910.935229128466,-1323.4431735278)
(-7.5386436005587e-07,-1.07064680347661e-05,-9.29874121180341e-06)
(-1.27959112220128e-05,1.04554343651508e-06,-2.55880479182264e-08)
(-792.259538133128,-1703.14667080418,-4518.80655096765)
(-1297.60033743608,-717.658867599314,-5993.13932034592)
(0,0,0)
(0,0,0)
(0,0,0)
(0,0,0)
(0,0,0)
(0,0,0)
(-2088.272028689,-3003.70839451906,-36.6149361234727)
(-2101.75731181842,-3005.51999305588,-61.8437046223764)
(-2080.252250136,-2958.13429469094,-73.5479247399777)
(-1990.10318696714,-2843.06106265157,-125.113188369097)
(-1837.79277434852,-2601.53811733665,-284.452132364784)
(-1344.16720946979,-1998.32961534025,-681.873443722368)
(-1.4308636533251e-05,2.33616207385655e-06,2.44491878959885e-07)
(-390.321855919905,-2059.47583500646,-1771.16328852581)
(-1669.53025449978,-2095.70132782864,-3794.52709801406)
(-1564.50093503863,-1202.71055958293,-5622.77577313342)
(0,0,0)
(0,0,0)
(0,0,0)
(0,0,0)
(0,0,0)
(0,0,0)
(-2326.89504938048,-4723.88715576688,-28.5019437948676)
(-2308.50563877499,-4721.26391220658,-71.9227509157963)
(-2286.47718615011,-4720.10994200519,-68.3086310317869)
(-2227.81739066495,-4712.68370555451,-1.5908840963398)
(-2120.10107384901,-4730.95769355671,242.428638277027)
(-1667.73170594669,-4912.42094972693,1173.80214989448)
(-266.196744703768,-5913.52287510149,-1994.7012899111)
(-1531.08063686873,-4581.80526417349,-1932.51295850003)
(-2078.54313594499,-3578.65986147495,-3153.77777495452)
(-1623.74003520895,-2071.63118274925,-4730.87206479311)
(0,0,0)
(0,0,0)
(0,0,0)
(0,0,0)
(0,0,0)
(0,0,0)
(-1761.08724168551,-6700.21178568325,-18.7369645248687)
(-1746.03455944374,-6688.14387562434,-55.3896783177733)
(-1719.11291950222,-6731.98891390755,-38.1768023451249)
(-1691.29815845547,-6778.29782055582,21.5957260602246)
(-1660.46166957402,-6877.70726224674,125.517729429577)
(-1513.69704371585,-7072.27720640609,188.390017113025)
(-1252.29860086615,-7241.19835832161,-663.206867696013)
(-1502.15256705449,-6524.42333571518,-1057.80902903585)
(-1616.95357972445,-5262.76644854371,-1836.93827063609)
(-1174.75407032658,-3161.99857108403,-2887.29256576485)
(0,0,0)
(0,0,0)
(0,0,0)
(0,0,0)
(0,0,0)
(0,0,0)
(0,0,0)
(0,0,0)
(0,0,0)
(0,0,0)
(0,0,0)
(0,0,0)
(0,0,0)
(0,0,0)
(0,0,0)
(0,0,0)
(0,0,0)
(0,0,0)
(0,0,0)
(0,0,0)
(0,0,0)
(0,0,0)
(0,0,0)
(0,0,0)
(0,0,0)
(0,0,0)
(0,0,0)
(0,0,0)
(0,0,0)
(0,0,0)
(0,0,0)
(0,0,0)
(0,0,0)
(0,0,0)
(0,0,0)
(0,0,0)
(0,0,0)
(0,0,0)
(0,0,0)
(0,0,0)
(0,0,0)
(0,0,0)
(0,0,0)
(0,0,0)
(0,0,0)
(0,0,0)
(0,0,0)
(0,0,0)
(0,0,0)
(0,0,0)
(0,0,0)
(0,0,0)
(0,0,0)
(0,0,0)
(0,0,0)
(0,0,0)
(0,0,0)
(0,0,0)
(0,0,0)
(0,0,0)
(0,0,0)
(0,0,0)
(0,0,0)
(0,0,0)
(0,0,0)
(0,0,0)
(0,0,0)
(0,0,0)
(0,0,0)
(0,0,0)
(0,0,0)
(0,0,0)
(0,0,0)
(0,0,0)
(0,0,0)
(0,0,0)
(0,0,0)
(0,0,0)
(0,0,0)
(0,0,0)
(0,0,0)
(0,0,0)
(0,0,0)
(0,0,0)
(0,0,0)
(0,0,0)
(0,0,0)
(0,0,0)
(0,0,0)
(0,0,0)
(0,0,0)
(0,0,0)
(0,0,0)
(0,0,0)
(0,0,0)
(0,0,0)
(0,0,0)
(0,0,0)
(0,0,0)
(0,0,0)
(0,0,0)
(0,0,0)
(304.154472635688,-135.450318998843,-101.766357011017)
(246.261606254581,-172.255150211763,-186.746983596349)
(129.719231532427,-206.097256773492,-256.478153342326)
(-88.9721169256731,-240.901762152962,-302.598839415718)
(-369.573486994431,-293.706569426175,-359.92062788651)
(-682.534277838122,-396.388548205743,-443.073505093137)
(-1060.27047077039,-486.123138833289,-587.960779073777)
(-1284.57523676948,-444.724383012832,-951.549510211934)
(-1301.98376912463,-312.914375858949,-1603.32935741725)
(-887.288721868639,-171.286511836537,-2270.00648565908)
(0,0,0)
(0,0,0)
(0,0,0)
(0,0,0)
(0,0,0)
(0,0,0)
(239.898139858437,-257.073530155298,-128.577331964519)
(174.717052211025,-326.625297237861,-209.585736818169)
(40.3827090970341,-374.481181017655,-279.607536773446)
(-154.315241124667,-411.196345480325,-366.611173263408)
(-405.20313315713,-539.842173453515,-437.228754951854)
(-668.120450863894,-773.592710832921,-514.368590969391)
(-966.246379265076,-1073.85194724188,-553.913406067775)
(-1152.9096849821,-943.915943565018,-879.698261819596)
(-1193.5861556703,-545.673828418476,-1634.21469564781)
(-824.709470763154,-277.208399314155,-2374.09466138561)
(0,0,0)
(0,0,0)
(0,0,0)
(0,0,0)
(0,0,0)
(0,0,0)
(140.856843258398,-415.858698999373,-104.373727055598)
(73.0072364966619,-479.073963023653,-190.035462865567)
(-64.5568087412957,-517.273984389835,-275.605881873738)
(-234.694827320994,-535.863227579604,-398.223715234073)
(-416.991015503635,-686.566488751742,-559.334331064271)
(-580.913575183063,-1021.6156059303,-763.133681609079)
(-691.476638445721,-1986.98512988722,-441.398218875584)
(-833.428814028234,-1544.61181036612,-623.297941964083)
(-1020.05886202827,-514.429830260528,-1635.88049047142)
(-750.344628699284,-225.49354542316,-2534.08006098698)
(0,0,0)
(0,0,0)
(0,0,0)
(0,0,0)
(0,0,0)
(0,0,0)
(-53.1362619500881,-598.128024651242,-90.6219557541773)
(-103.40069752233,-648.413892287432,-167.266329011271)
(-213.135865903032,-657.123553085543,-271.955395811264)
(-333.800196610842,-628.542386749451,-452.484422924448)
(-422.326805626864,-644.095254121914,-825.34010249957)
(-396.782612401458,-546.20825582583,-1710.79413146208)
(-3.21656684946597e-06,-4.01314475574782e-07,-6.08154523024826e-07)
(87.6045932682528,451.614684484233,204.199295031294)
(-674.016493246544,547.595013624099,-1701.19252218523)
(-648.497956028936,68.1651270017723,-2798.48294822174)
(0,0,0)
(0,0,0)
(0,0,0)
(0,0,0)
(0,0,0)
(0,0,0)
(-279.982761513318,-893.954866759735,-64.0811408081588)
(-307.157529348446,-904.514153997205,-135.624236537935)
(-363.267512335378,-895.138778240021,-223.26609204914)
(-429.799552238286,-821.859340626221,-379.174872845255)
(-449.166164769723,-704.621410716433,-690.085369600426)
(-342.611812222221,-449.08213684523,-1139.53820879786)
(1.11145295367776e-06,6.48877439342021e-07,-1.10281652409863e-06)
(-8.69319015943387e-06,-3.22227549997868e-07,-2.13471076736826e-06)
(-314.090234603605,675.850555440939,-2568.24976997336)
(-572.828854687737,126.926674617715,-3320.79755172417)
(0,0,0)
(0,0,0)
(0,0,0)
(0,0,0)
(0,0,0)
(0,0,0)
(-563.768954099748,-1300.29792791657,-42.3694201451646)
(-599.329454701774,-1302.10997092375,-70.5800734888078)
(-637.159816964544,-1268.76043793535,-114.893488968973)
(-667.7618297386,-1146.69404988732,-219.464441474746)
(-619.5928826938,-934.078388442855,-417.133433234878)
(-418.197073171865,-554.188787150686,-666.967343513925)
(3.60628803263466e-07,4.5459511148068e-07,-5.62976371951353e-14)
(-6.66488236307234e-06,-2.09698797720433e-07,-1.05799597737852e-06)
(-597.868393278255,377.067201425161,-3565.61193948585)
(-645.812632351073,-106.697533476881,-3875.55586852136)
(0,0,0)
(0,0,0)
(0,0,0)
(0,0,0)
(0,0,0)
(0,0,0)
(-979.057087512752,-1855.21162746177,-24.7911219246053)
(-1006.89711841445,-1860.30674109731,-36.6659391770353)
(-1031.78547371422,-1835.24319079274,-28.4144425564323)
(-999.537995292862,-1693.98878276028,-37.9188868123526)
(-876.773962278167,-1418.35806674827,-80.1018415517344)
(-585.137944487329,-907.355996026122,-124.750155866032)
(-6.20297438944462e-07,2.97581892780098e-08,-4.82240903728043e-14)
(-1.18959719932528e-05,2.08253031998229e-07,-1.31789110670249e-06)
(-1184.60143356954,-2343.02089838963,-4412.76235108694)
(-809.401950887534,-853.786199167848,-4153.87207195948)
(0,0,0)
(0,0,0)
(0,0,0)
(0,0,0)
(0,0,0)
(0,0,0)
(-1310.97622379657,-2640.17268782649,7.66525547077192)
(-1331.0893164008,-2647.42059890145,24.1111178622034)
(-1319.38818273668,-2627.43586226525,55.4397219340049)
(-1253.23912050774,-2524.54532357683,149.132196293547)
(-1152.93598700364,-2320.43135599152,366.348698191179)
(-846.650290183474,-1833.26176500539,794.737547882733)
(-1.35614071979569e-05,-5.32085223795149e-07,-5.13307764610699e-07)
(-574.216352465822,-2824.2901279526,-2539.5798386503)
(-1143.97249263721,-2199.71605360856,-3208.44244529345)
(-846.068193564927,-1132.02804188415,-3648.63334405119)
(0,0,0)
(0,0,0)
(0,0,0)
(0,0,0)
(0,0,0)
(0,0,0)
(-1370.59345203346,-3595.45156649268,-1.02271868259974)
(-1359.53333795761,-3611.71173870236,14.2961202932141)
(-1337.21261659143,-3629.27105804377,66.8667465122919)
(-1297.84637445047,-3640.4782925817,252.828699303358)
(-1267.20429887017,-3733.53535416075,813.03592249077)
(-1142.74709812661,-4243.02216964953,2697.81171931049)
(-729.836879078985,-6448.57796675304,-3018.75161738407)
(-1080.42367507938,-4166.85047539881,-2126.84823172579)
(-1161.12756600966,-2857.38233096515,-2386.59752431102)
(-785.048476385859,-1525.75333722038,-2831.56378779612)
(0,0,0)
(0,0,0)
(0,0,0)
(0,0,0)
(0,0,0)
(0,0,0)
(-923.952943355054,-4421.62976281914,-10.9561019973868)
(-909.184736391578,-4442.71479532557,-16.8028684280841)
(-891.37998586751,-4504.40464949608,30.5977893901493)
(-878.670462710151,-4570.02613912743,147.517940191427)
(-884.008429472996,-4705.97924508186,343.508591024328)
(-862.031082581551,-5069.59689244239,518.417352679618)
(-800.002598131139,-5573.49055653837,-808.966060273546)
(-822.229444507713,-4656.21275159123,-999.526906630517)
(-779.515611041357,-3428.9934071309,-1265.35379913859)
(-502.330722515917,-1890.6211478992,-1572.90933627805)
(0,0,0)
(0,0,0)
(0,0,0)
(0,0,0)
(0,0,0)
(0,0,0)
(0,0,0)
(0,0,0)
(0,0,0)
(0,0,0)
(0,0,0)
(0,0,0)
(0,0,0)
(0,0,0)
(0,0,0)
(0,0,0)
(0,0,0)
(0,0,0)
(0,0,0)
(0,0,0)
(0,0,0)
(0,0,0)
(0,0,0)
(0,0,0)
(0,0,0)
(0,0,0)
(0,0,0)
(0,0,0)
(0,0,0)
(0,0,0)
(0,0,0)
(0,0,0)
(0,0,0)
(0,0,0)
(0,0,0)
(0,0,0)
(0,0,0)
(0,0,0)
(0,0,0)
(0,0,0)
(0,0,0)
(0,0,0)
(0,0,0)
(0,0,0)
(0,0,0)
(0,0,0)
(0,0,0)
(0,0,0)
(0,0,0)
(0,0,0)
(0,0,0)
(0,0,0)
(0,0,0)
(0,0,0)
(0,0,0)
(0,0,0)
(0,0,0)
(0,0,0)
(0,0,0)
(0,0,0)
(0,0,0)
(0,0,0)
(0,0,0)
(0,0,0)
(0,0,0)
(0,0,0)
(0,0,0)
(0,0,0)
(0,0,0)
(0,0,0)
(0,0,0)
(0,0,0)
(0,0,0)
(0,0,0)
(0,0,0)
(0,0,0)
(0,0,0)
(0,0,0)
(0,0,0)
(0,0,0)
(0,0,0)
(0,0,0)
(0,0,0)
(0,0,0)
(0,0,0)
(0,0,0)
(0,0,0)
(0,0,0)
(0,0,0)
(0,0,0)
(0,0,0)
(0,0,0)
(0,0,0)
(0,0,0)
(0,0,0)
(0,0,0)
(0,0,0)
(0,0,0)
(0,0,0)
(0,0,0)
(0,0,0)
(0,0,0)
(561.140266124252,-136.73965780008,-120.246135692885)
(497.620002296258,-159.530791295138,-212.073740441229)
(365.288935503369,-174.06945927788,-273.573985134958)
(127.669593748296,-187.397194141062,-302.818501664559)
(-127.347179576324,-222.824550452938,-322.220258628897)
(-376.852792754106,-290.796719622098,-337.105024088713)
(-645.447527001625,-345.771629923011,-406.156337932007)
(-766.658886419001,-326.613576648311,-597.459111636461)
(-759.787263039107,-254.992605009673,-884.663012712903)
(-487.536027574508,-146.396376485922,-1138.0193305305)
(0,0,0)
(0,0,0)
(0,0,0)
(0,0,0)
(0,0,0)
(0,0,0)
(503.708036205599,-255.622099100262,-144.927455049189)
(403.384654495362,-294.25990996645,-238.865938661467)
(241.80804868484,-318.76972860207,-295.591008925546)
(41.1190133268155,-329.803636502754,-348.618821014305)
(-183.455851898755,-415.548253635531,-377.642399092566)
(-385.951446436601,-555.383574093457,-395.224549048552)
(-598.252502949798,-705.590498996311,-403.399556293836)
(-704.770711850863,-585.180325941915,-592.971780141366)
(-706.751902362547,-372.4617429402,-962.336895525167)
(-461.011614206998,-210.643664071342,-1261.78746449701)
(0,0,0)
(0,0,0)
(0,0,0)
(0,0,0)
(0,0,0)
(0,0,0)
(416.855745707916,-400.1242187485,-131.496782802643)
(301.916972078409,-438.320107892513,-216.346320460598)
(132.5896949581,-458.867782387159,-273.394770377013)
(-36.8551465705847,-446.775019948705,-354.263067678344)
(-216.563433808454,-533.034178050885,-437.204724958352)
(-351.0358139194,-698.765687970568,-523.700372343409)
(-450.718991553225,-1140.10711918899,-329.941399044815)
(-593.877782070513,-639.489074322885,-515.183682623544)
(-668.412354397863,-178.636484924349,-1060.65544826399)
(-443.097948518132,-126.067609738014,-1452.47818278913)
(0,0,0)
(0,0,0)
(0,0,0)
(0,0,0)
(0,0,0)
(0,0,0)
(254.004983420015,-587.775496487151,-119.489967631008)
(141.677912003662,-613.482888525669,-189.405796527383)
(5.78812781189897,-616.069997917327,-251.127574713673)
(-115.660330763195,-571.981310458772,-344.061150049983)
(-233.412624419142,-540.400366464964,-525.609142837278)
(-235.646499506326,-403.439623679312,-982.071320021416)
(-3.10689533094795e-06,2.03618999034095e-06,-1.36902488247115e-06)
(-276.161448631492,213.342072199382,-309.145117652996)
(-691.6579161015,878.92501839456,-1349.06519812452)
(-462.412144083218,126.03694032855,-1787.25556011646)
(0,0,0)
(0,0,0)
(0,0,0)
(0,0,0)
(0,0,0)
(0,0,0)
(54.1169602110595,-843.376122383879,-78.4990958300397)
(-24.5133504773237,-837.455641194667,-137.170522030334)
(-109.939276947167,-830.007113845099,-176.561641491309)
(-198.500535247582,-756.443441536125,-223.398527407839)
(-269.466128621962,-616.864125711687,-326.634804308827)
(-209.777849655955,-360.793901758339,-502.114488794811)
(2.50124042855606e-06,7.87155073768058e-07,2.75593949422461e-07)
(-7.06130501539062e-06,-5.54771312165351e-08,-1.20869732730415e-06)
(-1385.84723252473,399.73314948618,-2457.2102901086)
(-594.241515221754,49.6385042481025,-2359.39919350126)
(0,0,0)
(0,0,0)
(0,0,0)
(0,0,0)
(0,0,0)
(0,0,0)
(-217.06472826034,-1150.81663837393,-39.2637098508825)
(-279.527250131378,-1142.28791836656,-54.2336372472363)
(-343.850918038073,-1130.80497684279,-46.7446731726905)
(-399.731939845785,-1029.68155648055,-41.5364481207776)
(-414.414287224929,-830.76918513448,-32.8099841652667)
(-290.316566667993,-482.136592572459,-39.3477998565226)
(6.04763103247967e-07,8.46216173855668e-07,-1.60091252478085e-14)
(-5.14341232829857e-06,8.02953504328553e-07,-2.37990068632813e-06)
(-1800.94779894058,-135.035004119871,-3150.17316268524)
(-725.722856647125,-222.738808303005,-2797.88562584659)
(0,0,0)
(0,0,0)
(0,0,0)
(0,0,0)
(0,0,0)
(0,0,0)
(-573.943107516375,-1533.69408594767,-22.2365324181822)
(-615.903133768938,-1536.44277062564,-19.0756648051747)
(-666.276327771743,-1552.6894724801,37.299684887695)
(-673.790693708877,-1460.32683760835,142.197664432656)
(-631.093246806259,-1252.48854850666,318.236312331455)
(-475.832196208708,-827.144965389137,553.938936866128)
(-2.37718332656076e-07,6.68095093453048e-07,-6.82055244716545e-16)
(-6.65347787408856e-06,-1.8468208773828e-07,-4.25485852777977e-06)
(-2057.36947679763,-2067.23540357864,-3480.54213928427)
(-800.9915336437,-779.157767061128,-2932.53359777277)
(0,0,0)
(0,0,0)
(0,0,0)
(0,0,0)
(0,0,0)
(0,0,0)
(-828.172996876462,-2030.43061074442,13.9332978790934)
(-855.226523653262,-2057.90146317789,59.5291976818534)
(-870.136171955537,-2080.5907893074,138.178503728538)
(-875.085455950871,-2034.35309171344,334.051093275962)
(-871.52902374936,-1933.69400720931,733.849588723278)
(-805.188753714756,-1630.13186560927,1495.37495247413)
(-9.66456276267725e-06,-1.24129811915906e-06,-1.90414925192969e-06)
(-2004.54638393468,-2870.83821158911,-2568.58696861746)
(-1322.69448943182,-1942.21216782426,-2514.88820758756)
(-683.351625578086,-955.329414198865,-2501.43312843162)
(0,0,0)
(0,0,0)
(0,0,0)
(0,0,0)
(0,0,0)
(0,0,0)
(-846.522967605272,-2559.28173762456,4.78064244824081)
(-854.12770783163,-2608.97562234777,50.4491714927182)
(-852.302952246575,-2657.87214995434,142.820867791877)
(-871.246247843991,-2712.63401042546,394.501659893258)
(-965.270854994017,-2874.20805068473,1033.08225949338)
(-1408.90847811729,-3483.70026659508,3152.81204047036)
(-3639.86476899258,-6019.0453445159,-3138.49823605781)
(-1635.68610949417,-3513.67058142206,-1940.40343180525)
(-1014.25899203069,-2230.61666990443,-1798.86750371412)
(-537.502736030425,-1139.18422777182,-1862.55843049122)
(0,0,0)
(0,0,0)
(0,0,0)
(0,0,0)
(0,0,0)
(0,0,0)
(-551.128411302161,-2933.78556899451,1.67929931736763)
(-546.358746409158,-2985.16267519299,15.0403621826391)
(-540.675197385945,-3073.08280241326,79.5462261590236)
(-548.338029734484,-3180.78439326078,217.364176021953)
(-604.705854830218,-3363.56777826314,427.421328953005)
(-775.49422855577,-3755.02378108199,612.207989413678)
(-1129.48326521074,-4325.96763965106,-751.389048377125)
(-798.844520916787,-3438.22674451001,-850.217808882245)
(-556.65954840076,-2396.89910556965,-906.791435853192)
(-307.478174117299,-1262.80819248554,-978.020019538551)
(0,0,0)
(0,0,0)
(0,0,0)
(0,0,0)
(0,0,0)
(0,0,0)
(0,0,0)
(0,0,0)
(0,0,0)
(0,0,0)
(0,0,0)
(0,0,0)
(0,0,0)
(0,0,0)
(0,0,0)
(0,0,0)
(0,0,0)
(0,0,0)
(0,0,0)
(0,0,0)
(0,0,0)
(0,0,0)
(0,0,0)
(0,0,0)
(0,0,0)
(0,0,0)
(0,0,0)
(0,0,0)
(0,0,0)
(0,0,0)
(0,0,0)
(0,0,0)
(0,0,0)
(0,0,0)
(0,0,0)
(0,0,0)
(0,0,0)
(0,0,0)
(0,0,0)
(0,0,0)
(0,0,0)
(0,0,0)
(0,0,0)
(0,0,0)
(0,0,0)
(0,0,0)
(0,0,0)
(0,0,0)
(0,0,0)
(0,0,0)
(0,0,0)
(0,0,0)
(0,0,0)
(0,0,0)
(0,0,0)
(0,0,0)
(0,0,0)
(0,0,0)
(0,0,0)
(0,0,0)
(0,0,0)
(0,0,0)
(0,0,0)
(0,0,0)
(0,0,0)
(0,0,0)
(0,0,0)
(0,0,0)
(0,0,0)
(0,0,0)
(0,0,0)
(0,0,0)
(0,0,0)
(0,0,0)
(0,0,0)
(0,0,0)
(0,0,0)
(0,0,0)
(0,0,0)
(0,0,0)
(0,0,0)
(0,0,0)
(0,0,0)
(0,0,0)
(0,0,0)
(0,0,0)
(0,0,0)
(0,0,0)
(0,0,0)
(0,0,0)
(0,0,0)
(0,0,0)
(0,0,0)
(0,0,0)
(0,0,0)
(0,0,0)
(0,0,0)
(0,0,0)
(0,0,0)
(0,0,0)
(0,0,0)
(0,0,0)
(781.867575253461,-115.153482832997,-105.573826292562)
(707.009055730164,-124.739692154399,-190.223187571355)
(573.570683308476,-135.525017666494,-262.979917714424)
(316.062694295153,-155.398589596007,-295.974428667217)
(46.2641997511097,-181.583405368495,-288.002402624402)
(-199.912554820424,-194.562077426484,-270.380563135533)
(-421.033335365346,-206.963181315498,-287.831573455597)
(-493.133613951529,-202.040944600093,-359.315901324301)
(-445.693895358993,-168.561133597119,-504.848135408789)
(-271.186754188453,-82.6843886768635,-638.513020114777)
(0,0,0)
(0,0,0)
(0,0,0)
(0,0,0)
(0,0,0)
(0,0,0)
(716.892498397542,-221.135963567401,-107.201981457349)
(615.662162231623,-243.104309765306,-201.114871580183)
(446.846326518787,-261.988371977235,-279.689795102681)
(218.83503105179,-278.118260122094,-334.686142301844)
(-27.6848562696961,-337.699963291771,-334.340580005373)
(-236.835565920371,-375.689255698867,-302.329282249203)
(-407.847981456882,-412.759068463151,-286.9379165953)
(-470.733322911595,-335.232116668187,-387.784133464135)
(-444.653688016681,-245.465720068739,-572.977761336344)
(-291.403177478554,-128.420356114645,-696.850230626851)
(0,0,0)
(0,0,0)
(0,0,0)
(0,0,0)
(0,0,0)
(0,0,0)
(629.377194978596,-330.63813270873,-103.019280128931)
(514.630082463075,-364.719093482863,-194.117606795647)
(321.465032769817,-376.357464637681,-268.623851944092)
(109.792079974266,-357.838434483647,-335.550904129575)
(-120.511519289297,-403.848133667396,-365.45464827398)
(-286.636018713331,-449.589690857181,-355.954008323677)
(-380.332489164927,-604.713859069623,-234.385720102288)
(-495.221176200854,-275.96296185994,-392.311480775951)
(-489.961754997623,-144.70346882611,-671.524331416077)
(-321.694507032629,-92.4445922605046,-828.903536752289)
(0,0,0)
(0,0,0)
(0,0,0)
(0,0,0)
(0,0,0)
(0,0,0)
(484.63575991608,-474.880725776404,-86.3881834270147)
(364.244912901972,-514.247182115668,-159.427095688903)
(197.245436567885,-509.003106239114,-218.238762841344)
(28.7197337714667,-462.771858126542,-257.685403738467)
(-155.662505553394,-408.721152606068,-330.562503669466)
(-234.744536806154,-247.752777070147,-533.301380157459)
(-79.2812295003238,211.02019078291,-11.5889983986742)
(-491.889125224648,374.997624979657,-446.821908651142)
(-575.333781651,182.147234666091,-889.996746586305)
(-360.767599234628,3.27096469187649,-1087.35684839222)
(0,0,0)
(0,0,0)
(0,0,0)
(0,0,0)
(0,0,0)
(0,0,0)
(271.23226944094,-625.915832877639,-66.080202127163)
(166.854689273863,-658.803266143951,-112.892157851482)
(47.10626076981,-657.993556906581,-120.947244903425)
(-85.8013439033839,-609.30665241758,-87.1116419572695)
(-220.415510175323,-484.044326087435,-60.8390869226685)
(-233.672523994334,-268.740095381992,-15.9570942743247)
(-4.28905681574213e-06,2.90193460969853e-06,4.76517240017974e-06)
(-820.935732218944,168.058983251017,-875.858243914799)
(-804.511515134862,67.1378065950253,-1342.18453322674)
(-426.041272348725,-34.9728531707595,-1472.14095823562)
(0,0,0)
(0,0,0)
(0,0,0)
(0,0,0)
(0,0,0)
(0,0,0)
(26.9531980985186,-844.833161190242,-25.1005980441682)
(-66.2451762651624,-863.050740087944,-34.1351979665387)
(-172.597403539922,-863.769458975193,0.387189603212782)
(-280.801403708266,-815.013209677335,87.163210722949)
(-374.267006714754,-669.342182496026,232.313786621565)
(-351.496212769936,-400.371747337054,425.125084674641)
(-4.59667590417874e-06,5.40111004037388e-06,3.46254108975265e-06)
(-1081.5779534203,230.245571812545,-1205.04158996441)
(-1014.74530508641,-231.387346780734,-1692.71893045042)
(-509.999670826365,-200.394811720423,-1743.02015772151)
(0,0,0)
(0,0,0)
(0,0,0)
(0,0,0)
(0,0,0)
(0,0,0)
(-287.895612750024,-1120.44579584086,-10.4348601157985)
(-354.379505144925,-1130.00751922943,-5.00170959891666)
(-445.448876579547,-1157.22524997001,67.6266302062932)
(-517.162206344714,-1143.26800712042,239.252940281781)
(-573.31730621235,-1043.80717327972,555.94199047071)
(-597.233745914393,-802.446996668694,1079.41878951425)
(-5.41950490338648e-06,7.02190903732523e-06,4.27518942238458e-06)
(-1688.74309656441,-1474.36353313915,-1805.39317048444)
(-1176.42969954041,-1045.29105615902,-1872.42923836445)
(-560.136016528431,-512.265672865933,-1801.41389433324)
(0,0,0)
(0,0,0)
(0,0,0)
(0,0,0)
(0,0,0)
(0,0,0)
(-498.7223390689,-1449.0221984645,-0.874255188356908)
(-551.630882891035,-1479.15725541282,44.6798402346708)
(-617.160909034892,-1511.29314213535,145.772469476063)
(-693.419459415461,-1547.26546529549,368.10393111608)
(-802.019863446596,-1583.55123114153,838.338828678898)
(-1178.57384406172,-1780.15581508371,2189.43273744668)
(-2657.94939074498,-3063.10111522381,-1786.74790028783)
(-1628.33916655183,-2042.02214566408,-1595.29650513661)
(-1034.3384606488,-1349.0490438498,-1579.89454622314)
(-522.541055424452,-685.188290822167,-1567.78249843119)
(0,0,0)
(0,0,0)
(0,0,0)
(0,0,0)
(0,0,0)
(0,0,0)
(-510.961138890659,-1762.42207729311,-22.1619498851758)
(-566.551831463852,-1809.46650549554,20.5714238319216)
(-617.946638599661,-1849.33785987496,124.259827928108)
(-664.801240893284,-1947.92846655762,318.477822242025)
(-771.360404351472,-2096.38753857197,637.403679029088)
(-1094.12600561182,-2409.52855581712,951.993947255764)
(-1735.67883213237,-3053.83504577035,-961.458059057694)
(-1219.16645951645,-2306.79700037,-1113.20285433693)
(-781.501071120422,-1552.31610408723,-1142.69371500828)
(-394.382508564894,-806.65059054113,-1164.35164275188)
(0,0,0)
(0,0,0)
(0,0,0)
(0,0,0)
(0,0,0)
(0,0,0)
(-331.493560160138,-1959.52512086484,-22.5318075673097)
(-363.293719534977,-2004.48314659208,-10.5801933468816)
(-391.002814601997,-2064.47676277757,54.8863267702485)
(-400.921671230548,-2193.69403978444,153.235541496685)
(-457.566625786579,-2363.87484487804,273.583618760962)
(-596.115198402861,-2582.59008033801,267.26611312807)
(-767.58161255752,-2793.06275595456,-355.407829349159)
(-617.175436787738,-2317.87437614909,-525.999537699786)
(-410.884303439228,-1641.61287362526,-582.478013121888)
(-217.738113910518,-874.138989763143,-604.729674108342)
(0,0,0)
(0,0,0)
(0,0,0)
(0,0,0)
(0,0,0)
(0,0,0)
(0,0,0)
(0,0,0)
(0,0,0)
(0,0,0)
(0,0,0)
(0,0,0)
(0,0,0)
(0,0,0)
(0,0,0)
(0,0,0)
(0,0,0)
(0,0,0)
(0,0,0)
(0,0,0)
(0,0,0)
(0,0,0)
(0,0,0)
(0,0,0)
(0,0,0)
(0,0,0)
(0,0,0)
(0,0,0)
(0,0,0)
(0,0,0)
(0,0,0)
(0,0,0)
(0,0,0)
(0,0,0)
(0,0,0)
(0,0,0)
(0,0,0)
(0,0,0)
(0,0,0)
(0,0,0)
(0,0,0)
(0,0,0)
(0,0,0)
(0,0,0)
(0,0,0)
(0,0,0)
(0,0,0)
(0,0,0)
(0,0,0)
(0,0,0)
(0,0,0)
(0,0,0)
(0,0,0)
(0,0,0)
(0,0,0)
(0,0,0)
(0,0,0)
(0,0,0)
(0,0,0)
(0,0,0)
(0,0,0)
(0,0,0)
(0,0,0)
(0,0,0)
(0,0,0)
(0,0,0)
(0,0,0)
(0,0,0)
(0,0,0)
(0,0,0)
(0,0,0)
(0,0,0)
(0,0,0)
(0,0,0)
(0,0,0)
(0,0,0)
(0,0,0)
(0,0,0)
(0,0,0)
(0,0,0)
(0,0,0)
(0,0,0)
(0,0,0)
(0,0,0)
(0,0,0)
(0,0,0)
(0,0,0)
(0,0,0)
(0,0,0)
(0,0,0)
(0,0,0)
(0,0,0)
(0,0,0)
(0,0,0)
(0,0,0)
(0,0,0)
(0,0,0)
(0,0,0)
(0,0,0)
(0,0,0)
(0,0,0)
(0,0,0)
(909.321212229773,-45.0803898186876,-82.3732471618208)
(842.894463729495,-65.2115808969935,-153.047074263109)
(716.04383300598,-89.8043061189402,-205.715917836073)
(445.29335771601,-109.130550224686,-225.816031034929)
(147.024479544564,-116.120321049579,-210.455989781367)
(-117.754090222785,-106.392496936511,-186.221957439869)
(-329.591045187603,-124.450294422521,-153.213953194314)
(-343.913746030259,-131.589119002416,-170.844702109442)
(-230.774523111265,-104.066054263917,-281.698020097012)
(-121.676341732745,-42.1565485201484,-389.051884030381)
(0,0,0)
(0,0,0)
(0,0,0)
(0,0,0)
(0,0,0)
(0,0,0)
(844.990667858651,-108.019078284048,-65.1594809953906)
(764.658437628525,-142.253015598858,-137.114321693786)
(602.49265451701,-181.150792660072,-201.414163151685)
(343.113063952129,-192.39533127775,-242.427414996588)
(68.9349840981848,-212.769232329298,-242.398344085092)
(-176.23621886444,-203.117757033948,-206.272431044515)
(-362.218469405021,-209.615153564019,-166.737083952256)
(-360.449097807242,-194.851184091178,-213.759243968515)
(-274.509301421194,-151.552923981885,-336.416760849965)
(-175.348338864262,-68.9282820017406,-425.699865985624)
(0,0,0)
(0,0,0)
(0,0,0)
(0,0,0)
(0,0,0)
(0,0,0)
(790.515327309004,-207.187139595852,-61.9700710211399)
(685.875436569108,-245.024198384568,-130.44424234225)
(477.980475504739,-270.672750619647,-197.437727118095)
(215.382118406205,-257.082637365228,-238.34045946289)
(-59.333664125404,-262.639844171333,-249.647702785556)
(-284.21975351351,-240.641400459706,-214.540324558578)
(-447.1892652827,-174.66695390768,-182.631748095726)
(-468.430220722517,-139.998851880382,-264.275035793102)
(-388.590575030851,-102.024815896484,-415.174323839572)
(-242.807320863955,-53.526768670881,-509.463023338749)
(0,0,0)
(0,0,0)
(0,0,0)
(0,0,0)
(0,0,0)
(0,0,0)
(665.604251485248,-340.066482561811,-48.0891486022088)
(540.9007935631,-370.093078734003,-99.6761489139877)
(347.563367846459,-364.270265426729,-156.396565386656)
(111.159329583615,-332.226236557846,-163.69256200081)
(-143.107524941806,-271.389397708621,-167.497989073982)
(-348.666951831498,-133.026592652843,-161.190381856696)
(-529.633130033441,338.718126587173,-224.223561810195)
(-575.419300466328,79.7294609535678,-360.421699397162)
(-484.419902855542,-7.65708473767881,-545.703309351752)
(-269.67661509947,-42.7345326100909,-647.586529549934)
(0,0,0)
(0,0,0)
(0,0,0)
(0,0,0)
(0,0,0)
(0,0,0)
(417.75989645637,-433.796102115917,-52.7980074619024)
(309.579127376521,-473.5380780943,-92.0774462038108)
(148.731846975738,-462.910317180469,-95.0629806531889)
(-56.3521382901502,-431.213966011998,-25.5244568126049)
(-262.608599829648,-338.476096233588,83.7553313685266)
(-486.749620066435,-152.19830652589,356.004141318927)
(-990.405284161696,303.397535535319,-546.397339791563)
(-782.952879823602,67.6376576660689,-572.288388895682)
(-609.878459957584,-37.3454946208085,-737.233034190731)
(-317.900388105181,-60.0932455375535,-828.015205510695)
(0,0,0)
(0,0,0)
(0,0,0)
(0,0,0)
(0,0,0)
(0,0,0)
(166.796226924753,-565.589092067559,-8.05003887159744)
(68.3615686036103,-595.965860336084,-20.2290014971732)
(-85.0760589749013,-586.010485292792,15.34982204995)
(-266.943339930517,-559.606068411868,129.883860670274)
(-451.223547409858,-476.301808928024,344.666114057084)
(-728.687912024692,-258.996404768276,828.655911560938)
(-1495.79893102163,459.970074880867,-864.35712018778)
(-1006.86545449442,-66.4787164308237,-804.953245011142)
(-741.194440982069,-193.154735042917,-922.694868688948)
(-380.90400281582,-130.397205644723,-981.486576586684)
(0,0,0)
(0,0,0)
(0,0,0)
(0,0,0)
(0,0,0)
(0,0,0)
(-149.087942756913,-703.189861447022,-1.2069006138685)
(-228.174130772668,-726.678717038913,3.30058171867044)
(-349.362518689886,-744.131669376354,65.3354079139106)
(-478.002125267442,-761.778198606743,228.3474570342)
(-633.999400668505,-760.460777646842,573.18852020753)
(-1034.02950637851,-836.305644669353,1587.29352057785)
(-2354.7707646617,-1803.8388737083,-1477.19636627774)
(-1287.68415028392,-893.162703402336,-1051.57132559632)
(-818.063722903362,-583.690590934128,-1019.40144633872)
(-404.824741094139,-292.034881690072,-1013.07504572873)
(0,0,0)
(0,0,0)
(0,0,0)
(0,0,0)
(0,0,0)
(0,0,0)
(-334.780624945354,-861.742485400999,-5.38909016900496)
(-412.657937400409,-900.642473210131,29.6017205108474)
(-506.231289486038,-934.226223628648,108.766655215868)
(-600.073879362261,-995.16169351993,248.80457007493)
(-722.680066754494,-1061.60005772547,470.604053459482)
(-1040.64285571734,-1187.08411862635,683.451539074425)
(-1559.758820257,-1574.57468839738,-644.003216725229)
(-1153.77196027807,-1181.73840376643,-829.994722639176)
(-755.670111934052,-812.966081320185,-879.387580971145)
(-389.834843401301,-418.557199511311,-885.571475164247)
(0,0,0)
(0,0,0)
(0,0,0)
(0,0,0)
(0,0,0)
(0,0,0)
(-293.908968664765,-1053.69908379198,-25.0955718326886)
(-390.325243541085,-1108.91686632165,6.95223335618125)
(-493.505403214407,-1137.16781182794,85.4525861691288)
(-536.325147474501,-1224.49551483832,186.310314067416)
(-620.103220813798,-1334.5160904885,307.969163291378)
(-827.619601048582,-1455.09453564031,309.473175740627)
(-1045.66863005754,-1616.64000061719,-338.471714117075)
(-850.075179211639,-1330.85628214452,-558.445116041079)
(-570.99066692289,-948.553786099036,-633.367815454996)
(-294.255158321045,-505.416836451638,-646.635528759533)
(0,0,0)
(0,0,0)
(0,0,0)
(0,0,0)
(0,0,0)
(0,0,0)
(-168.961497322962,-1189.87726161182,-26.3538850171349)
(-235.804671771265,-1246.80075565617,-15.9590434474328)
(-303.839478709252,-1276.44871850174,36.1585273348694)
(-313.302523286682,-1356.39500860541,80.4388731562338)
(-354.9715639588,-1478.41562233741,121.74334317527)
(-445.815976445211,-1569.18343812502,85.5330237011261)
(-521.614008139371,-1610.48083478957,-166.593746544564)
(-443.189045960694,-1388.43763808903,-282.998781426077)
(-305.496851110133,-1014.61949336786,-322.320526487056)
(-165.719169761146,-561.509503125713,-318.246803961726)
(0,0,0)
(0,0,0)
(0,0,0)
(0,0,0)
(0,0,0)
(0,0,0)
(0,0,0)
(0,0,0)
(0,0,0)
(0,0,0)
(0,0,0)
(0,0,0)
(0,0,0)
(0,0,0)
(0,0,0)
(0,0,0)
(0,0,0)
(0,0,0)
(0,0,0)
(0,0,0)
(0,0,0)
(0,0,0)
(0,0,0)
(0,0,0)
(0,0,0)
(0,0,0)
(0,0,0)
(0,0,0)
(0,0,0)
(0,0,0)
(0,0,0)
(0,0,0)
(0,0,0)
(0,0,0)
(0,0,0)
(0,0,0)
(0,0,0)
(0,0,0)
(0,0,0)
(0,0,0)
(0,0,0)
(0,0,0)
(0,0,0)
(0,0,0)
(0,0,0)
(0,0,0)
(0,0,0)
(0,0,0)
(0,0,0)
(0,0,0)
(0,0,0)
(0,0,0)
(0,0,0)
(0,0,0)
(0,0,0)
(0,0,0)
(0,0,0)
(0,0,0)
(0,0,0)
(0,0,0)
(0,0,0)
(0,0,0)
(0,0,0)
(0,0,0)
(0,0,0)
(0,0,0)
(0,0,0)
(0,0,0)
(0,0,0)
(0,0,0)
(0,0,0)
(0,0,0)
(0,0,0)
(0,0,0)
(0,0,0)
(0,0,0)
(0,0,0)
(0,0,0)
(0,0,0)
(0,0,0)
(0,0,0)
(0,0,0)
(0,0,0)
(0,0,0)
(0,0,0)
(0,0,0)
(0,0,0)
(0,0,0)
(0,0,0)
(0,0,0)
(0,0,0)
(0,0,0)
(0,0,0)
(0,0,0)
(0,0,0)
(0,0,0)
(0,0,0)
(0,0,0)
(0,0,0)
(0,0,0)
(0,0,0)
(0,0,0)
(958.895879612159,0.0129775502658643,-49.5876449328773)
(880.707798496271,-14.3641463697475,-73.0368333286636)
(762.797041444604,-35.0437348466008,-84.7463069199472)
(520.135791780455,-50.6206568009989,-108.968084183584)
(228.067859257293,-59.8376215940402,-130.173842299559)
(-69.6271666256623,-51.2699025994667,-127.030863296616)
(-285.043539315852,-73.9046000192089,-97.6737691520303)
(-281.319226610662,-81.5037518579211,-78.7645367125242)
(-131.626562101466,-58.9098845787105,-119.002613143129)
(-61.7668898014679,-20.8549677457471,-158.057097330775)
(0,0,0)
(0,0,0)
(0,0,0)
(0,0,0)
(0,0,0)
(0,0,0)
(923.214745056406,-42.0139673315245,-36.1971323170058)
(849.908287885989,-69.0393026089864,-66.7718263365403)
(683.183930866655,-95.7842266323801,-86.7226108987158)
(414.841870263146,-100.843139336093,-108.22893467686)
(131.921248448732,-109.581430483692,-121.471390136715)
(-148.2912636175,-97.6296555506737,-103.056592431929)
(-342.766890416734,-114.219772329055,-82.1929991111147)
(-316.514370076704,-111.631855546587,-95.9996231503766)
(-200.607211144438,-78.6356593379636,-150.175938663461)
(-119.289052941122,-33.9433422207371,-193.14685010817)
(0,0,0)
(0,0,0)
(0,0,0)
(0,0,0)
(0,0,0)
(0,0,0)
(858.528085191795,-84.038848061203,-25.9878771517207)
(762.289198112767,-119.096765760308,-52.3441755424037)
(551.838064697297,-142.683255933507,-79.3027354332909)
(263.727871596053,-133.659871642652,-94.8317563147145)
(-37.0743140127523,-126.239791711083,-100.432745196734)
(-288.367869627083,-111.37823033819,-82.5360542950635)
(-464.943020528178,-80.2350049897752,-98.7670663882208)
(-470.888755844339,-62.1130848841866,-145.827301927192)
(-373.408162920873,-40.1578904784766,-199.487482901359)
(-209.033140026775,-29.3527399913152,-237.852265966094)
(0,0,0)
(0,0,0)
(0,0,0)
(0,0,0)
(0,0,0)
(0,0,0)
(766.350584676557,-168.228977689396,-16.5562035630911)
(630.594024810529,-196.368416928402,-28.9777836446426)
(419.519917516479,-192.016906106407,-51.6006831398938)
(157.334317702003,-174.568333082085,-56.8672098202614)
(-125.782980907494,-140.408601864106,-60.0229436990097)
(-371.137673506844,-89.8604915608866,-59.0699608022072)
(-558.775041055741,24.0691775469009,-134.232232319512)
(-572.886109163583,4.01773472731936,-202.896243233814)
(-449.657568851334,-20.6539363221266,-257.162531396633)
(-218.535426746802,-46.7876957784648,-290.868763960427)
(0,0,0)
(0,0,0)
(0,0,0)
(0,0,0)
(0,0,0)
(0,0,0)
(519.34961830889,-241.576473186817,-28.2422263551644)
(397.00011451444,-277.434485435758,-34.5971449866998)
(201.394740997401,-253.942922516394,-25.3340225989826)
(-21.4710557107703,-231.884554734021,-2.89888352756379)
(-238.728107150499,-197.389846324829,30.2018682530254)
(-479.90296091997,-127.309744669089,60.8044622124808)
(-742.181357382664,14.6798736337617,-178.030160659392)
(-701.309630712404,-8.23524210173893,-247.420432935616)
(-533.701465584495,-37.9916678069362,-306.259695828693)
(-272.022117873915,-51.144206374433,-347.781455461725)
(0,0,0)
(0,0,0)
(0,0,0)
(0,0,0)
(0,0,0)
(0,0,0)
(254.083600811435,-327.18758199128,-1.67626508539981)
(147.510094615885,-358.402503704425,0.14322717005698)
(-26.8577477426597,-335.842846717785,23.8248401382787)
(-228.445708213815,-311.862979548012,65.3056332348647)
(-429.575136174075,-288.988330849016,135.2557065256)
(-681.110231950469,-215.728532908591,176.096814686638)
(-981.068922685797,-82.8987467502114,-241.054573252171)
(-824.83001395473,-114.007663679438,-317.317592211941)
(-611.217915997862,-105.425564150585,-379.860220856919)
(-316.992432873061,-60.8389388662726,-434.07705831103)
(0,0,0)
(0,0,0)
(0,0,0)
(0,0,0)
(0,0,0)
(0,0,0)
(-86.2710819226256,-385.763686257421,-4.24075656811503)
(-187.293736504654,-407.135601694335,3.61194715426074)
(-310.79704030532,-407.457916016343,36.6615380657)
(-445.42864698854,-412.402282804506,104.62736304484)
(-609.971017128993,-422.651548159429,214.262196815468)
(-899.313050538109,-435.592914801615,299.410122864506)
(-1251.05659146645,-565.493536877073,-321.709260184578)
(-938.606851597702,-395.051656313746,-389.742566241217)
(-629.511218092708,-258.098692554338,-425.621942645138)
(-309.714525783068,-120.475638609591,-461.095458213279)
(0,0,0)
(0,0,0)
(0,0,0)
(0,0,0)
(0,0,0)
(0,0,0)
(-279.836029570831,-441.903571406069,1.1952897743816)
(-378.228354444285,-457.775499898817,17.4056050227466)
(-482.497429467041,-470.412420255942,56.6262492437319)
(-568.270474906402,-501.976462371186,114.397024355623)
(-669.899638971569,-539.192235517665,178.157283932367)
(-902.93870426605,-570.871538404682,175.731756081915)
(-1098.98844528503,-656.222863487966,-194.30929227526)
(-880.075109389455,-535.213653521753,-327.844145949008)
(-580.981486698428,-380.479780185695,-380.151683557014)
(-288.249551026114,-193.702064026938,-408.510550514315)
(0,0,0)
(0,0,0)
(0,0,0)
(0,0,0)
(0,0,0)
(0,0,0)
(-218.195465309147,-514.418903091242,-3.19817167181599)
(-321.016169689932,-535.325197776364,5.04245235474214)
(-453.95017364149,-549.618241198081,44.6930437237512)
(-489.310376554184,-595.475082511417,91.1768929434742)
(-544.226561457339,-644.402527149771,120.510525218551)
(-706.642712681719,-669.74474995355,98.4068483990008)
(-796.133019283262,-704.86641435421,-102.485211510713)
(-661.115088201591,-603.335970117206,-223.322985927608)
(-448.445919831668,-446.036549907192,-280.3109632997)
(-219.840142802099,-244.873061519488,-303.554981326609)
(0,0,0)
(0,0,0)
(0,0,0)
(0,0,0)
(0,0,0)
(0,0,0)
(-115.050543761952,-565.590297888738,-2.7395587641463)
(-179.267602021243,-592.189295023151,-2.41253126696709)
(-267.853086950383,-616.172390632836,28.1552264086998)
(-279.849715016716,-650.041529967262,49.2688655949355)
(-305.316733776921,-692.462015932943,47.6735241963232)
(-377.947165714799,-715.43798054232,25.4979440563498)
(-406.196230210559,-733.965884049981,-60.8203641767968)
(-332.714607473723,-658.068947479462,-116.561825302314)
(-238.508014704053,-494.790495975572,-134.796715639332)
(-126.389557866169,-287.111553292705,-131.887835761306)
(0,0,0)
(0,0,0)
(0,0,0)
(0,0,0)
(0,0,0)
(0,0,0)
(0,0,0)
(0,0,0)
(0,0,0)
(0,0,0)
(0,0,0)
(0,0,0)
(0,0,0)
(0,0,0)
(0,0,0)
(0,0,0)
(0,0,0)
(0,0,0)
(0,0,0)
(0,0,0)
(0,0,0)
(0,0,0)
(0,0,0)
(0,0,0)
(0,0,0)
(0,0,0)
(0,0,0)
(0,0,0)
(0,0,0)
(0,0,0)
(0,0,0)
(0,0,0)
(0,0,0)
(0,0,0)
(0,0,0)
(0,0,0)
(0,0,0)
(0,0,0)
(0,0,0)
(0,0,0)
(0,0,0)
(0,0,0)
(0,0,0)
(0,0,0)
(0,0,0)
(0,0,0)
(0,0,0)
(0,0,0)
(0,0,0)
(0,0,0)
(0,0,0)
(0,0,0)
(0,0,0)
(0,0,0)
(0,0,0)
(0,0,0)
(0,0,0)
(0,0,0)
(0,0,0)
(0,0,0)
(0,0,0)
(0,0,0)
(0,0,0)
(0,0,0)
(0,0,0)
(0,0,0)
(0,0,0)
(0,0,0)
(0,0,0)
(0,0,0)
(0,0,0)
(0,0,0)
(0,0,0)
(0,0,0)
(0,0,0)
(0,0,0)
(0,0,0)
(0,0,0)
(0,0,0)
(0,0,0)
(0,0,0)
(0,0,0)
(0,0,0)
(0,0,0)
(0,0,0)
(0,0,0)
(0,0,0)
(0,0,0)
(0,0,0)
(0,0,0)
(0,0,0)
(0,0,0)
(0,0,0)
(0,0,0)
(0,0,0)
(0,0,0)
(0,0,0)
(0,0,0)
(0,0,0)
(0,0,0)
(0,0,0)
(0,0,0)
(0,0,0)
(0,0,0)
(0,0,0)
(0,0,0)
(0,0,0)
(0,0,0)
(0,0,0)
(0,0,0)
(0,0,0)
(0,0,0)
(0,0,0)
(0,0,0)
(0,0,0)
(0,0,0)
(0,0,0)
(0,0,0)
(0,0,0)
(0,0,0)
(0,0,0)
(0,0,0)
(0,0,0)
(0,0,0)
(0,0,0)
(0,0,0)
(0,0,0)
(0,0,0)
(0,0,0)
(0,0,0)
(0,0,0)
(0,0,0)
(0,0,0)
(0,0,0)
(0,0,0)
(0,0,0)
(0,0,0)
(0,0,0)
(0,0,0)
(0,0,0)
(0,0,0)
(0,0,0)
(0,0,0)
(0,0,0)
(0,0,0)
(0,0,0)
(0,0,0)
(0,0,0)
(0,0,0)
(0,0,0)
(0,0,0)
(0,0,0)
(0,0,0)
(0,0,0)
(0,0,0)
(0,0,0)
(0,0,0)
(0,0,0)
(0,0,0)
(0,0,0)
(0,0,0)
(0,0,0)
(0,0,0)
(0,0,0)
(0,0,0)
(0,0,0)
(0,0,0)
(0,0,0)
(0,0,0)
(0,0,0)
(0,0,0)
(0,0,0)
(0,0,0)
(0,0,0)
(0,0,0)
(0,0,0)
(0,0,0)
(0,0,0)
(0,0,0)
(0,0,0)
(0,0,0)
(0,0,0)
(0,0,0)
(0,0,0)
(0,0,0)
(0,0,0)
(0,0,0)
(0,0,0)
(0,0,0)
(0,0,0)
(0,0,0)
(0,0,0)
(0,0,0)
(0,0,0)
(0,0,0)
(0,0,0)
(0,0,0)
(0,0,0)
(0,0,0)
(0,0,0)
(0,0,0)
(0,0,0)
(0,0,0)
(0,0,0)
(0,0,0)
(0,0,0)
(0,0,0)
(0,0,0)
(0,0,0)
(0,0,0)
(0,0,0)
(0,0,0)
(0,0,0)
(0,0,0)
(0,0,0)
(0,0,0)
(0,0,0)
(0,0,0)
(0,0,0)
(0,0,0)
(0,0,0)
(0,0,0)
(0,0,0)
(0,0,0)
(0,0,0)
(0,0,0)
(0,0,0)
(0,0,0)
(0,0,0)
(0,0,0)
(0,0,0)
(0,0,0)
(0,0,0)
(0,0,0)
(0,0,0)
(0,0,0)
(0,0,0)
(0,0,0)
(0,0,0)
(0,0,0)
(0,0,0)
(0,0,0)
(0,0,0)
(0,0,0)
(0,0,0)
(0,0,0)
(0,0,0)
(0,0,0)
(0,0,0)
(0,0,0)
(0,0,0)
(0,0,0)
(0,0,0)
(0,0,0)
(0,0,0)
(0,0,0)
(0,0,0)
(0,0,0)
(0,0,0)
(0,0,0)
(0,0,0)
(0,0,0)
(0,0,0)
(0,0,0)
(0,0,0)
(0,0,0)
(0,0,0)
(0,0,0)
(0,0,0)
(0,0,0)
(0,0,0)
(0,0,0)
(0,0,0)
(0,0,0)
(0,0,0)
(0,0,0)
(0,0,0)
(0,0,0)
(0,0,0)
(0,0,0)
(0,0,0)
(0,0,0)
(0,0,0)
(0,0,0)
(0,0,0)
(0,0,0)
(0,0,0)
(0,0,0)
(0,0,0)
(0,0,0)
(0,0,0)
(0,0,0)
(0,0,0)
(0,0,0)
(0,0,0)
(0,0,0)
(0,0,0)
(0,0,0)
(0,0,0)
(0,0,0)
(0,0,0)
(0,0,0)
(0,0,0)
(0,0,0)
(0,0,0)
(0,0,0)
(0,0,0)
(0,0,0)
(0,0,0)
(0,0,0)
(0,0,0)
(0,0,0)
(0,0,0)
(0,0,0)
(0,0,0)
(0,0,0)
(0,0,0)
(0,0,0)
(0,0,0)
(0,0,0)
(0,0,0)
(0,0,0)
(0,0,0)
(0,0,0)
(0,0,0)
(0,0,0)
(0,0,0)
(0,0,0)
(0,0,0)
(0,0,0)
(0,0,0)
(0,0,0)
(0,0,0)
(0,0,0)
(0,0,0)
(0,0,0)
(0,0,0)
(0,0,0)
(0,0,0)
(0,0,0)
(0,0,0)
(0,0,0)
(0,0,0)
(0,0,0)
(0,0,0)
(0,0,0)
(0,0,0)
(0,0,0)
(0,0,0)
(0,0,0)
(0,0,0)
(0,0,0)
(0,0,0)
(0,0,0)
(0,0,0)
(0,0,0)
(0,0,0)
(0,0,0)
(0,0,0)
(0,0,0)
(0,0,0)
(0,0,0)
(0,0,0)
(0,0,0)
(0,0,0)
(0,0,0)
(0,0,0)
(0,0,0)
(0,0,0)
(0,0,0)
(0,0,0)
(0,0,0)
(0,0,0)
(0,0,0)
(0,0,0)
(0,0,0)
(0,0,0)
(0,0,0)
(0,0,0)
(0,0,0)
(0,0,0)
(0,0,0)
(0,0,0)
(0,0,0)
(0,0,0)
(0,0,0)
(0,0,0)
(0,0,0)
(0,0,0)
(0,0,0)
(0,0,0)
(0,0,0)
(0,0,0)
(0,0,0)
(0,0,0)
(0,0,0)
(0,0,0)
(0,0,0)
(0,0,0)
(0,0,0)
(0,0,0)
(0,0,0)
(0,0,0)
(0,0,0)
(0,0,0)
(0,0,0)
(0,0,0)
(0,0,0)
(0,0,0)
(0,0,0)
(0,0,0)
(0,0,0)
(0,0,0)
(0,0,0)
(0,0,0)
(0,0,0)
(0,0,0)
(0,0,0)
(0,0,0)
(0,0,0)
(0,0,0)
(0,0,0)
(0,0,0)
(0,0,0)
(0,0,0)
(0,0,0)
(0,0,0)
(0,0,0)
(0,0,0)
(0,0,0)
(0,0,0)
(0,0,0)
(0,0,0)
(0,0,0)
(0,0,0)
(0,0,0)
(0,0,0)
(0,0,0)
(0,0,0)
(0,0,0)
(0,0,0)
(0,0,0)
(0,0,0)
(0,0,0)
(0,0,0)
(0,0,0)
(0,0,0)
(0,0,0)
(0,0,0)
(0,0,0)
(0,0,0)
(0,0,0)
(0,0,0)
(0,0,0)
(0,0,0)
(0,0,0)
(0,0,0)
(0,0,0)
(0,0,0)
(0,0,0)
(0,0,0)
(0,0,0)
(0,0,0)
(0,0,0)
(0,0,0)
(0,0,0)
(0,0,0)
(0,0,0)
(0,0,0)
(0,0,0)
(0,0,0)
(0,0,0)
(0,0,0)
(0,0,0)
(0,0,0)
(0,0,0)
(0,0,0)
(0,0,0)
(0,0,0)
(0,0,0)
(0,0,0)
(0,0,0)
(0,0,0)
(0,0,0)
(0,0,0)
(0,0,0)
(0,0,0)
(0,0,0)
(0,0,0)
(0,0,0)
(0,0,0)
(0,0,0)
(0,0,0)
(0,0,0)
(0,0,0)
(0,0,0)
(0,0,0)
(0,0,0)
(0,0,0)
(0,0,0)
(0,0,0)
(0,0,0)
(0,0,0)
(0,0,0)
(0,0,0)
(0,0,0)
(0,0,0)
(0,0,0)
(0,0,0)
(0,0,0)
(0,0,0)
(0,0,0)
(0,0,0)
(0,0,0)
(0,0,0)
(0,0,0)
(0,0,0)
(0,0,0)
(0,0,0)
(0,0,0)
(0,0,0)
(0,0,0)
(0,0,0)
(0,0,0)
(0,0,0)
(0,0,0)
(0,0,0)
(0,0,0)
(0,0,0)
(0,0,0)
(0,0,0)
(0,0,0)
(0,0,0)
(0,0,0)
(0,0,0)
(0,0,0)
(0,0,0)
(0,0,0)
(0,0,0)
(0,0,0)
(0,0,0)
(0,0,0)
(0,0,0)
(0,0,0)
(0,0,0)
(0,0,0)
(0,0,0)
(0,0,0)
(0,0,0)
(0,0,0)
(0,0,0)
(0,0,0)
(0,0,0)
(0,0,0)
(0,0,0)
(0,0,0)
(0,0,0)
(0,0,0)
(0,0,0)
(0,0,0)
(0,0,0)
(0,0,0)
(0,0,0)
(0,0,0)
(0,0,0)
(0,0,0)
(0,0,0)
(0,0,0)
(0,0,0)
(0,0,0)
(0,0,0)
(0,0,0)
(0,0,0)
(0,0,0)
(0,0,0)
(0,0,0)
(0,0,0)
(0,0,0)
(0,0,0)
(0,0,0)
(0,0,0)
(0,0,0)
(0,0,0)
(0,0,0)
(0,0,0)
(0,0,0)
(0,0,0)
(0,0,0)
(0,0,0)
(0,0,0)
(0,0,0)
(0,0,0)
(0,0,0)
(0,0,0)
(0,0,0)
(0,0,0)
(0,0,0)
(0,0,0)
(0,0,0)
(0,0,0)
(0,0,0)
(0,0,0)
(0,0,0)
(0,0,0)
(0,0,0)
(0,0,0)
(0,0,0)
(0,0,0)
(0,0,0)
(0,0,0)
(0,0,0)
(0,0,0)
(0,0,0)
(0,0,0)
(0,0,0)
(0,0,0)
(0,0,0)
(0,0,0)
(0,0,0)
(0,0,0)
(0,0,0)
(0,0,0)
(0,0,0)
(0,0,0)
(0,0,0)
(0,0,0)
(0,0,0)
(0,0,0)
(0,0,0)
(0,0,0)
(0,0,0)
(0,0,0)
(0,0,0)
(0,0,0)
(0,0,0)
(0,0,0)
(0,0,0)
(0,0,0)
(0,0,0)
(0,0,0)
(0,0,0)
(0,0,0)
(0,0,0)
(0,0,0)
(0,0,0)
(0,0,0)
(0,0,0)
(0,0,0)
(0,0,0)
(0,0,0)
(0,0,0)
(0,0,0)
(0,0,0)
(0,0,0)
(0,0,0)
(0,0,0)
(0,0,0)
(0,0,0)
(0,0,0)
(0,0,0)
(0,0,0)
(0,0,0)
(0,0,0)
(0,0,0)
(0,0,0)
(0,0,0)
(0,0,0)
(0,0,0)
(0,0,0)
(0,0,0)
(0,0,0)
(0,0,0)
(0,0,0)
(0,0,0)
(0,0,0)
(0,0,0)
(0,0,0)
(0,0,0)
(0,0,0)
(0,0,0)
(0,0,0)
(0,0,0)
(0,0,0)
(0,0,0)
(0,0,0)
(0,0,0)
(0,0,0)
(0,0,0)
(0,0,0)
(0,0,0)
(0,0,0)
(0,0,0)
(0,0,0)
(0,0,0)
(0,0,0)
(0,0,0)
(0,0,0)
(0,0,0)
(0,0,0)
(0,0,0)
(0,0,0)
(0,0,0)
(0,0,0)
(0,0,0)
(0,0,0)
(0,0,0)
(0,0,0)
(0,0,0)
(0,0,0)
(0,0,0)
(0,0,0)
(0,0,0)
(0,0,0)
(0,0,0)
(0,0,0)
(0,0,0)
(0,0,0)
(0,0,0)
(0,0,0)
(0,0,0)
(0,0,0)
(0,0,0)
(0,0,0)
(0,0,0)
(0,0,0)
(0,0,0)
(0,0,0)
(0,0,0)
(0,0,0)
(0,0,0)
(0,0,0)
(0,0,0)
(0,0,0)
(0,0,0)
(0,0,0)
(0,0,0)
(0,0,0)
(0,0,0)
(0,0,0)
(0,0,0)
(0,0,0)
(0,0,0)
(0,0,0)
(0,0,0)
(0,0,0)
(0,0,0)
(0,0,0)
(0,0,0)
(0,0,0)
(0,0,0)
(0,0,0)
(0,0,0)
(0,0,0)
(0,0,0)
(0,0,0)
(0,0,0)
(0,0,0)
(0,0,0)
(0,0,0)
(0,0,0)
(0,0,0)
(0,0,0)
(0,0,0)
(0,0,0)
(0,0,0)
(0,0,0)
(0,0,0)
(0,0,0)
(0,0,0)
(0,0,0)
(0,0,0)
(0,0,0)
(0,0,0)
(0,0,0)
(0,0,0)
(0,0,0)
(0,0,0)
(0,0,0)
(0,0,0)
(0,0,0)
(0,0,0)
(0,0,0)
(0,0,0)
(0,0,0)
(0,0,0)
(0,0,0)
(0,0,0)
(0,0,0)
(0,0,0)
(0,0,0)
(0,0,0)
(0,0,0)
(0,0,0)
(0,0,0)
(0,0,0)
(0,0,0)
(0,0,0)
(0,0,0)
(0,0,0)
(0,0,0)
(0,0,0)
(0,0,0)
(0,0,0)
(0,0,0)
(0,0,0)
(0,0,0)
(0,0,0)
(0,0,0)
(0,0,0)
(0,0,0)
(0,0,0)
(0,0,0)
(0,0,0)
(0,0,0)
(0,0,0)
(0,0,0)
(0,0,0)
(0,0,0)
(0,0,0)
