(0,0,0)
(0,0,0)
(0,0,0)
(0,0,0)
(0,0,0)
(0,0,0)
(0,0,0)
(0,0,0)
(0,0,0)
(0,0,0)
(0,0,0)
(0,0,0)
(0,0,0)
(0,0,0)
(0,0,0)
(0,0,0)
(0,0,0)
(0,0,0)
(0,0,0)
(0,0,0)
(0,0,0)
(0,0,0)
(0,0,0)
(0,0,0)
(0,0,0)
(0,0,0)
(0,0,0)
(0,0,0)
(0,0,0)
(0,0,0)
(0,0,0)
(0,0,0)
(0,0,0)
(0,0,0)
(0,0,0)
(0,0,0)
(0,0,0)
(0,0,0)
(0,0,0)
(0,0,0)
(0,0,0)
(0,0,0)
(0,0,0)
(0,0,0)
(0,0,0)
(0,0,0)
(0,0,0)
(0,0,0)
(0,0,0)
(0,0,0)
(0,0,0)
(0,0,0)
(0,0,0)
(0,0,0)
(0,0,0)
(0,0,0)
(0,0,0)
(0,0,0)
(0,0,0)
(0,0,0)
(0,0,0)
(0,0,0)
(0,0,0)
(0,0,0)
(0,0,0)
(0,0,0)
(0,0,0)
(0,0,0)
(0,0,0)
(0,0,0)
(0,0,0)
(0,0,0)
(0,0,0)
(0,0,0)
(0,0,0)
(0,0,0)
(0,0,0)
(0,0,0)
(0,0,0)
(0,0,0)
(0,0,0)
(0,0,0)
(0,0,0)
(0,0,0)
(0,0,0)
(0,0,0)
(0,0,0)
(0,0,0)
(0,0,0)
(0,0,0)
(0,0,0)
(0,0,0)
(0,0,0)
(0,0,0)
(0,0,0)
(0,0,0)
(0,0,0)
(0,0,0)
(0,0,0)
(0,0,0)
(0,0,0)
(0,0,0)
(0,0,0)
(0,0,0)
(0,0,0)
(0,0,0)
(0,0,0)
(0,0,0)
(0,0,0)
(0,0,0)
(0,0,0)
(0,0,0)
(0,0,0)
(0,0,0)
(0,0,0)
(0,0,0)
(0,0,0)
(0,0,0)
(0,0,0)
(0,0,0)
(0,0,0)
(0,0,0)
(0,0,0)
(0,0,0)
(0,0,0)
(0,0,0)
(0,0,0)
(0,0,0)
(0,0,0)
(0,0,0)
(0,0,0)
(0,0,0)
(0,0,0)
(0,0,0)
(0,0,0)
(0,0,0)
(0,0,0)
(0,0,0)
(0,0,0)
(0,0,0)
(0,0,0)
(0,0,0)
(0,0,0)
(0,0,0)
(0,0,0)
(0,0,0)
(0,0,0)
(0,0,0)
(0,0,0)
(0,0,0)
(0,0,0)
(0,0,0)
(0,0,0)
(0,0,0)
(0,0,0)
(0,0,0)
(0,0,0)
(0,0,0)
(0,0,0)
(0,0,0)
(0,0,0)
(0,0,0)
(0,0,0)
(0,0,0)
(0,0,0)
(0,0,0)
(0,0,0)
(0,0,0)
(0,0,0)
(0,0,0)
(0,0,0)
(0,0,0)
(0,0,0)
(0,0,0)
(0,0,0)
(0,0,0)
(0,0,0)
(0,0,0)
(0,0,0)
(0,0,0)
(0,0,0)
(0,0,0)
(0,0,0)
(0,0,0)
(0,0,0)
(0,0,0)
(0,0,0)
(0,0,0)
(0,0,0)
(0,0,0)
(0,0,0)
(0,0,0)
(0,0,0)
(0,0,0)
(0,0,0)
(0,0,0)
(0,0,0)
(0,0,0)
(0,0,0)
(0,0,0)
(0,0,0)
(0,0,0)
(0,0,0)
(0,0,0)
(0,0,0)
(0,0,0)
(0,0,0)
(0,0,0)
(0,0,0)
(0,0,0)
(0,0,0)
(0,0,0)
(0,0,0)
(0,0,0)
(0,0,0)
(0,0,0)
(0,0,0)
(0,0,0)
(0,0,0)
(0,0,0)
(0,0,0)
(0,0,0)
(0,0,0)
(0,0,0)
(0,0,0)
(0,0,0)
(0,0,0)
(0,0,0)
(0,0,0)
(0,0,0)
(0,0,0)
(0,0,0)
(0,0,0)
(0,0,0)
(0,0,0)
(0,0,0)
(0,0,0)
(0,0,0)
(0,0,0)
(0,0,0)
(0,0,0)
(0,0,0)
(0,0,0)
(0,0,0)
(0,0,0)
(0,0,0)
(0,0,0)
(0,0,0)
(0,0,0)
(0,0,0)
(0,0,0)
(0,0,0)
(0,0,0)
(0,0,0)
(0,0,0)
(0,0,0)
(0,0,0)
(0,0,0)
(0,0,0)
(0,0,0)
(0,0,0)
(0,0,0)
(0,0,0)
(0,0,0)
(0,0,0)
(0,0,0)
(0,0,0)
(0,0,0)
(0,0,0)
(0,0,0)
(0,0,0)
(0,0,0)
(0,0,0)
(0,0,0)
(0,0,0)
(0,0,0)
(0,0,0)
(0,0,0)
(0,0,0)
(0,0,0)
(0,0,0)
(0,0,0)
(0,0,0)
(0,0,0)
(0,0,0)
(0,0,0)
(0,0,0)
(0,0,0)
(0,0,0)
(0,0,0)
(0,0,0)
(0,0,0)
(0,0,0)
(0,0,0)
(0,0,0)
(0,0,0)
(0,0,0)
(0,0,0)
(0,0,0)
(0,0,0)
(0,0,0)
(0,0,0)
(0,0,0)
(0,0,0)
(0,0,0)
(0,0,0)
(0,0,0)
(0,0,0)
(0,0,0)
(0,0,0)
(0,0,0)
(0,0,0)
(0,0,0)
(0,0,0)
(0,0,0)
(0,0,0)
(0,0,0)
(0,0,0)
(0,0,0)
(0,0,0)
(0,0,0)
(0,0,0)
(0,0,0)
(0,0,0)
(0,0,0)
(0,0,0)
(0,0,0)
(0,0,0)
(0,0,0)
(0,0,0)
(0,0,0)
(0,0,0)
(0,0,0)
(0,0,0)
(0,0,0)
(0,0,0)
(0,0,0)
(0,0,0)
(0,0,0)
(0,0,0)
(0,0,0)
(0,0,0)
(0,0,0)
(0,0,0)
(0,0,0)
(0,0,0)
(0,0,0)
(0,0,0)
(0,0,0)
(0,0,0)
(0,0,0)
(0,0,0)
(0,0,0)
(0,0,0)
(0,0,0)
(0,0,0)
(0,0,0)
(0,0,0)
(0,0,0)
(0,0,0)
(0,0,0)
(0,0,0)
(0,0,0)
(0,0,0)
(0,0,0)
(0,0,0)
(0,0,0)
(0,0,0)
(0,0,0)
(0,0,0)
(0,0,0)
(0,0,0)
(0,0,0)
(0,0,0)
(0,0,0)
(0,0,0)
(0,0,0)
(0,0,0)
(0,0,0)
(0,0,0)
(0,0,0)
(0,0,0)
(0,0,0)
(0,0,0)
(0,0,0)
(0,0,0)
(0,0,0)
(0,0,0)
(0,0,0)
(0,0,0)
(0,0,0)
(0,0,0)
(0,0,0)
(0,0,0)
(0,0,0)
(0,0,0)
(0,0,0)
(0,0,0)
(0,0,0)
(0,0,0)
(0,0,0)
(0,0,0)
(0,0,0)
(0,0,0)
(0,0,0)
(0,0,0)
(0,0,0)
(0,0,0)
(0,0,0)
(0,0,0)
(0,0,0)
(0,0,0)
(0,0,0)
(0,0,0)
(0,0,0)
(0,0,0)
(0,0,0)
(0,0,0)
(0,0,0)
(0,0,0)
(0,0,0)
(0,0,0)
(0,0,0)
(0,0,0)
(0,0,0)
(0,0,0)
(0,0,0)
(0,0,0)
(0,0,0)
(0,0,0)
(0,0,0)
(0,0,0)
(0,0,0)
(0,0,0)
(0,0,0)
(0,0,0)
(0,0,0)
(0,0,0)
(0,0,0)
(0,0,0)
(0,0,0)
(0,0,0)
(0,0,0)
(0,0,0)
(0,0,0)
(0,0,0)
(0,0,0)
(0,0,0)
(0,0,0)
(0,0,0)
(0,0,0)
(0,0,0)
(0,0,0)
(0,0,0)
(0,0,0)
(0,0,0)
(0,0,0)
(0,0,0)
(0,0,0)
(0,0,0)
(0,0,0)
(0,0,0)
(0,0,0)
(0,0,0)
(0,0,0)
(0,0,0)
(0,0,0)
(0,0,0)
(0,0,0)
(0,0,0)
(0,0,0)
(0,0,0)
(0,0,0)
(0,0,0)
(0,0,0)
(0,0,0)
(0,0,0)
(0,0,0)
(0,0,0)
(0,0,0)
(0,0,0)
(0,0,0)
(0,0,0)
(0,0,0)
(0,0,0)
(0,0,0)
(0,0,0)
(0,0,0)
(0,0,0)
(0,0,0)
(0,0,0)
(0,0,0)
(0,0,0)
(0,0,0)
(0,0,0)
(0,0,0)
(0,0,0)
(0,0,0)
(0,0,0)
(0,0,0)
(0,0,0)
(0,0,0)
(0,0,0)
(0,0,0)
(0,0,0)
(0,0,0)
(0,0,0)
(0,0,0)
(0,0,0)
(0,0,0)
(0,0,0)
(0,0,0)
(0,0,0)
(0,0,0)
(0,0,0)
(0,0,0)
(0,0,0)
(0,0,0)
(0,0,0)
(0,0,0)
(0,0,0)
(0,0,0)
(0,0,0)
(0,0,0)
(0,0,0)
(0,0,0)
(0,0,0)
(0,0,0)
(0,0,0)
(0,0,0)
(0,0,0)
(0,0,0)
(0,0,0)
(0,0,0)
(0,0,0)
(0,0,0)
(0,0,0)
(0,0,0)
(0,0,0)
(0,0,0)
(0,0,0)
(0,0,0)
(0,0,0)
(0,0,0)
(0,0,0)
(0,0,0)
(0,0,0)
(0,0,0)
(0,0,0)
(0,0,0)
(0,0,0)
(0,0,0)
(0,0,0)
(0,0,0)
(0,0,0)
(0,0,0)
(0,0,0)
(0,0,0)
(0,0,0)
(0,0,0)
(0,0,0)
(0,0,0)
(0,0,0)
(0,0,0)
(0,0,0)
(0,0,0)
(0,0,0)
(0,0,0)
(0,0,0)
(0,0,0)
(0,0,0)
(0,0,0)
(0,0,0)
(0,0,0)
(0,0,0)
(0,0,0)
(0,0,0)
(0,0,0)
(0,0,0)
(0,0,0)
(0,0,0)
(0,0,0)
(0,0,0)
(0,0,0)
(0,0,0)
(0,0,0)
(0,0,0)
(0,0,0)
(0,0,0)
(0,0,0)
(0,0,0)
(0,0,0)
(0,0,0)
(0,0,0)
(0,0,0)
(0,0,0)
(0,0,0)
(0,0,0)
(0,0,0)
(0,0,0)
(0,0,0)
(0,0,0)
(0,0,0)
(0,0,0)
(0,0,0)
(0,0,0)
(0,0,0)
(0,0,0)
(0,0,0)
(0,0,0)
(0,0,0)
(0,0,0)
(0,0,0)
(0,0,0)
(0,0,0)
(0,0,0)
(0,0,0)
(0,0,0)
(0,0,0)
(0,0,0)
(0,0,0)
(0,0,0)
(0,0,0)
(0,0,0)
(0,0,0)
(0,0,0)
(0,0,0)
(0,0,0)
(0,0,0)
(0,0,0)
(0,0,0)
(0,0,0)
(0,0,0)
(0,0,0)
(0,0,0)
(0,0,0)
(0,0,0)
(0,0,0)
(0,0,0)
(0,0,0)
(0,0,0)
(0,0,0)
(0,0,0)
(0,0,0)
(0,0,0)
(0,0,0)
(0,0,0)
(0,0,0)
(0,0,0)
(0,0,0)
(0,0,0)
(0,0,0)
(0,0,0)
(0,0,0)
(0,0,0)
(0,0,0)
(0,0,0)
(0,0,0)
(0,0,0)
(0,0,0)
(0,0,0)
(0,0,0)
(0,0,0)
(0,0,0)
(0,0,0)
(0,0,0)
(0,0,0)
(0,0,0)
(0,0,0)
(0,0,0)
(0,0,0)
(0,0,0)
(0,0,0)
(0,0,0)
(0,0,0)
(0,0,0)
(0,0,0)
(0,0,0)
(0,0,0)
(0,0,0)
(0,0,0)
(0,0,0)
(0,0,0)
(0,0,0)
(0,0,0)
(0,0,0)
(0,0,0)
(0,0,0)
(0,0,0)
(0,0,0)
(0,0,0)
(0,0,0)
(0,0,0)
(0,0,0)
(0,0,0)
(0,0,0)
(0,0,0)
(0,0,0)
(0,0,0)
(0,0,0)
(0,0,0)
(0,0,0)
(0,0,0)
(0,0,0)
(0,0,0)
(0,0,0)
(0,0,0)
(0,0,0)
(0,0,0)
(0,0,0)
(0,0,0)
(0,0,0)
(0,0,0)
(0,0,0)
(0,0,0)
(0,0,0)
(0,0,0)
(0,0,0)
(0,0,0)
(0,0,0)
(0,0,0)
(0,0,0)
(0,0,0)
(0,0,0)
(0,0,0)
(0,0,0)
(0,0,0)
(0,0,0)
(0,0,0)
(0,0,0)
(0,0,0)
(0,0,0)
(0,0,0)
(0,0,0)
(0,0,0)
(0,0,0)
(0,0,0)
(0,0,0)
(0,0,0)
(0,0,0)
(0,0,0)
(0,0,0)
(0,0,0)
(0,0,0)
(0,0,0)
(0,0,0)
(0,0,0)
(0,0,0)
(0,0,0)
(0,0,0)
(0,0,0)
(0,0,0)
(0,0,0)
(0,0,0)
(0,0,0)
(0,0,0)
(0,0,0)
(0,0,0)
(0,0,0)
(0,0,0)
(0,0,0)
(0,0,0)
(0,0,0)
(0,0,0)
(0,0,0)
(0,0,0)
(0,0,0)
(0,0,0)
(0,0,0)
(0,0,0)
(0,0,0)
(0,0,0)
(0,0,0)
(0,0,0)
(0,0,0)
(0,0,0)
(0,0,0)
(0,0,0)
(0,0,0)
(0,0,0)
(0,0,0)
(0,0,0)
(0,0,0)
(0,0,0)
(0,0,0)
(0,0,0)
(0,0,0)
(0,0,0)
(0,0,0)
(0,0,0)
(0,0,0)
(0,0,0)
(0,0,0)
(0,0,0)
(0,0,0)
(0,0,0)
(0,0,0)
(0,0,0)
(0,0,0)
(0,0,0)
(0,0,0)
(0,0,0)
(0,0,0)
(0,0,0)
(0,0,0)
(0,0,0)
(0,0,0)
(0,0,0)
(0,0,0)
(0,0,0)
(0,0,0)
(0,0,0)
(0,0,0)
(0,0,0)
(0,0,0)
(0,0,0)
(0,0,0)
(0,0,0)
(0,0,0)
(-211113.989782446,112173.129686809,98940.8600956359)
(-223277.005682576,107525.724976521,214692.140801691)
(-251446.543969694,97879.7880986069,368258.896672778)
(-304630.467669377,82702.3843967991,590186.979945361)
(-400580.184349116,62244.1640894165,928523.000205065)
(-572818.57760835,38734.2768833631,1462607.30093004)
(-884653.987513069,17368.1793825137,2329893.10906062)
(-1448163.55428463,4276.88701386217,3773779.77633142)
(-2388488.43194452,-62.5171083304868,6162330.72538427)
(-3327910.04585293,-370.486057169369,9490611.25729442)
(0,0,0)
(0,0,0)
(0,0,0)
(0,0,0)
(0,0,0)
(0,0,0)
(-223289.404033706,241121.254757749,94341.2789627655)
(-235561.091968776,232365.458466741,205062.637441325)
(-264190.471733303,214011.15054202,353121.74673121)
(-318635.444862447,184712.757579083,569746.818411378)
(-417250.441272592,144254.208926679,904987.214846699)
(-593623.710952668,96181.9411224155,1441163.26156032)
(-908886.964378583,50710.6844113919,2316707.72091001)
(-1470273.52299053,21915.2851588521,3769342.84575549)
(-2403214.56403112,10619.8703421268,6161875.0223362)
(-3334778.04220786,5439.6848148807,9490842.89367193)
(0,0,0)
(0,0,0)
(0,0,0)
(0,0,0)
(0,0,0)
(0,0,0)
(-251082.301105435,406585.065091649,85618.4907715358)
(-263588.234264109,394842.461313956,186729.722188432)
(-293126.217365608,369959.30195326,323907.788142806)
(-350296.584712851,329565.728629799,529351.401804941)
(-455223.6306881,271953.290151527,856875.951268184)
(-642537.845334609,200003.299281283,1395592.43844392)
(-968632.629304825,127142.123069719,2287793.62909044)
(-1525294.07951337,77107.6715679676,3757895.32219467)
(-2438649.50652765,50740.8455080724,6156423.85355642)
(-3350824.8226283,27537.4983257408,9485150.86267391)
(0,0,0)
(0,0,0)
(0,0,0)
(0,0,0)
(0,0,0)
(0,0,0)
(-302927.058477846,635604.396453192,73907.7271163044)
(-315668.120948194,622534.461009222,161883.848369235)
(-346333.436587117,594650.098242305,283526.488667301)
(-407448.703384733,548800.625601947,471740.295079878)
(-522781.335406536,481623.010751748,784851.909886198)
(-731095.215511594,393326.432172052,1322623.99250702)
(-1083076.27455831,295241.662457318,2237600.72767774)
(-1631730.85213412,215160.395315689,3731278.85606408)
(-2503583.06530658,152821.782383675,6132780.98449501)
(-3379143.26736188,82239.9121882914,9457221.83799447)
(0,0,0)
(0,0,0)
(0,0,0)
(0,0,0)
(0,0,0)
(0,0,0)
(-395945.419335104,970734.503234161,60815.3125541308)
(-408654.889251578,958039.304592249,133965.35822268)
(-439929.553142832,930931.557761441,237613.451846376)
(-504349.297928824,886253.713101475,404509.662275674)
(-630388.956791912,820056.715752744,696464.914066595)
(-864684.680561616,730040.089785606,1224435.93701463)
(-1257390.3843616,619693.027875652,2157374.9559579)
(-1793797.54022347,497672.408150329,3668660.48334675)
(-2597928.24857455,357667.821916981,6061742.69238806)
(-3420063.43923526,189537.980129035,9374508.06368257)
(0,0,0)
(0,0,0)
(0,0,0)
(0,0,0)
(0,0,0)
(0,0,0)
(-563947.216593901,1486559.65491487,48122.0649131943)
(-576003.419849937,1475284.92627736,106879.863078016)
(-606267.789223793,1451159.27464853,192919.935414723)
(-670045.97593088,1410974.49866795,338245.125779131)
(-797381.212310588,1349361.58802533,606321.465817137)
(-1036118.37723173,1258556.36396598,1113923.56886851)
(-1430031.92214801,1128489.62747012,2035158.89142207)
(-1942096.11771392,946557.357865372,3528370.05942094)
(-2700157.42452889,693019.625060512,5893175.68080636)
(-3471585.63406265,369903.327953744,9184395.96704416)
(0,0,0)
(0,0,0)
(0,0,0)
(0,0,0)
(0,0,0)
(0,0,0)
(-872352.08388937,2322098.78605436,36812.9527498767)
(-883023.350945997,2312369.88911021,82751.3408630327)
(-910193.918774705,2291401.60681057,152702.927475701)
(-968435.930796946,2255528.8063174,276584.550623191)
(-1086687.77701333,2197184.29822454,515449.617437306)
(-1310984.63476228,2101253.01746096,983737.598704603)
(-1680649.01816066,1939844.0669265,1853032.17740889)
(-2146257.04705967,1671271.07334287,3274575.50899106)
(-2852511.81500573,1250434.49232615,5569672.45673108)
(-3555632.07203911,681275.198365913,8813932.6583581)
(0,0,0)
(0,0,0)
(0,0,0)
(0,0,0)
(0,0,0)
(0,0,0)
(-1436234.27089712,3731287.58347919,27045.4734722963)
(-1444782.14817086,3722464.67322869,61732.8375246834)
(-1466689.77133065,3703044.09153411,116780.124131809)
(-1514047.20898485,3668198.32657643,218157.812857621)
(-1611208.93330091,3607128.29404062,419422.750342444)
(-1797650.57799518,3496060.97037364,822265.375424942)
(-2107204.84957496,3284967.20164894,1584347.09027746)
(-2484151.65921186,2886252.07986428,2853517.74296793)
(-3129156.13017606,2232939.98766009,5000168.37781005)
(-3716365.17291969,1265672.61559603,8132136.13349956)
(0,0,0)
(0,0,0)
(0,0,0)
(0,0,0)
(0,0,0)
(0,0,0)
(-2380380.95640103,6093486.71129586,18181.8285843366)
(-2386231.69099706,6084697.52443931,42180.6683707976)
(-2401133.39511859,6064551.85721153,81806.2978119283)
(-2432968.22169388,6025972.53176227,157000.314319962)
(-2497128.12023204,5952952.71921332,308304.009379297)
(-2617775.64524341,5810985.70549613,611154.919500205)
(-2820414.34233887,5530892.2663521,1185644.19713592)
(-3121505.02825069,4993279.60547658,2200121.69977433)
(-3639355.05564556,4039661.30384783,4032755.43923208)
(-3996682.65166966,2428885.66358148,6866225.04291631)
(0,0,0)
(0,0,0)
(0,0,0)
(0,0,0)
(0,0,0)
(0,0,0)
(-3324180.09004862,9408423.00422938,9243.79711512427)
(-3327117.11681419,9399341.13930747,21717.2990611629)
(-3334522.33556496,9377884.53938045,42906.9524572258)
(-3350159.00381973,9335253.49915673,83784.9888825227)
(-3381209.15518981,9251686.879205,166259.984080691)
(-3439309.58346345,9085531.93429333,331023.33874696)
(-3540725.08019928,8754571.97748761,648068.70781072)
(-3711620.651844,8106464.86485209,1246504.10027917)
(-3995774.57847476,6859899.24641899,2422040.73618274)
(-4024131.52385016,4437666.39690119,4437391.52671319)
(0,0,0)
(0,0,0)
(0,0,0)
(0,0,0)
(0,0,0)
(0,0,0)
(0,0,0)
(0,0,0)
(0,0,0)
(0,0,0)
(0,0,0)
(0,0,0)
(0,0,0)
(0,0,0)
(0,0,0)
(0,0,0)
(0,0,0)
(0,0,0)
(0,0,0)
(0,0,0)
(0,0,0)
(0,0,0)
(0,0,0)
(0,0,0)
(0,0,0)
(0,0,0)
(0,0,0)
(0,0,0)
(0,0,0)
(0,0,0)
(0,0,0)
(0,0,0)
(0,0,0)
(0,0,0)
(0,0,0)
(0,0,0)
(0,0,0)
(0,0,0)
(0,0,0)
(0,0,0)
(0,0,0)
(0,0,0)
(0,0,0)
(0,0,0)
(0,0,0)
(0,0,0)
(0,0,0)
(0,0,0)
(0,0,0)
(0,0,0)
(0,0,0)
(0,0,0)
(0,0,0)
(0,0,0)
(0,0,0)
(0,0,0)
(0,0,0)
(0,0,0)
(0,0,0)
(0,0,0)
(0,0,0)
(0,0,0)
(0,0,0)
(0,0,0)
(0,0,0)
(0,0,0)
(0,0,0)
(0,0,0)
(0,0,0)
(0,0,0)
(0,0,0)
(0,0,0)
(0,0,0)
(0,0,0)
(0,0,0)
(0,0,0)
(0,0,0)
(0,0,0)
(0,0,0)
(0,0,0)
(0,0,0)
(0,0,0)
(0,0,0)
(0,0,0)
(0,0,0)
(0,0,0)
(0,0,0)
(0,0,0)
(0,0,0)
(0,0,0)
(0,0,0)
(0,0,0)
(0,0,0)
(0,0,0)
(0,0,0)
(0,0,0)
(0,0,0)
(0,0,0)
(0,0,0)
(0,0,0)
(0,0,0)
(0,0,0)
(31209734.6686539,99902.3325793135,86764.9879612158)
(31189332.1979041,95151.1961824571,186520.567168975)
(31142476.9328123,85065.5020409287,315047.567322863)
(31055032.4759075,68662.6259127007,494237.976810144)
(30899314.3174884,45582.3053057985,756277.148643599)
(30622314.7648329,17943.5087780189,1150716.2764011)
(30114197.8613928,-6864.33767727662,1766244.74414929)
(29110111.6338232,-17800.5315182152,2833286.06653648)
(26844424.8294432,-14773.8193344002,5222662.60346003)
(20691414.4268273,-7229.6820169942,12818083.7917735)
(0,0,0)
(0,0,0)
(0,0,0)
(0,0,0)
(0,0,0)
(0,0,0)
(31188954.5045133,213129.175358062,82045.2276511207)
(31168523.6705518,204186.432472299,176441.207817561)
(31121245.4538361,184932.445175346,298654.31809057)
(31032137.6498049,152931.518693749,471128.309618963)
(30872144.2201309,106220.076725449,728611.855772704)
(30587361.3129514,47235.0630473452,1125851.25657619)
(30071480.086572,-9070.26970285179,1755206.11662814)
(29071547.8368699,-33103.3351103917,2836203.53933666)
(26820461.2064298,-24783.9349550952,5230053.86347317)
(20680937.5822986,-10582.4605614669,12825206.996488)
(0,0,0)
(0,0,0)
(0,0,0)
(0,0,0)
(0,0,0)
(0,0,0)
(31141969.135737,354490.469679406,73103.247813025)
(31121446.5977881,342573.793602553,157197.03360748)
(31073236.3856931,316571.574635871,266711.280065108)
(30980212.4686242,272246.466328141,424403.258070581)
(30809106.6117912,204275.440993796,669533.630299752)
(30500979.1425569,111365.644358833,1069402.04007362)
(29955555.9533058,12659.4275305525,1730999.73920647)
(28965129.9167679,-29334.5450197469,2844322.93181152)
(26758587.9062198,-14158.2465857597,5243975.80967152)
(20655288.5979739,-768.851161179322,12835564.758646)
(0,0,0)
(0,0,0)
(0,0,0)
(0,0,0)
(0,0,0)
(0,0,0)
(31055526.7680758,542386.486360806,61166.1357418282)
(31035010.2004579,529386.011603225,131191.575311917)
(30985646.9803583,500923.440209615,222375.271769591)
(30886521.579652,451783.917264816,356383.516772993)
(30694977.817483,373905.016521665,576510.767332502)
(30334084.539872,259656.710106781,970555.9251778)
(29697917.7019228,120919.363148008,1688817.99205614)
(28722933.3442272,53114.4447380993,2859220.78491379)
(26633564.3139861,58497.4369004156,5256933.70111162)
(20607288.2686929,41320.0092163664,12835929.2836563)
(0,0,0)
(0,0,0)
(0,0,0)
(0,0,0)
(0,0,0)
(0,0,0)
(30903171.5869461,802650.575136282,48134.8839201689)
(30883114.835492,790577.765026837,102689.384729757)
(30833513.1310915,764508.100186122,173178.019495831)
(30729214.8248799,720493.417510166,278420.37541854)
(30514338.7424887,652992.178500124,462121.493136312)
(30074359.3555653,558579.412295795,831670.733797256)
(29234764.5986447,447100.21373948,1620850.87917632)
(28273913.3376413,349435.515632483,2864334.90939409)
(26437635.4757774,255484.062714048,5239300.53820524)
(20535909.6327262,138068.217181526,12794095.2372555)
(0,0,0)
(0,0,0)
(0,0,0)
(0,0,0)
(0,0,0)
(0,0,0)
(30631955.4547616,1178159.56826132,36104.3144962391)
(30613289.0497624,1168241.07814753,76664.5107400073)
(30566044.9154553,1147215.76254945,129160.122674486)
(30463676.2354726,1112581.59053339,210865.717224704)
(30246371.6016634,1060055.45034171,367565.61038598)
(29793830.6945985,983714.811414966,719997.118413368)
(28943656.192854,877938.967184609,1522986.22894307)
(28025265.7422303,742450.176954771,2770125.68665333)
(26270808.0720246,540690.253853227,5121469.97793744)
(20454059.4100846,285894.751044616,12655514.3789039)
(0,0,0)
(0,0,0)
(0,0,0)
(0,0,0)
(0,0,0)
(0,0,0)
(30128984.3757642,1758145.1400252,26193.9475594449)
(30112726.9535006,1750550.5369632,55650.1632740394)
(30070873.9909922,1734847.74639399,94466.2486395525)
(29977993.5429363,1709863.03977985,158271.304636749)
(29775435.5467647,1672616.10150478,291103.30867251)
(29342758.2830281,1614559.60541197,614031.575861876)
(28518263.7197829,1513288.72946896,1387285.05461076)
(27689458.422887,1333396.09134884,2568139.64924693)
(26023695.1793698,973827.654554636,4866311.2331467)
(20314366.8845247,520572.99834141,12369150.008263)
(0,0,0)
(0,0,0)
(0,0,0)
(0,0,0)
(0,0,0)
(0,0,0)
(29123892.9984498,2786992.43850432,18541.4111508733)
(29111056.146338,2780893.14505718,39876.4875249475)
(29077718.0281424,2768452.72322143,69379.6902012843)
(29002716.9163646,2749108.45618451,120886.127424129)
(28835875.9496887,2721052.24981084,232881.075105138)
(28468895.5916746,2675797.50946587,512612.980358435)
(27747316.8350396,2571650.5819292,1207245.42226041)
(27206812.1105411,2248832.51092709,2208361.21190597)
(25525124.9967442,1722676.16636642,4412747.55215069)
(19990995.8866033,985312.515790809,11848162.9541552)
(0,0,0)
(0,0,0)
(0,0,0)
(0,0,0)
(0,0,0)
(0,0,0)
(26852328.1785368,5149431.17005019,12368.1124931032)
(26843682.5403106,5143551.77822457,27311.2269949322)
(26821408.670496,5130839.17895134,49898.684627294)
(26772382.081806,5108451.57925301,92721.2370357661)
(26667997.82544,5068564.92378358,187598.596367811)
(26455505.5115463,4989165.58212396,408465.345896808)
(26072447.490176,4810324.96126281,884445.113025189)
(25534217.8662379,4402948.51483055,1682122.19361002)
(24014659.6102907,3683060.8176861,3675238.85533093)
(19007389.8496417,2401332.89388752,10862661.9548996)
(0,0,0)
(0,0,0)
(0,0,0)
(0,0,0)
(0,0,0)
(0,0,0)
(20694275.0738605,12732155.2623353,6336.72278262101)
(20689974.6402301,12725976.335106,14336.3878336672)
(20679044.7485041,12711876.0700483,27248.3916445095)
(20655503.4291591,12684888.3020055,52665.2148901846)
(20606997.7498391,12632408.6058045,108130.60681734)
(20511518.7250463,12524393.7265389,229590.132869484)
(20334718.174235,12294872.7839901,477115.034684761)
(19996029.083517,11817690.1761952,962239.616935923)
(19008140.3105168,10855343.1021926,2393558.42241471)
(15455310.7065737,8461592.22538339,8461372.83947174)
(0,0,0)
(0,0,0)
(0,0,0)
(0,0,0)
(0,0,0)
(0,0,0)
(0,0,0)
(0,0,0)
(0,0,0)
(0,0,0)
(0,0,0)
(0,0,0)
(0,0,0)
(0,0,0)
(0,0,0)
(0,0,0)
(0,0,0)
(0,0,0)
(0,0,0)
(0,0,0)
(0,0,0)
(0,0,0)
(0,0,0)
(0,0,0)
(0,0,0)
(0,0,0)
(0,0,0)
(0,0,0)
(0,0,0)
(0,0,0)
(0,0,0)
(0,0,0)
(0,0,0)
(0,0,0)
(0,0,0)
(0,0,0)
(0,0,0)
(0,0,0)
(0,0,0)
(0,0,0)
(0,0,0)
(0,0,0)
(0,0,0)
(0,0,0)
(0,0,0)
(0,0,0)
(0,0,0)
(0,0,0)
(0,0,0)
(0,0,0)
(0,0,0)
(0,0,0)
(0,0,0)
(0,0,0)
(0,0,0)
(0,0,0)
(0,0,0)
(0,0,0)
(0,0,0)
(0,0,0)
(0,0,0)
(0,0,0)
(0,0,0)
(0,0,0)
(0,0,0)
(0,0,0)
(0,0,0)
(0,0,0)
(0,0,0)
(0,0,0)
(0,0,0)
(0,0,0)
(0,0,0)
(0,0,0)
(0,0,0)
(0,0,0)
(0,0,0)
(0,0,0)
(0,0,0)
(0,0,0)
(0,0,0)
(0,0,0)
(0,0,0)
(0,0,0)
(0,0,0)
(0,0,0)
(0,0,0)
(0,0,0)
(0,0,0)
(0,0,0)
(0,0,0)
(0,0,0)
(0,0,0)
(0,0,0)
(0,0,0)
(0,0,0)
(0,0,0)
(0,0,0)
(0,0,0)
(0,0,0)
(0,0,0)
(0,0,0)
(-543241.739203933,79057.1407031198,66403.2881778383)
(-565779.279820538,74260.1192461743,139738.667679407)
(-616669.062238073,63753.4987823211,227615.184970648)
(-709132.58485336,45720.8348504453,338543.431904203)
(-867369.603118897,18394.1394426772,479317.234092057)
(-1131418.7885908,-16999.7391314171,642534.54767039)
(-1563184.94284385,-49586.4298277806,761987.802758007)
(-2246458.59745537,-56328.500560752,567370.555620534)
(-3226202.71572779,-38715.3900889413,-930802.488096445)
(-3954810.09286529,-17724.1553039445,-7874369.79207656)
(0,0,0)
(0,0,0)
(0,0,0)
(0,0,0)
(0,0,0)
(0,0,0)
(-567042.389727249,165893.358100579,61644.6978662138)
(-589193.355968021,156882.240362135,129223.624293214)
(-639567.09207278,136721.784574256,209551.905433329)
(-732130.669502929,100871.670974198,311153.409640614)
(-892776.745127454,43101.3919570122,443851.143407758)
(-1163990.79662327,-39184.2559114059,609871.790785531)
(-1605848.06366775,-125008.764650932,755106.296871503)
(-2282529.86512479,-139500.087391365,584839.606720005)
(-3244303.42959507,-86645.9560127579,-909981.17030804)
(-3961210.24932037,-36263.0671824712,-7856810.40578733)
(0,0,0)
(0,0,0)
(0,0,0)
(0,0,0)
(0,0,0)
(0,0,0)
(-620045.027804982,267757.013115569,52634.529550187)
(-641477.329823169,255877.258465348,109047.460081324)
(-690936.499241996,228733.723988674,173692.426625135)
(-784403.50704386,178360.705376088,253303.388914392)
(-953389.273309588,90003.9341138705,361380.752881494)
(-1252563.67420537,-55616.8061213064,523840.140876789)
(-1748511.54377386,-245002.392548741,740385.28687739)
(-2407424.48311995,-271529.730545269,637453.350942165)
(-3299088.53030562,-139172.263018504,-859859.88450342)
(-3978761.96262884,-48790.7021423095,-7820797.66791774)
(0,0,0)
(0,0,0)
(0,0,0)
(0,0,0)
(0,0,0)
(0,0,0)
(-714798.793564632,389857.516438516,40709.0793406105)
(-735121.12619664,377336.384835225,81865.3006484209)
(-783156.671404823,348634.286018036,123252.411405347)
(-878544.789432482,294329.073687388,164834.433201717)
(-1066378.923097,193124.11723082,215555.011687859)
(-1447584.79940938,-160.498405806195,334252.064276914)
(-2191714.30015315,-342254.419551697,713620.114378926)
(-2816093.59569868,-395899.575813691,769500.920596431)
(-3436301.19985875,-137430.704343154,-769891.103210789)
(-4016393.90432537,-30077.9622996828,-7772437.64901212)
(0,0,0)
(0,0,0)
(0,0,0)
(0,0,0)
(0,0,0)
(0,0,0)
(-874103.012319869,531463.468946032,28152.6677815985)
(-892771.180324358,520733.286752082,53125.802704317)
(-938110.847805244,496999.495147637,68868.5934945433)
(-1033496.53466476,454906.801486136,63486.2462636728)
(-1243570.96113617,384975.737201459,22028.3509410653)
(-1781294.1179041,278069.708284591,-8064.36125680443)
(-3538886.01333907,156064.06271617,659751.789482235)
(-4198282.39077587,100846.267466181,1027685.69564265)
(-3705354.14779986,88703.284282948,-662974.648382958)
(-4078065.65839114,56262.0994363837,-7742855.3979784)
(0,0,0)
(0,0,0)
(0,0,0)
(0,0,0)
(0,0,0)
(0,0,0)
(-1136832.26241741,675244.864110691,17490.3430375746)
(-1153165.81309062,667710.69965165,29451.8140142335)
(-1193799.546267,652030.486997474,26749.304909799)
(-1282497.46749205,626857.033865674,-6543.20348200524)
(-1486707.65800985,589081.961383151,-85086.1469672996)
(-2023063.62416429,532655.849861173,-130293.948757873)
(-3695042.12329804,452606.285122628,604346.166010846)
(-4299056.57574267,406684.125727012,1015314.64674618)
(-3830505.41936267,293615.089634305,-695799.646194741)
(-4139678.9473736,146243.273416359,-7799558.44169326)
(0,0,0)
(0,0,0)
(0,0,0)
(0,0,0)
(0,0,0)
(0,0,0)
(-1566283.37120517,753003.749859762,9992.88224340204)
(-1579732.73456615,748829.436326696,13817.8546582464)
(-1613907.04692438,741597.419943862,1515.98065146647)
(-1691199.14253924,734460.541374829,-44410.8203590512)
(-1878649.68842754,732926.191599957,-141685.794360459)
(-2403853.55162192,740622.924574727,-210557.013400727)
(-4147806.02763814,742312.856349973,558290.183816179)
(-4705923.34810589,850744.153457497,902095.948101697)
(-4019922.55946149,475294.812011531,-843482.014420949)
(-4241443.23953597,197244.356669945,-7946188.95259077)
(0,0,0)
(0,0,0)
(0,0,0)
(0,0,0)
(0,0,0)
(0,0,0)
(-2251622.8137284,515247.13613376,5756.44692727995)
(-2261753.23263257,513325.981947805,6553.30129983255)
(-2287837.21561928,511902.356108819,-5712.37008026114)
(-2348442.02063295,518487.255189292,-46096.1258741249)
(-2503525.47196954,552918.743445765,-134203.235038372)
(-2985337.92364061,662204.730669417,-209067.5047948)
(-4890134.94432722,896595.470604735,666585.681340494)
(-3985929.2790494,576088.020531912,526467.224879754)
(-4170906.13113849,212075.343535058,-1121798.15773781)
(-4398976.02498093,1640.17841302243,-8143738.04687346)
(0,0,0)
(0,0,0)
(0,0,0)
(0,0,0)
(0,0,0)
(0,0,0)
(-3234588.21916557,-1009106.6994587,3754.25431801205)
(-3241159.06262229,-1010636.55798597,5042.41820780179)
(-3257863.26770214,-1012050.45436876,751.187906655328)
(-3295096.7440097,-1008985.31755398,-11813.3925112259)
(-3380490.68592283,-992955.035597243,-24967.0810822041)
(-3584772.81608973,-955327.463474835,25327.4617212495)
(-4031330.35052501,-927905.308100495,346090.10215062)
(-4177803.71325349,-1135677.17206419,162360.895261221)
(-4562205.613598,-1323822.60312442,-1332391.91316745)
(-4634412.64214904,-1150941.8643984,-8145523.3575421)
(0,0,0)
(0,0,0)
(0,0,0)
(0,0,0)
(0,0,0)
(0,0,0)
(-3961212.41800195,-7963208.47238922,2073.28581607766)
(-3964419.94553231,-7965114.57097257,3429.90558823396)
(-3972418.6823567,-7968335.57117685,3662.47428030645)
(-3989612.40911663,-7971798.50781197,4075.52383704707)
(-4026291.24358641,-7975710.91115573,12604.4138441499)
(-4103236.9391627,-7988222.00986879,52738.6454702551)
(-4245394.37299356,-8040920.78940014,138350.695021668)
(-4403687.57845846,-8179344.34208167,-25781.4519622808)
(-4635817.65645288,-8153675.71031471,-1159486.35677915)
(-4473767.90839911,-6994340.32936224,-6994525.25581928)
(0,0,0)
(0,0,0)
(0,0,0)
(0,0,0)
(0,0,0)
(0,0,0)
(0,0,0)
(0,0,0)
(0,0,0)
(0,0,0)
(0,0,0)
(0,0,0)
(0,0,0)
(0,0,0)
(0,0,0)
(0,0,0)
(0,0,0)
(0,0,0)
(0,0,0)
(0,0,0)
(0,0,0)
(0,0,0)
(0,0,0)
(0,0,0)
(0,0,0)
(0,0,0)
(0,0,0)
(0,0,0)
(0,0,0)
(0,0,0)
(0,0,0)
(0,0,0)
(0,0,0)
(0,0,0)
(0,0,0)
(0,0,0)
(0,0,0)
(0,0,0)
(0,0,0)
(0,0,0)
(0,0,0)
(0,0,0)
(0,0,0)
(0,0,0)
(0,0,0)
(0,0,0)
(0,0,0)
(0,0,0)
(0,0,0)
(0,0,0)
(0,0,0)
(0,0,0)
(0,0,0)
(0,0,0)
(0,0,0)
(0,0,0)
(0,0,0)
(0,0,0)
(0,0,0)
(0,0,0)
(0,0,0)
(0,0,0)
(0,0,0)
(0,0,0)
(0,0,0)
(0,0,0)
(0,0,0)
(0,0,0)
(0,0,0)
(0,0,0)
(0,0,0)
(0,0,0)
(0,0,0)
(0,0,0)
(0,0,0)
(0,0,0)
(0,0,0)
(0,0,0)
(0,0,0)
(0,0,0)
(0,0,0)
(0,0,0)
(0,0,0)
(0,0,0)
(0,0,0)
(0,0,0)
(0,0,0)
(0,0,0)
(0,0,0)
(0,0,0)
(0,0,0)
(0,0,0)
(0,0,0)
(0,0,0)
(0,0,0)
(0,0,0)
(0,0,0)
(0,0,0)
(0,0,0)
(0,0,0)
(0,0,0)
(0,0,0)
(-642419.609555725,55212.8372276931,43965.0331241006)
(-661565.202077185,50802.0021700573,88948.953210694)
(-703672.231300808,40828.6801943381,135123.442079093)
(-776998.383884511,22743.6992321823,180245.541878061)
(-895360.011373438,-6962.25469992035,215198.204832527)
(-1077315.97950935,-49505.8728249587,210601.268576039)
(-1338802.6146391,-92214.0603963104,78433.0007676029)
(-1662975.50798329,-92338.0478756588,-412712.040828821)
(-1922247.08702663,-56766.1218686935,-1659901.54766127)
(-1670358.47045229,-24115.9796957561,-3920237.19037851)
(0,0,0)
(0,0,0)
(0,0,0)
(0,0,0)
(0,0,0)
(0,0,0)
(-664090.513061966,112681.247865746,39579.7126966617)
(-682149.307654903,104407.596161286,78930.070392315)
(-721924.866018341,85176.5898711027,116939.934661115)
(-791367.222393715,48503.9767169226,150416.210067158)
(-904312.106127769,-17532.5306694415,172521.847036994)
(-1081013.77333798,-127749.739310958,167788.690237717)
(-1340784.50538358,-267640.846109618,78151.9176668539)
(-1655131.08964122,-264323.444474269,-377261.461218104)
(-1909544.70225578,-141411.637540161,-1627374.67288593)
(-1662554.02232153,-53844.3167577068,-3896302.56282287)
(0,0,0)
(0,0,0)
(0,0,0)
(0,0,0)
(0,0,0)
(0,0,0)
(-711412.984257741,172756.023785855,31293.1805326536)
(-727406.92186759,161991.536308084,59638.8324302721)
(-762538.474358568,136262.04464987,80155.3527680746)
(-823981.272935358,84030.798436237,84206.2969402629)
(-925670.05748826,-23096.6512381022,62051.2016875943)
(-1095180.162942,-250714.77688136,27632.72799462)
(-1381469.92970593,-688224.227306878,81174.4951239478)
(-1655792.10084268,-680182.615291185,-254598.716336418)
(-1878666.20227581,-276395.550288818,-1540037.13161757)
(-1643442.72791578,-86460.8694255737,-3842739.81366275)
(0,0,0)
(0,0,0)
(0,0,0)
(0,0,0)
(0,0,0)
(0,0,0)
(-792947.198254811,230414.490219998,20489.9382560434)
(-806051.025745303,219546.560922558,33864.813190238)
(-834354.12407436,193503.11519952,27821.1953101293)
(-882813.51348338,139205.662734663,-23084.9449373994)
(-962567.919519041,15806.3950036333,-165798.994757094)
(-1119998.00477208,-333979.795404444,-410120.770871317)
(-1689511.60513746,-1689473.03017178,88925.336977884)
(-1778141.57618788,-1778088.00671869,148878.7088946)
(-1806848.99690427,-406492.338622043,-1350476.70572667)
(-1604852.56521755,-91782.3653183691,-3756696.54894169)
(0,0,0)
(0,0,0)
(0,0,0)
(0,0,0)
(0,0,0)
(0,0,0)
(-922032.419782454,268750.867117368,9593.03056521498)
(-931731.916956715,260307.059031741,7793.26908839019)
(-951520.187534688,241268.915907107,-26563.1918897518)
(-980079.739526405,205862.40362157,-146636.727915012)
(-1000392.21627237,141798.315746225,-515807.393521411)
(-901505.36393096,36291.6696237357,-1765867.61252274)
(3.46061214189047e-05,9.22849870207599e-06,-2.26692178117091e-05)
(530.938759916514,122.38604496836,1520152.23197894)
(-1519101.80982614,-36404.4940870317,-1036187.95052981)
(-1535327.38859385,-5328.67279399501,-3665379.91285149)
(0,0,0)
(0,0,0)
(0,0,0)
(0,0,0)
(0,0,0)
(0,0,0)
(-1115141.74705152,245847.059788788,1213.29196268824)
(-1121587.50727658,241136.231944135,-11194.1867637504)
(-1133591.24646791,231878.248675758,-62011.8193315007)
(-1145921.82973067,218091.28034745,-210816.333818767)
(-1131254.8820611,197067.057663217,-621537.851684515)
(-957700.540626284,151838.592639134,-1802447.85823792)
(3.12947404930084e-05,1.11080624285617e-05,-1.64807415268519e-05)
(493.233692619509,-115.189868676389,1483419.7986166)
(-1482312.62536517,104251.460538504,-1005428.95000642)
(-1534550.16478597,44518.7166866614,-3660405.12207465)
(0,0,0)
(0,0,0)
(0,0,0)
(0,0,0)
(0,0,0)
(0,0,0)
(-1384636.26616556,67626.8235890734,-3426.8688398947)
(-1388364.95637538,66720.5768442608,-20378.9919308037)
(-1394081.92675924,67524.7666187655,-75850.6300389378)
(-1394044.97198317,77046.4577078723,-231959.977955426)
(-1354401.06942474,107856.275516695,-666997.8148117)
(-1123381.31502999,158988.169221116,-1954619.6279856)
(8.54834489543693e-05,-3.16486306233961e-05,-2.39163855937414e-05)
(588.786258611246,1570702.74285808,1587786.97291528)
(-1586827.61308552,324303.325585041,-1065359.83850722)
(-1596801.76917856,39714.7656213237,-3705197.35779929)
(0,0,0)
(0,0,0)
(0,0,0)
(0,0,0)
(0,0,0)
(0,0,0)
(-1711746.73181916,-467890.243733471,-4359.01458669966)
(-1713538.40082616,-466291.500025319,-19561.7695235341)
(-1715085.38238467,-458395.727082343,-66393.1090570395)
(-1707994.25468672,-428504.490463156,-201289.926832251)
(-1656458.13174552,-324391.05447997,-616109.937059621)
(-1391003.36907502,62499.0866972331,-2113955.40910133)
(477.613092257829,1755210.30149516,1570648.55777328)
(-1569926.53766212,384065.702181121,341282.857062947)
(-1975826.8908958,-179348.677636471,-1350144.37995823)
(-1730393.38658825,-233862.53405394,-3745149.71867565)
(0,0,0)
(0,0,0)
(0,0,0)
(0,0,0)
(0,0,0)
(0,0,0)
(-1963493.484524,-1736160.45800953,-2824.5203654883)
(-1964229.98961301,-1734335.36305759,-11709.730342493)
(-1964275.48121811,-1727098.16292704,-36595.0809818006)
(-1958840.43609401,-1704036.32241498,-97319.5569456812)
(-1933587.49828999,-1639294.32347501,-229319.475583489)
(-1855953.092439,-1474317.95285047,-421322.159686519)
(-1754488.14271985,-1142442.31053861,199488.244542087)
(-2010099.85181498,-1361929.60290821,-222220.311807083)
(-2161312.1984395,-1397676.5827925,-1404785.82180954)
(-1771261.08178759,-990419.274654173,-3511380.64157077)
(0,0,0)
(0,0,0)
(0,0,0)
(0,0,0)
(0,0,0)
(0,0,0)
(-1693604.86979788,-4002643.4760741,-1124.53013950549)
(-1693896.69642858,-4001381.29127843,-4601.8510224107)
(-1693822.4871927,-3996667.79758786,-13628.4115255858)
(-1691648.05801935,-3982944.07127553,-32685.0137622827)
(-1683690.83057626,-3950186.23591387,-64393.514333573)
(-1666668.47975853,-3885783.10917376,-89496.8174144699)
(-1661060.55961259,-3796244.53122784,-20028.4101061808)
(-1751379.89835156,-3776245.48127597,-258020.211845302)
(-1775720.6144562,-3518264.46846784,-997529.368166634)
(-1419965.67534486,-2520826.73264975,-2520924.1432253)
(0,0,0)
(0,0,0)
(0,0,0)
(0,0,0)
(0,0,0)
(0,0,0)
(0,0,0)
(0,0,0)
(0,0,0)
(0,0,0)
(0,0,0)
(0,0,0)
(0,0,0)
(0,0,0)
(0,0,0)
(0,0,0)
(0,0,0)
(0,0,0)
(0,0,0)
(0,0,0)
(0,0,0)
(0,0,0)
(0,0,0)
(0,0,0)
(0,0,0)
(0,0,0)
(0,0,0)
(0,0,0)
(0,0,0)
(0,0,0)
(0,0,0)
(0,0,0)
(0,0,0)
(0,0,0)
(0,0,0)
(0,0,0)
(0,0,0)
(0,0,0)
(0,0,0)
(0,0,0)
(0,0,0)
(0,0,0)
(0,0,0)
(0,0,0)
(0,0,0)
(0,0,0)
(0,0,0)
(0,0,0)
(0,0,0)
(0,0,0)
(0,0,0)
(0,0,0)
(0,0,0)
(0,0,0)
(0,0,0)
(0,0,0)
(0,0,0)
(0,0,0)
(0,0,0)
(0,0,0)
(0,0,0)
(0,0,0)
(0,0,0)
(0,0,0)
(0,0,0)
(0,0,0)
(0,0,0)
(0,0,0)
(0,0,0)
(0,0,0)
(0,0,0)
(0,0,0)
(0,0,0)
(0,0,0)
(0,0,0)
(0,0,0)
(0,0,0)
(0,0,0)
(0,0,0)
(0,0,0)
(0,0,0)
(0,0,0)
(0,0,0)
(0,0,0)
(0,0,0)
(0,0,0)
(0,0,0)
(0,0,0)
(0,0,0)
(0,0,0)
(0,0,0)
(0,0,0)
(0,0,0)
(0,0,0)
(0,0,0)
(0,0,0)
(0,0,0)
(0,0,0)
(0,0,0)
(0,0,0)
(0,0,0)
(0,0,0)
(-700887.483945357,33576.1505901188,24891.7237995105)
(-713838.48169705,30244.2809168872,46920.7225024875)
(-741145.841078133,22605.3392138552,61788.9930659562)
(-785505.288861,8431.84797572401,61864.0500667218)
(-850725.772306889,-15887.479740203,33117.2907403707)
(-939860.04679379,-53217.0730110718,-51121.5689641206)
(-1049623.54646131,-94227.500599685,-246073.136542228)
(-1152168.26495192,-84487.8235096515,-672392.556063949)
(-1142073.77672619,-44012.6222458125,-1408553.24411858)
(-812181.271331191,-16257.3720555022,-2250473.07118413)
(0,0,0)
(0,0,0)
(0,0,0)
(0,0,0)
(0,0,0)
(0,0,0)
(-717400.053096192,65323.5981951963,21562.0924291452)
(-728702.421279259,59134.6469798031,39224.8399905855)
(-752097.889887675,44526.1753535646,47477.0277202099)
(-788714.916488319,15858.6792961255,37397.8904944165)
(-839552.755473039,-38914.2046262349,-4334.73527428358)
(-904383.584440855,-141928.455176229,-92253.5420062586)
(-982428.886234805,-308316.278231171,-236520.383523544)
(-1079172.38392742,-264933.828164523,-632033.084582471)
(-1094219.32915119,-110491.815498354,-1380879.26443452)
(-790647.485685835,-34698.9315840326,-2234344.24154168)
(0,0,0)
(0,0,0)
(0,0,0)
(0,0,0)
(0,0,0)
(0,0,0)
(-752560.931121409,91152.4104409836,15319.1346178795)
(-760779.385574795,83301.3412355767,24524.904069316)
(-776506.017054052,64366.5138207824,18652.1082975857)
(-797005.264563937,25107.3285660328,-17572.5493437418)
(-814489.121268937,-60064.3149356684,-107603.375253629)
(-810218.691897723,-275570.06784693,-258923.233627197)
(-758969.975149358,-996273.559690294,-193465.906724642)
(-833852.365758997,-802498.449820861,-477841.020151987)
(-957194.856892718,-204529.039485892,-1305275.14154756)
(-735706.357646439,-47845.564130023,-2199864.87927092)
(0,0,0)
(0,0,0)
(0,0,0)
(0,0,0)
(0,0,0)
(0,0,0)
(-810604.960830727,101376.025186473,7434.14783042393)
(-814761.438125019,93911.7124053798,5534.18904033231)
(-820089.926301278,76341.5023101833,-20704.9972221478)
(-817421.41367036,41917.7312427404,-102907.499711876)
(-780167.66950949,-22026.0239612041,-323346.0406959)
(-623497.780097687,-115526.80838575,-979889.52483147)
(1.62418322746454e-05,1.76971046763333e-06,-7.41356986488579e-06)
(188.301427174103,576.191726442929,119797.012308049)
(-623978.130364977,-118706.91846415,-1148895.97525298)
(-627059.961666036,-22223.0965389311,-2152311.04639561)
(0,0,0)
(0,0,0)
(0,0,0)
(0,0,0)
(0,0,0)
(0,0,0)
(-896294.740891898,75690.1334963071,-51.7872003872739)
(-896329.980921567,70510.2156680661,-12052.226498224)
(-891307.035997655,59265.5167650185,-55189.3924900931)
(-866420.34891019,40055.5964372419,-166986.648300811)
(-783294.031890578,10923.9471952164,-417034.803839014)
(-549545.769171164,-19937.1921285336,-864584.014856013)
(-2.0199585716871e-06,1.06005846226787e-06,3.99933027600679e-05)
(3.70820172922359e-05,2.09079000385671e-06,6.03594805868025e-07)
(102.219296721166,422.941528098178,-1052819.06644478)
(-475421.974360123,-4490.55641033781,-2130457.02080707)
(0,0,0)
(0,0,0)
(0,0,0)
(0,0,0)
(0,0,0)
(0,0,0)
(-1010609.46803353,-23640.894874321,-5201.25064736221)
(-1007395.10221327,-25636.4456567783,-23246.9943858305)
(-994539.531054946,-28615.1759318648,-74418.0171019058)
(-953995.945744086,-30075.3050251525,-196212.999626097)
(-842273.797586459,-26174.0878594135,-448096.049046097)
(-566868.276574673,-13940.9555401918,-844924.549686041)
(5.53806217442691e-07,3.19584998286497e-06,3.13070873193851e-05)
(2.79820521568643e-05,6.84007349193735e-06,-1.40317513172174e-06)
(184.707099025319,-201.836479537738,-1058056.01290899)
(-453219.153204793,-17653.863916321,-2126223.7169842)
(0,0,0)
(0,0,0)
(0,0,0)
(0,0,0)
(0,0,0)
(0,0,0)
(-1141632.17057573,-259495.481435346,-7149.50902880633)
(-1136536.21641939,-258487.815351641,-26126.8792899205)
(-1119378.7170154,-253566.853420887,-75878.411544753)
(-1070546.05065643,-237038.20225522,-192414.435641419)
(-942521.042581231,-194392.252283499,-436076.298060848)
(-633246.400917575,-108883.006057435,-831269.161656032)
(4.7407299466902e-06,4.94036814642507e-05,3.73893437484533e-05)
(4.87508535172491e-05,-3.80412326990384e-06,-8.96841351261281e-07)
(571.423382189515,-64748.7438379307,-1075660.66045166)
(-487480.20804699,-93889.3822625224,-2108746.70323701)
(0,0,0)
(0,0,0)
(0,0,0)
(0,0,0)
(0,0,0)
(0,0,0)
(-1245365.49665747,-719709.87701461,-6166.83958242829)
(-1239952.57668084,-717095.92721052,-21144.55186888)
(-1222673.10488568,-707787.126566456,-59336.5562223066)
(-1174859.72287723,-679649.110183944,-149860.180103066)
(-1048079.39774594,-601858.628716328,-350772.537669808)
(-725338.134026513,-402750.673341715,-722570.105434041)
(5.94512759612005e-05,-6.37056152402009e-06,-4.31502985016195e-07)
(354.277942500253,-56313.3447359621,-64876.8442830234)
(-635539.524092613,-364951.036852974,-1104961.91807117)
(-639397.17798566,-274804.172423626,-2015043.33651267)
(0,0,0)
(0,0,0)
(0,0,0)
(0,0,0)
(0,0,0)
(0,0,0)
(-1213081.89012131,-1466527.9660505,-3593.50536679795)
(-1208825.67185693,-1464280.11032801,-11813.6400053948)
(-1195694.94154356,-1456975.41723181,-31205.889014588)
(-1160320.85735158,-1437229.77982042,-72144.7981205423)
(-1066015.72457955,-1389810.4058343,-151764.794713001)
(-805063.099148929,-1285445.51026586,-319959.951078918)
(652.57657494675,-1049382.22901546,-56280.5464916789)
(-645612.127928328,-1103469.51109283,-373612.104021468)
(-872757.6290141,-1012228.18687992,-1014889.52341992)
(-681490.838873189,-639191.825758723,-1740272.11299922)
(0,0,0)
(0,0,0)
(0,0,0)
(0,0,0)
(0,0,0)
(0,0,0)
(-849384.486292539,-2309342.36943452,-1405.98012131942)
(-847169.517489029,-2307861.72296716,-4551.54642173216)
(-840560.527695831,-2303289.48867336,-11499.4344770775)
(-823837.51595962,-2291768.66282423,-24771.0935330044)
(-783853.117187606,-2267015.49450441,-47403.7182515427)
(-695904.51379227,-2219674.90844048,-83938.2860431876)
(-548304.314600959,-2135666.99849068,-110409.761579621)
(-657604.299164276,-2025204.82343712,-282450.048422617)
(-685814.445182178,-1742731.90347719,-641852.501099388)
(-499012.984051555,-1100955.18582339,-1101041.83232804)
(0,0,0)
(0,0,0)
(0,0,0)
(0,0,0)
(0,0,0)
(0,0,0)
(0,0,0)
(0,0,0)
(0,0,0)
(0,0,0)
(0,0,0)
(0,0,0)
(0,0,0)
(0,0,0)
(0,0,0)
(0,0,0)
(0,0,0)
(0,0,0)
(0,0,0)
(0,0,0)
(0,0,0)
(0,0,0)
(0,0,0)
(0,0,0)
(0,0,0)
(0,0,0)
(0,0,0)
(0,0,0)
(0,0,0)
(0,0,0)
(0,0,0)
(0,0,0)
(0,0,0)
(0,0,0)
(0,0,0)
(0,0,0)
(0,0,0)
(0,0,0)
(0,0,0)
(0,0,0)
(0,0,0)
(0,0,0)
(0,0,0)
(0,0,0)
(0,0,0)
(0,0,0)
(0,0,0)
(0,0,0)
(0,0,0)
(0,0,0)
(0,0,0)
(0,0,0)
(0,0,0)
(0,0,0)
(0,0,0)
(0,0,0)
(0,0,0)
(0,0,0)
(0,0,0)
(0,0,0)
(0,0,0)
(0,0,0)
(0,0,0)
(0,0,0)
(0,0,0)
(0,0,0)
(0,0,0)
(0,0,0)
(0,0,0)
(0,0,0)
(0,0,0)
(0,0,0)
(0,0,0)
(0,0,0)
(0,0,0)
(0,0,0)
(0,0,0)
(0,0,0)
(0,0,0)
(0,0,0)
(0,0,0)
(0,0,0)
(0,0,0)
(0,0,0)
(0,0,0)
(0,0,0)
(0,0,0)
(0,0,0)
(0,0,0)
(0,0,0)
(0,0,0)
(0,0,0)
(0,0,0)
(0,0,0)
(0,0,0)
(0,0,0)
(0,0,0)
(0,0,0)
(0,0,0)
(0,0,0)
(0,0,0)
(0,0,0)
(-730022.30122342,17151.4636899099,11983.353588162)
(-736953.378648464,15456.7194383899,19641.531101187)
(-750559.321948339,11708.9472353839,17346.0647360069)
(-769950.723226173,5273.97209798526,-3482.47299680527)
(-793277.648961062,-4716.85599802461,-56213.7403446129)
(-817106.084770619,-17796.620460484,-161171.081907298)
(-834693.915468087,-27108.8908904672,-348991.822010055)
(-826954.327735779,-11548.1488299949,-662657.610396199)
(-729476.41607267,3820.34569044687,-1079075.31674015)
(-457788.890019321,5282.07503128655,-1438749.77308334)
(0,0,0)
(0,0,0)
(0,0,0)
(0,0,0)
(0,0,0)
(0,0,0)
(-740680.226262297,30169.8315745489,10261.8052814709)
(-745929.432228567,27082.6903874803,15862.8452816876)
(-755442.25779998,20104.8415020108,10811.3189273654)
(-766609.280452973,7537.62172433321,-13557.9667343327)
(-774587.919000683,-13880.9435122619,-69358.7156924492)
(-773154.321670362,-47790.4785903852,-170594.120333044)
(-761635.790968073,-84893.9916162574,-333602.114873978)
(-757294.313129043,-19646.0460458443,-647382.288456504)
(-686603.330897505,26490.1917252912,-1077668.13274503)
(-439089.319711241,20197.7762704857,-1444141.99995882)
(0,0,0)
(0,0,0)
(0,0,0)
(0,0,0)
(0,0,0)
(0,0,0)
(-762538.113092894,33076.0406781482,7070.97286788887)
(-764693.110055953,29277.8131579064,8789.57457862058)
(-766372.283993493,20665.5275284761,-1904.84450840339)
(-760794.964182906,4569.93652347351,-35147.45968858)
(-734184.410292766,-25832.9212890541,-103500.19288796)
(-664635.94579222,-88897.4341589676,-207975.983424886)
(-545813.256895302,-237369.103628291,-268657.589666908)
(-552257.565636151,31543.8015023185,-601442.237337915)
(-576747.69917003,128700.151712013,-1084099.35504733)
(-395808.224932052,60754.4989319018,-1464554.21042312)
(0,0,0)
(0,0,0)
(0,0,0)
(0,0,0)
(0,0,0)
(0,0,0)
(-796504.416304962,15727.841136189,3247.65501619254)
(-794736.08258267,12372.4851919259,127.627439825265)
(-786314.111168257,5124.12288066658,-18106.783045389)
(-758159.204376775,-7079.96080502201,-65719.0950104771)
(-679779.680371295,-25140.9797635876,-166799.025674137)
(-480938.875632089,-41578.0408124283,-356677.323486274)
(1.34505356053486e-05,1.1198519396045e-06,2.65953486566807e-06)
(349.960131385584,408.723666169965,-504567.308570865)
(-352941.619868797,505373.872285458,-1152277.53964049)
(-322380.165512805,129389.184884404,-1525592.02174623)
(0,0,0)
(0,0,0)
(0,0,0)
(0,0,0)
(0,0,0)
(0,0,0)
(-841883.438853228,-38575.949603988,-107.511298491075)
(-836481.891776284,-40469.1328341528,-7113.982417695)
(-819059.882748269,-43870.5174392141,-30366.495347201)
(-772498.35578713,-47453.6419716753,-83914.8073036081)
(-660908.432890248,-48031.2603130983,-183410.125754428)
(-422043.293439425,-37247.5999520266,-315243.04234657)
(-1.98747395754311e-06,2.05619920649762e-07,1.64877214018421e-06)
(3.22565121877266e-05,-6.21828317751753e-07,7.19532830685213e-06)
(171.491618441878,504.360548364164,-1528590.10253288)
(-237027.957246013,17722.7202827555,-1655317.65504533)
(0,0,0)
(0,0,0)
(0,0,0)
(0,0,0)
(0,0,0)
(0,0,0)
(-892559.553955812,-154633.543510933,-1992.32017077434)
(-884714.85649923,-154708.531493593,-10433.1672253739)
(-861562.416163855,-153358.739804564,-33922.0597511182)
(-804277.987032004,-146557.065923585,-84536.5945112863)
(-675612.285640549,-126426.653789825,-172802.712980472)
(-418320.7091822,-80352.0462477946,-278245.83407718)
(3.00489815441339e-07,1.32851330885759e-06,-2.5538519372621e-11)
(2.34801665075498e-05,-6.14159103592722e-07,4.49419089663642e-06)
(-48.0594736587051,192.968243828742,-1511689.6811931)
(-222018.54501865,-51883.845776067,-1673283.72332041)
(0,0,0)
(0,0,0)
(0,0,0)
(0,0,0)
(0,0,0)
(0,0,0)
(-931076.090118156,-363140.822804644,-2048.80116386739)
(-922441.029776817,-361861.016329018,-8991.50297102439)
(-897776.404797951,-356856.139685186,-27096.4153078472)
(-838381.396911961,-341356.564323553,-64461.5706523517)
(-706533.979822647,-299996.235628618,-126879.051572144)
(-441299.244301482,-201063.661221643,-198114.593214388)
(3.75041569074515e-06,3.20698623812669e-06,-3.01635188344632e-11)
(4.16876319854631e-05,-3.08293906997192e-07,6.75732617167184e-06)
(149.312354374779,-700963.983359266,-1563986.61691629)
(-235969.789849493,-245843.190362896,-1621537.69052698)
(0,0,0)
(0,0,0)
(0,0,0)
(0,0,0)
(0,0,0)
(0,0,0)
(-920362.530020612,-687381.317174404,-762.472267099237)
(-912637.490757064,-686019.14666031,-3919.42785957538)
(-890946.685879526,-680945.47295629,-11556.5135946278)
(-839323.770433789,-665298.601324594,-23150.4290370291)
(-723120.317658126,-620015.476675062,-28090.2680784014)
(-474567.82877882,-482748.004419825,2823.76987208756)
(5.39805451315628e-05,5.09601577476387e-06,4.12876361747328e-06)
(170.883185631481,-702546.033463811,-701029.54374465)
(-326246.848245588,-602292.988584787,-1108993.21436615)
(-301452.147664954,-316969.568012017,-1375811.86703774)
(0,0,0)
(0,0,0)
(0,0,0)
(0,0,0)
(0,0,0)
(0,0,0)
(-798121.420666745,-1102967.97369151,626.18706253453)
(-792627.284233845,-1102796.01565993,1204.66843906055)
(-777527.46445763,-1102021.4190483,4113.13744513491)
(-742662.90112076,-1100958.99674714,22115.5766368652)
(-665173.713476865,-1107899.62437538,109157.713234502)
(-487789.37472895,-1176566.44763387,485702.432028562)
(21.3129620427673,-1598660.48672098,-702725.758922797)
(-334356.697081546,-1115631.15962717,-600896.063606219)
(-426832.547338351,-825388.851850056,-823725.282016697)
(-306555.41342022,-456770.212892776,-1058860.06258892)
(0,0,0)
(0,0,0)
(0,0,0)
(0,0,0)
(0,0,0)
(0,0,0)
(-492980.054185807,-1460176.61162112,804.205822882444)
(-490228.3410894,-1460922.74739452,1989.76115784951)
(-482855.112272067,-1462919.58778593,5182.51447172003)
(-466670.41846848,-1468139.61924573,15196.0394791687)
(-433675.097287419,-1483418.94081596,40537.3360195758)
(-371505.98995541,-1524058.47174363,63630.8362924747)
(-275890.751853619,-1587659.38390361,-219783.829272234)
(-314502.201949112,-1367790.83103748,-310726.255077087)
(-309775.069688553,-1057043.03667266,-455111.445748096)
(-206826.470356133,-601990.89019706,-602077.282139235)
(0,0,0)
(0,0,0)
(0,0,0)
(0,0,0)
(0,0,0)
(0,0,0)
(0,0,0)
(0,0,0)
(0,0,0)
(0,0,0)
(0,0,0)
(0,0,0)
(0,0,0)
(0,0,0)
(0,0,0)
(0,0,0)
(0,0,0)
(0,0,0)
(0,0,0)
(0,0,0)
(0,0,0)
(0,0,0)
(0,0,0)
(0,0,0)
(0,0,0)
(0,0,0)
(0,0,0)
(0,0,0)
(0,0,0)
(0,0,0)
(0,0,0)
(0,0,0)
(0,0,0)
(0,0,0)
(0,0,0)
(0,0,0)
(0,0,0)
(0,0,0)
(0,0,0)
(0,0,0)
(0,0,0)
(0,0,0)
(0,0,0)
(0,0,0)
(0,0,0)
(0,0,0)
(0,0,0)
(0,0,0)
(0,0,0)
(0,0,0)
(0,0,0)
(0,0,0)
(0,0,0)
(0,0,0)
(0,0,0)
(0,0,0)
(0,0,0)
(0,0,0)
(0,0,0)
(0,0,0)
(0,0,0)
(0,0,0)
(0,0,0)
(0,0,0)
(0,0,0)
(0,0,0)
(0,0,0)
(0,0,0)
(0,0,0)
(0,0,0)
(0,0,0)
(0,0,0)
(0,0,0)
(0,0,0)
(0,0,0)
(0,0,0)
(0,0,0)
(0,0,0)
(0,0,0)
(0,0,0)
(0,0,0)
(0,0,0)
(0,0,0)
(0,0,0)
(0,0,0)
(0,0,0)
(0,0,0)
(0,0,0)
(0,0,0)
(0,0,0)
(0,0,0)
(0,0,0)
(0,0,0)
(0,0,0)
(0,0,0)
(0,0,0)
(0,0,0)
(0,0,0)
(0,0,0)
(0,0,0)
(0,0,0)
(0,0,0)
(-741768.709603914,6672.59472661098,5073.813653874)
(-744592.441693035,6617.05572466096,6095.82097378409)
(-749329.370081558,6909.34474792469,-2043.47564091981)
(-753755.430465018,8668.97999081482,-26907.7483928862)
(-754003.526423875,14005.3382895698,-80187.2092196376)
(-744583.260148263,26171.2198671648,-178881.253709157)
(-718104.777288813,45955.9353254854,-341426.327213914)
(-661075.757795108,58108.1824758891,-565413.079630475)
(-533893.528523246,46677.6779909635,-807673.645170863)
(-308147.637350597,23978.3039903256,-981293.201829913)
(0,0,0)
(0,0,0)
(0,0,0)
(0,0,0)
(0,0,0)
(0,0,0)
(-747401.096561286,8397.23793246933,4996.22709313042)
(-749081.61630296,8406.48026089096,6358.98663129492)
(-751057.136530627,9244.56455759739,-361.354447731313)
(-750090.492570097,13397.5288163554,-21608.6911561488)
(-740730.227762154,26579.6733695313,-68040.7174746416)
(-716592.710872422,60773.8385397492,-159204.946945166)
(-676414.565387773,130973.144939643,-329443.382139632)
(-637080.723609018,185403.864213619,-576952.653397397)
(-522778.230066631,136355.905016758,-830455.981254068)
(-303681.110180876,63498.7798001224,-1005384.66659423)
(0,0,0)
(0,0,0)
(0,0,0)
(0,0,0)
(0,0,0)
(0,0,0)
(-758160.185100271,-863.858854879226,4883.16879472389)
(-757741.813233472,-742.864793879397,7081.21702701103)
(-754446.174643474,738.55162871197,3661.12060587602)
(-742400.610468274,7216.99106238983,-8552.69535478754)
(-710732.545258661,28590.0333183062,-34014.9203376686)
(-643430.418009325,94818.0903305418,-89264.6999113535)
(-537297.861152261,308512.611276317,-275319.561991074)
(-600172.242975476,584189.302911197,-626190.323349331)
(-515702.456217957,352554.287054281,-903433.948338908)
(-300916.0604492,134199.1821996,-1069026.51522125)
(0,0,0)
(0,0,0)
(0,0,0)
(0,0,0)
(0,0,0)
(0,0,0)
(-772733.795535984,-29607.5744900807,4973.09486622105)
(-769679.963650196,-29321.004513337,8495.11565320168)
(-759598.357011942,-27525.5548434752,10043.4679690721)
(-732250.62404118,-21322.8670595177,12674.7457553857)
(-664329.271713164,-6205.16117141523,32019.5315869827)
(-495637.934784743,17341.3808808629,124195.300189315)
(1.16305186453007e-05,-7.9929679252089e-06,7.64000729744674e-06)
(-695686.995315602,112.99462292236,-858080.723158639)
(-594978.50452725,858494.939815054,-1121984.49126096)
(-321487.222593795,214765.642534161,-1203443.89451452)
(0,0,0)
(0,0,0)
(0,0,0)
(0,0,0)
(0,0,0)
(0,0,0)
(-787582.606742657,-89181.7919889038,5273.38538824912)
(-782190.906168636,-88620.8600990131,10282.2553662817)
(-766212.351881723,-86260.3171254452,16169.4867817047)
(-726151.677683141,-79132.8116154025,27632.7532336003)
(-632201.920057097,-62662.6444292894,55383.7236583191)
(-422568.493514148,-33474.6983809517,106725.002994858)
(-6.88345916876977e-06,-9.6895634812642e-07,-2.7341680010143e-06)
(2.26696803685742e-05,-4.14639518718328e-06,1.1132439287067e-05)
(-1084627.3440957,261.4911812373,-1766013.3308684)
(-402533.738875264,32751.1883930259,-1418493.09509802)
(0,0,0)
(0,0,0)
(0,0,0)
(0,0,0)
(0,0,0)
(0,0,0)
(-794624.219313929,-192990.991605236,5873.86497445098)
(-787951.52418842,-192266.345205423,12756.0177700564)
(-769037.929183093,-189389.356933381,23360.5705972293)
(-723642.360836849,-180503.04870913,44095.1814958006)
(-621329.749079944,-157267.805705714,84417.8062116242)
(-404057.965080106,-103302.28050465,139982.644233229)
(-6.05328133292073e-07,-6.39481225640529e-07,1.95667261374902e-12)
(1.60781743196505e-05,-5.57841840378813e-06,8.83401736117675e-06)
(-1027513.98314752,379.715886025923,-1733801.79377689)
(-405776.648212943,-65825.6053344795,-1451466.8968551)
(0,0,0)
(0,0,0)
(0,0,0)
(0,0,0)
(0,0,0)
(0,0,0)
(-778496.034640423,-352215.335625745,6644.28854278181)
(-771917.040779406,-351895.90747422,15749.861814167)
(-753811.883126852,-349921.991235715,32317.9744454036)
(-711668.461744845,-342228.519835934,67330.5104050915)
(-618184.092904911,-316542.858794839,138255.676576481)
(-415106.444105977,-234323.305932809,243083.901809131)
(1.98756115405448e-06,5.04582889204549e-07,-2.17089952440005e-12)
(2.1657608415576e-05,7.66302032765435e-07,1.36853009624338e-05)
(-1126633.62321734,-1027405.31903884,-1800238.23336175)
(-404937.803743553,-311354.358586643,-1385741.46621552)
(0,0,0)
(0,0,0)
(0,0,0)
(0,0,0)
(0,0,0)
(0,0,0)
(-714499.555847869,-565104.472045716,7026.16224723083)
(-709263.428464893,-566046.817680155,17803.0101609973)
(-695489.421711798,-567642.76535641,40066.5201139628)
(-665689.648925992,-568790.632225792,92994.5109960237)
(-604828.596665158,-562193.579708344,220353.510916557)
(-469786.551898713,-496047.869421194,477296.797524834)
(3.2684117908577e-05,1.37057717729546e-05,7.09884713694873e-06)
(-829037.336912976,-1037139.43099673,-1027556.58664598)
(-593943.711806159,-702958.301891802,-1084306.74023246)
(-300516.753348601,-322132.5663651,-1074463.92677035)
(0,0,0)
(0,0,0)
(0,0,0)
(0,0,0)
(0,0,0)
(0,0,0)
(-571463.952400452,-797923.319460459,6161.37914844911)
(-568191.784712343,-800570.673662292,16249.7356090852)
(-560291.772235767,-807550.406768347,38921.684799158)
(-546943.368111453,-825160.931804931,99572.4513689843)
(-537715.492180909,-876576.254293425,286496.904658113)
(-610356.620424697,-1060423.89084055,973440.171773208)
(-1262192.45576657,-1874667.82833038,-1037222.8399114)
(-619437.502934844,-1095827.44343827,-693454.021616555)
(-411324.180263675,-708386.514769635,-703534.175813405)
(-222804.662789057,-357058.552914357,-752358.939895305)
(0,0,0)
(0,0,0)
(0,0,0)
(0,0,0)
(0,0,0)
(0,0,0)
(-327177.260485594,-967295.445713467,3569.33255279497)
(-325653.379035591,-970878.949194717,9302.6460314158)
(-322185.469488004,-980244.587930053,21327.1844090553)
(-317052.793807277,-1001636.79999183,48185.4279347556)
(-314842.309639579,-1049913.06353914,102689.44953262)
(-335760.116238228,-1152684.77771016,159204.462685054)
(-421023.015778565,-1311879.76056817,-258451.341152213)
(-309364.829793134,-1053365.89813787,-306050.258608593)
(-224695.116019163,-747314.553846706,-352202.173200917)
(-125670.116465012,-395165.070765097,-395252.009241295)
(0,0,0)
(0,0,0)
(0,0,0)
(0,0,0)
(0,0,0)
(0,0,0)
(0,0,0)
(0,0,0)
(0,0,0)
(0,0,0)
(0,0,0)
(0,0,0)
(0,0,0)
(0,0,0)
(0,0,0)
(0,0,0)
(0,0,0)
(0,0,0)
(0,0,0)
(0,0,0)
(0,0,0)
(0,0,0)
(0,0,0)
(0,0,0)
(0,0,0)
(0,0,0)
(0,0,0)
(0,0,0)
(0,0,0)
(0,0,0)
(0,0,0)
(0,0,0)
(0,0,0)
(0,0,0)
(0,0,0)
(0,0,0)
(0,0,0)
(0,0,0)
(0,0,0)
(0,0,0)
(0,0,0)
(0,0,0)
(0,0,0)
(0,0,0)
(0,0,0)
(0,0,0)
(0,0,0)
(0,0,0)
(0,0,0)
(0,0,0)
(0,0,0)
(0,0,0)
(0,0,0)
(0,0,0)
(0,0,0)
(0,0,0)
(0,0,0)
(0,0,0)
(0,0,0)
(0,0,0)
(0,0,0)
(0,0,0)
(0,0,0)
(0,0,0)
(0,0,0)
(0,0,0)
(0,0,0)
(0,0,0)
(0,0,0)
(0,0,0)
(0,0,0)
(0,0,0)
(0,0,0)
(0,0,0)
(0,0,0)
(0,0,0)
(0,0,0)
(0,0,0)
(0,0,0)
(0,0,0)
(0,0,0)
(0,0,0)
(0,0,0)
(0,0,0)
(0,0,0)
(0,0,0)
(0,0,0)
(0,0,0)
(0,0,0)
(0,0,0)
(0,0,0)
(0,0,0)
(0,0,0)
(0,0,0)
(0,0,0)
(0,0,0)
(0,0,0)
(0,0,0)
(0,0,0)
(0,0,0)
(0,0,0)
(0,0,0)
(-745075.729589186,1145.14339860267,2161.87658667346)
(-745996.705668874,2225.72273940206,1340.41782310851)
(-746873.3469487,5275.98569323938,-6391.59100299434)
(-745446.373287574,12406.4466385098,-27107.0948189483)
(-737672.609911958,27374.0767254814,-70812.0880563467)
(-717226.272716675,54276.7112416583,-152445.786729598)
(-673771.098523707,87722.1307615475,-284501.59625625)
(-589292.201532341,82108.7524576518,-438393.904976664)
(-447931.478871809,57757.4496601552,-582113.404288261)
(-245320.090908096,28422.195879838,-673363.146610594)
(0,0,0)
(0,0,0)
(0,0,0)
(0,0,0)
(0,0,0)
(0,0,0)
(-747215.361893129,-2250.19256601921,3209.60129646335)
(-747833.535333463,-119.141216795343,4306.3842831661)
(-748127.829978311,6009.57782566622,643.485598425412)
(-746021.020701729,21189.0128002233,-12208.5524316557)
(-738310.394641336,56688.5847220404,-43942.893549032)
(-721216.305500542,134053.256904864,-119095.844584117)
(-687721.755851781,270177.935620159,-290244.458978722)
(-604659.205079185,222318.525502226,-462875.750553125)
(-459748.879647035,143435.762170896,-611583.413483459)
(-251223.071881055,66296.338336487,-701915.594239931)
(0,0,0)
(0,0,0)
(0,0,0)
(0,0,0)
(0,0,0)
(0,0,0)
(-750314.04475052,-15314.0491918199,5217.71627605024)
(-750395.738675074,-12539.9531437936,10292.4536446482)
(-749604.565142607,-4252.55597963488,15712.977949086)
(-746172.86204674,17493.7007360186,23180.5415917568)
(-739262.480528795,75097.9786008046,33301.0829831293)
(-735614.346818952,242702.617652186,16835.6510454334)
(-757881.498229689,845912.655416261,-338315.431673235)
(-662982.292777911,488755.639754184,-541942.496122755)
(-498710.893943093,273370.136505153,-688868.432731874)
(-268836.367746083,113674.67456841,-768326.461666912)
(0,0,0)
(0,0,0)
(0,0,0)
(0,0,0)
(0,0,0)
(0,0,0)
(-751678.783976632,-44322.1876425354,7953.12689136764)
(-751094.201610883,-41678.7349915538,18506.1466998202)
(-748822.902287509,-33928.1151727732,37406.2511685283)
(-743003.347842692,-15025.1042323284,80677.7799383813)
(-735370.194188235,26058.7084074173,200757.972606835)
(-762517.859135793,90489.4151745279,619851.099435541)
(-1124350.34110342,118.27949028384,-695684.164855918)
(-841026.4437125,695948.646429301,-757537.723134142)
(-599328.710450225,368927.894035056,-848745.274741069)
(-308169.655328459,133780.837222688,-882169.004660679)
(0,0,0)
(0,0,0)
(0,0,0)
(0,0,0)
(0,0,0)
(0,0,0)
(-746420.320857408,-96100.5473715953,10616.0738438147)
(-745243.17042537,-94233.4948417341,26223.0979507257)
(-741295.932484088,-88871.6205532568,56250.1839335716)
(-730137.099718641,-76415.157228173,121625.658964912)
(-697906.202953159,-51632.1888572153,265020.839125611)
(-581472.631718391,-14888.1974360862,529302.589940464)
(1.69871319869146e-05,-1.2543170185338e-05,-1.33565367885749e-05)
(-1112064.21461546,-140.683267270124,-1084794.80234343)
(-773702.418246706,57346.8881487906,-1084138.72230616)
(-366253.124234726,29523.688845721,-1016162.18856973)
(0,0,0)
(0,0,0)
(0,0,0)
(0,0,0)
(0,0,0)
(0,0,0)
(-726579.752421406,-176681.097433031,12536.0831689149)
(-725259.95246232,-176044.558490673,31655.5750917507)
(-721070.424002729,-173943.160986519,68759.6103446526)
(-709355.489814401,-168331.019011889,146388.601105922)
(-674169.337991174,-153996.375803214,301592.376963149)
(-546940.650363671,-114287.041571617,543873.906382243)
(1.13389109109599e-05,-1.69303215744737e-05,-9.45515220562156e-06)
(-1045501.8315752,86.7845653962,-1027475.08531987)
(-786729.417517898,-98741.4136507257,-1112171.34914998)
(-377559.977978176,-64998.7010640593,-1045865.62947497)
(0,0,0)
(0,0,0)
(0,0,0)
(0,0,0)
(0,0,0)
(0,0,0)
(-680404.625631633,-288022.896350846,13250.3899090245)
(-679506.371142697,-289077.337550635,33872.4993322731)
(-676877.099902803,-291459.870142925,74454.425264632)
(-670134.425021414,-296137.740807943,160727.11033725)
(-649514.833881084,-303091.141530115,341152.617040321)
(-557268.406644659,-288916.960254609,657944.498262004)
(1.63039425650357e-05,-2.06000105575941e-05,-1.25886505141881e-05)
(-1151933.75346759,-828835.923885542,-1126471.67142117)
(-778609.71322739,-494667.078292452,-1078569.9167694)
(-360619.232668105,-206939.109431159,-980948.079477748)
(0,0,0)
(0,0,0)
(0,0,0)
(0,0,0)
(0,0,0)
(0,0,0)
(-592748.083529475,-422075.765965524,12301.3972962786)
(-592607.164467416,-425011.284161979,31579.0799101471)
(-592712.442848558,-432505.665655145,69847.8965591208)
(-595671.46203673,-450110.185211933,153802.154073848)
(-614254.701853652,-495111.715834951,355248.833567186)
(-713696.285930441,-636575.192987961,946816.800332277)
(-1289038.79266633,-1261894.83253488,-828945.980744707)
(-867019.727607083,-827403.825793403,-792395.68814273)
(-569777.067915565,-520312.828341513,-790916.58198425)
(-279894.015511266,-244421.729771203,-774056.699481552)
(0,0,0)
(0,0,0)
(0,0,0)
(0,0,0)
(0,0,0)
(0,0,0)
(-449253.179786988,-553743.326922038,9456.78834304777)
(-449622.182014975,-558217.268172518,24093.1696562211)
(-451271.782050775,-569645.409658584,52212.9234746727)
(-458183.407701507,-595435.536201706,108778.314054504)
(-483979.047266872,-653843.393179736,213773.546485253)
(-568722.253921099,-785914.232724428,321478.21971812)
(-774612.785428797,-1033489.99013842,-394506.293016111)
(-570221.753714368,-785763.778721293,-485362.089308705)
(-380122.920329776,-521794.480099541,-515081.697484571)
(-192730.037441832,-259933.11628301,-529644.936319984)
(0,0,0)
(0,0,0)
(0,0,0)
(0,0,0)
(0,0,0)
(0,0,0)
(-245749.980687684,-640258.842242415,5088.23552246976)
(-246068.920647298,-645424.387220601,12710.8961822572)
(-247319.424211566,-658238.814238873,26438.2554861065)
(-251674.332151336,-684769.606814947,50393.8644434094)
(-264745.413421589,-735267.545059216,81721.1201049004)
(-296794.348514606,-817048.266775343,73889.386432194)
(-342887.721621331,-890928.109168543,-146807.788694927)
(-276428.426883738,-744090.00655775,-221417.963767869)
(-192035.047678506,-522660.911631694,-253211.600576374)
(-99692.9016228156,-269496.195957258,-269625.735744324)
(0,0,0)
(0,0,0)
(0,0,0)
(0,0,0)
(0,0,0)
(0,0,0)
(0,0,0)
(0,0,0)
(0,0,0)
(0,0,0)
(0,0,0)
(0,0,0)
(0,0,0)
(0,0,0)
(0,0,0)
(0,0,0)
(0,0,0)
(0,0,0)
(0,0,0)
(0,0,0)
(0,0,0)
(0,0,0)
(0,0,0)
(0,0,0)
(0,0,0)
(0,0,0)
(0,0,0)
(0,0,0)
(0,0,0)
(0,0,0)
(0,0,0)
(0,0,0)
(0,0,0)
(0,0,0)
(0,0,0)
(0,0,0)
(0,0,0)
(0,0,0)
(0,0,0)
(0,0,0)
(0,0,0)
(0,0,0)
(0,0,0)
(0,0,0)
(0,0,0)
(0,0,0)
(0,0,0)
(0,0,0)
(0,0,0)
(0,0,0)
(0,0,0)
(0,0,0)
(0,0,0)
(0,0,0)
(0,0,0)
(0,0,0)
(0,0,0)
(0,0,0)
(0,0,0)
(0,0,0)
(0,0,0)
(0,0,0)
(0,0,0)
(0,0,0)
(0,0,0)
(0,0,0)
(0,0,0)
(0,0,0)
(0,0,0)
(0,0,0)
(0,0,0)
(0,0,0)
(0,0,0)
(0,0,0)
(0,0,0)
(0,0,0)
(0,0,0)
(0,0,0)
(0,0,0)
(0,0,0)
(0,0,0)
(0,0,0)
(0,0,0)
(0,0,0)
(0,0,0)
(0,0,0)
(0,0,0)
(0,0,0)
(0,0,0)
(0,0,0)
(0,0,0)
(0,0,0)
(0,0,0)
(0,0,0)
(0,0,0)
(0,0,0)
(0,0,0)
(0,0,0)
(0,0,0)
(0,0,0)
(0,0,0)
(0,0,0)
(-745292.315224817,-895.332595104786,1111.91823073205)
(-745697.491069952,470.523114925607,342.180516886539)
(-745648.238810949,4104.00145784934,-4986.92907870614)
(-743008.415683987,11925.5005362262,-19350.3872185256)
(-733440.394746909,26879.4323740903,-50462.0347576688)
(-709077.420040595,50454.4988915316,-109065.386325275)
(-656707.603963275,73902.6999498001,-200031.580835509)
(-559053.854421098,66800.5282149748,-297070.456161721)
(-411334.941718251,45945.8161006944,-379612.809415981)
(-219203.441952938,22501.4492194121,-428230.907590548)
(0,0,0)
(0,0,0)
(0,0,0)
(0,0,0)
(0,0,0)
(0,0,0)
(-745392.847226507,-5190.73383310145,2472.88657137584)
(-746273.093466532,-2535.89066134548,3918.85848071122)
(-747559.817933348,4681.20691012439,2773.64098347284)
(-748009.057306266,21158.2779561647,-4471.09983192636)
(-744880.468269687,55895.7780875406,-26917.371917025)
(-731853.843047079,119845.358051727,-85670.6935306825)
(-692407.364742315,200153.660699426,-207236.045389773)
(-591076.767286981,164036.867950044,-318054.822917048)
(-433173.177571522,104496.976940106,-403181.685831971)
(-229794.72636841,48724.0777312797,-450832.659856485)
(0,0,0)
(0,0,0)
(0,0,0)
(0,0,0)
(0,0,0)
(0,0,0)
(-744015.324585989,-16543.3282131878,5053.87421555446)
(-745824.821382914,-13085.7710833912,11032.8373454412)
(-749775.315929649,-3301.43733713103,19186.2323797383)
(-756841.300059753,20825.484325871,30187.4640230415)
(-769301.362926186,79151.936118805,36970.1883891647)
(-789304.542699841,215966.686856852,-5460.94453507374)
(-799267.748452606,479563.972924279,-243485.006537005)
(-675422.756241336,310760.635164824,-377768.310288366)
(-485681.538107416,172802.986933613,-459103.676117547)
(-253913.925404173,74365.95951446,-499668.000242634)
(0,0,0)
(0,0,0)
(0,0,0)
(0,0,0)
(0,0,0)
(0,0,0)
(-737710.02740117,-38989.150358046,8477.06556939752)
(-740753.206027586,-35713.7700774743,20764.0689801829)
(-748381.487414334,-26256.837241811,43278.0540116864)
(-765333.68594625,-1991.58673579285,88425.4631769153)
(-805129.912145191,63667.178021366,173669.939231314)
(-902514.375610056,271635.062957706,257998.079604727)
(-1098927.17896353,1124574.26834669,-412435.377957565)
(-851709.137300362,424939.996385884,-515932.045590759)
(-579310.859945874,194579.219411421,-557726.128572922)
(-293057.65803331,75716.6244913507,-574188.790844961)
(0,0,0)
(0,0,0)
(0,0,0)
(0,0,0)
(0,0,0)
(0,0,0)
(-720981.503157333,-76187.2493653279,11759.2813072046)
(-725222.155030334,-74154.7930433561,30179.288878052)
(-736377.159011497,-68496.0638759828,67499.7420396361)
(-763168.314584955,-55441.4734544363,153980.843624593)
(-834035.740298076,-27723.7864214488,381501.345412325)
(-1058778.76370983,19646.1156448888,1110796.42471659)
(-1953940.36093602,-555.685217559235,-1112194.57793955)
(-1119114.27030752,66293.6260852987,-746498.151946896)
(-693130.351566261,44293.9393705722,-676784.938586499)
(-335496.171642132,18220.612481193,-650045.87916894)
(0,0,0)
(0,0,0)
(0,0,0)
(0,0,0)
(0,0,0)
(0,0,0)
(-686313.044783216,-130296.737423205,13842.7804196876)
(-691361.878349381,-130072.15614393,35862.0694073241)
(-704786.500526255,-129498.586276727,80580.6683315922)
(-737006.768051158,-128870.882817227,181661.355931138)
(-819836.075440238,-129144.256239792,428748.563198541)
(-1064517.68717843,-124496.57748932,1090468.29314751)
(-1912975.19229342,47.5089190407066,-1045412.99891671)
(-1149691.96719737,-106277.004947895,-768652.232261335)
(-717495.28800398,-90591.3546186888,-703001.067785994)
(-345928.25410355,-48046.3231617617,-668365.856017663)
(0,0,0)
(0,0,0)
(0,0,0)
(0,0,0)
(0,0,0)
(0,0,0)
(-624691.498543041,-200152.954818044,14143.0903062482)
(-629977.154151735,-201957.889025554,36499.6061969133)
(-644050.228103287,-207071.642466048,81245.7905867184)
(-677593.204368401,-221501.855969071,181335.543085556)
(-762919.30905101,-267668.693212536,433264.455228224)
(-1018252.80657497,-445142.063506613,1214894.34117583)
(-1989502.49000653,-1288646.41893802,-1151810.33466211)
(-1113220.0837848,-543742.292246312,-753058.717046488)
(-675937.450458046,-285766.106729872,-660556.227704648)
(-322641.239478791,-126198.007473397,-620382.536582325)
(0,0,0)
(0,0,0)
(0,0,0)
(0,0,0)
(0,0,0)
(0,0,0)
(-526748.008379784,-278574.340560938,12421.3105932031)
(-531561.540009958,-282005.420174451,31423.2172846405)
(-544175.091793294,-291046.732651244,66860.9564145743)
(-572859.559235464,-312626.100357975,135173.298002212)
(-637652.756351108,-364813.010034454,255715.669321584)
(-782939.475177902,-491508.127779103,371324.92284153)
(-1052162.75967953,-747266.358944598,-406931.170138685)
(-792123.04514371,-530465.593650453,-495104.551197923)
(-519002.154096951,-330623.752388415,-501021.819358003)
(-255657.036059196,-157276.645478632,-494180.160804824)
(0,0,0)
(0,0,0)
(0,0,0)
(0,0,0)
(0,0,0)
(0,0,0)
(-386478.092522289,-350411.920291566,9062.49246593125)
(-390086.255866279,-354837.465079251,22358.6112220329)
(-399366.362557564,-365837.258037868,45243.7171154469)
(-419467.018458435,-389040.603550715,82941.8310651132)
(-460116.764352271,-434687.948379607,128954.486495664)
(-532781.965173052,-513991.605996054,115497.675964568)
(-614509.014180467,-601713.829711375,-190158.624516991)
(-503597.439455589,-491944.424325646,-295304.108100575)
(-344604.6023907,-333717.41649828,-327728.761929779)
(-173915.042658416,-166904.322233755,-336916.079958074)
(0,0,0)
(0,0,0)
(0,0,0)
(0,0,0)
(0,0,0)
(0,0,0)
(-206045.878158356,-394846.381425458,4730.35860456255)
(-207927.430299972,-399641.941409963,11393.3445879493)
(-212731.076976294,-411107.458941415,22075.1982562244)
(-222683.891713421,-433279.372275049,37323.5265426408)
(-241030.337720785,-470716.127680149,49636.6301423768)
(-268514.610521736,-520388.907943573,27754.1940970229)
(-288328.411298986,-548135.615873484,-80383.3300632152)
(-243940.371328227,-467732.115913249,-137083.694031121)
(-171286.721586129,-330637.591525474,-160911.845096304)
(-87795.7152432785,-169765.493675173,-169947.860034423)
(0,0,0)
(0,0,0)
(0,0,0)
(0,0,0)
(0,0,0)
(0,0,0)
(0,0,0)
(0,0,0)
(0,0,0)
(0,0,0)
(0,0,0)
(0,0,0)
(0,0,0)
(0,0,0)
(0,0,0)
(0,0,0)
(0,0,0)
(0,0,0)
(0,0,0)
(0,0,0)
(0,0,0)
(0,0,0)
(0,0,0)
(0,0,0)
(0,0,0)
(0,0,0)
(0,0,0)
(0,0,0)
(0,0,0)
(0,0,0)
(0,0,0)
(0,0,0)
(0,0,0)
(0,0,0)
(0,0,0)
(0,0,0)
(0,0,0)
(0,0,0)
(0,0,0)
(0,0,0)
(0,0,0)
(0,0,0)
(0,0,0)
(0,0,0)
(0,0,0)
(0,0,0)
(0,0,0)
(0,0,0)
(0,0,0)
(0,0,0)
(0,0,0)
(0,0,0)
(0,0,0)
(0,0,0)
(0,0,0)
(0,0,0)
(0,0,0)
(0,0,0)
(0,0,0)
(0,0,0)
(0,0,0)
(0,0,0)
(0,0,0)
(0,0,0)
(0,0,0)
(0,0,0)
(0,0,0)
(0,0,0)
(0,0,0)
(0,0,0)
(0,0,0)
(0,0,0)
(0,0,0)
(0,0,0)
(0,0,0)
(0,0,0)
(0,0,0)
(0,0,0)
(0,0,0)
(0,0,0)
(0,0,0)
(0,0,0)
(0,0,0)
(0,0,0)
(0,0,0)
(0,0,0)
(0,0,0)
(0,0,0)
(0,0,0)
(0,0,0)
(0,0,0)
(0,0,0)
(0,0,0)
(0,0,0)
(0,0,0)
(0,0,0)
(0,0,0)
(0,0,0)
(0,0,0)
(0,0,0)
(0,0,0)
(0,0,0)
(-744912.586608297,-911.963779990348,532.235163468989)
(-745313.443126336,-20.707212102452,168.894431957865)
(-745305.187524177,2279.48125606182,-2453.6381108774)
(-742660.114829811,7028.72481072317,-9830.6637757765)
(-732668.106594392,15577.192846505,-26180.1447747937)
(-706303.479450086,27839.9031893217,-56793.9885546248)
(-649402.379408062,38336.4215858758,-102435.634695718)
(-546872.3229737,34833.3278454699,-149450.493988587)
(-397266.10574941,24107.0131420893,-187626.343099513)
(-209452.470142762,11875.7451608081,-209253.060070501)
(0,0,0)
(0,0,0)
(0,0,0)
(0,0,0)
(0,0,0)
(0,0,0)
(-744138.261275689,-3603.47658477913,1436.926853971)
(-745433.572694315,-1879.63184043462,2456.33071008637)
(-747738.577522088,2658.98193006039,2255.58962482929)
(-749874.702948889,12521.0058987168,-1371.04582054392)
(-748407.024902429,31706.4330147018,-13973.729355998)
(-734301.624295229,62638.9172670709,-46324.9621855978)
(-687886.148625034,93485.1189191358,-105994.875636138)
(-581791.500401264,79813.095238273,-160259.909914658)
(-421419.963709312,52041.5961988609,-199947.706833637)
(-221321.591020965,24648.9431911517,-221194.040211422)
(0,0,0)
(0,0,0)
(0,0,0)
(0,0,0)
(0,0,0)
(0,0,0)
(-740734.057499321,-10016.4079839367,3131.66431248933)
(-743750.890090357,-7775.8790191549,6953.98019865436)
(-750590.39789931,-1648.38393631606,12076.4280346933)
(-762608.351070006,12608.1724681844,17756.3124754813)
(-780338.020249398,43565.6939821127,16933.7088312867)
(-797185.908920712,102954.246501334,-15500.2541821041)
(-781584.607545506,180028.298432907,-119726.574602977)
(-661756.547959665,134548.182618515,-188127.870264886)
(-473546.165497303,79216.9276035463,-227438.57427969)
(-246031.751428381,35243.7277802896,-245915.532844618)
(0,0,0)
(0,0,0)
(0,0,0)
(0,0,0)
(0,0,0)
(0,0,0)
(-730989.805619993,-22090.5663853672,5353.93662025312)
(-736257.741934372,-19973.1812080674,13055.7747159491)
(-749247.052745622,-14032.5842915837,26305.540402505)
(-775513.677358994,419.809036009657,48673.8952474211)
(-824157.904818199,34985.2251206105,76282.3567819301)
(-900364.655078364,115551.59010556,61535.2926460144)
(-961795.731556655,269692.782489915,-165260.638817874)
(-796453.555756253,157599.849210825,-243567.886954291)
(-552884.481158749,80750.8422807173,-271528.180418592)
(-281343.728581073,33253.0835845152,-281251.465675053)
(0,0,0)
(0,0,0)
(0,0,0)
(0,0,0)
(0,0,0)
(0,0,0)
(-709145.734889507,-41382.7177136865,7456.38306049338)
(-716560.768807365,-40121.5429836197,18943.3586130757)
(-735477.497379827,-36698.1461432536,40709.2588330782)
(-776168.943238785,-29045.8953856701,83175.591908587)
(-859341.740965795,-13299.7792561318,156766.596953046)
(-1016095.14534106,14040.3476794098,215594.221010422)
(-1231637.22644645,40408.7147665686,-277424.845755809)
(-954140.161665169,35733.5009345621,-320532.606121882)
(-633674.361303043,19916.0075759849,-319153.761680371)
(-314588.271484095,7780.24646055205,-314588.824714439)
(0,0,0)
(0,0,0)
(0,0,0)
(0,0,0)
(0,0,0)
(0,0,0)
(-668007.05912897,-68421.6709446037,8732.96757666853)
(-676701.457926206,-68408.7597874696,22359.7639573444)
(-699040.285635487,-68460.8078938251,48376.2108171434)
(-747391.261476528,-69178.551751978,98893.3606088195)
(-846267.677663515,-71999.2321989881,184024.415774955)
(-1030259.28536173,-78078.0927510624,241884.454388725)
(-1272107.32783416,-76411.3808546707,-282163.314449283)
(-989925.510082891,-69762.9962621778,-336433.274367021)
(-653616.219248809,-49020.8730873223,-331375.462458891)
(-322355.858383911,-24758.1171427702,-322409.494575211)
(0,0,0)
(0,0,0)
(0,0,0)
(0,0,0)
(0,0,0)
(0,0,0)
(-599906.185955255,-102003.172921442,8796.18938904946)
(-608647.044304488,-103294.037672961,22351.3574272949)
(-630938.83371314,-106919.443102778,47698.5982461003)
(-678570.720284596,-116524.070228879,96021.6326391974)
(-774550.931880643,-142194.512194223,177848.535464063)
(-952344.114366801,-209633.116480835,243494.866985663)
(-1195772.98827884,-351110.653033078,-275535.362563592)
(-920257.118807178,-222546.017294224,-315715.306509167)
(-604685.171630345,-128810.309067482,-307178.149356712)
(-297643.749062312,-59233.0198496171,-297700.737066346)
(0,0,0)
(0,0,0)
(0,0,0)
(0,0,0)
(0,0,0)
(0,0,0)
(-498105.529671948,-138206.818856722,7561.1672274443)
(-505624.062470113,-140422.716109843,18752.368124483)
(-524330.897448994,-146150.727485454,38139.4581628605)
(-562402.033378226,-159169.877646313,70327.7397230576)
(-632652.462901235,-187211.353094065,110344.287173031)
(-742933.086896484,-241277.264242817,101982.046653591)
(-844833.535541852,-309497.995932409,-146959.834584758)
(-697831.087735457,-241832.445407852,-221965.36387937)
(-475942.361886619,-156213.801502581,-237621.663654607)
(-238438.268237453,-75592.2213537069,-238481.229972258)
(0,0,0)
(0,0,0)
(0,0,0)
(0,0,0)
(0,0,0)
(0,0,0)
(-359986.06944914,-170114.593839509,5415.75190963602)
(-365325.626745675,-172800.668500465,13033.0751796555)
(-378308.940800106,-179302.271833565,25127.1977703067)
(-403416.366879985,-192349.568452218,42256.2369977605)
(-445631.110899542,-215664.980952313,56224.2114032785)
(-501794.101407091,-249745.410021605,33704.4934161057)
(-535465.454200365,-275513.106329157,-79323.9561672522)
(-456121.274127264,-232254.298101586,-136378.268801845)
(-319767.356768417,-160391.328353628,-157037.987573083)
(-162824.103030597,-80802.3095565419,-162918.838998068)
(0,0,0)
(0,0,0)
(0,0,0)
(0,0,0)
(0,0,0)
(0,0,0)
(-189712.828719024,-189246.549013354,2798.90573451321)
(-192411.037641197,-192077.688998134,6559.53357340713)
(-198938.764464856,-198655.814829341,12120.7640577454)
(-211045.591216898,-210832.222675614,18965.1177846183)
(-229975.04072636,-229873.042318841,22117.8821567198)
(-252050.505280591,-251998.99844264,7907.36533661143)
(-259960.528342097,-259906.184349304,-36067.4396001297)
(-223897.020561902,-223852.490711614,-64512.5977564287)
(-159389.936022079,-159370.705995183,-77430.005678924)
(-81995.7721705067,-81963.9281272079,-82068.3301810293)
(0,0,0)
(0,0,0)
(0,0,0)
(0,0,0)
(0,0,0)
(0,0,0)
(0,0,0)
(0,0,0)
(0,0,0)
(0,0,0)
(0,0,0)
(0,0,0)
(0,0,0)
(0,0,0)
(0,0,0)
(0,0,0)
(0,0,0)
(0,0,0)
(0,0,0)
(0,0,0)
(0,0,0)
(0,0,0)
(0,0,0)
(0,0,0)
(0,0,0)
(0,0,0)
(0,0,0)
(0,0,0)
(0,0,0)
(0,0,0)
(0,0,0)
(0,0,0)
(0,0,0)
(0,0,0)
(0,0,0)
(0,0,0)
(0,0,0)
(0,0,0)
(0,0,0)
(0,0,0)
(0,0,0)
(0,0,0)
(0,0,0)
(0,0,0)
(0,0,0)
(0,0,0)
(0,0,0)
(0,0,0)
(0,0,0)
(0,0,0)
(0,0,0)
(0,0,0)
(0,0,0)
(0,0,0)
(0,0,0)
(0,0,0)
(0,0,0)
(0,0,0)
(0,0,0)
(0,0,0)
(0,0,0)
(0,0,0)
(0,0,0)
(0,0,0)
(0,0,0)
(0,0,0)
(0,0,0)
(0,0,0)
(0,0,0)
(0,0,0)
(0,0,0)
(0,0,0)
(0,0,0)
(0,0,0)
(0,0,0)
(0,0,0)
(0,0,0)
(0,0,0)
(0,0,0)
(0,0,0)
(0,0,0)
(0,0,0)
(0,0,0)
(0,0,0)
(0,0,0)
(0,0,0)
(0,0,0)
(0,0,0)
(0,0,0)
(0,0,0)
(0,0,0)
(0,0,0)
(0,0,0)
(0,0,0)
(0,0,0)
(0,0,0)
(0,0,0)
(0,0,0)
(0,0,0)
(0,0,0)
(0,0,0)
(0,0,0)
(0,0,0)
(0,0,0)
(0,0,0)
(0,0,0)
(0,0,0)
(0,0,0)
(0,0,0)
(0,0,0)
(0,0,0)
(0,0,0)
(0,0,0)
(0,0,0)
(0,0,0)
(0,0,0)
(0,0,0)
(0,0,0)
(0,0,0)
(0,0,0)
(0,0,0)
(0,0,0)
(0,0,0)
(0,0,0)
(0,0,0)
(0,0,0)
(0,0,0)
(0,0,0)
(0,0,0)
(0,0,0)
(0,0,0)
(0,0,0)
(0,0,0)
(0,0,0)
(0,0,0)
(0,0,0)
(0,0,0)
(0,0,0)
(0,0,0)
(0,0,0)
(0,0,0)
(0,0,0)
(0,0,0)
(0,0,0)
(0,0,0)
(0,0,0)
(0,0,0)
(0,0,0)
(0,0,0)
(0,0,0)
(0,0,0)
(0,0,0)
(0,0,0)
(0,0,0)
(0,0,0)
(0,0,0)
(0,0,0)
(0,0,0)
(0,0,0)
(0,0,0)
(0,0,0)
(0,0,0)
(0,0,0)
(0,0,0)
(0,0,0)
(0,0,0)
(0,0,0)
(0,0,0)
(0,0,0)
(0,0,0)
(0,0,0)
(0,0,0)
(0,0,0)
(0,0,0)
(0,0,0)
(0,0,0)
(0,0,0)
(0,0,0)
(0,0,0)
(0,0,0)
(0,0,0)
(0,0,0)
(0,0,0)
(0,0,0)
(0,0,0)
(0,0,0)
(0,0,0)
(0,0,0)
(0,0,0)
(0,0,0)
(0,0,0)
(0,0,0)
(0,0,0)
(0,0,0)
(0,0,0)
(0,0,0)
(0,0,0)
(0,0,0)
(0,0,0)
(0,0,0)
(0,0,0)
(0,0,0)
(0,0,0)
(0,0,0)
(0,0,0)
(0,0,0)
(0,0,0)
(0,0,0)
(0,0,0)
(0,0,0)
(0,0,0)
(0,0,0)
(0,0,0)
(0,0,0)
(0,0,0)
(0,0,0)
(0,0,0)
(0,0,0)
(0,0,0)
(0,0,0)
(0,0,0)
(0,0,0)
(0,0,0)
(0,0,0)
(0,0,0)
(0,0,0)
(0,0,0)
(0,0,0)
(0,0,0)
(0,0,0)
(0,0,0)
(0,0,0)
(0,0,0)
(0,0,0)
(0,0,0)
(0,0,0)
(0,0,0)
(0,0,0)
(0,0,0)
(0,0,0)
(0,0,0)
(0,0,0)
(0,0,0)
(0,0,0)
(0,0,0)
(0,0,0)
(0,0,0)
(0,0,0)
(0,0,0)
(0,0,0)
(0,0,0)
(0,0,0)
(0,0,0)
(0,0,0)
(0,0,0)
(0,0,0)
(0,0,0)
(0,0,0)
(0,0,0)
(0,0,0)
(0,0,0)
(0,0,0)
(0,0,0)
(0,0,0)
(0,0,0)
(0,0,0)
(0,0,0)
(0,0,0)
(0,0,0)
(0,0,0)
(0,0,0)
(0,0,0)
(0,0,0)
(0,0,0)
(0,0,0)
(0,0,0)
(0,0,0)
(0,0,0)
(0,0,0)
(0,0,0)
(0,0,0)
(0,0,0)
(0,0,0)
(0,0,0)
(0,0,0)
(0,0,0)
(0,0,0)
(0,0,0)
(0,0,0)
(0,0,0)
(0,0,0)
(0,0,0)
(0,0,0)
(0,0,0)
(0,0,0)
(0,0,0)
(0,0,0)
(0,0,0)
(0,0,0)
(0,0,0)
(0,0,0)
(0,0,0)
(0,0,0)
(0,0,0)
(0,0,0)
(0,0,0)
(0,0,0)
(0,0,0)
(0,0,0)
(0,0,0)
(0,0,0)
(0,0,0)
(0,0,0)
(0,0,0)
(0,0,0)
(0,0,0)
(0,0,0)
(0,0,0)
(0,0,0)
(0,0,0)
(0,0,0)
(0,0,0)
(0,0,0)
(0,0,0)
(0,0,0)
(0,0,0)
(0,0,0)
(0,0,0)
(0,0,0)
(0,0,0)
(0,0,0)
(0,0,0)
(0,0,0)
(0,0,0)
(0,0,0)
(0,0,0)
(0,0,0)
(0,0,0)
(0,0,0)
(0,0,0)
(0,0,0)
(0,0,0)
(0,0,0)
(0,0,0)
(0,0,0)
(0,0,0)
(0,0,0)
(0,0,0)
(0,0,0)
(0,0,0)
(0,0,0)
(0,0,0)
(0,0,0)
(0,0,0)
(0,0,0)
(0,0,0)
(0,0,0)
(0,0,0)
(0,0,0)
(0,0,0)
(0,0,0)
(0,0,0)
(0,0,0)
(0,0,0)
(0,0,0)
(0,0,0)
(0,0,0)
(0,0,0)
(0,0,0)
(0,0,0)
(0,0,0)
(0,0,0)
(0,0,0)
(0,0,0)
(0,0,0)
(0,0,0)
(0,0,0)
(0,0,0)
(0,0,0)
(0,0,0)
(0,0,0)
(0,0,0)
(0,0,0)
(0,0,0)
(0,0,0)
(0,0,0)
(0,0,0)
(0,0,0)
(0,0,0)
(0,0,0)
(0,0,0)
(0,0,0)
(0,0,0)
(0,0,0)
(0,0,0)
(0,0,0)
(0,0,0)
(0,0,0)
(0,0,0)
(0,0,0)
(0,0,0)
(0,0,0)
(0,0,0)
(0,0,0)
(0,0,0)
(0,0,0)
(0,0,0)
(0,0,0)
(0,0,0)
(0,0,0)
(0,0,0)
(0,0,0)
(0,0,0)
(0,0,0)
(0,0,0)
(0,0,0)
(0,0,0)
(0,0,0)
(0,0,0)
(0,0,0)
(0,0,0)
(0,0,0)
(0,0,0)
(0,0,0)
(0,0,0)
(0,0,0)
(0,0,0)
(0,0,0)
(0,0,0)
(0,0,0)
(0,0,0)
(0,0,0)
(0,0,0)
(0,0,0)
(0,0,0)
(0,0,0)
(0,0,0)
(0,0,0)
(0,0,0)
(0,0,0)
(0,0,0)
(0,0,0)
(0,0,0)
(0,0,0)
(0,0,0)
(0,0,0)
(0,0,0)
(0,0,0)
(0,0,0)
(0,0,0)
(0,0,0)
(0,0,0)
(0,0,0)
(0,0,0)
(0,0,0)
(0,0,0)
(0,0,0)
(0,0,0)
(0,0,0)
(0,0,0)
(0,0,0)
(0,0,0)
(0,0,0)
(0,0,0)
(0,0,0)
(0,0,0)
(0,0,0)
(0,0,0)
(0,0,0)
(0,0,0)
(0,0,0)
(0,0,0)
(0,0,0)
(0,0,0)
(0,0,0)
(0,0,0)
(0,0,0)
(0,0,0)
(0,0,0)
(0,0,0)
(0,0,0)
(0,0,0)
(0,0,0)
(0,0,0)
(0,0,0)
(0,0,0)
(0,0,0)
(0,0,0)
(0,0,0)
(0,0,0)
(0,0,0)
(0,0,0)
(0,0,0)
(0,0,0)
(0,0,0)
(0,0,0)
(0,0,0)
(0,0,0)
(0,0,0)
(0,0,0)
(0,0,0)
(0,0,0)
(0,0,0)
(0,0,0)
(0,0,0)
(0,0,0)
(0,0,0)
(0,0,0)
(0,0,0)
(0,0,0)
(0,0,0)
(0,0,0)
(0,0,0)
(0,0,0)
(0,0,0)
(0,0,0)
(0,0,0)
(0,0,0)
(0,0,0)
(0,0,0)
(0,0,0)
(0,0,0)
(0,0,0)
(0,0,0)
(0,0,0)
(0,0,0)
(0,0,0)
(0,0,0)
(0,0,0)
(0,0,0)
(0,0,0)
(0,0,0)
(0,0,0)
(0,0,0)
(0,0,0)
(0,0,0)
(0,0,0)
(0,0,0)
(0,0,0)
(0,0,0)
(0,0,0)
(0,0,0)
(0,0,0)
(0,0,0)
(0,0,0)
(0,0,0)
(0,0,0)
(0,0,0)
(0,0,0)
(0,0,0)
(0,0,0)
(0,0,0)
(0,0,0)
(0,0,0)
(0,0,0)
(0,0,0)
(0,0,0)
(0,0,0)
(0,0,0)
(0,0,0)
(0,0,0)
(0,0,0)
(0,0,0)
(0,0,0)
(0,0,0)
(0,0,0)
(0,0,0)
(0,0,0)
(0,0,0)
(0,0,0)
(0,0,0)
(0,0,0)
(0,0,0)
(0,0,0)
(0,0,0)
(0,0,0)
(0,0,0)
(0,0,0)
(0,0,0)
(0,0,0)
(0,0,0)
(0,0,0)
(0,0,0)
(0,0,0)
(0,0,0)
(0,0,0)
(0,0,0)
(0,0,0)
(0,0,0)
(0,0,0)
(0,0,0)
(0,0,0)
(0,0,0)
(0,0,0)
(0,0,0)
(0,0,0)
(0,0,0)
(0,0,0)
(0,0,0)
(0,0,0)
(0,0,0)
(0,0,0)
(0,0,0)
(0,0,0)
(0,0,0)
(0,0,0)
(0,0,0)
(0,0,0)
(0,0,0)
(0,0,0)
(0,0,0)
(0,0,0)
(0,0,0)
(0,0,0)
(0,0,0)
(0,0,0)
(0,0,0)
(0,0,0)
(0,0,0)
(0,0,0)
(0,0,0)
(0,0,0)
(0,0,0)
(0,0,0)
(0,0,0)
(0,0,0)
(0,0,0)
(0,0,0)
(0,0,0)
(0,0,0)
(0,0,0)
(0,0,0)
(0,0,0)
(0,0,0)
(0,0,0)
(0,0,0)
(0,0,0)
(0,0,0)
(0,0,0)
(0,0,0)
(0,0,0)
(0,0,0)
(0,0,0)
(0,0,0)
(0,0,0)
(0,0,0)
(0,0,0)
(0,0,0)
(0,0,0)
(0,0,0)
(0,0,0)
(0,0,0)
(0,0,0)
(0,0,0)
(0,0,0)
(0,0,0)
(0,0,0)
(0,0,0)
(0,0,0)
(0,0,0)
(0,0,0)
(0,0,0)
(0,0,0)
(0,0,0)
(0,0,0)
(0,0,0)
(0,0,0)
(0,0,0)
(0,0,0)
(0,0,0)
(0,0,0)
(0,0,0)
(0,0,0)
(0,0,0)
(0,0,0)
(0,0,0)
(0,0,0)
(0,0,0)
(0,0,0)
(0,0,0)
(0,0,0)
(0,0,0)
(0,0,0)
(0,0,0)
(0,0,0)
(0,0,0)
(0,0,0)
(0,0,0)
(0,0,0)
(0,0,0)
(0,0,0)
(0,0,0)
(0,0,0)
(0,0,0)
(0,0,0)
(0,0,0)
(0,0,0)
(0,0,0)
(0,0,0)
(0,0,0)
(0,0,0)
(0,0,0)
(0,0,0)
(0,0,0)
(0,0,0)
(0,0,0)
(0,0,0)
(0,0,0)
(0,0,0)
(0,0,0)
(0,0,0)
(0,0,0)
(0,0,0)
(0,0,0)
(0,0,0)
(0,0,0)
(0,0,0)
(0,0,0)
(0,0,0)
(0,0,0)
(0,0,0)
(0,0,0)
(0,0,0)
(0,0,0)
(0,0,0)
(0,0,0)
(0,0,0)
(0,0,0)
(0,0,0)
(0,0,0)
(0,0,0)
(0,0,0)
(0,0,0)
(0,0,0)
(0,0,0)
(0,0,0)
(0,0,0)
(0,0,0)
(0,0,0)
(0,0,0)
(0,0,0)
(0,0,0)
(0,0,0)
(0,0,0)
(0,0,0)
(0,0,0)
(0,0,0)
(0,0,0)
(0,0,0)
(0,0,0)
(0,0,0)
(0,0,0)
(0,0,0)
(0,0,0)
(0,0,0)
(0,0,0)
(0,0,0)
(0,0,0)
(0,0,0)
(0,0,0)
(0,0,0)
(0,0,0)
(0,0,0)
(0,0,0)
(0,0,0)
(0,0,0)
(0,0,0)
(0,0,0)
(0,0,0)
(0,0,0)
(0,0,0)
(0,0,0)
(0,0,0)
(0,0,0)
(0,0,0)
(0,0,0)
(0,0,0)
(0,0,0)
(0,0,0)
(0,0,0)
(0,0,0)
(0,0,0)
(0,0,0)
(0,0,0)
(0,0,0)
(0,0,0)
(0,0,0)
(0,0,0)
(0,0,0)
(0,0,0)
(0,0,0)
(0,0,0)
(0,0,0)
(0,0,0)
(0,0,0)
(0,0,0)
(0,0,0)
(0,0,0)
(0,0,0)
(0,0,0)
(0,0,0)
(0,0,0)
(0,0,0)
(0,0,0)
(0,0,0)
(0,0,0)
(0,0,0)
(0,0,0)
(0,0,0)
(0,0,0)
(0,0,0)
(0,0,0)
(0,0,0)
(0,0,0)
(0,0,0)
(0,0,0)
(0,0,0)
(0,0,0)
(0,0,0)
