(0,0,0)
(0,0,0)
(0,0,0)
(0,0,0)
(0,0,0)
(0,0,0)
(0,0,0)
(0,0,0)
(0,0,0)
(0,0,0)
(0,0,0)
(0,0,0)
(0,0,0)
(0,0,0)
(0,0,0)
(0,0,0)
(0,0,0)
(0,0,0)
(0,0,0)
(0,0,0)
(0,0,0)
(0,0,0)
(0,0,0)
(0,0,0)
(0,0,0)
(0,0,0)
(0,0,0)
(0,0,0)
(0,0,0)
(0,0,0)
(0,0,0)
(0,0,0)
(0,0,0)
(0,0,0)
(0,0,0)
(0,0,0)
(0,0,0)
(0,0,0)
(0,0,0)
(0,0,0)
(0,0,0)
(0,0,0)
(0,0,0)
(0,0,0)
(0,0,0)
(0,0,0)
(0,0,0)
(0,0,0)
(0,0,0)
(0,0,0)
(0,0,0)
(0,0,0)
(0,0,0)
(0,0,0)
(0,0,0)
(0,0,0)
(0,0,0)
(0,0,0)
(0,0,0)
(0,0,0)
(0,0,0)
(0,0,0)
(0,0,0)
(0,0,0)
(0,0,0)
(0,0,0)
(0,0,0)
(0,0,0)
(0,0,0)
(0,0,0)
(0,0,0)
(0,0,0)
(0,0,0)
(0,0,0)
(0,0,0)
(0,0,0)
(0,0,0)
(0,0,0)
(0,0,0)
(0,0,0)
(0,0,0)
(0,0,0)
(0,0,0)
(0,0,0)
(0,0,0)
(0,0,0)
(0,0,0)
(0,0,0)
(0,0,0)
(0,0,0)
(0,0,0)
(0,0,0)
(0,0,0)
(0,0,0)
(0,0,0)
(0,0,0)
(0,0,0)
(0,0,0)
(0,0,0)
(0,0,0)
(0,0,0)
(0,0,0)
(0,0,0)
(0,0,0)
(0,0,0)
(0,0,0)
(0,0,0)
(0,0,0)
(0,0,0)
(0,0,0)
(0,0,0)
(0,0,0)
(0,0,0)
(0,0,0)
(0,0,0)
(0,0,0)
(0,0,0)
(0,0,0)
(0,0,0)
(0,0,0)
(0,0,0)
(0,0,0)
(0,0,0)
(0,0,0)
(0,0,0)
(0,0,0)
(0,0,0)
(0,0,0)
(0,0,0)
(0,0,0)
(0,0,0)
(0,0,0)
(0,0,0)
(0,0,0)
(0,0,0)
(0,0,0)
(0,0,0)
(0,0,0)
(0,0,0)
(0,0,0)
(0,0,0)
(0,0,0)
(0,0,0)
(0,0,0)
(0,0,0)
(0,0,0)
(0,0,0)
(0,0,0)
(0,0,0)
(0,0,0)
(0,0,0)
(0,0,0)
(0,0,0)
(0,0,0)
(0,0,0)
(0,0,0)
(0,0,0)
(0,0,0)
(0,0,0)
(0,0,0)
(0,0,0)
(0,0,0)
(0,0,0)
(0,0,0)
(0,0,0)
(0,0,0)
(0,0,0)
(0,0,0)
(0,0,0)
(0,0,0)
(0,0,0)
(0,0,0)
(0,0,0)
(0,0,0)
(0,0,0)
(0,0,0)
(0,0,0)
(0,0,0)
(0,0,0)
(0,0,0)
(0,0,0)
(0,0,0)
(0,0,0)
(0,0,0)
(0,0,0)
(0,0,0)
(0,0,0)
(0,0,0)
(0,0,0)
(0,0,0)
(0,0,0)
(0,0,0)
(0,0,0)
(0,0,0)
(0,0,0)
(0,0,0)
(0,0,0)
(0,0,0)
(0,0,0)
(0,0,0)
(0,0,0)
(0,0,0)
(0,0,0)
(0,0,0)
(0,0,0)
(0,0,0)
(0,0,0)
(0,0,0)
(0,0,0)
(0,0,0)
(0,0,0)
(0,0,0)
(0,0,0)
(0,0,0)
(0,0,0)
(0,0,0)
(0,0,0)
(0,0,0)
(0,0,0)
(0,0,0)
(0,0,0)
(0,0,0)
(0,0,0)
(0,0,0)
(0,0,0)
(0,0,0)
(0,0,0)
(0,0,0)
(0,0,0)
(0,0,0)
(0,0,0)
(0,0,0)
(0,0,0)
(0,0,0)
(0,0,0)
(0,0,0)
(0,0,0)
(0,0,0)
(0,0,0)
(0,0,0)
(0,0,0)
(0,0,0)
(0,0,0)
(0,0,0)
(0,0,0)
(0,0,0)
(0,0,0)
(0,0,0)
(0,0,0)
(0,0,0)
(0,0,0)
(0,0,0)
(0,0,0)
(0,0,0)
(0,0,0)
(0,0,0)
(0,0,0)
(0,0,0)
(0,0,0)
(0,0,0)
(0,0,0)
(0,0,0)
(0,0,0)
(0,0,0)
(0,0,0)
(0,0,0)
(0,0,0)
(0,0,0)
(0,0,0)
(0,0,0)
(0,0,0)
(0,0,0)
(0,0,0)
(0,0,0)
(0,0,0)
(0,0,0)
(0,0,0)
(0,0,0)
(0,0,0)
(0,0,0)
(0,0,0)
(0,0,0)
(0,0,0)
(0,0,0)
(0,0,0)
(0,0,0)
(0,0,0)
(0,0,0)
(0,0,0)
(0,0,0)
(0,0,0)
(0,0,0)
(0,0,0)
(0,0,0)
(0,0,0)
(0,0,0)
(0,0,0)
(0,0,0)
(0,0,0)
(0,0,0)
(0,0,0)
(0,0,0)
(0,0,0)
(0,0,0)
(0,0,0)
(0,0,0)
(0,0,0)
(0,0,0)
(0,0,0)
(0,0,0)
(0,0,0)
(0,0,0)
(0,0,0)
(0,0,0)
(0,0,0)
(0,0,0)
(0,0,0)
(0,0,0)
(0,0,0)
(0,0,0)
(0,0,0)
(0,0,0)
(0,0,0)
(0,0,0)
(0,0,0)
(0,0,0)
(0,0,0)
(0,0,0)
(0,0,0)
(0,0,0)
(0,0,0)
(0,0,0)
(0,0,0)
(0,0,0)
(0,0,0)
(0,0,0)
(0,0,0)
(0,0,0)
(0,0,0)
(0,0,0)
(0,0,0)
(0,0,0)
(0,0,0)
(0,0,0)
(0,0,0)
(0,0,0)
(0,0,0)
(0,0,0)
(0,0,0)
(0,0,0)
(0,0,0)
(0,0,0)
(0,0,0)
(0,0,0)
(0,0,0)
(0,0,0)
(0,0,0)
(0,0,0)
(0,0,0)
(0,0,0)
(0,0,0)
(0,0,0)
(0,0,0)
(0,0,0)
(0,0,0)
(0,0,0)
(0,0,0)
(0,0,0)
(0,0,0)
(0,0,0)
(0,0,0)
(0,0,0)
(0,0,0)
(0,0,0)
(0,0,0)
(0,0,0)
(0,0,0)
(0,0,0)
(0,0,0)
(0,0,0)
(0,0,0)
(0,0,0)
(0,0,0)
(0,0,0)
(0,0,0)
(0,0,0)
(0,0,0)
(0,0,0)
(0,0,0)
(0,0,0)
(0,0,0)
(0,0,0)
(0,0,0)
(0,0,0)
(0,0,0)
(0,0,0)
(0,0,0)
(0,0,0)
(0,0,0)
(0,0,0)
(0,0,0)
(0,0,0)
(0,0,0)
(0,0,0)
(0,0,0)
(0,0,0)
(0,0,0)
(0,0,0)
(0,0,0)
(0,0,0)
(0,0,0)
(0,0,0)
(0,0,0)
(0,0,0)
(0,0,0)
(0,0,0)
(0,0,0)
(0,0,0)
(0,0,0)
(0,0,0)
(0,0,0)
(0,0,0)
(0,0,0)
(0,0,0)
(0,0,0)
(0,0,0)
(0,0,0)
(0,0,0)
(0,0,0)
(0,0,0)
(0,0,0)
(0,0,0)
(0,0,0)
(0,0,0)
(0,0,0)
(0,0,0)
(0,0,0)
(0,0,0)
(0,0,0)
(0,0,0)
(0,0,0)
(0,0,0)
(0,0,0)
(0,0,0)
(0,0,0)
(0,0,0)
(0,0,0)
(0,0,0)
(0,0,0)
(0,0,0)
(0,0,0)
(0,0,0)
(0,0,0)
(0,0,0)
(0,0,0)
(0,0,0)
(0,0,0)
(0,0,0)
(0,0,0)
(0,0,0)
(0,0,0)
(0,0,0)
(0,0,0)
(0,0,0)
(0,0,0)
(0,0,0)
(0,0,0)
(0,0,0)
(0,0,0)
(0,0,0)
(0,0,0)
(0,0,0)
(0,0,0)
(0,0,0)
(0,0,0)
(0,0,0)
(0,0,0)
(0,0,0)
(0,0,0)
(0,0,0)
(0,0,0)
(0,0,0)
(0,0,0)
(0,0,0)
(0,0,0)
(0,0,0)
(0,0,0)
(0,0,0)
(0,0,0)
(0,0,0)
(0,0,0)
(0,0,0)
(0,0,0)
(0,0,0)
(0,0,0)
(0,0,0)
(0,0,0)
(0,0,0)
(0,0,0)
(0,0,0)
(0,0,0)
(0,0,0)
(0,0,0)
(0,0,0)
(0,0,0)
(0,0,0)
(0,0,0)
(0,0,0)
(0,0,0)
(0,0,0)
(0,0,0)
(0,0,0)
(0,0,0)
(0,0,0)
(0,0,0)
(0,0,0)
(0,0,0)
(0,0,0)
(0,0,0)
(0,0,0)
(0,0,0)
(0,0,0)
(0,0,0)
(0,0,0)
(0,0,0)
(0,0,0)
(0,0,0)
(0,0,0)
(0,0,0)
(0,0,0)
(0,0,0)
(0,0,0)
(0,0,0)
(0,0,0)
(0,0,0)
(0,0,0)
(0,0,0)
(0,0,0)
(0,0,0)
(0,0,0)
(0,0,0)
(0,0,0)
(0,0,0)
(0,0,0)
(0,0,0)
(0,0,0)
(0,0,0)
(0,0,0)
(0,0,0)
(0,0,0)
(0,0,0)
(0,0,0)
(0,0,0)
(0,0,0)
(0,0,0)
(0,0,0)
(0,0,0)
(0,0,0)
(0,0,0)
(0,0,0)
(0,0,0)
(0,0,0)
(0,0,0)
(0,0,0)
(0,0,0)
(0,0,0)
(0,0,0)
(0,0,0)
(0,0,0)
(0,0,0)
(0,0,0)
(0,0,0)
(0,0,0)
(0,0,0)
(0,0,0)
(0,0,0)
(0,0,0)
(0,0,0)
(0,0,0)
(0,0,0)
(0,0,0)
(0,0,0)
(0,0,0)
(0,0,0)
(0,0,0)
(0,0,0)
(0,0,0)
(0,0,0)
(0,0,0)
(0,0,0)
(0,0,0)
(0,0,0)
(0,0,0)
(0,0,0)
(0,0,0)
(0,0,0)
(0,0,0)
(0,0,0)
(0,0,0)
(0,0,0)
(0,0,0)
(0,0,0)
(0,0,0)
(0,0,0)
(0,0,0)
(0,0,0)
(0,0,0)
(0,0,0)
(0,0,0)
(0,0,0)
(0,0,0)
(0,0,0)
(0,0,0)
(0,0,0)
(0,0,0)
(0,0,0)
(0,0,0)
(0,0,0)
(0,0,0)
(0,0,0)
(0,0,0)
(0,0,0)
(0,0,0)
(0,0,0)
(0,0,0)
(0,0,0)
(0,0,0)
(0,0,0)
(0,0,0)
(0,0,0)
(0,0,0)
(0,0,0)
(0,0,0)
(0,0,0)
(0,0,0)
(0,0,0)
(0,0,0)
(0,0,0)
(0,0,0)
(0,0,0)
(0,0,0)
(0,0,0)
(0,0,0)
(0,0,0)
(0,0,0)
(0,0,0)
(0,0,0)
(0,0,0)
(0,0,0)
(0,0,0)
(0,0,0)
(0,0,0)
(0,0,0)
(0,0,0)
(0,0,0)
(0,0,0)
(0,0,0)
(0,0,0)
(0,0,0)
(0,0,0)
(0,0,0)
(0,0,0)
(0,0,0)
(0,0,0)
(0,0,0)
(0,0,0)
(0,0,0)
(0,0,0)
(0,0,0)
(0,0,0)
(0,0,0)
(0,0,0)
(0,0,0)
(0,0,0)
(0,0,0)
(0,0,0)
(0,0,0)
(0,0,0)
(0,0,0)
(0,0,0)
(0,0,0)
(0,0,0)
(0,0,0)
(0,0,0)
(0,0,0)
(0,0,0)
(0,0,0)
(0,0,0)
(0,0,0)
(0,0,0)
(0,0,0)
(0,0,0)
(0,0,0)
(0,0,0)
(0,0,0)
(0,0,0)
(0,0,0)
(0,0,0)
(0,0,0)
(0,0,0)
(0,0,0)
(0,0,0)
(0,0,0)
(0,0,0)
(0,0,0)
(0,0,0)
(0,0,0)
(0,0,0)
(0,0,0)
(0,0,0)
(0,0,0)
(0,0,0)
(0,0,0)
(0,0,0)
(0,0,0)
(0,0,0)
(0,0,0)
(0,0,0)
(0,0,0)
(0,0,0)
(0,0,0)
(0,0,0)
(0,0,0)
(0,0,0)
(0,0,0)
(0,0,0)
(0,0,0)
(0,0,0)
(0,0,0)
(0,0,0)
(0,0,0)
(0,0,0)
(0,0,0)
(0,0,0)
(0,0,0)
(0,0,0)
(0,0,0)
(0,0,0)
(0,0,0)
(0,0,0)
(0,0,0)
(0,0,0)
(0,0,0)
(0,0,0)
(0,0,0)
(0,0,0)
(0,0,0)
(0,0,0)
(0,0,0)
(0,0,0)
(0,0,0)
(0,0,0)
(0,0,0)
(0,0,0)
(0,0,0)
(0,0,0)
(0,0,0)
(0,0,0)
(0,0,0)
(0,0,0)
(0,0,0)
(0,0,0)
(0,0,0)
(0,0,0)
(0,0,0)
(0,0,0)
(0,0,0)
(0,0,0)
(0,0,0)
(0,0,0)
(0,0,0)
(0,0,0)
(0,0,0)
(0,0,0)
(0,0,0)
(0,0,0)
(0,0,0)
(0,0,0)
(0,0,0)
(0,0,0)
(0,0,0)
(0,0,0)
(0,0,0)
(0,0,0)
(0,0,0)
(0,0,0)
(0,0,0)
(0,0,0)
(0,0,0)
(0,0,0)
(0,0,0)
(0,0,0)
(0,0,0)
(0,0,0)
(0,0,0)
(0,0,0)
(0,0,0)
(0,0,0)
(0,0,0)
(0,0,0)
(0,0,0)
(0,0,0)
(0,0,0)
(0,0,0)
(0,0,0)
(0,0,0)
(0,0,0)
(0,0,0)
(0,0,0)
(0,0,0)
(0,0,0)
(0,0,0)
(0,0,0)
(0,0,0)
(0,0,0)
(0,0,0)
(0,0,0)
(0,0,0)
(0,0,0)
(-186649.473557991,99170.7382648232,87478.7352931665)
(-197345.880814212,95155.2380296766,189669.378077703)
(-222254.698322756,86644.6445410699,325279.431859389)
(-269288.128645717,73264.2536631311,521303.306841981)
(-354071.733607704,55225.952158231,820149.08829146)
(-506253.100769756,34461.6511732097,1291940.537888)
(-781813.115678723,15558.4499380784,2058195.20362867)
(-1279760.78680928,3954.38865037419,3334001.60178761)
(-2110703.35984018,65.8521433070651,5444639.10948445)
(-2940897.1186249,-275.282567462571,8385811.51067684)
(0,0,0)
(0,0,0)
(0,0,0)
(0,0,0)
(0,0,0)
(0,0,0)
(-197398.513928555,213227.597335937,83341.65485744)
(-208213.835876014,205605.32503255,181105.403730585)
(-233519.538954792,189418.814434083,311850.772792362)
(-281670.911336291,163583.092053235,503202.845738552)
(-368798.949948132,127880.226536481,799347.521308426)
(-524603.164448778,85382.4644619036,1273029.87246851)
(-803185.265367552,45162.6738676378,2046610.91390649)
(-1299278.23198303,19698.1854117672,3330145.34912806)
(-2123751.28212305,9663.37183590021,5444299.11155857)
(-2947003.57487446,4963.90233952927,8386063.50152595)
(0,0,0)
(0,0,0)
(0,0,0)
(0,0,0)
(0,0,0)
(0,0,0)
(-222049.506772555,359653.223577323,75623.8805311681)
(-233063.847622772,349370.756904197,164922.296282296)
(-259163.867420083,327478.923862624,286026.054273843)
(-309708.085014851,291831.29627926,467485.935062671)
(-402386.540271796,240925.382542648,756827.319328289)
(-567851.652190805,177282.465767561,1232778.97021343)
(-856011.254851424,112856.715284822,2021096.18364769)
(-1347934.1807862,68622.8110299911,3320105.73881563)
(-2155107.13436003,45279.1331394082,5439597.1118722)
(-2961205.13659845,24584.0284381467,8381182.12237208)
(0,0,0)
(0,0,0)
(0,0,0)
(0,0,0)
(0,0,0)
(0,0,0)
(-267949.104804802,562358.133620793,65244.1947613333)
(-279164.733662531,550875.404615647,142904.280712417)
(-306254.673521304,526335.984517013,250301.893579325)
(-360264.237620484,485845.012660602,416552.41481846)
(-462134.735695613,426449.894194806,693162.638861922)
(-646183.999328266,348300.883744218,1168328.22021354)
(-957190.847503696,261569.231443089,1976806.55155896)
(-1442009.4540479,190766.395623692,3296672.42101311)
(-2212485.03694105,135576.042841281,5418860.54825223)
(-2986223.98383219,72970.3073327418,8356698.25318996)
(0,0,0)
(0,0,0)
(0,0,0)
(0,0,0)
(0,0,0)
(0,0,0)
(-350187.476856104,858886.746966553,53658.8635103394)
(-361362.295540296,847710.167425079,118186.396241201)
(-388988.371226266,823859.478447103,209651.273537377)
(-445921.250722042,784360.748425871,357056.788494148)
(-557269.577037208,725773.022264504,615003.23746166)
(-764290.473462725,646065.260531251,1081529.33413733)
(-1111271.90190447,548452.855315835,1905917.61216905)
(-1585260.91461735,440550.769365342,3241394.15304476)
(-2295877.39013044,316666.133839391,5356181.45217717)
(-3022407.47725498,167842.43283433,8283716.80393056)
(0,0,0)
(0,0,0)
(0,0,0)
(0,0,0)
(0,0,0)
(0,0,0)
(-498589.900114554,1315128.03300051,42348.6140806055)
(-509207.660548431,1305164.72679276,94101.7152613487)
(-535944.060045994,1283900.69939276,170004.554361692)
(-592319.114233471,1248308.00329532,298376.413725706)
(-704859.320327835,1193730.44530492,535278.311013127)
(-915815.719627972,1113308.57523316,983850.715939204)
(-1263866.74470569,998229.652954969,1797940.66300576)
(-1716346.01007226,837320.68410608,3117516.75833728)
(-2386228.7655592,613045.22921795,5207366.428518)
(-3067923.75473348,327239.957780125,8115892.65830552)
(0,0,0)
(0,0,0)
(0,0,0)
(0,0,0)
(0,0,0)
(0,0,0)
(-771032.913505764,2053877.74728777,32283.1992184924)
(-780432.298485704,2045220.93198432,72659.2925126439)
(-804435.38302772,2026651.45589925,134343.919033875)
(-855944.332702545,1994820.55052609,243775.704505662)
(-960493.865027184,1943089.42348983,454910.591347937)
(-1158704.9801259,1858132.34085268,868791.805854315)
(-1485347.50138534,1715335.59885987,1637033.36133477)
(-1896776.05215013,1477782.18387513,2893347.91371585)
(-2520876.541926,1105589.61740086,4921680.06745887)
(-3142192.40391469,602337.418600341,7788775.01055348)
(0,0,0)
(0,0,0)
(0,0,0)
(0,0,0)
(0,0,0)
(0,0,0)
(-1269320.07501642,3299559.3541388,23638.4681654015)
(-1276845.86493131,3291652.47151059,54052.7935704558)
(-1296191.22061139,3274315.33410248,102580.135978626)
(-1338078.46028702,3243314.13312143,192165.013670283)
(-1423995.41289767,3189148.66128582,370101.188771958)
(-1588765.36327604,3090818.57217801,726180.320722649)
(-1862316.36515265,2904074.37695167,1399757.90778348)
(-2195388.62428081,2551436.56201165,2521492.15392779)
(-2765348.37017373,1973760.52377624,4418669.61772616)
(-3284242.43995716,1118699.26245564,7186550.21382795)
(0,0,0)
(0,0,0)
(0,0,0)
(0,0,0)
(0,0,0)
(0,0,0)
(-2103674.76992651,5387392.50637095,15841.6176943283)
(-2108801.96600723,5379452.88529711,36843.1699150583)
(-2121949.12415743,5361346.33760248,71761.290572444)
(-2150109.94653545,5326985.83810215,138199.532127158)
(-2206855.15017651,5262222.73814313,271980.605446363)
(-2313490.36557343,5136578.73188295,539710.811314857)
(-2492562.93067248,4888814.96720042,1047533.15173859)
(-2758616.03144938,4413388.89286668,1944196.85233295)
(-3216227.1027508,3570290.30926102,3563894.16959888)
(-3531986.77572298,2146567.0536357,6068013.15414179)
(0,0,0)
(0,0,0)
(0,0,0)
(0,0,0)
(0,0,0)
(0,0,0)
(-2937662.37453444,8316987.49632455,8067.3845808623)
(-2940224.50710686,8308730.32652969,19014.4504551383)
(-2946752.93714187,8289409.99919941,37703.7260001189)
(-2960571.23543828,8251477.21091992,73783.5886206841)
(-2988040.85434295,8177363.48555594,146683.695550847)
(-3039420.47774097,8030353.11533372,292329.789841022)
(-3129049.03142195,7737623.22006846,572570.568394926)
(-3280060.758976,7164513.61906572,1101506.60117184)
(-3531175.207614,6062497.67934928,2140474.43869755)
(-3556226.13269672,3921668.24166493,3921599.38336508)
(0,0,0)
(0,0,0)
(0,0,0)
(0,0,0)
(0,0,0)
(0,0,0)
(0,0,0)
(0,0,0)
(0,0,0)
(0,0,0)
(0,0,0)
(0,0,0)
(0,0,0)
(0,0,0)
(0,0,0)
(0,0,0)
(0,0,0)
(0,0,0)
(0,0,0)
(0,0,0)
(0,0,0)
(0,0,0)
(0,0,0)
(0,0,0)
(0,0,0)
(0,0,0)
(0,0,0)
(0,0,0)
(0,0,0)
(0,0,0)
(0,0,0)
(0,0,0)
(0,0,0)
(0,0,0)
(0,0,0)
(0,0,0)
(0,0,0)
(0,0,0)
(0,0,0)
(0,0,0)
(0,0,0)
(0,0,0)
(0,0,0)
(0,0,0)
(0,0,0)
(0,0,0)
(0,0,0)
(0,0,0)
(0,0,0)
(0,0,0)
(0,0,0)
(0,0,0)
(0,0,0)
(0,0,0)
(0,0,0)
(0,0,0)
(0,0,0)
(0,0,0)
(0,0,0)
(0,0,0)
(0,0,0)
(0,0,0)
(0,0,0)
(0,0,0)
(0,0,0)
(0,0,0)
(0,0,0)
(0,0,0)
(0,0,0)
(0,0,0)
(0,0,0)
(0,0,0)
(0,0,0)
(0,0,0)
(0,0,0)
(0,0,0)
(0,0,0)
(0,0,0)
(0,0,0)
(0,0,0)
(0,0,0)
(0,0,0)
(0,0,0)
(0,0,0)
(0,0,0)
(0,0,0)
(0,0,0)
(0,0,0)
(0,0,0)
(0,0,0)
(0,0,0)
(0,0,0)
(0,0,0)
(0,0,0)
(0,0,0)
(0,0,0)
(0,0,0)
(0,0,0)
(0,0,0)
(0,0,0)
(0,0,0)
(0,0,0)
(27580308.5439871,88433.6176743611,76664.2279981943)
(27562342.9090444,84288.452938184,164742.848419076)
(27520934.7238775,75386.9723926194,278222.317043769)
(27443598.4564832,60931.8030089279,436459.792123527)
(27306001.2781169,40535.6252128959,667907.01840368)
(27061285.9081255,16102.1706137518,1016321.70211224)
(26612285.0839995,-5836.29215975722,1560115.65781132)
(25725018.9631182,-15535.1383883205,2502926.90948982)
(23722865.0559506,-12901.8453518425,4614316.20226861)
(18285360.6787,-6316.19710048364,11326430.4652618)
(0,0,0)
(0,0,0)
(0,0,0)
(0,0,0)
(0,0,0)
(0,0,0)
(27561980.2636563,188651.981107437,72458.7221997485)
(27543960.3631444,180815.146057534,155813.693277621)
(27502176.3148424,163841.753253617,263718.921836981)
(27423368.7433206,135639.610387188,416027.323019451)
(27282001.8325997,94364.0955971268,643453.933305007)
(27030433.1649783,42195.4777974516,994380.159911898)
(26574588.5950335,-7593.02993334172,1550418.90050211)
(25690982.0761216,-28873.3509073454,2505552.66813411)
(23701676.2088329,-21599.8278160896,4620879.02285988)
(18276075.1615495,-9192.94464234404,11332732.8971953)
(0,0,0)
(0,0,0)
(0,0,0)
(0,0,0)
(0,0,0)
(0,0,0)
(27520336.4649307,313767.692413114,64554.1802085679)
(27502248.6123411,303298.453509391,138814.276010507)
(27459657.5812073,280412.734854768,235477.708999653)
(27377429.7457442,241303.594188115,374731.757657387)
(27226276.6102701,181214.819626726,591273.746303516)
(26954069.104782,99033.4228978581,944570.907447998)
(26472138.1847196,11758.5402821877,1529125.76087905)
(25596940.4196799,-25404.9281904508,2512838.60091382)
(23646968.6593667,-12078.5058298633,4633297.34841841)
(18253382.7965346,-441.134966112218,11342013.4688268)
(0,0,0)
(0,0,0)
(0,0,0)
(0,0,0)
(0,0,0)
(0,0,0)
(27443795.7222454,480085.474252661,53993.2543278826)
(27425717.8384294,468671.047825786,115793.951137166)
(27382129.9310505,443611.127154569,196266.817483169)
(27294551.8687764,400200.864888955,314609.303603125)
(27125357.8512889,331308.84694797,509078.552515119)
(26806493.8585174,230208.432515237,857281.54826972)
(26244424.5057708,107532.719341037,1491947.87915406)
(25382913.1577493,47557.3241612259,2526118.8782229)
(23536491.7124835,52206.0651372202,4644913.42104879)
(18210968.8838497,36799.4053707866,11342535.8762478)
(0,0,0)
(0,0,0)
(0,0,0)
(0,0,0)
(0,0,0)
(0,0,0)
(27309106.806418,710403.923229824,42443.1309663232)
(27291460.7147918,699808.967795384,90538.0638822518)
(27247648.6143034,676859.637430205,152708.431294663)
(27155476.5221614,637914.352316206,245653.034201496)
(26965650.2606722,578143.501692508,407954.404965234)
(26576889.3833864,494524.592741657,734514.25110739)
(25835057.73032,395879.957043689,1431893.2443979)
(24986051.445856,309480.471752543,2530713.59955091)
(23363316.9447496,226308.120410718,4629473.07261488)
(18147858.7527725,122311.478796123,11305750.6323797)
(0,0,0)
(0,0,0)
(0,0,0)
(0,0,0)
(0,0,0)
(0,0,0)
(27069553.4432444,1042602.89510841,31713.5479800276)
(27053116.1484611,1033868.80726412,67385.7627194387)
(27011371.8226336,1015326.14230222,113659.2383855)
(26920876.977124,984600.358381787,185833.004180189)
(26728834.0317727,938037.07207766,324301.94491218)
(26328947.75284,870364.100899348,635754.82750418)
(25577708.440529,776708.00333141,1345407.4591995)
(24766207.9892241,656829.079406348,2447560.71546691)
(23215835.4225268,478349.042720109,4525511.46828915)
(18075527.9880481,252945.375960455,11183481.6915607)
(0,0,0)
(0,0,0)
(0,0,0)
(0,0,0)
(0,0,0)
(0,0,0)
(26625231.0966321,1555513.86990496,22880.8782832922)
(26610913.2106698,1548759.79508378,48700.2445257762)
(26573921.8485483,1534835.38983908,82889.6286306546)
(26491771.3031498,1512595.60944255,139234.604935192)
(26312685.1090227,1479492.68043545,256655.885745167)
(25930298.7694678,1427979.43994457,542092.660323847)
(25201681.1691357,1338281.72016076,1225546.13619106)
(24469373.5216205,1179104.52418574,2269176.9808587)
(22997405.0638139,861103.192771343,4300197.08828502)
(17952070.8906112,460303.141434368,10930631.891503)
(0,0,0)
(0,0,0)
(0,0,0)
(0,0,0)
(0,0,0)
(0,0,0)
(25737081.2305325,2465053.66901861,16114.7585551684)
(25725776.2980352,2459558.55477219,34749.6991178132)
(25696317.0419781,2448412.23944202,60720.4501430822)
(25629958.4697802,2431110.00101329,106224.991722769)
(25482400.1866597,2406114.26268547,205263.673132858)
(25158018.732371,2365959.02232902,452555.8583191)
(24520232.5987773,2273720.58177675,1066623.89599077)
(24042763.3487648,1988160.44330562,1951471.86704283)
(22556792.5052727,1522864.0890667,3899625.9585186)
(17666292.7176698,870966.307157116,10470483.4983866)
(0,0,0)
(0,0,0)
(0,0,0)
(0,0,0)
(0,0,0)
(0,0,0)
(23729736.3385169,4552995.84273723,10702.5810556925)
(23722132.8251234,4547657.69532948,23724.5125854402)
(23702458.8653201,4536186.09915221,43598.5266153829)
(23659048.9694157,4516186.7877853,81418.6871097815)
(23566685.8633294,4480743.12693208,165304.67257486)
(23378834.574161,4410407.11671699,360587.501670171)
(23040247.9834615,4252118.69590005,781434.336630548)
(22564717.6482545,3891784.97956699,1486531.983883)
(21221983.5766866,3255238.32513523,3248002.93159478)
(16797057.5552076,2122273.98896111,9599706.78207786)
(0,0,0)
(0,0,0)
(0,0,0)
(0,0,0)
(0,0,0)
(0,0,0)
(18287840.060475,11254059.4643804,5489.80656494316)
(18284074.2113809,11248417.9694606,12486.6771635642)
(18274438.3279004,11235686.6241279,23850.7503632887)
(18253602.0620888,11211650.0466354,46270.0572038399)
(18210665.8990203,11165066.12263,95296.1713604927)
(18126233.0942823,11069419.2496034,202686.329668515)
(17969952.1506365,10866307.8702571,421551.836470666)
(17670688.6684149,10444251.6370123,850391.614852228)
(16797721.7508163,9593423.46320239,2115365.38157243)
(13658075.147331,7477747.29518528,7477646.6585381)
(0,0,0)
(0,0,0)
(0,0,0)
(0,0,0)
(0,0,0)
(0,0,0)
(0,0,0)
(0,0,0)
(0,0,0)
(0,0,0)
(0,0,0)
(0,0,0)
(0,0,0)
(0,0,0)
(0,0,0)
(0,0,0)
(0,0,0)
(0,0,0)
(0,0,0)
(0,0,0)
(0,0,0)
(0,0,0)
(0,0,0)
(0,0,0)
(0,0,0)
(0,0,0)
(0,0,0)
(0,0,0)
(0,0,0)
(0,0,0)
(0,0,0)
(0,0,0)
(0,0,0)
(0,0,0)
(0,0,0)
(0,0,0)
(0,0,0)
(0,0,0)
(0,0,0)
(0,0,0)
(0,0,0)
(0,0,0)
(0,0,0)
(0,0,0)
(0,0,0)
(0,0,0)
(0,0,0)
(0,0,0)
(0,0,0)
(0,0,0)
(0,0,0)
(0,0,0)
(0,0,0)
(0,0,0)
(0,0,0)
(0,0,0)
(0,0,0)
(0,0,0)
(0,0,0)
(0,0,0)
(0,0,0)
(0,0,0)
(0,0,0)
(0,0,0)
(0,0,0)
(0,0,0)
(0,0,0)
(0,0,0)
(0,0,0)
(0,0,0)
(0,0,0)
(0,0,0)
(0,0,0)
(0,0,0)
(0,0,0)
(0,0,0)
(0,0,0)
(0,0,0)
(0,0,0)
(0,0,0)
(0,0,0)
(0,0,0)
(0,0,0)
(0,0,0)
(0,0,0)
(0,0,0)
(0,0,0)
(0,0,0)
(0,0,0)
(0,0,0)
(0,0,0)
(0,0,0)
(0,0,0)
(0,0,0)
(0,0,0)
(0,0,0)
(0,0,0)
(0,0,0)
(0,0,0)
(0,0,0)
(0,0,0)
(0,0,0)
(-480425.848806986,70076.427604872,58602.101971568)
(-500332.699606529,65904.3352383814,123317.512166434)
(-545316.580061069,56646.1906225308,200866.762264903)
(-627111.399534004,40731.6561731506,298789.098891353)
(-766911.68195968,16558.5908010617,423087.604949226)
(-1000157.63866248,-14734.9922641914,567210.28078381)
(-1381649.57796579,-43541.1397731211,672630.219304649)
(-1985357.86695366,-49541.2217566499,500492.407915493)
(-2851096.39359581,-34021.9288879998,-823580.07686782)
(-3494963.66493004,-15551.0099865978,-6959760.58646865)
(0,0,0)
(0,0,0)
(0,0,0)
(0,0,0)
(0,0,0)
(0,0,0)
(-501425.388538953,147032.883351293,54393.3332311512)
(-520982.450043355,139144.141505134,114040.476934516)
(-565487.961768215,121371.527677877,184923.553272234)
(-647355.917226386,89727.0468924666,274596.959882282)
(-789294.917322251,38653.7380228659,391742.699364817)
(-1028865.57823641,-34125.0989183193,538375.686015993)
(-1419262.34281293,-109991.483298695,666621.104170337)
(-2017161.53169307,-122847.208959807,516014.835970545)
(-2867053.913725,-76232.9692338629,-805099.86434319)
(-3500601.97973451,-31844.860169064,-6944184.73609426)
(0,0,0)
(0,0,0)
(0,0,0)
(0,0,0)
(0,0,0)
(0,0,0)
(-548367.983915688,237261.125270206,46420.3437099787)
(-567270.251765409,226813.358565308,96214.1275386438)
(-610955.58643563,202898.410831675,153244.54881009)
(-693579.727127345,158416.458926159,223508.746430236)
(-842859.153980801,80305.0806024841,318937.304883886)
(-1107129.80925644,-48502.4908915734,462457.747677884)
(-1545271.03807659,-215925.083102678,653744.707060453)
(-2127449.5582174,-239416.106506111,562647.71928629)
(-2915437.70789423,-122542.869862172,-760691.87604201)
(-3516107.47118448,-42856.8649987756,-6912245.46671089)
(0,0,0)
(0,0,0)
(0,0,0)
(0,0,0)
(0,0,0)
(0,0,0)
(-632256.106939191,345368.462651133,35888.628586029)
(-650180.166268746,334365.682090121,72178.4465417556)
(-692593.018852628,309085.188119997,108658.755938954)
(-776868.288890533,261102.998372696,145336.510941668)
(-942772.80982117,171582.272856469,190134.116580008)
(-1279513.45550988,560.982872534097,295022.093625552)
(-1936884.34503935,-301882.644519132,630232.642634469)
(-2488497.15078526,-349319.663659968,679490.645105197)
(-3036630.85534892,-120976.147661587,-681009.372480539)
(-3549341.15232106,-26311.6748507748,-6869300.3896755)
(0,0,0)
(0,0,0)
(0,0,0)
(0,0,0)
(0,0,0)
(0,0,0)
(-773075.942343023,470710.929501248,24784.4186933123)
(-789512.131765976,461318.380753919,46748.7033696614)
(-829576.247776801,440444.232115529,60558.658236612)
(-913869.290601916,403199.890516856,55751.7156382407)
(-1099430.59275034,341255.112236657,19103.8664629162)
(-1574510.00422166,246497.581653514,-7489.20792770469)
(-3127545.78891924,138457.251414935,582718.55215981)
(-3710018.34483023,89619.6002800845,907793.215688352)
(-3274378.70400781,78806.2024602465,-586349.348893606)
(-3603859.22015799,49946.4736391558,-6842945.38767057)
(0,0,0)
(0,0,0)
(0,0,0)
(0,0,0)
(0,0,0)
(0,0,0)
(-1005138.0682851,598071.704115803,15274.8736973821)
(-1019518.04544729,591474.935778996,25696.6493630249)
(-1055434.66289146,577677.513464555,23213.9903213911)
(-1133849.80771696,555324.865090583,-6240.0626291132)
(-1314305.85101952,521776.330765873,-75677.2615837779)
(-1788250.02285208,471607.890885768,-115645.658341612)
(-3265885.06683789,400584.866028602,533764.37119387)
(-3799412.66375936,359951.205221248,896997.556018536)
(-3385159.92831408,259897.87407797,-615154.627975972)
(-3658352.06331558,129458.54084052,-6892842.50703113)
(0,0,0)
(0,0,0)
(0,0,0)
(0,0,0)
(0,0,0)
(0,0,0)
(-1384464.46285453,667145.452413435,8565.94797128555)
(-1396309.40137563,663439.107892968,11768.5246850974)
(-1426530.77437916,657036.636803453,806.161055877918)
(-1494911.6896811,650600.471477835,-39842.3157181117)
(-1660650.90515456,649048.959452599,-125834.793445208)
(-2124854.22632834,655571.49491406,-186701.264894943)
(-3666338.96891311,656751.019505083,493096.856459795)
(-4159123.14841284,752461.514630508,797027.353866237)
(-3552690.13269672,420472.209995075,-745507.648757692)
(-3748323.41217146,174516.498296475,-7022227.16664874)
(0,0,0)
(0,0,0)
(0,0,0)
(0,0,0)
(0,0,0)
(0,0,0)
(-1990015.01040443,457367.705582553,4818.12455007368)
(-1998936.55406474,455585.452327641,5328.76899776512)
(-2022010.2841256,454225.246483572,-5588.3777963513)
(-2075658.29970934,459897.750899255,-41324.7509458754)
(-2212854.8326531,490134.952846174,-119211.588244138)
(-2638869.45396742,586571.342945255,-185379.113154611)
(-4323072.27933032,793592.521738516,589028.399501972)
(-3523155.80720017,510031.509981063,465321.696898789)
(-3686224.97969211,187985.336497428,-991229.807856263)
(-3887578.83634821,1693.70152711247,-7196591.32028653)
(0,0,0)
(0,0,0)
(0,0,0)
(0,0,0)
(0,0,0)
(0,0,0)
(-2858561.43935558,-889493.239341953,3102.85957924036)
(-2864351.94504677,-890961.832455292,4079.05131467558)
(-2879131.81847357,-892388.000752114,227.119126385779)
(-2912145.31192773,-889802.282878284,-10934.4289702151)
(-2987765.58431128,-875794.112793664,-22609.7789073053)
(-3168476.33881983,-842665.734169332,21882.3479703666)
(-3563537.38488387,-818573.985977785,305778.360814385)
(-3692576.57061573,-1002555.03339418,143603.259842143)
(-4032004.03413763,-1169236.47184354,-1177243.18421036)
(-4095636.43346205,-1016832.43486441,-7198078.92236687)
(0,0,0)
(0,0,0)
(0,0,0)
(0,0,0)
(0,0,0)
(0,0,0)
(-3500618.47209117,-7034810.74139759,1720.1714041738)
(-3503436.54022582,-7036634.36289879,2847.5902367447)
(-3510504.57467218,-7039654.68148005,3001.31031961668)
(-3525766.21617032,-7042804.21176527,3315.65424797043)
(-3558265.0571225,-7046446.30712463,10842.9415040375)
(-3626331.21047378,-7057674.92630566,46360.575178716)
(-3752092.78584152,-7104448.85865444,122224.521115797)
(-3891878.7763759,-7227134.67668591,-22684.2540194489)
(-4096916.84533939,-7204858.19935842,-1024479.79356657)
(-3953607.31893536,-6180720.27995215,-6180965.34543012)
(0,0,0)
(0,0,0)
(0,0,0)
(0,0,0)
(0,0,0)
(0,0,0)
(0,0,0)
(0,0,0)
(0,0,0)
(0,0,0)
(0,0,0)
(0,0,0)
(0,0,0)
(0,0,0)
(0,0,0)
(0,0,0)
(0,0,0)
(0,0,0)
(0,0,0)
(0,0,0)
(0,0,0)
(0,0,0)
(0,0,0)
(0,0,0)
(0,0,0)
(0,0,0)
(0,0,0)
(0,0,0)
(0,0,0)
(0,0,0)
(0,0,0)
(0,0,0)
(0,0,0)
(0,0,0)
(0,0,0)
(0,0,0)
(0,0,0)
(0,0,0)
(0,0,0)
(0,0,0)
(0,0,0)
(0,0,0)
(0,0,0)
(0,0,0)
(0,0,0)
(0,0,0)
(0,0,0)
(0,0,0)
(0,0,0)
(0,0,0)
(0,0,0)
(0,0,0)
(0,0,0)
(0,0,0)
(0,0,0)
(0,0,0)
(0,0,0)
(0,0,0)
(0,0,0)
(0,0,0)
(0,0,0)
(0,0,0)
(0,0,0)
(0,0,0)
(0,0,0)
(0,0,0)
(0,0,0)
(0,0,0)
(0,0,0)
(0,0,0)
(0,0,0)
(0,0,0)
(0,0,0)
(0,0,0)
(0,0,0)
(0,0,0)
(0,0,0)
(0,0,0)
(0,0,0)
(0,0,0)
(0,0,0)
(0,0,0)
(0,0,0)
(0,0,0)
(0,0,0)
(0,0,0)
(0,0,0)
(0,0,0)
(0,0,0)
(0,0,0)
(0,0,0)
(0,0,0)
(0,0,0)
(0,0,0)
(0,0,0)
(0,0,0)
(0,0,0)
(0,0,0)
(0,0,0)
(0,0,0)
(0,0,0)
(0,0,0)
(-568205.586150736,49043.2137388179,38736.5236049337)
(-585190.84844065,45185.8420950241,78408.830344036)
(-622435.738266596,36408.6534139266,119119.335135638)
(-687307.460425377,20417.9170052546,158897.479021753)
(-791840.171091983,-5880.7114150145,189706.67956907)
(-952490.281636459,-43499.4863939328,185538.808936987)
(-1183478.65636131,-81236.3238519838,68604.2111844902)
(-1469815.09776728,-81367.2690977629,-365571.288904126)
(-1698836.1601567,-49955.7377032817,-1467875.78463993)
(-1476218.79663761,-21165.2904762986,-3465455.36245604)
(0,0,0)
(0,0,0)
(0,0,0)
(0,0,0)
(0,0,0)
(0,0,0)
(-587338.788303112,100087.974049811,34868.6394531628)
(-603338.222958513,92833.3883497665,69576.8661135791)
(-638480.383809158,75889.6107144486,103088.330854005)
(-699888.413721054,43446.1985518065,132592.545802118)
(-799647.177189631,-14970.2144628833,152034.308717368)
(-955677.910037718,-112417.239273152,147764.393397897)
(-1185133.1315371,-236032.833653758,68431.6919238451)
(-1462791.20921389,-233134.117994893,-334171.7816582)
(-1687537.0794828,-124575.85529367,-1439068.49830999)
(-1469277.58471282,-47316.5038654727,-3444241.67994258)
(0,0,0)
(0,0,0)
(0,0,0)
(0,0,0)
(0,0,0)
(0,0,0)
(-629224.048288525,153383.857762876,27560.1806597753)
(-643371.503330747,143919.991874161,52574.8287007143)
(-674405.801854974,121255.400593457,70659.2542410488)
(-728733.746865463,75068.1204765435,74191.3520544345)
(-818520.529745086,-19668.5913435341,54551.1046993677)
(-968154.77671977,-220918.618223511,24077.451113047)
(-1220940.12386825,-607577.014528482,71290.7177794285)
(-1463190.19581122,-600490.160599671,-225612.602021981)
(-1660146.52288431,-243717.348019545,-1361762.29430601)
(-1452342.58708609,-76067.8773913961,-3396775.80487848)
(0,0,0)
(0,0,0)
(0,0,0)
(0,0,0)
(0,0,0)
(0,0,0)
(-701384.049635204,204489.830929667,18021.9695292306)
(-712969.831490207,194948.743709353,29782.8829155041)
(-737988.662782641,172033.516340434,24400.4110985419)
(-780824.419237353,124038.333973627,-20613.6720517228)
(-851190.81105501,14874.3052277355,-146738.567389149)
(-990044.190984064,-294494.525720325,-362631.924418156)
(-1492793.51600217,-1492634.42082096,78334.6528371349)
(-1570851.77723584,-1570877.63973187,131076.758419905)
(-1596452.52653293,-358704.068806332,-1194114.8496093)
(-1418165.42904182,-80797.0251393561,-3320561.4251406)
(0,0,0)
(0,0,0)
(0,0,0)
(0,0,0)
(0,0,0)
(0,0,0)
(-815487.419616819,238515.198332716,8386.10987074307)
(-824043.581799736,231153.465348259,6712.83826559916)
(-841555.496217569,214445.126640203,-23719.5235933979)
(-866798.154115898,183120.56440775,-129872.890513537)
(-884631.562968995,126337.503480084,-456135.118547237)
(-797014.900568453,32689.9526589566,-1560814.70057973)
(-6.43981542777412e-05,-1.67994888799171e-05,4.23617307046159e-05)
(783.260110838948,219.143363041658,1343132.29893279)
(-1341758.72946764,-31964.2218059193,-916227.522607824)
(-1356661.94551548,-4547.56429803537,-3239674.25809167)
(0,0,0)
(0,0,0)
(0,0,0)
(0,0,0)
(0,0,0)
(0,0,0)
(-986050.209734589,218514.033566823,913.306215382569)
(-991717.314202478,214444.368892284,-10178.3285734546)
(-1002349.02408286,206347.231094398,-55166.071836252)
(-1013275.29857156,194085.208414138,-186705.224988042)
(-1000243.62077602,175315.970735597,-549745.922487072)
(-846676.058978884,134897.466937438,-1593527.40063875)
(-5.67746673099244e-05,-2.1792796928211e-05,3.16573808470446e-05)
(585.907571835541,260.767599367612,1310946.99403275)
(-1309844.16979807,92409.5598202391,-888742.546109404)
(-1356094.1229338,39496.6232755539,-3235044.67406471)
(0,0,0)
(0,0,0)
(0,0,0)
(0,0,0)
(0,0,0)
(0,0,0)
(-1224057.96590412,61374.5928625656,-3267.05624614887)
(-1227323.20512295,60595.9529921756,-18404.8365987272)
(-1232395.5166882,61320.0168198122,-67512.880015091)
(-1232420.54138537,69637.2991018875,-205556.118998568)
(-1197390.33030135,96653.9431438213,-590154.666260006)
(-993113.772098324,141424.526623425,-1728422.18017601)
(-0.000151577884430595,5.51745524525412e-05,4.15759967558077e-05)
(238.232208972423,1388525.13845153,1403206.64636998)
(-1402588.34729394,287000.757718318,-941486.33693089)
(-1411205.05526089,35286.4560438951,-3274394.52660982)
(0,0,0)
(0,0,0)
(0,0,0)
(0,0,0)
(0,0,0)
(0,0,0)
(-1512982.79706809,-411550.174226405,-4107.44624737811)
(-1514557.05999207,-410180.981807387,-17710.0055204853)
(-1515965.74178695,-403262.084863387,-59172.4461759401)
(-1509757.22692344,-376933.197136063,-178503.022723898)
(-1464285.18045871,-285081.398449561,-545337.333324913)
(-1229766.27673856,56733.9234589359,-1869749.90738929)
(-33.3301010891252,1553027.36548815,1388771.03805187)
(-1388541.18149273,340612.568540597,302068.982255345)
(-1746483.66792283,-157806.523874954,-1192865.04792066)
(-1529326.26283397,-206378.99234521,-3309452.17304579)
(0,0,0)
(0,0,0)
(0,0,0)
(0,0,0)
(0,0,0)
(0,0,0)
(-1735292.18752975,-1532128.5967561,-2690.82929612606)
(-1735966.36907004,-1530578.63592576,-10678.7511544784)
(-1736076.22272875,-1524267.65915595,-32728.7726067213)
(-1731362.69760119,-1503924.36428443,-86520.2197848934)
(-1709185.80100028,-1446789.51547879,-203391.886066668)
(-1640932.41098746,-1300934.70688077,-373267.183559341)
(-1553006.28080783,-1007422.91127096,176651.989123728)
(-1777259.14430988,-1202069.75391157,-195983.114729951)
(-1910362.97140266,-1234302.84270895,-1241127.85863091)
(-1565441.64027346,-874881.355916048,-3102820.28824868)
(0,0,0)
(0,0,0)
(0,0,0)
(0,0,0)
(0,0,0)
(0,0,0)
(-1496721.22842835,-3534933.52960116,-1092.31081774065)
(-1496975.25469916,-3533912.19661202,-4220.03565815193)
(-1496946.67123835,-3529799.75681957,-12245.8414283699)
(-1495100.11176595,-3517669.60742434,-29166.702692792)
(-1488140.66690745,-3488827.36058952,-57253.2477970937)
(-1473200.47874579,-3431896.34695359,-79422.339452284)
(-1468542.31999621,-3352811.78668871,-17583.9298798268)
(-1548085.19117856,-3335645.20117626,-227802.067812454)
(-1569432.7167804,-3108254.83448314,-881334.204597252)
(-1254926.93024061,-2227282.72171683,-2227613.22749121)
(0,0,0)
(0,0,0)
(0,0,0)
(0,0,0)
(0,0,0)
(0,0,0)
(0,0,0)
(0,0,0)
(0,0,0)
(0,0,0)
(0,0,0)
(0,0,0)
(0,0,0)
(0,0,0)
(0,0,0)
(0,0,0)
(0,0,0)
(0,0,0)
(0,0,0)
(0,0,0)
(0,0,0)
(0,0,0)
(0,0,0)
(0,0,0)
(0,0,0)
(0,0,0)
(0,0,0)
(0,0,0)
(0,0,0)
(0,0,0)
(0,0,0)
(0,0,0)
(0,0,0)
(0,0,0)
(0,0,0)
(0,0,0)
(0,0,0)
(0,0,0)
(0,0,0)
(0,0,0)
(0,0,0)
(0,0,0)
(0,0,0)
(0,0,0)
(0,0,0)
(0,0,0)
(0,0,0)
(0,0,0)
(0,0,0)
(0,0,0)
(0,0,0)
(0,0,0)
(0,0,0)
(0,0,0)
(0,0,0)
(0,0,0)
(0,0,0)
(0,0,0)
(0,0,0)
(0,0,0)
(0,0,0)
(0,0,0)
(0,0,0)
(0,0,0)
(0,0,0)
(0,0,0)
(0,0,0)
(0,0,0)
(0,0,0)
(0,0,0)
(0,0,0)
(0,0,0)
(0,0,0)
(0,0,0)
(0,0,0)
(0,0,0)
(0,0,0)
(0,0,0)
(0,0,0)
(0,0,0)
(0,0,0)
(0,0,0)
(0,0,0)
(0,0,0)
(0,0,0)
(0,0,0)
(0,0,0)
(0,0,0)
(0,0,0)
(0,0,0)
(0,0,0)
(0,0,0)
(0,0,0)
(0,0,0)
(0,0,0)
(0,0,0)
(0,0,0)
(0,0,0)
(0,0,0)
(0,0,0)
(0,0,0)
(0,0,0)
(-620086.628445369,29959.9898391122,21921.0524555209)
(-631629.801062309,27035.1102247691,41324.8948524095)
(-655781.064870707,20312.1275505474,54358.0939059711)
(-695024.437898811,7773.79850597216,54301.2728734345)
(-752623.062412237,-13744.1550680696,28828.3192617542)
(-831229.708078933,-46734.7831774583,-45697.4711183158)
(-928090.769711309,-82958.3183187596,-218127.039449559)
(-1018562.42555011,-74386.6451852698,-594993.066481463)
(-1009502.77294304,-38664.0302782346,-1245662.42341689)
(-717882.844985751,-14206.6366082302,-1989791.73846048)
(0,0,0)
(0,0,0)
(0,0,0)
(0,0,0)
(0,0,0)
(0,0,0)
(-634630.774664899,58294.2376748839,18957.7385260129)
(-644703.59831939,52852.098490068,34506.1256215857)
(-665383.460799619,39976.9310977771,41744.3990648157)
(-697761.342921041,14612.3578640653,32778.7689067123)
(-742632.090323208,-33797.0094410947,-4183.46358668963)
(-799794.282505793,-124832.285133776,-81969.5891622981)
(-868620.479511014,-271816.635583832,-209623.923923313)
(-953945.399200618,-233533.543196044,-559322.835925808)
(-967123.941749766,-97175.499400048,-1221224.50453703)
(-698796.177327424,-30370.0447928639,-1975542.50373778)
(0,0,0)
(0,0,0)
(0,0,0)
(0,0,0)
(0,0,0)
(0,0,0)
(-665688.451300805,81282.2892774207,13476.351409741)
(-673008.330655292,74382.3794710987,21582.8977532608)
(-686928.424992635,57698.3352202907,16384.1167684106)
(-705073.445567261,22984.0144307455,-15647.84109647)
(-720425.64400978,-52293.6354682071,-95246.1008046636)
(-716474.697916265,-242760.698218245,-228997.766523693)
(-670969.269462638,-879431.703428844,-171353.553084288)
(-736915.834144169,-708172.390711526,-422989.067235863)
(-845910.102057844,-180026.885781176,-1154374.10168122)
(-650191.204273403,-41898.7514705498,-1944996.77781624)
(0,0,0)
(0,0,0)
(0,0,0)
(0,0,0)
(0,0,0)
(0,0,0)
(-717033.358624248,90409.2148252221,6522.38344124245)
(-720760.318893801,83867.7271247773,4827.52319115315)
(-725528.169306907,68418.3028832716,-18352.9379475587)
(-723193.304103757,38003.7187441362,-91003.7573945465)
(-690135.712962206,-18586.196504532,-285766.294451035)
(-551393.403563158,-101497.546325433,-865680.233764754)
(-3.05057729972131e-05,-4.43371876066003e-06,1.57982923642534e-05)
(863.175236506019,723.046395164204,105065.775813814)
(-551199.76028499,-103999.851592366,-1016214.02462294)
(-554105.606791539,-19288.7501398441,-1902883.84820395)
(0,0,0)
(0,0,0)
(0,0,0)
(0,0,0)
(0,0,0)
(0,0,0)
(-792826.414661314,67851.7241372556,-103.514267533889)
(-792883.01443293,63346.1915616473,-10742.546071215)
(-788479.869544554,53501.5616019846,-48901.4314629445)
(-766479.978192961,36525.4148432899,-147741.303485037)
(-692872.963322905,10651.6428597802,-368737.742495429)
(-486030.303045709,-17034.2704045246,-764185.615939066)
(4.45566492755517e-06,-1.01665311136564e-06,-7.68891707579181e-05)
(-6.89336688653303e-05,-9.87027822301475e-06,2.88490932672389e-06)
(355.548379214501,-55.3055147018801,-931527.368393643)
(-420063.503385006,-3984.01195291186,-1883430.54871102)
(0,0,0)
(0,0,0)
(0,0,0)
(0,0,0)
(0,0,0)
(0,0,0)
(-893775.698096358,-19719.71317956,-4703.07432141691)
(-890936.418322301,-21407.3296405619,-20730.4489993853)
(-879605.652831144,-23962.0629531271,-66010.1956959874)
(-843778.259343681,-25289.2885421998,-173692.531538379)
(-744898.210670125,-22007.9140621001,-396378.384722382)
(-501268.570666115,-11657.9629300523,-747162.180509615)
(-4.29955014182485e-08,-4.91088501120339e-06,-5.73652428684912e-05)
(-4.97651327765978e-05,-1.73361253021747e-05,-9.19171296665791e-09)
(209.368255739448,-325.533551988398,-935355.477191696)
(-400497.364169078,-15612.9419933474,-1879323.30591599)
(0,0,0)
(0,0,0)
(0,0,0)
(0,0,0)
(0,0,0)
(0,0,0)
(-1009429.27850808,-227858.99916747,-6489.40140812616)
(-1004894.2446102,-226934.348444343,-23391.34311709)
(-989739.454685825,-222554.763038123,-67454.7050344759)
(-946606.933860426,-208000.679084957,-170556.922016662)
(-833383.728251339,-170507.935334187,-386063.50279459)
(-559884.17634581,-95399.3601253451,-735551.701351821)
(-7.42982052520143e-06,-8.68185429689104e-05,-6.6579374638025e-05)
(-8.64111031850717e-05,1.03100937540906e-06,1.26248045394921e-06)
(310.391486268801,-56863.1663413,-950403.919808001)
(-430847.10959323,-82833.2070288436,-1863541.60044015)
(0,0,0)
(0,0,0)
(0,0,0)
(0,0,0)
(0,0,0)
(0,0,0)
(-1100915.21674659,-634300.025582815,-5626.55390615894)
(-1096116.02631539,-631989.83495698,-19012.1010702082)
(-1080880.48794531,-623768.995959313,-52883.1219906576)
(-1038639.81114065,-598930.783755235,-133070.433103166)
(-926573.585423048,-530313.800305501,-310976.163167504)
(-641267.067051492,-354672.184431119,-640202.548548802)
(-0.000103361285281542,5.65421341721664e-06,6.55919771102117e-06)
(237.346563519818,-48088.0135422081,-56098.2242331899)
(-561807.093727421,-321696.194555354,-975941.770214543)
(-565128.723117505,-242522.147132043,-1780450.36982783)
(0,0,0)
(0,0,0)
(0,0,0)
(0,0,0)
(0,0,0)
(0,0,0)
(-1072167.01022057,-1294129.00504915,-3296.19784284308)
(-1068438.69906474,-1292125.26604439,-10688.4367607293)
(-1056932.24205353,-1285666.01447363,-27935.3989216252)
(-1025715.97877359,-1268169.52218898,-64343.379315476)
(-942402.199036729,-1226196.20823167,-135244.573352849)
(-711832.463278818,-1133550.22514668,-285466.480345927)
(-29.4273055746706,-923153.758204842,-47738.9087643179)
(-570869.752566492,-972992.624976444,-329223.689073483)
(-771461.226536049,-893433.996372016,-896387.632123435)
(-602332.713935112,-564407.062437364,-1537611.64315646)
(0,0,0)
(0,0,0)
(0,0,0)
(0,0,0)
(0,0,0)
(0,0,0)
(-750676.972344491,-2038859.82113671,-1313.4399963002)
(-748722.135902539,-2037545.77078175,-4146.05405557358)
(-742952.60885985,-2033463.0296516,-10343.1012561116)
(-728223.832805179,-2023199.58026353,-22189.3221423349)
(-692902.957392494,-2001259.10482184,-42364.135067114)
(-615180.961175279,-1959109.82444257,-74824.0533417381)
(-484799.859799894,-1884541.45485386,-97178.816889045)
(-581300.218650135,-1787754.38834028,-249202.026053632)
(-606161.382526251,-1538973.6035297,-566933.753150108)
(-441027.454054989,-972427.925940434,-972812.365832664)
(0,0,0)
(0,0,0)
(0,0,0)
(0,0,0)
(0,0,0)
(0,0,0)
(0,0,0)
(0,0,0)
(0,0,0)
(0,0,0)
(0,0,0)
(0,0,0)
(0,0,0)
(0,0,0)
(0,0,0)
(0,0,0)
(0,0,0)
(0,0,0)
(0,0,0)
(0,0,0)
(0,0,0)
(0,0,0)
(0,0,0)
(0,0,0)
(0,0,0)
(0,0,0)
(0,0,0)
(0,0,0)
(0,0,0)
(0,0,0)
(0,0,0)
(0,0,0)
(0,0,0)
(0,0,0)
(0,0,0)
(0,0,0)
(0,0,0)
(0,0,0)
(0,0,0)
(0,0,0)
(0,0,0)
(0,0,0)
(0,0,0)
(0,0,0)
(0,0,0)
(0,0,0)
(0,0,0)
(0,0,0)
(0,0,0)
(0,0,0)
(0,0,0)
(0,0,0)
(0,0,0)
(0,0,0)
(0,0,0)
(0,0,0)
(0,0,0)
(0,0,0)
(0,0,0)
(0,0,0)
(0,0,0)
(0,0,0)
(0,0,0)
(0,0,0)
(0,0,0)
(0,0,0)
(0,0,0)
(0,0,0)
(0,0,0)
(0,0,0)
(0,0,0)
(0,0,0)
(0,0,0)
(0,0,0)
(0,0,0)
(0,0,0)
(0,0,0)
(0,0,0)
(0,0,0)
(0,0,0)
(0,0,0)
(0,0,0)
(0,0,0)
(0,0,0)
(0,0,0)
(0,0,0)
(0,0,0)
(0,0,0)
(0,0,0)
(0,0,0)
(0,0,0)
(0,0,0)
(0,0,0)
(0,0,0)
(0,0,0)
(0,0,0)
(0,0,0)
(0,0,0)
(0,0,0)
(0,0,0)
(0,0,0)
(0,0,0)
(-646104.970020786,15480.9058338918,10537.4357415321)
(-652344.747014489,13973.0000312353,17279.3816624799)
(-664387.341213559,10685.8580639215,15199.7999414078)
(-681537.74665676,4999.31050536178,-3286.20180600591)
(-702107.393462646,-3819.83013211202,-49982.0406234862)
(-723008.888875765,-15337.278641114,-142865.581185536)
(-738407.903822216,-23522.9494682909,-309025.497606342)
(-731397.489836202,-9815.47462031317,-586374.958699939)
(-645040.552962518,3686.36081152849,-954523.539491966)
(-404767.68539428,4871.89438812015,-1272510.5934716)
(0,0,0)
(0,0,0)
(0,0,0)
(0,0,0)
(0,0,0)
(0,0,0)
(-655434.096824245,27276.545090204,9007.68290303756)
(-660198.299895408,24551.0296910389,13924.3548192542)
(-668644.757528235,18426.6569967995,9444.85261499323)
(-678519.471008704,7320.10210786712,-12117.8108998522)
(-685485.413123432,-11566.7154794292,-61517.6027523075)
(-684064.584626936,-41474.544549237,-151110.034723044)
(-673743.636893678,-74120.6086629421,-295389.21814572)
(-669751.690715307,-16475.1511173083,-572923.250134036)
(-607095.977477206,24059.9385713053,-953324.792166366)
(-388210.793407439,18236.4373575234,-1277274.71905576)
(0,0,0)
(0,0,0)
(0,0,0)
(0,0,0)
(0,0,0)
(0,0,0)
(-674652.832364307,29978.6198808347,6262.30627287591)
(-676659.15959246,26679.9166104347,7784.24829064743)
(-678206.904379649,19140.0580444909,-1650.67337002933)
(-673287.281842318,4910.75169274605,-31027.4866798565)
(-649641.050573361,-21942.1660014319,-91436.6295942731)
(-587987.468469495,-77614.8449410616,-183783.558649223)
(-482784.74926615,-208300.936256302,-237787.751252349)
(-488457.711770562,29695.7278655512,-532416.752608814)
(-509949.402884323,114735.738637534,-959053.251848571)
(-349918.952966391,54182.4829893457,-1295271.54878738)
(0,0,0)
(0,0,0)
(0,0,0)
(0,0,0)
(0,0,0)
(0,0,0)
(-704675.547038028,14722.3039902017,2898.5043044109)
(-703196.951443415,11827.9896088261,187.063855636697)
(-695829.988092478,5502.2735297643,-15873.3328440672)
(-670949.186443766,-5278.35544862921,-57928.3433626808)
(-601525.154585866,-21324.1106999845,-147156.957040465)
(-425508.759325768,-36133.6618401867,-314522.784378729)
(-2.46739685837926e-05,-4.51072317244975e-06,-4.06438091684976e-06)
(-176.130755051129,47.0327784263563,-447446.185250693)
(-312058.330940211,447636.455288794,-1019488.33124674)
(-284987.900425537,114752.589879751,-1349176.14450314)
(0,0,0)
(0,0,0)
(0,0,0)
(0,0,0)
(0,0,0)
(0,0,0)
(-744824.159697072,-33183.2456523061,-96.7053217297881)
(-740098.27589962,-34805.2741572993,-6248.18008891223)
(-724710.951698491,-37733.9170036865,-26780.9074015254)
(-683537.558458116,-40887.1841293128,-74114.4984556859)
(-584774.900506237,-41501.8574934629,-162034.814478876)
(-373407.547024356,-32358.2093754397,-278433.022964977)
(4.43537369630386e-06,7.21128799368139e-09,-6.05544783490915e-06)
(-6.04772676791077e-05,-2.31377490643144e-06,-1.20631594069327e-05)
(392.007216283739,-180.935816773955,-1352307.9824436)
(-209476.259980856,15581.4600299673,-1463724.09599796)
(0,0,0)
(0,0,0)
(0,0,0)
(0,0,0)
(0,0,0)
(0,0,0)
(-789560.656855906,-135597.332286877,-1800.95460588171)
(-782642.780970373,-135618.471850375,-9281.3942647379)
(-762167.939796064,-134375.515961182,-30077.5083423272)
(-711516.409569627,-128378.074117022,-74848.4681286735)
(-597640.020384244,-110715.508436823,-152893.007471194)
(-370017.543691643,-70410.3241666285,-246091.919654478)
(5.69981199224133e-07,-2.01947701249072e-06,-2.25616492888328e-11)
(-4.20060048738496e-05,-2.50840396626401e-06,-7.56452140456559e-06)
(141.226799895716,-239.748996187521,-1336367.7529446)
(-196177.786477285,-45974.7885692896,-1479131.08203712)
(0,0,0)
(0,0,0)
(0,0,0)
(0,0,0)
(0,0,0)
(0,0,0)
(-823450.561047169,-319680.63275603,-1895.41699176696)
(-815793.380830356,-318497.372303401,-8117.38031859102)
(-793968.734367498,-314048.061887953,-24215.5547101472)
(-741457.669264389,-300376.578903474,-57366.3145197318)
(-624801.214222222,-263981.879617731,-112682.457367943)
(-390216.771863053,-176969.13890632,-175791.047111008)
(-5.34824305914406e-06,-5.06349900474839e-06,-2.66724964121042e-11)
(-7.41230811072997e-05,-4.23419120592672e-06,-1.05622615106056e-05)
(105.891565801871,-619070.403982381,-1381854.55192736)
(-208530.085111512,-217153.575958268,-1432992.78902012)
(0,0,0)
(0,0,0)
(0,0,0)
(0,0,0)
(0,0,0)
(0,0,0)
(-813777.662934521,-606054.19762257,-763.98894552962)
(-806931.378043887,-604782.246231526,-3663.76328890611)
(-787766.890954807,-600272.376490266,-10553.0456770957)
(-742121.777530462,-586431.750311915,-21015.9078788429)
(-639326.364113132,-546482.173052467,-25762.8357540242)
(-419518.186435994,-425459.777924188,978.922648344663)
(-9.13660236284088e-05,-1.38671706942728e-05,-3.20988279740826e-06)
(247.418741550731,-619312.779945618,-618367.245305129)
(-288309.470707979,-531432.028132584,-979503.244174366)
(-266406.908579256,-279796.239747494,-1215582.39492338)
(0,0,0)
(0,0,0)
(0,0,0)
(0,0,0)
(0,0,0)
(0,0,0)
(-705542.84611259,-973166.490897373,488.129166824577)
(-700684.139767993,-972949.197973295,900.521611830784)
(-687403.05422123,-972242.637498188,3341.59478744419)
(-656598.284676487,-971190.504101435,18982.6544798687)
(-588027.231604221,-977132.246427919,95257.7604228143)
(-431052.275110886,-1037242.43823378,426260.232564474)
(448.264317904225,-1408154.05592222,-618701.869491733)
(-295344.111609544,-983606.499917514,-529933.790476783)
(-377181.378216138,-728246.315290638,-727399.351638633)
(-270924.491205773,-403180.870714518,-935422.94340096)
(0,0,0)
(0,0,0)
(0,0,0)
(0,0,0)
(0,0,0)
(0,0,0)
(-435773.611273146,-1288719.7177109,649.8657421917)
(-433322.217688135,-1289362.20003219,1662.94958668779)
(-426861.088770926,-1291099.28889022,4428.08088979899)
(-412568.253237719,-1295557.27373321,13139.2709541094)
(-383343.627177703,-1308856.96417247,35304.6584838851)
(-328297.269176884,-1344323.00709259,55501.5353442902)
(-243680.451951775,-1400032.66803592,-193739.260390117)
(-277867.442676056,-1206662.85356353,-274115.68271818)
(-273733.648918289,-932928.537313478,-401861.194303297)
(-182780.521614098,-531454.527601618,-531834.469857092)
(0,0,0)
(0,0,0)
(0,0,0)
(0,0,0)
(0,0,0)
(0,0,0)
(0,0,0)
(0,0,0)
(0,0,0)
(0,0,0)
(0,0,0)
(0,0,0)
(0,0,0)
(0,0,0)
(0,0,0)
(0,0,0)
(0,0,0)
(0,0,0)
(0,0,0)
(0,0,0)
(0,0,0)
(0,0,0)
(0,0,0)
(0,0,0)
(0,0,0)
(0,0,0)
(0,0,0)
(0,0,0)
(0,0,0)
(0,0,0)
(0,0,0)
(0,0,0)
(0,0,0)
(0,0,0)
(0,0,0)
(0,0,0)
(0,0,0)
(0,0,0)
(0,0,0)
(0,0,0)
(0,0,0)
(0,0,0)
(0,0,0)
(0,0,0)
(0,0,0)
(0,0,0)
(0,0,0)
(0,0,0)
(0,0,0)
(0,0,0)
(0,0,0)
(0,0,0)
(0,0,0)
(0,0,0)
(0,0,0)
(0,0,0)
(0,0,0)
(0,0,0)
(0,0,0)
(0,0,0)
(0,0,0)
(0,0,0)
(0,0,0)
(0,0,0)
(0,0,0)
(0,0,0)
(0,0,0)
(0,0,0)
(0,0,0)
(0,0,0)
(0,0,0)
(0,0,0)
(0,0,0)
(0,0,0)
(0,0,0)
(0,0,0)
(0,0,0)
(0,0,0)
(0,0,0)
(0,0,0)
(0,0,0)
(0,0,0)
(0,0,0)
(0,0,0)
(0,0,0)
(0,0,0)
(0,0,0)
(0,0,0)
(0,0,0)
(0,0,0)
(0,0,0)
(0,0,0)
(0,0,0)
(0,0,0)
(0,0,0)
(0,0,0)
(0,0,0)
(0,0,0)
(0,0,0)
(0,0,0)
(0,0,0)
(0,0,0)
(-656757.27512976,6222.23764468764,4430.06746427568)
(-659404.625186021,6160.11528909433,5329.83034670954)
(-663639.905180351,6421.28617536731,-1838.89186186422)
(-667505.967291064,7968.91765455523,-23839.5888821118)
(-667648.848817666,12736.6719040034,-71034.8054310939)
(-659206.923645326,23590.2354112774,-158427.006072808)
(-635661.091397859,41134.8856368317,-302308.704133995)
(-585048.463546046,51800.0175082391,-500457.747932388)
(-472366.612688433,41587.3511118216,-714719.039318295)
(-272604.49487368,21380.1721353507,-868262.40197424)
(0,0,0)
(0,0,0)
(0,0,0)
(0,0,0)
(0,0,0)
(0,0,0)
(-661640.780827743,8042.79231340591,4386.12933478163)
(-663280.425124494,8032.63277720337,5595.73707575944)
(-665091.314881398,8771.4664281443,-307.885823856645)
(-664200.63491035,12441.1946822991,-19098.9989499569)
(-655813.449750309,24191.4445665004,-60225.734985582)
(-634330.015439575,54565.1526655492,-140935.221427218)
(-598686.874989191,116805.955290325,-291663.052985208)
(-563770.706834717,164805.55689097,-510649.576248539)
(-462529.678055144,121189.552209287,-734818.07676807)
(-268662.535694129,56479.7906641911,-889465.953010221)
(0,0,0)
(0,0,0)
(0,0,0)
(0,0,0)
(0,0,0)
(0,0,0)
(-671000.404324196,9.02373858631132,4381.34053470726)
(-670773.373092378,156.48492263364,6371.70188919226)
(-667945.907320712,1493.24844840937,3388.92280998907)
(-657268.142751279,7213.23687947443,-7402.25847822438)
(-629131.625520023,26163.60255506,-29883.841520124)
(-569477.548015279,84881.2237486713,-78709.8330574573)
(-475516.612859933,274475.234218714,-243647.248392072)
(-531117.504018151,518039.555183214,-554221.454436734)
(-456268.618279507,312640.655336777,-799353.342169016)
(-266187.615315662,119081.728381803,-945686.617537367)
(0,0,0)
(0,0,0)
(0,0,0)
(0,0,0)
(0,0,0)
(0,0,0)
(-683792.915616327,-25340.3854183795,4466.77773526196)
(-681218.952095477,-25017.1686331333,7662.43194308554)
(-672403.89996123,-23385.0019949416,9114.59425518681)
(-648202.71100006,-17915.4764720885,11496.8321630469)
(-588012.587050321,-4628.08038627283,28775.9475688425)
(-438671.959791734,15960.1739876485,110860.197795831)
(-1.63665291903034e-05,4.90647202436497e-06,-1.07858130025545e-05)
(-615757.361562092,457.528206926431,-759559.165648401)
(-526411.02149184,760142.087028784,-992707.906788774)
(-284372.394332413,190238.066221893,-1064479.75072198)
(0,0,0)
(0,0,0)
(0,0,0)
(0,0,0)
(0,0,0)
(0,0,0)
(-696889.932623788,-77983.3657714029,4708.75327973411)
(-692218.09285953,-77415.9279570076,9227.32956352329)
(-678120.055653977,-75254.1344804088,14505.566004477)
(-642659.626273498,-68961.059882639,24673.2172304097)
(-559490.711838664,-54515.7608673581,49276.7090439173)
(-373970.060578346,-29054.4587906653,94853.8553762221)
(7.75131632212462e-06,1.35931818784512e-06,7.61723701074554e-07)
(-4.13030944004961e-05,2.26894836778973e-06,-2.03362529029626e-05)
(-959736.009137935,-448.935369262575,-1562483.62190603)
(-356039.284213348,28846.399211569,-1254528.93066322)
(0,0,0)
(0,0,0)
(0,0,0)
(0,0,0)
(0,0,0)
(0,0,0)
(-703051.702555442,-169683.887133761,5191.56706189288)
(-697183.69824529,-168983.033120957,11299.5895007654)
(-680446.48238872,-166368.310932069,20692.3085450801)
(-640282.051508756,-158508.835748784,39005.7263503564)
(-549718.895032119,-138097.04929687,74665.8894277453)
(-357483.694960296,-90766.1774343244,123843.759340057)
(1.87188433781336e-06,8.04204685507882e-07,1.74206847470659e-12)
(-2.9792416130402e-05,3.04558469143939e-06,-1.29902233250287e-05)
(-908483.774379645,-287.694019642578,-1532924.09642288)
(-358715.261263242,-58348.0926499697,-1283192.1297754)
(0,0,0)
(0,0,0)
(0,0,0)
(0,0,0)
(0,0,0)
(0,0,0)
(-688651.9100931,-310311.870107867,5829.33202004595)
(-682821.364755448,-309944.891413611,13819.17423779)
(-666794.865194678,-308137.170480654,28414.1646135562)
(-629517.199673416,-301315.772800387,59280.632074184)
(-546758.008293654,-278755.421495314,121895.798344061)
(-367104.430994309,-206461.689591702,214478.96963269)
(-2.41743435473137e-06,-7.61490431063556e-07,-1.92670013038625e-12)
(-4.10018109126986e-05,-7.75879997357864e-06,-2.23168874562834e-05)
(-995485.723406881,-907590.683267251,-1590704.72910225)
(-357830.290628226,-275075.959910454,-1224676.65632505)
(0,0,0)
(0,0,0)
(0,0,0)
(0,0,0)
(0,0,0)
(0,0,0)
(-631897.353128103,-498338.617532532,6146.43761825281)
(-627249.129996025,-499055.552947438,15574.8511042193)
(-615082.918364444,-500398.426103746,35152.1341369482)
(-588714.862505432,-501361.850410236,81791.2967217673)
(-534771.5377366,-495587.936985966,194068.985835884)
(-415218.024501805,-437358.272464725,420665.406774717)
(-5.39652119455568e-05,-2.73671288602863e-05,-8.12228429019803e-06)
(-732013.133488222,-915223.731823287,-907112.619818359)
(-524702.842626296,-620496.946594395,-957812.984572905)
(-265515.516272711,-284415.592659511,-949364.744130393)
(0,0,0)
(0,0,0)
(0,0,0)
(0,0,0)
(0,0,0)
(0,0,0)
(-505305.461015855,-703957.599064112,5381.59643484268)
(-502383.316109234,-706188.432467546,14213.6522961944)
(-495445.552441623,-712301.878707744,34159.6031205837)
(-483638.617703729,-727739.049114809,87577.1348523924)
(-475285.532957007,-772994.266321243,252241.765540458)
(-538990.453211132,-934974.57898385,857796.25015982)
(-1113241.38746522,-1652720.62951669,-914574.675807517)
(-546787.013252366,-966461.680887331,-611893.82510065)
(-363294.222817451,-625017.428746297,-621260.498347446)
(-196851.262160063,-315157.391103033,-664591.928949627)
(0,0,0)
(0,0,0)
(0,0,0)
(0,0,0)
(0,0,0)
(0,0,0)
(-289285.032493356,-853542.319224386,3096.14138048482)
(-287910.55676759,-856640.584038416,8136.63203081084)
(-284890.943796486,-864858.961105505,18723.5694541303)
(-280341.299989725,-883605.583546744,42363.150638075)
(-278251.411005517,-926062.104787122,90338.7729317614)
(-296543.683830075,-1016512.98932309,140123.597924201)
(-371551.624390117,-1156770.3177006,-227955.541453539)
(-273143.940492054,-929093.774857882,-270046.949666991)
(-198465.970107783,-659376.56342407,-310955.493799728)
(-111039.26156704,-348766.55278923,-349087.592160584)
(0,0,0)
(0,0,0)
(0,0,0)
(0,0,0)
(0,0,0)
(0,0,0)
(0,0,0)
(0,0,0)
(0,0,0)
(0,0,0)
(0,0,0)
(0,0,0)
(0,0,0)
(0,0,0)
(0,0,0)
(0,0,0)
(0,0,0)
(0,0,0)
(0,0,0)
(0,0,0)
(0,0,0)
(0,0,0)
(0,0,0)
(0,0,0)
(0,0,0)
(0,0,0)
(0,0,0)
(0,0,0)
(0,0,0)
(0,0,0)
(0,0,0)
(0,0,0)
(0,0,0)
(0,0,0)
(0,0,0)
(0,0,0)
(0,0,0)
(0,0,0)
(0,0,0)
(0,0,0)
(0,0,0)
(0,0,0)
(0,0,0)
(0,0,0)
(0,0,0)
(0,0,0)
(0,0,0)
(0,0,0)
(0,0,0)
(0,0,0)
(0,0,0)
(0,0,0)
(0,0,0)
(0,0,0)
(0,0,0)
(0,0,0)
(0,0,0)
(0,0,0)
(0,0,0)
(0,0,0)
(0,0,0)
(0,0,0)
(0,0,0)
(0,0,0)
(0,0,0)
(0,0,0)
(0,0,0)
(0,0,0)
(0,0,0)
(0,0,0)
(0,0,0)
(0,0,0)
(0,0,0)
(0,0,0)
(0,0,0)
(0,0,0)
(0,0,0)
(0,0,0)
(0,0,0)
(0,0,0)
(0,0,0)
(0,0,0)
(0,0,0)
(0,0,0)
(0,0,0)
(0,0,0)
(0,0,0)
(0,0,0)
(0,0,0)
(0,0,0)
(0,0,0)
(0,0,0)
(0,0,0)
(0,0,0)
(0,0,0)
(0,0,0)
(0,0,0)
(0,0,0)
(0,0,0)
(0,0,0)
(0,0,0)
(0,0,0)
(-659956.747332799,1312.88844128922,1886.58376175473)
(-660899.248722927,2253.03390566393,1128.17339299674)
(-661743.183130281,4937.14635191692,-5705.69500899477)
(-660415.78906213,11237.3754418932,-24033.2486798234)
(-653458.101007363,24519.584547117,-62743.5810372426)
(-635305.360504712,48389.3307266697,-135034.474904531)
(-596774.917723322,78025.3106915998,-251945.959270666)
(-521863.02514747,73008.4931708627,-388139.890840101)
(-396569.557752064,51366.0529930633,-515302.998769541)
(-217138.551555386,25274.594360643,-596043.536448467)
(0,0,0)
(0,0,0)
(0,0,0)
(0,0,0)
(0,0,0)
(0,0,0)
(-661750.911647297,-1434.74725805382,2857.76651889043)
(-662413.340384108,415.345517972508,3828.37016620094)
(-662734.044457763,5802.91134310057,605.334751385332)
(-660827.341919943,19239.4541616691,-10770.0369587959)
(-653902.098657204,50730.5956637194,-38892.3991685018)
(-638677.071974921,119279.095245348,-105435.107151833)
(-608973.848957195,239842.323695503,-256965.146187734)
(-535354.7150614,197353.950738033,-409726.595528213)
(-406981.366547922,127348.917447993,-541257.771490365)
(-222364.189606462,58858.499680619,-621140.022898007)
(0,0,0)
(0,0,0)
(0,0,0)
(0,0,0)
(0,0,0)
(0,0,0)
(-664294.621237372,-12864.5744443879,4724.04409950951)
(-664492.347618365,-10399.4515525828,9257.81569605287)
(-663869.282695041,-3085.39547926905,14069.4978927546)
(-660796.306483032,16160.6044428854,20676.5113432933)
(-654551.054291946,67183.2143069976,29643.3214719431)
(-651249.843289233,215607.52989172,15087.1820995222)
(-670998.871756819,749883.903036217,-299472.138344298)
(-586889.420024404,433298.682940864,-479644.954540873)
(-441388.403504781,242376.40096991,-609552.652837515)
(-237888.099883791,100797.869104337,-679791.537693103)
(0,0,0)
(0,0,0)
(0,0,0)
(0,0,0)
(0,0,0)
(0,0,0)
(-665311.58753658,-38490.6444107764,7144.74188664617)
(-664907.251654332,-36114.2290346967,16547.8189276254)
(-662983.72991825,-29274.2049343655,33316.4583397454)
(-657820.253727873,-12556.1904663605,71650.795976796)
(-650971.210410883,23778.2672874492,178014.366356903)
(-674991.451682585,80649.4832703941,549291.904869078)
(-995626.612022674,164.548117392071,-616097.397372329)
(-744393.508681675,616305.01158357,-670467.578895454)
(-530329.723418699,326768.789806372,-750941.265805058)
(-272643.226973394,118501.298240106,-780373.862299836)
(0,0,0)
(0,0,0)
(0,0,0)
(0,0,0)
(0,0,0)
(0,0,0)
(-660557.910655047,-84301.0360149676,9478.36963545258)
(-659606.979344269,-82605.7685339709,23358.7956194605)
(-656171.438059623,-77831.4234334614,49967.3965241969)
(-646283.083701224,-66801.7485450191,107836.412030576)
(-617711.714631662,-44927.0525791256,234762.734690155)
(-514634.214492243,-12668.0145024438,468744.386376884)
(-2.878302690245e-05,1.38516288585301e-05,2.58034624840812e-05)
(-984106.900393244,-172.63370997237,-959904.154187315)
(-684540.210467755,50707.033952387,-959038.197003506)
(-323971.643870947,26106.1789600718,-898710.71806587)
(0,0,0)
(0,0,0)
(0,0,0)
(0,0,0)
(0,0,0)
(0,0,0)
(-642966.869184648,-155517.99405705,11132.1246712884)
(-641840.924109795,-154901.838577073,28085.4205788966)
(-638149.822392355,-152971.624404284,60928.9615533601)
(-627761.282145213,-147978.240556659,129584.684201457)
(-596576.97335177,-135392.254626109,266907.964568091)
(-483976.570210026,-100587.134460056,481319.959775432)
(-2.12664950159632e-05,2.13457862079466e-05,1.86034410983979e-05)
(-924880.929505135,-195.797084025356,-908767.099638131)
(-695784.370711354,-87373.0906752515,-983386.378678776)
(-333847.771280967,-57501.1239707775,-924646.565730203)
(0,0,0)
(0,0,0)
(0,0,0)
(0,0,0)
(0,0,0)
(0,0,0)
(-601986.415791464,-253889.346218497,11705.8578598053)
(-601215.845454124,-254717.429378444,29915.9293598477)
(-598903.448037526,-256742.188102635,65795.0759010453)
(-592915.186268829,-260838.67785701,142053.499796803)
(-574596.567461568,-267090.386357737,301590.190696341)
(-492936.610693779,-254856.112200105,581691.348135868)
(-3.10519093753744e-05,3.00580387747297e-05,2.36223834471002e-05)
(-1018393.43819675,-732411.855635054,-995682.647971651)
(-688293.329960129,-437000.482582676,-953247.64951098)
(-318757.420197403,-182828.140786994,-866993.503125592)
(0,0,0)
(0,0,0)
(0,0,0)
(0,0,0)
(0,0,0)
(0,0,0)
(-524323.321649219,-372281.956257454,10818.5785600693)
(-524206.271416096,-374742.124308735,27800.4149104344)
(-524322.241813778,-381294.275942595,61591.8261997206)
(-526907.046864486,-396802.41971615,135747.752417915)
(-543203.246418633,-436597.971091427,313687.045833646)
(-630878.989316881,-561669.304124224,836161.202572853)
(-1138785.76022661,-1114180.96963704,-732174.110409325)
(-766135.677898716,-730485.357358288,-699978.06427559)
(-503524.230203353,-459367.919534716,-698789.239746482)
(-247346.486993826,-215826.813070713,-683959.596741657)
(0,0,0)
(0,0,0)
(0,0,0)
(0,0,0)
(0,0,0)
(0,0,0)
(-397300.478893301,-488586.794691574,8299.85631156644)
(-397617.387185431,-492408.688025072,21200.491104103)
(-399123.630755773,-502441.429796729,46025.723272392)
(-405230.087321809,-525118.035135013,95932.8083093381)
(-427890.883519291,-576597.509274292,188537.697054489)
(-502549.091168456,-693131.481808652,283558.51269624)
(-684033.392531685,-911627.224548972,-348203.227325359)
(-503687.275846502,-693246.195622082,-428542.126467439)
(-335833.846948816,-460459.994415714,-454910.427455071)
(-170321.089842612,-229439.854917954,-467827.557925275)
(0,0,0)
(0,0,0)
(0,0,0)
(0,0,0)
(0,0,0)
(0,0,0)
(-217267.558439943,-565050.999587395,4446.73084240794)
(-217554.211271626,-569509.14295117,11190.8402725404)
(-218716.838032824,-580731.941199211,23307.2459113574)
(-222567.084874397,-604001.32152557,44416.3171865884)
(-234017.451502185,-648426.682439468,72011.5308484364)
(-262221.104847846,-720533.845130702,65091.3151882606)
(-302781.580698868,-785727.07528308,-129578.877768891)
(-244150.510565916,-656359.773925477,-195458.729391635)
(-169648.429013657,-461163.101153208,-223573.163748268)
(-88111.444775267,-237833.610224946,-238107.225233052)
(0,0,0)
(0,0,0)
(0,0,0)
(0,0,0)
(0,0,0)
(0,0,0)
(0,0,0)
(0,0,0)
(0,0,0)
(0,0,0)
(0,0,0)
(0,0,0)
(0,0,0)
(0,0,0)
(0,0,0)
(0,0,0)
(0,0,0)
(0,0,0)
(0,0,0)
(0,0,0)
(0,0,0)
(0,0,0)
(0,0,0)
(0,0,0)
(0,0,0)
(0,0,0)
(0,0,0)
(0,0,0)
(0,0,0)
(0,0,0)
(0,0,0)
(0,0,0)
(0,0,0)
(0,0,0)
(0,0,0)
(0,0,0)
(0,0,0)
(0,0,0)
(0,0,0)
(0,0,0)
(0,0,0)
(0,0,0)
(0,0,0)
(0,0,0)
(0,0,0)
(0,0,0)
(0,0,0)
(0,0,0)
(0,0,0)
(0,0,0)
(0,0,0)
(0,0,0)
(0,0,0)
(0,0,0)
(0,0,0)
(0,0,0)
(0,0,0)
(0,0,0)
(0,0,0)
(0,0,0)
(0,0,0)
(0,0,0)
(0,0,0)
(0,0,0)
(0,0,0)
(0,0,0)
(0,0,0)
(0,0,0)
(0,0,0)
(0,0,0)
(0,0,0)
(0,0,0)
(0,0,0)
(0,0,0)
(0,0,0)
(0,0,0)
(0,0,0)
(0,0,0)
(0,0,0)
(0,0,0)
(0,0,0)
(0,0,0)
(0,0,0)
(0,0,0)
(0,0,0)
(0,0,0)
(0,0,0)
(0,0,0)
(0,0,0)
(0,0,0)
(0,0,0)
(0,0,0)
(0,0,0)
(0,0,0)
(0,0,0)
(0,0,0)
(0,0,0)
(0,0,0)
(0,0,0)
(0,0,0)
(0,0,0)
(0,0,0)
(-660338.526070294,-570.867727750825,952.646465241501)
(-660806.444636236,628.867686250154,230.974692299669)
(-660847.248345245,3823.32937346146,-4488.28946619023)
(-658456.758995036,10736.1642977927,-17183.4838310836)
(-649900.383883129,23985.106780532,-44726.3077358506)
(-628272.638097124,44881.8581446292,-96640.8882880616)
(-581872.497707037,65676.7737319406,-177220.082036291)
(-495317.025460083,59371.0078932746,-263137.089616946)
(-364388.987126044,40849.4664784459,-336167.126721418)
(-194141.134187902,20004.4257864319,-379168.969875333)
(0,0,0)
(0,0,0)
(0,0,0)
(0,0,0)
(0,0,0)
(0,0,0)
(-660378.809013009,-4143.43057227434,2200.4602102398)
(-661238.657774624,-1810.42289781543,3465.06818481356)
(-662437.518421318,4533.73362499938,2458.13789682989)
(-662791.988392027,19110.8572906099,-3951.9086239012)
(-659909.810175727,49885.6259982196,-23844.7163230654)
(-648274.807716295,106515.855911133,-75880.9783481955)
(-613301.984698812,177649.948075321,-183526.016949956)
(-523526.557007436,145640.845024561,-281624.012135212)
(-383632.101871772,92792.2247560177,-356916.035088931)
(-203492.047264835,43247.5239455653,-399031.275589693)
(0,0,0)
(0,0,0)
(0,0,0)
(0,0,0)
(0,0,0)
(0,0,0)
(-658940.510792694,-14036.5272538056,4538.98623685331)
(-660613.670688988,-10991.4761891821,9841.36259884114)
(-664179.341768126,-2375.48905701328,17060.6443539398)
(-670382.871072429,18964.398415539,26793.6678184041)
(-681245.29596112,70589.3393756187,32784.1961101739)
(-698863.645439265,191705.780681081,-4791.92650974314)
(-707679.29001408,425081.990457775,-215543.550634935)
(-597984.140697479,275575.128859186,-334383.113796491)
(-429950.997523298,153265.499849756,-406293.794871711)
(-224741.523552289,65946.3854782641,-442139.232735905)
(0,0,0)
(0,0,0)
(0,0,0)
(0,0,0)
(0,0,0)
(0,0,0)
(-653066.632948026,-33850.9109787133,7569.42913635467)
(-655833.116924443,-30961.8673867303,18465.6856040092)
(-662663.834473835,-22643.8830595093,38414.1841620856)
(-677646.126578664,-1185.38383993327,78389.8392683557)
(-712752.239722889,56913.9482678833,153846.259688098)
(-798885.508652523,240941.216953075,228504.880386051)
(-972774.507284749,995815.720973945,-365080.954868046)
(-753823.104991507,376512.669714288,-456588.899413314)
(-512649.780328861,172455.79855532,-493459.141208725)
(-259299.888160699,67086.5578886713,-507942.652431825)
(0,0,0)
(0,0,0)
(0,0,0)
(0,0,0)
(0,0,0)
(0,0,0)
(-638075.689651044,-66806.7208947606,10473.5889120437)
(-641895.693228148,-65003.5301083375,26803.9655175318)
(-651855.717041903,-60002.784771761,59847.1462120689)
(-675565.629596841,-48444.9189024629,136389.227170215)
(-738230.985802754,-23950.9004333498,337773.347042541)
(-937109.276456639,17851.46454731,983338.161412705)
(-1729438.6896437,-114.388584116645,-984355.146253795)
(-990369.953774299,58920.5124174747,-660499.935575918)
(-613280.057316584,39338.8729006277,-598643.163072406)
(-296790.328943082,16151.1193530975,-574889.039464705)
(0,0,0)
(0,0,0)
(0,0,0)
(0,0,0)
(0,0,0)
(0,0,0)
(-607379.377728858,-114698.414386829,12304.2020362799)
(-611890.857439014,-114462.05082304,31812.6560801987)
(-623820.044074889,-113904.217821108,71384.3108120784)
(-652325.863549199,-113319.423804304,160823.397117905)
(-725580.746022074,-113651.492829071,379527.762183924)
(-942131.710505517,-109818.73389177,965353.100918497)
(-1693188.12079092,-375.824472172811,-925243.564484126)
(-1017303.2747583,-93976.6764970608,-679924.03031641)
(-634703.131817674,-80032.4907072289,-621633.905602244)
(-305938.567272235,-42481.5193357596,-590910.470922118)
(0,0,0)
(0,0,0)
(0,0,0)
(0,0,0)
(0,0,0)
(0,0,0)
(-552763.980783838,-176450.204268397,12529.3548739451)
(-557486.357304755,-177962.776807413,32300.5927089514)
(-569968.188331757,-182424.65098282,71885.7661648964)
(-599636.144746873,-195141.8761038,160429.176942443)
(-675082.3254957,-236048.142542724,383311.584690226)
(-900956.727157718,-393237.119792596,1074750.087055)
(-1760076.9700341,-1139606.13542008,-1018749.23728249)
(-984693.429862214,-480608.906207795,-665817.015906295)
(-597764.799904004,-252488.403326305,-583889.633343346)
(-285257.316678341,-111523.838892352,-548347.417305809)
(0,0,0)
(0,0,0)
(0,0,0)
(0,0,0)
(0,0,0)
(0,0,0)
(-466024.985931573,-245712.727340787,10964.1873547442)
(-470299.541466278,-248655.170354211,27749.8509517207)
(-481464.242021969,-256613.084498192,59080.2846752858)
(-506809.434113901,-275640.467251962,119481.263072863)
(-564055.231229821,-321782.653870159,226067.759211484)
(-692475.549423706,-433852.532677995,328279.7322037)
(-930393.835597845,-660051.240314218,-359667.087530916)
(-700411.180370155,-468469.444122456,-437531.04714482)
(-458860.100125693,-291956.597931855,-442726.982616939)
(-225992.90699777,-138904.16955405,-436700.231951286)
(0,0,0)
(0,0,0)
(0,0,0)
(0,0,0)
(0,0,0)
(0,0,0)
(-341809.026491887,-309195.49653113,7991.31678893177)
(-345016.297041182,-313024.563765926,19759.6200563963)
(-353249.464997587,-322722.156345627,39994.5261456449)
(-371024.485770243,-343142.253568013,73290.7109101273)
(-406908.893803216,-383382.82754645,113908.894870341)
(-471084.818838466,-453424.194514209,102016.284376563)
(-543162.197611967,-530947.364734677,-167958.786122708)
(-445121.325308972,-434144.075817703,-260850.104964989)
(-304599.73495792,-294554.051679158,-289486.763208575)
(-153745.013304823,-147358.741004866,-297608.268295549)
(0,0,0)
(0,0,0)
(0,0,0)
(0,0,0)
(0,0,0)
(0,0,0)
(-182130.792969914,-348496.424845203,4164.16284404425)
(-183838.965097852,-352663.426770424,10087.7796747665)
(-188123.30214552,-362743.555771368,19515.6432132038)
(-196937.483514652,-382214.021680846,32957.8099662891)
(-213118.278508644,-415127.807584613,43803.6170109087)
(-237373.769452583,-458950.067922498,24482.1550239303)
(-254786.880705453,-483473.107903825,-70986.8018003352)
(-215562.156739267,-412650.672494212,-121068.558950474)
(-151380.47324902,-291784.233206846,-142106.333187423)
(-77624.7774312528,-149868.750209834,-150082.991326468)
(0,0,0)
(0,0,0)
(0,0,0)
(0,0,0)
(0,0,0)
(0,0,0)
(0,0,0)
(0,0,0)
(0,0,0)
(0,0,0)
(0,0,0)
(0,0,0)
(0,0,0)
(0,0,0)
(0,0,0)
(0,0,0)
(0,0,0)
(0,0,0)
(0,0,0)
(0,0,0)
(0,0,0)
(0,0,0)
(0,0,0)
(0,0,0)
(0,0,0)
(0,0,0)
(0,0,0)
(0,0,0)
(0,0,0)
(0,0,0)
(0,0,0)
(0,0,0)
(0,0,0)
(0,0,0)
(0,0,0)
(0,0,0)
(0,0,0)
(0,0,0)
(0,0,0)
(0,0,0)
(0,0,0)
(0,0,0)
(0,0,0)
(0,0,0)
(0,0,0)
(0,0,0)
(0,0,0)
(0,0,0)
(0,0,0)
(0,0,0)
(0,0,0)
(0,0,0)
(0,0,0)
(0,0,0)
(0,0,0)
(0,0,0)
(0,0,0)
(0,0,0)
(0,0,0)
(0,0,0)
(0,0,0)
(0,0,0)
(0,0,0)
(0,0,0)
(0,0,0)
(0,0,0)
(0,0,0)
(0,0,0)
(0,0,0)
(0,0,0)
(0,0,0)
(0,0,0)
(0,0,0)
(0,0,0)
(0,0,0)
(0,0,0)
(0,0,0)
(0,0,0)
(0,0,0)
(0,0,0)
(0,0,0)
(0,0,0)
(0,0,0)
(0,0,0)
(0,0,0)
(0,0,0)
(0,0,0)
(0,0,0)
(0,0,0)
(0,0,0)
(0,0,0)
(0,0,0)
(0,0,0)
(0,0,0)
(0,0,0)
(0,0,0)
(0,0,0)
(0,0,0)
(0,0,0)
(0,0,0)
(0,0,0)
(0,0,0)
(-660142.774717088,-660.271615031086,464.520261824501)
(-660574.239156281,119.654261529825,112.66052034465)
(-660633.771032039,2143.58212891151,-2244.39892177418)
(-658267.865063218,6339.97020440734,-8773.26305799806)
(-649346.097098209,13903.7687749331,-23231.3186178472)
(-625940.092890835,24755.2556936222,-50319.119517761)
(-575510.764421896,34074.7991114853,-90755.6519143915)
(-484640.281374358,30973.0277154398,-132405.42371556)
(-352052.107481263,21452.7526315692,-166195.055991904)
(-185605.887436183,10572.8599400345,-185303.162683664)
(0,0,0)
(0,0,0)
(0,0,0)
(0,0,0)
(0,0,0)
(0,0,0)
(-659396.926456349,-2929.61600997053,1287.46183828092)
(-660595.068905805,-1419.30228406281,2182.82951505564)
(-662677.097754897,2576.94068862911,1989.05028891772)
(-664532.467069382,11297.3102507591,-1227.81108008356)
(-663143.297154336,28290.8006859793,-12381.3560125194)
(-650564.484794284,55674.0293630032,-41010.4526039107)
(-609389.336081711,83007.0979656318,-93855.4000751563)
(-515388.164006648,70894.1542239368,-141914.919584439)
(-373307.607135965,46245.7753855411,-177032.437074214)
(-196051.558464752,21896.4318399886,-195796.497774248)
(0,0,0)
(0,0,0)
(0,0,0)
(0,0,0)
(0,0,0)
(0,0,0)
(-656171.752783417,-8510.61502210469,2812.24100285642)
(-658870.55087246,-6554.20835616689,6204.02725843462)
(-664965.616919506,-1161.62051338552,10728.8636118302)
(-675541.146479,11442.8384903444,15741.6107788198)
(-691082.3835744,38853.7109146915,15015.7881633945)
(-705914.839000966,91428.7638266405,-13687.7527385394)
(-692053.615586454,159666.605202034,-105972.934402568)
(-585915.137568802,119383.134532219,-166530.917839523)
(-419257.887176659,70318.2259766088,-201296.478777235)
(-217813.822518291,31281.5311598174,-217609.279131061)
(0,0,0)
(0,0,0)
(0,0,0)
(0,0,0)
(0,0,0)
(0,0,0)
(-647200.916749481,-19158.2020319924,4781.87081134199)
(-651898.0576087,-17314.1912027544,11606.7943421855)
(-663446.250359464,-12102.3552826355,23329.9449970681)
(-686674.142036892,677.369857105621,43123.4290885327)
(-729621.659377762,31276.1996565876,67570.3600015075)
(-796991.150096153,102578.864711584,54525.9005601939)
(-851316.842827765,238991.567966785,-146256.726661538)
(-704892.85894729,139743.574260646,-215547.412434178)
(-489254.617923352,71636.7134534381,-240261.062316523)
(-248947.523833064,29483.6607206713,-248815.556205011)
(0,0,0)
(0,0,0)
(0,0,0)
(0,0,0)
(0,0,0)
(0,0,0)
(-627661.24214909,-36233.3524360208,6660.70290207462)
(-634263.043075807,-35132.231420557,16846.0929675361)
(-651067.725000103,-32132.9187339199,36088.6643770242)
(-687108.502286059,-25355.1352612758,73664.042184621)
(-760671.500135975,-11438.6398184208,138819.395992848)
(-899334.637380104,12701.0834710234,190922.538156874)
(-1090051.40786898,36000.118965027,-245473.294616097)
(-844355.717353879,31815.8311150644,-283559.787890914)
(-560654.226368579,17751.5905585726,-282300.495944053)
(-278296.360538302,6915.95437539724,-278226.758003551)
(0,0,0)
(0,0,0)
(0,0,0)
(0,0,0)
(0,0,0)
(0,0,0)
(-591189.14689382,-60205.3943179881,7781.81104692885)
(-598919.981768464,-60178.0450022547,19856.7489580768)
(-618730.384025323,-60209.1798277753,42843.3500023624)
(-661569.55098005,-60805.6038570377,87537.5060289718)
(-749063.302334494,-63345.8124215169,162927.234944488)
(-911860.580999601,-68845.6817013762,214202.870610969)
(-1125848.49352747,-67512.7506998548,-249623.886987592)
(-875958.115892376,-61599.7554664007,-297553.459272047)
(-578223.031258884,-43252.6514123751,-293029.317859895)
(-285118.125449006,-21862.7059128824,-285071.09939485)
(0,0,0)
(0,0,0)
(0,0,0)
(0,0,0)
(0,0,0)
(0,0,0)
(-530860.519789215,-89911.0686698461,7802.21335723152)
(-538632.780743888,-91019.0220791422,19789.613873253)
(-558372.518878001,-94201.1013077262,42185.8658994457)
(-600565.877216039,-102634.822513122,84944.817024697)
(-685506.800719936,-125370.362623486,157393.842450901)
(-842793.966360256,-185129.097172438,215514.497124493)
(-1058061.19108471,-310372.4187791,-243641.613745619)
(-814137.064364538,-196670.966633009,-279126.768076689)
(-534810.376508774,-113790.926990938,-271542.915893361)
(-263174.314228719,-52325.7762515513,-263162.848004317)
(0,0,0)
(0,0,0)
(0,0,0)
(0,0,0)
(0,0,0)
(0,0,0)
(-440690.573073746,-121934.603959214,6689.12243154204)
(-447365.106124814,-123841.470734675,16577.1357456136)
(-463908.677718761,-128881.462000141,33701.9321348212)
(-497596.260026035,-140326.553767393,62180.4893012278)
(-559747.147902208,-165113.299848905,97615.3431990404)
(-657280.721529272,-212953.208750288,90244.6268824542)
(-747313.777680944,-273332.510599842,-129875.339213706)
(-617219.341403633,-213576.405683866,-196161.739129359)
(-420877.386629842,-137955.368371929,-209980.011244223)
(-210786.76728334,-66751.476706474,-210760.450503728)
(0,0,0)
(0,0,0)
(0,0,0)
(0,0,0)
(0,0,0)
(0,0,0)
(-318347.175784628,-150179.205156881,4782.75049040344)
(-323114.931070888,-152494.804726482,11534.7185119187)
(-334607.975110417,-158221.042098877,22232.8087234829)
(-356818.808157532,-169678.680317328,37379.2576607063)
(-394149.87064264,-190221.511551978,49728.4462032039)
(-443817.380186298,-220327.70296454,29835.5017652887)
(-473490.705119553,-243127.828397321,-70040.6729296451)
(-403294.49243726,-204995.124471859,-120448.787013365)
(-282726.551404457,-141585.142484445,-138692.196454312)
(-143953.159033881,-71335.2776868421,-143900.249744887)
(0,0,0)
(0,0,0)
(0,0,0)
(0,0,0)
(0,0,0)
(0,0,0)
(-167664.672452615,-167108.39281995,2463.06714576935)
(-170129.955764264,-169558.972232099,5818.22531779815)
(-175913.554629839,-175347.077468815,10734.5131720529)
(-186623.718549135,-186032.512185547,16774.5800747559)
(-203367.414258746,-202752.579703349,19554.7839762292)
(-222902.969429446,-222257.115856716,7013.39684526935)
(-229838.30732176,-229248.445028753,-31814.5599069909)
(-197932.018287983,-197495.083193943,-56944.7396361914)
(-140918.48545703,-140623.477734053,-68368.3921785738)
(-72506.3628625373,-72343.6624352521,-72478.4219988791)
(0,0,0)
(0,0,0)
(0,0,0)
(0,0,0)
(0,0,0)
(0,0,0)
(0,0,0)
(0,0,0)
(0,0,0)
(0,0,0)
(0,0,0)
(0,0,0)
(0,0,0)
(0,0,0)
(0,0,0)
(0,0,0)
(0,0,0)
(0,0,0)
(0,0,0)
(0,0,0)
(0,0,0)
(0,0,0)
(0,0,0)
(0,0,0)
(0,0,0)
(0,0,0)
(0,0,0)
(0,0,0)
(0,0,0)
(0,0,0)
(0,0,0)
(0,0,0)
(0,0,0)
(0,0,0)
(0,0,0)
(0,0,0)
(0,0,0)
(0,0,0)
(0,0,0)
(0,0,0)
(0,0,0)
(0,0,0)
(0,0,0)
(0,0,0)
(0,0,0)
(0,0,0)
(0,0,0)
(0,0,0)
(0,0,0)
(0,0,0)
(0,0,0)
(0,0,0)
(0,0,0)
(0,0,0)
(0,0,0)
(0,0,0)
(0,0,0)
(0,0,0)
(0,0,0)
(0,0,0)
(0,0,0)
(0,0,0)
(0,0,0)
(0,0,0)
(0,0,0)
(0,0,0)
(0,0,0)
(0,0,0)
(0,0,0)
(0,0,0)
(0,0,0)
(0,0,0)
(0,0,0)
(0,0,0)
(0,0,0)
(0,0,0)
(0,0,0)
(0,0,0)
(0,0,0)
(0,0,0)
(0,0,0)
(0,0,0)
(0,0,0)
(0,0,0)
(0,0,0)
(0,0,0)
(0,0,0)
(0,0,0)
(0,0,0)
(0,0,0)
(0,0,0)
(0,0,0)
(0,0,0)
(0,0,0)
(0,0,0)
(0,0,0)
(0,0,0)
(0,0,0)
(0,0,0)
(0,0,0)
(0,0,0)
(0,0,0)
(0,0,0)
(0,0,0)
(0,0,0)
(0,0,0)
(0,0,0)
(0,0,0)
(0,0,0)
(0,0,0)
(0,0,0)
(0,0,0)
(0,0,0)
(0,0,0)
(0,0,0)
(0,0,0)
(0,0,0)
(0,0,0)
(0,0,0)
(0,0,0)
(0,0,0)
(0,0,0)
(0,0,0)
(0,0,0)
(0,0,0)
(0,0,0)
(0,0,0)
(0,0,0)
(0,0,0)
(0,0,0)
(0,0,0)
(0,0,0)
(0,0,0)
(0,0,0)
(0,0,0)
(0,0,0)
(0,0,0)
(0,0,0)
(0,0,0)
(0,0,0)
(0,0,0)
(0,0,0)
(0,0,0)
(0,0,0)
(0,0,0)
(0,0,0)
(0,0,0)
(0,0,0)
(0,0,0)
(0,0,0)
(0,0,0)
(0,0,0)
(0,0,0)
(0,0,0)
(0,0,0)
(0,0,0)
(0,0,0)
(0,0,0)
(0,0,0)
(0,0,0)
(0,0,0)
(0,0,0)
(0,0,0)
(0,0,0)
(0,0,0)
(0,0,0)
(0,0,0)
(0,0,0)
(0,0,0)
(0,0,0)
(0,0,0)
(0,0,0)
(0,0,0)
(0,0,0)
(0,0,0)
(0,0,0)
(0,0,0)
(0,0,0)
(0,0,0)
(0,0,0)
(0,0,0)
(0,0,0)
(0,0,0)
(0,0,0)
(0,0,0)
(0,0,0)
(0,0,0)
(0,0,0)
(0,0,0)
(0,0,0)
(0,0,0)
(0,0,0)
(0,0,0)
(0,0,0)
(0,0,0)
(0,0,0)
(0,0,0)
(0,0,0)
(0,0,0)
(0,0,0)
(0,0,0)
(0,0,0)
(0,0,0)
(0,0,0)
(0,0,0)
(0,0,0)
(0,0,0)
(0,0,0)
(0,0,0)
(0,0,0)
(0,0,0)
(0,0,0)
(0,0,0)
(0,0,0)
(0,0,0)
(0,0,0)
(0,0,0)
(0,0,0)
(0,0,0)
(0,0,0)
(0,0,0)
(0,0,0)
(0,0,0)
(0,0,0)
(0,0,0)
(0,0,0)
(0,0,0)
(0,0,0)
(0,0,0)
(0,0,0)
(0,0,0)
(0,0,0)
(0,0,0)
(0,0,0)
(0,0,0)
(0,0,0)
(0,0,0)
(0,0,0)
(0,0,0)
(0,0,0)
(0,0,0)
(0,0,0)
(0,0,0)
(0,0,0)
(0,0,0)
(0,0,0)
(0,0,0)
(0,0,0)
(0,0,0)
(0,0,0)
(0,0,0)
(0,0,0)
(0,0,0)
(0,0,0)
(0,0,0)
(0,0,0)
(0,0,0)
(0,0,0)
(0,0,0)
(0,0,0)
(0,0,0)
(0,0,0)
(0,0,0)
(0,0,0)
(0,0,0)
(0,0,0)
(0,0,0)
(0,0,0)
(0,0,0)
(0,0,0)
(0,0,0)
(0,0,0)
(0,0,0)
(0,0,0)
(0,0,0)
(0,0,0)
(0,0,0)
(0,0,0)
(0,0,0)
(0,0,0)
(0,0,0)
(0,0,0)
(0,0,0)
(0,0,0)
(0,0,0)
(0,0,0)
(0,0,0)
(0,0,0)
(0,0,0)
(0,0,0)
(0,0,0)
(0,0,0)
(0,0,0)
(0,0,0)
(0,0,0)
(0,0,0)
(0,0,0)
(0,0,0)
(0,0,0)
(0,0,0)
(0,0,0)
(0,0,0)
(0,0,0)
(0,0,0)
(0,0,0)
(0,0,0)
(0,0,0)
(0,0,0)
(0,0,0)
(0,0,0)
(0,0,0)
(0,0,0)
(0,0,0)
(0,0,0)
(0,0,0)
(0,0,0)
(0,0,0)
(0,0,0)
(0,0,0)
(0,0,0)
(0,0,0)
(0,0,0)
(0,0,0)
(0,0,0)
(0,0,0)
(0,0,0)
(0,0,0)
(0,0,0)
(0,0,0)
(0,0,0)
(0,0,0)
(0,0,0)
(0,0,0)
(0,0,0)
(0,0,0)
(0,0,0)
(0,0,0)
(0,0,0)
(0,0,0)
(0,0,0)
(0,0,0)
(0,0,0)
(0,0,0)
(0,0,0)
(0,0,0)
(0,0,0)
(0,0,0)
(0,0,0)
(0,0,0)
(0,0,0)
(0,0,0)
(0,0,0)
(0,0,0)
(0,0,0)
(0,0,0)
(0,0,0)
(0,0,0)
(0,0,0)
(0,0,0)
(0,0,0)
(0,0,0)
(0,0,0)
(0,0,0)
(0,0,0)
(0,0,0)
(0,0,0)
(0,0,0)
(0,0,0)
(0,0,0)
(0,0,0)
(0,0,0)
(0,0,0)
(0,0,0)
(0,0,0)
(0,0,0)
(0,0,0)
(0,0,0)
(0,0,0)
(0,0,0)
(0,0,0)
(0,0,0)
(0,0,0)
(0,0,0)
(0,0,0)
(0,0,0)
(0,0,0)
(0,0,0)
(0,0,0)
(0,0,0)
(0,0,0)
(0,0,0)
(0,0,0)
(0,0,0)
(0,0,0)
(0,0,0)
(0,0,0)
(0,0,0)
(0,0,0)
(0,0,0)
(0,0,0)
(0,0,0)
(0,0,0)
(0,0,0)
(0,0,0)
(0,0,0)
(0,0,0)
(0,0,0)
(0,0,0)
(0,0,0)
(0,0,0)
(0,0,0)
(0,0,0)
(0,0,0)
(0,0,0)
(0,0,0)
(0,0,0)
(0,0,0)
(0,0,0)
(0,0,0)
(0,0,0)
(0,0,0)
(0,0,0)
(0,0,0)
(0,0,0)
(0,0,0)
(0,0,0)
(0,0,0)
(0,0,0)
(0,0,0)
(0,0,0)
(0,0,0)
(0,0,0)
(0,0,0)
(0,0,0)
(0,0,0)
(0,0,0)
(0,0,0)
(0,0,0)
(0,0,0)
(0,0,0)
(0,0,0)
(0,0,0)
(0,0,0)
(0,0,0)
(0,0,0)
(0,0,0)
(0,0,0)
(0,0,0)
(0,0,0)
(0,0,0)
(0,0,0)
(0,0,0)
(0,0,0)
(0,0,0)
(0,0,0)
(0,0,0)
(0,0,0)
(0,0,0)
(0,0,0)
(0,0,0)
(0,0,0)
(0,0,0)
(0,0,0)
(0,0,0)
(0,0,0)
(0,0,0)
(0,0,0)
(0,0,0)
(0,0,0)
(0,0,0)
(0,0,0)
(0,0,0)
(0,0,0)
(0,0,0)
(0,0,0)
(0,0,0)
(0,0,0)
(0,0,0)
(0,0,0)
(0,0,0)
(0,0,0)
(0,0,0)
(0,0,0)
(0,0,0)
(0,0,0)
(0,0,0)
(0,0,0)
(0,0,0)
(0,0,0)
(0,0,0)
(0,0,0)
(0,0,0)
(0,0,0)
(0,0,0)
(0,0,0)
(0,0,0)
(0,0,0)
(0,0,0)
(0,0,0)
(0,0,0)
(0,0,0)
(0,0,0)
(0,0,0)
(0,0,0)
(0,0,0)
(0,0,0)
(0,0,0)
(0,0,0)
(0,0,0)
(0,0,0)
(0,0,0)
(0,0,0)
(0,0,0)
(0,0,0)
(0,0,0)
(0,0,0)
(0,0,0)
(0,0,0)
(0,0,0)
(0,0,0)
(0,0,0)
(0,0,0)
(0,0,0)
(0,0,0)
(0,0,0)
(0,0,0)
(0,0,0)
(0,0,0)
(0,0,0)
(0,0,0)
(0,0,0)
(0,0,0)
(0,0,0)
(0,0,0)
(0,0,0)
(0,0,0)
(0,0,0)
(0,0,0)
(0,0,0)
(0,0,0)
(0,0,0)
(0,0,0)
(0,0,0)
(0,0,0)
(0,0,0)
(0,0,0)
(0,0,0)
(0,0,0)
(0,0,0)
(0,0,0)
(0,0,0)
(0,0,0)
(0,0,0)
(0,0,0)
(0,0,0)
(0,0,0)
(0,0,0)
(0,0,0)
(0,0,0)
(0,0,0)
(0,0,0)
(0,0,0)
(0,0,0)
(0,0,0)
(0,0,0)
(0,0,0)
(0,0,0)
(0,0,0)
(0,0,0)
(0,0,0)
(0,0,0)
(0,0,0)
(0,0,0)
(0,0,0)
(0,0,0)
(0,0,0)
(0,0,0)
(0,0,0)
(0,0,0)
(0,0,0)
(0,0,0)
(0,0,0)
(0,0,0)
(0,0,0)
(0,0,0)
(0,0,0)
(0,0,0)
(0,0,0)
(0,0,0)
(0,0,0)
(0,0,0)
(0,0,0)
(0,0,0)
(0,0,0)
(0,0,0)
(0,0,0)
(0,0,0)
(0,0,0)
(0,0,0)
(0,0,0)
(0,0,0)
(0,0,0)
(0,0,0)
(0,0,0)
(0,0,0)
(0,0,0)
(0,0,0)
(0,0,0)
(0,0,0)
(0,0,0)
(0,0,0)
(0,0,0)
(0,0,0)
(0,0,0)
(0,0,0)
(0,0,0)
(0,0,0)
(0,0,0)
(0,0,0)
(0,0,0)
(0,0,0)
(0,0,0)
(0,0,0)
(0,0,0)
(0,0,0)
(0,0,0)
(0,0,0)
(0,0,0)
(0,0,0)
(0,0,0)
(0,0,0)
(0,0,0)
(0,0,0)
(0,0,0)
(0,0,0)
(0,0,0)
(0,0,0)
(0,0,0)
(0,0,0)
(0,0,0)
(0,0,0)
(0,0,0)
(0,0,0)
(0,0,0)
(0,0,0)
(0,0,0)
(0,0,0)
(0,0,0)
(0,0,0)
(0,0,0)
(0,0,0)
(0,0,0)
(0,0,0)
(0,0,0)
(0,0,0)
(0,0,0)
(0,0,0)
(0,0,0)
(0,0,0)
(0,0,0)
(0,0,0)
(0,0,0)
(0,0,0)
(0,0,0)
(0,0,0)
(0,0,0)
(0,0,0)
(0,0,0)
(0,0,0)
(0,0,0)
(0,0,0)
(0,0,0)
(0,0,0)
(0,0,0)
(0,0,0)
(0,0,0)
(0,0,0)
(0,0,0)
(0,0,0)
(0,0,0)
(0,0,0)
(0,0,0)
(0,0,0)
(0,0,0)
(0,0,0)
(0,0,0)
(0,0,0)
(0,0,0)
(0,0,0)
(0,0,0)
(0,0,0)
(0,0,0)
(0,0,0)
(0,0,0)
(0,0,0)
(0,0,0)
(0,0,0)
(0,0,0)
(0,0,0)
(0,0,0)
(0,0,0)
(0,0,0)
(0,0,0)
(0,0,0)
(0,0,0)
(0,0,0)
(0,0,0)
(0,0,0)
(0,0,0)
(0,0,0)
(0,0,0)
(0,0,0)
(0,0,0)
(0,0,0)
(0,0,0)
(0,0,0)
(0,0,0)
(0,0,0)
(0,0,0)
(0,0,0)
(0,0,0)
(0,0,0)
(0,0,0)
(0,0,0)
(0,0,0)
(0,0,0)
(0,0,0)
(0,0,0)
(0,0,0)
(0,0,0)
(0,0,0)
(0,0,0)
(0,0,0)
(0,0,0)
(0,0,0)
(0,0,0)
(0,0,0)
(0,0,0)
(0,0,0)
(0,0,0)
(0,0,0)
(0,0,0)
(0,0,0)
(0,0,0)
(0,0,0)
(0,0,0)
(0,0,0)
(0,0,0)
(0,0,0)
(0,0,0)
(0,0,0)
(0,0,0)
(0,0,0)
(0,0,0)
(0,0,0)
(0,0,0)
(0,0,0)
(0,0,0)
(0,0,0)
(0,0,0)
(0,0,0)
(0,0,0)
(0,0,0)
(0,0,0)
(0,0,0)
(0,0,0)
(0,0,0)
(0,0,0)
(0,0,0)
(0,0,0)
(0,0,0)
(0,0,0)
(0,0,0)
(0,0,0)
(0,0,0)
(0,0,0)
(0,0,0)
(0,0,0)
(0,0,0)
(0,0,0)
(0,0,0)
(0,0,0)
(0,0,0)
(0,0,0)
(0,0,0)
(0,0,0)
(0,0,0)
(0,0,0)
(0,0,0)
(0,0,0)
(0,0,0)
(0,0,0)
(0,0,0)
(0,0,0)
(0,0,0)
(0,0,0)
(0,0,0)
(0,0,0)
(0,0,0)
(0,0,0)
(0,0,0)
(0,0,0)
(0,0,0)
(0,0,0)
(0,0,0)
(0,0,0)
(0,0,0)
(0,0,0)
(0,0,0)
(0,0,0)
(0,0,0)
(0,0,0)
(0,0,0)
(0,0,0)
(0,0,0)
(0,0,0)
(0,0,0)
(0,0,0)
(0,0,0)
