(0,0,0)
(0,0,0)
(0,0,0)
(0,0,0)
(0,0,0)
(0,0,0)
(0,0,0)
(0,0,0)
(0,0,0)
(0,0,0)
(0,0,0)
(0,0,0)
(0,0,0)
(0,0,0)
(0,0,0)
(0,0,0)
(0,0,0)
(0,0,0)
(0,0,0)
(0,0,0)
(0,0,0)
(0,0,0)
(0,0,0)
(0,0,0)
(0,0,0)
(0,0,0)
(0,0,0)
(0,0,0)
(0,0,0)
(0,0,0)
(0,0,0)
(0,0,0)
(0,0,0)
(0,0,0)
(0,0,0)
(0,0,0)
(0,0,0)
(0,0,0)
(0,0,0)
(0,0,0)
(0,0,0)
(0,0,0)
(0,0,0)
(0,0,0)
(0,0,0)
(0,0,0)
(0,0,0)
(0,0,0)
(0,0,0)
(0,0,0)
(0,0,0)
(0,0,0)
(0,0,0)
(0,0,0)
(0,0,0)
(0,0,0)
(0,0,0)
(0,0,0)
(0,0,0)
(0,0,0)
(0,0,0)
(0,0,0)
(0,0,0)
(0,0,0)
(0,0,0)
(0,0,0)
(0,0,0)
(0,0,0)
(0,0,0)
(0,0,0)
(0,0,0)
(0,0,0)
(0,0,0)
(0,0,0)
(0,0,0)
(0,0,0)
(0,0,0)
(0,0,0)
(0,0,0)
(0,0,0)
(0,0,0)
(0,0,0)
(0,0,0)
(0,0,0)
(0,0,0)
(0,0,0)
(0,0,0)
(0,0,0)
(0,0,0)
(0,0,0)
(0,0,0)
(0,0,0)
(0,0,0)
(0,0,0)
(0,0,0)
(0,0,0)
(0,0,0)
(0,0,0)
(0,0,0)
(0,0,0)
(0,0,0)
(0,0,0)
(0,0,0)
(0,0,0)
(0,0,0)
(0,0,0)
(0,0,0)
(0,0,0)
(0,0,0)
(0,0,0)
(0,0,0)
(0,0,0)
(0,0,0)
(0,0,0)
(0,0,0)
(0,0,0)
(0,0,0)
(0,0,0)
(0,0,0)
(0,0,0)
(0,0,0)
(0,0,0)
(0,0,0)
(0,0,0)
(0,0,0)
(0,0,0)
(0,0,0)
(0,0,0)
(0,0,0)
(0,0,0)
(0,0,0)
(0,0,0)
(0,0,0)
(0,0,0)
(0,0,0)
(0,0,0)
(0,0,0)
(0,0,0)
(0,0,0)
(0,0,0)
(0,0,0)
(0,0,0)
(0,0,0)
(0,0,0)
(0,0,0)
(0,0,0)
(0,0,0)
(0,0,0)
(0,0,0)
(0,0,0)
(0,0,0)
(0,0,0)
(0,0,0)
(0,0,0)
(0,0,0)
(0,0,0)
(0,0,0)
(0,0,0)
(0,0,0)
(0,0,0)
(0,0,0)
(0,0,0)
(0,0,0)
(0,0,0)
(0,0,0)
(0,0,0)
(0,0,0)
(0,0,0)
(0,0,0)
(0,0,0)
(0,0,0)
(0,0,0)
(0,0,0)
(0,0,0)
(0,0,0)
(0,0,0)
(0,0,0)
(0,0,0)
(0,0,0)
(0,0,0)
(0,0,0)
(0,0,0)
(0,0,0)
(0,0,0)
(0,0,0)
(0,0,0)
(0,0,0)
(0,0,0)
(0,0,0)
(0,0,0)
(0,0,0)
(0,0,0)
(0,0,0)
(0,0,0)
(0,0,0)
(0,0,0)
(0,0,0)
(0,0,0)
(0,0,0)
(0,0,0)
(0,0,0)
(0,0,0)
(0,0,0)
(0,0,0)
(0,0,0)
(0,0,0)
(0,0,0)
(0,0,0)
(0,0,0)
(0,0,0)
(0,0,0)
(0,0,0)
(0,0,0)
(0,0,0)
(0,0,0)
(0,0,0)
(0,0,0)
(0,0,0)
(0,0,0)
(0,0,0)
(0,0,0)
(0,0,0)
(0,0,0)
(0,0,0)
(0,0,0)
(0,0,0)
(0,0,0)
(0,0,0)
(0,0,0)
(0,0,0)
(0,0,0)
(0,0,0)
(0,0,0)
(0,0,0)
(0,0,0)
(0,0,0)
(0,0,0)
(0,0,0)
(0,0,0)
(0,0,0)
(0,0,0)
(0,0,0)
(0,0,0)
(0,0,0)
(0,0,0)
(0,0,0)
(0,0,0)
(0,0,0)
(0,0,0)
(0,0,0)
(0,0,0)
(0,0,0)
(0,0,0)
(0,0,0)
(0,0,0)
(0,0,0)
(0,0,0)
(0,0,0)
(0,0,0)
(0,0,0)
(0,0,0)
(0,0,0)
(0,0,0)
(0,0,0)
(0,0,0)
(0,0,0)
(0,0,0)
(0,0,0)
(0,0,0)
(0,0,0)
(0,0,0)
(0,0,0)
(0,0,0)
(0,0,0)
(0,0,0)
(0,0,0)
(0,0,0)
(0,0,0)
(0,0,0)
(0,0,0)
(0,0,0)
(0,0,0)
(0,0,0)
(0,0,0)
(0,0,0)
(0,0,0)
(0,0,0)
(0,0,0)
(0,0,0)
(0,0,0)
(0,0,0)
(0,0,0)
(0,0,0)
(0,0,0)
(0,0,0)
(0,0,0)
(0,0,0)
(0,0,0)
(0,0,0)
(0,0,0)
(0,0,0)
(0,0,0)
(0,0,0)
(0,0,0)
(0,0,0)
(0,0,0)
(0,0,0)
(0,0,0)
(0,0,0)
(0,0,0)
(0,0,0)
(0,0,0)
(0,0,0)
(0,0,0)
(0,0,0)
(0,0,0)
(0,0,0)
(0,0,0)
(0,0,0)
(0,0,0)
(0,0,0)
(0,0,0)
(0,0,0)
(0,0,0)
(0,0,0)
(0,0,0)
(0,0,0)
(0,0,0)
(0,0,0)
(0,0,0)
(0,0,0)
(0,0,0)
(0,0,0)
(0,0,0)
(0,0,0)
(0,0,0)
(0,0,0)
(0,0,0)
(0,0,0)
(0,0,0)
(0,0,0)
(0,0,0)
(0,0,0)
(0,0,0)
(0,0,0)
(0,0,0)
(0,0,0)
(0,0,0)
(0,0,0)
(0,0,0)
(0,0,0)
(0,0,0)
(0,0,0)
(0,0,0)
(0,0,0)
(0,0,0)
(0,0,0)
(0,0,0)
(0,0,0)
(0,0,0)
(0,0,0)
(0,0,0)
(0,0,0)
(0,0,0)
(0,0,0)
(0,0,0)
(0,0,0)
(0,0,0)
(0,0,0)
(0,0,0)
(0,0,0)
(0,0,0)
(0,0,0)
(0,0,0)
(0,0,0)
(0,0,0)
(0,0,0)
(0,0,0)
(0,0,0)
(0,0,0)
(0,0,0)
(0,0,0)
(0,0,0)
(0,0,0)
(0,0,0)
(0,0,0)
(0,0,0)
(0,0,0)
(0,0,0)
(0,0,0)
(0,0,0)
(0,0,0)
(0,0,0)
(0,0,0)
(0,0,0)
(0,0,0)
(0,0,0)
(0,0,0)
(0,0,0)
(0,0,0)
(0,0,0)
(0,0,0)
(0,0,0)
(0,0,0)
(0,0,0)
(0,0,0)
(0,0,0)
(0,0,0)
(0,0,0)
(0,0,0)
(0,0,0)
(0,0,0)
(0,0,0)
(0,0,0)
(0,0,0)
(0,0,0)
(0,0,0)
(0,0,0)
(0,0,0)
(0,0,0)
(0,0,0)
(0,0,0)
(0,0,0)
(0,0,0)
(0,0,0)
(0,0,0)
(0,0,0)
(0,0,0)
(0,0,0)
(0,0,0)
(0,0,0)
(0,0,0)
(0,0,0)
(0,0,0)
(0,0,0)
(0,0,0)
(0,0,0)
(0,0,0)
(0,0,0)
(0,0,0)
(0,0,0)
(0,0,0)
(0,0,0)
(0,0,0)
(0,0,0)
(0,0,0)
(0,0,0)
(0,0,0)
(0,0,0)
(0,0,0)
(0,0,0)
(0,0,0)
(0,0,0)
(0,0,0)
(0,0,0)
(0,0,0)
(0,0,0)
(0,0,0)
(0,0,0)
(0,0,0)
(0,0,0)
(0,0,0)
(0,0,0)
(0,0,0)
(0,0,0)
(0,0,0)
(0,0,0)
(0,0,0)
(0,0,0)
(0,0,0)
(0,0,0)
(0,0,0)
(0,0,0)
(0,0,0)
(0,0,0)
(0,0,0)
(0,0,0)
(0,0,0)
(0,0,0)
(0,0,0)
(0,0,0)
(0,0,0)
(0,0,0)
(0,0,0)
(0,0,0)
(0,0,0)
(0,0,0)
(0,0,0)
(0,0,0)
(0,0,0)
(0,0,0)
(0,0,0)
(0,0,0)
(0,0,0)
(0,0,0)
(0,0,0)
(0,0,0)
(0,0,0)
(0,0,0)
(0,0,0)
(0,0,0)
(0,0,0)
(0,0,0)
(0,0,0)
(0,0,0)
(0,0,0)
(0,0,0)
(0,0,0)
(0,0,0)
(0,0,0)
(0,0,0)
(0,0,0)
(0,0,0)
(0,0,0)
(0,0,0)
(0,0,0)
(0,0,0)
(0,0,0)
(0,0,0)
(0,0,0)
(0,0,0)
(0,0,0)
(0,0,0)
(0,0,0)
(0,0,0)
(0,0,0)
(0,0,0)
(0,0,0)
(0,0,0)
(0,0,0)
(0,0,0)
(0,0,0)
(0,0,0)
(0,0,0)
(0,0,0)
(0,0,0)
(0,0,0)
(0,0,0)
(0,0,0)
(0,0,0)
(0,0,0)
(0,0,0)
(0,0,0)
(0,0,0)
(0,0,0)
(0,0,0)
(0,0,0)
(0,0,0)
(0,0,0)
(0,0,0)
(0,0,0)
(0,0,0)
(0,0,0)
(0,0,0)
(0,0,0)
(0,0,0)
(0,0,0)
(0,0,0)
(0,0,0)
(0,0,0)
(0,0,0)
(0,0,0)
(0,0,0)
(0,0,0)
(0,0,0)
(0,0,0)
(0,0,0)
(0,0,0)
(0,0,0)
(0,0,0)
(0,0,0)
(0,0,0)
(0,0,0)
(0,0,0)
(0,0,0)
(0,0,0)
(0,0,0)
(0,0,0)
(0,0,0)
(0,0,0)
(0,0,0)
(0,0,0)
(0,0,0)
(0,0,0)
(0,0,0)
(0,0,0)
(0,0,0)
(0,0,0)
(0,0,0)
(0,0,0)
(0,0,0)
(0,0,0)
(0,0,0)
(0,0,0)
(0,0,0)
(0,0,0)
(0,0,0)
(0,0,0)
(0,0,0)
(0,0,0)
(0,0,0)
(0,0,0)
(0,0,0)
(0,0,0)
(0,0,0)
(0,0,0)
(0,0,0)
(0,0,0)
(0,0,0)
(0,0,0)
(0,0,0)
(0,0,0)
(0,0,0)
(0,0,0)
(0,0,0)
(0,0,0)
(0,0,0)
(0,0,0)
(0,0,0)
(0,0,0)
(0,0,0)
(0,0,0)
(0,0,0)
(0,0,0)
(0,0,0)
(0,0,0)
(0,0,0)
(0,0,0)
(0,0,0)
(0,0,0)
(0,0,0)
(0,0,0)
(0,0,0)
(0,0,0)
(0,0,0)
(0,0,0)
(0,0,0)
(0,0,0)
(0,0,0)
(0,0,0)
(0,0,0)
(0,0,0)
(0,0,0)
(0,0,0)
(0,0,0)
(0,0,0)
(0,0,0)
(0,0,0)
(0,0,0)
(0,0,0)
(0,0,0)
(0,0,0)
(0,0,0)
(0,0,0)
(0,0,0)
(0,0,0)
(0,0,0)
(0,0,0)
(0,0,0)
(0,0,0)
(0,0,0)
(0,0,0)
(0,0,0)
(0,0,0)
(0,0,0)
(0,0,0)
(0,0,0)
(0,0,0)
(0,0,0)
(0,0,0)
(0,0,0)
(0,0,0)
(0,0,0)
(0,0,0)
(0,0,0)
(0,0,0)
(0,0,0)
(0,0,0)
(0,0,0)
(0,0,0)
(0,0,0)
(0,0,0)
(0,0,0)
(0,0,0)
(0,0,0)
(0,0,0)
(0,0,0)
(0,0,0)
(0,0,0)
(0,0,0)
(0,0,0)
(0,0,0)
(0,0,0)
(0,0,0)
(0,0,0)
(0,0,0)
(0,0,0)
(0,0,0)
(0,0,0)
(0,0,0)
(0,0,0)
(0,0,0)
(0,0,0)
(0,0,0)
(0,0,0)
(0,0,0)
(0,0,0)
(0,0,0)
(0,0,0)
(0,0,0)
(0,0,0)
(0,0,0)
(0,0,0)
(0,0,0)
(0,0,0)
(0,0,0)
(0,0,0)
(0,0,0)
(0,0,0)
(0,0,0)
(0,0,0)
(0,0,0)
(0,0,0)
(0,0,0)
(0,0,0)
(0,0,0)
(0,0,0)
(0,0,0)
(0,0,0)
(0,0,0)
(0,0,0)
(0,0,0)
(0,0,0)
(0,0,0)
(0,0,0)
(0,0,0)
(0,0,0)
(0,0,0)
(0,0,0)
(0,0,0)
(0,0,0)
(0,0,0)
(0,0,0)
(0,0,0)
(0,0,0)
(0,0,0)
(0,0,0)
(0,0,0)
(0,0,0)
(0,0,0)
(0,0,0)
(0,0,0)
(0,0,0)
(0,0,0)
(0,0,0)
(0,0,0)
(0,0,0)
(0,0,0)
(0,0,0)
(0,0,0)
(0,0,0)
(0,0,0)
(0,0,0)
(0,0,0)
(0,0,0)
(0,0,0)
(0,0,0)
(0,0,0)
(0,0,0)
(0,0,0)
(0,0,0)
(0,0,0)
(0,0,0)
(0,0,0)
(0,0,0)
(0,0,0)
(0,0,0)
(0,0,0)
(0,0,0)
(0,0,0)
(0,0,0)
(0,0,0)
(0,0,0)
(0,0,0)
(0,0,0)
(0,0,0)
(0,0,0)
(0,0,0)
(0,0,0)
(0,0,0)
(0,0,0)
(0,0,0)
(0,0,0)
(0,0,0)
(0,0,0)
(0,0,0)
(0,0,0)
(0,0,0)
(0,0,0)
(0,0,0)
(0,0,0)
(0,0,0)
(0,0,0)
(0,0,0)
(0,0,0)
(0,0,0)
(0,0,0)
(0,0,0)
(0,0,0)
(0,0,0)
(0,0,0)
(0,0,0)
(0,0,0)
(0,0,0)
(0,0,0)
(0,0,0)
(0,0,0)
(0,0,0)
(0,0,0)
(-220369.657043412,116904.427881132,103465.229162279)
(-232991.167058467,112081.753709977,224374.642510768)
(-262288.112913793,101996.253572291,384666.501852268)
(-317750.388840833,86185.6623406555,616231.228352455)
(-417860.51970347,64880.1360024519,969211.612053477)
(-597490.384999848,40373.6191579269,1526328.3778954)
(-922748.92728839,18085.8274287574,2430991.47775505)
(-1510516.73344321,4469.3935714778,3937038.81762681)
(-2491270.10557922,-46.7449272684272,6428355.66813327)
(-3471067.46416751,-375.958971075491,9899799.09127191)
(0,0,0)
(0,0,0)
(0,0,0)
(0,0,0)
(0,0,0)
(0,0,0)
(-233024.035144192,251327.291457893,98601.1715674295)
(-245804.075734105,242211.415925359,214275.585086157)
(-275588.920391771,223034.792290296,368825.966759921)
(-332355.241596447,192495.23711876,594871.633578267)
(-435225.88444941,150349.333003185,944628.321026937)
(-619185.967596586,100237.385214176,1503950.52256727)
(-948032.181153396,52827.3966671031,2417241.13448231)
(-1533564.04980618,22858.425022179,3932416.15283772)
(-2506639.15120034,11113.3642175268,6427895.19489331)
(-3478234.3342971,5687.68827834119,9900065.88194093)
(0,0,0)
(0,0,0)
(0,0,0)
(0,0,0)
(0,0,0)
(0,0,0)
(-261999.717084259,423871.888691845,89455.1198503071)
(-275041.037130911,411631.394537489,195076.178369091)
(-305800.439627956,385640.630021162,338270.780266186)
(-365400.783310753,343486.650988956,552680.149706745)
(-474817.982216203,283440.470965275,894406.993960848)
(-670183.994321806,208423.603375959,1456404.77012087)
(-1010353.06308061,132494.103861836,2387091.12600676)
(-1590956.89002066,80422.2704813082,3920484.17056825)
(-2543600.681515,52990.1877708135,6422208.02853002)
(-3494977.69661182,28741.7821317185,9894131.63128848)
(0,0,0)
(0,0,0)
(0,0,0)
(0,0,0)
(0,0,0)
(0,0,0)
(-316134.423818151,662778.285275188,77228.0272348088)
(-329401.197592598,649138.974901214,169121.644463683)
(-361369.240309576,620008.622757914,296122.892036499)
(-425076.663920577,572115.578815878,492570.628130146)
(-545329.651663124,502053.941224969,819286.809533584)
(-762589.324516063,409993.857289704,1380305.8801359)
(-1129756.85790489,307793.380385426,2334763.46151719)
(-1702025.4213093,224436.535004993,3892774.61830277)
(-2611358.48944716,159521.868736479,6397601.42678421)
(-3524550.36953554,85856.4880631351,9865037.09038851)
(0,0,0)
(0,0,0)
(0,0,0)
(0,0,0)
(0,0,0)
(0,0,0)
(-413163.844773176,1012325.13602686,63616.9940215029)
(-426386.926071373,999065.231571706,140077.663422381)
(-458998.861049868,970755.816139649,248329.331090515)
(-526148.473182098,924097.744910107,422495.638178384)
(-657612.614160801,855050.403133563,727111.790430591)
(-901993.313319783,761193.100879285,1277905.86016077)
(-1311612.4379879,646224.256403553,2251087.42213053)
(-1871118.30391835,519163.903045873,3827478.35800803)
(-2709811.26454335,373271.022435707,6323540.46885226)
(-3567276.26852216,197858.600515259,9778814.62492226)
(0,0,0)
(0,0,0)
(0,0,0)
(0,0,0)
(0,0,0)
(0,0,0)
(-588294.063395923,1550273.47932578,50345.7200970105)
(-600862.251807209,1538461.20040535,111812.003070572)
(-632404.406293245,1513247.72382439,201724.501679078)
(-698878.831190439,1471278.85953433,353422.218245287)
(-831737.964344105,1407040.15455447,633170.431168495)
(-1080756.99985103,1312401.96516895,1162718.56672987)
(-1491616.19741517,1176900.75240533,2123658.26814327)
(-2025768.67535012,987365.724453699,3681225.12208558)
(-2816448.81433489,723065.901727198,6147879.05712903)
(-3621015.30451742,386015.368661723,9580737.59349988)
(0,0,0)
(0,0,0)
(0,0,0)
(0,0,0)
(0,0,0)
(0,0,0)
(-909855.857622269,2421585.85039268,38543.4865553622)
(-920993.097782746,2411394.26533141,86603.5194120548)
(-949309.934946757,2389453.91617777,159707.262005437)
(-1010018.17071517,2351961.34430172,289042.947953225)
(-1133396.13098269,2291137.37726266,538341.856227721)
(-1367371.08514144,2191194.04381808,1026920.86272004)
(-1752935.80279783,2023039.61427996,1933717.80364324)
(-2238663.85348309,1743182.66547239,3416564.71610764)
(-2975330.80744407,1304412.53521086,5810548.89006799)
(-3708656.59486346,710761.602794059,9194459.25079923)
(0,0,0)
(0,0,0)
(0,0,0)
(0,0,0)
(0,0,0)
(0,0,0)
(-1497974.77426867,3891240.97538856,28319.6492727917)
(-1506874.57338868,3881983.23552391,64605.2524689796)
(-1529686.34465432,3861622.12093117,122123.392369912)
(-1579066.20866881,3825163.74636871,227987.19897171)
(-1680437.02035783,3761488.24056069,438073.356031509)
(-1874920.73314847,3645779.92922596,858408.203772086)
(-2197780.51832185,3425823.04159757,1653405.29477631)
(-2591025.92954706,3010251.18299463,2977362.70680116)
(-3263817.33968669,2329015.32850597,5216577.25319275)
(-3876287.51522896,1320201.35914362,8483425.01207208)
(0,0,0)
(0,0,0)
(0,0,0)
(0,0,0)
(0,0,0)
(0,0,0)
(-2482751.44954887,6354985.35892171,19007.0660156898)
(-2488793.29312545,6345689.82959581,44093.7650692578)
(-2504293.41502135,6324536.72626905,85472.5747526697)
(-2537525.59974422,6284183.07634112,163978.844524471)
(-2604468.82404712,6208028.98866004,321906.92047225)
(-2730314.5353208,6060075.23149361,637926.153525391)
(-2941656.48191139,5768101.24145213,1237304.43558224)
(-3255742.20902911,5207655.91377907,2295641.91382694)
(-3795931.2423466,4213233.30309574,4207355.18158369)
(-4168668.59773522,2533316.2205131,7162908.91794943)
(0,0,0)
(0,0,0)
(0,0,0)
(0,0,0)
(0,0,0)
(0,0,0)
(-3467175.35472521,9812482.4310597,9678.28258723491)
(-3470187.20550665,9802816.40326124,22738.9144284523)
(-3477900.13305346,9780300.83108099,44874.9426700288)
(-3494231.77338546,9735761.48644886,87528.3059478073)
(-3526625.83740182,9648599.77358028,173583.358429416)
(-3587224.97870504,9475388.48998818,345495.078639868)
(-3692997.44595844,9130313.19455005,676280.571500368)
(-3871253.13781892,8454583.5557557,1300606.0673426)
(-4167662.68149421,7154629.62594745,2526872.42598503)
(-4197265.67729909,4628398.55406995,4629055.76972731)
(0,0,0)
(0,0,0)
(0,0,0)
(0,0,0)
(0,0,0)
(0,0,0)
(0,0,0)
(0,0,0)
(0,0,0)
(0,0,0)
(0,0,0)
(0,0,0)
(0,0,0)
(0,0,0)
(0,0,0)
(0,0,0)
(0,0,0)
(0,0,0)
(0,0,0)
(0,0,0)
(0,0,0)
(0,0,0)
(0,0,0)
(0,0,0)
(0,0,0)
(0,0,0)
(0,0,0)
(0,0,0)
(0,0,0)
(0,0,0)
(0,0,0)
(0,0,0)
(0,0,0)
(0,0,0)
(0,0,0)
(0,0,0)
(0,0,0)
(0,0,0)
(0,0,0)
(0,0,0)
(0,0,0)
(0,0,0)
(0,0,0)
(0,0,0)
(0,0,0)
(0,0,0)
(0,0,0)
(0,0,0)
(0,0,0)
(0,0,0)
(0,0,0)
(0,0,0)
(0,0,0)
(0,0,0)
(0,0,0)
(0,0,0)
(0,0,0)
(0,0,0)
(0,0,0)
(0,0,0)
(0,0,0)
(0,0,0)
(0,0,0)
(0,0,0)
(0,0,0)
(0,0,0)
(0,0,0)
(0,0,0)
(0,0,0)
(0,0,0)
(0,0,0)
(0,0,0)
(0,0,0)
(0,0,0)
(0,0,0)
(0,0,0)
(0,0,0)
(0,0,0)
(0,0,0)
(0,0,0)
(0,0,0)
(0,0,0)
(0,0,0)
(0,0,0)
(0,0,0)
(0,0,0)
(0,0,0)
(0,0,0)
(0,0,0)
(0,0,0)
(0,0,0)
(0,0,0)
(0,0,0)
(0,0,0)
(0,0,0)
(0,0,0)
(0,0,0)
(0,0,0)
(0,0,0)
(0,0,0)
(0,0,0)
(0,0,0)
(32551888.8871961,104223.875261242,90707.7152328054)
(32530743.4625037,99267.1760319192,194896.044372317)
(32482030.9641394,88705.0702346066,329062.03181787)
(32390838.0563326,71619.8925063831,516043.828871561)
(32228380.0227461,47556.6441935215,789436.776961955)
(31939529.5811878,18739.8317764145,1200867.11373134)
(31409546.1610238,-7156.29740585358,1842918.45755838)
(30362266.4390189,-18582.7856697401,2955908.20549954)
(27999178.0291768,-15428.2066997739,5448078.41217681)
(21581509.6741915,-7570.84067516661,13370262.2492264)
(0,0,0)
(0,0,0)
(0,0,0)
(0,0,0)
(0,0,0)
(0,0,0)
(32530314.002894,222326.123650089,85749.8483064989)
(32509078.1061381,212962.872326391,184362.104873415)
(32459891.4444125,192833.542298568,311943.402738606)
(32366975.1875675,159489.337104112,491933.663710461)
(32200091.662924,110783.141760448,760579.753503667)
(31903102.4431979,49272.9287167562,1174948.38050235)
(31364999.0359025,-9475.8527290826,1831426.85350331)
(30322068.1321925,-34565.7553856523,2958967.77595404)
(27974177.52894,-25878.5624995691,5455791.58634685)
(21570581.3791296,-11079.3667940207,13377674.5337724)
(0,0,0)
(0,0,0)
(0,0,0)
(0,0,0)
(0,0,0)
(0,0,0)
(32481306.5839757,369798.927675009,76411.0296484769)
(32459965.012476,357304.41382409,164253.573277318)
(32409792.9256336,330119.126555218,278564.758492625)
(32312811.0043916,283870.238445267,443162.20418271)
(32134382.8669894,212984.996337927,698949.635133137)
(31813041.6423015,116076.03081918,1116111.03114094)
(31244098.1165407,13143.129720174,1806231.00380383)
(30211056.6208936,-30630.4917577383,2967472.36399523)
(27909603.3539629,-14760.6538693857,5470340.55462059)
(21543790.8272839,-818.522363184402,13388501.3210276)
(0,0,0)
(0,0,0)
(0,0,0)
(0,0,0)
(0,0,0)
(0,0,0)
(32391110.4102542,565768.890998916,63975.3373372569)
(32369774.7359608,552150.257129715,137143.695211764)
(32318358.3582727,522387.663018968,232337.694899258)
(32215023.6563035,471069.621396501,372228.126457496)
(32015302.7437666,389833.19751224,601937.664587076)
(31638918.6064085,270670.044901591,1013025.85431367)
(30975339.9634591,126009.563454563,1762252.73394882)
(29958344.9560792,55364.8385897195,2983077.16094643)
(27779114.7080271,61075.4895684728,5483957.9547677)
(21493656.6060444,43138.3452516869,13388984.2463065)
(0,0,0)
(0,0,0)
(0,0,0)
(0,0,0)
(0,0,0)
(0,0,0)
(32232253.7781043,837120.99707491,50420.4057800521)
(32211398.8866028,824489.787557617,107485.197411439)
(32159708.6899133,797248.911616409,181106.53258443)
(32050954.5886066,751285.443654213,290977.783271386)
(31826843.9745707,680884.452803893,482660.073981846)
(31367928.3661956,582428.724934471,868169.849167108)
(30492186.0081472,466219.611291999,1691351.48992806)
(29489852.4044746,364485.48980748,2988450.2650509)
(27574616.1141462,266621.091253417,5465667.4194098)
(21419097.8590933,144122.861365671,13345498.9104138)
(0,0,0)
(0,0,0)
(0,0,0)
(0,0,0)
(0,0,0)
(0,0,0)
(31949573.0361462,1228610.35039546,37833.6818707555)
(31930133.0983863,1218214.83991443,80303.4140539894)
(31880899.0184505,1196258.21276534,135180.822894804)
(31774155.0782822,1160085.19523909,220537.296570935)
(31547463.7903048,1105325.80616925,384084.323290199)
(31075427.7730344,1025778.70991832,751739.700154391)
(30188655.275322,915563.178091091,1589314.79535162)
(29230554.821215,774408.789836419,2890258.13349093)
(27400586.0485859,564121.224361468,5342913.27219565)
(21333712.4394547,298349.572300619,13201148.952022)
(0,0,0)
(0,0,0)
(0,0,0)
(0,0,0)
(0,0,0)
(0,0,0)
(31425109.4727103,1833370.89106111,27464.2637353349)
(31408182.0526324,1825382.93323661,58311.1547315182)
(31364563.2440054,1808959.65819824,98926.6650800915)
(31267714.5046479,1782843.99506249,165625.324627155)
(31056410.2643406,1744018.93751837,304315.932688306)
(30605083.534393,1683586.66256678,641243.495238775)
(29745108.4950068,1578130.18973036,1447822.3205283)
(28880410.3138953,1390720.71337613,2679626.36434371)
(27142915.5356674,1015857.17182126,5076834.20850579)
(21188065.3547004,543107.924601564,12902544.0413746)
(0,0,0)
(0,0,0)
(0,0,0)
(0,0,0)
(0,0,0)
(0,0,0)
(30376814.2860849,2906333.5363164,19438.4291246461)
(30363474.4084287,2899886.3030985,41776.2121788861)
(30328749.0456075,2886820.647765,72669.9670838075)
(30250533.1964867,2866555.00303326,126549.688691)
(30076480.5399762,2837299.05110195,243542.149506807)
(29693708.2261754,2790249.04418521,535440.943298148)
(28941131.1761156,2681819.00225638,1260030.5710681)
(28377166.7747788,2345382.92348196,2304365.79136976)
(26623051.2213021,1796780.27541694,4603764.26151879)
(20850864.8563337,1027749.84597263,12359160.1033185)
(0,0,0)
(0,0,0)
(0,0,0)
(0,0,0)
(0,0,0)
(0,0,0)
(28007507.9429187,5370343.36443021,12920.9141521242)
(27998570.5296762,5364072.22364194,28561.3055405453)
(27975393.9690505,5350670.97491555,52213.7290516136)
(27924231.3714394,5327216.15080058,96985.744834098)
(27815334.1573474,5285626.22825125,196045.721023714)
(27593713.2046351,5202941.4191111,426515.740875488)
(27194196.4506771,5016544.86098142,923127.084295491)
(26632700.9069487,4591934.29158851,1755322.73494474)
(25047683.1174735,3841312.42179349,3834366.36348157)
(19824972.2336657,2504573.83672965,11331091.6760572)
(0,0,0)
(0,0,0)
(0,0,0)
(0,0,0)
(0,0,0)
(0,0,0)
(21584520.3043913,13279218.712081,6619.1279661257)
(21580102.9074661,13272586.5276017,15004.8457670013)
(21568723.1669742,13257719.8020865,28522.8533018956)
(21544132.2193281,13229483.7870724,55081.3590502341)
(21493521.63231,13174785.5234719,112964.728851371)
(21393958.42231,13062217.0583829,239695.82329817)
(21209559.5244008,12822900.9446376,497972.904016362)
(20856261.4066993,12325476.7278992,1004106.05792108)
(19825824.9527737,11322007.0985563,2497113.88162396)
(16120135.6354949,8825449.19263487,8826027.34765824)
(0,0,0)
(0,0,0)
(0,0,0)
(0,0,0)
(0,0,0)
(0,0,0)
(0,0,0)
(0,0,0)
(0,0,0)
(0,0,0)
(0,0,0)
(0,0,0)
(0,0,0)
(0,0,0)
(0,0,0)
(0,0,0)
(0,0,0)
(0,0,0)
(0,0,0)
(0,0,0)
(0,0,0)
(0,0,0)
(0,0,0)
(0,0,0)
(0,0,0)
(0,0,0)
(0,0,0)
(0,0,0)
(0,0,0)
(0,0,0)
(0,0,0)
(0,0,0)
(0,0,0)
(0,0,0)
(0,0,0)
(0,0,0)
(0,0,0)
(0,0,0)
(0,0,0)
(0,0,0)
(0,0,0)
(0,0,0)
(0,0,0)
(0,0,0)
(0,0,0)
(0,0,0)
(0,0,0)
(0,0,0)
(0,0,0)
(0,0,0)
(0,0,0)
(0,0,0)
(0,0,0)
(0,0,0)
(0,0,0)
(0,0,0)
(0,0,0)
(0,0,0)
(0,0,0)
(0,0,0)
(0,0,0)
(0,0,0)
(0,0,0)
(0,0,0)
(0,0,0)
(0,0,0)
(0,0,0)
(0,0,0)
(0,0,0)
(0,0,0)
(0,0,0)
(0,0,0)
(0,0,0)
(0,0,0)
(0,0,0)
(0,0,0)
(0,0,0)
(0,0,0)
(0,0,0)
(0,0,0)
(0,0,0)
(0,0,0)
(0,0,0)
(0,0,0)
(0,0,0)
(0,0,0)
(0,0,0)
(0,0,0)
(0,0,0)
(0,0,0)
(0,0,0)
(0,0,0)
(0,0,0)
(0,0,0)
(0,0,0)
(0,0,0)
(0,0,0)
(0,0,0)
(0,0,0)
(0,0,0)
(0,0,0)
(0,0,0)
(-567259.929604742,82542.5690750439,69416.1129922395)
(-590583.024816344,77569.0281216946,145983.437456988)
(-643481.910472052,66592.1355702165,237714.041764873)
(-739882.788358937,47797.9680490938,353446.783673808)
(-904936.616192047,19292.4197122173,500280.868166263)
(-1180264.60546481,-17645.5820438431,670530.502129258)
(-1630578.34216403,-51674.8164161048,795139.686999774)
(-2343211.50693248,-58767.0494435963,592194.54766122)
(-3365026.0641117,-40407.2168489727,-970384.27693481)
(-4124961.09105222,-18509.803385589,-8212593.84303886)
(0,0,0)
(0,0,0)
(0,0,0)
(0,0,0)
(0,0,0)
(0,0,0)
(-591960.695417587,173190.506287442,64436.6263656482)
(-614927.013507102,163789.206788085,135031.432610866)
(-667306.940332538,142744.983403198,218886.834789498)
(-763791.872206752,105361.826182272,324899.901697042)
(-931335.60697016,45103.4272161883,463326.029353699)
(-1214157.39177229,-40759.6819805186,636509.829527059)
(-1675029.06627936,-130348.277354636,788021.257913834)
(-2380794.37233598,-145546.023863009,610472.602128192)
(-3383887.14547189,-90424.3755551069,-948635.69948714)
(-4131611.67894534,-37860.665798527,-8194281.91373263)
(0,0,0)
(0,0,0)
(0,0,0)
(0,0,0)
(0,0,0)
(0,0,0)
(-647218.608847094,279492.823317619,55032.7410592624)
(-669438.172082837,267062.721596517,113972.276076215)
(-720869.210303193,238726.523321834,181462.737360857)
(-818281.75586756,186158.478143903,264568.710924802)
(-994492.389080414,93995.0424069203,377362.217070363)
(-1306477.59172046,-57953.8564767482,546885.490855018)
(-1823791.72316605,-255542.256224553,772779.174698228)
(-2511065.96957679,-283278.368439422,665443.975011457)
(-3441078.54115759,-145207.535648667,-896281.10450793)
(-4149954.30930563,-50922.3855326175,-8156664.38291787)
(0,0,0)
(0,0,0)
(0,0,0)
(0,0,0)
(0,0,0)
(0,0,0)
(-746005.759818249,406791.156901932,42627.7017546178)
(-767086.822521374,393697.953000966,85663.8940988136)
(-817074.727878537,363727.566609339,128905.802229022)
(-916484.227653844,307024.717566873,172357.312029847)
(-1112327.46127119,201449.102989286,225343.321751667)
(-1509880.12340472,-204.007838765524,349202.068193349)
(-2286052.95486514,-357047.924103353,744910.519662855)
(-2937455.19496886,-413067.461868623,803309.629406561)
(-3584335.38542414,-143383.150005323,-802254.797518953)
(-4189289.62711323,-31384.2446206495,-8106036.84000688)
(0,0,0)
(0,0,0)
(0,0,0)
(0,0,0)
(0,0,0)
(0,0,0)
(-911989.281258658,554296.725045256,29547.3564861079)
(-931362.943186917,543083.447294739,55733.557248584)
(-978605.792214054,518320.064032252,72265.407219418)
(-1078082.09273069,474373.499701526,66763.1716886835)
(-1297157.28132547,401444.932823782,23578.4630167407)
(-1858012.52052238,289940.487609371,-7815.28044693978)
(-3691268.8828233,162717.338997249,688684.212689452)
(-4379616.25150722,105186.502107642,1072708.7699615)
(-3865246.73455358,92586.4975673941,-690588.163644857)
(-4253766.02295209,58726.5192299636,-8075025.18018352)
(0,0,0)
(0,0,0)
(0,0,0)
(0,0,0)
(0,0,0)
(0,0,0)
(-1185754.08855577,704050.462125625,18383.2528881734)
(-1202734.31712803,696143.950018453,31000.0309452378)
(-1245092.94212707,679801.569745146,28320.3510764171)
(-1337611.72617461,653518.877639218,-6248.35713810758)
(-1550602.03193335,614162.48057645,-88090.2173861445)
(-2110059.85726272,555383.541661722,-135235.775874845)
(-3853987.89855069,471995.421762436,630939.180499154)
(-4484611.31039913,424227.194652706,1059874.48483478)
(-3995855.54661377,306384.372770082,-724671.929901862)
(-4318072.03258184,152636.873340798,-8133987.94670957)
(0,0,0)
(0,0,0)
(0,0,0)
(0,0,0)
(0,0,0)
(0,0,0)
(-1633507.58133035,784962.053027359,10515.3284053412)
(-1647497.23762728,780532.420378345,14616.0135716306)
(-1683127.02883386,772974.266659902,1943.45476248119)
(-1763738.84342754,765509.423978123,-45783.8782345113)
(-1959252.42487632,763955.859413924,-147104.702588626)
(-2507065.10129328,772106.266042823,-218868.926016812)
(-4325956.26335721,774062.90555927,582938.213816963)
(-4908757.81260423,887367.952254456,941775.447981275)
(-4193284.79439264,495863.167425723,-878693.151347627)
(-4424140.24823561,205813.370954167,-8286854.1807586)
(0,0,0)
(0,0,0)
(0,0,0)
(0,0,0)
(0,0,0)
(0,0,0)
(-2348297.99446525,536808.456024816,6075.74281918893)
(-2358828.13316802,534729.446167679,6991.12389306591)
(-2386011.30749606,533180.418090455,-5644.80916742656)
(-2449201.32218775,540005.690891364,-47596.692139692)
(-2610965.23699912,575924.460707243,-139309.651191124)
(-3113469.4505007,690061.769086868,-217277.612292673)
(-5099884.95956151,934709.114204761,695902.18000553)
(-4157396.6640203,600714.135028832,549929.301296817)
(-4350495.47381339,221198.856615927,-1169049.82751132)
(-4588322.19727668,1710.95743416078,-8492950.49511436)
(0,0,0)
(0,0,0)
(0,0,0)
(0,0,0)
(0,0,0)
(0,0,0)
(-3373612.33760663,-1053184.08096665,3922.6827832764)
(-3380416.41303909,-1054881.42227625,5330.35920895766)
(-3397804.71066903,-1056478.72932522,998.051610707329)
(-3436636.44402284,-1053330.09756691,-11988.479202224)
(-3525706.19031793,-1036590.76213777,-25623.0434253362)
(-3738727.6235694,-997204.462076361,26893.8812088038)
(-4204404.4622659,-968477.142554568,361490.916177617)
(-4357431.25037158,-1184893.8068512,170040.880644303)
(-4758515.48793953,-1380906.47412357,-1388845.31793664)
(-4833839.45566137,-1200525.29809267,-8494987.50781629)
(0,0,0)
(0,0,0)
(0,0,0)
(0,0,0)
(0,0,0)
(0,0,0)
(-4131548.23593692,-8306463.45407773,2157.77870581298)
(-4134840.8115091,-8308576.89682421,3606.83749550139)
(-4143172.18388347,-8312083.34437141,3916.66866587663)
(-4161135.57225131,-8315751.41621695,4415.64416165109)
(-4199398.74038689,-8319786.82418208,13341.9441693751)
(-4279604.15454475,-8332718.86438929,55228.7886034733)
(-4427865.69007857,-8387601.54773881,144588.273533564)
(-4593056.37556594,-8531685.67554964,-26492.2102363827)
(-4835252.00548009,-8504635.63668595,-1208876.22415382)
(-4666239.61909282,-7295338.28230767,-7294878.12008471)
(0,0,0)
(0,0,0)
(0,0,0)
(0,0,0)
(0,0,0)
(0,0,0)
(0,0,0)
(0,0,0)
(0,0,0)
(0,0,0)
(0,0,0)
(0,0,0)
(0,0,0)
(0,0,0)
(0,0,0)
(0,0,0)
(0,0,0)
(0,0,0)
(0,0,0)
(0,0,0)
(0,0,0)
(0,0,0)
(0,0,0)
(0,0,0)
(0,0,0)
(0,0,0)
(0,0,0)
(0,0,0)
(0,0,0)
(0,0,0)
(0,0,0)
(0,0,0)
(0,0,0)
(0,0,0)
(0,0,0)
(0,0,0)
(0,0,0)
(0,0,0)
(0,0,0)
(0,0,0)
(0,0,0)
(0,0,0)
(0,0,0)
(0,0,0)
(0,0,0)
(0,0,0)
(0,0,0)
(0,0,0)
(0,0,0)
(0,0,0)
(0,0,0)
(0,0,0)
(0,0,0)
(0,0,0)
(0,0,0)
(0,0,0)
(0,0,0)
(0,0,0)
(0,0,0)
(0,0,0)
(0,0,0)
(0,0,0)
(0,0,0)
(0,0,0)
(0,0,0)
(0,0,0)
(0,0,0)
(0,0,0)
(0,0,0)
(0,0,0)
(0,0,0)
(0,0,0)
(0,0,0)
(0,0,0)
(0,0,0)
(0,0,0)
(0,0,0)
(0,0,0)
(0,0,0)
(0,0,0)
(0,0,0)
(0,0,0)
(0,0,0)
(0,0,0)
(0,0,0)
(0,0,0)
(0,0,0)
(0,0,0)
(0,0,0)
(0,0,0)
(0,0,0)
(0,0,0)
(0,0,0)
(0,0,0)
(0,0,0)
(0,0,0)
(0,0,0)
(0,0,0)
(0,0,0)
(0,0,0)
(0,0,0)
(0,0,0)
(-670917.250231253,57720.0864779648,45937.2341485481)
(-690691.829104513,53153.1947822301,92892.8436544916)
(-734425.458200704,42751.7091722053,141084.68221094)
(-810827.677315014,23875.6761718105,188153.894995202)
(-934191.306809892,-7137.98897764862,224546.574590692)
(-1123870.43353384,-51565.2849617145,219717.68762144)
(-1396555.64659627,-96145.7769859304,81840.7690396158)
(-1734600.65467011,-96351.3334521853,-430418.749770574)
(-2004962.54111349,-59266.9553313029,-1731215.31743746)
(-1742261.43169189,-25182.6348301405,-4088732.34196762)
(0,0,0)
(0,0,0)
(0,0,0)
(0,0,0)
(0,0,0)
(0,0,0)
(-693362.784669187,117776.758414653,41345.4173149107)
(-712062.919063567,109168.458020593,82466.059633011)
(-753382.403746523,89131.0971307372,122162.135088467)
(-825714.262891439,50847.4103572032,157112.791587756)
(-943434.64466906,-18072.836609549,180146.676918556)
(-1127646.13332319,-133107.065629491,175177.199137247)
(-1398556.66854153,-279090.383714993,81649.4081284876)
(-1726372.51887057,-275763.401153534,-393360.37763557)
(-1991674.34307626,-147587.415578988,-1697252.71978349)
(-1734070.21632584,-56203.2324816387,-4063773.58475157)
(0,0,0)
(0,0,0)
(0,0,0)
(0,0,0)
(0,0,0)
(0,0,0)
(-742591.059983393,180451.391156119,32697.8183948367)
(-759149.940906111,169230.075003211,62347.9702354893)
(-795653.6127532,142433.760196582,83829.7096196499)
(-859654.66458214,87912.5006992144,88137.5279922202)
(-965627.292181082,-23875.660525793,65075.2550091304)
(-1142327.24211981,-261367.629371375,29185.4691503517)
(-1440905.40328789,-717759.805431963,84968.5709891609)
(-1727012.50153293,-709576.344184024,-265271.954024218)
(-1959485.03138596,-288400.927422592,-1606051.95195223)
(-1714147.75815871,-90229.3511446426,-4007832.38443615)
(0,0,0)
(0,0,0)
(0,0,0)
(0,0,0)
(0,0,0)
(0,0,0)
(-827515.240409405,240492.948868116,21467.9228791653)
(-841066.277279295,229162.946986939,35514.5056533646)
(-870494.794048163,202056.64161976,29311.6903998149)
(-920961.067225863,145381.347814973,-23680.3171439236)
(-1004042.48087923,16620.8275908694,-172461.785652549)
(-1168133.60606959,-348280.282502022,-427295.64985703)
(-1761998.37469339,-1762182.36412089,93072.3286601499)
(-1854616.01389225,-1855135.38050929,155792.183908802)
(-1884680.03742093,-424216.276250581,-1408047.81526643)
(-1673961.31555266,-95800.0453640036,-3917805.43260768)
(0,0,0)
(0,0,0)
(0,0,0)
(0,0,0)
(0,0,0)
(0,0,0)
(-961866.985501728,280234.597992114,10136.0551190695)
(-971895.846487142,271452.528535486,8379.3768707479)
(-992530.07397078,251676.601862203,-27316.3016149625)
(-1022315.39660835,214739.727941436,-152441.377863761)
(-1043424.76529416,147916.005885036,-537469.072189238)
(-940259.916374557,37855.0601368008,-1841357.01897589)
(1.02736496420865e-05,2.17181499326702e-06,-6.17114530287193e-06)
(805.630568178812,187.522499001917,1586523.42716892)
(-1585057.35374057,-38015.4021710583,-1079866.82772365)
(-1601587.56668973,-5569.22106714779,-3822276.10828287)
(0,0,0)
(0,0,0)
(0,0,0)
(0,0,0)
(0,0,0)
(0,0,0)
(-1163003.51272638,256105.36875381,1378.65340892216)
(-1169663.07542508,251209.274672627,-11449.3344311659)
(-1182202.22649699,241644.398149366,-64307.8463484006)
(-1195091.85053149,227287.627527883,-219375.621577972)
(-1179759.767571,205400.606708237,-647702.486763534)
(-998782.051966305,158266.860539959,-1879392.0924631)
(9.63401555723499e-06,2.7881439539629e-06,-5.73735453937993e-06)
(632.554256989993,27.3256353575776,1548174.53465113)
(-1547019.18871795,108904.791557892,-1047582.01697363)
(-1600864.76941708,46524.6504779249,-3816883.15168338)
(0,0,0)
(0,0,0)
(0,0,0)
(0,0,0)
(0,0,0)
(0,0,0)
(-1443953.3425997,70070.5430089156,-3519.41298574644)
(-1447802.1351016,69099.6518992601,-21104.8927380751)
(-1453772.6742544,69981.8946470185,-78796.7438151706)
(-1453736.19821754,79943.5833000694,-241455.344797352)
(-1412385.86569646,112130.327161525,-695051.624430498)
(-1171506.8865513,165547.773627698,-2037890.75226022)
(2.64809584545825e-05,-1.02876318950925e-05,-8.20717348280175e-06)
(689.480818317235,1638553.38771743,1656894.81713057)
(-1655786.01974711,338487.906342558,-1110187.07229962)
(-1665710.77624497,41528.8887431584,-3863620.78255552)
(0,0,0)
(0,0,0)
(0,0,0)
(0,0,0)
(0,0,0)
(0,0,0)
(-1785114.97290895,-488604.426141094,-4508.05240630035)
(-1786969.00204259,-486994.411488719,-20273.1201437598)
(-1788579.92978574,-478776.737901413,-68945.8653056533)
(-1781138.97156818,-447582.44648498,-209482.186140179)
(-1727413.9066396,-338978.240207795,-641924.949130375)
(-1450638.13764734,64613.322641771,-2203821.81099781)
(408.473870815566,1829978.01981879,1638232.0553626)
(-1637590.34013023,400455.944857955,356523.174331997)
(-2061035.61334082,-187023.519948894,-1407425.25984911)
(-1804922.78067246,-243907.773072017,-3905388.01463815)
(0,0,0)
(0,0,0)
(0,0,0)
(0,0,0)
(0,0,0)
(0,0,0)
(-2047757.79646888,-1811513.60388749,-2945.36339134127)
(-2048540.94142268,-1809672.06010469,-12143.186391768)
(-2048597.77597174,-1802184.5318288,-37942.327161649)
(-2042887.85835394,-1778120.30455536,-101153.054760169)
(-2016556.61640535,-1710562.92269983,-238717.946180699)
(-1935542.0838134,-1538402.89197787,-438887.271317075)
(-1829347.83824953,-1192278.2991993,208312.423684645)
(-2096497.14220922,-1420844.3050468,-231321.434572948)
(-2254370.24613782,-1457903.15247221,-1464587.04385132)
(-1847531.72255097,-1033069.85519404,-3661732.69483972)
(0,0,0)
(0,0,0)
(0,0,0)
(0,0,0)
(0,0,0)
(0,0,0)
(-1766366.91470811,-4175527.06954404,-1167.8555722284)
(-1766661.86548017,-4174263.67227635,-4755.18942949571)
(-1766596.90960088,-4169430.45819896,-14084.5373419281)
(-1764324.38479266,-4155136.05722147,-33879.9721344372)
(-1756022.63935421,-4120904.55544599,-66914.4404209669)
(-1738226.3988059,-4053603.22234417,-93091.8657935313)
(-1732344.26337006,-3960202.7620969,-20688.8296044188)
(-1826674.35323571,-3939077.57154971,-268837.585431722)
(-1852151.93459603,-3669760.79866091,-1040080.01012707)
(-1481097.69622013,-2629328.79316487,-2628962.99502892)
(0,0,0)
(0,0,0)
(0,0,0)
(0,0,0)
(0,0,0)
(0,0,0)
(0,0,0)
(0,0,0)
(0,0,0)
(0,0,0)
(0,0,0)
(0,0,0)
(0,0,0)
(0,0,0)
(0,0,0)
(0,0,0)
(0,0,0)
(0,0,0)
(0,0,0)
(0,0,0)
(0,0,0)
(0,0,0)
(0,0,0)
(0,0,0)
(0,0,0)
(0,0,0)
(0,0,0)
(0,0,0)
(0,0,0)
(0,0,0)
(0,0,0)
(0,0,0)
(0,0,0)
(0,0,0)
(0,0,0)
(0,0,0)
(0,0,0)
(0,0,0)
(0,0,0)
(0,0,0)
(0,0,0)
(0,0,0)
(0,0,0)
(0,0,0)
(0,0,0)
(0,0,0)
(0,0,0)
(0,0,0)
(0,0,0)
(0,0,0)
(0,0,0)
(0,0,0)
(0,0,0)
(0,0,0)
(0,0,0)
(0,0,0)
(0,0,0)
(0,0,0)
(0,0,0)
(0,0,0)
(0,0,0)
(0,0,0)
(0,0,0)
(0,0,0)
(0,0,0)
(0,0,0)
(0,0,0)
(0,0,0)
(0,0,0)
(0,0,0)
(0,0,0)
(0,0,0)
(0,0,0)
(0,0,0)
(0,0,0)
(0,0,0)
(0,0,0)
(0,0,0)
(0,0,0)
(0,0,0)
(0,0,0)
(0,0,0)
(0,0,0)
(0,0,0)
(0,0,0)
(0,0,0)
(0,0,0)
(0,0,0)
(0,0,0)
(0,0,0)
(0,0,0)
(0,0,0)
(0,0,0)
(0,0,0)
(0,0,0)
(0,0,0)
(0,0,0)
(0,0,0)
(0,0,0)
(0,0,0)
(0,0,0)
(0,0,0)
(-732019.625095883,35156.1637682758,25946.2110963545)
(-745379.356302401,31705.9372229356,48927.8010713062)
(-773703.649559587,23763.6705181544,64442.3219120326)
(-819864.253120379,8956.41779564896,64522.4799217497)
(-887730.052121033,-16435.8307946541,34497.0560275434)
(-980544.219592863,-55411.2114746594,-53417.9464387811)
(-1094926.85117702,-98216.6219890183,-256830.119869018)
(-1201774.23407092,-88170.6743425225,-701485.866125684)
(-1191185.05808266,-46012.6236133928,-1469250.72554313)
(-847121.617448951,-17024.2037499323,-2347366.3360361)
(0,0,0)
(0,0,0)
(0,0,0)
(0,0,0)
(0,0,0)
(0,0,0)
(-749013.800875641,68335.5130382908,22471.666936437)
(-760726.773592608,61895.2936789464,40946.1650094651)
(-785006.356191875,46722.0070631593,49611.7809098124)
(-823087.611568066,16810.4729759783,39131.0744061129)
(-875981.836438278,-40336.2554968168,-4421.30912250871)
(-943472.73581565,-147833.850611911,-96172.0674928018)
(-1024783.51329027,-321417.810633719,-246744.034099363)
(-1125596.41712585,-276369.355250029,-659321.454936563)
(-1141249.76440207,-115388.060194893,-1440370.59702926)
(-824629.778837983,-36280.6463723603,-2330554.59189468)
(0,0,0)
(0,0,0)
(0,0,0)
(0,0,0)
(0,0,0)
(0,0,0)
(-785495.149244099,95239.0135872816,16000.5887117135)
(-794010.992801787,87078.3191456174,25678.6151407228)
(-810324.116489505,67417.8886525445,19653.2372876436)
(-831612.938525391,26480.185608495,-18058.201401622)
(-849719.217658885,-62377.3817877082,-111925.149632926)
(-845150.714098855,-287178.172126561,-269757.356139222)
(-791639.485309808,-1038752.19225611,-201688.892494913)
(-869596.085330417,-837074.282668219,-498400.381279245)
(-998299.200835212,-213521.714936515,-1361452.5570884)
(-767321.674796784,-50007.4323710111,-2294551.85445168)
(0,0,0)
(0,0,0)
(0,0,0)
(0,0,0)
(0,0,0)
(0,0,0)
(-845855.065643551,105768.046181642,7810.79263978797)
(-850133.119636152,98019.4806651932,5936.47347706453)
(-855650.328120367,79832.4125643399,-21322.5163625217)
(-852789.22930704,43954.4677833025,-106968.636456155)
(-813811.521231272,-22785.2738040484,-336791.704087781)
(-650312.91373063,-120363.329326145,-1021427.23922716)
(6.25950797266661e-06,6.31917949633778e-07,-3.56023921848052e-06)
(967.121874232739,419.928107945952,125087.223470822)
(-650546.069103799,-124512.845465604,-1198055.61431722)
(-653973.227809398,-23380.0182989882,-2244671.11613252)
(0,0,0)
(0,0,0)
(0,0,0)
(0,0,0)
(0,0,0)
(0,0,0)
(-934930.047901679,78791.9264022277,39.1821793688185)
(-934928.708436355,73444.6575200678,-12353.1327262982)
(-929708.962617457,61880.1878128891,-57222.0193281735)
(-903734.069093406,41903.0208467557,-173751.899906572)
(-816954.184605122,11521.7718182079,-434529.526217851)
(-573137.398415688,-20705.1974933129,-901310.176009533)
(-3.0460451354488e-07,1.53381612562365e-07,1.18965339282933e-05)
(1.1687147731841e-05,1.07398724063105e-06,-1.31212395688194e-06)
(809.089514901899,36.6464894332016,-1097083.50163765)
(-495766.967117068,-4822.26416243414,-2221461.85534684)
(0,0,0)
(0,0,0)
(0,0,0)
(0,0,0)
(0,0,0)
(0,0,0)
(-1053904.74065204,-24980.9054371275,-5325.94023498915)
(-1050506.7761897,-26999.0152141863,-24038.5667361139)
(-1037123.25961224,-29939.8608775687,-77297.4849304151)
(-994855.815473512,-31378.0718628144,-204252.427278821)
(-878293.764361828,-27272.1173650519,-466924.541304725)
(-591093.438092307,-14527.7685160643,-880790.584155965)
(4.09652856682597e-07,7.25792573823405e-07,9.38872535631963e-06)
(8.65203143834795e-06,2.11823825828615e-06,-7.50829232825108e-07)
(600.605597506617,118.300430760593,-1102055.03772679)
(-472658.287482749,-18331.5416418114,-2216752.24218175)
(0,0,0)
(0,0,0)
(0,0,0)
(0,0,0)
(0,0,0)
(0,0,0)
(-1190447.33790039,-271087.247875194,-7399.66226123534)
(-1185075.79154873,-270010.880838927,-27114.1401893568)
(-1167171.90064852,-264774.0351147,-78880.7395581123)
(-1116231.2970486,-247455.271837263,-200308.440752605)
(-982713.848080475,-202917.025541091,-454335.550192549)
(-660244.615944203,-113698.631848871,-866426.957466854)
(1.71573885755085e-06,1.49902967218831e-05,1.12604070888394e-05)
(1.61281401815438e-05,4.54882160308021e-08,-3.26230081454462e-06)
(718.857100068238,-66893.9589026831,-1120688.93898431)
(-508408.824091334,-97741.2166588741,-2198581.21612086)
(0,0,0)
(0,0,0)
(0,0,0)
(0,0,0)
(0,0,0)
(0,0,0)
(-1298625.69707658,-751198.714833207,-6377.80887436088)
(-1292941.841105,-748484.931094552,-21930.9195563281)
(-1274915.43332773,-738727.048660277,-61642.4024687602)
(-1225001.56496829,-709322.579130803,-155912.501775105)
(-1092807.77805491,-628155.700451312,-365279.955449568)
(-756330.685569357,-420407.546704124,-752878.492672301)
(1.959938080891e-05,-2.31390673385928e-06,-2.08462080778649e-06)
(327.032496956924,-58674.1158666205,-67261.2193395309)
(-662919.210712185,-380502.442102547,-1151769.13876831)
(-666895.697655029,-286555.991443315,-2100981.44700132)
(0,0,0)
(0,0,0)
(0,0,0)
(0,0,0)
(0,0,0)
(0,0,0)
(-1265029.30575012,-1530210.09888802,-3717.1066639518)
(-1260604.15925861,-1527894.58261389,-12244.2373086951)
(-1246931.937708,-1520275.48697411,-32361.6372586017)
(-1209996.55007806,-1499657.45662097,-74918.0680443052)
(-1111665.59351782,-1450177.24795477,-157787.543428367)
(-839607.068729438,-1341327.65040231,-332802.454814136)
(459.683331842047,-1095548.07141378,-59017.7208309108)
(-673471.479331044,-1151277.90886558,-389439.59071014)
(-910388.504456056,-1055863.93773399,-1058059.83676046)
(-710865.453216676,-666701.529206078,-1814580.56833199)
(0,0,0)
(0,0,0)
(0,0,0)
(0,0,0)
(0,0,0)
(0,0,0)
(-885823.205878678,-2409310.50983275,-1443.29788470414)
(-883511.633084124,-2407799.71366667,-4688.39922798028)
(-876633.136199612,-2403063.04914118,-11864.6104621892)
(-859180.306336796,-2391046.60137907,-25619.5441599645)
(-817486.288152782,-2365153.89363177,-49179.2496843807)
(-725779.302315841,-2315683.36682267,-87270.6297540887)
(-571886.045534199,-2228177.02305906,-115099.89594469)
(-685902.192317851,-2112722.98361388,-294426.982114258)
(-715384.673189974,-1817864.59258179,-669193.588672536)
(-520545.264968077,-1148350.97076107,-1148096.5783696)
(0,0,0)
(0,0,0)
(0,0,0)
(0,0,0)
(0,0,0)
(0,0,0)
(0,0,0)
(0,0,0)
(0,0,0)
(0,0,0)
(0,0,0)
(0,0,0)
(0,0,0)
(0,0,0)
(0,0,0)
(0,0,0)
(0,0,0)
(0,0,0)
(0,0,0)
(0,0,0)
(0,0,0)
(0,0,0)
(0,0,0)
(0,0,0)
(0,0,0)
(0,0,0)
(0,0,0)
(0,0,0)
(0,0,0)
(0,0,0)
(0,0,0)
(0,0,0)
(0,0,0)
(0,0,0)
(0,0,0)
(0,0,0)
(0,0,0)
(0,0,0)
(0,0,0)
(0,0,0)
(0,0,0)
(0,0,0)
(0,0,0)
(0,0,0)
(0,0,0)
(0,0,0)
(0,0,0)
(0,0,0)
(0,0,0)
(0,0,0)
(0,0,0)
(0,0,0)
(0,0,0)
(0,0,0)
(0,0,0)
(0,0,0)
(0,0,0)
(0,0,0)
(0,0,0)
(0,0,0)
(0,0,0)
(0,0,0)
(0,0,0)
(0,0,0)
(0,0,0)
(0,0,0)
(0,0,0)
(0,0,0)
(0,0,0)
(0,0,0)
(0,0,0)
(0,0,0)
(0,0,0)
(0,0,0)
(0,0,0)
(0,0,0)
(0,0,0)
(0,0,0)
(0,0,0)
(0,0,0)
(0,0,0)
(0,0,0)
(0,0,0)
(0,0,0)
(0,0,0)
(0,0,0)
(0,0,0)
(0,0,0)
(0,0,0)
(0,0,0)
(0,0,0)
(0,0,0)
(0,0,0)
(0,0,0)
(0,0,0)
(0,0,0)
(0,0,0)
(0,0,0)
(0,0,0)
(0,0,0)
(0,0,0)
(0,0,0)
(-762497.126131723,18031.408529715,12446.0925061313)
(-769672.617855264,16267.7713316773,20471.58272732)
(-783748.850665811,12411.6864755414,18105.097358001)
(-803802.372507517,5685.82881900828,-3642.61207386891)
(-827929.1177455,-4721.08512660944,-58722.4613227956)
(-852633.108181992,-18363.9670344879,-168269.605699172)
(-870823.886267592,-28101.264440429,-364271.306168176)
(-862583.490876532,-11991.4805175094,-691470.568845055)
(-760831.682633529,3946.50686896368,-1125770.45116312)
(-477443.017134572,5483.16710584018,-1500932.21858339)
(0,0,0)
(0,0,0)
(0,0,0)
(0,0,0)
(0,0,0)
(0,0,0)
(-773308.991467706,31671.4475026176,10655.1516191661)
(-778782.994658198,28433.5784140212,16545.565602412)
(-788648.235601667,21245.3413049382,11353.7901828083)
(-800154.281927306,8165.13837519231,-14058.849014139)
(-808316.473970075,-14129.9487982807,-72315.3478106695)
(-806692.547131667,-49494.7296629785,-177964.773866164)
(-794543.170973051,-88184.0081393706,-348122.372484439)
(-789903.390676949,-20286.8326310712,-675520.046819779)
(-716131.684441807,27627.0953300846,-1124318.71524114)
(-457965.098248251,21056.3329420037,-1506556.56166704)
(0,0,0)
(0,0,0)
(0,0,0)
(0,0,0)
(0,0,0)
(0,0,0)
(-795885.486824757,34650.9932999298,7410.79178334958)
(-798148.920713584,30723.3188057416,9258.97930342702)
(-799875.286973601,21859.6984058326,-1804.20731336908)
(-793947.181413539,5125.99480742002,-36430.8208574528)
(-766032.764354766,-26558.4604372121,-107688.762522642)
(-693382.333288032,-92307.4218507897,-216644.451145661)
(-569366.589954591,-246858.584707562,-280242.769932687)
(-576093.533493475,33630.8425861291,-627662.996986828)
(-601575.594570904,134314.690263404,-1131074.19818446)
(-412841.755118342,63373.1867908151,-1527870.9717117)
(0,0,0)
(0,0,0)
(0,0,0)
(0,0,0)
(0,0,0)
(0,0,0)
(-831058.214345196,16392.9244755146,3461.21752605675)
(-829235.202066802,12970.0444153527,316.574347097502)
(-820452.625595761,5597.21374112906,-18618.6435128067)
(-790998.928154722,-7076.85987944105,-68206.0899782615)
(-709115.712235044,-25954.1400185092,-173506.21939319)
(-501652.993364308,-43173.6567687786,-371299.904841523)
(5.27443074068534e-06,2.13313711321573e-07,8.92901978198396e-07)
(-62.7865285628743,-266.894794485066,-527068.65543704)
(-368145.991391254,526951.224705333,-1202105.26759152)
(-336251.165889651,134876.222296337,-1591330.36501678)
(0,0,0)
(0,0,0)
(0,0,0)
(0,0,0)
(0,0,0)
(0,0,0)
(-878135.262233471,-40390.4943593898,-11.3668332982327)
(-872500.866939061,-42286.8876741262,-7182.27624111237)
(-854324.011141693,-45627.8511758459,-31342.1627999008)
(-805718.532714158,-49286.9464359053,-87147.6126226859)
(-689257.807677964,-49896.8831225174,-190901.246445837)
(-440129.047298303,-38721.8887114174,-328361.365620585)
(-3.8541747718931e-07,-9.11708309948845e-08,5.58884477444057e-07)
(1.00812306639344e-05,5.00780201986271e-08,2.14389367366653e-06)
(225.764618612566,-144.766295976134,-1594299.75196342)
(-247175.558189217,18308.8608566676,-1726323.79945159)
(0,0,0)
(0,0,0)
(0,0,0)
(0,0,0)
(0,0,0)
(0,0,0)
(-930793.213119301,-161525.504588334,-1976.51730379241)
(-922578.528756791,-161515.321282866,-10676.3311279683)
(-898403.351097001,-159922.063692445,-35102.0271266086)
(-838643.973367203,-152749.254024849,-87851.5616439762)
(-704404.82378749,-131753.72219613,-179883.6631447)
(-436120.483798346,-83740.5969088707,-289837.909241208)
(2.25560947487217e-07,3.18739432740506e-07,-2.66328485552357e-11)
(7.38774288650952e-06,4.43179337550232e-07,8.71160601639035e-07)
(240.834434742465,220.794321042609,-1575923.48612824)
(-231445.457293493,-54119.5876007376,-1744707.86786008)
(0,0,0)
(0,0,0)
(0,0,0)
(0,0,0)
(0,0,0)
(0,0,0)
(-970827.196959546,-379092.656692231,-2052.98883695972)
(-961759.334844809,-377667.03671229,-9217.73011146113)
(-935971.076041165,-372313.316791859,-28027.3016194061)
(-873989.5741894,-356080.548607264,-66937.7298961883)
(-736497.861043721,-312925.439974495,-131981.999154578)
(-460005.943081008,-209745.943583781,-206215.32534286)
(1.21492924674042e-06,8.96209879880258e-07,-3.14529361116566e-11)
(1.38868229620663e-05,1.10303109378465e-06,1.58143401030678e-06)
(513.537544075531,-730638.202323877,-1630403.7405274)
(-245975.926959088,-256276.985653506,-1690679.2396069)
(0,0,0)
(0,0,0)
(0,0,0)
(0,0,0)
(0,0,0)
(0,0,0)
(-959595.899501239,-717420.347877454,-702.106390118448)
(-951467.739401407,-715912.569372301,-3930.67543369987)
(-928799.907821838,-710519.697816857,-11839.8199145954)
(-874923.251734172,-694158.299634409,-23840.3821215694)
(-753775.616054465,-646916.531706946,-28881.4523895605)
(-494727.964570732,-503713.831589993,3483.71461802749)
(1.67792522888562e-05,3.25304456733541e-06,3.21131105108229e-07)
(65.5370018575354,-732684.856893868,-730904.555750011)
(-340223.979679241,-628051.163898277,-1156186.82520855)
(-314353.518827055,-330523.284725336,-1434482.70496469)
(0,0,0)
(0,0,0)
(0,0,0)
(0,0,0)
(0,0,0)
(0,0,0)
(-832207.670174986,-1150947.52668229,705.54322970182)
(-826433.905235708,-1150728.80235837,1351.52219286499)
(-810659.582982323,-1149880.49181776,4439.96146808976)
(-774271.986274895,-1148767.31253879,23324.4105693147)
(-693489.210286877,-1155991.53375516,114223.029386581)
(-508665.322974442,-1227619.34756113,507186.799602716)
(-304.065110360007,-1668110.44921484,-733139.09784234)
(-348835.313161443,-1163877.77548909,-626582.345416717)
(-445227.182546506,-860957.712579997,-858837.118644543)
(-319754.146801824,-476413.845151077,-1104057.86463367)
(0,0,0)
(0,0,0)
(0,0,0)
(0,0,0)
(0,0,0)
(0,0,0)
(-514080.271307565,-1523549.17454186,858.713288467332)
(-511178.731746485,-1524336.60557876,2133.61517121789)
(-503467.623892748,-1526429.11805611,5516.72910269465)
(-486582.198892871,-1531878.52615496,16029.8352749395)
(-452197.727836021,-1547740.44529573,42490.1864987542)
(-387425.846422066,-1590050.74037143,66568.1234152732)
(-287785.236428504,-1656454.71646273,-229188.418442523)
(-328033.426977493,-1426966.97033147,-323967.988940501)
(-323146.406083241,-1102657.58493992,-474506.383687303)
(-215763.530776645,-627923.476271834,-627778.486757982)
(0,0,0)
(0,0,0)
(0,0,0)
(0,0,0)
(0,0,0)
(0,0,0)
(0,0,0)
(0,0,0)
(0,0,0)
(0,0,0)
(0,0,0)
(0,0,0)
(0,0,0)
(0,0,0)
(0,0,0)
(0,0,0)
(0,0,0)
(0,0,0)
(0,0,0)
(0,0,0)
(0,0,0)
(0,0,0)
(0,0,0)
(0,0,0)
(0,0,0)
(0,0,0)
(0,0,0)
(0,0,0)
(0,0,0)
(0,0,0)
(0,0,0)
(0,0,0)
(0,0,0)
(0,0,0)
(0,0,0)
(0,0,0)
(0,0,0)
(0,0,0)
(0,0,0)
(0,0,0)
(0,0,0)
(0,0,0)
(0,0,0)
(0,0,0)
(0,0,0)
(0,0,0)
(0,0,0)
(0,0,0)
(0,0,0)
(0,0,0)
(0,0,0)
(0,0,0)
(0,0,0)
(0,0,0)
(0,0,0)
(0,0,0)
(0,0,0)
(0,0,0)
(0,0,0)
(0,0,0)
(0,0,0)
(0,0,0)
(0,0,0)
(0,0,0)
(0,0,0)
(0,0,0)
(0,0,0)
(0,0,0)
(0,0,0)
(0,0,0)
(0,0,0)
(0,0,0)
(0,0,0)
(0,0,0)
(0,0,0)
(0,0,0)
(0,0,0)
(0,0,0)
(0,0,0)
(0,0,0)
(0,0,0)
(0,0,0)
(0,0,0)
(0,0,0)
(0,0,0)
(0,0,0)
(0,0,0)
(0,0,0)
(0,0,0)
(0,0,0)
(0,0,0)
(0,0,0)
(0,0,0)
(0,0,0)
(0,0,0)
(0,0,0)
(0,0,0)
(0,0,0)
(0,0,0)
(0,0,0)
(0,0,0)
(0,0,0)
(-774761.665660447,7049.26001572186,5215.27951299094)
(-777752.510761667,6991.34103646812,6303.83138292229)
(-782662.805081959,7362.18735727395,-2144.40155820369)
(-787080.211136599,9219.31688511658,-28085.8798142354)
(-787093.54256975,14839.3503676266,-83760.8053576102)
(-777111.038392899,27553.3188952704,-186836.194041977)
(-749320.531861146,48141.9756266196,-356481.524075038)
(-689650.375793914,60702.4660531102,-590117.105210767)
(-556862.769601184,48710.0244921781,-842796.042735295)
(-321350.396769264,25037.6773771148,-1023926.34047771)
(0,0,0)
(0,0,0)
(0,0,0)
(0,0,0)
(0,0,0)
(0,0,0)
(-780356.084328156,8942.22567727568,5154.12719889586)
(-782176.076019307,8930.0533876424,6608.49620883407)
(-784229.960105744,9896.70159635261,-344.293526172175)
(-783035.248797984,14278.6683473271,-22522.6781177051)
(-773058.289047301,28097.2305717058,-71038.7432445618)
(-747750.093998677,63795.4327207698,-166223.310203056)
(-705710.323973845,136987.275968294,-343901.457543946)
(-664570.881348111,193579.557347129,-602111.058166813)
(-545296.670416423,142281.739937157,-866517.787637181)
(-316739.978499203,66272.4416938192,-1048977.67170293)
(0,0,0)
(0,0,0)
(0,0,0)
(0,0,0)
(0,0,0)
(0,0,0)
(-791316.361708207,-776.245079724341,5149.34564044955)
(-790940.095717021,-609.550817182529,7480.1248487073)
(-787506.351570896,1053.61118085068,3954.27986150262)
(-774810.776980531,7885.01243037792,-8788.4686545556)
(-741581.585332062,30212.5733941438,-35354.9904997002)
(-671264.589157211,99320.3957379922,-92997.6976477388)
(-560489.932696819,322404.106985285,-287291.185922509)
(-626054.339086396,609707.879861104,-653458.702843565)
(-537906.738443071,367819.707252922,-942665.526287144)
(-313854.664212506,140008.015072856,-1115388.19057202)
(0,0,0)
(0,0,0)
(0,0,0)
(0,0,0)
(0,0,0)
(0,0,0)
(-806228.207490452,-30900.3692250239,5294.11729055484)
(-803094.033508722,-30511.9765134034,9055.37442869259)
(-792594.165324106,-28460.7212494576,10711.2465873431)
(-763974.606831976,-21912.8498535022,13484.7875484788)
(-692970.835001027,-6174.24284682123,33726.7265554366)
(-516951.51120844,18292.0424006803,130053.597736881)
(4.44313902066298e-06,-3.07069788387207e-06,2.73384445159449e-06)
(-725808.619457274,-81.5851812571004,-895373.418375909)
(-620576.713428602,895394.02783756,-1170517.01692319)
(-335303.696762725,223975.423374614,-1255431.89435187)
(0,0,0)
(0,0,0)
(0,0,0)
(0,0,0)
(0,0,0)
(0,0,0)
(-821487.248555207,-93160.9076089818,5612.52470568681)
(-815875.579714224,-92479.416595793,10954.6775632451)
(-799204.236380749,-89808.6934773658,17182.8750302087)
(-757345.875098082,-82267.3917920566,29164.7593526892)
(-659241.555900153,-65091.3234896124,58065.5882176626)
(-440606.882073184,-34760.3476238154,111595.813017039)
(-2.42978773214602e-06,-4.20727568402325e-07,-9.19435290350666e-07)
(7.22289687899969e-06,-8.37599123945122e-07,2.8460401731754e-06)
(-1131248.92784317,-91.2926869368297,-1842027.22783593)
(-419783.732015202,34051.1608243556,-1479494.79145968)
(0,0,0)
(0,0,0)
(0,0,0)
(0,0,0)
(0,0,0)
(0,0,0)
(-828694.101158431,-201465.125564187,6205.10599433537)
(-821696.491561074,-200605.709221793,13449.3614246258)
(-801926.253431259,-197417.882325008,24581.4526065244)
(-754507.989771812,-188054.666366354,46232.7435854318)
(-647695.601225912,-163830.387794156,88262.5853283994)
(-421173.963025085,-107627.402490605,146183.119421927)
(-2.64068701488578e-07,-1.49266113161231e-07,2.04933086580091e-12)
(4.81424568416506e-06,4.80963120576012e-08,1.68780381567241e-06)
(-1071407.60051482,516.556164662063,-1807983.01884728)
(-423084.361854239,-68655.5315398884,-1513637.4219223)
(0,0,0)
(0,0,0)
(0,0,0)
(0,0,0)
(0,0,0)
(0,0,0)
(-811702.83917309,-367582.814057436,6993.33070680309)
(-804781.239498271,-367116.62599508,16526.1521335508)
(-785826.777962174,-364900.422534593,33864.3942641437)
(-741789.895793294,-356808.004662417,70418.0541640998)
(-644273.236557344,-330043.515518046,144406.557401615)
(-432636.281441465,-244346.295597922,253755.788869384)
(4.23067947393714e-07,2.51350310857378e-07,-2.25488661372752e-12)
(6.53469692738268e-06,1.74865502944407e-06,5.65156506241076e-06)
(-1174912.9017947,-1071410.25977431,-1877302.74700943)
(-422226.730667158,-324676.983369474,-1445030.49147177)
(0,0,0)
(0,0,0)
(0,0,0)
(0,0,0)
(0,0,0)
(0,0,0)
(-744833.841252285,-589738.396961924,7393.5246555378)
(-739294.404050376,-590572.826805858,18676.3901152853)
(-724861.685032903,-592108.102594512,41945.8473862692)
(-693722.596153169,-593272.807887908,97209.9950307551)
(-630283.657790301,-586426.824694865,230101.345943408)
(-489643.643127161,-517457.29966712,498128.028569034)
(8.88841515171831e-06,6.14330633297705e-06,1.34005660263066e-06)
(-864523.30799385,-1081571.18276983,-1071433.54960134)
(-619374.118717926,-733075.016135793,-1130618.65420119)
(-313347.521475293,-335925.158212706,-1120376.47670971)
(0,0,0)
(0,0,0)
(0,0,0)
(0,0,0)
(0,0,0)
(0,0,0)
(-595733.757481299,-832668.807197591,6456.49754197907)
(-592251.790009437,-835311.842313666,17013.3978235205)
(-583956.641222376,-842510.108405979,40712.4618750383)
(-569997.024881104,-860869.397105092,104034.089698425)
(-560399.345198075,-914504.399430404,299021.799345164)
(-636320.859943459,-1106267.84382613,1015487.88047318)
(-1316391.21175837,-1955545.16980969,-1081780.77223583)
(-645976.85825531,-1143095.70051902,-723114.709392762)
(-428935.330566065,-738903.218942404,-733578.358566602)
(-232321.798048426,-372432.650006482,-784503.215526216)
(0,0,0)
(0,0,0)
(0,0,0)
(0,0,0)
(0,0,0)
(0,0,0)
(-341071.530495251,-1009411.30624269,3733.75823278727)
(-339453.05724535,-1013052.09704575,9748.33846374008)
(-335810.713848858,-1022758.75065883,22340.0706727)
(-330433.385278915,-1045072.82523127,50394.6851849296)
(-328153.283586237,-1095391.23703055,107237.078535289)
(-350041.672691624,-1202570.96512318,166156.026101903)
(-439034.481289739,-1368651.23064717,-269488.668199386)
(-322584.818548937,-1098930.48641987,-319102.4907271)
(-234335.517340079,-779588.588852371,-367228.009560295)
(-131051.820822791,-412230.908450622,-412141.461070005)
(0,0,0)
(0,0,0)
(0,0,0)
(0,0,0)
(0,0,0)
(0,0,0)
(0,0,0)
(0,0,0)
(0,0,0)
(0,0,0)
(0,0,0)
(0,0,0)
(0,0,0)
(0,0,0)
(0,0,0)
(0,0,0)
(0,0,0)
(0,0,0)
(0,0,0)
(0,0,0)
(0,0,0)
(0,0,0)
(0,0,0)
(0,0,0)
(0,0,0)
(0,0,0)
(0,0,0)
(0,0,0)
(0,0,0)
(0,0,0)
(0,0,0)
(0,0,0)
(0,0,0)
(0,0,0)
(0,0,0)
(0,0,0)
(0,0,0)
(0,0,0)
(0,0,0)
(0,0,0)
(0,0,0)
(0,0,0)
(0,0,0)
(0,0,0)
(0,0,0)
(0,0,0)
(0,0,0)
(0,0,0)
(0,0,0)
(0,0,0)
(0,0,0)
(0,0,0)
(0,0,0)
(0,0,0)
(0,0,0)
(0,0,0)
(0,0,0)
(0,0,0)
(0,0,0)
(0,0,0)
(0,0,0)
(0,0,0)
(0,0,0)
(0,0,0)
(0,0,0)
(0,0,0)
(0,0,0)
(0,0,0)
(0,0,0)
(0,0,0)
(0,0,0)
(0,0,0)
(0,0,0)
(0,0,0)
(0,0,0)
(0,0,0)
(0,0,0)
(0,0,0)
(0,0,0)
(0,0,0)
(0,0,0)
(0,0,0)
(0,0,0)
(0,0,0)
(0,0,0)
(0,0,0)
(0,0,0)
(0,0,0)
(0,0,0)
(0,0,0)
(0,0,0)
(0,0,0)
(0,0,0)
(0,0,0)
(0,0,0)
(0,0,0)
(0,0,0)
(0,0,0)
(0,0,0)
(0,0,0)
(0,0,0)
(0,0,0)
(-778162.651077894,1248.89344131616,2152.09197613731)
(-779240.954343125,2382.50763831561,1258.02791928003)
(-780189.984259255,5585.23505107622,-6800.02795450409)
(-778528.675406339,13052.9841763893,-28404.5478611553)
(-770165.25764146,28720.3460930061,-74053.17888245)
(-748679.275485662,56822.6265239537,-159307.568313643)
(-703193.74591838,91666.9203928711,-297101.27464928)
(-614862.12400042,85754.2280170193,-457643.754459789)
(-467244.818483092,60304.8000652621,-607566.505643146)
(-255840.837058028,29683.1156511976,-702759.181005571)
(0,0,0)
(0,0,0)
(0,0,0)
(0,0,0)
(0,0,0)
(0,0,0)
(-780192.878370707,-2196.40145649904,3282.08894036248)
(-780947.134266186,3.18424974524102,4432.47057581485)
(-781267.934832737,6436.51668835429,619.163665533771)
(-778879.243222738,22327.2755600189,-12811.1332933431)
(-770592.383715413,59419.2962186144,-45975.9887508359)
(-752633.395555772,140164.811101198,-124434.871770983)
(-717579.498772666,282104.023132336,-303002.799711628)
(-630803.017947188,232065.645891479,-483082.080986998)
(-479565.260138832,149688.2276082,-638196.918807529)
(-262020.0502907,69183.73017274,-732417.461537577)
(0,0,0)
(0,0,0)
(0,0,0)
(0,0,0)
(0,0,0)
(0,0,0)
(-783133.446508477,-15865.3825249036,5486.06586867505)
(-783310.050374149,-12953.5219635971,10812.726739146)
(-782496.113189407,-4225.94325423485,16464.9483002505)
(-778780.299855108,18551.2534877117,24210.493247137)
(-771340.385730044,78660.4471085915,34728.1427551468)
(-767411.344498137,253494.074071469,17545.6351257986)
(-790599.458686803,882780.281301195,-353021.09705307)
(-691536.849788443,509993.028470232,-565465.968929772)
(-520138.75340704,285201.653240722,-718747.379598325)
(-280338.195721705,118572.632130328,-801652.750046716)
(0,0,0)
(0,0,0)
(0,0,0)
(0,0,0)
(0,0,0)
(0,0,0)
(-784260.723839767,-46237.4193100299,8404.55313444318)
(-783718.752937905,-43406.5662052965,19482.3168053351)
(-781351.701391416,-35189.3782524722,39203.2878708863)
(-775163.461170655,-15372.1785143641,84315.5742116328)
(-766997.554081993,27450.9673614663,209551.77303972)
(-795255.185671676,94540.3423789916,646809.179195431)
(-1172911.50992751,-83.909447410346,-725816.600617675)
(-877210.913788812,725802.165983772,-790223.443799676)
(-625041.239519632,384801.056832737,-885358.321300667)
(-321353.226084467,139511.864729644,-920248.024578231)
(0,0,0)
(0,0,0)
(0,0,0)
(0,0,0)
(0,0,0)
(0,0,0)
(-778583.227906524,-100315.28851502,11173.8485563115)
(-777372.933980132,-98273.125475407,27537.7620923269)
(-773252.692726194,-92516.6731963145,58913.5133816082)
(-761495.883321816,-79402.9702705132,127094.313361485)
(-727686.11807703,-53560.8323701961,276550.675270032)
(-606227.360683804,-15351.0087534194,552062.505013057)
(4.69303670408008e-06,-3.56642743387133e-06,-3.96101952007968e-06)
(-1159693.59804588,57.9887107648726,-1131270.36402129)
(-806859.956658612,59827.8865900904,-1130686.1649632)
(-381905.640242436,30774.9622182674,-1059827.35422459)
(0,0,0)
(0,0,0)
(0,0,0)
(0,0,0)
(0,0,0)
(0,0,0)
(-757787.196009543,-184349.316600253,13127.1229363429)
(-756380.63878241,-183583.663091988,33121.8077742613)
(-751971.608117618,-181234.245246775,71884.7345110854)
(-739616.725091442,-175271.91842468,152862.417984882)
(-702734.16670016,-160323.236748755,314663.387837688)
(-570102.77079582,-119012.349857448,567253.536712448)
(3.05207224260899e-06,-3.93449951947803e-06,-3.43806853235293e-06)
(-1090365.39673943,272.05358782833,-1071529.62491114)
(-820427.534901712,-102881.649888808,-1159800.15404535)
(-393677.70212137,-67765.3574061353,-1090666.49415382)
(0,0,0)
(0,0,0)
(0,0,0)
(0,0,0)
(0,0,0)
(0,0,0)
(-709416.308570353,-300462.773058273,13826.9258552753)
(-708451.919094964,-301440.5369599,35354.4793198764)
(-705655.455552799,-303793.356528348,77742.2681920755)
(-698481.803329159,-308611.475633511,167773.732936764)
(-676896.4138911,-315896.912873932,355970.586395694)
(-580844.885291481,-301211.174964388,686378.015352659)
(4.38959365634895e-06,-4.41707522137594e-06,-4.13507114174485e-06)
(-1201476.42463135,-864453.645700592,-1174858.10194713)
(-812023.889027832,-515868.721255788,-1124760.04334701)
(-376027.267753965,-215808.145478809,-1022916.71818753)
(0,0,0)
(0,0,0)
(0,0,0)
(0,0,0)
(0,0,0)
(0,0,0)
(-617775.393368491,-440335.126502714,12813.9055606434)
(-617597.409700353,-443253.96335681,32930.3376075324)
(-617657.760067065,-450958.900129043,72891.9562423812)
(-620656.242038403,-469316.358351097,160530.484845202)
(-640053.492220022,-516312.646159711,370716.052560707)
(-743965.907432865,-663934.761284081,987761.903186116)
(-1344368.76612071,-1316261.10980997,-864566.297781724)
(-904220.29116652,-862985.208349854,-826337.751959791)
(-594195.166954596,-542657.930865098,-824727.494113801)
(-291843.224336345,-254926.991807779,-807112.94492379)
(0,0,0)
(0,0,0)
(0,0,0)
(0,0,0)
(0,0,0)
(0,0,0)
(-468117.587129655,-577799.748031872,9848.45117751487)
(-468471.067318454,-582320.521615996,25134.2867457178)
(-470162.807849214,-594131.147482619,54512.7007261369)
(-477327.334429029,-621037.738318491,113564.390241461)
(-504258.406234016,-682003.309477096,223114.114594788)
(-592784.441597738,-819804.325659433,335447.26062442)
(-807713.555235217,-1078094.73530531,-411396.770403392)
(-594586.754255406,-819659.196023998,-506112.886729163)
(-396368.630005796,-544292.437827333,-537045.08032719)
(-200956.095543879,-271151.152496736,-552186.62214277)
(0,0,0)
(0,0,0)
(0,0,0)
(0,0,0)
(0,0,0)
(0,0,0)
(-256016.199709509,-668147.244404913,5292.16558729932)
(-256346.033069545,-673401.035991092,13265.6557865889)
(-257654.992888872,-686650.576985461,27629.3643294409)
(-262172.276949772,-714328.949417996,52659.4670998051)
(-275826.344710988,-767015.741688429,85344.960435894)
(-309312.062364949,-852355.928586964,77166.9530367536)
(-357460.852307838,-929465.774114051,-153035.637136416)
(-288194.981965849,-776254.691893656,-230829.977849847)
(-200236.744978441,-545258.106220718,-263963.081818101)
(-103947.603757186,-281166.574784267,-281051.876596179)
(0,0,0)
(0,0,0)
(0,0,0)
(0,0,0)
(0,0,0)
(0,0,0)
(0,0,0)
(0,0,0)
(0,0,0)
(0,0,0)
(0,0,0)
(0,0,0)
(0,0,0)
(0,0,0)
(0,0,0)
(0,0,0)
(0,0,0)
(0,0,0)
(0,0,0)
(0,0,0)
(0,0,0)
(0,0,0)
(0,0,0)
(0,0,0)
(0,0,0)
(0,0,0)
(0,0,0)
(0,0,0)
(0,0,0)
(0,0,0)
(0,0,0)
(0,0,0)
(0,0,0)
(0,0,0)
(0,0,0)
(0,0,0)
(0,0,0)
(0,0,0)
(0,0,0)
(0,0,0)
(0,0,0)
(0,0,0)
(0,0,0)
(0,0,0)
(0,0,0)
(0,0,0)
(0,0,0)
(0,0,0)
(0,0,0)
(0,0,0)
(0,0,0)
(0,0,0)
(0,0,0)
(0,0,0)
(0,0,0)
(0,0,0)
(0,0,0)
(0,0,0)
(0,0,0)
(0,0,0)
(0,0,0)
(0,0,0)
(0,0,0)
(0,0,0)
(0,0,0)
(0,0,0)
(0,0,0)
(0,0,0)
(0,0,0)
(0,0,0)
(0,0,0)
(0,0,0)
(0,0,0)
(0,0,0)
(0,0,0)
(0,0,0)
(0,0,0)
(0,0,0)
(0,0,0)
(0,0,0)
(0,0,0)
(0,0,0)
(0,0,0)
(0,0,0)
(0,0,0)
(0,0,0)
(0,0,0)
(0,0,0)
(0,0,0)
(0,0,0)
(0,0,0)
(0,0,0)
(0,0,0)
(0,0,0)
(0,0,0)
(0,0,0)
(0,0,0)
(0,0,0)
(0,0,0)
(0,0,0)
(0,0,0)
(0,0,0)
(-778326.497384928,-902.306185497361,1066.15249252591)
(-778930.135093214,561.760375856598,193.572866756646)
(-778976.669188668,4356.39730274889,-5376.13950657137)
(-776083.480696839,12519.7081338707,-20341.0423499491)
(-765832.568809633,28125.4079136808,-52799.1390954595)
(-740231.534065454,52757.6567639208,-114004.537279582)
(-685421.517665033,77202.8294045316,-208979.594937462)
(-583366.360786449,69769.2310879246,-310244.589239352)
(-429120.033819116,47961.9971345183,-396331.37103785)
(-228616.26360101,23479.9240805968,-447035.868575463)
(0,0,0)
(0,0,0)
(0,0,0)
(0,0,0)
(0,0,0)
(0,0,0)
(-778311.802181159,-5287.49444993163,2504.11207488795)
(-779370.541458919,-2506.46080719321,3995.74045066392)
(-780753.621876681,5034.92504215323,2802.89975520378)
(-781052.697498327,22251.6569215726,-4755.59475690504)
(-777529.16753541,58496.8396937048,-28190.2427169337)
(-763777.447450327,125231.663783661,-89520.1978421193)
(-722489.30818249,208967.953975555,-216375.513003317)
(-616667.67977635,171262.496985362,-332004.117071599)
(-451863.295889994,109054.264886592,-420798.349072506)
(-239681.761516101,50833.8676433503,-470490.58140986)
(0,0,0)
(0,0,0)
(0,0,0)
(0,0,0)
(0,0,0)
(0,0,0)
(-776587.269070085,-17090.8842653614,5257.21237703771)
(-778593.603818848,-13478.8333621858,11513.1383767288)
(-782742.568961048,-3227.21953459749,20021.7387251189)
(-789960.550318964,21997.6595522493,31455.9865582951)
(-802699.346493466,82814.8202928619,38496.9667225547)
(-823405.257146225,225477.770737711,-5755.22758340676)
(-833712.972874956,500375.88470457,-254049.644124268)
(-704470.847145558,324304.9830086,-394158.132790397)
(-506520.352407692,180294.203235149,-479016.472138302)
(-264756.506889751,77565.9782502215,-521330.271577121)
(0,0,0)
(0,0,0)
(0,0,0)
(0,0,0)
(0,0,0)
(0,0,0)
(-769664.405162811,-40573.1787960212,8885.97585370514)
(-772935.651903404,-37110.163166751,21734.2046237635)
(-780903.885793172,-27168.0568531425,45227.2263440612)
(-798424.8522637,-1792.61577168843,92278.8927610516)
(-839699.637470716,66648.5013043037,181147.295138333)
(-941175.761973542,283443.547907392,269102.094270529)
(-1146065.19532047,1172776.23539485,-430144.571026786)
(-888237.192971697,443291.293610306,-538104.602445604)
(-604111.220588645,202979.04795968,-581719.466101129)
(-305552.509396237,78949.9295492925,-598904.134088429)
(0,0,0)
(0,0,0)
(0,0,0)
(0,0,0)
(0,0,0)
(0,0,0)
(-752014.43377383,-79444.7668052148,12302.7938764983)
(-756484.170287416,-77236.4228696433,31540.2898866762)
(-768127.994932318,-71243.7303106484,70491.2655503115)
(-795911.803986307,-57547.7560790998,160662.326522214)
(-869597.900059897,-28654.7222624594,397877.332071844)
(-1103912.35517325,20684.7024528891,1158321.17201579)
(-2037450.70914839,-389.557268855253,-1159765.3853428)
(-1167016.50203414,69329.6220648463,-778480.809809075)
(-722816.274838195,46256.3110660705,-705801.754735888)
(-349830.716963133,18991.8995323213,-677918.647998229)
(0,0,0)
(0,0,0)
(0,0,0)
(0,0,0)
(0,0,0)
(0,0,0)
(-715781.79816634,-135898.869183274,14448.7045348571)
(-721037.02320654,-135557.793040746,37426.4591300846)
(-735013.37293914,-134867.354144399,84091.8477853571)
(-768456.212320283,-134122.327712947,189505.906648044)
(-854637.189800125,-134408.742833281,447162.950318827)
(-1109834.48680041,-129609.232736856,1137188.60151316)
(-1994754.7281586,430.483782982851,-1090118.74026611)
(-1198938.67007578,-110650.074946407,-801565.769918491)
(-748248.738475046,-94397.2302878614,-733091.024991243)
(-360715.947296958,-50099.5864717328,-696961.2938116)
(0,0,0)
(0,0,0)
(0,0,0)
(0,0,0)
(0,0,0)
(0,0,0)
(-651278.340671121,-208756.918972382,14720.0818898801)
(-656793.933742244,-210534.716002639,38039.0194990556)
(-671445.884443016,-215785.342363433,84747.4366083059)
(-706284.588776709,-230750.364885763,189178.259228678)
(-795176.748743487,-278918.16833209,451968.019579871)
(-1061612.2480667,-464129.959208785,1267256.10882703)
(-2074862.41039422,-1344000.93643275,-1201277.55193002)
(-1161002.8415303,-567045.587102368,-785355.62287511)
(-704940.014072959,-298004.570531762,-688832.157586089)
(-336432.940408836,-131626.828758218,-646899.242644728)
(0,0,0)
(0,0,0)
(0,0,0)
(0,0,0)
(0,0,0)
(0,0,0)
(-548872.176294489,-290572.692955073,12912.5569086884)
(-553907.09341258,-294050.967931357,32738.4925496311)
(-567036.541857737,-303395.991104585,69727.9230814583)
(-596852.743938952,-325852.283404047,141026.34350029)
(-664435.76054281,-380313.313710483,266803.75720147)
(-816140.74835901,-512562.922509646,387411.561428469)
(-1097164.90827109,-779415.611811752,-424377.621042128)
(-826076.730892523,-553253.73544089,-516313.032977605)
(-541250.877876947,-344811.065960536,-522450.826626491)
(-266576.23006367,-164046.016682478,-515298.632974895)
(0,0,0)
(0,0,0)
(0,0,0)
(0,0,0)
(0,0,0)
(0,0,0)
(-402515.758077243,-365614.763038316,9440.24103083337)
(-406294.973196002,-370130.866136517,23344.0451135417)
(-415968.769619878,-381491.874577456,47245.8903570774)
(-436883.290464509,-405637.330757928,86586.8937464353)
(-479306.782741384,-453272.474144379,134594.430687698)
(-555236.429136217,-536077.908870604,120561.404587132)
(-640649.583780359,-627644.674963907,-198273.503715581)
(-525087.757768966,-513123.991534108,-307902.2441088)
(-359341.271392671,-348071.089851365,-341669.578831088)
(-181350.96579135,-174094.75680889,-351225.968457206)
(0,0,0)
(0,0,0)
(0,0,0)
(0,0,0)
(0,0,0)
(0,0,0)
(-214477.257463004,-412080.346391529,4926.64110670749)
(-216465.87716884,-416982.60586071,11898.2249301931)
(-221486.852082771,-428825.71618271,23063.9257293472)
(-231861.894128848,-451882.474504191,38998.6866546832)
(-251042.761782551,-490904.625181256,51847.2547631206)
(-279784.091354545,-542780.675352903,29022.0502350105)
(-300524.736322158,-571783.273297197,-83775.467417378)
(-254306.094997534,-487910.755706418,-142877.590213382)
(-178581.573469492,-344921.800344826,-167682.051228868)
(-91533.7882796453,-177128.50296379,-177062.120551508)
(0,0,0)
(0,0,0)
(0,0,0)
(0,0,0)
(0,0,0)
(0,0,0)
(0,0,0)
(0,0,0)
(0,0,0)
(0,0,0)
(0,0,0)
(0,0,0)
(0,0,0)
(0,0,0)
(0,0,0)
(0,0,0)
(0,0,0)
(0,0,0)
(0,0,0)
(0,0,0)
(0,0,0)
(0,0,0)
(0,0,0)
(0,0,0)
(0,0,0)
(0,0,0)
(0,0,0)
(0,0,0)
(0,0,0)
(0,0,0)
(0,0,0)
(0,0,0)
(0,0,0)
(0,0,0)
(0,0,0)
(0,0,0)
(0,0,0)
(0,0,0)
(0,0,0)
(0,0,0)
(0,0,0)
(0,0,0)
(0,0,0)
(0,0,0)
(0,0,0)
(0,0,0)
(0,0,0)
(0,0,0)
(0,0,0)
(0,0,0)
(0,0,0)
(0,0,0)
(0,0,0)
(0,0,0)
(0,0,0)
(0,0,0)
(0,0,0)
(0,0,0)
(0,0,0)
(0,0,0)
(0,0,0)
(0,0,0)
(0,0,0)
(0,0,0)
(0,0,0)
(0,0,0)
(0,0,0)
(0,0,0)
(0,0,0)
(0,0,0)
(0,0,0)
(0,0,0)
(0,0,0)
(0,0,0)
(0,0,0)
(0,0,0)
(0,0,0)
(0,0,0)
(0,0,0)
(0,0,0)
(0,0,0)
(0,0,0)
(0,0,0)
(0,0,0)
(0,0,0)
(0,0,0)
(0,0,0)
(0,0,0)
(0,0,0)
(0,0,0)
(0,0,0)
(0,0,0)
(0,0,0)
(0,0,0)
(0,0,0)
(0,0,0)
(0,0,0)
(0,0,0)
(0,0,0)
(0,0,0)
(0,0,0)
(0,0,0)
(-777978.739706666,-913.522170938023,565.764492675228)
(-778555.527424765,50.6198259397458,140.536998291808)
(-778598.569277441,2448.91932497505,-2686.48223791328)
(-775734.117086221,7383.59335251614,-10419.4392010468)
(-765046.496632256,16272.711698804,-27478.2230772222)
(-737391.971999169,29092.9422484711,-59410.7273919801)
(-677821.49403685,40063.0619490611,-107073.81296923)
(-570691.123735685,36405.4354768852,-156154.485496884)
(-414473.387884188,25168.9164631342,-195970.047894942)
(-218452.351687601,12379.256730981,-218513.216539338)
(0,0,0)
(0,0,0)
(0,0,0)
(0,0,0)
(0,0,0)
(0,0,0)
(-777054.103288857,-3663.85842713432,1492.63736389701)
(-778539.037341563,-1843.54178517192,2555.29485765371)
(-780942.421866602,2889.369517633,2303.64465491839)
(-783010.481120711,13152.4849388723,-1507.46330905879)
(-781230.872902531,33139.0268823441,-14672.073125478)
(-766365.602087567,65429.8429031648,-48420.8191429301)
(-717776.094868241,97619.1909060211,-110690.161414136)
(-606977.567947411,83346.1779985654,-167321.015764755)
(-439590.508302139,54295.2710360472,-208720.15792552)
(-230846.443018765,25693.243744051,-230869.463435922)
(0,0,0)
(0,0,0)
(0,0,0)
(0,0,0)
(0,0,0)
(0,0,0)
(-773180.919293029,-10333.1564327267,3262.94822853427)
(-776465.277287182,-7981.46689374507,7272.54680544493)
(-783598.961520097,-1581.56785909616,12599.8767412255)
(-795963.238977295,13281.9603726353,18473.089965797)
(-814227.095525218,45553.6786189818,17586.18726092)
(-831647.073842436,107484.57047787,-16226.7236175747)
(-815264.34656778,187884.076236071,-124940.2352548)
(-690219.032302678,140456.939522699,-196302.811621809)
(-493872.857347017,82656.2482441767,-237311.283890619)
(-256549.035873574,36755.1976442766,-256580.708807022)
(0,0,0)
(0,0,0)
(0,0,0)
(0,0,0)
(0,0,0)
(0,0,0)
(-762642.269483677,-22945.4213878976,5590.12927603582)
(-768253.320268181,-20718.7794890628,13645.1102361317)
(-781774.156872488,-14516.1872720418,27450.0007283958)
(-808982.741963569,567.721474118866,50722.12932678)
(-859528.365679156,36608.7712733243,79495.7648808744)
(-938929.172200437,120598.349578524,64135.3960071161)
(-1003005.24737695,281335.05846954,-172375.534169872)
(-830594.317918483,164469.214144322,-254030.683844705)
(-576546.087422257,84261.8193062887,-283201.388073215)
(-293312.24615453,34671.5641266574,-293358.017797301)
(0,0,0)
(0,0,0)
(0,0,0)
(0,0,0)
(0,0,0)
(0,0,0)
(-739658.850995575,-43084.1620714966,7783.15790534458)
(-747470.362258773,-41737.5989348299,19788.1693224689)
(-767169.635018819,-38159.697800596,42473.3199375283)
(-809433.345429623,-30143.0749530492,86705.6578080094)
(-896008.786543796,-13718.5465913598,163443.862156591)
(-1059429.115798,14764.6218408746,224794.350518986)
(-1284262.8368176,42266.4788812107,-289324.942223487)
(-994996.121395308,37388.9609351177,-334265.069653093)
(-660813.745095925,20823.7335313701,-332829.513620445)
(-328016.872215321,8105.17103728704,-328076.965278877)
(0,0,0)
(0,0,0)
(0,0,0)
(0,0,0)
(0,0,0)
(0,0,0)
(-696682.459834718,-71302.6927317198,9119.19232860258)
(-705773.223026584,-71233.3578811237,23351.1510949429)
(-729011.996022328,-71267.4185752424,50457.4949527728)
(-779272.383401092,-71962.390257589,103092.981338121)
(-882241.730694385,-74912.3569948118,191891.332635834)
(-1074150.46661969,-81297.8705778779,252269.804873864)
(-1326462.78075669,-79545.9978416744,-294209.665805159)
(-1032323.79328483,-72637.0567747592,-350798.524886233)
(-681639.482059486,-51046.4524040072,-345537.59536642)
(-336148.315790873,-25801.297270308,-336198.758564914)
(0,0,0)
(0,0,0)
(0,0,0)
(0,0,0)
(0,0,0)
(0,0,0)
(-625388.999708798,-106353.286403928,9161.25270988231)
(-634523.703948074,-107646.854214237,23304.5192488256)
(-657739.316152538,-111397.388610834,49727.9209939382)
(-707303.00637987,-121341.11271267,100125.061052183)
(-807342.953656357,-148134.227068978,185513.136039218)
(-992880.837589452,-218548.588978872,254032.443962953)
(-1246929.48838984,-366140.229790358,-287306.246092715)
(-959696.333268863,-232042.925310631,-329206.885818286)
(-630614.17729126,-134287.864733754,-320291.310270237)
(-310372.681141854,-61759.0020672662,-310393.864740263)
(0,0,0)
(0,0,0)
(0,0,0)
(0,0,0)
(0,0,0)
(0,0,0)
(-518959.839181168,-144128.975302062,7863.351784814)
(-526838.285392565,-146392.873937782,19540.5634883469)
(-546332.05650891,-152320.299241272,39758.9887699604)
(-585957.236726894,-165830.81969014,73353.1885353728)
(-659256.982531292,-195090.453918697,115130.63737358)
(-774428.805126289,-251558.222396493,106428.327558478)
(-880884.605677066,-322763.642318559,-153228.562507347)
(-727713.299673082,-252190.57897568,-231444.340061726)
(-496345.375037029,-162884.353103232,-247753.354532174)
(-248620.002792685,-78817.8005993235,-248650.783271099)
(0,0,0)
(0,0,0)
(0,0,0)
(0,0,0)
(0,0,0)
(0,0,0)
(-374815.524114954,-177462.007031389,5632.79776703323)
(-380435.543469486,-180220.74123807,13601.2353408073)
(-393989.785540965,-186932.348006755,26234.3000273762)
(-420139.329372575,-200455.23452737,44114.7537726727)
(-464203.225682878,-224771.578732611,58692.3215280825)
(-522926.042362349,-260389.548494666,35213.2608523874)
(-558203.218557203,-287325.778527683,-82670.9681616434)
(-475570.825509617,-242226.785894774,-142151.6935019)
(-333425.565934997,-167272.357460984,-163679.394601823)
(-169747.208539154,-84273.7109165924,-169827.24153675)
(0,0,0)
(0,0,0)
(0,0,0)
(0,0,0)
(0,0,0)
(0,0,0)
(-197392.713831103,-197447.806020525,2901.25535723625)
(-200254.924429711,-200366.68208774,6836.24346777786)
(-207059.373996282,-207177.93850295,12654.3558774816)
(-219698.476255168,-219782.055917759,19817.7593941904)
(-239522.269191179,-239583.293202588,23108.9812727966)
(-262648.879806359,-262713.759810892,8297.98104083891)
(-270971.073598107,-271030.483631101,-37550.9765797944)
(-233417.265202147,-233474.572029597,-67192.0202403602)
(-166153.054986042,-166238.347070566,-80654.5491142275)
(-85448.9626283218,-85522.8029287948,-85490.2827533491)
(0,0,0)
(0,0,0)
(0,0,0)
(0,0,0)
(0,0,0)
(0,0,0)
(0,0,0)
(0,0,0)
(0,0,0)
(0,0,0)
(0,0,0)
(0,0,0)
(0,0,0)
(0,0,0)
(0,0,0)
(0,0,0)
(0,0,0)
(0,0,0)
(0,0,0)
(0,0,0)
(0,0,0)
(0,0,0)
(0,0,0)
(0,0,0)
(0,0,0)
(0,0,0)
(0,0,0)
(0,0,0)
(0,0,0)
(0,0,0)
(0,0,0)
(0,0,0)
(0,0,0)
(0,0,0)
(0,0,0)
(0,0,0)
(0,0,0)
(0,0,0)
(0,0,0)
(0,0,0)
(0,0,0)
(0,0,0)
(0,0,0)
(0,0,0)
(0,0,0)
(0,0,0)
(0,0,0)
(0,0,0)
(0,0,0)
(0,0,0)
(0,0,0)
(0,0,0)
(0,0,0)
(0,0,0)
(0,0,0)
(0,0,0)
(0,0,0)
(0,0,0)
(0,0,0)
(0,0,0)
(0,0,0)
(0,0,0)
(0,0,0)
(0,0,0)
(0,0,0)
(0,0,0)
(0,0,0)
(0,0,0)
(0,0,0)
(0,0,0)
(0,0,0)
(0,0,0)
(0,0,0)
(0,0,0)
(0,0,0)
(0,0,0)
(0,0,0)
(0,0,0)
(0,0,0)
(0,0,0)
(0,0,0)
(0,0,0)
(0,0,0)
(0,0,0)
(0,0,0)
(0,0,0)
(0,0,0)
(0,0,0)
(0,0,0)
(0,0,0)
(0,0,0)
(0,0,0)
(0,0,0)
(0,0,0)
(0,0,0)
(0,0,0)
(0,0,0)
(0,0,0)
(0,0,0)
(0,0,0)
(0,0,0)
(0,0,0)
(0,0,0)
(0,0,0)
(0,0,0)
(0,0,0)
(0,0,0)
(0,0,0)
(0,0,0)
(0,0,0)
(0,0,0)
(0,0,0)
(0,0,0)
(0,0,0)
(0,0,0)
(0,0,0)
(0,0,0)
(0,0,0)
(0,0,0)
(0,0,0)
(0,0,0)
(0,0,0)
(0,0,0)
(0,0,0)
(0,0,0)
(0,0,0)
(0,0,0)
(0,0,0)
(0,0,0)
(0,0,0)
(0,0,0)
(0,0,0)
(0,0,0)
(0,0,0)
(0,0,0)
(0,0,0)
(0,0,0)
(0,0,0)
(0,0,0)
(0,0,0)
(0,0,0)
(0,0,0)
(0,0,0)
(0,0,0)
(0,0,0)
(0,0,0)
(0,0,0)
(0,0,0)
(0,0,0)
(0,0,0)
(0,0,0)
(0,0,0)
(0,0,0)
(0,0,0)
(0,0,0)
(0,0,0)
(0,0,0)
(0,0,0)
(0,0,0)
(0,0,0)
(0,0,0)
(0,0,0)
(0,0,0)
(0,0,0)
(0,0,0)
(0,0,0)
(0,0,0)
(0,0,0)
(0,0,0)
(0,0,0)
(0,0,0)
(0,0,0)
(0,0,0)
(0,0,0)
(0,0,0)
(0,0,0)
(0,0,0)
(0,0,0)
(0,0,0)
(0,0,0)
(0,0,0)
(0,0,0)
(0,0,0)
(0,0,0)
(0,0,0)
(0,0,0)
(0,0,0)
(0,0,0)
(0,0,0)
(0,0,0)
(0,0,0)
(0,0,0)
(0,0,0)
(0,0,0)
(0,0,0)
(0,0,0)
(0,0,0)
(0,0,0)
(0,0,0)
(0,0,0)
(0,0,0)
(0,0,0)
(0,0,0)
(0,0,0)
(0,0,0)
(0,0,0)
(0,0,0)
(0,0,0)
(0,0,0)
(0,0,0)
(0,0,0)
(0,0,0)
(0,0,0)
(0,0,0)
(0,0,0)
(0,0,0)
(0,0,0)
(0,0,0)
(0,0,0)
(0,0,0)
(0,0,0)
(0,0,0)
(0,0,0)
(0,0,0)
(0,0,0)
(0,0,0)
(0,0,0)
(0,0,0)
(0,0,0)
(0,0,0)
(0,0,0)
(0,0,0)
(0,0,0)
(0,0,0)
(0,0,0)
(0,0,0)
(0,0,0)
(0,0,0)
(0,0,0)
(0,0,0)
(0,0,0)
(0,0,0)
(0,0,0)
(0,0,0)
(0,0,0)
(0,0,0)
(0,0,0)
(0,0,0)
(0,0,0)
(0,0,0)
(0,0,0)
(0,0,0)
(0,0,0)
(0,0,0)
(0,0,0)
(0,0,0)
(0,0,0)
(0,0,0)
(0,0,0)
(0,0,0)
(0,0,0)
(0,0,0)
(0,0,0)
(0,0,0)
(0,0,0)
(0,0,0)
(0,0,0)
(0,0,0)
(0,0,0)
(0,0,0)
(0,0,0)
(0,0,0)
(0,0,0)
(0,0,0)
(0,0,0)
(0,0,0)
(0,0,0)
(0,0,0)
(0,0,0)
(0,0,0)
(0,0,0)
(0,0,0)
(0,0,0)
(0,0,0)
(0,0,0)
(0,0,0)
(0,0,0)
(0,0,0)
(0,0,0)
(0,0,0)
(0,0,0)
(0,0,0)
(0,0,0)
(0,0,0)
(0,0,0)
(0,0,0)
(0,0,0)
(0,0,0)
(0,0,0)
(0,0,0)
(0,0,0)
(0,0,0)
(0,0,0)
(0,0,0)
(0,0,0)
(0,0,0)
(0,0,0)
(0,0,0)
(0,0,0)
(0,0,0)
(0,0,0)
(0,0,0)
(0,0,0)
(0,0,0)
(0,0,0)
(0,0,0)
(0,0,0)
(0,0,0)
(0,0,0)
(0,0,0)
(0,0,0)
(0,0,0)
(0,0,0)
(0,0,0)
(0,0,0)
(0,0,0)
(0,0,0)
(0,0,0)
(0,0,0)
(0,0,0)
(0,0,0)
(0,0,0)
(0,0,0)
(0,0,0)
(0,0,0)
(0,0,0)
(0,0,0)
(0,0,0)
(0,0,0)
(0,0,0)
(0,0,0)
(0,0,0)
(0,0,0)
(0,0,0)
(0,0,0)
(0,0,0)
(0,0,0)
(0,0,0)
(0,0,0)
(0,0,0)
(0,0,0)
(0,0,0)
(0,0,0)
(0,0,0)
(0,0,0)
(0,0,0)
(0,0,0)
(0,0,0)
(0,0,0)
(0,0,0)
(0,0,0)
(0,0,0)
(0,0,0)
(0,0,0)
(0,0,0)
(0,0,0)
(0,0,0)
(0,0,0)
(0,0,0)
(0,0,0)
(0,0,0)
(0,0,0)
(0,0,0)
(0,0,0)
(0,0,0)
(0,0,0)
(0,0,0)
(0,0,0)
(0,0,0)
(0,0,0)
(0,0,0)
(0,0,0)
(0,0,0)
(0,0,0)
(0,0,0)
(0,0,0)
(0,0,0)
(0,0,0)
(0,0,0)
(0,0,0)
(0,0,0)
(0,0,0)
(0,0,0)
(0,0,0)
(0,0,0)
(0,0,0)
(0,0,0)
(0,0,0)
(0,0,0)
(0,0,0)
(0,0,0)
(0,0,0)
(0,0,0)
(0,0,0)
(0,0,0)
(0,0,0)
(0,0,0)
(0,0,0)
(0,0,0)
(0,0,0)
(0,0,0)
(0,0,0)
(0,0,0)
(0,0,0)
(0,0,0)
(0,0,0)
(0,0,0)
(0,0,0)
(0,0,0)
(0,0,0)
(0,0,0)
(0,0,0)
(0,0,0)
(0,0,0)
(0,0,0)
(0,0,0)
(0,0,0)
(0,0,0)
(0,0,0)
(0,0,0)
(0,0,0)
(0,0,0)
(0,0,0)
(0,0,0)
(0,0,0)
(0,0,0)
(0,0,0)
(0,0,0)
(0,0,0)
(0,0,0)
(0,0,0)
(0,0,0)
(0,0,0)
(0,0,0)
(0,0,0)
(0,0,0)
(0,0,0)
(0,0,0)
(0,0,0)
(0,0,0)
(0,0,0)
(0,0,0)
(0,0,0)
(0,0,0)
(0,0,0)
(0,0,0)
(0,0,0)
(0,0,0)
(0,0,0)
(0,0,0)
(0,0,0)
(0,0,0)
(0,0,0)
(0,0,0)
(0,0,0)
(0,0,0)
(0,0,0)
(0,0,0)
(0,0,0)
(0,0,0)
(0,0,0)
(0,0,0)
(0,0,0)
(0,0,0)
(0,0,0)
(0,0,0)
(0,0,0)
(0,0,0)
(0,0,0)
(0,0,0)
(0,0,0)
(0,0,0)
(0,0,0)
(0,0,0)
(0,0,0)
(0,0,0)
(0,0,0)
(0,0,0)
(0,0,0)
(0,0,0)
(0,0,0)
(0,0,0)
(0,0,0)
(0,0,0)
(0,0,0)
(0,0,0)
(0,0,0)
(0,0,0)
(0,0,0)
(0,0,0)
(0,0,0)
(0,0,0)
(0,0,0)
(0,0,0)
(0,0,0)
(0,0,0)
(0,0,0)
(0,0,0)
(0,0,0)
(0,0,0)
(0,0,0)
(0,0,0)
(0,0,0)
(0,0,0)
(0,0,0)
(0,0,0)
(0,0,0)
(0,0,0)
(0,0,0)
(0,0,0)
(0,0,0)
(0,0,0)
(0,0,0)
(0,0,0)
(0,0,0)
(0,0,0)
(0,0,0)
(0,0,0)
(0,0,0)
(0,0,0)
(0,0,0)
(0,0,0)
(0,0,0)
(0,0,0)
(0,0,0)
(0,0,0)
(0,0,0)
(0,0,0)
(0,0,0)
(0,0,0)
(0,0,0)
(0,0,0)
(0,0,0)
(0,0,0)
(0,0,0)
(0,0,0)
(0,0,0)
(0,0,0)
(0,0,0)
(0,0,0)
(0,0,0)
(0,0,0)
(0,0,0)
(0,0,0)
(0,0,0)
(0,0,0)
(0,0,0)
(0,0,0)
(0,0,0)
(0,0,0)
(0,0,0)
(0,0,0)
(0,0,0)
(0,0,0)
(0,0,0)
(0,0,0)
(0,0,0)
(0,0,0)
(0,0,0)
(0,0,0)
(0,0,0)
(0,0,0)
(0,0,0)
(0,0,0)
(0,0,0)
(0,0,0)
(0,0,0)
(0,0,0)
(0,0,0)
(0,0,0)
(0,0,0)
(0,0,0)
(0,0,0)
(0,0,0)
(0,0,0)
(0,0,0)
(0,0,0)
(0,0,0)
(0,0,0)
(0,0,0)
(0,0,0)
(0,0,0)
(0,0,0)
(0,0,0)
(0,0,0)
(0,0,0)
(0,0,0)
(0,0,0)
(0,0,0)
(0,0,0)
(0,0,0)
(0,0,0)
(0,0,0)
(0,0,0)
(0,0,0)
(0,0,0)
(0,0,0)
(0,0,0)
(0,0,0)
(0,0,0)
(0,0,0)
(0,0,0)
(0,0,0)
(0,0,0)
(0,0,0)
(0,0,0)
(0,0,0)
(0,0,0)
(0,0,0)
(0,0,0)
(0,0,0)
(0,0,0)
(0,0,0)
(0,0,0)
(0,0,0)
(0,0,0)
(0,0,0)
(0,0,0)
(0,0,0)
(0,0,0)
(0,0,0)
(0,0,0)
(0,0,0)
(0,0,0)
(0,0,0)
(0,0,0)
(0,0,0)
(0,0,0)
(0,0,0)
(0,0,0)
(0,0,0)
(0,0,0)
(0,0,0)
(0,0,0)
(0,0,0)
(0,0,0)
(0,0,0)
(0,0,0)
(0,0,0)
(0,0,0)
(0,0,0)
(0,0,0)
(0,0,0)
(0,0,0)
(0,0,0)
(0,0,0)
(0,0,0)
(0,0,0)
(0,0,0)
(0,0,0)
(0,0,0)
(0,0,0)
(0,0,0)
(0,0,0)
(0,0,0)
(0,0,0)
(0,0,0)
(0,0,0)
(0,0,0)
(0,0,0)
(0,0,0)
(0,0,0)
(0,0,0)
(0,0,0)
(0,0,0)
(0,0,0)
(0,0,0)
(0,0,0)
(0,0,0)
(0,0,0)
(0,0,0)
(0,0,0)
(0,0,0)
(0,0,0)
(0,0,0)
(0,0,0)
(0,0,0)
(0,0,0)
(0,0,0)
(0,0,0)
(0,0,0)
(0,0,0)
(0,0,0)
(0,0,0)
(0,0,0)
(0,0,0)
(0,0,0)
(0,0,0)
(0,0,0)
(0,0,0)
(0,0,0)
(0,0,0)
(0,0,0)
(0,0,0)
(0,0,0)
(0,0,0)
(0,0,0)
(0,0,0)
(0,0,0)
(0,0,0)
(0,0,0)
(0,0,0)
(0,0,0)
(0,0,0)
(0,0,0)
(0,0,0)
(0,0,0)
(0,0,0)
(0,0,0)
(0,0,0)
(0,0,0)
(0,0,0)
(0,0,0)
(0,0,0)
(0,0,0)
(0,0,0)
(0,0,0)
(0,0,0)
(0,0,0)
(0,0,0)
(0,0,0)
(0,0,0)
(0,0,0)
(0,0,0)
(0,0,0)
(0,0,0)
(0,0,0)
(0,0,0)
(0,0,0)
(0,0,0)
(0,0,0)
(0,0,0)
(0,0,0)
(0,0,0)
(0,0,0)
(0,0,0)
(0,0,0)
(0,0,0)
(0,0,0)
(0,0,0)
(0,0,0)
(0,0,0)
(0,0,0)
(0,0,0)
(0,0,0)
(0,0,0)
(0,0,0)
(0,0,0)
(0,0,0)
(0,0,0)
(0,0,0)
(0,0,0)
(0,0,0)
(0,0,0)
(0,0,0)
(0,0,0)
(0,0,0)
(0,0,0)
(0,0,0)
(0,0,0)
(0,0,0)
(0,0,0)
(0,0,0)
(0,0,0)
(0,0,0)
(0,0,0)
(0,0,0)
(0,0,0)
(0,0,0)
(0,0,0)
(0,0,0)
(0,0,0)
(0,0,0)
(0,0,0)
(0,0,0)
(0,0,0)
(0,0,0)
(0,0,0)
(0,0,0)
(0,0,0)
(0,0,0)
(0,0,0)
(0,0,0)
(0,0,0)
(0,0,0)
(0,0,0)
(0,0,0)
(0,0,0)
(0,0,0)
(0,0,0)
(0,0,0)
(0,0,0)
(0,0,0)
(0,0,0)
(0,0,0)
(0,0,0)
(0,0,0)
(0,0,0)
(0,0,0)
(0,0,0)
(0,0,0)
(0,0,0)
(0,0,0)
(0,0,0)
(0,0,0)
(0,0,0)
(0,0,0)
(0,0,0)
(0,0,0)
