(0,0,0)
(0,0,0)
(0,0,0)
(0,0,0)
(0,0,0)
(0,0,0)
(0,0,0)
(0,0,0)
(0,0,0)
(0,0,0)
(0,0,0)
(0,0,0)
(0,0,0)
(0,0,0)
(0,0,0)
(0,0,0)
(0,0,0)
(0,0,0)
(0,0,0)
(0,0,0)
(0,0,0)
(0,0,0)
(0,0,0)
(0,0,0)
(0,0,0)
(0,0,0)
(0,0,0)
(0,0,0)
(0,0,0)
(0,0,0)
(0,0,0)
(0,0,0)
(0,0,0)
(0,0,0)
(0,0,0)
(0,0,0)
(0,0,0)
(0,0,0)
(0,0,0)
(0,0,0)
(0,0,0)
(0,0,0)
(0,0,0)
(0,0,0)
(0,0,0)
(0,0,0)
(0,0,0)
(0,0,0)
(0,0,0)
(0,0,0)
(0,0,0)
(0,0,0)
(0,0,0)
(0,0,0)
(0,0,0)
(0,0,0)
(0,0,0)
(0,0,0)
(0,0,0)
(0,0,0)
(0,0,0)
(0,0,0)
(0,0,0)
(0,0,0)
(0,0,0)
(0,0,0)
(0,0,0)
(0,0,0)
(0,0,0)
(0,0,0)
(0,0,0)
(0,0,0)
(0,0,0)
(0,0,0)
(0,0,0)
(0,0,0)
(0,0,0)
(0,0,0)
(0,0,0)
(0,0,0)
(0,0,0)
(0,0,0)
(0,0,0)
(0,0,0)
(0,0,0)
(0,0,0)
(0,0,0)
(0,0,0)
(0,0,0)
(0,0,0)
(0,0,0)
(0,0,0)
(0,0,0)
(0,0,0)
(0,0,0)
(0,0,0)
(0,0,0)
(0,0,0)
(0,0,0)
(0,0,0)
(0,0,0)
(0,0,0)
(0,0,0)
(0,0,0)
(0,0,0)
(0,0,0)
(0,0,0)
(0,0,0)
(0,0,0)
(0,0,0)
(0,0,0)
(0,0,0)
(0,0,0)
(0,0,0)
(0,0,0)
(0,0,0)
(0,0,0)
(0,0,0)
(0,0,0)
(0,0,0)
(0,0,0)
(0,0,0)
(0,0,0)
(0,0,0)
(0,0,0)
(0,0,0)
(0,0,0)
(0,0,0)
(0,0,0)
(0,0,0)
(0,0,0)
(0,0,0)
(0,0,0)
(0,0,0)
(0,0,0)
(0,0,0)
(0,0,0)
(0,0,0)
(0,0,0)
(0,0,0)
(0,0,0)
(0,0,0)
(0,0,0)
(0,0,0)
(0,0,0)
(0,0,0)
(0,0,0)
(0,0,0)
(0,0,0)
(0,0,0)
(0,0,0)
(0,0,0)
(0,0,0)
(0,0,0)
(0,0,0)
(0,0,0)
(0,0,0)
(0,0,0)
(0,0,0)
(0,0,0)
(0,0,0)
(0,0,0)
(0,0,0)
(0,0,0)
(0,0,0)
(0,0,0)
(0,0,0)
(0,0,0)
(0,0,0)
(0,0,0)
(0,0,0)
(0,0,0)
(0,0,0)
(0,0,0)
(0,0,0)
(0,0,0)
(0,0,0)
(0,0,0)
(0,0,0)
(0,0,0)
(0,0,0)
(0,0,0)
(0,0,0)
(0,0,0)
(0,0,0)
(0,0,0)
(0,0,0)
(0,0,0)
(0,0,0)
(0,0,0)
(0,0,0)
(0,0,0)
(0,0,0)
(0,0,0)
(0,0,0)
(0,0,0)
(0,0,0)
(0,0,0)
(0,0,0)
(0,0,0)
(0,0,0)
(0,0,0)
(0,0,0)
(0,0,0)
(0,0,0)
(0,0,0)
(0,0,0)
(0,0,0)
(0,0,0)
(0,0,0)
(0,0,0)
(0,0,0)
(0,0,0)
(0,0,0)
(0,0,0)
(0,0,0)
(0,0,0)
(0,0,0)
(0,0,0)
(0,0,0)
(0,0,0)
(0,0,0)
(0,0,0)
(0,0,0)
(0,0,0)
(0,0,0)
(0,0,0)
(0,0,0)
(0,0,0)
(0,0,0)
(0,0,0)
(0,0,0)
(0,0,0)
(0,0,0)
(0,0,0)
(0,0,0)
(0,0,0)
(0,0,0)
(0,0,0)
(0,0,0)
(0,0,0)
(0,0,0)
(0,0,0)
(0,0,0)
(0,0,0)
(0,0,0)
(0,0,0)
(0,0,0)
(0,0,0)
(0,0,0)
(0,0,0)
(0,0,0)
(0,0,0)
(0,0,0)
(0,0,0)
(0,0,0)
(0,0,0)
(0,0,0)
(0,0,0)
(0,0,0)
(0,0,0)
(0,0,0)
(0,0,0)
(0,0,0)
(0,0,0)
(0,0,0)
(0,0,0)
(0,0,0)
(0,0,0)
(0,0,0)
(0,0,0)
(0,0,0)
(0,0,0)
(0,0,0)
(0,0,0)
(0,0,0)
(0,0,0)
(0,0,0)
(0,0,0)
(0,0,0)
(0,0,0)
(0,0,0)
(0,0,0)
(0,0,0)
(0,0,0)
(0,0,0)
(0,0,0)
(0,0,0)
(0,0,0)
(0,0,0)
(0,0,0)
(0,0,0)
(0,0,0)
(0,0,0)
(0,0,0)
(0,0,0)
(0,0,0)
(0,0,0)
(0,0,0)
(0,0,0)
(0,0,0)
(0,0,0)
(0,0,0)
(0,0,0)
(0,0,0)
(0,0,0)
(0,0,0)
(0,0,0)
(0,0,0)
(0,0,0)
(0,0,0)
(0,0,0)
(0,0,0)
(0,0,0)
(0,0,0)
(0,0,0)
(0,0,0)
(0,0,0)
(0,0,0)
(0,0,0)
(0,0,0)
(0,0,0)
(0,0,0)
(0,0,0)
(0,0,0)
(0,0,0)
(0,0,0)
(0,0,0)
(0,0,0)
(0,0,0)
(0,0,0)
(0,0,0)
(0,0,0)
(0,0,0)
(0,0,0)
(0,0,0)
(0,0,0)
(0,0,0)
(0,0,0)
(0,0,0)
(0,0,0)
(0,0,0)
(0,0,0)
(0,0,0)
(0,0,0)
(0,0,0)
(0,0,0)
(0,0,0)
(0,0,0)
(0,0,0)
(0,0,0)
(0,0,0)
(0,0,0)
(0,0,0)
(0,0,0)
(0,0,0)
(0,0,0)
(0,0,0)
(0,0,0)
(0,0,0)
(0,0,0)
(0,0,0)
(0,0,0)
(0,0,0)
(0,0,0)
(0,0,0)
(0,0,0)
(0,0,0)
(0,0,0)
(0,0,0)
(0,0,0)
(0,0,0)
(0,0,0)
(0,0,0)
(0,0,0)
(0,0,0)
(0,0,0)
(0,0,0)
(0,0,0)
(0,0,0)
(0,0,0)
(0,0,0)
(0,0,0)
(0,0,0)
(0,0,0)
(0,0,0)
(0,0,0)
(0,0,0)
(0,0,0)
(0,0,0)
(0,0,0)
(0,0,0)
(0,0,0)
(0,0,0)
(0,0,0)
(0,0,0)
(0,0,0)
(0,0,0)
(0,0,0)
(0,0,0)
(0,0,0)
(0,0,0)
(0,0,0)
(0,0,0)
(0,0,0)
(0,0,0)
(0,0,0)
(0,0,0)
(0,0,0)
(0,0,0)
(0,0,0)
(0,0,0)
(0,0,0)
(0,0,0)
(0,0,0)
(0,0,0)
(0,0,0)
(0,0,0)
(0,0,0)
(0,0,0)
(0,0,0)
(0,0,0)
(0,0,0)
(0,0,0)
(0,0,0)
(0,0,0)
(0,0,0)
(0,0,0)
(0,0,0)
(0,0,0)
(0,0,0)
(0,0,0)
(0,0,0)
(0,0,0)
(0,0,0)
(0,0,0)
(0,0,0)
(0,0,0)
(0,0,0)
(0,0,0)
(0,0,0)
(0,0,0)
(0,0,0)
(0,0,0)
(0,0,0)
(0,0,0)
(0,0,0)
(0,0,0)
(0,0,0)
(0,0,0)
(0,0,0)
(0,0,0)
(0,0,0)
(0,0,0)
(0,0,0)
(0,0,0)
(0,0,0)
(0,0,0)
(0,0,0)
(0,0,0)
(0,0,0)
(0,0,0)
(0,0,0)
(0,0,0)
(0,0,0)
(0,0,0)
(0,0,0)
(0,0,0)
(0,0,0)
(0,0,0)
(0,0,0)
(0,0,0)
(0,0,0)
(0,0,0)
(0,0,0)
(0,0,0)
(0,0,0)
(0,0,0)
(0,0,0)
(0,0,0)
(0,0,0)
(0,0,0)
(0,0,0)
(0,0,0)
(0,0,0)
(0,0,0)
(0,0,0)
(0,0,0)
(0,0,0)
(0,0,0)
(0,0,0)
(0,0,0)
(0,0,0)
(0,0,0)
(0,0,0)
(0,0,0)
(0,0,0)
(0,0,0)
(0,0,0)
(0,0,0)
(0,0,0)
(0,0,0)
(0,0,0)
(0,0,0)
(0,0,0)
(0,0,0)
(0,0,0)
(0,0,0)
(0,0,0)
(0,0,0)
(0,0,0)
(0,0,0)
(0,0,0)
(0,0,0)
(0,0,0)
(0,0,0)
(0,0,0)
(0,0,0)
(0,0,0)
(0,0,0)
(0,0,0)
(0,0,0)
(0,0,0)
(0,0,0)
(0,0,0)
(0,0,0)
(0,0,0)
(0,0,0)
(0,0,0)
(0,0,0)
(0,0,0)
(0,0,0)
(0,0,0)
(0,0,0)
(0,0,0)
(0,0,0)
(0,0,0)
(0,0,0)
(0,0,0)
(0,0,0)
(0,0,0)
(0,0,0)
(0,0,0)
(0,0,0)
(0,0,0)
(0,0,0)
(0,0,0)
(0,0,0)
(0,0,0)
(0,0,0)
(0,0,0)
(0,0,0)
(0,0,0)
(0,0,0)
(0,0,0)
(0,0,0)
(0,0,0)
(0,0,0)
(0,0,0)
(0,0,0)
(0,0,0)
(0,0,0)
(0,0,0)
(0,0,0)
(0,0,0)
(0,0,0)
(0,0,0)
(0,0,0)
(0,0,0)
(0,0,0)
(0,0,0)
(0,0,0)
(0,0,0)
(0,0,0)
(0,0,0)
(0,0,0)
(0,0,0)
(0,0,0)
(0,0,0)
(0,0,0)
(0,0,0)
(0,0,0)
(0,0,0)
(0,0,0)
(0,0,0)
(0,0,0)
(0,0,0)
(0,0,0)
(0,0,0)
(0,0,0)
(0,0,0)
(0,0,0)
(0,0,0)
(0,0,0)
(0,0,0)
(0,0,0)
(0,0,0)
(0,0,0)
(0,0,0)
(0,0,0)
(0,0,0)
(0,0,0)
(0,0,0)
(0,0,0)
(0,0,0)
(0,0,0)
(0,0,0)
(0,0,0)
(0,0,0)
(0,0,0)
(0,0,0)
(0,0,0)
(0,0,0)
(0,0,0)
(0,0,0)
(0,0,0)
(0,0,0)
(0,0,0)
(0,0,0)
(0,0,0)
(0,0,0)
(0,0,0)
(0,0,0)
(0,0,0)
(0,0,0)
(0,0,0)
(0,0,0)
(0,0,0)
(0,0,0)
(0,0,0)
(0,0,0)
(0,0,0)
(0,0,0)
(0,0,0)
(0,0,0)
(0,0,0)
(0,0,0)
(0,0,0)
(0,0,0)
(0,0,0)
(0,0,0)
(0,0,0)
(0,0,0)
(0,0,0)
(0,0,0)
(0,0,0)
(0,0,0)
(0,0,0)
(0,0,0)
(0,0,0)
(0,0,0)
(0,0,0)
(0,0,0)
(0,0,0)
(0,0,0)
(0,0,0)
(0,0,0)
(0,0,0)
(0,0,0)
(0,0,0)
(0,0,0)
(0,0,0)
(0,0,0)
(0,0,0)
(0,0,0)
(0,0,0)
(0,0,0)
(0,0,0)
(0,0,0)
(0,0,0)
(0,0,0)
(0,0,0)
(0,0,0)
(0,0,0)
(0,0,0)
(0,0,0)
(0,0,0)
(0,0,0)
(0,0,0)
(0,0,0)
(0,0,0)
(0,0,0)
(0,0,0)
(0,0,0)
(0,0,0)
(0,0,0)
(0,0,0)
(0,0,0)
(0,0,0)
(0,0,0)
(0,0,0)
(0,0,0)
(0,0,0)
(0,0,0)
(0,0,0)
(0,0,0)
(0,0,0)
(0,0,0)
(0,0,0)
(0,0,0)
(0,0,0)
(0,0,0)
(0,0,0)
(0,0,0)
(0,0,0)
(0,0,0)
(0,0,0)
(0,0,0)
(0,0,0)
(0,0,0)
(0,0,0)
(0,0,0)
(0,0,0)
(0,0,0)
(0,0,0)
(0,0,0)
(0,0,0)
(0,0,0)
(0,0,0)
(0,0,0)
(0,0,0)
(0,0,0)
(0,0,0)
(0,0,0)
(0,0,0)
(0,0,0)
(0,0,0)
(0,0,0)
(0,0,0)
(0,0,0)
(0,0,0)
(0,0,0)
(0,0,0)
(0,0,0)
(0,0,0)
(0,0,0)
(0,0,0)
(0,0,0)
(0,0,0)
(0,0,0)
(0,0,0)
(0,0,0)
(0,0,0)
(0,0,0)
(0,0,0)
(0,0,0)
(0,0,0)
(0,0,0)
(0,0,0)
(0,0,0)
(0,0,0)
(0,0,0)
(0,0,0)
(0,0,0)
(0,0,0)
(0,0,0)
(0,0,0)
(0,0,0)
(0,0,0)
(0,0,0)
(0,0,0)
(0,0,0)
(0,0,0)
(0,0,0)
(0,0,0)
(0,0,0)
(0,0,0)
(0,0,0)
(0,0,0)
(0,0,0)
(0,0,0)
(0,0,0)
(0,0,0)
(0,0,0)
(0,0,0)
(0,0,0)
(0,0,0)
(0,0,0)
(0,0,0)
(0,0,0)
(0,0,0)
(0,0,0)
(0,0,0)
(0,0,0)
(0,0,0)
(0,0,0)
(0,0,0)
(0,0,0)
(0,0,0)
(0,0,0)
(0,0,0)
(0,0,0)
(0,0,0)
(0,0,0)
(0,0,0)
(0,0,0)
(0,0,0)
(0,0,0)
(0,0,0)
(0,0,0)
(0,0,0)
(0,0,0)
(0,0,0)
(0,0,0)
(0,0,0)
(0,0,0)
(0,0,0)
(0,0,0)
(0,0,0)
(0,0,0)
(0,0,0)
(0,0,0)
(0,0,0)
(0,0,0)
(0,0,0)
(0,0,0)
(0,0,0)
(0,0,0)
(0,0,0)
(-56616.806737871,30076.1101149481,26540.6966229218)
(-59914.3293957456,28847.2052828946,57607.820735772)
(-67529.5803940291,26306.2966541236,98831.104475674)
(-81883.9732998485,22292.6958107726,158422.381964761)
(-107748.608341194,16810.2794535789,249360.710852375)
(-154138.482231795,10488.5736073075,393010.619476868)
(-238164.187022372,4746.80005485942,626428.006444403)
(-390020.913156946,1205.24145881297,1015243.67814255)
(-643536.060709048,33.1134716792318,1658746.62537988)
(-896896.309014559,-82.2387325632673,2555725.17312708)
(0,0,0)
(0,0,0)
(0,0,0)
(0,0,0)
(0,0,0)
(0,0,0)
(-59906.4795122572,64674.1538918193,25308.4357353843)
(-63228.1347995914,62384.7329824456,54999.0428354273)
(-70956.8592948951,57530.1993902544,94731.9993941885)
(-85639.3946900448,49751.8762876125,152912.213607394)
(-112232.705068345,38907.8141306091,243047.383998706)
(-159744.248293929,25973.0078263057,387307.198073626)
(-244699.084995367,13782.5474124429,622970.5357114)
(-395973.731333149,6044.3283869447,1014105.18011638)
(-647487.58989911,2987.58351216437,1658638.29997505)
(-898730.263538109,1506.37436762122,2555779.95041288)
(0,0,0)
(0,0,0)
(0,0,0)
(0,0,0)
(0,0,0)
(0,0,0)
(-67453.0666431867,109197.720195878,22929.5003391279)
(-70830.5803512987,106128.643009359,50016.1706635166)
(-78780.9400406886,99531.2474241143,86796.0626703506)
(-94178.7001548742,88735.7679701504,141990.871142688)
(-122485.100834913,73283.4139456193,230100.372162578)
(-172933.935515428,53942.4206187674,375064.894885547)
(-260768.606034969,34380.5012040474,615235.547128925)
(-410748.051734812,20948.0275472611,1011079.89970336)
(-656979.412983532,13821.5812411442,1657225.31495799)
(-903025.249818438,7475.01473497653,2554281.92440906)
(0,0,0)
(0,0,0)
(0,0,0)
(0,0,0)
(0,0,0)
(0,0,0)
(-81476.1169837985,170906.545383793,19767.2917958844)
(-84913.4954489667,167484.486891453,43324.9433627598)
(-93160.6490148127,160081.572646569,75935.2671551097)
(-109617.620789776,147793.539109369,126495.116805659)
(-140690.151027801,129748.729539187,210719.952239904)
(-196751.546597572,106023.039053534,355390.880402701)
(-291527.321884395,79629.8550610391,601668.8484301)
(-439340.77756973,58101.643230097,1003856.01031697)
(-674418.882428249,41278.5591134101,1650817.91487289)
(-910630.604947451,22211.9065966815,2546711.62795881)
(0,0,0)
(0,0,0)
(0,0,0)
(0,0,0)
(0,0,0)
(0,0,0)
(-106556.968703819,261226.477739262,16237.0363483434)
(-109976.714547935,257887.618776224,35810.619011505)
(-118387.19735232,250688.638740749,63590.7502696434)
(-135739.434608039,238723.879999209,108399.843987844)
(-169659.642022278,220892.428496879,186915.787052431)
(-232701.922424238,196703.218825713,328937.52970447)
(-338432.969676441,166981.33686815,580019.017573798)
(-482957.991441547,134133.461734625,986945.190510858)
(-699825.046748124,96412.7909513382,1631636.00542116)
(-921656.549384361,51117.5483404874,2524386.91306171)
(0,0,0)
(0,0,0)
(0,0,0)
(0,0,0)
(0,0,0)
(0,0,0)
(-151798.918919479,400185.73225828,12839.6644004673)
(-155046.511337083,397240.143434421,28533.6510793466)
(-163181.335564322,390821.466217039,51582.1591673808)
(-180358.771488607,380058.809429074,90606.0012261129)
(-214639.247256554,363468.15767115,162669.519308403)
(-278886.042305814,339065.470663153,299193.309776787)
(-384930.975991261,304021.791136992,547083.831499199)
(-522923.004242044,254997.359458195,949142.938017685)
(-727398.278540075,186715.986582115,1586238.02092704)
(-935544.064037159,99676.6400246438,2473222.99327998)
(0,0,0)
(0,0,0)
(0,0,0)
(0,0,0)
(0,0,0)
(0,0,0)
(-234902.085423368,625256.744768784,9831.07291285621)
(-237770.900995025,622757.463842025,22084.653500284)
(-245073.404826666,617174.983310003,40804.5412339882)
(-260768.277031415,607562.708760731,74068.9189337438)
(-292619.973658603,591890.474800061,138266.575463435)
(-352981.371672573,566098.945902968,264214.471896204)
(-452508.279779246,522603.788598,498140.754214456)
(-578000.10525686,450206.950182176,880931.268747332)
(-768512.351144662,336856.361238589,1499303.24523546)
(-958224.424546512,183532.273145253,2373672.03666146)
(0,0,0)
(0,0,0)
(0,0,0)
(0,0,0)
(0,0,0)
(0,0,0)
(-386949.998351896,1005014.41336454,7192.32975613969)
(-389227.01058888,1002718.81646925,16457.987717809)
(-395089.982983917,997536.186341924,31186.7676698275)
(-407845.975945617,988193.15814224,58402.2942339195)
(-434028.656072686,971819.646294906,112501.778811761)
(-484216.631319399,941958.819622584,220858.536411531)
(-567594.675136977,885088.039927015,425968.960219451)
(-669212.098951413,777596.133264999,767791.876088063)
(-843157.485834068,601554.616242003,1346251.10691871)
(-1001592.20413196,340965.455965301,2190410.12823059)
(0,0,0)
(0,0,0)
(0,0,0)
(0,0,0)
(0,0,0)
(0,0,0)
(-641510.546576397,1641719.34231433,4805.61762659973)
(-643062.217776858,1639374.58186974,11212.0700029578)
(-647044.43451706,1633961.81706921,21830.8737926722)
(-655612.276636687,1623613.21553782,42023.0930337594)
(-672896.224170671,1604062.98130145,82675.9821978868)
(-705381.938591049,1565891.27950221,164125.46090932)
(-759994.720560091,1490425.40962479,318782.811771645)
(-841162.588168371,1345459.40838234,592082.124822709)
(-980791.728069938,1088435.60996507,1085992.85916947)
(-1077219.91732275,654437.777640847,1849740.45481668)
(0,0,0)
(0,0,0)
(0,0,0)
(0,0,0)
(0,0,0)
(0,0,0)
(-896011.467111387,2535277.70798989,2453.10143582044)
(-896781.489887408,2532839.85835983,5769.3148331387)
(-898760.11181583,2527069.71878828,11421.5249299261)
(-902963.616883698,2515618.30317294,22380.0541785577)
(-911330.218543547,2493222.3413029,44550.9127206734)
(-926972.606499098,2448535.58071677,88879.2180051704)
(-954305.662550221,2359355.59483495,174254.695345209)
(-1000387.53635586,2184601.54129914,335500.098784249)
(-1077012.00332464,1848595.80103039,652351.9110435)
(-1084714.80622548,1195881.18440105,1195623.31050883)
(0,0,0)
(0,0,0)
(0,0,0)
(0,0,0)
(0,0,0)
(0,0,0)
(0,0,0)
(0,0,0)
(0,0,0)
(0,0,0)
(0,0,0)
(0,0,0)
(0,0,0)
(0,0,0)
(0,0,0)
(0,0,0)
(0,0,0)
(0,0,0)
(0,0,0)
(0,0,0)
(0,0,0)
(0,0,0)
(0,0,0)
(0,0,0)
(0,0,0)
(0,0,0)
(0,0,0)
(0,0,0)
(0,0,0)
(0,0,0)
(0,0,0)
(0,0,0)
(0,0,0)
(0,0,0)
(0,0,0)
(0,0,0)
(0,0,0)
(0,0,0)
(0,0,0)
(0,0,0)
(0,0,0)
(0,0,0)
(0,0,0)
(0,0,0)
(0,0,0)
(0,0,0)
(0,0,0)
(0,0,0)
(0,0,0)
(0,0,0)
(0,0,0)
(0,0,0)
(0,0,0)
(0,0,0)
(0,0,0)
(0,0,0)
(0,0,0)
(0,0,0)
(0,0,0)
(0,0,0)
(0,0,0)
(0,0,0)
(0,0,0)
(0,0,0)
(0,0,0)
(0,0,0)
(0,0,0)
(0,0,0)
(0,0,0)
(0,0,0)
(0,0,0)
(0,0,0)
(0,0,0)
(0,0,0)
(0,0,0)
(0,0,0)
(0,0,0)
(0,0,0)
(0,0,0)
(0,0,0)
(0,0,0)
(0,0,0)
(0,0,0)
(0,0,0)
(0,0,0)
(0,0,0)
(0,0,0)
(0,0,0)
(0,0,0)
(0,0,0)
(0,0,0)
(0,0,0)
(0,0,0)
(0,0,0)
(0,0,0)
(0,0,0)
(0,0,0)
(0,0,0)
(0,0,0)
(0,0,0)
(0,0,0)
(0,0,0)
(8414173.78924846,26809.7911464323,23273.2055364622)
(8408622.39447758,25555.8742330711,50054.2000994255)
(8395955.42170588,22890.6562000039,84552.1344686602)
(8372376.22359818,18511.1927684915,132654.337471344)
(8330422.59696965,12319.3603317708,203037.364497912)
(8255819.83704145,4905.4574979636,309047.18039588)
(8118890.31861296,-1754.96268634846,474621.230115985)
(7848240.27745964,-4714.80091386207,761948.433082504)
(7237425.88150941,-3916.65534019682,1405776.73887351)
(5578538.56186622,-1935.11415109287,3453150.57481312)
(0,0,0)
(0,0,0)
(0,0,0)
(0,0,0)
(0,0,0)
(0,0,0)
(8408517.22685346,57251.4418724724,22008.2355775069)
(8402987.07655369,54898.7349272385,47323.7561993628)
(8390221.08612803,49793.292619718,80116.7670259801)
(8366191.24275594,41245.6332497974,126425.281767983)
(8323084.77260914,28696.609496567,195604.147594996)
(8246410.17325329,12832.6799823006,302396.096232707)
(8107395.63372779,-2285.73462054369,471705.742113091)
(7837888.63765613,-8748.85482233966,762751.019701486)
(7231005.65741432,-6536.58630631442,1407751.29602334)
(5575733.57031872,-2813.4441067922,3455039.3847913)
(0,0,0)
(0,0,0)
(0,0,0)
(0,0,0)
(0,0,0)
(0,0,0)
(8395772.94433906,95299.9603648375,19599.0631945062)
(8390246.85006518,92172.3068961505,42121.653478312)
(8377260.86254973,85274.3549395072,71472.3812373951)
(8352187.22512817,73400.2440072065,113825.437866318)
(8306075.37670548,55114.1528531196,179721.009638648)
(8223142.85694437,30111.0294226119,287239.460407863)
(8076244.9780672,3586.68841279163,465227.045941646)
(7809341.00501316,-7678.31909204475,764941.046132729)
(7214436.26505683,-3623.96873584507,1411486.34319097)
(5568865.17434735,-141.003504812624,3457797.07109254)
(0,0,0)
(0,0,0)
(0,0,0)
(0,0,0)
(0,0,0)
(0,0,0)
(8372396.85615636,145915.747349606,16384.8325442749)
(8366872.34235062,142521.56955642,35123.3247536838)
(8353593.82871247,134964.907032332,59551.8876028244)
(8326897.0469696,121781.249710163,95529.8068098015)
(8275317.42856624,100818.399012931,154691.573725268)
(8178213.99653973,70073.746903121,260636.905776686)
(8006962.81370748,32737.2676827694,453869.783584152)
(7744281.97474403,14522.9398005033,768919.365047182)
(7180886.33151179,15920.730178699,1414943.04486171)
(5555997.26929356,11193.061901243,3457854.6978841)
(0,0,0)
(0,0,0)
(0,0,0)
(0,0,0)
(0,0,0)
(0,0,0)
(8331324.76295927,216056.335889183,12851.2724665791)
(8325920.41840129,212911.197467911,27438.1042750795)
(8312582.82492531,205985.560138756,46321.0215604044)
(8284514.1470216,194177.144377388,74545.1379327231)
(8226706.92215053,175978.278541607,123892.286900611)
(8108325.02603326,150553.675304268,223259.002711329)
(7882351.15673084,120505.686707586,435580.049948521)
(7623540.0141419,94219.9924262656,770258.584408623)
(7128207.03045831,68882.2529689481,1410138.57708106)
(5536799.15993615,37212.7297812353,3446536.79254969)
(0,0,0)
(0,0,0)
(0,0,0)
(0,0,0)
(0,0,0)
(0,0,0)
(8258311.58724457,317212.795536003,9606.62685827857)
(8253281.9390396,314625.841085841,20437.1255328845)
(8240578.91147682,309035.328629884,34500.7026698926)
(8213030.76634035,299754.479497982,56407.4223897397)
(8154555.82294253,285599.261440462,98464.9619610527)
(8032771.75293683,265024.819747974,193209.614943889)
(7803956.23012865,236480.602657554,409221.085543338)
(7556576.91359119,199954.375321699,744860.377483918)
(7083223.38060646,145604.973766829,1378389.5902088)
(5514723.01518622,76974.4866533371,3409234.34678246)
(0,0,0)
(0,0,0)
(0,0,0)
(0,0,0)
(0,0,0)
(0,0,0)
(8122756.39371512,473471.222007216,6956.68705954723)
(8118393.27806792,471484.794958766,14807.146792913)
(8107140.70517709,467294.266382459,25207.6917059035)
(8082139.98042476,460615.856001076,42311.650415835)
(8027615.8593375,450604.286713876,77944.384815579)
(7911151.97112055,434961.524219691,164747.930219895)
(7689210.24858774,407628.569331379,372755.02784827)
(7465914.96281818,359084.125260445,690583.802503745)
(7016488.51192717,262223.531465968,1309837.97440191)
(5477003.16678571,140151.587131571,3332306.87526076)
(0,0,0)
(0,0,0)
(0,0,0)
(0,0,0)
(0,0,0)
(0,0,0)
(7851754.70957315,750750.221321888,4889.88542956849)
(7848336.37547503,749111.206236478,10573.6807571628)
(7839405.69846649,745769.504900443,18476.3534580553)
(7819210.22804535,740622.71438495,32286.8837524246)
(7774275.71314518,733115.427662222,62344.9662553575)
(7675479.7798661,720938.846353668,137544.825605258)
(7481193.95978348,692843.886012424,324414.466673031)
(7335410.2834794,605796.970960852,593952.831210909)
(6881875.58734974,464010.273071319,1188006.60909099)
(5389743.628236,265360.77292938,3192335.18359442)
(0,0,0)
(0,0,0)
(0,0,0)
(0,0,0)
(0,0,0)
(0,0,0)
(7239363.65104909,1387498.91292846,3250.70343725285)
(7237056.11303371,1385897.56332913,7219.6082033314)
(7231100.44284628,1382461.29352507,13256.5348845786)
(7217904.65734311,1376503.44787365,24732.460085276)
(7189787.45832038,1365853.68329002,50184.114635613)
(7132551.58259306,1344506.43827409,109556.594200463)
(7029332.55860968,1296298.91810801,237647.875604459)
(6884208.13452147,1186429.03459271,452518.681952077)
(6474489.11102794,992399.695658519,989722.012936289)
(5124478.89401297,647043.975321619,2927213.59187759)
(0,0,0)
(0,0,0)
(0,0,0)
(0,0,0)
(0,0,0)
(0,0,0)
(5579146.3934515,3431545.63172228,1669.01331248449)
(5578010.82471893,3429859.94719395,3787.90751047199)
(5575095.73710975,3426045.56937263,7221.37540661793)
(5568761.67115974,3418848.98601203,14024.1418941778)
(5555688.26595408,3404824.73908858,28908.1942673239)
(5529963.57735173,3375779.26926594,61572.7720939616)
(5482305.5528814,3313922.37177877,128211.695660864)
(5390978.03499133,3185221.01558661,258927.735989181)
(5124630.74816159,2925815.78455417,644742.488276612)
(4166776.08632636,2280718.59396569,2280450.56974994)
(0,0,0)
(0,0,0)
(0,0,0)
(0,0,0)
(0,0,0)
(0,0,0)
(0,0,0)
(0,0,0)
(0,0,0)
(0,0,0)
(0,0,0)
(0,0,0)
(0,0,0)
(0,0,0)
(0,0,0)
(0,0,0)
(0,0,0)
(0,0,0)
(0,0,0)
(0,0,0)
(0,0,0)
(0,0,0)
(0,0,0)
(0,0,0)
(0,0,0)
(0,0,0)
(0,0,0)
(0,0,0)
(0,0,0)
(0,0,0)
(0,0,0)
(0,0,0)
(0,0,0)
(0,0,0)
(0,0,0)
(0,0,0)
(0,0,0)
(0,0,0)
(0,0,0)
(0,0,0)
(0,0,0)
(0,0,0)
(0,0,0)
(0,0,0)
(0,0,0)
(0,0,0)
(0,0,0)
(0,0,0)
(0,0,0)
(0,0,0)
(0,0,0)
(0,0,0)
(0,0,0)
(0,0,0)
(0,0,0)
(0,0,0)
(0,0,0)
(0,0,0)
(0,0,0)
(0,0,0)
(0,0,0)
(0,0,0)
(0,0,0)
(0,0,0)
(0,0,0)
(0,0,0)
(0,0,0)
(0,0,0)
(0,0,0)
(0,0,0)
(0,0,0)
(0,0,0)
(0,0,0)
(0,0,0)
(0,0,0)
(0,0,0)
(0,0,0)
(0,0,0)
(0,0,0)
(0,0,0)
(0,0,0)
(0,0,0)
(0,0,0)
(0,0,0)
(0,0,0)
(0,0,0)
(0,0,0)
(0,0,0)
(0,0,0)
(0,0,0)
(0,0,0)
(0,0,0)
(0,0,0)
(0,0,0)
(0,0,0)
(0,0,0)
(0,0,0)
(0,0,0)
(0,0,0)
(0,0,0)
(0,0,0)
(0,0,0)
(-145780.88199684,21274.709109457,17806.3694666189)
(-151909.62050418,19996.5926554996,37468.1991235153)
(-165656.559419822,17190.9798267579,61015.6077533142)
(-190565.127329413,12352.7910368489,90730.5749748513)
(-233186.328054718,5003.51672563589,128462.39060441)
(-304304.545025497,-4510.71045384874,172223.890456017)
(-420669.153931211,-13255.737802198,204165.508133261)
(-604882.610730688,-15077.2350481253,151492.038702459)
(-869079.924392424,-10347.0363465645,-252528.711718388)
(-1065721.52324193,-4744.00539385358,-2124398.2138856)
(0,0,0)
(0,0,0)
(0,0,0)
(0,0,0)
(0,0,0)
(0,0,0)
(-152260.205778536,44646.0185190006,16532.5305531854)
(-158245.705569213,42249.140696946,34639.171965336)
(-171838.692116795,36856.6219317068,56159.7154359543)
(-196790.007896309,27240.1374738175,83380.0269819436)
(-240055.013733927,11701.7977947116,118947.939586656)
(-313062.928833935,-10430.0739999762,163466.812550738)
(-432133.219843804,-33477.4614887123,202343.79713952)
(-614541.427245418,-37365.2612839907,156188.295607696)
(-873912.343562093,-23165.9824347334,-246948.34999687)
(-1067429.62736037,-9688.93080571988,-2119713.81957501)
(0,0,0)
(0,0,0)
(0,0,0)
(0,0,0)
(0,0,0)
(0,0,0)
(-166650.815386953,72080.0430829874,14116.1424929083)
(-172406.910921528,68929.7887364847,29215.662770878)
(-185722.100449333,61673.9387898289,46507.7162425244)
(-210906.492254451,48141.6101681883,67826.3682614085)
(-256417.687153149,24352.4649418665,96795.1723035975)
(-336912.629091949,-14820.654983627,140367.646654243)
(-470449.438353626,-65710.6787082915,198421.687625358)
(-648004.975764808,-72785.5578272318,170314.372277233)
(-888545.099229931,-37207.9884069646,-233535.850132839)
(-1072101.51302268,-13004.6920589844,-2110126.99417889)
(0,0,0)
(0,0,0)
(0,0,0)
(0,0,0)
(0,0,0)
(0,0,0)
(-192285.594133436,104972.154649001,10916.7460545756)
(-197737.013922415,101671.397504853,21910.9008899781)
(-210646.820687951,93988.2486664242,32963.6477445515)
(-236317.978934298,79395.1420301898,44051.5491171355)
(-286878.08236018,52140.1843006744,57585.7480154392)
(-389419.201175459,131.008591638082,89393.6894861556)
(-589620.766136544,-91882.824073027,191275.822025588)
(-757695.623647478,-106206.290507547,205800.560428084)
(-925280.801964274,-36720.5240257809,-209393.363146159)
(-1082141.22469749,-7960.34056181175,-2097172.81332166)
(0,0,0)
(0,0,0)
(0,0,0)
(0,0,0)
(0,0,0)
(0,0,0)
(-235228.442704305,143129.643031843,7522.12461148456)
(-240238.687291218,140319.309273295,14159.7258663296)
(-252424.624746045,133961.327686754,18320.5038479701)
(-278064.703185477,122648.392327995,16772.5110880606)
(-334554.381234209,103787.827061448,5512.57904265741)
(-479209.790609095,74979.0844948384,-2674.27288754022)
(-952090.671048749,42115.3535193599,176895.784630339)
(-1129172.12376991,27312.7310156623,275215.308349672)
(-997443.854930041,23990.7327356608,-180718.655692551)
(-1098668.8842027,15196.4534026483,-2089280.99818735)
(0,0,0)
(0,0,0)
(0,0,0)
(0,0,0)
(0,0,0)
(0,0,0)
(-305923.799983533,181855.415575981,4636.02201482117)
(-310305.936372027,179881.145184661,7788.46884587402)
(-321237.683696688,175686.787311009,7006.01172584459)
(-345090.92757646,168928.184326856,-2025.67902560067)
(-400011.318657616,158726.113574899,-23270.4166081476)
(-544331.377899394,143481.444778711,-35543.2387249778)
(-994206.384517466,121865.17738341,161995.95938774)
(-1156230.90967485,109410.384685415,271832.536314715)
(-1031207.94584091,78964.2911838121,-189583.288355433)
(-1115308.45676645,39327.0982128098,-2104556.05388204)
(0,0,0)
(0,0,0)
(0,0,0)
(0,0,0)
(0,0,0)
(0,0,0)
(-421670.733835346,202812.37495883,2596.57549835292)
(-425269.553384102,201694.955344716,3572.00412108394)
(-434453.892818922,199739.028692186,240.768066578296)
(-455245.446275885,197845.506210888,-12164.7197860013)
(-505674.882524448,197429.259278778,-38450.7162971888)
(-647047.168698437,199461.888010022,-57105.61237866)
(-1116382.32897055,199834.997704519,149643.552189349)
(-1266164.41584682,228774.22303658,241485.499833968)
(-1082497.58421412,127731.484964284,-229169.190474285)
(-1142854.30867248,52978.5772434871,-2143836.78671609)
(0,0,0)
(0,0,0)
(0,0,0)
(0,0,0)
(0,0,0)
(0,0,0)
(-606472.370132678,138724.796180448,1441.06581492598)
(-609168.553603431,138160.323899357,1607.03366953324)
(-616150.961042596,137733.917320139,-1704.78811862167)
(-632469.460443505,139545.67440288,-12598.8604909809)
(-674219.797166819,148836.101651944,-36383.7852212885)
(-803932.483865032,178241.820166585,-56625.0463160776)
(-1316519.10235831,241236.161117202,178813.259743759)
(-1073396.34237243,154837.67112774,140682.844835245)
(-1123656.20389552,56812.7345020379,-303740.20612641)
(-1185467.25696512,228.116655293512,-2196652.45300622)
(0,0,0)
(0,0,0)
(0,0,0)
(0,0,0)
(0,0,0)
(0,0,0)
(-871502.977373551,-272214.502439532,932.334373305314)
(-873278.111731762,-272672.474544191,1225.76491303)
(-877750.413573124,-273105.315844343,42.2618277043132)
(-887777.895646505,-272228.972879113,-3374.13056989204)
(-910771.740883748,-267862.055611342,-6990.36677166831)
(-965821.377433933,-257706.531716257,6457.35246877308)
(-1086131.41757524,-250386.433529968,92670.3306315542)
(-1125687.17730469,-306456.004643835,42985.7255599771)
(-1229430.84961125,-357156.882798889,-359998.289169155)
(-1249063.6612154,-310444.89222245,-2196656.31773233)
(0,0,0)
(0,0,0)
(0,0,0)
(0,0,0)
(0,0,0)
(0,0,0)
(-1067565.80235074,-2146881.6896276,505.790321070955)
(-1068427.7680185,-2147438.93671596,837.252560978422)
(-1070568.80381731,-2148353.91445903,876.799433498868)
(-1075211.38199732,-2149223.6275679,970.914609978947)
(-1085096.15882056,-2150207.0878493,3226.77895331216)
(-1105842.04035379,-2153534.97050262,13987.2427758685)
(-1144179.09182957,-2167764.5712804,36976.4325680121)
(-1186872.86337309,-2205178.20489669,-7324.06148413375)
(-1249483.28445349,-2198288.92429323,-312951.580044011)
(-1205875.57337914,-1885660.89679416,-1885957.50843615)
(0,0,0)
(0,0,0)
(0,0,0)
(0,0,0)
(0,0,0)
(0,0,0)
(0,0,0)
(0,0,0)
(0,0,0)
(0,0,0)
(0,0,0)
(0,0,0)
(0,0,0)
(0,0,0)
(0,0,0)
(0,0,0)
(0,0,0)
(0,0,0)
(0,0,0)
(0,0,0)
(0,0,0)
(0,0,0)
(0,0,0)
(0,0,0)
(0,0,0)
(0,0,0)
(0,0,0)
(0,0,0)
(0,0,0)
(0,0,0)
(0,0,0)
(0,0,0)
(0,0,0)
(0,0,0)
(0,0,0)
(0,0,0)
(0,0,0)
(0,0,0)
(0,0,0)
(0,0,0)
(0,0,0)
(0,0,0)
(0,0,0)
(0,0,0)
(0,0,0)
(0,0,0)
(0,0,0)
(0,0,0)
(0,0,0)
(0,0,0)
(0,0,0)
(0,0,0)
(0,0,0)
(0,0,0)
(0,0,0)
(0,0,0)
(0,0,0)
(0,0,0)
(0,0,0)
(0,0,0)
(0,0,0)
(0,0,0)
(0,0,0)
(0,0,0)
(0,0,0)
(0,0,0)
(0,0,0)
(0,0,0)
(0,0,0)
(0,0,0)
(0,0,0)
(0,0,0)
(0,0,0)
(0,0,0)
(0,0,0)
(0,0,0)
(0,0,0)
(0,0,0)
(0,0,0)
(0,0,0)
(0,0,0)
(0,0,0)
(0,0,0)
(0,0,0)
(0,0,0)
(0,0,0)
(0,0,0)
(0,0,0)
(0,0,0)
(0,0,0)
(0,0,0)
(0,0,0)
(0,0,0)
(0,0,0)
(0,0,0)
(0,0,0)
(0,0,0)
(0,0,0)
(0,0,0)
(0,0,0)
(0,0,0)
(0,0,0)
(-172440.31744754,14897.060164751,11762.3752859485)
(-177627.276552231,13711.6654042792,23768.365929725)
(-189009.823543169,11026.8852386018,36094.7448144726)
(-208769.643238125,6162.98077277264,48136.2799504093)
(-240637.978821332,-1843.36556771678,57431.2962847397)
(-289625.940764299,-13299.127176897,56051.8192004395)
(-360132.869639709,-24742.6461598247,20258.1810687622)
(-447608.572914127,-24736.3311317341,-112279.525616064)
(-517612.979214201,-15159.3547977457,-448587.115996506)
(-449947.772673415,-6433.81083143371,-1057927.05573356)
(0,0,0)
(0,0,0)
(0,0,0)
(0,0,0)
(0,0,0)
(0,0,0)
(-178323.081206259,30367.2209997593,10592.7145927123)
(-183204.55160982,28160.6849976956,21102.5410399044)
(-193946.220559773,22988.6325280718,31248.3221934164)
(-212659.733967751,13121.4298496688,40159.5991879561)
(-243077.78886955,-4649.85547051913,45988.8642263766)
(-290645.07503203,-34282.8354757128,44554.7187232932)
(-360679.854507531,-71821.3675245935,20180.0747517902)
(-445473.683235905,-70838.1401029564,-102785.860286499)
(-514181.275335764,-37803.4080057461,-439872.875304811)
(-447840.486055959,-14363.2628776716,-1051532.56456306)
(0,0,0)
(0,0,0)
(0,0,0)
(0,0,0)
(0,0,0)
(0,0,0)
(-191194.341992399,46540.8912247377,8369.85638047362)
(-195495.470633909,43681.9443085891,15937.1567819591)
(-204942.766602791,36763.0633883783,21383.392075109)
(-221484.322221108,22697.6691709123,22384.9827205225)
(-248881.122291044,-6123.51546435632,16322.0778522524)
(-294491.557918386,-67300.2212790436,6918.39248200412)
(-371561.024675868,-184840.178098232,21048.7893778849)
(-445471.696111041,-182442.499093581,-69880.1312852757)
(-505760.620969986,-73944.9031693742,-416523.114381587)
(-442638.979369068,-23058.9435315549,-1037289.96738133)
(0,0,0)
(0,0,0)
(0,0,0)
(0,0,0)
(0,0,0)
(0,0,0)
(-213289.468416107,62056.8631730648,5487.90233435317)
(-216785.428027707,59182.3775770117,9035.88317122746)
(-224369.382434785,52169.0927442602,7352.41556218392)
(-237388.547543288,37562.0196372989,-6441.36629521197)
(-258862.2265977,4361.53509498561,-44942.2726170313)
(-301179.067459742,-89722.7010469348,-110759.926564864)
(-454218.236882411,-454334.144338088,23331.5104208551)
(-477651.710487786,-477658.996871934,38504.0950395084)
(-486125.645074517,-108871.162908946,-365724.80211069)
(-432147.508184389,-24477.0715411008,-1014300.39061431)
(0,0,0)
(0,0,0)
(0,0,0)
(0,0,0)
(0,0,0)
(0,0,0)
(-248130.635166223,72399.4810928193,2559.57454216326)
(-250682.994917551,70172.0364795039,2014.22326600563)
(-255978.713152988,65043.8123495743,-7306.40793235807)
(-263616.555111215,55523.3971620255,-39715.9335313457)
(-269058.598278289,38269.2391117678,-139119.420504053)
(-242455.315225761,9847.71586264237,-475444.312796972)
(7.49184669500952e-05,1.95756979347405e-05,-4.85929502817677e-05)
(-387.62145794366,316.332261841447,407240.896229377)
(-407977.342548949,-9697.23174467655,-281399.547316022)
(-413319.627973921,-1383.25678409236,-989842.618301827)
(0,0,0)
(0,0,0)
(0,0,0)
(0,0,0)
(0,0,0)
(0,0,0)
(-300075.323636959,66260.8393006812,290.165445568403)
(-301751.500403284,65014.3513666439,-3106.58541032048)
(-304979.384079114,62528.8077780562,-16849.8804563692)
(-308271.01918083,58827.4371456819,-56973.8288356558)
(-304298.966977216,53136.1808205852,-167553.122224885)
(-257622.362380852,40909.294011127,-485323.715891909)
(6.82370705866961e-05,2.59518441426773e-05,-3.83151573633607e-05)
(-817.783784768879,-316.539408531533,397183.707817603)
(-398413.454279614,27808.6732120177,-273116.688700379)
(-413201.692416604,11875.4000107773,-988482.109845008)
(0,0,0)
(0,0,0)
(0,0,0)
(0,0,0)
(0,0,0)
(0,0,0)
(-372702.369321242,18295.8806198333,-1003.40583324514)
(-373662.527302588,18023.7719447775,-5619.85249289839)
(-375185.953023736,18217.8550776199,-20576.8395876367)
(-375154.446509412,20797.3933918454,-62637.7956002714)
(-364473.313539926,29071.8163016433,-179775.000065856)
(-302349.985899533,42782.4508574208,-526345.339711051)
(0.000184958230931222,-6.70490638166669e-05,-5.1488328628021e-05)
(-804.547559007997,421806.49646654,425525.507792385)
(-426912.484040607,86746.1588704244,-288997.07803953)
(-430116.278275135,10466.4178613085,-1000326.12628741)
(0,0,0)
(0,0,0)
(0,0,0)
(0,0,0)
(0,0,0)
(0,0,0)
(-460917.734118942,-125987.128878226,-1271.62651568672)
(-461378.264068745,-125620.81721564,-5417.32688996137)
(-461756.52425374,-123553.254490422,-18040.6541107797)
(-459845.513418995,-115491.064330604,-54376.1434128467)
(-446018.749679054,-87464.9089559559,-166040.465643017)
(-374722.367348056,16617.3261954832,-569085.457498047)
(-653.365069620634,471940.794640656,422138.931152771)
(-423027.674090122,102832.193329856,90744.5660071275)
(-532302.561135734,-48737.6269364206,-365125.290945818)
(-466255.399758169,-63226.4121698964,-1010644.31812159)
(0,0,0)
(0,0,0)
(0,0,0)
(0,0,0)
(0,0,0)
(0,0,0)
(-528844.87319868,-467815.200302625,-830.032750467391)
(-529067.082479605,-467379.702984209,-3282.17623404144)
(-529071.699731764,-465507.903663561,-10006.2409022419)
(-527603.684333696,-459280.124800148,-26391.3917454995)
(-520840.775027766,-441830.244258077,-61957.0222993518)
(-500084.218273651,-397390.935256377,-113685.92000778)
(-473102.792817087,-308095.34505925,53321.5949339642)
(-541741.566588151,-367287.77260212,-60504.0498505972)
(-582439.650376472,-376924.374927219,-379308.501094556)
(-477346.916075128,-267084.035964366,-947167.622440389)
(0,0,0)
(0,0,0)
(0,0,0)
(0,0,0)
(0,0,0)
(0,0,0)
(-456283.839808162,-1078750.5829223,-346.579922869746)
(-456381.97711669,-1078457.65156998,-1314.42223890137)
(-456371.985741357,-1077266.92518898,-3752.21878943161)
(-455785.147748401,-1073553.63271192,-8904.94512655062)
(-453654.392078136,-1064716.56672537,-17460.3894016845)
(-449131.346282476,-1047322.73739155,-24239.2813378393)
(-447717.45501088,-1023207.75818993,-5588.50502581592)
(-472033.171491459,-1017903.63263336,-69812.3368761919)
(-478587.577854528,-948460.484048006,-269171.934354366)
(-382717.674960329,-679583.131140494,-679830.737597032)
(0,0,0)
(0,0,0)
(0,0,0)
(0,0,0)
(0,0,0)
(0,0,0)
(0,0,0)
(0,0,0)
(0,0,0)
(0,0,0)
(0,0,0)
(0,0,0)
(0,0,0)
(0,0,0)
(0,0,0)
(0,0,0)
(0,0,0)
(0,0,0)
(0,0,0)
(0,0,0)
(0,0,0)
(0,0,0)
(0,0,0)
(0,0,0)
(0,0,0)
(0,0,0)
(0,0,0)
(0,0,0)
(0,0,0)
(0,0,0)
(0,0,0)
(0,0,0)
(0,0,0)
(0,0,0)
(0,0,0)
(0,0,0)
(0,0,0)
(0,0,0)
(0,0,0)
(0,0,0)
(0,0,0)
(0,0,0)
(0,0,0)
(0,0,0)
(0,0,0)
(0,0,0)
(0,0,0)
(0,0,0)
(0,0,0)
(0,0,0)
(0,0,0)
(0,0,0)
(0,0,0)
(0,0,0)
(0,0,0)
(0,0,0)
(0,0,0)
(0,0,0)
(0,0,0)
(0,0,0)
(0,0,0)
(0,0,0)
(0,0,0)
(0,0,0)
(0,0,0)
(0,0,0)
(0,0,0)
(0,0,0)
(0,0,0)
(0,0,0)
(0,0,0)
(0,0,0)
(0,0,0)
(0,0,0)
(0,0,0)
(0,0,0)
(0,0,0)
(0,0,0)
(0,0,0)
(0,0,0)
(0,0,0)
(0,0,0)
(0,0,0)
(0,0,0)
(0,0,0)
(0,0,0)
(0,0,0)
(0,0,0)
(0,0,0)
(0,0,0)
(0,0,0)
(0,0,0)
(0,0,0)
(0,0,0)
(0,0,0)
(0,0,0)
(0,0,0)
(0,0,0)
(0,0,0)
(0,0,0)
(0,0,0)
(0,0,0)
(-188137.079183936,9077.14575301153,6619.61598338674)
(-191659.039491284,8168.96335212128,12482.415570319)
(-199037.34573927,6104.44807722213,16405.4896891923)
(-210998.941457679,2282.9691734491,16351.8187352981)
(-228562.677548718,-4257.46600871238,8533.9834713949)
(-252550.175385837,-14280.3755306577,-14261.4063764138)
(-282217.874278208,-25250.9639432395,-66925.4377946757)
(-310034.27299843,-22566.6961078526,-181933.041602521)
(-307446.62357133,-11692.9875603935,-380406.409685007)
(-218704.301175143,-4304.50310658287,-607345.378076681)
(0,0,0)
(0,0,0)
(0,0,0)
(0,0,0)
(0,0,0)
(0,0,0)
(-192597.961946796,17613.684442231,5738.34205131778)
(-195677.787259696,15942.3571834909,10438.1838698194)
(-202003.378518141,11996.3157150927,12603.4741903156)
(-211868.785851202,4272.92740602526,9822.567841196)
(-225571.324877829,-10438.9158557725,-1502.44630346665)
(-243050.841039715,-38088.4127074785,-25288.6431189615)
(-264198.31623038,-82684.3627771306,-64336.7825622196)
(-290425.047678697,-70806.1826120581,-171145.931615209)
(-294579.821501581,-29383.9650788068,-373056.407930986)
(-212906.205676167,-9184.48241368969,-603110.709003663)
(0,0,0)
(0,0,0)
(0,0,0)
(0,0,0)
(0,0,0)
(0,0,0)
(-202201.442321451,24557.9877578844,4062.79701339676)
(-204426.608453609,22441.6016085565,6494.69040803527)
(-208637.196737178,17316.6797282556,4868.75652926215)
(-214153.434332787,6744.10448258471,-4933.30843561535)
(-218900.441478981,-16122.1057519058,-29230.7993515452)
(-217802.622113013,-73978.9186479083,-70029.2292164791)
(-204140.410048698,-267485.86544982,-52648.3411709555)
(-224460.859779099,-214604.884301814,-129860.475813145)
(-257719.142266972,-54325.9172256684,-352960.002369312)
(-198110.842149824,-12603.5533125369,-594069.068689718)
(0,0,0)
(0,0,0)
(0,0,0)
(0,0,0)
(0,0,0)
(0,0,0)
(-217991.844470541,27292.5482221927,1967.81559012748)
(-219088.003519093,25291.0535062614,1420.93918380367)
(-220473.911219835,20527.0132909272,-5684.86559381688)
(-219733.570951929,11269.1798549433,-27864.9175575359)
(-209739.632786383,-5885.83405820425,-87223.7830625651)
(-167623.080982894,-31016.3617185046,-263742.326468816)
(3.57988818126931e-05,6.34680313738715e-06,-1.73695016749153e-05)
(-190.923009765041,-355.411562255396,30315.9265718881)
(-168125.136231379,-30693.4071458455,-311317.092351075)
(-168895.297592019,-5637.31169583834,-581535.544560162)
(0,0,0)
(0,0,0)
(0,0,0)
(0,0,0)
(0,0,0)
(0,0,0)
(-241181.047237744,20379.2585552844,-36.2982615687044)
(-241122.078363528,19002.3614742083,-3308.52278354463)
(-239721.17534829,15958.429040688,-14997.476338006)
(-232976.356239678,10797.282091595,-45165.7774461981)
(-210612.275138275,2990.5385653178,-112488.473209723)
(-147750.932150173,-5326.88121510254,-232882.336788692)
(-5.04374481020552e-06,1.83622928972153e-06,9.03631801431352e-05)
(8.23689203105755e-05,1.15624868469198e-05,-3.11375581182947e-06)
(-578.366057319858,-22.0412567173746,-286268.644169335)
(-128174.046902708,-1194.36504429877,-575857.171892064)
(0,0,0)
(0,0,0)
(0,0,0)
(0,0,0)
(0,0,0)
(0,0,0)
(-271960.977351285,-6300.41768666821,-1434.67004372293)
(-271013.177297857,-6832.28437888762,-6338.34729605429)
(-267535.326800395,-7636.58535155383,-20187.3901825337)
(-256584.077577287,-8030.77776612318,-53046.2719283594)
(-226504.049309108,-6987.38019071493,-120863.270840424)
(-152430.357344579,-3733.37622359382,-227648.7808682)
(4.23910554496828e-07,6.47793434947268e-06,6.88706764998158e-05)
(6.09294787049257e-05,2.07865296691068e-05,-1.11690976868305e-06)
(-688.411800431631,-510.934662381987,-287403.784550619)
(-122255.37116358,-4935.15092363387,-574609.31992431)
(0,0,0)
(0,0,0)
(0,0,0)
(0,0,0)
(0,0,0)
(0,0,0)
(-307248.160487738,-69756.6948967709,-1997.93162339969)
(-305817.222079479,-69517.9596562454,-7157.56156914895)
(-301184.194104484,-68211.0832898699,-20584.8225500923)
(-288014.469508634,-63757.3209518943,-51998.2563650946)
(-253549.804157192,-52281.5337744706,-117627.612164072)
(-170359.873882963,-29305.9300391043,-224045.170365151)
(9.33872001067191e-06,0.000106939801147786,8.0702202878914e-05)
(0.000105757487520448,1.8035771245118e-07,-4.12435034037008e-06)
(-769.924928011155,-18432.4247569213,-291689.763204573)
(-131539.877380985,-25572.7960984486,-569628.518923911)
(0,0,0)
(0,0,0)
(0,0,0)
(0,0,0)
(0,0,0)
(0,0,0)
(-335226.221411266,-193697.532934135,-1750.67467031843)
(-333771.223953398,-193038.746994396,-5836.92744752141)
(-329100.953104141,-190569.920440688,-16133.6614462952)
(-316208.420730156,-183002.585534539,-40525.489552482)
(-282100.900977107,-162058.618164191,-94666.2538647)
(-195290.407319113,-108457.141269792,-194947.002662962)
(0.000124786516242804,-3.66953246198512e-06,-9.43133851153251e-06)
(-425.780244838545,-15562.7516068314,-18149.1100940889)
(-171549.22456096,-98668.9730507888,-298665.89837499)
(-172373.649992536,-74197.582723575,-543922.861515513)
(0,0,0)
(0,0,0)
(0,0,0)
(0,0,0)
(0,0,0)
(0,0,0)
(-326595.264767716,-394899.13665896,-1048.00470613674)
(-325487.432449522,-394338.619360461,-3327.78237016245)
(-321971.877720201,-392440.182885819,-8557.34193659659)
(-312433.713705779,-387128.778574604,-19601.1195244491)
(-287061.841397044,-374343.759334841,-41094.9119845169)
(-216920.470812859,-346136.159644395,-86579.6410706967)
(-296.777247129072,-282370.212208683,-15119.9164196788)
(-174201.208426383,-297275.54899011,-100947.477198183)
(-235282.322494742,-272835.7095935,-273938.068537205)
(-183671.930952308,-172310.919734727,-469499.716648865)
(0,0,0)
(0,0,0)
(0,0,0)
(0,0,0)
(0,0,0)
(0,0,0)
(-228738.966538305,-622006.617800724,-437.392128101762)
(-228170.969249488,-621663.800146502,-1323.21920927394)
(-226426.897893986,-620519.163282914,-3189.32665956218)
(-221917.270490844,-617416.197682503,-6769.78480922935)
(-211151.221535796,-610740.916623583,-12875.7980628061)
(-187517.556574004,-597879.03430552,-22746.713110157)
(-147862.602225031,-575180.075360918,-29791.7027437913)
(-177279.744309512,-545578.021706017,-76242.6572098394)
(-184850.541726336,-469635.981674807,-173179.421256746)
(-134493.364946258,-296746.047197963,-296968.603807592)
(0,0,0)
(0,0,0)
(0,0,0)
(0,0,0)
(0,0,0)
(0,0,0)
(0,0,0)
(0,0,0)
(0,0,0)
(0,0,0)
(0,0,0)
(0,0,0)
(0,0,0)
(0,0,0)
(0,0,0)
(0,0,0)
(0,0,0)
(0,0,0)
(0,0,0)
(0,0,0)
(0,0,0)
(0,0,0)
(0,0,0)
(0,0,0)
(0,0,0)
(0,0,0)
(0,0,0)
(0,0,0)
(0,0,0)
(0,0,0)
(0,0,0)
(0,0,0)
(0,0,0)
(0,0,0)
(0,0,0)
(0,0,0)
(0,0,0)
(0,0,0)
(0,0,0)
(0,0,0)
(0,0,0)
(0,0,0)
(0,0,0)
(0,0,0)
(0,0,0)
(0,0,0)
(0,0,0)
(0,0,0)
(0,0,0)
(0,0,0)
(0,0,0)
(0,0,0)
(0,0,0)
(0,0,0)
(0,0,0)
(0,0,0)
(0,0,0)
(0,0,0)
(0,0,0)
(0,0,0)
(0,0,0)
(0,0,0)
(0,0,0)
(0,0,0)
(0,0,0)
(0,0,0)
(0,0,0)
(0,0,0)
(0,0,0)
(0,0,0)
(0,0,0)
(0,0,0)
(0,0,0)
(0,0,0)
(0,0,0)
(0,0,0)
(0,0,0)
(0,0,0)
(0,0,0)
(0,0,0)
(0,0,0)
(0,0,0)
(0,0,0)
(0,0,0)
(0,0,0)
(0,0,0)
(0,0,0)
(0,0,0)
(0,0,0)
(0,0,0)
(0,0,0)
(0,0,0)
(0,0,0)
(0,0,0)
(0,0,0)
(0,0,0)
(0,0,0)
(0,0,0)
(0,0,0)
(0,0,0)
(0,0,0)
(0,0,0)
(-195903.171705591,4642.38524361538,3123.70727804529)
(-197829.465597737,4171.64323037872,5122.49015412126)
(-201515.46680552,3150.09523363787,4450.51598673268)
(-206755.172932851,1410.80819665827,-1204.06073475373)
(-213061.560881098,-1271.193827034,-15433.983575343)
(-219502.425108332,-4738.7021379746,-43743.0317148686)
(-224354.1353529,-7160.93395158502,-94445.8366886017)
(-222496.525339072,-2919.96234254136,-179063.622005419)
(-196390.231741326,1175.6415236122,-291295.655359006)
(-123275.638660806,1498.55695495499,-388222.874828357)
(0,0,0)
(0,0,0)
(0,0,0)
(0,0,0)
(0,0,0)
(0,0,0)
(-198797.160495543,8157.31116772783,2684.2726246378)
(-200260.290587479,7306.55566264405,4131.86352015722)
(-202849.846017789,5394.45434704618,2733.97190640158)
(-205852.607685497,2002.45737954281,-3873.85544219081)
(-208022.277137661,-3740.0154516289,-18954.0815577616)
(-207702.999594425,-12779.3030100941,-46261.3221309317)
(-204749.491416814,-22578.9487819063,-90292.1321141724)
(-203783.195834202,-4825.91644120079,-175028.029860012)
(-184851.065937892,7447.95465877059,-291029.098558841)
(-118234.562233427,5586.31562117015,-389788.500667805)
(0,0,0)
(0,0,0)
(0,0,0)
(0,0,0)
(0,0,0)
(0,0,0)
(-204808.784442375,8922.46543364558,1842.18785501016)
(-205407.564006369,7884.10717019435,2245.5919002222)
(-205846.22881526,5519.21897870608,-670.140653353089)
(-204341.990909282,1174.47792885171,-9653.60462617225)
(-197224.869353806,-6964.83902518958,-28104.3531777877)
(-178607.040001956,-23816.2431706617,-56262.9951282837)
(-146788.595019784,-63447.6489714741,-72746.1099676294)
(-148745.542460561,9570.47209684658,-162857.815824215)
(-155354.025491184,35203.9754290413,-292978.953370282)
(-106601.090481335,16579.0313394854,-395481.420757074)
(0,0,0)
(0,0,0)
(0,0,0)
(0,0,0)
(0,0,0)
(0,0,0)
(-214119.487793047,4224.46354413806,825.645212008918)
(-213628.182865683,3312.76103816373,-62.8293093672112)
(-211314.244146593,1312.15520635008,-5015.432610253)
(-203717.648878568,-1988.13629513982,-17868.7404596214)
(-182660.797211275,-6797.0765781389,-45115.3384817773)
(-129244.832416023,-11175.8226767006,-96134.0075426096)
(3.10634935078127e-05,5.74156022051625e-06,3.24122118466053e-06)
(-440.596855047556,-369.756012743356,-137273.674000461)
(-95329.9609413323,136800.587918415,-311665.461779888)
(-86907.0882733826,35067.5807917565,-412142.220550781)
(0,0,0)
(0,0,0)
(0,0,0)
(0,0,0)
(0,0,0)
(0,0,0)
(-226459.646553209,-10408.5350946384,-88.4020457531155)
(-224956.664191481,-10915.1776123294,-2025.87756730528)
(-220211.197997188,-11856.8637099368,-8366.83600212262)
(-207638.765124912,-12827.8406031466,-22864.7228088841)
(-177626.090919462,-12945.1127173545,-49702.8708884806)
(-113416.915608993,-10039.9549574241,-85172.7551489383)
(-4.59241183367386e-06,6.19965802136017e-07,6.90135789293857e-06)
(7.16943772177839e-05,3.54315730907721e-06,1.40792575970074e-05)
(-787.814478395544,-86.6300611115626,-413364.126964254)
(-64044.4649990216,4747.30465483111,-447173.432731005)
(0,0,0)
(0,0,0)
(0,0,0)
(0,0,0)
(0,0,0)
(0,0,0)
(-240148.034947302,-41608.5972052587,-612.880293365087)
(-237972.88353535,-41619.2781297625,-2949.07353844058)
(-231710.126772456,-41275.7177398817,-9355.4195364386)
(-216232.969090453,-39454.5505574352,-23079.8180689842)
(-181587.164732961,-34031.0626543245,-46910.7527081593)
(-112413.163047387,-21653.0689294884,-75314.8330332889)
(-7.86684770547786e-08,3.06559152969506e-06,-6.86525332651148e-12)
(5.02680608258196e-05,3.24452886003249e-06,1.09600394628984e-05)
(-583.122372200703,-487.364381373057,-408456.697471937)
(-59967.9301754361,-14152.2287397479,-451844.605065501)
(0,0,0)
(0,0,0)
(0,0,0)
(0,0,0)
(0,0,0)
(0,0,0)
(-250504.206296643,-97714.9305199925,-637.620876374704)
(-248138.651112605,-97355.2206526003,-2580.24932041172)
(-241495.116467668,-96030.1470680654,-7514.89762904239)
(-225455.806104278,-91864.5435285841,-17663.5680622476)
(-189940.337773752,-80725.6903240029,-34578.4067760102)
(-118628.190359416,-54119.4904325995,-53843.6687964433)
(6.78158129353942e-06,7.02122575828463e-06,-8.12046056211296e-12)
(8.76498107817756e-05,6.02693318804894e-06,1.5325264290196e-05)
(-496.778829831761,-189036.659359403,-421957.715203463)
(-63695.2698164157,-66333.6637072137,-437620.887800592)
(0,0,0)
(0,0,0)
(0,0,0)
(0,0,0)
(0,0,0)
(0,0,0)
(-247615.496810914,-185032.365167215,-293.289953127579)
(-245557.699670842,-184649.744238574,-1212.29064970292)
(-239722.633840075,-183305.502210249,-3315.25477158667)
(-225774.6570279,-179098.480933557,-6515.08106887141)
(-194473.411486199,-166888.241923467,-7980.01896031598)
(-127635.327032078,-129902.797373471,148.207693520655)
(0.000106706357036694,2.08074743929839e-05,4.14104109019576e-06)
(-424.053395864994,-189060.044634599,-188848.445981805)
(-88077.6367691697,-162240.180923513,-299116.512209475)
(-81257.0351422876,-85408.8682439401,-371157.922522989)
(0,0,0)
(0,0,0)
(0,0,0)
(0,0,0)
(0,0,0)
(0,0,0)
(-214770.389394603,-296949.98618175,92.7456414262833)
(-213325.304231045,-296902.182239844,183.055424208135)
(-209280.787507542,-296746.409262456,932.872263748501)
(-199852.226778663,-296457.268834988,5710.17323807682)
(-178980.527217735,-298265.269539744,29005.8866750423)
(-131341.588740047,-316521.479974803,130045.687203557)
(-596.978900246777,-429664.490651296,-188835.53608538)
(-90227.4185496687,-300085.554319092,-161783.816277593)
(-115024.100022996,-222193.488397473,-222088.731275377)
(-82600.9390739779,-123009.732803476,-285558.858594191)
(0,0,0)
(0,0,0)
(0,0,0)
(0,0,0)
(0,0,0)
(0,0,0)
(-132709.891024442,-393148.876356862,169.814661255077)
(-131993.511359977,-393367.506609907,457.681141808719)
(-130037.467853785,-393974.943206201,1296.78504535188)
(-125648.105994359,-395385.696844994,3956.04855886569)
(-116744.512315911,-399460.972098864,10745.0418981072)
(-100035.427752006,-410188.206452385,16929.6395536852)
(-74394.6957065711,-427088.087765494,-59114.6698505723)
(-84747.3661449849,-368049.065753404,-83683.5365807878)
(-83452.3514166396,-284564.425660606,-122710.789627349)
(-55726.3461303452,-162128.170457653,-162359.370789086)
(0,0,0)
(0,0,0)
(0,0,0)
(0,0,0)
(0,0,0)
(0,0,0)
(0,0,0)
(0,0,0)
(0,0,0)
(0,0,0)
(0,0,0)
(0,0,0)
(0,0,0)
(0,0,0)
(0,0,0)
(0,0,0)
(0,0,0)
(0,0,0)
(0,0,0)
(0,0,0)
(0,0,0)
(0,0,0)
(0,0,0)
(0,0,0)
(0,0,0)
(0,0,0)
(0,0,0)
(0,0,0)
(0,0,0)
(0,0,0)
(0,0,0)
(0,0,0)
(0,0,0)
(0,0,0)
(0,0,0)
(0,0,0)
(0,0,0)
(0,0,0)
(0,0,0)
(0,0,0)
(0,0,0)
(0,0,0)
(0,0,0)
(0,0,0)
(0,0,0)
(0,0,0)
(0,0,0)
(0,0,0)
(0,0,0)
(0,0,0)
(0,0,0)
(0,0,0)
(0,0,0)
(0,0,0)
(0,0,0)
(0,0,0)
(0,0,0)
(0,0,0)
(0,0,0)
(0,0,0)
(0,0,0)
(0,0,0)
(0,0,0)
(0,0,0)
(0,0,0)
(0,0,0)
(0,0,0)
(0,0,0)
(0,0,0)
(0,0,0)
(0,0,0)
(0,0,0)
(0,0,0)
(0,0,0)
(0,0,0)
(0,0,0)
(0,0,0)
(0,0,0)
(0,0,0)
(0,0,0)
(0,0,0)
(0,0,0)
(0,0,0)
(0,0,0)
(0,0,0)
(0,0,0)
(0,0,0)
(0,0,0)
(0,0,0)
(0,0,0)
(0,0,0)
(0,0,0)
(0,0,0)
(0,0,0)
(0,0,0)
(0,0,0)
(0,0,0)
(0,0,0)
(0,0,0)
(0,0,0)
(0,0,0)
(0,0,0)
(-198936.664805868,1811.89058651196,1221.60251375716)
(-199774.496853698,1766.48829059279,1400.14547912256)
(-201084.700027169,1811.38766846285,-842.008967689158)
(-202305.048652945,2259.07402115551,-7551.20726874795)
(-202412.458649653,3688.73521044803,-21889.04471064)
(-199945.229896965,7040.61234139808,-48486.8522634047)
(-192974.446399662,12458.2064775784,-92324.7476942145)
(-177837.883782452,15741.0475548327,-152724.436805665)
(-143744.952499692,12632.0007392586,-218001.716786562)
(-82997.0103098239,6487.83745354689,-264768.182591078)
(0,0,0)
(0,0,0)
(0,0,0)
(0,0,0)
(0,0,0)
(0,0,0)
(-200510.50883758,2294.83248352226,1230.40644502444)
(-201025.863173646,2248.77114315604,1513.69617863003)
(-201592.376124057,2398.15641794159,-330.542464586674)
(-201332.301836798,3480.14750033881,-6071.92179246859)
(-198848.587816453,7032.80749248905,-18589.6833957199)
(-192446.74894806,16348.9480729561,-43154.2697736513)
(-181808.908046163,35411.0768348455,-89047.7235015805)
(-171407.214639193,50142.7922740807,-155825.449415849)
(-140739.395342018,36848.3948125413,-224153.514085008)
(-81780.1013764065,17153.6759984613,-271273.813486937)
(0,0,0)
(0,0,0)
(0,0,0)
(0,0,0)
(0,0,0)
(0,0,0)
(-203535.533019247,-209.136414170653,1230.71747456277)
(-203457.313849535,-218.963359874794,1748.20182075478)
(-202586.52587112,98.3668989244898,788.288395629965)
(-199344.177523678,1796.18919624177,-2525.56668587664)
(-190868.259781562,7556.52273394547,-9405.89149958028)
(-172858.560955073,25494.5408606655,-24299.9633341696)
(-144478.117011248,83208.8161460765,-74408.1806539442)
(-161582.132351484,157701.867481642,-169130.665970585)
(-138879.591007587,95103.9600053527,-243860.665646976)
(-81042.4039556334,36202.8695767335,-288468.545750956)
(0,0,0)
(0,0,0)
(0,0,0)
(0,0,0)
(0,0,0)
(0,0,0)
(-207605.131592865,-7979.66092111894,1256.16830676512)
(-206788.992377388,-7937.43543720705,2135.44989579833)
(-204057.923569054,-7523.89390713119,2501.39012431285)
(-196692.711028928,-5898.02169779899,3170.66316871746)
(-178460.001943523,-1808.94253676121,8335.33317168055)
(-133155.004589373,4582.57948668157,33157.4667190151)
(2.19014011763558e-05,-8.08284918556814e-06,1.48087086046035e-05)
(-187586.994899432,-292.25003307169,-231704.252927114)
(-160316.979268112,231210.601525832,-302823.876120803)
(-86603.3959874358,57865.1621378506,-324789.860967863)
(0,0,0)
(0,0,0)
(0,0,0)
(0,0,0)
(0,0,0)
(0,0,0)
(-211703.699518539,-24055.700078206,1320.09212241036)
(-210251.49572252,-23920.5388630962,2598.02707934446)
(-205914.969743849,-23324.3636946682,4102.26861354494)
(-195110.47077178,-21416.0209182926,7091.97348091023)
(-169846.976961252,-16952.7051224611,14456.6221083927)
(-113493.214360818,-9082.69210283059,28198.1924497298)
(-9.87454844280489e-06,-1.13788376551065e-06,-2.15725779703166e-06)
(4.79588036934856e-05,-1.47912654258928e-06,2.34445336044394e-05)
(-292169.103130488,101.601209152718,-476135.502319704)
(-108431.882420218,8791.65455863616,-382674.57731928)
(0,0,0)
(0,0,0)
(0,0,0)
(0,0,0)
(0,0,0)
(0,0,0)
(-213683.727792595,-51993.5867049682,1473.57947205712)
(-211877.506069539,-51778.7856051702,3236.44874832829)
(-206752.766864002,-51035.3370290964,5990.06217430222)
(-194461.99745259,-48645.2184640143,11448.2880821614)
(-166889.36994885,-42368.1572232699,22165.9453988614)
(-108481.433774674,-27851.0893286264,37002.6133519432)
(-1.53681218209143e-06,-3.95942481130545e-07,5.17657571048104e-13)
(3.43916909400965e-05,-3.73744445955546e-06,1.81346883203466e-05)
(-276804.375754084,-368.098591281409,-467367.510201539)
(-109289.865097976,-17866.4893728106,-391387.431347545)
(0,0,0)
(0,0,0)
(0,0,0)
(0,0,0)
(0,0,0)
(0,0,0)
(-209344.570405905,-94839.6211169796,1686.39852128394)
(-207572.504711599,-94693.2709805047,4034.73749560693)
(-202695.875510469,-94188.0134883896,8388.17299769841)
(-191272.363553037,-92123.1609509968,17682.6729334383)
(-166042.652881608,-85181.2508812058,36598.0816992345)
(-111450.620704221,-63048.2252314141,64617.6479468219)
(3.29869478648309e-06,1.61466118525335e-06,-6.01299774725024e-13)
(4.68580067841904e-05,9.00485822736034e-06,2.80495007093696e-05)
(-303093.245557983,-276486.922416961,-484709.776709104)
(-108970.408685646,-83853.3558508431,-373447.771361841)
(0,0,0)
(0,0,0)
(0,0,0)
(0,0,0)
(0,0,0)
(0,0,0)
(-192096.35470716,-152155.089878524,1796.32665779621)
(-190712.687826001,-152354.729579569,4612.77341202406)
(-187010.172331415,-152803.916020759,10516.2144357329)
(-178910.768056845,-153107.221901076,24636.3864147547)
(-162456.606869479,-151265.780964596,58704.1118814227)
(-126121.261556204,-133368.041692112,127509.862866247)
(6.16904106702924e-05,3.37162968678139e-05,9.88623723465007e-06)
(-222667.433786462,-278557.496376462,-276133.325313599)
(-159709.364209161,-189044.754099047,-291943.766191523)
(-80852.5035705973,-86679.111026673,-289522.542587385)
(0,0,0)
(0,0,0)
(0,0,0)
(0,0,0)
(0,0,0)
(0,0,0)
(-153637.354966049,-214869.601953528,1581.47764644521)
(-152789.545198911,-215553.793046657,4244.78208140018)
(-150676.213319433,-217453.061466493,10289.3533390244)
(-147009.34674764,-222161.364725315,26500.6161322381)
(-144447.25673489,-235880.75857956,76582.3232643576)
(-163874.838760314,-285020.212519941,260767.744112444)
(-338647.469822854,-503182.86258476,-278317.400324175)
(-166358.846840998,-294373.2387823,-186370.229627)
(-110570.160923892,-190459.473699326,-189409.44912584)
(-59948.2153851092,-96043.2420889249,-202698.041752449)
(0,0,0)
(0,0,0)
(0,0,0)
(0,0,0)
(0,0,0)
(0,0,0)
(-87989.8186895009,-260511.894213113,922.219924647678)
(-87612.3646609709,-261450.648152859,2437.92833184651)
(-86710.5691915351,-263969.096593631,5627.06479673315)
(-85273.3265789605,-269706.997954695,12797.9186107167)
(-84613.6970663248,-282621.730896011,27408.0756775745)
(-90200.2896618435,-310019.821409779,42572.5464772591)
(-113066.887477674,-352521.820867305,-69416.3034690928)
(-83130.5298418623,-283117.541072402,-82288.8374821177)
(-60418.0722574001,-200950.182856891,-94832.4074837906)
(-33821.3933648481,-106297.895189293,-106482.707148918)
(0,0,0)
(0,0,0)
(0,0,0)
(0,0,0)
(0,0,0)
(0,0,0)
(0,0,0)
(0,0,0)
(0,0,0)
(0,0,0)
(0,0,0)
(0,0,0)
(0,0,0)
(0,0,0)
(0,0,0)
(0,0,0)
(0,0,0)
(0,0,0)
(0,0,0)
(0,0,0)
(0,0,0)
(0,0,0)
(0,0,0)
(0,0,0)
(0,0,0)
(0,0,0)
(0,0,0)
(0,0,0)
(0,0,0)
(0,0,0)
(0,0,0)
(0,0,0)
(0,0,0)
(0,0,0)
(0,0,0)
(0,0,0)
(0,0,0)
(0,0,0)
(0,0,0)
(0,0,0)
(0,0,0)
(0,0,0)
(0,0,0)
(0,0,0)
(0,0,0)
(0,0,0)
(0,0,0)
(0,0,0)
(0,0,0)
(0,0,0)
(0,0,0)
(0,0,0)
(0,0,0)
(0,0,0)
(0,0,0)
(0,0,0)
(0,0,0)
(0,0,0)
(0,0,0)
(0,0,0)
(0,0,0)
(0,0,0)
(0,0,0)
(0,0,0)
(0,0,0)
(0,0,0)
(0,0,0)
(0,0,0)
(0,0,0)
(0,0,0)
(0,0,0)
(0,0,0)
(0,0,0)
(0,0,0)
(0,0,0)
(0,0,0)
(0,0,0)
(0,0,0)
(0,0,0)
(0,0,0)
(0,0,0)
(0,0,0)
(0,0,0)
(0,0,0)
(0,0,0)
(0,0,0)
(0,0,0)
(0,0,0)
(0,0,0)
(0,0,0)
(0,0,0)
(0,0,0)
(0,0,0)
(0,0,0)
(0,0,0)
(0,0,0)
(0,0,0)
(0,0,0)
(0,0,0)
(0,0,0)
(0,0,0)
(0,0,0)
(-199698.621509758,339.854041385953,422.102662508092)
(-200014.395745678,563.408892060673,98.5926624260406)
(-200278.531033707,1311.71847135758,-2019.29480239814)
(-199911.404429277,3193.91564556673,-7606.8546716337)
(-197884.430524544,7215.65851741743,-19350.541314159)
(-192529.564520376,14562.7398256593,-41328.9465164106)
(-181029.23057407,23637.6526518428,-76911.814993847)
(-158500.048249453,22119.3648996405,-118369.015426483)
(-120604.711087643,15568.5762375088,-157077.833076045)
(-66080.3758187416,7650.46948960721,-181644.93705673)
(0,0,0)
(0,0,0)
(0,0,0)
(0,0,0)
(0,0,0)
(0,0,0)
(-200384.112679711,-530.293637000224,743.751520514123)
(-200606.982018883,-65.2900829556658,953.569340768874)
(-200707.18775288,1455.92515741961,-75.8257164673894)
(-200135.976379009,5479.89128812014,-3558.1268168123)
(-198121.321527057,15032.2364346837,-12101.971023472)
(-193656.729107944,35989.9206376785,-32319.1716756026)
(-184831.996044308,72738.9835620453,-78397.4145876613)
(-162644.999489697,59874.8408756039,-124915.105713106)
(-123750.040752148,38633.0469049614,-164968.930970431)
(-67650.1275178457,17840.9945537058,-189289.429893094)
(0,0,0)
(0,0,0)
(0,0,0)
(0,0,0)
(0,0,0)
(0,0,0)
(-201336.938257857,-4056.70115222485,1327.81275383498)
(-201411.58767035,-3402.36583479844,2619.16232649019)
(-201230.950411107,-1299.05410387003,4018.56612777207)
(-200305.289467544,4485.61859277188,5973.95076699186)
(-198492.519567098,19967.1615418377,8663.28544537591)
(-197607.490485997,65161.4477311102,4240.68788286806)
(-203768.354237849,227591.902682211,-91321.9940106868)
(-178349.936407871,131507.412856384,-146186.761935074)
(-134219.812656772,73546.2792021412,-185759.772583068)
(-72372.2924823221,30577.2748790235,-207166.164381699)
(0,0,0)
(0,0,0)
(0,0,0)
(0,0,0)
(0,0,0)
(0,0,0)
(-201822.192847751,-11899.533715928,2059.8938185925)
(-201702.350988856,-11251.1719569036,4822.05855217449)
(-201100.594796701,-9277.91128094126,9843.58695689542)
(-199521.843118299,-4253.53589748501,21411.8735365169)
(-197505.508829242,6768.96260470381,53655.5793593658)
(-204888.121056088,24075.7354846675,166474.408072518)
(-302479.408416138,-558.523855995886,-187452.562363589)
(-226268.936137026,186880.973757633,-204144.182027245)
(-161280.62784908,99171.7518585424,-228806.00610269)
(-82933.8564287798,35959.4883452244,-237857.759127532)
(0,0,0)
(0,0,0)
(0,0,0)
(0,0,0)
(0,0,0)
(0,0,0)
(-200507.566255386,-25862.506304906,2766.8393258299)
(-200228.213703507,-25399.4050910326,6891.79044094189)
(-199152.903083869,-24041.1041432499,14892.916643264)
(-196100.829496454,-20729.7088196549,32359.4482901026)
(-187413.662066424,-14071.1436315058,70766.239631494)
(-156115.946407879,-4168.40037810024,141633.107541317)
(3.28797948239133e-05,-1.58433315811632e-05,-2.97019857301271e-05)
(-298943.260156138,-58.4009518310404,-291791.24940186)
(-208118.636865231,15375.045764994,-292045.009573568)
(-98530.312471129,7894.1010496736,-273881.192227096)
(0,0,0)
(0,0,0)
(0,0,0)
(0,0,0)
(0,0,0)
(0,0,0)
(-195275.885149782,-47558.4671910928,3288.11824337144)
(-194953.525100617,-47381.3157492114,8346.04793262707)
(-193795.677981545,-46866.0639928416,18213.9188997652)
(-190532.119582448,-45388.6312187127,38942.9634286793)
(-180978.818106414,-41530.0143367506,80491.2822914867)
(-146751.706534779,-30839.7353638133,145432.890037303)
(2.51866573284736e-05,-2.51091477987445e-05,-2.0643596365904e-05)
(-281020.074001412,-337.247634950966,-276339.638439891)
(-211565.249487395,-26747.6102226903,-299456.108718882)
(-101552.631832926,-17575.4542711406,-281723.786663121)
(0,0,0)
(0,0,0)
(0,0,0)
(0,0,0)
(0,0,0)
(0,0,0)
(-182838.279375255,-77531.969821333,3467.21159958299)
(-182628.305619301,-77776.2505881471,8917.94734621882)
(-181909.99657439,-78452.8426133115,19718.8470306103)
(-179979.984040385,-79741.4054853132,42779.2417845522)
(-174307.563511718,-81573.2566069517,91087.3946848579)
(-149460.305146902,-77674.5232072348,175931.866970969)
(3.45660146885318e-05,-3.40914629364384e-05,-2.6311261086535e-05)
(-309241.932840529,-222593.121342427,-302599.259736712)
(-209202.254203674,-133041.626629999,-290196.234683708)
(-96933.6852662235,-55700.3223275179,-264108.090046755)
(0,0,0)
(0,0,0)
(0,0,0)
(0,0,0)
(0,0,0)
(0,0,0)
(-159214.438798881,-113626.79536642,3212.90963680521)
(-159215.249881732,-114378.903987144,8318.12509153332)
(-159226.021608198,-116431.635502929,18512.7672579285)
(-159920.132104698,-121181.696123701,40962.4219441674)
(-164793.203910664,-133186.840003931,94912.6023823366)
(-191338.105360203,-170934.783662125,253389.706641238)
(-345443.628971405,-338295.52455368,-222297.746112399)
(-232616.182182598,-222090.03798838,-212852.081070308)
(-153010.17373877,-139815.659858581,-212777.238312109)
(-75207.3692375484,-65731.3287682051,-208391.366204479)
(0,0,0)
(0,0,0)
(0,0,0)
(0,0,0)
(0,0,0)
(0,0,0)
(-120616.150021248,-149133.226242813,2485.22593159362)
(-120774.60316987,-150292.571674942,6383.95159034802)
(-121222.555603458,-153366.649765925,13865.3081373745)
(-123006.903610197,-160282.541138662,28963.7100148995)
(-129855.84949606,-175889.434300546,57074.8970726836)
(-152524.434780562,-211148.429703004,85938.139133814)
(-207697.817389433,-277369.659934466,-105937.377918816)
(-152974.465095504,-210988.525464123,-130423.272188578)
(-102058.864871088,-140189.582244626,-138560.64585533)
(-51797.3273267786,-69863.4650775119,-142579.397604341)
(0,0,0)
(0,0,0)
(0,0,0)
(0,0,0)
(0,0,0)
(0,0,0)
(-65980.8320414769,-172492.220418471,1350.0075276343)
(-66117.1261894454,-173817.389870113,3379.58725127864)
(-66488.1803628138,-177209.753197527,7000.30185415291)
(-67615.9892145742,-184317.658550796,13378.0819019012)
(-71052.7524726129,-197835.655254779,21763.3582624292)
(-79618.602937818,-219651.390651107,19684.6324865105)
(-91966.4635955415,-239317.016689613,-39468.4346404848)
(-74176.4136822433,-199883.269452597,-59527.8068116286)
(-51583.857833196,-140431.527249916,-68120.076230546)
(-26810.6084996979,-72416.267525904,-72578.0586473095)
(0,0,0)
(0,0,0)
(0,0,0)
(0,0,0)
(0,0,0)
(0,0,0)
(0,0,0)
(0,0,0)
(0,0,0)
(0,0,0)
(0,0,0)
(0,0,0)
(0,0,0)
(0,0,0)
(0,0,0)
(0,0,0)
(0,0,0)
(0,0,0)
(0,0,0)
(0,0,0)
(0,0,0)
(0,0,0)
(0,0,0)
(0,0,0)
(0,0,0)
(0,0,0)
(0,0,0)
(0,0,0)
(0,0,0)
(0,0,0)
(0,0,0)
(0,0,0)
(0,0,0)
(0,0,0)
(0,0,0)
(0,0,0)
(0,0,0)
(0,0,0)
(0,0,0)
(0,0,0)
(0,0,0)
(0,0,0)
(0,0,0)
(0,0,0)
(0,0,0)
(0,0,0)
(0,0,0)
(0,0,0)
(0,0,0)
(0,0,0)
(0,0,0)
(0,0,0)
(0,0,0)
(0,0,0)
(0,0,0)
(0,0,0)
(0,0,0)
(0,0,0)
(0,0,0)
(0,0,0)
(0,0,0)
(0,0,0)
(0,0,0)
(0,0,0)
(0,0,0)
(0,0,0)
(0,0,0)
(0,0,0)
(0,0,0)
(0,0,0)
(0,0,0)
(0,0,0)
(0,0,0)
(0,0,0)
(0,0,0)
(0,0,0)
(0,0,0)
(0,0,0)
(0,0,0)
(0,0,0)
(0,0,0)
(0,0,0)
(0,0,0)
(0,0,0)
(0,0,0)
(0,0,0)
(0,0,0)
(0,0,0)
(0,0,0)
(0,0,0)
(0,0,0)
(0,0,0)
(0,0,0)
(0,0,0)
(0,0,0)
(0,0,0)
(0,0,0)
(0,0,0)
(0,0,0)
(0,0,0)
(0,0,0)
(0,0,0)
(-199619.796394367,-218.87704014073,140.051924745242)
(-199811.706576422,106.41598822601,-169.053232737505)
(-199847.746811296,1007.09145056681,-1606.92890570793)
(-199160.446622848,3083.85624993069,-5441.74296207488)
(-196646.160458478,7104.78202928162,-13784.7950574242)
(-190258.978231298,13531.4773498167,-29586.8586963125)
(-176383.568886712,19872.4067373671,-54104.9271210364)
(-150342.204958591,17949.3019656389,-80212.0723775318)
(-110764.617960552,12363.61543194,-102415.780936565)
(-59060.0207954554,6057.23926301241,-115493.375222863)
(0,0,0)
(0,0,0)
(0,0,0)
(0,0,0)
(0,0,0)
(0,0,0)
(-199816.862783779,-1323.7760195289,537.649083456316)
(-200093.117760716,-695.665798839162,825.866612349552)
(-200476.302549456,1116.57615675895,485.496702734083)
(-200616.075930569,5500.97059973993,-1451.51809551194)
(-199823.341501858,14840.4683443183,-7485.18443574889)
(-196449.87097031,32135.9294332567,-23296.494656827)
(-186033.932672417,53776.1839317799,-55998.3352231286)
(-158954.512531648,44077.9331917128,-85817.4534072596)
(-116585.400217643,28098.7078925554,-108717.186402374)
(-61898.0722695569,13109.4169419936,-121521.41932965)
(0,0,0)
(0,0,0)
(0,0,0)
(0,0,0)
(0,0,0)
(0,0,0)
(-199569.961124531,-4365.65595956587,1274.90280671102)
(-200094.884164985,-3521.45733117482,2783.99083368241)
(-201217.182325979,-1020.11396033145,4906.9128656423)
(-203145.795560074,5415.77987292859,7832.60968497824)
(-206519.816564395,21073.3670815465,9627.00794504418)
(-211970.147715579,57906.3263205045,-1780.73171262141)
(-214798.453563807,128783.686311004,-65758.1347658893)
(-181616.634175117,83465.5919636363,-101879.095770579)
(-130664.000732655,46408.9840624768,-123745.183864619)
(-68350.3862257077,19981.668484552,-134639.341663786)
(0,0,0)
(0,0,0)
(0,0,0)
(0,0,0)
(0,0,0)
(0,0,0)
(-197966.44057119,-10415.5066399426,2194.09840381629)
(-198822.688385535,-9597.28978115224,5390.26825046724)
(-200912.779038029,-7188.2111293047,11370.5496607662)
(-205477.316640317,-722.678812498237,23464.4818682195)
(-216190.489865922,16892.3327636773,46330.4972227663)
(-242411.306445743,72751.9532578791,69008.0556750595)
(-295286.047980094,301696.312536915,-111097.930986898)
(-228946.907855437,114004.237743791,-138958.605048633)
(-155783.749048408,52190.4114038838,-150236.91119072)
(-78827.8573888596,20300.5984913128,-154661.840237401)
(0,0,0)
(0,0,0)
(0,0,0)
(0,0,0)
(0,0,0)
(0,0,0)
(-193555.901531043,-20439.9346613654,3072.76329707611)
(-194748.049880209,-19934.5421273881,7929.85182001516)
(-197769.565126128,-18528.8863626857,17887.1890956591)
(-204920.376348271,-15079.7867665132,41063.843901491)
(-223905.257966652,-7646.83251079725,102094.605076194)
(-284221.90092322,5073.98831102245,297878.524538386)
(-524556.031970422,-343.689697945245,-298749.610725616)
(-300617.740549303,17673.3269252942,-200744.219513946)
(-186280.841620759,11795.4481870788,-182187.051541613)
(-90190.8679359153,4824.91575886378,-175050.813344387)
(0,0,0)
(0,0,0)
(0,0,0)
(0,0,0)
(0,0,0)
(0,0,0)
(-184311.818258446,-35036.3603702823,3632.3588175857)
(-185733.760301777,-34978.5407937157,9456.59268507315)
(-189348.025964117,-34888.3441923009,21368.3984972601)
(-197902.56450042,-34776.3698676702,48435.4265163906)
(-220019.015561237,-34867.685012323,114696.476472737)
(-285596.384388404,-33667.3826330025,292282.525270394)
(-513302.335835412,-564.090498745251,-280742.138704995)
(-308676.713879615,-28795.7766985536,-206616.395202924)
(-192736.893755574,-24497.6583922277,-189151.644355463)
(-92958.2082572005,-13003.8036711214,-179917.348501198)
(0,0,0)
(0,0,0)
(0,0,0)
(0,0,0)
(0,0,0)
(0,0,0)
(-167706.098225353,-53869.1472481135,3700.60572793281)
(-169184.194416706,-54336.4506155515,9614.4043471747)
(-172978.982447065,-55749.628677347,21544.6747048931)
(-181895.649922064,-59665.4564621043,48349.427181013)
(-204643.896852028,-72040.7892117677,115858.864720764)
(-272997.697009044,-119542.706268057,325271.580217971)
(-533275.703306767,-345484.730650281,-308886.994930559)
(-298665.359168771,-146001.704266145,-202257.641034736)
(-181475.388181156,-76856.714304369,-177625.451145122)
(-86659.1918728934,-33982.9246395968,-166920.82356997)
(0,0,0)
(0,0,0)
(0,0,0)
(0,0,0)
(0,0,0)
(0,0,0)
(-141317.625348082,-75024.5835084857,3258.62280957245)
(-142668.921987068,-75919.8021316584,8295.64643101292)
(-146048.207990771,-78379.2561441659,17747.4602804059)
(-153675.147893807,-84199.8042082845,36036.8238156946)
(-170939.973949499,-98176.3575255962,68319.1621683605)
(-209814.0358747,-132006.257316984,99258.6437317779)
(-281990.621110973,-200427.20190408,-109251.89287485)
(-212456.184395405,-142409.703611551,-133003.891316643)
(-139291.174665871,-88851.3472477615,-134728.257446157)
(-68634.3276214603,-42316.9796301209,-132967.244071711)
(0,0,0)
(0,0,0)
(0,0,0)
(0,0,0)
(0,0,0)
(0,0,0)
(-103622.825907443,-94430.9693418925,2413.06171960398)
(-104674.77592624,-95572.9354447036,5966.36778901977)
(-107160.400209497,-98523.8780200218,12048.8342709167)
(-112503.190279839,-104752.611557354,22097.928289625)
(-123344.230844485,-116980.165490342,34390.1176027923)
(-142804.239172998,-138109.345254097,30773.0099323374)
(-164718.69908364,-161507.510578229,-51125.7996993167)
(-135052.50778656,-132104.984048303,-79352.4765715038)
(-92489.0965977504,-89661.5154825719,-88112.0766100229)
(-46711.6992710818,-44873.3013234329,-90641.3829724093)
(0,0,0)
(0,0,0)
(0,0,0)
(0,0,0)
(0,0,0)
(0,0,0)
(-55232.0522970119,-106458.769153516,1279.02006715863)
(-55805.9759937342,-107667.800041665,3062.73446840686)
(-57106.6531839882,-110710.804192694,5868.13346225461)
(-59750.6671151052,-116661.901337777,9912.10114320588)
(-64616.2230348574,-126691.175649643,13186.5818647496)
(-71976.0629481884,-139900.317549607,7335.01417062379)
(-77269.7075379257,-147230.486547044,-21638.7659181754)
(-65415.8248250567,-125647.968134411,-36856.370689254)
(-45994.9932155128,-88843.2340925798,-43263.5166969299)
(-23604.6300059042,-45623.6892836122,-45719.1072305428)
(0,0,0)
(0,0,0)
(0,0,0)
(0,0,0)
(0,0,0)
(0,0,0)
(0,0,0)
(0,0,0)
(0,0,0)
(0,0,0)
(0,0,0)
(0,0,0)
(0,0,0)
(0,0,0)
(0,0,0)
(0,0,0)
(0,0,0)
(0,0,0)
(0,0,0)
(0,0,0)
(0,0,0)
(0,0,0)
(0,0,0)
(0,0,0)
(0,0,0)
(0,0,0)
(0,0,0)
(0,0,0)
(0,0,0)
(0,0,0)
(0,0,0)
(0,0,0)
(0,0,0)
(0,0,0)
(0,0,0)
(0,0,0)
(0,0,0)
(0,0,0)
(0,0,0)
(0,0,0)
(0,0,0)
(0,0,0)
(0,0,0)
(0,0,0)
(0,0,0)
(0,0,0)
(0,0,0)
(0,0,0)
(0,0,0)
(0,0,0)
(0,0,0)
(0,0,0)
(0,0,0)
(0,0,0)
(0,0,0)
(0,0,0)
(0,0,0)
(0,0,0)
(0,0,0)
(0,0,0)
(0,0,0)
(0,0,0)
(0,0,0)
(0,0,0)
(0,0,0)
(0,0,0)
(0,0,0)
(0,0,0)
(0,0,0)
(0,0,0)
(0,0,0)
(0,0,0)
(0,0,0)
(0,0,0)
(0,0,0)
(0,0,0)
(0,0,0)
(0,0,0)
(0,0,0)
(0,0,0)
(0,0,0)
(0,0,0)
(0,0,0)
(0,0,0)
(0,0,0)
(0,0,0)
(0,0,0)
(0,0,0)
(0,0,0)
(0,0,0)
(0,0,0)
(0,0,0)
(0,0,0)
(0,0,0)
(0,0,0)
(0,0,0)
(0,0,0)
(0,0,0)
(0,0,0)
(0,0,0)
(0,0,0)
(0,0,0)
(-199429.336716761,-232.582965530015,42.1232879225416)
(-199644.923751034,-11.0847221569626,-113.574815301364)
(-199712.538943636,551.812205881694,-800.594888844133)
(-199024.497601357,1821.81818049359,-2758.36209082849)
(-196382.918021739,4124.98250384418,-7146.58703140803)
(-189478.026066432,7470.05494786261,-15397.5941441389)
(-174405.345289038,10314.6979813769,-27690.5157231963)
(-147049.878686125,9356.28144757573,-40339.123443244)
(-106970.305724478,6493.28617893072,-50626.7218582431)
(-56433.8489368184,3211.03212060351,-56463.925837489)
(0,0,0)
(0,0,0)
(0,0,0)
(0,0,0)
(0,0,0)
(0,0,0)
(-199422.172690833,-938.881490005863,311.608431532317)
(-199803.876101136,-519.316770013643,530.598819810784)
(-200484.343805028,620.398801406985,470.053479857865)
(-201083.968248621,3254.78154814344,-495.017569743896)
(-200719.427839292,8414.12295154596,-3888.07168001429)
(-197058.398598464,16782.5100143118,-12591.9991183052)
(-184783.049020853,25101.8590444457,-28630.0438329335)
(-156447.086767641,21435.4509393794,-43216.6390887468)
(-113425.016743428,14016.0132763878,-53899.7496604162)
(-59622.2208689729,6660.35159365173,-59624.9205340432)
(0,0,0)
(0,0,0)
(0,0,0)
(0,0,0)
(0,0,0)
(0,0,0)
(-198664.84805829,-2649.27789217278,805.283335924537)
(-199486.740128588,-2102.7969454579,1780.61947497518)
(-201398.449823904,-534.716596066961,3117.00237037481)
(-204671.605400006,3278.56549279926,4619.02826565693)
(-209452.480322451,11591.1699498292,4374.64502543563)
(-214050.568990304,27588.1240805672,-4350.54776609614)
(-210018.118243732,48322.6969255821,-32351.7209673091)
(-177934.154316199,36121.5538648626,-50720.3037517044)
(-127381.927309679,21291.8601951381,-61278.2240934395)
(-66209.1203226976,9493.13490706857,-66252.2733098649)
(0,0,0)
(0,0,0)
(0,0,0)
(0,0,0)
(0,0,0)
(0,0,0)
(-196129.001188834,-5880.48277986555,1393.7655053369)
(-197570.022434717,-5358.8590954893,3397.16170455167)
(-201110.770220786,-3851.84342448539,6912.27971572998)
(-208197.193670932,2.26657835212754,12908.4556607874)
(-221281.328099524,9283.59164421018,20306.8722000085)
(-241797.981543267,30943.0959615159,16338.5754165803)
(-258394.936542815,72346.2335310504,-44576.0726261573)
(-214059.453697738,42265.4838297981,-65607.4567487893)
(-148628.966920137,21650.2957854043,-73120.6744673388)
(-75634.77283414,8909.94805272974,-75730.572167718)
(0,0,0)
(0,0,0)
(0,0,0)
(0,0,0)
(0,0,0)
(0,0,0)
(-190312.670737345,-11067.2577979104,1943.5442243501)
(-192370.011036276,-10764.5064231811,4971.15270810971)
(-197498.934058572,-9932.04727391661,10780.7254899905)
(-208403.953274216,-7911.3885500993,22177.9575443848)
(-230679.830868172,-3680.05622846993,41916.1783185803)
(-272737.252340033,3664.68131702681,57709.9443798876)
(-330640.854368587,10763.7817180233,-74622.7814089367)
(-256263.364984179,9519.51813755803,-86231.1912817954)
(-170249.4586922,5289.72094402315,-85901.9993689728)
(-84531.7108906003,2034.97367620505,-84686.1820377544)
(0,0,0)
(0,0,0)
(0,0,0)
(0,0,0)
(0,0,0)
(0,0,0)
(-179293.379455884,-18366.6954200617,2280.99881958828)
(-181728.552050736,-18378.7902139159,5890.07435928217)
(-187776.378880771,-18443.0388770498,12829.4188790639)
(-200679.779412252,-18670.6272100205,26365.8724508159)
(-227088.759135023,-19439.8984935194,49195.4582896508)
(-276383.329736425,-21085.8112605581,64732.8962152507)
(-341284.782441076,-20660.1352739352,-75860.7401871266)
(-265716.144584055,-18841.2778063605,-90460.5135387626)
(-175514.235226839,-13241.329939719,-89152.1211837626)
(-86589.3020468939,-6708.01799760191,-86778.035720268)
(0,0,0)
(0,0,0)
(0,0,0)
(0,0,0)
(0,0,0)
(0,0,0)
(-160961.184693477,-27411.3747858481,2299.76583390759)
(-163389.382331904,-27763.8874187211,5890.05095391313)
(-169418.512205235,-28771.3859458609,12657.9277808944)
(-182138.324769783,-31376.2746598156,25606.2500784091)
(-207742.381924863,-38278.7637052009,47543.6003629251)
(-255344.343997899,-56327.8181544315,65132.2542456448)
(-320616.560413428,-94206.7830815048,-73980.2408400969)
(-246892.368410124,-59785.3294011719,-84809.1800039349)
(-162297.928448339,-34648.7164311311,-82579.2532453365)
(-79912.5404563757,-15956.6513390115,-80077.2713204484)
(0,0,0)
(0,0,0)
(0,0,0)
(0,0,0)
(0,0,0)
(0,0,0)
(-133516.657932365,-37201.9316792966,1989.58947773272)
(-135611.692390954,-37784.4604420279,4952.9329049296)
(-140660.721916656,-39333.0653485876,10127.1262335439)
(-150836.373868133,-42841.5231183987,18753.6006664533)
(-169556.682894263,-50387.0825609455,29478.6284669682)
(-199073.61271595,-64822.1705259877,27232.5576797737)
(-226438.281808882,-83050.5662073271,-39475.998496489)
(-187148.099911904,-64954.2947337215,-59615.1176474263)
(-127682.053969827,-41996.7848354133,-63876.1699392006)
(-63968.5389177727,-20349.1389169416,-64149.4710649545)
(0,0,0)
(0,0,0)
(0,0,0)
(0,0,0)
(0,0,0)
(0,0,0)
(-96414.2105588443,-45861.067140222,1450.52011232295)
(-97953.0569543038,-46535.6453715243,3479.98606988539)
(-101435.99884948,-48269.2776415733,6691.79700285242)
(-108136.288860624,-51777.384356895,11260.7568221321)
(-119411.213331674,-58049.8776311543,14990.534379532)
(-134485.569763277,-67111.3293698295,8961.02381365366)
(-143523.47851534,-73955.733360258,-21329.0296017143)
(-122319.04335167,-62393.6863907396,-36623.1023795877)
(-85811.1044860613,-43116.9623803111,-42180.9169463799)
(-43714.6079295509,-21736.0813585783,-43791.0658462738)
(0,0,0)
(0,0,0)
(0,0,0)
(0,0,0)
(0,0,0)
(0,0,0)
(-50802.4959869282,-51060.6443880533,770.020937747894)
(-51610.079255215,-51736.2034707348,1774.68229843991)
(-53343.3364688939,-53482.5012474809,3224.58918925129)
(-56558.9994683205,-56777.6364911863,5033.17367675817)
(-61605.7940761033,-61887.2306332562,5860.09772010628)
(-67553.4810069445,-67732.1653273289,2058.35173636495)
(-69657.9770989392,-69787.1264960386,-9721.98556683945)
(-60055.1484515885,-60136.9844441021,-17339.3638869458)
(-42810.6557301522,-42835.9401778535,-20804.7235747627)
(-22048.6013763456,-22030.4826240419,-22066.350938859)
(0,0,0)
(0,0,0)
(0,0,0)
(0,0,0)
(0,0,0)
(0,0,0)
(0,0,0)
(0,0,0)
(0,0,0)
(0,0,0)
(0,0,0)
(0,0,0)
(0,0,0)
(0,0,0)
(0,0,0)
(0,0,0)
(0,0,0)
(0,0,0)
(0,0,0)
(0,0,0)
(0,0,0)
(0,0,0)
(0,0,0)
(0,0,0)
(0,0,0)
(0,0,0)
(0,0,0)
(0,0,0)
(0,0,0)
(0,0,0)
(0,0,0)
(0,0,0)
(0,0,0)
(0,0,0)
(0,0,0)
(0,0,0)
(0,0,0)
(0,0,0)
(0,0,0)
(0,0,0)
(0,0,0)
(0,0,0)
(0,0,0)
(0,0,0)
(0,0,0)
(0,0,0)
(0,0,0)
(0,0,0)
(0,0,0)
(0,0,0)
(0,0,0)
(0,0,0)
(0,0,0)
(0,0,0)
(0,0,0)
(0,0,0)
(0,0,0)
(0,0,0)
(0,0,0)
(0,0,0)
(0,0,0)
(0,0,0)
(0,0,0)
(0,0,0)
(0,0,0)
(0,0,0)
(0,0,0)
(0,0,0)
(0,0,0)
(0,0,0)
(0,0,0)
(0,0,0)
(0,0,0)
(0,0,0)
(0,0,0)
(0,0,0)
(0,0,0)
(0,0,0)
(0,0,0)
(0,0,0)
(0,0,0)
(0,0,0)
(0,0,0)
(0,0,0)
(0,0,0)
(0,0,0)
(0,0,0)
(0,0,0)
(0,0,0)
(0,0,0)
(0,0,0)
(0,0,0)
(0,0,0)
(0,0,0)
(0,0,0)
(0,0,0)
(0,0,0)
(0,0,0)
(0,0,0)
(0,0,0)
(0,0,0)
(0,0,0)
(0,0,0)
(0,0,0)
(0,0,0)
(0,0,0)
(0,0,0)
(0,0,0)
(0,0,0)
(0,0,0)
(0,0,0)
(0,0,0)
(0,0,0)
(0,0,0)
(0,0,0)
(0,0,0)
(0,0,0)
(0,0,0)
(0,0,0)
(0,0,0)
(0,0,0)
(0,0,0)
(0,0,0)
(0,0,0)
(0,0,0)
(0,0,0)
(0,0,0)
(0,0,0)
(0,0,0)
(0,0,0)
(0,0,0)
(0,0,0)
(0,0,0)
(0,0,0)
(0,0,0)
(0,0,0)
(0,0,0)
(0,0,0)
(0,0,0)
(0,0,0)
(0,0,0)
(0,0,0)
(0,0,0)
(0,0,0)
(0,0,0)
(0,0,0)
(0,0,0)
(0,0,0)
(0,0,0)
(0,0,0)
(0,0,0)
(0,0,0)
(0,0,0)
(0,0,0)
(0,0,0)
(0,0,0)
(0,0,0)
(0,0,0)
(0,0,0)
(0,0,0)
(0,0,0)
(0,0,0)
(0,0,0)
(0,0,0)
(0,0,0)
(0,0,0)
(0,0,0)
(0,0,0)
(0,0,0)
(0,0,0)
(0,0,0)
(0,0,0)
(0,0,0)
(0,0,0)
(0,0,0)
(0,0,0)
(0,0,0)
(0,0,0)
(0,0,0)
(0,0,0)
(0,0,0)
(0,0,0)
(0,0,0)
(0,0,0)
(0,0,0)
(0,0,0)
(0,0,0)
(0,0,0)
(0,0,0)
(0,0,0)
(0,0,0)
(0,0,0)
(0,0,0)
(0,0,0)
(0,0,0)
(0,0,0)
(0,0,0)
(0,0,0)
(0,0,0)
(0,0,0)
(0,0,0)
(0,0,0)
(0,0,0)
(0,0,0)
(0,0,0)
(0,0,0)
(0,0,0)
(0,0,0)
(0,0,0)
(0,0,0)
(0,0,0)
(0,0,0)
(0,0,0)
(0,0,0)
(0,0,0)
(0,0,0)
(0,0,0)
(0,0,0)
(0,0,0)
(0,0,0)
(0,0,0)
(0,0,0)
(0,0,0)
(0,0,0)
(0,0,0)
(0,0,0)
(0,0,0)
(0,0,0)
(0,0,0)
(0,0,0)
(0,0,0)
(0,0,0)
(0,0,0)
(0,0,0)
(0,0,0)
(0,0,0)
(0,0,0)
(0,0,0)
(0,0,0)
(0,0,0)
(0,0,0)
(0,0,0)
(0,0,0)
(0,0,0)
(0,0,0)
(0,0,0)
(0,0,0)
(0,0,0)
(0,0,0)
(0,0,0)
(0,0,0)
(0,0,0)
(0,0,0)
(0,0,0)
(0,0,0)
(0,0,0)
(0,0,0)
(0,0,0)
(0,0,0)
(0,0,0)
(0,0,0)
(0,0,0)
(0,0,0)
(0,0,0)
(0,0,0)
(0,0,0)
(0,0,0)
(0,0,0)
(0,0,0)
(0,0,0)
(0,0,0)
(0,0,0)
(0,0,0)
(0,0,0)
(0,0,0)
(0,0,0)
(0,0,0)
(0,0,0)
(0,0,0)
(0,0,0)
(0,0,0)
(0,0,0)
(0,0,0)
(0,0,0)
(0,0,0)
(0,0,0)
(0,0,0)
(0,0,0)
(0,0,0)
(0,0,0)
(0,0,0)
(0,0,0)
(0,0,0)
(0,0,0)
(0,0,0)
(0,0,0)
(0,0,0)
(0,0,0)
(0,0,0)
(0,0,0)
(0,0,0)
(0,0,0)
(0,0,0)
(0,0,0)
(0,0,0)
(0,0,0)
(0,0,0)
(0,0,0)
(0,0,0)
(0,0,0)
(0,0,0)
(0,0,0)
(0,0,0)
(0,0,0)
(0,0,0)
(0,0,0)
(0,0,0)
(0,0,0)
(0,0,0)
(0,0,0)
(0,0,0)
(0,0,0)
(0,0,0)
(0,0,0)
(0,0,0)
(0,0,0)
(0,0,0)
(0,0,0)
(0,0,0)
(0,0,0)
(0,0,0)
(0,0,0)
(0,0,0)
(0,0,0)
(0,0,0)
(0,0,0)
(0,0,0)
(0,0,0)
(0,0,0)
(0,0,0)
(0,0,0)
(0,0,0)
(0,0,0)
(0,0,0)
(0,0,0)
(0,0,0)
(0,0,0)
(0,0,0)
(0,0,0)
(0,0,0)
(0,0,0)
(0,0,0)
(0,0,0)
(0,0,0)
(0,0,0)
(0,0,0)
(0,0,0)
(0,0,0)
(0,0,0)
(0,0,0)
(0,0,0)
(0,0,0)
(0,0,0)
(0,0,0)
(0,0,0)
(0,0,0)
(0,0,0)
(0,0,0)
(0,0,0)
(0,0,0)
(0,0,0)
(0,0,0)
(0,0,0)
(0,0,0)
(0,0,0)
(0,0,0)
(0,0,0)
(0,0,0)
(0,0,0)
(0,0,0)
(0,0,0)
(0,0,0)
(0,0,0)
(0,0,0)
(0,0,0)
(0,0,0)
(0,0,0)
(0,0,0)
(0,0,0)
(0,0,0)
(0,0,0)
(0,0,0)
(0,0,0)
(0,0,0)
(0,0,0)
(0,0,0)
(0,0,0)
(0,0,0)
(0,0,0)
(0,0,0)
(0,0,0)
(0,0,0)
(0,0,0)
(0,0,0)
(0,0,0)
(0,0,0)
(0,0,0)
(0,0,0)
(0,0,0)
(0,0,0)
(0,0,0)
(0,0,0)
(0,0,0)
(0,0,0)
(0,0,0)
(0,0,0)
(0,0,0)
(0,0,0)
(0,0,0)
(0,0,0)
(0,0,0)
(0,0,0)
(0,0,0)
(0,0,0)
(0,0,0)
(0,0,0)
(0,0,0)
(0,0,0)
(0,0,0)
(0,0,0)
(0,0,0)
(0,0,0)
(0,0,0)
(0,0,0)
(0,0,0)
(0,0,0)
(0,0,0)
(0,0,0)
(0,0,0)
(0,0,0)
(0,0,0)
(0,0,0)
(0,0,0)
(0,0,0)
(0,0,0)
(0,0,0)
(0,0,0)
(0,0,0)
(0,0,0)
(0,0,0)
(0,0,0)
(0,0,0)
(0,0,0)
(0,0,0)
(0,0,0)
(0,0,0)
(0,0,0)
(0,0,0)
(0,0,0)
(0,0,0)
(0,0,0)
(0,0,0)
(0,0,0)
(0,0,0)
(0,0,0)
(0,0,0)
(0,0,0)
(0,0,0)
(0,0,0)
(0,0,0)
(0,0,0)
(0,0,0)
(0,0,0)
(0,0,0)
(0,0,0)
(0,0,0)
(0,0,0)
(0,0,0)
(0,0,0)
(0,0,0)
(0,0,0)
(0,0,0)
(0,0,0)
(0,0,0)
(0,0,0)
(0,0,0)
(0,0,0)
(0,0,0)
(0,0,0)
(0,0,0)
(0,0,0)
(0,0,0)
(0,0,0)
(0,0,0)
(0,0,0)
(0,0,0)
(0,0,0)
(0,0,0)
(0,0,0)
(0,0,0)
(0,0,0)
(0,0,0)
(0,0,0)
(0,0,0)
(0,0,0)
(0,0,0)
(0,0,0)
(0,0,0)
(0,0,0)
(0,0,0)
(0,0,0)
(0,0,0)
(0,0,0)
(0,0,0)
(0,0,0)
(0,0,0)
(0,0,0)
(0,0,0)
(0,0,0)
(0,0,0)
(0,0,0)
(0,0,0)
(0,0,0)
(0,0,0)
(0,0,0)
(0,0,0)
(0,0,0)
(0,0,0)
(0,0,0)
(0,0,0)
(0,0,0)
(0,0,0)
(0,0,0)
(0,0,0)
(0,0,0)
(0,0,0)
(0,0,0)
(0,0,0)
(0,0,0)
(0,0,0)
(0,0,0)
(0,0,0)
(0,0,0)
(0,0,0)
(0,0,0)
(0,0,0)
(0,0,0)
(0,0,0)
(0,0,0)
(0,0,0)
(0,0,0)
(0,0,0)
(0,0,0)
(0,0,0)
(0,0,0)
(0,0,0)
(0,0,0)
(0,0,0)
(0,0,0)
(0,0,0)
(0,0,0)
(0,0,0)
(0,0,0)
(0,0,0)
(0,0,0)
(0,0,0)
(0,0,0)
(0,0,0)
(0,0,0)
(0,0,0)
(0,0,0)
(0,0,0)
(0,0,0)
(0,0,0)
(0,0,0)
(0,0,0)
(0,0,0)
(0,0,0)
(0,0,0)
(0,0,0)
(0,0,0)
(0,0,0)
(0,0,0)
(0,0,0)
(0,0,0)
(0,0,0)
(0,0,0)
(0,0,0)
(0,0,0)
(0,0,0)
(0,0,0)
(0,0,0)
(0,0,0)
(0,0,0)
(0,0,0)
(0,0,0)
(0,0,0)
(0,0,0)
(0,0,0)
(0,0,0)
(0,0,0)
(0,0,0)
(0,0,0)
(0,0,0)
(0,0,0)
(0,0,0)
(0,0,0)
(0,0,0)
(0,0,0)
(0,0,0)
(0,0,0)
(0,0,0)
(0,0,0)
(0,0,0)
(0,0,0)
(0,0,0)
(0,0,0)
(0,0,0)
(0,0,0)
(0,0,0)
(0,0,0)
(0,0,0)
(0,0,0)
(0,0,0)
(0,0,0)
(0,0,0)
(0,0,0)
(0,0,0)
(0,0,0)
(0,0,0)
(0,0,0)
(0,0,0)
(0,0,0)
(0,0,0)
(0,0,0)
(0,0,0)
(0,0,0)
(0,0,0)
(0,0,0)
(0,0,0)
(0,0,0)
(0,0,0)
(0,0,0)
(0,0,0)
(0,0,0)
(0,0,0)
(0,0,0)
(0,0,0)
(0,0,0)
(0,0,0)
(0,0,0)
(0,0,0)
(0,0,0)
(0,0,0)
(0,0,0)
(0,0,0)
(0,0,0)
(0,0,0)
(0,0,0)
(0,0,0)
(0,0,0)
(0,0,0)
(0,0,0)
(0,0,0)
(0,0,0)
(0,0,0)
(0,0,0)
(0,0,0)
(0,0,0)
(0,0,0)
(0,0,0)
(0,0,0)
(0,0,0)
(0,0,0)
(0,0,0)
(0,0,0)
(0,0,0)
(0,0,0)
(0,0,0)
(0,0,0)
(0,0,0)
(0,0,0)
(0,0,0)
(0,0,0)
(0,0,0)
(0,0,0)
(0,0,0)
(0,0,0)
(0,0,0)
(0,0,0)
(0,0,0)
(0,0,0)
(0,0,0)
(0,0,0)
(0,0,0)
(0,0,0)
(0,0,0)
(0,0,0)
(0,0,0)
(0,0,0)
(0,0,0)
(0,0,0)
(0,0,0)
(0,0,0)
(0,0,0)
(0,0,0)
(0,0,0)
(0,0,0)
(0,0,0)
(0,0,0)
(0,0,0)
(0,0,0)
(0,0,0)
(0,0,0)
(0,0,0)
(0,0,0)
(0,0,0)
(0,0,0)
(0,0,0)
(0,0,0)
(0,0,0)
(0,0,0)
(0,0,0)
(0,0,0)
(0,0,0)
(0,0,0)
(0,0,0)
(0,0,0)
(0,0,0)
(0,0,0)
(0,0,0)
(0,0,0)
(0,0,0)
(0,0,0)
(0,0,0)
(0,0,0)
(0,0,0)
(0,0,0)
(0,0,0)
(0,0,0)
(0,0,0)
(0,0,0)
(0,0,0)
(0,0,0)
(0,0,0)
(0,0,0)
(0,0,0)
(0,0,0)
(0,0,0)
(0,0,0)
(0,0,0)
(0,0,0)
(0,0,0)
(0,0,0)
(0,0,0)
(0,0,0)
(0,0,0)
(0,0,0)
(0,0,0)
(0,0,0)
(0,0,0)
(0,0,0)
(0,0,0)
(0,0,0)
(0,0,0)
(0,0,0)
(0,0,0)
(0,0,0)
(0,0,0)
(0,0,0)
(0,0,0)
(0,0,0)
(0,0,0)
(0,0,0)
(0,0,0)
(0,0,0)
(0,0,0)
(0,0,0)
(0,0,0)
(0,0,0)
(0,0,0)
(0,0,0)
(0,0,0)
(0,0,0)
(0,0,0)
(0,0,0)
(0,0,0)
(0,0,0)
(0,0,0)
(0,0,0)
(0,0,0)
(0,0,0)
(0,0,0)
(0,0,0)
(0,0,0)
(0,0,0)
(0,0,0)
(0,0,0)
(0,0,0)
(0,0,0)
(0,0,0)
(0,0,0)
(0,0,0)
(0,0,0)
(0,0,0)
(0,0,0)
(0,0,0)
(0,0,0)
(0,0,0)
(0,0,0)
(0,0,0)
(0,0,0)
(0,0,0)
(0,0,0)
(0,0,0)
(0,0,0)
(0,0,0)
(0,0,0)
(0,0,0)
