(0,0,0)
(0,0,0)
(0,0,0)
(0,0,0)
(0,0,0)
(0,0,0)
(0,0,0)
(0,0,0)
(0,0,0)
(0,0,0)
(0,0,0)
(0,0,0)
(0,0,0)
(0,0,0)
(0,0,0)
(0,0,0)
(0,0,0)
(0,0,0)
(0,0,0)
(0,0,0)
(0,0,0)
(0,0,0)
(0,0,0)
(0,0,0)
(0,0,0)
(0,0,0)
(0,0,0)
(0,0,0)
(0,0,0)
(0,0,0)
(0,0,0)
(0,0,0)
(0,0,0)
(0,0,0)
(0,0,0)
(0,0,0)
(0,0,0)
(0,0,0)
(0,0,0)
(0,0,0)
(0,0,0)
(0,0,0)
(0,0,0)
(0,0,0)
(0,0,0)
(0,0,0)
(0,0,0)
(0,0,0)
(0,0,0)
(0,0,0)
(0,0,0)
(0,0,0)
(0,0,0)
(0,0,0)
(0,0,0)
(0,0,0)
(0,0,0)
(0,0,0)
(0,0,0)
(0,0,0)
(0,0,0)
(0,0,0)
(0,0,0)
(0,0,0)
(0,0,0)
(0,0,0)
(0,0,0)
(0,0,0)
(0,0,0)
(0,0,0)
(0,0,0)
(0,0,0)
(0,0,0)
(0,0,0)
(0,0,0)
(0,0,0)
(0,0,0)
(0,0,0)
(0,0,0)
(0,0,0)
(0,0,0)
(0,0,0)
(0,0,0)
(0,0,0)
(0,0,0)
(0,0,0)
(0,0,0)
(0,0,0)
(0,0,0)
(0,0,0)
(0,0,0)
(0,0,0)
(0,0,0)
(0,0,0)
(0,0,0)
(0,0,0)
(0,0,0)
(0,0,0)
(0,0,0)
(0,0,0)
(0,0,0)
(0,0,0)
(0,0,0)
(0,0,0)
(0,0,0)
(0,0,0)
(0,0,0)
(0,0,0)
(0,0,0)
(0,0,0)
(0,0,0)
(0,0,0)
(0,0,0)
(0,0,0)
(0,0,0)
(0,0,0)
(0,0,0)
(0,0,0)
(0,0,0)
(0,0,0)
(0,0,0)
(0,0,0)
(0,0,0)
(0,0,0)
(0,0,0)
(0,0,0)
(0,0,0)
(0,0,0)
(0,0,0)
(0,0,0)
(0,0,0)
(0,0,0)
(0,0,0)
(0,0,0)
(0,0,0)
(0,0,0)
(0,0,0)
(0,0,0)
(0,0,0)
(0,0,0)
(0,0,0)
(0,0,0)
(0,0,0)
(0,0,0)
(0,0,0)
(0,0,0)
(0,0,0)
(0,0,0)
(0,0,0)
(0,0,0)
(0,0,0)
(0,0,0)
(0,0,0)
(0,0,0)
(0,0,0)
(0,0,0)
(0,0,0)
(0,0,0)
(0,0,0)
(0,0,0)
(0,0,0)
(0,0,0)
(0,0,0)
(0,0,0)
(0,0,0)
(0,0,0)
(0,0,0)
(0,0,0)
(0,0,0)
(0,0,0)
(0,0,0)
(0,0,0)
(0,0,0)
(0,0,0)
(0,0,0)
(0,0,0)
(0,0,0)
(0,0,0)
(0,0,0)
(0,0,0)
(0,0,0)
(0,0,0)
(0,0,0)
(0,0,0)
(0,0,0)
(0,0,0)
(0,0,0)
(0,0,0)
(0,0,0)
(0,0,0)
(0,0,0)
(0,0,0)
(0,0,0)
(0,0,0)
(0,0,0)
(0,0,0)
(0,0,0)
(0,0,0)
(0,0,0)
(0,0,0)
(0,0,0)
(0,0,0)
(0,0,0)
(0,0,0)
(0,0,0)
(0,0,0)
(0,0,0)
(0,0,0)
(0,0,0)
(0,0,0)
(0,0,0)
(0,0,0)
(0,0,0)
(0,0,0)
(0,0,0)
(0,0,0)
(0,0,0)
(0,0,0)
(0,0,0)
(0,0,0)
(0,0,0)
(0,0,0)
(0,0,0)
(0,0,0)
(0,0,0)
(0,0,0)
(0,0,0)
(0,0,0)
(0,0,0)
(0,0,0)
(0,0,0)
(0,0,0)
(0,0,0)
(0,0,0)
(0,0,0)
(0,0,0)
(0,0,0)
(0,0,0)
(0,0,0)
(0,0,0)
(0,0,0)
(0,0,0)
(0,0,0)
(0,0,0)
(0,0,0)
(0,0,0)
(0,0,0)
(0,0,0)
(0,0,0)
(0,0,0)
(0,0,0)
(0,0,0)
(0,0,0)
(0,0,0)
(0,0,0)
(0,0,0)
(0,0,0)
(0,0,0)
(0,0,0)
(0,0,0)
(0,0,0)
(0,0,0)
(0,0,0)
(0,0,0)
(0,0,0)
(0,0,0)
(0,0,0)
(0,0,0)
(0,0,0)
(0,0,0)
(0,0,0)
(0,0,0)
(0,0,0)
(0,0,0)
(0,0,0)
(0,0,0)
(0,0,0)
(0,0,0)
(0,0,0)
(0,0,0)
(0,0,0)
(0,0,0)
(0,0,0)
(0,0,0)
(0,0,0)
(0,0,0)
(0,0,0)
(0,0,0)
(0,0,0)
(0,0,0)
(0,0,0)
(0,0,0)
(0,0,0)
(0,0,0)
(0,0,0)
(0,0,0)
(0,0,0)
(0,0,0)
(0,0,0)
(0,0,0)
(0,0,0)
(0,0,0)
(0,0,0)
(0,0,0)
(0,0,0)
(0,0,0)
(0,0,0)
(0,0,0)
(0,0,0)
(0,0,0)
(0,0,0)
(0,0,0)
(0,0,0)
(0,0,0)
(0,0,0)
(0,0,0)
(0,0,0)
(0,0,0)
(0,0,0)
(0,0,0)
(0,0,0)
(0,0,0)
(0,0,0)
(0,0,0)
(0,0,0)
(0,0,0)
(0,0,0)
(0,0,0)
(0,0,0)
(0,0,0)
(0,0,0)
(0,0,0)
(0,0,0)
(0,0,0)
(0,0,0)
(0,0,0)
(0,0,0)
(0,0,0)
(0,0,0)
(0,0,0)
(0,0,0)
(0,0,0)
(0,0,0)
(0,0,0)
(0,0,0)
(0,0,0)
(0,0,0)
(0,0,0)
(0,0,0)
(0,0,0)
(0,0,0)
(0,0,0)
(0,0,0)
(0,0,0)
(0,0,0)
(0,0,0)
(0,0,0)
(0,0,0)
(0,0,0)
(0,0,0)
(0,0,0)
(0,0,0)
(0,0,0)
(0,0,0)
(0,0,0)
(0,0,0)
(0,0,0)
(0,0,0)
(0,0,0)
(0,0,0)
(0,0,0)
(0,0,0)
(0,0,0)
(0,0,0)
(0,0,0)
(0,0,0)
(0,0,0)
(0,0,0)
(0,0,0)
(0,0,0)
(0,0,0)
(0,0,0)
(0,0,0)
(0,0,0)
(0,0,0)
(0,0,0)
(0,0,0)
(0,0,0)
(0,0,0)
(0,0,0)
(0,0,0)
(0,0,0)
(0,0,0)
(0,0,0)
(0,0,0)
(0,0,0)
(0,0,0)
(0,0,0)
(0,0,0)
(0,0,0)
(0,0,0)
(0,0,0)
(0,0,0)
(0,0,0)
(0,0,0)
(0,0,0)
(0,0,0)
(0,0,0)
(0,0,0)
(0,0,0)
(0,0,0)
(0,0,0)
(0,0,0)
(0,0,0)
(0,0,0)
(0,0,0)
(0,0,0)
(0,0,0)
(0,0,0)
(0,0,0)
(0,0,0)
(0,0,0)
(0,0,0)
(0,0,0)
(0,0,0)
(0,0,0)
(0,0,0)
(0,0,0)
(0,0,0)
(0,0,0)
(0,0,0)
(0,0,0)
(0,0,0)
(0,0,0)
(0,0,0)
(0,0,0)
(0,0,0)
(0,0,0)
(0,0,0)
(0,0,0)
(0,0,0)
(0,0,0)
(0,0,0)
(0,0,0)
(0,0,0)
(0,0,0)
(0,0,0)
(0,0,0)
(0,0,0)
(0,0,0)
(0,0,0)
(0,0,0)
(0,0,0)
(0,0,0)
(0,0,0)
(0,0,0)
(0,0,0)
(0,0,0)
(0,0,0)
(0,0,0)
(0,0,0)
(0,0,0)
(0,0,0)
(0,0,0)
(0,0,0)
(0,0,0)
(0,0,0)
(0,0,0)
(0,0,0)
(0,0,0)
(0,0,0)
(0,0,0)
(0,0,0)
(0,0,0)
(0,0,0)
(0,0,0)
(0,0,0)
(0,0,0)
(0,0,0)
(0,0,0)
(0,0,0)
(0,0,0)
(0,0,0)
(0,0,0)
(0,0,0)
(0,0,0)
(0,0,0)
(0,0,0)
(0,0,0)
(0,0,0)
(0,0,0)
(0,0,0)
(0,0,0)
(0,0,0)
(0,0,0)
(0,0,0)
(0,0,0)
(0,0,0)
(0,0,0)
(0,0,0)
(0,0,0)
(0,0,0)
(0,0,0)
(0,0,0)
(0,0,0)
(0,0,0)
(0,0,0)
(0,0,0)
(0,0,0)
(0,0,0)
(0,0,0)
(0,0,0)
(0,0,0)
(0,0,0)
(0,0,0)
(0,0,0)
(0,0,0)
(0,0,0)
(0,0,0)
(0,0,0)
(0,0,0)
(0,0,0)
(0,0,0)
(0,0,0)
(0,0,0)
(0,0,0)
(0,0,0)
(0,0,0)
(0,0,0)
(0,0,0)
(0,0,0)
(0,0,0)
(0,0,0)
(0,0,0)
(0,0,0)
(0,0,0)
(0,0,0)
(0,0,0)
(0,0,0)
(0,0,0)
(0,0,0)
(0,0,0)
(0,0,0)
(0,0,0)
(0,0,0)
(0,0,0)
(0,0,0)
(0,0,0)
(0,0,0)
(0,0,0)
(0,0,0)
(0,0,0)
(0,0,0)
(0,0,0)
(0,0,0)
(0,0,0)
(0,0,0)
(0,0,0)
(0,0,0)
(0,0,0)
(0,0,0)
(0,0,0)
(0,0,0)
(0,0,0)
(0,0,0)
(0,0,0)
(0,0,0)
(0,0,0)
(0,0,0)
(0,0,0)
(0,0,0)
(0,0,0)
(0,0,0)
(0,0,0)
(0,0,0)
(0,0,0)
(0,0,0)
(0,0,0)
(0,0,0)
(0,0,0)
(0,0,0)
(0,0,0)
(0,0,0)
(0,0,0)
(0,0,0)
(0,0,0)
(0,0,0)
(0,0,0)
(0,0,0)
(0,0,0)
(0,0,0)
(0,0,0)
(0,0,0)
(0,0,0)
(0,0,0)
(0,0,0)
(0,0,0)
(0,0,0)
(0,0,0)
(0,0,0)
(0,0,0)
(0,0,0)
(0,0,0)
(0,0,0)
(0,0,0)
(0,0,0)
(0,0,0)
(0,0,0)
(0,0,0)
(0,0,0)
(0,0,0)
(0,0,0)
(0,0,0)
(0,0,0)
(0,0,0)
(0,0,0)
(0,0,0)
(0,0,0)
(0,0,0)
(0,0,0)
(0,0,0)
(0,0,0)
(0,0,0)
(0,0,0)
(0,0,0)
(0,0,0)
(0,0,0)
(0,0,0)
(0,0,0)
(0,0,0)
(0,0,0)
(0,0,0)
(0,0,0)
(0,0,0)
(0,0,0)
(0,0,0)
(0,0,0)
(0,0,0)
(0,0,0)
(0,0,0)
(0,0,0)
(0,0,0)
(0,0,0)
(0,0,0)
(0,0,0)
(0,0,0)
(0,0,0)
(0,0,0)
(0,0,0)
(0,0,0)
(0,0,0)
(0,0,0)
(0,0,0)
(0,0,0)
(0,0,0)
(0,0,0)
(0,0,0)
(0,0,0)
(0,0,0)
(0,0,0)
(0,0,0)
(0,0,0)
(0,0,0)
(0,0,0)
(0,0,0)
(0,0,0)
(0,0,0)
(0,0,0)
(0,0,0)
(0,0,0)
(0,0,0)
(0,0,0)
(0,0,0)
(0,0,0)
(0,0,0)
(0,0,0)
(0,0,0)
(0,0,0)
(0,0,0)
(0,0,0)
(0,0,0)
(0,0,0)
(0,0,0)
(0,0,0)
(0,0,0)
(0,0,0)
(0,0,0)
(0,0,0)
(0,0,0)
(0,0,0)
(0,0,0)
(0,0,0)
(0,0,0)
(0,0,0)
(0,0,0)
(0,0,0)
(0,0,0)
(0,0,0)
(0,0,0)
(0,0,0)
(0,0,0)
(0,0,0)
(0,0,0)
(0,0,0)
(0,0,0)
(0,0,0)
(0,0,0)
(0,0,0)
(0,0,0)
(0,0,0)
(0,0,0)
(0,0,0)
(0,0,0)
(0,0,0)
(0,0,0)
(0,0,0)
(0,0,0)
(0,0,0)
(0,0,0)
(0,0,0)
(0,0,0)
(0,0,0)
(0,0,0)
(0,0,0)
(0,0,0)
(0,0,0)
(0,0,0)
(0,0,0)
(0,0,0)
(0,0,0)
(0,0,0)
(0,0,0)
(0,0,0)
(0,0,0)
(0,0,0)
(0,0,0)
(0,0,0)
(0,0,0)
(0,0,0)
(0,0,0)
(0,0,0)
(0,0,0)
(0,0,0)
(0,0,0)
(0,0,0)
(0,0,0)
(0,0,0)
(0,0,0)
(0,0,0)
(0,0,0)
(0,0,0)
(0,0,0)
(0,0,0)
(0,0,0)
(0,0,0)
(0,0,0)
(0,0,0)
(0,0,0)
(0,0,0)
(0,0,0)
(0,0,0)
(0,0,0)
(0,0,0)
(0,0,0)
(0,0,0)
(0,0,0)
(0,0,0)
(0,0,0)
(0,0,0)
(0,0,0)
(0,0,0)
(0,0,0)
(0,0,0)
(0,0,0)
(0,0,0)
(0,0,0)
(0,0,0)
(0,0,0)
(0,0,0)
(0,0,0)
(0,0,0)
(0,0,0)
(0,0,0)
(0,0,0)
(0,0,0)
(0,0,0)
(0,0,0)
(0,0,0)
(0,0,0)
(0,0,0)
(0,0,0)
(0,0,0)
(0,0,0)
(0,0,0)
(0,0,0)
(0,0,0)
(0,0,0)
(0,0,0)
(0,0,0)
(0,0,0)
(0,0,0)
(0,0,0)
(0,0,0)
(0,0,0)
(0,0,0)
(0,0,0)
(0,0,0)
(0,0,0)
(0,0,0)
(0,0,0)
(0,0,0)
(0,0,0)
(0,0,0)
(0,0,0)
(0,0,0)
(0,0,0)
(0,0,0)
(0,0,0)
(0,0,0)
(-60369.0888631269,32055.6106443137,28313.4782188123)
(-63828.1596105603,30705.8892414778,61435.748587894)
(-71813.0380354508,27919.7896343084,105328.996989033)
(-86982.7377736426,23557.7450905661,168753.98967212)
(-114462.654823832,17704.8577129414,265511.786783011)
(-163818.0892948,11002.1841402349,418327.691937581)
(-253134.45233982,4924.157015658,666537.987261766)
(-414529.914552565,1252.31896170949,1079815.58285263)
(-683781.455938102,25.5337396008043,1763571.5050511)
(-952795.756649837,-84.4203313138487,2716451.68203233)
(0,0,0)
(0,0,0)
(0,0,0)
(0,0,0)
(0,0,0)
(0,0,0)
(-63842.2954968011,68896.7601114041,27001.1460297089)
(-67320.2539569701,66335.5480104677,58691.7412176917)
(-75429.9868771959,61053.49230719,100988.025422003)
(-90975.2392376585,52627.0539986142,162893.955751614)
(-119226.212925454,41042.8082652858,258782.21812472)
(-169771.955455906,27351.2915996223,412205.066121227)
(-260052.59919086,14418.1732261948,662763.649101541)
(-420819.415535257,6309.74248884998,1078525.64110962)
(-687969.708604203,3121.99055397636,1763398.89289949)
(-954758.957640852,1613.22771517688,2716460.20249376)
(0,0,0)
(0,0,0)
(0,0,0)
(0,0,0)
(0,0,0)
(0,0,0)
(-71735.4390763486,116090.216019817,24541.9831679363)
(-75276.8601006938,112680.801837846,53473.5894412559)
(-83667.6922053339,105526.722315249,92668.0516385359)
(-100021.173344531,93924.3031182061,151391.975863476)
(-130076.848946631,77432.8655775998,245078.76749778)
(-183730.947805582,56958.3520296087,399202.654873379)
(-277087.789490757,36239.9992592681,654468.618331076)
(-436477.298922361,22075.5983671795,1075180.06137505)
(-698028.644028791,14581.9503055988,1761748.74565229)
(-959308.46240185,7918.78408121682,2714751.65168809)
(0,0,0)
(0,0,0)
(0,0,0)
(0,0,0)
(0,0,0)
(0,0,0)
(-86556.6278288567,181453.424049084,21193.4197995905)
(-90164.3286398247,177663.979093307,46374.571183956)
(-98903.6350356553,169621.147266748,81183.7812681045)
(-116383.150534868,156475.066757469,135016.168163703)
(-149407.508846981,137304.626494451,224551.916093844)
(-209047.175475712,112190.108143673,378367.335455483)
(-309789.421709999,84293.1346309495,640103.621793797)
(-466865.775960083,61529.1307796153,1067515.86534142)
(-716551.607857095,43740.1713446627,1754909.25215939)
(-967375.750235619,23514.6681482584,2706689.11832814)
(0,0,0)
(0,0,0)
(0,0,0)
(0,0,0)
(0,0,0)
(0,0,0)
(-113175.168589907,277151.877735072,17476.7149039117)
(-116781.522073365,273480.939107432,38441.2769631498)
(-125708.286390732,265647.388049911,68123.3225707173)
(-144108.771868166,252846.615558339,115860.545638013)
(-180177.48805915,234013.682875681,199328.977315934)
(-247219.286647944,208409.082347285,350329.289760246)
(-359578.976929449,177008.062525513,617193.338795129)
(-513172.941199379,142251.442351339,1049643.96842282)
(-743524.382933094,102281.610909174,1734626.91179152)
(-979085.375772796,54189.6838065971,2683037.27190596)
(0,0,0)
(0,0,0)
(0,0,0)
(0,0,0)
(0,0,0)
(0,0,0)
(-161228.919860225,424514.850079202,13865.9475161011)
(-164668.236424646,421277.557135352,30737.5659128189)
(-173326.827504844,414335.564266612,55376.2172009658)
(-191551.502679739,402816.280101385,96958.0553376502)
(-227964.800818049,385302.066451868,173634.472579521)
(-296260.289794548,359489.899212894,318813.945508469)
(-408961.672679305,322470.022398034,582313.658315247)
(-555600.587676891,270590.172950623,1009575.51539287)
(-772777.038411462,198172.518399919,1686461.64631364)
(-993840.151587221,105800.359040844,2628691.12266655)
(0,0,0)
(0,0,0)
(0,0,0)
(0,0,0)
(0,0,0)
(0,0,0)
(-249567.534143383,663465.48093145,10616.9032911272)
(-252603.377218928,660673.026456169,23824.8111892463)
(-260365.360344452,654653.653895727,43872.0819045847)
(-277009.524893834,644369.278678014,79328.6082217875)
(-310809.229501591,627753.559640069,147686.344535177)
(-374969.122332892,600478.405678678,281666.960402296)
(-480712.49565236,554508.863282009,530340.615170695)
(-614039.992204064,477869.570533394,937101.209791985)
(-816384.854239808,357615.348679737,1594043.23375191)
(-1017887.43073822,194882.922195991,2522848.10133509)
(0,0,0)
(0,0,0)
(0,0,0)
(0,0,0)
(0,0,0)
(0,0,0)
(-411040.314148619,1066687.33189982,7818.46318024337)
(-413460.197794021,1064168.90438361,17782.7830468314)
(-419700.118476984,1058580.32376087,33556.2316586996)
(-433232.028271989,1048559.89814105,62597.6404676407)
(-461007.9682248,1031134.40451643,120224.763816082)
(-514328.569502933,999506.457710573,235525.281287107)
(-602857.666026066,939318.194825155,453573.615769983)
(-710837.436061524,825508.476221504,816772.146143419)
(-895632.246361101,638793.458184649,1431226.2829996)
(-1063920.14616435,362137.194072394,2327892.15728751)
(0,0,0)
(0,0,0)
(0,0,0)
(0,0,0)
(0,0,0)
(0,0,0)
(-681414.07407403,1742837.76357858,5263.64239527163)
(-683055.893381608,1740327.6888403,12160.7513201867)
(-687294.209126362,1734537.0561524,23498.2280549515)
(-696412.173102365,1723428.52863745,45041.7706609002)
(-714757.437116283,1702538.29523968,88395.3170539323)
(-749247.758113248,1662055.7173318,175093.815545959)
(-807202.347976093,1582144.57337691,339469.784970301)
(-893458.55011581,1428626.19884189,629810.612465759)
(-1041823.18993917,1156007.44280661,1154419.81778286)
(-1144246.57420909,695162.955843793,1965640.63022057)
(0,0,0)
(0,0,0)
(0,0,0)
(0,0,0)
(0,0,0)
(0,0,0)
(-951738.438876801,2691909.04040472,2667.16205064936)
(-952552.879336575,2689287.67659307,6260.05363444901)
(-954650.420446479,2683117.7021711,12329.8280622598)
(-959135.917500995,2670855.29126232,24038.9829384307)
(-968015.317200179,2646917.31078438,47675.284593927)
(-984625.736922817,2599500.38882699,94856.3500215226)
(-1013636.23582647,2505057.91822245,185579.241002439)
(-1062586.55944469,2319909.18372227,356882.815566726)
(-1143989.74410629,1963452.94716273,693427.055316833)
(-1152169.27298148,1270339.40352648,1270419.88061568)
(0,0,0)
(0,0,0)
(0,0,0)
(0,0,0)
(0,0,0)
(0,0,0)
(0,0,0)
(0,0,0)
(0,0,0)
(0,0,0)
(0,0,0)
(0,0,0)
(0,0,0)
(0,0,0)
(0,0,0)
(0,0,0)
(0,0,0)
(0,0,0)
(0,0,0)
(0,0,0)
(0,0,0)
(0,0,0)
(0,0,0)
(0,0,0)
(0,0,0)
(0,0,0)
(0,0,0)
(0,0,0)
(0,0,0)
(0,0,0)
(0,0,0)
(0,0,0)
(0,0,0)
(0,0,0)
(0,0,0)
(0,0,0)
(0,0,0)
(0,0,0)
(0,0,0)
(0,0,0)
(0,0,0)
(0,0,0)
(0,0,0)
(0,0,0)
(0,0,0)
(0,0,0)
(0,0,0)
(0,0,0)
(0,0,0)
(0,0,0)
(0,0,0)
(0,0,0)
(0,0,0)
(0,0,0)
(0,0,0)
(0,0,0)
(0,0,0)
(0,0,0)
(0,0,0)
(0,0,0)
(0,0,0)
(0,0,0)
(0,0,0)
(0,0,0)
(0,0,0)
(0,0,0)
(0,0,0)
(0,0,0)
(0,0,0)
(0,0,0)
(0,0,0)
(0,0,0)
(0,0,0)
(0,0,0)
(0,0,0)
(0,0,0)
(0,0,0)
(0,0,0)
(0,0,0)
(0,0,0)
(0,0,0)
(0,0,0)
(0,0,0)
(0,0,0)
(0,0,0)
(0,0,0)
(0,0,0)
(0,0,0)
(0,0,0)
(0,0,0)
(0,0,0)
(0,0,0)
(0,0,0)
(0,0,0)
(0,0,0)
(0,0,0)
(0,0,0)
(0,0,0)
(0,0,0)
(0,0,0)
(0,0,0)
(0,0,0)
(8937211.55129887,28539.2498676736,24800.1534330505)
(8931422.17217301,27147.678760825,53322.186351505)
(8918109.28187745,24257.1794167133,90062.7304845444)
(8893152.47599894,19578.0176571681,141269.542517494)
(8848572.75147351,12983.13057569,216171.049107143)
(8769211.9439234,5098.32856904496,328962.730782573)
(8623646.90379455,-1970.72021519895,505072.138325982)
(8336055.56736963,-5052.91007515398,810459.60994168)
(7687276.48593995,-4187.03119757019,1494508.74272396)
(5925325.53685059,-2052.77678291683,3669360.26946924)
(0,0,0)
(0,0,0)
(0,0,0)
(0,0,0)
(0,0,0)
(0,0,0)
(8931328.22501061,60839.6661604242,23449.1066625994)
(8925508.44124738,58240.1475353294,50447.986146545)
(8912085.62605504,52730.9386131569,85378.6574806249)
(8886655.28445111,43577.4782303309,134668.716681477)
(8840836.85117624,30230.7367557685,208278.089862492)
(8759231.70666507,13421.3030363301,321871.496736995)
(8611469.12037984,-2617.02596329686,501916.12637723)
(8325089.40201531,-9392.40643229782,811266.848646494)
(7680470.22645118,-6994.84473021931,1496554.77058642)
(5922344.54483152,-2968.06357629763,3671286.59837001)
(0,0,0)
(0,0,0)
(0,0,0)
(0,0,0)
(0,0,0)
(0,0,0)
(8917957.92233412,101150.955969839,20915.3922427353)
(8912109.20033985,97728.4283822419,44961.0944179735)
(8898397.68615749,90274.5329143085,76272.1652167828)
(8871811.79701836,77584.7712330314,121351.945314071)
(8822812.97865535,58179.4896350663,191433.408295565)
(8734564.34223582,31717.6500279192,305761.814725388)
(8578397.99739484,3601.78398888161,494977.261350394)
(8294782.15510481,-8289.48696618011,813534.931319955)
(7662893.71371346,-3931.48013813686,1500469.25244819)
(5915076.07704577,-140.205351434375,3674176.89823854)
(0,0,0)
(0,0,0)
(0,0,0)
(0,0,0)
(0,0,0)
(0,0,0)
(8893249.49430345,154747.644406771,17517.2328934625)
(8887421.35954246,151013.985432542,37566.0311236434)
(8873341.93116765,142844.797005107,63670.2442922865)
(8844997.19983011,128795.950114833,101998.758508306)
(8790182.11378171,106600.499229762,164908.16974773)
(8686897.4723113,74055.6390455049,277545.576405856)
(8504834.37157944,34521.7543915924,482921.856176522)
(8225679.3410943,15253.0168362812,817754.278782514)
(7627266.75482503,16813.0472845448,1504111.4321403)
(5901422.57327773,11872.5167354489,3674220.43000302)
(0,0,0)
(0,0,0)
(0,0,0)
(0,0,0)
(0,0,0)
(0,0,0)
(8849655.30106669,229012.453652911,13824.7645599922)
(8843963.91974698,225551.864423805,29461.4872110985)
(8829794.05729546,218070.525780998,49653.4582118832)
(8799987.45545812,205502.82080148,79770.403661626)
(8738529.05667353,186300.76622571,132283.635395868)
(8612678.19999317,159432.354433804,237929.476829308)
(8372533.39112233,127688.051389931,463570.855241968)
(8097459.4852914,99843.5107853929,819267.978264887)
(7571324.80384301,73042.5659007026,1499109.31633523)
(5881041.57395458,39496.3506059533,3662278.57619998)
(0,0,0)
(0,0,0)
(0,0,0)
(0,0,0)
(0,0,0)
(0,0,0)
(8772088.51799352,336213.827086221,10401.2321755936)
(8766760.47556761,333391.160653256,22053.2674166062)
(8753230.75470927,327383.843579324,37102.410866942)
(8723964.57658342,317494.228034691,60514.9678334637)
(8661844.37662556,302569.3989206,105357.201157708)
(8532431.7072381,280902.941059206,206114.660962335)
(8289260.4998939,250820.418040826,435680.165201056)
(8026282.16737697,212170.755738394,792390.208656927)
(7523585.58115441,154549.44998304,1465440.7484715)
(5857611.14823051,81747.7806196453,3622658.06210271)
(0,0,0)
(0,0,0)
(0,0,0)
(0,0,0)
(0,0,0)
(0,0,0)
(8628014.04025954,502002.008800675,7550.28734537409)
(8623378.77238355,499841.149119402,16038.1927394767)
(8611415.94529591,495361.413878554,27199.3602627061)
(8584871.02587251,488228.372563177,45504.7084305745)
(8526991.93637706,477643.473509554,83549.5114257283)
(8403297.70633816,461202.045183844,175903.622092683)
(8167542.11601792,432416.543878168,396972.928047739)
(7930204.93794475,381097.833672669,734720.963427408)
(7452854.86555476,278392.396152202,1392558.34092631)
(5817627.38350488,148857.121708129,3540854.22905752)
(0,0,0)
(0,0,0)
(0,0,0)
(0,0,0)
(0,0,0)
(0,0,0)
(8340163.54346928,796359.925425294,5358.26922025784)
(8336520.35546485,794626.523181176,11512.3853623131)
(8327021.13327849,791058.865219231,20013.7257289395)
(8305607.66479348,785514.543698241,34807.9049911157)
(8257931.39576455,777534.723534981,66897.3344389787)
(8153054.72815983,764704.004791187,146932.120631739)
(7946817.57048891,735068.243793551,345525.227664148)
(7791804.68768705,642974.805619133,631926.175431699)
(7309983.79450962,492684.647132391,1262937.92704353)
(5724994.65176234,281869.342060405,3391930.95222725)
(0,0,0)
(0,0,0)
(0,0,0)
(0,0,0)
(0,0,0)
(0,0,0)
(7689684.39158499,1472611.44591456,3570.05731452526)
(7687239.73666054,1470930.30811826,7890.68579808247)
(7680885.45064139,1467290.48931034,14399.4454019329)
(7666873.37584494,1460862.4258103,26686.057805262)
(7637048.74001276,1449464.2508625,53870.3968113731)
(7576337.13321237,1426846.01928262,117063.534457187)
(7466812.35365681,1375873.88940045,253163.230680235)
(7312566.98089217,1259636.84088143,481395.707872769)
(6877274.07693487,1053935.01251505,1051968.11907885)
(5443243.51298766,687299.592901251,3109967.824504)
(0,0,0)
(0,0,0)
(0,0,0)
(0,0,0)
(0,0,0)
(0,0,0)
(5926231.03494928,3643745.65528714,1816.36026401796)
(5925016.84414259,3641967.36786406,4129.62050169753)
(5921896.61456618,3637943.66902969,7849.44923246585)
(5915166.27651645,3630194.98678855,15134.7376996402)
(5901309.58610747,3615175.9573435,31018.1713738198)
(5874016.83344434,3584369.25591638,65772.4078357237)
(5823428.22267298,3518927.81602271,136574.066176783)
(5726396.53526622,3382726.34139095,275421.514419262)
(5443441.43744356,3107636.69466689,685208.694180373)
(4425986.99927745,2422627.16369966,2422644.89458576)
(0,0,0)
(0,0,0)
(0,0,0)
(0,0,0)
(0,0,0)
(0,0,0)
(0,0,0)
(0,0,0)
(0,0,0)
(0,0,0)
(0,0,0)
(0,0,0)
(0,0,0)
(0,0,0)
(0,0,0)
(0,0,0)
(0,0,0)
(0,0,0)
(0,0,0)
(0,0,0)
(0,0,0)
(0,0,0)
(0,0,0)
(0,0,0)
(0,0,0)
(0,0,0)
(0,0,0)
(0,0,0)
(0,0,0)
(0,0,0)
(0,0,0)
(0,0,0)
(0,0,0)
(0,0,0)
(0,0,0)
(0,0,0)
(0,0,0)
(0,0,0)
(0,0,0)
(0,0,0)
(0,0,0)
(0,0,0)
(0,0,0)
(0,0,0)
(0,0,0)
(0,0,0)
(0,0,0)
(0,0,0)
(0,0,0)
(0,0,0)
(0,0,0)
(0,0,0)
(0,0,0)
(0,0,0)
(0,0,0)
(0,0,0)
(0,0,0)
(0,0,0)
(0,0,0)
(0,0,0)
(0,0,0)
(0,0,0)
(0,0,0)
(0,0,0)
(0,0,0)
(0,0,0)
(0,0,0)
(0,0,0)
(0,0,0)
(0,0,0)
(0,0,0)
(0,0,0)
(0,0,0)
(0,0,0)
(0,0,0)
(0,0,0)
(0,0,0)
(0,0,0)
(0,0,0)
(0,0,0)
(0,0,0)
(0,0,0)
(0,0,0)
(0,0,0)
(0,0,0)
(0,0,0)
(0,0,0)
(0,0,0)
(0,0,0)
(0,0,0)
(0,0,0)
(0,0,0)
(0,0,0)
(0,0,0)
(0,0,0)
(0,0,0)
(0,0,0)
(0,0,0)
(0,0,0)
(0,0,0)
(0,0,0)
(0,0,0)
(-155170.978103531,22527.0768477893,18935.4090918913)
(-161553.376424048,21144.9412718564,39845.9729542394)
(-176041.896476583,18152.5545758651,64924.5532697566)
(-202478.717180547,13023.1177348251,96612.5852517147)
(-247779.781125863,5229.21125958834,136815.863128826)
(-323427.372740581,-4862.0649631958,183397.201293318)
(-447182.915506094,-14147.031299419,217454.008430763)
(-642974.140171163,-16042.2083830406,161605.880891846)
(-923555.925569119,-11010.2032286583,-267471.547833171)
(-1132271.04952772,-5040.39557927745,-2255754.60933829)
(0,0,0)
(0,0,0)
(0,0,0)
(0,0,0)
(0,0,0)
(0,0,0)
(-161924.49058413,47277.919522149,17581.8294576157)
(-168232.878436026,44694.442647907,36853.6043021699)
(-182556.187393693,38952.6896454136,59775.2392185937)
(-209003.455416903,28736.2741585006,88800.7792001505)
(-255009.889083652,12252.3882857409,126704.298971118)
(-332714.162327583,-11224.0384370504,174092.097974859)
(-459331.934330293,-35677.0796360726,215503.157558828)
(-653229.923363031,-39723.5518202806,166583.782911682)
(-928688.286988923,-24631.6498566977,-261556.300482817)
(-1134071.19148848,-10303.6792899129,-2250797.32391477)
(0,0,0)
(0,0,0)
(0,0,0)
(0,0,0)
(0,0,0)
(0,0,0)
(-177010.958855787,76300.6091312501,15026.1481181873)
(-183114.943982531,72921.4806369457,31103.2109888313)
(-197197.292564034,65176.3821611891,49554.4537317914)
(-223930.39592569,50800.9961688086,72311.8812026632)
(-272334.940717478,25611.9492085394,103180.19618991)
(-358007.045520231,-15924.3443797949,149531.84642589)
(-500019.891778301,-69930.7317408389,211283.344241013)
(-688768.705336365,-77379.9976969429,181570.607096017)
(-944211.850356195,-39589.0834558655,-247286.438697723)
(-1139015.50440551,-13852.3354615691,-2240566.24453762)
(0,0,0)
(0,0,0)
(0,0,0)
(0,0,0)
(0,0,0)
(0,0,0)
(-204071.013811629,111061.103926614,11639.9698570077)
(-209837.942584272,107500.820404446,23399.8887534753)
(-223551.743866282,99315.7364022632,35234.1660835818)
(-250850.124976582,83828.9928685971,47133.4507276838)
(-304608.809769166,55006.8211878175,61609.4588364818)
(-413668.675225729,-125.69549388614,95456.9140248999)
(-626528.311787235,-97743.1190285227,203711.941216434)
(-805279.50610037,-112923.103088075,219293.850339411)
(-983209.419477116,-39109.3421473038,-221629.760129617)
(-1149666.3558029,-8501.65977189371,-2226811.55020153)
(0,0,0)
(0,0,0)
(0,0,0)
(0,0,0)
(0,0,0)
(0,0,0)
(-249632.649920318,151356.746820121,8072.26463076938)
(-254927.622450076,148316.62204111,15227.9617284416)
(-267904.339455726,141565.930360198,19756.1210588193)
(-295188.795408022,129594.407011026,18246.9143198585)
(-355263.94047894,109716.730668249,6409.95852903108)
(-509017.587057419,79268.4287249257,-2208.42210203468)
(-1011344.45001313,44519.6488645588,188486.607677529)
(-1199716.08102354,28708.8638649987,293110.163576627)
(-1059835.0540397,25313.2797147351,-191072.643865322)
(-1167201.85256877,16096.5505838367,-2218347.47116039)
(0,0,0)
(0,0,0)
(0,0,0)
(0,0,0)
(0,0,0)
(0,0,0)
(-324786.953047076,192274.8859203,5037.28847777213)
(-329447.723341452,190142.078340283,8499.98762495334)
(-341101.419850697,185701.272500026,7776.77658231114)
(-366474.352910541,178574.934236311,-1684.86461189966)
(-424844.174710282,167883.328832568,-24082.9549031119)
(-578186.568121065,151898.15175525,-37014.4460369428)
(-1056114.79039385,129204.405466379,172756.04418614)
(-1229013.17649747,116126.691349591,289713.517113191)
(-1095730.69353566,83819.2108019049,-200396.182746768)
(-1184845.66563074,41750.1201673927,-2234512.98193168)
(0,0,0)
(0,0,0)
(0,0,0)
(0,0,0)
(0,0,0)
(0,0,0)
(-447824.184799367,214309.226500322,2883.8410161181)
(-451664.375039,213114.573139508,4034.45017671702)
(-461432.07254982,211080.654099233,583.042960400281)
(-483525.283097659,209119.820482914,-12485.5777787245)
(-537093.943967513,208775.788076946,-40212.2001412837)
(-687170.264335441,211110.517601393,-59876.63877646)
(-1185460.17948243,211796.092097228,159613.926630374)
(-1345130.58290442,242790.683802737,257365.411563693)
(-1149930.27838135,135591.153808129,-242541.430968985)
(-1213984.47564429,56235.868003397,-2276335.36311864)
(0,0,0)
(0,0,0)
(0,0,0)
(0,0,0)
(0,0,0)
(0,0,0)
(-644160.598261315,146042.653012842,1670.67175530094)
(-647048.020928206,145488.65465675,1944.92316841745)
(-654475.581600131,145100.96306197,-1498.71437848182)
(-671764.037788769,147051.009992243,-12978.2447682826)
(-716077.14004671,156947.924835587,-38061.8891782999)
(-853660.735864094,188218.312255178,-59374.2632710086)
(-1397380.8480231,255250.231564585,190449.972310877)
(-1139888.85724253,163926.11919416,150088.03838636)
(-1193473.36719596,60144.561376336,-321928.25093893)
(-1259188.34834382,208.788703431015,-2332638.21499541)
(0,0,0)
(0,0,0)
(0,0,0)
(0,0,0)
(0,0,0)
(0,0,0)
(-925664.109261382,-290613.362330614,1084.47272702066)
(-927547.646846547,-291059.26492988,1499.73235795078)
(-932315.868484066,-291441.199220823,323.17030349431)
(-942942.871786603,-290497.735141978,-3231.88039344176)
(-967345.197406785,-285886.731121606,-6923.33047938493)
(-1025642.3689183,-275114.826910322,7469.26735390711)
(-1153099.08389595,-267179.337455545,98890.230463993)
(-1195430.13679391,-326230.657463907,46124.0813453233)
(-1305800.75083113,-379642.980450934,-381933.59252415)
(-1326722.14917501,-329814.660444866,-2332864.52467595)
(0,0,0)
(0,0,0)
(0,0,0)
(0,0,0)
(0,0,0)
(0,0,0)
(-1133905.43956016,-2282000.16382479,603.232540886512)
(-1134830.30982298,-2282538.78642296,1009.86453674569)
(-1137118.05623654,-2283420.80474149,1084.09739741478)
(-1142021.1584666,-2284363.82934083,1217.58311646029)
(-1152505.51182954,-2285462.62234307,3688.52881218404)
(-1174482.62066006,-2288998.52028591,15151.6328293454)
(-1215129.47441534,-2303920.0174611,39529.966460464)
(-1260565.8043391,-2343140.25979075,-7518.1350702942)
(-1327151.21304648,-2335324.82685596,-332163.681638016)
(-1280856.7319906,-2003037.67748189,-2003016.97679578)
(0,0,0)
(0,0,0)
(0,0,0)
(0,0,0)
(0,0,0)
(0,0,0)
(0,0,0)
(0,0,0)
(0,0,0)
(0,0,0)
(0,0,0)
(0,0,0)
(0,0,0)
(0,0,0)
(0,0,0)
(0,0,0)
(0,0,0)
(0,0,0)
(0,0,0)
(0,0,0)
(0,0,0)
(0,0,0)
(0,0,0)
(0,0,0)
(0,0,0)
(0,0,0)
(0,0,0)
(0,0,0)
(0,0,0)
(0,0,0)
(0,0,0)
(0,0,0)
(0,0,0)
(0,0,0)
(0,0,0)
(0,0,0)
(0,0,0)
(0,0,0)
(0,0,0)
(0,0,0)
(0,0,0)
(0,0,0)
(0,0,0)
(0,0,0)
(0,0,0)
(0,0,0)
(0,0,0)
(0,0,0)
(0,0,0)
(0,0,0)
(0,0,0)
(0,0,0)
(0,0,0)
(0,0,0)
(0,0,0)
(0,0,0)
(0,0,0)
(0,0,0)
(0,0,0)
(0,0,0)
(0,0,0)
(0,0,0)
(0,0,0)
(0,0,0)
(0,0,0)
(0,0,0)
(0,0,0)
(0,0,0)
(0,0,0)
(0,0,0)
(0,0,0)
(0,0,0)
(0,0,0)
(0,0,0)
(0,0,0)
(0,0,0)
(0,0,0)
(0,0,0)
(0,0,0)
(0,0,0)
(0,0,0)
(0,0,0)
(0,0,0)
(0,0,0)
(0,0,0)
(0,0,0)
(0,0,0)
(0,0,0)
(0,0,0)
(0,0,0)
(0,0,0)
(0,0,0)
(0,0,0)
(0,0,0)
(0,0,0)
(0,0,0)
(0,0,0)
(0,0,0)
(0,0,0)
(0,0,0)
(0,0,0)
(0,0,0)
(-183350.402638571,15709.5707699285,12469.8537651114)
(-188781.27411768,14454.2654695555,25243.4859891925)
(-200793.420154007,11613.377191486,38381.6324751325)
(-221800.835890106,6468.3976050377,51235.3535796508)
(-255706.899089084,-1998.80788347384,61161.2794263458)
(-307872.281767258,-14138.495611654,59744.684064677)
(-382882.447575082,-26315.712330616,21759.9284642815)
(-475878.700708008,-26328.7486365636,-119006.762362309)
(-550181.487273513,-16162.6263206563,-476218.574337222)
(-478156.73032898,-6851.6378087484,-1123481.25572719)
(0,0,0)
(0,0,0)
(0,0,0)
(0,0,0)
(0,0,0)
(0,0,0)
(-189492.225599902,32068.9724195148,11208.3333661842)
(-194648.685371812,29699.4460433126,22378.9597282145)
(-205985.64241089,24225.0706402675,33196.7212966345)
(-225867.822369527,13793.5815520708,42735.9043022193)
(-258245.70621874,-5034.25696673093,49007.1705205595)
(-308904.737637978,-36500.4709084023,47559.7211277081)
(-383415.809736264,-76406.5333372734,21734.4175403379)
(-473592.805366892,-75363.9382456004,-108867.510846763)
(-546500.784615392,-40260.8719016827,-466956.767639251)
(-475881.897000617,-15310.5228133681,-1116687.17712258)
(0,0,0)
(0,0,0)
(0,0,0)
(0,0,0)
(0,0,0)
(0,0,0)
(-202964.626884418,49155.0396702371,8867.60077791498)
(-207523.506831151,46085.2036205007,16890.4060493459)
(-217559.408864808,38752.1647137913,22725.4282765935)
(-235181.08203819,23885.2924093252,23884.4035318396)
(-264359.613394393,-6636.25261562387,17511.0718576464)
(-312942.848489705,-71612.5893245848,7558.99324328675)
(-394989.598829366,-196515.513757625,22637.6807147038)
(-473657.009908048,-193994.089350967,-73843.8636082643)
(-537572.386210974,-78689.9057847935,-442054.293870369)
(-470377.648236971,-24577.3123373332,-1101425.36051496)
(0,0,0)
(0,0,0)
(0,0,0)
(0,0,0)
(0,0,0)
(0,0,0)
(-226234.631885693,65508.784400696,5809.87334361468)
(-229952.318747886,62419.8675674214,9589.58556031214)
(-238066.443282968,55012.421309153,7844.02838164138)
(-251990.930569733,39555.7533587849,-6685.62697466664)
(-274873.460644869,4412.25805113582,-47469.4867657217)
(-319964.027111336,-95427.0529808536,-117359.671223852)
(-482894.623286634,-482559.935198218,25051.0617161365)
(-508269.395224359,-507358.457084538,41405.3185736895)
(-516771.855004416,-115737.830745812,-387984.320938007)
(-459247.579070515,-26055.7299283399,-1076924.68007944)
(0,0,0)
(0,0,0)
(0,0,0)
(0,0,0)
(0,0,0)
(0,0,0)
(-263102.734658464,76269.9093113152,2708.95982752683)
(-265867.670537474,73886.7197087446,2182.15577360419)
(-271571.206732705,68499.0328194794,-7637.58845973549)
(-279800.799586362,58468.2352852842,-41938.066207894)
(-285664.155372917,40280.4278796584,-147406.021142446)
(-257510.781138756,10234.6530900487,-504574.533132019)
(7.96068508629169e-05,2.24405173011609e-05,-5.37632301508423e-05)
(-631.770795553591,-483.399276541064,432991.400458584)
(-433737.966794834,-10511.6594768252,-298331.858055307)
(-439214.814209879,-1506.47174348538,-1050868.15459907)
(0,0,0)
(0,0,0)
(0,0,0)
(0,0,0)
(0,0,0)
(0,0,0)
(-318340.97731561,69481.0755557687,342.858024084862)
(-320195.906424614,68168.2362939316,-3190.47547794574)
(-323676.087568281,65578.303699922,-17695.0786407982)
(-327264.05408326,61755.8639719085,-60193.0061547045)
(-323121.732767639,55886.6993073001,-177521.719525001)
(-273618.520551636,43105.1780265974,-514960.292030977)
(7.20818754980824e-05,2.86817562794296e-05,-4.09057593081149e-05)
(-221.252821110315,102.592929628764,423075.738180991)
(-423494.335753985,29702.4147490789,-289374.69382658)
(-439024.821220649,12670.8096597198,-1049372.81963979)
(0,0,0)
(0,0,0)
(0,0,0)
(0,0,0)
(0,0,0)
(0,0,0)
(-395595.93991839,18234.2350054716,-981.404330669484)
(-396665.53350322,17997.9864569899,-5809.99602951431)
(-398313.975731053,18280.4623765796,-21630.2515249272)
(-398348.623362042,21136.4915289204,-66187.5388175551)
(-387070.11766448,30088.4668401961,-190413.132653488)
(-321097.507886872,44875.6177339704,-558256.328809427)
(0.000194382996907361,-6.95946848850221e-05,-5.49854206736878e-05)
(-433.262092625195,448179.0628516,452635.489357515)
(-453273.266575013,92163.8972494065,-306483.004949145)
(-456829.257689089,11117.7743518618,-1062085.18759649)
(0,0,0)
(0,0,0)
(0,0,0)
(0,0,0)
(0,0,0)
(0,0,0)
(-489402.373828509,-135275.35773048,-1248.63169686416)
(-489911.081063057,-134797.590163601,-5589.99494142977)
(-490355.542785558,-132491.462242806,-18938.1091366213)
(-488335.786409278,-123830.959494816,-57398.9094923836)
(-473655.904000371,-93999.2888491541,-175732.389849376)
(-397899.622641072,16538.4880581179,-603156.373396539)
(-841.621522355254,499789.387006223,447950.71466466)
(-448915.106596946,108608.243023106,96547.7838475493)
(-565228.605058677,-51996.2898785965,-387536.791161731)
(-495206.351465503,-67201.4928748241,-1073199.52081339)
(0,0,0)
(0,0,0)
(0,0,0)
(0,0,0)
(0,0,0)
(0,0,0)
(-561571.801773819,-498545.806469904,-821.858748134021)
(-561810.952662107,-498011.768887935,-3344.37420822683)
(-561844.292952835,-495886.115711888,-10421.2962703542)
(-560301.396683798,-489184.218277522,-27709.5125904447)
(-553101.327817179,-470655.038329757,-65297.6326994392)
(-530808.161663134,-423558.19709893,-120035.154797565)
(-501073.158225499,-328829.08783541,56557.394373608)
(-575006.310380306,-391054.389832937,-64203.7991839477)
(-618501.481226706,-400742.289246315,-402757.06942063)
(-506983.789775547,-283786.792144185,-1005910.12955076)
(0,0,0)
(0,0,0)
(0,0,0)
(0,0,0)
(0,0,0)
(0,0,0)
(-484547.931838865,-1147584.25452165,-319.059669525086)
(-484657.055894741,-1147195.6357081,-1308.44677759216)
(-484644.651820674,-1145775.84302713,-3892.12387821762)
(-484023.866378369,-1141768.96940036,-9304.66484358151)
(-481768.247822361,-1132384.57306994,-18312.3941105859)
(-476892.899302287,-1113965.89596777,-25494.4165995322)
(-475234.024581106,-1088320.04669247,-5898.90757666598)
(-501218.332690371,-1082213.53154189,-74087.2375164285)
(-508265.96731255,-1007878.15308615,-285836.619410521)
(-406479.383073973,-721967.873838354,-722032.886632963)
(0,0,0)
(0,0,0)
(0,0,0)
(0,0,0)
(0,0,0)
(0,0,0)
(0,0,0)
(0,0,0)
(0,0,0)
(0,0,0)
(0,0,0)
(0,0,0)
(0,0,0)
(0,0,0)
(0,0,0)
(0,0,0)
(0,0,0)
(0,0,0)
(0,0,0)
(0,0,0)
(0,0,0)
(0,0,0)
(0,0,0)
(0,0,0)
(0,0,0)
(0,0,0)
(0,0,0)
(0,0,0)
(0,0,0)
(0,0,0)
(0,0,0)
(0,0,0)
(0,0,0)
(0,0,0)
(0,0,0)
(0,0,0)
(0,0,0)
(0,0,0)
(0,0,0)
(0,0,0)
(0,0,0)
(0,0,0)
(0,0,0)
(0,0,0)
(0,0,0)
(0,0,0)
(0,0,0)
(0,0,0)
(0,0,0)
(0,0,0)
(0,0,0)
(0,0,0)
(0,0,0)
(0,0,0)
(0,0,0)
(0,0,0)
(0,0,0)
(0,0,0)
(0,0,0)
(0,0,0)
(0,0,0)
(0,0,0)
(0,0,0)
(0,0,0)
(0,0,0)
(0,0,0)
(0,0,0)
(0,0,0)
(0,0,0)
(0,0,0)
(0,0,0)
(0,0,0)
(0,0,0)
(0,0,0)
(0,0,0)
(0,0,0)
(0,0,0)
(0,0,0)
(0,0,0)
(0,0,0)
(0,0,0)
(0,0,0)
(0,0,0)
(0,0,0)
(0,0,0)
(0,0,0)
(0,0,0)
(0,0,0)
(0,0,0)
(0,0,0)
(0,0,0)
(0,0,0)
(0,0,0)
(0,0,0)
(0,0,0)
(0,0,0)
(0,0,0)
(0,0,0)
(0,0,0)
(0,0,0)
(0,0,0)
(0,0,0)
(-199914.218612842,9537.40659201499,7026.40938225868)
(-203603.787903575,8607.9363519657,13240.9868161891)
(-211441.156426945,6462.48228594911,17426.2408031738)
(-224193.677393211,2446.32926272899,17372.7530435514)
(-242921.596768469,-4500.33021104498,9087.78093397942)
(-268509.600208032,-15183.5107416166,-15091.3898836338)
(-300043.854174138,-26886.2542406726,-71043.729043905)
(-329570.292072717,-24087.5494923432,-193264.588186854)
(-326762.573519575,-12525.312352451,-404158.18958835)
(-232422.313283222,-4615.01656337749,-645277.590070715)
(0,0,0)
(0,0,0)
(0,0,0)
(0,0,0)
(0,0,0)
(0,0,0)
(-204558.094586537,18545.5681020925,6057.70747655672)
(-207817.206611306,16804.3604311633,11029.8046368478)
(-214524.248661164,12686.6067946348,13344.2863784335)
(-225042.756767058,4555.8708621584,10409.679176541)
(-239682.389941624,-11074.7584337205,-1579.20887790038)
(-258338.849260582,-40519.4798528337,-26809.1281440795)
(-280826.405133943,-88022.7567588603,-68262.030228211)
(-308687.701102878,-75529.1269496871,-181725.557034867)
(-313046.758313199,-31420.0989747524,-396284.796714767)
(-226228.574038693,-9837.15832514966,-640715.97791491)
(0,0,0)
(0,0,0)
(0,0,0)
(0,0,0)
(0,0,0)
(0,0,0)
(-214572.496333033,25856.7977232421,4296.63982746264)
(-216929.945489086,23659.2112552068,6848.22766135854)
(-221458.273064093,18285.644051106,5148.05460417517)
(-227378.204725484,7132.13374393534,-5231.08559030512)
(-232498.462713624,-17142.8732421785,-31024.1214626173)
(-231413.295690236,-78697.700191618,-74375.4539232921)
(-216961.310401724,-284591.022283191,-55835.4768265987)
(-238587.65004335,-228774.93720178,-137659.026439208)
(-273884.180663252,-58011.5514045745,-374755.779557123)
(-210530.473811865,-13497.6219954319,-630942.490311955)
(0,0,0)
(0,0,0)
(0,0,0)
(0,0,0)
(0,0,0)
(0,0,0)
(-231137.841459578,28690.7023779676,2069.30491916125)
(-232303.226934389,26609.366650503,1470.05771036258)
(-233874.920511307,21618.1620076672,-6053.98301785924)
(-233188.598171332,11841.0980220548,-29565.2796943808)
(-222660.526691952,-6344.92421216382,-92576.162677323)
(-178013.938011531,-33003.3384665266,-280220.613502219)
(3.90169987651381e-05,7.29907311111474e-06,-2.0300708458128e-05)
(-360.674306148916,158.428382366035,33055.7864262013)
(-178680.513299949,-32748.6029064672,-330298.503776374)
(-179481.559243712,-6049.02816511039,-617513.117433517)
(0,0,0)
(0,0,0)
(0,0,0)
(0,0,0)
(0,0,0)
(0,0,0)
(-255556.017764906,21199.7022895347,-55.7168051233901)
(-255556.828125958,19757.2256758576,-3514.41824200073)
(-254179.175327726,16577.6003426138,-15865.8879819295)
(-247163.311645734,11186.5367059903,-47848.8146064965)
(-223512.237090004,2965.36849251473,-119311.025594077)
(-156865.595554098,-5779.97699303518,-247179.572652205)
(-4.63972690349633e-06,2.65936159397343e-06,9.48468709768525e-05)
(8.73939517486292e-05,1.23388129722127e-05,-5.8049977533115e-06)
(-579.47145612104,-225.879805701639,-303619.02853723)
(-136163.776140408,-1299.56049368333,-611419.534278105)
(0,0,0)
(0,0,0)
(0,0,0)
(0,0,0)
(0,0,0)
(0,0,0)
(-288226.184557972,-7420.59957656918,-1494.49089153549)
(-287328.746177232,-7942.8509874695,-6661.57447559003)
(-283705.82987319,-8747.12684791142,-21307.1049801573)
(-272222.315187248,-9027.35136964706,-56134.9558005328)
(-240398.242568246,-7789.60238113463,-128103.475126266)
(-161841.647230297,-4196.48187601587,-241463.843564618)
(1.01507929835048e-06,7.44267054903785e-06,7.19826362428548e-05)
(6.43547699435252e-05,2.48200399422203e-05,-5.27718390168677e-06)
(-414.008235259413,-15.5638788986415,-304692.852806546)
(-129818.592007487,-5106.4729963484,-610092.169517046)
(0,0,0)
(0,0,0)
(0,0,0)
(0,0,0)
(0,0,0)
(0,0,0)
(-325827.495758943,-75134.3890296304,-2054.65470638365)
(-324383.327761902,-74796.3009495837,-7483.41048558438)
(-319509.526140192,-73329.0925625059,-21705.8943618582)
(-305635.394604301,-68446.3033635775,-55000.171125663)
(-269155.820391889,-56110.1570533296,-124593.913726058)
(-180885.686013011,-31519.8015566442,-237482.41591931)
(1.02172641970032e-05,0.000112213798115785,8.47113862867083e-05)
(0.000109882270223044,8.85618877458593e-07,-1.76103710875312e-06)
(-318.682276250874,-19666.6158514416,-309854.847634194)
(-139596.547927106,-27173.0508847981,-605020.97950773)
(0,0,0)
(0,0,0)
(0,0,0)
(0,0,0)
(0,0,0)
(0,0,0)
(-355683.36604516,-207077.475075605,-1775.92173738074)
(-354135.285066438,-206281.16838982,-6066.85029377059)
(-349230.611231027,-203548.666763746,-16972.2076470546)
(-335611.785696982,-195349.303466988,-42793.208255933)
(-299467.709066705,-172989.540932681,-100102.01931024)
(-207351.497843322,-115926.08354334,-206243.862121301)
(0.000130663421521271,-4.80601152506036e-06,-9.50222973949249e-06)
(-302.687749462331,-17183.6298254185,-19623.6917228881)
(-182034.498702871,-105128.926859766,-317355.487070363)
(-183026.102971988,-78915.0388573081,-577793.747591385)
(0,0,0)
(0,0,0)
(0,0,0)
(0,0,0)
(0,0,0)
(0,0,0)
(-346603.426957456,-421005.345648779,-1040.5042431859)
(-345433.105017374,-420312.243010058,-3387.27726768821)
(-341722.753344917,-418139.688401573,-8917.79523778145)
(-331637.857251525,-412374.361676852,-20556.2764601906)
(-304752.141227985,-398794.0552235,-43100.9487585601)
(-230372.266064576,-369115.284447257,-90347.6434531924)
(-844.833401297314,-302491.475388586,-17316.8579979148)
(-184994.808318936,-316902.159057254,-107609.830827464)
(-249821.698131368,-290308.532570207,-291110.008212364)
(-195055.354320376,-183198.056436442,-498755.426088392)
(0,0,0)
(0,0,0)
(0,0,0)
(0,0,0)
(0,0,0)
(0,0,0)
(-242794.600751146,-662352.885214526,-405.791521981631)
(-242196.907465927,-661874.053419756,-1304.12954110873)
(-240321.9479353,-660471.933357388,-3294.58847067951)
(-235546.475208326,-657094.531934706,-7051.80938287719)
(-224152.384881217,-650002.694636571,-13459.0329109295)
(-199114.457720377,-636524.535485978,-23828.223454122)
(-157087.745925806,-612605.348975679,-31860.6285223502)
(-188262.23903418,-580617.957479536,-81100.9237562665)
(-196295.94695583,-499390.187554007,-183989.289129208)
(-142836.959377242,-315368.559231859,-315461.210030533)
(0,0,0)
(0,0,0)
(0,0,0)
(0,0,0)
(0,0,0)
(0,0,0)
(0,0,0)
(0,0,0)
(0,0,0)
(0,0,0)
(0,0,0)
(0,0,0)
(0,0,0)
(0,0,0)
(0,0,0)
(0,0,0)
(0,0,0)
(0,0,0)
(0,0,0)
(0,0,0)
(0,0,0)
(0,0,0)
(0,0,0)
(0,0,0)
(0,0,0)
(0,0,0)
(0,0,0)
(0,0,0)
(0,0,0)
(0,0,0)
(0,0,0)
(0,0,0)
(0,0,0)
(0,0,0)
(0,0,0)
(0,0,0)
(0,0,0)
(0,0,0)
(0,0,0)
(0,0,0)
(0,0,0)
(0,0,0)
(0,0,0)
(0,0,0)
(0,0,0)
(0,0,0)
(0,0,0)
(0,0,0)
(0,0,0)
(0,0,0)
(0,0,0)
(0,0,0)
(0,0,0)
(0,0,0)
(0,0,0)
(0,0,0)
(0,0,0)
(0,0,0)
(0,0,0)
(0,0,0)
(0,0,0)
(0,0,0)
(0,0,0)
(0,0,0)
(0,0,0)
(0,0,0)
(0,0,0)
(0,0,0)
(0,0,0)
(0,0,0)
(0,0,0)
(0,0,0)
(0,0,0)
(0,0,0)
(0,0,0)
(0,0,0)
(0,0,0)
(0,0,0)
(0,0,0)
(0,0,0)
(0,0,0)
(0,0,0)
(0,0,0)
(0,0,0)
(0,0,0)
(0,0,0)
(0,0,0)
(0,0,0)
(0,0,0)
(0,0,0)
(0,0,0)
(0,0,0)
(0,0,0)
(0,0,0)
(0,0,0)
(0,0,0)
(0,0,0)
(0,0,0)
(0,0,0)
(0,0,0)
(0,0,0)
(0,0,0)
(-208097.988775683,4831.88286829806,3351.8872945487)
(-210110.020877323,4387.51883050099,5470.601437796)
(-214092.558180795,3374.7897261132,4747.21346553175)
(-219716.339137489,1572.68555200795,-1302.81034219901)
(-226475.946501411,-1289.55714781965,-16458.9034614397)
(-233345.272607656,-5058.73761059677,-46564.4934512138)
(-238443.816620869,-7727.22011108424,-100437.310893409)
(-236354.940063975,-3272.74459728504,-190379.918304867)
(-208553.606312873,1115.13933246512,-309704.024844005)
(-130915.53402489,1506.11015569333,-412716.914258089)
(0,0,0)
(0,0,0)
(0,0,0)
(0,0,0)
(0,0,0)
(0,0,0)
(-211062.988864342,8503.06475134021,2833.71239476656)
(-212630.885379588,7673.92131100803,4360.98868254368)
(-215422.159383084,5768.44866403698,2865.24046654495)
(-218670.375177473,2237.24099477999,-4171.69656581542)
(-221057.125912216,-3895.41693323355,-20191.1008098081)
(-220735.557531325,-13629.0852552547,-49224.0448944071)
(-217551.597969833,-24247.318583665,-95978.7535859328)
(-216427.756592171,-5532.48915331628,-185978.953540613)
(-196268.435761845,7665.83949941044,-309307.976258894)
(-125545.339763711,5807.1713278661,-414292.271706057)
(0,0,0)
(0,0,0)
(0,0,0)
(0,0,0)
(0,0,0)
(0,0,0)
(-217283.830469132,9281.54824406101,1932.85064338285)
(-217942.511372079,8270.5579342303,2348.779903155)
(-218468.03968173,5877.64675728265,-750.651572450284)
(-216922.187478235,1341.22833104834,-10310.6561559729)
(-209440.530762875,-7340.36128760613,-29923.6437523501)
(-189689.967142894,-25406.2261804165,-59869.8313745371)
(-155891.942717358,-67923.823656895,-77262.6939856731)
(-157861.610684272,9249.22689615496,-172770.449394222)
(-164894.33959764,37081.1950413872,-311175.646001819)
(-113186.790753143,17482.8124989877,-420194.970231651)
(0,0,0)
(0,0,0)
(0,0,0)
(0,0,0)
(0,0,0)
(0,0,0)
(-226956.166256321,4245.56897475393,854.304066045388)
(-226439.688617554,3361.88861798597,-100.564934541576)
(-224084.233980357,1351.6023073408,-5365.20701554844)
(-216114.239167573,-2057.68307473064,-19040.6546135276)
(-193861.393422256,-7179.746326987,-48000.402843839)
(-137192.039066536,-11878.1380252603,-102350.389943991)
(3.26537540648306e-05,7.22454243479214e-06,3.19721191392528e-06)
(-34.7242949391219,280.454378579822,-144960.165660536)
(-101029.087487823,145291.681459207,-330822.077890489)
(-92252.2195971367,37219.3939010599,-437787.998939122)
(0,0,0)
(0,0,0)
(0,0,0)
(0,0,0)
(0,0,0)
(0,0,0)
(-239838.141802976,-11385.4913134062,-86.8156737635146)
(-238259.486767221,-11876.4420080036,-2145.82640650938)
(-233329.024892637,-12794.1462280378,-8850.22830622113)
(-220136.672700502,-13704.5267692762,-24230.0235569099)
(-188406.991465421,-13783.4064160665,-52731.6090924126)
(-120335.690758158,-10674.0926923164,-90465.559221298)
(-4.42235053708622e-06,1.41204003759959e-06,7.65591364997853e-06)
(7.76934467789018e-05,3.71931266564804e-06,1.33457565917643e-05)
(-421.433966617471,-13.0066464379235,-438875.928150902)
(-67930.8079004458,5070.00843303014,-474959.510922823)
(0,0,0)
(0,0,0)
(0,0,0)
(0,0,0)
(0,0,0)
(0,0,0)
(-254289.360982624,-44727.9983274096,-594.316561347251)
(-252050.39725057,-44687.8096639661,-3061.29783204854)
(-245476.291541419,-44226.0060264003,-9858.97636546115)
(-229225.228437058,-42152.4758009341,-24408.1140839932)
(-192613.789761306,-36299.4535128145,-49676.5197941839)
(-119274.813876989,-23079.5453611344,-79837.9004786765)
(2.14582688688021e-07,3.89706649614081e-06,-7.30185236108828e-12)
(5.38709089685526e-05,4.64621809460944e-06,9.55694824415973e-06)
(-562.203894877277,116.36056718109,-433780.331890308)
(-63675.1276688698,-14890.7310001078,-479963.056795786)
(0,0,0)
(0,0,0)
(0,0,0)
(0,0,0)
(0,0,0)
(0,0,0)
(-265361.824981465,-104574.711975747,-618.957129153581)
(-262916.78314059,-104128.108159174,-2645.20325525894)
(-255897.185534392,-102597.394062446,-7886.15582501225)
(-239023.337562212,-98021.6189711035,-18629.0696969296)
(-201503.742817479,-86077.2408088177,-36503.3599753378)
(-125880.020058122,-57691.256063745,-56897.3152276121)
(7.33224099445652e-06,7.6340200252191e-06,-8.62501276689217e-12)
(9.21383291208642e-05,6.36486415200255e-06,1.60252864197744e-05)
(-671.612979066478,-201255.652425662,-448853.477428853)
(-67665.7780378764,-70555.8011079745,-465119.177210241)
(0,0,0)
(0,0,0)
(0,0,0)
(0,0,0)
(0,0,0)
(0,0,0)
(-262452.153213747,-197545.565384803,-260.359422355488)
(-260249.294671914,-197086.957034885,-1187.50094116191)
(-254086.147486844,-195528.370387794,-3400.98835999861)
(-239398.79103067,-190896.241423382,-6739.36057403375)
(-206313.644733275,-177813.431577953,-8157.23413832851)
(-135463.560758275,-138421.976835454,685.549548334889)
(0.000114339809554116,1.95230183853918e-05,3.76124827792848e-06)
(-268.845527596638,-201495.209315657,-201102.046639062)
(-93520.4969281886,-172758.321050212,-318113.379789185)
(-86289.2172944133,-90891.9269635379,-394514.139611188)
(0,0,0)
(0,0,0)
(0,0,0)
(0,0,0)
(0,0,0)
(0,0,0)
(-227691.640982608,-316605.240420542,147.889060894965)
(-226160.358840306,-316509.570038764,297.755887697257)
(-221885.836494742,-316173.444555228,1105.91320494951)
(-211953.236754976,-315728.694127932,6253.74541296369)
(-189883.134246484,-317630.641733031,31201.9485865382)
(-139426.75047135,-337254.984887464,139089.441045316)
(-643.688202939378,-458121.66961383,-201363.222068847)
(-95805.7442286544,-319760.576019213,-172286.919455564)
(-122136.3203644,-236560.333864226,-236170.284408516)
(-87698.1026384087,-130895.734632398,-303523.728421643)
(0,0,0)
(0,0,0)
(0,0,0)
(0,0,0)
(0,0,0)
(0,0,0)
(-140716.168743238,-418881.426472082,197.754043638492)
(-139956.561296081,-419084.072954339,531.910789368806)
(-137861.651168741,-419540.900188936,1439.06965651604)
(-133244.477690335,-420903.18461124,4311.562621826)
(-123850.219168958,-425198.452777541,11577.2079540846)
(-106201.396071323,-436797.053894617,18206.2153121773)
(-79030.4207920539,-454974.877589515,-62997.9018458864)
(-90004.306946137,-391947.173906139,-89069.2360470033)
(-88621.4457408186,-302863.026787084,-130441.044339154)
(-59176.5232485948,-172450.592239159,-172546.622861042)
(0,0,0)
(0,0,0)
(0,0,0)
(0,0,0)
(0,0,0)
(0,0,0)
(0,0,0)
(0,0,0)
(0,0,0)
(0,0,0)
(0,0,0)
(0,0,0)
(0,0,0)
(0,0,0)
(0,0,0)
(0,0,0)
(0,0,0)
(0,0,0)
(0,0,0)
(0,0,0)
(0,0,0)
(0,0,0)
(0,0,0)
(0,0,0)
(0,0,0)
(0,0,0)
(0,0,0)
(0,0,0)
(0,0,0)
(0,0,0)
(0,0,0)
(0,0,0)
(0,0,0)
(0,0,0)
(0,0,0)
(0,0,0)
(0,0,0)
(0,0,0)
(0,0,0)
(0,0,0)
(0,0,0)
(0,0,0)
(0,0,0)
(0,0,0)
(0,0,0)
(0,0,0)
(0,0,0)
(0,0,0)
(0,0,0)
(0,0,0)
(0,0,0)
(0,0,0)
(0,0,0)
(0,0,0)
(0,0,0)
(0,0,0)
(0,0,0)
(0,0,0)
(0,0,0)
(0,0,0)
(0,0,0)
(0,0,0)
(0,0,0)
(0,0,0)
(0,0,0)
(0,0,0)
(0,0,0)
(0,0,0)
(0,0,0)
(0,0,0)
(0,0,0)
(0,0,0)
(0,0,0)
(0,0,0)
(0,0,0)
(0,0,0)
(0,0,0)
(0,0,0)
(0,0,0)
(0,0,0)
(0,0,0)
(0,0,0)
(0,0,0)
(0,0,0)
(0,0,0)
(0,0,0)
(0,0,0)
(0,0,0)
(0,0,0)
(0,0,0)
(0,0,0)
(0,0,0)
(0,0,0)
(0,0,0)
(0,0,0)
(0,0,0)
(0,0,0)
(0,0,0)
(0,0,0)
(0,0,0)
(0,0,0)
(0,0,0)
(-211359.336010663,1868.94103534835,1392.40619962349)
(-212232.748873928,1885.0841189721,1630.05007725407)
(-213693.803779065,2008.12952388134,-776.83384835515)
(-215015.679212072,2524.52779626118,-8002.02157002997)
(-215195.846091875,4039.3105468793,-23321.4325264442)
(-212562.370887181,7496.70247099306,-51601.0367179125)
(-204993.825958436,13124.6034835847,-98175.6308639238)
(-188751.580471463,16606.3967182088,-162385.387174643)
(-152444.993335994,13327.1318808277,-231821.132032354)
(-87981.0809660588,6831.88721938564,-281587.472310557)
(0,0,0)
(0,0,0)
(0,0,0)
(0,0,0)
(0,0,0)
(0,0,0)
(-212899.285287275,2339.16758080895,1366.06987746977)
(-213463.919948397,2387.22691998754,1696.96164526467)
(-214117.612282198,2699.01075830877,-298.466690054391)
(-213878.072194991,3915.94425492402,-6482.18613119861)
(-211291.275928731,7633.71481854368,-19842.4403863505)
(-204462.954647472,17340.025092039,-45958.3658912577)
(-193011.538467069,37311.6639303904,-94685.4858408382)
(-181833.688857985,52953.0655064081,-165626.222363235)
(-149229.883403652,38984.228340076,-238321.871180678)
(-86690.6593107,18141.3718679585,-288486.036282256)
(0,0,0)
(0,0,0)
(0,0,0)
(0,0,0)
(0,0,0)
(0,0,0)
(-215918.05423244,-372.564819307561,1345.95616342162)
(-215847.995713025,-273.964859519073,1912.63228386982)
(-214947.045192993,226.890245681525,863.758307758421)
(-211536.514120177,2137.97785498516,-2743.94865035907)
(-202593.998795116,8197.80984832244,-10154.5756478999)
(-183473.476844683,26997.1585946877,-26028.1994487561)
(-153262.387003622,87740.6234154213,-79086.7146475303)
(-171297.369401833,166901.625657884,-179599.516081448)
(-147217.291637986,100878.825225567,-259171.160926576)
(-85915.485176331,38399.9896881905,-306701.084323627)
(0,0,0)
(0,0,0)
(0,0,0)
(0,0,0)
(0,0,0)
(0,0,0)
(-220008.385790879,-8688.31130632204,1367.966021571)
(-219126.007833375,-8535.94528501304,2316.26566288174)
(-216277.622942306,-7942.34941709825,2678.89428760758)
(-208519.731051323,-6071.79033714698,3294.15436349331)
(-189249.434263511,-1743.72085576371,8623.72590884172)
(-141210.016334608,4935.92331104534,34702.9384605574)
(1.97798055767721e-05,-2.09607335575791e-06,1.25036248135235e-05)
(-198693.148401158,63.0291587306621,-245692.282843941)
(-169979.515368076,245831.53986223,-321694.569600339)
(-91864.1357567096,61513.9137091093,-345196.577461681)
(0,0,0)
(0,0,0)
(0,0,0)
(0,0,0)
(0,0,0)
(0,0,0)
(-224169.98650763,-25820.789310219,1464.32270854369)
(-222587.870582639,-25585.5981555367,2842.35939449196)
(-218053.057331807,-24819.5714285194,4443.61384508431)
(-206680.927746485,-22656.8588734233,7572.93742734781)
(-179982.182637767,-17889.1145562279,15293.522300151)
(-120300.60569515,-9558.09408551036,29752.4546336981)
(-6.65652818400526e-06,-2.48263665664257e-07,-3.73940696646907e-07)
(5.17264976518328e-05,-1.3657805767657e-06,2.64123256449053e-05)
(-310311.458119376,-113.656004384244,-505970.767167466)
(-115104.246643058,9365.61247580008,-406649.027191532)
(0,0,0)
(0,0,0)
(0,0,0)
(0,0,0)
(0,0,0)
(0,0,0)
(-226159.950209294,-55604.0718839325,1653.87180038533)
(-224231.775770248,-55312.7348057496,3562.38697028423)
(-218850.742572271,-54371.8861303419,6489.15270295829)
(-205943.716061626,-51698.5606053983,12249.3420595012)
(-176846.814600382,-44980.0873361334,23573.3396784852)
(-114995.121102201,-29536.4945423247,39272.0473605113)
(-1.48853688157362e-06,3.32210618277255e-07,5.44868128285104e-13)
(3.69648001395606e-05,-3.33734974069869e-06,1.88776785377929e-05)
(-293834.82734926,90.6836481990635,-496441.263264767)
(-116013.278880763,-18833.1526297048,-415904.346947361)
(0,0,0)
(0,0,0)
(0,0,0)
(0,0,0)
(0,0,0)
(0,0,0)
(-221561.477574128,-101269.923919111,1865.50462785208)
(-219684.403723219,-101087.895503554,4408.28590828021)
(-214513.05236203,-100397.637273404,9049.90387897844)
(-202536.00809705,-98058.2937017036,18922.3075101192)
(-175984.288255265,-90599.2345457103,39022.0001574855)
(-118182.057307526,-67011.5223241249,68799.0651886834)
(3.55724912857477e-06,2.14938338511287e-06,-6.37439990048597e-13)
(5.09744539950832e-05,1.12642232103511e-05,2.65623015372911e-05)
(-322183.429265889,-293945.19211458,-515395.025892896)
(-115757.160978169,-89105.4782845571,-397031.31729775)
(0,0,0)
(0,0,0)
(0,0,0)
(0,0,0)
(0,0,0)
(0,0,0)
(-203402.121896519,-162282.43881563,1962.48357929661)
(-201900.620448321,-162475.466019797,5001.37987195208)
(-197967.36396467,-162811.630820379,11296.5898967525)
(-189494.931329661,-163001.313728416,26335.7502224528)
(-172213.018877819,-160967.139285989,62603.0291072716)
(-133825.310968228,-141895.598713801,135848.855706901)
(6.5202476685702e-05,3.83921239697416e-05,9.11521651269109e-06)
(-236910.496362562,-296675.434429343,-294006.982916256)
(-169734.930990331,-201190.939488912,-310546.801479783)
(-85867.0441726344,-92221.4479439427,-307853.004942177)
(0,0,0)
(0,0,0)
(0,0,0)
(0,0,0)
(0,0,0)
(0,0,0)
(-162730.051988579,-228977.229824679,1733.20201501425)
(-161814.449240883,-229671.870605069,4583.69700086303)
(-159574.739327776,-231541.730598231,11002.6996117483)
(-155781.68496947,-236444.374836605,28274.2089344306)
(-153187.278167639,-251017.04718987,81628.2607594683)
(-174072.355587019,-303429.801440933,277808.068602259)
(-360385.097005047,-535942.314447405,-296414.037179012)
(-176890.751936873,-313567.63487602,-198436.829024107)
(-117470.756887773,-202781.843448317,-201511.488541344)
(-63643.8084052177,-102232.343452519,-215554.887265952)
(0,0,0)
(0,0,0)
(0,0,0)
(0,0,0)
(0,0,0)
(0,0,0)
(-93209.6777295611,-277477.31468328,993.593844927278)
(-92790.0756904575,-278464.393209645,2619.63084388341)
(-91800.5523681292,-281018.144268269,6034.94571330878)
(-90337.7163214293,-286996.658381218,13680.4678890179)
(-89729.3858246961,-300692.531416586,29235.118771465)
(-95784.0805162313,-329995.836040015,45383.837815465)
(-120201.840447517,-375466.263310426,-73920.7936660507)
(-88321.6048307447,-301578.118775664,-87593.0118818036)
(-64168.1198544126,-213950.288980665,-100877.89223586)
(-35908.4540763418,-113131.043829329,-113247.261031302)
(0,0,0)
(0,0,0)
(0,0,0)
(0,0,0)
(0,0,0)
(0,0,0)
(0,0,0)
(0,0,0)
(0,0,0)
(0,0,0)
(0,0,0)
(0,0,0)
(0,0,0)
(0,0,0)
(0,0,0)
(0,0,0)
(0,0,0)
(0,0,0)
(0,0,0)
(0,0,0)
(0,0,0)
(0,0,0)
(0,0,0)
(0,0,0)
(0,0,0)
(0,0,0)
(0,0,0)
(0,0,0)
(0,0,0)
(0,0,0)
(0,0,0)
(0,0,0)
(0,0,0)
(0,0,0)
(0,0,0)
(0,0,0)
(0,0,0)
(0,0,0)
(0,0,0)
(0,0,0)
(0,0,0)
(0,0,0)
(0,0,0)
(0,0,0)
(0,0,0)
(0,0,0)
(0,0,0)
(0,0,0)
(0,0,0)
(0,0,0)
(0,0,0)
(0,0,0)
(0,0,0)
(0,0,0)
(0,0,0)
(0,0,0)
(0,0,0)
(0,0,0)
(0,0,0)
(0,0,0)
(0,0,0)
(0,0,0)
(0,0,0)
(0,0,0)
(0,0,0)
(0,0,0)
(0,0,0)
(0,0,0)
(0,0,0)
(0,0,0)
(0,0,0)
(0,0,0)
(0,0,0)
(0,0,0)
(0,0,0)
(0,0,0)
(0,0,0)
(0,0,0)
(0,0,0)
(0,0,0)
(0,0,0)
(0,0,0)
(0,0,0)
(0,0,0)
(0,0,0)
(0,0,0)
(0,0,0)
(0,0,0)
(0,0,0)
(0,0,0)
(0,0,0)
(0,0,0)
(0,0,0)
(0,0,0)
(0,0,0)
(0,0,0)
(0,0,0)
(0,0,0)
(0,0,0)
(0,0,0)
(0,0,0)
(0,0,0)
(-212286.354068518,336.315225439703,590.70283241887)
(-212616.802030126,662.718272437274,312.037716177563)
(-212965.140567483,1559.5593105166,-1976.18480592628)
(-212605.515877994,3604.84042584026,-7991.18856584564)
(-210471.279240944,7853.98609005667,-20569.741506833)
(-204666.749810554,15513.6046082445,-43978.9671917077)
(-192230.700180379,25026.9385770324,-81769.0315467986)
(-168087.510977966,23430.8719781787,-125863.973018471)
(-127716.651117991,16468.6563368112,-167060.97157329)
(-69919.8517057784,8112.99523647267,-193235.196070038)
(0,0,0)
(0,0,0)
(0,0,0)
(0,0,0)
(0,0,0)
(0,0,0)
(-212825.79131495,-649.169188985031,911.990442097234)
(-213063.908666651,-8.04141817426664,1182.73885096528)
(-213223.973890879,1795.54140683962,53.1183633264845)
(-212647.917348856,6156.66218476777,-3728.85824173895)
(-210494.06938796,16232.3506501722,-12904.4293426224)
(-205641.565840446,38238.5182862173,-34450.7318276163)
(-196059.551935493,76970.7237791614,-83346.5035613229)
(-172364.868605839,63398.8738544443,-132783.32568972)
(-131040.775014486,40940.7124264153,-175444.490168494)
(-71591.7912371273,18946.907451865,-201377.270457462)
(0,0,0)
(0,0,0)
(0,0,0)
(0,0,0)
(0,0,0)
(0,0,0)
(-213590.071942695,-4473.27333821058,1496.12185948152)
(-213631.36971412,-3621.6969871622,2893.15142956235)
(-213424.282341478,-1184.19355453194,4350.12353942363)
(-212462.615259071,5082.4389567037,6350.44790638593)
(-210548.226516182,21467.5043200048,9069.5219576217)
(-209543.635738175,69131.0072249498,4247.19191238087)
(-215879.724690349,240761.865485743,-96926.6121074642)
(-188911.027238794,139323.262465387,-155237.34288144)
(-142109.904668145,78060.6611810552,-197464.678605921)
(-76605.6325829344,32491.5436658256,-220319.16741328)
(0,0,0)
(0,0,0)
(0,0,0)
(0,0,0)
(0,0,0)
(0,0,0)
(-213888.190429056,-12863.2175411545,2269.74884112523)
(-213688.357011723,-12028.16647691,5238.56750923007)
(-213014.498792685,-9742.32705034236,10533.5768554221)
(-211365.312778171,-4250.96888779412,22712.5664267608)
(-209245.666359537,7468.7424889919,56707.5603537958)
(-216978.768214155,25752.8794105552,175854.440047733)
(-320004.653277072,-120.426369542999,-198405.951185653)
(-239610.019213956,198423.444606931,-216589.262514399)
(-170829.352001749,105425.212652095,-243103.977351779)
(-87865.4989874478,38255.5954910933,-252866.665946293)
(0,0,0)
(0,0,0)
(0,0,0)
(0,0,0)
(0,0,0)
(0,0,0)
(-212303.887824215,-27754.348014958,3025.03179039265)
(-211914.821535522,-27128.0008747262,7451.81714108661)
(-210754.512460835,-25512.2894455305,15923.2346652975)
(-207563.520385639,-21830.1508569117,34385.0092735636)
(-198419.986717393,-14694.2361369063,74985.7919790977)
(-165294.543421621,-4224.23539349371,149956.844509613)
(3.49944154243202e-05,-1.34167253723377e-05,-3.24325473582137e-05)
(-316879.120926905,-28.7197233315991,-309624.167614039)
(-220686.334745982,16389.2923759949,-310213.370711333)
(-104481.318192515,8466.75845820054,-291047.462128972)
(0,0,0)
(0,0,0)
(0,0,0)
(0,0,0)
(0,0,0)
(0,0,0)
(-206626.365002462,-50852.5648648041,3564.6316430124)
(-206206.859960641,-50580.0486393604,8991.76359803884)
(-204979.621735546,-49872.975169766,19481.3284855529)
(-201598.971807277,-48128.6219660271,41435.0553403185)
(-191588.924294389,-43934.4426885463,85417.3715859633)
(-155411.558672012,-32564.1313784018,154173.70514068)
(2.68877492125846e-05,-2.27319461761517e-05,-2.28416445294213e-05)
(-297859.558109017,167.676055233837,-293184.225005647)
(-224385.531007151,-28156.2996512155,-318087.929320532)
(-107688.478937889,-18541.8606530251,-299404.110152184)
(0,0,0)
(0,0,0)
(0,0,0)
(0,0,0)
(0,0,0)
(0,0,0)
(-193446.80483049,-82719.0797298321,3751.8421213826)
(-193164.97400119,-82941.9976399737,9594.36139996527)
(-192374.673721875,-83515.0812983746,21098.0888884192)
(-190429.339571288,-84712.0131267021,45574.811523326)
(-184614.819940278,-86552.470032495,96823.3705522833)
(-158424.6664313,-82387.0693748573,186888.917672521)
(4.06572409321044e-05,-3.48014928189101e-05,-2.97703980362008e-05)
(-328378.208521077,-236488.593790383,-321571.447940476)
(-222095.738261938,-141320.092512498,-308495.346083141)
(-102844.219109328,-59135.089867368,-280815.058737641)
(0,0,0)
(0,0,0)
(0,0,0)
(0,0,0)
(0,0,0)
(0,0,0)
(-168500.787518364,-121087.933880484,3467.51977249439)
(-168446.016707202,-121860.101429668,8931.01982106893)
(-168447.635001582,-123897.228646694,19793.4382062947)
(-169275.03093573,-128806.237013846,43667.7616995059)
(-174613.513673435,-141497.438273044,101013.224735676)
(-203048.814717869,-181661.821063795,269511.480174267)
(-367124.162012163,-359772.802214297,-236434.864661236)
(-247111.104886354,-236277.368414698,-226445.481513127)
(-162452.04873649,-148722.175858612,-226326.280420847)
(-79815.5141259039,-69878.5894804681,-221634.310854485)
(0,0,0)
(0,0,0)
(0,0,0)
(0,0,0)
(0,0,0)
(0,0,0)
(-127703.15003776,-158797.81169001,2682.97585870924)
(-127821.552472078,-160001.005441283,6830.98310151732)
(-128294.52914022,-163153.602368828,14807.1466361)
(-130260.572191188,-170413.941230467,30893.7380744432)
(-137630.80029952,-186974.978358044,60814.8002913235)
(-161880.137530214,-224556.88031126,91517.6414819866)
(-220700.571714533,-295197.025916642,-112742.660106176)
(-162488.497330099,-224620.976204956,-138801.306922705)
(-108342.277405321,-149210.563728481,-147441.39853528)
(-54965.0412888695,-74335.2120346188,-151663.543097465)
(0,0,0)
(0,0,0)
(0,0,0)
(0,0,0)
(0,0,0)
(0,0,0)
(-69875.1803981524,-183578.60319387,1446.29417245133)
(-69989.2962910991,-184965.103844365,3609.61317617448)
(-70343.1108005034,-188507.082717905,7505.65195761959)
(-71571.1330054545,-195980.960577449,14306.0879886272)
(-75309.7175067603,-210318.208932756,23229.6502454098)
(-84491.9927130267,-233610.067180733,20990.7493116823)
(-97678.42997035,-254740.6654597,-41989.0216224362)
(-78740.5801854083,-212870.136675151,-63320.8857975756)
(-54732.2014423131,-149493.016367501,-72474.3515706585)
(-28441.1607678667,-77073.490190726,-77203.3667230319)
(0,0,0)
(0,0,0)
(0,0,0)
(0,0,0)
(0,0,0)
(0,0,0)
(0,0,0)
(0,0,0)
(0,0,0)
(0,0,0)
(0,0,0)
(0,0,0)
(0,0,0)
(0,0,0)
(0,0,0)
(0,0,0)
(0,0,0)
(0,0,0)
(0,0,0)
(0,0,0)
(0,0,0)
(0,0,0)
(0,0,0)
(0,0,0)
(0,0,0)
(0,0,0)
(0,0,0)
(0,0,0)
(0,0,0)
(0,0,0)
(0,0,0)
(0,0,0)
(0,0,0)
(0,0,0)
(0,0,0)
(0,0,0)
(0,0,0)
(0,0,0)
(0,0,0)
(0,0,0)
(0,0,0)
(0,0,0)
(0,0,0)
(0,0,0)
(0,0,0)
(0,0,0)
(0,0,0)
(0,0,0)
(0,0,0)
(0,0,0)
(0,0,0)
(0,0,0)
(0,0,0)
(0,0,0)
(0,0,0)
(0,0,0)
(0,0,0)
(0,0,0)
(0,0,0)
(0,0,0)
(0,0,0)
(0,0,0)
(0,0,0)
(0,0,0)
(0,0,0)
(0,0,0)
(0,0,0)
(0,0,0)
(0,0,0)
(0,0,0)
(0,0,0)
(0,0,0)
(0,0,0)
(0,0,0)
(0,0,0)
(0,0,0)
(0,0,0)
(0,0,0)
(0,0,0)
(0,0,0)
(0,0,0)
(0,0,0)
(0,0,0)
(0,0,0)
(0,0,0)
(0,0,0)
(0,0,0)
(0,0,0)
(0,0,0)
(0,0,0)
(0,0,0)
(0,0,0)
(0,0,0)
(0,0,0)
(0,0,0)
(0,0,0)
(0,0,0)
(0,0,0)
(0,0,0)
(0,0,0)
(0,0,0)
(0,0,0)
(-212353.71657151,-201.941062501613,269.303565489177)
(-212561.291421184,170.109872147071,43.6830844009535)
(-212651.294989738,1222.6549082536,-1492.81740159022)
(-211909.614729922,3466.96181687161,-5655.68036654053)
(-209202.275816,7707.05988458113,-14631.7436760673)
(-202241.913838443,14407.1360500969,-31463.7156982686)
(-187252.962090037,21066.7005109941,-57508.154299603)
(-159322.799942303,19032.8527024827,-85305.7180377441)
(-117150.424500094,13082.551106991,-108954.495762633)
(-62398.4746027673,6428.28088731331,-122904.153752957)
(0,0,0)
(0,0,0)
(0,0,0)
(0,0,0)
(0,0,0)
(0,0,0)
(-212296.067370461,-1433.81766582036,702.152658830032)
(-212601.854894353,-683.936363356015,1094.14512202932)
(-213030.407401414,1404.68199061142,718.551550206153)
(-213159.995203007,6133.38780583109,-1435.79658459826)
(-212275.774078378,16005.0646118743,-7952.09662147482)
(-208558.958063044,34178.7186613231,-24806.2870101078)
(-197277.100152253,57004.9302916843,-59526.9685740353)
(-168345.999949157,46725.488622016,-91238.4731502584)
(-123331.87700444,29795.222568256,-115660.042621563)
(-65411.1128394649,13942.337415043,-129354.777546961)
(0,0,0)
(0,0,0)
(0,0,0)
(0,0,0)
(0,0,0)
(0,0,0)
(-211735.130572876,-4753.52998119177,1464.77094555207)
(-212241.78267984,-3739.30940911827,3130.55695703461)
(-213370.583326347,-896.125272714036,5377.66520522731)
(-215383.66261387,6032.8262993466,8399.27406650599)
(-218954.105343904,22623.23227582,10186.9852302796)
(-224664.966618037,61486.4338654891,-1999.3990940243)
(-227482.773341777,136391.243613679,-69782.6637645915)
(-192243.254123066,88457.274445819,-108182.222704134)
(-138210.99436755,49271.8810632709,-131557.791499745)
(-72246.3396907069,21255.1965640826,-143229.943541007)
(0,0,0)
(0,0,0)
(0,0,0)
(0,0,0)
(0,0,0)
(0,0,0)
(-209817.619776368,-11260.5440552891,2436.44342140949)
(-210623.602844173,-10271.7184890275,5904.09833376402)
(-212739.124363767,-7510.5826566396,12243.1812887698)
(-217540.713678467,-520.333117309951,24971.7416057311)
(-228893.781543136,18170.861179596,49072.2278855515)
(-256591.193643403,77234.2137347904,72936.87344551)
(-312464.281003929,319473.69130051,-117685.946514467)
(-242319.363211911,120923.278119887,-147442.60619057)
(-164839.278537375,55495.4258810364,-159656.224472717)
(-83388.5578583732,21623.5433713209,-164501.51240903)
(0,0,0)
(0,0,0)
(0,0,0)
(0,0,0)
(0,0,0)
(0,0,0)
(-204955.052130142,-21960.0627461807,3350.68299681592)
(-206094.260272328,-21319.2501967701,8577.65344136709)
(-209200.601319762,-19636.5659412579,19149.7255849154)
(-216763.398179527,-15812.6660430384,43641.9363045316)
(-236914.128734742,-7858.64974780351,108165.58924928)
(-300749.394833356,5656.72728132884,315197.927114471)
(-555053.553365504,31.044098204879,-316231.113969717)
(-318255.034846322,18951.3512120099,-212883.273142414)
(-197265.456584388,12674.6250176044,-193483.350440575)
(-95510.404868019,5227.35579287431,-186058.076186633)
(0,0,0)
(0,0,0)
(0,0,0)
(0,0,0)
(0,0,0)
(0,0,0)
(-195064.965109344,-37453.837455454,3932.37481615909)
(-196450.070340693,-37333.3004005068,10189.6353999474)
(-200199.50663466,-37101.2398454469,22874.1942032499)
(-209274.328273625,-36799.0339067829,51535.9185333438)
(-232786.467843585,-36771.7803721341,121646.592706869)
(-302307.807641893,-35348.5079945499,309548.076952637)
(-543454.544433649,349.824595759155,-297320.483888444)
(-326913.819709942,-30155.7745547329,-219159.096520754)
(-204191.552081486,-25784.6896939784,-200893.760734861)
(-98471.3141327915,-13684.9784097139,-191198.591337366)
(0,0,0)
(0,0,0)
(0,0,0)
(0,0,0)
(0,0,0)
(0,0,0)
(-177468.24767261,-57435.507431139,4003.1128178091)
(-178946.470019019,-57899.2080210375,10350.5164561693)
(-182889.627901621,-59299.6478757337,23063.8786661988)
(-192371.048143053,-63294.307136336,51500.8604675233)
(-216642.400197351,-76318.8360659033,123075.496418361)
(-289278.678929647,-126716.833864357,345297.834786526)
(-565595.277827032,-366571.953171751,-327814.474265794)
(-316652.033132115,-154892.716911788,-214803.70729771)
(-192366.035552219,-81513.8300762229,-188804.269625193)
(-91825.7330371906,-36014.0234536295,-177493.710653408)
(0,0,0)
(0,0,0)
(0,0,0)
(0,0,0)
(0,0,0)
(0,0,0)
(-149575.961292982,-79867.8851980646,3507.55154154292)
(-150939.490975659,-80804.3948084349,8906.21259739569)
(-154488.731217528,-83326.3288102689,18973.9897478783)
(-162606.17235847,-89393.9452951622,38404.7693294439)
(-181056.722290791,-104152.936720882,72682.0786017814)
(-222460.506194416,-140140.815108825,105517.751322789)
(-299171.155625233,-212919.231935624,-116087.976300262)
(-225329.78259544,-151328.904469316,-141433.111033655)
(-147685.569055612,-94411.0479143015,-143302.372876461)
(-72768.0048216158,-44915.9599071574,-141447.945727212)
(0,0,0)
(0,0,0)
(0,0,0)
(0,0,0)
(0,0,0)
(0,0,0)
(-109709.722055812,-100456.636981236,2595.32380122597)
(-110760.12721725,-101652.145974052,6381.64971201429)
(-113398.913736449,-104708.948080373,12868.6535783489)
(-119089.705463398,-111268.575758873,23572.4173142672)
(-130663.090176924,-124200.977855592,36652.7483263782)
(-151397.495453305,-146739.443332928,32768.7344735698)
(-174738.207575717,-171737.233718071,-54375.6278828089)
(-143230.871208113,-140527.152756037,-84435.0057180677)
(-98044.7137206443,-95363.0061612453,-93780.6111557924)
(-49511.0529557514,-47696.9545872051,-96453.6048088645)
(0,0,0)
(0,0,0)
(0,0,0)
(0,0,0)
(0,0,0)
(0,0,0)
(-58502.9109316674,-113193.836062158,1364.92961443677)
(-59078.1772166723,-114466.331121525,3267.99568748121)
(-60438.008125536,-117631.514944276,6285.45987641789)
(-63235.6768097579,-123910.314507498,10591.742429344)
(-68462.1195156668,-134537.621749026,14080.7883316817)
(-76305.6320983771,-148661.172454764,7816.15683886177)
(-81984.2940947663,-156591.962382102,-23023.250372689)
(-69365.3593506266,-133727.539978289,-39198.0839852186)
(-48745.9256712248,-94513.0668364084,-46034.2990811445)
(-25014.230782369,-48522.2002361902,-48635.9834176556)
(0,0,0)
(0,0,0)
(0,0,0)
(0,0,0)
(0,0,0)
(0,0,0)
(0,0,0)
(0,0,0)
(0,0,0)
(0,0,0)
(0,0,0)
(0,0,0)
(0,0,0)
(0,0,0)
(0,0,0)
(0,0,0)
(0,0,0)
(0,0,0)
(0,0,0)
(0,0,0)
(0,0,0)
(0,0,0)
(0,0,0)
(0,0,0)
(0,0,0)
(0,0,0)
(0,0,0)
(0,0,0)
(0,0,0)
(0,0,0)
(0,0,0)
(0,0,0)
(0,0,0)
(0,0,0)
(0,0,0)
(0,0,0)
(0,0,0)
(0,0,0)
(0,0,0)
(0,0,0)
(0,0,0)
(0,0,0)
(0,0,0)
(0,0,0)
(0,0,0)
(0,0,0)
(0,0,0)
(0,0,0)
(0,0,0)
(0,0,0)
(0,0,0)
(0,0,0)
(0,0,0)
(0,0,0)
(0,0,0)
(0,0,0)
(0,0,0)
(0,0,0)
(0,0,0)
(0,0,0)
(0,0,0)
(0,0,0)
(0,0,0)
(0,0,0)
(0,0,0)
(0,0,0)
(0,0,0)
(0,0,0)
(0,0,0)
(0,0,0)
(0,0,0)
(0,0,0)
(0,0,0)
(0,0,0)
(0,0,0)
(0,0,0)
(0,0,0)
(0,0,0)
(0,0,0)
(0,0,0)
(0,0,0)
(0,0,0)
(0,0,0)
(0,0,0)
(0,0,0)
(0,0,0)
(0,0,0)
(0,0,0)
(0,0,0)
(0,0,0)
(0,0,0)
(0,0,0)
(0,0,0)
(0,0,0)
(0,0,0)
(0,0,0)
(0,0,0)
(0,0,0)
(0,0,0)
(0,0,0)
(0,0,0)
(0,0,0)
(-212283.115458416,-210.883251845038,140.282138749728)
(-212506.459979989,18.9622899766684,66.4884075843131)
(-212604.018467959,702.051889738317,-682.840003934029)
(-211839.282944502,2071.69918849007,-2824.87097784408)
(-208956.025754256,4478.62005899392,-7549.74109857825)
(-201395.137104694,7951.0116761244,-16347.5295084538)
(-185114.578752118,10929.9410820641,-29415.8539284435)
(-155786.967974513,9931.84762844256,-42883.5335246812)
(-113078.90168605,6886.03817323012,-53841.0945119501)
(-59591.7398725178,3409.88139105354,-60057.7106332585)
(0,0,0)
(0,0,0)
(0,0,0)
(0,0,0)
(0,0,0)
(0,0,0)
(-211966.08024755,-971.965636752812,431.095261999472)
(-212385.091769433,-494.662637330224,727.957064388223)
(-213072.312174746,829.69374631552,642.219981143965)
(-213665.574182833,3663.54434737139,-444.046197915687)
(-213231.357989068,9100.6258622527,-4110.4680904868)
(-209203.095478971,17876.6178228437,-13391.9368212748)
(-195943.514788851,26638.7302295307,-30434.3113321395)
(-165635.913344676,22748.143381894,-45960.6936900742)
(-119907.352107934,14863.5729578288,-57362.7533711764)
(-62959.9048564325,7073.64228552236,-63477.7222486724)
(0,0,0)
(0,0,0)
(0,0,0)
(0,0,0)
(0,0,0)
(0,0,0)
(-210783.172935212,-2845.11253739843,921.189262979924)
(-211616.414582514,-2195.65497904517,1996.81350737263)
(-213545.573189701,-413.026751299886,3414.52386834139)
(-216951.152065194,3682.22845262558,4963.32921441622)
(-222011.301066467,12484.6609815933,4636.48981764468)
(-226839.904256855,29342.6522815296,-4654.60700222416)
(-222396.204758739,51230.3865976443,-34332.8319533767)
(-188267.027091234,38320.1068387882,-53881.0224420974)
(-134666.834688701,22612.7289696475,-65174.3381327726)
(-69967.7650623861,10102.1304112023,-70481.4008867718)
(0,0,0)
(0,0,0)
(0,0,0)
(0,0,0)
(0,0,0)
(0,0,0)
(-207855.984693751,-6360.16003701881,1553.41241700243)
(-209276.437459405,-5726.55943713578,3737.15149032543)
(-212893.275554487,-3994.53654992925,7472.81247967699)
(-220313.099523365,167.306651821569,13760.1201253744)
(-234188.379155451,10008.7366330684,21530.6420862144)
(-255896.426503614,32896.2475182227,17282.2797097291)
(-273419.746893124,76682.8112144676,-47214.6790178898)
(-226474.98206685,44888.2699584422,-69627.2232826023)
(-157175.439648963,23058.3073432243,-77736.6405446036)
(-79980.9095725811,9520.16386381078,-80562.3222830026)
(0,0,0)
(0,0,0)
(0,0,0)
(0,0,0)
(0,0,0)
(0,0,0)
(-201550.248147707,-11913.2267506384,2148.26273118716)
(-203562.76277715,-11523.867080925,5414.07287979833)
(-208844.55064124,-10516.3794756468,11579.8651270004)
(-220337.006705522,-8271.84863074514,23592.6289355597)
(-244004.723757412,-3751.75458221524,44443.7151735102)
(-288553.334005683,4052.97730236671,61090.9245616986)
(-349859.680476044,11590.5868595271,-79010.7239728366)
(-271179.097124444,10255.1473490406,-91453.5390852872)
(-180142.267771576,5731.15436080819,-91249.574915683)
(-89456.8509530498,2248.4269940703,-90031.391960903)
(0,0,0)
(0,0,0)
(0,0,0)
(0,0,0)
(0,0,0)
(0,0,0)
(-189843.245289962,-19634.4429673632,2499.49639734222)
(-192231.103749489,-19612.7955824027,6369.45830761539)
(-198481.096510966,-19605.6425627358,13740.3112710047)
(-212138.697334688,-19729.677663954,28062.5093652747)
(-240218.634770712,-20469.8100106154,52212.731720801)
(-292480.063784247,-22151.8283569569,68589.7935224729)
(-361283.328649371,-21615.5033055067,-80375.3320967704)
(-281284.786244199,-19782.6445162335,-95966.5736972348)
(-185791.047688792,-13928.8247010789,-94707.0990280483)
(-91655.106097973,-7041.9218686778,-92232.9582001243)
(0,0,0)
(0,0,0)
(0,0,0)
(0,0,0)
(0,0,0)
(0,0,0)
(-170357.255131806,-29243.104821908,2497.6693137384)
(-172817.350120752,-29584.8398147252,6340.59364779633)
(-179087.326150554,-30601.0849753684,13533.7343093626)
(-192581.343070384,-33259.1875366091,27273.5391093498)
(-219861.114360988,-40500.1519685508,50522.595230921)
(-270392.403386556,-59653.1047374432,69137.5960683079)
(-339692.288671279,-99865.1301871801,-78515.7662057434)
(-261513.971066253,-63349.2969290535,-90087.1758587883)
(-171870.980604819,-36710.5291448872,-87800.5263623776)
(-84601.2030933537,-16892.2949911156,-85174.6831837806)
(0,0,0)
(0,0,0)
(0,0,0)
(0,0,0)
(0,0,0)
(0,0,0)
(-141369.370324217,-39598.6260579728,2148.93026730075)
(-143504.773503611,-40205.8753472677,5335.24832779844)
(-148768.269850861,-41822.436771898,10836.1387576641)
(-159548.950278287,-45481.0746448809,20000.8037857537)
(-179537.488519205,-53398.7353814149,31380.1534270388)
(-210926.912669983,-68754.3466724073,28947.8018375695)
(-239986.542159333,-88147.4578981968,-41954.4839173084)
(-198299.284239299,-68937.9548658228,-63396.3243366663)
(-135279.372928462,-44580.9092517591,-67932.1403569569)
(-67769.9853527779,-21579.5462527893,-68242.9085641173)
(0,0,0)
(0,0,0)
(0,0,0)
(0,0,0)
(0,0,0)
(0,0,0)
(-102143.008564991,-48728.2654678396,1562.92591904223)
(-103688.446151296,-49459.2754610482,3744.64496687118)
(-107362.05027889,-51279.5059817944,7164.85071920794)
(-114454.72998346,-54973.7561049779,12022.5566993653)
(-126459.111623874,-61564.4108410955,15984.2536059972)
(-142454.439999681,-71252.8700574341,9539.72153740063)
(-152087.241203367,-78579.9189715474,-22678.7837615984)
(-129578.718129996,-66297.1230262749,-38971.7686792647)
(-90867.3457004297,-45812.0665918574,-44917.9793593822)
(-46267.8089790051,-23096.8652479847,-46643.9043409328)
(0,0,0)
(0,0,0)
(0,0,0)
(0,0,0)
(0,0,0)
(0,0,0)
(-53850.0484111389,-54187.9455174045,806.817529036595)
(-54658.045665564,-54963.7856423079,1891.19615918875)
(-56499.4543753105,-56784.9955761283,3458.1320032953)
(-59895.6688474918,-60240.826238806,5385.19417485773)
(-65273.0929445257,-65641.4904431019,6273.24720572331)
(-71551.4619407929,-71946.1651549949,2212.37214570317)
(-73841.8595749303,-74195.3394999519,-10314.641845727)
(-63592.5897515868,-63958.2394232353,-18426.2950478069)
(-45291.8074551237,-45542.0438056431,-22150.4360501209)
(-23314.1292992122,-23445.0052030969,-23502.3975781666)
(0,0,0)
(0,0,0)
(0,0,0)
(0,0,0)
(0,0,0)
(0,0,0)
(0,0,0)
(0,0,0)
(0,0,0)
(0,0,0)
(0,0,0)
(0,0,0)
(0,0,0)
(0,0,0)
(0,0,0)
(0,0,0)
(0,0,0)
(0,0,0)
(0,0,0)
(0,0,0)
(0,0,0)
(0,0,0)
(0,0,0)
(0,0,0)
(0,0,0)
(0,0,0)
(0,0,0)
(0,0,0)
(0,0,0)
(0,0,0)
(0,0,0)
(0,0,0)
(0,0,0)
(0,0,0)
(0,0,0)
(0,0,0)
(0,0,0)
(0,0,0)
(0,0,0)
(0,0,0)
(0,0,0)
(0,0,0)
(0,0,0)
(0,0,0)
(0,0,0)
(0,0,0)
(0,0,0)
(0,0,0)
(0,0,0)
(0,0,0)
(0,0,0)
(0,0,0)
(0,0,0)
(0,0,0)
(0,0,0)
(0,0,0)
(0,0,0)
(0,0,0)
(0,0,0)
(0,0,0)
(0,0,0)
(0,0,0)
(0,0,0)
(0,0,0)
(0,0,0)
(0,0,0)
(0,0,0)
(0,0,0)
(0,0,0)
(0,0,0)
(0,0,0)
(0,0,0)
(0,0,0)
(0,0,0)
(0,0,0)
(0,0,0)
(0,0,0)
(0,0,0)
(0,0,0)
(0,0,0)
(0,0,0)
(0,0,0)
(0,0,0)
(0,0,0)
(0,0,0)
(0,0,0)
(0,0,0)
(0,0,0)
(0,0,0)
(0,0,0)
(0,0,0)
(0,0,0)
(0,0,0)
(0,0,0)
(0,0,0)
(0,0,0)
(0,0,0)
(0,0,0)
(0,0,0)
(0,0,0)
(0,0,0)
(0,0,0)
(0,0,0)
(0,0,0)
(0,0,0)
(0,0,0)
(0,0,0)
(0,0,0)
(0,0,0)
(0,0,0)
(0,0,0)
(0,0,0)
(0,0,0)
(0,0,0)
(0,0,0)
(0,0,0)
(0,0,0)
(0,0,0)
(0,0,0)
(0,0,0)
(0,0,0)
(0,0,0)
(0,0,0)
(0,0,0)
(0,0,0)
(0,0,0)
(0,0,0)
(0,0,0)
(0,0,0)
(0,0,0)
(0,0,0)
(0,0,0)
(0,0,0)
(0,0,0)
(0,0,0)
(0,0,0)
(0,0,0)
(0,0,0)
(0,0,0)
(0,0,0)
(0,0,0)
(0,0,0)
(0,0,0)
(0,0,0)
(0,0,0)
(0,0,0)
(0,0,0)
(0,0,0)
(0,0,0)
(0,0,0)
(0,0,0)
(0,0,0)
(0,0,0)
(0,0,0)
(0,0,0)
(0,0,0)
(0,0,0)
(0,0,0)
(0,0,0)
(0,0,0)
(0,0,0)
(0,0,0)
(0,0,0)
(0,0,0)
(0,0,0)
(0,0,0)
(0,0,0)
(0,0,0)
(0,0,0)
(0,0,0)
(0,0,0)
(0,0,0)
(0,0,0)
(0,0,0)
(0,0,0)
(0,0,0)
(0,0,0)
(0,0,0)
(0,0,0)
(0,0,0)
(0,0,0)
(0,0,0)
(0,0,0)
(0,0,0)
(0,0,0)
(0,0,0)
(0,0,0)
(0,0,0)
(0,0,0)
(0,0,0)
(0,0,0)
(0,0,0)
(0,0,0)
(0,0,0)
(0,0,0)
(0,0,0)
(0,0,0)
(0,0,0)
(0,0,0)
(0,0,0)
(0,0,0)
(0,0,0)
(0,0,0)
(0,0,0)
(0,0,0)
(0,0,0)
(0,0,0)
(0,0,0)
(0,0,0)
(0,0,0)
(0,0,0)
(0,0,0)
(0,0,0)
(0,0,0)
(0,0,0)
(0,0,0)
(0,0,0)
(0,0,0)
(0,0,0)
(0,0,0)
(0,0,0)
(0,0,0)
(0,0,0)
(0,0,0)
(0,0,0)
(0,0,0)
(0,0,0)
(0,0,0)
(0,0,0)
(0,0,0)
(0,0,0)
(0,0,0)
(0,0,0)
(0,0,0)
(0,0,0)
(0,0,0)
(0,0,0)
(0,0,0)
(0,0,0)
(0,0,0)
(0,0,0)
(0,0,0)
(0,0,0)
(0,0,0)
(0,0,0)
(0,0,0)
(0,0,0)
(0,0,0)
(0,0,0)
(0,0,0)
(0,0,0)
(0,0,0)
(0,0,0)
(0,0,0)
(0,0,0)
(0,0,0)
(0,0,0)
(0,0,0)
(0,0,0)
(0,0,0)
(0,0,0)
(0,0,0)
(0,0,0)
(0,0,0)
(0,0,0)
(0,0,0)
(0,0,0)
(0,0,0)
(0,0,0)
(0,0,0)
(0,0,0)
(0,0,0)
(0,0,0)
(0,0,0)
(0,0,0)
(0,0,0)
(0,0,0)
(0,0,0)
(0,0,0)
(0,0,0)
(0,0,0)
(0,0,0)
(0,0,0)
(0,0,0)
(0,0,0)
(0,0,0)
(0,0,0)
(0,0,0)
(0,0,0)
(0,0,0)
(0,0,0)
(0,0,0)
(0,0,0)
(0,0,0)
(0,0,0)
(0,0,0)
(0,0,0)
(0,0,0)
(0,0,0)
(0,0,0)
(0,0,0)
(0,0,0)
(0,0,0)
(0,0,0)
(0,0,0)
(0,0,0)
(0,0,0)
(0,0,0)
(0,0,0)
(0,0,0)
(0,0,0)
(0,0,0)
(0,0,0)
(0,0,0)
(0,0,0)
(0,0,0)
(0,0,0)
(0,0,0)
(0,0,0)
(0,0,0)
(0,0,0)
(0,0,0)
(0,0,0)
(0,0,0)
(0,0,0)
(0,0,0)
(0,0,0)
(0,0,0)
(0,0,0)
(0,0,0)
(0,0,0)
(0,0,0)
(0,0,0)
(0,0,0)
(0,0,0)
(0,0,0)
(0,0,0)
(0,0,0)
(0,0,0)
(0,0,0)
(0,0,0)
(0,0,0)
(0,0,0)
(0,0,0)
(0,0,0)
(0,0,0)
(0,0,0)
(0,0,0)
(0,0,0)
(0,0,0)
(0,0,0)
(0,0,0)
(0,0,0)
(0,0,0)
(0,0,0)
(0,0,0)
(0,0,0)
(0,0,0)
(0,0,0)
(0,0,0)
(0,0,0)
(0,0,0)
(0,0,0)
(0,0,0)
(0,0,0)
(0,0,0)
(0,0,0)
(0,0,0)
(0,0,0)
(0,0,0)
(0,0,0)
(0,0,0)
(0,0,0)
(0,0,0)
(0,0,0)
(0,0,0)
(0,0,0)
(0,0,0)
(0,0,0)
(0,0,0)
(0,0,0)
(0,0,0)
(0,0,0)
(0,0,0)
(0,0,0)
(0,0,0)
(0,0,0)
(0,0,0)
(0,0,0)
(0,0,0)
(0,0,0)
(0,0,0)
(0,0,0)
(0,0,0)
(0,0,0)
(0,0,0)
(0,0,0)
(0,0,0)
(0,0,0)
(0,0,0)
(0,0,0)
(0,0,0)
(0,0,0)
(0,0,0)
(0,0,0)
(0,0,0)
(0,0,0)
(0,0,0)
(0,0,0)
(0,0,0)
(0,0,0)
(0,0,0)
(0,0,0)
(0,0,0)
(0,0,0)
(0,0,0)
(0,0,0)
(0,0,0)
(0,0,0)
(0,0,0)
(0,0,0)
(0,0,0)
(0,0,0)
(0,0,0)
(0,0,0)
(0,0,0)
(0,0,0)
(0,0,0)
(0,0,0)
(0,0,0)
(0,0,0)
(0,0,0)
(0,0,0)
(0,0,0)
(0,0,0)
(0,0,0)
(0,0,0)
(0,0,0)
(0,0,0)
(0,0,0)
(0,0,0)
(0,0,0)
(0,0,0)
(0,0,0)
(0,0,0)
(0,0,0)
(0,0,0)
(0,0,0)
(0,0,0)
(0,0,0)
(0,0,0)
(0,0,0)
(0,0,0)
(0,0,0)
(0,0,0)
(0,0,0)
(0,0,0)
(0,0,0)
(0,0,0)
(0,0,0)
(0,0,0)
(0,0,0)
(0,0,0)
(0,0,0)
(0,0,0)
(0,0,0)
(0,0,0)
(0,0,0)
(0,0,0)
(0,0,0)
(0,0,0)
(0,0,0)
(0,0,0)
(0,0,0)
(0,0,0)
(0,0,0)
(0,0,0)
(0,0,0)
(0,0,0)
(0,0,0)
(0,0,0)
(0,0,0)
(0,0,0)
(0,0,0)
(0,0,0)
(0,0,0)
(0,0,0)
(0,0,0)
(0,0,0)
(0,0,0)
(0,0,0)
(0,0,0)
(0,0,0)
(0,0,0)
(0,0,0)
(0,0,0)
(0,0,0)
(0,0,0)
(0,0,0)
(0,0,0)
(0,0,0)
(0,0,0)
(0,0,0)
(0,0,0)
(0,0,0)
(0,0,0)
(0,0,0)
(0,0,0)
(0,0,0)
(0,0,0)
(0,0,0)
(0,0,0)
(0,0,0)
(0,0,0)
(0,0,0)
(0,0,0)
(0,0,0)
(0,0,0)
(0,0,0)
(0,0,0)
(0,0,0)
(0,0,0)
(0,0,0)
(0,0,0)
(0,0,0)
(0,0,0)
(0,0,0)
(0,0,0)
(0,0,0)
(0,0,0)
(0,0,0)
(0,0,0)
(0,0,0)
(0,0,0)
(0,0,0)
(0,0,0)
(0,0,0)
(0,0,0)
(0,0,0)
(0,0,0)
(0,0,0)
(0,0,0)
(0,0,0)
(0,0,0)
(0,0,0)
(0,0,0)
(0,0,0)
(0,0,0)
(0,0,0)
(0,0,0)
(0,0,0)
(0,0,0)
(0,0,0)
(0,0,0)
(0,0,0)
(0,0,0)
(0,0,0)
(0,0,0)
(0,0,0)
(0,0,0)
(0,0,0)
(0,0,0)
(0,0,0)
(0,0,0)
(0,0,0)
(0,0,0)
(0,0,0)
(0,0,0)
(0,0,0)
(0,0,0)
(0,0,0)
(0,0,0)
(0,0,0)
(0,0,0)
(0,0,0)
(0,0,0)
(0,0,0)
(0,0,0)
(0,0,0)
(0,0,0)
(0,0,0)
(0,0,0)
(0,0,0)
(0,0,0)
(0,0,0)
(0,0,0)
(0,0,0)
(0,0,0)
(0,0,0)
(0,0,0)
(0,0,0)
(0,0,0)
(0,0,0)
(0,0,0)
(0,0,0)
(0,0,0)
(0,0,0)
(0,0,0)
(0,0,0)
(0,0,0)
(0,0,0)
(0,0,0)
(0,0,0)
(0,0,0)
(0,0,0)
(0,0,0)
(0,0,0)
(0,0,0)
(0,0,0)
(0,0,0)
(0,0,0)
(0,0,0)
(0,0,0)
(0,0,0)
(0,0,0)
(0,0,0)
(0,0,0)
(0,0,0)
(0,0,0)
(0,0,0)
(0,0,0)
(0,0,0)
(0,0,0)
(0,0,0)
(0,0,0)
(0,0,0)
(0,0,0)
(0,0,0)
(0,0,0)
(0,0,0)
(0,0,0)
(0,0,0)
(0,0,0)
(0,0,0)
(0,0,0)
(0,0,0)
(0,0,0)
(0,0,0)
(0,0,0)
(0,0,0)
(0,0,0)
(0,0,0)
(0,0,0)
(0,0,0)
(0,0,0)
(0,0,0)
(0,0,0)
(0,0,0)
(0,0,0)
(0,0,0)
(0,0,0)
(0,0,0)
(0,0,0)
(0,0,0)
(0,0,0)
(0,0,0)
(0,0,0)
(0,0,0)
(0,0,0)
(0,0,0)
(0,0,0)
(0,0,0)
(0,0,0)
(0,0,0)
(0,0,0)
(0,0,0)
(0,0,0)
(0,0,0)
(0,0,0)
(0,0,0)
(0,0,0)
(0,0,0)
(0,0,0)
(0,0,0)
(0,0,0)
(0,0,0)
(0,0,0)
(0,0,0)
(0,0,0)
(0,0,0)
(0,0,0)
(0,0,0)
(0,0,0)
(0,0,0)
(0,0,0)
(0,0,0)
(0,0,0)
(0,0,0)
(0,0,0)
(0,0,0)
(0,0,0)
(0,0,0)
(0,0,0)
(0,0,0)
(0,0,0)
(0,0,0)
(0,0,0)
(0,0,0)
(0,0,0)
(0,0,0)
(0,0,0)
(0,0,0)
(0,0,0)
(0,0,0)
(0,0,0)
(0,0,0)
(0,0,0)
(0,0,0)
(0,0,0)
(0,0,0)
(0,0,0)
(0,0,0)
(0,0,0)
(0,0,0)
(0,0,0)
(0,0,0)
(0,0,0)
(0,0,0)
(0,0,0)
(0,0,0)
(0,0,0)
(0,0,0)
(0,0,0)
(0,0,0)
(0,0,0)
(0,0,0)
(0,0,0)
(0,0,0)
(0,0,0)
(0,0,0)
(0,0,0)
(0,0,0)
(0,0,0)
(0,0,0)
(0,0,0)
(0,0,0)
(0,0,0)
(0,0,0)
(0,0,0)
(0,0,0)
(0,0,0)
(0,0,0)
(0,0,0)
(0,0,0)
(0,0,0)
(0,0,0)
(0,0,0)
(0,0,0)
(0,0,0)
(0,0,0)
(0,0,0)
(0,0,0)
(0,0,0)
(0,0,0)
(0,0,0)
(0,0,0)
(0,0,0)
(0,0,0)
(0,0,0)
(0,0,0)
(0,0,0)
(0,0,0)
(0,0,0)
(0,0,0)
(0,0,0)
(0,0,0)
(0,0,0)
(0,0,0)
(0,0,0)
(0,0,0)
(0,0,0)
(0,0,0)
(0,0,0)
(0,0,0)
(0,0,0)
(0,0,0)
(0,0,0)
(0,0,0)
(0,0,0)
(0,0,0)
(0,0,0)
(0,0,0)
(0,0,0)
(0,0,0)
(0,0,0)
(0,0,0)
(0,0,0)
(0,0,0)
(0,0,0)
(0,0,0)
(0,0,0)
(0,0,0)
(0,0,0)
(0,0,0)
(0,0,0)
(0,0,0)
(0,0,0)
(0,0,0)
(0,0,0)
(0,0,0)
(0,0,0)
(0,0,0)
(0,0,0)
(0,0,0)
(0,0,0)
(0,0,0)
(0,0,0)
(0,0,0)
(0,0,0)
(0,0,0)
(0,0,0)
(0,0,0)
(0,0,0)
(0,0,0)
(0,0,0)
(0,0,0)
(0,0,0)
(0,0,0)
(0,0,0)
