(0,0,0)
(0,0,0)
(0,0,0)
(0,0,0)
(0,0,0)
(0,0,0)
(0,0,0)
(0,0,0)
(0,0,0)
(0,0,0)
(0,0,0)
(0,0,0)
(0,0,0)
(0,0,0)
(0,0,0)
(0,0,0)
(0,0,0)
(0,0,0)
(0,0,0)
(0,0,0)
(0,0,0)
(0,0,0)
(0,0,0)
(0,0,0)
(0,0,0)
(0,0,0)
(0,0,0)
(0,0,0)
(0,0,0)
(0,0,0)
(0,0,0)
(0,0,0)
(0,0,0)
(0,0,0)
(0,0,0)
(0,0,0)
(0,0,0)
(0,0,0)
(0,0,0)
(0,0,0)
(0,0,0)
(0,0,0)
(0,0,0)
(0,0,0)
(0,0,0)
(0,0,0)
(0,0,0)
(0,0,0)
(0,0,0)
(0,0,0)
(0,0,0)
(0,0,0)
(0,0,0)
(0,0,0)
(0,0,0)
(0,0,0)
(0,0,0)
(0,0,0)
(0,0,0)
(0,0,0)
(0,0,0)
(0,0,0)
(0,0,0)
(0,0,0)
(0,0,0)
(0,0,0)
(0,0,0)
(0,0,0)
(0,0,0)
(0,0,0)
(0,0,0)
(0,0,0)
(0,0,0)
(0,0,0)
(0,0,0)
(0,0,0)
(0,0,0)
(0,0,0)
(0,0,0)
(0,0,0)
(0,0,0)
(0,0,0)
(0,0,0)
(0,0,0)
(0,0,0)
(0,0,0)
(0,0,0)
(0,0,0)
(0,0,0)
(0,0,0)
(0,0,0)
(0,0,0)
(0,0,0)
(0,0,0)
(0,0,0)
(0,0,0)
(0,0,0)
(0,0,0)
(0,0,0)
(0,0,0)
(0,0,0)
(0,0,0)
(0,0,0)
(0,0,0)
(0,0,0)
(0,0,0)
(0,0,0)
(0,0,0)
(0,0,0)
(0,0,0)
(0,0,0)
(0,0,0)
(0,0,0)
(0,0,0)
(0,0,0)
(0,0,0)
(0,0,0)
(0,0,0)
(0,0,0)
(0,0,0)
(0,0,0)
(0,0,0)
(0,0,0)
(0,0,0)
(0,0,0)
(0,0,0)
(0,0,0)
(0,0,0)
(0,0,0)
(0,0,0)
(0,0,0)
(0,0,0)
(0,0,0)
(0,0,0)
(0,0,0)
(0,0,0)
(0,0,0)
(0,0,0)
(0,0,0)
(0,0,0)
(0,0,0)
(0,0,0)
(0,0,0)
(0,0,0)
(0,0,0)
(0,0,0)
(0,0,0)
(0,0,0)
(0,0,0)
(0,0,0)
(0,0,0)
(0,0,0)
(0,0,0)
(0,0,0)
(0,0,0)
(0,0,0)
(0,0,0)
(0,0,0)
(0,0,0)
(0,0,0)
(0,0,0)
(0,0,0)
(0,0,0)
(0,0,0)
(0,0,0)
(0,0,0)
(0,0,0)
(0,0,0)
(0,0,0)
(0,0,0)
(0,0,0)
(0,0,0)
(0,0,0)
(0,0,0)
(0,0,0)
(0,0,0)
(0,0,0)
(0,0,0)
(0,0,0)
(0,0,0)
(0,0,0)
(0,0,0)
(0,0,0)
(0,0,0)
(0,0,0)
(0,0,0)
(0,0,0)
(0,0,0)
(0,0,0)
(0,0,0)
(0,0,0)
(0,0,0)
(0,0,0)
(0,0,0)
(0,0,0)
(0,0,0)
(0,0,0)
(0,0,0)
(0,0,0)
(0,0,0)
(0,0,0)
(0,0,0)
(0,0,0)
(0,0,0)
(0,0,0)
(0,0,0)
(0,0,0)
(0,0,0)
(0,0,0)
(0,0,0)
(0,0,0)
(0,0,0)
(0,0,0)
(0,0,0)
(0,0,0)
(0,0,0)
(0,0,0)
(0,0,0)
(0,0,0)
(0,0,0)
(0,0,0)
(0,0,0)
(0,0,0)
(0,0,0)
(0,0,0)
(0,0,0)
(0,0,0)
(0,0,0)
(0,0,0)
(0,0,0)
(0,0,0)
(0,0,0)
(0,0,0)
(0,0,0)
(0,0,0)
(0,0,0)
(0,0,0)
(0,0,0)
(0,0,0)
(0,0,0)
(0,0,0)
(0,0,0)
(0,0,0)
(0,0,0)
(0,0,0)
(0,0,0)
(0,0,0)
(0,0,0)
(0,0,0)
(0,0,0)
(0,0,0)
(0,0,0)
(0,0,0)
(0,0,0)
(0,0,0)
(0,0,0)
(0,0,0)
(0,0,0)
(0,0,0)
(0,0,0)
(0,0,0)
(0,0,0)
(0,0,0)
(0,0,0)
(0,0,0)
(0,0,0)
(0,0,0)
(0,0,0)
(0,0,0)
(0,0,0)
(0,0,0)
(0,0,0)
(0,0,0)
(0,0,0)
(0,0,0)
(0,0,0)
(0,0,0)
(0,0,0)
(0,0,0)
(0,0,0)
(0,0,0)
(0,0,0)
(0,0,0)
(0,0,0)
(0,0,0)
(0,0,0)
(0,0,0)
(0,0,0)
(0,0,0)
(0,0,0)
(0,0,0)
(0,0,0)
(0,0,0)
(0,0,0)
(0,0,0)
(0,0,0)
(0,0,0)
(0,0,0)
(0,0,0)
(0,0,0)
(0,0,0)
(0,0,0)
(0,0,0)
(0,0,0)
(0,0,0)
(0,0,0)
(0,0,0)
(0,0,0)
(0,0,0)
(0,0,0)
(0,0,0)
(0,0,0)
(0,0,0)
(0,0,0)
(0,0,0)
(0,0,0)
(0,0,0)
(0,0,0)
(0,0,0)
(0,0,0)
(0,0,0)
(0,0,0)
(0,0,0)
(0,0,0)
(0,0,0)
(0,0,0)
(0,0,0)
(0,0,0)
(0,0,0)
(0,0,0)
(0,0,0)
(0,0,0)
(0,0,0)
(0,0,0)
(0,0,0)
(0,0,0)
(0,0,0)
(0,0,0)
(0,0,0)
(0,0,0)
(0,0,0)
(0,0,0)
(0,0,0)
(0,0,0)
(0,0,0)
(0,0,0)
(0,0,0)
(0,0,0)
(0,0,0)
(0,0,0)
(0,0,0)
(0,0,0)
(0,0,0)
(0,0,0)
(0,0,0)
(0,0,0)
(0,0,0)
(0,0,0)
(0,0,0)
(0,0,0)
(0,0,0)
(0,0,0)
(0,0,0)
(0,0,0)
(0,0,0)
(0,0,0)
(0,0,0)
(0,0,0)
(0,0,0)
(0,0,0)
(0,0,0)
(0,0,0)
(0,0,0)
(0,0,0)
(0,0,0)
(0,0,0)
(0,0,0)
(0,0,0)
(0,0,0)
(0,0,0)
(0,0,0)
(0,0,0)
(0,0,0)
(0,0,0)
(0,0,0)
(0,0,0)
(0,0,0)
(0,0,0)
(0,0,0)
(0,0,0)
(0,0,0)
(0,0,0)
(0,0,0)
(0,0,0)
(0,0,0)
(0,0,0)
(0,0,0)
(0,0,0)
(0,0,0)
(0,0,0)
(0,0,0)
(0,0,0)
(0,0,0)
(0,0,0)
(0,0,0)
(0,0,0)
(0,0,0)
(0,0,0)
(0,0,0)
(0,0,0)
(0,0,0)
(0,0,0)
(0,0,0)
(0,0,0)
(0,0,0)
(0,0,0)
(0,0,0)
(0,0,0)
(0,0,0)
(0,0,0)
(0,0,0)
(0,0,0)
(0,0,0)
(0,0,0)
(0,0,0)
(0,0,0)
(0,0,0)
(0,0,0)
(0,0,0)
(0,0,0)
(0,0,0)
(0,0,0)
(0,0,0)
(0,0,0)
(0,0,0)
(0,0,0)
(0,0,0)
(0,0,0)
(0,0,0)
(0,0,0)
(0,0,0)
(0,0,0)
(0,0,0)
(0,0,0)
(0,0,0)
(0,0,0)
(0,0,0)
(0,0,0)
(0,0,0)
(0,0,0)
(0,0,0)
(0,0,0)
(0,0,0)
(0,0,0)
(0,0,0)
(0,0,0)
(0,0,0)
(0,0,0)
(0,0,0)
(0,0,0)
(0,0,0)
(0,0,0)
(0,0,0)
(0,0,0)
(0,0,0)
(0,0,0)
(0,0,0)
(0,0,0)
(0,0,0)
(0,0,0)
(0,0,0)
(0,0,0)
(0,0,0)
(0,0,0)
(0,0,0)
(0,0,0)
(0,0,0)
(0,0,0)
(0,0,0)
(0,0,0)
(0,0,0)
(0,0,0)
(0,0,0)
(0,0,0)
(0,0,0)
(0,0,0)
(0,0,0)
(0,0,0)
(0,0,0)
(0,0,0)
(0,0,0)
(0,0,0)
(0,0,0)
(0,0,0)
(0,0,0)
(0,0,0)
(0,0,0)
(0,0,0)
(0,0,0)
(0,0,0)
(0,0,0)
(0,0,0)
(0,0,0)
(0,0,0)
(0,0,0)
(0,0,0)
(0,0,0)
(0,0,0)
(0,0,0)
(0,0,0)
(0,0,0)
(0,0,0)
(0,0,0)
(0,0,0)
(0,0,0)
(0,0,0)
(0,0,0)
(0,0,0)
(0,0,0)
(0,0,0)
(0,0,0)
(0,0,0)
(0,0,0)
(0,0,0)
(0,0,0)
(0,0,0)
(0,0,0)
(0,0,0)
(0,0,0)
(0,0,0)
(0,0,0)
(0,0,0)
(0,0,0)
(0,0,0)
(0,0,0)
(0,0,0)
(0,0,0)
(0,0,0)
(0,0,0)
(0,0,0)
(0,0,0)
(0,0,0)
(0,0,0)
(0,0,0)
(0,0,0)
(0,0,0)
(0,0,0)
(0,0,0)
(0,0,0)
(0,0,0)
(0,0,0)
(0,0,0)
(0,0,0)
(0,0,0)
(0,0,0)
(0,0,0)
(0,0,0)
(0,0,0)
(0,0,0)
(0,0,0)
(0,0,0)
(0,0,0)
(0,0,0)
(0,0,0)
(0,0,0)
(0,0,0)
(0,0,0)
(0,0,0)
(0,0,0)
(0,0,0)
(0,0,0)
(0,0,0)
(0,0,0)
(0,0,0)
(0,0,0)
(0,0,0)
(0,0,0)
(0,0,0)
(0,0,0)
(0,0,0)
(0,0,0)
(0,0,0)
(0,0,0)
(0,0,0)
(0,0,0)
(0,0,0)
(0,0,0)
(0,0,0)
(0,0,0)
(0,0,0)
(0,0,0)
(0,0,0)
(0,0,0)
(0,0,0)
(0,0,0)
(0,0,0)
(0,0,0)
(0,0,0)
(0,0,0)
(0,0,0)
(0,0,0)
(0,0,0)
(0,0,0)
(0,0,0)
(0,0,0)
(0,0,0)
(0,0,0)
(0,0,0)
(0,0,0)
(0,0,0)
(0,0,0)
(0,0,0)
(0,0,0)
(0,0,0)
(0,0,0)
(0,0,0)
(0,0,0)
(0,0,0)
(0,0,0)
(0,0,0)
(0,0,0)
(0,0,0)
(0,0,0)
(0,0,0)
(0,0,0)
(0,0,0)
(0,0,0)
(0,0,0)
(0,0,0)
(0,0,0)
(0,0,0)
(0,0,0)
(0,0,0)
(0,0,0)
(0,0,0)
(0,0,0)
(0,0,0)
(0,0,0)
(0,0,0)
(0,0,0)
(0,0,0)
(0,0,0)
(0,0,0)
(0,0,0)
(0,0,0)
(0,0,0)
(0,0,0)
(0,0,0)
(0,0,0)
(0,0,0)
(0,0,0)
(0,0,0)
(0,0,0)
(0,0,0)
(0,0,0)
(0,0,0)
(0,0,0)
(0,0,0)
(0,0,0)
(0,0,0)
(0,0,0)
(0,0,0)
(0,0,0)
(0,0,0)
(0,0,0)
(0,0,0)
(0,0,0)
(0,0,0)
(0,0,0)
(0,0,0)
(0,0,0)
(0,0,0)
(0,0,0)
(0,0,0)
(0,0,0)
(0,0,0)
(0,0,0)
(0,0,0)
(0,0,0)
(0,0,0)
(0,0,0)
(0,0,0)
(0,0,0)
(0,0,0)
(0,0,0)
(0,0,0)
(0,0,0)
(0,0,0)
(0,0,0)
(0,0,0)
(0,0,0)
(0,0,0)
(0,0,0)
(0,0,0)
(0,0,0)
(0,0,0)
(0,0,0)
(0,0,0)
(0,0,0)
(0,0,0)
(0,0,0)
(0,0,0)
(0,0,0)
(0,0,0)
(0,0,0)
(0,0,0)
(0,0,0)
(0,0,0)
(0,0,0)
(0,0,0)
(0,0,0)
(0,0,0)
(0,0,0)
(0,0,0)
(0,0,0)
(0,0,0)
(0,0,0)
(0,0,0)
(0,0,0)
(0,0,0)
(0,0,0)
(0,0,0)
(0,0,0)
(0,0,0)
(0,0,0)
(0,0,0)
(0,0,0)
(0,0,0)
(0,0,0)
(0,0,0)
(0,0,0)
(0,0,0)
(0,0,0)
(0,0,0)
(0,0,0)
(0,0,0)
(0,0,0)
(0,0,0)
(0,0,0)
(0,0,0)
(0,0,0)
(0,0,0)
(0,0,0)
(0,0,0)
(0,0,0)
(0,0,0)
(0,0,0)
(0,0,0)
(0,0,0)
(0,0,0)
(0,0,0)
(0,0,0)
(0,0,0)
(0,0,0)
(0,0,0)
(0,0,0)
(0,0,0)
(0,0,0)
(0,0,0)
(0,0,0)
(0,0,0)
(0,0,0)
(0,0,0)
(0,0,0)
(0,0,0)
(0,0,0)
(0,0,0)
(0,0,0)
(0,0,0)
(0,0,0)
(0,0,0)
(0,0,0)
(0,0,0)
(0,0,0)
(0,0,0)
(0,0,0)
(0,0,0)
(0,0,0)
(0,0,0)
(0,0,0)
(0,0,0)
(0,0,0)
(0,0,0)
(0,0,0)
(0,0,0)
(0,0,0)
(0,0,0)
(0,0,0)
(0,0,0)
(0,0,0)
(0,0,0)
(0,0,0)
(0,0,0)
(0,0,0)
(0,0,0)
(0,0,0)
(0,0,0)
(0,0,0)
(0,0,0)
(0,0,0)
(0,0,0)
(0,0,0)
(0,0,0)
(0,0,0)
(0,0,0)
(0,0,0)
(0,0,0)
(0,0,0)
(0,0,0)
(0,0,0)
(0,0,0)
(0,0,0)
(0,0,0)
(0,0,0)
(0,0,0)
(0,0,0)
(0,0,0)
(0,0,0)
(0,0,0)
(-126430.28275451,67359.8706763419,59070.412078166)
(-133663.701649067,64604.8631498062,128129.250577427)
(-150448.391051892,58789.2268203931,219788.414808926)
(-182247.774900842,49675.0531525909,352361.136557183)
(-239603.042346369,37439.4513218912,554524.727581669)
(-342557.7461473,23358.3362260308,873724.137502932)
(-529003.001440338,10545.3701615131,1392181.76878178)
(-866025.202338841,2647.49967147887,2255559.47144918)
(-1428432.80639836,26.5135210974894,3683965.76432641)
(-1990349.33743169,-186.817723612149,5674501.91948175)
(0,0,0)
(0,0,0)
(0,0,0)
(0,0,0)
(0,0,0)
(0,0,0)
(-133664.689815232,144712.216365953,56312.3441256188)
(-140966.982036766,139505.601279112,122378.588033085)
(-158022.63966123,128452.288117803,210738.166396901)
(-190567.936400482,110853.058186123,340128.097763858)
(-249538.26510563,86621.2321532258,540484.582038141)
(-354977.794191705,57829.0263957608,860991.686060116)
(-543492.22645817,30595.909442406,1384433.37323739)
(-879246.303710921,13289.9651965265,2253037.21142318)
(-1437264.95799527,6500.89689764446,3683827.78604195)
(-1994488.67822279,3332.59627771648,5674797.05026334)
(0,0,0)
(0,0,0)
(0,0,0)
(0,0,0)
(0,0,0)
(0,0,0)
(-150232.464332728,243847.569558225,51097.1111404559)
(-157670.039280047,236862.870340968,111409.881358649)
(-175284.222691099,221913.641492812,193232.750674744)
(-209453.617958712,197624.112412154,315915.314407427)
(-272202.756829036,163061.403121155,511677.900268521)
(-384210.600794129,119969.78786224,833747.73959617)
(-579225.861717663,76369.9921646485,1367199.51859161)
(-912161.845877643,46376.6997708168,2246274.62989493)
(-1458487.10368476,30574.4528151423,3680688.17766223)
(-2004120.39598621,16591.272824204,5671549.897102)
(0,0,0)
(0,0,0)
(0,0,0)
(0,0,0)
(0,0,0)
(0,0,0)
(-181243.802249381,381007.742206312,44083.629601294)
(-188829.064228754,373221.110714191,96554.4534568269)
(-207145.866411296,356479.202367353,169134.758993575)
(-243672.536647822,328915.439871121,281515.968182422)
(-312647.307058491,288576.30358353,468648.374778545)
(-437234.697155852,235667.20573039,790185.65406625)
(-647734.43755011,176962.583002795,1337327.50077821)
(-975874.34868751,129009.71872118,2230568.83051529)
(-1497361.63190705,91674.5576454625,3666830.35759198)
(-2021086.27031514,49348.4803360033,5655159.42039546)
(0,0,0)
(0,0,0)
(0,0,0)
(0,0,0)
(0,0,0)
(0,0,0)
(-236853.564100102,581585.230510427,36276.0757959841)
(-244429.853761296,573982.803437776,79944.2368336919)
(-263125.163387814,557711.485287477,141837.117301383)
(-301624.224736893,530861.314994898,241515.466914498)
(-377018.200170615,491095.512206943,416014.458461702)
(-517156.179120341,437133.114057653,731704.729254755)
(-752029.736266913,371067.903435547,1289629.14508892)
(-1072841.26739072,298034.654263438,2193445.4769374)
(-1553821.71812233,214245.459758352,3624696.29294691)
(-2045577.60343208,113561.470347524,5606060.90636745)
(0,0,0)
(0,0,0)
(0,0,0)
(0,0,0)
(0,0,0)
(0,0,0)
(-337273.878361608,890172.82150729,28686.2873647485)
(-344486.617302732,883405.248609043,63750.4594962091)
(-362580.185541596,868890.393556999,115151.736768284)
(-400709.654368899,844704.00651241,202018.699619668)
(-476903.058392706,807676.321309738,362340.948909585)
(-619695.834396422,753260.743204659,665909.154159022)
(-855304.090149147,675448.187321913,1216832.96042181)
(-1161583.15278946,566589.318520373,2109861.44895434)
(-1615000.10995858,414862.551268343,3524244.467403)
(-2076398.84993446,221445.109721377,5492759.67796344)
(0,0,0)
(0,0,0)
(0,0,0)
(0,0,0)
(0,0,0)
(0,0,0)
(-521653.974619164,1389879.66494393,21947.1311825176)
(-528038.285821289,1384032.35569735,49358.3099155081)
(-544281.29855378,1371365.38606685,91164.6159594453)
(-579140.809470403,1349761.32432316,165248.107619099)
(-649910.194016945,1314683.65590001,308150.967045766)
(-784068.202030107,1257223.58698434,588256.325296191)
(-1005172.18881082,1160732.8578326,1108143.84359633)
(-1283697.23305897,1000083.89102985,1958346.50414583)
(-1706128.73993346,748256.62405326,3331081.17129432)
(-2126665.78014723,407659.182305247,5271532.87885781)
(0,0,0)
(0,0,0)
(0,0,0)
(0,0,0)
(0,0,0)
(0,0,0)
(-858883.483735991,2232675.6500631,16087.4986168306)
(-863997.565828333,2227344.00751902,36773.412623504)
(-877094.559505886,2215559.64154442,69673.7166518288)
(-905457.116468549,2194542.54125159,130349.616191937)
(-963609.571989635,2157848.38322905,250794.460852529)
(-1075138.45247626,2091371.77804656,491784.72226655)
(-1260291.33375403,1965180.75713384,947628.156719323)
(-1485789.77968793,1726716.99979689,1706784.82764023)
(-1871568.87785573,1335833.43138597,2990776.89816325)
(-2222789.32078552,757119.603355943,4864105.79789801)
(0,0,0)
(0,0,0)
(0,0,0)
(0,0,0)
(0,0,0)
(0,0,0)
(-1423603.33231416,3645503.46195481,10775.5204224074)
(-1427097.35914506,3640136.06336521,25080.8237212922)
(-1435994.15441453,3627883.54769964,48751.0719805638)
(-1455063.93410601,3604594.43579632,93763.1115418275)
(-1493481.5778356,3560759.21495241,184333.857654065)
(-1565657.87486512,3475828.83528432,365534.67528142)
(-1686845.19849744,3308371.12690355,709189.504009156)
(-1866968.26661988,2986819.86887016,1316054.90155577)
(-2176719.35725639,2416325.37665138,2412282.31354667)
(-2390458.99172332,1452780.18823943,4107080.72038651)
(0,0,0)
(0,0,0)
(0,0,0)
(0,0,0)
(0,0,0)
(0,0,0)
(-1988133.55681647,5628122.52870662,5514.49006468279)
(-1989885.61088081,5622574.0969312,12962.0673795024)
(-1994315.92963746,5609559.65375673,25601.8909599035)
(-2003689.47228382,5583850.61067622,50035.1883638632)
(-2022290.61433203,5533704.72791553,99380.2897327951)
(-2057056.86301183,5434286.24860837,197979.73942056)
(-2117702.43674265,5236391.87998796,387661.4230788)
(-2219934.35213867,4848751.95622571,745663.687861877)
(-2389911.35589649,4103069.36913629,1448831.05127342)
(-2406881.42503597,2654232.18021278,2654260.48433607)
(0,0,0)
(0,0,0)
(0,0,0)
(0,0,0)
(0,0,0)
(0,0,0)
(0,0,0)
(0,0,0)
(0,0,0)
(0,0,0)
(0,0,0)
(0,0,0)
(0,0,0)
(0,0,0)
(0,0,0)
(0,0,0)
(0,0,0)
(0,0,0)
(0,0,0)
(0,0,0)
(0,0,0)
(0,0,0)
(0,0,0)
(0,0,0)
(0,0,0)
(0,0,0)
(0,0,0)
(0,0,0)
(0,0,0)
(0,0,0)
(0,0,0)
(0,0,0)
(0,0,0)
(0,0,0)
(0,0,0)
(0,0,0)
(0,0,0)
(0,0,0)
(0,0,0)
(0,0,0)
(0,0,0)
(0,0,0)
(0,0,0)
(0,0,0)
(0,0,0)
(0,0,0)
(0,0,0)
(0,0,0)
(0,0,0)
(0,0,0)
(0,0,0)
(0,0,0)
(0,0,0)
(0,0,0)
(0,0,0)
(0,0,0)
(0,0,0)
(0,0,0)
(0,0,0)
(0,0,0)
(0,0,0)
(0,0,0)
(0,0,0)
(0,0,0)
(0,0,0)
(0,0,0)
(0,0,0)
(0,0,0)
(0,0,0)
(0,0,0)
(0,0,0)
(0,0,0)
(0,0,0)
(0,0,0)
(0,0,0)
(0,0,0)
(0,0,0)
(0,0,0)
(0,0,0)
(0,0,0)
(0,0,0)
(0,0,0)
(0,0,0)
(0,0,0)
(0,0,0)
(0,0,0)
(0,0,0)
(0,0,0)
(0,0,0)
(0,0,0)
(0,0,0)
(0,0,0)
(0,0,0)
(0,0,0)
(0,0,0)
(0,0,0)
(0,0,0)
(0,0,0)
(0,0,0)
(0,0,0)
(0,0,0)
(0,0,0)
(18666779.5661138,60031.9369013229,51772.8805920433)
(18654654.9860194,57230.3991498292,111238.460135397)
(18626748.467445,51160.9999178032,187895.268082279)
(18574496.4992838,41291.1456127946,294874.514646447)
(18481428.1760583,27433.553018523,451424.409584875)
(18315849.9394845,10878.6591398804,687152.731174717)
(18012024.6621256,-3973.33767598491,1055113.07164629)
(17411527.27485,-10548.8770814248,1693124.13790056)
(16056409.5812762,-8741.53346371237,3122037.95005141)
(12376128.8481595,-4281.25174844255,7664855.68257024)
(0,0,0)
(0,0,0)
(0,0,0)
(0,0,0)
(0,0,0)
(0,0,0)
(18654442.7991517,128001.642230467,48937.4720655448)
(18642297.7689985,122698.384756328,105219.401785489)
(18614129.3600921,111121.181403573,178121.886907971)
(18560888.3328683,91884.08860408,281087.341009515)
(18465243.1009467,63836.4791876738,434917.71514968)
(18294992.3293768,28498.4421676691,672342.474915129)
(17986479.9396816,-5196.28468433697,1048607.92214547)
(17388466.5689087,-19614.2647248099,1694975.10353093)
(16042069.3134551,-14652.6773381769,3126566.64231649)
(12369841.104131,-6252.64730431026,7669222.92188017)
(0,0,0)
(0,0,0)
(0,0,0)
(0,0,0)
(0,0,0)
(0,0,0)
(18626431.5867618,212741.494303938,43610.7631935767)
(18614239.0646235,205670.246830237,93744.4635777374)
(18585503.8789294,190053.683751139,159038.525971415)
(18529923.9343979,163393.018181974,253166.710398555)
(18427614.2078945,122577.857499817,399623.033724516)
(18243348.2133293,66922.3214760725,638655.006654375)
(17917141.0634188,7866.36444164286,1034240.09875361)
(17324812.1354291,-17289.381179178,1699955.90026301)
(16005026.1252423,-8233.31139494704,3135037.9717543)
(12354456.5273617,-342.014542309596,7675565.08200614)
(0,0,0)
(0,0,0)
(0,0,0)
(0,0,0)
(0,0,0)
(0,0,0)
(18574740.3277659,325290.577993484,36481.4526567608)
(18562543.2463271,317562.987985866,78231.0673069721)
(18533090.6078265,300456.646554048,132606.29662791)
(18473858.796967,270896.590804041,212586.056752703)
(18359318.029157,224124.213175329,344089.031223398)
(18143453.8820227,155673.162520364,579664.277362287)
(17762966.9628094,72645.0370001068,1009198.87080604)
(17179889.5901137,32052.249131153,1709107.96805613)
(15930183.8139172,35251.4568945865,3143092.4203039)
(12325699.3573299,24858.832495167,7676120.61198315)
(0,0,0)
(0,0,0)
(0,0,0)
(0,0,0)
(0,0,0)
(0,0,0)
(18483683.9761575,481060.139060001,28707.5650374646)
(18471747.6327454,473850.992666048,61256.740212195)
(18442106.0240664,458168.036522772,103328.829150949)
(18379766.2727086,431681.680102637,166167.908768484)
(18251248.6747788,391142.528410325,275897.384945781)
(17988061.0693498,334539.622621271,496828.342736442)
(17485882.1579639,267761.0863709,968815.065496514)
(16911284.1724879,209283.772779413,1712472.7683314)
(15812935.8207716,153081.710991717,3132899.64170187)
(12282961.017476,82726.6342550185,7651507.8853956)
(0,0,0)
(0,0,0)
(0,0,0)
(0,0,0)
(0,0,0)
(0,0,0)
(18321632.679687,705668.229770275,21500.01760273)
(18310477.3303656,699718.268758915,45683.4602032134)
(18282216.1807032,687029.592317123,77040.2045256725)
(18220996.1679662,666155.9155631,125874.813091846)
(18090987.1239492,634600.942939722,219540.882582188)
(17820280.0985425,588819.560043684,430299.67858251)
(17311742.9425721,525474.89511351,910553.503480389)
(16762449.1994739,444397.329963192,1656422.26039479)
(15713065.3717148,323701.099451698,3062752.05662306)
(12233963.1922624,171153.555783252,7568977.75925953)
(0,0,0)
(0,0,0)
(0,0,0)
(0,0,0)
(0,0,0)
(0,0,0)
(18020911.0824701,1052559.10235025,15558.7366923655)
(18011174.0231131,1047967.98596636,33111.3769122411)
(17986107.7543846,1038432.57823276,56334.0044199981)
(17930519.2960251,1023342.51235283,94501.9684964178)
(17809329.0867614,1000919.64090594,173958.656113515)
(17550490.3948114,966107.112474961,367127.173202328)
(17057290.826052,905524.892455838,829628.827358755)
(16561544.3881082,797924.985815153,1535874.21670129)
(15565241.2926184,582784.226497108,2910435.72346546)
(12150407.9261968,311517.493104643,7398012.74616181)
(0,0,0)
(0,0,0)
(0,0,0)
(0,0,0)
(0,0,0)
(0,0,0)
(17419834.4705374,1667883.02948486,10972.7849537422)
(17412126.7236851,1664164.28313142,23666.8646369212)
(17392134.3407979,1656555.14250948,41330.0664180409)
(17347214.9369156,1644823.65137161,72191.5403767434)
(17247378.4966796,1627908.73173853,139229.047236461)
(17027821.1581873,1600820.19992898,306571.015480599)
(16596151.7053259,1538552.5708987,722114.964319372)
(16272882.4898138,1345457.68732502,1320924.65966934)
(15267084.4659724,1030642.50888405,2639427.69981589)
(11957029.3260378,589445.053408763,7086696.1590501)
(0,0,0)
(0,0,0)
(0,0,0)
(0,0,0)
(0,0,0)
(0,0,0)
(16061171.1682223,3080838.0893295,7285.10598056826)
(16055971.9773492,3077223.53552749,16171.1834519331)
(16042627.8476519,3069440.22077324,29678.7694833523)
(16013250.0848914,3055874.68464784,55328.3835712905)
(15950752.0745851,3031898.68697332,112119.442277457)
(15823628.1606803,2984398.2731286,244269.999894091)
(15594482.4142651,2877450.87362394,529058.750768066)
(15272549.0370447,2633764.74169826,1006249.05909199)
(14363674.1349765,2203071.59239475,2198441.14971005)
(11368719.3683313,1436334.52969366,6497387.9797321)
(0,0,0)
(0,0,0)
(0,0,0)
(0,0,0)
(0,0,0)
(0,0,0)
(12377846.6873096,7616124.2563303,3748.25523471308)
(12375261.8780805,7612318.27632979,8520.69183269398)
(12368714.8304635,7603718.9423969,16225.8764697946)
(12354598.2580036,7587409.85161781,31417.6455741442)
(12325539.013542,7555910.10272477,64591.2683103905)
(12268417.7560183,7491252.75800727,137276.830763265)
(12162663.1153969,7353967.45251261,285409.366096743)
(11960076.3701698,7068534.61708381,575643.434764484)
(11369186.1926993,6492848.68302388,1431783.46190117)
(9244162.56472238,5061035.37115352,5061053.2970445)
(0,0,0)
(0,0,0)
(0,0,0)
(0,0,0)
(0,0,0)
(0,0,0)
(0,0,0)
(0,0,0)
(0,0,0)
(0,0,0)
(0,0,0)
(0,0,0)
(0,0,0)
(0,0,0)
(0,0,0)
(0,0,0)
(0,0,0)
(0,0,0)
(0,0,0)
(0,0,0)
(0,0,0)
(0,0,0)
(0,0,0)
(0,0,0)
(0,0,0)
(0,0,0)
(0,0,0)
(0,0,0)
(0,0,0)
(0,0,0)
(0,0,0)
(0,0,0)
(0,0,0)
(0,0,0)
(0,0,0)
(0,0,0)
(0,0,0)
(0,0,0)
(0,0,0)
(0,0,0)
(0,0,0)
(0,0,0)
(0,0,0)
(0,0,0)
(0,0,0)
(0,0,0)
(0,0,0)
(0,0,0)
(0,0,0)
(0,0,0)
(0,0,0)
(0,0,0)
(0,0,0)
(0,0,0)
(0,0,0)
(0,0,0)
(0,0,0)
(0,0,0)
(0,0,0)
(0,0,0)
(0,0,0)
(0,0,0)
(0,0,0)
(0,0,0)
(0,0,0)
(0,0,0)
(0,0,0)
(0,0,0)
(0,0,0)
(0,0,0)
(0,0,0)
(0,0,0)
(0,0,0)
(0,0,0)
(0,0,0)
(0,0,0)
(0,0,0)
(0,0,0)
(0,0,0)
(0,0,0)
(0,0,0)
(0,0,0)
(0,0,0)
(0,0,0)
(0,0,0)
(0,0,0)
(0,0,0)
(0,0,0)
(0,0,0)
(0,0,0)
(0,0,0)
(0,0,0)
(0,0,0)
(0,0,0)
(0,0,0)
(0,0,0)
(0,0,0)
(0,0,0)
(0,0,0)
(0,0,0)
(0,0,0)
(0,0,0)
(-325276.697445551,47500.3472914968,39541.2499061792)
(-338682.185652549,44678.4606489262,83185.2945675477)
(-368983.503682578,38380.0560296034,135522.543303945)
(-424216.02520599,27545.6346246767,201674.766807455)
(-518763.674801801,11146.1339247941,285705.817381146)
(-676602.782120512,-10051.3803723175,383195.252996943)
(-934756.0125629,-29552.4890313981,454513.75035528)
(-1343328.53865155,-33601.1541214472,337956.051616598)
(-1929315.67268381,-23068.2929251547,-558265.067859964)
(-2365208.7224652,-10568.0068923883,-4711374.15670432)
(0,0,0)
(0,0,0)
(0,0,0)
(0,0,0)
(0,0,0)
(0,0,0)
(-339422.470981127,99669.468826777,36681.4822359256)
(-352593.762074706,94330.992482328,76905.8151140197)
(-382592.391130988,82241.5469173912,124751.409087737)
(-437868.093980178,60707.0889791227,185331.715220155)
(-533871.835354007,26039.6178544276,264538.50122959)
(-696002.695534227,-23249.04910079,363716.528507353)
(-960240.331647951,-74600.4022406316,450470.0466844)
(-1364897.57837779,-83274.7101875744,348493.083675298)
(-1940139.59072084,-51663.1220080071,-545717.849427396)
(-2369042.72284589,-21624.5339247117,-4700792.16177978)
(0,0,0)
(0,0,0)
(0,0,0)
(0,0,0)
(0,0,0)
(0,0,0)
(-371033.509737887,160780.284843297,31339.6141215932)
(-383747.827710887,153739.425745017,64903.4068316726)
(-413191.216975344,137460.460340515,103364.922951545)
(-469012.274728975,107186.479769969,150807.074925934)
(-570045.384781505,54175.9848665651,215315.634228154)
(-748950.772227073,-33037.8001150821,312388.704437124)
(-1045559.40401114,-146325.961630117,441800.064894873)
(-1439589.50594903,-162176.319690629,380088.649414269)
(-1972933.14201258,-83012.5820298149,-515617.28967059)
(-2379574.33684447,-29073.6828956391,-4679151.94285521)
(0,0,0)
(0,0,0)
(0,0,0)
(0,0,0)
(0,0,0)
(0,0,0)
(-427709.627736835,233964.755859215,24250.8181252274)
(-439747.285524513,226535.595275139,48730.5140850277)
(-468361.345858482,209303.987979619,73324.2737692637)
(-525353.735288367,176658.572637955,98050.0467949592)
(-637669.531272427,115929.363220024,128269.562509236)
(-865674.710433449,167.446554946926,199178.24193364)
(-1310727.67985579,-204496.279425453,426028.536032441)
(-1684030.37757103,-236560.063342784,459317.581007719)
(-2055062.56448048,-81960.8859069099,-461502.403079097)
(-2402139.16229941,-17866.1909874514,-4649886.0417197)
(0,0,0)
(0,0,0)
(0,0,0)
(0,0,0)
(0,0,0)
(0,0,0)
(-522893.54747166,318758.958692439,16768.6544343461)
(-533957.952597883,312379.403237353,31615.7654538015)
(-561034.865797674,298098.167046886,40947.809888911)
(-618058.699823403,272758.692145651,37657.9965515946)
(-743693.480157451,230768.264508095,12746.583838071)
(-1065353.37705371,166662.551443373,-5348.74100854808)
(-2116633.40023028,93549.4401471819,394106.431251293)
(-2510631.93407633,60415.7563102547,614032.051800762)
(-2216021.25959202,53212.2098275573,-397198.629931656)
(-2439084.63665664,33734.8817574064,-4631768.71490539)
(0,0,0)
(0,0,0)
(0,0,0)
(0,0,0)
(0,0,0)
(0,0,0)
(-679809.740009864,404805.579922943,10381.132104753)
(-689545.370019989,400291.990601178,17476.5787648433)
(-713858.948144024,390802.681627852,15832.5266694937)
(-766930.831840596,375601.306657955,-4097.75439774951)
(-889105.394367421,352883.952432638,-51135.5903673116)
(-1209970.05321239,318978.861877543,-78216.4154082414)
(-2210107.81050157,270953.306254603,361215.805196257)
(-2571324.72024547,243415.321432184,606975.493432102)
(-2291125.963238,175820.556235838,-416456.184385043)
(-2476039.99057529,87566.0046148682,-4665298.79076632)
(0,0,0)
(0,0,0)
(0,0,0)
(0,0,0)
(0,0,0)
(0,0,0)
(-936500.179479716,451325.724028439,5876.45148270852)
(-944577.626880214,448781.999777897,8123.42593760224)
(-965085.757967485,444323.779282375,781.174273373625)
(-1011350.63408917,439936.009586392,-26698.2649024423)
(-1123498.57893977,438894.51435195,-84895.8274822279)
(-1437743.08182538,443378.502559911,-126076.657889407)
(-2481012.36949122,444309.100454936,333856.077091918)
(-2814878.80801234,509171.869486357,539508.058796645)
(-2404481.81281156,284548.15594699,-504511.101845987)
(-2536927.36948053,118088.225882581,-4752712.69379818)
(0,0,0)
(0,0,0)
(0,0,0)
(0,0,0)
(0,0,0)
(0,0,0)
(-1346300.5077246,309102.758623304,3343.27730539651)
(-1352427.74299716,307895.079519579,3769.99788429204)
(-1368128.42969357,306890.24372433,-3548.3624278232)
(-1404425.72006168,310699.394903232,-27685.7571290174)
(-1497231.05755836,331173.728226238,-80370.083126881)
(-1785571.66108577,396532.215061074,-125145.642716674)
(-2925252.72879389,536761.095976575,398792.129519919)
(-2384188.74030627,344989.24217943,315031.320585285)
(-2494730.03025361,127148.583091563,-670769.276694847)
(-2631114.19645766,1117.54110467029,-4870669.73578306)
(0,0,0)
(0,0,0)
(0,0,0)
(0,0,0)
(0,0,0)
(0,0,0)
(-1934240.32083249,-602653.743527888,2153.32484430926)
(-1938236.27129834,-603645.633878025,2887.62052775964)
(-1948295.36357386,-604641.425459218,327.834575465484)
(-1970616.67887155,-602935.536862847,-7185.13625709146)
(-2021748.38722871,-593463.847579595,-15061.764999105)
(-2144022.04079759,-570947.627460304,15053.6126384734)
(-2411299.15165082,-554510.847642682,207092.455811902)
(-2498829.56799423,-678866.424157572,97312.0608260683)
(-2728717.55193277,-791533.544549068,-796628.79098565)
(-2771914.71870229,-688269.844170706,-4871621.9850383)
(0,0,0)
(0,0,0)
(0,0,0)
(0,0,0)
(0,0,0)
(0,0,0)
(-2369017.43320462,-4761998.39918483,1194.10980953316)
(-2370972.84278626,-4763243.57592653,2012.10636309736)
(-2375788.59313196,-4765290.25908883,2149.69722648478)
(-2386104.34838452,-4767476.7021117,2378.8025017031)
(-2408069.16708706,-4769939.05698876,7447.52617828309)
(-2454116.22884524,-4777459.20512389,31478.4223437341)
(-2539212.33027716,-4808983.85316093,82812.2071744101)
(-2633885.18811955,-4891837.79789951,-15269.5271561113)
(-2772734.02249953,-4876590.60508728,-693306.917780715)
(-2675828.16824215,-4183295.51728664,-4183305.17806186)
(0,0,0)
(0,0,0)
(0,0,0)
(0,0,0)
(0,0,0)
(0,0,0)
(0,0,0)
(0,0,0)
(0,0,0)
(0,0,0)
(0,0,0)
(0,0,0)
(0,0,0)
(0,0,0)
(0,0,0)
(0,0,0)
(0,0,0)
(0,0,0)
(0,0,0)
(0,0,0)
(0,0,0)
(0,0,0)
(0,0,0)
(0,0,0)
(0,0,0)
(0,0,0)
(0,0,0)
(0,0,0)
(0,0,0)
(0,0,0)
(0,0,0)
(0,0,0)
(0,0,0)
(0,0,0)
(0,0,0)
(0,0,0)
(0,0,0)
(0,0,0)
(0,0,0)
(0,0,0)
(0,0,0)
(0,0,0)
(0,0,0)
(0,0,0)
(0,0,0)
(0,0,0)
(0,0,0)
(0,0,0)
(0,0,0)
(0,0,0)
(0,0,0)
(0,0,0)
(0,0,0)
(0,0,0)
(0,0,0)
(0,0,0)
(0,0,0)
(0,0,0)
(0,0,0)
(0,0,0)
(0,0,0)
(0,0,0)
(0,0,0)
(0,0,0)
(0,0,0)
(0,0,0)
(0,0,0)
(0,0,0)
(0,0,0)
(0,0,0)
(0,0,0)
(0,0,0)
(0,0,0)
(0,0,0)
(0,0,0)
(0,0,0)
(0,0,0)
(0,0,0)
(0,0,0)
(0,0,0)
(0,0,0)
(0,0,0)
(0,0,0)
(0,0,0)
(0,0,0)
(0,0,0)
(0,0,0)
(0,0,0)
(0,0,0)
(0,0,0)
(0,0,0)
(0,0,0)
(0,0,0)
(0,0,0)
(0,0,0)
(0,0,0)
(0,0,0)
(0,0,0)
(0,0,0)
(0,0,0)
(0,0,0)
(0,0,0)
(-384539.230461764,33202.2301849205,26060.3028312941)
(-395934.413198822,30584.9677667694,52727.5626108018)
(-420997.329395862,24590.9936990226,80150.3946250647)
(-464793.761754342,13736.8212023708,106991.309971042)
(-535484.834857677,-4047.37296671795,127759.842993638)
(-644240.667157552,-29511.3307416547,124909.058772335)
(-800538.975896516,-55069.2310588221,45761.2531647743)
(-994337.053586038,-55136.8914373096,-248093.340463435)
(-1149415.9857507,-33865.1305817704,-994127.896814744)
(-998853.735272026,-14384.7048209853,-2346098.17918691)
(0,0,0)
(0,0,0)
(0,0,0)
(0,0,0)
(0,0,0)
(0,0,0)
(-397434.429285348,67768.2844496672,23445.9040394732)
(-408173.131215046,62825.6872935433,46784.5536530393)
(-431842.202053219,51289.1607097171,69336.1975645787)
(-473293.800750476,29288.4180245392,89210.3075127041)
(-540751.592103755,-10264.691046886,102307.382342624)
(-646362.687925197,-76230.5448099893,99386.5888019339)
(-801685.139309186,-159921.885815138,45684.051219491)
(-989637.56303396,-157916.304761788,-226796.550799853)
(-1141816.07746462,-84399.5506484555,-974585.643989376)
(-994193.517966891,-32116.0734050088,-2331703.48028441)
(0,0,0)
(0,0,0)
(0,0,0)
(0,0,0)
(0,0,0)
(0,0,0)
(-425665.199417122,103854.078108688,18545.8960202177)
(-435142.830408761,97439.0774559972,35327.5085556342)
(-456035.145807253,82021.129551972,47439.4685452879)
(-492704.730956977,50681.4753485781,49738.8674492542)
(-553462.544628559,-13502.6601279605,36393.9963773799)
(-654800.186218366,-149735.87877023,15748.7443289016)
(-826003.716264546,-411420.286661063,47691.4574282396)
(-990009.253872776,-406499.144203461,-153305.955206357)
(-1123356.15706423,-165016.463877416,-922266.026925738)
(-982780.626888151,-51570.9796211796,-2299604.83066589)
(0,0,0)
(0,0,0)
(0,0,0)
(0,0,0)
(0,0,0)
(0,0,0)
(-474445.474417754,138455.170798084,12134.7539915312)
(-482174.622612099,131995.147738827,20006.020796292)
(-499012.956137931,116393.774842441,16284.9857852744)
(-527939.008538224,83803.000588296,-14251.2662045878)
(-575578.535703707,9833.68628782002,-99678.6081890856)
(-669706.020351058,-199541.272841417,-245841.904200291)
(-1010266.60060591,-1010395.00727618,52671.7371649405)
(-1062970.83784014,-1063086.43603168,88199.4892622819)
(-1080391.48072339,-242816.103869374,-808671.954502851)
(-959744.257535759,-54751.1595870201,-2247886.67930068)
(0,0,0)
(0,0,0)
(0,0,0)
(0,0,0)
(0,0,0)
(0,0,0)
(-551565.663686315,161473.509514018,5653.77749872001)
(-557270.170059609,156463.937459747,4497.20523952449)
(-569073.004834928,145028.334539749,-16099.2154205275)
(-586126.460284496,123729.619443971,-87958.073815106)
(-598241.472606946,85276.6157900636,-308853.010867857)
(-539125.689013325,21976.3298248852,-1056598.30157456)
(-8.90291221320396e-05,-2.43036803397258e-05,5.88838430941437e-05)
(199.848824948679,-219.48100214082,908530.121490127)
(-908120.651869437,-21797.2816553832,-620389.308446472)
(-918193.67794946,-3149.22910400435,-2192882.1976367)
(0,0,0)
(0,0,0)
(0,0,0)
(0,0,0)
(0,0,0)
(0,0,0)
(-666832.747882297,147832.557710011,663.959676442292)
(-670657.592215694,145028.845133432,-6788.72580154158)
(-677851.779079337,139440.224150286,-37207.7844767638)
(-685258.814512012,131092.222395216,-126242.404756593)
(-676505.373639115,118404.942738896,-371970.752433741)
(-572756.37195692,91144.97654869,-1078353.08041302)
(-8.131435687904e-05,-3.03776779001765e-05,4.46473162469834e-05)
(262.832418984998,-119.042347737898,887128.981645716)
(-886828.994469572,62510.9314537044,-601476.200231798)
(-917889.410378111,26707.525774455,-2189483.53530738)
(0,0,0)
(0,0,0)
(0,0,0)
(0,0,0)
(0,0,0)
(0,0,0)
(-827845.661594453,41290.9357665862,-2112.89594183395)
(-830118.830280326,40723.5418981288,-12266.3893064314)
(-833594.146030721,41138.9640776733,-45456.7411705716)
(-833605.97169404,46759.3461540585,-138868.527324537)
(-809916.185367944,65069.7766208341,-399115.754778307)
(-671840.150832262,95460.6249765227,-1169334.33419925)
(-0.000221268903178748,8.16265994086041e-05,6.15468769189708e-05)
(385.363570343721,939771.101837035,949823.882665695)
(-949270.341223859,194231.913522141,-637108.570990436)
(-955140.616247622,23870.0269425406,-2216057.82539143)
(0,0,0)
(0,0,0)
(0,0,0)
(0,0,0)
(0,0,0)
(0,0,0)
(-1023398.58120392,-278937.396714708,-2673.59403939482)
(-1024546.33456371,-278031.543686173,-11799.9168885456)
(-1025558.43442441,-273401.949476558,-39828.9986034792)
(-1021348.59953046,-255612.870918396,-120533.902062248)
(-990559.219224913,-193446.764730732,-368689.199044142)
(-831897.389118759,37934.8914656076,-1264837.73750023)
(427.779520111974,1050554.3795483,939765.354699989)
(-939199.792610109,230190.265141888,204357.243698961)
(-1181873.87647597,-106949.861936218,-807317.134620323)
(-1035018.37811562,-139721.366787553,-2239821.55923226)
(0,0,0)
(0,0,0)
(0,0,0)
(0,0,0)
(0,0,0)
(0,0,0)
(-1173972.49866928,-1037449.90248145,-1755.31639646394)
(-1174498.30480051,-1036419.61722051,-7105.20935994202)
(-1174620.91702726,-1032182.16630797,-21999.4390751042)
(-1171404.5778464,-1018491.36229198,-58333.0487266717)
(-1156332.81229647,-979875.207577045,-137320.180812592)
(-1110029.75258801,-881169.317421357,-252208.260135224)
(-1049869.36377378,-682586.719035742,119503.050571781)
(-1202393.32301441,-814076.280592045,-132666.648674104)
(-1292740.26497446,-835657.425931767,-839936.371636853)
(-1059425.18907749,-592229.100337428,-2099918.1677118)
(0,0,0)
(0,0,0)
(0,0,0)
(0,0,0)
(0,0,0)
(0,0,0)
(-1012720.80736829,-2393031.54345652,-714.984861250923)
(-1012944.33344569,-2392369.17875508,-2793.9326672657)
(-1012956.82002342,-2389612.54463349,-8195.32745028461)
(-1011677.51039384,-2381508.14931273,-19605.378420188)
(-1006920.49460183,-2362026.46571419,-38602.7927682613)
(-996770.534336107,-2323505.2865464,-53612.5181523545)
(-993543.05747217,-2269973.97146998,-11894.5385230844)
(-1047538.62216952,-2258155.48770934,-154161.897355791)
(-1062081.04073703,-2104020.53322971,-596451.771820344)
(-849308.253758247,-1507597.40712962,-1507603.37951205)
(0,0,0)
(0,0,0)
(0,0,0)
(0,0,0)
(0,0,0)
(0,0,0)
(0,0,0)
(0,0,0)
(0,0,0)
(0,0,0)
(0,0,0)
(0,0,0)
(0,0,0)
(0,0,0)
(0,0,0)
(0,0,0)
(0,0,0)
(0,0,0)
(0,0,0)
(0,0,0)
(0,0,0)
(0,0,0)
(0,0,0)
(0,0,0)
(0,0,0)
(0,0,0)
(0,0,0)
(0,0,0)
(0,0,0)
(0,0,0)
(0,0,0)
(0,0,0)
(0,0,0)
(0,0,0)
(0,0,0)
(0,0,0)
(0,0,0)
(0,0,0)
(0,0,0)
(0,0,0)
(0,0,0)
(0,0,0)
(0,0,0)
(0,0,0)
(0,0,0)
(0,0,0)
(0,0,0)
(0,0,0)
(0,0,0)
(0,0,0)
(0,0,0)
(0,0,0)
(0,0,0)
(0,0,0)
(0,0,0)
(0,0,0)
(0,0,0)
(0,0,0)
(0,0,0)
(0,0,0)
(0,0,0)
(0,0,0)
(0,0,0)
(0,0,0)
(0,0,0)
(0,0,0)
(0,0,0)
(0,0,0)
(0,0,0)
(0,0,0)
(0,0,0)
(0,0,0)
(0,0,0)
(0,0,0)
(0,0,0)
(0,0,0)
(0,0,0)
(0,0,0)
(0,0,0)
(0,0,0)
(0,0,0)
(0,0,0)
(0,0,0)
(0,0,0)
(0,0,0)
(0,0,0)
(0,0,0)
(0,0,0)
(0,0,0)
(0,0,0)
(0,0,0)
(0,0,0)
(0,0,0)
(0,0,0)
(0,0,0)
(0,0,0)
(0,0,0)
(0,0,0)
(0,0,0)
(0,0,0)
(0,0,0)
(0,0,0)
(-419451.280300355,20265.9879497122,14646.0618888793)
(-427135.665353722,18266.0162976163,27581.2977461628)
(-443358.971549749,13643.5091553579,36299.4307446901)
(-469858.886607492,5153.8700493321,36210.6855485083)
(-508824.357210012,-9359.01938138236,18909.2272822191)
(-562091.865002326,-31672.9798945257,-31566.5949784823)
(-627650.602886025,-56226.1720455717,-148228.795943404)
(-688917.366255606,-50394.8978920136,-403253.585381821)
(-682854.982650619,-26211.9658589181,-843602.622622991)
(-485591.455108373,-9662.68744328049,-1347202.21534331)
(0,0,0)
(0,0,0)
(0,0,0)
(0,0,0)
(0,0,0)
(0,0,0)
(-429238.704230173,39404.4846433227,12665.7782512115)
(-435943.56587344,35660.6955588074,23041.5336484108)
(-449846.134081574,26874.2087565097,27814.7660756129)
(-471687.117102825,9720.10699831728,21641.8454789809)
(-502040.147467146,-23003.5962082591,-3425.0223307566)
(-540779.863750469,-84604.7344802293,-56076.0919197822)
(-587426.422842261,-184141.371033049,-142419.609399233)
(-645245.295739503,-158156.325297965,-379050.449287735)
(-654235.87379413,-65848.4062918545,-826994.212525293)
(-472722.413842134,-20642.1041743542,-1337485.89991896)
(0,0,0)
(0,0,0)
(0,0,0)
(0,0,0)
(0,0,0)
(0,0,0)
(-450229.898345189,54989.778092801,8979.40547858627)
(-455085.521929953,50257.7902311457,14325.0023274443)
(-464412.072378433,38894.7537328936,10681.3839222415)
(-476590.957237268,15389.7170171368,-11101.9998162848)
(-486995.014185657,-35561.6656397822,-65011.460827664)
(-484418.120514444,-164483.839704996,-155514.42130681)
(-453790.589392546,-595476.062841853,-116392.856370005)
(-498571.237099151,-479252.724544405,-286734.473897193)
(-572317.687259097,-121905.537916728,-781715.812077473)
(-439882.710900709,-28459.2397673512,-1316796.59247193)
(0,0,0)
(0,0,0)
(0,0,0)
(0,0,0)
(0,0,0)
(0,0,0)
(-484965.685943799,61177.629140437,4332.3604784083)
(-487381.555565441,56700.2886137674,3096.79504912477)
(-490519.729929526,46180.2755821844,-12681.9530085683)
(-488846.391329442,25556.1693446162,-61941.0225448321)
(-466504.061915371,-12771.3785952866,-193805.783377671)
(-372793.618969326,-68843.2058584633,-586358.818605936)
(-4.46509463256082e-05,-8.11764919517691e-06,2.35919881736281e-05)
(109.795365712452,207.612731335144,70669.8997271909)
(-373065.958577733,-70450.8500120668,-688110.310323128)
(-374959.81477585,-13142.9712835139,-1288211.0215669)
(0,0,0)
(0,0,0)
(0,0,0)
(0,0,0)
(0,0,0)
(0,0,0)
(-536171.804267759,45872.8441937619,-89.0744718787718)
(-536122.474376195,42780.8277682827,-7317.30930981339)
(-533088.075306215,36047.0836089946,-33169.0468653379)
(-518154.501304314,24518.5591472302,-100103.395648137)
(-468415.042514167,7015.93464768167,-249717.138983877)
(-328635.358603708,-11636.1999294037,-517414.475322538)
(4.94912220993757e-06,-3.58829760147131e-06,-0.000105430993483073)
(-9.71195569835627e-05,-9.92499033924056e-06,3.1880986304643e-06)
(285.784000565993,-414.231782610933,-630596.720792353)
(-284288.678666795,-2798.27765751148,-1274846.41370099)
(0,0,0)
(0,0,0)
(0,0,0)
(0,0,0)
(0,0,0)
(0,0,0)
(-604332.571431963,-13483.9454149339,-3143.38684163872)
(-602401.414606049,-14667.8693712131,-13950.8673117877)
(-594720.310214289,-16445.8955625084,-44589.3570053322)
(-570480.848266067,-17357.0895295487,-117491.6745745)
(-503670.230456485,-15117.3946401615,-268193.48846928)
(-338989.392573198,-8017.54186779539,-505579.125914598)
(-1.57466484006102e-06,-9.20714380549322e-06,-8.08764056639839e-05)
(-7.20054708011073e-05,-2.13082065251553e-05,2.99222379860047e-06)
(456.374318165934,87.7616756514562,-632675.679837355)
(-271017.456780518,-10537.5308578853,-1271808.38023459)
(0,0,0)
(0,0,0)
(0,0,0)
(0,0,0)
(0,0,0)
(0,0,0)
(-682561.317516139,-154469.384790818,-4298.90470242978)
(-679548.630683082,-153890.750036902,-15646.2236339754)
(-669298.478113697,-150955.896135619,-45431.8909778948)
(-640107.287336911,-141097.824507893,-115189.840356677)
(-563561.492084446,-115703.386822545,-260958.541457794)
(-378663.406561652,-64782.2816917205,-497370.545904487)
(-1.21745501960298e-05,-0.000129156037758343,-9.59044789399725e-05)
(-0.000124775920059119,4.85418366574117e-06,3.20026066768612e-06)
(293.3208338961,-38488.8115091761,-643140.490822671)
(-291597.52589589,-56075.6333418314,-1261145.47869044)
(0,0,0)
(0,0,0)
(0,0,0)
(0,0,0)
(0,0,0)
(0,0,0)
(-744529.988100945,-429633.420720529,-3704.55717327269)
(-741352.569192908,-428111.163013847,-12677.9095671341)
(-731053.088725812,-422565.045879039,-35574.1055223089)
(-702468.920749325,-405791.241539763,-89760.3672715709)
(-626673.364204778,-359386.135263515,-209963.473850728)
(-433725.594254883,-240453.54833286,-432464.002073467)
(-0.000151250107030091,1.08056775905114e-05,5.48868508664185e-06)
(118.058343736144,-33215.0499875603,-38409.2437984449)
(-380206.51928706,-217994.143328844,-660571.269167689)
(-382477.244526989,-164233.093424468,-1204954.94267371)
(0,0,0)
(0,0,0)
(0,0,0)
(0,0,0)
(0,0,0)
(0,0,0)
(-725210.540048685,-876245.470350508,-2149.90899061181)
(-722731.513341977,-874930.766780348,-7097.09668264635)
(-714953.272183389,-870591.418589668,-18738.3688158859)
(-693815.564868947,-858869.671929498,-43248.9514036045)
(-637415.882567273,-830592.943624288,-90959.0727720255)
(-481368.376950804,-768104.815285214,-191969.18145687)
(440.457668063023,-626481.81538861,-33029.3322402484)
(-386170.061436029,-659397.2861224,-223070.3576838)
(-522021.101585679,-605104.514192102,-606679.15020933)
(-407612.37869501,-382147.81024156,-1040577.24377472)
(0,0,0)
(0,0,0)
(0,0,0)
(0,0,0)
(0,0,0)
(0,0,0)
(-507810.269837881,-1380301.85160654,-854.156274371236)
(-506521.512040301,-1379461.92617963,-2745.81828048645)
(-502622.549865285,-1376760.6764615,-6910.83056680101)
(-492640.933645857,-1369969.61556791,-14847.4636763838)
(-468717.688506509,-1355218.18274806,-28425.030647926)
(-416108.790896875,-1326864.10009371,-50327.4892786723)
(-327863.44701505,-1276610.4739569,-65878.4411675142)
(-393289.362100782,-1210791.73521866,-168733.252139997)
(-410174.032934379,-1042049.40616907,-383695.36796569)
(-298459.520948856,-658352.460522861,-658339.450493789)
(0,0,0)
(0,0,0)
(0,0,0)
(0,0,0)
(0,0,0)
(0,0,0)
(0,0,0)
(0,0,0)
(0,0,0)
(0,0,0)
(0,0,0)
(0,0,0)
(0,0,0)
(0,0,0)
(0,0,0)
(0,0,0)
(0,0,0)
(0,0,0)
(0,0,0)
(0,0,0)
(0,0,0)
(0,0,0)
(0,0,0)
(0,0,0)
(0,0,0)
(0,0,0)
(0,0,0)
(0,0,0)
(0,0,0)
(0,0,0)
(0,0,0)
(0,0,0)
(0,0,0)
(0,0,0)
(0,0,0)
(0,0,0)
(0,0,0)
(0,0,0)
(0,0,0)
(0,0,0)
(0,0,0)
(0,0,0)
(0,0,0)
(0,0,0)
(0,0,0)
(0,0,0)
(0,0,0)
(0,0,0)
(0,0,0)
(0,0,0)
(0,0,0)
(0,0,0)
(0,0,0)
(0,0,0)
(0,0,0)
(0,0,0)
(0,0,0)
(0,0,0)
(0,0,0)
(0,0,0)
(0,0,0)
(0,0,0)
(0,0,0)
(0,0,0)
(0,0,0)
(0,0,0)
(0,0,0)
(0,0,0)
(0,0,0)
(0,0,0)
(0,0,0)
(0,0,0)
(0,0,0)
(0,0,0)
(0,0,0)
(0,0,0)
(0,0,0)
(0,0,0)
(0,0,0)
(0,0,0)
(0,0,0)
(0,0,0)
(0,0,0)
(0,0,0)
(0,0,0)
(0,0,0)
(0,0,0)
(0,0,0)
(0,0,0)
(0,0,0)
(0,0,0)
(0,0,0)
(0,0,0)
(0,0,0)
(0,0,0)
(0,0,0)
(0,0,0)
(0,0,0)
(0,0,0)
(0,0,0)
(0,0,0)
(0,0,0)
(-436776.961949207,10418.8947641399,6906.78688471901)
(-440903.441608124,9400.74171997048,11273.8214191532)
(-448999.545285502,7134.45310235718,9779.94205254727)
(-460582.872775584,3277.45489262828,-2773.52667198835)
(-474533.683546476,-2661.1458084536,-34403.0545270724)
(-488786.521733952,-10443.9843431362,-97264.4134523075)
(-499235.454704452,-16018.6497519461,-209660.911881938)
(-494540.273137455,-6723.53585380416,-397314.469146291)
(-436199.466777253,2430.2421121126,-646400.227131748)
(-273696.888350267,3252.86059659105,-861547.654486482)
(0,0,0)
(0,0,0)
(0,0,0)
(0,0,0)
(0,0,0)
(0,0,0)
(-443065.005516564,18358.4082794739,5886.78777106076)
(-446197.199587478,16482.2345112586,9058.9286938118)
(-451875.847893919,12302.2070838556,5920.88852465986)
(-458513.08392894,4793.52801460015,-8769.21777120043)
(-463270.917269344,-7973.08245754872,-42226.5113199044)
(-462413.425215367,-28214.7524880094,-102822.181710135)
(-455496.53330385,-50388.8958316275,-200381.825168857)
(-452849.260377263,-11345.4899556023,-388155.906429297)
(-410560.520337713,16161.687524645,-645562.705298242)
(-262523.094580115,12254.919622329,-864764.083586002)
(0,0,0)
(0,0,0)
(0,0,0)
(0,0,0)
(0,0,0)
(0,0,0)
(-456130.081355759,20212.1329484864,4046.45834156177)
(-457404.350277149,17920.1073153813,4927.41388463546)
(-458392.711189473,12782.705921988,-1572.44614245454)
(-454980.131236843,3154.87628991423,-21544.6204181999)
(-439041.375857236,-15019.2992744473,-62452.0419297221)
(-397444.327957479,-52733.1163370951,-124907.470637605)
(-326386.538932519,-141429.720261123,-161270.696668136)
(-330231.286300831,19657.8641023464,-360614.001524403)
(-344893.355839852,77506.0144613882,-649382.659880397)
(-236655.943273305,36574.4395558517,-876928.947441299)
(0,0,0)
(0,0,0)
(0,0,0)
(0,0,0)
(0,0,0)
(0,0,0)
(-476471.304884244,9878.81321052398,1838.93867840572)
(-475384.619646734,7861.71227409724,-99.6021990155907)
(-470322.701666012,3565.96702105508,-11079.8915615981)
(-453403.863342299,-3723.25770264039,-39644.2855561833)
(-406494.300194823,-14580.567310851,-100092.779240325)
(-287571.481733686,-24563.48809823,-213484.544714829)
(-3.69372867691985e-05,-6.25560083573328e-06,-6.07709692072074e-06)
(341.328809758058,245.190410248212,-302692.029403779)
(-211074.525397548,302991.788558294,-690169.236680872)
(-192805.913721053,77617.0394883692,-913365.737668194)
(0,0,0)
(0,0,0)
(0,0,0)
(0,0,0)
(0,0,0)
(0,0,0)
(-503592.471475497,-22588.1020884323,-112.417493300416)
(-500321.540071781,-23713.7220157596,-4337.91750785561)
(-489867.789454206,-25699.3374211588,-18292.8989176506)
(-461969.811709456,-27817.4140477884,-50383.4321673617)
(-395221.00529013,-28220.9291421381,-109937.107560113)
(-252375.914028862,-21973.0246148472,-188787.015618343)
(4.55479212025125e-06,-1.70152685828892e-06,-6.79134451529325e-06)
(-8.59049326254269e-05,-1.7298599669279e-06,-1.62439309648981e-05)
(165.110932344571,-232.251230625779,-915378.353296551)
(-141784.228095708,10502.0481748696,-990767.812554132)
(0,0,0)
(0,0,0)
(0,0,0)
(0,0,0)
(0,0,0)
(0,0,0)
(-533777.565531078,-91923.0271437599,-1220.0808455585)
(-529093.905805125,-91952.5502261753,-6288.76143606938)
(-515230.419045287,-91117.8043733467,-20360.1856528874)
(-480940.64085044,-87048.3435939665,-50669.4635223359)
(-403980.701811093,-75096.4667773065,-103483.454532561)
(-250118.430749265,-47753.5894995082,-166573.851471836)
(-8.34893361041786e-07,-4.72458237606667e-06,-1.52665633098345e-11)
(-5.96669272505715e-05,-1.2098987572535e-06,-1.28585200267742e-05)
(191.540605896339,-102.142405879256,-904404.386018783)
(-132769.091575917,-31111.4797395939,-1001039.2233089)
(0,0,0)
(0,0,0)
(0,0,0)
(0,0,0)
(0,0,0)
(0,0,0)
(-556695.661978314,-216545.031155857,-1243.65152573754)
(-551560.11218271,-215783.450558025,-5401.26969426535)
(-536786.162469287,-212786.026850518,-16245.3628615045)
(-501237.426335631,-203529.492864684,-38634.0745920679)
(-422400.632886845,-178901.458690278,-75989.9418767002)
(-263827.661132118,-119948.476066419,-118630.800739323)
(-9.05790235389068e-06,-9.54888863700017e-06,-1.80463853122456e-11)
(-0.00010299441362049,-3.28452472572628e-06,-1.97068985165413e-05)
(136.006496431984,-419106.182789324,-935240.383062941)
(-141148.630744856,-147020.607947862,-969780.150005732)
(0,0,0)
(0,0,0)
(0,0,0)
(0,0,0)
(0,0,0)
(0,0,0)
(-550182.15522311,-410426.065504947,-466.798528742331)
(-545608.987803543,-409621.886620965,-2371.94385516568)
(-532647.208567408,-406582.195514,-6981.65535009059)
(-501763.936706299,-397271.152602659,-13944.9796551406)
(-432287.74113016,-370303.487464512,-16928.5739555246)
(-283686.358205027,-288369.860819538,1453.57474773741)
(-0.000131527141360979,-2.10990340706399e-05,-8.31846565068961e-06)
(109.545398657543,-419761.267335294,-418839.202621932)
(-195147.950194798,-360037.612400106,-662966.342103411)
(-180328.409303,-189513.383133302,-822622.402141954)
(0,0,0)
(0,0,0)
(0,0,0)
(0,0,0)
(0,0,0)
(0,0,0)
(-477081.484311464,-658935.277553553,380.156311385438)
(-473823.522800538,-658847.207468049,697.486617020924)
(-464839.804921296,-658402.672533586,2404.49637450911)
(-443999.545611036,-657842.125890765,13159.4504047177)
(-397637.640483927,-662057.652079317,65135.3729361788)
(-291464.765011978,-703071.08893315,289932.989110964)
(602.535118730887,-955071.546582409,-419611.758192645)
(-199838.430820343,-666739.438681367,-358965.217462256)
(-255269.417301494,-493425.111381159,-492329.402765383)
(-183363.677235627,-273077.133284926,-633014.354073153)
(0,0,0)
(0,0,0)
(0,0,0)
(0,0,0)
(0,0,0)
(0,0,0)
(-294681.014836331,-872542.37639592,477.84384082342)
(-293050.06291986,-873015.023463801,1174.21071613446)
(-288677.596362294,-874252.788611974,3079.37329153083)
(-279012.492444931,-877459.199007234,9068.00520706932)
(-259260.942671371,-886637.067979513,24190.6752721376)
(-222037.193664955,-910915.187073698,37963.1761807598)
(-164792.777828311,-948918.314855027,-131260.724733357)
(-188005.496540385,-817645.6445269,-185638.384448219)
(-185247.807416863,-631981.425881367,-272008.295465519)
(-123704.745269442,-359934.613102875,-359905.591326986)
(0,0,0)
(0,0,0)
(0,0,0)
(0,0,0)
(0,0,0)
(0,0,0)
(0,0,0)
(0,0,0)
(0,0,0)
(0,0,0)
(0,0,0)
(0,0,0)
(0,0,0)
(0,0,0)
(0,0,0)
(0,0,0)
(0,0,0)
(0,0,0)
(0,0,0)
(0,0,0)
(0,0,0)
(0,0,0)
(0,0,0)
(0,0,0)
(0,0,0)
(0,0,0)
(0,0,0)
(0,0,0)
(0,0,0)
(0,0,0)
(0,0,0)
(0,0,0)
(0,0,0)
(0,0,0)
(0,0,0)
(0,0,0)
(0,0,0)
(0,0,0)
(0,0,0)
(0,0,0)
(0,0,0)
(0,0,0)
(0,0,0)
(0,0,0)
(0,0,0)
(0,0,0)
(0,0,0)
(0,0,0)
(0,0,0)
(0,0,0)
(0,0,0)
(0,0,0)
(0,0,0)
(0,0,0)
(0,0,0)
(0,0,0)
(0,0,0)
(0,0,0)
(0,0,0)
(0,0,0)
(0,0,0)
(0,0,0)
(0,0,0)
(0,0,0)
(0,0,0)
(0,0,0)
(0,0,0)
(0,0,0)
(0,0,0)
(0,0,0)
(0,0,0)
(0,0,0)
(0,0,0)
(0,0,0)
(0,0,0)
(0,0,0)
(0,0,0)
(0,0,0)
(0,0,0)
(0,0,0)
(0,0,0)
(0,0,0)
(0,0,0)
(0,0,0)
(0,0,0)
(0,0,0)
(0,0,0)
(0,0,0)
(0,0,0)
(0,0,0)
(0,0,0)
(0,0,0)
(0,0,0)
(0,0,0)
(0,0,0)
(0,0,0)
(0,0,0)
(0,0,0)
(0,0,0)
(0,0,0)
(0,0,0)
(0,0,0)
(-443638.5189104,4092.48483816264,2769.07212301869)
(-445396.313486477,4062.13392083417,3199.81008053475)
(-448296.37805632,4252.52367056205,-1755.8808192071)
(-450956.113133258,5309.96859654411,-16692.6090580755)
(-451120.107880925,8545.47496126764,-48651.6596848913)
(-445527.456279369,15875.337404053,-107786.062543526)
(-429653.169741297,27712.525790687,-205080.873297366)
(-395491.620038864,34957.0154788271,-339086.541874778)
(-319365.653187852,28053.5368129385,-483973.892277118)
(-184270.630440896,14420.6560042769,-587820.806190761)
(0,0,0)
(0,0,0)
(0,0,0)
(0,0,0)
(0,0,0)
(0,0,0)
(-446983.900986484,5268.78190981587,2742.59839826673)
(-448047.692095627,5257.91618459167,3397.30864265968)
(-449302.899424452,5780.96938892616,-704.085545172562)
(-448709.805631618,8290.52407661048,-13487.9193225629)
(-443098.586436894,16221.4779940504,-41336.2531878004)
(-428688.619043682,36733.27808333,-95919.000038766)
(-404674.415157913,78779.0231238837,-197807.615517909)
(-381136.503324406,111357.543700313,-345920.900792263)
(-312742.615435436,81878.0563076497,-497563.325189253)
(-181628.401708046,38139.9083714627,-602177.270428512)
(0,0,0)
(0,0,0)
(0,0,0)
(0,0,0)
(0,0,0)
(0,0,0)
(-453448.546344791,-179.686032976,2766.93293182188)
(-453232.725573499,-95.1274881599154,3948.35190092014)
(-451302.892476962,823.043191756988,1816.45938557504)
(-444046.306601702,4713.44639830176,-5540.28757125536)
(-425076.917884488,17509.6046159186,-20792.872165873)
(-384845.572170802,57165.6473572327,-53823.9972264499)
(-321418.366413459,185183.317417684,-165196.464039317)
(-359131.173820736,350395.816131956,-375334.848951062)
(-308568.64669674,211423.001155524,-541204.502942023)
(-180002.940777916,80502.8210272832,-640220.418093244)
(0,0,0)
(0,0,0)
(0,0,0)
(0,0,0)
(0,0,0)
(0,0,0)
(-462185.038951338,-17357.6384072211,2891.68644133625)
(-460365.017054074,-17147.0730690991,4924.02942961189)
(-454337.792950751,-16004.8940926843,5767.05799878957)
(-437929.789262512,-12274.1706037659,7280.60092107314)
(-397269.250309268,-3298.50970448913,18863.6653559336)
(-296391.670339205,10652.284702718,74197.2166159655)
(-2.53227749847356e-05,9.09997895455387e-06,-1.74284163667984e-05)
(-416670.078260956,-13.6039329625401,-514250.038875976)
(-356148.364981906,514255.79088442,-672008.989020511)
(-192395.288481001,128684.622801451,-720601.416034723)
(0,0,0)
(0,0,0)
(0,0,0)
(0,0,0)
(0,0,0)
(0,0,0)
(-471034.804415344,-53028.1901832813,3112.88471590013)
(-467809.847405314,-52611.0649995391,6065.18397987829)
(-458249.525627794,-51100.1755610379,9542.2016218197)
(-434261.383549831,-46802.0955067105,16361.6983651414)
(-378034.497840239,-37033.2097982724,32909.8910090297)
(-252662.621793598,-19760.5289759832,63609.4124524694)
(1.04323364667962e-05,8.53946510705305e-07,3.01583067083566e-06)
(-5.76476854419018e-05,7.09221237809292e-06,-3.21112732833512e-05)
(-649416.878212856,-239.363085390223,-1057452.52676744)
(-240952.052574396,19517.7696746,-849117.849161899)
(0,0,0)
(0,0,0)
(0,0,0)
(0,0,0)
(0,0,0)
(0,0,0)
(-475243.08299537,-115046.6081885,3483.93546951025)
(-471262.301106059,-114532.341347376,7573.60711828644)
(-459920.519601193,-112740.112289539,13903.6444026913)
(-432712.871012055,-107407.017231674,26280.7962892713)
(-371486.148284739,-93603.7051261553,50356.738090804)
(-241549.499299063,-61520.7904638395,83548.0681284586)
(1.06089741698882e-06,6.96141671628774e-09,1.1702078920211e-12)
(-4.06066679321235e-05,1.10699089990401e-05,-2.30379547691872e-05)
(-614874.452037079,-201.264472646118,-1037516.33080066)
(-242808.410201274,-39500.2932467292,-868458.949253987)
(0,0,0)
(0,0,0)
(0,0,0)
(0,0,0)
(0,0,0)
(0,0,0)
(-465534.82772101,-210162.874542691,3955.43209689578)
(-461612.005154878,-209911.358741009,9386.34246269594)
(-450733.358069548,-208697.020565385,19290.4463388044)
(-425457.440320032,-204105.988699668,40209.4317911996)
(-369544.44009165,-188850.493075621,82600.0269454721)
(-248134.465395311,-139880.940680452,145266.981425273)
(-4.73875657739653e-06,-2.6235800851216e-06,-1.30836647437907e-12)
(-5.53543302520415e-05,-6.7762196158818e-06,-2.97939560618938e-05)
(-673818.59461949,-614474.904272251,-1076671.86401042)
(-242227.002590971,-186252.46589457,-828841.319516455)
(0,0,0)
(0,0,0)
(0,0,0)
(0,0,0)
(0,0,0)
(0,0,0)
(-427106.812490833,-337420.468690658,4182.25141569564)
(-424011.826388806,-337940.087509613,10613.8187695661)
(-415761.677469102,-338881.033811952,23912.3009178277)
(-397906.439119896,-339621.401886481,55570.2165182372)
(-361519.958944186,-335789.131437675,131741.072694314)
(-280799.322979682,-296394.343581502,285367.440370017)
(-7.7348518806833e-05,-3.87267344713407e-05,-1.48042964051038e-05)
(-495626.571541515,-619968.353158622,-614175.761029531)
(-355182.258937424,-420331.443117788,-648284.913441373)
(-179739.603406686,-192649.119217587,-642477.066014667)
(0,0,0)
(0,0,0)
(0,0,0)
(0,0,0)
(0,0,0)
(0,0,0)
(-341575.05799694,-476607.547648901,3680.65264371771)
(-339629.904708555,-478157.443045449,9704.39008757295)
(-334922.994267612,-482357.758004398,23264.3036263318)
(-326925.547945553,-492979.286900065,59548.1909744263)
(-321379.94885825,-523817.743455473,171319.11136655)
(-364774.873334716,-633823.147228408,582058.023336186)
(-754508.843968433,-1120736.10960165,-620009.366370764)
(-370285.135335017,-655109.940517162,-414421.074497549)
(-245946.941097488,-423560.226193107,-420514.767626247)
(-133250.846617435,-213510.04356917,-449766.67389285)
(0,0,0)
(0,0,0)
(0,0,0)
(0,0,0)
(0,0,0)
(0,0,0)
(-195554.532678919,-577884.091727214,2150.06192090159)
(-194659.910380342,-579981.082123067,5583.5484590048)
(-192605.233257203,-585623.821984867,12777.2493343825)
(-189513.60269023,-598531.767436965,28830.8401165846)
(-188161.544291313,-627495.321520848,61409.0198018957)
(-200650.867973913,-689017.447072797,95216.9939552462)
(-251616.622569346,-784268.1453401,-154427.125565268)
(-184905.605571919,-629755.955276381,-182881.001774518)
(-134355.940322444,-446836.504507024,-210496.590555027)
(-75169.4065754005,-236284.668595243,-236257.304222989)
(0,0,0)
(0,0,0)
(0,0,0)
(0,0,0)
(0,0,0)
(0,0,0)
(0,0,0)
(0,0,0)
(0,0,0)
(0,0,0)
(0,0,0)
(0,0,0)
(0,0,0)
(0,0,0)
(0,0,0)
(0,0,0)
(0,0,0)
(0,0,0)
(0,0,0)
(0,0,0)
(0,0,0)
(0,0,0)
(0,0,0)
(0,0,0)
(0,0,0)
(0,0,0)
(0,0,0)
(0,0,0)
(0,0,0)
(0,0,0)
(0,0,0)
(0,0,0)
(0,0,0)
(0,0,0)
(0,0,0)
(0,0,0)
(0,0,0)
(0,0,0)
(0,0,0)
(0,0,0)
(0,0,0)
(0,0,0)
(0,0,0)
(0,0,0)
(0,0,0)
(0,0,0)
(0,0,0)
(0,0,0)
(0,0,0)
(0,0,0)
(0,0,0)
(0,0,0)
(0,0,0)
(0,0,0)
(0,0,0)
(0,0,0)
(0,0,0)
(0,0,0)
(0,0,0)
(0,0,0)
(0,0,0)
(0,0,0)
(0,0,0)
(0,0,0)
(0,0,0)
(0,0,0)
(0,0,0)
(0,0,0)
(0,0,0)
(0,0,0)
(0,0,0)
(0,0,0)
(0,0,0)
(0,0,0)
(0,0,0)
(0,0,0)
(0,0,0)
(0,0,0)
(0,0,0)
(0,0,0)
(0,0,0)
(0,0,0)
(0,0,0)
(0,0,0)
(0,0,0)
(0,0,0)
(0,0,0)
(0,0,0)
(0,0,0)
(0,0,0)
(0,0,0)
(0,0,0)
(0,0,0)
(0,0,0)
(0,0,0)
(0,0,0)
(0,0,0)
(0,0,0)
(0,0,0)
(0,0,0)
(0,0,0)
(0,0,0)
(-445474.220403917,766.956110664761,1068.74538285861)
(-446153.838407838,1408.91230386491,417.358000352843)
(-446797.47941824,3242.14850778483,-4323.68914551787)
(-445992.169579737,7515.27075552371,-16802.9034545642)
(-441401.865210245,16503.2222872259,-43024.368412469)
(-429264.79378762,32642.2280820736,-91929.2589862953)
(-403297.211851316,52668.6899110306,-170953.906787305)
(-352721.624177668,49297.7464533225,-263021.64910182)
(-268085.114925131,34671.9437648382,-348974.131129387)
(-146763.70148934,17063.0385604748,-403544.09864141)
(0,0,0)
(0,0,0)
(0,0,0)
(0,0,0)
(0,0,0)
(0,0,0)
(-446777.886861583,-1163.85969170057,1724.80167746042)
(-447255.124591927,92.7057951745053,2248.44068245531)
(-447526.286620279,3760.39617706028,-46.4197909917739)
(-446294.236901497,12875.6831583868,-7822.4009239749)
(-441703.777310462,34155.7024681732,-26869.6902313514)
(-431550.93840808,80495.5139959635,-71860.656780842)
(-411590.743429525,161997.872055719,-174273.510653918)
(-361895.209792804,133337.448113041,-277554.505845232)
(-275152.773012554,86034.1355540902,-366506.540057366)
(-150317.068889251,39757.8138681519,-420512.648183838)
(0,0,0)
(0,0,0)
(0,0,0)
(0,0,0)
(0,0,0)
(0,0,0)
(-448697.683971879,-8928.14923835089,3013.42717373847)
(-448823.728613294,-7254.24249643776,5951.37850514599)
(-448402.485014631,-2279.20672848533,9090.57394836599)
(-446337.454130408,10775.5469734826,13481.8576619782)
(-442193.22188822,45253.1379010299,19500.726232859)
(-440078.596991573,145563.698432251,9665.5666173408)
(-453528.449554119,506655.642001154,-202882.120187429)
(-396769.971604665,292849.565176494,-324755.43946695)
(-298449.575133807,163821.128364431,-412661.503840224)
(-160849.166605416,68119.3088600386,-460176.773004608)
(0,0,0)
(0,0,0)
(0,0,0)
(0,0,0)
(0,0,0)
(0,0,0)
(-449535.046329431,-26279.8598236887,4701.71796343555)
(-449216.240724274,-24658.2911347788,10956.9902719862)
(-447854.544149168,-19966.6649638943,22161.1997058151)
(-444342.943732025,-8612.36094471562,47962.2620935189)
(-439766.482907463,15920.0171687903,119792.61542395)
(-456101.621908554,54338.9886307698,370727.276794779)
(-672915.341222466,-85.7187967694722,-416652.641809483)
(-503339.666495145,416555.888805641,-453689.377204445)
(-358669.571811012,220906.619507057,-508253.661517965)
(-184423.942139582,80112.8752319046,-528218.574231242)
(0,0,0)
(0,0,0)
(0,0,0)
(0,0,0)
(0,0,0)
(0,0,0)
(-446372.443638555,-57267.7068430769,6325.48624260334)
(-445673.055881289,-56086.6790895865,15617.0826733813)
(-443308.117603517,-52806.3428654056,33515.3525506114)
(-436610.747091284,-45310.6406106158,72562.9957579599)
(-417298.427911227,-30535.794331996,158282.737329739)
(-347673.000237373,-8696.55020857895,316328.654612856)
(-4.24614205742554e-05,2.34616077832032e-05,3.35953553968773e-05)
(-665462.986128456,-183.346355425436,-649282.851732361)
(-463036.39485112,34220.720936668,-648977.436523705)
(-219203.218531628,17638.4881292878,-608251.883463855)
(0,0,0)
(0,0,0)
(0,0,0)
(0,0,0)
(0,0,0)
(0,0,0)
(-434579.11545386,-105417.628254621,7485.95387003539)
(-433785.848835293,-104969.820213114,18892.6427227975)
(-431245.107673786,-103644.758368764,41055.6462987552)
(-424162.76253436,-100255.942245315,87450.8394557592)
(-403072.609453467,-91734.404189903,180235.910482394)
(-326964.954531335,-68126.3858608276,325081.201366913)
(-3.05861530206776e-05,3.50518305764206e-05,2.4151752001936e-05)
(-625515.464720751,-119.353020503024,-614759.962702661)
(-470731.019184736,-59200.7508225776,-665481.923795753)
(-225928.107857283,-38931.001149176,-625792.736861282)
(0,0,0)
(0,0,0)
(0,0,0)
(0,0,0)
(0,0,0)
(0,0,0)
(-406946.557381177,-171928.055142776,7922.15654831787)
(-406398.075603008,-172488.674516287,20227.0812996149)
(-404756.436120302,-173878.806112349,44484.2070939538)
(-400627.518892627,-176687.32210867,96085.6655298972)
(-388277.459604406,-180913.672227516,203997.953080262)
(-333132.215059823,-172594.57420384,393463.891087796)
(-4.2359097020162e-05,4.53232272914799e-05,3.21925765092529e-05)
(-688965.633738361,-495686.593909894,-673714.367999598)
(-465722.369683505,-295893.694643352,-645117.649114809)
(-215725.669531133,-123801.418618524,-586748.564705305)
(0,0,0)
(0,0,0)
(0,0,0)
(0,0,0)
(0,0,0)
(0,0,0)
(-354367.761462962,-252018.593419494,7351.48724884316)
(-354301.144615902,-253712.830971149,18864.9619308037)
(-354312.070957503,-258203.061727649,41739.6110344982)
(-356024.090647393,-268801.112676357,91971.0531296834)
(-367138.679783313,-295802.001073302,212478.102814605)
(-426630.916662224,-380515.182124997,566230.304418314)
(-770737.040877048,-754520.72135551,-495576.518171565)
(-518448.128229788,-494721.323922532,-473720.231470649)
(-340728.877109183,-311174.21917097,-472893.088771261)
(-167381.825568469,-146216.482112101,-462835.803115911)
(0,0,0)
(0,0,0)
(0,0,0)
(0,0,0)
(0,0,0)
(0,0,0)
(-268533.933328053,-330732.818669338,5673.10058095465)
(-268754.744581582,-333343.435749757,14428.5452325904)
(-269726.990953211,-340225.847875104,31255.3280656492)
(-273819.349949548,-355750.573618617,65098.5910119089)
(-289212.602545286,-390768.166052229,127897.409677873)
(-339881.830350381,-469834.17992574,192323.36449428)
(-463025.567639904,-617943.403699276,-235737.229490476)
(-340866.009615175,-469823.156371837,-290054.522761024)
(-227267.680616338,-312050.427097732,-307857.575315408)
(-115239.697974487,-155488.301353622,-316596.90471683)
(0,0,0)
(0,0,0)
(0,0,0)
(0,0,0)
(0,0,0)
(0,0,0)
(-146878.094251812,-382473.190035065,3063.93293862188)
(-147079.23163113,-385497.161829796,7636.98026944782)
(-147833.356215015,-393218.161559107,15857.4169112614)
(-150396.658813161,-409194.79726465,30184.696680228)
(-158169.45201204,-439493.296676585,48917.7350253135)
(-177323.079095406,-488488.954400469,44244.720621539)
(-204893.471442592,-532742.302047881,-87679.5321566211)
(-165192.447296917,-444932.248414517,-132283.598388944)
(-114807.38660451,-312583.929237112,-151298.649967498)
(-59626.4227475364,-161199.397381575,-161130.537767412)
(0,0,0)
(0,0,0)
(0,0,0)
(0,0,0)
(0,0,0)
(0,0,0)
(0,0,0)
(0,0,0)
(0,0,0)
(0,0,0)
(0,0,0)
(0,0,0)
(0,0,0)
(0,0,0)
(0,0,0)
(0,0,0)
(0,0,0)
(0,0,0)
(0,0,0)
(0,0,0)
(0,0,0)
(0,0,0)
(0,0,0)
(0,0,0)
(0,0,0)
(0,0,0)
(0,0,0)
(0,0,0)
(0,0,0)
(0,0,0)
(0,0,0)
(0,0,0)
(0,0,0)
(0,0,0)
(0,0,0)
(0,0,0)
(0,0,0)
(0,0,0)
(0,0,0)
(0,0,0)
(0,0,0)
(0,0,0)
(0,0,0)
(0,0,0)
(0,0,0)
(0,0,0)
(0,0,0)
(0,0,0)
(0,0,0)
(0,0,0)
(0,0,0)
(0,0,0)
(0,0,0)
(0,0,0)
(0,0,0)
(0,0,0)
(0,0,0)
(0,0,0)
(0,0,0)
(0,0,0)
(0,0,0)
(0,0,0)
(0,0,0)
(0,0,0)
(0,0,0)
(0,0,0)
(0,0,0)
(0,0,0)
(0,0,0)
(0,0,0)
(0,0,0)
(0,0,0)
(0,0,0)
(0,0,0)
(0,0,0)
(0,0,0)
(0,0,0)
(0,0,0)
(0,0,0)
(0,0,0)
(0,0,0)
(0,0,0)
(0,0,0)
(0,0,0)
(0,0,0)
(0,0,0)
(0,0,0)
(0,0,0)
(0,0,0)
(0,0,0)
(0,0,0)
(0,0,0)
(0,0,0)
(0,0,0)
(0,0,0)
(0,0,0)
(0,0,0)
(0,0,0)
(0,0,0)
(0,0,0)
(0,0,0)
(0,0,0)
(-445440.738650646,-510.035216100535,476.553462825466)
(-445859.203273161,305.63806407738,-123.719735928118)
(-446010.434781149,2487.49017023076,-3398.25454324064)
(-444530.835800811,7182.56346837102,-12042.1517905417)
(-438886.985693408,16136.6817901809,-30693.7130975622)
(-424430.15390818,30271.4486774586,-65799.8016544556)
(-393175.487156596,44335.0153436184,-120256.541692797)
(-334724.928912263,40085.7247034564,-178338.961661652)
(-246273.945461341,27563.420239845,-227713.551365295)
(-131204.421025931,13496.4128749042,-256769.244703606)
(0,0,0)
(0,0,0)
(0,0,0)
(0,0,0)
(0,0,0)
(0,0,0)
(-445600.942845106,-2987.34002621674,1300.36079364156)
(-446268.844418249,-1422.88296809398,2042.60165212849)
(-447157.439914584,2875.82676160089,1285.41835506502)
(-447497.909910583,12767.6706912376,-3096.0158587136)
(-445673.984223276,33566.5232548007,-16555.6504105196)
(-437965.574831228,71858.6813883121,-51728.246698225)
(-414451.074813085,119942.510675475,-124475.410646521)
(-353837.238121159,98334.0472082258,-190781.70482294)
(-259311.00417511,62641.1547601592,-241701.208180693)
(-137537.443079252,29191.1790113623,-270175.600127152)
(0,0,0)
(0,0,0)
(0,0,0)
(0,0,0)
(0,0,0)
(0,0,0)
(-444880.919380457,-9716.17224960317,2912.067631964)
(-446062.952933192,-7673.8920774359,6402.30106120392)
(-448486.957007627,-1826.35628155404,11188.9560973546)
(-452739.368988391,12651.2608981716,17707.2807483997)
(-460199.242960722,47545.7674402984,21734.0576353989)
(-472228.360694704,129391.039656876,-3648.53693003609)
(-478277.892187382,287087.614052962,-146044.197674256)
(-404203.544772981,186111.17123257,-226387.74853029)
(-290652.339957927,103509.514568008,-275053.343514016)
(-151927.513452296,44533.1087297503,-299316.926385518)
(0,0,0)
(0,0,0)
(0,0,0)
(0,0,0)
(0,0,0)
(0,0,0)
(-441141.370109551,-23112.8573667315,5003.00889724965)
(-443017.138625392,-21168.2022908259,12298.2170117529)
(-447566.130410066,-15488.5121156738,25671.9591067676)
(-457689.79823919,-931.479898796903,52601.5544109079)
(-481497.600337642,38314.2764612347,103564.162820152)
(-539806.340952027,162627.181642579,154032.739877932)
(-657411.435796829,672600.334712744,-246983.886207492)
(-509577.596377236,254276.571815807,-308911.356908636)
(-346610.895950054,116469.045244963,-333929.563446557)
(-175339.161212139,45315.6855905031,-343796.921234752)
(0,0,0)
(0,0,0)
(0,0,0)
(0,0,0)
(0,0,0)
(0,0,0)
(-431125.983744731,-45359.698833522,7000.3815729657)
(-433674.345306712,-44136.8311955421,17970.2999031072)
(-440326.214905779,-40723.0517189149,40222.9368086143)
(-456333.914057587,-32882.1941210133,91896.8179971335)
(-498690.892538343,-16333.9399208817,227937.499006367)
(-633072.188388063,11913.636129809,664050.232669832)
(-1168458.97967861,-361.114255464879,-665247.115038002)
(-669407.922434884,39651.2447396134,-446676.851655373)
(-414668.721874661,26471.5176832009,-405046.997070077)
(-200725.691198424,10875.9892625308,-389084.828075316)
(0,0,0)
(0,0,0)
(0,0,0)
(0,0,0)
(0,0,0)
(0,0,0)
(-410467.027661342,-77730.4556921385,8258.669066098)
(-413484.956706281,-77569.7442056861,21390.6899472272)
(-421484.916086177,-77182.3631379536,48089.8097786546)
(-440699.513781816,-76770.324882192,108514.691787289)
(-490178.828383324,-76970.5795445706,256257.550340829)
(-636422.064207421,-74228.262664252,651856.558810978)
(-1143764.73080815,453.446790094131,-625097.958370888)
(-687623.848693192,-63544.6341676636,-459793.695491159)
(-429198.683539455,-54235.6111304196,-420618.902322828)
(-206952.987940289,-28782.1517508242,-399935.881226465)
(0,0,0)
(0,0,0)
(0,0,0)
(0,0,0)
(0,0,0)
(0,0,0)
(-373617.598057033,-119507.166285202,8447.7512689227)
(-376772.984025515,-120525.729945839,21778.645431585)
(-385125.535919918,-123553.806782427,48519.1888756742)
(-405113.92364236,-132174.365937025,108409.634680248)
(-456120.952103598,-159841.507196816,259124.054831683)
(-608835.679545072,-266099.019920051,726698.276572741)
(-1189920.77733606,-770758.032745812,-688941.501145653)
(-665820.489508593,-325229.72750556,-450401.552037529)
(-404284.352560443,-170978.692158588,-395096.488132424)
(-192980.412823141,-75540.4152900232,-371083.481301212)
(0,0,0)
(0,0,0)
(0,0,0)
(0,0,0)
(0,0,0)
(0,0,0)
(-314953.308041738,-166346.431525877,7424.81181945043)
(-317840.308208815,-168336.527626678,18774.7730932004)
(-325304.826387386,-173750.274699638,39963.9964402973)
(-342398.785028262,-186699.445875049,80863.7707591903)
(-381137.665302304,-217991.245574906,153012.494656269)
(-468050.947907004,-293861.183572325,222194.689553315)
(-629153.201096033,-446889.114661754,-243258.068311749)
(-473690.633026208,-317250.268516148,-295995.022504745)
(-310351.780298203,-197792.8873021,-299557.924172222)
(-152852.399416647,-94144.7381207194,-295483.027493336)
(0,0,0)
(0,0,0)
(0,0,0)
(0,0,0)
(0,0,0)
(0,0,0)
(-231039.235851113,-209276.753697631,5435.6246948155)
(-233184.215405537,-211872.599281421,13401.1671735115)
(-238681.510730459,-218500.542149753,27105.954400874)
(-250651.865886224,-232442.873802827,49681.898265326)
(-274924.227854268,-259819.011807647,77221.2898070462)
(-318397.005725523,-307328.641639104,69203.9232489647)
(-367311.938273905,-359838.538992875,-113560.281785923)
(-301041.928042875,-294195.957669981,-176438.674204387)
(-206019.175244705,-199622.457941554,-195857.608936559)
(-103964.994535071,-99891.7699272412,-201385.280569454)
(0,0,0)
(0,0,0)
(0,0,0)
(0,0,0)
(0,0,0)
(0,0,0)
(-123159.141744035,-235831.223471943,2835.51726653617)
(-124279.954780461,-238679.861579458,6843.5027139035)
(-127133.943242021,-245605.922020403,13249.4696115603)
(-133058.97726174,-258919.08997665,22388.0042339605)
(-143999.831096345,-281360.897186567,29760.268697185)
(-160436.553202789,-311134.668420929,16679.769586388)
(-172291.793305147,-327788.087644724,-47972.3598992082)
(-145778.393415395,-279714.952914387,-81867.418536323)
(-102380.03272317,-197796.008611335,-96121.2217478821)
(-52487.1427055255,-101607.117587141,-101545.154129992)
(0,0,0)
(0,0,0)
(0,0,0)
(0,0,0)
(0,0,0)
(0,0,0)
(0,0,0)
(0,0,0)
(0,0,0)
(0,0,0)
(0,0,0)
(0,0,0)
(0,0,0)
(0,0,0)
(0,0,0)
(0,0,0)
(0,0,0)
(0,0,0)
(0,0,0)
(0,0,0)
(0,0,0)
(0,0,0)
(0,0,0)
(0,0,0)
(0,0,0)
(0,0,0)
(0,0,0)
(0,0,0)
(0,0,0)
(0,0,0)
(0,0,0)
(0,0,0)
(0,0,0)
(0,0,0)
(0,0,0)
(0,0,0)
(0,0,0)
(0,0,0)
(0,0,0)
(0,0,0)
(0,0,0)
(0,0,0)
(0,0,0)
(0,0,0)
(0,0,0)
(0,0,0)
(0,0,0)
(0,0,0)
(0,0,0)
(0,0,0)
(0,0,0)
(0,0,0)
(0,0,0)
(0,0,0)
(0,0,0)
(0,0,0)
(0,0,0)
(0,0,0)
(0,0,0)
(0,0,0)
(0,0,0)
(0,0,0)
(0,0,0)
(0,0,0)
(0,0,0)
(0,0,0)
(0,0,0)
(0,0,0)
(0,0,0)
(0,0,0)
(0,0,0)
(0,0,0)
(0,0,0)
(0,0,0)
(0,0,0)
(0,0,0)
(0,0,0)
(0,0,0)
(0,0,0)
(0,0,0)
(0,0,0)
(0,0,0)
(0,0,0)
(0,0,0)
(0,0,0)
(0,0,0)
(0,0,0)
(0,0,0)
(0,0,0)
(0,0,0)
(0,0,0)
(0,0,0)
(0,0,0)
(0,0,0)
(0,0,0)
(0,0,0)
(0,0,0)
(0,0,0)
(0,0,0)
(0,0,0)
(0,0,0)
(0,0,0)
(-445129.893621314,-536.044771693826,225.19974236067)
(-445573.069624697,1.20550387564628,-62.1394099734827)
(-445772.952147783,1397.47457302688,-1697.0966163683)
(-444332.00673168,4264.34175935614,-6160.26744485479)
(-438439.063143692,9368.89071417296,-15977.0807087397)
(-422807.905407841,16701.45206168,-34300.7812707603)
(-388856.805129353,22990.1580632641,-61609.6213612722)
(-327497.531353002,20904.8706602841,-89741.8895808189)
(-237903.458476024,14476.4897751688,-112588.866341299)
(-125417.289720387,7134.04585548262,-125510.043502332)
(0,0,0)
(0,0,0)
(0,0,0)
(0,0,0)
(0,0,0)
(0,0,0)
(-444783.704501668,-2106.31897434712,753.035859217041)
(-445722.829833112,-1084.95258104022,1293.17935899722)
(-447245.247867086,1635.98807891391,1142.47380561102)
(-448612.310919508,7567.34685921408,-1046.13028532536)
(-447783.009626598,19043.4374274938,-8611.65159532391)
(-439450.746119106,37550.6111790869,-27975.639424853)
(-411760.434090221,56003.4153189034,-63679.5374033534)
(-348307.827248619,47839.6174180886,-96143.695033696)
(-252304.171596491,31208.2978237596,-119882.335660902)
(-132492.363993984,14779.7065149623,-132573.075405647)
(0,0,0)
(0,0,0)
(0,0,0)
(0,0,0)
(0,0,0)
(0,0,0)
(-442869.075628073,-5913.07237087687,1794.90964414551)
(-444782.182876928,-4595.78872299094,4024.97572983426)
(-448954.975873628,-923.228978938472,7052.21165368874)
(-456187.22859963,7639.8823643394,10427.5357598056)
(-466793.726057903,26157.2042918877,9908.25199259763)
(-476945.217791396,61673.5875285134,-9497.86726013573)
(-467690.399319461,107761.854062676,-71843.7988718309)
(-396029.102771157,80589.6159799925,-112768.239435555)
(-283405.92460953,47480.4525907077,-136286.809550904)
(-147231.201410619,21126.9795003377,-147330.394577956)
(0,0,0)
(0,0,0)
(0,0,0)
(0,0,0)
(0,0,0)
(0,0,0)
(-437096.406462206,-13106.4811736393,3148.44515541696)
(-440303.368555477,-11869.1169996165,7708.00336212586)
(-448062.515693012,-8306.18095615796,15587.3406222941)
(-463775.748991881,374.493631551341,28938.680107771)
(-492864.7495977,21040.9106690585,45422.122990657)
(-538503.19626898,69192.3051256232,36600.2607105002)
(-575348.153344856,161327.247216722,-99028.4148955165)
(-476483.366257472,94318.0187175655,-145851.047752851)
(-330755.489091095,48356.2551090888,-162582.257130198)
(-168302.899226699,19914.9596063146,-168406.499221614)
(0,0,0)
(0,0,0)
(0,0,0)
(0,0,0)
(0,0,0)
(0,0,0)
(-424050.533042049,-24632.2667458985,4450.33486957902)
(-428478.624576882,-23902.3838659852,11287.8810061182)
(-439753.763173229,-21859.0662427918,24268.3145602055)
(-464090.874164859,-17249.2727295425,49649.0410285689)
(-513796.731740938,-7835.20156678028,93630.9924670004)
(-607521.741258403,8479.19665364331,128793.653809321)
(-736521.381198249,24199.5270639006,-166016.224518229)
(-570699.367483328,21394.7925910457,-191801.553343245)
(-379023.286539097,11923.0215477816,-191013.755117503)
(-188160.082177933,4648.59918705506,-188313.003718726)
(0,0,0)
(0,0,0)
(0,0,0)
(0,0,0)
(0,0,0)
(0,0,0)
(-399486.409176969,-40846.6203433367,5233.73511306446)
(-404685.111105254,-40829.3966540625,13360.902300116)
(-418012.234698481,-40855.8433744532,28884.9980440776)
(-446896.559818217,-41248.773273306,59081.544624239)
(-505961.420324047,-42947.3142337613,109976.249231942)
(-615930.798133747,-46606.3756448833,144570.555456793)
(-760636.044273221,-45606.6323523251,-168751.9716619)
(-592046.110716294,-41700.4449973377,-201234.472050409)
(-390924.620779501,-29313.1724739874,-198272.340788601)
(-192815.911154932,-14811.3189957712,-192949.499391136)
(0,0,0)
(0,0,0)
(0,0,0)
(0,0,0)
(0,0,0)
(0,0,0)
(-358768.310259289,-60959.3146895452,5263.40654846131)
(-364008.664774521,-61671.2825749816,13340.9732183871)
(-377285.863286326,-63833.0114681897,28478.46867853)
(-405727.642194946,-69562.0535934558,57405.4675512669)
(-463084.808006583,-84947.2706149175,106369.279835406)
(-569410.033979929,-125328.748218512,145666.006843884)
(-715099.13720252,-210001.972285248,-164760.293356706)
(-550372.566906089,-133113.651498455,-188795.009458096)
(-361615.986122029,-77056.327138436,-183720.221232065)
(-177992.252846611,-35436.8948922013,-178082.805312168)
(0,0,0)
(0,0,0)
(0,0,0)
(0,0,0)
(0,0,0)
(0,0,0)
(-297849.445576437,-82578.1978225428,4515.02066769785)
(-302361.634692592,-83832.3128306468,11197.3774071431)
(-313464.428216102,-87262.0600177631,22786.0277854329)
(-336183.197748328,-95067.2598613999,42075.6467734432)
(-378161.805210143,-111893.665900813,66046.181967184)
(-444137.786318838,-144280.120176855,61084.3923373615)
(-505152.66012957,-185120.550368745,-87797.5705456054)
(-417285.983914803,-144651.113283388,-132664.757872064)
(-284557.585153383,-93463.0130242199,-142052.267131104)
(-142503.915620504,-45246.5154359249,-142591.130383522)
(0,0,0)
(0,0,0)
(0,0,0)
(0,0,0)
(0,0,0)
(0,0,0)
(-215211.786924267,-101625.507586367,3219.86083697587)
(-218401.952373195,-103186.809393643,7792.09436763275)
(-226094.481955105,-107102.797287316,15045.8028618313)
(-241055.658282335,-114929.67094886,25312.0063454013)
(-266258.013883832,-128917.241183839,33669.367657991)
(-299892.814973231,-149351.486275971,20236.5430048142)
(-320066.796106862,-164801.475995558,-47327.6735354153)
(-272660.819425722,-138920.799474361,-81439.095961596)
(-191139.537579079,-95962.0639914338,-93819.6826600081)
(-97292.0308064125,-48367.0344881213,-97372.1273364716)
(0,0,0)
(0,0,0)
(0,0,0)
(0,0,0)
(0,0,0)
(0,0,0)
(-113382.972637975,-113048.090178854,1646.41348642723)
(-115007.120022036,-114738.735291796,3925.50462615537)
(-118876.449214115,-118715.025985709,7280.23929664059)
(-126092.094224884,-126002.269729009,11385.9550399348)
(-137400.472277482,-137395.037139143,13264.3921763756)
(-150629.364780706,-150670.408734434,4776.12621275749)
(-155367.355868411,-155447.351488225,-21502.435731312)
(-133820.524343209,-133884.030247646,-38497.0740302133)
(-95251.8617341161,-95348.5009777437,-46238.8080329568)
(-48991.4069829817,-49063.0579192977,-49038.520324324)
(0,0,0)
(0,0,0)
(0,0,0)
(0,0,0)
(0,0,0)
(0,0,0)
(0,0,0)
(0,0,0)
(0,0,0)
(0,0,0)
(0,0,0)
(0,0,0)
(0,0,0)
(0,0,0)
(0,0,0)
(0,0,0)
(0,0,0)
(0,0,0)
(0,0,0)
(0,0,0)
(0,0,0)
(0,0,0)
(0,0,0)
(0,0,0)
(0,0,0)
(0,0,0)
(0,0,0)
(0,0,0)
(0,0,0)
(0,0,0)
(0,0,0)
(0,0,0)
(0,0,0)
(0,0,0)
(0,0,0)
(0,0,0)
(0,0,0)
(0,0,0)
(0,0,0)
(0,0,0)
(0,0,0)
(0,0,0)
(0,0,0)
(0,0,0)
(0,0,0)
(0,0,0)
(0,0,0)
(0,0,0)
(0,0,0)
(0,0,0)
(0,0,0)
(0,0,0)
(0,0,0)
(0,0,0)
(0,0,0)
(0,0,0)
(0,0,0)
(0,0,0)
(0,0,0)
(0,0,0)
(0,0,0)
(0,0,0)
(0,0,0)
(0,0,0)
(0,0,0)
(0,0,0)
(0,0,0)
(0,0,0)
(0,0,0)
(0,0,0)
(0,0,0)
(0,0,0)
(0,0,0)
(0,0,0)
(0,0,0)
(0,0,0)
(0,0,0)
(0,0,0)
(0,0,0)
(0,0,0)
(0,0,0)
(0,0,0)
(0,0,0)
(0,0,0)
(0,0,0)
(0,0,0)
(0,0,0)
(0,0,0)
(0,0,0)
(0,0,0)
(0,0,0)
(0,0,0)
(0,0,0)
(0,0,0)
(0,0,0)
(0,0,0)
(0,0,0)
(0,0,0)
(0,0,0)
(0,0,0)
(0,0,0)
(0,0,0)
(0,0,0)
(0,0,0)
(0,0,0)
(0,0,0)
(0,0,0)
(0,0,0)
(0,0,0)
(0,0,0)
(0,0,0)
(0,0,0)
(0,0,0)
(0,0,0)
(0,0,0)
(0,0,0)
(0,0,0)
(0,0,0)
(0,0,0)
(0,0,0)
(0,0,0)
(0,0,0)
(0,0,0)
(0,0,0)
(0,0,0)
(0,0,0)
(0,0,0)
(0,0,0)
(0,0,0)
(0,0,0)
(0,0,0)
(0,0,0)
(0,0,0)
(0,0,0)
(0,0,0)
(0,0,0)
(0,0,0)
(0,0,0)
(0,0,0)
(0,0,0)
(0,0,0)
(0,0,0)
(0,0,0)
(0,0,0)
(0,0,0)
(0,0,0)
(0,0,0)
(0,0,0)
(0,0,0)
(0,0,0)
(0,0,0)
(0,0,0)
(0,0,0)
(0,0,0)
(0,0,0)
(0,0,0)
(0,0,0)
(0,0,0)
(0,0,0)
(0,0,0)
(0,0,0)
(0,0,0)
(0,0,0)
(0,0,0)
(0,0,0)
(0,0,0)
(0,0,0)
(0,0,0)
(0,0,0)
(0,0,0)
(0,0,0)
(0,0,0)
(0,0,0)
(0,0,0)
(0,0,0)
(0,0,0)
(0,0,0)
(0,0,0)
(0,0,0)
(0,0,0)
(0,0,0)
(0,0,0)
(0,0,0)
(0,0,0)
(0,0,0)
(0,0,0)
(0,0,0)
(0,0,0)
(0,0,0)
(0,0,0)
(0,0,0)
(0,0,0)
(0,0,0)
(0,0,0)
(0,0,0)
(0,0,0)
(0,0,0)
(0,0,0)
(0,0,0)
(0,0,0)
(0,0,0)
(0,0,0)
(0,0,0)
(0,0,0)
(0,0,0)
(0,0,0)
(0,0,0)
(0,0,0)
(0,0,0)
(0,0,0)
(0,0,0)
(0,0,0)
(0,0,0)
(0,0,0)
(0,0,0)
(0,0,0)
(0,0,0)
(0,0,0)
(0,0,0)
(0,0,0)
(0,0,0)
(0,0,0)
(0,0,0)
(0,0,0)
(0,0,0)
(0,0,0)
(0,0,0)
(0,0,0)
(0,0,0)
(0,0,0)
(0,0,0)
(0,0,0)
(0,0,0)
(0,0,0)
(0,0,0)
(0,0,0)
(0,0,0)
(0,0,0)
(0,0,0)
(0,0,0)
(0,0,0)
(0,0,0)
(0,0,0)
(0,0,0)
(0,0,0)
(0,0,0)
(0,0,0)
(0,0,0)
(0,0,0)
(0,0,0)
(0,0,0)
(0,0,0)
(0,0,0)
(0,0,0)
(0,0,0)
(0,0,0)
(0,0,0)
(0,0,0)
(0,0,0)
(0,0,0)
(0,0,0)
(0,0,0)
(0,0,0)
(0,0,0)
(0,0,0)
(0,0,0)
(0,0,0)
(0,0,0)
(0,0,0)
(0,0,0)
(0,0,0)
(0,0,0)
(0,0,0)
(0,0,0)
(0,0,0)
(0,0,0)
(0,0,0)
(0,0,0)
(0,0,0)
(0,0,0)
(0,0,0)
(0,0,0)
(0,0,0)
(0,0,0)
(0,0,0)
(0,0,0)
(0,0,0)
(0,0,0)
(0,0,0)
(0,0,0)
(0,0,0)
(0,0,0)
(0,0,0)
(0,0,0)
(0,0,0)
(0,0,0)
(0,0,0)
(0,0,0)
(0,0,0)
(0,0,0)
(0,0,0)
(0,0,0)
(0,0,0)
(0,0,0)
(0,0,0)
(0,0,0)
(0,0,0)
(0,0,0)
(0,0,0)
(0,0,0)
(0,0,0)
(0,0,0)
(0,0,0)
(0,0,0)
(0,0,0)
(0,0,0)
(0,0,0)
(0,0,0)
(0,0,0)
(0,0,0)
(0,0,0)
(0,0,0)
(0,0,0)
(0,0,0)
(0,0,0)
(0,0,0)
(0,0,0)
(0,0,0)
(0,0,0)
(0,0,0)
(0,0,0)
(0,0,0)
(0,0,0)
(0,0,0)
(0,0,0)
(0,0,0)
(0,0,0)
(0,0,0)
(0,0,0)
(0,0,0)
(0,0,0)
(0,0,0)
(0,0,0)
(0,0,0)
(0,0,0)
(0,0,0)
(0,0,0)
(0,0,0)
(0,0,0)
(0,0,0)
(0,0,0)
(0,0,0)
(0,0,0)
(0,0,0)
(0,0,0)
(0,0,0)
(0,0,0)
(0,0,0)
(0,0,0)
(0,0,0)
(0,0,0)
(0,0,0)
(0,0,0)
(0,0,0)
(0,0,0)
(0,0,0)
(0,0,0)
(0,0,0)
(0,0,0)
(0,0,0)
(0,0,0)
(0,0,0)
(0,0,0)
(0,0,0)
(0,0,0)
(0,0,0)
(0,0,0)
(0,0,0)
(0,0,0)
(0,0,0)
(0,0,0)
(0,0,0)
(0,0,0)
(0,0,0)
(0,0,0)
(0,0,0)
(0,0,0)
(0,0,0)
(0,0,0)
(0,0,0)
(0,0,0)
(0,0,0)
(0,0,0)
(0,0,0)
(0,0,0)
(0,0,0)
(0,0,0)
(0,0,0)
(0,0,0)
(0,0,0)
(0,0,0)
(0,0,0)
(0,0,0)
(0,0,0)
(0,0,0)
(0,0,0)
(0,0,0)
(0,0,0)
(0,0,0)
(0,0,0)
(0,0,0)
(0,0,0)
(0,0,0)
(0,0,0)
(0,0,0)
(0,0,0)
(0,0,0)
(0,0,0)
(0,0,0)
(0,0,0)
(0,0,0)
(0,0,0)
(0,0,0)
(0,0,0)
(0,0,0)
(0,0,0)
(0,0,0)
(0,0,0)
(0,0,0)
(0,0,0)
(0,0,0)
(0,0,0)
(0,0,0)
(0,0,0)
(0,0,0)
(0,0,0)
(0,0,0)
(0,0,0)
(0,0,0)
(0,0,0)
(0,0,0)
(0,0,0)
(0,0,0)
(0,0,0)
(0,0,0)
(0,0,0)
(0,0,0)
(0,0,0)
(0,0,0)
(0,0,0)
(0,0,0)
(0,0,0)
(0,0,0)
(0,0,0)
(0,0,0)
(0,0,0)
(0,0,0)
(0,0,0)
(0,0,0)
(0,0,0)
(0,0,0)
(0,0,0)
(0,0,0)
(0,0,0)
(0,0,0)
(0,0,0)
(0,0,0)
(0,0,0)
(0,0,0)
(0,0,0)
(0,0,0)
(0,0,0)
(0,0,0)
(0,0,0)
(0,0,0)
(0,0,0)
(0,0,0)
(0,0,0)
(0,0,0)
(0,0,0)
(0,0,0)
(0,0,0)
(0,0,0)
(0,0,0)
(0,0,0)
(0,0,0)
(0,0,0)
(0,0,0)
(0,0,0)
(0,0,0)
(0,0,0)
(0,0,0)
(0,0,0)
(0,0,0)
(0,0,0)
(0,0,0)
(0,0,0)
(0,0,0)
(0,0,0)
(0,0,0)
(0,0,0)
(0,0,0)
(0,0,0)
(0,0,0)
(0,0,0)
(0,0,0)
(0,0,0)
(0,0,0)
(0,0,0)
(0,0,0)
(0,0,0)
(0,0,0)
(0,0,0)
(0,0,0)
(0,0,0)
(0,0,0)
(0,0,0)
(0,0,0)
(0,0,0)
(0,0,0)
(0,0,0)
(0,0,0)
(0,0,0)
(0,0,0)
(0,0,0)
(0,0,0)
(0,0,0)
(0,0,0)
(0,0,0)
(0,0,0)
(0,0,0)
(0,0,0)
(0,0,0)
(0,0,0)
(0,0,0)
(0,0,0)
(0,0,0)
(0,0,0)
(0,0,0)
(0,0,0)
(0,0,0)
(0,0,0)
(0,0,0)
(0,0,0)
(0,0,0)
(0,0,0)
(0,0,0)
(0,0,0)
(0,0,0)
(0,0,0)
(0,0,0)
(0,0,0)
(0,0,0)
(0,0,0)
(0,0,0)
(0,0,0)
(0,0,0)
(0,0,0)
(0,0,0)
(0,0,0)
(0,0,0)
(0,0,0)
(0,0,0)
(0,0,0)
(0,0,0)
(0,0,0)
(0,0,0)
(0,0,0)
(0,0,0)
(0,0,0)
(0,0,0)
(0,0,0)
(0,0,0)
(0,0,0)
(0,0,0)
(0,0,0)
(0,0,0)
(0,0,0)
(0,0,0)
(0,0,0)
(0,0,0)
(0,0,0)
(0,0,0)
(0,0,0)
(0,0,0)
(0,0,0)
(0,0,0)
(0,0,0)
(0,0,0)
(0,0,0)
(0,0,0)
(0,0,0)
(0,0,0)
(0,0,0)
(0,0,0)
(0,0,0)
(0,0,0)
(0,0,0)
(0,0,0)
(0,0,0)
(0,0,0)
(0,0,0)
(0,0,0)
(0,0,0)
(0,0,0)
(0,0,0)
(0,0,0)
(0,0,0)
(0,0,0)
(0,0,0)
(0,0,0)
(0,0,0)
(0,0,0)
(0,0,0)
(0,0,0)
(0,0,0)
(0,0,0)
(0,0,0)
(0,0,0)
(0,0,0)
(0,0,0)
(0,0,0)
(0,0,0)
(0,0,0)
(0,0,0)
(0,0,0)
(0,0,0)
(0,0,0)
(0,0,0)
(0,0,0)
(0,0,0)
(0,0,0)
(0,0,0)
(0,0,0)
(0,0,0)
(0,0,0)
(0,0,0)
(0,0,0)
(0,0,0)
(0,0,0)
(0,0,0)
(0,0,0)
(0,0,0)
(0,0,0)
(0,0,0)
(0,0,0)
(0,0,0)
(0,0,0)
(0,0,0)
(0,0,0)
(0,0,0)
(0,0,0)
(0,0,0)
(0,0,0)
(0,0,0)
(0,0,0)
(0,0,0)
(0,0,0)
(0,0,0)
(0,0,0)
(0,0,0)
(0,0,0)
(0,0,0)
(0,0,0)
(0,0,0)
(0,0,0)
(0,0,0)
(0,0,0)
(0,0,0)
(0,0,0)
(0,0,0)
(0,0,0)
(0,0,0)
(0,0,0)
(0,0,0)
(0,0,0)
(0,0,0)
(0,0,0)
(0,0,0)
(0,0,0)
(0,0,0)
(0,0,0)
(0,0,0)
(0,0,0)
(0,0,0)
(0,0,0)
(0,0,0)
(0,0,0)
(0,0,0)
(0,0,0)
(0,0,0)
(0,0,0)
(0,0,0)
(0,0,0)
(0,0,0)
(0,0,0)
(0,0,0)
(0,0,0)
(0,0,0)
(0,0,0)
(0,0,0)
(0,0,0)
(0,0,0)
(0,0,0)
(0,0,0)
(0,0,0)
(0,0,0)
(0,0,0)
(0,0,0)
(0,0,0)
(0,0,0)
(0,0,0)
(0,0,0)
(0,0,0)
(0,0,0)
(0,0,0)
(0,0,0)
(0,0,0)
(0,0,0)
(0,0,0)
(0,0,0)
(0,0,0)
(0,0,0)
(0,0,0)
(0,0,0)
(0,0,0)
(0,0,0)
(0,0,0)
(0,0,0)
(0,0,0)
(0,0,0)
(0,0,0)
(0,0,0)
(0,0,0)
(0,0,0)
(0,0,0)
(0,0,0)
(0,0,0)
(0,0,0)
(0,0,0)
(0,0,0)
(0,0,0)
(0,0,0)
(0,0,0)
(0,0,0)
(0,0,0)
(0,0,0)
(0,0,0)
(0,0,0)
(0,0,0)
(0,0,0)
(0,0,0)
(0,0,0)
(0,0,0)
(0,0,0)
(0,0,0)
(0,0,0)
(0,0,0)
(0,0,0)
(0,0,0)
(0,0,0)
(0,0,0)
(0,0,0)
(0,0,0)
(0,0,0)
(0,0,0)
(0,0,0)
(0,0,0)
(0,0,0)
(0,0,0)
(0,0,0)
(0,0,0)
(0,0,0)
(0,0,0)
(0,0,0)
(0,0,0)
(0,0,0)
(0,0,0)
(0,0,0)
(0,0,0)
(0,0,0)
(0,0,0)
(0,0,0)
(0,0,0)
(0,0,0)
(0,0,0)
(0,0,0)
(0,0,0)
(0,0,0)
(0,0,0)
(0,0,0)
(0,0,0)
(0,0,0)
(0,0,0)
(0,0,0)
(0,0,0)
(0,0,0)
(0,0,0)
(0,0,0)
(0,0,0)
(0,0,0)
(0,0,0)
(0,0,0)
(0,0,0)
(0,0,0)
(0,0,0)
(0,0,0)
(0,0,0)
(0,0,0)
(0,0,0)
(0,0,0)
(0,0,0)
(0,0,0)
(0,0,0)
(0,0,0)
(0,0,0)
(0,0,0)
(0,0,0)
(0,0,0)
