(0,0,0)
(0,0,0)
(0,0,0)
(0,0,0)
(0,0,0)
(0,0,0)
(0,0,0)
(0,0,0)
(0,0,0)
(0,0,0)
(0,0,0)
(0,0,0)
(0,0,0)
(0,0,0)
(0,0,0)
(0,0,0)
(0,0,0)
(0,0,0)
(0,0,0)
(0,0,0)
(0,0,0)
(0,0,0)
(0,0,0)
(0,0,0)
(0,0,0)
(0,0,0)
(0,0,0)
(0,0,0)
(0,0,0)
(0,0,0)
(0,0,0)
(0,0,0)
(0,0,0)
(0,0,0)
(0,0,0)
(0,0,0)
(0,0,0)
(0,0,0)
(0,0,0)
(0,0,0)
(0,0,0)
(0,0,0)
(0,0,0)
(0,0,0)
(0,0,0)
(0,0,0)
(0,0,0)
(0,0,0)
(0,0,0)
(0,0,0)
(0,0,0)
(0,0,0)
(0,0,0)
(0,0,0)
(0,0,0)
(0,0,0)
(0,0,0)
(0,0,0)
(0,0,0)
(0,0,0)
(0,0,0)
(0,0,0)
(0,0,0)
(0,0,0)
(0,0,0)
(0,0,0)
(0,0,0)
(0,0,0)
(0,0,0)
(0,0,0)
(0,0,0)
(0,0,0)
(0,0,0)
(0,0,0)
(0,0,0)
(0,0,0)
(0,0,0)
(0,0,0)
(0,0,0)
(0,0,0)
(0,0,0)
(0,0,0)
(0,0,0)
(0,0,0)
(0,0,0)
(0,0,0)
(0,0,0)
(0,0,0)
(0,0,0)
(0,0,0)
(0,0,0)
(0,0,0)
(0,0,0)
(0,0,0)
(0,0,0)
(0,0,0)
(0,0,0)
(0,0,0)
(0,0,0)
(0,0,0)
(0,0,0)
(0,0,0)
(0,0,0)
(0,0,0)
(0,0,0)
(0,0,0)
(0,0,0)
(0,0,0)
(0,0,0)
(0,0,0)
(0,0,0)
(0,0,0)
(0,0,0)
(0,0,0)
(0,0,0)
(0,0,0)
(0,0,0)
(0,0,0)
(0,0,0)
(0,0,0)
(0,0,0)
(0,0,0)
(0,0,0)
(0,0,0)
(0,0,0)
(0,0,0)
(0,0,0)
(0,0,0)
(0,0,0)
(0,0,0)
(0,0,0)
(0,0,0)
(0,0,0)
(0,0,0)
(0,0,0)
(0,0,0)
(0,0,0)
(0,0,0)
(0,0,0)
(0,0,0)
(0,0,0)
(0,0,0)
(0,0,0)
(0,0,0)
(0,0,0)
(0,0,0)
(0,0,0)
(0,0,0)
(0,0,0)
(0,0,0)
(0,0,0)
(0,0,0)
(0,0,0)
(0,0,0)
(0,0,0)
(0,0,0)
(0,0,0)
(0,0,0)
(0,0,0)
(0,0,0)
(0,0,0)
(0,0,0)
(0,0,0)
(0,0,0)
(0,0,0)
(0,0,0)
(0,0,0)
(0,0,0)
(0,0,0)
(0,0,0)
(0,0,0)
(0,0,0)
(0,0,0)
(0,0,0)
(0,0,0)
(0,0,0)
(0,0,0)
(0,0,0)
(0,0,0)
(0,0,0)
(0,0,0)
(0,0,0)
(0,0,0)
(0,0,0)
(0,0,0)
(0,0,0)
(0,0,0)
(0,0,0)
(0,0,0)
(0,0,0)
(0,0,0)
(0,0,0)
(0,0,0)
(0,0,0)
(0,0,0)
(0,0,0)
(0,0,0)
(0,0,0)
(0,0,0)
(0,0,0)
(0,0,0)
(0,0,0)
(0,0,0)
(0,0,0)
(0,0,0)
(0,0,0)
(0,0,0)
(0,0,0)
(0,0,0)
(0,0,0)
(0,0,0)
(0,0,0)
(0,0,0)
(0,0,0)
(0,0,0)
(0,0,0)
(0,0,0)
(0,0,0)
(0,0,0)
(0,0,0)
(0,0,0)
(0,0,0)
(0,0,0)
(0,0,0)
(0,0,0)
(0,0,0)
(0,0,0)
(0,0,0)
(0,0,0)
(0,0,0)
(0,0,0)
(0,0,0)
(0,0,0)
(0,0,0)
(0,0,0)
(0,0,0)
(0,0,0)
(0,0,0)
(0,0,0)
(0,0,0)
(0,0,0)
(0,0,0)
(0,0,0)
(0,0,0)
(0,0,0)
(0,0,0)
(0,0,0)
(0,0,0)
(0,0,0)
(0,0,0)
(0,0,0)
(0,0,0)
(0,0,0)
(0,0,0)
(0,0,0)
(0,0,0)
(0,0,0)
(0,0,0)
(0,0,0)
(0,0,0)
(0,0,0)
(0,0,0)
(0,0,0)
(0,0,0)
(0,0,0)
(0,0,0)
(0,0,0)
(0,0,0)
(0,0,0)
(0,0,0)
(0,0,0)
(0,0,0)
(0,0,0)
(0,0,0)
(0,0,0)
(0,0,0)
(0,0,0)
(0,0,0)
(0,0,0)
(0,0,0)
(0,0,0)
(0,0,0)
(0,0,0)
(0,0,0)
(0,0,0)
(0,0,0)
(0,0,0)
(0,0,0)
(0,0,0)
(0,0,0)
(0,0,0)
(0,0,0)
(0,0,0)
(0,0,0)
(0,0,0)
(0,0,0)
(0,0,0)
(0,0,0)
(0,0,0)
(0,0,0)
(0,0,0)
(0,0,0)
(0,0,0)
(0,0,0)
(0,0,0)
(0,0,0)
(0,0,0)
(0,0,0)
(0,0,0)
(0,0,0)
(0,0,0)
(0,0,0)
(0,0,0)
(0,0,0)
(0,0,0)
(0,0,0)
(0,0,0)
(0,0,0)
(0,0,0)
(0,0,0)
(0,0,0)
(0,0,0)
(0,0,0)
(0,0,0)
(0,0,0)
(0,0,0)
(0,0,0)
(0,0,0)
(0,0,0)
(0,0,0)
(0,0,0)
(0,0,0)
(0,0,0)
(0,0,0)
(0,0,0)
(0,0,0)
(0,0,0)
(0,0,0)
(0,0,0)
(0,0,0)
(0,0,0)
(0,0,0)
(0,0,0)
(0,0,0)
(0,0,0)
(0,0,0)
(0,0,0)
(0,0,0)
(0,0,0)
(0,0,0)
(0,0,0)
(0,0,0)
(0,0,0)
(0,0,0)
(0,0,0)
(0,0,0)
(0,0,0)
(0,0,0)
(0,0,0)
(0,0,0)
(0,0,0)
(0,0,0)
(0,0,0)
(0,0,0)
(0,0,0)
(0,0,0)
(0,0,0)
(0,0,0)
(0,0,0)
(0,0,0)
(0,0,0)
(0,0,0)
(0,0,0)
(0,0,0)
(0,0,0)
(0,0,0)
(0,0,0)
(0,0,0)
(0,0,0)
(0,0,0)
(0,0,0)
(0,0,0)
(0,0,0)
(0,0,0)
(0,0,0)
(0,0,0)
(0,0,0)
(0,0,0)
(0,0,0)
(0,0,0)
(0,0,0)
(0,0,0)
(0,0,0)
(0,0,0)
(0,0,0)
(0,0,0)
(0,0,0)
(0,0,0)
(0,0,0)
(0,0,0)
(0,0,0)
(0,0,0)
(0,0,0)
(0,0,0)
(0,0,0)
(0,0,0)
(0,0,0)
(0,0,0)
(0,0,0)
(0,0,0)
(0,0,0)
(0,0,0)
(0,0,0)
(0,0,0)
(0,0,0)
(0,0,0)
(0,0,0)
(0,0,0)
(0,0,0)
(0,0,0)
(0,0,0)
(0,0,0)
(0,0,0)
(0,0,0)
(0,0,0)
(0,0,0)
(0,0,0)
(0,0,0)
(0,0,0)
(0,0,0)
(0,0,0)
(0,0,0)
(0,0,0)
(0,0,0)
(0,0,0)
(0,0,0)
(0,0,0)
(0,0,0)
(0,0,0)
(0,0,0)
(0,0,0)
(0,0,0)
(0,0,0)
(0,0,0)
(0,0,0)
(0,0,0)
(0,0,0)
(0,0,0)
(0,0,0)
(0,0,0)
(0,0,0)
(0,0,0)
(0,0,0)
(0,0,0)
(0,0,0)
(0,0,0)
(0,0,0)
(0,0,0)
(0,0,0)
(0,0,0)
(0,0,0)
(0,0,0)
(0,0,0)
(0,0,0)
(0,0,0)
(0,0,0)
(0,0,0)
(0,0,0)
(0,0,0)
(0,0,0)
(0,0,0)
(0,0,0)
(0,0,0)
(0,0,0)
(0,0,0)
(0,0,0)
(0,0,0)
(0,0,0)
(0,0,0)
(0,0,0)
(0,0,0)
(0,0,0)
(0,0,0)
(0,0,0)
(0,0,0)
(0,0,0)
(0,0,0)
(0,0,0)
(0,0,0)
(0,0,0)
(0,0,0)
(0,0,0)
(0,0,0)
(0,0,0)
(0,0,0)
(0,0,0)
(0,0,0)
(0,0,0)
(0,0,0)
(0,0,0)
(0,0,0)
(0,0,0)
(0,0,0)
(0,0,0)
(0,0,0)
(0,0,0)
(0,0,0)
(0,0,0)
(0,0,0)
(0,0,0)
(0,0,0)
(0,0,0)
(0,0,0)
(0,0,0)
(0,0,0)
(0,0,0)
(0,0,0)
(0,0,0)
(0,0,0)
(0,0,0)
(0,0,0)
(0,0,0)
(0,0,0)
(0,0,0)
(0,0,0)
(0,0,0)
(0,0,0)
(0,0,0)
(0,0,0)
(0,0,0)
(0,0,0)
(0,0,0)
(0,0,0)
(0,0,0)
(0,0,0)
(0,0,0)
(0,0,0)
(0,0,0)
(0,0,0)
(0,0,0)
(0,0,0)
(0,0,0)
(0,0,0)
(0,0,0)
(0,0,0)
(0,0,0)
(0,0,0)
(0,0,0)
(0,0,0)
(0,0,0)
(0,0,0)
(0,0,0)
(0,0,0)
(0,0,0)
(0,0,0)
(0,0,0)
(0,0,0)
(0,0,0)
(0,0,0)
(0,0,0)
(0,0,0)
(0,0,0)
(0,0,0)
(0,0,0)
(0,0,0)
(0,0,0)
(0,0,0)
(0,0,0)
(0,0,0)
(0,0,0)
(0,0,0)
(0,0,0)
(0,0,0)
(0,0,0)
(0,0,0)
(0,0,0)
(0,0,0)
(0,0,0)
(0,0,0)
(0,0,0)
(0,0,0)
(0,0,0)
(0,0,0)
(0,0,0)
(0,0,0)
(0,0,0)
(0,0,0)
(0,0,0)
(0,0,0)
(0,0,0)
(0,0,0)
(0,0,0)
(0,0,0)
(0,0,0)
(0,0,0)
(0,0,0)
(0,0,0)
(0,0,0)
(0,0,0)
(0,0,0)
(0,0,0)
(0,0,0)
(0,0,0)
(0,0,0)
(0,0,0)
(0,0,0)
(0,0,0)
(0,0,0)
(0,0,0)
(0,0,0)
(0,0,0)
(0,0,0)
(0,0,0)
(0,0,0)
(0,0,0)
(0,0,0)
(0,0,0)
(0,0,0)
(0,0,0)
(0,0,0)
(0,0,0)
(0,0,0)
(0,0,0)
(0,0,0)
(0,0,0)
(0,0,0)
(0,0,0)
(0,0,0)
(0,0,0)
(0,0,0)
(0,0,0)
(0,0,0)
(0,0,0)
(0,0,0)
(0,0,0)
(0,0,0)
(0,0,0)
(0,0,0)
(0,0,0)
(0,0,0)
(0,0,0)
(0,0,0)
(0,0,0)
(0,0,0)
(0,0,0)
(0,0,0)
(0,0,0)
(0,0,0)
(0,0,0)
(0,0,0)
(0,0,0)
(0,0,0)
(0,0,0)
(0,0,0)
(0,0,0)
(0,0,0)
(0,0,0)
(0,0,0)
(0,0,0)
(0,0,0)
(0,0,0)
(0,0,0)
(0,0,0)
(0,0,0)
(0,0,0)
(0,0,0)
(0,0,0)
(0,0,0)
(0,0,0)
(0,0,0)
(0,0,0)
(0,0,0)
(0,0,0)
(0,0,0)
(0,0,0)
(0,0,0)
(0,0,0)
(0,0,0)
(0,0,0)
(0,0,0)
(0,0,0)
(0,0,0)
(0,0,0)
(0,0,0)
(0,0,0)
(0,0,0)
(0,0,0)
(0,0,0)
(0,0,0)
(0,0,0)
(0,0,0)
(0,0,0)
(0,0,0)
(0,0,0)
(0,0,0)
(0,0,0)
(0,0,0)
(0,0,0)
(0,0,0)
(0,0,0)
(0,0,0)
(0,0,0)
(0,0,0)
(0,0,0)
(0,0,0)
(0,0,0)
(0,0,0)
(0,0,0)
(0,0,0)
(0,0,0)
(0,0,0)
(0,0,0)
(0,0,0)
(0,0,0)
(0,0,0)
(0,0,0)
(0,0,0)
(0,0,0)
(0,0,0)
(0,0,0)
(0,0,0)
(0,0,0)
(0,0,0)
(0,0,0)
(0,0,0)
(0,0,0)
(0,0,0)
(0,0,0)
(0,0,0)
(0,0,0)
(0,0,0)
(0,0,0)
(0,0,0)
(0,0,0)
(0,0,0)
(0,0,0)
(0,0,0)
(0,0,0)
(0,0,0)
(0,0,0)
(0,0,0)
(0,0,0)
(0,0,0)
(0,0,0)
(0,0,0)
(0,0,0)
(0,0,0)
(0,0,0)
(0,0,0)
(0,0,0)
(0,0,0)
(0,0,0)
(0,0,0)
(0,0,0)
(0,0,0)
(0,0,0)
(0,0,0)
(0,0,0)
(0,0,0)
(0,0,0)
(0,0,0)
(0,0,0)
(0,0,0)
(0,0,0)
(0,0,0)
(0,0,0)
(0,0,0)
(0,0,0)
(0,0,0)
(0,0,0)
(0,0,0)
(0,0,0)
(0,0,0)
(0,0,0)
(0,0,0)
(0,0,0)
(0,0,0)
(0,0,0)
(0,0,0)
(0,0,0)
(0,0,0)
(0,0,0)
(0,0,0)
(0,0,0)
(0,0,0)
(0,0,0)
(0,0,0)
(0,0,0)
(0,0,0)
(0,0,0)
(0,0,0)
(0,0,0)
(0,0,0)
(0,0,0)
(0,0,0)
(0,0,0)
(0,0,0)
(0,0,0)
(0,0,0)
(0,0,0)
(0,0,0)
(0,0,0)
(0,0,0)
(0,0,0)
(0,0,0)
(0,0,0)
(0,0,0)
(0,0,0)
(0,0,0)
(0,0,0)
(0,0,0)
(0,0,0)
(0,0,0)
(0,0,0)
(0,0,0)
(0,0,0)
(0,0,0)
(0,0,0)
(0,0,0)
(-67240.4395538119,35683.3705114003,31557.0690424107)
(-71050.4750989278,34250.8108818271,68356.7332595107)
(-79948.8062456697,31217.3514514503,117088.188053727)
(-96821.9563684596,26467.8977279191,187442.246694278)
(-127250.789224312,20020.3775481084,294672.65837048)
(-181903.641114752,12530.1965550149,464046.102930222)
(-280904.256596922,5707.79332939031,739242.566197777)
(-459866.419313567,1485.20340499715,1197623.78210636)
(-758582.513074118,69.6100706151344,1956136.68510982)
(-1057071.63713519,-81.036781528876,3013289.35902661)
(0,0,0)
(0,0,0)
(0,0,0)
(0,0,0)
(0,0,0)
(0,0,0)
(-71047.4754337717,76696.4602574736,30034.3856876968)
(-74911.6085257617,73966.6839677738,65230.1211275141)
(-83943.7433657474,68178.7867371333,112212.429207575)
(-101199.220939315,58982.8622874911,180896.685587319)
(-132473.929219246,46218.8160194571,287172.176335214)
(-188459.10226988,30916.419938507,457245.05522159)
(-288556.050245834,16408.8113831594,735100.087413646)
(-466850.33141525,7182.97744850071,1196252.64478535)
(-763246.720733222,3534.82779549513,1956034.14779374)
(-1059251.22290878,1797.30517165513,3013407.02874924)
(0,0,0)
(0,0,0)
(0,0,0)
(0,0,0)
(0,0,0)
(0,0,0)
(-79856.5048307628,129312.223845279,27240.7412429572)
(-83778.366834985,125631.179835585,59354.6122101351)
(-93095.2938469512,117773.352649662,102855.340144562)
(-111212.260271682,105058.306151534,167992.156552202)
(-144497.814974882,86855.3108805271,271853.476666001)
(-203976.691547383,63975.115662764,442771.472489129)
(-307522.913274543,40758.9406015377,725944.256545307)
(-484305.822287805,24765.6900687216,1192667.36621283)
(-774483.737148667,16309.1889738236,1954376.74218324)
(-1064340.20696058,8844.83728406161,3011669.41703141)
(0,0,0)
(0,0,0)
(0,0,0)
(0,0,0)
(0,0,0)
(0,0,0)
(-96299.7901672274,202075.566078461,23536.4479340466)
(-100266.745555634,197971.783235356,51462.590089912)
(-109951.913686681,189170.863928331,90016.9924979162)
(-129330.814754075,174745.232398734,149660.881004783)
(-165928.335916814,153498.357478704,248946.170323432)
(-232084.738098361,125403.334617142,419602.689467406)
(-343850.997647851,94167.4138902831,710045.213826508)
(-518094.654743275,68609.9754799168,1184295.58315856)
(-795097.925578973,48730.8101338726,1946971.88757742)
(-1073321.8232877,26229.7647057572,3002908.78344361)
(0,0,0)
(0,0,0)
(0,0,0)
(0,0,0)
(0,0,0)
(0,0,0)
(-125812.898868293,308512.115425818,19376.3495209299)
(-129764.649556365,304514.078768068,42598.703544581)
(-139649.83929773,296001.695349403,75417.7114212378)
(-160089.232037689,281991.33918218,128260.836675482)
(-200120.328682327,261029.907425997,220849.615410515)
(-274531.126604228,232370.064228008,388414.012403859)
(-399218.469546536,197222.192442595,684577.703398081)
(-569576.382348931,158314.059020282,1164450.00220669)
(-825068.821586304,113790.912760174,1924458.7211668)
(-1086316.57326604,60312.8187033268,2976692.24043526)
(0,0,0)
(0,0,0)
(0,0,0)
(0,0,0)
(0,0,0)
(0,0,0)
(-179172.162647064,472364.580314146,15319.6977587431)
(-182934.669321294,468824.871840689,33943.574007408)
(-192505.982104705,461289.809956532,61161.4415049879)
(-212729.859841591,448703.323090564,107179.317438185)
(-253190.937839193,429198.98423001,192201.178473373)
(-329038.236900207,400294.707360506,353314.772241091)
(-454128.634521989,358876.167730528,645789.431475142)
(-616754.862164374,300916.711594821,1119941.64106499)
(-857591.439183934,220345.900944342,1870978.09206481)
(-1102709.58106043,117624.064904273,2916376.42692424)
(0,0,0)
(0,0,0)
(0,0,0)
(0,0,0)
(0,0,0)
(0,0,0)
(-277126.648965387,737789.748017891,11701.4812616331)
(-280451.512293835,734763.681680306,26214.1837158592)
(-289049.903240354,728233.573496502,48320.3234162438)
(-307524.857760803,716990.6300982,87557.8741694092)
(-345100.314514029,698533.668132936,163323.504780512)
(-416376.187323329,668014.168701324,311980.230763034)
(-533800.949718395,616659.210693186,587998.137518786)
(-681687.210622878,531213.521598651,1039388.53813783)
(-906034.090797274,397468.055603921,1768300.47427547)
(-1129436.08045761,216555.628831657,2798804.99080579)
(0,0,0)
(0,0,0)
(0,0,0)
(0,0,0)
(0,0,0)
(0,0,0)
(-456255.267608851,1185436.76467787,8608.25094887209)
(-458899.357906571,1182719.40995707,19551.8805786912)
(-465816.851945581,1176681.7529174,36920.5531033984)
(-480848.999541861,1165748.30493581,69011.8778076353)
(-511744.184222001,1146417.84594284,132871.884219731)
(-571008.294183704,1111150.98442043,260743.362684316)
(-669364.434144933,1044034.86070682,502732.146815571)
(-789082.626171531,917278.180386899,905750.114198876)
(-993943.794683683,709627.799467183,1587534.16501929)
(-1180519.12505119,402219.38257856,2582389.53632354)
(0,0,0)
(0,0,0)
(0,0,0)
(0,0,0)
(0,0,0)
(0,0,0)
(-756162.07975039,1935807.97239847,5790.87202978765)
(-757968.298227182,1933100.49059057,13378.0896234587)
(-762660.95785942,1926843.65081913,25877.1495810876)
(-772754.753076523,1914713.79771779,49666.4098756121)
(-793170.14792746,1891583.6998995,97670.7038464226)
(-831530.211412217,1846566.83751675,193785.062162329)
(-895914.388655658,1757536.88895156,376197.422573255)
(-991531.660213541,1586663.21088878,698344.052284947)
(-1156009.54873477,1283590.15878003,1280391.24170675)
(-1269583.91522358,771757.325324752,2180437.21418415)
(0,0,0)
(0,0,0)
(0,0,0)
(0,0,0)
(0,0,0)
(0,0,0)
(-1055993.37720481,2988866.05822133,2935.29138193531)
(-1056900.274956,2986049.77855985,6886.27836865307)
(-1059220.42178858,2979385.52516107,13564.8258153125)
(-1064165.16531468,2965958.93200961,26484.8568382207)
(-1074051.87713163,2939480.33459028,52640.0992790684)
(-1092523.59155741,2886784.73827105,104945.790082146)
(-1124734.76047593,2781602.5804618,205614.859047802)
(-1179002.76645919,2575634.58365901,395646.25273674)
(-1269254.31818402,2179469.56620735,769021.163493387)
(-1278316.76151673,1409863.15230125,1409232.09803367)
(0,0,0)
(0,0,0)
(0,0,0)
(0,0,0)
(0,0,0)
(0,0,0)
(0,0,0)
(0,0,0)
(0,0,0)
(0,0,0)
(0,0,0)
(0,0,0)
(0,0,0)
(0,0,0)
(0,0,0)
(0,0,0)
(0,0,0)
(0,0,0)
(0,0,0)
(0,0,0)
(0,0,0)
(0,0,0)
(0,0,0)
(0,0,0)
(0,0,0)
(0,0,0)
(0,0,0)
(0,0,0)
(0,0,0)
(0,0,0)
(0,0,0)
(0,0,0)
(0,0,0)
(0,0,0)
(0,0,0)
(0,0,0)
(0,0,0)
(0,0,0)
(0,0,0)
(0,0,0)
(0,0,0)
(0,0,0)
(0,0,0)
(0,0,0)
(0,0,0)
(0,0,0)
(0,0,0)
(0,0,0)
(0,0,0)
(0,0,0)
(0,0,0)
(0,0,0)
(0,0,0)
(0,0,0)
(0,0,0)
(0,0,0)
(0,0,0)
(0,0,0)
(0,0,0)
(0,0,0)
(0,0,0)
(0,0,0)
(0,0,0)
(0,0,0)
(0,0,0)
(0,0,0)
(0,0,0)
(0,0,0)
(0,0,0)
(0,0,0)
(0,0,0)
(0,0,0)
(0,0,0)
(0,0,0)
(0,0,0)
(0,0,0)
(0,0,0)
(0,0,0)
(0,0,0)
(0,0,0)
(0,0,0)
(0,0,0)
(0,0,0)
(0,0,0)
(0,0,0)
(0,0,0)
(0,0,0)
(0,0,0)
(0,0,0)
(0,0,0)
(0,0,0)
(0,0,0)
(0,0,0)
(0,0,0)
(0,0,0)
(0,0,0)
(0,0,0)
(0,0,0)
(0,0,0)
(0,0,0)
(0,0,0)
(0,0,0)
(9914690.68561256,31790.5279293968,27658.5483324741)
(9908287.29793658,30320.1503500934,59380.8263752379)
(9893452.46898832,27161.3592225312,100198.393346886)
(9865735.76822205,22021.7153153121,156999.154869283)
(9816394.20098847,14744.1139776552,239990.252107032)
(9728508.47273108,5946.95664204776,365011.383047337)
(9567172.01441487,-1983.2948942987,560298.60835795)
(9248287.10232519,-5509.06229217946,899034.350439623)
(8528569.09412315,-4594.60624371129,1657857.55091435)
(6573769.20557578,-2257.96839108748,4070654.87802278)
(0,0,0)
(0,0,0)
(0,0,0)
(0,0,0)
(0,0,0)
(0,0,0)
(9908175.89675407,67828.0529189235,26119.304250906)
(9901754.00973064,65025.5543100851,56128.4834628135)
(9886826.0241206,58965.351709361,94934.9249179069)
(9858600.50303704,48918.3422579072,149618.775427256)
(9807898.70811488,34173.2981540162,231197.155345062)
(9717517.10380609,15415.8455628897,357132.261776535)
(9553690.510275,-2541.19015617653,556823.797945936)
(9236100.74008729,-10245.5929373961,899989.458516811)
(8520973.56610345,-7694.09047284218,1660248.85733745)
(6570457.18153854,-3290.09444737632,4072952.78037453)
(0,0,0)
(0,0,0)
(0,0,0)
(0,0,0)
(0,0,0)
(0,0,0)
(9893287.23601285,112797.287480012,23267.22602344)
(9886850.46374787,109049.442249237,49994.7089296546)
(9871657.30183882,100843.584599669,84744.0817818788)
(9842208.1862629,86880.1221241038,134742.056809495)
(9787967.08980932,65385.0649620636,212445.586645528)
(9690143.71728704,35863.0877549909,339258.137047338)
(9516927.28955962,4450.72881301572,549196.216672266)
(9202354.52721078,-8967.16789797311,902637.643562621)
(8501332.53428845,-4251.13397258993,1664758.61705335)
(6562307.81155241,-123.028823864278,4076323.7343452)
(0,0,0)
(0,0,0)
(0,0,0)
(0,0,0)
(0,0,0)
(0,0,0)
(9865887.56511629,172517.512104199,19472.6215205108)
(9859475.28335708,168431.242066878,41728.9942184355)
(9843911.42398313,159450.089997663,70639.3525789046)
(9812514.6052455,143953.983064805,113100.273066955)
(9751764.34085722,119303.713603357,182869.149079952)
(9637168.93653589,82982.8914139665,307875.872214979)
(9435157.30306555,38846.7598564495,535851.741886478)
(9125491.57974565,17219.7929424004,907458.747985551)
(8461659.41761486,18844.1562387597,1668986.31600849)
(6547081.96708398,13265.9488514605,4076573.74938995)
(0,0,0)
(0,0,0)
(0,0,0)
(0,0,0)
(0,0,0)
(0,0,0)
(9817547.06031086,255212.692019277,15325.0623340227)
(9811298.68872486,251408.99347921,32664.1740687063)
(9795656.15928925,243209.393508293,54979.0733995014)
(9762588.25761522,229346.371092864,88289.3971467259)
(9694359.40529918,207977.948789662,146515.629407305)
(9554633.11984814,177944.198381641,263770.277415641)
(9288062.5728685,142435.208202487,514280.988082872)
(8982925.66659153,111288.499739138,909090.433774)
(8399457.80220267,81376.5938100654,1663411.57384186)
(6524422.72894997,43974.0838833274,4063344.33802214)
(0,0,0)
(0,0,0)
(0,0,0)
(0,0,0)
(0,0,0)
(0,0,0)
(9731427.76583514,374511.324704331,11481.6402609045)
(9725595.75806691,371395.059603375,24345.3481767769)
(9710670.42817787,364833.860979084,40924.6718517021)
(9678219.20931683,353939.727788453,66762.4474261161)
(9609187.97466549,337316.204482081,116425.480657281)
(9465437.79451137,313008.434361577,228265.414693971)
(9195455.39550622,279288.921887549,483207.872409041)
(8903836.61477513,236095.903717523,879189.192919406)
(8346401.18464498,171951.545692753,1626001.81863611)
(6498385.67531376,90929.5022062335,4019331.34536716)
(0,0,0)
(0,0,0)
(0,0,0)
(0,0,0)
(0,0,0)
(0,0,0)
(9571696.84840634,558766.255007,8301.77375386605)
(9566627.00534682,556398.003824797,17600.5133200452)
(9553384.66848583,551544.465163852,29835.5388374414)
(9523919.57499027,543715.144779885,49995.8905231547)
(9459546.45450646,531945.192430208,92100.3349828107)
(9322068.93892769,513445.846904107,194597.997617429)
(9060142.00032015,481176.023296482,440148.147598145)
(8796944.82222233,423900.575293849,815091.644604888)
(8267803.71154388,309586.926006438,1544998.66337819)
(6453957.87839909,165506.470369716,3928407.93778633)
(0,0,0)
(0,0,0)
(0,0,0)
(0,0,0)
(0,0,0)
(0,0,0)
(9252405.82431189,885607.390515154,5877.97399940653)
(9248439.88386739,883732.091457905,12584.8460205629)
(9237911.86055989,879922.772949536,21858.0271577029)
(9214100.47212815,873883.820892665,38120.0808031356)
(9161030.15949453,865032.468764664,73638.6621802961)
(9044379.50561457,850653.517245614,162423.393468907)
(8815061.52304869,817507.636720496,383046.024279559)
(8643483.33397839,714842.158515203,700918.682336395)
(8109373.90399554,547545.244340165,1401022.86675171)
(6351212.01040641,313164.440503693,3763013.96258835)
(0,0,0)
(0,0,0)
(0,0,0)
(0,0,0)
(0,0,0)
(0,0,0)
(8530805.48686253,1636098.90212378,3921.12320679629)
(8528155.85701362,1634298.02885304,8611.23199916903)
(8521136.11046002,1630412.08956083,15705.0484966723)
(8505573.99053849,1623405.30244118,29235.0247613589)
(8472357.6717647,1610796.02933256,59323.8459294987)
(8404787.53140115,1585621.2963106,129418.525479541)
(8283030.85780883,1528757.05984065,280604.057323253)
(8112144.60007834,1399248.2321014,533901.924873502)
(7629514.84064844,1170378.45318239,1166924.52807638)
(6038707.68177839,763032.115749635,3450145.45725674)
(0,0,0)
(0,0,0)
(0,0,0)
(0,0,0)
(0,0,0)
(0,0,0)
(6574505.23112166,4044970.36874708,2010.12647842049)
(6573199.55531749,4043063.23334893,4525.29313721525)
(6569771.70302512,4038745.46075027,8579.99856238285)
(6562311.21415711,4030278.91840047,16610.2045597065)
(6546873.68668906,4013682.0591025,34178.8123974371)
(6516507.34485608,3979424.60060737,72724.7731155143)
(6460315.31843068,3906464.1587275,151347.796750373)
(6352760.54012987,3754794.98028806,305417.943403107)
(6038973.40564706,3448893.24032393,760055.633858818)
(4910222.28386848,2688276.40514294,2687652.50050856)
(0,0,0)
(0,0,0)
(0,0,0)
(0,0,0)
(0,0,0)
(0,0,0)
(0,0,0)
(0,0,0)
(0,0,0)
(0,0,0)
(0,0,0)
(0,0,0)
(0,0,0)
(0,0,0)
(0,0,0)
(0,0,0)
(0,0,0)
(0,0,0)
(0,0,0)
(0,0,0)
(0,0,0)
(0,0,0)
(0,0,0)
(0,0,0)
(0,0,0)
(0,0,0)
(0,0,0)
(0,0,0)
(0,0,0)
(0,0,0)
(0,0,0)
(0,0,0)
(0,0,0)
(0,0,0)
(0,0,0)
(0,0,0)
(0,0,0)
(0,0,0)
(0,0,0)
(0,0,0)
(0,0,0)
(0,0,0)
(0,0,0)
(0,0,0)
(0,0,0)
(0,0,0)
(0,0,0)
(0,0,0)
(0,0,0)
(0,0,0)
(0,0,0)
(0,0,0)
(0,0,0)
(0,0,0)
(0,0,0)
(0,0,0)
(0,0,0)
(0,0,0)
(0,0,0)
(0,0,0)
(0,0,0)
(0,0,0)
(0,0,0)
(0,0,0)
(0,0,0)
(0,0,0)
(0,0,0)
(0,0,0)
(0,0,0)
(0,0,0)
(0,0,0)
(0,0,0)
(0,0,0)
(0,0,0)
(0,0,0)
(0,0,0)
(0,0,0)
(0,0,0)
(0,0,0)
(0,0,0)
(0,0,0)
(0,0,0)
(0,0,0)
(0,0,0)
(0,0,0)
(0,0,0)
(0,0,0)
(0,0,0)
(0,0,0)
(0,0,0)
(0,0,0)
(0,0,0)
(0,0,0)
(0,0,0)
(0,0,0)
(0,0,0)
(0,0,0)
(0,0,0)
(0,0,0)
(0,0,0)
(0,0,0)
(0,0,0)
(-173012.583560751,25157.8318474162,21165.2358976527)
(-180096.793803695,23663.1138052948,44506.0124042647)
(-196215.591315632,20370.0085798125,72423.8627002376)
(-225514.727127135,14697.3335042245,107596.823116976)
(-275615.841554847,6085.59524818819,152141.06898393)
(-359350.554990345,-5146.38484056679,203766.280117725)
(-496388.024388131,-15525.1189733474,241471.236465932)
(-713367.990946239,-17697.1939804189,179443.322289516)
(-1024578.86136501,-12151.0686888825,-296637.854961713)
(-1256143.86319553,-5559.92238099338,-2502545.06523763)
(0,0,0)
(0,0,0)
(0,0,0)
(0,0,0)
(0,0,0)
(0,0,0)
(-180485.329977442,52820.2269984667,19618.6301521833)
(-187448.322360245,49984.3069699715,41119.5676500893)
(-203344.017818514,43635.8238536786,66643.5928870655)
(-232638.463477108,32342.1684191027,98857.5230580383)
(-283489.859447083,14090.6846393311,140860.799800581)
(-369517.168728057,-12025.2537765675,193393.739842441)
(-509815.055056178,-39306.7344303264,239300.71920226)
(-724737.170237719,-43958.7114302471,185019.945548861)
(-1030287.63339401,-27278.4306541147,-289971.694416609)
(-1258140.54664537,-11405.3301842267,-2496908.75985759)
(0,0,0)
(0,0,0)
(0,0,0)
(0,0,0)
(0,0,0)
(0,0,0)
(-197266.882755238,85236.7946539315,16757.3496844825)
(-203983.427512827,81498.7239784795,34696.6225084461)
(-219549.314548091,72935.457877669,55223.4034430595)
(-249096.937790022,57027.3872169838,80463.1072697162)
(-302599.064217604,29050.100998757,114689.643508922)
(-397527.331801319,-17175.6147550279,166130.852147407)
(-555015.580799565,-77319.0972351582,234705.883883137)
(-764322.292680688,-85780.4997029679,201824.290618979)
(-1047676.84914522,-43872.7801702742,-273952.177859276)
(-1263721.01794539,-15329.1042615325,-2485379.77571252)
(0,0,0)
(0,0,0)
(0,0,0)
(0,0,0)
(0,0,0)
(0,0,0)
(-227268.187753361,124051.47328912,12960.8728062421)
(-233612.161751766,120134.190025724,26032.6504395655)
(-248742.251063625,111087.99817818,39153.5837575311)
(-278926.082440559,93924.0931941621,52317.3640380835)
(-338450.397716165,61855.6466835173,68346.3554983941)
(-459434.966192389,451.366162172062,105943.075881243)
(-695653.777757231,-108212.575042978,226267.433083498)
(-893987.330508261,-125253.006857633,243838.649063716)
(-1091199.83185711,-43292.9595538259,-245262.123508899)
(-1275652.95309156,-9365.20482063293,-2469871.30420265)
(0,0,0)
(0,0,0)
(0,0,0)
(0,0,0)
(0,0,0)
(0,0,0)
(-277815.352691628,169077.557019534,8956.12784381593)
(-283600.401311972,165732.435602937,16876.7708751907)
(-297879.088338964,158283.731391038,21836.0838621355)
(-328109.481295551,144994.357342379,20083.3571964984)
(-394779.059743698,122844.47592698,6852.79156752727)
(-565502.223119739,88824.3498029648,-2765.05053375653)
(-1123424.1649427,49941.4060579974,209187.50474813)
(-1332684.39344976,32377.7887766174,325786.567726883)
(-1176586.95831028,28447.7484279238,-211289.581170064)
(-1295225.7040654,18016.6053207088,-2460403.15972426)
(0,0,0)
(0,0,0)
(0,0,0)
(0,0,0)
(0,0,0)
(0,0,0)
(-361214.407593803,214811.053380553,5528.47563976619)
(-366283.744187955,212463.668353805,9296.54371553239)
(-379101.605568185,207594.955291579,8377.15213275055)
(-407212.149119133,199666.113377413,-2243.44689473954)
(-472052.261822593,187716.554938367,-27255.4908463012)
(-642394.281157347,169700.715206404,-41679.982009221)
(-1173334.13369609,144085.090104386,191585.661718342)
(-1364774.1309162,129344.618527946,321849.376230027)
(-1216388.76785429,93427.4942818649,-221720.618553013)
(-1314822.74097341,46555.8083476973,-2478431.60672097)
(0,0,0)
(0,0,0)
(0,0,0)
(0,0,0)
(0,0,0)
(0,0,0)
(-497570.124866601,239582.249657295,3115.57556792061)
(-501742.987821466,238288.433712694,4280.60194906377)
(-512552.515050145,236126.852154099,305.687194151578)
(-537072.727109421,233933.041155614,-14349.1399125703)
(-596644.298048348,233491.220391221,-45313.2542388841)
(-763511.050707874,235843.972511644,-67256.7233367183)
(-1317606.39658965,236208.700438311,176987.861810972)
(-1494652.0083578,270537.089927315,286012.019563506)
(-1276725.51918742,151176.989778918,-268588.446630322)
(-1347211.43124188,62769.9937410991,-2525013.52381108)
(0,0,0)
(0,0,0)
(0,0,0)
(0,0,0)
(0,0,0)
(0,0,0)
(-715254.337230698,164091.047780647,1771.16199093755)
(-718363.884960502,163524.946247382,1958.21685591818)
(-726605.873854544,163232.5809655,-2009.97896934775)
(-745858.887396509,165418.432254766,-14916.2119720764)
(-795216.781972992,176409.557369824,-42967.8089113005)
(-948404.951143012,211115.246610335,-66834.8276807812)
(-1553980.36349736,285545.562360112,211489.995515178)
(-1266291.23614375,183576.94834649,166844.505789946)
(-1324810.2666857,67727.1768853915,-356901.712063476)
(-1397288.51567433,690.108594192946,-2587701.50226398)
(0,0,0)
(0,0,0)
(0,0,0)
(0,0,0)
(0,0,0)
(0,0,0)
(-1027483.20372533,-320139.213124653,1138.75006482076)
(-1029476.14137239,-320573.448403476,1488.94167337606)
(-1034744.52208367,-320855.401408335,77.3551626725229)
(-1046589.23624816,-319751.235803606,-3969.95142052327)
(-1073802.32430804,-314568.382128959,-8212.21727720586)
(-1138828.4281952,-302561.303228267,7700.09072933919)
(-1280985.10028235,-293849.731655018,109731.141407333)
(-1327234.9580983,-359993.80674873,51301.2532508543)
(-1449171.84721029,-420021.21580369,-423643.867629596)
(-1472140.92765992,-365376.528726217,-2588108.82229918)
(0,0,0)
(0,0,0)
(0,0,0)
(0,0,0)
(0,0,0)
(0,0,0)
(-1258326.20461352,-2529321.18233916,633.203521430862)
(-1259289.62611442,-2529864.86454155,1033.59966310132)
(-1261795.92588708,-2530709.41099777,1075.03673648877)
(-1267264.69362553,-2531664.02426504,1183.53155217366)
(-1278953.3433269,-2532788.78081939,3850.75883028222)
(-1303450.83986331,-2536696.69539797,16564.1342910247)
(-1348707.96761073,-2553454.7414066,43812.2286557211)
(-1398912.06010594,-2597552.85168066,-8336.32760499315)
(-1472584.87329152,-2589661.74256907,-368517.723329362)
(-1421142.50591758,-2221673.30032641,-2222236.36337147)
(0,0,0)
(0,0,0)
(0,0,0)
(0,0,0)
(0,0,0)
(0,0,0)
(0,0,0)
(0,0,0)
(0,0,0)
(0,0,0)
(0,0,0)
(0,0,0)
(0,0,0)
(0,0,0)
(0,0,0)
(0,0,0)
(0,0,0)
(0,0,0)
(0,0,0)
(0,0,0)
(0,0,0)
(0,0,0)
(0,0,0)
(0,0,0)
(0,0,0)
(0,0,0)
(0,0,0)
(0,0,0)
(0,0,0)
(0,0,0)
(0,0,0)
(0,0,0)
(0,0,0)
(0,0,0)
(0,0,0)
(0,0,0)
(0,0,0)
(0,0,0)
(0,0,0)
(0,0,0)
(0,0,0)
(0,0,0)
(0,0,0)
(0,0,0)
(0,0,0)
(0,0,0)
(0,0,0)
(0,0,0)
(0,0,0)
(0,0,0)
(0,0,0)
(0,0,0)
(0,0,0)
(0,0,0)
(0,0,0)
(0,0,0)
(0,0,0)
(0,0,0)
(0,0,0)
(0,0,0)
(0,0,0)
(0,0,0)
(0,0,0)
(0,0,0)
(0,0,0)
(0,0,0)
(0,0,0)
(0,0,0)
(0,0,0)
(0,0,0)
(0,0,0)
(0,0,0)
(0,0,0)
(0,0,0)
(0,0,0)
(0,0,0)
(0,0,0)
(0,0,0)
(0,0,0)
(0,0,0)
(0,0,0)
(0,0,0)
(0,0,0)
(0,0,0)
(0,0,0)
(0,0,0)
(0,0,0)
(0,0,0)
(0,0,0)
(0,0,0)
(0,0,0)
(0,0,0)
(0,0,0)
(0,0,0)
(0,0,0)
(0,0,0)
(0,0,0)
(0,0,0)
(0,0,0)
(0,0,0)
(0,0,0)
(0,0,0)
(-204659.094010678,17620.6698778498,14025.8405720768)
(-210695.64707432,16243.9991457056,28380.6946970002)
(-223993.281898738,13107.5157791268,43050.8695009812)
(-247194.572769847,7376.38730059476,57354.327843095)
(-284610.499271065,-2023.12903827743,68372.1145975885)
(-342249.821061679,-15517.2087044243,66788.5893733475)
(-425144.412993808,-29073.7875303347,24618.7655093588)
(-528045.744188749,-29132.6197097171,-131570.861538413)
(-610410.115332441,-17868.0812681394,-527871.526302801)
(-530470.073214771,-7564.12572309477,-1245981.19056044)
(0,0,0)
(0,0,0)
(0,0,0)
(0,0,0)
(0,0,0)
(0,0,0)
(-211409.532025308,35973.6602514732,12571.2116742411)
(-217114.595701863,33357.8061157072,25123.6780458598)
(-229643.711231935,27298.9582103646,37231.9290280469)
(-251584.392914979,15699.830937608,47854.4148288985)
(-287269.357443199,-5208.58155476119,54819.3653414925)
(-343251.90713693,-40158.5022384861,53195.3972844322)
(-425667.018285666,-84552.35663553,24525.9296191164)
(-525496.579545693,-83546.6240525038,-120300.656730121)
(-606334.378233841,-44615.2955818966,-517506.697576515)
(-527948.833042336,-16940.4660718097,-1238322.07083091)
(0,0,0)
(0,0,0)
(0,0,0)
(0,0,0)
(0,0,0)
(0,0,0)
(-226347.641541883,55118.9946776917,9935.42436043141)
(-231372.791900613,51721.8207943844,18960.7740695388)
(-242397.847626697,43598.6264035839,25509.638954923)
(-261780.015771794,27075.9981348332,26816.5497394708)
(-293887.167922368,-6879.52883634833,19775.6007258207)
(-347584.553662863,-79092.7094669403,8767.02981580264)
(-438425.305775961,-217943.88014352,25568.2783001892)
(-525616.137880341,-215418.350914808,-81266.1496378708)
(-596511.080786461,-87361.9682043599,-489685.245374167)
(-521878.98925368,-27246.6548459834,-1221221.08529173)
(0,0,0)
(0,0,0)
(0,0,0)
(0,0,0)
(0,0,0)
(0,0,0)
(-252138.366341572,73483.1185072408,6506.05475867043)
(-256220.735113866,70096.9190463642,10739.5298687947)
(-265098.979036714,61876.4799409223,8818.40430454943)
(-280385.956312677,44676.344830855,-7322.06851935356)
(-305563.553048973,5511.83085335787,-52600.2728762494)
(-355396.596399097,-105580.321499057,-130151.030637432)
(-535899.989274423,-535949.760650898,28101.0613871357)
(-564283.26917482,-563884.803407848,46863.4525467273)
(-573648.498901297,-128624.832732587,-429425.015880874)
(-509624.089127797,-28910.8107240863,-1193789.7239666)
(0,0,0)
(0,0,0)
(0,0,0)
(0,0,0)
(0,0,0)
(0,0,0)
(-293074.265952515,85717.863425211,3024.16834291711)
(-296049.237000567,83127.0262877476,2442.89679013099)
(-302232.548908178,77158.1042214736,-8485.2669211989)
(-311236.772845672,65937.5472301858,-46619.1777704076)
(-317626.762257459,45560.8268317523,-163820.471235047)
(-286195.528234772,11907.4309104492,-560614.918529526)
(-7.96619679072381e-05,-2.01995441768354e-05,5.22522348468023e-05)
(29.1068921432072,358.836260099486,482053.931102192)
(-482206.044049386,-11273.5305011498,-329678.285390177)
(-487541.557995286,-1517.89346289484,-1164755.34872149)
(0,0,0)
(0,0,0)
(0,0,0)
(0,0,0)
(0,0,0)
(0,0,0)
(-354328.145743768,78515.3831003774,316.218474802803)
(-356290.230217391,77093.2698845337,-3643.53909255229)
(-360029.373180712,74255.2864739356,-19812.9537324802)
(-363893.728386429,69901.4021429756,-67095.2293779743)
(-359220.256912579,63187.4954756215,-197553.902931869)
(-304113.108367159,48639.6009575141,-572567.245769119)
(-7.22440292043489e-05,-2.68210307990486e-05,4.1111951218672e-05)
(-302.372418028529,-403.916853852172,470281.271940956)
(-470607.648052771,33175.0475176079,-319948.425879317)
(-487322.811796132,14240.4548035149,-1163206.70332292)
(0,0,0)
(0,0,0)
(0,0,0)
(0,0,0)
(0,0,0)
(0,0,0)
(-439854.342817986,21975.1775461729,-1175.57649439976)
(-440975.968307257,21751.5650494316,-6600.89117351349)
(-442757.263565907,22138.6300103311,-24279.486194136)
(-442723.725025846,25193.4763945629,-73920.5625292967)
(-430171.843141054,34958.841972001,-212164.363932975)
(-356807.91800722,51020.831687923,-621248.727364036)
(-0.000197381406020737,7.18582332139325e-05,5.67379075631425e-05)
(32.8239135085913,499016.118660741,503972.147577917)
(-503871.226617874,103147.525380633,-338854.622854655)
(-507117.052723896,12721.4594557492,-1177430.00602488)
(0,0,0)
(0,0,0)
(0,0,0)
(0,0,0)
(0,0,0)
(0,0,0)
(-543692.977993789,-148102.58079174,-1483.600899006)
(-544205.479005089,-147522.872098065,-6367.56970692821)
(-544684.874144961,-144847.909365161,-21302.0300410256)
(-542443.133226159,-135291.505325347,-64232.8024914719)
(-526166.693272534,-102185.12212666,-196138.927093272)
(-441929.028847738,20722.6161959234,-672316.633896541)
(-46.4653591214257,558625.272929523,499195.936348852)
(-499153.670379686,122721.632722472,108352.856523037)
(-627614.074321174,-56543.0995350202,-429152.710925833)
(-549577.664644458,-74096.888865907,-1190045.21363407)
(0,0,0)
(0,0,0)
(0,0,0)
(0,0,0)
(0,0,0)
(0,0,0)
(-623629.789515755,-550958.984638242,-997.010363067077)
(-623824.105336953,-550309.911322643,-3862.0071739083)
(-623832.978332343,-547836.406303884,-11785.0539864916)
(-622147.986547215,-540376.088296802,-31141.7207159799)
(-614240.811642114,-519676.796552859,-73211.5589556973)
(-589821.208194024,-467105.392876005,-134390.769884949)
(-558819.034100369,-361452.291458073,63520.7283206575)
(-638867.942443105,-431551.400487752,-70573.2541243043)
(-686568.254766521,-443325.272705194,-446394.673397885)
(-562615.899981866,-314324.792687586,-1115691.79725429)
(0,0,0)
(0,0,0)
(0,0,0)
(0,0,0)
(0,0,0)
(0,0,0)
(-537936.868790367,-1270935.74053807,-412.579923291892)
(-538006.293529382,-1270468.0406647,-1537.78316627349)
(-537963.989029533,-1268790.83199675,-4415.29433095213)
(-537299.318760247,-1264261.39137836,-10495.3661146457)
(-534825.791023708,-1253678.92464701,-20620.7903236913)
(-529490.564064961,-1233043.38479293,-28643.0742051256)
(-527927.292720535,-1204519.32568438,-6356.71486896818)
(-556426.885421054,-1198433.48558533,-81959.8044562612)
(-564043.530014821,-1116892.40590162,-316934.014536528)
(-451029.335577468,-800442.023327081,-800929.954237131)
(0,0,0)
(0,0,0)
(0,0,0)
(0,0,0)
(0,0,0)
(0,0,0)
(0,0,0)
(0,0,0)
(0,0,0)
(0,0,0)
(0,0,0)
(0,0,0)
(0,0,0)
(0,0,0)
(0,0,0)
(0,0,0)
(0,0,0)
(0,0,0)
(0,0,0)
(0,0,0)
(0,0,0)
(0,0,0)
(0,0,0)
(0,0,0)
(0,0,0)
(0,0,0)
(0,0,0)
(0,0,0)
(0,0,0)
(0,0,0)
(0,0,0)
(0,0,0)
(0,0,0)
(0,0,0)
(0,0,0)
(0,0,0)
(0,0,0)
(0,0,0)
(0,0,0)
(0,0,0)
(0,0,0)
(0,0,0)
(0,0,0)
(0,0,0)
(0,0,0)
(0,0,0)
(0,0,0)
(0,0,0)
(0,0,0)
(0,0,0)
(0,0,0)
(0,0,0)
(0,0,0)
(0,0,0)
(0,0,0)
(0,0,0)
(0,0,0)
(0,0,0)
(0,0,0)
(0,0,0)
(0,0,0)
(0,0,0)
(0,0,0)
(0,0,0)
(0,0,0)
(0,0,0)
(0,0,0)
(0,0,0)
(0,0,0)
(0,0,0)
(0,0,0)
(0,0,0)
(0,0,0)
(0,0,0)
(0,0,0)
(0,0,0)
(0,0,0)
(0,0,0)
(0,0,0)
(0,0,0)
(0,0,0)
(0,0,0)
(0,0,0)
(0,0,0)
(0,0,0)
(0,0,0)
(0,0,0)
(0,0,0)
(0,0,0)
(0,0,0)
(0,0,0)
(0,0,0)
(0,0,0)
(0,0,0)
(0,0,0)
(0,0,0)
(0,0,0)
(0,0,0)
(0,0,0)
(0,0,0)
(0,0,0)
(0,0,0)
(-223336.773900912,10730.8775801935,7946.80231004403)
(-227443.182715179,9699.18205087959,14995.1559000242)
(-236037.230437465,7302.90962011504,19736.1948186318)
(-250019.135573518,2795.43078480394,19765.3268375)
(-270550.96758346,-4906.64284976676,10612.4379996615)
(-298719.502697476,-16722.8105510682,-16195.0698134785)
(-333409.649127079,-29701.8647897727,-78227.9688904346)
(-365876.107858584,-26646.5250568942,-213751.080163707)
(-362659.934742762,-13820.6325741819,-447680.628179212)
(-257895.196376029,-5062.43983060384,-715193.065187336)
(0,0,0)
(0,0,0)
(0,0,0)
(0,0,0)
(0,0,0)
(0,0,0)
(-228415.16470261,20908.5449623392,6827.96529515659)
(-232024.798299031,18952.3311153904,12485.0188278074)
(-239367.933011168,14349.3549506528,15162.7952765004)
(-250885.210350657,5272.71766009341,11986.3258368949)
(-266865.056065206,-12059.1696322249,-1265.4487586409)
(-287329.385325206,-44679.1546784373,-29231.6264429957)
(-312009.655579998,-97400.2148456393,-75190.6390927945)
(-342684.02807897,-83714.8293462966,-200934.886270103)
(-347449.42779299,-34770.5826970749,-438869.886588069)
(-251041.933640346,-10833.4879150363,-710005.737905619)
(0,0,0)
(0,0,0)
(0,0,0)
(0,0,0)
(0,0,0)
(0,0,0)
(-239462.621062561,29193.873869064,4829.65061395142)
(-242067.630980989,26708.065322057,7768.75548766601)
(-246957.329531121,20711.8906587521,5965.7016839941)
(-253361.627206492,8289.209609388,-5469.17883060022)
(-258755.416522373,-18668.3265544776,-33991.7733083432)
(-257279.134908353,-86960.2365857693,-82016.1101555116)
(-240953.279972087,-315434.91250561,-61453.4382994105)
(-264726.297045524,-254110.03200345,-151948.076477079)
(-303913.413220798,-64497.3814351324,-414818.945304698)
(-233589.166765632,-14966.6144045871,-698975.641303203)
(0,0,0)
(0,0,0)
(0,0,0)
(0,0,0)
(0,0,0)
(0,0,0)
(-257785.5314286,32520.8210912651,2320.21786482966)
(-259085.052960479,30196.1736976023,1696.42733589195)
(-260708.242985602,24631.9206997646,-6614.33875623122)
(-259787.795362813,13715.1322649696,-32638.4223616787)
(-247823.673675863,-6570.55640763842,-102476.071881638)
(-197952.427479076,-36321.2118091188,-310559.26557831)
(-3.93522042525342e-05,-4.07471985735264e-06,1.88360150814676e-05)
(114.405938304538,470.351879586244,37711.1435057955)
(-198095.766130947,-37160.4490785472,-365178.52162114)
(-199101.961096932,-6820.41111098461,-683846.852945627)
(0,0,0)
(0,0,0)
(0,0,0)
(0,0,0)
(0,0,0)
(0,0,0)
(-284906.002740111,24427.8136549491,-75.255776086174)
(-284883.751302631,22861.3001375473,-3905.86791397335)
(-283238.045479478,19334.1925732985,-17602.6432162115)
(-275295.487875559,13223.0243974115,-53051.8203187698)
(-248823.586961242,3931.95866703682,-132357.510689651)
(-174523.389919644,-6012.759722525,-274338.101091351)
(5.57622886385819e-06,-2.01275439136889e-06,-9.29462536598596e-05)
(-8.96536954238655e-05,-1.00477301365072e-05,6.36604947470191e-06)
(32.9500508927157,342.885422790686,-334856.779611089)
(-150959.242701134,-1284.96819910616,-676974.537817095)
(0,0,0)
(0,0,0)
(0,0,0)
(0,0,0)
(0,0,0)
(0,0,0)
(-321124.853688297,-7035.72248123107,-1739.75591929216)
(-320075.986167309,-7595.11865533553,-7497.58117649212)
(-315973.62799032,-8466.20154531126,-23752.9322482751)
(-303086.137798878,-8929.73157861139,-62407.7668598041)
(-267561.892952487,-7757.36146608172,-142376.810686768)
(-180052.064740859,-4067.32597395897,-268383.288061629)
(-2.632789898054e-07,-6.8887694426235e-06,-7.27068050088599e-05)
(-6.58578255642643e-05,-2.11292136365697e-05,4.26111146125047e-06)
(-88.0159737155185,-58.6771871539689,-336564.707379985)
(-143950.118552075,-5543.29279511269,-675679.076028038)
(0,0,0)
(0,0,0)
(0,0,0)
(0,0,0)
(0,0,0)
(0,0,0)
(-362651.357948674,-81879.8972753595,-2358.810075182)
(-361008.36334568,-81481.6377612623,-8439.8959308298)
(-355564.189166336,-79811.6016284039,-24287.5702473159)
(-340068.948555522,-74560.0245306201,-61312.053765626)
(-299412.902398515,-61081.2089108736,-138747.147063371)
(-201139.244933971,-34132.7729500174,-264350.373160582)
(-9.8909534036595e-06,-0.000113837186700793,-8.59437136214728e-05)
(-0.000114061203973556,5.37578619555226e-07,6.70052933598235e-06)
(-24.9561038520727,-20572.2137379242,-342014.885405938)
(-154833.207509296,-29746.2729729168,-670095.750442739)
(0,0,0)
(0,0,0)
(0,0,0)
(0,0,0)
(0,0,0)
(0,0,0)
(-395496.902798221,-228030.711042872,-2045.26142806228)
(-393751.546111555,-227118.443314917,-6862.38876794908)
(-388288.867230172,-224021.716987408,-19048.2803237274)
(-373130.667667134,-215045.377148931,-47875.3932644356)
(-332896.367876401,-190338.294008255,-111888.633563179)
(-230368.810570402,-127215.400356635,-230366.224433904)
(-0.000135961772094986,6.52801643960154e-06,1.10023943729608e-05)
(148.768950743741,-16915.0684662318,-20119.4521170742)
(-201845.014146841,-115449.878917012,-351010.847112314)
(-203033.942568818,-87087.2907525937,-640213.551408292)
(0,0,0)
(0,0,0)
(0,0,0)
(0,0,0)
(0,0,0)
(0,0,0)
(-385186.563480109,-465243.414919574,-1230.52215894082)
(-383840.317317752,-464461.200157334,-3871.55333572935)
(-379702.009516171,-461972.970918216,-10051.2682210965)
(-368505.267700398,-455578.470716607,-23160.8935002375)
(-338581.687729326,-440356.429235484,-48801.8821857916)
(-255661.580340636,-406825.55380529,-103351.356590516)
(395.447553831296,-330516.264557504,-16512.9232396847)
(-205009.268497681,-349053.431818925,-118233.233832429)
(-277164.219277178,-320762.517535243,-322324.630703544)
(-216438.198658971,-202707.3138756,-552882.308903424)
(0,0,0)
(0,0,0)
(0,0,0)
(0,0,0)
(0,0,0)
(0,0,0)
(-269703.972446513,-732977.773788986,-498.537474449989)
(-269017.901485282,-732441.5220299,-1506.60764599655)
(-266938.868058454,-730792.359870197,-3712.33966510606)
(-261661.099708562,-726958.27534397,-7970.75408943706)
(-248974.274249078,-718895.667757115,-15283.0323424142)
(-221007.79383937,-703554.796351108,-27036.5600221902)
(-174111.732611521,-676538.12602981,-34830.258658919)
(-208824.91928733,-641924.895961845,-89560.7606497295)
(-217772.342267691,-552740.855302021,-203853.610630103)
(-158474.431067662,-349327.45663825,-349788.372377271)
(0,0,0)
(0,0,0)
(0,0,0)
(0,0,0)
(0,0,0)
(0,0,0)
(0,0,0)
(0,0,0)
(0,0,0)
(0,0,0)
(0,0,0)
(0,0,0)
(0,0,0)
(0,0,0)
(0,0,0)
(0,0,0)
(0,0,0)
(0,0,0)
(0,0,0)
(0,0,0)
(0,0,0)
(0,0,0)
(0,0,0)
(0,0,0)
(0,0,0)
(0,0,0)
(0,0,0)
(0,0,0)
(0,0,0)
(0,0,0)
(0,0,0)
(0,0,0)
(0,0,0)
(0,0,0)
(0,0,0)
(0,0,0)
(0,0,0)
(0,0,0)
(0,0,0)
(0,0,0)
(0,0,0)
(0,0,0)
(0,0,0)
(0,0,0)
(0,0,0)
(0,0,0)
(0,0,0)
(0,0,0)
(0,0,0)
(0,0,0)
(0,0,0)
(0,0,0)
(0,0,0)
(0,0,0)
(0,0,0)
(0,0,0)
(0,0,0)
(0,0,0)
(0,0,0)
(0,0,0)
(0,0,0)
(0,0,0)
(0,0,0)
(0,0,0)
(0,0,0)
(0,0,0)
(0,0,0)
(0,0,0)
(0,0,0)
(0,0,0)
(0,0,0)
(0,0,0)
(0,0,0)
(0,0,0)
(0,0,0)
(0,0,0)
(0,0,0)
(0,0,0)
(0,0,0)
(0,0,0)
(0,0,0)
(0,0,0)
(0,0,0)
(0,0,0)
(0,0,0)
(0,0,0)
(0,0,0)
(0,0,0)
(0,0,0)
(0,0,0)
(0,0,0)
(0,0,0)
(0,0,0)
(0,0,0)
(0,0,0)
(0,0,0)
(0,0,0)
(0,0,0)
(0,0,0)
(0,0,0)
(0,0,0)
(0,0,0)
(-232706.773402641,5532.27714172475,3837.72236000982)
(-234918.722459998,4995.80191938821,6317.4601854415)
(-239172.322499909,3825.97353058768,5626.57871729653)
(-245225.041499239,1785.06513859832,-952.580495580609)
(-252481.86853893,-1352.20841223235,-17669.471127882)
(-259901.079829069,-5457.36577053226,-51030.5282257503)
(-265283.287104292,-8379.10499570153,-110777.785252847)
(-262700.110811112,-3482.73400910745,-210471.048291213)
(-231700.942693997,1374.33537771743,-342804.375717667)
(-145382.083777162,1784.75647157644,-457102.244788168)
(0,0,0)
(0,0,0)
(0,0,0)
(0,0,0)
(0,0,0)
(0,0,0)
(-235920.630314324,9784.72510752926,3253.0176459123)
(-237625.345778587,8781.26358389687,5068.10346096267)
(-240589.675401325,6592.74742644248,3523.07195526991)
(-244039.019540727,2628.0670770896,-4166.12079315356)
(-246440.501792687,-4105.3598659302,-21837.5236119733)
(-245848.555512717,-14776.5789055144,-53999.14028948)
(-242046.678785984,-26447.6113869731,-105893.610692219)
(-240592.785522905,-5817.55981703661,-205650.027440358)
(-218096.383077089,8748.61898192241,-342377.355760445)
(-139458.633253872,6623.52685520035,-458799.426530552)
(0,0,0)
(0,0,0)
(0,0,0)
(0,0,0)
(0,0,0)
(0,0,0)
(-242694.599135444,10773.660838447,2243.04234196904)
(-243402.776320848,9557.80324923257,2801.64801649388)
(-243881.50732913,6847.29341952108,-528.720178573133)
(-242025.315802567,1769.81029264977,-11006.774798063)
(-233449.271394193,-7803.398090141,-32614.8817020336)
(-211236.055928595,-27691.5981991534,-65742.9413881596)
(-173404.352652368,-74483.8664857769,-85255.6136090744)
(-175429.898622847,10730.9851329083,-191100.556981695)
(-183171.980111169,41339.5093000493,-344432.88040946)
(-125701.980642628,19547.4037110136,-465243.943388265)
(0,0,0)
(0,0,0)
(0,0,0)
(0,0,0)
(0,0,0)
(0,0,0)
(-253354.574920927,5312.70986627309,1029.99446449501)
(-252810.250347692,4273.61355401862,39.3815469254871)
(-250106.620288396,2002.42486071313,-5717.37259147199)
(-241111.720921786,-1861.81880846136,-20761.8179313858)
(-216114.50975427,-7589.82920391978,-52684.5507391964)
(-152839.076989731,-12880.0755018496,-112609.423925846)
(-3.3525272962305e-05,-3.34056736208909e-06,-5.67077616214592e-06)
(58.1844777528257,388.376625890947,-160478.912495374)
(-112061.57945736,160967.817606612,-366141.40747553)
(-102369.801821023,41317.3735823899,-484643.536622802)
(0,0,0)
(0,0,0)
(0,0,0)
(0,0,0)
(0,0,0)
(0,0,0)
(-267684.200574792,-11843.8554781513,-65.2368208880899)
(-265965.381624058,-12414.4404410676,-2295.55250437461)
(-260406.777076948,-13463.2096112798,-9661.18643491294)
(-245597.710029603,-14619.1317204302,-26601.6513689024)
(-210099.880751383,-14832.3169385752,-58082.869844106)
(-134140.326781739,-11537.5010606628,-99808.5074231984)
(5.46184162258708e-06,-3.34445250506775e-07,-4.74845420526915e-06)
(-7.92429891649459e-05,-1.7479195836045e-06,-1.39634421505207e-05)
(253.310198607256,199.26524963986,-485829.960808787)
(-75231.8583946508,5705.22672054409,-525945.198253416)
(0,0,0)
(0,0,0)
(0,0,0)
(0,0,0)
(0,0,0)
(0,0,0)
(-283682.599148322,-48595.1855498643,-690.924468265149)
(-281192.344253703,-48606.2401054196,-3382.76671752084)
(-273835.258255157,-48149.871208171,-10834.4748557976)
(-255636.769266903,-46012.0195058523,-26890.9556023506)
(-214723.468414443,-39673.1358940856,-54888.5611848823)
(-132929.757165567,-25204.4541024235,-88343.9157184161)
(6.09164530743345e-07,-2.96621783565992e-06,-8.10482095732111e-12)
(-5.53260830969701e-05,-2.29339847510618e-06,-9.98627168061445e-06)
(-48.0321023871204,-20.8892700885405,-480363.041291019)
(-70508.5890251864,-16458.6768535804,-531640.667243782)
(0,0,0)
(0,0,0)
(0,0,0)
(0,0,0)
(0,0,0)
(0,0,0)
(-295802.48669646,-114750.147166279,-693.909635812425)
(-293071.909586516,-114308.100055156,-2928.50344524044)
(-285249.939336804,-112679.973386653,-8712.65109628861)
(-266395.367642678,-107783.191403276,-20615.0601117065)
(-224508.980413325,-94716.4873230246,-40475.6306679595)
(-140194.576682573,-63474.7842041153,-63149.968817662)
(-6.84589154167396e-06,-7.10419051825608e-06,-9.5855963890067e-12)
(-9.54963510405782e-05,-6.50067079851306e-06,-1.43575901951679e-05)
(-178.404767481322,-222460.511154349,-496734.448635296)
(-74950.6370023719,-77975.0500354465,-515100.645960379)
(0,0,0)
(0,0,0)
(0,0,0)
(0,0,0)
(0,0,0)
(0,0,0)
(-292262.904199661,-217710.403754758,-273.742010079145)
(-289813.70324101,-217211.475544025,-1308.20939174906)
(-282955.607977966,-215527.795611519,-3793.64641908857)
(-266579.413105169,-210553.513939248,-7574.57844508178)
(-229676.067290733,-196199.954758545,-9311.4115952306)
(-150667.369695226,-152713.594086067,225.957411547438)
(-0.000116282505171301,-2.28460182828871e-05,-3.60615181404964e-06)
(289.354766730964,-222202.369522329,-222089.360623644)
(-103522.031743495,-190781.860708655,-352090.993472674)
(-95679.7242648104,-100439.588233687,-436980.673578432)
(0,0,0)
(0,0,0)
(0,0,0)
(0,0,0)
(0,0,0)
(0,0,0)
(-253375.74199992,-349687.95463922,166.729404276569)
(-251650.135277502,-349573.90226724,338.97408723188)
(-246882.355102875,-349219.541682113,1211.06574452237)
(-235823.731017124,-348826.560402547,6802.57552456118)
(-211188.392690764,-350920.149070686,34129.4747981372)
(-154664.713432264,-372346.970538632,152765.984342323)
(785.659281484822,-505196.278712754,-221925.633050119)
(-105863.91982168,-352951.14033392,-190322.210914521)
(-135410.017064006,-261390.854300771,-261467.419535576)
(-97319.1833119108,-144725.210310961,-336300.812805383)
(0,0,0)
(0,0,0)
(0,0,0)
(0,0,0)
(0,0,0)
(0,0,0)
(-156498.16219808,-463134.210838155,240.445950508419)
(-155653.351171331,-463322.06480695,624.058176269787)
(-153335.843146852,-463818.417666839,1619.90924939228)
(-148222.557876463,-465381.526217185,4736.33323192441)
(-137729.83067291,-470089.668377113,12661.40896219)
(-117879.157526554,-482678.440530967,19864.2426417036)
(-87369.7489942496,-502519.970401415,-69554.0492869031)
(-99718.4728287127,-433122.27504741,-98489.3610320305)
(-98280.2282928957,-334898.028421391,-144474.300886203)
(-65653.7187611421,-190786.163446001,-191234.060057685)
(0,0,0)
(0,0,0)
(0,0,0)
(0,0,0)
(0,0,0)
(0,0,0)
(0,0,0)
(0,0,0)
(0,0,0)
(0,0,0)
(0,0,0)
(0,0,0)
(0,0,0)
(0,0,0)
(0,0,0)
(0,0,0)
(0,0,0)
(0,0,0)
(0,0,0)
(0,0,0)
(0,0,0)
(0,0,0)
(0,0,0)
(0,0,0)
(0,0,0)
(0,0,0)
(0,0,0)
(0,0,0)
(0,0,0)
(0,0,0)
(0,0,0)
(0,0,0)
(0,0,0)
(0,0,0)
(0,0,0)
(0,0,0)
(0,0,0)
(0,0,0)
(0,0,0)
(0,0,0)
(0,0,0)
(0,0,0)
(0,0,0)
(0,0,0)
(0,0,0)
(0,0,0)
(0,0,0)
(0,0,0)
(0,0,0)
(0,0,0)
(0,0,0)
(0,0,0)
(0,0,0)
(0,0,0)
(0,0,0)
(0,0,0)
(0,0,0)
(0,0,0)
(0,0,0)
(0,0,0)
(0,0,0)
(0,0,0)
(0,0,0)
(0,0,0)
(0,0,0)
(0,0,0)
(0,0,0)
(0,0,0)
(0,0,0)
(0,0,0)
(0,0,0)
(0,0,0)
(0,0,0)
(0,0,0)
(0,0,0)
(0,0,0)
(0,0,0)
(0,0,0)
(0,0,0)
(0,0,0)
(0,0,0)
(0,0,0)
(0,0,0)
(0,0,0)
(0,0,0)
(0,0,0)
(0,0,0)
(0,0,0)
(0,0,0)
(0,0,0)
(0,0,0)
(0,0,0)
(0,0,0)
(0,0,0)
(0,0,0)
(0,0,0)
(0,0,0)
(0,0,0)
(0,0,0)
(0,0,0)
(0,0,0)
(0,0,0)
(-236561.290417291,2217.55382670188,1636.96318793901)
(-237463.447506122,2187.06861841182,1994.61961564845)
(-238938.302706333,2295.33676932079,-534.73694724614)
(-240256.143528966,2852.28075783392,-8355.91567535077)
(-240193.53405434,4591.96402092504,-25236.2141808644)
(-237067.216504055,8521.86709675483,-56591.9446026341)
(-228442.340445021,14829.3979940689,-108262.289255967)
(-210155.442168816,18649.0312127044,-179455.989110965)
(-169646.755594187,14987.5780079735,-256497.754218752)
(-97895.6592846766,7718.04569693483,-311702.224408158)
(0,0,0)
(0,0,0)
(0,0,0)
(0,0,0)
(0,0,0)
(0,0,0)
(-238192.649854599,2888.91617937762,1600.65718759769)
(-238757.906937417,2853.87167251852,2066.41529232165)
(-239364.489614022,3146.97475100451,-10.408476670354)
(-238975.451710972,4475.15695836643,-6696.85250695869)
(-235881.508943563,8725.36363671798,-21389.2449718778)
(-228079.449679827,19692.8647766446,-50329.3484846656)
(-215162.529138823,42089.592869714,-104473.693007483)
(-202555.86735394,59303.1358405953,-183164.71580435)
(-166154.688371071,43643.4275934103,-263762.260095808)
(-96505.7242297528,20365.6444740662,-319362.76789705)
(0,0,0)
(0,0,0)
(0,0,0)
(0,0,0)
(0,0,0)
(0,0,0)
(-241405.615493295,23.6392233099208,1576.29331391677)
(-241302.262984277,36.7914376587122,2292.86021220031)
(-240243.738243699,541.03002525566,1261.03585251686)
(-236356.496460501,2622.2006185022,-2554.82714968402)
(-226193.965111456,9469.41732403193,-10554.1871197379)
(-204696.728353684,30631.3025390076,-28031.9524570091)
(-170868.16203075,98858.9642706287,-87337.5144795493)
(-190793.894798536,186212.520598123,-198882.903061392)
(-163897.690663442,112457.761001777,-286971.525917467)
(-95631.2582031259,42869.4673503912,-339546.071233302)
(0,0,0)
(0,0,0)
(0,0,0)
(0,0,0)
(0,0,0)
(0,0,0)
(-245855.403898624,-9066.86977434444,1591.3379753518)
(-244920.901589008,-8981.67861901248,2720.45927333503)
(-241729.976950174,-8375.732157369,3260.57811773573)
(-233009.169220339,-6390.97565481416,4171.20268960769)
(-211350.823643264,-1597.40493238117,10474.3388350224)
(-157661.9169124,5805.80775485216,40122.6735418481)
(-2.61057275135257e-05,1.39104741360004e-05,-1.73083071552446e-05)
(-221144.599209236,395.985207310672,-272679.511662616)
(-189095.286247693,273285.985686437,-356474.029556932)
(-102160.322630362,68434.4317399208,-382248.473137119)
(0,0,0)
(0,0,0)
(0,0,0)
(0,0,0)
(0,0,0)
(0,0,0)
(-250488.7373146,-27915.71979706,1653.38676251652)
(-248797.337378659,-27742.254978632,3245.91887674367)
(-243740.706107393,-26966.3416813949,5170.45743121718)
(-230997.828644385,-24715.2972842349,8894.89767542388)
(-201088.885905385,-19521.7823140356,17808.2802110732)
(-134400.59633373,-10380.8931066153,34255.2506245303)
(1.36416879973951e-05,1.9660343760397e-06,4.83353846308729e-06)
(-5.48703463286409e-05,5.77725489744305e-06,-2.59497119668061e-05)
(-344844.464204466,-125.621239791903,-561349.569292006)
(-127920.687082322,10416.9734479057,-450643.282312307)
(0,0,0)
(0,0,0)
(0,0,0)
(0,0,0)
(0,0,0)
(0,0,0)
(-252637.889452702,-60784.0375383343,1823.6080456567)
(-250538.587048251,-60568.6252172998,3996.22107888025)
(-244566.277539383,-59644.7481514854,7405.64683319694)
(-230133.326028868,-56849.5489593602,14036.4552702875)
(-197558.670289479,-49530.1801026918,26880.0549339823)
(-128457.205929154,-32539.774219202,44566.3848101552)
(2.45556519709568e-06,1.1536986924869e-06,6.26369230379014e-13)
(-3.88705045976519e-05,7.7564924299463e-06,-1.8434815405452e-05)
(-326418.253187515,-194.722732637367,-550774.698869053)
(-128890.68969953,-20938.5374819544,-461037.087264842)
(0,0,0)
(0,0,0)
(0,0,0)
(0,0,0)
(0,0,0)
(0,0,0)
(-247405.455433341,-111277.920093767,2096.85129232393)
(-245347.220889455,-111157.680019584,4961.21739754174)
(-239619.985257316,-110534.11211009,10220.6272766558)
(-226222.695015407,-108129.780358477,21328.1860484985)
(-196493.808585702,-100057.889133673,43840.7232518611)
(-131915.246354476,-74097.6399382737,77119.2586428308)
(-2.76200206469814e-06,-1.10504473328275e-06,-6.92148255565535e-13)
(-5.19714139241875e-05,-1.01251394854427e-05,-2.564330589315e-05)
(-357539.056306922,-325947.977592222,-571397.33569877)
(-128529.241136877,-98771.9349943226,-439985.334051895)
(0,0,0)
(0,0,0)
(0,0,0)
(0,0,0)
(0,0,0)
(0,0,0)
(-226940.18014845,-178832.273687453,2231.62954248149)
(-225302.724756326,-179075.493100845,5638.46413906445)
(-220951.602010072,-179581.470377095,12681.8164381746)
(-211482.857529233,-179977.194390601,29432.6748943605)
(-192121.938091037,-177957.223755172,69777.8803161598)
(-149146.365903048,-157046.084495983,151205.321081691)
(-6.84662282608978e-05,-3.58761820009218e-05,-9.57490353578819e-06)
(-262930.229800499,-328679.100015434,-325907.129510133)
(-188450.768909182,-222793.186238331,-344133.183698338)
(-95367.8702479806,-102104.522107363,-341112.450602128)
(0,0,0)
(0,0,0)
(0,0,0)
(0,0,0)
(0,0,0)
(0,0,0)
(-181438.789965822,-252722.155559897,1952.92983834018)
(-180433.587950118,-253502.410889725,5163.30029983518)
(-177937.287969306,-255694.857529129,12331.6203182989)
(-173683.416194276,-261298.891462772,31513.0025676207)
(-170686.533185464,-277612.568370802,90666.4876779537)
(-193528.883945717,-335761.781960581,308246.355655993)
(-399867.248238736,-593635.150306928,-328633.923095731)
(-196348.435707264,-346977.042053286,-219851.465172287)
(-130486.45577234,-224330.281004659,-223237.931697641)
(-70731.3747407214,-113099.284599817,-238830.977776369)
(0,0,0)
(0,0,0)
(0,0,0)
(0,0,0)
(0,0,0)
(0,0,0)
(-103844.265787626,-306508.34910094,1132.29713059153)
(-103412.035750372,-307580.172966879,2968.74378679028)
(-102332.652175501,-310495.279347742,6765.97463405107)
(-100707.631320195,-317290.77102239,15242.9276374019)
(-99969.5339764771,-332590.416667568,32460.4792377271)
(-106498.838072966,-365012.626469669,50331.004293237)
(-133415.505207049,-415324.067875227,-81934.3219256641)
(-98078.156627868,-333493.798037669,-97057.8821421306)
(-71288.0941116547,-236614.624600782,-111765.672727246)
(-39891.6729328007,-125136.323019553,-125490.680135851)
(0,0,0)
(0,0,0)
(0,0,0)
(0,0,0)
(0,0,0)
(0,0,0)
(0,0,0)
(0,0,0)
(0,0,0)
(0,0,0)
(0,0,0)
(0,0,0)
(0,0,0)
(0,0,0)
(0,0,0)
(0,0,0)
(0,0,0)
(0,0,0)
(0,0,0)
(0,0,0)
(0,0,0)
(0,0,0)
(0,0,0)
(0,0,0)
(0,0,0)
(0,0,0)
(0,0,0)
(0,0,0)
(0,0,0)
(0,0,0)
(0,0,0)
(0,0,0)
(0,0,0)
(0,0,0)
(0,0,0)
(0,0,0)
(0,0,0)
(0,0,0)
(0,0,0)
(0,0,0)
(0,0,0)
(0,0,0)
(0,0,0)
(0,0,0)
(0,0,0)
(0,0,0)
(0,0,0)
(0,0,0)
(0,0,0)
(0,0,0)
(0,0,0)
(0,0,0)
(0,0,0)
(0,0,0)
(0,0,0)
(0,0,0)
(0,0,0)
(0,0,0)
(0,0,0)
(0,0,0)
(0,0,0)
(0,0,0)
(0,0,0)
(0,0,0)
(0,0,0)
(0,0,0)
(0,0,0)
(0,0,0)
(0,0,0)
(0,0,0)
(0,0,0)
(0,0,0)
(0,0,0)
(0,0,0)
(0,0,0)
(0,0,0)
(0,0,0)
(0,0,0)
(0,0,0)
(0,0,0)
(0,0,0)
(0,0,0)
(0,0,0)
(0,0,0)
(0,0,0)
(0,0,0)
(0,0,0)
(0,0,0)
(0,0,0)
(0,0,0)
(0,0,0)
(0,0,0)
(0,0,0)
(0,0,0)
(0,0,0)
(0,0,0)
(0,0,0)
(0,0,0)
(0,0,0)
(0,0,0)
(0,0,0)
(0,0,0)
(-237765.927185211,464.952656668358,739.684111256028)
(-238030.175178814,790.921364874008,515.490419072902)
(-238266.925443841,1775.70859277704,-1931.59543620065)
(-237759.785799256,4043.51407327292,-8471.46723918432)
(-235185.842740521,8841.74883684194,-22320.9073898445)
(-228584.504241408,17458.3123645869,-48261.9320170806)
(-214588.698014966,28101.5400008367,-90217.1144479742)
(-187512.078849632,26273.6276745631,-139134.105441719)
(-142385.357835631,18473.7677154723,-184869.270915752)
(-77953.7237524582,9079.52440292913,-213890.730850895)
(0,0,0)
(0,0,0)
(0,0,0)
(0,0,0)
(0,0,0)
(0,0,0)
(-238281.83860692,-522.633682125666,1076.77509111178)
(-238490.04399686,126.965756248986,1472.86775918189)
(-238553.673743841,2116.30245143382,321.458030346697)
(-237824.665103514,6952.66663084936,-3738.48113468989)
(-235294.11876318,18296.1099772315,-13780.232455459)
(-229747.396155538,42981.3630846515,-37635.3366998085)
(-218956.059304159,86304.1105060335,-92044.3770396708)
(-192384.791806238,70982.1108861967,-146923.935798991)
(-146180.990251551,45801.6032842729,-194225.469487316)
(-79858.6384765988,21155.8153450207,-222948.846182565)
(0,0,0)
(0,0,0)
(0,0,0)
(0,0,0)
(0,0,0)
(0,0,0)
(-239040.338349499,-4601.48448928966,1713.57366336927)
(-239083.026355702,-3747.80418059921,3369.10697164024)
(-238805.536954243,-1064.83961342251,5112.04774704551)
(-237674.322862615,5870.23021231774,7512.31056769564)
(-235426.227372575,24241.0696988593,10799.6131071885)
(-234191.995380478,77630.7271222641,5645.51609636998)
(-241200.338530247,269682.751286576,-107400.948184666)
(-210887.66174645,155780.044898109,-172105.115248659)
(-158572.287195206,87157.296124655,-218786.211557276)
(-85475.7070282188,36243.7055422815,-244029.652929445)
(0,0,0)
(0,0,0)
(0,0,0)
(0,0,0)
(0,0,0)
(0,0,0)
(-239246.420917019,-13763.9076564142,2553.44018552256)
(-239098.680349824,-12950.3625502782,5933.77731602626)
(-238385.439019605,-10445.6953061154,11970.0950781523)
(-236525.54997673,-4422.55093204728,25779.2569789014)
(-234065.149677896,8649.23899161387,64085.4137207751)
(-242689.871926142,29084.1067394092,197659.989117367)
(-357912.699661432,103.235187744157,-221316.533203837)
(-267486.006161958,221528.941306841,-240724.022659847)
(-190531.520499855,117478.280404074,-269608.772687116)
(-97957.1929977579,42610.7680728357,-280178.96485026)
(0,0,0)
(0,0,0)
(0,0,0)
(0,0,0)
(0,0,0)
(0,0,0)
(-237470.371464718,-30148.979811869,3366.70630557712)
(-237135.04725044,-29585.378953856,8339.4325809316)
(-235905.361365919,-27865.1883419826,17923.5808753184)
(-232355.772322951,-23913.2874352803,38772.2610571118)
(-222059.606782672,-16052.2323190914,84444.4532451148)
(-184986.262136457,-4485.34862863645,168599.574415883)
(-3.91151030178329e-05,2.2290224680713e-05,3.40290129087504e-05)
(-353584.999123497,-36.2184978011114,-344823.642518307)
(-245942.923495826,18227.6594154937,-344474.562238367)
(-116399.54955538,9390.99657253466,-322775.928264997)
(0,0,0)
(0,0,0)
(0,0,0)
(0,0,0)
(0,0,0)
(0,0,0)
(-231098.532030974,-55650.6601275218,3962.32289392346)
(-230729.207829615,-55476.4095243353,10043.9742457655)
(-229421.729555159,-54830.9228030928,21865.160722655)
(-225683.304005776,-53080.3671916681,46582.2184559494)
(-214427.536151435,-48558.8395589732,95957.6915577855)
(-173921.571646424,-36066.9540801835,173003.662726601)
(-2.86711534043785e-05,3.28463148129806e-05,2.44588985217074e-05)
(-332305.879632259,-14.4253249324449,-326508.012952861)
(-249997.295483733,-31406.3167877231,-353294.994453413)
(-119959.876381657,-20658.9872127554,-332175.823985999)
(0,0,0)
(0,0,0)
(0,0,0)
(0,0,0)
(0,0,0)
(0,0,0)
(-216349.355802675,-90907.9772026158,4201.2174444216)
(-216124.270403081,-91248.745870837,10750.6033045476)
(-215294.367023916,-92056.1122590761,23650.1745271317)
(-213129.869611425,-93595.7308113615,51072.7127428372)
(-206526.521514788,-95873.7175988821,108420.303711827)
(-177135.776894086,-91497.8105305802,209071.690701841)
(-3.67183289368168e-05,3.89942952253637e-05,3.22814610762013e-05)
(-365983.830086843,-263166.915007443,-357801.173228699)
(-247304.817200127,-156980.469228367,-342461.259894845)
(-114529.042616715,-65672.400452323,-311448.045175441)
(0,0,0)
(0,0,0)
(0,0,0)
(0,0,0)
(0,0,0)
(0,0,0)
(-188376.051313017,-133365.96712359,3893.86108553815)
(-188383.165639417,-134282.964630755,10008.5207285466)
(-188422.740197148,-136731.200944195,22154.7476007362)
(-189353.55978163,-142387.961846574,48817.6808883436)
(-195210.122270978,-156760.049632411,112792.197101819)
(-226681.719727709,-201729.956840004,300559.697235915)
(-409244.093219349,-400345.58679075,-263120.194179452)
(-275314.409542831,-262374.921685924,-251528.007758639)
(-180938.055486467,-164946.058913146,-251075.131496567)
(-88889.5994410938,-77496.3103383755,-245729.49241741)
(0,0,0)
(0,0,0)
(0,0,0)
(0,0,0)
(0,0,0)
(0,0,0)
(-142686.340121498,-175123.183512559,3004.76654464691)
(-142852.252506119,-176511.973609458,7652.4400793477)
(-143383.643747043,-180190.521891862,16558.1168047581)
(-145578.236786188,-188436.045812086,34501.0213621868)
(-153720.5187999,-207024.398586892,67799.3559311007)
(-180497.278091302,-248899.368824342,101937.162061028)
(-245728.555193288,-327427.832248625,-125119.285526539)
(-180961.294367272,-248896.576122306,-153984.77243016)
(-120688.743164868,-165263.823670924,-163464.720279846)
(-61221.0635855491,-82355.7895015827,-168115.552271799)
(0,0,0)
(0,0,0)
(0,0,0)
(0,0,0)
(0,0,0)
(0,0,0)
(-77990.3448962061,-202598.155758459,1621.05135448065)
(-78159.9024313308,-204196.127983419,4053.0724093995)
(-78587.8541625054,-208275.814051071,8393.56655560646)
(-79969.7247633208,-216751.077767266,15970.691953913)
(-84083.3788388172,-232821.986201302,25882.1244306711)
(-94184.7024590783,-258722.578460699,23391.1984531437)
(-108751.649322476,-282116.645727431,-46583.8439526335)
(-87708.5392537451,-235586.507494076,-70263.5299549845)
(-60966.5730227622,-165477.44553823,-80371.4291765733)
(-31655.480277704,-85354.090484288,-85609.32084897)
(0,0,0)
(0,0,0)
(0,0,0)
(0,0,0)
(0,0,0)
(0,0,0)
(0,0,0)
(0,0,0)
(0,0,0)
(0,0,0)
(0,0,0)
(0,0,0)
(0,0,0)
(0,0,0)
(0,0,0)
(0,0,0)
(0,0,0)
(0,0,0)
(0,0,0)
(0,0,0)
(0,0,0)
(0,0,0)
(0,0,0)
(0,0,0)
(0,0,0)
(0,0,0)
(0,0,0)
(0,0,0)
(0,0,0)
(0,0,0)
(0,0,0)
(0,0,0)
(0,0,0)
(0,0,0)
(0,0,0)
(0,0,0)
(0,0,0)
(0,0,0)
(0,0,0)
(0,0,0)
(0,0,0)
(0,0,0)
(0,0,0)
(0,0,0)
(0,0,0)
(0,0,0)
(0,0,0)
(0,0,0)
(0,0,0)
(0,0,0)
(0,0,0)
(0,0,0)
(0,0,0)
(0,0,0)
(0,0,0)
(0,0,0)
(0,0,0)
(0,0,0)
(0,0,0)
(0,0,0)
(0,0,0)
(0,0,0)
(0,0,0)
(0,0,0)
(0,0,0)
(0,0,0)
(0,0,0)
(0,0,0)
(0,0,0)
(0,0,0)
(0,0,0)
(0,0,0)
(0,0,0)
(0,0,0)
(0,0,0)
(0,0,0)
(0,0,0)
(0,0,0)
(0,0,0)
(0,0,0)
(0,0,0)
(0,0,0)
(0,0,0)
(0,0,0)
(0,0,0)
(0,0,0)
(0,0,0)
(0,0,0)
(0,0,0)
(0,0,0)
(0,0,0)
(0,0,0)
(0,0,0)
(0,0,0)
(0,0,0)
(0,0,0)
(0,0,0)
(0,0,0)
(0,0,0)
(0,0,0)
(0,0,0)
(0,0,0)
(-238008.499125559,-165.680944867585,408.252885210961)
(-238083.470924708,265.550289710459,195.998341394085)
(-237996.720037763,1425.90391884256,-1500.11098351877)
(-237122.989887106,3906.90854764235,-6043.81544331828)
(-234008.858084729,8681.23107873488,-15902.0311778476)
(-226160.473547743,16201.3430151056,-34527.4048866117)
(-209303.437586831,23652.8977132435,-63465.5630279894)
(-177986.766573704,21363.4447439639,-94354.3200478755)
(-130800.26748078,14681.747636393,-120621.158039121)
(-69670.560402599,7171.41635770458,-136075.737746685)
(0,0,0)
(0,0,0)
(0,0,0)
(0,0,0)
(0,0,0)
(0,0,0)
(-237844.964219544,-1439.83955389524,837.284221651852)
(-238111.07529986,-605.634979522753,1329.5007938802)
(-238478.909080475,1720.00128672238,960.638762634371)
(-238580.720035165,6948.74511234272,-1325.14287041193)
(-237542.04866277,18026.8638082177,-8422.84570030673)
(-233287.955846083,38401.6100205725,-27082.553015233)
(-220568.65032892,63924.3317110009,-65741.3959882266)
(-188136.898845935,52374.811543118,-101000.655747692)
(-137761.833034562,33348.323379007,-128086.388707288)
(-73054.3223980839,15512.5441725232,-143231.832600627)
(0,0,0)
(0,0,0)
(0,0,0)
(0,0,0)
(0,0,0)
(0,0,0)
(-237142.440840523,-4979.04225971149,1641.30519683936)
(-237711.881088985,-3908.14520617119,3572.67015677125)
(-238926.670469365,-760.708491691766,6174.51345030572)
(-241140.902057931,6898.86831889076,9690.96943906798)
(-245084.494176631,25476.0792543206,11900.0207970191)
(-251365.901997975,69025.7275603872,-1550.19012529737)
(-254406.011269657,152854.053980491,-77274.239655378)
(-214879.939942987,99069.9428742287,-119977.092789964)
(-154460.661253622,55095.4613602217,-145835.856712764)
(-80756.5323618909,23683.1467274222,-158725.633933985)
(0,0,0)
(0,0,0)
(0,0,0)
(0,0,0)
(0,0,0)
(0,0,0)
(-234891.454695282,-12059.0676408321,2725.05915938366)
(-235857.296389427,-11068.2620454145,6643.7920382246)
(-238263.074462385,-8047.01597018988,13807.7349595001)
(-243647.961680649,-353.112986470086,28182.127968789)
(-256301.718377104,20540.5499677247,55354.2259545904)
(-287234.816817137,86664.4493437726,82260.4490622128)
(-349623.292017857,357864.471068511,-131039.375669386)
(-270872.520351369,135323.945189234,-163906.863794971)
(-184183.875778475,61992.5558652284,-177151.603021366)
(-93172.7750023852,24113.4310551175,-182366.305344434)
(0,0,0)
(0,0,0)
(0,0,0)
(0,0,0)
(0,0,0)
(0,0,0)
(-229466.182954566,-23825.4841479854,3762.22799699783)
(-230825.487371125,-23234.6374818224,9619.04355409343)
(-234382.572950484,-21454.1258268202,21503.3649952932)
(-242890.75570098,-17335.5864022914,49020.821789143)
(-265382.782887032,-8525.55385749767,121410.101718725)
(-336789.718054818,6462.20681607516,353415.800164778)
(-621395.550735647,-176.976795184532,-353599.541839497)
(-355820.266667974,21178.6527092603,-237218.981815037)
(-220324.196424093,14143.4112045215,-214988.564226062)
(-106621.231612995,5808.69884301553,-206462.149956354)
(0,0,0)
(0,0,0)
(0,0,0)
(0,0,0)
(0,0,0)
(0,0,0)
(-218406.201919438,-40939.9105646415,4422.09630512389)
(-220050.058607529,-40911.9828693131,11420.2924705292)
(-224319.59654805,-40789.1865522801,25653.2201888803)
(-234526.115839923,-40638.7027626983,57799.148383436)
(-260783.281892155,-40746.2610270985,136375.601293754)
(-338499.28753998,-39355.200272552,346770.724275945)
(-608147.634372957,47.0196092012299,-332238.548591277)
(-365471.864619865,-33692.3464988706,-244201.564395519)
(-228044.201669455,-28741.4585408447,-223269.788464454)
(-109916.038260667,-15264.3345941236,-212240.5931483)
(0,0,0)
(0,0,0)
(0,0,0)
(0,0,0)
(0,0,0)
(0,0,0)
(-198739.931115766,-63050.496143585,4501.16089203779)
(-200480.361775619,-63648.9080915513,11594.1774868141)
(-204964.056098607,-65352.5729474904,25827.2529567122)
(-215590.209957229,-70005.0288298692,57653.9193696938)
(-242634.437537096,-84733.6621029012,137749.236467801)
(-323706.771423995,-141208.44116964,386173.471894808)
(-632328.860480702,-409389.023313102,-365976.059319683)
(-353834.11594661,-172629.337981995,-239188.781976801)
(-214808.213785463,-90692.0966995224,-209734.747232796)
(-102511.713081981,-40068.1279863818,-196948.283375266)
(0,0,0)
(0,0,0)
(0,0,0)
(0,0,0)
(0,0,0)
(0,0,0)
(-167496.47630233,-87866.7338606367,3936.66270636414)
(-169076.408884287,-88971.3436987074,9952.34155838955)
(-173105.030755516,-91934.6053152145,21216.6644844828)
(-182208.907942636,-98878.259775669,42945.2435912884)
(-202734.525363866,-115532.543302061,81268.5278833393)
(-248799.477208446,-155816.299189209,117994.14338364)
(-334292.938698556,-237133.132521533,-129212.901928718)
(-251708.64677912,-168257.067073633,-157190.935600798)
(-164913.245009711,-104838.895429857,-159068.947347226)
(-81227.6825605582,-49893.654380871,-156905.337833263)
(0,0,0)
(0,0,0)
(0,0,0)
(0,0,0)
(0,0,0)
(0,0,0)
(-122808.562901769,-110647.690482497,2903.17940213459)
(-123998.598384396,-112036.653500871,7114.83508257478)
(-126958.685827395,-115613.931258015,14369.2031057283)
(-133354.399737304,-123087.143298872,26354.2495800445)
(-146234.624387552,-137638.030980019,40973.842845651)
(-169236.543306873,-162809.752501103,36706.5613731125)
(-195153.671471601,-190698.025873266,-60303.428996852)
(-159970.29753853,-155856.694698632,-93694.7982005883)
(-109480.69771943,-105713.45392908,-104028.285146796)
(-55261.2234579636,-52902.5824520047,-106979.197203249)
(0,0,0)
(0,0,0)
(0,0,0)
(0,0,0)
(0,0,0)
(0,0,0)
(-65395.5360278689,-124765.788314375,1523.28896354088)
(-66057.7906435087,-126267.518172566,3652.04184741205)
(-67613.5731538064,-129970.939832499,7034.76941319884)
(-70780.8086426707,-137101.905907735,11860.6159014095)
(-76589.3260079137,-149030.560238161,15759.0923286459)
(-85274.631276328,-164784.063262888,8823.33190767512)
(-91535.8362691871,-173600.936844158,-25489.5701747197)
(-77473.3455747821,-148080.252759913,-43501.2057924018)
(-54411.9911336048,-104678.012056825,-51091.2295538147)
(-27890.7029196111,-53778.0330307638,-53980.5563331471)
(0,0,0)
(0,0,0)
(0,0,0)
(0,0,0)
(0,0,0)
(0,0,0)
(0,0,0)
(0,0,0)
(0,0,0)
(0,0,0)
(0,0,0)
(0,0,0)
(0,0,0)
(0,0,0)
(0,0,0)
(0,0,0)
(0,0,0)
(0,0,0)
(0,0,0)
(0,0,0)
(0,0,0)
(0,0,0)
(0,0,0)
(0,0,0)
(0,0,0)
(0,0,0)
(0,0,0)
(0,0,0)
(0,0,0)
(0,0,0)
(0,0,0)
(0,0,0)
(0,0,0)
(0,0,0)
(0,0,0)
(0,0,0)
(0,0,0)
(0,0,0)
(0,0,0)
(0,0,0)
(0,0,0)
(0,0,0)
(0,0,0)
(0,0,0)
(0,0,0)
(0,0,0)
(0,0,0)
(0,0,0)
(0,0,0)
(0,0,0)
(0,0,0)
(0,0,0)
(0,0,0)
(0,0,0)
(0,0,0)
(0,0,0)
(0,0,0)
(0,0,0)
(0,0,0)
(0,0,0)
(0,0,0)
(0,0,0)
(0,0,0)
(0,0,0)
(0,0,0)
(0,0,0)
(0,0,0)
(0,0,0)
(0,0,0)
(0,0,0)
(0,0,0)
(0,0,0)
(0,0,0)
(0,0,0)
(0,0,0)
(0,0,0)
(0,0,0)
(0,0,0)
(0,0,0)
(0,0,0)
(0,0,0)
(0,0,0)
(0,0,0)
(0,0,0)
(0,0,0)
(0,0,0)
(0,0,0)
(0,0,0)
(0,0,0)
(0,0,0)
(0,0,0)
(0,0,0)
(0,0,0)
(0,0,0)
(0,0,0)
(0,0,0)
(0,0,0)
(0,0,0)
(0,0,0)
(0,0,0)
(0,0,0)
(0,0,0)
(-237996.066816625,-205.97616924503,193.543860309499)
(-238067.871842815,71.2624990111027,106.682279412472)
(-237970.175012538,806.351342767347,-726.214088581401)
(-237108.562661011,2315.07987304218,-3055.72118771831)
(-233870.713845283,5028.48399031394,-8222.34941747405)
(-225370.952533649,8927.23135786562,-17939.101789436)
(-207040.929224643,12261.2194992164,-32462.8296508464)
(-174153.418060743,11134.7983114514,-47430.9764752648)
(-126367.129355231,7707.91785288254,-59572.0324536908)
(-66582.8242778447,3790.12168038648,-66449.8902588371)
(0,0,0)
(0,0,0)
(0,0,0)
(0,0,0)
(0,0,0)
(0,0,0)
(-237505.827296057,-1014.4376130025,469.324520272552)
(-237921.09238932,-467.647285089533,818.251393835127)
(-238609.140156524,996.933852352466,757.899960299913)
(-239274.236807299,4129.48891260391,-362.992307132348)
(-238776.734811943,10235.7515429806,-4335.57371062855)
(-234165.819303969,20087.5898624346,-14618.0687573063)
(-219209.38201586,29878.4035221474,-33594.5210932932)
(-185232.291280707,25497.6845807413,-50862.0149278139)
(-134043.089952459,16620.6995464027,-63493.5397034338)
(-70361.7393493141,7854.10140815904,-70250.1024799712)
(0,0,0)
(0,0,0)
(0,0,0)
(0,0,0)
(0,0,0)
(0,0,0)
(-236129.994397122,-3014.55077406172,987.666717656568)
(-237105.335615946,-2314.2941023285,2227.76806186029)
(-239238.509549567,-339.697603355482,3876.23859776975)
(-243039.203545118,4182.62525235006,5721.40374521668)
(-248653.99990932,14033.0121327878,5493.64888810417)
(-253904.341760499,32939.3370755337,-4819.65856247263)
(-248814.383504165,57430.4016436189,-37963.2844494377)
(-210558.566869113,42930.0157733291,-59716.9887158941)
(-150610.769667357,25282.056683917,-72228.2374396821)
(-78263.1831860158,11236.8721021218,-78104.3573095183)
(0,0,0)
(0,0,0)
(0,0,0)
(0,0,0)
(0,0,0)
(0,0,0)
(-232825.516702064,-6788.17256276037,1707.68379548069)
(-234479.725066792,-6152.66273972472,4168.48111024304)
(-238558.224900795,-4264.01378777793,8387.94773307793)
(-246911.238236352,308.200764006574,15525.6487771196)
(-262375.917780806,11304.2534938651,24328.6068197447)
(-286536.527536046,36919.0546505107,19650.5999636736)
(-305980.094907221,85902.7973040033,-52464.9928073371)
(-253296.480726249,50239.2415263897,-77350.2581855154)
(-175772.559333715,25763.0782386653,-86242.5961850362)
(-89454.5501410723,10613.3549641486,-89337.3039083742)
(0,0,0)
(0,0,0)
(0,0,0)
(0,0,0)
(0,0,0)
(0,0,0)
(-225760.727573721,-12888.6560267232,2395.0280831208)
(-228111.000082168,-12519.0293732008,6046.90742763995)
(-234127.884555309,-11451.9815224804,12980.1867671732)
(-247056.206128444,-9043.99099527423,26497.8289539155)
(-273440.491596623,-4043.27758756946,49903.068744937)
(-323196.470491357,4611.93289102305,68616.9429409692)
(-391661.833100719,12932.5119415308,-88146.4893315046)
(-303363.454203481,11456.9054388015,-101820.965708384)
(-201408.331927515,6406.15787522006,-101379.909841515)
(-99968.4084894313,2512.24210756453,-99931.6201084866)
(0,0,0)
(0,0,0)
(0,0,0)
(0,0,0)
(0,0,0)
(0,0,0)
(-212653.641361791,-21459.3107399291,2818.09415555768)
(-215438.156433589,-21462.7385656066,7149.90117402238)
(-222534.568289348,-21515.0666464561,15427.9580392904)
(-237861.584339113,-21765.4209591107,31484.8565023152)
(-269215.820352109,-22682.8512230239,58556.9685977243)
(-327631.018407141,-24664.7844648743,76965.4168207777)
(-404435.719090408,-24196.16286002,-89617.8236602202)
(-314705.150945448,-22077.1951984583,-106850.436697373)
(-207735.699408046,-15515.7737630421,-105237.007320528)
(-102416.857894161,-7847.20674084837,-102376.738838627)
(0,0,0)
(0,0,0)
(0,0,0)
(0,0,0)
(0,0,0)
(0,0,0)
(-190945.093557584,-32080.4993337312,2826.35103561782)
(-193747.02087339,-32493.3179670702,7123.58953485491)
(-200841.77870259,-33686.1064217623,15172.3519141446)
(-215948.81752792,-36762.5692358201,30528.1077615454)
(-246383.924914497,-44967.4245272623,56562.1684431842)
(-302805.585022685,-66447.5912103396,77443.7887873316)
(-380116.630469431,-111460.891082029,-87503.7130019028)
(-292559.0121457,-70599.6504391614,-100256.361562112)
(-192203.417977506,-40853.5804238338,-97523.350709275)
(-94600.9611128916,-18796.8165874716,-94484.4928317447)
(0,0,0)
(0,0,0)
(0,0,0)
(0,0,0)
(0,0,0)
(0,0,0)
(-158482.650325747,-43510.5659663626,2416.24065604897)
(-160884.368420575,-44230.786324037,5961.66854930742)
(-166840.067114906,-46096.3369496106,12106.9354365493)
(-178929.497467013,-50274.2725985744,22339.2283236808)
(-201208.679685734,-59238.4382492181,35084.3963675108)
(-236148.00595137,-76450.9364504174,32436.2703505108)
(-268494.371347605,-98179.2588827237,-46643.9291997405)
(-221802.174339021,-76692.0244253112,-70458.0276536755)
(-151256.203736779,-49538.852470426,-75429.7968800283)
(-75760.0776665853,-23987.8011527106,-75706.4172087587)
(0,0,0)
(0,0,0)
(0,0,0)
(0,0,0)
(0,0,0)
(0,0,0)
(-114452.783488337,-53625.1470670881,1758.80168728969)
(-116173.930974422,-54474.7562323488,4178.10418562996)
(-120285.060669066,-56585.2303345475,7993.37241223657)
(-128268.693913336,-60802.1764271898,13435.5704168831)
(-141675.40974323,-68254.2513996816,17892.1689230261)
(-159450.062902137,-79095.9181188174,10750.6701866909)
(-170131.919991227,-87318.5621972415,-25131.7779791647)
(-144946.757611547,-73594.3925150614,-43252.9498163996)
(-101607.487120226,-50834.0212944827,-49830.9915915474)
(-51717.5448954386,-25639.2704387185,-51723.2008680643)
(0,0,0)
(0,0,0)
(0,0,0)
(0,0,0)
(0,0,0)
(0,0,0)
(-60221.0718152323,-59712.9993152586,913.388035534224)
(-61135.7976637101,-60606.7025744344,2123.34139782205)
(-63206.3649883425,-62741.6324030764,3872.53530088493)
(-67061.0594956407,-66682.8479625802,6033.45768924562)
(-73082.8407212858,-72769.7302673945,7042.4512703309)
(-80060.3814589504,-79808.1211543072,2540.40448844649)
(-82561.2249614558,-82327.7723989722,-11424.9966175526)
(-71140.2006088057,-70880.50145708,-20472.0326415112)
(-50658.0141516459,-50477.2459344092,-24582.7849835424)
(-26050.9871643141,-25996.9995131797,-26064.7716643794)
(0,0,0)
(0,0,0)
(0,0,0)
(0,0,0)
(0,0,0)
(0,0,0)
(0,0,0)
(0,0,0)
(0,0,0)
(0,0,0)
(0,0,0)
(0,0,0)
(0,0,0)
(0,0,0)
(0,0,0)
(0,0,0)
(0,0,0)
(0,0,0)
(0,0,0)
(0,0,0)
(0,0,0)
(0,0,0)
(0,0,0)
(0,0,0)
(0,0,0)
(0,0,0)
(0,0,0)
(0,0,0)
(0,0,0)
(0,0,0)
(0,0,0)
(0,0,0)
(0,0,0)
(0,0,0)
(0,0,0)
(0,0,0)
(0,0,0)
(0,0,0)
(0,0,0)
(0,0,0)
(0,0,0)
(0,0,0)
(0,0,0)
(0,0,0)
(0,0,0)
(0,0,0)
(0,0,0)
(0,0,0)
(0,0,0)
(0,0,0)
(0,0,0)
(0,0,0)
(0,0,0)
(0,0,0)
(0,0,0)
(0,0,0)
(0,0,0)
(0,0,0)
(0,0,0)
(0,0,0)
(0,0,0)
(0,0,0)
(0,0,0)
(0,0,0)
(0,0,0)
(0,0,0)
(0,0,0)
(0,0,0)
(0,0,0)
(0,0,0)
(0,0,0)
(0,0,0)
(0,0,0)
(0,0,0)
(0,0,0)
(0,0,0)
(0,0,0)
(0,0,0)
(0,0,0)
(0,0,0)
(0,0,0)
(0,0,0)
(0,0,0)
(0,0,0)
(0,0,0)
(0,0,0)
(0,0,0)
(0,0,0)
(0,0,0)
(0,0,0)
(0,0,0)
(0,0,0)
(0,0,0)
(0,0,0)
(0,0,0)
(0,0,0)
(0,0,0)
(0,0,0)
(0,0,0)
(0,0,0)
(0,0,0)
(0,0,0)
(0,0,0)
(0,0,0)
(0,0,0)
(0,0,0)
(0,0,0)
(0,0,0)
(0,0,0)
(0,0,0)
(0,0,0)
(0,0,0)
(0,0,0)
(0,0,0)
(0,0,0)
(0,0,0)
(0,0,0)
(0,0,0)
(0,0,0)
(0,0,0)
(0,0,0)
(0,0,0)
(0,0,0)
(0,0,0)
(0,0,0)
(0,0,0)
(0,0,0)
(0,0,0)
(0,0,0)
(0,0,0)
(0,0,0)
(0,0,0)
(0,0,0)
(0,0,0)
(0,0,0)
(0,0,0)
(0,0,0)
(0,0,0)
(0,0,0)
(0,0,0)
(0,0,0)
(0,0,0)
(0,0,0)
(0,0,0)
(0,0,0)
(0,0,0)
(0,0,0)
(0,0,0)
(0,0,0)
(0,0,0)
(0,0,0)
(0,0,0)
(0,0,0)
(0,0,0)
(0,0,0)
(0,0,0)
(0,0,0)
(0,0,0)
(0,0,0)
(0,0,0)
(0,0,0)
(0,0,0)
(0,0,0)
(0,0,0)
(0,0,0)
(0,0,0)
(0,0,0)
(0,0,0)
(0,0,0)
(0,0,0)
(0,0,0)
(0,0,0)
(0,0,0)
(0,0,0)
(0,0,0)
(0,0,0)
(0,0,0)
(0,0,0)
(0,0,0)
(0,0,0)
(0,0,0)
(0,0,0)
(0,0,0)
(0,0,0)
(0,0,0)
(0,0,0)
(0,0,0)
(0,0,0)
(0,0,0)
(0,0,0)
(0,0,0)
(0,0,0)
(0,0,0)
(0,0,0)
(0,0,0)
(0,0,0)
(0,0,0)
(0,0,0)
(0,0,0)
(0,0,0)
(0,0,0)
(0,0,0)
(0,0,0)
(0,0,0)
(0,0,0)
(0,0,0)
(0,0,0)
(0,0,0)
(0,0,0)
(0,0,0)
(0,0,0)
(0,0,0)
(0,0,0)
(0,0,0)
(0,0,0)
(0,0,0)
(0,0,0)
(0,0,0)
(0,0,0)
(0,0,0)
(0,0,0)
(0,0,0)
(0,0,0)
(0,0,0)
(0,0,0)
(0,0,0)
(0,0,0)
(0,0,0)
(0,0,0)
(0,0,0)
(0,0,0)
(0,0,0)
(0,0,0)
(0,0,0)
(0,0,0)
(0,0,0)
(0,0,0)
(0,0,0)
(0,0,0)
(0,0,0)
(0,0,0)
(0,0,0)
(0,0,0)
(0,0,0)
(0,0,0)
(0,0,0)
(0,0,0)
(0,0,0)
(0,0,0)
(0,0,0)
(0,0,0)
(0,0,0)
(0,0,0)
(0,0,0)
(0,0,0)
(0,0,0)
(0,0,0)
(0,0,0)
(0,0,0)
(0,0,0)
(0,0,0)
(0,0,0)
(0,0,0)
(0,0,0)
(0,0,0)
(0,0,0)
(0,0,0)
(0,0,0)
(0,0,0)
(0,0,0)
(0,0,0)
(0,0,0)
(0,0,0)
(0,0,0)
(0,0,0)
(0,0,0)
(0,0,0)
(0,0,0)
(0,0,0)
(0,0,0)
(0,0,0)
(0,0,0)
(0,0,0)
(0,0,0)
(0,0,0)
(0,0,0)
(0,0,0)
(0,0,0)
(0,0,0)
(0,0,0)
(0,0,0)
(0,0,0)
(0,0,0)
(0,0,0)
(0,0,0)
(0,0,0)
(0,0,0)
(0,0,0)
(0,0,0)
(0,0,0)
(0,0,0)
(0,0,0)
(0,0,0)
(0,0,0)
(0,0,0)
(0,0,0)
(0,0,0)
(0,0,0)
(0,0,0)
(0,0,0)
(0,0,0)
(0,0,0)
(0,0,0)
(0,0,0)
(0,0,0)
(0,0,0)
(0,0,0)
(0,0,0)
(0,0,0)
(0,0,0)
(0,0,0)
(0,0,0)
(0,0,0)
(0,0,0)
(0,0,0)
(0,0,0)
(0,0,0)
(0,0,0)
(0,0,0)
(0,0,0)
(0,0,0)
(0,0,0)
(0,0,0)
(0,0,0)
(0,0,0)
(0,0,0)
(0,0,0)
(0,0,0)
(0,0,0)
(0,0,0)
(0,0,0)
(0,0,0)
(0,0,0)
(0,0,0)
(0,0,0)
(0,0,0)
(0,0,0)
(0,0,0)
(0,0,0)
(0,0,0)
(0,0,0)
(0,0,0)
(0,0,0)
(0,0,0)
(0,0,0)
(0,0,0)
(0,0,0)
(0,0,0)
(0,0,0)
(0,0,0)
(0,0,0)
(0,0,0)
(0,0,0)
(0,0,0)
(0,0,0)
(0,0,0)
(0,0,0)
(0,0,0)
(0,0,0)
(0,0,0)
(0,0,0)
(0,0,0)
(0,0,0)
(0,0,0)
(0,0,0)
(0,0,0)
(0,0,0)
(0,0,0)
(0,0,0)
(0,0,0)
(0,0,0)
(0,0,0)
(0,0,0)
(0,0,0)
(0,0,0)
(0,0,0)
(0,0,0)
(0,0,0)
(0,0,0)
(0,0,0)
(0,0,0)
(0,0,0)
(0,0,0)
(0,0,0)
(0,0,0)
(0,0,0)
(0,0,0)
(0,0,0)
(0,0,0)
(0,0,0)
(0,0,0)
(0,0,0)
(0,0,0)
(0,0,0)
(0,0,0)
(0,0,0)
(0,0,0)
(0,0,0)
(0,0,0)
(0,0,0)
(0,0,0)
(0,0,0)
(0,0,0)
(0,0,0)
(0,0,0)
(0,0,0)
(0,0,0)
(0,0,0)
(0,0,0)
(0,0,0)
(0,0,0)
(0,0,0)
(0,0,0)
(0,0,0)
(0,0,0)
(0,0,0)
(0,0,0)
(0,0,0)
(0,0,0)
(0,0,0)
(0,0,0)
(0,0,0)
(0,0,0)
(0,0,0)
(0,0,0)
(0,0,0)
(0,0,0)
(0,0,0)
(0,0,0)
(0,0,0)
(0,0,0)
(0,0,0)
(0,0,0)
(0,0,0)
(0,0,0)
(0,0,0)
(0,0,0)
(0,0,0)
(0,0,0)
(0,0,0)
(0,0,0)
(0,0,0)
(0,0,0)
(0,0,0)
(0,0,0)
(0,0,0)
(0,0,0)
(0,0,0)
(0,0,0)
(0,0,0)
(0,0,0)
(0,0,0)
(0,0,0)
(0,0,0)
(0,0,0)
(0,0,0)
(0,0,0)
(0,0,0)
(0,0,0)
(0,0,0)
(0,0,0)
(0,0,0)
(0,0,0)
(0,0,0)
(0,0,0)
(0,0,0)
(0,0,0)
(0,0,0)
(0,0,0)
(0,0,0)
(0,0,0)
(0,0,0)
(0,0,0)
(0,0,0)
(0,0,0)
(0,0,0)
(0,0,0)
(0,0,0)
(0,0,0)
(0,0,0)
(0,0,0)
(0,0,0)
(0,0,0)
(0,0,0)
(0,0,0)
(0,0,0)
(0,0,0)
(0,0,0)
(0,0,0)
(0,0,0)
(0,0,0)
(0,0,0)
(0,0,0)
(0,0,0)
(0,0,0)
(0,0,0)
(0,0,0)
(0,0,0)
(0,0,0)
(0,0,0)
(0,0,0)
(0,0,0)
(0,0,0)
(0,0,0)
(0,0,0)
(0,0,0)
(0,0,0)
(0,0,0)
(0,0,0)
(0,0,0)
(0,0,0)
(0,0,0)
(0,0,0)
(0,0,0)
(0,0,0)
(0,0,0)
(0,0,0)
(0,0,0)
(0,0,0)
(0,0,0)
(0,0,0)
(0,0,0)
(0,0,0)
(0,0,0)
(0,0,0)
(0,0,0)
(0,0,0)
(0,0,0)
(0,0,0)
(0,0,0)
(0,0,0)
(0,0,0)
(0,0,0)
(0,0,0)
(0,0,0)
(0,0,0)
(0,0,0)
(0,0,0)
(0,0,0)
(0,0,0)
(0,0,0)
(0,0,0)
(0,0,0)
(0,0,0)
(0,0,0)
(0,0,0)
(0,0,0)
(0,0,0)
(0,0,0)
(0,0,0)
(0,0,0)
(0,0,0)
(0,0,0)
(0,0,0)
(0,0,0)
(0,0,0)
(0,0,0)
(0,0,0)
(0,0,0)
(0,0,0)
(0,0,0)
(0,0,0)
(0,0,0)
(0,0,0)
(0,0,0)
(0,0,0)
(0,0,0)
(0,0,0)
(0,0,0)
(0,0,0)
(0,0,0)
(0,0,0)
(0,0,0)
(0,0,0)
(0,0,0)
(0,0,0)
(0,0,0)
(0,0,0)
(0,0,0)
(0,0,0)
(0,0,0)
(0,0,0)
(0,0,0)
(0,0,0)
(0,0,0)
(0,0,0)
(0,0,0)
(0,0,0)
(0,0,0)
(0,0,0)
(0,0,0)
(0,0,0)
(0,0,0)
(0,0,0)
(0,0,0)
(0,0,0)
(0,0,0)
(0,0,0)
(0,0,0)
(0,0,0)
(0,0,0)
(0,0,0)
(0,0,0)
(0,0,0)
(0,0,0)
(0,0,0)
(0,0,0)
(0,0,0)
(0,0,0)
(0,0,0)
(0,0,0)
(0,0,0)
(0,0,0)
(0,0,0)
(0,0,0)
(0,0,0)
(0,0,0)
(0,0,0)
(0,0,0)
(0,0,0)
(0,0,0)
(0,0,0)
(0,0,0)
(0,0,0)
(0,0,0)
(0,0,0)
(0,0,0)
(0,0,0)
(0,0,0)
(0,0,0)
(0,0,0)
(0,0,0)
(0,0,0)
(0,0,0)
(0,0,0)
(0,0,0)
(0,0,0)
(0,0,0)
(0,0,0)
(0,0,0)
(0,0,0)
(0,0,0)
(0,0,0)
(0,0,0)
(0,0,0)
(0,0,0)
(0,0,0)
(0,0,0)
(0,0,0)
(0,0,0)
(0,0,0)
(0,0,0)
(0,0,0)
(0,0,0)
(0,0,0)
(0,0,0)
(0,0,0)
(0,0,0)
(0,0,0)
(0,0,0)
(0,0,0)
(0,0,0)
(0,0,0)
(0,0,0)
(0,0,0)
(0,0,0)
(0,0,0)
(0,0,0)
(0,0,0)
(0,0,0)
(0,0,0)
(0,0,0)
(0,0,0)
(0,0,0)
(0,0,0)
(0,0,0)
(0,0,0)
(0,0,0)
(0,0,0)
(0,0,0)
(0,0,0)
(0,0,0)
(0,0,0)
(0,0,0)
(0,0,0)
(0,0,0)
(0,0,0)
(0,0,0)
(0,0,0)
(0,0,0)
(0,0,0)
(0,0,0)
(0,0,0)
(0,0,0)
(0,0,0)
(0,0,0)
(0,0,0)
(0,0,0)
(0,0,0)
(0,0,0)
(0,0,0)
(0,0,0)
(0,0,0)
(0,0,0)
(0,0,0)
(0,0,0)
(0,0,0)
(0,0,0)
(0,0,0)
(0,0,0)
(0,0,0)
(0,0,0)
(0,0,0)
(0,0,0)
(0,0,0)
(0,0,0)
(0,0,0)
(0,0,0)
(0,0,0)
(0,0,0)
(0,0,0)
(0,0,0)
(0,0,0)
(0,0,0)
(0,0,0)
(0,0,0)
(0,0,0)
(0,0,0)
(0,0,0)
(0,0,0)
(0,0,0)
(0,0,0)
(0,0,0)
(0,0,0)
(0,0,0)
(0,0,0)
(0,0,0)
(0,0,0)
(0,0,0)
(0,0,0)
(0,0,0)
(0,0,0)
(0,0,0)
(0,0,0)
(0,0,0)
(0,0,0)
(0,0,0)
(0,0,0)
(0,0,0)
(0,0,0)
(0,0,0)
(0,0,0)
(0,0,0)
(0,0,0)
(0,0,0)
(0,0,0)
(0,0,0)
(0,0,0)
(0,0,0)
(0,0,0)
(0,0,0)
(0,0,0)
(0,0,0)
(0,0,0)
(0,0,0)
(0,0,0)
(0,0,0)
(0,0,0)
(0,0,0)
(0,0,0)
(0,0,0)
(0,0,0)
(0,0,0)
(0,0,0)
(0,0,0)
(0,0,0)
(0,0,0)
(0,0,0)
(0,0,0)
(0,0,0)
(0,0,0)
(0,0,0)
(0,0,0)
(0,0,0)
(0,0,0)
(0,0,0)
(0,0,0)
(0,0,0)
(0,0,0)
(0,0,0)
(0,0,0)
(0,0,0)
(0,0,0)
(0,0,0)
(0,0,0)
(0,0,0)
(0,0,0)
(0,0,0)
(0,0,0)
(0,0,0)
(0,0,0)
(0,0,0)
(0,0,0)
(0,0,0)
(0,0,0)
(0,0,0)
(0,0,0)
(0,0,0)
(0,0,0)
