(0,0,0)
(0,0,0)
(0,0,0)
(0,0,0)
(0,0,0)
(0,0,0)
(0,0,0)
(0,0,0)
(0,0,0)
(0,0,0)
(0,0,0)
(0,0,0)
(0,0,0)
(0,0,0)
(0,0,0)
(0,0,0)
(0,0,0)
(0,0,0)
(0,0,0)
(0,0,0)
(0,0,0)
(0,0,0)
(0,0,0)
(0,0,0)
(0,0,0)
(0,0,0)
(0,0,0)
(0,0,0)
(0,0,0)
(0,0,0)
(0,0,0)
(0,0,0)
(0,0,0)
(0,0,0)
(0,0,0)
(0,0,0)
(0,0,0)
(0,0,0)
(0,0,0)
(0,0,0)
(0,0,0)
(0,0,0)
(0,0,0)
(0,0,0)
(0,0,0)
(0,0,0)
(0,0,0)
(0,0,0)
(0,0,0)
(0,0,0)
(0,0,0)
(0,0,0)
(0,0,0)
(0,0,0)
(0,0,0)
(0,0,0)
(0,0,0)
(0,0,0)
(0,0,0)
(0,0,0)
(0,0,0)
(0,0,0)
(0,0,0)
(0,0,0)
(0,0,0)
(0,0,0)
(0,0,0)
(0,0,0)
(0,0,0)
(0,0,0)
(0,0,0)
(0,0,0)
(0,0,0)
(0,0,0)
(0,0,0)
(0,0,0)
(0,0,0)
(0,0,0)
(0,0,0)
(0,0,0)
(0,0,0)
(0,0,0)
(0,0,0)
(0,0,0)
(0,0,0)
(0,0,0)
(0,0,0)
(0,0,0)
(0,0,0)
(0,0,0)
(0,0,0)
(0,0,0)
(0,0,0)
(0,0,0)
(0,0,0)
(0,0,0)
(0,0,0)
(0,0,0)
(0,0,0)
(0,0,0)
(0,0,0)
(0,0,0)
(0,0,0)
(0,0,0)
(0,0,0)
(0,0,0)
(0,0,0)
(0,0,0)
(0,0,0)
(0,0,0)
(0,0,0)
(0,0,0)
(0,0,0)
(0,0,0)
(0,0,0)
(0,0,0)
(0,0,0)
(0,0,0)
(0,0,0)
(0,0,0)
(0,0,0)
(0,0,0)
(0,0,0)
(0,0,0)
(0,0,0)
(0,0,0)
(0,0,0)
(0,0,0)
(0,0,0)
(0,0,0)
(0,0,0)
(0,0,0)
(0,0,0)
(0,0,0)
(0,0,0)
(0,0,0)
(0,0,0)
(0,0,0)
(0,0,0)
(0,0,0)
(0,0,0)
(0,0,0)
(0,0,0)
(0,0,0)
(0,0,0)
(0,0,0)
(0,0,0)
(0,0,0)
(0,0,0)
(0,0,0)
(0,0,0)
(0,0,0)
(0,0,0)
(0,0,0)
(0,0,0)
(0,0,0)
(0,0,0)
(0,0,0)
(0,0,0)
(0,0,0)
(0,0,0)
(0,0,0)
(0,0,0)
(0,0,0)
(0,0,0)
(0,0,0)
(0,0,0)
(0,0,0)
(0,0,0)
(0,0,0)
(0,0,0)
(0,0,0)
(0,0,0)
(0,0,0)
(0,0,0)
(0,0,0)
(0,0,0)
(0,0,0)
(0,0,0)
(0,0,0)
(0,0,0)
(0,0,0)
(0,0,0)
(0,0,0)
(0,0,0)
(0,0,0)
(0,0,0)
(0,0,0)
(0,0,0)
(0,0,0)
(0,0,0)
(0,0,0)
(0,0,0)
(0,0,0)
(0,0,0)
(0,0,0)
(0,0,0)
(0,0,0)
(0,0,0)
(0,0,0)
(0,0,0)
(0,0,0)
(0,0,0)
(0,0,0)
(0,0,0)
(0,0,0)
(0,0,0)
(0,0,0)
(0,0,0)
(0,0,0)
(0,0,0)
(0,0,0)
(0,0,0)
(0,0,0)
(0,0,0)
(0,0,0)
(0,0,0)
(0,0,0)
(0,0,0)
(0,0,0)
(0,0,0)
(0,0,0)
(0,0,0)
(0,0,0)
(0,0,0)
(0,0,0)
(0,0,0)
(0,0,0)
(0,0,0)
(0,0,0)
(0,0,0)
(0,0,0)
(0,0,0)
(0,0,0)
(0,0,0)
(0,0,0)
(0,0,0)
(0,0,0)
(0,0,0)
(0,0,0)
(0,0,0)
(0,0,0)
(0,0,0)
(0,0,0)
(0,0,0)
(0,0,0)
(0,0,0)
(0,0,0)
(0,0,0)
(0,0,0)
(0,0,0)
(0,0,0)
(0,0,0)
(0,0,0)
(0,0,0)
(0,0,0)
(0,0,0)
(0,0,0)
(0,0,0)
(0,0,0)
(0,0,0)
(0,0,0)
(0,0,0)
(0,0,0)
(0,0,0)
(0,0,0)
(0,0,0)
(0,0,0)
(0,0,0)
(0,0,0)
(0,0,0)
(0,0,0)
(0,0,0)
(0,0,0)
(0,0,0)
(0,0,0)
(0,0,0)
(0,0,0)
(0,0,0)
(0,0,0)
(0,0,0)
(0,0,0)
(0,0,0)
(0,0,0)
(0,0,0)
(0,0,0)
(0,0,0)
(0,0,0)
(0,0,0)
(0,0,0)
(0,0,0)
(0,0,0)
(0,0,0)
(0,0,0)
(0,0,0)
(0,0,0)
(0,0,0)
(0,0,0)
(0,0,0)
(0,0,0)
(0,0,0)
(0,0,0)
(0,0,0)
(0,0,0)
(0,0,0)
(0,0,0)
(0,0,0)
(0,0,0)
(0,0,0)
(0,0,0)
(0,0,0)
(0,0,0)
(0,0,0)
(0,0,0)
(0,0,0)
(0,0,0)
(0,0,0)
(0,0,0)
(0,0,0)
(0,0,0)
(0,0,0)
(0,0,0)
(0,0,0)
(0,0,0)
(0,0,0)
(0,0,0)
(0,0,0)
(0,0,0)
(0,0,0)
(0,0,0)
(0,0,0)
(0,0,0)
(0,0,0)
(0,0,0)
(0,0,0)
(0,0,0)
(0,0,0)
(0,0,0)
(0,0,0)
(0,0,0)
(0,0,0)
(0,0,0)
(0,0,0)
(0,0,0)
(0,0,0)
(0,0,0)
(0,0,0)
(0,0,0)
(0,0,0)
(0,0,0)
(0,0,0)
(0,0,0)
(0,0,0)
(0,0,0)
(0,0,0)
(0,0,0)
(0,0,0)
(0,0,0)
(0,0,0)
(0,0,0)
(0,0,0)
(0,0,0)
(0,0,0)
(0,0,0)
(0,0,0)
(0,0,0)
(0,0,0)
(0,0,0)
(0,0,0)
(0,0,0)
(0,0,0)
(0,0,0)
(0,0,0)
(0,0,0)
(0,0,0)
(0,0,0)
(0,0,0)
(0,0,0)
(0,0,0)
(0,0,0)
(0,0,0)
(0,0,0)
(0,0,0)
(0,0,0)
(0,0,0)
(0,0,0)
(0,0,0)
(0,0,0)
(0,0,0)
(0,0,0)
(0,0,0)
(0,0,0)
(0,0,0)
(0,0,0)
(0,0,0)
(0,0,0)
(0,0,0)
(0,0,0)
(0,0,0)
(0,0,0)
(0,0,0)
(0,0,0)
(0,0,0)
(0,0,0)
(0,0,0)
(0,0,0)
(0,0,0)
(0,0,0)
(0,0,0)
(0,0,0)
(0,0,0)
(0,0,0)
(0,0,0)
(0,0,0)
(0,0,0)
(0,0,0)
(0,0,0)
(0,0,0)
(0,0,0)
(0,0,0)
(0,0,0)
(0,0,0)
(0,0,0)
(0,0,0)
(0,0,0)
(0,0,0)
(0,0,0)
(0,0,0)
(0,0,0)
(0,0,0)
(0,0,0)
(0,0,0)
(0,0,0)
(0,0,0)
(0,0,0)
(0,0,0)
(0,0,0)
(0,0,0)
(0,0,0)
(0,0,0)
(0,0,0)
(0,0,0)
(0,0,0)
(0,0,0)
(0,0,0)
(0,0,0)
(0,0,0)
(0,0,0)
(0,0,0)
(0,0,0)
(0,0,0)
(0,0,0)
(0,0,0)
(0,0,0)
(0,0,0)
(0,0,0)
(0,0,0)
(0,0,0)
(0,0,0)
(0,0,0)
(0,0,0)
(0,0,0)
(0,0,0)
(0,0,0)
(0,0,0)
(0,0,0)
(0,0,0)
(0,0,0)
(0,0,0)
(0,0,0)
(0,0,0)
(0,0,0)
(0,0,0)
(0,0,0)
(0,0,0)
(0,0,0)
(0,0,0)
(0,0,0)
(0,0,0)
(0,0,0)
(0,0,0)
(0,0,0)
(0,0,0)
(0,0,0)
(0,0,0)
(0,0,0)
(0,0,0)
(0,0,0)
(0,0,0)
(0,0,0)
(0,0,0)
(0,0,0)
(0,0,0)
(0,0,0)
(0,0,0)
(0,0,0)
(0,0,0)
(0,0,0)
(0,0,0)
(0,0,0)
(0,0,0)
(0,0,0)
(0,0,0)
(0,0,0)
(0,0,0)
(0,0,0)
(0,0,0)
(0,0,0)
(0,0,0)
(0,0,0)
(0,0,0)
(0,0,0)
(0,0,0)
(0,0,0)
(0,0,0)
(0,0,0)
(0,0,0)
(0,0,0)
(0,0,0)
(0,0,0)
(0,0,0)
(0,0,0)
(0,0,0)
(0,0,0)
(0,0,0)
(0,0,0)
(0,0,0)
(0,0,0)
(0,0,0)
(0,0,0)
(0,0,0)
(0,0,0)
(0,0,0)
(0,0,0)
(0,0,0)
(0,0,0)
(0,0,0)
(0,0,0)
(0,0,0)
(0,0,0)
(0,0,0)
(0,0,0)
(0,0,0)
(0,0,0)
(0,0,0)
(0,0,0)
(0,0,0)
(0,0,0)
(0,0,0)
(0,0,0)
(0,0,0)
(0,0,0)
(0,0,0)
(0,0,0)
(0,0,0)
(0,0,0)
(0,0,0)
(0,0,0)
(0,0,0)
(0,0,0)
(0,0,0)
(0,0,0)
(0,0,0)
(0,0,0)
(0,0,0)
(0,0,0)
(0,0,0)
(0,0,0)
(0,0,0)
(0,0,0)
(0,0,0)
(0,0,0)
(0,0,0)
(0,0,0)
(0,0,0)
(0,0,0)
(0,0,0)
(0,0,0)
(0,0,0)
(0,0,0)
(0,0,0)
(0,0,0)
(0,0,0)
(0,0,0)
(0,0,0)
(0,0,0)
(0,0,0)
(0,0,0)
(0,0,0)
(0,0,0)
(0,0,0)
(0,0,0)
(0,0,0)
(0,0,0)
(0,0,0)
(0,0,0)
(0,0,0)
(0,0,0)
(0,0,0)
(0,0,0)
(0,0,0)
(0,0,0)
(0,0,0)
(0,0,0)
(0,0,0)
(0,0,0)
(0,0,0)
(0,0,0)
(0,0,0)
(0,0,0)
(0,0,0)
(0,0,0)
(0,0,0)
(0,0,0)
(0,0,0)
(0,0,0)
(0,0,0)
(0,0,0)
(0,0,0)
(0,0,0)
(0,0,0)
(0,0,0)
(0,0,0)
(0,0,0)
(0,0,0)
(0,0,0)
(0,0,0)
(0,0,0)
(0,0,0)
(0,0,0)
(0,0,0)
(0,0,0)
(0,0,0)
(0,0,0)
(0,0,0)
(0,0,0)
(0,0,0)
(0,0,0)
(0,0,0)
(0,0,0)
(0,0,0)
(0,0,0)
(0,0,0)
(0,0,0)
(0,0,0)
(0,0,0)
(0,0,0)
(0,0,0)
(0,0,0)
(0,0,0)
(0,0,0)
(0,0,0)
(0,0,0)
(0,0,0)
(0,0,0)
(0,0,0)
(0,0,0)
(0,0,0)
(0,0,0)
(0,0,0)
(0,0,0)
(0,0,0)
(0,0,0)
(0,0,0)
(0,0,0)
(0,0,0)
(0,0,0)
(0,0,0)
(0,0,0)
(0,0,0)
(0,0,0)
(0,0,0)
(0,0,0)
(0,0,0)
(0,0,0)
(0,0,0)
(0,0,0)
(0,0,0)
(0,0,0)
(0,0,0)
(0,0,0)
(0,0,0)
(0,0,0)
(0,0,0)
(0,0,0)
(0,0,0)
(0,0,0)
(0,0,0)
(0,0,0)
(0,0,0)
(0,0,0)
(0,0,0)
(0,0,0)
(0,0,0)
(0,0,0)
(0,0,0)
(0,0,0)
(0,0,0)
(0,0,0)
(0,0,0)
(0,0,0)
(0,0,0)
(0,0,0)
(0,0,0)
(0,0,0)
(0,0,0)
(0,0,0)
(0,0,0)
(0,0,0)
(0,0,0)
(0,0,0)
(0,0,0)
(0,0,0)
(0,0,0)
(0,0,0)
(0,0,0)
(0,0,0)
(0,0,0)
(0,0,0)
(0,0,0)
(0,0,0)
(0,0,0)
(0,0,0)
(0,0,0)
(0,0,0)
(0,0,0)
(0,0,0)
(0,0,0)
(0,0,0)
(0,0,0)
(0,0,0)
(0,0,0)
(0,0,0)
(0,0,0)
(0,0,0)
(0,0,0)
(0,0,0)
(0,0,0)
(0,0,0)
(0,0,0)
(0,0,0)
(0,0,0)
(0,0,0)
(0,0,0)
(0,0,0)
(0,0,0)
(0,0,0)
(0,0,0)
(0,0,0)
(0,0,0)
(0,0,0)
(0,0,0)
(0,0,0)
(0,0,0)
(0,0,0)
(0,0,0)
(0,0,0)
(0,0,0)
(0,0,0)
(0,0,0)
(0,0,0)
(0,0,0)
(0,0,0)
(0,0,0)
(0,0,0)
(0,0,0)
(0,0,0)
(0,0,0)
(0,0,0)
(0,0,0)
(0,0,0)
(0,0,0)
(0,0,0)
(0,0,0)
(0,0,0)
(0,0,0)
(0,0,0)
(0,0,0)
(0,0,0)
(0,0,0)
(0,0,0)
(0,0,0)
(0,0,0)
(0,0,0)
(0,0,0)
(0,0,0)
(0,0,0)
(0,0,0)
(0,0,0)
(0,0,0)
(0,0,0)
(0,0,0)
(0,0,0)
(0,0,0)
(0,0,0)
(0,0,0)
(0,0,0)
(0,0,0)
(0,0,0)
(0,0,0)
(0,0,0)
(0,0,0)
(0,0,0)
(0,0,0)
(0,0,0)
(0,0,0)
(0,0,0)
(0,0,0)
(0,0,0)
(0,0,0)
(0,0,0)
(0,0,0)
(0,0,0)
(0,0,0)
(0,0,0)
(0,0,0)
(0,0,0)
(0,0,0)
(0,0,0)
(-831.956732303484,662.507819983522,169.448912318381)
(-842.014830717694,614.878768793008,396.584974243214)
(-916.451615155516,518.46822248527,794.568366913682)
(-1087.04051364484,395.802559505126,1485.80632105897)
(-1413.36823638065,261.950748747781,2637.22380870167)
(-2033.85659407742,164.044074671825,4507.03632809839)
(-3226.66007584132,59.4109636913612,7674.28544027256)
(-5431.99407933955,21.7925647154194,13084.4869549367)
(-9221.09819190188,23.417497276418,22282.1676495331)
(-13092.5908682778,23.3390782956708,35351.4194395448)
(0,0,0)
(0,0,0)
(0,0,0)
(0,0,0)
(0,0,0)
(0,0,0)
(-807.238286653131,1307.4869364653,162.259170169633)
(-822.53907521567,1195.52783652319,404.149177660115)
(-898.601675973044,1037.6821896713,783.53688644319)
(-1090.75916046554,833.667604660512,1436.43100175978)
(-1451.37266047123,587.468578206031,2562.2858327622)
(-2108.20438687398,394.397425550113,4440.13686875645)
(-3316.87568549179,195.591477822496,7620.83204011667)
(-5524.47445288353,70.220918903041,13096.8781387362)
(-9276.16467055119,48.5636753560763,22347.8966312549)
(-13114.1754429925,56.1105393825228,35429.3006130957)
(0,0,0)
(0,0,0)
(0,0,0)
(0,0,0)
(0,0,0)
(0,0,0)
(-801.518131900012,1966.84375916883,142.16130919611)
(-851.836343282647,1826.0789138795,363.446575125501)
(-944.868321215314,1642.56136682698,703.435719189811)
(-1154.28477815653,1400.3586877104,1291.02941429897)
(-1551.41530878581,1075.94353123,2353.96977004901)
(-2272.65749142703,773.658820725699,4247.36586629969)
(-3530.42619645052,453.400947155563,7519.98259343245)
(-5726.7483979593,229.722849787061,13087.2290604828)
(-9407.35041372422,148.744558313117,22394.3985912705)
(-13172.2628831809,92.6723980184665,35530.0996158823)
(0,0,0)
(0,0,0)
(0,0,0)
(0,0,0)
(0,0,0)
(0,0,0)
(-937.247273489267,2779.31340748499,124.777625174518)
(-999.238416431016,2652.99159286736,297.103362619798)
(-1103.46380233267,2473.50567544375,569.622856328693)
(-1345.11073521991,2226.75364627393,1088.3386329766)
(-1798.23190890723,1872.65746650951,2089.85660661149)
(-2604.68941024468,1476.16993733797,3992.03490024787)
(-3963.44998684305,1025.04244206962,7383.84339217171)
(-6111.16323530211,680.265397227568,13044.4640799688)
(-9644.07099227459,482.563242405009,22354.7163881166)
(-13272.7596388536,266.702082660384,35453.4463424569)
(0,0,0)
(0,0,0)
(0,0,0)
(0,0,0)
(0,0,0)
(0,0,0)
(-1230.82497908215,3948.3859071751,61.7524793882416)
(-1302.88506258362,3841.94335086945,175.685783966487)
(-1435.60032540748,3682.60010665205,402.19167816753)
(-1705.30919239857,3465.26382850233,868.990688336188)
(-2214.65050476809,3153.62466192508,1802.67399769006)
(-3110.64839594567,2728.66298814019,3660.82934281172)
(-4611.64115514508,2199.31243780961,7098.20050221699)
(-6709.40555896828,1707.26744330843,12780.6040151147)
(-9988.14722275214,1213.82732527091,22037.487155084)
(-13422.1904069183,644.159251328804,35082.2203933116)
(0,0,0)
(0,0,0)
(0,0,0)
(0,0,0)
(0,0,0)
(0,0,0)
(-1883.78503342005,5832.45763073068,-0.286690132751354)
(-1945.56449617413,5753.66676423272,33.5543926736144)
(-2090.33060780314,5623.99033279319,182.494774336317)
(-2359.23474268471,5445.02887347825,561.964472043218)
(-2884.45685621625,5177.30268663881,1422.743303551)
(-3815.43796990056,4757.36974192386,3209.47451968677)
(-5327.60389287466,4135.19576846995,6601.19508191283)
(-7316.62361758213,3392.7860578952,12232.3000849086)
(-10396.9302018495,2463.7001312216,21379.3574808793)
(-13627.08238247,1313.37192038721,34337.2271941293)
(0,0,0)
(0,0,0)
(0,0,0)
(0,0,0)
(0,0,0)
(0,0,0)
(-3118.52688425325,8998.49788474747,-47.5133697644203)
(-3167.09678111071,8936.93026413769,-63.6800885482264)
(-3292.72873510081,8846.14622892455,6.8927504268255)
(-3547.6866181804,8716.8214713148,282.786770773778)
(-4052.35424408039,8454.42981626267,1058.01388522609)
(-4949.93310433831,8044.09310781712,2721.22362366589)
(-6386.20121854784,7317.53008829332,5925.09052240116)
(-8201.3893316624,6223.17126687204,11296.0946450919)
(-11060.969250088,4638.33920711327,20182.4248192331)
(-13993.1636731182,2525.8109806327,32963.1494322155)
(0,0,0)
(0,0,0)
(0,0,0)
(0,0,0)
(0,0,0)
(0,0,0)
(-5415.80862691361,14507.3123129936,-93.0058013326297)
(-5447.19225632156,14429.7100362743,-138.593317142316)
(-5544.2845984969,14348.0457350569,-96.2082247629276)
(-5752.87385394259,14238.5299790061,134.957121476053)
(-6177.4113286152,13990.8055298976,775.992736450051)
(-6943.43225878673,13546.9226538294,2216.59544920656)
(-8170.67641278339,12672.2718929847,5032.53005727889)
(-9648.01543553092,11064.3978203625,9839.31893933994)
(-12237.4964279849,8556.60574649331,18158.5488279432)
(-14680.3907989253,4849.84671198122,30514.9038954598)
(0,0,0)
(0,0,0)
(0,0,0)
(0,0,0)
(0,0,0)
(0,0,0)
(-9256.22697552658,23869.3355897086,-105.796301220192)
(-9280.09446631726,23756.9721118304,-152.963910440726)
(-9356.34514959943,23645.5242282978,-94.0972541269411)
(-9486.70315278501,23534.5589546339,96.5769230167116)
(-9765.20590555948,23292.1318574227,560.45650104768)
(-10271.6428686316,22744.5424617144,1634.4795617975)
(-11102.8401065376,21619.7928083693,3789.79875296014)
(-12281.8508912813,19457.0098961422,7679.0375684644)
(-14337.3992469221,15751.2285814779,14821.8139803244)
(-15821.7427255639,9486.35725973195,26007.0461581485)
(0,0,0)
(0,0,0)
(0,0,0)
(0,0,0)
(0,0,0)
(0,0,0)
(-13100.0197971592,37050.3900992332,-81.0347123380555)
(-13122.497937451,36882.9889660645,-84.5536291171254)
(-13166.8005469416,36751.3986942721,-23.6275481211728)
(-13234.7329689537,36668.7898876887,76.8744878142559)
(-13376.3160900163,36420.2954070545,325.02702823495)
(-13609.7468645404,35783.4282426964,895.888111780705)
(-14031.7767566899,34446.4067787384,2101.05089809562)
(-14700.3594604083,31855.8066618038,4402.61359280157)
(-15822.442242954,26981.0505579557,8995.23385923342)
(-15967.7103517936,17478.8959384466,16970.4055323409)
(0,0,0)
(0,0,0)
(0,0,0)
(0,0,0)
(0,0,0)
(0,0,0)
(0,0,0)
(0,0,0)
(0,0,0)
(0,0,0)
(0,0,0)
(0,0,0)
(0,0,0)
(0,0,0)
(0,0,0)
(0,0,0)
(0,0,0)
(0,0,0)
(0,0,0)
(0,0,0)
(0,0,0)
(0,0,0)
(0,0,0)
(0,0,0)
(0,0,0)
(0,0,0)
(0,0,0)
(0,0,0)
(0,0,0)
(0,0,0)
(0,0,0)
(0,0,0)
(0,0,0)
(0,0,0)
(0,0,0)
(0,0,0)
(0,0,0)
(0,0,0)
(0,0,0)
(0,0,0)
(0,0,0)
(0,0,0)
(0,0,0)
(0,0,0)
(0,0,0)
(0,0,0)
(0,0,0)
(0,0,0)
(0,0,0)
(0,0,0)
(0,0,0)
(0,0,0)
(0,0,0)
(0,0,0)
(0,0,0)
(0,0,0)
(0,0,0)
(0,0,0)
(0,0,0)
(0,0,0)
(0,0,0)
(0,0,0)
(0,0,0)
(0,0,0)
(0,0,0)
(0,0,0)
(0,0,0)
(0,0,0)
(0,0,0)
(0,0,0)
(0,0,0)
(0,0,0)
(0,0,0)
(0,0,0)
(0,0,0)
(0,0,0)
(0,0,0)
(0,0,0)
(0,0,0)
(0,0,0)
(0,0,0)
(0,0,0)
(0,0,0)
(0,0,0)
(0,0,0)
(0,0,0)
(0,0,0)
(0,0,0)
(0,0,0)
(0,0,0)
(0,0,0)
(0,0,0)
(0,0,0)
(0,0,0)
(0,0,0)
(0,0,0)
(0,0,0)
(0,0,0)
(0,0,0)
(0,0,0)
(0,0,0)
(0,0,0)
(125055.219932213,555.649977638799,163.016650957569)
(125052.848025009,523.718596309254,350.278492095624)
(124937.091904608,454.418651164917,648.159614215256)
(124641.903790246,358.190992734219,1166.867610682)
(124094.483605394,231.843874745948,2033.01518729526)
(123092.988743038,116.318518520422,3395.69462464844)
(121147.869635571,1.2936077540011,5625.71459851694)
(117196.515376285,-18.259046296476,9621.30748231258)
(108113.691402651,2.52488073271388,18889.8363001773)
(83347.4189944638,-5.15531966584727,49060.8250502086)
(0,0,0)
(0,0,0)
(0,0,0)
(0,0,0)
(0,0,0)
(0,0,0)
(125090.375908501,1106.77955451518,157.099521110388)
(125086.267865749,1032.84594918395,345.008520441338)
(124963.67243002,915.759565628918,627.236793069883)
(124651.700178455,737.939558202843,1110.87218178108)
(124060.321554282,483.417278688619,1953.4478562257)
(123005.875409964,230.993455660888,3330.53641543079)
(121020.970707482,4.52538498943825,5595.30153840305)
(117068.697672959,-65.4214053018303,9655.1350647087)
(108035.838443075,-21.8988324999439,18973.3989572327)
(83309.198016807,-1.44667450812369,49152.1601453323)
(0,0,0)
(0,0,0)
(0,0,0)
(0,0,0)
(0,0,0)
(0,0,0)
(125096.08734027,1705.6850937699,109.332281638206)
(125041.473719762,1602.22940062021,252.482060281401)
(124878.71934437,1446.71581442313,503.781439111162)
(124538.356592618,1225.92636852902,928.996551191172)
(123879.555587521,876.287393550295,1710.99883315633)
(122703.995761234,474.398621987562,3096.78370731261)
(120603.741028761,82.5810631388582,5490.40409712695)
(116690.5535873,-65.3131027517247,9678.83710255336)
(107819.532884209,-7.99320554027164,19043.8914707221)
(83229.4595638268,7.14877473098542,49239.4168676464)
(0,0,0)
(0,0,0)
(0,0,0)
(0,0,0)
(0,0,0)
(0,0,0)
(124889.136007331,2404.68629281009,80.4588132544949)
(124803.656828934,2310.86988434367,174.766377328783)
(124613.581717493,2150.97621118782,359.303753861106)
(124223.104967349,1922.04812311588,700.809589848522)
(123464.907384714,1538.54072838601,1381.26025457646)
(122081.135168699,1036.95215216914,2738.72543862864)
(119650.292618301,465.838956390762,5347.56823339749)
(115846.755949731,208.178231016743,9722.00100771821)
(107399.393158817,221.751155217693,19054.6357888771)
(83078.1139228464,135.037514382131,49181.716780773)
(0,0,0)
(0,0,0)
(0,0,0)
(0,0,0)
(0,0,0)
(0,0,0)
(124378.247287056,3350.21954902181,51.2377707537229)
(124292.047022657,3274.52377119154,98.4950917576636)
(124078.017529398,3136.30517173413,205.391569608145)
(123649.662209237,2931.73275154128,446.578832640662)
(122775.670506288,2611.53275115379,989.109092022724)
(121102.32589047,2173.1125258536,2245.81772508585)
(117945.304468009,1653.3183897877,5107.23596168018)
(114274.744459846,1240.9738433733,9696.13362371011)
(106742.468007619,885.431908763994,18907.6809328058)
(82837.719133589,463.096251791604,48925.5559479968)
(0,0,0)
(0,0,0)
(0,0,0)
(0,0,0)
(0,0,0)
(0,0,0)
(123310.323470448,4758.59520037943,3.35913786713941)
(123245.862942386,4703.82099666444,-11.5222329965655)
(123021.90670026,4591.31666424161,27.0722595346703)
(122591.405920879,4426.1276457791,187.879994980091)
(121697.749662905,4192.5265096622,630.523010507096)
(119947.88706918,3832.93562238466,1813.21816799179)
(116717.498261056,3296.79401598313,4730.48368102473)
(113234.351583099,2690.01908591911,9336.30653081201)
(106056.481036027,1914.39772732042,18459.772767515)
(82496.265950893,998.076531033807,48407.2874479702)
(0,0,0)
(0,0,0)
(0,0,0)
(0,0,0)
(0,0,0)
(0,0,0)
(121318.674065611,6972.40305121833,-45.1655075707879)
(121258.193817654,6934.05178657956,-94.843603088447)
(121058.141008241,6861.134392867,-109.687781801889)
(120652.118826138,6751.25590169213,-28.7781889086645)
(119809.337627135,6572.6118756887,335.287867012913)
(118102.550707393,6301.23657628323,1420.34639444413)
(114903.805416073,5785.93869242007,4247.03837645189)
(111733.235177317,4984.49956493648,8623.77668164244)
(104935.684558902,3586.06477116835,17561.299121738)
(81871.4717677697,1901.64247620737,47398.9410289235)
(0,0,0)
(0,0,0)
(0,0,0)
(0,0,0)
(0,0,0)
(0,0,0)
(117235.929708131,11003.8602052774,-77.3521959335227)
(117202.843938497,10954.8229213923,-142.316232420874)
(117049.316478287,10914.6167603183,-183.55638352533)
(116712.172506736,10838.8540188766,-130.357568233066)
(116001.614921995,10700.0570213474,169.014328483043)
(114499.4450111,10502.0267601442,1131.19016797877)
(111619.091379337,10031.5960641543,3701.60829720037)
(109511.963451799,8687.21131409662,7444.76095371985)
(102754.719284794,6605.11353012237,16039.339775051)
(80478.2535360486,3768.97723452219,45619.20397489)
(0,0,0)
(0,0,0)
(0,0,0)
(0,0,0)
(0,0,0)
(0,0,0)
(108045.615477063,20384.1943264302,-76.3332805560624)
(108018.243036913,20308.9223639239,-122.926933116569)
(107910.820458161,20256.9523893126,-126.584876741201)
(107700.105893641,20196.1958884867,-64.8924996875649)
(107239.971919513,20057.9825569337,177.847432757218)
(106329.448450011,19742.6357937059,941.990373668304)
(104739.557288648,19004.8271194022,2732.20521642709)
(102639.185300959,17334.8533944803,5769.37023698756)
(96578.4617561014,14476.2048187498,13588.2612384631)
(76484.5888163055,9449.95112462973,42206.7990995691)
(0,0,0)
(0,0,0)
(0,0,0)
(0,0,0)
(0,0,0)
(0,0,0)
(83305.3792943024,50640.8057322685,-56.1672042574096)
(83276.9306867472,50526.4257040471,-67.2558755203223)
(83219.5031988377,50454.8580529809,-45.621991816796)
(83126.9585537491,50406.4659092767,-11.7402420594968)
(82901.7981975087,50250.7236841994,123.247636352823)
(82492.9800359751,49832.9074282308,536.092394484248)
(81743.7314928579,48892.8097453666,1478.44481212422)
(80415.9720859107,46960.333398982,3342.47655450865)
(76472.376620539,43143.3760540632,8986.32974885148)
(62221.9489004563,33666.1452635,33186.3196507367)
(0,0,0)
(0,0,0)
(0,0,0)
(0,0,0)
(0,0,0)
(0,0,0)
(0,0,0)
(0,0,0)
(0,0,0)
(0,0,0)
(0,0,0)
(0,0,0)
(0,0,0)
(0,0,0)
(0,0,0)
(0,0,0)
(0,0,0)
(0,0,0)
(0,0,0)
(0,0,0)
(0,0,0)
(0,0,0)
(0,0,0)
(0,0,0)
(0,0,0)
(0,0,0)
(0,0,0)
(0,0,0)
(0,0,0)
(0,0,0)
(0,0,0)
(0,0,0)
(0,0,0)
(0,0,0)
(0,0,0)
(0,0,0)
(0,0,0)
(0,0,0)
(0,0,0)
(0,0,0)
(0,0,0)
(0,0,0)
(0,0,0)
(0,0,0)
(0,0,0)
(0,0,0)
(0,0,0)
(0,0,0)
(0,0,0)
(0,0,0)
(0,0,0)
(0,0,0)
(0,0,0)
(0,0,0)
(0,0,0)
(0,0,0)
(0,0,0)
(0,0,0)
(0,0,0)
(0,0,0)
(0,0,0)
(0,0,0)
(0,0,0)
(0,0,0)
(0,0,0)
(0,0,0)
(0,0,0)
(0,0,0)
(0,0,0)
(0,0,0)
(0,0,0)
(0,0,0)
(0,0,0)
(0,0,0)
(0,0,0)
(0,0,0)
(0,0,0)
(0,0,0)
(0,0,0)
(0,0,0)
(0,0,0)
(0,0,0)
(0,0,0)
(0,0,0)
(0,0,0)
(0,0,0)
(0,0,0)
(0,0,0)
(0,0,0)
(0,0,0)
(0,0,0)
(0,0,0)
(0,0,0)
(0,0,0)
(0,0,0)
(0,0,0)
(0,0,0)
(0,0,0)
(0,0,0)
(0,0,0)
(0,0,0)
(0,0,0)
(-2084.47742686783,441.653187783979,92.2008781852238)
(-2080.60828555715,395.605034071083,224.208861501753)
(-2203.58754299471,320.811379700799,438.23363635634)
(-2496.57973488998,234.631197853657,736.242670547247)
(-3038.45892546412,105.919121448901,1157.42278682735)
(-3994.22895850538,-40.7351896768845,1679.53238504794)
(-5635.66346272951,-163.173214599424,2020.39540487845)
(-8313.85830214137,-144.998139409525,1069.92392959998)
(-12286.8423977519,-69.7232512443026,-5065.66231193449)
(-15406.6818711409,-46.4532578717045,-32870.951481419)
(0,0,0)
(0,0,0)
(0,0,0)
(0,0,0)
(0,0,0)
(0,0,0)
(-2055.52157960664,891.82856355638,89.8788191938955)
(-2064.94376727273,811.961096183988,218.891096930264)
(-2188.46236692693,693.904708802406,392.089271688525)
(-2486.21264323354,517.076014358189,641.713983769997)
(-3066.62093796135,237.325951231714,1031.40635309705)
(-4067.10567405851,-105.980442395413,1563.78939665844)
(-5754.09118646818,-412.551154817412,1982.38593766515)
(-8421.22348183919,-392.938368553866,1114.40402844618)
(-12334.4208987416,-199.065750639153,-4991.83742328802)
(-15432.7063868236,-91.1727490585698,-32811.0568215259)
(0,0,0)
(0,0,0)
(0,0,0)
(0,0,0)
(0,0,0)
(0,0,0)
(-2057.84477944756,1402.21821910788,37.6991711051154)
(-2119.81049901283,1288.65540048988,116.445792447773)
(-2278.78351623023,1127.93941856375,234.070650072531)
(-2610.65417818032,893.645531957051,400.668610096343)
(-3271.31311895101,483.761841092309,699.258133566507)
(-4403.71588577549,-111.391940414686,1206.53798544718)
(-6280.40459075516,-806.510103736587,1878.79926071362)
(-8855.1534466161,-817.133795447198,1242.85842827193)
(-12514.7533932048,-349.963683593932,-4877.80065438438)
(-15476.6663322049,-124.148697904385,-32744.5421026532)
(0,0,0)
(0,0,0)
(0,0,0)
(0,0,0)
(0,0,0)
(0,0,0)
(-2222.37921396788,1906.08641335205,1.80373393845776)
(-2329.97380393722,1799.30839523807,18.9380789007871)
(-2513.4577160396,1631.68621571701,36.387422158887)
(-2891.47750294876,1381.23535731128,57.5367739554548)
(-3654.90569903052,913.419792675631,141.848612938632)
(-5110.98443076361,122.326048136743,494.406930686845)
(-7893.01629382334,-1154.12297949391,1779.4854254069)
(-10210.9528271514,-1229.1300990892,1643.34721283496)
(-12901.7614322344,-334.025555709944,-4677.27961705458)
(-15558.9076053724,-64.5003138502851,-32705.749766101)
(0,0,0)
(0,0,0)
(0,0,0)
(0,0,0)
(0,0,0)
(0,0,0)
(-2747.84753842129,2436.3562112078,-10.0182654892093)
(-2848.91457045129,2365.20693079354,-40.7985010331045)
(-3027.98118070993,2235.70691374125,-144.663782157335)
(-3422.60344985767,2026.16076806184,-323.166826907379)
(-4304.81712420059,1668.21791219651,-603.320609140779)
(-6366.33494280318,1165.34132999441,-783.518350884225)
(-12876.5178172828,621.045488770669,1657.29217296979)
(-14790.1059629113,381.111205699512,2506.05799778191)
(-13602.679833547,320.116971049306,-4408.77998086171)
(-15702.7826687933,189.999477772545,-32728.6212630914)
(0,0,0)
(0,0,0)
(0,0,0)
(0,0,0)
(0,0,0)
(0,0,0)
(-3808.68748532743,2998.74706032395,-49.2231864283462)
(-3876.08179261729,2958.90107620326,-126.81588999664)
(-4051.98766144895,2869.68829639134,-292.746204042379)
(-4435.19223996433,2721.57196101533,-567.402529398223)
(-5302.98569278625,2502.25437759468,-1006.5469322566)
(-7407.49994217507,2186.37747445063,-1278.0393584503)
(-13745.7396510559,1744.12606693266,1456.27468232706)
(-15428.6743924421,1425.60941876971,2468.95915172399)
(-14193.9580517815,959.755865498928,-4526.08394808715)
(-15986.404079029,469.734772878849,-32928.9925062695)
(0,0,0)
(0,0,0)
(0,0,0)
(0,0,0)
(0,0,0)
(0,0,0)
(-5511.17974995136,3311.27124149206,-88.5136587508138)
(-5570.25037349003,3287.29831847557,-194.310003035521)
(-5732.73380229078,3239.17916383292,-378.769353218267)
(-6088.14698105791,3165.30156364781,-688.076441778946)
(-6879.20635817645,3096.77779223976,-1199.89916426419)
(-8980.62778096342,3049.8503349316,-1586.03682943929)
(-15755.0911575137,2891.11749762687,1320.02502040585)
(-17346.8642634389,3075.24509202712,2144.6454947428)
(-15223.7695328334,1618.15390629723,-4960.14174725828)
(-16515.104980148,648.282744187141,-33357.9562639211)
(0,0,0)
(0,0,0)
(0,0,0)
(0,0,0)
(0,0,0)
(0,0,0)
(-8338.83142823074,2377.34882089201,-97.1597362035987)
(-8363.16868698766,2358.11433793495,-207.806423324405)
(-8494.66227381113,2354.6800649937,-385.171865519268)
(-8792.73442236361,2346.97947121064,-667.786137139547)
(-9459.30703781986,2424.08340498843,-1140.01308306191)
(-11475.2163703289,2818.51850269836,-1539.86316262048)
(-19125.3422959521,3641.07997111464,1848.76474610758)
(-15409.5918273253,2214.09222674759,1025.62959743527)
(-16209.4454091655,701.188214356086,-5699.08330967163)
(-17304.2381227079,-72.230818510482,-33801.9213812904)
(0,0,0)
(0,0,0)
(0,0,0)
(0,0,0)
(0,0,0)
(0,0,0)
(-12437.3237004999,-3666.85591924941,-78.69937548752)
(-12442.9917908406,-3713.72791338938,-151.465589612126)
(-12538.0218050848,-3712.44030605816,-241.346248430989)
(-12722.1415734694,-3685.43050678308,-392.532096421273)
(-13126.3827882039,-3634.41183961972,-573.525437193241)
(-14089.2777233156,-3488.2691409472,-453.85491336546)
(-16093.614170523,-3421.57771405153,836.130937792732)
(-16498.9115369089,-4392.05794960678,-25.4653411867813)
(-17989.0168000614,-5271.33332400862,-6091.30853977114)
(-18343.7562013642,-4598.95026233044,-33342.0873714049)
(0,0,0)
(0,0,0)
(0,0,0)
(0,0,0)
(0,0,0)
(0,0,0)
(-15515.0040722155,-31397.2817913602,-55.0340544665569)
(-15523.5620887135,-31478.6649349594,-95.4475506069583)
(-15581.4201595592,-31493.4925006424,-119.315290737628)
(-15668.2109229805,-31443.771649088,-171.647964965193)
(-15859.3200906724,-31444.6545320335,-206.130277495684)
(-16232.7531005575,-31497.3673377726,-77.1422372995985)
(-16882.7156205872,-31748.5026496969,270.386518706279)
(-17458.2953062326,-32409.32528506,-443.922046941686)
(-18375.6457530793,-32457.0483695987,-5016.02792089938)
(-17754.9968203009,-27906.5295801927,-28337.3461753703)
(0,0,0)
(0,0,0)
(0,0,0)
(0,0,0)
(0,0,0)
(0,0,0)
(0,0,0)
(0,0,0)
(0,0,0)
(0,0,0)
(0,0,0)
(0,0,0)
(0,0,0)
(0,0,0)
(0,0,0)
(0,0,0)
(0,0,0)
(0,0,0)
(0,0,0)
(0,0,0)
(0,0,0)
(0,0,0)
(0,0,0)
(0,0,0)
(0,0,0)
(0,0,0)
(0,0,0)
(0,0,0)
(0,0,0)
(0,0,0)
(0,0,0)
(0,0,0)
(0,0,0)
(0,0,0)
(0,0,0)
(0,0,0)
(0,0,0)
(0,0,0)
(0,0,0)
(0,0,0)
(0,0,0)
(0,0,0)
(0,0,0)
(0,0,0)
(0,0,0)
(0,0,0)
(0,0,0)
(0,0,0)
(0,0,0)
(0,0,0)
(0,0,0)
(0,0,0)
(0,0,0)
(0,0,0)
(0,0,0)
(0,0,0)
(0,0,0)
(0,0,0)
(0,0,0)
(0,0,0)
(0,0,0)
(0,0,0)
(0,0,0)
(0,0,0)
(0,0,0)
(0,0,0)
(0,0,0)
(0,0,0)
(0,0,0)
(0,0,0)
(0,0,0)
(0,0,0)
(0,0,0)
(0,0,0)
(0,0,0)
(0,0,0)
(0,0,0)
(0,0,0)
(0,0,0)
(0,0,0)
(0,0,0)
(0,0,0)
(0,0,0)
(0,0,0)
(0,0,0)
(0,0,0)
(0,0,0)
(0,0,0)
(0,0,0)
(0,0,0)
(0,0,0)
(0,0,0)
(0,0,0)
(0,0,0)
(0,0,0)
(0,0,0)
(0,0,0)
(0,0,0)
(0,0,0)
(0,0,0)
(0,0,0)
(0,0,0)
(-2465.45548612893,368.882739623532,12.0953196380427)
(-2479.68385306497,331.853501251239,79.3173858991021)
(-2569.72202658712,255.607054817335,189.844814675595)
(-2746.12231256374,175.09487828363,264.292514062083)
(-3118.61882958845,47.9166347825919,296.535783405417)
(-3765.71383542411,-115.126322365452,183.146982692476)
(-4727.5804963191,-277.474617104089,-447.461366611543)
(-5987.9867287598,-246.005786620877,-2527.3271533794)
(-7105.19869513016,-121.17206682542,-7587.79878914898)
(-6328.43787947868,-53.9941234672756,-16612.0486573263)
(0,0,0)
(0,0,0)
(0,0,0)
(0,0,0)
(0,0,0)
(0,0,0)
(-2409.81150012491,717.085888248647,6.08677189176569)
(-2434.35532401947,651.222745936003,56.1290839549144)
(-2513.30900167349,533.200851059278,103.381922462799)
(-2693.73097263931,366.871210375817,119.123919772062)
(-3088.6258282862,79.4816045682834,109.563840314226)
(-3738.31992144053,-355.799013572483,21.4507789104323)
(-4713.01355043074,-857.532626531422,-439.568847692834)
(-5953.00444970134,-741.418178843495,-2412.37548760561)
(-7062.78728064526,-303.347349915309,-7501.83382260585)
(-6319.40625320773,-89.748359422222,-16579.3797203201)
(0,0,0)
(0,0,0)
(0,0,0)
(0,0,0)
(0,0,0)
(0,0,0)
(-2399.60402132218,1077.60570562603,-18.7605754988864)
(-2445.61652800576,974.054256643907,-15.7860572179604)
(-2536.04045242691,829.480204410393,-54.8084743736732)
(-2734.15536867696,592.623335081031,-157.059408578821)
(-3153.03582214131,129.36199674719,-325.217097569332)
(-3812.417281882,-752.027768300116,-520.286946747655)
(-4889.79135333433,-2322.48778791234,-445.945022785774)
(-5947.22206895936,-2053.48634412817,-2041.8082351685)
(-6934.92180924768,-616.01564455938,-7308.97152446662)
(-6232.9764977111,-121.691652781987,-16520.7180656038)
(0,0,0)
(0,0,0)
(0,0,0)
(0,0,0)
(0,0,0)
(0,0,0)
(-2480.94627548264,1375.94809536376,-39.7753282157381)
(-2550.45363760484,1266.08898300829,-111.330220907303)
(-2644.98459714969,1106.56210292691,-256.885238311382)
(-2841.07708082889,843.445689918303,-558.108015269515)
(-3222.35360207734,303.162439775872,-1164.46055524914)
(-3886.25916403774,-1059.31016822039,-2081.90342205609)
(-5997.70646418951,-6046.00300780281,-253.698031805962)
(-6137.62214337832,-5691.07520282141,-689.439856882011)
(-6435.89399471661,-924.813143887979,-6846.50979507438)
(-5996.96984339599,-116.443199172335,-16413.6960106803)
(0,0,0)
(0,0,0)
(0,0,0)
(0,0,0)
(0,0,0)
(0,0,0)
(-2872.81324336079,1554.73343752784,-53.8196372263786)
(-2930.38716992929,1477.57849729256,-183.836552032943)
(-3001.75653059763,1360.10700413121,-463.60610334837)
(-3139.80279376027,1155.50070908632,-1058.4617786106)
(-3332.23626040644,804.706218341013,-2532.58642097213)
(-3131.74938902031,287.928346364465,-7114.41048934749)
(-1.10968743003036e-05,-3.76917181555004e-06,7.76613788243319e-06)
(-192.672823168813,-54.6089664713274,4010.29111594444)
(-4366.7054977364,-121.662136113936,-6028.83422766339)
(-5559.72410842861,9.16833569071902,-16297.5043229173)
(0,0,0)
(0,0,0)
(0,0,0)
(0,0,0)
(0,0,0)
(0,0,0)
(-3671.1943067905,1505.64204338565,-88.4017843923162)
(-3696.10654497132,1460.69376355352,-251.492298303319)
(-3757.86014950616,1401.28868321709,-586.801489329393)
(-3849.6842859572,1272.6860580131,-1289.49479226369)
(-3889.99949922231,1076.96430149926,-2974.73906899583)
(-3405.42232781813,760.936030312207,-7449.82436730041)
(-1.05504222913853e-05,-4.75652925637553e-06,5.818774759247e-06)
(-357.964232570932,-235.446143804534,4010.24944140729)
(-4573.81963179463,119.500314143116,-5851.05142883081)
(-5633.15772224136,61.9225915838848,-16257.0520414494)
(0,0,0)
(0,0,0)
(0,0,0)
(0,0,0)
(0,0,0)
(0,0,0)
(-4759.34582437769,858.53270343927,-104.724585622303)
(-4766.02196794021,835.060513387241,-283.319741017286)
(-4825.7472708376,827.864244295514,-616.88183353664)
(-4894.49672675782,793.915617680455,-1331.7616474974)
(-4812.5067055329,822.168622846986,-3143.66562149075)
(-4091.44977810416,885.034501568001,-8156.94209560376)
(-2.90300383465311e-05,1.03445992302249e-05,7.45944411470566e-06)
(-486.824517402409,5379.19696766709,4650.18188986371)
(-5579.94729060521,884.336092456101,-5758.47613066972)
(-6054.37793042624,15.7621943596309,-16173.0427831667)
(0,0,0)
(0,0,0)
(0,0,0)
(0,0,0)
(0,0,0)
(0,0,0)
(-6148.73876519188,-1225.37432412635,-106.185635482091)
(-6146.50337031421,-1221.16390185758,-266.626536916193)
(-6200.4259364733,-1176.01228735517,-556.986342609108)
(-6236.74739730505,-1109.9311917728,-1209.12655821965)
(-6102.65744048676,-754.030269370824,-2989.5772633461)
(-5307.976970146,701.919618182102,-8973.70178014174)
(-397.081788445931,7182.53538114306,5830.2892514181)
(-6321.4011622156,1527.92405103503,593.371502930387)
(-7649.25932323567,-771.394124858807,-6311.08436568313)
(-6756.06285811168,-952.174690206584,-15891.3227457139)
(0,0,0)
(0,0,0)
(0,0,0)
(0,0,0)
(0,0,0)
(0,0,0)
(-7357.27767939406,-6209.39595921802,-96.0243860035517)
(-7349.76930799027,-6213.06151375935,-197.349256948125)
(-7395.46016830915,-6162.31847052894,-353.604710522982)
(-7409.57006589841,-6072.1076234993,-703.999786367388)
(-7387.53378621535,-5802.79384695725,-1394.08521076273)
(-7398.1173022123,-5095.61398330139,-2287.71203039128)
(-8120.66870409695,-3721.28222774455,643.16011206909)
(-8160.61716062251,-4944.57539091574,-1222.634822259)
(-8545.12220375129,-5353.33916195681,-6084.58438146504)
(-6991.26688816973,-3858.06688056192,-14531.1815043134)
(0,0,0)
(0,0,0)
(0,0,0)
(0,0,0)
(0,0,0)
(0,0,0)
(-6481.64195142272,-15164.3552278546,-78.4028521468749)
(-6479.59135036102,-15203.3682891483,-132.066815108476)
(-6516.5688160602,-15178.0004681003,-181.236161028623)
(-6532.30578802042,-15082.3068987384,-306.942020728408)
(-6552.15573824308,-14923.0097528484,-493.890467258645)
(-6601.10742345667,-14611.4234239706,-609.726703698667)
(-6781.88121634437,-14250.0016609512,-181.841674714915)
(-6995.68720272434,-14397.3864033498,-1191.63876576289)
(-7038.89859677509,-13669.6170823664,-4212.10800165488)
(-5617.15662182134,-9893.83636219632,-10314.1787184969)
(0,0,0)
(0,0,0)
(0,0,0)
(0,0,0)
(0,0,0)
(0,0,0)
(0,0,0)
(0,0,0)
(0,0,0)
(0,0,0)
(0,0,0)
(0,0,0)
(0,0,0)
(0,0,0)
(0,0,0)
(0,0,0)
(0,0,0)
(0,0,0)
(0,0,0)
(0,0,0)
(0,0,0)
(0,0,0)
(0,0,0)
(0,0,0)
(0,0,0)
(0,0,0)
(0,0,0)
(0,0,0)
(0,0,0)
(0,0,0)
(0,0,0)
(0,0,0)
(0,0,0)
(0,0,0)
(0,0,0)
(0,0,0)
(0,0,0)
(0,0,0)
(0,0,0)
(0,0,0)
(0,0,0)
(0,0,0)
(0,0,0)
(0,0,0)
(0,0,0)
(0,0,0)
(0,0,0)
(0,0,0)
(0,0,0)
(0,0,0)
(0,0,0)
(0,0,0)
(0,0,0)
(0,0,0)
(0,0,0)
(0,0,0)
(0,0,0)
(0,0,0)
(0,0,0)
(0,0,0)
(0,0,0)
(0,0,0)
(0,0,0)
(0,0,0)
(0,0,0)
(0,0,0)
(0,0,0)
(0,0,0)
(0,0,0)
(0,0,0)
(0,0,0)
(0,0,0)
(0,0,0)
(0,0,0)
(0,0,0)
(0,0,0)
(0,0,0)
(0,0,0)
(0,0,0)
(0,0,0)
(0,0,0)
(0,0,0)
(0,0,0)
(0,0,0)
(0,0,0)
(0,0,0)
(0,0,0)
(0,0,0)
(0,0,0)
(0,0,0)
(0,0,0)
(0,0,0)
(0,0,0)
(0,0,0)
(0,0,0)
(0,0,0)
(0,0,0)
(0,0,0)
(0,0,0)
(0,0,0)
(0,0,0)
(0,0,0)
(-2661.65438904716,284.589522807661,-88.3906198882623)
(-2683.87967964655,237.056224837626,-121.251018144768)
(-2727.62248663021,153.435191980657,-116.785750084377)
(-2801.26408330981,84.4134074599374,-146.057386797097)
(-2953.47060077709,-7.21338514961894,-303.992230464264)
(-3220.50362712605,-132.164398535253,-717.038040228175)
(-3583.63206145759,-287.545292988421,-1573.44118210421)
(-3979.07836269758,-222.562905723363,-3359.78664244115)
(-4036.27750774621,-64.1421647580237,-6364.56566507145)
(-2964.21427239572,-14.5745326699899,-9714.21473943526)
(0,0,0)
(0,0,0)
(0,0,0)
(0,0,0)
(0,0,0)
(0,0,0)
(-2578.34552436506,534.373193368379,-81.2496463237421)
(-2611.28886857829,461.431570844421,-128.691447774988)
(-2659.89170118712,339.840698693999,-168.514254975529)
(-2731.39185327699,204.03562285277,-250.475589726543)
(-2870.68080485686,-18.1086325711478,-457.52536573835)
(-3084.89073011902,-400.280663523121,-842.838292073885)
(-3377.11206430662,-977.095640933426,-1489.18943025684)
(-3772.74915476188,-674.697022461061,-3217.31060845512)
(-3925.92503062855,-99.2596133154122,-6319.05540991462)
(-2933.0661730507,29.5495068690319,-9749.51952959523)
(0,0,0)
(0,0,0)
(0,0,0)
(0,0,0)
(0,0,0)
(0,0,0)
(-2522.516507638,751.454704725945,-94.1690250442615)
(-2547.73871911899,651.882871152332,-182.498134234927)
(-2593.66319665308,516.998103113353,-302.032794425724)
(-2652.83600811962,318.124401872786,-497.4409340007)
(-2753.66780137365,-49.2513902059794,-865.666197133432)
(-2789.60309584356,-857.100300884522,-1431.66074580196)
(-2663.9229613218,-3393.12011623599,-1241.50466251094)
(-2986.81777259839,-2162.26254102051,-2714.34344031537)
(-3491.54219639499,-42.2014355325988,-6214.78123096903)
(-2743.0135275101,139.313492720291,-9814.50818703769)
(0,0,0)
(0,0,0)
(0,0,0)
(0,0,0)
(0,0,0)
(0,0,0)
(-2539.987254381,920.193730383407,-109.698046759449)
(-2559.4174726618,811.848542937094,-260.699883492309)
(-2584.86287812682,652.736259868625,-456.559759267346)
(-2601.09264218173,443.254639362137,-821.674435405526)
(-2562.91439929078,125.441889029164,-1655.80691743501)
(-2119.71275092998,-308.007691338143,-3971.44594008965)
(-6.10091530196648e-06,-1.2198920740341e-06,3.53076052628266e-06)
(-176.536916962988,378.702821990057,-672.174920241199)
(-2341.73372117069,1237.6308637254,-6046.1674930393)
(-2341.34343565797,375.621822048268,-9938.1022301354)
(0,0,0)
(0,0,0)
(0,0,0)
(0,0,0)
(0,0,0)
(0,0,0)
(-2760.96817285049,908.376779978534,-100.02812010203)
(-2761.709833399,827.846268162392,-284.703181862486)
(-2748.29792198203,701.649587695976,-587.075118305947)
(-2695.1252701805,532.819857037858,-1121.31785956339)
(-2518.91588907205,313.871278747312,-2123.06762060805)
(-1850.36571482227,68.5292195557686,-3780.98820568646)
(-1.52198580593274e-08,-8.12702399724411e-07,-1.24910941562148e-05)
(-1.17932534780998e-05,-1.76676275297046e-06,1.20485595342983e-06)
(-290.820487621695,-185.673450742473,-6905.55025863748)
(-1824.32142487335,13.6175743078334,-10278.9486944223)
(0,0,0)
(0,0,0)
(0,0,0)
(0,0,0)
(0,0,0)
(0,0,0)
(-3229.74880578193,574.320282894709,-107.389003925351)
(-3209.45300174782,532.184085093961,-298.3803640798)
(-3183.16716602343,470.998254538259,-642.422014404653)
(-3078.24228179944,363.801630255036,-1244.84579178141)
(-2760.26747617964,256.055983514352,-2316.76251958411)
(-1920.13293561333,143.818866018289,-3877.34155823835)
(-8.89887384953068e-07,-1.62113274121901e-06,-9.90857075124172e-06)
(-8.30451944044596e-06,-1.84489249194368e-06,-1.3543932779569e-06)
(-156.043066030352,-704.811473254023,-6585.49098403847)
(-1745.97604649356,-268.047656968036,-10191.0074285232)
(0,0,0)
(0,0,0)
(0,0,0)
(0,0,0)
(0,0,0)
(0,0,0)
(-3804.66245510156,-267.314451111197,-113.048635269965)
(-3766.20671374176,-278.695591794923,-301.984212570132)
(-3747.36061696106,-283.253069399091,-626.119542515172)
(-3620.97564146095,-320.775224573521,-1215.06377298114)
(-3186.35215927901,-271.902146085404,-2313.26018963722)
(-2172.40725031813,-120.721201339199,-3967.76265007455)
(-2.38648440708419e-06,-1.74704872865101e-05,-1.18987748489758e-05)
(-1.67025510751403e-05,2.13383496810821e-06,7.0914313392339e-07)
(-113.361162858221,-977.720648793926,-5861.05768963069)
(-1904.48923211823,-572.607444736841,-9706.3866001517)
(0,0,0)
(0,0,0)
(0,0,0)
(0,0,0)
(0,0,0)
(0,0,0)
(-4291.47829926279,-2022.36068420278,-102.214232843619)
(-4275.79715214204,-1995.7532966876,-255.86274612783)
(-4274.30893023038,-1937.88475696555,-527.348064800388)
(-4143.12297914284,-1889.61391467933,-1052.13379285543)
(-3680.98026372149,-1660.71077516469,-2085.00234053399)
(-2583.92779350298,-1031.8020755068,-3897.97064301018)
(-2.30920303286587e-05,3.52862511049983e-06,6.73136473009739e-07)
(49.7019399524621,-13.2980582399213,-458.173988635359)
(-2496.94419317152,-1483.28775627427,-5104.92201121939)
(-2518.01698273462,-1100.65746580991,-8814.91786554081)
(0,0,0)
(0,0,0)
(0,0,0)
(0,0,0)
(0,0,0)
(0,0,0)
(-4358.96423075638,-4932.85092775649,-87.8232050823069)
(-4357.35421967081,-4896.8771429466,-179.114447140968)
(-4358.29036073595,-4819.95529497189,-334.213716708488)
(-4243.58189684474,-4734.52286556655,-655.29293487762)
(-3888.19613783112,-4510.45369181681,-1304.88766660665)
(-2933.01768938449,-3914.43413705806,-2887.35521787848)
(450.796809598785,-2064.50231417476,739.942221421913)
(-2455.0315550861,-3569.65117838286,-1409.29026398317)
(-3420.16481075936,-3696.26132949966,-4321.27408375174)
(-2685.4746203849,-2405.01427638091,-7322.70954096445)
(0,0,0)
(0,0,0)
(0,0,0)
(0,0,0)
(0,0,0)
(0,0,0)
(-3137.93385365052,-8187.46576425465,-89.0932612695536)
(-3142.61077681672,-8188.48666692722,-134.464310850098)
(-3149.59502741018,-8143.42674948345,-177.966645004502)
(-3094.67762012339,-8051.39805010742,-298.719628368821)
(-2956.97375018856,-7911.40601944492,-492.949288791099)
(-2652.50668214478,-7631.10962805206,-724.87453911535)
(-2085.31140834356,-7180.75358013062,-305.193081173321)
(-2567.83381203174,-7193.64544880867,-1109.05220143709)
(-2700.44980470394,-6473.0140171003,-2670.74830591943)
(-1963.05363954709,-4168.95850277227,-4560.90706181269)
(0,0,0)
(0,0,0)
(0,0,0)
(0,0,0)
(0,0,0)
(0,0,0)
(0,0,0)
(0,0,0)
(0,0,0)
(0,0,0)
(0,0,0)
(0,0,0)
(0,0,0)
(0,0,0)
(0,0,0)
(0,0,0)
(0,0,0)
(0,0,0)
(0,0,0)
(0,0,0)
(0,0,0)
(0,0,0)
(0,0,0)
(0,0,0)
(0,0,0)
(0,0,0)
(0,0,0)
(0,0,0)
(0,0,0)
(0,0,0)
(0,0,0)
(0,0,0)
(0,0,0)
(0,0,0)
(0,0,0)
(0,0,0)
(0,0,0)
(0,0,0)
(0,0,0)
(0,0,0)
(0,0,0)
(0,0,0)
(0,0,0)
(0,0,0)
(0,0,0)
(0,0,0)
(0,0,0)
(0,0,0)
(0,0,0)
(0,0,0)
(0,0,0)
(0,0,0)
(0,0,0)
(0,0,0)
(0,0,0)
(0,0,0)
(0,0,0)
(0,0,0)
(0,0,0)
(0,0,0)
(0,0,0)
(0,0,0)
(0,0,0)
(0,0,0)
(0,0,0)
(0,0,0)
(0,0,0)
(0,0,0)
(0,0,0)
(0,0,0)
(0,0,0)
(0,0,0)
(0,0,0)
(0,0,0)
(0,0,0)
(0,0,0)
(0,0,0)
(0,0,0)
(0,0,0)
(0,0,0)
(0,0,0)
(0,0,0)
(0,0,0)
(0,0,0)
(0,0,0)
(0,0,0)
(0,0,0)
(0,0,0)
(0,0,0)
(0,0,0)
(0,0,0)
(0,0,0)
(0,0,0)
(0,0,0)
(0,0,0)
(0,0,0)
(0,0,0)
(0,0,0)
(0,0,0)
(0,0,0)
(0,0,0)
(0,0,0)
(-2720.5889786285,207.323252364995,-148.388662776807)
(-2748.29743650511,153.708147486708,-237.679053403121)
(-2745.81848903914,66.7588458781997,-286.241896873556)
(-2739.581871012,13.4809904963122,-361.405099667729)
(-2731.96349224203,-14.2140120577023,-568.698196147929)
(-2733.40800219544,-11.7292726019364,-1044.06454847433)
(-2741.00087012226,-25.4400469015519,-1861.25569291252)
(-2714.59297590293,53.6200557539535,-3179.36113546807)
(-2444.70462148329,127.984455370622,-4898.91847708185)
(-1587.31876847542,77.9461768358688,-6353.76015787181)
(0,0,0)
(0,0,0)
(0,0,0)
(0,0,0)
(0,0,0)
(0,0,0)
(-2606.53012877592,354.983192797505,-119.475336018005)
(-2645.51662176531,271.210980107705,-202.750415451)
(-2667.98824506793,143.246693692446,-271.141719384042)
(-2662.27974240132,58.0507832784973,-384.82362304452)
(-2623.4457165799,-17.6796149422648,-628.593108434584)
(-2571.79528683977,-95.6168154153366,-1057.80100890212)
(-2534.60818902784,-180.521388856086,-1745.22354221729)
(-2535.89575471732,181.213545384978,-3109.67043189222)
(-2371.58577137264,398.44743589783,-4934.47267167201)
(-1571.62856059444,233.022747034673,-6450.98685432703)
(0,0,0)
(0,0,0)
(0,0,0)
(0,0,0)
(0,0,0)
(0,0,0)
(-2536.29253138143,498.911379561769,-130.152163016128)
(-2558.63569566365,386.696322322782,-234.740528686107)
(-2583.30577451037,242.926772109635,-344.778029244707)
(-2554.98818967669,125.211105759411,-509.786170174629)
(-2458.6743995719,-30.8358077048867,-791.623379213492)
(-2234.30595878951,-262.592516585143,-1179.94481510191)
(-1865.82157253866,-765.562576554914,-1393.0050161851)
(-1888.72119903569,640.318871620148,-2950.20691598048)
(-2046.34566294625,1110.77639168467,-5107.73240522202)
(-1433.95865217289,514.787694798949,-6698.55222830099)
(0,0,0)
(0,0,0)
(0,0,0)
(0,0,0)
(0,0,0)
(0,0,0)
(-2495.67471361394,590.884686625475,-136.285847833126)
(-2498.07103934863,465.991993185626,-276.92795200743)
(-2504.00398073961,299.909151196904,-414.769228483766)
(-2430.17028370524,178.676512597508,-639.156993795998)
(-2194.05937859259,23.4422863663766,-1062.29010856304)
(-1571.79328814788,-112.930089204966,-1759.87199872336)
(-6.58096267323562e-06,-1.22341195078919e-06,6.61320717525139e-07)
(59.5197006247379,512.302343574607,-2564.33627220833)
(-1370.21377945321,3296.12832593367,-5721.20814817648)
(-1227.36048433869,908.281901312985,-7228.68530601665)
(0,0,0)
(0,0,0)
(0,0,0)
(0,0,0)
(0,0,0)
(0,0,0)
(-2542.75348983819,481.743019399067,-109.073015781571)
(-2532.64446777394,389.201097849367,-261.347486068666)
(-2502.83002540162,264.485439913446,-471.391671366457)
(-2372.39662022225,161.580187008991,-777.023995737216)
(-2049.98753491386,27.3902171974585,-1249.90028072758)
(-1343.03019512177,-56.284168270076,-1813.88172136383)
(-2.11804808798795e-07,-6.04255878255001e-07,-9.92409996259189e-07)
(-1.10274043260965e-05,-1.21797567295625e-07,-1.56797269539539e-06)
(-360.760316819319,-18.2087464697593,-8162.0973449154)
(-1035.90057027479,104.963654750055,-8147.19995294353)
(0,0,0)
(0,0,0)
(0,0,0)
(0,0,0)
(0,0,0)
(0,0,0)
(-2753.97553123301,100.360360903576,-94.3906160545274)
(-2733.20677174148,66.5055331396912,-247.941281353828)
(-2679.3175188749,7.33343165682908,-494.638920249171)
(-2510.22335812474,-65.2605578388079,-835.817099075558)
(-2117.75527942581,-138.769902006795,-1312.1691766256)
(-1336.32889444361,-130.065720174914,-1822.19166589303)
(-9.47555311818217e-07,-1.03141606575267e-06,-9.71141124525834e-14)
(-7.45190693782038e-06,-1.5696222999229e-07,-8.17447937042522e-07)
(-331.112636369376,-627.337031523138,-7947.13133789778)
(-992.204716317076,-416.722676048184,-8179.21633725964)
(0,0,0)
(0,0,0)
(0,0,0)
(0,0,0)
(0,0,0)
(0,0,0)
(-2987.44158926208,-614.216587429007,-102.643917515291)
(-2943.851254392,-615.811275582877,-242.682568148473)
(-2898.36758770598,-626.629730572052,-457.712435174705)
(-2720.51897403665,-651.343625792393,-772.086034647009)
(-2269.07108178687,-636.424462193097,-1191.71255195533)
(-1420.14581368686,-464.404278275818,-1609.63543048579)
(-2.12604841590326e-06,-1.66653845472677e-06,-1.26576686030624e-13)
(-1.49343172315151e-05,5.09014880930914e-08,-1.97609768828685e-06)
(-402.024466211817,-3337.92394187564,-7425.92723707241)
(-1026.98005016948,-1164.42557865873,-7555.73351643642)
(0,0,0)
(0,0,0)
(0,0,0)
(0,0,0)
(0,0,0)
(0,0,0)
(-3040.33853402183,-1780.94852458331,-84.4078280845208)
(-3020.57549926738,-1764.31335971139,-191.12739682845)
(-2995.7685984204,-1738.52722317389,-357.770236041421)
(-2833.63475283443,-1719.02014011935,-599.581948020881)
(-2402.54661171124,-1648.01070869618,-866.429353528226)
(-1578.93246184517,-1321.29702133602,-1014.53194212655)
(-2.05168014383076e-05,-2.65564853652403e-06,-1.71747185914942e-06)
(-98.7455513783097,-2544.20830965554,-2851.49349246958)
(-1364.8567691321,-2393.44191793394,-4928.06294044914)
(-1219.59652630815,-1266.01719295809,-6124.89178257047)
(0,0,0)
(0,0,0)
(0,0,0)
(0,0,0)
(0,0,0)
(0,0,0)
(-2727.61163874446,-3355.2584512755,-57.042665320935)
(-2730.05591884487,-3325.56448202707,-123.089843840429)
(-2715.18367302134,-3290.34319046196,-214.380564270086)
(-2590.92625184967,-3280.25182949981,-305.804519872603)
(-2276.03122181486,-3308.38098202222,-257.599162561284)
(-1654.72551935273,-3482.93211993559,625.743766003775)
(30.8143923205209,-4571.73764996605,-2104.5492752803)
(-1229.10591602845,-3607.44991633888,-2267.23330765299)
(-1666.71629887712,-2927.82889353182,-3486.29484393315)
(-1212.45403757926,-1667.98805073102,-4557.34456897723)
(0,0,0)
(0,0,0)
(0,0,0)
(0,0,0)
(0,0,0)
(0,0,0)
(-1725.60614973667,-4696.32014975179,-71.2660054303068)
(-1750.82119514727,-4688.40327833245,-100.216790795062)
(-1753.03903378992,-4669.7416508466,-117.374324031609)
(-1683.15054426364,-4663.63698418198,-145.516245213378)
(-1535.29097139924,-4728.0019588464,-147.578047167558)
(-1310.29066710221,-4858.62994372971,-114.096238420236)
(-978.295265984214,-5035.83315739162,-757.016873353145)
(-1176.26285819746,-4557.88253130957,-1198.15521221416)
(-1207.4055982294,-3725.36400808387,-1893.66430412699)
(-805.423266030837,-2180.30075396206,-2538.98197441357)
(0,0,0)
(0,0,0)
(0,0,0)
(0,0,0)
(0,0,0)
(0,0,0)
(0,0,0)
(0,0,0)
(0,0,0)
(0,0,0)
(0,0,0)
(0,0,0)
(0,0,0)
(0,0,0)
(0,0,0)
(0,0,0)
(0,0,0)
(0,0,0)
(0,0,0)
(0,0,0)
(0,0,0)
(0,0,0)
(0,0,0)
(0,0,0)
(0,0,0)
(0,0,0)
(0,0,0)
(0,0,0)
(0,0,0)
(0,0,0)
(0,0,0)
(0,0,0)
(0,0,0)
(0,0,0)
(0,0,0)
(0,0,0)
(0,0,0)
(0,0,0)
(0,0,0)
(0,0,0)
(0,0,0)
(0,0,0)
(0,0,0)
(0,0,0)
(0,0,0)
(0,0,0)
(0,0,0)
(0,0,0)
(0,0,0)
(0,0,0)
(0,0,0)
(0,0,0)
(0,0,0)
(0,0,0)
(0,0,0)
(0,0,0)
(0,0,0)
(0,0,0)
(0,0,0)
(0,0,0)
(0,0,0)
(0,0,0)
(0,0,0)
(0,0,0)
(0,0,0)
(0,0,0)
(0,0,0)
(0,0,0)
(0,0,0)
(0,0,0)
(0,0,0)
(0,0,0)
(0,0,0)
(0,0,0)
(0,0,0)
(0,0,0)
(0,0,0)
(0,0,0)
(0,0,0)
(0,0,0)
(0,0,0)
(0,0,0)
(0,0,0)
(0,0,0)
(0,0,0)
(0,0,0)
(0,0,0)
(0,0,0)
(0,0,0)
(0,0,0)
(0,0,0)
(0,0,0)
(0,0,0)
(0,0,0)
(0,0,0)
(0,0,0)
(0,0,0)
(0,0,0)
(0,0,0)
(0,0,0)
(0,0,0)
(0,0,0)
(-2687.7996975702,151.257824263696,-184.047105333424)
(-2710.1218542859,95.6977953619387,-317.920482916211)
(-2706.98092606099,27.1524551517392,-383.910501044309)
(-2684.35880844786,10.4467722003383,-449.580335806094)
(-2590.97618420975,47.6033731209637,-638.171016956257)
(-2446.58932406878,153.010133402694,-1077.99982848442)
(-2315.19553418935,250.647773789618,-1754.45293820413)
(-2114.22772316002,301.345824515326,-2656.16401545721)
(-1729.43246901688,269.853193831716,-3641.28936175541)
(-1036.41102716764,148.064754415038,-4340.26185747401)
(0,0,0)
(0,0,0)
(0,0,0)
(0,0,0)
(0,0,0)
(0,0,0)
(-2557.12858798245,231.498560673138,-129.642277202155)
(-2581.77993137701,148.269841866059,-245.951014093434)
(-2612.42760736867,51.7523320901026,-326.111528731311)
(-2599.64460171962,34.8845440020093,-413.184441217079)
(-2487.48789515201,102.291925261335,-603.830814789522)
(-2332.82370926679,294.873858792446,-984.666117755457)
(-2216.36783303753,609.662267270244,-1661.92096723621)
(-2097.32587736036,900.231202567725,-2699.37622265645)
(-1764.14839081803,744.752805882816,-3781.71321526273)
(-1056.1904927175,362.854910865282,-4511.94143959485)
(0,0,0)
(0,0,0)
(0,0,0)
(0,0,0)
(0,0,0)
(0,0,0)
(-2481.16062979177,303.91603436697,-127.549375284979)
(-2505.15999905912,201.703893768142,-234.459123794354)
(-2538.07512658385,95.0467429936256,-322.984182626517)
(-2508.11564884099,73.0990213622938,-408.071200820101)
(-2356.78507289648,123.125262908099,-530.793865144088)
(-2105.42309426749,371.625677869866,-736.428548739981)
(-1810.37533804317,1181.89354188921,-1364.10605786239)
(-2081.76421437629,2611.24991537209,-2882.08175533195)
(-1828.17647002535,1799.07745416573,-4154.57559651268)
(-1069.18459819275,704.661529687689,-4861.15626932599)
(0,0,0)
(0,0,0)
(0,0,0)
(0,0,0)
(0,0,0)
(0,0,0)
(-2403.37593174368,329.260116045369,-117.642863550611)
(-2415.22817473145,217.919153811125,-216.700988213896)
(-2419.26760682401,90.7516743908144,-297.142293528426)
(-2354.44205945405,50.7298011418731,-350.501297556626)
(-2108.0659706311,31.2766388774331,-344.646081479785)
(-1565.77301759163,64.171249487985,-43.2119236547584)
(-3.58149102550484e-06,2.33918253125721e-07,-2.91504805831876e-06)
(-2692.96125672478,350.341671392402,-3774.11269149874)
(-2389.98678077688,4297.90111056869,-5253.16334657732)
(-1263.83940686628,1103.17044573596,-5615.19334008929)
(0,0,0)
(0,0,0)
(0,0,0)
(0,0,0)
(0,0,0)
(0,0,0)
(-2333.69143867865,214.909637994297,-94.7115731143268)
(-2347.07202520896,131.837963047552,-194.202824910624)
(-2333.77812906884,28.6525715820372,-301.155618434619)
(-2232.11718023632,-26.9593867932931,-363.74587048411)
(-1935.02684052292,-77.3955734634734,-370.034352538233)
(-1305.46856287492,-69.4264586396268,-273.998276655072)
(-1.87845320647281e-07,-3.28784703313651e-07,5.2525808734064e-07)
(-7.95856484684047e-06,5.99844760581282e-07,-3.33773813657657e-06)
(-4998.32421860148,11.6458186874051,-8511.12974311973)
(-1779.2578348117,123.327706165878,-6787.92973901562)
(0,0,0)
(0,0,0)
(0,0,0)
(0,0,0)
(0,0,0)
(0,0,0)
(-2371.84561182293,-106.925159636498,-60.2951217788173)
(-2377.58760753706,-131.148527799446,-152.927795130976)
(-2342.79119047807,-182.994264841208,-277.807287106359)
(-2211.96736601657,-241.539179755666,-361.483486249959)
(-1906.70407623587,-289.009014459086,-360.921248440592)
(-1258.74809138262,-230.448634681965,-277.479875459451)
(-7.20976185204801e-07,-4.14976010475459e-07,-1.11192594257071e-14)
(-5.98086440284754e-06,3.91460800187691e-09,-8.7511239351269e-07)
(-4815.39223205396,-733.37977081855,-8336.52061158762)
(-1813.86442230377,-491.750522239846,-6899.78267721269)
(0,0,0)
(0,0,0)
(0,0,0)
(0,0,0)
(0,0,0)
(0,0,0)
(-2437.29039899221,-595.674323600122,-61.4020262989575)
(-2401.24869836781,-602.683008703319,-132.470101420206)
(-2366.10591184766,-618.934657491314,-228.79138462777)
(-2242.69121670996,-651.179587461504,-296.978734249084)
(-1944.4016419182,-696.325608028642,-214.331580546198)
(-1312.91778465287,-578.935615728499,26.9273714624431)
(-1.55494983130396e-06,-6.90582850005955e-07,-3.70728728254848e-14)
(-8.19898130585035e-06,-4.57643665139941e-07,-6.27377768959584e-06)
(-4638.98540853927,-4299.76202728619,-7779.72475178015)
(-1677.67376001175,-1370.99382059061,-6249.78774358265)
(0,0,0)
(0,0,0)
(0,0,0)
(0,0,0)
(0,0,0)
(0,0,0)
(-2309.70806796716,-1291.11015535876,-35.1946342903501)
(-2290.64194805576,-1287.46036222608,-80.35083197592)
(-2270.44332530646,-1280.5206633027,-144.090099278318)
(-2168.88384161411,-1306.92124363304,-153.099354328341)
(-1945.25684071996,-1397.61849874632,90.9037653954543)
(-1500.10270826735,-1340.77618365965,773.914579748708)
(-1.22905479466577e-05,-5.18470793738802e-06,-3.1841387799926e-06)
(-2965.59680630281,-3646.33693319337,-3891.60214980597)
(-2311.97239102228,-2679.90590700423,-4564.34264820425)
(-1194.02227501523,-1273.16636363379,-4687.7443564506)
(0,0,0)
(0,0,0)
(0,0,0)
(0,0,0)
(0,0,0)
(0,0,0)
(-1894.34728203799,-2129.73391248624,5.35940041873551)
(-1886.9441788577,-2098.6125652467,-26.6001365459149)
(-1872.25935002838,-2088.77575352682,-61.2693693177097)
(-1819.38297311651,-2151.86261757223,12.1287258814599)
(-1746.79703084805,-2381.56795622183,466.843992393187)
(-1928.02048907636,-3038.35820813788,2437.72098658875)
(-3796.17729563195,-5555.59718793649,-3264.98373172731)
(-2079.47486492343,-3509.11420214736,-2551.83751387775)
(-1554.47994378734,-2448.15738738423,-2895.82238859706)
(-884.345685335782,-1278.0923815961,-3219.0047228718)
(0,0,0)
(0,0,0)
(0,0,0)
(0,0,0)
(0,0,0)
(0,0,0)
(-1093.55323255356,-2755.07820042208,-6.70862924496225)
(-1112.42947656657,-2724.94237622209,-18.7705368464911)
(-1115.62922776557,-2722.02677622385,-22.9293201748964)
(-1082.28399552683,-2786.70795038174,11.0494639008843)
(-1032.24050082616,-3000.17280788965,126.603844989955)
(-1080.194200167,-3420.82155545627,278.970725377057)
(-1329.79471923735,-4022.25260347073,-902.87440583618)
(-1066.86013834125,-3365.09779103452,-1156.29353680865)
(-856.228090183405,-2521.17723445403,-1434.45119779184)
(-492.182283143346,-1374.4397736428,-1651.34478862655)
(0,0,0)
(0,0,0)
(0,0,0)
(0,0,0)
(0,0,0)
(0,0,0)
(0,0,0)
(0,0,0)
(0,0,0)
(0,0,0)
(0,0,0)
(0,0,0)
(0,0,0)
(0,0,0)
(0,0,0)
(0,0,0)
(0,0,0)
(0,0,0)
(0,0,0)
(0,0,0)
(0,0,0)
(0,0,0)
(0,0,0)
(0,0,0)
(0,0,0)
(0,0,0)
(0,0,0)
(0,0,0)
(0,0,0)
(0,0,0)
(0,0,0)
(0,0,0)
(0,0,0)
(0,0,0)
(0,0,0)
(0,0,0)
(0,0,0)
(0,0,0)
(0,0,0)
(0,0,0)
(0,0,0)
(0,0,0)
(0,0,0)
(0,0,0)
(0,0,0)
(0,0,0)
(0,0,0)
(0,0,0)
(0,0,0)
(0,0,0)
(0,0,0)
(0,0,0)
(0,0,0)
(0,0,0)
(0,0,0)
(0,0,0)
(0,0,0)
(0,0,0)
(0,0,0)
(0,0,0)
(0,0,0)
(0,0,0)
(0,0,0)
(0,0,0)
(0,0,0)
(0,0,0)
(0,0,0)
(0,0,0)
(0,0,0)
(0,0,0)
(0,0,0)
(0,0,0)
(0,0,0)
(0,0,0)
(0,0,0)
(0,0,0)
(0,0,0)
(0,0,0)
(0,0,0)
(0,0,0)
(0,0,0)
(0,0,0)
(0,0,0)
(0,0,0)
(0,0,0)
(0,0,0)
(0,0,0)
(0,0,0)
(0,0,0)
(0,0,0)
(0,0,0)
(0,0,0)
(0,0,0)
(0,0,0)
(0,0,0)
(0,0,0)
(0,0,0)
(0,0,0)
(0,0,0)
(0,0,0)
(0,0,0)
(0,0,0)
(-2612.77723540196,87.9358240731861,-162.958286235875)
(-2644.46611153531,48.6467590387546,-277.260788027252)
(-2652.10936322224,13.7169408880707,-345.849291760774)
(-2636.67913873507,29.1042905223528,-422.633251997228)
(-2531.5868161654,97.7318795011149,-579.754499541762)
(-2350.84003814268,249.636386796218,-925.140172267333)
(-2186.20288471966,384.864296068705,-1438.99711780458)
(-1906.20144266581,365.960646114823,-2012.98404440905)
(-1471.69156234779,267.310577052046,-2538.03552813759)
(-824.27502483845,139.42366576928,-2889.59519622765)
(0,0,0)
(0,0,0)
(0,0,0)
(0,0,0)
(0,0,0)
(0,0,0)
(-2514.06626845718,139.620777288472,-94.7472727445162)
(-2518.86465790879,94.5046227943344,-203.520409963689)
(-2557.00295888377,36.2177597887526,-281.445877347946)
(-2562.29812291333,68.4776408110495,-358.165706442136)
(-2471.65879980701,217.287640615791,-493.550562900007)
(-2350.00613403311,563.004557100734,-789.736308436963)
(-2271.42486931076,1092.6622381433,-1442.4772142387)
(-2010.88482426478,959.285737433342,-2122.24335864707)
(-1561.73603577583,657.371956388225,-2714.71709302426)
(-864.378763291564,305.580713960996,-3072.68587064249)
(0,0,0)
(0,0,0)
(0,0,0)
(0,0,0)
(0,0,0)
(0,0,0)
(-2425.29962884046,164.970149464611,-81.2103731274659)
(-2434.08462779374,114.54054455288,-172.321666151673)
(-2480.5354464397,47.6209523524573,-241.264538855102)
(-2503.80767528945,88.9366299970326,-266.031501591763)
(-2441.39969599301,294.239097429859,-258.368335303761)
(-2408.10824885016,920.793517435956,-313.472141058112)
(-2568.43938453944,3111.01931977285,-1573.76517618476)
(-2312.27967162219,2028.60290170755,-2412.56688321121)
(-1763.71806331856,1244.97243854061,-3064.6257720695)
(-938.37451600716,509.257528316193,-3399.11266860706)
(0,0,0)
(0,0,0)
(0,0,0)
(0,0,0)
(0,0,0)
(0,0,0)
(-2328.81819017552,152.471460469196,-62.0590525689204)
(-2335.64480118168,96.6209672620067,-123.722848818398)
(-2355.90490192531,22.2196613525885,-161.684262714751)
(-2385.98148038776,40.1849268175379,-81.393138609172)
(-2346.25004696637,152.787800856161,298.242234296057)
(-2476.95007086233,343.784210338331,1786.42859466199)
(-3904.0548616823,9.94133662750085,-2742.89910442572)
(-3110.27531841494,2946.98136776928,-3243.96350880293)
(-2294.6935140124,1685.85950629832,-3780.14384332486)
(-1171.96840827631,603.948055460824,-3966.7053690535)
(0,0,0)
(0,0,0)
(0,0,0)
(0,0,0)
(0,0,0)
(0,0,0)
(-2180.90630056288,45.6091050342829,-45.922782677171)
(-2199.57327649185,8.47554481019317,-105.276108947245)
(-2225.09085463856,-58.9231503192687,-132.820571710064)
(-2235.68430870305,-87.7943815456029,-1.27413488461839)
(-2153.96634225788,-57.4997101489323,427.95287786068)
(-1841.81700669092,-10.2693837267351,1318.35491573518)
(-6.34308140259279e-06,1.7085047948722e-06,5.16602799259179e-06)
(-4405.04550797605,-154.349889633937,-4569.75591496183)
(-3172.24192551914,175.875659938712,-4885.8543616825)
(-1498.22954766865,80.4811912447891,-4643.41578460961)
(0,0,0)
(0,0,0)
(0,0,0)
(0,0,0)
(0,0,0)
(0,0,0)
(-2141.22830445227,-161.397035552127,-23.611166783116)
(-2162.51599761223,-166.035514257216,-64.1717176404458)
(-2175.88896808599,-208.032967838083,-81.9641225071911)
(-2153.1251499994,-270.162949950059,41.5622298797846)
(-2068.66224358089,-301.762199151419,447.782886226515)
(-1719.21926466422,-281.643431815749,1179.62810759555)
(-5.15337035226972e-06,3.53754375445184e-06,3.35937790291782e-06)
(-4039.34667581818,-263.257090311037,-4184.35908765866)
(-3234.70091330826,-637.779082751124,-4951.39566370743)
(-1554.60871496297,-379.205313876861,-4750.96486592972)
(0,0,0)
(0,0,0)
(0,0,0)
(0,0,0)
(0,0,0)
(0,0,0)
(-2137.64780267109,-440.047743044404,-20.9918888320812)
(-2117.90372904718,-435.337003895976,-35.0353685185884)
(-2129.30524078913,-448.491261605833,-31.3777458091893)
(-2110.34851891309,-522.283699691584,88.4003061294003)
(-2055.28310250092,-649.738064619765,547.257632175669)
(-1775.80179517189,-747.910862028584,1476.40907291654)
(-8.07692011273285e-06,7.27719813248017e-06,3.66392063641765e-06)
(-4201.14301610201,-3050.9401376375,-4287.09512943386)
(-3026.24151627115,-2003.9898073967,-4533.62829705514)
(-1424.70738411548,-878.30287492372,-4287.49711191104)
(0,0,0)
(0,0,0)
(0,0,0)
(0,0,0)
(0,0,0)
(0,0,0)
(-1945.53832336983,-811.097365812405,6.87987816702069)
(-1932.09668944755,-800.213590971969,13.2112066370244)
(-1950.03509652838,-793.049939164684,37.3616554114658)
(-1937.32522579954,-888.581492031962,172.100831939234)
(-1971.35788501004,-1141.79847868324,690.262290301935)
(-2258.16891619778,-1731.11178378478,2431.52941999667)
(-3969.14757760633,-3771.56265638474,-2695.18002379607)
(-2979.68117640567,-2774.9086652454,-2957.12712608041)
(-2119.47170795161,-1923.6964681355,-3229.92114840074)
(-1070.66354426484,-947.899203583915,-3283.68355050064)
(0,0,0)
(0,0,0)
(0,0,0)
(0,0,0)
(0,0,0)
(0,0,0)
(-1536.67504662505,-1199.09379108405,30.3241898572214)
(-1514.19869793912,-1178.45263356733,35.817751536419)
(-1516.48932724933,-1173.48643693683,60.4842265345202)
(-1519.47769696426,-1289.73393726284,161.731395617035)
(-1575.16001986199,-1570.43725715651,418.733163104317)
(-1825.46375929966,-2122.06671731237,707.131366853492)
(-2445.69052078969,-3035.03871797316,-1379.87934639446)
(-1937.3391296631,-2481.77073602045,-1815.15301088985)
(-1415.89768011084,-1794.23891407769,-2083.19282862023)
(-755.908626906495,-928.52054674322,-2231.008543885)
(0,0,0)
(0,0,0)
(0,0,0)
(0,0,0)
(0,0,0)
(0,0,0)
(-842.88656341508,-1472.07702949272,22.3165692710702)
(-828.729736869825,-1462.78814964386,22.9523456490863)
(-837.256629133669,-1469.65747487636,40.7507849547748)
(-844.473763471484,-1569.32426816886,82.530883807646)
(-859.059391816207,-1811.30543787717,150.217955521089)
(-961.323658105838,-2210.54530707872,119.826003229572)
(-1113.16817433126,-2603.8833775924,-527.95588206825)
(-953.757063074745,-2303.3441003702,-819.485592986393)
(-716.79983652155,-1741.86694432635,-1011.28581640103)
(-385.414957687803,-920.040078975811,-1126.53360962545)
(0,0,0)
(0,0,0)
(0,0,0)
(0,0,0)
(0,0,0)
(0,0,0)
(0,0,0)
(0,0,0)
(0,0,0)
(0,0,0)
(0,0,0)
(0,0,0)
(0,0,0)
(0,0,0)
(0,0,0)
(0,0,0)
(0,0,0)
(0,0,0)
(0,0,0)
(0,0,0)
(0,0,0)
(0,0,0)
(0,0,0)
(0,0,0)
(0,0,0)
(0,0,0)
(0,0,0)
(0,0,0)
(0,0,0)
(0,0,0)
(0,0,0)
(0,0,0)
(0,0,0)
(0,0,0)
(0,0,0)
(0,0,0)
(0,0,0)
(0,0,0)
(0,0,0)
(0,0,0)
(0,0,0)
(0,0,0)
(0,0,0)
(0,0,0)
(0,0,0)
(0,0,0)
(0,0,0)
(0,0,0)
(0,0,0)
(0,0,0)
(0,0,0)
(0,0,0)
(0,0,0)
(0,0,0)
(0,0,0)
(0,0,0)
(0,0,0)
(0,0,0)
(0,0,0)
(0,0,0)
(0,0,0)
(0,0,0)
(0,0,0)
(0,0,0)
(0,0,0)
(0,0,0)
(0,0,0)
(0,0,0)
(0,0,0)
(0,0,0)
(0,0,0)
(0,0,0)
(0,0,0)
(0,0,0)
(0,0,0)
(0,0,0)
(0,0,0)
(0,0,0)
(0,0,0)
(0,0,0)
(0,0,0)
(0,0,0)
(0,0,0)
(0,0,0)
(0,0,0)
(0,0,0)
(0,0,0)
(0,0,0)
(0,0,0)
(0,0,0)
(0,0,0)
(0,0,0)
(0,0,0)
(0,0,0)
(0,0,0)
(0,0,0)
(0,0,0)
(0,0,0)
(0,0,0)
(0,0,0)
(0,0,0)
(0,0,0)
(-2567.64838072716,65.372273727464,-110.501128405983)
(-2604.78621973937,19.3561286671828,-169.53714886836)
(-2598.74749613657,10.3010576002893,-233.200073545088)
(-2583.6013815825,34.0325170332123,-320.310347736315)
(-2503.80893679251,91.3858338128239,-439.474060924213)
(-2356.91752485947,217.60733896505,-651.003913168287)
(-2171.62143089335,303.376500620987,-968.961867618262)
(-1865.57859133013,284.154449066317,-1293.73916801456)
(-1421.58504693584,200.139061401568,-1543.98474483595)
(-761.29300093809,108.139958801171,-1715.10672753518)
(0,0,0)
(0,0,0)
(0,0,0)
(0,0,0)
(0,0,0)
(0,0,0)
(-2478.65700592307,87.3859456273976,-57.4229344317997)
(-2484.17950458781,47.9776329467303,-120.729592039811)
(-2499.65941409629,25.3648616583436,-193.136940883953)
(-2516.84638197375,73.2472065127196,-277.803371300345)
(-2490.96586233542,198.793090358326,-365.9035653168)
(-2423.78653025523,476.362097492322,-550.877927620957)
(-2311.65451515554,783.097160013209,-990.368941167925)
(-1988.34377716003,676.111021022907,-1404.86656023347)
(-1503.49528252179,441.201177184467,-1704.16942926674)
(-795.683617619586,206.700222309336,-1871.42483844862)
(0,0,0)
(0,0,0)
(0,0,0)
(0,0,0)
(0,0,0)
(0,0,0)
(-2371.61958713483,73.3884431102757,-39.6825391882832)
(-2373.75439538947,34.7110580670449,-86.7461967125588)
(-2406.28128557768,8.90311655493645,-144.538612471676)
(-2472.16370451592,70.2777499238073,-173.213126659828)
(-2529.05006239921,269.40670153383,-156.176371434641)
(-2607.03760225518,786.653682876021,-267.53860341546)
(-2702.69993826526,1746.43530541089,-1096.61619508278)
(-2338.50327535635,1219.90960098029,-1614.19117131127)
(-1697.30595374633,725.879113760346,-1965.28121745725)
(-867.154786115276,303.691861979296,-2133.49258701429)
(0,0,0)
(0,0,0)
(0,0,0)
(0,0,0)
(0,0,0)
(0,0,0)
(-2289.50475459144,52.9499612816254,-18.8749537539533)
(-2292.03114742726,12.5275868856518,-40.3051363309112)
(-2309.7371309116,-19.4691618495134,-58.1006289431864)
(-2420.77723329722,32.5966844894072,14.3761894075848)
(-2587.84724579485,241.161637638987,284.218452132504)
(-2964.92856008686,944.621987582979,614.228636658443)
(-3739.75091851649,3878.46983159299,-1682.10983269128)
(-3017.56411770324,1574.72549833493,-2129.63693075465)
(-2103.62578512754,782.545430062644,-2377.37097594843)
(-1057.54734667028,299.655263069273,-2487.75543864323)
(0,0,0)
(0,0,0)
(0,0,0)
(0,0,0)
(0,0,0)
(0,0,0)
(-2116.61661036204,-12.6347136628509,1.29498474314941)
(-2147.59964326646,-22.4868589645237,-15.6642026295999)
(-2189.8891444035,-70.1440736660104,-0.191001043534863)
(-2315.64694990249,-88.6466993323685,201.015023977669)
(-2612.04386872551,-34.3721341004257,934.626322185085)
(-3457.2087304654,8.68124416371507,3485.95878938361)
(-6651.26203568216,-423.884555202933,-4022.43149123988)
(-3983.31245503746,63.6626724880953,-2933.1017183229)
(-2556.76194657722,98.1094692950113,-2864.14573650387)
(-1251.9366184569,29.8392626462261,-2840.6226652992)
(0,0,0)
(0,0,0)
(0,0,0)
(0,0,0)
(0,0,0)
(0,0,0)
(-2039.24510638958,-117.150266846114,2.53235512050029)
(-2086.11019259803,-114.016985656592,17.6566767966678)
(-2126.91682160294,-166.186417850999,64.7268744965247)
(-2235.7089247692,-225.694235604648,284.358185537686)
(-2546.76854579051,-266.723977632131,994.816331274029)
(-3389.14573163507,-392.680307784102,3066.10435019509)
(-6129.2334988097,-350.425787470078,-3505.58625830816)
(-3996.79277912749,-581.00829286043,-2903.46918963905)
(-2634.1017245102,-474.1575266286,-2931.80138252187)
(-1300.53531760338,-256.569937758552,-2899.46557947473)
(0,0,0)
(0,0,0)
(0,0,0)
(0,0,0)
(0,0,0)
(0,0,0)
(-1985.06353176636,-280.396376569484,10.6618388213717)
(-1998.44909723233,-267.359642576876,44.5498639293061)
(-2050.34447177065,-293.813474022285,93.2161510817145)
(-2160.08241518054,-370.336115517254,287.591927267851)
(-2438.46319257026,-565.174905693624,969.222945396891)
(-3222.77732916147,-1225.90489391969,3249.42306553064)
(-6084.97564977641,-3838.34844164322,-3592.77792310858)
(-3788.29757630768,-1867.42710528493,-2719.20455048303)
(-2450.01137199638,-1107.54257604533,-2662.04964534221)
(-1203.18770399631,-517.215056064545,-2622.92420715068)
(0,0,0)
(0,0,0)
(0,0,0)
(0,0,0)
(0,0,0)
(0,0,0)
(-1773.7118200608,-469.949863956728,17.7269840777152)
(-1772.03430349741,-455.712511382028,46.0174669300971)
(-1834.46291831789,-455.095359256284,91.7271739558081)
(-1910.97183486863,-533.330817402061,228.368484910092)
(-2088.48770361309,-762.541771040515,542.865168857756)
(-2520.45674943047,-1288.94735054595,868.195458709644)
(-3336.96014511214,-2202.63728632936,-1399.70312909029)
(-2701.28721146571,-1721.16363331854,-1824.36056600095)
(-1865.47729596446,-1183.9215058911,-2001.97604815243)
(-942.417786255738,-594.354667728155,-2053.08219448623)
(0,0,0)
(0,0,0)
(0,0,0)
(0,0,0)
(0,0,0)
(0,0,0)
(-1384.54013281496,-639.661565753963,17.5767879889667)
(-1357.37499004761,-632.094927088385,37.1354958022786)
(-1386.95570797736,-624.657022797362,77.1635400713487)
(-1430.06585913567,-702.083992081407,156.504876920267)
(-1535.21029946301,-919.460637512311,273.474022991166)
(-1747.1442989046,-1306.37391029024,212.581122339447)
(-2000.33620593838,-1723.58589815312,-711.824580696382)
(-1732.80650473585,-1521.88818960326,-1115.63264933397)
(-1260.51469463285,-1137.61446165679,-1317.32267903887)
(-662.926063194941,-596.122118144965,-1408.5377923347)
(0,0,0)
(0,0,0)
(0,0,0)
(0,0,0)
(0,0,0)
(0,0,0)
(-756.22534856977,-736.119913370117,9.79713277138219)
(-714.365368688143,-751.975420020813,15.3132575216535)
(-723.402664800096,-763.256681833774,40.0589522255718)
(-750.890865599541,-822.834258755035,67.2263210248749)
(-796.928027842476,-1003.75517276334,89.3894923002523)
(-889.906419621464,-1307.64650004161,19.244843563609)
(-956.034976457974,-1551.08183875178,-310.3924137105)
(-856.196273059255,-1421.98598146876,-507.855411858983)
(-636.799990546949,-1088.16205254506,-637.307666945776)
(-336.07566374839,-569.426088057585,-713.342990972493)
(0,0,0)
(0,0,0)
(0,0,0)
(0,0,0)
(0,0,0)
(0,0,0)
(0,0,0)
(0,0,0)
(0,0,0)
(0,0,0)
(0,0,0)
(0,0,0)
(0,0,0)
(0,0,0)
(0,0,0)
(0,0,0)
(0,0,0)
(0,0,0)
(0,0,0)
(0,0,0)
(0,0,0)
(0,0,0)
(0,0,0)
(0,0,0)
(0,0,0)
(0,0,0)
(0,0,0)
(0,0,0)
(0,0,0)
(0,0,0)
(0,0,0)
(0,0,0)
(0,0,0)
(0,0,0)
(0,0,0)
(0,0,0)
(0,0,0)
(0,0,0)
(0,0,0)
(0,0,0)
(0,0,0)
(0,0,0)
(0,0,0)
(0,0,0)
(0,0,0)
(0,0,0)
(0,0,0)
(0,0,0)
(0,0,0)
(0,0,0)
(0,0,0)
(0,0,0)
(0,0,0)
(0,0,0)
(0,0,0)
(0,0,0)
(0,0,0)
(0,0,0)
(0,0,0)
(0,0,0)
(0,0,0)
(0,0,0)
(0,0,0)
(0,0,0)
(0,0,0)
(0,0,0)
(0,0,0)
(0,0,0)
(0,0,0)
(0,0,0)
(0,0,0)
(0,0,0)
(0,0,0)
(0,0,0)
(0,0,0)
(0,0,0)
(0,0,0)
(0,0,0)
(0,0,0)
(0,0,0)
(0,0,0)
(0,0,0)
(0,0,0)
(0,0,0)
(0,0,0)
(0,0,0)
(0,0,0)
(0,0,0)
(0,0,0)
(0,0,0)
(0,0,0)
(0,0,0)
(0,0,0)
(0,0,0)
(0,0,0)
(0,0,0)
(0,0,0)
(0,0,0)
(0,0,0)
(0,0,0)
(0,0,0)
(0,0,0)
(-2533.57512837079,14.3691111140723,-48.4423634717891)
(-2543.62931409079,-17.9024796837611,-91.6967894311988)
(-2537.76060608949,-6.04874742023534,-146.634932059811)
(-2548.62070653322,21.3246149322284,-202.940222040891)
(-2497.65910017591,62.4526587758948,-271.542717429507)
(-2400.2835922709,144.826774465855,-373.003424484771)
(-2197.95934887468,179.106315018301,-525.771821527045)
(-1911.03442351109,163.69683372109,-644.012823068746)
(-1458.26367047929,99.7013668798803,-707.035566399298)
(-764.186148146294,41.5273688585813,-745.669788055063)
(0,0,0)
(0,0,0)
(0,0,0)
(0,0,0)
(0,0,0)
(0,0,0)
(-2477.85949152236,29.280668729103,-15.7090720140589)
(-2458.55958703302,6.70537294237061,-65.9368421919763)
(-2452.85561257683,12.3083412388748,-131.097732371596)
(-2493.46076584708,54.3987018530331,-187.557435423167)
(-2506.16784371983,120.607854325444,-230.510649588784)
(-2454.27846277738,260.405781758711,-315.597724360064)
(-2297.015223254,377.737467296828,-528.868168537281)
(-1989.1412404331,341.036017926703,-705.409889467846)
(-1515.45673916434,198.687261013543,-792.434326955815)
(-795.347552538689,76.3393356279771,-827.582358803388)
(0,0,0)
(0,0,0)
(0,0,0)
(0,0,0)
(0,0,0)
(0,0,0)
(-2356.78856906234,21.4772753997051,-7.02762474387459)
(-2331.74068625414,3.34476239601458,-45.6807233306492)
(-2342.46025109684,0.694370117049796,-97.8877866885619)
(-2438.02994971563,42.2035638975189,-119.826403529912)
(-2555.44201198998,140.966818673064,-113.793418280763)
(-2638.24092685723,369.39041063049,-191.574722548585)
(-2615.50994784469,653.381583232623,-554.408828906587)
(-2271.77067620318,522.426411649846,-802.531821779431)
(-1665.72852699761,305.372638154099,-940.794625672787)
(-865.119278414986,117.357611483987,-983.848409228283)
(0,0,0)
(0,0,0)
(0,0,0)
(0,0,0)
(0,0,0)
(0,0,0)
(-2282.01322572213,14.0023855702169,-0.0166390407608871)
(-2248.95946514695,-16.3553649460146,-23.3881939805995)
(-2259.52875020411,-31.8447979974802,-41.0574065707938)
(-2412.7820032395,2.63332871792215,-9.48240145133744)
(-2646.23524692268,106.166677696664,83.7057406514839)
(-2957.5647154733,380.079545812404,65.6527608565149)
(-3214.00938996427,895.284397814527,-701.991582277516)
(-2747.04314561418,544.892461305227,-994.978604019613)
(-1958.75006537481,284.472831741127,-1118.95451736644)
(-1018.67307702738,110.753548819004,-1151.22472434308)
(0,0,0)
(0,0,0)
(0,0,0)
(0,0,0)
(0,0,0)
(0,0,0)
(-2124.71034114254,-1.71409011839961,23.8102064698885)
(-2134.61986304903,-13.9985579103367,8.47361921590189)
(-2174.23105517121,-51.92189945919,12.8926314487688)
(-2343.36790898506,-66.7189455110067,109.965864757633)
(-2704.31659728015,-40.3028905993674,348.708161605904)
(-3311.66735700832,2.07518966135875,581.171144300204)
(-4111.53744677743,-12.22221806799,-1051.04682872725)
(-3283.21113710594,28.3408415489022,-1234.59652688521)
(-2241.28607868426,26.0780914443242,-1291.67765448325)
(-1141.19064601153,4.61587113150555,-1296.28594923313)
(0,0,0)
(0,0,0)
(0,0,0)
(0,0,0)
(0,0,0)
(0,0,0)
(-2044.36123221308,-32.8058900830452,36.2079257868593)
(-2072.42481128157,-39.7941526755999,48.3181392365948)
(-2105.81665298724,-87.9755859164474,63.2716570738998)
(-2277.190369419,-124.911167227749,162.945323437457)
(-2676.25490372765,-151.672488366154,403.801279141562)
(-3337.73203530236,-237.519688869703,591.98246133884)
(-4167.2740537348,-354.782831272295,-1027.41637052151)
(-3387.99376515219,-343.358421577192,-1264.51612136721)
(-2300.53288162126,-242.815365521932,-1329.19150729654)
(-1176.05002765625,-120.089211335561,-1328.97171478035)
(0,0,0)
(0,0,0)
(0,0,0)
(0,0,0)
(0,0,0)
(0,0,0)
(-1945.21535254844,-120.201702399437,47.5476330957889)
(-1955.3204379138,-109.327447926404,73.9522690285068)
(-2009.27375925024,-134.273525225771,79.1794958160056)
(-2176.8577174044,-175.033077863588,146.076708677377)
(-2516.6054809637,-274.930222398958,347.476731101826)
(-3098.00540039581,-555.830448883875,541.015562342506)
(-3862.39448930673,-1061.70991492643,-974.638514446253)
(-3169.11112417432,-764.101166210863,-1173.08222195032)
(-2159.68836813113,-487.672496831372,-1218.54809450992)
(-1095.24053614865,-228.274745270583,-1218.30972842464)
(0,0,0)
(0,0,0)
(0,0,0)
(0,0,0)
(0,0,0)
(0,0,0)
(-1749.21986990086,-184.600794688429,39.9071421299973)
(-1728.83090392446,-174.06986471313,61.44615934573)
(-1792.14617323379,-186.56836897161,71.4242580087572)
(-1909.07544080486,-226.260260545348,120.755046627475)
(-2117.72976882223,-340.909331925801,215.976221369637)
(-2457.71546062911,-586.026442795708,183.430926478413)
(-2782.5094805292,-880.084587907059,-552.64506512273)
(-2424.60888012104,-756.245653893068,-837.178908771484)
(-1714.86874431226,-533.074298713926,-942.385658545463)
(-880.059073039138,-267.472962164558,-965.546154866393)
(0,0,0)
(0,0,0)
(0,0,0)
(0,0,0)
(0,0,0)
(0,0,0)
(-1373.93525968893,-223.211795695291,28.0061278776095)
(-1332.53451778962,-220.307034462598,49.4028253710302)
(-1349.09099579004,-241.474689952218,66.4444341627284)
(-1401.3138231486,-282.675464412783,94.1076020417384)
(-1522.55521317106,-387.597408531586,128.140592355532)
(-1679.29888379665,-570.79798078039,45.0667152313976)
(-1773.76504323417,-742.447045732081,-319.141989647792)
(-1590.82945285743,-687.031947626281,-530.332747794929)
(-1166.91702784571,-520.288156698243,-636.716556598492)
(-616.24626111213,-274.968953264432,-675.900367582712)
(0,0,0)
(0,0,0)
(0,0,0)
(0,0,0)
(0,0,0)
(0,0,0)
(-759.113480104927,-234.785573397439,14.4619092368864)
(-709.543242836247,-237.223541300531,26.5562902230923)
(-701.453180699225,-276.427317265757,39.5594334340004)
(-726.980684816977,-311.571748043739,44.5455362830492)
(-779.806569806281,-404.455542743823,44.2822124585602)
(-848.043670620902,-563.804514007876,-4.57400331311452)
(-859.22989286594,-695.604738667123,-148.221393969961)
(-792.068058923759,-661.318466993992,-238.063088738086)
(-596.509484933866,-493.472295144744,-305.169455904724)
(-320.093373638258,-252.597427051458,-343.523272227278)
(0,0,0)
(0,0,0)
(0,0,0)
(0,0,0)
(0,0,0)
(0,0,0)
(0,0,0)
(0,0,0)
(0,0,0)
(0,0,0)
(0,0,0)
(0,0,0)
(0,0,0)
(0,0,0)
(0,0,0)
(0,0,0)
(0,0,0)
(0,0,0)
(0,0,0)
(0,0,0)
(0,0,0)
(0,0,0)
(0,0,0)
(0,0,0)
(0,0,0)
(0,0,0)
(0,0,0)
(0,0,0)
(0,0,0)
(0,0,0)
(0,0,0)
(0,0,0)
(0,0,0)
(0,0,0)
(0,0,0)
(0,0,0)
(0,0,0)
(0,0,0)
(0,0,0)
(0,0,0)
(0,0,0)
(0,0,0)
(0,0,0)
(0,0,0)
(0,0,0)
(0,0,0)
(0,0,0)
(0,0,0)
(0,0,0)
(0,0,0)
(0,0,0)
(0,0,0)
(0,0,0)
(0,0,0)
(0,0,0)
(0,0,0)
(0,0,0)
(0,0,0)
(0,0,0)
(0,0,0)
(0,0,0)
(0,0,0)
(0,0,0)
(0,0,0)
(0,0,0)
(0,0,0)
(0,0,0)
(0,0,0)
(0,0,0)
(0,0,0)
(0,0,0)
(0,0,0)
(0,0,0)
(0,0,0)
(0,0,0)
(0,0,0)
(0,0,0)
(0,0,0)
(0,0,0)
(0,0,0)
(0,0,0)
(0,0,0)
(0,0,0)
(0,0,0)
(0,0,0)
(0,0,0)
(0,0,0)
(0,0,0)
(0,0,0)
(0,0,0)
(0,0,0)
(0,0,0)
(0,0,0)
(0,0,0)
(0,0,0)
(0,0,0)
(0,0,0)
(0,0,0)
(0,0,0)
(0,0,0)
(0,0,0)
(0,0,0)
(0,0,0)
(0,0,0)
(0,0,0)
(0,0,0)
(0,0,0)
(0,0,0)
(0,0,0)
(0,0,0)
(0,0,0)
(0,0,0)
(0,0,0)
(0,0,0)
(0,0,0)
(0,0,0)
(0,0,0)
(0,0,0)
(0,0,0)
(0,0,0)
(0,0,0)
(0,0,0)
(0,0,0)
(0,0,0)
(0,0,0)
(0,0,0)
(0,0,0)
(0,0,0)
(0,0,0)
(0,0,0)
(0,0,0)
(0,0,0)
(0,0,0)
(0,0,0)
(0,0,0)
(0,0,0)
(0,0,0)
(0,0,0)
(0,0,0)
(0,0,0)
(0,0,0)
(0,0,0)
(0,0,0)
(0,0,0)
(0,0,0)
(0,0,0)
(0,0,0)
(0,0,0)
(0,0,0)
(0,0,0)
(0,0,0)
(0,0,0)
(0,0,0)
(0,0,0)
(0,0,0)
(0,0,0)
(0,0,0)
(0,0,0)
(0,0,0)
(0,0,0)
(0,0,0)
(0,0,0)
(0,0,0)
(0,0,0)
(0,0,0)
(0,0,0)
(0,0,0)
(0,0,0)
(0,0,0)
(0,0,0)
(0,0,0)
(0,0,0)
(0,0,0)
(0,0,0)
(0,0,0)
(0,0,0)
(0,0,0)
(0,0,0)
(0,0,0)
(0,0,0)
(0,0,0)
(0,0,0)
(0,0,0)
(0,0,0)
(0,0,0)
(0,0,0)
(0,0,0)
(0,0,0)
(0,0,0)
(0,0,0)
(0,0,0)
(0,0,0)
(0,0,0)
(0,0,0)
(0,0,0)
(0,0,0)
(0,0,0)
(0,0,0)
(0,0,0)
(0,0,0)
(0,0,0)
(0,0,0)
(0,0,0)
(0,0,0)
(0,0,0)
(0,0,0)
(0,0,0)
(0,0,0)
(0,0,0)
(0,0,0)
(0,0,0)
(0,0,0)
(0,0,0)
(0,0,0)
(0,0,0)
(0,0,0)
(0,0,0)
(0,0,0)
(0,0,0)
(0,0,0)
(0,0,0)
(0,0,0)
(0,0,0)
(0,0,0)
(0,0,0)
(0,0,0)
(0,0,0)
(0,0,0)
(0,0,0)
(0,0,0)
(0,0,0)
(0,0,0)
(0,0,0)
(0,0,0)
(0,0,0)
(0,0,0)
(0,0,0)
(0,0,0)
(0,0,0)
(0,0,0)
(0,0,0)
(0,0,0)
(0,0,0)
(0,0,0)
(0,0,0)
(0,0,0)
(0,0,0)
(0,0,0)
(0,0,0)
(0,0,0)
(0,0,0)
(0,0,0)
(0,0,0)
(0,0,0)
(0,0,0)
(0,0,0)
(0,0,0)
(0,0,0)
(0,0,0)
(0,0,0)
(0,0,0)
(0,0,0)
(0,0,0)
(0,0,0)
(0,0,0)
(0,0,0)
(0,0,0)
(0,0,0)
(0,0,0)
(0,0,0)
(0,0,0)
(0,0,0)
(0,0,0)
(0,0,0)
(0,0,0)
(0,0,0)
(0,0,0)
(0,0,0)
(0,0,0)
(0,0,0)
(0,0,0)
(0,0,0)
(0,0,0)
(0,0,0)
(0,0,0)
(0,0,0)
(0,0,0)
(0,0,0)
(0,0,0)
(0,0,0)
(0,0,0)
(0,0,0)
(0,0,0)
(0,0,0)
(0,0,0)
(0,0,0)
(0,0,0)
(0,0,0)
(0,0,0)
(0,0,0)
(0,0,0)
(0,0,0)
(0,0,0)
(0,0,0)
(0,0,0)
(0,0,0)
(0,0,0)
(0,0,0)
(0,0,0)
(0,0,0)
(0,0,0)
(0,0,0)
(0,0,0)
(0,0,0)
(0,0,0)
(0,0,0)
(0,0,0)
(0,0,0)
(0,0,0)
(0,0,0)
(0,0,0)
(0,0,0)
(0,0,0)
(0,0,0)
(0,0,0)
(0,0,0)
(0,0,0)
(0,0,0)
(0,0,0)
(0,0,0)
(0,0,0)
(0,0,0)
(0,0,0)
(0,0,0)
(0,0,0)
(0,0,0)
(0,0,0)
(0,0,0)
(0,0,0)
(0,0,0)
(0,0,0)
(0,0,0)
(0,0,0)
(0,0,0)
(0,0,0)
(0,0,0)
(0,0,0)
(0,0,0)
(0,0,0)
(0,0,0)
(0,0,0)
(0,0,0)
(0,0,0)
(0,0,0)
(0,0,0)
(0,0,0)
(0,0,0)
(0,0,0)
(0,0,0)
(0,0,0)
(0,0,0)
(0,0,0)
(0,0,0)
(0,0,0)
(0,0,0)
(0,0,0)
(0,0,0)
(0,0,0)
(0,0,0)
(0,0,0)
(0,0,0)
(0,0,0)
(0,0,0)
(0,0,0)
(0,0,0)
(0,0,0)
(0,0,0)
(0,0,0)
(0,0,0)
(0,0,0)
(0,0,0)
(0,0,0)
(0,0,0)
(0,0,0)
(0,0,0)
(0,0,0)
(0,0,0)
(0,0,0)
(0,0,0)
(0,0,0)
(0,0,0)
(0,0,0)
(0,0,0)
(0,0,0)
(0,0,0)
(0,0,0)
(0,0,0)
(0,0,0)
(0,0,0)
(0,0,0)
(0,0,0)
(0,0,0)
(0,0,0)
(0,0,0)
(0,0,0)
(0,0,0)
(0,0,0)
(0,0,0)
(0,0,0)
(0,0,0)
(0,0,0)
(0,0,0)
(0,0,0)
(0,0,0)
(0,0,0)
(0,0,0)
(0,0,0)
(0,0,0)
(0,0,0)
(0,0,0)
(0,0,0)
(0,0,0)
(0,0,0)
(0,0,0)
(0,0,0)
(0,0,0)
(0,0,0)
(0,0,0)
(0,0,0)
(0,0,0)
(0,0,0)
(0,0,0)
(0,0,0)
(0,0,0)
(0,0,0)
(0,0,0)
(0,0,0)
(0,0,0)
(0,0,0)
(0,0,0)
(0,0,0)
(0,0,0)
(0,0,0)
(0,0,0)
(0,0,0)
(0,0,0)
(0,0,0)
(0,0,0)
(0,0,0)
(0,0,0)
(0,0,0)
(0,0,0)
(0,0,0)
(0,0,0)
(0,0,0)
(0,0,0)
(0,0,0)
(0,0,0)
(0,0,0)
(0,0,0)
(0,0,0)
(0,0,0)
(0,0,0)
(0,0,0)
(0,0,0)
(0,0,0)
(0,0,0)
(0,0,0)
(0,0,0)
(0,0,0)
(0,0,0)
(0,0,0)
(0,0,0)
(0,0,0)
(0,0,0)
(0,0,0)
(0,0,0)
(0,0,0)
(0,0,0)
(0,0,0)
(0,0,0)
(0,0,0)
(0,0,0)
(0,0,0)
(0,0,0)
(0,0,0)
(0,0,0)
(0,0,0)
(0,0,0)
(0,0,0)
(0,0,0)
(0,0,0)
(0,0,0)
(0,0,0)
(0,0,0)
(0,0,0)
(0,0,0)
(0,0,0)
(0,0,0)
(0,0,0)
(0,0,0)
(0,0,0)
(0,0,0)
(0,0,0)
(0,0,0)
(0,0,0)
(0,0,0)
(0,0,0)
(0,0,0)
(0,0,0)
(0,0,0)
(0,0,0)
(0,0,0)
(0,0,0)
(0,0,0)
(0,0,0)
(0,0,0)
(0,0,0)
(0,0,0)
(0,0,0)
(0,0,0)
(0,0,0)
(0,0,0)
(0,0,0)
(0,0,0)
(0,0,0)
(0,0,0)
(0,0,0)
(0,0,0)
(0,0,0)
(0,0,0)
(0,0,0)
(0,0,0)
(0,0,0)
(0,0,0)
(0,0,0)
(0,0,0)
(0,0,0)
(0,0,0)
(0,0,0)
(0,0,0)
(0,0,0)
(0,0,0)
(0,0,0)
(0,0,0)
(0,0,0)
(0,0,0)
(0,0,0)
(0,0,0)
(0,0,0)
(0,0,0)
(0,0,0)
(0,0,0)
(0,0,0)
(0,0,0)
(0,0,0)
(0,0,0)
(0,0,0)
(0,0,0)
(0,0,0)
(0,0,0)
(0,0,0)
(0,0,0)
(0,0,0)
(0,0,0)
(0,0,0)
(0,0,0)
(0,0,0)
(0,0,0)
(0,0,0)
(0,0,0)
(0,0,0)
(0,0,0)
(0,0,0)
(0,0,0)
(0,0,0)
(0,0,0)
(0,0,0)
(0,0,0)
(0,0,0)
(0,0,0)
(0,0,0)
(0,0,0)
(0,0,0)
(0,0,0)
(0,0,0)
(0,0,0)
(0,0,0)
(0,0,0)
(0,0,0)
(0,0,0)
(0,0,0)
(0,0,0)
(0,0,0)
(0,0,0)
(0,0,0)
(0,0,0)
(0,0,0)
(0,0,0)
(0,0,0)
(0,0,0)
(0,0,0)
(0,0,0)
(0,0,0)
(0,0,0)
(0,0,0)
(0,0,0)
(0,0,0)
(0,0,0)
(0,0,0)
(0,0,0)
(0,0,0)
(0,0,0)
(0,0,0)
(0,0,0)
(0,0,0)
(0,0,0)
(0,0,0)
(0,0,0)
(0,0,0)
(0,0,0)
(0,0,0)
(0,0,0)
(0,0,0)
(0,0,0)
(0,0,0)
(0,0,0)
(0,0,0)
(0,0,0)
(0,0,0)
(0,0,0)
(0,0,0)
(0,0,0)
(0,0,0)
(0,0,0)
(0,0,0)
(0,0,0)
(0,0,0)
(0,0,0)
(0,0,0)
(0,0,0)
(0,0,0)
(0,0,0)
(0,0,0)
(0,0,0)
(0,0,0)
(0,0,0)
(0,0,0)
(0,0,0)
(0,0,0)
(0,0,0)
(0,0,0)
(0,0,0)
(0,0,0)
(0,0,0)
(0,0,0)
(0,0,0)
(0,0,0)
(0,0,0)
(0,0,0)
(0,0,0)
(0,0,0)
(0,0,0)
(0,0,0)
(0,0,0)
(0,0,0)
(0,0,0)
(0,0,0)
(0,0,0)
(0,0,0)
(0,0,0)
(0,0,0)
(0,0,0)
(0,0,0)
(0,0,0)
(0,0,0)
(0,0,0)
(0,0,0)
(0,0,0)
(0,0,0)
(0,0,0)
(0,0,0)
(0,0,0)
(0,0,0)
(0,0,0)
(0,0,0)
(0,0,0)
(0,0,0)
(0,0,0)
(0,0,0)
(0,0,0)
(0,0,0)
(0,0,0)
(0,0,0)
(0,0,0)
(0,0,0)
(0,0,0)
(0,0,0)
(0,0,0)
(0,0,0)
(0,0,0)
(0,0,0)
(0,0,0)
(0,0,0)
(0,0,0)
(0,0,0)
(0,0,0)
(0,0,0)
(0,0,0)
(0,0,0)
(0,0,0)
(0,0,0)
(0,0,0)
(0,0,0)
(0,0,0)
(0,0,0)
(0,0,0)
(0,0,0)
(0,0,0)
(0,0,0)
(0,0,0)
(0,0,0)
(0,0,0)
(0,0,0)
(0,0,0)
(0,0,0)
(0,0,0)
(0,0,0)
(0,0,0)
(0,0,0)
(0,0,0)
(0,0,0)
(0,0,0)
(0,0,0)
(0,0,0)
(0,0,0)
(0,0,0)
(0,0,0)
(0,0,0)
(0,0,0)
(0,0,0)
(0,0,0)
(0,0,0)
(0,0,0)
(0,0,0)
(0,0,0)
(0,0,0)
(0,0,0)
(0,0,0)
(0,0,0)
(0,0,0)
(0,0,0)
(0,0,0)
(0,0,0)
(0,0,0)
(0,0,0)
(0,0,0)
(0,0,0)
(0,0,0)
(0,0,0)
(0,0,0)
(0,0,0)
(0,0,0)
(0,0,0)
(0,0,0)
(0,0,0)
(0,0,0)
(0,0,0)
(0,0,0)
(0,0,0)
(0,0,0)
(0,0,0)
(0,0,0)
(0,0,0)
(0,0,0)
(0,0,0)
(0,0,0)
(0,0,0)
(0,0,0)
(0,0,0)
(0,0,0)
(0,0,0)
(0,0,0)
(0,0,0)
(0,0,0)
(0,0,0)
(0,0,0)
(0,0,0)
(0,0,0)
(0,0,0)
(0,0,0)
(0,0,0)
(0,0,0)
(0,0,0)
(0,0,0)
(0,0,0)
(0,0,0)
(0,0,0)
(0,0,0)
(0,0,0)
(0,0,0)
(0,0,0)
(0,0,0)
(0,0,0)
(0,0,0)
(0,0,0)
(0,0,0)
(0,0,0)
(0,0,0)
(0,0,0)
(0,0,0)
(0,0,0)
(0,0,0)
(0,0,0)
(0,0,0)
(0,0,0)
(0,0,0)
(0,0,0)
(0,0,0)
