(0,0,0)
(0,0,0)
(0,0,0)
(0,0,0)
(0,0,0)
(0,0,0)
(0,0,0)
(0,0,0)
(0,0,0)
(0,0,0)
(0,0,0)
(0,0,0)
(0,0,0)
(0,0,0)
(0,0,0)
(0,0,0)
(0,0,0)
(0,0,0)
(0,0,0)
(0,0,0)
(0,0,0)
(0,0,0)
(0,0,0)
(0,0,0)
(0,0,0)
(0,0,0)
(0,0,0)
(0,0,0)
(0,0,0)
(0,0,0)
(0,0,0)
(0,0,0)
(0,0,0)
(0,0,0)
(0,0,0)
(0,0,0)
(0,0,0)
(0,0,0)
(0,0,0)
(0,0,0)
(0,0,0)
(0,0,0)
(0,0,0)
(0,0,0)
(0,0,0)
(0,0,0)
(0,0,0)
(0,0,0)
(0,0,0)
(0,0,0)
(0,0,0)
(0,0,0)
(0,0,0)
(0,0,0)
(0,0,0)
(0,0,0)
(0,0,0)
(0,0,0)
(0,0,0)
(0,0,0)
(0,0,0)
(0,0,0)
(0,0,0)
(0,0,0)
(0,0,0)
(0,0,0)
(0,0,0)
(0,0,0)
(0,0,0)
(0,0,0)
(0,0,0)
(0,0,0)
(0,0,0)
(0,0,0)
(0,0,0)
(0,0,0)
(0,0,0)
(0,0,0)
(0,0,0)
(0,0,0)
(0,0,0)
(0,0,0)
(0,0,0)
(0,0,0)
(0,0,0)
(0,0,0)
(0,0,0)
(0,0,0)
(0,0,0)
(0,0,0)
(0,0,0)
(0,0,0)
(0,0,0)
(0,0,0)
(0,0,0)
(0,0,0)
(0,0,0)
(0,0,0)
(0,0,0)
(0,0,0)
(0,0,0)
(0,0,0)
(0,0,0)
(0,0,0)
(0,0,0)
(0,0,0)
(0,0,0)
(0,0,0)
(0,0,0)
(0,0,0)
(0,0,0)
(0,0,0)
(0,0,0)
(0,0,0)
(0,0,0)
(0,0,0)
(0,0,0)
(0,0,0)
(0,0,0)
(0,0,0)
(0,0,0)
(0,0,0)
(0,0,0)
(0,0,0)
(0,0,0)
(0,0,0)
(0,0,0)
(0,0,0)
(0,0,0)
(0,0,0)
(0,0,0)
(0,0,0)
(0,0,0)
(0,0,0)
(0,0,0)
(0,0,0)
(0,0,0)
(0,0,0)
(0,0,0)
(0,0,0)
(0,0,0)
(0,0,0)
(0,0,0)
(0,0,0)
(0,0,0)
(0,0,0)
(0,0,0)
(0,0,0)
(0,0,0)
(0,0,0)
(0,0,0)
(0,0,0)
(0,0,0)
(0,0,0)
(0,0,0)
(0,0,0)
(0,0,0)
(0,0,0)
(0,0,0)
(0,0,0)
(0,0,0)
(0,0,0)
(0,0,0)
(0,0,0)
(0,0,0)
(0,0,0)
(0,0,0)
(0,0,0)
(0,0,0)
(0,0,0)
(0,0,0)
(0,0,0)
(0,0,0)
(0,0,0)
(0,0,0)
(0,0,0)
(0,0,0)
(0,0,0)
(0,0,0)
(0,0,0)
(0,0,0)
(0,0,0)
(0,0,0)
(0,0,0)
(0,0,0)
(0,0,0)
(0,0,0)
(0,0,0)
(0,0,0)
(0,0,0)
(0,0,0)
(0,0,0)
(0,0,0)
(0,0,0)
(0,0,0)
(0,0,0)
(0,0,0)
(0,0,0)
(0,0,0)
(0,0,0)
(0,0,0)
(0,0,0)
(0,0,0)
(0,0,0)
(0,0,0)
(0,0,0)
(0,0,0)
(0,0,0)
(0,0,0)
(0,0,0)
(0,0,0)
(0,0,0)
(0,0,0)
(0,0,0)
(0,0,0)
(0,0,0)
(0,0,0)
(0,0,0)
(0,0,0)
(0,0,0)
(0,0,0)
(0,0,0)
(0,0,0)
(0,0,0)
(0,0,0)
(0,0,0)
(0,0,0)
(0,0,0)
(0,0,0)
(0,0,0)
(0,0,0)
(0,0,0)
(0,0,0)
(0,0,0)
(0,0,0)
(0,0,0)
(0,0,0)
(0,0,0)
(0,0,0)
(0,0,0)
(0,0,0)
(0,0,0)
(0,0,0)
(0,0,0)
(0,0,0)
(0,0,0)
(0,0,0)
(0,0,0)
(0,0,0)
(0,0,0)
(0,0,0)
(0,0,0)
(0,0,0)
(0,0,0)
(0,0,0)
(0,0,0)
(0,0,0)
(0,0,0)
(0,0,0)
(0,0,0)
(0,0,0)
(0,0,0)
(0,0,0)
(0,0,0)
(0,0,0)
(0,0,0)
(0,0,0)
(0,0,0)
(0,0,0)
(0,0,0)
(0,0,0)
(0,0,0)
(0,0,0)
(0,0,0)
(0,0,0)
(0,0,0)
(0,0,0)
(0,0,0)
(0,0,0)
(0,0,0)
(0,0,0)
(0,0,0)
(0,0,0)
(0,0,0)
(0,0,0)
(0,0,0)
(0,0,0)
(0,0,0)
(0,0,0)
(0,0,0)
(0,0,0)
(0,0,0)
(0,0,0)
(0,0,0)
(0,0,0)
(0,0,0)
(0,0,0)
(0,0,0)
(0,0,0)
(0,0,0)
(0,0,0)
(0,0,0)
(0,0,0)
(0,0,0)
(0,0,0)
(0,0,0)
(0,0,0)
(0,0,0)
(0,0,0)
(0,0,0)
(0,0,0)
(0,0,0)
(0,0,0)
(0,0,0)
(0,0,0)
(0,0,0)
(0,0,0)
(0,0,0)
(0,0,0)
(0,0,0)
(0,0,0)
(0,0,0)
(0,0,0)
(0,0,0)
(0,0,0)
(0,0,0)
(0,0,0)
(0,0,0)
(0,0,0)
(0,0,0)
(0,0,0)
(0,0,0)
(0,0,0)
(0,0,0)
(0,0,0)
(0,0,0)
(0,0,0)
(0,0,0)
(0,0,0)
(0,0,0)
(0,0,0)
(0,0,0)
(0,0,0)
(0,0,0)
(0,0,0)
(0,0,0)
(0,0,0)
(0,0,0)
(0,0,0)
(0,0,0)
(0,0,0)
(0,0,0)
(0,0,0)
(0,0,0)
(0,0,0)
(0,0,0)
(0,0,0)
(0,0,0)
(0,0,0)
(0,0,0)
(0,0,0)
(0,0,0)
(0,0,0)
(0,0,0)
(0,0,0)
(0,0,0)
(0,0,0)
(0,0,0)
(0,0,0)
(0,0,0)
(0,0,0)
(0,0,0)
(0,0,0)
(0,0,0)
(0,0,0)
(0,0,0)
(0,0,0)
(0,0,0)
(0,0,0)
(0,0,0)
(0,0,0)
(0,0,0)
(0,0,0)
(0,0,0)
(0,0,0)
(0,0,0)
(0,0,0)
(0,0,0)
(0,0,0)
(0,0,0)
(0,0,0)
(0,0,0)
(0,0,0)
(0,0,0)
(0,0,0)
(0,0,0)
(0,0,0)
(0,0,0)
(0,0,0)
(0,0,0)
(0,0,0)
(0,0,0)
(0,0,0)
(0,0,0)
(0,0,0)
(0,0,0)
(0,0,0)
(0,0,0)
(0,0,0)
(0,0,0)
(0,0,0)
(0,0,0)
(0,0,0)
(0,0,0)
(0,0,0)
(0,0,0)
(0,0,0)
(0,0,0)
(0,0,0)
(0,0,0)
(0,0,0)
(0,0,0)
(0,0,0)
(0,0,0)
(0,0,0)
(0,0,0)
(0,0,0)
(0,0,0)
(0,0,0)
(0,0,0)
(0,0,0)
(0,0,0)
(0,0,0)
(0,0,0)
(0,0,0)
(0,0,0)
(0,0,0)
(0,0,0)
(0,0,0)
(0,0,0)
(0,0,0)
(0,0,0)
(0,0,0)
(0,0,0)
(0,0,0)
(0,0,0)
(0,0,0)
(0,0,0)
(0,0,0)
(0,0,0)
(0,0,0)
(0,0,0)
(0,0,0)
(0,0,0)
(0,0,0)
(0,0,0)
(0,0,0)
(0,0,0)
(0,0,0)
(0,0,0)
(0,0,0)
(0,0,0)
(0,0,0)
(0,0,0)
(0,0,0)
(0,0,0)
(0,0,0)
(0,0,0)
(0,0,0)
(0,0,0)
(0,0,0)
(0,0,0)
(0,0,0)
(0,0,0)
(0,0,0)
(0,0,0)
(0,0,0)
(0,0,0)
(0,0,0)
(0,0,0)
(0,0,0)
(0,0,0)
(0,0,0)
(0,0,0)
(0,0,0)
(0,0,0)
(0,0,0)
(0,0,0)
(0,0,0)
(0,0,0)
(0,0,0)
(0,0,0)
(0,0,0)
(0,0,0)
(0,0,0)
(0,0,0)
(0,0,0)
(0,0,0)
(0,0,0)
(0,0,0)
(0,0,0)
(0,0,0)
(0,0,0)
(0,0,0)
(0,0,0)
(0,0,0)
(0,0,0)
(0,0,0)
(0,0,0)
(0,0,0)
(0,0,0)
(0,0,0)
(0,0,0)
(0,0,0)
(0,0,0)
(0,0,0)
(0,0,0)
(0,0,0)
(0,0,0)
(0,0,0)
(0,0,0)
(0,0,0)
(0,0,0)
(0,0,0)
(0,0,0)
(0,0,0)
(0,0,0)
(0,0,0)
(0,0,0)
(0,0,0)
(0,0,0)
(0,0,0)
(0,0,0)
(0,0,0)
(0,0,0)
(0,0,0)
(0,0,0)
(0,0,0)
(0,0,0)
(0,0,0)
(0,0,0)
(0,0,0)
(0,0,0)
(0,0,0)
(0,0,0)
(0,0,0)
(0,0,0)
(0,0,0)
(0,0,0)
(0,0,0)
(0,0,0)
(0,0,0)
(0,0,0)
(0,0,0)
(0,0,0)
(0,0,0)
(0,0,0)
(0,0,0)
(0,0,0)
(0,0,0)
(0,0,0)
(0,0,0)
(0,0,0)
(0,0,0)
(0,0,0)
(0,0,0)
(0,0,0)
(0,0,0)
(0,0,0)
(0,0,0)
(0,0,0)
(0,0,0)
(0,0,0)
(0,0,0)
(0,0,0)
(0,0,0)
(0,0,0)
(0,0,0)
(0,0,0)
(0,0,0)
(0,0,0)
(0,0,0)
(0,0,0)
(0,0,0)
(0,0,0)
(0,0,0)
(0,0,0)
(0,0,0)
(0,0,0)
(0,0,0)
(0,0,0)
(0,0,0)
(0,0,0)
(0,0,0)
(0,0,0)
(0,0,0)
(0,0,0)
(0,0,0)
(0,0,0)
(0,0,0)
(0,0,0)
(0,0,0)
(0,0,0)
(0,0,0)
(0,0,0)
(0,0,0)
(0,0,0)
(0,0,0)
(0,0,0)
(0,0,0)
(0,0,0)
(0,0,0)
(0,0,0)
(0,0,0)
(0,0,0)
(0,0,0)
(0,0,0)
(0,0,0)
(0,0,0)
(0,0,0)
(0,0,0)
(0,0,0)
(0,0,0)
(0,0,0)
(0,0,0)
(0,0,0)
(0,0,0)
(0,0,0)
(0,0,0)
(0,0,0)
(0,0,0)
(0,0,0)
(0,0,0)
(0,0,0)
(0,0,0)
(0,0,0)
(0,0,0)
(0,0,0)
(0,0,0)
(0,0,0)
(0,0,0)
(0,0,0)
(0,0,0)
(0,0,0)
(0,0,0)
(0,0,0)
(0,0,0)
(0,0,0)
(0,0,0)
(0,0,0)
(0,0,0)
(0,0,0)
(0,0,0)
(0,0,0)
(0,0,0)
(0,0,0)
(0,0,0)
(0,0,0)
(0,0,0)
(0,0,0)
(0,0,0)
(0,0,0)
(0,0,0)
(0,0,0)
(0,0,0)
(0,0,0)
(0,0,0)
(0,0,0)
(0,0,0)
(0,0,0)
(0,0,0)
(0,0,0)
(0,0,0)
(0,0,0)
(0,0,0)
(0,0,0)
(0,0,0)
(0,0,0)
(0,0,0)
(0,0,0)
(0,0,0)
(0,0,0)
(0,0,0)
(0,0,0)
(0,0,0)
(0,0,0)
(0,0,0)
(0,0,0)
(0,0,0)
(0,0,0)
(0,0,0)
(0,0,0)
(0,0,0)
(0,0,0)
(0,0,0)
(0,0,0)
(0,0,0)
(0,0,0)
(0,0,0)
(0,0,0)
(0,0,0)
(0,0,0)
(0,0,0)
(0,0,0)
(0,0,0)
(0,0,0)
(0,0,0)
(0,0,0)
(0,0,0)
(0,0,0)
(0,0,0)
(0,0,0)
(0,0,0)
(0,0,0)
(0,0,0)
(0,0,0)
(0,0,0)
(0,0,0)
(0,0,0)
(0,0,0)
(0,0,0)
(0,0,0)
(0,0,0)
(0,0,0)
(0,0,0)
(0,0,0)
(0,0,0)
(0,0,0)
(0,0,0)
(0,0,0)
(0,0,0)
(0,0,0)
(0,0,0)
(0,0,0)
(0,0,0)
(0,0,0)
(0,0,0)
(0,0,0)
(0,0,0)
(0,0,0)
(0,0,0)
(0,0,0)
(0,0,0)
(0,0,0)
(0,0,0)
(0,0,0)
(0,0,0)
(0,0,0)
(0,0,0)
(0,0,0)
(0,0,0)
(0,0,0)
(0,0,0)
(0,0,0)
(0,0,0)
(0,0,0)
(0,0,0)
(0,0,0)
(0,0,0)
(0,0,0)
(0,0,0)
(0,0,0)
(0,0,0)
(0,0,0)
(0,0,0)
(0,0,0)
(0,0,0)
(0,0,0)
(0,0,0)
(0,0,0)
(0,0,0)
(0,0,0)
(0,0,0)
(0,0,0)
(0,0,0)
(0,0,0)
(0,0,0)
(0,0,0)
(0,0,0)
(0,0,0)
(0,0,0)
(0,0,0)
(0,0,0)
(0,0,0)
(0,0,0)
(0,0,0)
(0,0,0)
(0,0,0)
(0,0,0)
(0,0,0)
(0,0,0)
(0,0,0)
(0,0,0)
(0,0,0)
(0,0,0)
(0,0,0)
(0,0,0)
(0,0,0)
(0,0,0)
(0,0,0)
(0,0,0)
(0,0,0)
(0,0,0)
(0,0,0)
(0,0,0)
(0,0,0)
(0,0,0)
(0,0,0)
(0,0,0)
(0,0,0)
(0,0,0)
(0,0,0)
(0,0,0)
(0,0,0)
(0,0,0)
(0,0,0)
(0,0,0)
(0,0,0)
(0,0,0)
(-20863.2506916497,11066.2077277386,9797.04296391109)
(-22148.6669318817,10615.7989949105,21329.9109008823)
(-25031.9353140226,9676.4867827507,36685.3594321542)
(-30437.5983125956,8187.49529104165,58935.4624537082)
(-40140.3153679646,6171.32342090371,92904.4544007691)
(-57518.6036604003,3819.9731049903,146603.084956179)
(-89017.2736600006,1688.5740477517,233931.784568428)
(-145996.555868467,412.801645646664,379515.538791248)
(-241047.988252555,-25.8260453835895,620589.353089187)
(-336111.231947233,-45.1901919641992,956745.775228385)
(0,0,0)
(0,0,0)
(0,0,0)
(0,0,0)
(0,0,0)
(0,0,0)
(-22144.9181666894,23856.1682436554,9354.9576507725)
(-23431.2043047291,23019.113830745,20382.8471196671)
(-26340.6746730006,21237.8325936055,35162.1759818129)
(-31872.5469386228,18347.3436976318,56874.8745138456)
(-41835.8159631742,14334.7524580154,90547.261439908)
(-59610.0263452884,9527.38090471382,144449.879985473)
(-91436.4644011845,5009.95802830687,232564.960406102)
(-148188.233737497,2177.00041861915,378988.995370627)
(-242530.44538897,1043.75470588159,620449.860008331)
(-336803.541612408,535.750172123114,956672.461256652)
(0,0,0)
(0,0,0)
(0,0,0)
(0,0,0)
(0,0,0)
(0,0,0)
(-25001.9406960241,40368.4221595327,8489.68678014699)
(-26287.8722549059,39243.8611526772,18552.8117131207)
(-29274.5862028509,36829.0431055474,32236.1874040297)
(-35069.7442235863,32815.6356870508,52837.6396381971)
(-45644.1767566995,27075.9045428891,85740.664310023)
(-64500.2731074056,19894.2101490473,139874.108173095)
(-97396.8480264451,12664.9259753766,229615.98825247)
(-153667.247359596,7716.19114297197,377744.044887714)
(-246054.271339246,5081.34550986076,619760.72542298)
(-338399.525829842,2761.17901339985,955934.822411546)
(0,0,0)
(0,0,0)
(0,0,0)
(0,0,0)
(0,0,0)
(0,0,0)
(-30282.1019652173,63331.8862547434,7318.63787000642)
(-31573.1025376998,62058.4107325735,16077.1908278099)
(-34669.446300713,59340.6806090917,28234.9996249787)
(-40851.2687724355,54788.9643663066,47112.9397181583)
(-52452.0290531436,48093.1244250298,78547.7488891612)
(-73387.9532278022,39270.8634109439,132559.048855067)
(-108849.957359663,29515.0186114096,224558.913578697)
(-164297.884789366,21559.5866829812,375013.402828053)
(-252517.545468077,15323.9357255715,617288.35808042)
(-341210.292137674,8257.23903028554,953002.590201208)
(0,0,0)
(0,0,0)
(0,0,0)
(0,0,0)
(0,0,0)
(0,0,0)
(-39668.8700122617,96978.0272306046,6022.72903640065)
(-40967.0778925279,95743.8579975377,13304.3596639644)
(-44135.7648702915,93108.1994264045,23672.605716943)
(-50630.787413475,88680.6754717791,40411.6820249455)
(-63292.2043480425,82078.3237543744,69718.6870436434)
(-86810.1582201751,73075.8092585582,122723.899416204)
(-126332.320136978,62076.5915044309,216494.646660161)
(-180525.840780436,49903.5921838284,368676.481939749)
(-261948.005685051,35880.9446371794,610067.478713193)
(-345299.305529616,19039.0131986745,944585.010074419)
(0,0,0)
(0,0,0)
(0,0,0)
(0,0,0)
(0,0,0)
(0,0,0)
(-56599.5116863749,148807.560217502,4769.97869947716)
(-57823.2505258857,147722.031685146,10615.0555377549)
(-60889.9040142174,145395.425860939,19217.7331174378)
(-67321.9764768101,141425.550672384,33794.8343936434)
(-80131.4166772197,135275.303058165,60729.2717670731)
(-104087.875476667,126200.125717486,111692.830784813)
(-143706.651948345,113220.183235862,204255.891001727)
(-195431.292396198,94996.6062284123,354594.169353341)
(-272221.223607578,69563.5192713895,593132.818326709)
(-350478.998027827,37156.9873630979,925493.842190113)
(0,0,0)
(0,0,0)
(0,0,0)
(0,0,0)
(0,0,0)
(0,0,0)
(-87733.2606905302,232872.278918362,3668.5419896698)
(-88809.6283955304,231964.780848806,8235.42122153953)
(-91560.9821877874,229968.066786448,15223.762483818)
(-97436.0637695413,226441.583364316,27643.7935614272)
(-109339.446950761,220622.814701315,51635.7288690367)
(-131846.602484695,211036.609310182,98645.847761035)
(-169004.278048635,194883.849896668,185986.459148863)
(-216054.940068005,167924.604885019,329113.400560261)
(-287627.863441031,125668.349092042,560636.434180639)
(-358987.512097539,68503.3757655415,888277.557875734)
(0,0,0)
(0,0,0)
(0,0,0)
(0,0,0)
(0,0,0)
(0,0,0)
(-144752.976726332,374912.689283935,2712.5663607595)
(-145602.417498495,374110.12511876,6169.63958930009)
(-147816.091840623,372286.861674051,11666.9365423202)
(-152595.173949785,368883.263185419,21820.4306710024)
(-162362.952970598,362805.669262894,42000.5290800218)
(-181074.210913329,351689.469661092,82421.8796424407)
(-212192.068410485,330497.479943263,159000.318006331)
(-250335.191187144,290435.59437174,286824.519706755)
(-315683.532994267,224755.331733524,503421.07005954)
(-375279.539445101,127442.530280728,819761.454989455)
(0,0,0)
(0,0,0)
(0,0,0)
(0,0,0)
(0,0,0)
(0,0,0)
(-240216.644314096,613279.340714907,1849.99288312383)
(-240783.882236484,612494.563814101,4249.4364242669)
(-242284.790249893,610622.3170721,8198.77127611115)
(-245500.551058549,606863.104807275,15719.4807128042)
(-251943.690044182,599598.208637609,30870.6313822707)
(-264072.779556724,585386.222292014,61246.6583080723)
(-284477.62151505,557239.220239755,118982.539526629)
(-314943.480729941,503173.034073443,221188.580554866)
(-367397.625557494,407176.951077663,406164.586768221)
(-403686.840183206,244889.133682516,692404.823549638)
(0,0,0)
(0,0,0)
(0,0,0)
(0,0,0)
(0,0,0)
(0,0,0)
(-335713.670905024,948036.190362856,956.821257074458)
(-335997.727714001,947234.920841798,2214.19194337763)
(-336749.763664234,945258.119589738,4328.15308997347)
(-338337.487955722,941120.59288587,8408.15296710024)
(-341461.217847722,932808.437697174,16659.1417552567)
(-347312.40045037,916175.142292318,33182.6222053224)
(-357537.0407477,882903.855516759,65055.0276760199)
(-374821.384489753,817682.867828702,125366.578410515)
(-403597.771194732,692089.324325074,244051.976357836)
(-406556.978417051,447830.391327309,447667.697130094)
(0,0,0)
(0,0,0)
(0,0,0)
(0,0,0)
(0,0,0)
(0,0,0)
(0,0,0)
(0,0,0)
(0,0,0)
(0,0,0)
(0,0,0)
(0,0,0)
(0,0,0)
(0,0,0)
(0,0,0)
(0,0,0)
(0,0,0)
(0,0,0)
(0,0,0)
(0,0,0)
(0,0,0)
(0,0,0)
(0,0,0)
(0,0,0)
(0,0,0)
(0,0,0)
(0,0,0)
(0,0,0)
(0,0,0)
(0,0,0)
(0,0,0)
(0,0,0)
(0,0,0)
(0,0,0)
(0,0,0)
(0,0,0)
(0,0,0)
(0,0,0)
(0,0,0)
(0,0,0)
(0,0,0)
(0,0,0)
(0,0,0)
(0,0,0)
(0,0,0)
(0,0,0)
(0,0,0)
(0,0,0)
(0,0,0)
(0,0,0)
(0,0,0)
(0,0,0)
(0,0,0)
(0,0,0)
(0,0,0)
(0,0,0)
(0,0,0)
(0,0,0)
(0,0,0)
(0,0,0)
(0,0,0)
(0,0,0)
(0,0,0)
(0,0,0)
(0,0,0)
(0,0,0)
(0,0,0)
(0,0,0)
(0,0,0)
(0,0,0)
(0,0,0)
(0,0,0)
(0,0,0)
(0,0,0)
(0,0,0)
(0,0,0)
(0,0,0)
(0,0,0)
(0,0,0)
(0,0,0)
(0,0,0)
(0,0,0)
(0,0,0)
(0,0,0)
(0,0,0)
(0,0,0)
(0,0,0)
(0,0,0)
(0,0,0)
(0,0,0)
(0,0,0)
(0,0,0)
(0,0,0)
(0,0,0)
(0,0,0)
(0,0,0)
(0,0,0)
(0,0,0)
(0,0,0)
(0,0,0)
(0,0,0)
(0,0,0)
(3155399.82070606,9893.10496027532,8662.41179759577)
(3153329.06986866,9425.20689805536,18578.0562545856)
(3148558.83558299,8424.0092207263,31381.8642924359)
(3139633.56040409,6813.21562477103,49316.0781065649)
(3123865.15605903,4524.65299225894,75604.5418428937)
(3095926.9511429,1756.40959560838,115221.165599575)
(3044608.84665564,-726.070980888349,177139.70442041)
(2943080.44183727,-1800.24537570006,284681.540245961)
(2714037.26156992,-1492.11170588615,525906.990284961)
(2091944.16534212,-736.22935411238,1293406.41050531)
(0,0,0)
(0,0,0)
(0,0,0)
(0,0,0)
(0,0,0)
(0,0,0)
(3153268.73492987,21122.1608870857,8175.87913222029)
(3151190.96282581,20245.3696986541,17552.1373566719)
(3146394.85594767,18339.5283559279,29719.6757563823)
(3137324.29635757,15171.9739016853,46982.6623388555)
(3121149.21211223,10525.5482248022,72815.327186493)
(3092445.22414739,4621.0338301307,112714.040614874)
(3040354.68766903,-984.872771491718,176000.27849085)
(2939252.83297737,-3334.27707222443,284911.831628093)
(2711634.00272314,-2486.9163024049,526560.776268082)
(2090900.81759133,-1069.05067993636,1294007.82654575)
(0,0,0)
(0,0,0)
(0,0,0)
(0,0,0)
(0,0,0)
(0,0,0)
(3148466.82389595,35209.4309991141,7262.55345157853)
(3146388.57951109,34045.3687171663,15604.6908226543)
(3141499.96345119,31481.4308666537,26506.8268134784)
(3132064.64577808,27061.9099546528,42301.0889144311)
(3114819.19982736,20283.3296227365,66898.519088022)
(3083797.86015203,10995.7360251515,107044.271789149)
(3028769.48503382,1179.34824683345,173532.305866146)
(2928647.6148289,-2937.92794670791,285639.682707715)
(2705494.28633077,-1401.64010235873,527824.436993235)
(2088376.10446313,-75.1063987605064,1294873.45057468)
(0,0,0)
(0,0,0)
(0,0,0)
(0,0,0)
(0,0,0)
(0,0,0)
(3139680.77736275,54009.1179056604,6056.02192107056)
(3137604.61556073,52744.0040719989,12998.2566233914)
(3132594.14902261,49945.7788710582,22088.9014512535)
(3122565.9511046,45034.9289773974,35517.2507070558)
(3103309.01515925,37254.6364820841,57603.4877908989)
(3067044.81174755,25839.3522920415,97145.6947042445)
(3002983.90245342,12029.3925481855,169280.37874539)
(2904465.21345395,5334.16994388394,287063.77076707)
(2693049.28788512,5888.83453497421,529025.050932125)
(2083609.95903328,4154.961821155,1294793.31969684)
(0,0,0)
(0,0,0)
(0,0,0)
(0,0,0)
(0,0,0)
(0,0,0)
(3124310.3396719,80093.2958087424,4755.20056834011)
(3122273.22572865,78921.9930555477,10155.4961192037)
(3117230.34010972,76370.2738395058,17183.4843263264)
(3106690.86006709,71980.9695537385,27734.384425007)
(3085109.61001705,65237.6273397083,46168.1673578696)
(3040969.94905684,55806.9891586633,83239.011369818)
(2956592.38902905,44713.1944634621,162449.088444103)
(2859577.65025042,34998.4928337218,287499.862678994)
(2673501.33651896,25609.1446277107,527148.798537833)
(2076477.096044,13853.8456868833,1290492.10125408)
(0,0,0)
(0,0,0)
(0,0,0)
(0,0,0)
(0,0,0)
(0,0,0)
(3096984.2372679,117773.140713478,3554.99429657254)
(3095100.58978018,116814.569446217,7557.16575542229)
(3090296.06322564,114775.073752913,12784.9867577404)
(3079934.10769113,111345.1577511,20983.3025480282)
(3058080.07812203,106104.6143228,36723.4089212724)
(3012692.49161693,98487.0762739882,72081.5428679403)
(2927310.34981612,87954.88977777,152641.433944752)
(2834606.13278274,74408.1544871287,278012.935267995)
(2656744.84798801,54201.6644145874,515272.932041114)
(2068234.53465897,28678.8305886246,1276553.00260816)
(0,0,0)
(0,0,0)
(0,0,0)
(0,0,0)
(0,0,0)
(0,0,0)
(3046187.95681392,176095.206775359,2575.3045892474)
(3044545.67418935,175387.048394999,5466.11121116961)
(3040283.90593167,173886.862640993,9328.02235921666)
(3030886.84858551,171434.719711553,15734.1361992979)
(3010510.64620069,167727.275619542,29079.9699066935)
(2967122.61506316,161936.623374675,61479.7934137342)
(2884390.28968923,151818.518178816,139040.185430412)
(2800709.12251944,133759.818630047,257743.046855636)
(2631765.50464827,97716.8556933291,489653.075643183)
(2054097.8910587,52268.8168124071,1247796.27441875)
(0,0,0)
(0,0,0)
(0,0,0)
(0,0,0)
(0,0,0)
(0,0,0)
(2944561.84533614,279782.654480191,1816.31838827873)
(2943269.00116934,279236.191270356,3914.34500067293)
(2939869.79661838,278080.731622987,6853.17571526145)
(2932285.13119883,276208.038835033,12018.1395987571)
(2915521.27351145,273424.35303402,23255.4238578191)
(2878730.24358797,268894.640203339,51311.5406834468)
(2806376.58332012,258424.441477616,120955.553809625)
(2751511.74810842,226023.24035963,221663.780940068)
(2581135.54462961,173215.254944964,444164.892220141)
(2021316.17084462,99134.5199353596,1195522.06696306)
(0,0,0)
(0,0,0)
(0,0,0)
(0,0,0)
(0,0,0)
(0,0,0)
(2714899.10122412,518267.525277666,1217.97181989099)
(2714036.49072197,517754.784330279,2697.59395710466)
(2711772.67808779,516596.401685072,4943.04371292679)
(2706806.06175405,514439.456545269,9223.60134567962)
(2696326.93055402,510472.772209724,18723.1497273578)
(2675000.21465139,502510.695996933,40852.6878812407)
(2636497.77744406,484528.167030982,88592.151524346)
(2581990.06822967,443602.417243344,168898.013836612)
(2428172.30215382,371223.905569375,370138.023656472)
(1921768.34990244,242165.144780339,1096470.79688144)
(0,0,0)
(0,0,0)
(0,0,0)
(0,0,0)
(0,0,0)
(0,0,0)
(2092292.91447721,1284442.80565534,636.722395686849)
(2091862.47720027,1283912.94392765,1436.94603963194)
(2090748.44415678,1282633.42369841,2720.30436085686)
(2088355.27331928,1280033.70723671,5251.88055000828)
(2083474.26747134,1274808.98296007,10798.7726361839)
(2073869.89152422,1263983.13121887,22962.6335952359)
(2056053.51639334,1240912.74120425,47806.090436518)
(2021784.33666628,1192940.07481168,96681.2998677299)
(1921833.81047867,1096050.88216404,241241.329755249)
(1562578.24195542,854627.42712147,854462.415197234)
(0,0,0)
(0,0,0)
(0,0,0)
(0,0,0)
(0,0,0)
(0,0,0)
(0,0,0)
(0,0,0)
(0,0,0)
(0,0,0)
(0,0,0)
(0,0,0)
(0,0,0)
(0,0,0)
(0,0,0)
(0,0,0)
(0,0,0)
(0,0,0)
(0,0,0)
(0,0,0)
(0,0,0)
(0,0,0)
(0,0,0)
(0,0,0)
(0,0,0)
(0,0,0)
(0,0,0)
(0,0,0)
(0,0,0)
(0,0,0)
(0,0,0)
(0,0,0)
(0,0,0)
(0,0,0)
(0,0,0)
(0,0,0)
(0,0,0)
(0,0,0)
(0,0,0)
(0,0,0)
(0,0,0)
(0,0,0)
(0,0,0)
(0,0,0)
(0,0,0)
(0,0,0)
(0,0,0)
(0,0,0)
(0,0,0)
(0,0,0)
(0,0,0)
(0,0,0)
(0,0,0)
(0,0,0)
(0,0,0)
(0,0,0)
(0,0,0)
(0,0,0)
(0,0,0)
(0,0,0)
(0,0,0)
(0,0,0)
(0,0,0)
(0,0,0)
(0,0,0)
(0,0,0)
(0,0,0)
(0,0,0)
(0,0,0)
(0,0,0)
(0,0,0)
(0,0,0)
(0,0,0)
(0,0,0)
(0,0,0)
(0,0,0)
(0,0,0)
(0,0,0)
(0,0,0)
(0,0,0)
(0,0,0)
(0,0,0)
(0,0,0)
(0,0,0)
(0,0,0)
(0,0,0)
(0,0,0)
(0,0,0)
(0,0,0)
(0,0,0)
(0,0,0)
(0,0,0)
(0,0,0)
(0,0,0)
(0,0,0)
(0,0,0)
(0,0,0)
(0,0,0)
(0,0,0)
(0,0,0)
(0,0,0)
(0,0,0)
(-53834.8679456051,7814.373314113,6601.72718197139)
(-56156.8179745982,7343.57371336235,13925.4531562802)
(-61341.683455218,6296.09315962858,22711.2908792705)
(-70769.9412621817,4518.57796588986,33777.6264240667)
(-86783.4076868478,1795.71432189728,47811.887692465)
(-113429.227333346,-1748.17712429782,64097.6551374186)
(-157074.673126144,-4998.99206040639,75961.5788240212)
(-226226.43543325,-5645.84019841151,56095.7081373646)
(-325352.560939625,-3875.9531069182,-95457.1044017611)
(-399259.740978114,-1788.41714694165,-797283.369090172)
(0,0,0)
(0,0,0)
(0,0,0)
(0,0,0)
(0,0,0)
(0,0,0)
(-56318.3575663596,16478.8653515814,6104.01230317124)
(-58607.7718928989,15581.8066438968,12845.9259357562)
(-63721.9651354412,13568.3138840659,20871.9381388475)
(-73121.8670928811,10002.0999153067,31015.9914843014)
(-89354.5085526036,4236.99546351754,44259.8428519299)
(-116692.950306303,-4006.53224125059,60837.7842669946)
(-161318.777865003,-12566.2963698428,75259.9659548768)
(-229781.467769415,-13954.3382609195,57784.1766085837)
(-327138.22643884,-8652.20507533095,-93485.9304166039)
(-399887.536580929,-3634.32480357741,-795670.256743292)
(0,0,0)
(0,0,0)
(0,0,0)
(0,0,0)
(0,0,0)
(0,0,0)
(-61743.7762044851,26668.166241664,5202.71105477144)
(-63946.8055402428,25485.7583221485,10815.5562722687)
(-68962.1920698904,22771.5742224815,17255.8632993428)
(-78426.2520634159,17723.4911517709,25206.781748788)
(-95462.760714035,8898.48148089862,36008.6681172172)
(-125569.440049982,-5672.4141182295,52223.2620406252)
(-175570.86981691,-24574.8579763977,73753.5903423223)
(-242192.951747671,-27135.0027147064,62956.2332170983)
(-332531.266563489,-13868.400205132,-88620.6069144233)
(-401590.414005475,-4858.47538931557,-792248.526015671)
(0,0,0)
(0,0,0)
(0,0,0)
(0,0,0)
(0,0,0)
(0,0,0)
(-71338.8962904961,38861.9244858456,4007.32725348042)
(-73433.1140128968,37625.8385463828,8086.38844728963)
(-78322.9112520155,34761.4049571036,12195.0298317034)
(-87975.082081943,29296.1721140064,16344.7939004285)
(-106868.010816807,19176.4197087312,21425.2934930682)
(-145126.603047442,-148.695549378008,33254.4015636213)
(-219905.585228756,-34327.0107477951,71077.4538616141)
(-282921.661470867,-39582.9765758029,76093.71449194)
(-346119.845589545,-13683.5276322982,-79740.6127618143)
(-405292.001356424,-2970.64563263001,-787545.070284381)
(0,0,0)
(0,0,0)
(0,0,0)
(0,0,0)
(0,0,0)
(0,0,0)
(-87361.6379133012,52970.85256481,2744.46135065285)
(-89302.9772838396,51924.5224412207,5203.39231271417)
(-93946.015214464,49575.3233809012,6747.24105751876)
(-103626.795048281,45341.0517372934,6201.42839401628)
(-124745.396144685,38351.3615891631,2062.90451973972)
(-178622.94997643,27679.6724736672,-991.152625621002)
(-354845.474002401,15534.8299215719,65766.2815808741)
(-421007.271943304,10047.0835322815,101902.555510929)
(-372817.475786095,8862.11150828848,-69142.8594801885)
(-411399.166170814,5632.55027378915,-784688.381327383)
(0,0,0)
(0,0,0)
(0,0,0)
(0,0,0)
(0,0,0)
(0,0,0)
(-113816.103582974,67294.4718996278,1658.13336047344)
(-115513.543320727,66566.525415058,2811.67533195917)
(-119682.414691191,65030.1590208172,2516.72945329209)
(-128729.13932724,62517.6769820381,-815.236928672097)
(-149302.700755873,58754.8600823017,-8654.54469949344)
(-203035.758528819,53142.3090584872,-13207.5192941538)
(-370624.567636865,45206.5964820401,60237.0434427786)
(-431187.541212326,40618.7155145638,100640.497299975)
(-385394.901409244,29293.7268821753,-72469.9568322426)
(-417603.287694842,14582.4586014955,-790400.630961722)
(0,0,0)
(0,0,0)
(0,0,0)
(0,0,0)
(0,0,0)
(0,0,0)
(-157202.101948905,74947.5783409955,918.364165878976)
(-158605.841626064,74569.6442948238,1248.17294594214)
(-162128.635449268,73884.4519582379,-12.1667661247259)
(-170018.103626556,73201.7610330989,-4609.88676070542)
(-188909.899053565,73062.8708516637,-14315.9404314006)
(-241505.408506775,73865.233660529,-21229.4296190899)
(-416150.66452437,74102.7261910028,55596.8067299592)
(-471984.01528105,84826.4386937354,89263.6331956901)
(-404522.495156469,47276.1643252997,-87249.3925982848)
(-427900.138035594,19573.8399441547,-805061.333002237)
(0,0,0)
(0,0,0)
(0,0,0)
(0,0,0)
(0,0,0)
(0,0,0)
(-226553.311659887,50730.7449663036,513.402215135922)
(-227599.566199571,50592.4709821759,540.55474110928)
(-230303.712717159,50506.1127957699,-726.184916469652)
(-236494.649687333,51216.3711381363,-4779.60229093512)
(-252108.41982939,54653.4721283527,-13559.0983823719)
(-300310.328963894,65567.0148713662,-21038.8951969358)
(-490620.776630273,88971.7496003108,66270.8531885662)
(-400813.47072559,56909.1959991515,51694.7265615706)
(-420308.590316553,20568.7272121211,-114972.289534671)
(-443980.956374528,-256.055384121647,-824663.855142837)
(0,0,0)
(0,0,0)
(0,0,0)
(0,0,0)
(0,0,0)
(0,0,0)
(-326043.825487397,-103487.434274989,342.51779722715)
(-326701.016070983,-103574.292232179,428.199648944119)
(-328431.670631042,-103636.988591939,-42.9384001049414)
(-332254.689514722,-103254.917077229,-1329.48707155556)
(-340868.103460834,-101662.346250456,-2637.22283347639)
(-361324.567602325,-97937.1973071681,2373.18344318192)
(-405976.899602264,-95239.8989092851,34240.9208435198)
(-421101.969410325,-115987.33134274,15410.8976698157)
(-460285.937003976,-134632.426027357,-135748.298088495)
(-467951.106073768,-116749.831048614,-824353.654603386)
(0,0,0)
(0,0,0)
(0,0,0)
(0,0,0)
(0,0,0)
(0,0,0)
(-399797.979829989,-806414.227924502,199.099801120922)
(-400118.106031815,-806526.638976008,313.44162144873)
(-400954.952004577,-806751.145330127,312.406365412336)
(-402733.505455203,-807000.577982945,328.257890019508)
(-406452.470088839,-807400.194165698,1174.25520985629)
(-414184.801362275,-808691.580038898,5164.74267249856)
(-428460.660664651,-813997.63761716,13618.0702827786)
(-444529.037806372,-827780.358697365,-3094.11604552635)
(-468114.950155896,-824871.010763895,-117725.358830004)
(-451920.928511487,-707321.494095695,-707473.113471602)
(0,0,0)
(0,0,0)
(0,0,0)
(0,0,0)
(0,0,0)
(0,0,0)
(0,0,0)
(0,0,0)
(0,0,0)
(0,0,0)
(0,0,0)
(0,0,0)
(0,0,0)
(0,0,0)
(0,0,0)
(0,0,0)
(0,0,0)
(0,0,0)
(0,0,0)
(0,0,0)
(0,0,0)
(0,0,0)
(0,0,0)
(0,0,0)
(0,0,0)
(0,0,0)
(0,0,0)
(0,0,0)
(0,0,0)
(0,0,0)
(0,0,0)
(0,0,0)
(0,0,0)
(0,0,0)
(0,0,0)
(0,0,0)
(0,0,0)
(0,0,0)
(0,0,0)
(0,0,0)
(0,0,0)
(0,0,0)
(0,0,0)
(0,0,0)
(0,0,0)
(0,0,0)
(0,0,0)
(0,0,0)
(0,0,0)
(0,0,0)
(0,0,0)
(0,0,0)
(0,0,0)
(0,0,0)
(0,0,0)
(0,0,0)
(0,0,0)
(0,0,0)
(0,0,0)
(0,0,0)
(0,0,0)
(0,0,0)
(0,0,0)
(0,0,0)
(0,0,0)
(0,0,0)
(0,0,0)
(0,0,0)
(0,0,0)
(0,0,0)
(0,0,0)
(0,0,0)
(0,0,0)
(0,0,0)
(0,0,0)
(0,0,0)
(0,0,0)
(0,0,0)
(0,0,0)
(0,0,0)
(0,0,0)
(0,0,0)
(0,0,0)
(0,0,0)
(0,0,0)
(0,0,0)
(0,0,0)
(0,0,0)
(0,0,0)
(0,0,0)
(0,0,0)
(0,0,0)
(0,0,0)
(0,0,0)
(0,0,0)
(0,0,0)
(0,0,0)
(0,0,0)
(0,0,0)
(0,0,0)
(0,0,0)
(0,0,0)
(-63715.5575862979,5504.75191042494,4375.93773026784)
(-65665.4133824675,5058.62760419485,8825.90553394234)
(-69951.079464784,4048.58012360404,13386.7214199042)
(-77442.1586678694,2246.15120285608,17812.7876227358)
(-89469.4407802593,-717.101295748447,21215.9220118957)
(-107871.201624717,-4970.65000668342,20628.5463099501)
(-134386.714616762,-9231.31450818395,7171.90230875186)
(-167291.492220867,-9214.80593108266,-42548.2349725483)
(-193625.403851064,-5661.0781581068,-168614.313903002)
(-168426.609835933,-2421.17011413039,-397026.274931053)
(0,0,0)
(0,0,0)
(0,0,0)
(0,0,0)
(0,0,0)
(0,0,0)
(-65934.5162002689,11208.9195651013,3911.99097923292)
(-67781.1936655881,10355.7080796956,7788.33227642136)
(-71833.8485193818,8407.58180588692,11541.213978079)
(-78911.138176696,4744.52564827719,14832.1106164728)
(-90362.3538763848,-1842.88278994373,16965.7374344493)
(-108211.741845838,-12854.9619751339,16368.8409424346)
(-134528.117915944,-26796.5363304224,7143.40281561404)
(-166432.656355757,-26370.4144448812,-39049.8000842456)
(-192313.39604922,-14068.2624528063,-165467.446179167)
(-167641.873739321,-5365.62705812307,-394768.652076782)
(0,0,0)
(0,0,0)
(0,0,0)
(0,0,0)
(0,0,0)
(0,0,0)
(-70782.5042966206,17159.4796765773,3088.16798065942)
(-72411.3048636195,16057.7233534289,5850.65203030281)
(-76009.4885129632,13453.9466107243,7851.58366853811)
(-82279.1417250911,8229.46931375108,8219.52966473942)
(-92555.3987234134,-2466.23429249859,5935.51917667278)
(-109637.035118042,-25210.6579757792,2358.81024537846)
(-138561.068002988,-68902.170729199,7454.642830233)
(-166379.148867864,-67868.2041551032,-26861.3703393519)
(-189130.672010812,-27448.0075756435,-156882.219769192)
(-165687.75439708,-8562.4303328114,-389588.076102899)
(0,0,0)
(0,0,0)
(0,0,0)
(0,0,0)
(0,0,0)
(0,0,0)
(-79047.6397711089,22851.7897672791,2016.43338991103)
(-80397.9294736483,21755.7586237124,3283.21358037905)
(-83341.7111282985,19127.0383101561,2628.92175723026)
(-88315.5206910044,13691.6107300543,-2492.7810500116)
(-96370.3437133784,1372.92773582012,-16829.6101817586)
(-112177.65359499,-33581.9249777248,-41407.2926322656)
(-169379.697882338,-169235.55404155,8400.20333366721)
(-178155.914657104,-177672.126653712,13438.3790185128)
(-181657.256145207,-40367.4125826352,-138104.805418833)
(-161719.979707186,-9062.82156851414,-381176.435832368)
(0,0,0)
(0,0,0)
(0,0,0)
(0,0,0)
(0,0,0)
(0,0,0)
(-92025.9423290465,26599.794330112,916.299852912371)
(-93057.2733606127,25756.4785350644,669.876018333519)
(-95175.1375449995,23838.4174283466,-2812.38076932138)
(-98184.2188139707,20287.3052678816,-14850.651541459)
(-100301.79904685,13922.38984138,-51843.7107448531)
(-90372.9102268307,3456.78979398321,-177132.46526616)
(-5.03440583465021e-05,-1.5126739533077e-05,3.42556026779329e-05)
(-594.181652046957,-31.3897428036147,150710.781090754)
(-151932.803145182,-3655.69703639962,-106885.607096395)
(-154566.579165562,-537.414658791316,-372243.601011369)
(0,0,0)
(0,0,0)
(0,0,0)
(0,0,0)
(0,0,0)
(0,0,0)
(-111445.305794166,24178.047337765,50.9492035385622)
(-112156.986109967,23706.4782961577,-1255.60776831504)
(-113500.296407906,22775.7111521735,-6375.01977542714)
(-114918.472185408,21396.4233300779,-21294.8049794548)
(-113571.431423719,19345.5911892882,-62449.2756595173)
(-96148.538488474,14939.8029314591,-180819.508837338)
(-4.68727367848478e-05,-1.94154596894918e-05,2.67667963077277e-05)
(-644.009351764474,37.8133075949039,147058.658336596)
(-148431.469076592,10283.7976271373,-103844.268659592)
(-154512.925793067,4338.89365328484,-371810.938873443)
(0,0,0)
(0,0,0)
(0,0,0)
(0,0,0)
(0,0,0)
(0,0,0)
(-138688.177490964,6075.41880288636,-411.295923062377)
(-139128.608539975,5991.95599490225,-2174.00670789571)
(-139842.853816669,6078.91625449454,-7762.99344281591)
(-140019.198861909,7054.95256192374,-23420.4274393089)
(-136171.096885217,10174.3418268767,-66987.9802452452)
(-112976.786771182,15426.8689794362,-196003.668028815)
(-0.000127796608282418,4.59877431155339e-05,3.53886941855934e-05)
(-930.160258016631,156379.706831511,157272.702030232)
(-158897.032965696,31752.6906601337,-109821.653193538)
(-160812.452996646,3619.33392837451,-376189.778507575)
(0,0,0)
(0,0,0)
(0,0,0)
(0,0,0)
(0,0,0)
(0,0,0)
(-171875.385337533,-48102.2082198587,-500.299299609092)
(-172103.966435604,-47921.3403412433,-2082.60272743024)
(-172387.381261919,-47114.1974071481,-6805.82052102798)
(-171826.619442011,-44086.060830673,-20332.8373737524)
(-166788.091908122,-33677.6808543717,-61801.1426137719)
(-140279.009148119,5017.48556499629,-211423.079015107)
(-1388.59231757799,174155.261147756,156256.012693403)
(-157948.375249668,37126.8316980388,32643.7923509524)
(-198945.982760515,-19020.419774652,-137945.704770301)
(-174469.937007379,-24025.2674385174,-379812.122770557)
(0,0,0)
(0,0,0)
(0,0,0)
(0,0,0)
(0,0,0)
(0,0,0)
(-197516.999903417,-176304.276065185,-324.757738654697)
(-197615.902066795,-176068.071753134,-1263.14033095233)
(-197717.04419696,-175303.14068739,-3788.82348479315)
(-197286.62346025,-172944.243722935,-9898.70664700235)
(-194840.396256114,-166502.266774497,-23101.8279315976)
(-187033.69667988,-150073.732897761,-42301.4803912856)
(-176390.793836069,-116982.346865224,19250.0218554995)
(-202540.847508473,-138739.961636452,-23444.3067118617)
(-217919.592453957,-141932.787858743,-142898.283177789)
(-178720.84971903,-100424.224836467,-355729.582134578)
(0,0,0)
(0,0,0)
(0,0,0)
(0,0,0)
(0,0,0)
(0,0,0)
(-170616.195724021,-405356.554645544,-129.505525608519)
(-170656.778449991,-405157.220568657,-501.684291907996)
(-170706.873059351,-404628.539040238,-1424.36488428631)
(-170546.773361644,-403193.639656164,-3361.70104461711)
(-169795.95537097,-399962.59414365,-6557.88839333401)
(-168103.692916978,-393598.848524945,-9113.88121144646)
(-167499.647419652,-384672.480182921,-2384.7611387481)
(-176669.808246443,-382468.15987575,-26515.7924593802)
(-179181.914088075,-356122.202495286,-101259.413890659)
(-143363.500003088,-255048.097899951,-255192.969335574)
(0,0,0)
(0,0,0)
(0,0,0)
(0,0,0)
(0,0,0)
(0,0,0)
(0,0,0)
(0,0,0)
(0,0,0)
(0,0,0)
(0,0,0)
(0,0,0)
(0,0,0)
(0,0,0)
(0,0,0)
(0,0,0)
(0,0,0)
(0,0,0)
(0,0,0)
(0,0,0)
(0,0,0)
(0,0,0)
(0,0,0)
(0,0,0)
(0,0,0)
(0,0,0)
(0,0,0)
(0,0,0)
(0,0,0)
(0,0,0)
(0,0,0)
(0,0,0)
(0,0,0)
(0,0,0)
(0,0,0)
(0,0,0)
(0,0,0)
(0,0,0)
(0,0,0)
(0,0,0)
(0,0,0)
(0,0,0)
(0,0,0)
(0,0,0)
(0,0,0)
(0,0,0)
(0,0,0)
(0,0,0)
(0,0,0)
(0,0,0)
(0,0,0)
(0,0,0)
(0,0,0)
(0,0,0)
(0,0,0)
(0,0,0)
(0,0,0)
(0,0,0)
(0,0,0)
(0,0,0)
(0,0,0)
(0,0,0)
(0,0,0)
(0,0,0)
(0,0,0)
(0,0,0)
(0,0,0)
(0,0,0)
(0,0,0)
(0,0,0)
(0,0,0)
(0,0,0)
(0,0,0)
(0,0,0)
(0,0,0)
(0,0,0)
(0,0,0)
(0,0,0)
(0,0,0)
(0,0,0)
(0,0,0)
(0,0,0)
(0,0,0)
(0,0,0)
(0,0,0)
(0,0,0)
(0,0,0)
(0,0,0)
(0,0,0)
(0,0,0)
(0,0,0)
(0,0,0)
(0,0,0)
(0,0,0)
(0,0,0)
(0,0,0)
(0,0,0)
(0,0,0)
(0,0,0)
(0,0,0)
(0,0,0)
(0,0,0)
(-69473.6865334893,3300.0364179864,2458.09252920493)
(-70795.3955100583,2960.66879400764,4627.40586278809)
(-73583.6054865223,2196.97388804267,6062.95799648367)
(-78139.3191303572,778.787976317581,5981.3304826539)
(-84838.0927881641,-1650.36630161295,3000.34879217171)
(-93943.7289402463,-5363.86154374077,-5563.26234855791)
(-105209.06355552,-9443.40728196453,-25297.5061278356)
(-115746.147702797,-8427.26346313277,-68415.5871827721)
(-114870.628639982,-4376.86685452198,-142793.495539332)
(-81761.6328885366,-1618.34795671694,-227840.124530011)
(0,0,0)
(0,0,0)
(0,0,0)
(0,0,0)
(0,0,0)
(0,0,0)
(-71163.3808097015,6428.38831088051,2100.51271653844)
(-72337.5381272716,5787.64474826423,3829.88122396538)
(-74753.6270947659,4323.57626989774,4623.0574174944)
(-78518.3256316289,1462.54395854531,3546.48889019957)
(-83725.2982771915,-4008.63560883405,-732.297401772697)
(-90368.3860286111,-14272.4611687251,-9667.05359401576)
(-98445.1068882848,-30843.0796366779,-24350.3922669612)
(-108414.375750727,-26348.2132525295,-64447.7230825939)
(-110087.446758317,-10913.6309690475,-140136.908258971)
(-79628.3785056591,-3419.02244959116,-226349.728999758)
(0,0,0)
(0,0,0)
(0,0,0)
(0,0,0)
(0,0,0)
(0,0,0)
(-74793.9527888779,8962.68205027763,1477.15475286018)
(-75660.3843861967,8164.22878783186,2349.65023586979)
(-77327.4932150701,6260.44388122945,1730.78732664506)
(-79481.5150051825,2344.15699703347,-1948.45243175173)
(-81291.6309559843,-6164.38397060648,-11056.4718374084)
(-80958.4941111611,-27675.6141317519,-26331.8598812629)
(-76050.0837782855,-99734.0824846079,-19951.8412580351)
(-83869.4553716179,-79700.7312503326,-49109.016756478)
(-96377.2353994154,-20027.088019157,-132748.996317765)
(-74130.391305262,-4632.05745953143,-223093.324399642)
(0,0,0)
(0,0,0)
(0,0,0)
(0,0,0)
(0,0,0)
(0,0,0)
(-80709.2925305939,9923.20456420245,701.130245560282)
(-81182.9935517921,9181.1141699792,469.308941556738)
(-81830.997771037,7413.99479325843,-2194.95532773372)
(-81668.827182864,3981.58707738002,-10479.0789162206)
(-77988.3554638621,-2394.48373244863,-32630.9674038946)
(-62337.6926085149,-11674.9864680921,-98471.5560540293)
(-2.46874015690535e-05,-4.79049337837069e-06,1.23429715335967e-05)
(-540.892825008356,-214.24147671112,10490.7523026953)
(-63044.8486365454,-10715.2024179867,-117433.540807137)
(-63238.5893359267,-1952.50942139681,-218594.479216532)
(0,0,0)
(0,0,0)
(0,0,0)
(0,0,0)
(0,0,0)
(0,0,0)
(-89342.5148651781,7288.09095212278,-48.313851788656)
(-89408.1295270168,6771.9159381587,-1288.25945356408)
(-89037.5517536315,5636.1149744132,-5647.96542608679)
(-86682.439961673,3719.70609685048,-16887.863297855)
(-78450.4438880122,850.670896685567,-41984.3730858275)
(-55049.3421595255,-2130.78301492356,-86852.1446063011)
(2.47024095446708e-06,-2.41789164167395e-06,-5.90614803707827e-05)
(-5.48310933468574e-05,-7.73519505505766e-06,3.37466164731615e-06)
(-707.446362940763,-98.2742475093853,-108729.592833646)
(-48050.0266743897,-450.210677346817,-216748.444068868)
(0,0,0)
(0,0,0)
(0,0,0)
(0,0,0)
(0,0,0)
(0,0,0)
(-100821.600210029,-2761.87487580912,-573.739756205031)
(-100567.786932124,-2965.72619304345,-2425.29680284618)
(-99426.5324378572,-3269.95517550495,-7592.99062297702)
(-95539.6512013549,-3410.54538599217,-19841.5601241878)
(-84477.3025138949,-2967.37510719077,-45117.6430301355)
(-56891.283571664,-1607.85530569074,-84897.8256561782)
(-1.18521421912183e-06,-5.47015286008811e-06,-4.63287978502558e-05)
(-4.09995711537757e-05,-1.51950719336041e-05,2.25380400652215e-06)
(-702.575985217137,-14.3102440145505,-109098.953824595)
(-45842.0171527619,-1878.66789174817,-216341.405250499)
(0,0,0)
(0,0,0)
(0,0,0)
(0,0,0)
(0,0,0)
(0,0,0)
(-114059.749833095,-26611.5740655939,-778.728468083864)
(-113629.831529155,-26502.9238049028,-2740.30786704482)
(-112069.676196973,-26008.2388349921,-7775.2018272542)
(-107366.94685256,-24339.1757048803,-19498.8235177153)
(-94673.0919474073,-20025.2759961221,-43938.9275665937)
(-63670.3593303622,-11291.1078870041,-83562.1024261005)
(-7.19453337227976e-06,-7.46199366835621e-05,-5.50089247702288e-05)
(-7.15835059769418e-05,-3.52397235083621e-07,1.89744554342849e-06)
(-869.114411631771,-7953.26077838712,-110937.256382039)
(-49318.2652129611,-9872.77621422718,-214437.335843245)
(0,0,0)
(0,0,0)
(0,0,0)
(0,0,0)
(0,0,0)
(0,0,0)
(-124664.432978298,-73131.9713272687,-690.555097560753)
(-124194.035866734,-72846.7097105508,-2256.69976078282)
(-122612.371996707,-71904.6070220304,-6135.34083895599)
(-118003.849973622,-69061.4976811623,-15235.7883310635)
(-105429.778756851,-61240.3684125164,-35379.0090659401)
(-73087.9775992857,-41128.6195822056,-72732.5289195714)
(-8.67921949465481e-05,3.86786693258022e-06,5.30981101553536e-06)
(-633.316434961083,-6840.75536118058,-7821.56613159045)
(-64366.9795775894,-37576.6116031133,-112777.21848979)
(-64546.6049697412,-28046.8729775891,-204526.453764066)
(0,0,0)
(0,0,0)
(0,0,0)
(0,0,0)
(0,0,0)
(0,0,0)
(-121656.238561094,-148585.340882843,-407.391786748201)
(-121280.508972398,-148300.17906035,-1289.31553134676)
(-120095.196294114,-147532.420103318,-3283.35035290458)
(-116697.583461589,-145532.322267312,-7401.56576541672)
(-107356.684191633,-140809.109625475,-15316.536616939)
(-81323.2325701183,-130445.600195815,-31710.020113091)
(-1016.91821738085,-107322.392466691,-6705.73121973238)
(-65432.9159671975,-112196.730595272,-38457.6875269165)
(-88105.644441601,-102681.370127023,-103166.877015362)
(-68765.0095621637,-64769.7197011303,-176399.870448687)
(0,0,0)
(0,0,0)
(0,0,0)
(0,0,0)
(0,0,0)
(0,0,0)
(-85320.0514524553,-233717.069137556,-164.41601685264)
(-85121.0916925838,-233490.564337908,-509.717496702491)
(-84537.0180659888,-232979.193117823,-1232.79947555945)
(-82937.4045658271,-231794.255617333,-2580.2349213555)
(-78980.3805646904,-229351.155407038,-4853.76394607089)
(-70212.3947024716,-224683.869018405,-8506.79333798761)
(-55498.5560837682,-216370.947463133,-11459.3296774295)
(-66406.4957829672,-205077.065156518,-28842.307579659)
(-69190.8810399063,-176376.188104329,-65138.5226505221)
(-50362.8728324195,-111392.69527974,-111516.174242581)
(0,0,0)
(0,0,0)
(0,0,0)
(0,0,0)
(0,0,0)
(0,0,0)
(0,0,0)
(0,0,0)
(0,0,0)
(0,0,0)
(0,0,0)
(0,0,0)
(0,0,0)
(0,0,0)
(0,0,0)
(0,0,0)
(0,0,0)
(0,0,0)
(0,0,0)
(0,0,0)
(0,0,0)
(0,0,0)
(0,0,0)
(0,0,0)
(0,0,0)
(0,0,0)
(0,0,0)
(0,0,0)
(0,0,0)
(0,0,0)
(0,0,0)
(0,0,0)
(0,0,0)
(0,0,0)
(0,0,0)
(0,0,0)
(0,0,0)
(0,0,0)
(0,0,0)
(0,0,0)
(0,0,0)
(0,0,0)
(0,0,0)
(0,0,0)
(0,0,0)
(0,0,0)
(0,0,0)
(0,0,0)
(0,0,0)
(0,0,0)
(0,0,0)
(0,0,0)
(0,0,0)
(0,0,0)
(0,0,0)
(0,0,0)
(0,0,0)
(0,0,0)
(0,0,0)
(0,0,0)
(0,0,0)
(0,0,0)
(0,0,0)
(0,0,0)
(0,0,0)
(0,0,0)
(0,0,0)
(0,0,0)
(0,0,0)
(0,0,0)
(0,0,0)
(0,0,0)
(0,0,0)
(0,0,0)
(0,0,0)
(0,0,0)
(0,0,0)
(0,0,0)
(0,0,0)
(0,0,0)
(0,0,0)
(0,0,0)
(0,0,0)
(0,0,0)
(0,0,0)
(0,0,0)
(0,0,0)
(0,0,0)
(0,0,0)
(0,0,0)
(0,0,0)
(0,0,0)
(0,0,0)
(0,0,0)
(0,0,0)
(0,0,0)
(0,0,0)
(0,0,0)
(0,0,0)
(0,0,0)
(0,0,0)
(0,0,0)
(-72264.5580155384,1636.00761151295,1154.86387053622)
(-73038.2383292024,1463.17805596532,1934.52863371493)
(-74439.4347179104,1100.40101230165,1689.95685280147)
(-76432.6423080885,448.602351324695,-465.322320791868)
(-78879.0388752869,-552.649662952418,-5871.7265707166)
(-81483.259744525,-1830.34048042115,-16501.8552860166)
(-83491.1002736713,-2737.59230622886,-35482.2262616359)
(-82892.4767995837,-1145.39971125469,-67190.4974535949)
(-73231.8340883537,407.978849811311,-109237.270855035)
(-45999.2889182502,545.165026543037,-145544.779851864)
(0,0,0)
(0,0,0)
(0,0,0)
(0,0,0)
(0,0,0)
(0,0,0)
(-73408.3106370906,2905.39931405241,975.538124849637)
(-74014.2816729751,2575.69165666792,1539.76806985052)
(-75023.0312037631,1891.33671649921,1018.23647465017)
(-76193.3591027158,637.346342522945,-1495.47404546119)
(-77077.9141193551,-1502.11339891249,-7193.39446733749)
(-77102.6589496955,-4859.24177111694,-17430.2202555572)
(-76172.2369321753,-8514.60068876033,-33926.0818291353)
(-75925.2214550383,-1873.12887413719,-65687.5069619418)
(-68963.4210120951,2766.04478535329,-109169.598643706)
(-44144.2335654325,2075.13539459224,-146183.713951982)
(0,0,0)
(0,0,0)
(0,0,0)
(0,0,0)
(0,0,0)
(0,0,0)
(-75712.0272352887,3166.38983183015,657.083928633056)
(-76020.6219195486,2769.50866609328,823.504452559463)
(-76261.0046655153,1912.77668758881,-264.42406808493)
(-75750.8271754591,309.966947432273,-3667.73250271761)
(-73137.6818294918,-2712.56424795326,-10611.2307801693)
(-66287.3960139593,-8984.89296607704,-21156.677682411)
(-54583.9881730987,-23818.6113595495,-27318.7626168087)
(-55456.4468374477,3498.11046457946,-61103.0104896955)
(-58004.0916021938,13226.4579311827,-109936.567432747)
(-39825.9149740365,6218.45938869958,-148384.367758079)
(0,0,0)
(0,0,0)
(0,0,0)
(0,0,0)
(0,0,0)
(0,0,0)
(-79204.0093878963,1382.34303736496,278.763651767604)
(-79136.071682968,1037.72422205111,-36.3737730142553)
(-78379.576190973,308.084166453768,-1883.1028319433)
(-75608.8117837361,-901.841148595238,-6731.31013504376)
(-67802.6454938529,-2674.46860912789,-16955.1157438783)
(-47974.7685892008,-4245.73673277435,-36057.1959964951)
(-2.05297843976032e-05,-4.26480068680363e-06,-2.72605598518504e-06)
(-450.303899021848,42.0292999213199,-51420.2002396142)
(-35756.3635753317,51510.4465276358,-116992.673897281)
(-32518.9422501809,13192.7928100832,-154686.65440441)
(0,0,0)
(0,0,0)
(0,0,0)
(0,0,0)
(0,0,0)
(0,0,0)
(-83773.5684329194,-4131.64624918038,-54.9571457134336)
(-83336.1098310694,-4328.80957570424,-760.443043905513)
(-81701.842429085,-4669.44588723036,-3118.62231476798)
(-77132.0664135174,-5003.82290552459,-8567.01410599428)
(-66031.8921039759,-5011.39925917132,-18648.6352399872)
(-42175.0486259771,-3832.71071574671,-31935.9547905633)
(2.22882230402863e-06,-1.53120118899987e-06,-3.94855671268513e-06)
(-4.80359306906189e-05,-2.39319063984101e-06,-8.47683951972139e-06)
(-890.578816409111,-63.6158481574645,-155335.778900125)
(-24068.4734524226,1784.73576577464,-167909.275077784)
(0,0,0)
(0,0,0)
(0,0,0)
(0,0,0)
(0,0,0)
(0,0,0)
(-88870.4598462066,-15842.1337129989,-240.652900004071)
(-88180.111950801,-15844.5754006366,-1112.56205639446)
(-85989.6108523104,-15702.5092135732,-3516.42031559815)
(-80393.4318134964,-14987.5223316338,-8678.94027734743)
(-67611.0291957998,-12919.1134542993,-17637.4994003145)
(-41881.3081656455,-8192.66712639567,-28287.518395684)
(-7.68034649534799e-07,-3.16236355977168e-06,-2.56210253527252e-12)
(-3.31674755583294e-05,-2.90317748406471e-06,-7.32211131332505e-06)
(-859.847849867107,-73.0284691110728,-153450.421782543)
(-22567.4034422353,-5297.4476514803,-169642.852075815)
(0,0,0)
(0,0,0)
(0,0,0)
(0,0,0)
(0,0,0)
(0,0,0)
(-92763.3694123905,-36875.1079054965,-263.406228206841)
(-91993.3418558941,-36727.0582102489,-1017.41309185556)
(-89665.4971663982,-36222.2838985457,-2901.81743745759)
(-83881.9194936352,-34638.5980484782,-6735.7690795377)
(-70794.0828578796,-30443.3964734858,-13090.4951498789)
(-44258.6519346267,-20383.8035831044,-20311.0660889056)
(-5.3349080711344e-06,-5.70346112476431e-06,-3.02840051193913e-12)
(-5.73366762204861e-05,-4.19259822470496e-06,-1.29574120442161e-05)
(-1041.53238237348,-71130.5946189738,-158611.48654011)
(-23983.3519008678,-24947.0607326333,-164296.786771051)
(0,0,0)
(0,0,0)
(0,0,0)
(0,0,0)
(0,0,0)
(0,0,0)
(-91782.3424788175,-69607.9508540361,-149.247550940648)
(-91086.2501591954,-69446.735782084,-537.355686644033)
(-89063.464718101,-68930.6056907709,-1377.94117302469)
(-84070.3763802459,-67338.9819366171,-2611.03087826159)
(-72548.9490106148,-62746.3561378101,-3188.90096017353)
(-47689.0632405172,-48810.0387845955,-161.580117450988)
(-7.29645671398451e-05,-1.55758086966147e-05,-3.53846365399714e-06)
(-632.323044921965,-71007.2210140958,-70935.116611995)
(-33174.0873953824,-60939.1798304095,-112319.423582766)
(-30447.89665263,-32064.4224268074,-139300.770205703)
(0,0,0)
(0,0,0)
(0,0,0)
(0,0,0)
(0,0,0)
(0,0,0)
(-79732.3383279761,-111545.890948756,14.0398616020134)
(-79238.4710440642,-111486.694176595,11.9603277796925)
(-77863.9170015676,-111383.438657605,233.514002067995)
(-74516.8305890516,-111268.299866028,1982.07905894218)
(-66848.9419355055,-111941.957726066,10669.9383910703)
(-49223.3628679374,-118759.117382092,48519.1472863859)
(-970.247169592679,-161100.328453109,-70844.3423205275)
(-33956.0594924518,-112580.662498805,-60747.7573105637)
(-43076.5861675234,-83355.3240983028,-83360.6713167479)
(-30906.6802327774,-46139.6334659459,-107143.789606996)
(0,0,0)
(0,0,0)
(0,0,0)
(0,0,0)
(0,0,0)
(0,0,0)
(-49333.3658862603,-147587.12683234,54.5503173891918)
(-49094.8343993866,-147604.517017999,146.115865595409)
(-48442.1370522225,-147762.412873287,430.209067511062)
(-46892.0364931274,-148280.471717424,1397.01284620703)
(-43619.698997336,-149810.962177142,3905.33572992847)
(-37431.4781699773,-153847.444062522,6212.74587786432)
(-27941.2689916981,-160198.147176344,-22246.722490971)
(-31729.7995477795,-138053.876145785,-31450.2050791791)
(-31216.6097478425,-106728.270308174,-46051.5301613715)
(-20851.5916026591,-60808.5584692176,-60893.8863878602)
(0,0,0)
(0,0,0)
(0,0,0)
(0,0,0)
(0,0,0)
(0,0,0)
(0,0,0)
(0,0,0)
(0,0,0)
(0,0,0)
(0,0,0)
(0,0,0)
(0,0,0)
(0,0,0)
(0,0,0)
(0,0,0)
(0,0,0)
(0,0,0)
(0,0,0)
(0,0,0)
(0,0,0)
(0,0,0)
(0,0,0)
(0,0,0)
(0,0,0)
(0,0,0)
(0,0,0)
(0,0,0)
(0,0,0)
(0,0,0)
(0,0,0)
(0,0,0)
(0,0,0)
(0,0,0)
(0,0,0)
(0,0,0)
(0,0,0)
(0,0,0)
(0,0,0)
(0,0,0)
(0,0,0)
(0,0,0)
(0,0,0)
(0,0,0)
(0,0,0)
(0,0,0)
(0,0,0)
(0,0,0)
(0,0,0)
(0,0,0)
(0,0,0)
(0,0,0)
(0,0,0)
(0,0,0)
(0,0,0)
(0,0,0)
(0,0,0)
(0,0,0)
(0,0,0)
(0,0,0)
(0,0,0)
(0,0,0)
(0,0,0)
(0,0,0)
(0,0,0)
(0,0,0)
(0,0,0)
(0,0,0)
(0,0,0)
(0,0,0)
(0,0,0)
(0,0,0)
(0,0,0)
(0,0,0)
(0,0,0)
(0,0,0)
(0,0,0)
(0,0,0)
(0,0,0)
(0,0,0)
(0,0,0)
(0,0,0)
(0,0,0)
(0,0,0)
(0,0,0)
(0,0,0)
(0,0,0)
(0,0,0)
(0,0,0)
(0,0,0)
(0,0,0)
(0,0,0)
(0,0,0)
(0,0,0)
(0,0,0)
(0,0,0)
(0,0,0)
(0,0,0)
(0,0,0)
(0,0,0)
(0,0,0)
(0,0,0)
(-73423.9936275554,655.748208687817,503.687403329144)
(-73738.1750949449,641.938587130118,561.685581941626)
(-74243.3545416954,680.493144013745,-314.887738287093)
(-74713.5774084533,841.205088704527,-2875.15772662677)
(-74839.6818205885,1367.90684007142,-8282.42162139668)
(-74120.7519642987,2595.75420140518,-18240.6836030281)
(-71672.3066582622,4566.85307368036,-34626.3302921174)
(-66091.4593431875,5794.51673154293,-57221.8644800566)
(-53470.9143863047,4662.46428155118,-81645.2484636568)
(-30895.3425278672,2393.12896556828,-99142.3238196082)
(0,0,0)
(0,0,0)
(0,0,0)
(0,0,0)
(0,0,0)
(0,0,0)
(-74039.9667043416,792.057143841449,495.347132097486)
(-74231.3853224031,770.195818063057,584.193550592547)
(-74451.3725720741,849.59474833116,-156.566685413856)
(-74382.8381144313,1250.06227224603,-2375.94485723991)
(-73546.4510588378,2566.70726438414,-7106.20834206985)
(-71315.1507453939,5987.08963349358,-16285.0519784599)
(-67475.1383503431,12991.2202067407,-33406.5176933525)
(-63684.4335328434,18516.9139487747,-58369.7028327793)
(-52390.0567918074,13677.1408424083,-83957.7436139242)
(-30466.9998587602,6372.8849962282,-101614.733351256)
(0,0,0)
(0,0,0)
(0,0,0)
(0,0,0)
(0,0,0)
(0,0,0)
(-75202.4809086856,-207.533592625127,490.044409863566)
(-75204.0787533456,-228.508099840428,672.20516156419)
(-74907.5896502122,-96.3718973944841,264.756791986748)
(-73715.5300743182,552.926828975426,-1073.40486588358)
(-70613.6302417467,2708.81214318115,-3739.5613324257)
(-64010.1071466107,9309.79576339853,-9339.55632967919)
(-53542.8418737046,30495.7466044905,-27885.2290268231)
(-59956.3754992291,58356.2584124166,-63224.6448286836)
(-51671.879598275,35408.9397596757,-91288.6557498698)
(-30182.9842538951,13500.7106777632,-108059.412151546)
(0,0,0)
(0,0,0)
(0,0,0)
(0,0,0)
(0,0,0)
(0,0,0)
(-76736.9267037784,-3180.34581206248,505.729535319412)
(-76496.5286465815,-3195.49846762048,833.176866712944)
(-75535.7691224999,-3029.59168996603,922.589590811445)
(-72812.6925192814,-2371.42321881776,1050.82037414993)
(-66049.2799784945,-801.59422288182,2807.86122485443)
(-49275.7768990059,1625.62493070221,11793.0403673558)
(-1.25494120361129e-05,1.85831706249265e-06,-8.90927692086064e-06)
(-69489.7829788819,214.443751848634,-86174.7628209087)
(-59648.6121823869,86314.7338494843,-113188.308303662)
(-32255.679297842,21626.5218953815,-121577.382473619)
(0,0,0)
(0,0,0)
(0,0,0)
(0,0,0)
(0,0,0)
(0,0,0)
(-78258.311587624,-9240.99219063112,545.389533273305)
(-77790.9785699918,-9218.59378641152,1023.35359098684)
(-76262.1641288098,-8976.08261710187,1530.16621784751)
(-72301.2671431604,-8199.98765731169,2527.93138598446)
(-62944.258020142,-6474.14477970896,5112.84785897773)
(-42062.6621175578,-3460.65647221577,10086.7427534763)
(3.75663899290617e-06,-4.10660899015721e-07,1.00555731415576e-06)
(-3.12651554498307e-05,9.41005813879869e-07,-1.6768074064411e-05)
(-108911.182342283,-4.73186805341758,-177824.278381927)
(-40414.9521397523,3299.93680631949,-143151.214605535)
(0,0,0)
(0,0,0)
(0,0,0)
(0,0,0)
(0,0,0)
(0,0,0)
(-78996.6106004391,-19713.0797937987,598.238357400105)
(-78393.5349298063,-19645.3210195991,1238.3885695928)
(-76587.5398333844,-19339.5948943966,2199.82982796155)
(-72137.6163416099,-18383.9534951398,4127.98019390315)
(-61968.5307355964,-15964.1281804439,7975.46513443471)
(-40288.6668492643,-10453.7871238827,13375.9544697204)
(2.98022912056498e-07,-8.72180526626085e-07,1.82467967028204e-13)
(-2.26041109458994e-05,2.07303076270823e-06,-1.16953893787904e-05)
(-103116.481136366,-173.94475882642,-174449.485462009)
(-40708.8111351659,-6658.04993411492,-146350.091028644)
(0,0,0)
(0,0,0)
(0,0,0)
(0,0,0)
(0,0,0)
(0,0,0)
(-77370.7881639575,-35741.6072607704,635.946218538726)
(-76781.4292938114,-35694.1525252693,1472.86516212615)
(-75073.2920097565,-35488.2999550579,3029.36506614571)
(-70977.3503036252,-34662.4557106991,6403.29809169504)
(-61708.8247638109,-31980.9949141825,13334.906731365)
(-41441.5447682249,-23594.4833795961,23658.4958206766)
(-2.88520625797207e-06,-2.04729103699915e-06,-2.29965494054447e-13)
(-3.15990856457323e-05,-6.5412513905531e-06,-1.71233086514579e-05)
(-112881.539657692,-102985.531881721,-180856.211000303)
(-40594.4024349654,-31271.1664675531,-139632.043932767)
(0,0,0)
(0,0,0)
(0,0,0)
(0,0,0)
(0,0,0)
(0,0,0)
(-71005.4360277052,-57166.7095776937,648.195865811139)
(-70545.9739054282,-57244.2605286824,1658.02761545711)
(-69287.7281337954,-57401.9359414378,3795.92701753135)
(-66440.6047576991,-57480.3014587742,8984.0011430596)
(-60424.8925702305,-56706.1924363143,21585.1422248071)
(-46927.7574499425,-49873.4832660624,47102.8363206987)
(-4.15121296525458e-05,-2.45463259571994e-05,-6.39691590753235e-06)
(-82839.5421293719,-103771.093797851,-102898.643379164)
(-59481.987513241,-70517.7339781914,-109058.541164835)
(-30117.3856127487,-32357.6527769422,-108302.565895327)
(0,0,0)
(0,0,0)
(0,0,0)
(0,0,0)
(0,0,0)
(0,0,0)
(-56870.4331040021,-80592.7632871324,564.148485464483)
(-56608.4382342634,-80838.5537710718,1528.40891805305)
(-55928.4413505174,-81538.080505251,3729.07783081605)
(-54694.2651898255,-83283.2836889863,9709.49466180182)
(-53803.6709612053,-88332.8455764478,28290.8768276351)
(-61018.6478035346,-106512.674292585,96725.3527897543)
(-125932.714781902,-187503.036585145,-103601.167377553)
(-61902.4935532453,-109875.759044276,-69550.0680703342)
(-41174.4784109638,-71151.6667980027,-70818.2430070824)
(-22327.253457302,-35906.0991698987,-75849.2233896013)
(0,0,0)
(0,0,0)
(0,0,0)
(0,0,0)
(0,0,0)
(0,0,0)
(-32608.9857909307,-97646.131990049,328.988607587095)
(-32502.9617039895,-97984.7792578346,883.341398952819)
(-32225.6646843608,-98920.099816491,2048.88834233119)
(-31761.5306821714,-101050.021509389,4685.12035177782)
(-31541.0686820006,-105818.459720353,10092.1041803475)
(-33594.2461930198,-115964.832688519,15707.0305993246)
(-42062.1418023201,-131738.213800683,-25936.9193745153)
(-30928.4828037851,-105843.161562719,-30770.8336000664)
(-22496.8074310941,-75161.5956476997,-35480.7070671178)
(-12599.213236824,-39793.2132992219,-39845.9713036296)
(0,0,0)
(0,0,0)
(0,0,0)
(0,0,0)
(0,0,0)
(0,0,0)
(0,0,0)
(0,0,0)
(0,0,0)
(0,0,0)
(0,0,0)
(0,0,0)
(0,0,0)
(0,0,0)
(0,0,0)
(0,0,0)
(0,0,0)
(0,0,0)
(0,0,0)
(0,0,0)
(0,0,0)
(0,0,0)
(0,0,0)
(0,0,0)
(0,0,0)
(0,0,0)
(0,0,0)
(0,0,0)
(0,0,0)
(0,0,0)
(0,0,0)
(0,0,0)
(0,0,0)
(0,0,0)
(0,0,0)
(0,0,0)
(0,0,0)
(0,0,0)
(0,0,0)
(0,0,0)
(0,0,0)
(0,0,0)
(0,0,0)
(0,0,0)
(0,0,0)
(0,0,0)
(0,0,0)
(0,0,0)
(0,0,0)
(0,0,0)
(0,0,0)
(0,0,0)
(0,0,0)
(0,0,0)
(0,0,0)
(0,0,0)
(0,0,0)
(0,0,0)
(0,0,0)
(0,0,0)
(0,0,0)
(0,0,0)
(0,0,0)
(0,0,0)
(0,0,0)
(0,0,0)
(0,0,0)
(0,0,0)
(0,0,0)
(0,0,0)
(0,0,0)
(0,0,0)
(0,0,0)
(0,0,0)
(0,0,0)
(0,0,0)
(0,0,0)
(0,0,0)
(0,0,0)
(0,0,0)
(0,0,0)
(0,0,0)
(0,0,0)
(0,0,0)
(0,0,0)
(0,0,0)
(0,0,0)
(0,0,0)
(0,0,0)
(0,0,0)
(0,0,0)
(0,0,0)
(0,0,0)
(0,0,0)
(0,0,0)
(0,0,0)
(0,0,0)
(0,0,0)
(0,0,0)
(0,0,0)
(0,0,0)
(0,0,0)
(-73738.7017381432,119.634977890569,195.073132697286)
(-73827.4035242174,202.84797389665,81.4535880730233)
(-73924.1655516829,490.419075209872,-728.154477149367)
(-73785.7967320338,1185.4328673263,-2841.36802089527)
(-73100.4987103789,2688.36471818667,-7268.91584929149)
(-71269.7548996096,5385.76702688898,-15505.6799408696)
(-67101.6287529674,8711.64921351968,-28788.0070596843)
(-58759.3148598977,8178.82427380974,-44298.9758167839)
(-44735.4834401659,5763.18481461997,-58797.5915775427)
(-24526.9720155411,2831.40234912011,-67997.3644389889)
(0,0,0)
(0,0,0)
(0,0,0)
(0,0,0)
(0,0,0)
(0,0,0)
(-73999.9769139881,-229.107527909308,308.752715446245)
(-74057.7051403724,-49.7385994394817,387.659106751582)
(-74076.4130245119,524.378720428521,-21.2600860293235)
(-73851.9015070532,2007.89548376434,-1374.65930984541)
(-73153.3589379656,5551.87117139762,-4631.25788392857)
(-71618.8359377003,13262.1018191519,-12203.907483885)
(-68426.713637939,26799.7916972675,-29340.4746800369)
(-60257.0302629087,22146.9293523839,-46735.9830285457)
(-45914.312093345,14329.6323330204,-61778.1752454085)
(-25122.7587172043,6617.73590336671,-70908.7499412111)
(0,0,0)
(0,0,0)
(0,0,0)
(0,0,0)
(0,0,0)
(0,0,0)
(-74378.9025360986,-1580.46553558008,527.779635083763)
(-74402.8986877266,-1345.18667093259,1022.04764095779)
(-74317.0980474706,-560.227165317956,1516.16192396263)
(-73926.2072467807,1589.80122759078,2144.9333525987)
(-73248.6113600474,7330.48462825748,3001.30101403955)
(-72974.7169951933,23982.4363813976,1245.57630037632)
(-75246.3016991389,83784.5205328027,-34035.6927097246)
(-65982.0416847185,48700.3228767187,-54563.42004857)
(-49764.629816615,27342.7853850367,-69483.8228822464)
(-26873.0197649078,11376.021699099,-77552.073166966)
(0,0,0)
(0,0,0)
(0,0,0)
(0,0,0)
(0,0,0)
(0,0,0)
(-74550.605074885,-4585.14545405325,818.358289579749)
(-74526.8375164415,-4367.48674035908,1870.96722886622)
(-74304.498395176,-3619.41999350411,3698.88932972853)
(-73681.6208749234,-1704.17718551901,7861.7960984803)
(-72880.1933719692,2431.31096579958,19591.8831544129)
(-75558.6674212222,8923.22612491519,60933.9839331116)
(-111344.606276589,245.53037995437,-69201.086541115)
(-83672.2756338312,69611.3225187832,-75929.5935282303)
(-59808.5802604528,36977.300416906,-85404.1404820335)
(-30801.8490124957,13418.7971635405,-88900.7462318213)
(0,0,0)
(0,0,0)
(0,0,0)
(0,0,0)
(0,0,0)
(0,0,0)
(-74015.5887619665,-9913.50994312381,1085.641663413)
(-73946.5446467681,-9760.85490375451,2634.57590358471)
(-73587.4955169498,-9213.52087127832,5554.00816949889)
(-72468.7471477591,-7891.1837125346,11908.4947011132)
(-69241.5666246283,-5344.33222653523,25981.4464979342)
(-57668.8580578653,-1612.78013685843,52123.6487000153)
(-2.05872204832524e-05,7.00674803481076e-06,1.93790568615301e-05)
(-110935.482199034,-100.687588725962,-108547.773733326)
(-77295.9667837699,5717.49632452285,-108903.185199456)
(-36602.2680877007,2956.22915759833,-102253.301245565)
(0,0,0)
(0,0,0)
(0,0,0)
(0,0,0)
(0,0,0)
(0,0,0)
(-72080.1549641205,-18088.3695654912,1258.40398604877)
(-71993.0534675792,-18028.3202516848,3125.38787175214)
(-71631.9190538115,-17779.3786206733,6735.62484157419)
(-70491.2038199734,-17127.7938666289,14325.8224740321)
(-66989.3050596142,-15593.2513453463,29595.5159168609)
(-54308.563101876,-11537.21528231,53539.8473149241)
(-1.68427732529029e-05,1.29461712292849e-05,1.3441242283892e-05)
(-104211.859671371,-138.970177219004,-102669.567305596)
(-78542.5061610544,-9940.350865685,-111585.6950907)
(-37691.2319499342,-6523.15605827404,-105123.889060059)
(0,0,0)
(0,0,0)
(0,0,0)
(0,0,0)
(0,0,0)
(0,0,0)
(-67467.9289499205,-29285.0856910147,1293.85691148646)
(-67433.9617545916,-29368.2650671338,3286.33418771565)
(-67239.8305051028,-29569.229233442,7242.72329583062)
(-66623.1124888171,-29959.2256939159,15719.9173083095)
(-64592.9706925664,-30528.4557004173,33539.2675921359)
(-55383.5019620421,-28950.0700853721,64894.0795890152)
(-2.59410989057724e-05,2.14155159108811e-05,1.75845283469266e-05)
(-114692.186015502,-82606.5183138237,-112382.611495642)
(-77664.5991886982,-49440.1693237598,-108099.733506561)
(-35971.2904592509,-20706.3092581389,-98539.6922824105)
(0,0,0)
(0,0,0)
(0,0,0)
(0,0,0)
(0,0,0)
(0,0,0)
(-58733.3341591683,-42744.5090359806,1187.32147642888)
(-58765.4459717458,-43014.0456917235,3052.57416733616)
(-58845.0178591772,-43743.0505456671,6783.68520494311)
(-59226.096823988,-45448.2474849369,15058.1990622531)
(-61117.4898443332,-49818.0522704343,35040.3929063728)
(-70964.7876769066,-63704.6384040542,93831.9914520187)
(-128124.685709382,-125673.556784208,-82565.8194784058)
(-86305.1088570551,-82554.3497479816,-79152.4213165647)
(-56786.5458836356,-52002.7230784497,-79285.3091914802)
(-27897.9856151657,-24452.5741390187,-77758.4443081833)
(0,0,0)
(0,0,0)
(0,0,0)
(0,0,0)
(0,0,0)
(0,0,0)
(-44552.5975113806,-55975.7194418621,913.374813260057)
(-44626.6236458906,-56417.8909915034,2335.40552466718)
(-44846.9045781103,-57566.47430511,5077.29251170292)
(-45600.9150786952,-60108.8127084596,10644.5076240954)
(-48205.796617381,-65835.1747974082,21063.7558072449)
(-56595.7255419288,-78841.0175110334,31777.2126526184)
(-77049.2638194819,-103339.044123087,-39440.7509709235)
(-56745.0681560146,-78593.1192513436,-48559.4068647921)
(-37845.3063593762,-52229.9453184418,-51661.3566763876)
(-19186.2446708661,-26049.4400615894,-53205.4995402528)
(0,0,0)
(0,0,0)
(0,0,0)
(0,0,0)
(0,0,0)
(0,0,0)
(-24379.0705544312,-64703.7726833092,498.138004947502)
(-24440.1293123056,-65226.0089263178,1243.42354807809)
(-24605.9640962811,-66519.7310173844,2576.97967227278)
(-25070.744004587,-69141.0009603627,4918.38124659141)
(-26377.4774559962,-74095.1620607287,8014.77728390755)
(-29530.9512661621,-82115.2547713428,7225.71961735923)
(-34097.0251501624,-89340.3629198326,-14738.0782380525)
(-27499.6259025749,-74569.0440420312,-22191.0103485751)
(-19105.8891965845,-52404.3740532424,-25407.4998482841)
(-9913.61275516651,-27065.1756206667,-27077.3647708643)
(0,0,0)
(0,0,0)
(0,0,0)
(0,0,0)
(0,0,0)
(0,0,0)
(0,0,0)
(0,0,0)
(0,0,0)
(0,0,0)
(0,0,0)
(0,0,0)
(0,0,0)
(0,0,0)
(0,0,0)
(0,0,0)
(0,0,0)
(0,0,0)
(0,0,0)
(0,0,0)
(0,0,0)
(0,0,0)
(0,0,0)
(0,0,0)
(0,0,0)
(0,0,0)
(0,0,0)
(0,0,0)
(0,0,0)
(0,0,0)
(0,0,0)
(0,0,0)
(0,0,0)
(0,0,0)
(0,0,0)
(0,0,0)
(0,0,0)
(0,0,0)
(0,0,0)
(0,0,0)
(0,0,0)
(0,0,0)
(0,0,0)
(0,0,0)
(0,0,0)
(0,0,0)
(0,0,0)
(0,0,0)
(0,0,0)
(0,0,0)
(0,0,0)
(0,0,0)
(0,0,0)
(0,0,0)
(0,0,0)
(0,0,0)
(0,0,0)
(0,0,0)
(0,0,0)
(0,0,0)
(0,0,0)
(0,0,0)
(0,0,0)
(0,0,0)
(0,0,0)
(0,0,0)
(0,0,0)
(0,0,0)
(0,0,0)
(0,0,0)
(0,0,0)
(0,0,0)
(0,0,0)
(0,0,0)
(0,0,0)
(0,0,0)
(0,0,0)
(0,0,0)
(0,0,0)
(0,0,0)
(0,0,0)
(0,0,0)
(0,0,0)
(0,0,0)
(0,0,0)
(0,0,0)
(0,0,0)
(0,0,0)
(0,0,0)
(0,0,0)
(0,0,0)
(0,0,0)
(0,0,0)
(0,0,0)
(0,0,0)
(0,0,0)
(0,0,0)
(0,0,0)
(0,0,0)
(0,0,0)
(0,0,0)
(0,0,0)
(-73766.5035883424,-65.8580466397474,93.6598968389742)
(-73789.8089997742,39.5139408141481,16.5514315817292)
(-73739.7516450057,367.189653999402,-535.052129094852)
(-73449.5279657498,1128.28590147702,-1999.60679685584)
(-72568.9808029273,2637.4753913259,-5168.60009563339)
(-70357.8840575916,4998.30893750431,-11078.7798751557)
(-65281.0081611361,7326.09220566876,-20225.4926726557)
(-55619.4179308535,6635.5407425516,-30000.9303442514)
(-40941.0953464489,4565.64552106024,-38360.9639590286)
(-21815.3826892384,2240.74966342969,-43313.3029487611)
(0,0,0)
(0,0,0)
(0,0,0)
(0,0,0)
(0,0,0)
(0,0,0)
(-73841.5259760421,-474.338375621026,250.029391035342)
(-73903.7591347207,-252.77660511218,388.373931310071)
(-73973.5745199334,413.989775616625,238.73530511427)
(-73953.261288803,2009.95404193169,-541.573053590576)
(-73667.4953809678,5467.93978919037,-2857.90100845279)
(-72533.308342993,11831.4370523809,-8776.55671803663)
(-68750.4099636043,19825.7433557809,-20952.5115424835)
(-58771.4580578464,16297.0420802153,-32099.5850852095)
(-43117.3299889107,10395.5695343421,-40726.4912029256)
(-22877.1296950945,4850.07244460024,-45581.4430062059)
(0,0,0)
(0,0,0)
(0,0,0)
(0,0,0)
(0,0,0)
(0,0,0)
(-73741.0099317464,-1642.26744289796,530.036462924757)
(-73908.1713707185,-1349.41048152625,1131.94302233085)
(-74248.9599507119,-421.752279096901,1899.54698028569)
(-74846.4121498872,1939.32347241692,2890.38245290702)
(-76056.2246549815,7723.40852980264,3442.52700722885)
(-78142.4412353357,21304.7824629645,-863.094163212302)
(-79235.8730541773,47491.677843352,-24539.4572957451)
(-67080.2894488909,30872.2777005745,-38016.445151932)
(-48312.436595375,17199.6070897606,-46272.6759285904)
(-25267.9886232394,7402.0756541448,-50429.7102798034)
(0,0,0)
(0,0,0)
(0,0,0)
(0,0,0)
(0,0,0)
(0,0,0)
(-73092.6760203786,-3984.50487283706,884.308375432797)
(-73400.6019594431,-3705.16015124358,2113.82248815182)
(-74116.6703995488,-2793.42293660313,4297.66515003085)
(-75716.0392288293,-381.271629821938,8652.67860617562)
(-79622.819429901,6149.16975634625,16969.5434375638)
(-89315.6101107166,26805.4844252861,25225.7841647366)
(-108854.948156892,111453.826099553,-41226.0222111604)
(-84560.9057946466,42222.0504948967,-51687.1648446671)
(-57625.11404575,19364.2389163464,-56035.2628859557)
(-29164.55100907,7529.37091050129,-57799.8561457379)
(0,0,0)
(0,0,0)
(0,0,0)
(0,0,0)
(0,0,0)
(0,0,0)
(-71387.6391301702,-7819.16434787389,1206.70984324056)
(-71823.9209076487,-7654.86380353223,3033.78975640982)
(-72926.5652447259,-7096.86663104018,6676.303178623)
(-75556.9732904016,-5743.39052769129,15126.6482191347)
(-82585.6609293253,-2943.53906928891,37563.4513494669)
(-104874.836623525,1778.26378459779,109796.650555815)
(-193668.649006089,-206.429974002168,-110510.672741098)
(-111175.129493323,6487.56307840903,-74536.5380303215)
(-68972.2948405278,4346.44632751353,-67842.4173847309)
(-33391.5370511095,1775.2119338758,-65298.9894446966)
(0,0,0)
(0,0,0)
(0,0,0)
(0,0,0)
(0,0,0)
(0,0,0)
(-67946.3218133569,-13344.1440583743,1391.14655973683)
(-68471.1349767462,-13333.2781308112,3547.64239618285)
(-69838.4525933541,-13256.106189694,7913.41549437938)
(-73044.1432562067,-13117.4948289507,17840.459231872)
(-81262.9920125589,-13075.7252136282,42246.332329156)
(-105478.762103902,-12578.1140845019,107772.909200281)
(-189583.151564527,-289.818950986461,-103785.781865406)
(-114186.343975642,-10701.3373208601,-76622.3971618659)
(-71371.4850060545,-9097.31919731531,-70349.6527920371)
(-34418.4689198669,-4832.47059685908,-67014.7332913695)
(0,0,0)
(0,0,0)
(0,0,0)
(0,0,0)
(0,0,0)
(0,0,0)
(-61792.1151456879,-20406.9448635231,1386.98700091625)
(-62363.500746018,-20573.4615296141,3556.70939114549)
(-63822.6176680029,-21052.2824086408,7935.67277299231)
(-67191.4227715244,-22413.311758987,17799.799985736)
(-75666.1415829242,-26903.4168161756,42700.6624786413)
(-100912.365176037,-44369.1380949431,120020.549703077)
(-197026.133948767,-127738.759959043,-114165.243928684)
(-110504.18306276,-54079.5084682281,-74975.0757340575)
(-67198.7850517726,-28506.8076020275,-66031.4014662709)
(-32080.586443873,-12618.5056563881,-62136.0704221197)
(0,0,0)
(0,0,0)
(0,0,0)
(0,0,0)
(0,0,0)
(0,0,0)
(-52055.3015651845,-28279.9276795774,1194.95022207052)
(-52569.1192666304,-28610.9369359206,3036.09892326166)
(-53880.5328307988,-29490.765053419,6510.09653966138)
(-56792.6577914636,-31583.7448253358,13247.0905734857)
(-63263.7862310237,-36685.2447774623,25175.214921463)
(-77657.4140536298,-49130.1112525844,36628.8144558275)
(-104353.193808426,-74381.2395332032,-40500.1978709685)
(-78664.7827589076,-52852.6221916626,-49367.4102456815)
(-51579.4377834358,-32986.1545377303,-50095.1714101785)
(-25405.3828415812,-15716.6527496928,-49489.6270904583)
(0,0,0)
(0,0,0)
(0,0,0)
(0,0,0)
(0,0,0)
(0,0,0)
(-38168.9956678648,-35529.3031988573,865.773675764126)
(-38545.8821068631,-35979.0182262593,2153.11342707529)
(-39513.0877652776,-37074.8941267983,4403.42568762181)
(-41556.0128661833,-39346.4933511869,8121.272000961)
(-45625.1249337847,-43812.6376244669,12667.9931643694)
(-52823.8705680705,-51570.398374061,11336.4253119877)
(-60936.4429226178,-60162.6731209647,-18994.961997115)
(-49962.0927615481,-49144.7749342522,-29485.7846489919)
(-34187.2158114349,-33349.9165238988,-32780.1132107648)
(-17249.4167846688,-16708.0283630723,-33725.5654835825)
(0,0,0)
(0,0,0)
(0,0,0)
(0,0,0)
(0,0,0)
(0,0,0)
(-20306.4131594857,-40054.9213219584,452.960728155619)
(-20511.9767236365,-40555.8502391886,1101.64015241578)
(-21025.5089885743,-41706.8939469921,2153.18486490288)
(-22045.239982334,-43870.3076940663,3651.49518552931)
(-23878.9912996228,-47515.8616205017,4856.23302519068)
(-26595.2081145274,-52330.4593668379,2680.55086633299)
(-28560.7400958073,-54964.0970336946,-8054.31027529209)
(-24173.1504670666,-46824.0606387626,-13701.5000062899)
(-16960.8539860759,-33107.2200778475,-16089.2316628497)
(-8690.22197494573,-17033.2826214063,-16987.3681847366)
(0,0,0)
(0,0,0)
(0,0,0)
(0,0,0)
(0,0,0)
(0,0,0)
(0,0,0)
(0,0,0)
(0,0,0)
(0,0,0)
(0,0,0)
(0,0,0)
(0,0,0)
(0,0,0)
(0,0,0)
(0,0,0)
(0,0,0)
(0,0,0)
(0,0,0)
(0,0,0)
(0,0,0)
(0,0,0)
(0,0,0)
(0,0,0)
(0,0,0)
(0,0,0)
(0,0,0)
(0,0,0)
(0,0,0)
(0,0,0)
(0,0,0)
(0,0,0)
(0,0,0)
(0,0,0)
(0,0,0)
(0,0,0)
(0,0,0)
(0,0,0)
(0,0,0)
(0,0,0)
(0,0,0)
(0,0,0)
(0,0,0)
(0,0,0)
(0,0,0)
(0,0,0)
(0,0,0)
(0,0,0)
(0,0,0)
(0,0,0)
(0,0,0)
(0,0,0)
(0,0,0)
(0,0,0)
(0,0,0)
(0,0,0)
(0,0,0)
(0,0,0)
(0,0,0)
(0,0,0)
(0,0,0)
(0,0,0)
(0,0,0)
(0,0,0)
(0,0,0)
(0,0,0)
(0,0,0)
(0,0,0)
(0,0,0)
(0,0,0)
(0,0,0)
(0,0,0)
(0,0,0)
(0,0,0)
(0,0,0)
(0,0,0)
(0,0,0)
(0,0,0)
(0,0,0)
(0,0,0)
(0,0,0)
(0,0,0)
(0,0,0)
(0,0,0)
(0,0,0)
(0,0,0)
(0,0,0)
(0,0,0)
(0,0,0)
(0,0,0)
(0,0,0)
(0,0,0)
(0,0,0)
(0,0,0)
(0,0,0)
(0,0,0)
(0,0,0)
(0,0,0)
(0,0,0)
(0,0,0)
(0,0,0)
(0,0,0)
(-73748.2084647855,-61.7455240160856,43.4504004591464)
(-73732.4721237397,14.4193319253121,-28.3058075007076)
(-73671.501493687,225.240217559177,-321.796176378628)
(-73381.5236160258,681.674378931977,-1071.47490503466)
(-72435.4782720262,1531.1896899487,-2736.16712588441)
(-70029.7923069847,2752.47367551638,-5816.7325520076)
(-64496.3508026531,3795.87721290771,-10397.2671233983)
(-54353.5162307046,3456.81340927875,-15119.9822328259)
(-39469.6449571854,2390.56698805466,-18981.9996101441)
(-20768.6518972945,1186.68995571571,-21215.4203578037)
(0,0,0)
(0,0,0)
(0,0,0)
(0,0,0)
(0,0,0)
(0,0,0)
(-73716.6272289728,-328.854297869324,142.210026783941)
(-73773.5951093203,-187.886206696529,214.351540005334)
(-73927.5660103825,231.221450333053,162.36179768068)
(-74067.0643872676,1181.90938800755,-224.070112930224)
(-73926.8047568567,3082.32172884434,-1515.89277593699)
(-72684.1270145047,6160.08486506211,-4772.68529397107)
(-68221.9263892289,9242.26321577048,-10747.5548712093)
(-57802.08063351,7926.61739437017,-16186.736280637)
(-41888.9988550406,5182.02352951592,-20206.5239559684)
(-21955.778098863,2464.10438745322,-22405.2899839374)
(0,0,0)
(0,0,0)
(0,0,0)
(0,0,0)
(0,0,0)
(0,0,0)
(-73398.3336502198,-994.596172572576,323.065593176598)
(-73645.0796391257,-819.072334300983,691.159989188132)
(-74262.0025979969,-242.583063480309,1178.00715028649)
(-75342.1911691194,1156.02549298519,1699.67006454095)
(-77067.1566335929,4231.32845836966,1561.59531362699)
(-78844.0377785978,10137.2929341165,-1714.01621216523)
(-77429.1174764859,17820.6635977165,-12099.1721718026)
(-65683.3813124935,13375.9930152335,-18945.4559290634)
(-47050.7255122942,7902.03839939771,-22927.181882026)
(-24407.0998808256,3517.29008682432,-24841.2563238109)
(0,0,0)
(0,0,0)
(0,0,0)
(0,0,0)
(0,0,0)
(0,0,0)
(-72390.6088273135,-2247.98409953252,551.320733894766)
(-72893.0403532112,-2086.33592531616,1311.022718678)
(-74135.8741628803,-1521.73050876705,2609.37392729631)
(-76648.7831728241,-79.5057471196033,4777.64911139584)
(-81435.444420235,3374.17916680432,7447.42339329516)
(-89044.7980426086,11390.2352969637,5923.66896234001)
(-95235.7476886197,26715.9366157505,-16590.8045239666)
(-79019.324056436,15667.888814161,-24424.2820611047)
(-54913.7081607418,8046.61230922091,-27280.2618559362)
(-27919.7764691055,3301.54851494246,-28309.2948240188)
(0,0,0)
(0,0,0)
(0,0,0)
(0,0,0)
(0,0,0)
(0,0,0)
(-70163.0831195613,-4235.87970040483,763.33959026344)
(-70893.7095092665,-4152.57723920059,1899.3695057657)
(-72755.4292925646,-3832.89382343464,4039.39686827193)
(-76758.2868732948,-3035.99717175236,8197.20187579796)
(-84995.5775973768,-1434.03003238299,15415.3277430369)
(-100557.252422249,1291.8437874369,21196.1350512871)
(-122004.573178302,3926.00934159582,-27678.0135023461)
(-94676.036240483,3511.91404871722,-32021.131989742)
(-62934.3872854833,1955.52650226676,-31967.9537378324)
(-31233.3678370773,745.315225472727,-31569.8896623948)
(0,0,0)
(0,0,0)
(0,0,0)
(0,0,0)
(0,0,0)
(0,0,0)
(-66031.0807770857,-7032.81837592483,881.697639248773)
(-66906.3481434223,-7048.95788080585,2213.2914475301)
(-69166.6581767787,-7055.76628203714,4764.36948955717)
(-73968.7273717207,-7079.07353269377,9732.02996601268)
(-83749.0833587355,-7315.33891867534,18099.4301984815)
(-101987.455703947,-7894.16007736943,23794.1276633333)
(-126042.281646031,-7716.21418872208,-28104.5187248443)
(-98230.2042642704,-7007.34374469804,-33541.4006428001)
(-64912.1884799654,-4918.08570611821,-33127.0849605042)
(-32016.0333061953,-2491.8880974311,-32292.317251272)
(0,0,0)
(0,0,0)
(0,0,0)
(0,0,0)
(0,0,0)
(0,0,0)
(-59225.2621284426,-10462.0722811584,862.400887988337)
(-60139.9976613066,-10585.6528298584,2175.59275232956)
(-62438.0111963258,-10932.0228790521,4667.24287766751)
(-67198.0286278887,-11839.4593473966,9434.23454873467)
(-76705.1178314746,-14326.3955096288,17484.2673882386)
(-94331.2285522411,-20942.0506306316,23951.021317705)
(-118487.82334156,-34898.6495922802,-27404.8538859441)
(-91311.7572884169,-22152.1097921965,-31452.5136127886)
(-60049.8607647189,-12839.1063902412,-30680.4172157193)
(-29564.2117279456,-5915.45199507444,-29773.2280340034)
(0,0,0)
(0,0,0)
(0,0,0)
(0,0,0)
(0,0,0)
(0,0,0)
(-49134.8641299536,-14093.0203664972,710.51065010782)
(-49926.0140691877,-14312.3010116775,1794.0536344842)
(-51862.0747577974,-14870.1073922063,3713.68007463711)
(-55686.4214727332,-16129.5452504356,6897.52965894567)
(-62668.3561800304,-18854.7229299864,10830.4270283099)
(-73625.9610476807,-24138.8900070931,9995.81339882232)
(-83761.4239535899,-30839.3255486969,-14655.2804995974)
(-69245.1884475653,-24087.2934344156,-22139.6911687207)
(-47246.4012683401,-15566.3514575037,-23745.4826165539)
(-23677.0954604159,-7545.32293734411,-23843.8990554496)
(0,0,0)
(0,0,0)
(0,0,0)
(0,0,0)
(0,0,0)
(0,0,0)
(-35441.2303660113,-17314.7351692362,493.949500885481)
(-36012.9543104281,-17587.1182809936,1235.83897376658)
(-37374.21090647,-18224.4498716637,2451.30459441645)
(-39885.4482591304,-19497.9819351166,4149.17667204453)
(-44072.8483478715,-21764.5795632442,5506.75671938902)
(-49662.3106059484,-25070.1591138053,3276.46586397908)
(-53029.5958680127,-27547.9492966009,-7921.75744272206)
(-45183.4541660437,-23175.7998429927,-13611.8896296493)
(-31672.244750297,-16004.8627477825,-15688.3494005084)
(-16134.6616065624,-8082.22604171721,-16266.2014742418)
(0,0,0)
(0,0,0)
(0,0,0)
(0,0,0)
(0,0,0)
(0,0,0)
(-18595.8151512835,-19277.5037121044,252.170534666078)
(-18897.9015277864,-19571.2702432516,622.247301074061)
(-19595.3517489029,-20219.9864744773,1187.62666421622)
(-20816.6878092188,-21404.3466760229,1865.43923200729)
(-22694.6106292869,-23245.1181385057,2161.59713693292)
(-24890.2150835296,-25365.9980569865,752.443049116394)
(-25687.9224738176,-26066.3006521927,-3602.02321728153)
(-22134.2555555767,-22382.1217322411,-6434.59623952312)
(-15755.4439165161,-15922.8771698685,-7721.99188699684)
(-8111.02011912726,-8208.01590070913,-8175.4038838234)
(0,0,0)
(0,0,0)
(0,0,0)
(0,0,0)
(0,0,0)
(0,0,0)
(0,0,0)
(0,0,0)
(0,0,0)
(0,0,0)
(0,0,0)
(0,0,0)
(0,0,0)
(0,0,0)
(0,0,0)
(0,0,0)
(0,0,0)
(0,0,0)
(0,0,0)
(0,0,0)
(0,0,0)
(0,0,0)
(0,0,0)
(0,0,0)
(0,0,0)
(0,0,0)
(0,0,0)
(0,0,0)
(0,0,0)
(0,0,0)
(0,0,0)
(0,0,0)
(0,0,0)
(0,0,0)
(0,0,0)
(0,0,0)
(0,0,0)
(0,0,0)
(0,0,0)
(0,0,0)
(0,0,0)
(0,0,0)
(0,0,0)
(0,0,0)
(0,0,0)
(0,0,0)
(0,0,0)
(0,0,0)
(0,0,0)
(0,0,0)
(0,0,0)
(0,0,0)
(0,0,0)
(0,0,0)
(0,0,0)
(0,0,0)
(0,0,0)
(0,0,0)
(0,0,0)
(0,0,0)
(0,0,0)
(0,0,0)
(0,0,0)
(0,0,0)
(0,0,0)
(0,0,0)
(0,0,0)
(0,0,0)
(0,0,0)
(0,0,0)
(0,0,0)
(0,0,0)
(0,0,0)
(0,0,0)
(0,0,0)
(0,0,0)
(0,0,0)
(0,0,0)
(0,0,0)
(0,0,0)
(0,0,0)
(0,0,0)
(0,0,0)
(0,0,0)
(0,0,0)
(0,0,0)
(0,0,0)
(0,0,0)
(0,0,0)
(0,0,0)
(0,0,0)
(0,0,0)
(0,0,0)
(0,0,0)
(0,0,0)
(0,0,0)
(0,0,0)
(0,0,0)
(0,0,0)
(0,0,0)
(0,0,0)
(0,0,0)
(0,0,0)
(0,0,0)
(0,0,0)
(0,0,0)
(0,0,0)
(0,0,0)
(0,0,0)
(0,0,0)
(0,0,0)
(0,0,0)
(0,0,0)
(0,0,0)
(0,0,0)
(0,0,0)
(0,0,0)
(0,0,0)
(0,0,0)
(0,0,0)
(0,0,0)
(0,0,0)
(0,0,0)
(0,0,0)
(0,0,0)
(0,0,0)
(0,0,0)
(0,0,0)
(0,0,0)
(0,0,0)
(0,0,0)
(0,0,0)
(0,0,0)
(0,0,0)
(0,0,0)
(0,0,0)
(0,0,0)
(0,0,0)
(0,0,0)
(0,0,0)
(0,0,0)
(0,0,0)
(0,0,0)
(0,0,0)
(0,0,0)
(0,0,0)
(0,0,0)
(0,0,0)
(0,0,0)
(0,0,0)
(0,0,0)
(0,0,0)
(0,0,0)
(0,0,0)
(0,0,0)
(0,0,0)
(0,0,0)
(0,0,0)
(0,0,0)
(0,0,0)
(0,0,0)
(0,0,0)
(0,0,0)
(0,0,0)
(0,0,0)
(0,0,0)
(0,0,0)
(0,0,0)
(0,0,0)
(0,0,0)
(0,0,0)
(0,0,0)
(0,0,0)
(0,0,0)
(0,0,0)
(0,0,0)
(0,0,0)
(0,0,0)
(0,0,0)
(0,0,0)
(0,0,0)
(0,0,0)
(0,0,0)
(0,0,0)
(0,0,0)
(0,0,0)
(0,0,0)
(0,0,0)
(0,0,0)
(0,0,0)
(0,0,0)
(0,0,0)
(0,0,0)
(0,0,0)
(0,0,0)
(0,0,0)
(0,0,0)
(0,0,0)
(0,0,0)
(0,0,0)
(0,0,0)
(0,0,0)
(0,0,0)
(0,0,0)
(0,0,0)
(0,0,0)
(0,0,0)
(0,0,0)
(0,0,0)
(0,0,0)
(0,0,0)
(0,0,0)
(0,0,0)
(0,0,0)
(0,0,0)
(0,0,0)
(0,0,0)
(0,0,0)
(0,0,0)
(0,0,0)
(0,0,0)
(0,0,0)
(0,0,0)
(0,0,0)
(0,0,0)
(0,0,0)
(0,0,0)
(0,0,0)
(0,0,0)
(0,0,0)
(0,0,0)
(0,0,0)
(0,0,0)
(0,0,0)
(0,0,0)
(0,0,0)
(0,0,0)
(0,0,0)
(0,0,0)
(0,0,0)
(0,0,0)
(0,0,0)
(0,0,0)
(0,0,0)
(0,0,0)
(0,0,0)
(0,0,0)
(0,0,0)
(0,0,0)
(0,0,0)
(0,0,0)
(0,0,0)
(0,0,0)
(0,0,0)
(0,0,0)
(0,0,0)
(0,0,0)
(0,0,0)
(0,0,0)
(0,0,0)
(0,0,0)
(0,0,0)
(0,0,0)
(0,0,0)
(0,0,0)
(0,0,0)
(0,0,0)
(0,0,0)
(0,0,0)
(0,0,0)
(0,0,0)
(0,0,0)
(0,0,0)
(0,0,0)
(0,0,0)
(0,0,0)
(0,0,0)
(0,0,0)
(0,0,0)
(0,0,0)
(0,0,0)
(0,0,0)
(0,0,0)
(0,0,0)
(0,0,0)
(0,0,0)
(0,0,0)
(0,0,0)
(0,0,0)
(0,0,0)
(0,0,0)
(0,0,0)
(0,0,0)
(0,0,0)
(0,0,0)
(0,0,0)
(0,0,0)
(0,0,0)
(0,0,0)
(0,0,0)
(0,0,0)
(0,0,0)
(0,0,0)
(0,0,0)
(0,0,0)
(0,0,0)
(0,0,0)
(0,0,0)
(0,0,0)
(0,0,0)
(0,0,0)
(0,0,0)
(0,0,0)
(0,0,0)
(0,0,0)
(0,0,0)
(0,0,0)
(0,0,0)
(0,0,0)
(0,0,0)
(0,0,0)
(0,0,0)
(0,0,0)
(0,0,0)
(0,0,0)
(0,0,0)
(0,0,0)
(0,0,0)
(0,0,0)
(0,0,0)
(0,0,0)
(0,0,0)
(0,0,0)
(0,0,0)
(0,0,0)
(0,0,0)
(0,0,0)
(0,0,0)
(0,0,0)
(0,0,0)
(0,0,0)
(0,0,0)
(0,0,0)
(0,0,0)
(0,0,0)
(0,0,0)
(0,0,0)
(0,0,0)
(0,0,0)
(0,0,0)
(0,0,0)
(0,0,0)
(0,0,0)
(0,0,0)
(0,0,0)
(0,0,0)
(0,0,0)
(0,0,0)
(0,0,0)
(0,0,0)
(0,0,0)
(0,0,0)
(0,0,0)
(0,0,0)
(0,0,0)
(0,0,0)
(0,0,0)
(0,0,0)
(0,0,0)
(0,0,0)
(0,0,0)
(0,0,0)
(0,0,0)
(0,0,0)
(0,0,0)
(0,0,0)
(0,0,0)
(0,0,0)
(0,0,0)
(0,0,0)
(0,0,0)
(0,0,0)
(0,0,0)
(0,0,0)
(0,0,0)
(0,0,0)
(0,0,0)
(0,0,0)
(0,0,0)
(0,0,0)
(0,0,0)
(0,0,0)
(0,0,0)
(0,0,0)
(0,0,0)
(0,0,0)
(0,0,0)
(0,0,0)
(0,0,0)
(0,0,0)
(0,0,0)
(0,0,0)
(0,0,0)
(0,0,0)
(0,0,0)
(0,0,0)
(0,0,0)
(0,0,0)
(0,0,0)
(0,0,0)
(0,0,0)
(0,0,0)
(0,0,0)
(0,0,0)
(0,0,0)
(0,0,0)
(0,0,0)
(0,0,0)
(0,0,0)
(0,0,0)
(0,0,0)
(0,0,0)
(0,0,0)
(0,0,0)
(0,0,0)
(0,0,0)
(0,0,0)
(0,0,0)
(0,0,0)
(0,0,0)
(0,0,0)
(0,0,0)
(0,0,0)
(0,0,0)
(0,0,0)
(0,0,0)
(0,0,0)
(0,0,0)
(0,0,0)
(0,0,0)
(0,0,0)
(0,0,0)
(0,0,0)
(0,0,0)
(0,0,0)
(0,0,0)
(0,0,0)
(0,0,0)
(0,0,0)
(0,0,0)
(0,0,0)
(0,0,0)
(0,0,0)
(0,0,0)
(0,0,0)
(0,0,0)
(0,0,0)
(0,0,0)
(0,0,0)
(0,0,0)
(0,0,0)
(0,0,0)
(0,0,0)
(0,0,0)
(0,0,0)
(0,0,0)
(0,0,0)
(0,0,0)
(0,0,0)
(0,0,0)
(0,0,0)
(0,0,0)
(0,0,0)
(0,0,0)
(0,0,0)
(0,0,0)
(0,0,0)
(0,0,0)
(0,0,0)
(0,0,0)
(0,0,0)
(0,0,0)
(0,0,0)
(0,0,0)
(0,0,0)
(0,0,0)
(0,0,0)
(0,0,0)
(0,0,0)
(0,0,0)
(0,0,0)
(0,0,0)
(0,0,0)
(0,0,0)
(0,0,0)
(0,0,0)
(0,0,0)
(0,0,0)
(0,0,0)
(0,0,0)
(0,0,0)
(0,0,0)
(0,0,0)
(0,0,0)
(0,0,0)
(0,0,0)
(0,0,0)
(0,0,0)
(0,0,0)
(0,0,0)
(0,0,0)
(0,0,0)
(0,0,0)
(0,0,0)
(0,0,0)
(0,0,0)
(0,0,0)
(0,0,0)
(0,0,0)
(0,0,0)
(0,0,0)
(0,0,0)
(0,0,0)
(0,0,0)
(0,0,0)
(0,0,0)
(0,0,0)
(0,0,0)
(0,0,0)
(0,0,0)
(0,0,0)
(0,0,0)
(0,0,0)
(0,0,0)
(0,0,0)
(0,0,0)
(0,0,0)
(0,0,0)
(0,0,0)
(0,0,0)
(0,0,0)
(0,0,0)
(0,0,0)
(0,0,0)
(0,0,0)
(0,0,0)
(0,0,0)
(0,0,0)
(0,0,0)
(0,0,0)
(0,0,0)
(0,0,0)
(0,0,0)
(0,0,0)
(0,0,0)
(0,0,0)
(0,0,0)
(0,0,0)
(0,0,0)
(0,0,0)
(0,0,0)
(0,0,0)
(0,0,0)
(0,0,0)
(0,0,0)
(0,0,0)
(0,0,0)
(0,0,0)
(0,0,0)
(0,0,0)
(0,0,0)
(0,0,0)
(0,0,0)
(0,0,0)
(0,0,0)
(0,0,0)
(0,0,0)
(0,0,0)
(0,0,0)
(0,0,0)
(0,0,0)
(0,0,0)
(0,0,0)
(0,0,0)
(0,0,0)
(0,0,0)
(0,0,0)
(0,0,0)
(0,0,0)
(0,0,0)
(0,0,0)
(0,0,0)
(0,0,0)
(0,0,0)
(0,0,0)
(0,0,0)
(0,0,0)
(0,0,0)
(0,0,0)
(0,0,0)
(0,0,0)
(0,0,0)
(0,0,0)
(0,0,0)
(0,0,0)
(0,0,0)
(0,0,0)
(0,0,0)
(0,0,0)
(0,0,0)
(0,0,0)
(0,0,0)
(0,0,0)
(0,0,0)
(0,0,0)
(0,0,0)
(0,0,0)
(0,0,0)
(0,0,0)
(0,0,0)
(0,0,0)
(0,0,0)
(0,0,0)
(0,0,0)
(0,0,0)
(0,0,0)
(0,0,0)
(0,0,0)
(0,0,0)
(0,0,0)
(0,0,0)
(0,0,0)
(0,0,0)
(0,0,0)
(0,0,0)
(0,0,0)
(0,0,0)
(0,0,0)
(0,0,0)
(0,0,0)
(0,0,0)
(0,0,0)
(0,0,0)
(0,0,0)
(0,0,0)
(0,0,0)
(0,0,0)
(0,0,0)
(0,0,0)
(0,0,0)
(0,0,0)
(0,0,0)
(0,0,0)
(0,0,0)
(0,0,0)
(0,0,0)
(0,0,0)
(0,0,0)
(0,0,0)
(0,0,0)
(0,0,0)
(0,0,0)
(0,0,0)
(0,0,0)
(0,0,0)
(0,0,0)
(0,0,0)
(0,0,0)
(0,0,0)
(0,0,0)
(0,0,0)
(0,0,0)
(0,0,0)
(0,0,0)
(0,0,0)
(0,0,0)
(0,0,0)
(0,0,0)
(0,0,0)
(0,0,0)
(0,0,0)
(0,0,0)
(0,0,0)
(0,0,0)
(0,0,0)
(0,0,0)
(0,0,0)
(0,0,0)
(0,0,0)
(0,0,0)
(0,0,0)
(0,0,0)
(0,0,0)
(0,0,0)
(0,0,0)
(0,0,0)
(0,0,0)
(0,0,0)
(0,0,0)
(0,0,0)
(0,0,0)
(0,0,0)
(0,0,0)
(0,0,0)
(0,0,0)
(0,0,0)
(0,0,0)
(0,0,0)
(0,0,0)
(0,0,0)
(0,0,0)
(0,0,0)
(0,0,0)
(0,0,0)
(0,0,0)
(0,0,0)
(0,0,0)
(0,0,0)
(0,0,0)
(0,0,0)
(0,0,0)
(0,0,0)
(0,0,0)
(0,0,0)
(0,0,0)
(0,0,0)
(0,0,0)
(0,0,0)
(0,0,0)
(0,0,0)
(0,0,0)
(0,0,0)
(0,0,0)
(0,0,0)
(0,0,0)
(0,0,0)
(0,0,0)
(0,0,0)
(0,0,0)
(0,0,0)
(0,0,0)
(0,0,0)
(0,0,0)
(0,0,0)
(0,0,0)
(0,0,0)
(0,0,0)
(0,0,0)
(0,0,0)
(0,0,0)
(0,0,0)
(0,0,0)
(0,0,0)
(0,0,0)
(0,0,0)
(0,0,0)
(0,0,0)
(0,0,0)
(0,0,0)
(0,0,0)
(0,0,0)
(0,0,0)
(0,0,0)
(0,0,0)
(0,0,0)
(0,0,0)
(0,0,0)
(0,0,0)
(0,0,0)
(0,0,0)
(0,0,0)
(0,0,0)
(0,0,0)
(0,0,0)
(0,0,0)
(0,0,0)
(0,0,0)
(0,0,0)
(0,0,0)
(0,0,0)
(0,0,0)
(0,0,0)
(0,0,0)
(0,0,0)
(0,0,0)
(0,0,0)
(0,0,0)
(0,0,0)
(0,0,0)
(0,0,0)
(0,0,0)
(0,0,0)
(0,0,0)
(0,0,0)
(0,0,0)
(0,0,0)
(0,0,0)
(0,0,0)
(0,0,0)
(0,0,0)
(0,0,0)
(0,0,0)
(0,0,0)
(0,0,0)
(0,0,0)
(0,0,0)
(0,0,0)
(0,0,0)
(0,0,0)
(0,0,0)
(0,0,0)
(0,0,0)
(0,0,0)
(0,0,0)
(0,0,0)
(0,0,0)
(0,0,0)
(0,0,0)
(0,0,0)
