(0,0,0)
(0,0,0)
(0,0,0)
(0,0,0)
(0,0,0)
(0,0,0)
(0,0,0)
(0,0,0)
(0,0,0)
(0,0,0)
(0,0,0)
(0,0,0)
(0,0,0)
(0,0,0)
(0,0,0)
(0,0,0)
(0,0,0)
(0,0,0)
(0,0,0)
(0,0,0)
(0,0,0)
(0,0,0)
(0,0,0)
(0,0,0)
(0,0,0)
(0,0,0)
(0,0,0)
(0,0,0)
(0,0,0)
(0,0,0)
(0,0,0)
(0,0,0)
(0,0,0)
(0,0,0)
(0,0,0)
(0,0,0)
(0,0,0)
(0,0,0)
(0,0,0)
(0,0,0)
(0,0,0)
(0,0,0)
(0,0,0)
(0,0,0)
(0,0,0)
(0,0,0)
(0,0,0)
(0,0,0)
(0,0,0)
(0,0,0)
(0,0,0)
(0,0,0)
(0,0,0)
(0,0,0)
(0,0,0)
(0,0,0)
(0,0,0)
(0,0,0)
(0,0,0)
(0,0,0)
(0,0,0)
(0,0,0)
(0,0,0)
(0,0,0)
(0,0,0)
(0,0,0)
(0,0,0)
(0,0,0)
(0,0,0)
(0,0,0)
(0,0,0)
(0,0,0)
(0,0,0)
(0,0,0)
(0,0,0)
(0,0,0)
(0,0,0)
(0,0,0)
(0,0,0)
(0,0,0)
(0,0,0)
(0,0,0)
(0,0,0)
(0,0,0)
(0,0,0)
(0,0,0)
(0,0,0)
(0,0,0)
(0,0,0)
(0,0,0)
(0,0,0)
(0,0,0)
(0,0,0)
(0,0,0)
(0,0,0)
(0,0,0)
(0,0,0)
(0,0,0)
(0,0,0)
(0,0,0)
(0,0,0)
(0,0,0)
(0,0,0)
(0,0,0)
(0,0,0)
(0,0,0)
(0,0,0)
(0,0,0)
(0,0,0)
(0,0,0)
(0,0,0)
(0,0,0)
(0,0,0)
(0,0,0)
(0,0,0)
(0,0,0)
(0,0,0)
(0,0,0)
(0,0,0)
(0,0,0)
(0,0,0)
(0,0,0)
(0,0,0)
(0,0,0)
(0,0,0)
(0,0,0)
(0,0,0)
(0,0,0)
(0,0,0)
(0,0,0)
(0,0,0)
(0,0,0)
(0,0,0)
(0,0,0)
(0,0,0)
(0,0,0)
(0,0,0)
(0,0,0)
(0,0,0)
(0,0,0)
(0,0,0)
(0,0,0)
(0,0,0)
(0,0,0)
(0,0,0)
(0,0,0)
(0,0,0)
(0,0,0)
(0,0,0)
(0,0,0)
(0,0,0)
(0,0,0)
(0,0,0)
(0,0,0)
(0,0,0)
(0,0,0)
(0,0,0)
(0,0,0)
(0,0,0)
(0,0,0)
(0,0,0)
(0,0,0)
(0,0,0)
(0,0,0)
(0,0,0)
(0,0,0)
(0,0,0)
(0,0,0)
(0,0,0)
(0,0,0)
(0,0,0)
(0,0,0)
(0,0,0)
(0,0,0)
(0,0,0)
(0,0,0)
(0,0,0)
(0,0,0)
(0,0,0)
(0,0,0)
(0,0,0)
(0,0,0)
(0,0,0)
(0,0,0)
(0,0,0)
(0,0,0)
(0,0,0)
(0,0,0)
(0,0,0)
(0,0,0)
(0,0,0)
(0,0,0)
(0,0,0)
(0,0,0)
(0,0,0)
(0,0,0)
(0,0,0)
(0,0,0)
(0,0,0)
(0,0,0)
(0,0,0)
(0,0,0)
(0,0,0)
(0,0,0)
(0,0,0)
(0,0,0)
(0,0,0)
(0,0,0)
(0,0,0)
(0,0,0)
(0,0,0)
(0,0,0)
(0,0,0)
(0,0,0)
(0,0,0)
(0,0,0)
(0,0,0)
(0,0,0)
(0,0,0)
(0,0,0)
(0,0,0)
(0,0,0)
(0,0,0)
(0,0,0)
(0,0,0)
(0,0,0)
(0,0,0)
(0,0,0)
(0,0,0)
(0,0,0)
(0,0,0)
(0,0,0)
(0,0,0)
(0,0,0)
(0,0,0)
(0,0,0)
(0,0,0)
(0,0,0)
(0,0,0)
(0,0,0)
(0,0,0)
(0,0,0)
(0,0,0)
(0,0,0)
(0,0,0)
(0,0,0)
(0,0,0)
(0,0,0)
(0,0,0)
(0,0,0)
(0,0,0)
(0,0,0)
(0,0,0)
(0,0,0)
(0,0,0)
(0,0,0)
(0,0,0)
(0,0,0)
(0,0,0)
(0,0,0)
(0,0,0)
(0,0,0)
(0,0,0)
(0,0,0)
(0,0,0)
(0,0,0)
(0,0,0)
(0,0,0)
(0,0,0)
(0,0,0)
(0,0,0)
(0,0,0)
(0,0,0)
(0,0,0)
(0,0,0)
(0,0,0)
(0,0,0)
(0,0,0)
(0,0,0)
(0,0,0)
(0,0,0)
(0,0,0)
(0,0,0)
(0,0,0)
(0,0,0)
(0,0,0)
(0,0,0)
(0,0,0)
(0,0,0)
(0,0,0)
(0,0,0)
(0,0,0)
(0,0,0)
(0,0,0)
(0,0,0)
(0,0,0)
(0,0,0)
(0,0,0)
(0,0,0)
(0,0,0)
(0,0,0)
(0,0,0)
(0,0,0)
(0,0,0)
(0,0,0)
(0,0,0)
(0,0,0)
(0,0,0)
(0,0,0)
(0,0,0)
(0,0,0)
(0,0,0)
(0,0,0)
(0,0,0)
(0,0,0)
(0,0,0)
(0,0,0)
(0,0,0)
(0,0,0)
(0,0,0)
(0,0,0)
(0,0,0)
(0,0,0)
(0,0,0)
(0,0,0)
(0,0,0)
(0,0,0)
(0,0,0)
(0,0,0)
(0,0,0)
(0,0,0)
(0,0,0)
(0,0,0)
(0,0,0)
(0,0,0)
(0,0,0)
(0,0,0)
(0,0,0)
(0,0,0)
(0,0,0)
(0,0,0)
(0,0,0)
(0,0,0)
(0,0,0)
(0,0,0)
(0,0,0)
(0,0,0)
(0,0,0)
(0,0,0)
(0,0,0)
(0,0,0)
(0,0,0)
(0,0,0)
(0,0,0)
(0,0,0)
(0,0,0)
(0,0,0)
(0,0,0)
(0,0,0)
(0,0,0)
(0,0,0)
(0,0,0)
(0,0,0)
(0,0,0)
(0,0,0)
(0,0,0)
(0,0,0)
(0,0,0)
(0,0,0)
(0,0,0)
(0,0,0)
(0,0,0)
(0,0,0)
(0,0,0)
(0,0,0)
(0,0,0)
(0,0,0)
(0,0,0)
(0,0,0)
(0,0,0)
(0,0,0)
(0,0,0)
(0,0,0)
(0,0,0)
(0,0,0)
(0,0,0)
(0,0,0)
(0,0,0)
(0,0,0)
(0,0,0)
(0,0,0)
(0,0,0)
(0,0,0)
(0,0,0)
(0,0,0)
(0,0,0)
(0,0,0)
(0,0,0)
(0,0,0)
(0,0,0)
(0,0,0)
(0,0,0)
(0,0,0)
(0,0,0)
(0,0,0)
(0,0,0)
(0,0,0)
(0,0,0)
(0,0,0)
(0,0,0)
(0,0,0)
(0,0,0)
(0,0,0)
(0,0,0)
(0,0,0)
(0,0,0)
(0,0,0)
(0,0,0)
(0,0,0)
(0,0,0)
(0,0,0)
(0,0,0)
(0,0,0)
(0,0,0)
(0,0,0)
(0,0,0)
(0,0,0)
(0,0,0)
(0,0,0)
(0,0,0)
(0,0,0)
(0,0,0)
(0,0,0)
(0,0,0)
(0,0,0)
(0,0,0)
(0,0,0)
(0,0,0)
(0,0,0)
(0,0,0)
(0,0,0)
(0,0,0)
(0,0,0)
(0,0,0)
(0,0,0)
(0,0,0)
(0,0,0)
(0,0,0)
(0,0,0)
(0,0,0)
(0,0,0)
(0,0,0)
(0,0,0)
(0,0,0)
(0,0,0)
(0,0,0)
(0,0,0)
(0,0,0)
(0,0,0)
(0,0,0)
(0,0,0)
(0,0,0)
(0,0,0)
(0,0,0)
(0,0,0)
(0,0,0)
(0,0,0)
(0,0,0)
(0,0,0)
(0,0,0)
(0,0,0)
(0,0,0)
(0,0,0)
(0,0,0)
(0,0,0)
(0,0,0)
(0,0,0)
(0,0,0)
(0,0,0)
(0,0,0)
(0,0,0)
(0,0,0)
(0,0,0)
(0,0,0)
(0,0,0)
(0,0,0)
(0,0,0)
(0,0,0)
(0,0,0)
(0,0,0)
(0,0,0)
(0,0,0)
(0,0,0)
(0,0,0)
(0,0,0)
(0,0,0)
(0,0,0)
(0,0,0)
(0,0,0)
(0,0,0)
(0,0,0)
(0,0,0)
(0,0,0)
(0,0,0)
(0,0,0)
(0,0,0)
(0,0,0)
(0,0,0)
(0,0,0)
(0,0,0)
(0,0,0)
(0,0,0)
(0,0,0)
(0,0,0)
(0,0,0)
(0,0,0)
(0,0,0)
(0,0,0)
(0,0,0)
(0,0,0)
(0,0,0)
(0,0,0)
(0,0,0)
(0,0,0)
(0,0,0)
(0,0,0)
(0,0,0)
(0,0,0)
(0,0,0)
(0,0,0)
(0,0,0)
(0,0,0)
(0,0,0)
(0,0,0)
(0,0,0)
(0,0,0)
(0,0,0)
(0,0,0)
(0,0,0)
(0,0,0)
(0,0,0)
(0,0,0)
(0,0,0)
(0,0,0)
(0,0,0)
(0,0,0)
(0,0,0)
(0,0,0)
(0,0,0)
(0,0,0)
(0,0,0)
(0,0,0)
(0,0,0)
(0,0,0)
(0,0,0)
(0,0,0)
(0,0,0)
(0,0,0)
(0,0,0)
(0,0,0)
(0,0,0)
(0,0,0)
(0,0,0)
(0,0,0)
(0,0,0)
(0,0,0)
(0,0,0)
(0,0,0)
(0,0,0)
(0,0,0)
(0,0,0)
(0,0,0)
(0,0,0)
(0,0,0)
(0,0,0)
(0,0,0)
(0,0,0)
(0,0,0)
(0,0,0)
(0,0,0)
(0,0,0)
(0,0,0)
(0,0,0)
(0,0,0)
(0,0,0)
(0,0,0)
(0,0,0)
(0,0,0)
(0,0,0)
(0,0,0)
(0,0,0)
(0,0,0)
(0,0,0)
(0,0,0)
(0,0,0)
(0,0,0)
(0,0,0)
(0,0,0)
(0,0,0)
(0,0,0)
(0,0,0)
(0,0,0)
(0,0,0)
(0,0,0)
(0,0,0)
(0,0,0)
(0,0,0)
(0,0,0)
(0,0,0)
(0,0,0)
(0,0,0)
(0,0,0)
(0,0,0)
(0,0,0)
(0,0,0)
(0,0,0)
(0,0,0)
(0,0,0)
(0,0,0)
(0,0,0)
(0,0,0)
(0,0,0)
(0,0,0)
(0,0,0)
(0,0,0)
(0,0,0)
(0,0,0)
(0,0,0)
(0,0,0)
(0,0,0)
(0,0,0)
(0,0,0)
(0,0,0)
(0,0,0)
(0,0,0)
(0,0,0)
(0,0,0)
(0,0,0)
(0,0,0)
(0,0,0)
(0,0,0)
(0,0,0)
(0,0,0)
(0,0,0)
(0,0,0)
(0,0,0)
(0,0,0)
(0,0,0)
(0,0,0)
(0,0,0)
(0,0,0)
(0,0,0)
(0,0,0)
(0,0,0)
(0,0,0)
(0,0,0)
(0,0,0)
(0,0,0)
(0,0,0)
(0,0,0)
(0,0,0)
(0,0,0)
(0,0,0)
(0,0,0)
(0,0,0)
(0,0,0)
(0,0,0)
(0,0,0)
(0,0,0)
(0,0,0)
(0,0,0)
(0,0,0)
(0,0,0)
(0,0,0)
(0,0,0)
(0,0,0)
(0,0,0)
(0,0,0)
(0,0,0)
(0,0,0)
(0,0,0)
(0,0,0)
(0,0,0)
(0,0,0)
(0,0,0)
(0,0,0)
(0,0,0)
(0,0,0)
(0,0,0)
(0,0,0)
(0,0,0)
(0,0,0)
(0,0,0)
(0,0,0)
(0,0,0)
(0,0,0)
(0,0,0)
(0,0,0)
(0,0,0)
(0,0,0)
(0,0,0)
(0,0,0)
(0,0,0)
(0,0,0)
(0,0,0)
(0,0,0)
(0,0,0)
(0,0,0)
(0,0,0)
(0,0,0)
(0,0,0)
(0,0,0)
(0,0,0)
(0,0,0)
(0,0,0)
(0,0,0)
(0,0,0)
(0,0,0)
(0,0,0)
(0,0,0)
(0,0,0)
(0,0,0)
(0,0,0)
(0,0,0)
(0,0,0)
(0,0,0)
(0,0,0)
(0,0,0)
(0,0,0)
(0,0,0)
(0,0,0)
(0,0,0)
(0,0,0)
(0,0,0)
(0,0,0)
(0,0,0)
(0,0,0)
(0,0,0)
(0,0,0)
(0,0,0)
(0,0,0)
(0,0,0)
(0,0,0)
(0,0,0)
(0,0,0)
(0,0,0)
(0,0,0)
(0,0,0)
(0,0,0)
(0,0,0)
(0,0,0)
(0,0,0)
(0,0,0)
(0,0,0)
(0,0,0)
(0,0,0)
(0,0,0)
(0,0,0)
(0,0,0)
(0,0,0)
(0,0,0)
(0,0,0)
(0,0,0)
(0,0,0)
(0,0,0)
(0,0,0)
(0,0,0)
(0,0,0)
(0,0,0)
(0,0,0)
(0,0,0)
(0,0,0)
(0,0,0)
(0,0,0)
(0,0,0)
(0,0,0)
(0,0,0)
(0,0,0)
(0,0,0)
(0,0,0)
(0,0,0)
(0,0,0)
(0,0,0)
(0,0,0)
(0,0,0)
(0,0,0)
(0,0,0)
(0,0,0)
(0,0,0)
(0,0,0)
(0,0,0)
(0,0,0)
(0,0,0)
(0,0,0)
(0,0,0)
(0,0,0)
(0,0,0)
(0,0,0)
(0,0,0)
(0,0,0)
(0,0,0)
(0,0,0)
(0,0,0)
(0,0,0)
(0,0,0)
(0,0,0)
(0,0,0)
(0,0,0)
(0,0,0)
(0,0,0)
(0,0,0)
(0,0,0)
(0,0,0)
(0,0,0)
(0,0,0)
(0,0,0)
(0,0,0)
(0,0,0)
(0,0,0)
(-131486.179224439,69795.6986665195,61690.4805579191)
(-139015.15058382,66928.253485785,133777.377655954)
(-156416.595546406,60916.7136926092,229277.259509747)
(-189393.679775706,51495.6004031481,367175.338882316)
(-248972.828240034,38782.0491172024,577366.118005147)
(-355948.267009382,24118.7866902324,909195.598324303)
(-549679.617997974,10822.443974367,1448052.77234793)
(-899845.748766914,2690.10113749274,2345208.41997737)
(-1484232.41302693,-16.4429427911245,3829457.27594704)
(-2068112.92845871,-219.82179526559,5897790.0262011)
(0,0,0)
(0,0,0)
(0,0,0)
(0,0,0)
(0,0,0)
(0,0,0)
(-139045.626802575,150036.772112987,58804.5533561059)
(-146639.070269035,144623.619461981,127748.257648947)
(-164326.158296757,133161.437861324,219829.691776987)
(-198075.487281095,114934.919461369,354465.859999861)
(-259288.823323695,89747.8205152242,562788.911925532)
(-368834.457718791,59789.1896272377,895952.966707307)
(-564728.401723327,31507.5084044784,1439996.30400052)
(-913584.471545074,13629.5468753353,2342641.3298077)
(-1493389.09611665,6628.08919354866,3829385.89378806)
(-2072384.18701381,3377.23643558237,5898173.02257092)
(0,0,0)
(0,0,0)
(0,0,0)
(0,0,0)
(0,0,0)
(0,0,0)
(-156247.451904155,252938.547262747,53345.6767543946)
(-164001.414875149,245664.236628252,116306.474463277)
(-182276.411358834,230135.419206228,201608.904477212)
(-217745.508871509,204958.448365561,329330.884444529)
(-282890.874386673,169051.186457078,532918.392889334)
(-399244.927487728,124240.008932587,867712.501071715)
(-601873.107139904,78926.5215913386,1422166.59502477)
(-947798.243353332,47860.5818352701,2335733.80341811)
(-1515414.13506665,31524.672459021,3826251.35521936)
(-2082351.77098624,17065.9183533997,5894914.44428779)
(0,0,0)
(0,0,0)
(0,0,0)
(0,0,0)
(0,0,0)
(0,0,0)
(-188389.621785985,395281.078014915,46047.0910338186)
(-196305.707909211,387156.495992398,100860.539578885)
(-215312.383762281,369765.058044109,176543.284503278)
(-253259.207692459,341176.999468737,293583.941092553)
(-324902.034057622,299306.637148826,488230.524458439)
(-454345.121650832,244328.307896292,822487.347145558)
(-673057.460596863,183308.778585695,1391162.55074806)
(-1014006.94908223,133580.217415407,2319449.86425014)
(-1555819.46036736,94933.3258999751,3811860.67117647)
(-2099982.16884031,51056.5692685076,5877852.18910186)
(0,0,0)
(0,0,0)
(0,0,0)
(0,0,0)
(0,0,0)
(0,0,0)
(-246190.420078514,603573.345580026,37898.1525133977)
(-254087.102903551,595640.576659694,83501.1747496516)
(-273494.546304318,578731.365929303,148029.413168775)
(-313498.970373171,550860.83492776,251844.548082923)
(-391822.704750003,509600.479786013,433373.410195738)
(-537442.885299242,453566.131678145,761578.47171311)
(-781456.714941618,384939.552566086,1341404.41267434)
(-1114798.04523071,309124.603643971,2280658.07167652)
(-1614527.0404833,222226.534481153,3767891.90357875)
(-2125451.24908431,117770.422020137,5826629.29991143)
(0,0,0)
(0,0,0)
(0,0,0)
(0,0,0)
(0,0,0)
(0,0,0)
(-350543.886084957,924112.140775162,30005.090889826)
(-358038.198391147,917037.736066171,66646.1298744895)
(-376846.595765691,901991.920925564,120232.170643923)
(-416475.650038897,876905.873753547,210662.781857024)
(-495628.35851454,838517.413087006,377374.207070582)
(-644013.869841596,782020.641443561,692933.56714677)
(-888789.968335954,701170.359880904,1265492.7281679)
(-1207006.30145216,588091.352406857,2193532.28085718)
(-1678111.65820134,430611.944933151,3663258.52860658)
(-2157488.65644372,229858.412093477,5708659.1949769)
(0,0,0)
(0,0,0)
(0,0,0)
(0,0,0)
(0,0,0)
(0,0,0)
(-542078.351187408,1443207.16923489,22983.3227276806)
(-548720.182701502,1437099.96261476,51641.2788805988)
(-565636.466974668,1424036.49466209,95233.1721187482)
(-601848.262136561,1401677.59104998,172309.716958875)
(-675372.105474569,1365369.35389318,320829.881627272)
(-814789.198650287,1305689.75132197,611949.970399158)
(-1044518.54245192,1205348.44844581,1152290.42428619)
(-1333897.00850618,1038451.55474182,2035827.2304574)
(-1772815.76418942,776981.650131937,3462273.28944798)
(-2209730.84868597,423336.424937199,5478526.12529032)
(0,0,0)
(0,0,0)
(0,0,0)
(0,0,0)
(0,0,0)
(0,0,0)
(-892441.203265475,2318741.22350805,16907.1489923049)
(-897739.008727117,2313207.92617195,38538.1941622428)
(-911384.031342856,2301115.33715175,72843.3830154505)
(-940873.688789832,2279457.12348834,135937.539366907)
(-1001313.3096327,2241539.91158213,261080.291310656)
(-1117207.14827329,2172491.86124357,511485.329662335)
(-1309610.66834601,2041238.82972832,985205.616725792)
(-1543880.56566032,1793448.85234589,1774088.88478206)
(-1944705.93767672,1387482.71155642,3108293.76103429)
(-2309602.09788839,786474.89466917,5054757.38919066)
(0,0,0)
(0,0,0)
(0,0,0)
(0,0,0)
(0,0,0)
(0,0,0)
(-1479182.53400227,3786541.72013318,11382.0373771312)
(-1482788.18523966,3781053.03428402,26325.1145047191)
(-1492064.05366394,3768516.74320776,50987.7621125993)
(-1511921.9177328,3744570.94905464,97795.8542790811)
(-1551860.32052213,3699292.86828153,191903.218101815)
(-1626863.49865767,3611098.20293397,380160.375069108)
(-1752833.55216142,3436971.64826112,737261.108697734)
(-1939950.64325151,3102826.86133811,1367833.74295705)
(-2261761.62817122,2510205.76288663,2506872.31979795)
(-2483823.38542023,1509320.86339358,4267849.73649377)
(0,0,0)
(0,0,0)
(0,0,0)
(0,0,0)
(0,0,0)
(0,0,0)
(-2065802.18215042,5846537.17763454,5806.72464905409)
(-2067601.07576757,5840878.22615076,13582.6085498633)
(-2072210.43073657,5827548.17681849,26761.6056757212)
(-2081971.71475747,5801122.52655641,52181.7429314751)
(-2101309.64656954,5749311.47588857,103472.781893984)
(-2137420.62008854,5646120.76531637,205870.839600072)
(-2200456.79234341,5440373.57729866,402925.70290592)
(-2306657.79616079,5037518.1310103,774892.229394499)
(-2483264.22331346,4262814.86809734,1505547.34749718)
(-2500898.57789637,2757657.61335472,2758109.17543246)
(0,0,0)
(0,0,0)
(0,0,0)
(0,0,0)
(0,0,0)
(0,0,0)
(0,0,0)
(0,0,0)
(0,0,0)
(0,0,0)
(0,0,0)
(0,0,0)
(0,0,0)
(0,0,0)
(0,0,0)
(0,0,0)
(0,0,0)
(0,0,0)
(0,0,0)
(0,0,0)
(0,0,0)
(0,0,0)
(0,0,0)
(0,0,0)
(0,0,0)
(0,0,0)
(0,0,0)
(0,0,0)
(0,0,0)
(0,0,0)
(0,0,0)
(0,0,0)
(0,0,0)
(0,0,0)
(0,0,0)
(0,0,0)
(0,0,0)
(0,0,0)
(0,0,0)
(0,0,0)
(0,0,0)
(0,0,0)
(0,0,0)
(0,0,0)
(0,0,0)
(0,0,0)
(0,0,0)
(0,0,0)
(0,0,0)
(0,0,0)
(0,0,0)
(0,0,0)
(0,0,0)
(0,0,0)
(0,0,0)
(0,0,0)
(0,0,0)
(0,0,0)
(0,0,0)
(0,0,0)
(0,0,0)
(0,0,0)
(0,0,0)
(0,0,0)
(0,0,0)
(0,0,0)
(0,0,0)
(0,0,0)
(0,0,0)
(0,0,0)
(0,0,0)
(0,0,0)
(0,0,0)
(0,0,0)
(0,0,0)
(0,0,0)
(0,0,0)
(0,0,0)
(0,0,0)
(0,0,0)
(0,0,0)
(0,0,0)
(0,0,0)
(0,0,0)
(0,0,0)
(0,0,0)
(0,0,0)
(0,0,0)
(0,0,0)
(0,0,0)
(0,0,0)
(0,0,0)
(0,0,0)
(0,0,0)
(0,0,0)
(0,0,0)
(0,0,0)
(0,0,0)
(0,0,0)
(0,0,0)
(0,0,0)
(0,0,0)
(19395574.5247989,62220.2616170919,54106.7612873351)
(19382955.0162717,59301.9001574801,116222.421202231)
(19354026.559364,53037.2147953633,196129.77842413)
(19299815.1131066,42828.2997239105,307480.412745604)
(19203157.848261,28454.454917635,470283.008254602)
(19031152.4674117,11232.6333243381,715337.36743691)
(18715491.4909444,-4195.90011746821,1097749.88553957)
(18091561.3341878,-11011.1936478738,1760741.72316047)
(16683497.7760465,-9156.98820148149,3245556.24921628)
(12859451.1398267,-4487.88618716541,7965867.79404578)
(0,0,0)
(0,0,0)
(0,0,0)
(0,0,0)
(0,0,0)
(0,0,0)
(19382708.3446388,132695.287497383,51158.7296061368)
(19370106.988467,127178.562132533,109923.7358228)
(19340899.7956647,115204.743606256,185917.97997821)
(19285650.5703235,95290.7470992289,293117.201926039)
(19186339.657019,66192.8323751864,453138.071053633)
(19009487.112901,29460.9866665152,699975.874019421)
(18688964.7422358,-5556.53296644742,1091031.08983717)
(18067606.063485,-20509.8565987398,1762726.94468563)
(16668613.4032176,-15372.7441578698,3250327.92823544)
(12852948.5958808,-6586.92842262642,7970481.9145039)
(0,0,0)
(0,0,0)
(0,0,0)
(0,0,0)
(0,0,0)
(0,0,0)
(19353626.3370901,220627.256453208,45581.968977493)
(19340956.4522802,213256.639543704,97933.7513386519)
(19311140.5501315,197076.978936752,166032.281445613)
(19253434.4312377,169448.971734109,264081.843629395)
(19147194.9611469,127088.113800822,416488.453597914)
(18955807.8587602,69266.3036435939,665018.077300704)
(18616925.8251,7887.7417731873,1076162.59724895)
(18001452.9896417,-18212.3994834224,1768001.63406644)
(16630149.1373887,-8779.27250081172,3259232.61688165)
(12837011.4852071,-508.073739743902,7977178.23293328)
(0,0,0)
(0,0,0)
(0,0,0)
(0,0,0)
(0,0,0)
(0,0,0)
(19300045.1350458,337435.625673341,38144.6008757952)
(19287349.0505351,329363.457634782,81770.751268147)
(19256759.9402192,311638.333223299,138524.799927898)
(19195215.7243581,280996.67884129,221889.887698006)
(19076239.4026649,232461.562221861,358762.72948226)
(18852008.1833401,161365.28468046,603698.170382186)
(18456743.8644073,75069.8265887989,1050102.48749021)
(17850846.93927,32941.5565150613,1777482.37006739)
(16552369.9097222,36348.0299619875,3267553.4244426)
(12807134.9522636,25637.9917634218,7977677.96476347)
(0,0,0)
(0,0,0)
(0,0,0)
(0,0,0)
(0,0,0)
(0,0,0)
(19205420.8543265,499172.119109798,30039.9590862579)
(19193005.0607874,491637.609060605,64061.3708971568)
(19162232.6560532,475377.570442963,107982.658247864)
(19097440.7351914,447924.820357554,173502.538094693)
(18963925.9640957,405861.940463425,287741.217935273)
(18690501.6630746,347091.159559731,517458.52161)
(18168807.5818672,277727.096308719,1007924.68200909)
(17571643.0981351,217032.499127916,1780780.3229583)
(16430462.9211754,158736.292293125,3256789.82589609)
(12762698.2304886,85770.4258030483,7951895.63921118)
(0,0,0)
(0,0,0)
(0,0,0)
(0,0,0)
(0,0,0)
(0,0,0)
(19036999.5476205,732465.292170218,22551.1201617623)
(19025423.7160535,726244.719885515,47869.8218199332)
(18996071.2531319,713128.349311399,80588.9209816945)
(18932433.8403947,691498.850900311,131493.12693323)
(18797373.5784595,658774.712716817,228966.144633544)
(18516116.8481368,611263.575584599,448050.737558011)
(17987777.1319704,545470.212672689,947128.247815536)
(17416983.5950954,461253.87778691,1722304.6995367)
(16326666.8738956,335956.859345215,3183693.32731546)
(12711784.6508441,177637.931794947,7865940.2409634)
(0,0,0)
(0,0,0)
(0,0,0)
(0,0,0)
(0,0,0)
(0,0,0)
(18724606.1547736,1092768.55629576,16399.9568412238)
(18714515.9902161,1087975.67714925,34820.553587598)
(18688474.4763784,1078185.87960224,59039.8068715361)
(18630696.1942665,1062599.86028593,98782.0680106129)
(18504753.9085439,1039430.97169792,181387.521938785)
(18235799.2675445,1003313.30101195,382137.057244301)
(17723342.0518546,940335.451483211,862798.951054905)
(17208184.5170209,828546.516357583,1596812.51388487)
(16173033.7351448,605125.313281628,3025182.28754185)
(12624948.0789813,323475.806169126,7688053.2124282)
(0,0,0)
(0,0,0)
(0,0,0)
(0,0,0)
(0,0,0)
(0,0,0)
(18100115.9698274,1731956.54686981,11642.5632609154)
(18092166.0745879,1728103.67241116,24997.2116117419)
(18071401.6196638,1720364.34101427,43420.8261208034)
(18024692.1155845,1708334.93931255,75507.6696476045)
(17920909.7345184,1690951.72662766,145151.59749439)
(17692765.132476,1662841.58022482,319038.764460118)
(17244232.3124662,1598066.40950344,750852.552555487)
(16908316.2497042,1397429.06587096,1373160.91460516)
(15863266.865548,1070453.34976771,2743247.80182212)
(12424014.3300015,612281.558226408,7364213.34880273)
(0,0,0)
(0,0,0)
(0,0,0)
(0,0,0)
(0,0,0)
(0,0,0)
(16688416.624736,3199962.20842094,7782.90663844083)
(16683080.0135622,3196288.18407427,17117.9231012654)
(16669204.320452,3188396.83818264,31204.7787446895)
(16638637.9941207,3174500.3140779,57867.2190535309)
(16573682.3781666,3149807.31205788,116856.661862212)
(16441564.2494366,3100491.15816114,254167.062759433)
(16203424.5430112,2989284.7194717,550078.384546397)
(15868935.4606136,2736068.87984379,1045940.19363627)
(14924619.5809185,2288683.64590699,2284716.41533502)
(11812745.6319297,1492249.04342249,6751567.63971678)
(0,0,0)
(0,0,0)
(0,0,0)
(0,0,0)
(0,0,0)
(0,0,0)
(12861230.7770588,7912326.55903021,3990.41710914573)
(12858584.6841193,7908487.36108071,8993.20714349294)
(12851768.7467483,7899755.65706474,17042.9377042873)
(12837086.6707266,7883032.06076485,32840.532461183)
(12806899.743002,7850510.76611229,67315.4157630691)
(12747540.7010689,7783414.72771451,142818.251980138)
(12637630.177323,7640709.46536037,296694.263352883)
(12427143.2558536,7344081.27147283,598268.546637355)
(11813200.9232376,6745994.14761576,1487880.62530531)
(9605203.38834054,5258490.6779295,5258924.75148913)
(0,0,0)
(0,0,0)
(0,0,0)
(0,0,0)
(0,0,0)
(0,0,0)
(0,0,0)
(0,0,0)
(0,0,0)
(0,0,0)
(0,0,0)
(0,0,0)
(0,0,0)
(0,0,0)
(0,0,0)
(0,0,0)
(0,0,0)
(0,0,0)
(0,0,0)
(0,0,0)
(0,0,0)
(0,0,0)
(0,0,0)
(0,0,0)
(0,0,0)
(0,0,0)
(0,0,0)
(0,0,0)
(0,0,0)
(0,0,0)
(0,0,0)
(0,0,0)
(0,0,0)
(0,0,0)
(0,0,0)
(0,0,0)
(0,0,0)
(0,0,0)
(0,0,0)
(0,0,0)
(0,0,0)
(0,0,0)
(0,0,0)
(0,0,0)
(0,0,0)
(0,0,0)
(0,0,0)
(0,0,0)
(0,0,0)
(0,0,0)
(0,0,0)
(0,0,0)
(0,0,0)
(0,0,0)
(0,0,0)
(0,0,0)
(0,0,0)
(0,0,0)
(0,0,0)
(0,0,0)
(0,0,0)
(0,0,0)
(0,0,0)
(0,0,0)
(0,0,0)
(0,0,0)
(0,0,0)
(0,0,0)
(0,0,0)
(0,0,0)
(0,0,0)
(0,0,0)
(0,0,0)
(0,0,0)
(0,0,0)
(0,0,0)
(0,0,0)
(0,0,0)
(0,0,0)
(0,0,0)
(0,0,0)
(0,0,0)
(0,0,0)
(0,0,0)
(0,0,0)
(0,0,0)
(0,0,0)
(0,0,0)
(0,0,0)
(0,0,0)
(0,0,0)
(0,0,0)
(0,0,0)
(0,0,0)
(0,0,0)
(0,0,0)
(0,0,0)
(0,0,0)
(0,0,0)
(0,0,0)
(0,0,0)
(0,0,0)
(-338550.856735082,49318.5511490106,41419.1034572053)
(-352433.601065191,46358.0376645113,87061.9562016855)
(-383814.364385413,39843.4031484008,141671.749875032)
(-441085.960734564,28616.2654805696,210568.831307933)
(-539252.95807251,11603.9649535287,297987.945760256)
(-703165.808287675,-10436.8731526068,399355.367684498)
(-971363.821544999,-30695.7221022844,473518.675348584)
(-1395889.49857545,-34947.9041799806,352529.685364065)
(-2004751.1231423,-24042.117062862,-578567.025312007)
(-2457672.23587657,-11009.3031616084,-4893822.07337479)
(0,0,0)
(0,0,0)
(0,0,0)
(0,0,0)
(0,0,0)
(0,0,0)
(-353224.130771657,103410.907552029,38452.3920796321)
(-366844.401453842,97855.051746951,80519.0409902829)
(-397928.387507923,85338.6946909503,130464.205692595)
(-455276.796184573,63021.0979097105,193599.012843787)
(-554961.469819227,27062.2357936177,276054.1419141)
(-723346.56437037,-24136.987764787,379200.206869892)
(-997834.104108914,-77504.2163804569,469419.820564899)
(-1418281.27785001,-86590.4166486324,363561.947440854)
(-2015981.48753703,-53826.0154437651,-565446.990351245)
(-2461628.41030472,-22553.2305364748,-4882713.78371849)
(0,0,0)
(0,0,0)
(0,0,0)
(0,0,0)
(0,0,0)
(0,0,0)
(-385974.457628418,166794.263320976,32829.7120219989)
(-399174.152536136,159460.646383154,67966.9952744484)
(-429729.33897934,142594.990506166,108192.861642277)
(-487661.250943289,111207.914396734,157714.000408383)
(-592557.521584963,56201.6981249666,224939.293881162)
(-778334.661787404,-34359.5547348618,325916.654471042)
(-1086429.14659251,-152097.001349789,460476.6842051)
(-1495890.29175253,-168653.173411539,396494.995434407)
(-2050050.82443003,-86456.9311642933,-534061.85395394)
(-2472548.19619397,-30347.56428174,-4860095.56573545)
(0,0,0)
(0,0,0)
(0,0,0)
(0,0,0)
(0,0,0)
(0,0,0)
(-444663.338193176,242715.419315961,25399.5903162717)
(-457206.81238815,234949.433968659,51078.9387262779)
(-486950.755611364,217094.617598151,76902.2805370741)
(-546133.852718335,183248.242087301,102823.802995092)
(-662775.271732268,120235.092244455,134417.356344964)
(-899560.129791221,30.3040493126302,208208.083764409)
(-1361851.6312515,-212633.136813155,443951.987958774)
(-1749952.73423194,-246033.883654707,478744.644776001)
(-2135404.13401865,-85404.1368946794,-477921.832680345)
(-2495983.57716669,-18740.9782253155,-4829797.61623435)
(0,0,0)
(0,0,0)
(0,0,0)
(0,0,0)
(0,0,0)
(0,0,0)
(-543532.941857945,330667.212413544,17614.2761591317)
(-555056.706647741,323988.07958799,33249.6710472653)
(-583177.170591312,309210.136476864,43156.2518851681)
(-642430.793223397,282976.887766863,39911.4076927407)
(-772937.173568197,239412.022862443,14209.8878108076)
(-1107045.14711538,172866.483001682,-4467.20787941926)
(-2199112.72475856,96941.5243093906,410490.710695933)
(-2609224.76659288,62592.8867298142,639344.078111572)
(-2302812.6427612,55073.814789683,-411246.036563833)
(-2534414.49875134,34896.7248679871,-4811158.73734488)
(0,0,0)
(0,0,0)
(0,0,0)
(0,0,0)
(0,0,0)
(0,0,0)
(-706630.205713886,419926.598794269,10982.6400260257)
(-716732.305872247,415199.92265365,18539.0919583935)
(-741956.882860034,405438.85189633,16950.7856030694)
(-797108.451460495,389727.43511148,-3645.19681423641)
(-924021.653742829,366170.983068195,-52396.651745398)
(-1257345.96635835,331017.939707271,-80473.020883558)
(-2296392.47400178,281184.341424268,376066.041045876)
(-2672068.89360556,252590.895051026,631732.794497839)
(-2380823.07505401,182405.919457566,-431497.088148298)
(-2572809.41861749,90828.9819734217,-4846223.00271978)
(0,0,0)
(0,0,0)
(0,0,0)
(0,0,0)
(0,0,0)
(0,0,0)
(-973334.824866846,468139.733768453,6340.1177384691)
(-981654.810558912,465469.228650532,8853.88558888797)
(-1002878.26132104,460967.677266584,1290.07099020788)
(-1050978.98600983,456504.783627812,-27199.8241775435)
(-1167554.31209185,455523.207490268,-87631.5548916024)
(-1494039.56683429,460269.185516062,-130431.693249253)
(-2578006.56721608,461278.299168673,347435.241149387)
(-2925319.85485465,528731.039912193,561411.741236102)
(-2498693.03814725,295385.332825091,-523228.625766933)
(-2636101.40367702,122546.687501144,-4937284.57556413)
(0,0,0)
(0,0,0)
(0,0,0)
(0,0,0)
(0,0,0)
(0,0,0)
(-1399093.23701138,320262.045494835,3699.16818456362)
(-1405363.39790107,319001.117188361,4309.02520796021)
(-1421594.15362,318120.531192995,-3235.7823624068)
(-1459352.77640294,322222.193865004,-28296.0275399207)
(-1555860.29119068,343647.136211536,-83037.6574797284)
(-1855433.84895887,411596.80453359,-129554.021990255)
(-3039459.72225758,557260.836351308,414767.748623087)
(-2477522.30881879,358058.477005633,327891.143124993)
(-2592353.36932568,131792.736359201,-696283.752463112)
(-2733954.22836156,993.362239975055,-5060149.59576658)
(0,0,0)
(0,0,0)
(0,0,0)
(0,0,0)
(0,0,0)
(0,0,0)
(-2009971.08055235,-627157.220893721,2419.24474906885)
(-2014028.76336795,-628146.754971629,3288.16691142574)
(-2024446.26581134,-629012.326684259,683.884124285006)
(-2047677.91053359,-627067.261298058,-7098.48298605952)
(-2100839.19947617,-617031.470143054,-15286.0259163347)
(-2227903.03058788,-593614.359204657,16004.6909185552)
(-2505586.0296664,-576594.47252969,215482.845549352)
(-2596585.10087769,-705787.339491005,101461.496609466)
(-2835412.90345427,-822758.743066356,-827342.266519906)
(-2880221.1499079,-715309.759833364,-5061460.08953678)
(0,0,0)
(0,0,0)
(0,0,0)
(0,0,0)
(0,0,0)
(0,0,0)
(-2461650.27249905,-4948992.05373616,1328.15547260192)
(-2463624.42375888,-4950204.87805694,2207.65950828767)
(-2468631.61318034,-4952175.72012157,2383.68594653643)
(-2479376.88841204,-4954249.23386832,2641.4907275372)
(-2502199.26886269,-4956602.01886107,7923.32438248834)
(-2550063.84448687,-4964365.06545837,32890.8492640767)
(-2638488.26353854,-4997148.45433232,86175.5450004237)
(-2736864.75485118,-5083265.69877247,-15725.811941257)
(-2881100.90771395,-5067369.48922569,-720200.961758144)
(-2780353.96490161,-4346851.16046476,-4346489.93481245)
(0,0,0)
(0,0,0)
(0,0,0)
(0,0,0)
(0,0,0)
(0,0,0)
(0,0,0)
(0,0,0)
(0,0,0)
(0,0,0)
(0,0,0)
(0,0,0)
(0,0,0)
(0,0,0)
(0,0,0)
(0,0,0)
(0,0,0)
(0,0,0)
(0,0,0)
(0,0,0)
(0,0,0)
(0,0,0)
(0,0,0)
(0,0,0)
(0,0,0)
(0,0,0)
(0,0,0)
(0,0,0)
(0,0,0)
(0,0,0)
(0,0,0)
(0,0,0)
(0,0,0)
(0,0,0)
(0,0,0)
(0,0,0)
(0,0,0)
(0,0,0)
(0,0,0)
(0,0,0)
(0,0,0)
(0,0,0)
(0,0,0)
(0,0,0)
(0,0,0)
(0,0,0)
(0,0,0)
(0,0,0)
(0,0,0)
(0,0,0)
(0,0,0)
(0,0,0)
(0,0,0)
(0,0,0)
(0,0,0)
(0,0,0)
(0,0,0)
(0,0,0)
(0,0,0)
(0,0,0)
(0,0,0)
(0,0,0)
(0,0,0)
(0,0,0)
(0,0,0)
(0,0,0)
(0,0,0)
(0,0,0)
(0,0,0)
(0,0,0)
(0,0,0)
(0,0,0)
(0,0,0)
(0,0,0)
(0,0,0)
(0,0,0)
(0,0,0)
(0,0,0)
(0,0,0)
(0,0,0)
(0,0,0)
(0,0,0)
(0,0,0)
(0,0,0)
(0,0,0)
(0,0,0)
(0,0,0)
(0,0,0)
(0,0,0)
(0,0,0)
(0,0,0)
(0,0,0)
(0,0,0)
(0,0,0)
(0,0,0)
(0,0,0)
(0,0,0)
(0,0,0)
(0,0,0)
(0,0,0)
(0,0,0)
(0,0,0)
(-400504.766646698,34548.634909534,27405.2750020821)
(-412217.031330052,31826.1409010879,55362.5643658593)
(-438123.714036143,25639.0242652087,84032.8897513824)
(-483452.704818689,14350.6734927271,112048.960342777)
(-556785.173527284,-4154.0300166493,133735.205814199)
(-669652.397054476,-30613.0975853015,130834.892166302)
(-832028.470361831,-57147.9548542352,48647.4958373684)
(-1033362.13113525,-57315.6904353327,-256564.181167498)
(-1194443.25682195,-35247.2160566704,-1031624.83143114)
(-1037986.11880699,-14960.9103048059,-2436350.03819589)
(0,0,0)
(0,0,0)
(0,0,0)
(0,0,0)
(0,0,0)
(0,0,0)
(-413776.739867473,70426.9199729676,24674.3240323806)
(-424838.004461491,65333.4973163054,49160.5706248136)
(-449321.236854172,53385.2499452914,72807.1942909842)
(-492258.133018905,30515.8517360863,93623.3528819506)
(-562261.551964872,-10589.7375815263,107359.142592467)
(-671897.634196965,-79093.5937452345,104390.708578999)
(-833205.555383328,-166030.6431476,48644.8481467783)
(-1028446.60735734,-164117.26733568,-234388.245445542)
(-1186517.50476358,-87826.9506286241,-1011272.49364703)
(-1033103.25372456,-33441.8663228683,-2421316.69420921)
(0,0,0)
(0,0,0)
(0,0,0)
(0,0,0)
(0,0,0)
(0,0,0)
(-442951.532469578,107892.748422223,19511.246391909)
(-452767.590219242,101243.876183276,37194.3052080429)
(-474406.998566327,85245.3566584234,50011.8580818965)
(-512423.601562565,52686.8108389193,52603.2495983399)
(-575465.058976118,-13985.6308346787,38906.6802426448)
(-680611.808025334,-155443.212076708,17533.4448120314)
(-858339.244703191,-427330.0754429,50742.9752180144)
(-1028798.17213419,-422558.233188098,-157908.178547922)
(-1167342.52699278,-171695.99368344,-956747.43293036)
(-1021239.65741865,-53716.8486588678,-2387780.98936969)
(0,0,0)
(0,0,0)
(0,0,0)
(0,0,0)
(0,0,0)
(0,0,0)
(-493344.644129737,143786.087720326,12787.9666384658)
(-501400.843050523,137026.158663038,21199.7148210824)
(-518881.22022281,120814.27224944,17561.2638415168)
(-548903.772715795,86973.3360648487,-13955.341386951)
(-598345.211849281,10161.6578658285,-102532.689970442)
(-695957.548871347,-207272.16215575,-254306.32081128)
(-1049441.01185675,-1049636.10899211,55589.0933431708)
(-1104863.86275598,-1105068.88943937,93010.8781184646)
(-1122753.7340245,-252619.980601109,-838715.534958028)
(-997285.508719146,-57061.6267908915,-2334068.82527361)
(0,0,0)
(0,0,0)
(0,0,0)
(0,0,0)
(0,0,0)
(0,0,0)
(-573309.737158049,167506.578486277,6056.30453415131)
(-579278.32039717,162240.756556094,5063.32039052497)
(-591528.488722537,150381.894889497,-16152.9841182986)
(-609259.090880608,128317.935104408,-90669.2855006454)
(-621825.149917654,88388.8442671744,-320008.495552542)
(-560289.418152103,22707.5020645515,-1096743.88873612)
(-8.67235751437332e-05,-2.41670233448901e-05,5.77403582977302e-05)
(664.795147348826,30.7003562594223,945380.317091979)
(-944198.741601928,-22717.6716354501,-643135.893032993)
(-954181.570514608,-3379.86487910071,-2277050.58318153)
(0,0,0)
(0,0,0)
(0,0,0)
(0,0,0)
(0,0,0)
(0,0,0)
(-693140.978740023,153156.901690207,860.449822211369)
(-697108.324011335,150197.266314141,-6720.04179675393)
(-704529.548364721,144433.48907812,-38198.9704806833)
(-712207.617618625,135823.451537066,-130605.320755213)
(-703089.237040093,122665.4878839,-385814.381074687)
(-595222.174846187,94459.8823679731,-1119690.55289027)
(-7.8805166171179e-05,-3.25884907601017e-05,4.58660899074019e-05)
(385.15836657256,-389.694939365265,922621.983497972)
(-921820.312956458,64722.6646442502,-623821.114879271)
(-953850.742911383,27632.5231558435,-2273792.17862024)
(0,0,0)
(0,0,0)
(0,0,0)
(0,0,0)
(0,0,0)
(0,0,0)
(-860460.942338397,42292.5670867447,-2009.54792497594)
(-862734.070022231,41686.4681255539,-12419.4902730749)
(-866258.297642228,42193.7450965605,-46799.7099703173)
(-866278.579918408,48107.636617203,-143784.301141877)
(-841702.648666431,67203.7219695713,-414174.198652972)
(-698191.014398266,98918.4921410871,-1214481.36086211)
(-0.000212250808162139,7.5820278882074e-05,5.85431141809827e-05)
(528.44100101862,976651.634945975,987795.29391972)
(-987047.049894082,201819.837707462,-660947.867396658)
(-992605.203705121,24747.1800130125,-2301558.72422573)
(0,0,0)
(0,0,0)
(0,0,0)
(0,0,0)
(0,0,0)
(0,0,0)
(-1063630.29395809,-290576.179155025,-2594.19681152976)
(-1064720.23646036,-289617.649684625,-11933.2404420732)
(-1065691.59882145,-284693.041890232,-40949.0082538381)
(-1061327.52959156,-266093.434058919,-124773.184389105)
(-1029404.71284576,-201401.253493923,-382623.787270538)
(-864570.096461163,39052.8785702115,-1313621.92619736)
(112.352097041571,1091112.0919383,976542.996119815)
(-976213.191919978,239025.459984072,212860.05418288)
(-1228290.13981868,-111247.813642445,-838135.523974218)
(-1075545.80713561,-145284.518979595,-2326512.24620758)
(0,0,0)
(0,0,0)
(0,0,0)
(0,0,0)
(0,0,0)
(0,0,0)
(-1220120.49241303,-1078755.58688836,-1671.18040597926)
(-1220554.97918917,-1077646.79025521,-7115.82401416182)
(-1220618.22526885,-1073128.64203743,-22508.2644094379)
(-1217287.27923326,-1058751.01680576,-60241.3129629212)
(-1201670.84682713,-1018481.30869178,-142329.610414096)
(-1153584.87390224,-915924.266323864,-261670.622205666)
(-1090898.56353671,-709629.259227469,124383.262830403)
(-1249536.40789636,-846115.887634888,-137524.082531966)
(-1343400.23367702,-868451.631004241,-872332.934947406)
(-1100898.78994705,-615463.369491738,-2181476.44439613)
(0,0,0)
(0,0,0)
(0,0,0)
(0,0,0)
(0,0,0)
(0,0,0)
(-1052467.30134716,-2487277.65917615,-660.898864084127)
(-1052622.63678029,-2486538.10652751,-2771.3695703626)
(-1052597.70637332,-2483590.21601186,-8343.70240294485)
(-1051285.40051885,-2474990.87053843,-20195.3365634269)
(-1046361.08488163,-2454580.48123782,-39934.3479984536)
(-1035864.58915546,-2414549.64343251,-55508.2262212184)
(-1032500.59491102,-2358912.66923451,-12212.4848416498)
(-1088595.6352996,-2346569.13589718,-160028.356130925)
(-1103678.54699336,-2186342.6028088,-619559.745046952)
(-882539.452053446,-1566548.43999397,-1566289.18739287)
(0,0,0)
(0,0,0)
(0,0,0)
(0,0,0)
(0,0,0)
(0,0,0)
(0,0,0)
(0,0,0)
(0,0,0)
(0,0,0)
(0,0,0)
(0,0,0)
(0,0,0)
(0,0,0)
(0,0,0)
(0,0,0)
(0,0,0)
(0,0,0)
(0,0,0)
(0,0,0)
(0,0,0)
(0,0,0)
(0,0,0)
(0,0,0)
(0,0,0)
(0,0,0)
(0,0,0)
(0,0,0)
(0,0,0)
(0,0,0)
(0,0,0)
(0,0,0)
(0,0,0)
(0,0,0)
(0,0,0)
(0,0,0)
(0,0,0)
(0,0,0)
(0,0,0)
(0,0,0)
(0,0,0)
(0,0,0)
(0,0,0)
(0,0,0)
(0,0,0)
(0,0,0)
(0,0,0)
(0,0,0)
(0,0,0)
(0,0,0)
(0,0,0)
(0,0,0)
(0,0,0)
(0,0,0)
(0,0,0)
(0,0,0)
(0,0,0)
(0,0,0)
(0,0,0)
(0,0,0)
(0,0,0)
(0,0,0)
(0,0,0)
(0,0,0)
(0,0,0)
(0,0,0)
(0,0,0)
(0,0,0)
(0,0,0)
(0,0,0)
(0,0,0)
(0,0,0)
(0,0,0)
(0,0,0)
(0,0,0)
(0,0,0)
(0,0,0)
(0,0,0)
(0,0,0)
(0,0,0)
(0,0,0)
(0,0,0)
(0,0,0)
(0,0,0)
(0,0,0)
(0,0,0)
(0,0,0)
(0,0,0)
(0,0,0)
(0,0,0)
(0,0,0)
(0,0,0)
(0,0,0)
(0,0,0)
(0,0,0)
(0,0,0)
(0,0,0)
(0,0,0)
(0,0,0)
(0,0,0)
(0,0,0)
(0,0,0)
(-437086.619369665,21113.8046599525,15468.0480630179)
(-444934.1214736,19061.748885298,29123.3893212699)
(-461620.785855154,14312.7941034725,38307.6670368029)
(-488921.251025948,5442.96436608253,38333.2488779811)
(-529234.494524939,-9701.93493656147,20484.5048121971)
(-584403.129605401,-32885.2790043473,-31879.4836325361)
(-652465.277327438,-58359.1677858446,-153083.508881085)
(-716056.482144542,-52408.4954570111,-417980.662414786)
(-709715.151857515,-27295.0301500571,-875413.737229175)
(-504711.337607374,-10063.0515309728,-1398625.46689781)
(0,0,0)
(0,0,0)
(0,0,0)
(0,0,0)
(0,0,0)
(0,0,0)
(-447097.060701804,41029.5328911699,13404.5926031133)
(-453962.08029194,37199.4224268817,24390.9948919739)
(-468247.064582456,28106.0032545927,29523.6134691349)
(-490775.988362999,10224.8661336856,23259.5670456323)
(-522202.156949008,-23853.3664729652,-2648.39643382941)
(-562311.913959134,-87831.1691706704,-57288.2265053366)
(-610666.174555027,-191184.656366925,-147002.118752555)
(-670628.500218128,-164442.298726193,-392786.42262257)
(-679917.808526133,-68568.9239141183,-858112.225095961)
(-491286.929752798,-21515.4406797653,-1388476.15991892)
(0,0,0)
(0,0,0)
(0,0,0)
(0,0,0)
(0,0,0)
(0,0,0)
(-468687.319139549,57213.3495005101,9551.97006062874)
(-473669.809165895,52327.2407029985,15326.3707311685)
(-483232.760989726,40526.5355111254,11731.6008980373)
(-495820.884193922,16069.1563732262,-10715.4067101449)
(-506546.795563694,-36916.889679904,-66570.1469156305)
(-503694.958238725,-170767.876518559,-160550.28935434)
(-471674.354592409,-618342.170388409,-120057.665443633)
(-518041.423624629,-498520.904453219,-296735.808226173)
(-594703.18067676,-127030.792494396,-810913.285961929)
(-457123.599892237,-29716.5823487573,-1366828.20181936)
(0,0,0)
(0,0,0)
(0,0,0)
(0,0,0)
(0,0,0)
(0,0,0)
(-504444.224874345,63644.3247440356,4668.60550108557)
(-506959.158263093,58964.6785520255,3589.48286462236)
(-510149.059957733,47991.1017532379,-12607.243642567)
(-508399.719094581,26526.4618070157,-63568.602697573)
(-485129.237696027,-13315.0522134619,-200386.414317279)
(-387581.452033352,-71496.5121702327,-608033.8755036)
(-4.27783614248123e-05,-6.99912898061622e-06,2.12312064728269e-05)
(475.487367711877,680.471637262879,74825.5219154259)
(-387509.965470586,-73904.989137924,-713544.049994958)
(-389577.003809841,-13868.0890223186,-1337101.04823072)
(0,0,0)
(0,0,0)
(0,0,0)
(0,0,0)
(0,0,0)
(0,0,0)
(-557361.097196225,47639.181632716,56.5031494975938)
(-557356.404115831,44369.1961282326,-7269.93070805367)
(-554170.128560248,37316.3682129146,-33953.5573300239)
(-538672.894718561,25314.1883101635,-103327.479995222)
(-486959.275562377,7108.37747076224,-258616.784034712)
(-341609.200358273,-12178.2722161969,-536615.241782555)
(4.48618377771259e-06,-3.39354267232539e-06,-0.000101450008419708)
(-9.44174079291594e-05,-1.30376786125257e-05,6.18192175023839e-06)
(589.501862097056,-155.420785013273,-653530.927199539)
(-295330.839749598,-2948.68985242284,-1323301.05713442)
(0,0,0)
(0,0,0)
(0,0,0)
(0,0,0)
(0,0,0)
(0,0,0)
(-628213.440090769,-14169.5261754768,-3118.83084106472)
(-626197.476173262,-15455.5817266093,-14204.9008242958)
(-618154.846273294,-17350.1716764981,-45913.0630263112)
(-592956.08644748,-18306.1377935288,-121544.268093763)
(-523506.948815666,-15977.391314709,-278040.787532707)
(-352328.351458933,-8488.7583535593,-524624.124782593)
(-1.59757469907995e-06,-8.739581269113e-06,-7.82064228903987e-05)
(-6.94461186830724e-05,-2.56167513170498e-05,4.2998698492953e-06)
(524.5186170314,-359.43076182249,-656274.069804319)
(-281590.814705344,-11055.6337933701,-1320427.05406942)
(0,0,0)
(0,0,0)
(0,0,0)
(0,0,0)
(0,0,0)
(0,0,0)
(-709503.507284354,-160817.606720261,-4309.35450925809)
(-706276.189846817,-160230.457116028,-15992.3592952518)
(-695573.983125914,-157195.564963916,-46831.2805241552)
(-665252.051003598,-146937.947436914,-119225.999795576)
(-585713.213756668,-120495.08204458,-270697.743975467)
(-393539.896256579,-67463.5497407907,-516374.070729942)
(-1.15988012634352e-05,-0.000123673134866921,-9.16283736306586e-05)
(-0.000119726242361118,-9.91458665030107e-07,3.57654965497516e-06)
(510.040401540416,-39368.1106998367,-666863.949780285)
(-302964.967963042,-58161.6711031123,-1309398.14821263)
(0,0,0)
(0,0,0)
(0,0,0)
(0,0,0)
(0,0,0)
(0,0,0)
(-773870.980595149,-446878.299440498,-3698.62064271116)
(-770466.28694308,-445273.720804225,-12909.3064717986)
(-759727.765985382,-439495.972434368,-36572.7318374025)
(-730020.951345038,-421994.565801817,-92822.6917190159)
(-651282.727282912,-373682.277398616,-217757.481927822)
(-450792.033389174,-250021.734643689,-448977.36009692)
(-0.00014366290803888,3.94750504854536e-06,1.11395089873968e-05)
(215.142410426691,-34287.5835703284,-39415.4777866274)
(-395046.611112101,-226350.918850795,-685676.198342246)
(-397440.099803859,-170624.722814268,-1251318.85396285)
(0,0,0)
(0,0,0)
(0,0,0)
(0,0,0)
(0,0,0)
(0,0,0)
(-753852.231742644,-911009.810783754,-2136.74932712649)
(-751186.60890451,-909608.866619506,-7169.97379651509)
(-743050.715836105,-905070.375429462,-19163.0802341659)
(-721060.410165826,-892773.350636613,-44611.1644668013)
(-662495.023111145,-863287.991110126,-94181.2744712722)
(-500459.413763426,-798362.827739774,-198965.641513989)
(-34.5590654964736,-651372.027303459,-34392.7026056531)
(-401426.853131477,-685228.741854379,-231561.099086499)
(-542525.263288571,-628749.721269717,-630037.26705603)
(-423619.774052871,-397107.558054191,-1080833.44771028)
(0,0,0)
(0,0,0)
(0,0,0)
(0,0,0)
(0,0,0)
(0,0,0)
(-527863.841858897,-1434776.19955439,-837.070717636465)
(-526474.785454415,-1433861.06985949,-2732.71880353917)
(-522380.469704023,-1431007.23516023,-7013.09574207333)
(-511990.683453543,-1423808.37572301,-15272.7877210018)
(-487155.687806138,-1408387.94317355,-29378.2327330551)
(-432582.331939627,-1378918.08517126,-52105.2325174134)
(-340948.380787723,-1326664.99177899,-68364.4821651958)
(-408823.612275241,-1258155.68603004,-175209.561013897)
(-426315.515361871,-1082786.50545768,-398535.808457437)
(-310194.196278114,-684087.629715338,-683900.992571634)
(0,0,0)
(0,0,0)
(0,0,0)
(0,0,0)
(0,0,0)
(0,0,0)
(0,0,0)
(0,0,0)
(0,0,0)
(0,0,0)
(0,0,0)
(0,0,0)
(0,0,0)
(0,0,0)
(0,0,0)
(0,0,0)
(0,0,0)
(0,0,0)
(0,0,0)
(0,0,0)
(0,0,0)
(0,0,0)
(0,0,0)
(0,0,0)
(0,0,0)
(0,0,0)
(0,0,0)
(0,0,0)
(0,0,0)
(0,0,0)
(0,0,0)
(0,0,0)
(0,0,0)
(0,0,0)
(0,0,0)
(0,0,0)
(0,0,0)
(0,0,0)
(0,0,0)
(0,0,0)
(0,0,0)
(0,0,0)
(0,0,0)
(0,0,0)
(0,0,0)
(0,0,0)
(0,0,0)
(0,0,0)
(0,0,0)
(0,0,0)
(0,0,0)
(0,0,0)
(0,0,0)
(0,0,0)
(0,0,0)
(0,0,0)
(0,0,0)
(0,0,0)
(0,0,0)
(0,0,0)
(0,0,0)
(0,0,0)
(0,0,0)
(0,0,0)
(0,0,0)
(0,0,0)
(0,0,0)
(0,0,0)
(0,0,0)
(0,0,0)
(0,0,0)
(0,0,0)
(0,0,0)
(0,0,0)
(0,0,0)
(0,0,0)
(0,0,0)
(0,0,0)
(0,0,0)
(0,0,0)
(0,0,0)
(0,0,0)
(0,0,0)
(0,0,0)
(0,0,0)
(0,0,0)
(0,0,0)
(0,0,0)
(0,0,0)
(0,0,0)
(0,0,0)
(0,0,0)
(0,0,0)
(0,0,0)
(0,0,0)
(0,0,0)
(0,0,0)
(0,0,0)
(0,0,0)
(0,0,0)
(0,0,0)
(0,0,0)
(-455346.738472707,10882.2672055439,7377.85189750328)
(-459471.898210705,9827.98234595343,12087.6462886545)
(-467656.663647496,7494.70529686183,10628.818784134)
(-479420.03062405,3442.8313354688,-2315.23295323364)
(-493717.444883323,-2763.17651143836,-35069.1060834134)
(-508356.655407515,-10837.3212956296,-100278.258985664)
(-519111.96808994,-16590.1831175799,-217041.385105592)
(-514142.696260365,-7000.884928037,-411954.286061732)
(-453455.163350013,2493.68901787637,-670707.963587085)
(-284538.448786631,3351.46377143454,-894232.316179319)
(0,0,0)
(0,0,0)
(0,0,0)
(0,0,0)
(0,0,0)
(0,0,0)
(-461713.772293271,19168.5980991568,6330.38069785784)
(-464836.148284493,17236.0302328211,9796.40080354522)
(-470528.576150052,12894.0694937069,6678.54817430205)
(-477240.226552942,5040.87556149529,-8455.25786178394)
(-482043.115035748,-8271.94101692469,-43105.5352695566)
(-480987.016481991,-29266.4990722131,-106001.254970118)
(-473661.2178274,-52218.2962564488,-207378.098558872)
(-470779.031567262,-11833.263656321,-402395.188481458)
(-426756.435975224,16700.7895952308,-669763.661609702)
(-272894.731873058,12683.5442524241,-897487.939970438)
(0,0,0)
(0,0,0)
(0,0,0)
(0,0,0)
(0,0,0)
(0,0,0)
(-475028.903384115,21098.6092465362,4411.57309719196)
(-476251.541797719,18732.9372045235,5496.39875731597)
(-477124.005700415,13372.6342230096,-1090.92126129484)
(-473517.844404904,3327.68771954071,-21680.7732083628)
(-456836.723407432,-15605.8949159454,-64056.8914656046)
(-413421.725127968,-54690.2955116246,-128906.328136957)
(-339387.324845863,-146542.625211985,-166869.028927968)
(-343186.915451093,20182.4280479633,-373739.228805789)
(-358392.639206239,80297.2985204988,-673646.279201585)
(-245958.488316574,37894.3326621687,-910022.179186979)
(0,0,0)
(0,0,0)
(0,0,0)
(0,0,0)
(0,0,0)
(0,0,0)
(-495803.687970892,10374.1270192407,2083.94532383686)
(-494640.911002229,8286.18989269105,212.445374808893)
(-489295.287779995,3748.43745184034,-11017.1300317589)
(-471703.161181005,-3908.21306426745,-40477.7871615248)
(-422862.687233164,-15240.4328682863,-103109.799672044)
(-299113.586401954,-25546.7396757933,-220721.221139274)
(-3.61386067810781e-05,-7.66281032882606e-06,-3.5299837649572e-06)
(635.66651588283,510.455992655052,-313590.325278751)
(-219172.769675509,314367.654296039,-715997.876849375)
(-200288.734370651,80489.4224469087,-947881.236073292)
(0,0,0)
(0,0,0)
(0,0,0)
(0,0,0)
(0,0,0)
(0,0,0)
(-523651.148837943,-23358.340978983,22.5196399483858)
(-520264.38882465,-24552.9757181558,-4230.33004038471)
(-509365.018100596,-26720.1308668327,-18566.8721813659)
(-480375.760517451,-29035.1125585542,-51737.1068881917)
(-410963.018728104,-29509.8765826777,-113463.920008072)
(-262431.484144405,-22929.0003295755,-195259.37556816)
(4.21046942794708e-06,-1.89937727216883e-06,-7.77871820836971e-06)
(-8.31239418700717e-05,-3.83360110987513e-06,-1.50778354148777e-05)
(459.76072699931,-126.503166911188,-949930.82998051)
(-147213.546029536,10883.6838389049,-1028442.38509256)
(0,0,0)
(0,0,0)
(0,0,0)
(0,0,0)
(0,0,0)
(0,0,0)
(-554933.060896822,-95505.1231111596,-1133.59706177304)
(-550035.925844718,-95571.3979029199,-6276.7252055551)
(-535586.224808281,-94779.8812787265,-20785.5962586791)
(-499948.045133243,-90641.0890996503,-52187.6610318219)
(-419950.338690335,-78248.445239104,-107005.702500726)
(-260024.266566578,-49738.2647018645,-172500.523020795)
(-7.89923881575777e-07,-4.68772124441873e-06,-1.58690614229504e-11)
(-5.8026582102174e-05,-4.4265662199054e-06,-1.08265873399304e-05)
(385.318462409683,-337.104198985691,-938858.345079714)
(-137861.910475291,-32364.0626030948,-1039339.50286776)
(0,0,0)
(0,0,0)
(0,0,0)
(0,0,0)
(0,0,0)
(0,0,0)
(-578715.186349017,-225131.004663142,-1162.43938336687)
(-573286.487021061,-224344.58739235,-5378.95271969187)
(-557901.825053563,-221277.093714378,-16553.8983563894)
(-520975.312157466,-211713.065196908,-39758.6611052619)
(-439042.258326328,-186090.217465745,-78587.8443089627)
(-274243.691070286,-124731.017295202,-122891.296901915)
(-8.49931169037622e-06,-8.90797009280752e-06,-1.87423836525426e-11)
(-0.000100805470977932,-6.95904178190652e-06,-1.63883145635685e-05)
(420.419358956378,-434969.184731629,-970793.387813465)
(-146544.639337055,-152613.58370187,-1006964.1953407)
(0,0,0)
(0,0,0)
(0,0,0)
(0,0,0)
(0,0,0)
(0,0,0)
(-571964.923432073,-426684.629375809,-352.432450407245)
(-567115.007168634,-425824.102028131,-2224.19758906615)
(-553605.764785381,-422706.484308495,-6916.8081949498)
(-521501.811129669,-413017.367026709,-14131.6465805183)
(-449298.707703525,-384922.006718132,-17283.8769075201)
(-294898.79038112,-299712.362474445,1804.22526367151)
(-0.000124002554424159,-2.43146761563716e-05,-3.70159911442868e-06)
(128.240350931683,-435966.371882426,-434936.532959583)
(-202693.453462092,-373865.668662352,-688393.206678861)
(-187338.450111846,-196801.489496494,-854306.95057624)
(0,0,0)
(0,0,0)
(0,0,0)
(0,0,0)
(0,0,0)
(0,0,0)
(-496050.657493428,-684964.965708888,478.762083866761)
(-492590.352029966,-684842.550913401,900.954094582778)
(-483191.719479043,-684411.544438161,2747.0178671782)
(-461489.970753861,-683762.55543589,13921.7668644105)
(-413331.946613857,-688057.585153631,67894.2688026199)
(-303131.478419464,-730615.594394553,301469.56537876)
(61.9323996782754,-992400.301627693,-435928.791704842)
(-207783.948611266,-692708.413145822,-372829.654961647)
(-265283.469235634,-512601.028835099,-511336.088841836)
(-190555.307192054,-283707.125864669,-657494.919334495)
(0,0,0)
(0,0,0)
(0,0,0)
(0,0,0)
(0,0,0)
(0,0,0)
(-306418.542090927,-906936.98752586,526.722049008394)
(-304696.869585349,-907404.459505689,1310.71477223132)
(-300114.534889897,-908700.269254844,3333.50477478576)
(-290032.445601559,-911949.92378517,9562.63527207415)
(-269517.506506208,-921406.009153522,25272.8779720428)
(-230910.805966461,-946580.244382801,39566.001987119)
(-171479.441465553,-985994.668773754,-136308.570188988)
(-195482.818047407,-849556.997248717,-192800.780313925)
(-192565.630845112,-656627.065264924,-282524.628400857)
(-128580.615016782,-373982.288341182,-373863.047185677)
(0,0,0)
(0,0,0)
(0,0,0)
(0,0,0)
(0,0,0)
(0,0,0)
(0,0,0)
(0,0,0)
(0,0,0)
(0,0,0)
(0,0,0)
(0,0,0)
(0,0,0)
(0,0,0)
(0,0,0)
(0,0,0)
(0,0,0)
(0,0,0)
(0,0,0)
(0,0,0)
(0,0,0)
(0,0,0)
(0,0,0)
(0,0,0)
(0,0,0)
(0,0,0)
(0,0,0)
(0,0,0)
(0,0,0)
(0,0,0)
(0,0,0)
(0,0,0)
(0,0,0)
(0,0,0)
(0,0,0)
(0,0,0)
(0,0,0)
(0,0,0)
(0,0,0)
(0,0,0)
(0,0,0)
(0,0,0)
(0,0,0)
(0,0,0)
(0,0,0)
(0,0,0)
(0,0,0)
(0,0,0)
(0,0,0)
(0,0,0)
(0,0,0)
(0,0,0)
(0,0,0)
(0,0,0)
(0,0,0)
(0,0,0)
(0,0,0)
(0,0,0)
(0,0,0)
(0,0,0)
(0,0,0)
(0,0,0)
(0,0,0)
(0,0,0)
(0,0,0)
(0,0,0)
(0,0,0)
(0,0,0)
(0,0,0)
(0,0,0)
(0,0,0)
(0,0,0)
(0,0,0)
(0,0,0)
(0,0,0)
(0,0,0)
(0,0,0)
(0,0,0)
(0,0,0)
(0,0,0)
(0,0,0)
(0,0,0)
(0,0,0)
(0,0,0)
(0,0,0)
(0,0,0)
(0,0,0)
(0,0,0)
(0,0,0)
(0,0,0)
(0,0,0)
(0,0,0)
(0,0,0)
(0,0,0)
(0,0,0)
(0,0,0)
(0,0,0)
(0,0,0)
(0,0,0)
(0,0,0)
(0,0,0)
(0,0,0)
(-462646.03822914,4277.56689433444,3021.73286208981)
(-464272.858274278,4245.47474706242,3577.21817859806)
(-467020.615579325,4442.96521727988,-1501.79510684993)
(-469524.364159431,5514.95835907427,-16912.4199305403)
(-469490.933588973,8852.28651596838,-49991.2177408583)
(-463504.193905479,16489.1982312447,-111332.87747414)
(-446886.950079623,28843.9712876417,-212401.866772091)
(-411262.184681808,36346.9072508536,-351629.2856015)
(-332050.068679058,29168.8423023963,-502203.222574854)
(-191601.923852646,14985.8071323694,-610125.554641197)
(0,0,0)
(0,0,0)
(0,0,0)
(0,0,0)
(0,0,0)
(0,0,0)
(-465956.901050912,5518.33821847856,3002.35743349489)
(-466912.577831973,5518.68130728942,3805.58042074829)
(-467988.889370415,6059.43577050191,-350.576912117118)
(-467178.704239295,8624.19859492798,-13521.3394616176)
(-461202.151066379,16825.5109030428,-42335.5278180625)
(-446052.784597297,38214.7073687668,-98995.2688402854)
(-420947.390847926,82038.9913081951,-204904.115840324)
(-396329.913853154,115765.097628317,-358771.423931907)
(-325132.265567609,85078.2007113567,-516304.952748485)
(-188831.037792622,39634.6487889899,-625017.488485534)
(0,0,0)
(0,0,0)
(0,0,0)
(0,0,0)
(0,0,0)
(0,0,0)
(-472412.191597551,-100.299775955957,3001.92620786641)
(-472079.891318524,-11.4067601160923,4360.36379607177)
(-469910.033553459,922.974765907328,2282.85265370862)
(-462287.197075627,4915.92827890163,-5239.52435954059)
(-442463.275980551,18162.4501331541,-20949.911016537)
(-400461.160473592,59514.7352618909,-55210.5035640343)
(-334360.220035999,192957.259185407,-171155.876251117)
(-373359.690128453,364150.657969677,-389368.661915121)
(-320701.30851738,219628.502501707,-561610.294394312)
(-187089.1932214,83614.8496670974,-664459.7903676)
(0,0,0)
(0,0,0)
(0,0,0)
(0,0,0)
(0,0,0)
(0,0,0)
(-481130.808958946,-17889.2774823573,3116.09869445556)
(-479188.006463318,-17689.3813786792,5341.16877410272)
(-472827.642846542,-16588.3226680569,6384.82127461241)
(-455737.201281287,-12808.2751563412,8143.06481014107)
(-413411.306869889,-3527.5867103753,20381.7212904047)
(-308404.292120508,11035.914442642,78151.2478282085)
(-2.14539283949131e-05,2.30902990021185e-06,-1.42826841388804e-05)
(-432941.870357974,95.8049939264036,-533860.674284287)
(-370016.100349293,534127.670814792,-697516.511923579)
(-199895.839964118,133643.240967758,-747937.797630767)
(0,0,0)
(0,0,0)
(0,0,0)
(0,0,0)
(0,0,0)
(0,0,0)
(-489996.075615551,-54874.8383745789,3330.4876698237)
(-486616.882080085,-54509.0474937325,6502.6470403183)
(-476629.866267572,-53074.3820352275,10253.5545744676)
(-451674.429575596,-48741.5078773392,17485.4563536153)
(-393226.16034964,-38628.7197562695,34849.731021037)
(-262839.002285219,-20608.8977933019,66902.0613977939)
(6.37338549723353e-06,6.46829817773815e-08,8.7360281143537e-07)
(-5.64122099992458e-05,1.10957301685989e-06,-2.6593928943695e-05)
(-674519.236242284,-148.862450693117,-1097998.48148138)
(-250290.216700495,20292.7567412174,-881571.326583863)
(0,0,0)
(0,0,0)
(0,0,0)
(0,0,0)
(0,0,0)
(0,0,0)
(-494102.131962667,-119415.389304336,3709.62199560477)
(-489931.450722841,-118947.860609431,8043.95998943432)
(-478143.550474188,-117189.382809544,14716.2864296578)
(-449879.695577879,-111759.193027438,27665.6220243942)
(-386254.959588592,-97428.2512173602,52769.774383744)
(-251190.653742475,-64015.8808312403,87343.1445975798)
(9.85905320074976e-07,-6.66387499639093e-07,1.22663330458315e-12)
(-3.97850218006838e-05,3.13534642290345e-06,-2.02673324809004e-05)
(-638685.222482483,-316.203339132201,-1077462.56433162)
(-252203.432324415,-41031.1643507105,-901797.121390558)
(0,0,0)
(0,0,0)
(0,0,0)
(0,0,0)
(0,0,0)
(0,0,0)
(-483910.429043893,-218399.28929143,4179.14268198)
(-479781.180249247,-218169.426032959,9895.40133368872)
(-468490.762840872,-216974.115567688,20269.0718791386)
(-442260.454380893,-212268.187968692,42063.2090438167)
(-384157.48380287,-196378.508831298,86128.6921342996)
(-257982.523614063,-145412.716296254,151264.360143085)
(-4.44257975670925e-06,-2.67391577269171e-06,-1.33817267871629e-12)
(-5.52705873014251e-05,-1.19950934859485e-05,-3.04044451058276e-05)
(-699779.86812592,-638120.629215702,-1118099.74277352)
(-251545.181821354,-193390.840850306,-860739.523789623)
(0,0,0)
(0,0,0)
(0,0,0)
(0,0,0)
(0,0,0)
(0,0,0)
(-444053.489279499,-350739.216535563,4428.49309156534)
(-440770.476100927,-351278.748288413,11193.2842793169)
(-432174.669785456,-352290.474625095,25078.5483367977)
(-413618.518345684,-353045.08024569,57972.1478298073)
(-375771.053794628,-348994.143095893,137060.128185503)
(-291890.306361725,-307996.442276732,296635.370146587)
(-7.18074808878134e-05,-4.01623705852862e-05,-1.07079465114378e-05)
(-514809.994117164,-643976.332646475,-637932.314270391)
(-368912.592809618,-436543.561436718,-673290.24270185)
(-186687.416002372,-200048.14408786,-667283.97357377)
(0,0,0)
(0,0,0)
(0,0,0)
(0,0,0)
(0,0,0)
(0,0,0)
(-355216.279185276,-495442.608580279,3869.01373655669)
(-353153.684258939,-497040.948347706,10194.5460248241)
(-348209.196397628,-501394.233931257,24315.7822495694)
(-339858.697039865,-512357.121232,61996.5495218807)
(-334069.263096799,-544316.605547276,178056.328456206)
(-379153.985588787,-658511.279331248,604593.672680034)
(-783789.483676018,-1164059.64864818,-643866.881551578)
(-384681.139926353,-680524.783050523,-430421.239832434)
(-255494.040570221,-439976.282332104,-436777.947602475)
(-138422.903589761,-221771.944041796,-467186.551250826)
(0,0,0)
(0,0,0)
(0,0,0)
(0,0,0)
(0,0,0)
(0,0,0)
(-203388.246289978,-600698.235020089,2225.33063886439)
(-202446.989394962,-602898.691110471,5833.19321124538)
(-200280.84083624,-608736.267965271,13341.5331916018)
(-197036.516427208,-622051.433844685,30039.9166299371)
(-195617.228840682,-652052.976880988,63876.0102981149)
(-208600.381965608,-715907.491319808,98961.7982858308)
(-261488.340072989,-814734.676751535,-160354.275003381)
(-192145.313798708,-654286.780442597,-189929.781860012)
(-139592.151806416,-464232.631964446,-218646.911266364)
(-78082.5292815025,-245473.513347759,-245443.427695679)
(0,0,0)
(0,0,0)
(0,0,0)
(0,0,0)
(0,0,0)
(0,0,0)
(0,0,0)
(0,0,0)
(0,0,0)
(0,0,0)
(0,0,0)
(0,0,0)
(0,0,0)
(0,0,0)
(0,0,0)
(0,0,0)
(0,0,0)
(0,0,0)
(0,0,0)
(0,0,0)
(0,0,0)
(0,0,0)
(0,0,0)
(0,0,0)
(0,0,0)
(0,0,0)
(0,0,0)
(0,0,0)
(0,0,0)
(0,0,0)
(0,0,0)
(0,0,0)
(0,0,0)
(0,0,0)
(0,0,0)
(0,0,0)
(0,0,0)
(0,0,0)
(0,0,0)
(0,0,0)
(0,0,0)
(0,0,0)
(0,0,0)
(0,0,0)
(0,0,0)
(0,0,0)
(0,0,0)
(0,0,0)
(0,0,0)
(0,0,0)
(0,0,0)
(0,0,0)
(0,0,0)
(0,0,0)
(0,0,0)
(0,0,0)
(0,0,0)
(0,0,0)
(0,0,0)
(0,0,0)
(0,0,0)
(0,0,0)
(0,0,0)
(0,0,0)
(0,0,0)
(0,0,0)
(0,0,0)
(0,0,0)
(0,0,0)
(0,0,0)
(0,0,0)
(0,0,0)
(0,0,0)
(0,0,0)
(0,0,0)
(0,0,0)
(0,0,0)
(0,0,0)
(0,0,0)
(0,0,0)
(0,0,0)
(0,0,0)
(0,0,0)
(0,0,0)
(0,0,0)
(0,0,0)
(0,0,0)
(0,0,0)
(0,0,0)
(0,0,0)
(0,0,0)
(0,0,0)
(0,0,0)
(0,0,0)
(0,0,0)
(0,0,0)
(0,0,0)
(0,0,0)
(0,0,0)
(0,0,0)
(0,0,0)
(0,0,0)
(-464660.339376665,812.421231355568,1201.87991617351)
(-465148.398582844,1474.48207263222,602.938152106072)
(-465558.275959767,3362.24176938605,-4221.64323684189)
(-464467.125069543,7796.39551078244,-17075.2778375129)
(-459483.292569516,17132.1536971171,-44215.0725540861)
(-446686.147230169,33931.9550637578,-94965.0742931563)
(-419558.919436875,54794.4616079678,-177087.566543875)
(-366844.379807637,51280.9617237647,-272786.333141807)
(-278775.846963653,36060.9326996121,-362121.487556827)
(-152634.356197202,17743.5237767951,-418832.578989062)
(0,0,0)
(0,0,0)
(0,0,0)
(0,0,0)
(0,0,0)
(0,0,0)
(-465847.25855331,-1192.06177017895,1894.84050392883)
(-466191.040415026,113.86660534275,2533.91855427278)
(-466273.028193939,3914.32341283706,265.975734348616)
(-464761.445956048,13361.9849703792,-7716.872008499)
(-459828.335244415,35460.2506038879,-27418.7847372306)
(-449113.884737309,83717.1634989782,-74142.8930324345)
(-428222.715954209,168573.524421919,-180646.630740105)
(-376410.58999588,138691.528286503,-287976.521160102)
(-286131.204700684,89469.2782179272,-380385.927545345)
(-156312.139428869,41358.8740205746,-436520.176152881)
(0,0,0)
(0,0,0)
(0,0,0)
(0,0,0)
(0,0,0)
(0,0,0)
(-467575.205288006,-9219.05321204287,3190.00513232078)
(-467606.601173026,-7498.4551549367,6329.03674710047)
(-467050.04388532,-2360.75306961719,9744.12356142053)
(-464764.911338014,11154.6388736288,14429.1839205623)
(-460337.293907773,46963.3451831464,20800.107268528)
(-457979.775123987,151393.780944753,10642.1044731484)
(-471863.028362067,527255.904600319,-210537.467379173)
(-412643.933636278,304545.68052106,-337107.3761059)
(-310315.386639374,170342.600426055,-428366.620192034)
(-167228.420592766,70837.0440040783,-477705.562804173)
(0,0,0)
(0,0,0)
(0,0,0)
(0,0,0)
(0,0,0)
(0,0,0)
(-468127.413873155,-27141.3721140067,4918.92381617553)
(-467740.42151675,-25511.840521646,11484.7242363269)
(-466275.860373685,-20738.0884468098,23310.2771406642)
(-462562.041716029,-9034.9727968055,50324.7292458325)
(-457727.779516041,16422.287795776,125182.259279351)
(-474624.19178749,56392.2563677715,386403.68352331)
(-700247.892416477,-398.051922293236,-433290.438971567)
(-523395.510268373,432961.690365788,-471252.808905895)
(-372847.430976203,229635.425714037,-527714.30356698)
(-191689.278375323,83289.122766715,-548372.943918396)
(0,0,0)
(0,0,0)
(0,0,0)
(0,0,0)
(0,0,0)
(0,0,0)
(-464519.325661297,-59238.5530436994,6620.43097544212)
(-463760.28014338,-58099.6623688293,16351.6508859157)
(-461288.983677751,-54820.2076996947,35092.887548974)
(-454295.627522689,-47149.1069278412,75828.219627096)
(-434186.321267308,-31848.9141901534,165059.582530703)
(-361723.772340693,-9123.54886514386,329460.157819088)
(-3.80135642165131e-05,1.44359982762775e-05,3.44842689184655e-05)
(-691664.545056913,-106.375238643272,-674584.195304559)
(-481171.165230822,35674.3267648208,-673971.167366804)
(-227782.486111961,18396.0856917026,-631585.860880316)
(0,0,0)
(0,0,0)
(0,0,0)
(0,0,0)
(0,0,0)
(0,0,0)
(-451864.238962241,-109311.038494143,7834.59245001662)
(-451035.183545886,-108914.580740968,19753.2436452004)
(-448442.280453743,-107652.462904248,42884.2288293117)
(-441098.265913784,-104241.720837985,91195.4130753595)
(-419165.408517069,-95438.5996872522,187695.547500934)
(-340052.297782625,-70907.6700026647,338341.312678603)
(-2.96899527845747e-05,2.45449317558403e-05,2.45761355021428e-05)
(-650036.162112457,-284.241335285842,-638716.064405047)
(-489084.091109809,-61492.8836991301,-691149.985313757)
(-234714.710935236,-40395.2369057862,-649847.384105451)
(0,0,0)
(0,0,0)
(0,0,0)
(0,0,0)
(0,0,0)
(0,0,0)
(-422951.976826828,-178538.133493391,8268.642782176)
(-422393.119514044,-179152.967616979,21118.9689229801)
(-420765.279450152,-180672.656013907,46413.6786419194)
(-416520.889445071,-183647.443595846,100079.836463952)
(-403671.547384997,-188038.531195489,212193.83155431)
(-346352.216226964,-179371.997109886,409027.85127444)
(-4.37514624309611e-05,3.75377861220695e-05,3.14002835080259e-05)
(-715674.721311526,-514840.273192839,-699755.772983788)
(-483760.415833327,-307276.114895834,-669991.994079671)
(-224057.859037902,-128526.811246413,-609347.742522498)
(0,0,0)
(0,0,0)
(0,0,0)
(0,0,0)
(0,0,0)
(0,0,0)
(-368387.721489919,-261882.130788558,7678.22950558416)
(-368294.059790397,-263650.11739093,19698.9629690058)
(-368333.107795354,-268335.754524944,43520.4994899356)
(-370130.146284223,-279324.530946946,95709.2147795738)
(-381638.013121822,-307328.054678964,220865.697590248)
(-443430.712890818,-395312.885185904,588346.992195368)
(-800788.634921806,-783854.88365599,-514868.974888204)
(-538559.560734108,-513884.850841886,-492074.830622212)
(-353914.446871648,-323175.823171667,-491173.26828434)
(-173849.476915878,-151814.935568731,-480723.083048524)
(0,0,0)
(0,0,0)
(0,0,0)
(0,0,0)
(0,0,0)
(0,0,0)
(-279244.928893226,-343756.79310103,5903.31202042537)
(-279468.99411423,-346461.299600481,15029.8040852646)
(-280469.26726371,-353568.707968321,32522.8283947293)
(-284702.228266296,-369635.52565582,67677.354330039)
(-300663.577671496,-405961.904223597,132905.518449368)
(-353294.063213896,-488073.386514235,199806.097402811)
(-481108.54942356,-641853.557873521,-244876.162632111)
(-354130.282682909,-488019.296461642,-301292.574255809)
(-236069.086376222,-324110.882231361,-319782.469390109)
(-119709.436405528,-161464.434131924,-328846.438011135)
(0,0,0)
(0,0,0)
(0,0,0)
(0,0,0)
(0,0,0)
(0,0,0)
(-152773.771592781,-397533.090405636,3161.82260740858)
(-152982.465981128,-400700.787413035,7936.78700612753)
(-153751.176222992,-408659.776991366,16498.1914159186)
(-156395.567040237,-425179.34658663,31401.0629597578)
(-164450.859736091,-456587.631905691,50860.4215372696)
(-184339.299200681,-507459.432202571,45985.3844606831)
(-212933.878704765,-553340.521149869,-91082.1136312021)
(-171653.240453146,-462173.52503479,-137419.958403616)
(-119259.102574522,-324670.830497609,-157193.059369266)
(-61930.6235390828,-167398.169860971,-167411.229382644)
(0,0,0)
(0,0,0)
(0,0,0)
(0,0,0)
(0,0,0)
(0,0,0)
(0,0,0)
(0,0,0)
(0,0,0)
(0,0,0)
(0,0,0)
(0,0,0)
(0,0,0)
(0,0,0)
(0,0,0)
(0,0,0)
(0,0,0)
(0,0,0)
(0,0,0)
(0,0,0)
(0,0,0)
(0,0,0)
(0,0,0)
(0,0,0)
(0,0,0)
(0,0,0)
(0,0,0)
(0,0,0)
(0,0,0)
(0,0,0)
(0,0,0)
(0,0,0)
(0,0,0)
(0,0,0)
(0,0,0)
(0,0,0)
(0,0,0)
(0,0,0)
(0,0,0)
(0,0,0)
(0,0,0)
(0,0,0)
(0,0,0)
(0,0,0)
(0,0,0)
(0,0,0)
(0,0,0)
(0,0,0)
(0,0,0)
(0,0,0)
(0,0,0)
(0,0,0)
(0,0,0)
(0,0,0)
(0,0,0)
(0,0,0)
(0,0,0)
(0,0,0)
(0,0,0)
(0,0,0)
(0,0,0)
(0,0,0)
(0,0,0)
(0,0,0)
(0,0,0)
(0,0,0)
(0,0,0)
(0,0,0)
(0,0,0)
(0,0,0)
(0,0,0)
(0,0,0)
(0,0,0)
(0,0,0)
(0,0,0)
(0,0,0)
(0,0,0)
(0,0,0)
(0,0,0)
(0,0,0)
(0,0,0)
(0,0,0)
(0,0,0)
(0,0,0)
(0,0,0)
(0,0,0)
(0,0,0)
(0,0,0)
(0,0,0)
(0,0,0)
(0,0,0)
(0,0,0)
(0,0,0)
(0,0,0)
(0,0,0)
(0,0,0)
(0,0,0)
(0,0,0)
(0,0,0)
(0,0,0)
(0,0,0)
(0,0,0)
(-464746.284698364,-492.709862243529,578.655183937864)
(-464940.916833722,350.298288277497,20.8751465390549)
(-464807.42085009,2587.80689513386,-3317.78685826451)
(-463003.128151195,7451.94966191679,-12233.7334385368)
(-456942.625670979,16777.0350641055,-31551.4354011819)
(-441727.782516796,31505.8660484552,-68015.6661630029)
(-409107.282875369,46134.0272629357,-124601.329987444)
(-348208.355670935,41718.3409502822,-184955.695074423)
(-256173.354819999,28695.1176260884,-236253.304844168)
(-136487.817676841,14057.1999964305,-266457.043360959)
(0,0,0)
(0,0,0)
(0,0,0)
(0,0,0)
(0,0,0)
(0,0,0)
(-464697.609290106,-3092.77490702969,1450.41578158341)
(-465223.327201544,-1468.78953983672,2301.79039621133)
(-465945.830050971,2987.45553366667,1574.9436147111)
(-466059.555502919,13253.7108721134,-2928.70804861121)
(-464006.583847122,34891.6994153315,-16865.1237971327)
(-455839.128019011,74776.8265582669,-53410.8410252471)
(-431272.105385058,124817.972980123,-129045.397311583)
(-368112.64422308,102331.963261695,-197956.965395802)
(-269738.790332931,65204.5553881884,-250858.81752565)
(-143080.302942854,30425.7100702967,-280459.164085538)
(0,0,0)
(0,0,0)
(0,0,0)
(0,0,0)
(0,0,0)
(0,0,0)
(-463670.231843393,-10079.0604381581,3081.31208651564)
(-464807.72522089,-7955.6777272266,6769.32432176974)
(-467227.953560858,-1919.35060598779,11854.0401369609)
(-471464.233071992,13090.0418831117,18717.0308599358)
(-479075.742235567,49384.0271582013,22963.151444859)
(-491423.333110459,134590.320222608,-3406.78423300922)
(-497607.917095559,298685.947174353,-151529.869693747)
(-420457.3238843,193636.08736707,-235020.603551112)
(-302311.987845109,107727.676609611,-285547.123566799)
(-158017.006134342,46385.1582775077,-310717.986232429)
(0,0,0)
(0,0,0)
(0,0,0)
(0,0,0)
(0,0,0)
(0,0,0)
(-459507.360254991,-23920.839099032,5221.72504271133)
(-461400.865868088,-21923.2623479886,12849.7540148044)
(-466111.76685798,-16128.5966189794,26894.9065120886)
(-476525.665193064,-1084.93070757422,55033.5025798188)
(-501143.130803385,39724.1415028427,108108.739522519)
(-561652.251510563,169091.365790721,160635.753677492)
(-683904.94162652,699586.362249061,-256607.612187177)
(-529991.904724499,264510.986701635,-320886.117065608)
(-360444.254740802,121212.807368286,-346774.424059693)
(-182325.099678726,47191.2569300323,-356944.701408816)
(0,0,0)
(0,0,0)
(0,0,0)
(0,0,0)
(0,0,0)
(0,0,0)
(-448786.491770065,-46963.5806830338,7309.90769276599)
(-451401.878964619,-45750.647184809,18778.8913508281)
(-458342.934798448,-42311.5714201498,42015.8172726985)
(-474932.536691895,-34267.0872280081,95834.8829623372)
(-518889.520962554,-17101.4645378581,237363.688698285)
(-658590.463391475,12295.570030596,691026.175509186)
(-1215379.08584965,-363.311789416595,-691725.117537143)
(-696074.432494721,41339.1689491764,-464143.412346865)
(-431097.725985227,27668.2150329554,-420672.259257128)
(-208674.246445853,11427.1308926093,-404016.372885823)
(0,0,0)
(0,0,0)
(0,0,0)
(0,0,0)
(0,0,0)
(0,0,0)
(-426884.088193947,-80581.5647217297,8637.83327040479)
(-430031.908734854,-80473.076249365,22356.9875239282)
(-438417.726667968,-80158.5201037848,50179.3824217886)
(-458393.225465858,-79833.6666063291,113040.921352185)
(-509806.723297611,-80102.3403934822,266683.111988347)
(-661925.159864518,-77387.6973099228,678239.241410769)
(-1189588.60525377,-441.859307821689,-650049.530660596)
(-714848.786175228,-66127.1406529517,-477770.596995675)
(-446093.850732389,-56269.657731023,-436822.964609139)
(-215067.074011535,-29789.7550623465,-415253.715577879)
(0,0,0)
(0,0,0)
(0,0,0)
(0,0,0)
(0,0,0)
(0,0,0)
(-388345.451951805,-124012.068415311,8823.97881856231)
(-391661.237399377,-125126.224099089,22745.2445536206)
(-400447.428870347,-128330.139968226,50599.013838254)
(-421244.599120655,-137347.322293859,112836.379201375)
(-474216.2475243,-166108.72307464,269387.462021831)
(-632917.307492152,-276522.597251756,755087.453228865)
(-1236484.21040808,-800780.267777116,-715716.341261257)
(-691847.482055009,-337815.463233164,-467855.257937573)
(-420065.561833786,-177513.791057086,-410305.978611059)
(-200485.299711997,-78365.3529713806,-385302.940027923)
(0,0,0)
(0,0,0)
(0,0,0)
(0,0,0)
(0,0,0)
(0,0,0)
(-327405.957616707,-172727.631479108,7733.79919058439)
(-330411.019896437,-174845.523587449,19570.0587849814)
(-338226.481782048,-180493.792460759,41627.0852642093)
(-355987.887796048,-193953.906293645,84091.4107758193)
(-396212.310173092,-226434.411066845,158991.395819298)
(-486517.11233458,-305253.990313375,230809.188324674)
(-653772.150682883,-464231.821492385,-252755.742198974)
(-492141.446304825,-329504.546943791,-307484.772917638)
(-322410.147280435,-205387.938062456,-311114.925503489)
(-158783.775053782,-97706.3319179822,-306839.648418973)
(0,0,0)
(0,0,0)
(0,0,0)
(0,0,0)
(0,0,0)
(0,0,0)
(-240200.152547749,-217429.703323282,5657.2954986999)
(-242469.396054622,-220129.404975008,13941.5788266509)
(-248234.391477928,-226971.670869872,28184.5814499815)
(-260647.766737464,-241439.168975902,51615.3826034045)
(-285846.617225636,-269859.757874236,80223.768964931)
(-330987.45275357,-319211.317891053,71874.4860822789)
(-381708.276036753,-373741.206212974,-118016.402583951)
(-312771.396810325,-305557.137031388,-183322.698368931)
(-214011.897506777,-207328.317406501,-203439.507894321)
(-108017.840190743,-103716.082320594,-209121.353706496)
(0,0,0)
(0,0,0)
(0,0,0)
(0,0,0)
(0,0,0)
(0,0,0)
(-128095.455371838,-245052.159747162,2944.14020293785)
(-129272.546126854,-248012.08437801,7116.89975166488)
(-132256.547818659,-255129.723035274,13780.3235127347)
(-138386.859000964,-268935.387949292,23267.8344468486)
(-149726.22161205,-292243.690934357,30927.1293829257)
(-166775.408311822,-323176.530692044,17328.45129505)
(-179046.575325608,-340439.639989115,-49860.4183079633)
(-151462.899760517,-290520.97115086,-85086.9248811216)
(-106362.660987123,-205429.259057793,-99882.4248172286)
(-54545.5343308471,-105501.416045856,-105482.180300202)
(0,0,0)
(0,0,0)
(0,0,0)
(0,0,0)
(0,0,0)
(0,0,0)
(0,0,0)
(0,0,0)
(0,0,0)
(0,0,0)
(0,0,0)
(0,0,0)
(0,0,0)
(0,0,0)
(0,0,0)
(0,0,0)
(0,0,0)
(0,0,0)
(0,0,0)
(0,0,0)
(0,0,0)
(0,0,0)
(0,0,0)
(0,0,0)
(0,0,0)
(0,0,0)
(0,0,0)
(0,0,0)
(0,0,0)
(0,0,0)
(0,0,0)
(0,0,0)
(0,0,0)
(0,0,0)
(0,0,0)
(0,0,0)
(0,0,0)
(0,0,0)
(0,0,0)
(0,0,0)
(0,0,0)
(0,0,0)
(0,0,0)
(0,0,0)
(0,0,0)
(0,0,0)
(0,0,0)
(0,0,0)
(0,0,0)
(0,0,0)
(0,0,0)
(0,0,0)
(0,0,0)
(0,0,0)
(0,0,0)
(0,0,0)
(0,0,0)
(0,0,0)
(0,0,0)
(0,0,0)
(0,0,0)
(0,0,0)
(0,0,0)
(0,0,0)
(0,0,0)
(0,0,0)
(0,0,0)
(0,0,0)
(0,0,0)
(0,0,0)
(0,0,0)
(0,0,0)
(0,0,0)
(0,0,0)
(0,0,0)
(0,0,0)
(0,0,0)
(0,0,0)
(0,0,0)
(0,0,0)
(0,0,0)
(0,0,0)
(0,0,0)
(0,0,0)
(0,0,0)
(0,0,0)
(0,0,0)
(0,0,0)
(0,0,0)
(0,0,0)
(0,0,0)
(0,0,0)
(0,0,0)
(0,0,0)
(0,0,0)
(0,0,0)
(0,0,0)
(0,0,0)
(0,0,0)
(0,0,0)
(0,0,0)
(0,0,0)
(-464469.646541204,-550.242635733505,273.604478572237)
(-464683.791538993,6.98609627310124,9.49308757596768)
(-464568.647190832,1426.40851854968,-1655.68909023339)
(-462800.99592466,4384.75070478809,-6242.57202155564)
(-456494.76359682,9705.6435475552,-16396.0776432645)
(-440046.91970588,17370.0467042621,-35446.9871584456)
(-404630.236990335,23918.9767096051,-63843.0097530911)
(-340708.447741221,21753.1535606637,-93096.0712434745)
(-247532.997748121,15072.1071412154,-116808.535456562)
(-130499.834178755,7425.60959950358,-130222.128554157)
(0,0,0)
(0,0,0)
(0,0,0)
(0,0,0)
(0,0,0)
(0,0,0)
(-463876.211337355,-2219.8854658701,848.244877386938)
(-464660.99690828,-1165.14736363027,1458.04804402839)
(-465994.064516387,1643.0095896226,1289.68143837174)
(-467206.152870472,7797.147238833,-976.117728122994)
(-466234.370995915,19742.7171386203,-8785.40417039733)
(-457408.313549066,39053.8865710636,-28900.058507139)
(-428512.527738544,58281.7516158515,-66022.4110598946)
(-362389.642731844,49785.8146565288,-99778.073646999)
(-262503.852136749,32490.545189086,-124431.449891048)
(-137873.165671297,15402.8855408302,-137615.863103926)
(0,0,0)
(0,0,0)
(0,0,0)
(0,0,0)
(0,0,0)
(0,0,0)
(-461605.660738837,-6191.95971900118,1907.50314857297)
(-463522.800094724,-4804.18315940452,4261.61381818454)
(-467726.271213935,-1020.48834777566,7423.42940865894)
(-475059.861960095,7855.39382275892,10960.8117128406)
(-485988.787587317,27131.6873161806,10484.8868870357)
(-496360.962150418,64143.4051371281,-9667.00263907122)
(-486616.054670069,112131.021714245,-74508.1351629569)
(-411991.549644642,83859.5656298994,-117047.66037598)
(-294820.014777679,49415.1633305486,-141464.251584882)
(-153156.332599786,22001.2385546588,-152923.278133265)
(0,0,0)
(0,0,0)
(0,0,0)
(0,0,0)
(0,0,0)
(0,0,0)
(-455366.22045796,-13617.5133017606,3284.41378572772)
(-458674.470414747,-12313.0818226441,8066.91699562931)
(-466708.904368592,-8668.3966294278,16311.9627878961)
(-482893.432212186,295.895016161761,30239.22861361)
(-513024.503548324,21801.9144013683,47450.3742733616)
(-560318.766967402,71949.3849329265,38310.909934399)
(-598509.287656881,167838.627391092,-102792.349712076)
(-495619.847287552,98170.2545804495,-151475.09609957)
(-344021.607572283,50351.5349385675,-168834.11487612)
(-175033.309956047,20743.4079535095,-174868.073997647)
(0,0,0)
(0,0,0)
(0,0,0)
(0,0,0)
(0,0,0)
(0,0,0)
(-441489.186882613,-25528.1534402999,4613.33525109057)
(-446095.397157709,-24779.932399283,11773.7040208193)
(-457855.799145971,-22691.8647244135,25310.0364633338)
(-483078.18614924,-17964.4625153243,51716.0434521642)
(-534688.072272201,-8194.4124514083,97510.9216145849)
(-632056.578294886,8783.47742748498,134142.944023443)
(-766072.30547005,25172.4568212169,-172497.665786303)
(-593487.359725907,22335.1275242752,-199249.611498918)
(-394132.545580341,12494.4353994196,-198357.692364655)
(-195653.585525488,4910.42402895063,-195545.369360453)
(0,0,0)
(0,0,0)
(0,0,0)
(0,0,0)
(0,0,0)
(0,0,0)
(-415533.22376097,-42306.8469821257,5427.82910884778)
(-420972.890217195,-42337.3526845349,13926.230876439)
(-434899.625524911,-42383.4257508779,30099.6907598411)
(-464911.781024315,-42844.8218363983,61498.6056393714)
(-526308.976895896,-44643.2501589008,114449.696945149)
(-640648.246593814,-48509.7505963372,150466.011698262)
(-790995.193150719,-47554.1902032575,-175400.753380311)
(-615515.712492191,-43320.2501730716,-209078.449365997)
(-406388.276870245,-30403.2087569716,-205886.379071757)
(-200402.715287543,-15330.4409504501,-200309.872816354)
(0,0,0)
(0,0,0)
(0,0,0)
(0,0,0)
(0,0,0)
(0,0,0)
(-372955.166309167,-63169.7771246916,5472.64449992535)
(-378442.320480653,-63991.0811029667,13907.4559996356)
(-392347.025299958,-66252.6557056078,29676.2823839775)
(-421909.498266392,-72228.2870214248,59724.6467147412)
(-481504.404232181,-88219.3667565672,110588.920020288)
(-592006.010044811,-130213.047658682,151380.919635283)
(-743280.507772618,-218176.477025592,-171200.496177818)
(-571977.49550896,-138246.720557305,-196144.012339637)
(-375814.758685594,-80005.3131935589,-190792.711051239)
(-184968.93270599,-36773.937086388,-184865.581921312)
(0,0,0)
(0,0,0)
(0,0,0)
(0,0,0)
(0,0,0)
(0,0,0)
(-309625.855131353,-85650.1461988976,4700.26658885188)
(-314333.294616572,-87024.6756222914,11656.1358283156)
(-325946.682251061,-90595.490036961,23719.1706286857)
(-349529.799678513,-98704.240572812,43737.0360625381)
(-393148.568849884,-116161.348930558,68615.276913327)
(-461695.509817152,-149834.588098687,63415.2148359029)
(-524983.803795038,-192269.824233562,-91279.7848439669)
(-433586.739800218,-150219.818735839,-137861.393170025)
(-295682.938287954,-97052.7680346627,-147541.147321414)
(-148094.355585975,-46957.194680063,-148047.309195543)
(0,0,0)
(0,0,0)
(0,0,0)
(0,0,0)
(0,0,0)
(0,0,0)
(-223717.883301043,-105514.235854399,3381.82040879121)
(-227099.294715331,-107128.916816869,8115.96026408008)
(-235199.830062879,-111158.294134543,15644.2029466134)
(-250715.821586574,-119298.466005698,26306.4832286078)
(-276883.364616606,-133830.391819055,35012.2735080768)
(-311762.272251087,-155080.833617086,21033.3385239941)
(-332615.207790123,-171122.682691119,-49206.8712650777)
(-283282.995936724,-144261.381148583,-84653.709725936)
(-198593.151571284,-99663.1411054357,-97462.0825906573)
(-101114.177579341,-50220.4949164629,-101102.44496566)
(0,0,0)
(0,0,0)
(0,0,0)
(0,0,0)
(0,0,0)
(0,0,0)
(-117934.581299195,-117417.872782997,1742.76285595569)
(-119637.895890931,-119110.070801508,4089.26660467256)
(-123712.893189335,-123170.263452149,7557.58129295181)
(-131187.737797169,-130763.674879538,11823.6689629966)
(-142895.519488266,-142637.708891512,13800.2839116703)
(-156575.952951002,-156457.913982757,4977.90891652532)
(-161439.165989454,-161401.931335548,-22350.2517751987)
(-139010.7013391,-139034.608507603,-40029.2228375964)
(-98977.5484396532,-99021.195303871,-48056.2811866301)
(-50935.5936418195,-50949.6935530241,-50937.0232390978)
(0,0,0)
(0,0,0)
(0,0,0)
(0,0,0)
(0,0,0)
(0,0,0)
(0,0,0)
(0,0,0)
(0,0,0)
(0,0,0)
(0,0,0)
(0,0,0)
(0,0,0)
(0,0,0)
(0,0,0)
(0,0,0)
(0,0,0)
(0,0,0)
(0,0,0)
(0,0,0)
(0,0,0)
(0,0,0)
(0,0,0)
(0,0,0)
(0,0,0)
(0,0,0)
(0,0,0)
(0,0,0)
(0,0,0)
(0,0,0)
(0,0,0)
(0,0,0)
(0,0,0)
(0,0,0)
(0,0,0)
(0,0,0)
(0,0,0)
(0,0,0)
(0,0,0)
(0,0,0)
(0,0,0)
(0,0,0)
(0,0,0)
(0,0,0)
(0,0,0)
(0,0,0)
(0,0,0)
(0,0,0)
(0,0,0)
(0,0,0)
(0,0,0)
(0,0,0)
(0,0,0)
(0,0,0)
(0,0,0)
(0,0,0)
(0,0,0)
(0,0,0)
(0,0,0)
(0,0,0)
(0,0,0)
(0,0,0)
(0,0,0)
(0,0,0)
(0,0,0)
(0,0,0)
(0,0,0)
(0,0,0)
(0,0,0)
(0,0,0)
(0,0,0)
(0,0,0)
(0,0,0)
(0,0,0)
(0,0,0)
(0,0,0)
(0,0,0)
(0,0,0)
(0,0,0)
(0,0,0)
(0,0,0)
(0,0,0)
(0,0,0)
(0,0,0)
(0,0,0)
(0,0,0)
(0,0,0)
(0,0,0)
(0,0,0)
(0,0,0)
(0,0,0)
(0,0,0)
(0,0,0)
(0,0,0)
(0,0,0)
(0,0,0)
(0,0,0)
(0,0,0)
(0,0,0)
(0,0,0)
(0,0,0)
(0,0,0)
(0,0,0)
(0,0,0)
(0,0,0)
(0,0,0)
(0,0,0)
(0,0,0)
(0,0,0)
(0,0,0)
(0,0,0)
(0,0,0)
(0,0,0)
(0,0,0)
(0,0,0)
(0,0,0)
(0,0,0)
(0,0,0)
(0,0,0)
(0,0,0)
(0,0,0)
(0,0,0)
(0,0,0)
(0,0,0)
(0,0,0)
(0,0,0)
(0,0,0)
(0,0,0)
(0,0,0)
(0,0,0)
(0,0,0)
(0,0,0)
(0,0,0)
(0,0,0)
(0,0,0)
(0,0,0)
(0,0,0)
(0,0,0)
(0,0,0)
(0,0,0)
(0,0,0)
(0,0,0)
(0,0,0)
(0,0,0)
(0,0,0)
(0,0,0)
(0,0,0)
(0,0,0)
(0,0,0)
(0,0,0)
(0,0,0)
(0,0,0)
(0,0,0)
(0,0,0)
(0,0,0)
(0,0,0)
(0,0,0)
(0,0,0)
(0,0,0)
(0,0,0)
(0,0,0)
(0,0,0)
(0,0,0)
(0,0,0)
(0,0,0)
(0,0,0)
(0,0,0)
(0,0,0)
(0,0,0)
(0,0,0)
(0,0,0)
(0,0,0)
(0,0,0)
(0,0,0)
(0,0,0)
(0,0,0)
(0,0,0)
(0,0,0)
(0,0,0)
(0,0,0)
(0,0,0)
(0,0,0)
(0,0,0)
(0,0,0)
(0,0,0)
(0,0,0)
(0,0,0)
(0,0,0)
(0,0,0)
(0,0,0)
(0,0,0)
(0,0,0)
(0,0,0)
(0,0,0)
(0,0,0)
(0,0,0)
(0,0,0)
(0,0,0)
(0,0,0)
(0,0,0)
(0,0,0)
(0,0,0)
(0,0,0)
(0,0,0)
(0,0,0)
(0,0,0)
(0,0,0)
(0,0,0)
(0,0,0)
(0,0,0)
(0,0,0)
(0,0,0)
(0,0,0)
(0,0,0)
(0,0,0)
(0,0,0)
(0,0,0)
(0,0,0)
(0,0,0)
(0,0,0)
(0,0,0)
(0,0,0)
(0,0,0)
(0,0,0)
(0,0,0)
(0,0,0)
(0,0,0)
(0,0,0)
(0,0,0)
(0,0,0)
(0,0,0)
(0,0,0)
(0,0,0)
(0,0,0)
(0,0,0)
(0,0,0)
(0,0,0)
(0,0,0)
(0,0,0)
(0,0,0)
(0,0,0)
(0,0,0)
(0,0,0)
(0,0,0)
(0,0,0)
(0,0,0)
(0,0,0)
(0,0,0)
(0,0,0)
(0,0,0)
(0,0,0)
(0,0,0)
(0,0,0)
(0,0,0)
(0,0,0)
(0,0,0)
(0,0,0)
(0,0,0)
(0,0,0)
(0,0,0)
(0,0,0)
(0,0,0)
(0,0,0)
(0,0,0)
(0,0,0)
(0,0,0)
(0,0,0)
(0,0,0)
(0,0,0)
(0,0,0)
(0,0,0)
(0,0,0)
(0,0,0)
(0,0,0)
(0,0,0)
(0,0,0)
(0,0,0)
(0,0,0)
(0,0,0)
(0,0,0)
(0,0,0)
(0,0,0)
(0,0,0)
(0,0,0)
(0,0,0)
(0,0,0)
(0,0,0)
(0,0,0)
(0,0,0)
(0,0,0)
(0,0,0)
(0,0,0)
(0,0,0)
(0,0,0)
(0,0,0)
(0,0,0)
(0,0,0)
(0,0,0)
(0,0,0)
(0,0,0)
(0,0,0)
(0,0,0)
(0,0,0)
(0,0,0)
(0,0,0)
(0,0,0)
(0,0,0)
(0,0,0)
(0,0,0)
(0,0,0)
(0,0,0)
(0,0,0)
(0,0,0)
(0,0,0)
(0,0,0)
(0,0,0)
(0,0,0)
(0,0,0)
(0,0,0)
(0,0,0)
(0,0,0)
(0,0,0)
(0,0,0)
(0,0,0)
(0,0,0)
(0,0,0)
(0,0,0)
(0,0,0)
(0,0,0)
(0,0,0)
(0,0,0)
(0,0,0)
(0,0,0)
(0,0,0)
(0,0,0)
(0,0,0)
(0,0,0)
(0,0,0)
(0,0,0)
(0,0,0)
(0,0,0)
(0,0,0)
(0,0,0)
(0,0,0)
(0,0,0)
(0,0,0)
(0,0,0)
(0,0,0)
(0,0,0)
(0,0,0)
(0,0,0)
(0,0,0)
(0,0,0)
(0,0,0)
(0,0,0)
(0,0,0)
(0,0,0)
(0,0,0)
(0,0,0)
(0,0,0)
(0,0,0)
(0,0,0)
(0,0,0)
(0,0,0)
(0,0,0)
(0,0,0)
(0,0,0)
(0,0,0)
(0,0,0)
(0,0,0)
(0,0,0)
(0,0,0)
(0,0,0)
(0,0,0)
(0,0,0)
(0,0,0)
(0,0,0)
(0,0,0)
(0,0,0)
(0,0,0)
(0,0,0)
(0,0,0)
(0,0,0)
(0,0,0)
(0,0,0)
(0,0,0)
(0,0,0)
(0,0,0)
(0,0,0)
(0,0,0)
(0,0,0)
(0,0,0)
(0,0,0)
(0,0,0)
(0,0,0)
(0,0,0)
(0,0,0)
(0,0,0)
(0,0,0)
(0,0,0)
(0,0,0)
(0,0,0)
(0,0,0)
(0,0,0)
(0,0,0)
(0,0,0)
(0,0,0)
(0,0,0)
(0,0,0)
(0,0,0)
(0,0,0)
(0,0,0)
(0,0,0)
(0,0,0)
(0,0,0)
(0,0,0)
(0,0,0)
(0,0,0)
(0,0,0)
(0,0,0)
(0,0,0)
(0,0,0)
(0,0,0)
(0,0,0)
(0,0,0)
(0,0,0)
(0,0,0)
(0,0,0)
(0,0,0)
(0,0,0)
(0,0,0)
(0,0,0)
(0,0,0)
(0,0,0)
(0,0,0)
(0,0,0)
(0,0,0)
(0,0,0)
(0,0,0)
(0,0,0)
(0,0,0)
(0,0,0)
(0,0,0)
(0,0,0)
(0,0,0)
(0,0,0)
(0,0,0)
(0,0,0)
(0,0,0)
(0,0,0)
(0,0,0)
(0,0,0)
(0,0,0)
(0,0,0)
(0,0,0)
(0,0,0)
(0,0,0)
(0,0,0)
(0,0,0)
(0,0,0)
(0,0,0)
(0,0,0)
(0,0,0)
(0,0,0)
(0,0,0)
(0,0,0)
(0,0,0)
(0,0,0)
(0,0,0)
(0,0,0)
(0,0,0)
(0,0,0)
(0,0,0)
(0,0,0)
(0,0,0)
(0,0,0)
(0,0,0)
(0,0,0)
(0,0,0)
(0,0,0)
(0,0,0)
(0,0,0)
(0,0,0)
(0,0,0)
(0,0,0)
(0,0,0)
(0,0,0)
(0,0,0)
(0,0,0)
(0,0,0)
(0,0,0)
(0,0,0)
(0,0,0)
(0,0,0)
(0,0,0)
(0,0,0)
(0,0,0)
(0,0,0)
(0,0,0)
(0,0,0)
(0,0,0)
(0,0,0)
(0,0,0)
(0,0,0)
(0,0,0)
(0,0,0)
(0,0,0)
(0,0,0)
(0,0,0)
(0,0,0)
(0,0,0)
(0,0,0)
(0,0,0)
(0,0,0)
(0,0,0)
(0,0,0)
(0,0,0)
(0,0,0)
(0,0,0)
(0,0,0)
(0,0,0)
(0,0,0)
(0,0,0)
(0,0,0)
(0,0,0)
(0,0,0)
(0,0,0)
(0,0,0)
(0,0,0)
(0,0,0)
(0,0,0)
(0,0,0)
(0,0,0)
(0,0,0)
(0,0,0)
(0,0,0)
(0,0,0)
(0,0,0)
(0,0,0)
(0,0,0)
(0,0,0)
(0,0,0)
(0,0,0)
(0,0,0)
(0,0,0)
(0,0,0)
(0,0,0)
(0,0,0)
(0,0,0)
(0,0,0)
(0,0,0)
(0,0,0)
(0,0,0)
(0,0,0)
(0,0,0)
(0,0,0)
(0,0,0)
(0,0,0)
(0,0,0)
(0,0,0)
(0,0,0)
(0,0,0)
(0,0,0)
(0,0,0)
(0,0,0)
(0,0,0)
(0,0,0)
(0,0,0)
(0,0,0)
(0,0,0)
(0,0,0)
(0,0,0)
(0,0,0)
(0,0,0)
(0,0,0)
(0,0,0)
(0,0,0)
(0,0,0)
(0,0,0)
(0,0,0)
(0,0,0)
(0,0,0)
(0,0,0)
(0,0,0)
(0,0,0)
(0,0,0)
(0,0,0)
(0,0,0)
(0,0,0)
(0,0,0)
(0,0,0)
(0,0,0)
(0,0,0)
(0,0,0)
(0,0,0)
(0,0,0)
(0,0,0)
(0,0,0)
(0,0,0)
(0,0,0)
(0,0,0)
(0,0,0)
(0,0,0)
(0,0,0)
(0,0,0)
(0,0,0)
(0,0,0)
(0,0,0)
(0,0,0)
(0,0,0)
(0,0,0)
(0,0,0)
(0,0,0)
(0,0,0)
(0,0,0)
(0,0,0)
(0,0,0)
(0,0,0)
(0,0,0)
(0,0,0)
(0,0,0)
(0,0,0)
(0,0,0)
(0,0,0)
(0,0,0)
(0,0,0)
(0,0,0)
(0,0,0)
(0,0,0)
(0,0,0)
(0,0,0)
(0,0,0)
(0,0,0)
(0,0,0)
(0,0,0)
(0,0,0)
(0,0,0)
(0,0,0)
(0,0,0)
(0,0,0)
(0,0,0)
(0,0,0)
(0,0,0)
(0,0,0)
(0,0,0)
(0,0,0)
(0,0,0)
(0,0,0)
(0,0,0)
(0,0,0)
(0,0,0)
(0,0,0)
(0,0,0)
(0,0,0)
(0,0,0)
(0,0,0)
(0,0,0)
(0,0,0)
(0,0,0)
(0,0,0)
(0,0,0)
(0,0,0)
(0,0,0)
(0,0,0)
(0,0,0)
(0,0,0)
(0,0,0)
(0,0,0)
(0,0,0)
(0,0,0)
(0,0,0)
(0,0,0)
(0,0,0)
(0,0,0)
(0,0,0)
(0,0,0)
(0,0,0)
(0,0,0)
(0,0,0)
(0,0,0)
(0,0,0)
(0,0,0)
(0,0,0)
(0,0,0)
(0,0,0)
(0,0,0)
(0,0,0)
(0,0,0)
(0,0,0)
(0,0,0)
(0,0,0)
(0,0,0)
(0,0,0)
(0,0,0)
(0,0,0)
(0,0,0)
(0,0,0)
(0,0,0)
(0,0,0)
(0,0,0)
(0,0,0)
(0,0,0)
(0,0,0)
(0,0,0)
(0,0,0)
(0,0,0)
(0,0,0)
(0,0,0)
(0,0,0)
(0,0,0)
(0,0,0)
(0,0,0)
(0,0,0)
(0,0,0)
(0,0,0)
(0,0,0)
(0,0,0)
(0,0,0)
(0,0,0)
(0,0,0)
(0,0,0)
(0,0,0)
(0,0,0)
(0,0,0)
(0,0,0)
(0,0,0)
(0,0,0)
(0,0,0)
(0,0,0)
(0,0,0)
(0,0,0)
(0,0,0)
(0,0,0)
(0,0,0)
(0,0,0)
(0,0,0)
(0,0,0)
(0,0,0)
(0,0,0)
(0,0,0)
(0,0,0)
(0,0,0)
(0,0,0)
(0,0,0)
(0,0,0)
(0,0,0)
(0,0,0)
(0,0,0)
(0,0,0)
(0,0,0)
(0,0,0)
(0,0,0)
(0,0,0)
(0,0,0)
(0,0,0)
(0,0,0)
(0,0,0)
(0,0,0)
(0,0,0)
(0,0,0)
(0,0,0)
(0,0,0)
(0,0,0)
(0,0,0)
(0,0,0)
(0,0,0)
(0,0,0)
(0,0,0)
(0,0,0)
(0,0,0)
(0,0,0)
(0,0,0)
(0,0,0)
(0,0,0)
(0,0,0)
(0,0,0)
(0,0,0)
(0,0,0)
(0,0,0)
(0,0,0)
(0,0,0)
(0,0,0)
(0,0,0)
(0,0,0)
(0,0,0)
(0,0,0)
(0,0,0)
(0,0,0)
(0,0,0)
(0,0,0)
(0,0,0)
(0,0,0)
(0,0,0)
(0,0,0)
(0,0,0)
(0,0,0)
(0,0,0)
(0,0,0)
(0,0,0)
(0,0,0)
(0,0,0)
(0,0,0)
(0,0,0)
(0,0,0)
(0,0,0)
(0,0,0)
(0,0,0)
(0,0,0)
(0,0,0)
(0,0,0)
(0,0,0)
(0,0,0)
(0,0,0)
(0,0,0)
(0,0,0)
(0,0,0)
(0,0,0)
(0,0,0)
(0,0,0)
