(0,0,0)
(0,0,0)
(0,0,0)
(0,0,0)
(0,0,0)
(0,0,0)
(0,0,0)
(0,0,0)
(0,0,0)
(0,0,0)
(0,0,0)
(0,0,0)
(0,0,0)
(0,0,0)
(0,0,0)
(0,0,0)
(0,0,0)
(0,0,0)
(0,0,0)
(0,0,0)
(0,0,0)
(0,0,0)
(0,0,0)
(0,0,0)
(0,0,0)
(0,0,0)
(0,0,0)
(0,0,0)
(0,0,0)
(0,0,0)
(0,0,0)
(0,0,0)
(0,0,0)
(0,0,0)
(0,0,0)
(0,0,0)
(0,0,0)
(0,0,0)
(0,0,0)
(0,0,0)
(0,0,0)
(0,0,0)
(0,0,0)
(0,0,0)
(0,0,0)
(0,0,0)
(0,0,0)
(0,0,0)
(0,0,0)
(0,0,0)
(0,0,0)
(0,0,0)
(0,0,0)
(0,0,0)
(0,0,0)
(0,0,0)
(0,0,0)
(0,0,0)
(0,0,0)
(0,0,0)
(0,0,0)
(0,0,0)
(0,0,0)
(0,0,0)
(0,0,0)
(0,0,0)
(0,0,0)
(0,0,0)
(0,0,0)
(0,0,0)
(0,0,0)
(0,0,0)
(0,0,0)
(0,0,0)
(0,0,0)
(0,0,0)
(0,0,0)
(0,0,0)
(0,0,0)
(0,0,0)
(0,0,0)
(0,0,0)
(0,0,0)
(0,0,0)
(0,0,0)
(0,0,0)
(0,0,0)
(0,0,0)
(0,0,0)
(0,0,0)
(0,0,0)
(0,0,0)
(0,0,0)
(0,0,0)
(0,0,0)
(0,0,0)
(0,0,0)
(0,0,0)
(0,0,0)
(0,0,0)
(0,0,0)
(0,0,0)
(0,0,0)
(0,0,0)
(0,0,0)
(0,0,0)
(0,0,0)
(0,0,0)
(0,0,0)
(0,0,0)
(0,0,0)
(0,0,0)
(0,0,0)
(0,0,0)
(0,0,0)
(0,0,0)
(0,0,0)
(0,0,0)
(0,0,0)
(0,0,0)
(0,0,0)
(0,0,0)
(0,0,0)
(0,0,0)
(0,0,0)
(0,0,0)
(0,0,0)
(0,0,0)
(0,0,0)
(0,0,0)
(0,0,0)
(0,0,0)
(0,0,0)
(0,0,0)
(0,0,0)
(0,0,0)
(0,0,0)
(0,0,0)
(0,0,0)
(0,0,0)
(0,0,0)
(0,0,0)
(0,0,0)
(0,0,0)
(0,0,0)
(0,0,0)
(0,0,0)
(0,0,0)
(0,0,0)
(0,0,0)
(0,0,0)
(0,0,0)
(0,0,0)
(0,0,0)
(0,0,0)
(0,0,0)
(0,0,0)
(0,0,0)
(0,0,0)
(0,0,0)
(0,0,0)
(0,0,0)
(0,0,0)
(0,0,0)
(0,0,0)
(0,0,0)
(0,0,0)
(0,0,0)
(0,0,0)
(0,0,0)
(0,0,0)
(0,0,0)
(0,0,0)
(0,0,0)
(0,0,0)
(0,0,0)
(0,0,0)
(0,0,0)
(0,0,0)
(0,0,0)
(0,0,0)
(0,0,0)
(0,0,0)
(0,0,0)
(0,0,0)
(0,0,0)
(0,0,0)
(0,0,0)
(0,0,0)
(0,0,0)
(0,0,0)
(0,0,0)
(0,0,0)
(0,0,0)
(0,0,0)
(0,0,0)
(0,0,0)
(0,0,0)
(0,0,0)
(0,0,0)
(0,0,0)
(0,0,0)
(0,0,0)
(0,0,0)
(0,0,0)
(0,0,0)
(0,0,0)
(0,0,0)
(0,0,0)
(0,0,0)
(0,0,0)
(0,0,0)
(0,0,0)
(0,0,0)
(0,0,0)
(0,0,0)
(0,0,0)
(0,0,0)
(0,0,0)
(0,0,0)
(0,0,0)
(0,0,0)
(0,0,0)
(0,0,0)
(0,0,0)
(0,0,0)
(0,0,0)
(0,0,0)
(0,0,0)
(0,0,0)
(0,0,0)
(0,0,0)
(0,0,0)
(0,0,0)
(0,0,0)
(0,0,0)
(0,0,0)
(0,0,0)
(0,0,0)
(0,0,0)
(0,0,0)
(0,0,0)
(0,0,0)
(0,0,0)
(0,0,0)
(0,0,0)
(0,0,0)
(0,0,0)
(0,0,0)
(0,0,0)
(0,0,0)
(0,0,0)
(0,0,0)
(0,0,0)
(0,0,0)
(0,0,0)
(0,0,0)
(0,0,0)
(0,0,0)
(0,0,0)
(0,0,0)
(0,0,0)
(0,0,0)
(0,0,0)
(0,0,0)
(0,0,0)
(0,0,0)
(0,0,0)
(0,0,0)
(0,0,0)
(0,0,0)
(0,0,0)
(0,0,0)
(0,0,0)
(0,0,0)
(0,0,0)
(0,0,0)
(0,0,0)
(0,0,0)
(0,0,0)
(0,0,0)
(0,0,0)
(0,0,0)
(0,0,0)
(0,0,0)
(0,0,0)
(0,0,0)
(0,0,0)
(0,0,0)
(0,0,0)
(0,0,0)
(0,0,0)
(0,0,0)
(0,0,0)
(0,0,0)
(0,0,0)
(0,0,0)
(0,0,0)
(0,0,0)
(0,0,0)
(0,0,0)
(0,0,0)
(0,0,0)
(0,0,0)
(0,0,0)
(0,0,0)
(0,0,0)
(0,0,0)
(0,0,0)
(0,0,0)
(0,0,0)
(0,0,0)
(0,0,0)
(0,0,0)
(0,0,0)
(0,0,0)
(0,0,0)
(0,0,0)
(0,0,0)
(0,0,0)
(0,0,0)
(0,0,0)
(0,0,0)
(0,0,0)
(0,0,0)
(0,0,0)
(0,0,0)
(0,0,0)
(0,0,0)
(0,0,0)
(0,0,0)
(0,0,0)
(0,0,0)
(0,0,0)
(0,0,0)
(0,0,0)
(0,0,0)
(0,0,0)
(0,0,0)
(0,0,0)
(0,0,0)
(0,0,0)
(0,0,0)
(0,0,0)
(0,0,0)
(0,0,0)
(0,0,0)
(0,0,0)
(0,0,0)
(0,0,0)
(0,0,0)
(0,0,0)
(0,0,0)
(0,0,0)
(0,0,0)
(0,0,0)
(0,0,0)
(0,0,0)
(0,0,0)
(0,0,0)
(0,0,0)
(0,0,0)
(0,0,0)
(0,0,0)
(0,0,0)
(0,0,0)
(0,0,0)
(0,0,0)
(0,0,0)
(0,0,0)
(0,0,0)
(0,0,0)
(0,0,0)
(0,0,0)
(0,0,0)
(0,0,0)
(0,0,0)
(0,0,0)
(0,0,0)
(0,0,0)
(0,0,0)
(0,0,0)
(0,0,0)
(0,0,0)
(0,0,0)
(0,0,0)
(0,0,0)
(0,0,0)
(0,0,0)
(0,0,0)
(0,0,0)
(0,0,0)
(0,0,0)
(0,0,0)
(0,0,0)
(0,0,0)
(0,0,0)
(0,0,0)
(0,0,0)
(0,0,0)
(0,0,0)
(0,0,0)
(0,0,0)
(0,0,0)
(0,0,0)
(0,0,0)
(0,0,0)
(0,0,0)
(0,0,0)
(0,0,0)
(0,0,0)
(0,0,0)
(0,0,0)
(0,0,0)
(0,0,0)
(0,0,0)
(0,0,0)
(0,0,0)
(0,0,0)
(0,0,0)
(0,0,0)
(0,0,0)
(0,0,0)
(0,0,0)
(0,0,0)
(0,0,0)
(0,0,0)
(0,0,0)
(0,0,0)
(0,0,0)
(0,0,0)
(0,0,0)
(0,0,0)
(0,0,0)
(0,0,0)
(0,0,0)
(0,0,0)
(0,0,0)
(0,0,0)
(0,0,0)
(0,0,0)
(0,0,0)
(0,0,0)
(0,0,0)
(0,0,0)
(0,0,0)
(0,0,0)
(0,0,0)
(0,0,0)
(0,0,0)
(0,0,0)
(0,0,0)
(0,0,0)
(0,0,0)
(0,0,0)
(0,0,0)
(0,0,0)
(0,0,0)
(0,0,0)
(0,0,0)
(0,0,0)
(0,0,0)
(0,0,0)
(0,0,0)
(0,0,0)
(0,0,0)
(0,0,0)
(0,0,0)
(0,0,0)
(0,0,0)
(0,0,0)
(0,0,0)
(0,0,0)
(0,0,0)
(0,0,0)
(0,0,0)
(0,0,0)
(0,0,0)
(0,0,0)
(0,0,0)
(0,0,0)
(0,0,0)
(0,0,0)
(0,0,0)
(0,0,0)
(0,0,0)
(0,0,0)
(0,0,0)
(0,0,0)
(0,0,0)
(0,0,0)
(0,0,0)
(0,0,0)
(0,0,0)
(0,0,0)
(0,0,0)
(0,0,0)
(0,0,0)
(0,0,0)
(0,0,0)
(0,0,0)
(0,0,0)
(0,0,0)
(0,0,0)
(0,0,0)
(0,0,0)
(0,0,0)
(0,0,0)
(0,0,0)
(0,0,0)
(0,0,0)
(0,0,0)
(0,0,0)
(0,0,0)
(0,0,0)
(0,0,0)
(0,0,0)
(0,0,0)
(0,0,0)
(0,0,0)
(0,0,0)
(0,0,0)
(0,0,0)
(0,0,0)
(0,0,0)
(0,0,0)
(0,0,0)
(0,0,0)
(0,0,0)
(0,0,0)
(0,0,0)
(0,0,0)
(0,0,0)
(0,0,0)
(0,0,0)
(0,0,0)
(0,0,0)
(0,0,0)
(0,0,0)
(0,0,0)
(0,0,0)
(0,0,0)
(0,0,0)
(0,0,0)
(0,0,0)
(0,0,0)
(0,0,0)
(0,0,0)
(0,0,0)
(0,0,0)
(0,0,0)
(0,0,0)
(0,0,0)
(0,0,0)
(0,0,0)
(0,0,0)
(0,0,0)
(0,0,0)
(0,0,0)
(0,0,0)
(0,0,0)
(0,0,0)
(0,0,0)
(0,0,0)
(0,0,0)
(0,0,0)
(0,0,0)
(0,0,0)
(0,0,0)
(0,0,0)
(0,0,0)
(0,0,0)
(0,0,0)
(0,0,0)
(0,0,0)
(0,0,0)
(0,0,0)
(0,0,0)
(0,0,0)
(0,0,0)
(0,0,0)
(0,0,0)
(0,0,0)
(0,0,0)
(0,0,0)
(0,0,0)
(0,0,0)
(0,0,0)
(0,0,0)
(0,0,0)
(0,0,0)
(0,0,0)
(0,0,0)
(0,0,0)
(0,0,0)
(0,0,0)
(0,0,0)
(0,0,0)
(0,0,0)
(0,0,0)
(0,0,0)
(0,0,0)
(0,0,0)
(0,0,0)
(0,0,0)
(0,0,0)
(0,0,0)
(0,0,0)
(0,0,0)
(0,0,0)
(0,0,0)
(0,0,0)
(0,0,0)
(0,0,0)
(0,0,0)
(0,0,0)
(0,0,0)
(0,0,0)
(0,0,0)
(0,0,0)
(0,0,0)
(0,0,0)
(0,0,0)
(0,0,0)
(0,0,0)
(0,0,0)
(0,0,0)
(0,0,0)
(0,0,0)
(0,0,0)
(0,0,0)
(0,0,0)
(0,0,0)
(0,0,0)
(0,0,0)
(0,0,0)
(0,0,0)
(0,0,0)
(0,0,0)
(0,0,0)
(0,0,0)
(0,0,0)
(0,0,0)
(0,0,0)
(0,0,0)
(0,0,0)
(0,0,0)
(0,0,0)
(0,0,0)
(0,0,0)
(0,0,0)
(0,0,0)
(0,0,0)
(0,0,0)
(0,0,0)
(0,0,0)
(0,0,0)
(0,0,0)
(0,0,0)
(0,0,0)
(0,0,0)
(0,0,0)
(0,0,0)
(0,0,0)
(0,0,0)
(0,0,0)
(0,0,0)
(0,0,0)
(0,0,0)
(0,0,0)
(0,0,0)
(0,0,0)
(0,0,0)
(0,0,0)
(0,0,0)
(0,0,0)
(0,0,0)
(0,0,0)
(0,0,0)
(0,0,0)
(0,0,0)
(0,0,0)
(0,0,0)
(0,0,0)
(0,0,0)
(0,0,0)
(0,0,0)
(0,0,0)
(0,0,0)
(0,0,0)
(0,0,0)
(0,0,0)
(0,0,0)
(0,0,0)
(0,0,0)
(0,0,0)
(0,0,0)
(0,0,0)
(0,0,0)
(0,0,0)
(0,0,0)
(0,0,0)
(0,0,0)
(0,0,0)
(0,0,0)
(0,0,0)
(0,0,0)
(0,0,0)
(0,0,0)
(0,0,0)
(0,0,0)
(0,0,0)
(0,0,0)
(0,0,0)
(0,0,0)
(0,0,0)
(0,0,0)
(0,0,0)
(0,0,0)
(0,0,0)
(0,0,0)
(0,0,0)
(0,0,0)
(0,0,0)
(0,0,0)
(0,0,0)
(0,0,0)
(0,0,0)
(0,0,0)
(0,0,0)
(0,0,0)
(0,0,0)
(0,0,0)
(0,0,0)
(0,0,0)
(0,0,0)
(0,0,0)
(0,0,0)
(0,0,0)
(0,0,0)
(0,0,0)
(0,0,0)
(0,0,0)
(0,0,0)
(0,0,0)
(0,0,0)
(0,0,0)
(0,0,0)
(0,0,0)
(0,0,0)
(0,0,0)
(0,0,0)
(0,0,0)
(0,0,0)
(0,0,0)
(0,0,0)
(0,0,0)
(0,0,0)
(0,0,0)
(0,0,0)
(0,0,0)
(0,0,0)
(0,0,0)
(0,0,0)
(0,0,0)
(0,0,0)
(0,0,0)
(0,0,0)
(0,0,0)
(0,0,0)
(0,0,0)
(0,0,0)
(0,0,0)
(0,0,0)
(0,0,0)
(0,0,0)
(0,0,0)
(0,0,0)
(0,0,0)
(0,0,0)
(0,0,0)
(0,0,0)
(0,0,0)
(0,0,0)
(0,0,0)
(0,0,0)
(0,0,0)
(0,0,0)
(0,0,0)
(0,0,0)
(0,0,0)
(0,0,0)
(0,0,0)
(0,0,0)
(0,0,0)
(0,0,0)
(0,0,0)
(0,0,0)
(0,0,0)
(0,0,0)
(0,0,0)
(0,0,0)
(0,0,0)
(0,0,0)
(0,0,0)
(0,0,0)
(0,0,0)
(0,0,0)
(0,0,0)
(0,0,0)
(0,0,0)
(0,0,0)
(0,0,0)
(0,0,0)
(0,0,0)
(0,0,0)
(0,0,0)
(0,0,0)
(0,0,0)
(-46878.8509336198,25158.7419245994,21720.1090090188)
(-49573.2828903779,24095.8712128906,47197.5206865061)
(-55870.5622877169,21927.9721235437,81140.1108506796)
(-67701.7153715424,18551.8296085397,130289.996613688)
(-89027.0379960583,14037.5783202739,205279.456289482)
(-127286.16925594,8836.25865651981,323729.366888894)
(-196583.557008694,4067.08862955042,516245.835268062)
(-321937.982066757,1112.25171183257,837071.565623026)
(-531156.514470177,54.4637087881812,1368173.61638439)
(-740264.43103842,-74.134565851935,2108512.18198869)
(0,0,0)
(0,0,0)
(0,0,0)
(0,0,0)
(0,0,0)
(0,0,0)
(-49566.204815778,54013.6479455639,20711.2987948118)
(-52287.7351198959,52005.0113650997,45089.8937625036)
(-58666.7240662764,47881.8236491733,77802.7663031463)
(-70771.9747041913,41362.4810732324,125764.089542652)
(-92679.8859861155,32421.7388913855,200059.814957645)
(-131845.907003432,21764.3503230679,318977.630294528)
(-201920.218217862,11617.5390726766,513347.398069264)
(-326798.545558014,5149.36369704827,836108.831641986)
(-534413.141545682,2512.85000332602,1368063.58689318)
(-741796.995774573,1245.93139064212,2108540.51671119)
(0,0,0)
(0,0,0)
(0,0,0)
(0,0,0)
(0,0,0)
(0,0,0)
(-55731.2499265213,90928.1086808353,18816.7891912496)
(-58522.9501523889,88250.7592554513,41093.99145329)
(-65087.1956909771,82668.984538604,71394.026254841)
(-77771.9482411135,73669.7876178441,116858.667951345)
(-101048.641299641,60904.6842670159,189424.363875344)
(-142633.468231334,44914.001044081,308908.181385664)
(-215130.233513434,28671.1446214943,506984.809350296)
(-338965.225342081,17473.5795068835,833625.818882516)
(-542239.299994546,11494.7780983435,1366883.19078207)
(-745331.765842536,6199.90902157311,2107260.97899374)
(0,0,0)
(0,0,0)
(0,0,0)
(0,0,0)
(0,0,0)
(0,0,0)
(-67263.284047455,141925.405893147,16265.9868351443)
(-70100.5426667185,138981.153180158,35636.1355771582)
(-76906.0768282759,132743.085453042,62468.1114909892)
(-90451.2985801063,122488.697895532,104100.499793399)
(-116020.549444358,107538.934646045,173486.798858735)
(-162270.742446891,87886.6281561655,292784.914193545)
(-240524.11766984,66078.6651017882,495901.511383085)
(-362592.278908586,48216.0427816113,827751.327016879)
(-556645.716187522,34229.531147846,1361662.29015486)
(-751606.450710697,18395.5748811136,2101073.07500615)
(0,0,0)
(0,0,0)
(0,0,0)
(0,0,0)
(0,0,0)
(0,0,0)
(-87923.2741320036,216459.078833414,13389.6011917327)
(-90751.1490787342,213625.360998024,29496.5424525977)
(-97693.7599466829,207573.772516887,52359.6153354371)
(-111971.092633226,197541.453576802,89277.952287392)
(-139947.540050605,182772.415905093,153992.011078951)
(-191981.233985065,162747.366523619,271112.506696541)
(-279258.218306352,138223.946815448,478225.443289233)
(-398593.178026205,111054.890330301,813979.773766759)
(-577620.965244707,79809.4691730074,1346020.80098639)
(-760715.071470777,42278.094740988,2082853.35259727)
(0,0,0)
(0,0,0)
(0,0,0)
(0,0,0)
(0,0,0)
(0,0,0)
(-125261.633825554,331118.558422043,10602.1542369289)
(-127951.432692387,328642.557896386,23536.390030949)
(-134684.218762925,323261.32536892,42533.0559418417)
(-148843.999450209,314227.837971955,74690.6709968957)
(-177135.640149345,300491.943351135,134106.783700203)
(-230175.409240693,280303.047346699,246726.512117836)
(-317738.85242222,251387.431269096,451301.88008642)
(-431648.41911478,210918.175929142,783087.013602359)
(-600422.611840859,154455.160454314,1308863.93416198)
(-772227.136413818,82431.8976236159,2040937.26769301)
(0,0,0)
(0,0,0)
(0,0,0)
(0,0,0)
(0,0,0)
(0,0,0)
(-193885.155476104,516882.957789036,8120.75610910993)
(-196254.644298371,514794.778828641,18223.1794752368)
(-202300.719822992,510119.134121876,33666.0905452789)
(-215251.777639304,502068.306127718,61077.4000288233)
(-241540.829609434,489103.418293566,114006.754695822)
(-291412.378498424,467792.109734303,217930.070806637)
(-373622.613897457,431907.166152118,411032.949821082)
(-477199.297843746,372173.57807065,726976.845523326)
(-634396.659098689,278494.780935073,1237333.8841412)
(-790960.606334522,151730.697985362,1958995.69011409)
(0,0,0)
(0,0,0)
(0,0,0)
(0,0,0)
(0,0,0)
(0,0,0)
(-319311.479832861,830190.831861032,6003.60576086363)
(-321201.011267637,828313.246288596,13686.1495685501)
(-326081.413384457,824052.73123497,25833.9658399289)
(-336633.892376431,816292.336557014,48243.8277870511)
(-358253.481793676,802777.529415265,92823.1984590223)
(-399746.085745786,778144.945030537,182216.448908556)
(-468629.068314671,731212.370691142,351540.312684184)
(-552485.414341307,642531.645038722,633667.66005744)
(-696004.163958666,497084.317392371,1111082.28755881)
(-826748.035702243,281744.646206371,1807816.37503998)
(0,0,0)
(0,0,0)
(0,0,0)
(0,0,0)
(0,0,0)
(0,0,0)
(-529383.102550181,1355490.21719999,4083.71721119399)
(-530678.067874605,1353645.31637974,9429.71499467523)
(-533984.968205559,1349298.41276766,18169.0016674932)
(-541090.634870644,1340807.72322313,34744.2498720102)
(-555390.689205699,1324673.99442982,68238.4740631509)
(-582270.544726305,1293184.60615384,135469.357666157)
(-627388.237538816,1230923.9097462,263146.056149925)
(-694359.126408478,1111331.45587662,488705.371720504)
(-809566.327532091,899051.105034253,896304.911610634)
(-889143.890581835,540553.239370495,1526640.20902836)
(0,0,0)
(0,0,0)
(0,0,0)
(0,0,0)
(0,0,0)
(0,0,0)
(-739496.959797458,2092902.04958934,2085.12740812991)
(-740135.996143061,2090986.56349917,4879.87643176557)
(-741753.571525442,2086381.18276539,9550.67795950993)
(-745232.010367105,2077038.91959348,18551.4919563014)
(-752154.509860878,2058591.13931626,36788.8569307797)
(-765106.047119499,2021748.53667365,73330.9735304503)
(-787700.496772844,1948158.42073837,143796.959311118)
(-825707.620510592,1803936.26654394,276899.769154351)
(-888916.80524865,1526472.73959534,538394.939841874)
(-895284.549849395,987450.560202461,986782.16885933)
(0,0,0)
(0,0,0)
(0,0,0)
(0,0,0)
(0,0,0)
(0,0,0)
(0,0,0)
(0,0,0)
(0,0,0)
(0,0,0)
(0,0,0)
(0,0,0)
(0,0,0)
(0,0,0)
(0,0,0)
(0,0,0)
(0,0,0)
(0,0,0)
(0,0,0)
(0,0,0)
(0,0,0)
(0,0,0)
(0,0,0)
(0,0,0)
(0,0,0)
(0,0,0)
(0,0,0)
(0,0,0)
(0,0,0)
(0,0,0)
(0,0,0)
(0,0,0)
(0,0,0)
(0,0,0)
(0,0,0)
(0,0,0)
(0,0,0)
(0,0,0)
(0,0,0)
(0,0,0)
(0,0,0)
(0,0,0)
(0,0,0)
(0,0,0)
(0,0,0)
(0,0,0)
(0,0,0)
(0,0,0)
(0,0,0)
(0,0,0)
(0,0,0)
(0,0,0)
(0,0,0)
(0,0,0)
(0,0,0)
(0,0,0)
(0,0,0)
(0,0,0)
(0,0,0)
(0,0,0)
(0,0,0)
(0,0,0)
(0,0,0)
(0,0,0)
(0,0,0)
(0,0,0)
(0,0,0)
(0,0,0)
(0,0,0)
(0,0,0)
(0,0,0)
(0,0,0)
(0,0,0)
(0,0,0)
(0,0,0)
(0,0,0)
(0,0,0)
(0,0,0)
(0,0,0)
(0,0,0)
(0,0,0)
(0,0,0)
(0,0,0)
(0,0,0)
(0,0,0)
(0,0,0)
(0,0,0)
(0,0,0)
(0,0,0)
(0,0,0)
(0,0,0)
(0,0,0)
(0,0,0)
(0,0,0)
(0,0,0)
(0,0,0)
(0,0,0)
(0,0,0)
(0,0,0)
(0,0,0)
(0,0,0)
(0,0,0)
(6944561.96156718,22436.9866258194,19054.5353401449)
(6940046.24512588,21347.3127662648,41020.029024452)
(6929590.62582278,19088.7014092006,69402.4739714644)
(6910149.3845045,15427.7535835458,109055.954978624)
(6875587.00922474,10305.8142956867,167068.427928922)
(6814076.52433436,4187.50840874578,254450.560396517)
(6701130.62027524,-1322.48244215991,390991.200021433)
(6477756.75621383,-3805.07811406514,628033.874321692)
(5973628.03256658,-3211.05018135016,1159392.71193309)
(4604412.12693298,-1595.16134315017,2849243.64977161)
(0,0,0)
(0,0,0)
(0,0,0)
(0,0,0)
(0,0,0)
(0,0,0)
(6939971.95071586,47792.5075494551,18038.6580115274)
(6935452.14149642,45749.0594146472,38829.3692136608)
(6924922.5583901,41445.5308316325,65815.5918015923)
(6905118.89688358,34317.028932218,103967.779331901)
(6869617.4388193,23947.6720455181,160960.931243447)
(6806400.29022394,10854.087006425,248980.489885233)
(6691717.44757376,-1653.00561775358,388605.681736044)
(6469267.84423932,-7054.80081107627,628721.349102516)
(5968347.2892338,-5340.68213466616,1161022.88474292)
(4602097.2909338,-2310.28584155745,2850776.05699967)
(0,0,0)
(0,0,0)
(0,0,0)
(0,0,0)
(0,0,0)
(0,0,0)
(6929559.16175474,79352.243212363,16082.1871225475)
(6925007.33257786,76628.7076144987,34604.5906592216)
(6914296.41037724,70820.4181301691,58778.4317593465)
(6893663.12158467,60946.6293618771,93646.0959707402)
(6855725.79377834,45847.4129452343,147904.254459835)
(6787325.71087763,25198.8614316416,236532.63539246)
(6666096.34859116,3271.16831563275,383314.213821308)
(6445761.41211527,-6108.57967164048,630573.689691412)
(5954695.4015098,-2887.25657742928,1164117.89709655)
(4596441.48611555,-74.8682681718729,2853041.5620319)
(0,0,0)
(0,0,0)
(0,0,0)
(0,0,0)
(0,0,0)
(0,0,0)
(6910331.73864742,121214.354757875,13475.2002263893)
(6905779.12952919,118283.285702255,28873.2844095361)
(6894836.39675628,111921.119701766,48962.443720165)
(6872880.31659363,100923.603176498,78586.189198613)
(6830430.66386722,83586.8887225003,127327.83457661)
(6750309.52165518,58178.7384905664,214700.02788245)
(6608974.22222055,27367.0802681691,374038.110506348)
(6392096.2162477,12251.6078995506,633921.762245654)
(5927001.95077489,13290.0149496775,1167029.1582228)
(4585807.37505431,9310.63341726785,2853162.16523927)
(0,0,0)
(0,0,0)
(0,0,0)
(0,0,0)
(0,0,0)
(0,0,0)
(6876501.65239103,179122.039802053,10599.7228995482)
(6872049.9469194,176418.94712662,22595.2999437964)
(6861051.40525887,170595.271608425,38108.3172984449)
(6837935.98995502,160685.171300998,61372.0010524413)
(6790270.92378363,145619.494959315,102053.265448254)
(6692580.43113585,124612.789460601,183989.883824123)
(6506120.22833848,99819.521253901,359091.330660366)
(6292459.0933911,78042.9855603897,635180.016049085)
(5883482.70539126,57056.8433831472,1163241.85144631)
(4569928.59470469,30821.7344373568,2844019.41871753)
(0,0,0)
(0,0,0)
(0,0,0)
(0,0,0)
(0,0,0)
(0,0,0)
(6816241.55432626,262587.372666134,7963.81345084872)
(6812081.38468685,260398.109042286,16884.1686227743)
(6801574.53770892,255718.989494628,28434.0287314914)
(6778841.03323468,247893.13855737,46473.3632571304)
(6730578.19855913,236159.491512867,81151.8624619145)
(6630041.02551797,219178.380321951,159302.171308659)
(6441112.24556672,195632.694637215,337570.234403219)
(6236892.30726232,165456.134773396,614548.693279784)
(5846224.30412373,120531.518853689,1137359.43631145)
(4551636.0869699,63728.9549017166,2813521.3269301)
(0,0,0)
(0,0,0)
(0,0,0)
(0,0,0)
(0,0,0)
(0,0,0)
(6704352.80585908,391504.152890769,5777.59290697021)
(6700741.25691632,389864.975358615,12247.1598427731)
(6691424.73361663,386389.142262541,20783.8881021461)
(6670760.07031632,380759.442625654,34838.0705450179)
(6625709.58462014,372474.386760166,64205.0955349624)
(6529491.93913925,359577.924249894,135833.568436058)
(6346140.7892877,337034.081687208,307601.112667622)
(6161829.50221464,296993.328499141,569967.453350338)
(5791054.82435193,216954.917014727,1081024.90620527)
(4520491.33126177,115983.776845472,2750250.48113213)
(0,0,0)
(0,0,0)
(0,0,0)
(0,0,0)
(0,0,0)
(0,0,0)
(6480756.90303972,620248.827113094,4119.27737191969)
(6477924.54694122,618944.723357523,8846.30563094618)
(6470503.48476181,616251.866733787,15331.0174802222)
(6453785.56052859,611965.056965385,26638.2847022783)
(6416634.35190157,605780.764960059,51376.4072737845)
(6334951.09787157,595772.696856245,113416.78551698)
(6174366.63076917,572615.88577572,267771.616811363)
(6054155.82416724,500792.510949603,490263.530319015)
(5679986.41115477,383620.065570767,980540.141116266)
(4448503.62810849,219411.722132804,2634792.86648498)
(0,0,0)
(0,0,0)
(0,0,0)
(0,0,0)
(0,0,0)
(0,0,0)
(5975308.71384654,1145703.48942161,2785.8557616038)
(5973402.89850644,1144475.04418286,6106.90302208237)
(5968460.31308769,1141777.12879112,11068.6941382986)
(5957511.97867016,1136909.85022722,20453.6218024095)
(5934229.92341415,1128132.57496006,41413.5336493209)
(5886876.93148287,1110542.19794363,90428.8908195317)
(5801570.99983391,1070802.95952054,196214.914168839)
(5681878.32252192,980155.445165282,373546.865489602)
(5343820.34636807,819836.517496455,816876.074130536)
(4229616.76228183,534504.879118854,2415954.59874757)
(0,0,0)
(0,0,0)
(0,0,0)
(0,0,0)
(0,0,0)
(0,0,0)
(4604970.48516289,2832737.4049659,1430.97396207031)
(4604031.79216885,2831461.8321917,3208.73210803586)
(4601628.50238538,2828507.57932228,6028.54213286763)
(4596376.35472321,2822651.31284557,11611.048891111)
(4585553.93811242,2811099.24365377,23868.2666909638)
(4564258.74584806,2787167.44140958,50810.5647242963)
(4524870.59902152,2736143.22321025,105831.539707034)
(4449557.01117265,2629931.74044617,213722.947209775)
(4229786.31002336,2415664.80671492,532123.877186112)
(3439209.31626862,1882907.00669208,1882160.21796153)
(0,0,0)
(0,0,0)
(0,0,0)
(0,0,0)
(0,0,0)
(0,0,0)
(0,0,0)
(0,0,0)
(0,0,0)
(0,0,0)
(0,0,0)
(0,0,0)
(0,0,0)
(0,0,0)
(0,0,0)
(0,0,0)
(0,0,0)
(0,0,0)
(0,0,0)
(0,0,0)
(0,0,0)
(0,0,0)
(0,0,0)
(0,0,0)
(0,0,0)
(0,0,0)
(0,0,0)
(0,0,0)
(0,0,0)
(0,0,0)
(0,0,0)
(0,0,0)
(0,0,0)
(0,0,0)
(0,0,0)
(0,0,0)
(0,0,0)
(0,0,0)
(0,0,0)
(0,0,0)
(0,0,0)
(0,0,0)
(0,0,0)
(0,0,0)
(0,0,0)
(0,0,0)
(0,0,0)
(0,0,0)
(0,0,0)
(0,0,0)
(0,0,0)
(0,0,0)
(0,0,0)
(0,0,0)
(0,0,0)
(0,0,0)
(0,0,0)
(0,0,0)
(0,0,0)
(0,0,0)
(0,0,0)
(0,0,0)
(0,0,0)
(0,0,0)
(0,0,0)
(0,0,0)
(0,0,0)
(0,0,0)
(0,0,0)
(0,0,0)
(0,0,0)
(0,0,0)
(0,0,0)
(0,0,0)
(0,0,0)
(0,0,0)
(0,0,0)
(0,0,0)
(0,0,0)
(0,0,0)
(0,0,0)
(0,0,0)
(0,0,0)
(0,0,0)
(0,0,0)
(0,0,0)
(0,0,0)
(0,0,0)
(0,0,0)
(0,0,0)
(0,0,0)
(0,0,0)
(0,0,0)
(0,0,0)
(0,0,0)
(0,0,0)
(0,0,0)
(0,0,0)
(0,0,0)
(0,0,0)
(0,0,0)
(0,0,0)
(-120786.545713312,17835.6721012784,14580.5007124511)
(-125742.227351766,16732.9603414987,30703.6783817641)
(-137083.572243046,14379.9851327572,50065.556848124)
(-157644.887352341,10346.5020764579,74580.9921617593)
(-192710.305430488,4276.60939396775,105669.362956242)
(-251288.679946183,-3563.51705363332,141665.749823765)
(-347237.627398647,-10786.5404668518,167888.20349778)
(-499220.642208586,-12342.5526256298,124275.820079055)
(-717269.695191463,-8498.91508673668,-209259.871543002)
(-879596.90179666,-3892.94633958716,-1754290.2309404)
(0,0,0)
(0,0,0)
(0,0,0)
(0,0,0)
(0,0,0)
(0,0,0)
(-126021.651476094,37328.1266328053,13568.8131936253)
(-130884.567235777,35274.5680181869,28431.5797823001)
(-142099.745346851,30777.1861975686,46124.3479876986)
(-162673.702459519,22776.4446883388,68554.670252162)
(-198265.391871054,9939.20523222642,97842.5706374702)
(-258418.461502675,-8316.66905395561,134482.139897574)
(-356626.108228869,-27333.6688492534,166440.489615784)
(-507151.343615203,-30615.4055488853,128200.195926747)
(-721223.045097224,-19017.2059269921,-204643.513368573)
(-880985.430875318,-7960.69429876534,-1750425.37806699)
(0,0,0)
(0,0,0)
(0,0,0)
(0,0,0)
(0,0,0)
(0,0,0)
(-137733.104599813,60096.0273694693,11592.0311511748)
(-142447.922379614,57386.4943981,24003.0252619585)
(-153436.759488237,51349.6087933712,38231.4380647496)
(-174171.601421654,40121.7021511206,55788.5691414611)
(-211605.061339686,20482.7756471968,79643.519377718)
(-277968.715992707,-11834.0098822878,115522.952609577)
(-388114.506298237,-53817.4464214212,163285.25060432)
(-534673.102688777,-59736.6941660766,139908.719558653)
(-733264.992981753,-30544.9454928653,-193535.480850603)
(-884834.977951216,-10682.9969049113,-1742469.0486445)
(0,0,0)
(0,0,0)
(0,0,0)
(0,0,0)
(0,0,0)
(0,0,0)
(-158789.786341829,87316.9866053649,8968.23128657633)
(-163273.514849034,84485.5516748861,17989.4839212046)
(-173903.994407473,78087.8282150828,27059.3211964652)
(-195026.379206547,65959.3251363739,36196.05954458)
(-236635.724741631,43445.3240446492,47367.5652891441)
(-321196.409687137,516.19134961058,73590.9609327424)
(-486278.435154737,-75378.1802176845,157472.017637472)
(-625047.356687219,-87276.7000950159,169223.262034573)
(-763569.544849008,-30121.9153277618,-173560.606973349)
(-893144.163282865,-6513.29084729541,-1731711.10916066)
(0,0,0)
(0,0,0)
(0,0,0)
(0,0,0)
(0,0,0)
(0,0,0)
(-194140.014569221,118845.523650249,6180.79544859927)
(-198274.175927912,116422.16604251,11635.969461536)
(-208311.850992122,111124.905066205,15029.8143945393)
(-229443.946917467,101681.292579378,13755.4493572785)
(-276015.268141059,86075.0712827399,4479.55957701891)
(-395329.833055526,62257.1650903191,-2283.48443912902)
(-785247.560581929,35059.1625288025,145714.627267959)
(-931293.604740692,22663.2826378106,226595.008200106)
(-823172.613821298,19941.6763944644,-149745.598776265)
(-906837.695894747,12627.1617720257,-1725052.0952628)
(0,0,0)
(0,0,0)
(0,0,0)
(0,0,0)
(0,0,0)
(0,0,0)
(-252497.722778296,150800.426907995,3852.03938006957)
(-256138.53621775,149115.935642585,6445.85621777281)
(-265176.202100755,145635.348891841,5753.81773504597)
(-284870.059551187,139951.60967164,-1737.74103824687)
(-330196.872025762,131480.241590017,-19300.1752274376)
(-449326.870879012,118866.666667923,-29474.114874814)
(-820754.202505761,100948.192612,133570.968647643)
(-954626.218004623,90605.73830239,224214.703783276)
(-851295.955008116,65470.1374178406,-156725.832575083)
(-920661.031077419,32633.3192690337,-1737367.20649143)
(0,0,0)
(0,0,0)
(0,0,0)
(0,0,0)
(0,0,0)
(0,0,0)
(-348020.812170476,168041.505464446,2200.20500630447)
(-351010.746515649,167136.807536726,2999.00207731632)
(-358622.176618193,165561.959875434,186.966861618553)
(-375830.29080934,163933.096369978,-10136.4931778388)
(-417535.47934792,163566.903786456,-31910.4258730233)
(-534339.309981062,165227.287122278,-47372.1316737693)
(-922171.919170898,165469.648549509,123486.786380623)
(-1045931.79440664,189465.138263759,199456.348573717)
(-893798.755196503,105953.956639888,-189106.225566494)
(-943418.430341042,44020.0829490447,-1769515.56211062)
(0,0,0)
(0,0,0)
(0,0,0)
(0,0,0)
(0,0,0)
(0,0,0)
(-500488.417091547,115080.303235377,1274.18789351466)
(-502720.170395756,114684.374238616,1439.00406180619)
(-508538.131631599,114454.92943426,-1344.68357040278)
(-522069.50307844,115973.992305064,-10462.8503652694)
(-556639.459247376,123668.830471445,-30223.3003679614)
(-663929.838842426,147993.112294322,-47040.5232928884)
(-1087954.49842098,200088.664580724,147729.255399312)
(-886579.822838168,128682.106072658,116315.600129094)
(-927694.097684115,47566.084265151,-250548.353123957)
(-978546.604395305,568.119958730421,-1812978.49209657)
(0,0,0)
(0,0,0)
(0,0,0)
(0,0,0)
(0,0,0)
(0,0,0)
(-719256.796122756,-224128.50975455,841.988492376586)
(-720700.297975574,-224415.837230886,1113.06197703509)
(-724421.871627425,-224603.448935023,121.290594654124)
(-732763.74540464,-223775.26107414,-2786.06641809613)
(-751836.885333142,-220119.610182406,-5863.15148370751)
(-797441.619394738,-211696.378652128,5212.55587354607)
(-897096.373446507,-205575.33612436,76611.5953922096)
(-929470.066954167,-251929.561202468,35639.3176765664)
(-1014882.64101613,-294016.144664263,-297007.80047659)
(-1030972.73632299,-255797.17302573,-1812985.3433541)
(0,0,0)
(0,0,0)
(0,0,0)
(0,0,0)
(0,0,0)
(0,0,0)
(-881116.22561386,-1771427.40630017,453.272855610902)
(-881817.362473137,-1771774.67583851,728.931638390418)
(-883585.753656678,-1772325.99685981,733.401138455283)
(-887433.121653661,-1772951.66312506,786.945099324668)
(-895615.380210726,-1773720.46017839,2624.77895167412)
(-912819.225515192,-1776427.99229322,11502.0294891962)
(-944567.928367701,-1788131.11212333,30563.9984106437)
(-979705.972167383,-1819058.53117982,-5976.38273887222)
(-1031302.10792991,-1813583.84680729,-258252.597109411)
(-995273.134428372,-1555919.07721006,-1556580.57669484)
(0,0,0)
(0,0,0)
(0,0,0)
(0,0,0)
(0,0,0)
(0,0,0)
(0,0,0)
(0,0,0)
(0,0,0)
(0,0,0)
(0,0,0)
(0,0,0)
(0,0,0)
(0,0,0)
(0,0,0)
(0,0,0)
(0,0,0)
(0,0,0)
(0,0,0)
(0,0,0)
(0,0,0)
(0,0,0)
(0,0,0)
(0,0,0)
(0,0,0)
(0,0,0)
(0,0,0)
(0,0,0)
(0,0,0)
(0,0,0)
(0,0,0)
(0,0,0)
(0,0,0)
(0,0,0)
(0,0,0)
(0,0,0)
(0,0,0)
(0,0,0)
(0,0,0)
(0,0,0)
(0,0,0)
(0,0,0)
(0,0,0)
(0,0,0)
(0,0,0)
(0,0,0)
(0,0,0)
(0,0,0)
(0,0,0)
(0,0,0)
(0,0,0)
(0,0,0)
(0,0,0)
(0,0,0)
(0,0,0)
(0,0,0)
(0,0,0)
(0,0,0)
(0,0,0)
(0,0,0)
(0,0,0)
(0,0,0)
(0,0,0)
(0,0,0)
(0,0,0)
(0,0,0)
(0,0,0)
(0,0,0)
(0,0,0)
(0,0,0)
(0,0,0)
(0,0,0)
(0,0,0)
(0,0,0)
(0,0,0)
(0,0,0)
(0,0,0)
(0,0,0)
(0,0,0)
(0,0,0)
(0,0,0)
(0,0,0)
(0,0,0)
(0,0,0)
(0,0,0)
(0,0,0)
(0,0,0)
(0,0,0)
(0,0,0)
(0,0,0)
(0,0,0)
(0,0,0)
(0,0,0)
(0,0,0)
(0,0,0)
(0,0,0)
(0,0,0)
(0,0,0)
(0,0,0)
(0,0,0)
(0,0,0)
(0,0,0)
(-142978.743360533,12551.3148834586,9640.88276376253)
(-147173.974223961,11523.7994861629,19548.8301497993)
(-156526.849572079,9284.6523863958,29707.4550924375)
(-172793.088916618,5247.34528713857,39608.3113695728)
(-198963.673214903,-1344.50826511207,47206.1874191017)
(-239263.109990734,-10767.6476677237,45948.2651313802)
(-297316.808511068,-20221.5150234912,16248.9612672947)
(-369391.27591155,-20288.4510866078,-93291.9539431407)
(-427160.621340268,-12469.6899691524,-370931.337825158)
(-371333.174522461,-5290.40650576501,-873904.658593574)
(0,0,0)
(0,0,0)
(0,0,0)
(0,0,0)
(0,0,0)
(0,0,0)
(-147713.138673564,25542.8311123139,8699.97096861369)
(-151670.701717481,23644.5294127765,17365.3755237053)
(-160499.958320904,19336.8223125949,25713.4185715628)
(-175892.470893476,11158.6775360069,33020.8547566479)
(-200865.155713668,-3499.34329531745,37775.4536294709)
(-240011.51503628,-27912.4400784592,36513.2995738187)
(-297716.184952878,-58872.2598544682,16254.1211288114)
(-367614.5044835,-58159.6926185543,-85411.4764709418)
(-424291.607150347,-31057.1017968669,-363755.502590097)
(-369572.267720714,-11809.9068428743,-868649.165407646)
(0,0,0)
(0,0,0)
(0,0,0)
(0,0,0)
(0,0,0)
(0,0,0)
(-158123.609031322,39047.2391978589,6886.09634596689)
(-161632.803186849,36590.5798512962,13124.9267146788)
(-169416.13700927,30841.9359140488,17599.1906342561)
(-183021.379887324,19199.9055081187,18407.7411278173)
(-205512.783826172,-4585.74897462228,13401.8692936056)
(-243056.857827863,-55020.5354986842,5598.10654897415)
(-306537.974992334,-151920.650862248,17069.966250853)
(-367523.022116948,-150036.160800838,-58203.6461387047)
(-417327.752473618,-60771.9495836504,-344426.038860041)
(-365298.789249617,-18960.7783734785,-856811.356031038)
(0,0,0)
(0,0,0)
(0,0,0)
(0,0,0)
(0,0,0)
(0,0,0)
(-176147.577789843,51906.3056899063,4498.72495597394)
(-179030.056203887,49439.7085518495,7406.13761027842)
(-185275.380313609,43613.9751887617,6005.48424170402)
(-195989.491126647,31510.8152924385,-5342.31362251699)
(-213627.939547189,4096.72993863341,-37032.5777302126)
(-248444.625511819,-73527.7687838927,-91277.128620324)
(-374329.437101421,-374214.865642093,19068.088106198)
(-393848.016732211,-393374.984405015,31207.5717553707)
(-401129.15088973,-89573.1419221801,-302431.62986538)
(-356680.297445088,-20127.4950187705,-837728.779057885)
(0,0,0)
(0,0,0)
(0,0,0)
(0,0,0)
(0,0,0)
(0,0,0)
(-204710.338982664,60398.4343208923,2078.1957824552)
(-206882.406749818,58497.1854822172,1628.9496739925)
(-211262.520788574,54248.9214871972,-6055.32682799006)
(-217562.320704582,46346.4780022862,-32772.6157507193)
(-222030.049872159,32055.7579606298,-114716.862041618)
(-200061.156878168,8482.97136844373,-391996.27837132)
(-7.16018526071775e-05,-1.88037918993593e-05,4.68368630298789e-05)
(-817.492799245198,-410.336712724162,335222.304611943)
(-336770.704203036,-7994.05884971055,-232758.688078811)
(-341199.794360546,-1075.28467027244,-817448.799961535)
(0,0,0)
(0,0,0)
(0,0,0)
(0,0,0)
(0,0,0)
(0,0,0)
(-247627.555286579,55285.3156782667,242.951150911536)
(-249090.71886332,54250.4824106451,-2558.16313195038)
(-251778.17251024,52215.4227532941,-13922.6939885604)
(-254489.366707345,49111.7032573833,-47068.6120875001)
(-251200.5531442,44361.5813186797,-138370.754327122)
(-212654.900136684,34147.2463174134,-400707.000018419)
(-6.52425150490488e-05,-2.32633008689689e-05,3.52820895901162e-05)
(-525.35063704454,-435.380724723164,327930.039229867)
(-328911.538468726,23092.5303535651,-225540.966512794)
(-341160.783644155,9934.58188835517,-816051.080504623)
(0,0,0)
(0,0,0)
(0,0,0)
(0,0,0)
(0,0,0)
(0,0,0)
(-307607.012875504,15656.3650895106,-784.848706211396)
(-308444.353142398,15500.7869764945,-4601.54664532346)
(-309734.55465536,15731.4205886439,-17005.1664434944)
(-309731.714268632,17829.2383774196,-51821.2781042325)
(-300958.876786788,24635.6912615888,-148671.990608275)
(-249664.89301594,35852.6995160347,-435051.860772016)
(-0.000179621494180524,6.70764900941605e-05,5.08978363933654e-05)
(-356.139496348722,349023.62237216,351908.23255508)
(-352703.230506402,72153.9580051127,-238248.719786561)
(-355147.027706044,8918.70440342594,-825504.244936627)
(0,0,0)
(0,0,0)
(0,0,0)
(0,0,0)
(0,0,0)
(0,0,0)
(-380400.896124705,-103429.209021617,-1001.94685572285)
(-380790.159898857,-103022.802908828,-4408.3674673052)
(-381156.521735037,-101173.066375663,-14885.4903995664)
(-379609.825064902,-94470.4517061781,-45045.478329512)
(-368233.974624991,-71298.5184118793,-137516.75327844)
(-309371.457826189,14734.4508924367,-470956.885671078)
(-244.182786518557,391211.439234691,349298.346502237)
(-349672.376345685,85952.0159719076,75462.5064099957)
(-439571.233753085,-39511.5554625329,-300994.844053387)
(-384927.506064283,-51809.1736871541,-833886.064293829)
(0,0,0)
(0,0,0)
(0,0,0)
(0,0,0)
(0,0,0)
(0,0,0)
(-436509.836532413,-385536.324657128,-639.843954821634)
(-436655.128524543,-385062.183382321,-2645.63293235604)
(-436676.672689697,-383314.209368639,-8249.68887708108)
(-435514.311422423,-378055.284743878,-21914.2898215982)
(-429987.543511144,-363570.328850899,-51491.8212045694)
(-413054.334591004,-326770.129255792,-94374.5258600845)
(-391802.631173504,-252807.304455596,44350.4755571985)
(-447554.367157414,-302021.353160288,-49591.8551073528)
(-480866.197992591,-310312.760740153,-312807.092853262)
(-394019.894283533,-220012.911630951,-781556.196948932)
(0,0,0)
(0,0,0)
(0,0,0)
(0,0,0)
(0,0,0)
(0,0,0)
(-376640.809637138,-889747.738458089,-264.002175752149)
(-376680.566827438,-889389.402040111,-1073.57916365873)
(-376645.86200426,-888175.910585191,-3151.7695995161)
(-376183.796486545,-885004.062223547,-7452.31728694215)
(-374440.216012674,-877624.765953725,-14573.0443821587)
(-370793.459325199,-863183.190539525,-20185.7492884272)
(-369821.075921237,-843218.641937544,-4521.26425292516)
(-389722.114161562,-839056.61275721,-57469.8626617979)
(-395033.931252689,-782008.674403091,-222042.125676074)
(-315869.293935286,-560446.02612631,-561012.851673798)
(0,0,0)
(0,0,0)
(0,0,0)
(0,0,0)
(0,0,0)
(0,0,0)
(0,0,0)
(0,0,0)
(0,0,0)
(0,0,0)
(0,0,0)
(0,0,0)
(0,0,0)
(0,0,0)
(0,0,0)
(0,0,0)
(0,0,0)
(0,0,0)
(0,0,0)
(0,0,0)
(0,0,0)
(0,0,0)
(0,0,0)
(0,0,0)
(0,0,0)
(0,0,0)
(0,0,0)
(0,0,0)
(0,0,0)
(0,0,0)
(0,0,0)
(0,0,0)
(0,0,0)
(0,0,0)
(0,0,0)
(0,0,0)
(0,0,0)
(0,0,0)
(0,0,0)
(0,0,0)
(0,0,0)
(0,0,0)
(0,0,0)
(0,0,0)
(0,0,0)
(0,0,0)
(0,0,0)
(0,0,0)
(0,0,0)
(0,0,0)
(0,0,0)
(0,0,0)
(0,0,0)
(0,0,0)
(0,0,0)
(0,0,0)
(0,0,0)
(0,0,0)
(0,0,0)
(0,0,0)
(0,0,0)
(0,0,0)
(0,0,0)
(0,0,0)
(0,0,0)
(0,0,0)
(0,0,0)
(0,0,0)
(0,0,0)
(0,0,0)
(0,0,0)
(0,0,0)
(0,0,0)
(0,0,0)
(0,0,0)
(0,0,0)
(0,0,0)
(0,0,0)
(0,0,0)
(0,0,0)
(0,0,0)
(0,0,0)
(0,0,0)
(0,0,0)
(0,0,0)
(0,0,0)
(0,0,0)
(0,0,0)
(0,0,0)
(0,0,0)
(0,0,0)
(0,0,0)
(0,0,0)
(0,0,0)
(0,0,0)
(0,0,0)
(0,0,0)
(0,0,0)
(0,0,0)
(0,0,0)
(0,0,0)
(0,0,0)
(-156163.23350487,7736.15355926195,5448.33658507667)
(-159012.465853857,6954.27493910274,10332.5532758694)
(-165053.97874481,5264.93071316948,13594.7517354291)
(-174833.951929819,2133.18775786165,13502.4269907687)
(-189204.226066163,-3237.99621788895,6980.97605991232)
(-208861.695273564,-11492.081398211,-11928.3572590479)
(-233162.293350116,-20555.9669777398,-55526.905442263)
(-255895.650695087,-18443.7627859821,-150578.767872741)
(-253699.168928314,-9576.15632515841,-314464.063959541)
(-180474.723964348,-3515.27153409581,-501807.242983508)
(0,0,0)
(0,0,0)
(0,0,0)
(0,0,0)
(0,0,0)
(0,0,0)
(-159701.10435854,14993.6987318366,4730.42051239795)
(-162200.248167318,13575.5788945585,8638.66300677569)
(-167362.931683702,10334.8718925355,10431.6951902064)
(-175426.023620144,4002.10798499296,8096.32768974703)
(-186621.056164436,-8109.6376663364,-1276.13041104166)
(-200921.928565309,-30895.7989645938,-20961.9993156313)
(-218235.763819707,-67667.0657853009,-53331.3216412448)
(-239714.777950719,-58037.0702546152,-141637.740705389)
(-243069.342030701,-24042.4750879133,-308393.68706228)
(-175678.276157428,-7493.51484401418,-498309.435315632)
(0,0,0)
(0,0,0)
(0,0,0)
(0,0,0)
(0,0,0)
(0,0,0)
(-167366.657577016,20856.3018835739,3380.44539395467)
(-169171.583546295,19077.962742487,5416.84190547586)
(-172615.853431228,14875.64369764,4075.78652233151)
(-177112.141537093,6183.15406037875,-4014.49790328289)
(-180935.39043852,-12686.1205182786,-24015.4084389919)
(-179935.722027757,-60377.0351085753,-57655.3080951082)
(-168556.353060732,-219729.890983918,-43574.1048280928)
(-185255.642720735,-176343.22231537,-107535.332163553)
(-212648.268765682,-44508.9571801597,-291748.333779261)
(-163479.945713645,-10285.399856836,-490775.292302428)
(0,0,0)
(0,0,0)
(0,0,0)
(0,0,0)
(0,0,0)
(0,0,0)
(-180098.288532865,23152.0612097807,1654.951416815)
(-180996.531612532,21480.7895913359,1218.59997660654)
(-182131.882056587,17583.0627200741,-4632.31730284634)
(-181503.919713055,9941.90168688967,-22876.6363429508)
(-173209.480119481,-4291.01125653664,-71690.2050324085)
(-138399.536256074,-25162.1216365988,-216950.20776013)
(-3.55805519564533e-05,-6.06063725384547e-06,1.80265368770862e-05)
(-413.17759975265,-318.176974989879,24492.7967929066)
(-138713.12399883,-25111.0805221264,-257321.106756021)
(-139378.271259948,-4562.75104764837,-480345.781750379)
(0,0,0)
(0,0,0)
(0,0,0)
(0,0,0)
(0,0,0)
(0,0,0)
(-198983.154977227,17426.8895438033,-2.01233945521856)
(-199016.939646793,16290.1303863084,-2676.82023745728)
(-197897.011787911,13839.2775059025,-12298.5440239491)
(-192330.954205403,9571.09191111781,-37159.1007473584)
(-173860.014698075,3000.20922540504,-92620.3564033761)
(-121971.356003604,-4061.96082896229,-191810.318085563)
(4.35864957692943e-06,-1.92036370697962e-06,-8.56572123417105e-05)
(-7.91911127884219e-05,-1.0633499844276e-05,4.27422301821254e-06)
(-391.254558082766,-3.13474052059138,-236539.031989456)
(-105788.09542099,-929.471384965243,-475584.010591667)
(0,0,0)
(0,0,0)
(0,0,0)
(0,0,0)
(0,0,0)
(0,0,0)
(-224417.577204063,-4622.96396796017,-1160.12457075316)
(-223727.300083638,-5033.60241112155,-5199.81055300436)
(-220887.178570356,-5613.87470344033,-16637.6522835447)
(-211834.775226483,-5952.02491885066,-43769.1269344399)
(-186992.72175744,-5203.53021544393,-99773.2188803439)
(-125830.260154027,-2715.30839661941,-187944.511295331)
(-8.97406933771519e-07,-6.49749431987626e-06,-6.53015312034635e-05)
(-5.84282228060076e-05,-2.02609992564522e-05,2.68871838551565e-06)
(-913.357583230113,-579.73202991248,-237212.797942562)
(-101020.014064843,-3989.17871872816,-474293.860188125)
(0,0,0)
(0,0,0)
(0,0,0)
(0,0,0)
(0,0,0)
(0,0,0)
(-253618.63051671,-56988.9755873216,-1622.3707394329)
(-252487.436791619,-56709.8159930647,-5903.07350825895)
(-248682.37832624,-55530.7773759158,-17038.3471649095)
(-237798.096912512,-51871.8352967983,-43052.1541430787)
(-209356.711867148,-42483.0425000285,-97374.806778136)
(-140665.2162061,-23711.8942394863,-185377.897745118)
(-9.55036576826386e-06,-0.000103916601279178,-7.81231155110097e-05)
(-0.000101802925578011,1.94804071324599e-06,2.01609873879668e-06)
(-860.583454305403,-14601.4850826116,-240176.05462554)
(-108650.484576532,-20822.5229496434,-469839.253524118)
(0,0,0)
(0,0,0)
(0,0,0)
(0,0,0)
(0,0,0)
(0,0,0)
(-276737.363968043,-159238.919001776,-1413.58874221413)
(-275518.510629439,-158596.007688584,-4799.04631611715)
(-271666.451996822,-156430.22919567,-13389.6642345745)
(-261018.694367764,-150143.078302139,-33709.5519263704)
(-232876.893090239,-132866.795277655,-78682.880683489)
(-161217.796665322,-88746.9480556218,-161801.488028221)
(-0.000123463561260719,8.86755858543006e-06,6.20459582649441e-06)
(-331.780765928582,-11728.4995740921,-14118.3825969565)
(-141640.360178527,-80700.8537362204,-245949.887517905)
(-142300.385976164,-60857.4919643577,-448542.038591328)
(0,0,0)
(0,0,0)
(0,0,0)
(0,0,0)
(0,0,0)
(0,0,0)
(-269665.247916346,-325260.798059069,-822.709558772296)
(-268692.068885659,-324683.946020268,-2697.83086596995)
(-265749.663505008,-322934.498235152,-7120.57101117746)
(-257875.935050264,-318444.320759813,-16457.7049256652)
(-236939.598151325,-307781.628322838,-34590.8172402994)
(-179068.537749418,-284257.479099872,-73066.0830376294)
(-283.953334325842,-230584.271450829,-11263.1238839337)
(-143810.127719576,-244036.057676968,-82699.8052189077)
(-194203.00623968,-224368.01654328,-225695.834164761)
(-151587.322143981,-141786.41316702,-387199.48510165)
(0,0,0)
(0,0,0)
(0,0,0)
(0,0,0)
(0,0,0)
(0,0,0)
(-188882.112828285,-512669.276454833,-350.218413084312)
(-188358.350037129,-512268.78347706,-1087.59774661825)
(-186847.633333361,-511115.830920694,-2704.49373199184)
(-183124.406726612,-508453.185597336,-5755.01865441096)
(-174238.058943239,-502817.464974132,-10921.3390725478)
(-154757.068931649,-492050.327725538,-19164.8808404391)
(-122068.411457352,-473139.839551829,-24361.9772033371)
(-146323.78871676,-449120.210459324,-62676.1498657794)
(-152554.737357558,-386795.029964167,-142728.330340035)
(-110989.850649915,-244452.926442872,-244941.260349564)
(0,0,0)
(0,0,0)
(0,0,0)
(0,0,0)
(0,0,0)
(0,0,0)
(0,0,0)
(0,0,0)
(0,0,0)
(0,0,0)
(0,0,0)
(0,0,0)
(0,0,0)
(0,0,0)
(0,0,0)
(0,0,0)
(0,0,0)
(0,0,0)
(0,0,0)
(0,0,0)
(0,0,0)
(0,0,0)
(0,0,0)
(0,0,0)
(0,0,0)
(0,0,0)
(0,0,0)
(0,0,0)
(0,0,0)
(0,0,0)
(0,0,0)
(0,0,0)
(0,0,0)
(0,0,0)
(0,0,0)
(0,0,0)
(0,0,0)
(0,0,0)
(0,0,0)
(0,0,0)
(0,0,0)
(0,0,0)
(0,0,0)
(0,0,0)
(0,0,0)
(0,0,0)
(0,0,0)
(0,0,0)
(0,0,0)
(0,0,0)
(0,0,0)
(0,0,0)
(0,0,0)
(0,0,0)
(0,0,0)
(0,0,0)
(0,0,0)
(0,0,0)
(0,0,0)
(0,0,0)
(0,0,0)
(0,0,0)
(0,0,0)
(0,0,0)
(0,0,0)
(0,0,0)
(0,0,0)
(0,0,0)
(0,0,0)
(0,0,0)
(0,0,0)
(0,0,0)
(0,0,0)
(0,0,0)
(0,0,0)
(0,0,0)
(0,0,0)
(0,0,0)
(0,0,0)
(0,0,0)
(0,0,0)
(0,0,0)
(0,0,0)
(0,0,0)
(0,0,0)
(0,0,0)
(0,0,0)
(0,0,0)
(0,0,0)
(0,0,0)
(0,0,0)
(0,0,0)
(0,0,0)
(0,0,0)
(0,0,0)
(0,0,0)
(0,0,0)
(0,0,0)
(0,0,0)
(0,0,0)
(0,0,0)
(0,0,0)
(-162821.133748929,4041.22321150026,2616.67703256507)
(-164379.313939677,3646.1440447091,4337.38107367838)
(-167374.137838499,2837.97802597577,3819.56214138995)
(-171593.108841311,1423.12592462207,-844.406871740116)
(-176680.341795482,-739.545967024145,-12628.7451753998)
(-181815.496602866,-3587.56814947664,-36087.3756966188)
(-185593.228927555,-5602.8975415469,-78053.5425776366)
(-183760.093568626,-2209.46331825458,-147979.636385851)
(-162065.789387496,1074.60355310666,-240687.619479755)
(-101726.598430402,1283.76108429952,-320719.506098035)
(0,0,0)
(0,0,0)
(0,0,0)
(0,0,0)
(0,0,0)
(0,0,0)
(-164999.208001146,7088.49723398435,2250.82962012514)
(-166201.693188316,6397.96130990868,3500.45737592535)
(-168295.504032434,4893.71323902157,2377.29451161251)
(-170722.654563542,2146.22846911454,-3049.17708948451)
(-172417.889970152,-2516.91721107142,-15474.9720397186)
(-171977.373491663,-9934.37842520621,-38072.7168376367)
(-169341.098873705,-18003.8631233847,-74566.4162017922)
(-168302.542305632,-3573.04571749156,-144615.069447642)
(-152546.046533698,6389.7788121071,-240453.540203642)
(-97558.2789063431,4716.32712192245,-322006.10349235)
(0,0,0)
(0,0,0)
(0,0,0)
(0,0,0)
(0,0,0)
(0,0,0)
(-169681.42682724,7828.61913958629,1574.64734462736)
(-170166.906453725,7006.11755245901,1961.81400950742)
(-170504.840622671,5153.74767491426,-409.233234940737)
(-169233.394435113,1622.05763325234,-7763.80950106412)
(-163274.930170491,-5052.61642928949,-22888.5705508745)
(-147773.359991404,-18900.953458515,-46084.3575539223)
(-121345.17393571,-51289.3419138187,-60010.0578885096)
(-122728.744424655,8446.24653404679,-134556.248436126)
(-128165.098408777,29404.2673778815,-242053.907358812)
(-87949.3014128691,13823.2941201991,-326691.518657842)
(0,0,0)
(0,0,0)
(0,0,0)
(0,0,0)
(0,0,0)
(0,0,0)
(-177028.859249893,4025.84666933952,733.343187272357)
(-176630.065424898,3330.88740784383,42.1071442551327)
(-174732.310570192,1791.99755627719,-3995.71422350461)
(-168460.395563679,-917.699110234409,-14499.4816293912)
(-151030.683141807,-4971.03730059763,-36759.8577357547)
(-106852.016518098,-8775.66156459465,-78432.6693676489)
(-3.01536261486272e-05,-5.62558631118147e-06,-3.8473661366884e-06)
(354.377602008712,19.7777994250379,-113412.986100342)
(-78468.602510493,113230.463255157,-257483.703465955)
(-71677.5952716451,29041.2849540463,-340402.370288112)
(0,0,0)
(0,0,0)
(0,0,0)
(0,0,0)
(0,0,0)
(0,0,0)
(-186960.851725841,-7991.17649104392,-5.28009099825405)
(-185788.129110278,-8352.41554785396,-1550.78767181361)
(-181921.954414142,-8994.23211169491,-6739.61537761166)
(-171550.550506954,-9811.51036895789,-18626.2078173379)
(-146748.385159284,-10073.6210114029,-40635.2536453241)
(-93705.3193849083,-7931.18532123369,-69745.7665073822)
(3.91577235511322e-06,-7.40064833146941e-07,-6.62493097248178e-06)
(-7.08993419658329e-05,-3.21161868807834e-06,-1.17586637475269e-05)
(-205.742423593733,-501.841235967627,-341477.933532751)
(-52785.6140762213,3846.28121885814,-369285.411142324)
(0,0,0)
(0,0,0)
(0,0,0)
(0,0,0)
(0,0,0)
(0,0,0)
(-198271.55890014,-33683.04910796,-454.14568700827)
(-196528.0899932,-33652.124454363,-2353.64687094017)
(-191363.327441783,-33230.5389859742,-7641.19112523722)
(-178591.694866263,-31755.5629973387,-18940.2188570766)
(-149983.484883533,-27439.3434664222,-38583.7332759647)
(-92841.5201928725,-17482.5278256864,-62021.1307326694)
(-4.22748086574496e-07,-3.24045028675274e-06,-5.65860813717771e-12)
(-4.91581500375758e-05,-3.17134962645442e-06,-9.3103474886635e-06)
(-431.13348006042,-534.009957907498,-336779.931199376)
(-49496.9543662727,-11652.2102771982,-372804.499401873)
(0,0,0)
(0,0,0)
(0,0,0)
(0,0,0)
(0,0,0)
(0,0,0)
(-206895.457704121,-79913.6891510601,-492.532769496498)
(-204948.395171033,-79572.6610922579,-2111.03775219324)
(-199419.300799068,-78372.1454560518,-6232.50880928768)
(-186168.090687588,-74963.7640007374,-14654.3140308154)
(-156856.048301883,-65887.3867316719,-28706.9343308331)
(-97950.0308352578,-44189.919102667,-44714.7284246949)
(-7.15054180919053e-06,-7.15439168336881e-06,-6.70802762944156e-12)
(-8.49335790563873e-05,-4.65675018121347e-06,-1.5383952674892e-05)
(-96.5268710432705,-155327.234272832,-347462.369935081)
(-52525.0989573149,-54491.1315552764,-360748.834276246)
(0,0,0)
(0,0,0)
(0,0,0)
(0,0,0)
(0,0,0)
(0,0,0)
(-204546.579009095,-151896.474736352,-207.999373653379)
(-202780.74989929,-151519.046854895,-999.374341162948)
(-197892.249510899,-150310.554132818,-2835.16815032454)
(-186366.906703702,-146838.452766513,-5612.26704860857)
(-160534.692739023,-136796.134559572,-7045.71957192378)
(-105332.858309975,-106467.442221044,-653.134808894636)
(-0.000106650215534103,-1.88729972641471e-05,-5.28530968630958e-06)
(-6.30997976155672,-155029.144506112,-155046.454122452)
(-72534.0674453607,-133206.571758753,-246273.409369697)
(-67017.7423036204,-70139.1771133342,-305908.007484177)
(0,0,0)
(0,0,0)
(0,0,0)
(0,0,0)
(0,0,0)
(0,0,0)
(-177447.004317108,-244224.252378867,109.534043275311)
(-176161.073881358,-244103.824978833,163.317162902724)
(-172736.446108697,-243835.825026303,675.370660073591)
(-164931.628977038,-243538.077200151,4430.68902049728)
(-147654.220584926,-244925.492354231,23274.6692487595)
(-108205.649598709,-259786.19531648,105730.534193483)
(146.777585741232,-352186.691469788,-154681.582486769)
(-74198.2188212275,-246403.981629518,-132918.65426171)
(-94820.4888741212,-182636.542080266,-182871.201305751)
(-68113.3845403843,-101137.751093161,-235346.564929532)
(0,0,0)
(0,0,0)
(0,0,0)
(0,0,0)
(0,0,0)
(0,0,0)
(-109653.918619868,-323583.45825228,131.011665003862)
(-108994.404495548,-323689.336132743,352.577277332022)
(-107290.698607625,-324039.642072172,999.459597465206)
(-103648.919433666,-325132.482444844,3118.37754921001)
(-96269.8195706275,-328346.391731011,8571.03755339002)
(-82444.7054092034,-337078.135446563,13550.6141610239)
(-61212.4220577595,-350914.099365093,-48577.967343263)
(-69828.3281038323,-302656.92442645,-68820.4851592566)
(-68815.0830482495,-234155.531187002,-101041.150361819)
(-45959.5147883704,-133421.073456746,-133788.16385978)
(0,0,0)
(0,0,0)
(0,0,0)
(0,0,0)
(0,0,0)
(0,0,0)
(0,0,0)
(0,0,0)
(0,0,0)
(0,0,0)
(0,0,0)
(0,0,0)
(0,0,0)
(0,0,0)
(0,0,0)
(0,0,0)
(0,0,0)
(0,0,0)
(0,0,0)
(0,0,0)
(0,0,0)
(0,0,0)
(0,0,0)
(0,0,0)
(0,0,0)
(0,0,0)
(0,0,0)
(0,0,0)
(0,0,0)
(0,0,0)
(0,0,0)
(0,0,0)
(0,0,0)
(0,0,0)
(0,0,0)
(0,0,0)
(0,0,0)
(0,0,0)
(0,0,0)
(0,0,0)
(0,0,0)
(0,0,0)
(0,0,0)
(0,0,0)
(0,0,0)
(0,0,0)
(0,0,0)
(0,0,0)
(0,0,0)
(0,0,0)
(0,0,0)
(0,0,0)
(0,0,0)
(0,0,0)
(0,0,0)
(0,0,0)
(0,0,0)
(0,0,0)
(0,0,0)
(0,0,0)
(0,0,0)
(0,0,0)
(0,0,0)
(0,0,0)
(0,0,0)
(0,0,0)
(0,0,0)
(0,0,0)
(0,0,0)
(0,0,0)
(0,0,0)
(0,0,0)
(0,0,0)
(0,0,0)
(0,0,0)
(0,0,0)
(0,0,0)
(0,0,0)
(0,0,0)
(0,0,0)
(0,0,0)
(0,0,0)
(0,0,0)
(0,0,0)
(0,0,0)
(0,0,0)
(0,0,0)
(0,0,0)
(0,0,0)
(0,0,0)
(0,0,0)
(0,0,0)
(0,0,0)
(0,0,0)
(0,0,0)
(0,0,0)
(0,0,0)
(0,0,0)
(0,0,0)
(0,0,0)
(0,0,0)
(0,0,0)
(-165515.751665138,1614.40996920066,1080.20794699655)
(-166211.809740002,1613.48064317458,1299.2231041445)
(-167287.566990678,1710.12301846137,-497.470762135458)
(-168226.842975945,2125.23505787353,-5988.97168537159)
(-168214.159330633,3386.78799227972,-17841.9421424972)
(-165952.152848212,6157.08136365197,-39862.3672608023)
(-159900.405895192,10611.5262373562,-76166.7165305197)
(-147087.335067524,13254.1249021214,-126093.599933738)
(-118718.812468604,10585.4172308873,-180025.994083518)
(-68513.5808732472,5429.10278251545,-218668.114423184)
(0,0,0)
(0,0,0)
(0,0,0)
(0,0,0)
(0,0,0)
(0,0,0)
(-166575.326778776,2104.22753925991,1086.30120757155)
(-167027.19043192,2138.66571433659,1386.61338001465)
(-167501.61685995,2394.55820739636,-91.7089814047366)
(-167276.252769445,3358.02527267552,-4770.90099030594)
(-165137.462687147,6401.9124171124,-15066.4526981478)
(-159646.782700635,14147.5921525014,-35387.5542780288)
(-150602.020657516,29947.229403417,-73462.3356602885)
(-141777.952341494,41975.8555730318,-128708.656295347)
(-116261.089550744,30754.9231752647,-185163.119222679)
(-67513.4888725177,14305.0582062698,-224083.864680264)
(0,0,0)
(0,0,0)
(0,0,0)
(0,0,0)
(0,0,0)
(0,0,0)
(-168780.942847955,111.203488349197,1092.5400716236)
(-168733.905619777,207.557610429563,1590.64734157985)
(-168016.670550422,643.542089808185,853.493386917456)
(-165347.513477826,2127.93568839199,-1802.29798608443)
(-158280.682300034,6970.99037815141,-7365.62381758297)
(-143280.380744024,21883.8713036588,-19594.8822161175)
(-119666.187986875,70068.720003121,-61395.3587646638)
(-133725.176836163,131446.995299552,-139870.066079682)
(-114778.40188946,79055.1934230118,-201557.032846722)
(-66926.9763402831,30084.8123204401,-238359.112033489)
(0,0,0)
(0,0,0)
(0,0,0)
(0,0,0)
(0,0,0)
(0,0,0)
(-171828.937885197,-6191.53660663934,1102.81873029002)
(-171185.035222187,-6024.848871341,1890.19500934642)
(-168956.055910276,-5505.1957005429,2262.67813977985)
(-162887.544062256,-4124.05599286322,2941.81831961442)
(-147782.985412229,-807.601472541138,7472.71244073705)
(-110292.015572444,4259.60308500467,28536.9797137369)
(-1.88999496726016e-05,3.66580347475266e-06,-1.24464746483438e-05)
(-155611.68448108,-465.550579735356,-192148.145475389)
(-132611.922519524,191465.876341699,-250415.508385044)
(-71570.5249153719,47918.3217636422,-268356.088184511)
(0,0,0)
(0,0,0)
(0,0,0)
(0,0,0)
(0,0,0)
(0,0,0)
(-174995.898854212,-19315.2142963713,1158.72481809664)
(-173835.90269992,-19102.4585494635,2284.10808586642)
(-170296.343000213,-18441.5983233057,3594.89929470067)
(-161380.098098262,-16875.1329322716,6175.52382541776)
(-140485.70014337,-13328.2115888944,12433.4489258528)
(-93908.2893728315,-7100.25014435605,23996.2721431393)
(6.50592560248438e-06,8.39282890304473e-07,7.66476622213508e-07)
(-4.81749258438841e-05,2.41065637950987e-06,-2.40775140353548e-05)
(-241789.696582167,-739.70891538226,-393750.660762106)
(-89638.5211306897,7136.25046147445,-316115.682405473)
(0,0,0)
(0,0,0)
(0,0,0)
(0,0,0)
(0,0,0)
(0,0,0)
(-176590.585504129,-42253.4226344245,1257.23494204311)
(-175083.754047295,-42036.934412499,2747.37485917904)
(-170841.753494214,-41267.7772719367,5051.97986023865)
(-160717.827792064,-39320.3043398726,9623.28419364387)
(-137953.756766531,-34288.9112295036,18554.2557172548)
(-89689.5450870379,-22577.3324064668,30879.3628735307)
(1.07793351390123e-06,7.63548243449068e-08,4.43676974044365e-13)
(-3.35168266904925e-05,4.95558975950727e-06,-1.81862562834038e-05)
(-228335.767699859,-221.572690202813,-385486.808868713)
(-90209.7012038931,-14690.1792609043,-322947.632308731)
(0,0,0)
(0,0,0)
(0,0,0)
(0,0,0)
(0,0,0)
(0,0,0)
(-173067.803649686,-77509.1841066011,1428.10741774863)
(-171532.75834935,-77375.4647543186,3351.00093788381)
(-167415.264369002,-76843.8165270876,6923.00376296926)
(-157989.15990728,-75158.1075132891,14581.8761560773)
(-137175.066323832,-69555.4711792218,30167.4541277464)
(-92058.5635957908,-51568.5343480681,53267.1888298766)
(-3.65921995625885e-06,-1.96581558509274e-06,-4.98882132432319e-13)
(-4.62344237881151e-05,-8.02362962046327e-06,-2.57199363871838e-05)
(-249989.578198069,-227776.704550253,-399606.172339121)
(-89913.1234653587,-69003.7119660029,-307904.615125974)
(0,0,0)
(0,0,0)
(0,0,0)
(0,0,0)
(0,0,0)
(0,0,0)
(-158855.495619626,-124695.381530269,1495.11403420447)
(-157606.040874003,-124834.291739627,3779.23199422857)
(-154426.579761083,-125118.803797018,8588.54951434338)
(-147713.731082441,-125390.404831292,20167.6712110851)
(-134117.44399598,-123959.477984237,48154.429273054)
(-104064.954791443,-109412.494992425,104730.486398879)
(-6.19090585506715e-05,-3.31087046401869e-05,-1.06355972738143e-05)
(-183440.813859318,-229244.27526779,-227399.398860066)
(-131680.097980667,-155515.766553734,-240514.306321285)
(-66668.1758983112,-71265.6461523702,-238601.938540224)
(0,0,0)
(0,0,0)
(0,0,0)
(0,0,0)
(0,0,0)
(0,0,0)
(-127067.860833304,-176360.476504647,1285.95149057082)
(-126254.29376383,-176894.99123023,3439.87086364774)
(-124401.315480793,-178382.504593262,8368.44103198526)
(-121332.517888695,-182265.238612467,21644.1637248099)
(-119141.954512678,-193562.544934143,62734.9646024717)
(-134982.290824857,-234045.234124298,214144.344960487)
(-278542.894185844,-413555.321906469,-228964.230636508)
(-136979.612521036,-242024.691755297,-153402.420449192)
(-91144.1758067199,-156627.124244103,-155967.375826234)
(-49402.6314698031,-78977.1695318538,-166966.605517325)
(0,0,0)
(0,0,0)
(0,0,0)
(0,0,0)
(0,0,0)
(0,0,0)
(-72782.0344976869,-213960.81041038,728.449783554402)
(-72392.6553503914,-214723.981095453,1955.69050362474)
(-71545.2533203959,-216748.566599103,4576.30722223501)
(-70317.2622824797,-221471.315084731,10450.7265433145)
(-69738.0918257289,-232043.784441057,22400.2383053242)
(-74294.7706548752,-254629.055747222,34834.1251739238)
(-93053.8575076651,-289721.675036414,-57158.0862462268)
(-68464.4303581423,-232817.777553607,-67728.89819361)
(-49797.2427940517,-165318.180351748,-78055.6823401697)
(-27870.7525705914,-87455.800275262,-87665.8138145343)
(0,0,0)
(0,0,0)
(0,0,0)
(0,0,0)
(0,0,0)
(0,0,0)
(0,0,0)
(0,0,0)
(0,0,0)
(0,0,0)
(0,0,0)
(0,0,0)
(0,0,0)
(0,0,0)
(0,0,0)
(0,0,0)
(0,0,0)
(0,0,0)
(0,0,0)
(0,0,0)
(0,0,0)
(0,0,0)
(0,0,0)
(0,0,0)
(0,0,0)
(0,0,0)
(0,0,0)
(0,0,0)
(0,0,0)
(0,0,0)
(0,0,0)
(0,0,0)
(0,0,0)
(0,0,0)
(0,0,0)
(0,0,0)
(0,0,0)
(0,0,0)
(0,0,0)
(0,0,0)
(0,0,0)
(0,0,0)
(0,0,0)
(0,0,0)
(0,0,0)
(0,0,0)
(0,0,0)
(0,0,0)
(0,0,0)
(0,0,0)
(0,0,0)
(0,0,0)
(0,0,0)
(0,0,0)
(0,0,0)
(0,0,0)
(0,0,0)
(0,0,0)
(0,0,0)
(0,0,0)
(0,0,0)
(0,0,0)
(0,0,0)
(0,0,0)
(0,0,0)
(0,0,0)
(0,0,0)
(0,0,0)
(0,0,0)
(0,0,0)
(0,0,0)
(0,0,0)
(0,0,0)
(0,0,0)
(0,0,0)
(0,0,0)
(0,0,0)
(0,0,0)
(0,0,0)
(0,0,0)
(0,0,0)
(0,0,0)
(0,0,0)
(0,0,0)
(0,0,0)
(0,0,0)
(0,0,0)
(0,0,0)
(0,0,0)
(0,0,0)
(0,0,0)
(0,0,0)
(0,0,0)
(0,0,0)
(0,0,0)
(0,0,0)
(0,0,0)
(0,0,0)
(0,0,0)
(0,0,0)
(0,0,0)
(0,0,0)
(-166248.481385297,295.797796378849,436.931923786018)
(-166559.363494407,563.421942259117,221.063735930117)
(-166857.064680722,1284.68230275345,-1494.12087678655)
(-166548.532366148,2891.7778267519,-6064.20931333663)
(-164774.847359953,6273.02101731053,-15776.5423013263)
(-160070.927813073,12303.5288303243,-33961.2961667928)
(-150253.292516748,19799.5914356228,-63408.0009808579)
(-131308.762619429,18502.7909734745,-97689.3644024227)
(-99707.1425797813,12974.8897074485,-129675.923998701)
(-54582.390992927,6366.21102407631,-149973.324903089)
(0,0,0)
(0,0,0)
(0,0,0)
(0,0,0)
(0,0,0)
(0,0,0)
(-166591.931718879,-383.18978564844,695.592522126944)
(-166831.962877032,130.862493337306,932.924416165311)
(-166998.446499103,1580.07301006611,134.363348006955)
(-166555.354311663,4989.92616655342,-2684.68344957632)
(-164809.655279418,12977.4724067109,-9716.94224670379)
(-160918.185406315,30297.7176659463,-26439.7283766441)
(-153367.585209205,60775.2015059903,-64649.7738953223)
(-134745.98987071,49962.0746158639,-103141.02000849)
(-102348.886399281,32177.2967167768,-136255.63016928)
(-55893.7134688883,14844.3899276215,-156353.584476456)
(0,0,0)
(0,0,0)
(0,0,0)
(0,0,0)
(0,0,0)
(0,0,0)
(-167102.883286719,-3238.74695338502,1177.49760650018)
(-167192.294909672,-2552.72204245898,2319.47143219147)
(-167087.032805359,-583.571448839104,3553.47814603806)
(-166367.616133099,4305.37428098662,5258.13268687903)
(-164840.431710663,17203.8758055302,7591.47869869433)
(-164069.203762022,54658.6211146189,4019.39826801844)
(-169130.193704847,189725.910589156,-75467.3050971689)
(-147818.811689704,109437.617350528,-120849.212978291)
(-111071.045319047,61148.5096431663,-153527.782475093)
(-59830.7248479922,25409.0989888115,-171188.743028571)
(0,0,0)
(0,0,0)
(0,0,0)
(0,0,0)
(0,0,0)
(0,0,0)
(-167261.693902857,-9584.00323927305,1778.0123035526)
(-167182.52404755,-8907.08304502885,4129.86213149444)
(-166713.257227621,-7056.49644254825,8359.98844255075)
(-165447.765133792,-2839.29949652176,18064.8832915878)
(-163791.378776302,6254.918869699,45022.2335914883)
(-170036.526393882,20330.0877637689,139095.277763774)
(-251505.418235538,-843.770868160621,-155728.420573262)
(-187653.609716426,154800.718923887,-169049.596911281)
(-133535.548487081,82204.789871069,-189182.251171626)
(-68613.0224109507,29811.2875065218,-196541.942193751)
(0,0,0)
(0,0,0)
(0,0,0)
(0,0,0)
(0,0,0)
(0,0,0)
(-165986.293011408,-20945.9214664242,2352.31238435054)
(-165759.347644735,-20460.3356792612,5829.00996339276)
(-164886.157323198,-19157.3944029442,12519.7222467692)
(-162374.416348082,-16399.2437704248,27073.984770488)
(-155193.948722437,-10970.6084964617,59007.7607157205)
(-129340.133954497,-3044.95490926862,117814.647970417)
(-3.43261322267417e-05,1.5969879107968e-05,2.84870521155827e-05)
(-247571.229546614,-266.04806247399,-241476.483764484)
(-172268.362671392,12598.5391887656,-241391.566992953)
(-81516.9945689712,6520.49076029271,-226222.296808442)
(0,0,0)
(0,0,0)
(0,0,0)
(0,0,0)
(0,0,0)
(0,0,0)
(-161557.687953447,-38716.1483869541,2737.32936984922)
(-161233.405374499,-38522.1650970552,6948.81011484685)
(-160255.960710578,-37960.4069338601,15166.0298621332)
(-157587.540988824,-36732.3945501701,32368.8938386372)
(-149697.081528211,-33649.3071775541,66790.9172814087)
(-121409.873322769,-25071.2039037909,120537.494511661)
(-2.43777457821316e-05,2.43780377468829e-05,2.03205637936088e-05)
(-232297.629478957,-278.176667121736,-228283.147612485)
(-174843.617635454,-21990.4392090557,-247186.319279062)
(-83921.4681880749,-14438.588670622,-232515.472863969)
(0,0,0)
(0,0,0)
(0,0,0)
(0,0,0)
(0,0,0)
(0,0,0)
(-151321.853522473,-63352.054054525,2889.95554035467)
(-151025.078009277,-63526.2908030962,7386.40090631756)
(-150328.49681017,-63981.0389549686,16320.2653685947)
(-148732.797773944,-65035.6098552358,35367.1185403185)
(-144050.598760137,-66668.6021409486,75261.945940013)
(-123502.24656215,-63705.4473781565,145339.872380747)
(-3.59696122310282e-05,3.46089364383342e-05,2.61614556130355e-05)
(-255373.103762205,-183562.652547069,-249747.334162061)
(-172781.083160105,-109571.674427376,-239374.593981704)
(-80060.7261082465,-45835.9005891634,-217829.679420281)
(0,0,0)
(0,0,0)
(0,0,0)
(0,0,0)
(0,0,0)
(0,0,0)
(-131820.174135549,-93031.9171630633,2644.54162445794)
(-131691.557702901,-93626.6439478592,6830.41159812176)
(-131577.745957003,-95232.5355705507,15233.0744096166)
(-132096.363477227,-99156.2150929858,33736.3120421536)
(-136084.392458145,-109174.681925549,78209.3402889279)
(-157944.413554192,-140512.976012669,208896.327686199)
(-284960.204614617,-278773.895164716,-183317.617270958)
(-191928.733936522,-182901.641688181,-175490.708052638)
(-126285.160883953,-115066.597399539,-175390.722177177)
(-62063.7929312555,-54065.2106702622,-171765.795063144)
(0,0,0)
(0,0,0)
(0,0,0)
(0,0,0)
(0,0,0)
(0,0,0)
(-99880.7592193976,-122211.167836339,1992.14905936845)
(-99888.2244720475,-123166.727529482,5166.16334921134)
(-100163.650654852,-125657.396537249,11353.3594899734)
(-101570.029362865,-131365.809807517,23800.465678679)
(-107158.986685013,-144274.151530309,46916.9674557746)
(-125805.389938402,-173451.96746817,70679.0580248187)
(-171194.605380117,-228147.934314745,-87295.1916308745)
(-126154.920674653,-173566.953861829,-107454.571303621)
(-84208.0167609112,-115315.887657041,-114141.440091924)
(-42720.4108174911,-57460.491137251,-117428.380277242)
(0,0,0)
(0,0,0)
(0,0,0)
(0,0,0)
(0,0,0)
(0,0,0)
(-54652.9385849631,-141404.823865562,1064.56011650018)
(-54692.2459856369,-142514.537389913,2711.96061217529)
(-54911.0434080543,-145311.402597601,5731.75676018353)
(-55772.056197682,-151172.930347361,10993.6712152321)
(-58590.7510559083,-162293.369499108,17865.5484142132)
(-65663.7253846226,-180359.412157893,16141.9478336874)
(-75826.7044115006,-196708.537655899,-32524.6019213332)
(-61179.4679098251,-164364.330015395,-49012.1882160859)
(-42546.317050268,-115506.557897355,-56072.4437195571)
(-22103.5294861354,-59573.1420147045,-59727.015926561)
(0,0,0)
(0,0,0)
(0,0,0)
(0,0,0)
(0,0,0)
(0,0,0)
(0,0,0)
(0,0,0)
(0,0,0)
(0,0,0)
(0,0,0)
(0,0,0)
(0,0,0)
(0,0,0)
(0,0,0)
(0,0,0)
(0,0,0)
(0,0,0)
(0,0,0)
(0,0,0)
(0,0,0)
(0,0,0)
(0,0,0)
(0,0,0)
(0,0,0)
(0,0,0)
(0,0,0)
(0,0,0)
(0,0,0)
(0,0,0)
(0,0,0)
(0,0,0)
(0,0,0)
(0,0,0)
(0,0,0)
(0,0,0)
(0,0,0)
(0,0,0)
(0,0,0)
(0,0,0)
(0,0,0)
(0,0,0)
(0,0,0)
(0,0,0)
(0,0,0)
(0,0,0)
(0,0,0)
(0,0,0)
(0,0,0)
(0,0,0)
(0,0,0)
(0,0,0)
(0,0,0)
(0,0,0)
(0,0,0)
(0,0,0)
(0,0,0)
(0,0,0)
(0,0,0)
(0,0,0)
(0,0,0)
(0,0,0)
(0,0,0)
(0,0,0)
(0,0,0)
(0,0,0)
(0,0,0)
(0,0,0)
(0,0,0)
(0,0,0)
(0,0,0)
(0,0,0)
(0,0,0)
(0,0,0)
(0,0,0)
(0,0,0)
(0,0,0)
(0,0,0)
(0,0,0)
(0,0,0)
(0,0,0)
(0,0,0)
(0,0,0)
(0,0,0)
(0,0,0)
(0,0,0)
(0,0,0)
(0,0,0)
(0,0,0)
(0,0,0)
(0,0,0)
(0,0,0)
(0,0,0)
(0,0,0)
(0,0,0)
(0,0,0)
(0,0,0)
(0,0,0)
(0,0,0)
(0,0,0)
(0,0,0)
(0,0,0)
(-166195.579646223,-248.500739256365,195.59900017873)
(-166414.06801893,62.4646849013419,-12.1611601990021)
(-166583.019640851,904.507182863312,-1190.71338292347)
(-166047.93791429,2661.16265670897,-4352.47049149635)
(-163898.21695711,6023.27548122584,-11252.3763755673)
(-158349.304452394,11309.5519545415,-24283.5516907835)
(-146537.97359116,16568.7772541904,-44567.6478705652)
(-124632.418787022,14969.8001669186,-66213.7918698848)
(-91603.9961080034,10260.4785948392,-84577.4169365101)
(-48807.887195659,4997.88993916421,-95349.8106729401)
(0,0,0)
(0,0,0)
(0,0,0)
(0,0,0)
(0,0,0)
(0,0,0)
(-166165.175375482,-1180.62080264238,505.363719991266)
(-166497.959587711,-577.87962047846,811.704736042054)
(-166957.514696519,1092.92947110597,582.350645216844)
(-167111.703472975,4784.8563886892,-984.993925448294)
(-166399.611124137,12578.8900213048,-5950.65262080801)
(-163423.619475238,26872.5344245237,-19008.2010218665)
(-154520.849933979,44829.6411297884,-46115.8001726907)
(-131793.567889366,36742.7500076673,-70841.1719947877)
(-96485.6325568008,23359.7252791135,-89803.6725215381)
(-51168.2703501051,10863.0946862558,-100394.320387415)
(0,0,0)
(0,0,0)
(0,0,0)
(0,0,0)
(0,0,0)
(0,0,0)
(-165744.298464973,-3651.62774008572,1112.42211569814)
(-166247.551753381,-2860.22509461947,2450.02443354778)
(-167251.216221374,-586.439775330766,4293.57709599909)
(-168887.97103661,4834.38443434538,6764.40395385068)
(-171670.688548025,17863.7850523076,8309.76576020439)
(-176132.075905741,48351.1272438395,-1105.95491539472)
(-178311.282083107,107132.910857223,-54228.1362645649)
(-150560.455518963,69419.5644368921,-84163.3068645356)
(-108182.731944583,38569.4999405868,-102261.39490047)
(-56540.2039337134,16580.5400133715,-111269.36114186)
(0,0,0)
(0,0,0)
(0,0,0)
(0,0,0)
(0,0,0)
(0,0,0)
(-164260.438029393,-8532.16104451624,1879.27743096785)
(-165003.761181141,-7771.17569363459,4611.46516356985)
(-166767.506031536,-5563.58254825594,9642.85674040772)
(-170564.112204057,-132.417083572194,19726.0053285972)
(-179438.881404605,14451.0799434397,38786.2130657693)
(-201180.499092205,60611.4918842274,57669.8211237128)
(-245014.659140401,250239.122703472,-91927.1498176759)
(-189789.604371623,94588.8299397602,-114960.420665344)
(-129037.336701235,43331.5230604546,-124220.655571065)
(-65266.583441931,16847.722426237,-127834.276952949)
(0,0,0)
(0,0,0)
(0,0,0)
(0,0,0)
(0,0,0)
(0,0,0)
(-160433.058143519,-16679.6857470472,2594.28983464213)
(-161415.327692374,-16202.5050505602,6681.5992392097)
(-163904.944749057,-14859.5451369646,14996.3492537815)
(-169806.292357955,-11943.4878540979,34239.2960341798)
(-185531.789559225,-5843.43304004186,84871.6498544502)
(-235535.646972296,4442.65790474627,247235.996851735)
(-434799.472808181,-771.54539796926,-247551.735327329)
(-249016.534036479,14604.3961764958,-166121.997074191)
(-154269.492621627,9813.03696304775,-150602.381026556)
(-74681.8807087656,4031.43290649349,-144621.205367025)
(0,0,0)
(0,0,0)
(0,0,0)
(0,0,0)
(0,0,0)
(0,0,0)
(-152683.013853287,-28587.9650073255,3033.60516011837)
(-153781.492463961,-28511.9826974415,7891.16989646043)
(-156702.054428009,-28321.6071782808,17799.3256552056)
(-163753.596744062,-28182.4707444366,40204.3643007822)
(-182046.826472563,-28328.8455686406,95039.5217737277)
(-236308.396501467,-27533.1013608081,241913.804217982)
(-424652.609299679,-608.189132908664,-232128.601478368)
(-255355.18331099,-23712.5710100769,-170754.080459752)
(-159460.781728092,-20107.2525847309,-156216.626819343)
(-76913.4007309055,-10647.8363411727,-148545.425028844)
(0,0,0)
(0,0,0)
(0,0,0)
(0,0,0)
(0,0,0)
(0,0,0)
(-138977.785977954,-44026.5889090198,3094.55635717761)
(-140057.996923003,-44380.4475319088,7995.9401053735)
(-143054.40863411,-45462.068487219,17862.3132382512)
(-150355.242638679,-48675.0800306002,39977.3673891563)
(-169164.577488217,-58983.4184520405,95745.9190006344)
(-225658.334380178,-98394.3644975678,268763.269955431)
(-440692.137961263,-285238.413438155,-255161.710478492)
(-246842.530260712,-120385.828978386,-167019.026011681)
(-150032.420467166,-63268.4378565164,-146606.503432835)
(-71641.3615452017,-27933.0718037258,-137740.632533322)
(0,0,0)
(0,0,0)
(0,0,0)
(0,0,0)
(0,0,0)
(0,0,0)
(-117168.32953675,-61374.9275909549,2696.49408313504)
(-118128.613530101,-62086.4375437017,6839.53992212448)
(-120790.359851448,-64043.6412325564,14633.7265619091)
(-127001.598991329,-68845.9781308062,29709.8601762176)
(-141260.720547521,-80446.0508724766,56348.8206860269)
(-173356.826738882,-108532.954904452,81899.8242775938)
(-232902.099256212,-165184.728889799,-90211.9656291586)
(-175469.905130807,-117298.401972372,-109758.221440892)
(-115082.9703097,-73110.5641421125,-111118.285729559)
(-56710.9174720775,-34778.3481578235,-109625.884834628)
(0,0,0)
(0,0,0)
(0,0,0)
(0,0,0)
(0,0,0)
(0,0,0)
(-85933.2842876339,-77268.8240224258,1946.42149970888)
(-86648.0655314454,-78218.3664831687,4838.19149857234)
(-88614.8586357786,-80633.2837105239,9879.04195746645)
(-92953.1835526534,-85779.6840482919,18195.9020647386)
(-101884.213220427,-95862.1020495049,28337.179777179)
(-117935.046757721,-113410.323742284,25344.2054343291)
(-135973.712019232,-132868.476657864,-42192.9401584994)
(-111502.946320939,-108694.870189782,-65448.4462947983)
(-76386.7838757111,-73746.3409545894,-72633.9023675141)
(-38576.5229032219,-36885.3449326208,-74670.7935069871)
(0,0,0)
(0,0,0)
(0,0,0)
(0,0,0)
(0,0,0)
(0,0,0)
(-45839.0146243482,-87104.6603172848,1021.91233424494)
(-46203.3795202706,-88147.5303913781,2462.20977708774)
(-47202.8354068376,-90687.9758958889,4808.6939612372)
(-49320.7359740678,-95589.522846958,8167.21253628685)
(-53348.7281947102,-103811.775899066,10874.8635246477)
(-59444.5091114287,-114802.560698124,6047.88420728995)
(-63819.3333481749,-120996.511687631,-17831.4518262678)
(-54025.6766575291,-103316.124636803,-30363.9886315407)
(-37968.0808482193,-73059.3002218208,-35629.2655663585)
(-19476.3674935982,-37514.6410840987,-37627.1314074179)
(0,0,0)
(0,0,0)
(0,0,0)
(0,0,0)
(0,0,0)
(0,0,0)
(0,0,0)
(0,0,0)
(0,0,0)
(0,0,0)
(0,0,0)
(0,0,0)
(0,0,0)
(0,0,0)
(0,0,0)
(0,0,0)
(0,0,0)
(0,0,0)
(0,0,0)
(0,0,0)
(0,0,0)
(0,0,0)
(0,0,0)
(0,0,0)
(0,0,0)
(0,0,0)
(0,0,0)
(0,0,0)
(0,0,0)
(0,0,0)
(0,0,0)
(0,0,0)
(0,0,0)
(0,0,0)
(0,0,0)
(0,0,0)
(0,0,0)
(0,0,0)
(0,0,0)
(0,0,0)
(0,0,0)
(0,0,0)
(0,0,0)
(0,0,0)
(0,0,0)
(0,0,0)
(0,0,0)
(0,0,0)
(0,0,0)
(0,0,0)
(0,0,0)
(0,0,0)
(0,0,0)
(0,0,0)
(0,0,0)
(0,0,0)
(0,0,0)
(0,0,0)
(0,0,0)
(0,0,0)
(0,0,0)
(0,0,0)
(0,0,0)
(0,0,0)
(0,0,0)
(0,0,0)
(0,0,0)
(0,0,0)
(0,0,0)
(0,0,0)
(0,0,0)
(0,0,0)
(0,0,0)
(0,0,0)
(0,0,0)
(0,0,0)
(0,0,0)
(0,0,0)
(0,0,0)
(0,0,0)
(0,0,0)
(0,0,0)
(0,0,0)
(0,0,0)
(0,0,0)
(0,0,0)
(0,0,0)
(0,0,0)
(0,0,0)
(0,0,0)
(0,0,0)
(0,0,0)
(0,0,0)
(0,0,0)
(0,0,0)
(0,0,0)
(0,0,0)
(0,0,0)
(0,0,0)
(0,0,0)
(0,0,0)
(0,0,0)
(-166032.004790899,-256.456098899517,92.8812435740376)
(-166260.156284465,-58.780010016968,-2.25048086856215)
(-166478.959449137,476.083610372856,-582.394282957848)
(-165993.68226196,1556.96697257597,-2193.61690786343)
(-163764.987107867,3491.44864319301,-5818.29540029617)
(-157782.148493821,6255.38395660867,-12640.8353154787)
(-144944.497799069,8603.43519776051,-22837.7463053348)
(-121931.686368051,7811.55540833776,-33350.0341326449)
(-88507.9574460407,5390.7250537469,-41836.7978483485)
(-46679.6638465741,2634.72372846886,-46599.7449259076)
(0,0,0)
(0,0,0)
(0,0,0)
(0,0,0)
(0,0,0)
(0,0,0)
(-165820.930473668,-887.382634814434,286.681634102462)
(-166279.995833891,-501.703873072747,511.641743341395)
(-167005.560266289,556.622209665027,479.148713818202)
(-167575.517570274,2797.44254293936,-297.512759250777)
(-167247.179101576,7122.62750481452,-3081.12364343335)
(-164025.100391056,14050.8232688616,-10275.0820398685)
(-153553.11125365,20943.1771669592,-23582.5626893926)
(-129746.900376306,17883.8460514326,-35701.5208455453)
(-93898.6737063828,11647.3926212047,-44545.1472634178)
(-49315.7476030202,5502.31793364292,-49265.264215674)
(0,0,0)
(0,0,0)
(0,0,0)
(0,0,0)
(0,0,0)
(0,0,0)
(-165065.064443074,-2250.73573765631,684.119080942383)
(-165854.93010014,-1759.35029646337,1549.14385109424)
(-167508.568378563,-333.652870811754,2696.77108876054)
(-170260.907618506,2907.80573055266,3959.34448304603)
(-174210.296534495,9834.56714864142,3787.01282569507)
(-177932.18258664,23058.4259266392,-3420.48315118173)
(-174362.300273858,40228.4657862288,-26654.7535797014)
(-147500.717478064,30066.7237814585,-41897.3693506232)
(-105489.15822808,17696.8810135209,-50640.431459447)
(-54806.8070993573,7872.72483852704,-54744.2351986864)
(0,0,0)
(0,0,0)
(0,0,0)
(0,0,0)
(0,0,0)
(0,0,0)
(-162849.179100299,-4847.0684399928,1185.07377324097)
(-164095.90798545,-4390.49738763881,2908.367668724)
(-167040.995188087,-3011.69735476082,5859.90130922633)
(-172895.608395126,260.860481677651,10838.3427491681)
(-183723.372721865,7946.02104400799,17011.3801710597)
(-200689.87549174,25826.2143167278,13752.9681805062)
(-214311.092577968,60071.2856970758,-36793.4182927733)
(-177400.859977362,35119.4600152354,-54234.898920809)
(-123142.496891274,18002.6473400313,-60435.5050572874)
(-62670.2168080644,7412.43030083091,-62571.5771534565)
(0,0,0)
(0,0,0)
(0,0,0)
(0,0,0)
(0,0,0)
(0,0,0)
(-157850.190896759,-9082.94257263272,1653.00688587995)
(-159548.964950147,-8811.80728107983,4207.95403709304)
(-163749.610412063,-8001.98180478147,9042.90415012307)
(-172730.103325166,-6254.08492484485,18481.6605238542)
(-191184.805727309,-2776.80071846647,34857.4984544098)
(-226034.693168071,3211.57210078482,47971.1868661289)
(-273956.760291796,8919.45793210996,-61719.6978852953)
(-212258.371991455,7943.46856184493,-71301.8684769118)
(-141029.875718098,4441.54433086863,-70980.3823712801)
(-70038.3666833594,1732.62205493754,-69944.0881507848)
(0,0,0)
(0,0,0)
(0,0,0)
(0,0,0)
(0,0,0)
(0,0,0)
(-148654.313501253,-15032.0034805193,1920.36055585113)
(-150572.756639947,-15034.5826400991,4934.40009085707)
(-155449.386883766,-15009.2259970835,10688.9767389125)
(-166066.082160172,-15131.2046946053,21878.5819247796)
(-187923.440504988,-15797.9967783065,40776.3920170449)
(-228714.890754094,-17239.7587953625,53634.2171658175)
(-282409.612943117,-17014.1066609122,-62675.2145977127)
(-219882.214231594,-15479.316952486,-74725.398162775)
(-145288.088979129,-10850.1200190233,-73606.4265618533)
(-71688.1860309384,-5469.83048518878,-71629.188721698)
(0,0,0)
(0,0,0)
(0,0,0)
(0,0,0)
(0,0,0)
(0,0,0)
(-133511.171565123,-22421.6884626974,1923.07056934387)
(-135371.371364044,-22705.9219596811,4907.78432996778)
(-140172.986923134,-23481.7947451003,10498.9313670068)
(-150567.415550766,-25591.448009367,21171.3475938568)
(-171757.104421363,-31323.6342908691,39289.5120395635)
(-211110.57000875,-46324.6533364223,53826.6422091874)
(-265063.89542427,-77697.0706207365,-61118.6363679556)
(-204153.276830088,-49252.0482109568,-70035.1585401133)
(-134261.932794257,-28503.657506341,-68152.1087257085)
(-66097.5780644259,-13097.3273235193,-66068.395368156)
(0,0,0)
(0,0,0)
(0,0,0)
(0,0,0)
(0,0,0)
(0,0,0)
(-110812.947385271,-30429.6995964651,1652.62898228987)
(-112366.694506951,-30911.0525948186,4095.84059427952)
(-116377.121863327,-32155.9138024576,8356.72166351783)
(-124667.069790472,-35031.661305508,15462.4057588025)
(-140171.294249862,-41258.4434477871,24307.7886180682)
(-164542.33407401,-53265.4151771319,22434.0577939038)
(-187110.64018618,-68406.3952508771,-32648.0766459866)
(-154667.458428305,-53482.6448497862,-49219.9267096454)
(-105587.629802578,-34551.2348802951,-52667.6898428175)
(-52904.3301869735,-16717.0097525703,-52854.5946988688)
(0,0,0)
(0,0,0)
(0,0,0)
(0,0,0)
(0,0,0)
(0,0,0)
(-80059.7980421122,-37478.3633221905,1175.17748020051)
(-81145.1045201913,-38065.2830891556,2826.44696328531)
(-83916.7908731409,-39508.7638587476,5481.22925693586)
(-89369.4544645304,-42403.418138793,9269.25700209644)
(-98700.0680401225,-47533.7149791757,12360.3833531803)
(-111121.592455663,-55075.0630554466,7356.57692943616)
(-118564.81151838,-60824.4194477022,-17634.2993745909)
(-101063.54062862,-51332.5775390818,-30223.7723776164)
(-70926.5381443939,-35468.4925989915,-34766.7603902378)
(-36134.7792320904,-17869.6675161667,-36055.8462977742)
(0,0,0)
(0,0,0)
(0,0,0)
(0,0,0)
(0,0,0)
(0,0,0)
(-42247.3955486517,-41675.3942947411,605.411896853584)
(-42771.2833450151,-42305.62192298,1413.65455542259)
(-44130.4420550271,-43803.6654837288,2636.16282859157)
(-46728.0712767854,-46514.7683825156,4154.8483750324)
(-50927.9434079958,-50664.1651933569,4864.51380249873)
(-55842.6499497325,-55535.5388318811,1723.13041723848)
(-57596.2981464405,-57327.0005502774,-7997.32368192038)
(-49631.2424574405,-49443.6257543506,-14280.7096667406)
(-35351.5265885087,-35236.8622390089,-17128.8942864338)
(-18194.3552095434,-18125.9971030454,-18154.5769836092)
(0,0,0)
(0,0,0)
(0,0,0)
(0,0,0)
(0,0,0)
(0,0,0)
(0,0,0)
(0,0,0)
(0,0,0)
(0,0,0)
(0,0,0)
(0,0,0)
(0,0,0)
(0,0,0)
(0,0,0)
(0,0,0)
(0,0,0)
(0,0,0)
(0,0,0)
(0,0,0)
(0,0,0)
(0,0,0)
(0,0,0)
(0,0,0)
(0,0,0)
(0,0,0)
(0,0,0)
(0,0,0)
(0,0,0)
(0,0,0)
(0,0,0)
(0,0,0)
(0,0,0)
(0,0,0)
(0,0,0)
(0,0,0)
(0,0,0)
(0,0,0)
(0,0,0)
(0,0,0)
(0,0,0)
(0,0,0)
(0,0,0)
(0,0,0)
(0,0,0)
(0,0,0)
(0,0,0)
(0,0,0)
(0,0,0)
(0,0,0)
(0,0,0)
(0,0,0)
(0,0,0)
(0,0,0)
(0,0,0)
(0,0,0)
(0,0,0)
(0,0,0)
(0,0,0)
(0,0,0)
(0,0,0)
(0,0,0)
(0,0,0)
(0,0,0)
(0,0,0)
(0,0,0)
(0,0,0)
(0,0,0)
(0,0,0)
(0,0,0)
(0,0,0)
(0,0,0)
(0,0,0)
(0,0,0)
(0,0,0)
(0,0,0)
(0,0,0)
(0,0,0)
(0,0,0)
(0,0,0)
(0,0,0)
(0,0,0)
(0,0,0)
(0,0,0)
(0,0,0)
(0,0,0)
(0,0,0)
(0,0,0)
(0,0,0)
(0,0,0)
(0,0,0)
(0,0,0)
(0,0,0)
(0,0,0)
(0,0,0)
(0,0,0)
(0,0,0)
(0,0,0)
(0,0,0)
(0,0,0)
(0,0,0)
(0,0,0)
(0,0,0)
(0,0,0)
(0,0,0)
(0,0,0)
(0,0,0)
(0,0,0)
(0,0,0)
(0,0,0)
(0,0,0)
(0,0,0)
(0,0,0)
(0,0,0)
(0,0,0)
(0,0,0)
(0,0,0)
(0,0,0)
(0,0,0)
(0,0,0)
(0,0,0)
(0,0,0)
(0,0,0)
(0,0,0)
(0,0,0)
(0,0,0)
(0,0,0)
(0,0,0)
(0,0,0)
(0,0,0)
(0,0,0)
(0,0,0)
(0,0,0)
(0,0,0)
(0,0,0)
(0,0,0)
(0,0,0)
(0,0,0)
(0,0,0)
(0,0,0)
(0,0,0)
(0,0,0)
(0,0,0)
(0,0,0)
(0,0,0)
(0,0,0)
(0,0,0)
(0,0,0)
(0,0,0)
(0,0,0)
(0,0,0)
(0,0,0)
(0,0,0)
(0,0,0)
(0,0,0)
(0,0,0)
(0,0,0)
(0,0,0)
(0,0,0)
(0,0,0)
(0,0,0)
(0,0,0)
(0,0,0)
(0,0,0)
(0,0,0)
(0,0,0)
(0,0,0)
(0,0,0)
(0,0,0)
(0,0,0)
(0,0,0)
(0,0,0)
(0,0,0)
(0,0,0)
(0,0,0)
(0,0,0)
(0,0,0)
(0,0,0)
(0,0,0)
(0,0,0)
(0,0,0)
(0,0,0)
(0,0,0)
(0,0,0)
(0,0,0)
(0,0,0)
(0,0,0)
(0,0,0)
(0,0,0)
(0,0,0)
(0,0,0)
(0,0,0)
(0,0,0)
(0,0,0)
(0,0,0)
(0,0,0)
(0,0,0)
(0,0,0)
(0,0,0)
(0,0,0)
(0,0,0)
(0,0,0)
(0,0,0)
(0,0,0)
(0,0,0)
(0,0,0)
(0,0,0)
(0,0,0)
(0,0,0)
(0,0,0)
(0,0,0)
(0,0,0)
(0,0,0)
(0,0,0)
(0,0,0)
(0,0,0)
(0,0,0)
(0,0,0)
(0,0,0)
(0,0,0)
(0,0,0)
(0,0,0)
(0,0,0)
(0,0,0)
(0,0,0)
(0,0,0)
(0,0,0)
(0,0,0)
(0,0,0)
(0,0,0)
(0,0,0)
(0,0,0)
(0,0,0)
(0,0,0)
(0,0,0)
(0,0,0)
(0,0,0)
(0,0,0)
(0,0,0)
(0,0,0)
(0,0,0)
(0,0,0)
(0,0,0)
(0,0,0)
(0,0,0)
(0,0,0)
(0,0,0)
(0,0,0)
(0,0,0)
(0,0,0)
(0,0,0)
(0,0,0)
(0,0,0)
(0,0,0)
(0,0,0)
(0,0,0)
(0,0,0)
(0,0,0)
(0,0,0)
(0,0,0)
(0,0,0)
(0,0,0)
(0,0,0)
(0,0,0)
(0,0,0)
(0,0,0)
(0,0,0)
(0,0,0)
(0,0,0)
(0,0,0)
(0,0,0)
(0,0,0)
(0,0,0)
(0,0,0)
(0,0,0)
(0,0,0)
(0,0,0)
(0,0,0)
(0,0,0)
(0,0,0)
(0,0,0)
(0,0,0)
(0,0,0)
(0,0,0)
(0,0,0)
(0,0,0)
(0,0,0)
(0,0,0)
(0,0,0)
(0,0,0)
(0,0,0)
(0,0,0)
(0,0,0)
(0,0,0)
(0,0,0)
(0,0,0)
(0,0,0)
(0,0,0)
(0,0,0)
(0,0,0)
(0,0,0)
(0,0,0)
(0,0,0)
(0,0,0)
(0,0,0)
(0,0,0)
(0,0,0)
(0,0,0)
(0,0,0)
(0,0,0)
(0,0,0)
(0,0,0)
(0,0,0)
(0,0,0)
(0,0,0)
(0,0,0)
(0,0,0)
(0,0,0)
(0,0,0)
(0,0,0)
(0,0,0)
(0,0,0)
(0,0,0)
(0,0,0)
(0,0,0)
(0,0,0)
(0,0,0)
(0,0,0)
(0,0,0)
(0,0,0)
(0,0,0)
(0,0,0)
(0,0,0)
(0,0,0)
(0,0,0)
(0,0,0)
(0,0,0)
(0,0,0)
(0,0,0)
(0,0,0)
(0,0,0)
(0,0,0)
(0,0,0)
(0,0,0)
(0,0,0)
(0,0,0)
(0,0,0)
(0,0,0)
(0,0,0)
(0,0,0)
(0,0,0)
(0,0,0)
(0,0,0)
(0,0,0)
(0,0,0)
(0,0,0)
(0,0,0)
(0,0,0)
(0,0,0)
(0,0,0)
(0,0,0)
(0,0,0)
(0,0,0)
(0,0,0)
(0,0,0)
(0,0,0)
(0,0,0)
(0,0,0)
(0,0,0)
(0,0,0)
(0,0,0)
(0,0,0)
(0,0,0)
(0,0,0)
(0,0,0)
(0,0,0)
(0,0,0)
(0,0,0)
(0,0,0)
(0,0,0)
(0,0,0)
(0,0,0)
(0,0,0)
(0,0,0)
(0,0,0)
(0,0,0)
(0,0,0)
(0,0,0)
(0,0,0)
(0,0,0)
(0,0,0)
(0,0,0)
(0,0,0)
(0,0,0)
(0,0,0)
(0,0,0)
(0,0,0)
(0,0,0)
(0,0,0)
(0,0,0)
(0,0,0)
(0,0,0)
(0,0,0)
(0,0,0)
(0,0,0)
(0,0,0)
(0,0,0)
(0,0,0)
(0,0,0)
(0,0,0)
(0,0,0)
(0,0,0)
(0,0,0)
(0,0,0)
(0,0,0)
(0,0,0)
(0,0,0)
(0,0,0)
(0,0,0)
(0,0,0)
(0,0,0)
(0,0,0)
(0,0,0)
(0,0,0)
(0,0,0)
(0,0,0)
(0,0,0)
(0,0,0)
(0,0,0)
(0,0,0)
(0,0,0)
(0,0,0)
(0,0,0)
(0,0,0)
(0,0,0)
(0,0,0)
(0,0,0)
(0,0,0)
(0,0,0)
(0,0,0)
(0,0,0)
(0,0,0)
(0,0,0)
(0,0,0)
(0,0,0)
(0,0,0)
(0,0,0)
(0,0,0)
(0,0,0)
(0,0,0)
(0,0,0)
(0,0,0)
(0,0,0)
(0,0,0)
(0,0,0)
(0,0,0)
(0,0,0)
(0,0,0)
(0,0,0)
(0,0,0)
(0,0,0)
(0,0,0)
(0,0,0)
(0,0,0)
(0,0,0)
(0,0,0)
(0,0,0)
(0,0,0)
(0,0,0)
(0,0,0)
(0,0,0)
(0,0,0)
(0,0,0)
(0,0,0)
(0,0,0)
(0,0,0)
(0,0,0)
(0,0,0)
(0,0,0)
(0,0,0)
(0,0,0)
(0,0,0)
(0,0,0)
(0,0,0)
(0,0,0)
(0,0,0)
(0,0,0)
(0,0,0)
(0,0,0)
(0,0,0)
(0,0,0)
(0,0,0)
(0,0,0)
(0,0,0)
(0,0,0)
(0,0,0)
(0,0,0)
(0,0,0)
(0,0,0)
(0,0,0)
(0,0,0)
(0,0,0)
(0,0,0)
(0,0,0)
(0,0,0)
(0,0,0)
(0,0,0)
(0,0,0)
(0,0,0)
(0,0,0)
(0,0,0)
(0,0,0)
(0,0,0)
(0,0,0)
(0,0,0)
(0,0,0)
(0,0,0)
(0,0,0)
(0,0,0)
(0,0,0)
(0,0,0)
(0,0,0)
(0,0,0)
(0,0,0)
(0,0,0)
(0,0,0)
(0,0,0)
(0,0,0)
(0,0,0)
(0,0,0)
(0,0,0)
(0,0,0)
(0,0,0)
(0,0,0)
(0,0,0)
(0,0,0)
(0,0,0)
(0,0,0)
(0,0,0)
(0,0,0)
(0,0,0)
(0,0,0)
(0,0,0)
(0,0,0)
(0,0,0)
(0,0,0)
(0,0,0)
(0,0,0)
(0,0,0)
(0,0,0)
(0,0,0)
(0,0,0)
(0,0,0)
(0,0,0)
(0,0,0)
(0,0,0)
(0,0,0)
(0,0,0)
(0,0,0)
(0,0,0)
(0,0,0)
(0,0,0)
(0,0,0)
(0,0,0)
(0,0,0)
(0,0,0)
(0,0,0)
(0,0,0)
(0,0,0)
(0,0,0)
(0,0,0)
(0,0,0)
(0,0,0)
(0,0,0)
(0,0,0)
(0,0,0)
(0,0,0)
(0,0,0)
(0,0,0)
(0,0,0)
(0,0,0)
(0,0,0)
(0,0,0)
(0,0,0)
(0,0,0)
(0,0,0)
(0,0,0)
(0,0,0)
(0,0,0)
(0,0,0)
(0,0,0)
(0,0,0)
(0,0,0)
(0,0,0)
(0,0,0)
(0,0,0)
(0,0,0)
(0,0,0)
(0,0,0)
(0,0,0)
(0,0,0)
(0,0,0)
(0,0,0)
(0,0,0)
(0,0,0)
(0,0,0)
(0,0,0)
(0,0,0)
(0,0,0)
(0,0,0)
(0,0,0)
(0,0,0)
(0,0,0)
(0,0,0)
(0,0,0)
(0,0,0)
(0,0,0)
(0,0,0)
(0,0,0)
(0,0,0)
(0,0,0)
(0,0,0)
(0,0,0)
(0,0,0)
(0,0,0)
(0,0,0)
(0,0,0)
(0,0,0)
(0,0,0)
(0,0,0)
(0,0,0)
(0,0,0)
(0,0,0)
(0,0,0)
(0,0,0)
(0,0,0)
(0,0,0)
(0,0,0)
(0,0,0)
(0,0,0)
(0,0,0)
(0,0,0)
(0,0,0)
(0,0,0)
(0,0,0)
(0,0,0)
(0,0,0)
(0,0,0)
(0,0,0)
(0,0,0)
(0,0,0)
(0,0,0)
(0,0,0)
(0,0,0)
(0,0,0)
(0,0,0)
(0,0,0)
(0,0,0)
(0,0,0)
(0,0,0)
(0,0,0)
(0,0,0)
(0,0,0)
(0,0,0)
(0,0,0)
(0,0,0)
(0,0,0)
(0,0,0)
(0,0,0)
(0,0,0)
(0,0,0)
(0,0,0)
(0,0,0)
(0,0,0)
(0,0,0)
(0,0,0)
(0,0,0)
(0,0,0)
(0,0,0)
(0,0,0)
(0,0,0)
(0,0,0)
(0,0,0)
(0,0,0)
(0,0,0)
(0,0,0)
(0,0,0)
(0,0,0)
(0,0,0)
(0,0,0)
(0,0,0)
(0,0,0)
(0,0,0)
(0,0,0)
(0,0,0)
(0,0,0)
(0,0,0)
(0,0,0)
(0,0,0)
(0,0,0)
(0,0,0)
(0,0,0)
(0,0,0)
(0,0,0)
(0,0,0)
(0,0,0)
(0,0,0)
(0,0,0)
(0,0,0)
(0,0,0)
(0,0,0)
(0,0,0)
(0,0,0)
(0,0,0)
(0,0,0)
(0,0,0)
(0,0,0)
(0,0,0)
(0,0,0)
(0,0,0)
(0,0,0)
(0,0,0)
(0,0,0)
(0,0,0)
(0,0,0)
(0,0,0)
(0,0,0)
(0,0,0)
(0,0,0)
(0,0,0)
(0,0,0)
(0,0,0)
(0,0,0)
(0,0,0)
(0,0,0)
(0,0,0)
(0,0,0)
(0,0,0)
(0,0,0)
(0,0,0)
(0,0,0)
(0,0,0)
(0,0,0)
(0,0,0)
(0,0,0)
(0,0,0)
(0,0,0)
(0,0,0)
(0,0,0)
(0,0,0)
(0,0,0)
(0,0,0)
(0,0,0)
(0,0,0)
(0,0,0)
(0,0,0)
(0,0,0)
(0,0,0)
(0,0,0)
(0,0,0)
(0,0,0)
(0,0,0)
(0,0,0)
(0,0,0)
(0,0,0)
(0,0,0)
(0,0,0)
(0,0,0)
(0,0,0)
(0,0,0)
(0,0,0)
(0,0,0)
(0,0,0)
(0,0,0)
(0,0,0)
(0,0,0)
(0,0,0)
(0,0,0)
(0,0,0)
(0,0,0)
(0,0,0)
(0,0,0)
(0,0,0)
(0,0,0)
(0,0,0)
(0,0,0)
(0,0,0)
(0,0,0)
(0,0,0)
(0,0,0)
(0,0,0)
(0,0,0)
(0,0,0)
(0,0,0)
(0,0,0)
(0,0,0)
(0,0,0)
(0,0,0)
(0,0,0)
(0,0,0)
(0,0,0)
(0,0,0)
(0,0,0)
(0,0,0)
(0,0,0)
(0,0,0)
(0,0,0)
(0,0,0)
(0,0,0)
(0,0,0)
(0,0,0)
(0,0,0)
(0,0,0)
(0,0,0)
(0,0,0)
(0,0,0)
(0,0,0)
(0,0,0)
(0,0,0)
