(0,0,0)
(0,0,0)
(0,0,0)
(0,0,0)
(0,0,0)
(0,0,0)
(0,0,0)
(0,0,0)
(0,0,0)
(0,0,0)
(0,0,0)
(0,0,0)
(0,0,0)
(0,0,0)
(0,0,0)
(0,0,0)
(0,0,0)
(0,0,0)
(0,0,0)
(0,0,0)
(0,0,0)
(0,0,0)
(0,0,0)
(0,0,0)
(0,0,0)
(0,0,0)
(0,0,0)
(0,0,0)
(0,0,0)
(0,0,0)
(0,0,0)
(0,0,0)
(0,0,0)
(0,0,0)
(0,0,0)
(0,0,0)
(0,0,0)
(0,0,0)
(0,0,0)
(0,0,0)
(0,0,0)
(0,0,0)
(0,0,0)
(0,0,0)
(0,0,0)
(0,0,0)
(0,0,0)
(0,0,0)
(0,0,0)
(0,0,0)
(0,0,0)
(0,0,0)
(0,0,0)
(0,0,0)
(0,0,0)
(0,0,0)
(0,0,0)
(0,0,0)
(0,0,0)
(0,0,0)
(0,0,0)
(0,0,0)
(0,0,0)
(0,0,0)
(0,0,0)
(0,0,0)
(0,0,0)
(0,0,0)
(0,0,0)
(0,0,0)
(0,0,0)
(0,0,0)
(0,0,0)
(0,0,0)
(0,0,0)
(0,0,0)
(0,0,0)
(0,0,0)
(0,0,0)
(0,0,0)
(0,0,0)
(0,0,0)
(0,0,0)
(0,0,0)
(0,0,0)
(0,0,0)
(0,0,0)
(0,0,0)
(0,0,0)
(0,0,0)
(0,0,0)
(0,0,0)
(0,0,0)
(0,0,0)
(0,0,0)
(0,0,0)
(0,0,0)
(0,0,0)
(0,0,0)
(0,0,0)
(0,0,0)
(0,0,0)
(0,0,0)
(0,0,0)
(0,0,0)
(0,0,0)
(0,0,0)
(0,0,0)
(0,0,0)
(0,0,0)
(0,0,0)
(0,0,0)
(0,0,0)
(0,0,0)
(0,0,0)
(0,0,0)
(0,0,0)
(0,0,0)
(0,0,0)
(0,0,0)
(0,0,0)
(0,0,0)
(0,0,0)
(0,0,0)
(0,0,0)
(0,0,0)
(0,0,0)
(0,0,0)
(0,0,0)
(0,0,0)
(0,0,0)
(0,0,0)
(0,0,0)
(0,0,0)
(0,0,0)
(0,0,0)
(0,0,0)
(0,0,0)
(0,0,0)
(0,0,0)
(0,0,0)
(0,0,0)
(0,0,0)
(0,0,0)
(0,0,0)
(0,0,0)
(0,0,0)
(0,0,0)
(0,0,0)
(0,0,0)
(0,0,0)
(0,0,0)
(0,0,0)
(0,0,0)
(0,0,0)
(0,0,0)
(0,0,0)
(0,0,0)
(0,0,0)
(0,0,0)
(0,0,0)
(0,0,0)
(0,0,0)
(0,0,0)
(0,0,0)
(0,0,0)
(0,0,0)
(0,0,0)
(0,0,0)
(0,0,0)
(0,0,0)
(0,0,0)
(0,0,0)
(0,0,0)
(0,0,0)
(0,0,0)
(0,0,0)
(0,0,0)
(0,0,0)
(0,0,0)
(0,0,0)
(0,0,0)
(0,0,0)
(0,0,0)
(0,0,0)
(0,0,0)
(0,0,0)
(0,0,0)
(0,0,0)
(0,0,0)
(0,0,0)
(0,0,0)
(0,0,0)
(0,0,0)
(0,0,0)
(0,0,0)
(0,0,0)
(0,0,0)
(0,0,0)
(0,0,0)
(0,0,0)
(0,0,0)
(0,0,0)
(0,0,0)
(0,0,0)
(0,0,0)
(0,0,0)
(0,0,0)
(0,0,0)
(0,0,0)
(0,0,0)
(0,0,0)
(0,0,0)
(0,0,0)
(0,0,0)
(0,0,0)
(0,0,0)
(0,0,0)
(0,0,0)
(0,0,0)
(0,0,0)
(0,0,0)
(0,0,0)
(0,0,0)
(0,0,0)
(0,0,0)
(0,0,0)
(0,0,0)
(0,0,0)
(0,0,0)
(0,0,0)
(0,0,0)
(0,0,0)
(0,0,0)
(0,0,0)
(0,0,0)
(0,0,0)
(0,0,0)
(0,0,0)
(0,0,0)
(0,0,0)
(0,0,0)
(0,0,0)
(0,0,0)
(0,0,0)
(0,0,0)
(0,0,0)
(0,0,0)
(0,0,0)
(0,0,0)
(0,0,0)
(0,0,0)
(0,0,0)
(0,0,0)
(0,0,0)
(0,0,0)
(0,0,0)
(0,0,0)
(0,0,0)
(0,0,0)
(0,0,0)
(0,0,0)
(0,0,0)
(0,0,0)
(0,0,0)
(0,0,0)
(0,0,0)
(0,0,0)
(0,0,0)
(0,0,0)
(0,0,0)
(0,0,0)
(0,0,0)
(0,0,0)
(0,0,0)
(0,0,0)
(0,0,0)
(0,0,0)
(0,0,0)
(0,0,0)
(0,0,0)
(0,0,0)
(0,0,0)
(0,0,0)
(0,0,0)
(0,0,0)
(0,0,0)
(0,0,0)
(0,0,0)
(0,0,0)
(0,0,0)
(0,0,0)
(0,0,0)
(0,0,0)
(0,0,0)
(0,0,0)
(0,0,0)
(0,0,0)
(0,0,0)
(0,0,0)
(0,0,0)
(0,0,0)
(0,0,0)
(0,0,0)
(0,0,0)
(0,0,0)
(0,0,0)
(0,0,0)
(0,0,0)
(0,0,0)
(0,0,0)
(0,0,0)
(0,0,0)
(0,0,0)
(0,0,0)
(0,0,0)
(0,0,0)
(0,0,0)
(0,0,0)
(0,0,0)
(0,0,0)
(0,0,0)
(0,0,0)
(0,0,0)
(0,0,0)
(0,0,0)
(0,0,0)
(0,0,0)
(0,0,0)
(0,0,0)
(0,0,0)
(0,0,0)
(0,0,0)
(0,0,0)
(0,0,0)
(0,0,0)
(0,0,0)
(0,0,0)
(0,0,0)
(0,0,0)
(0,0,0)
(0,0,0)
(0,0,0)
(0,0,0)
(0,0,0)
(0,0,0)
(0,0,0)
(0,0,0)
(0,0,0)
(0,0,0)
(0,0,0)
(0,0,0)
(0,0,0)
(0,0,0)
(0,0,0)
(0,0,0)
(0,0,0)
(0,0,0)
(0,0,0)
(0,0,0)
(0,0,0)
(0,0,0)
(0,0,0)
(0,0,0)
(0,0,0)
(0,0,0)
(0,0,0)
(0,0,0)
(0,0,0)
(0,0,0)
(0,0,0)
(0,0,0)
(0,0,0)
(0,0,0)
(0,0,0)
(0,0,0)
(0,0,0)
(0,0,0)
(0,0,0)
(0,0,0)
(0,0,0)
(0,0,0)
(0,0,0)
(0,0,0)
(0,0,0)
(0,0,0)
(0,0,0)
(0,0,0)
(0,0,0)
(0,0,0)
(0,0,0)
(0,0,0)
(0,0,0)
(0,0,0)
(0,0,0)
(0,0,0)
(0,0,0)
(0,0,0)
(0,0,0)
(0,0,0)
(0,0,0)
(0,0,0)
(0,0,0)
(0,0,0)
(0,0,0)
(0,0,0)
(0,0,0)
(0,0,0)
(0,0,0)
(0,0,0)
(0,0,0)
(0,0,0)
(0,0,0)
(0,0,0)
(0,0,0)
(0,0,0)
(0,0,0)
(0,0,0)
(0,0,0)
(0,0,0)
(0,0,0)
(0,0,0)
(0,0,0)
(0,0,0)
(0,0,0)
(0,0,0)
(0,0,0)
(0,0,0)
(0,0,0)
(0,0,0)
(0,0,0)
(0,0,0)
(0,0,0)
(0,0,0)
(0,0,0)
(0,0,0)
(0,0,0)
(0,0,0)
(0,0,0)
(0,0,0)
(0,0,0)
(0,0,0)
(0,0,0)
(0,0,0)
(0,0,0)
(0,0,0)
(0,0,0)
(0,0,0)
(0,0,0)
(0,0,0)
(0,0,0)
(0,0,0)
(0,0,0)
(0,0,0)
(0,0,0)
(0,0,0)
(0,0,0)
(0,0,0)
(0,0,0)
(0,0,0)
(0,0,0)
(0,0,0)
(0,0,0)
(0,0,0)
(0,0,0)
(0,0,0)
(0,0,0)
(0,0,0)
(0,0,0)
(0,0,0)
(0,0,0)
(0,0,0)
(0,0,0)
(0,0,0)
(0,0,0)
(0,0,0)
(0,0,0)
(0,0,0)
(0,0,0)
(0,0,0)
(0,0,0)
(0,0,0)
(0,0,0)
(0,0,0)
(0,0,0)
(0,0,0)
(0,0,0)
(0,0,0)
(0,0,0)
(0,0,0)
(0,0,0)
(0,0,0)
(0,0,0)
(0,0,0)
(0,0,0)
(0,0,0)
(0,0,0)
(0,0,0)
(0,0,0)
(0,0,0)
(0,0,0)
(0,0,0)
(0,0,0)
(0,0,0)
(0,0,0)
(0,0,0)
(0,0,0)
(0,0,0)
(0,0,0)
(0,0,0)
(0,0,0)
(0,0,0)
(0,0,0)
(0,0,0)
(0,0,0)
(0,0,0)
(0,0,0)
(0,0,0)
(0,0,0)
(0,0,0)
(0,0,0)
(0,0,0)
(0,0,0)
(0,0,0)
(0,0,0)
(0,0,0)
(0,0,0)
(0,0,0)
(0,0,0)
(0,0,0)
(0,0,0)
(0,0,0)
(0,0,0)
(0,0,0)
(0,0,0)
(0,0,0)
(0,0,0)
(0,0,0)
(0,0,0)
(0,0,0)
(0,0,0)
(0,0,0)
(0,0,0)
(0,0,0)
(0,0,0)
(0,0,0)
(0,0,0)
(0,0,0)
(0,0,0)
(0,0,0)
(0,0,0)
(0,0,0)
(0,0,0)
(0,0,0)
(0,0,0)
(0,0,0)
(0,0,0)
(0,0,0)
(0,0,0)
(0,0,0)
(0,0,0)
(0,0,0)
(0,0,0)
(0,0,0)
(0,0,0)
(0,0,0)
(0,0,0)
(0,0,0)
(0,0,0)
(0,0,0)
(0,0,0)
(0,0,0)
(0,0,0)
(0,0,0)
(0,0,0)
(0,0,0)
(0,0,0)
(0,0,0)
(0,0,0)
(0,0,0)
(0,0,0)
(0,0,0)
(0,0,0)
(0,0,0)
(0,0,0)
(0,0,0)
(0,0,0)
(0,0,0)
(0,0,0)
(0,0,0)
(0,0,0)
(0,0,0)
(0,0,0)
(0,0,0)
(0,0,0)
(0,0,0)
(0,0,0)
(0,0,0)
(0,0,0)
(0,0,0)
(0,0,0)
(0,0,0)
(0,0,0)
(0,0,0)
(0,0,0)
(0,0,0)
(0,0,0)
(0,0,0)
(0,0,0)
(0,0,0)
(0,0,0)
(0,0,0)
(0,0,0)
(0,0,0)
(0,0,0)
(0,0,0)
(0,0,0)
(0,0,0)
(0,0,0)
(0,0,0)
(0,0,0)
(0,0,0)
(0,0,0)
(0,0,0)
(0,0,0)
(0,0,0)
(0,0,0)
(0,0,0)
(0,0,0)
(0,0,0)
(0,0,0)
(0,0,0)
(0,0,0)
(0,0,0)
(0,0,0)
(0,0,0)
(0,0,0)
(0,0,0)
(0,0,0)
(0,0,0)
(0,0,0)
(0,0,0)
(0,0,0)
(0,0,0)
(0,0,0)
(0,0,0)
(0,0,0)
(0,0,0)
(0,0,0)
(0,0,0)
(0,0,0)
(0,0,0)
(0,0,0)
(0,0,0)
(0,0,0)
(0,0,0)
(0,0,0)
(0,0,0)
(0,0,0)
(0,0,0)
(0,0,0)
(0,0,0)
(0,0,0)
(0,0,0)
(0,0,0)
(0,0,0)
(0,0,0)
(0,0,0)
(0,0,0)
(0,0,0)
(0,0,0)
(0,0,0)
(0,0,0)
(0,0,0)
(0,0,0)
(0,0,0)
(0,0,0)
(0,0,0)
(0,0,0)
(0,0,0)
(0,0,0)
(0,0,0)
(0,0,0)
(0,0,0)
(0,0,0)
(0,0,0)
(0,0,0)
(0,0,0)
(0,0,0)
(0,0,0)
(0,0,0)
(0,0,0)
(0,0,0)
(0,0,0)
(0,0,0)
(0,0,0)
(0,0,0)
(0,0,0)
(0,0,0)
(0,0,0)
(0,0,0)
(0,0,0)
(0,0,0)
(0,0,0)
(0,0,0)
(0,0,0)
(0,0,0)
(0,0,0)
(0,0,0)
(0,0,0)
(0,0,0)
(0,0,0)
(0,0,0)
(0,0,0)
(0,0,0)
(0,0,0)
(0,0,0)
(0,0,0)
(0,0,0)
(0,0,0)
(0,0,0)
(0,0,0)
(0,0,0)
(0,0,0)
(0,0,0)
(0,0,0)
(0,0,0)
(0,0,0)
(0,0,0)
(0,0,0)
(0,0,0)
(0,0,0)
(0,0,0)
(0,0,0)
(0,0,0)
(0,0,0)
(0,0,0)
(0,0,0)
(0,0,0)
(0,0,0)
(0,0,0)
(0,0,0)
(0,0,0)
(0,0,0)
(0,0,0)
(0,0,0)
(0,0,0)
(0,0,0)
(0,0,0)
(0,0,0)
(0,0,0)
(0,0,0)
(0,0,0)
(0,0,0)
(0,0,0)
(0,0,0)
(0,0,0)
(0,0,0)
(0,0,0)
(0,0,0)
(0,0,0)
(0,0,0)
(0,0,0)
(0,0,0)
(0,0,0)
(0,0,0)
(0,0,0)
(0,0,0)
(0,0,0)
(0,0,0)
(0,0,0)
(0,0,0)
(0,0,0)
(0,0,0)
(0,0,0)
(0,0,0)
(0,0,0)
(0,0,0)
(0,0,0)
(0,0,0)
(0,0,0)
(0,0,0)
(0,0,0)
(0,0,0)
(0,0,0)
(0,0,0)
(0,0,0)
(0,0,0)
(0,0,0)
(0,0,0)
(0,0,0)
(0,0,0)
(0,0,0)
(0,0,0)
(0,0,0)
(0,0,0)
(0,0,0)
(0,0,0)
(0,0,0)
(0,0,0)
(0,0,0)
(0,0,0)
(0,0,0)
(0,0,0)
(0,0,0)
(0,0,0)
(0,0,0)
(0,0,0)
(0,0,0)
(0,0,0)
(0,0,0)
(0,0,0)
(0,0,0)
(0,0,0)
(0,0,0)
(0,0,0)
(0,0,0)
(0,0,0)
(0,0,0)
(-99266.9232476423,52709.6288641895,46557.2943834528)
(-105007.865532806,50536.0774759023,101029.082440357)
(-118295.823173191,45992.5529427174,173332.352670831)
(-143348.155848892,38892.1410291794,277788.367490545)
(-188465.764887943,29305.2674319458,436948.864946548)
(-269448.049500961,18321.6289207574,688075.285526737)
(-416128.242797959,8298.80127223441,1095904.7270525)
(-681233.253602936,2109.31279703692,1775028.66785839)
(-1123586.38793023,39.6001211042237,2898575.45566757)
(-1565533.53188006,-146.567069308849,4464255.55461695)
(0,0,0)
(0,0,0)
(0,0,0)
(0,0,0)
(0,0,0)
(0,0,0)
(-105031.497656634,113345.581582427,44395.5449383952)
(-110834.100715322,109239.353984513,96526.3691451087)
(-124318.497375139,100607.037512369,166230.381950593)
(-149936.87311672,86889.1465484045,268170.249548092)
(-196330.067691601,67935.8598703211,425869.724801314)
(-279270.092271106,45445.5189233534,678015.92706983)
(-427549.561789388,24091.6249767569,1089772.66515467)
(-691645.063815618,10491.799814813,1773035.24195248)
(-1130524.92919529,5137.42229585036,2898462.34897309)
(-1568759.30563296,2632.1132165871,4464442.97432005)
(0,0,0)
(0,0,0)
(0,0,0)
(0,0,0)
(0,0,0)
(0,0,0)
(-118174.366750055,191155.979738733,40363.9685937497)
(-124064.799439729,185672.644016416,87995.478001577)
(-137954.936737168,174011.161276763,152546.290974355)
(-164850.721907966,155094.606112173,249191.553318555)
(-214202.29056895,128072.778547322,403256.925210503)
(-302296.126701658,94338.8699972013,656659.700838313)
(-455682.003710883,60135.834825915,1076297.49470004)
(-717544.850645563,36554.047230906,1767780.09792948)
(-1147206.16899194,24093.1022564883,2896030.58696085)
(-1576321.39398761,13081.9125665096,4461902.18159852)
(0,0,0)
(0,0,0)
(0,0,0)
(0,0,0)
(0,0,0)
(0,0,0)
(-142609.552418125,298882.939440259,34882.5927165995)
(-148605.136635823,292808.743531723,76351.6298371172)
(-163025.916761551,279774.095098269,133614.612777156)
(-191765.337332258,258294.890799412,222179.665422171)
(-245976.326131496,226763.143061315,369465.627039677)
(-343931.66451232,185292.136496898,622444.025052296)
(-509511.398023316,139229.665929238,1052861.5919723)
(-767618.955499547,101556.368382819,1755478.2263199)
(-1177755.92272096,72186.6683455971,2885140.58295172)
(-1589654.17497716,38860.4322097915,4449016.23828569)
(0,0,0)
(0,0,0)
(0,0,0)
(0,0,0)
(0,0,0)
(0,0,0)
(-186356.663189344,456529.75701334,28709.8456162622)
(-192335.454734147,450659.040560192,63195.0033219382)
(-207047.290603915,437993.341009724,112023.048014398)
(-237334.229109837,417053.814472306,190598.353451345)
(-296584.786995989,385978.753506855,327967.530001798)
(-406768.391765747,343669.403141677,576358.655122751)
(-591508.343902414,291834.529940387,1015262.13501402)
(-843877.861105629,234466.331366039,1726230.03313645)
(-1222156.75540019,168604.147800327,2851969.30908196)
(-1608906.25489647,89389.2169661452,4410346.7792221)
(0,0,0)
(0,0,0)
(0,0,0)
(0,0,0)
(0,0,0)
(0,0,0)
(-265371.188752681,699203.207817462,22697.7379485595)
(-271043.695430757,693997.735311952,50402.7386275548)
(-285264.727064521,682682.309587346,90978.4971144531)
(-315233.901571543,663823.575148928,159442.638009372)
(-375102.674874728,634902.561772331,285621.504618626)
(-487384.14483792,592206.414127274,524468.638470956)
(-672689.625160572,531098.03643249,957894.757139455)
(-913613.704089329,445574.781056635,1660400.01153816)
(-1270226.85341355,326326.512832742,2772904.49991933)
(-1633109.00504054,174230.37824441,4321172.34368152)
(0,0,0)
(0,0,0)
(0,0,0)
(0,0,0)
(0,0,0)
(0,0,0)
(-410465.725031615,1092330.46443166,17338.4684174215)
(-415466.813391662,1087785.808703,39017.208418033)
(-428204.234201315,1077875.202587,72028.5496196954)
(-455548.984007096,1061001.19673757,130399.912038149)
(-511147.326083594,1033575.1201755,242874.679718575)
(-616627.243367294,988452.029406818,463256.307806318)
(-790503.723331398,912596.456254534,872261.611315672)
(-1009567.19626616,786345.68159402,1541057.90704444)
(-1341832.07469634,588411.314023259,2620805.18055021)
(-1672600.28412884,320606.783115664,4147029.05980784)
(0,0,0)
(0,0,0)
(0,0,0)
(0,0,0)
(0,0,0)
(0,0,0)
(-675703.61360799,1755321.8559539,12712.222085733)
(-679702.882230985,1751142.62052231,29058.2924974175)
(-689954.871666197,1741869.46443141,55018.9023192144)
(-712182.334409702,1725397.69691887,102804.736547603)
(-757870.389444322,1696620.9367274,197629.309440018)
(-845527.16345397,1644377.54442902,387230.957871786)
(-991109.198779548,1545145.80538311,745790.80752274)
(-1168445.25404861,1357663.32600001,1342918.41716538)
(-1471896.27899492,1050379.36176857,2352846.64841499)
(-1748186.09696206,595379.815206147,3826259.71328651)
(0,0,0)
(0,0,0)
(0,0,0)
(0,0,0)
(0,0,0)
(0,0,0)
(-1119835.47760355,2866651.46953731,8505.86402013672)
(-1122551.75020559,2862407.07355749,19793.1611905573)
(-1129518.89745841,2852713.66165142,38467.8614289142)
(-1144461.17143568,2834391.15778102,73935.5720024539)
(-1174630.20110406,2799925.21502874,145261.494805183)
(-1231328.35575766,2733161.69487162,287805.700120229)
(-1326619.16970588,2601483.89869658,558086.776512643)
(-1468261.60321817,2348634.9442163,1035376.76151452)
(-1711913.21937138,1900108.6781893,1897560.66446513)
(-1880094.00691145,1142512.46440153,3230522.02218119)
(0,0,0)
(0,0,0)
(0,0,0)
(0,0,0)
(0,0,0)
(0,0,0)
(-1563800.27961186,4426139.37583812,4312.37331103785)
(-1565143.4122021,4421676.58930095,10186.2697696818)
(-1568613.04865039,4411335.6203185,20177.3597530251)
(-1575964.22576618,4391068.05149328,39464.6918069538)
(-1590568.48661475,4351609.05911534,78349.3343351268)
(-1617855.32412325,4273476.99524823,155889.358081766)
(-1665542.42433773,4117876.23159739,305039.449518663)
(-1745933.83200803,3813039.89321828,586568.33252468)
(-1879640.49546686,3226740.5900399,1139576.91614093)
(-1893044.35499782,2087475.48851786,2087658.24702243)
(0,0,0)
(0,0,0)
(0,0,0)
(0,0,0)
(0,0,0)
(0,0,0)
(0,0,0)
(0,0,0)
(0,0,0)
(0,0,0)
(0,0,0)
(0,0,0)
(0,0,0)
(0,0,0)
(0,0,0)
(0,0,0)
(0,0,0)
(0,0,0)
(0,0,0)
(0,0,0)
(0,0,0)
(0,0,0)
(0,0,0)
(0,0,0)
(0,0,0)
(0,0,0)
(0,0,0)
(0,0,0)
(0,0,0)
(0,0,0)
(0,0,0)
(0,0,0)
(0,0,0)
(0,0,0)
(0,0,0)
(0,0,0)
(0,0,0)
(0,0,0)
(0,0,0)
(0,0,0)
(0,0,0)
(0,0,0)
(0,0,0)
(0,0,0)
(0,0,0)
(0,0,0)
(0,0,0)
(0,0,0)
(0,0,0)
(0,0,0)
(0,0,0)
(0,0,0)
(0,0,0)
(0,0,0)
(0,0,0)
(0,0,0)
(0,0,0)
(0,0,0)
(0,0,0)
(0,0,0)
(0,0,0)
(0,0,0)
(0,0,0)
(0,0,0)
(0,0,0)
(0,0,0)
(0,0,0)
(0,0,0)
(0,0,0)
(0,0,0)
(0,0,0)
(0,0,0)
(0,0,0)
(0,0,0)
(0,0,0)
(0,0,0)
(0,0,0)
(0,0,0)
(0,0,0)
(0,0,0)
(0,0,0)
(0,0,0)
(0,0,0)
(0,0,0)
(0,0,0)
(0,0,0)
(0,0,0)
(0,0,0)
(0,0,0)
(0,0,0)
(0,0,0)
(0,0,0)
(0,0,0)
(0,0,0)
(0,0,0)
(0,0,0)
(0,0,0)
(0,0,0)
(0,0,0)
(0,0,0)
(0,0,0)
(0,0,0)
(14682467.2301291,46960.2992624883,40839.9375056686)
(14672822.0909015,44740.38750552,87803.9837107667)
(14650723.127567,39988.8211471982,148330.601968252)
(14609550.5191045,32301.1266163626,232665.190543375)
(14536334.7946191,21487.6926141139,355911.328567134)
(14406080.8656698,8557.81914170035,541358.984399445)
(14167066.3804568,-3087.18872649279,830785.94001609)
(13694710.524171,-8262.85467769527,1332639.40706466)
(12628862.1775846,-6860.59290544894,2456585.82460013)
(9734231.06816547,-3356.48116074634,6029712.09586024)
(0,0,0)
(0,0,0)
(0,0,0)
(0,0,0)
(0,0,0)
(0,0,0)
(14672620.6201082,100202.181774634,38640.3898679543)
(14662956.7006451,96012.3232194459,83112.0429385413)
(14640684.3881138,86979.7912159777,140652.577525744)
(14598761.4490091,71993.4383601568,221796.333801006)
(14523508.9582963,50078.05031548,342901.340256662)
(14389592.1827609,22430.5153026146,529700.759208637)
(14146943.9394124,-4017.21617505282,825671.675600423)
(13676566.0453348,-15370.0774837914,1334102.17940104)
(12617603.1373871,-11495.4398793435,2460143.34993737)
(9729329.43884254,-4889.39552025408,6033121.9099662)
(0,0,0)
(0,0,0)
(0,0,0)
(0,0,0)
(0,0,0)
(0,0,0)
(14650378.7737321,166701.306175863,34482.1252615247)
(14640715.0772944,161125.452972974,74123.5089187788)
(14618055.8343205,148959.520926307,125667.398295745)
(14574310.0478937,128197.267910934,199837.189088219)
(14493844.7745735,96259.7327218265,315142.831684254)
(14348938.4652558,52624.1564200291,503248.988754289)
(14092381.548215,6266.43606050003,814436.174737753)
(13626486.5889915,-13519.3527425585,1338088.40050444)
(12588483.4525772,-6431.49862328201,2466869.22782413)
(9717253.99169915,-227.165401086006,6038166.00216318)
(0,0,0)
(0,0,0)
(0,0,0)
(0,0,0)
(0,0,0)
(0,0,0)
(14609631.8044411,255094.083532505,28900.2559290404)
(14599992.2714405,249026.582134536,61936.108836103)
(14576801.2780773,235724.47703796,104878.348030505)
(14530199.7760871,212706.896873389,167937.995793639)
(14440165.8551702,176113.789798597,271476.147560063)
(14270451.7135444,122399.406971104,456851.909097226)
(13971198.0464134,57200.1262433723,794743.164622574)
(13512525.788524,25303.5582502876,1345309.89975109)
(12529630.2924541,27805.4048391349,2473221.17125845)
(9694646.44652544,19603.329310899,6038624.44518886)
(0,0,0)
(0,0,0)
(0,0,0)
(0,0,0)
(0,0,0)
(0,0,0)
(14537974.433024,377521.575895288,22775.801568798)
(14528564.0973598,371917.256906003,48519.9648483132)
(14505252.9091584,359732.992247663,81745.6400213087)
(14456218.047006,339112.677969363,131321.972954391)
(14355213.9843976,307414.68136292,217756.700141382)
(14148292.2189801,263009.874104337,391620.012407199)
(13753340.5660264,210613.877728172,762891.741138526)
(13301226.5418496,164708.634950369,1347916.65162814)
(12437387.3290233,120519.979448693,2465192.38273982)
(9661039.71210032,65142.4822004268,6019241.65299848)
(0,0,0)
(0,0,0)
(0,0,0)
(0,0,0)
(0,0,0)
(0,0,0)
(14410440.1068838,554171.795526331,17072.8748773763)
(14401673.9148224,549595.669404075,36211.2422710038)
(14379473.343929,539750.292777357,60990.2608926769)
(14331375.1864969,523495.059573714,99533.1813648743)
(14229233.1978993,498827.04250266,173319.337595997)
(14016390.0192811,462916.462164598,339172.975561618)
(13616458.7320549,413206.179172547,716966.707046757)
(13184326.319361,349530.845769867,1303738.86292182)
(12358956.6751366,254643.016631615,2409966.6873337)
(9622577.46559151,134664.402630691,5954292.68641637)
(0,0,0)
(0,0,0)
(0,0,0)
(0,0,0)
(0,0,0)
(0,0,0)
(14173828.4223626,827062.181495773,12349.8567812367)
(14166206.8127166,823539.180210026,26267.1100119446)
(14146566.3952854,816130.144216284,44651.0192312201)
(14102969.8013439,804370.70881751,74790.9747813962)
(14007768.2031034,786854.050947678,137382.827294321)
(13804299.0837472,759521.812089597,289385.540399732)
(13416501.1491815,711927.22251637,653194.0146879)
(13026540.3469198,627383.930042735,1208767.77737406)
(12242853.5798255,458266.763731404,2289992.76589735)
(9556946.6975686,244981.957657353,5819662.61931823)
(0,0,0)
(0,0,0)
(0,0,0)
(0,0,0)
(0,0,0)
(0,0,0)
(13701057.3795233,1311123.81763847,8711.7608709482)
(13695036.9178147,1308257.59193882,18787.9392414347)
(13679418.174264,1302308.1537045,32771.2739679064)
(13644231.4514057,1293137.39157953,57125.1955354643)
(13565802.63063,1279892.12883709,109948.487716601)
(13393274.5696833,1258559.6974793,241643.259334578)
(13053953.0140537,1209590.60616537,568452.052997153)
(12799645.8355333,1057813.16866449,1039466.11493835)
(12008464.9674542,810346.655333364,2076559.36703213)
(9404897.63715016,463488.98487594,5574502.99584623)
(0,0,0)
(0,0,0)
(0,0,0)
(0,0,0)
(0,0,0)
(0,0,0)
(12632502.2852264,2422565.47694669,5754.96800669612)
(12628459.4662814,2419728.50399815,12807.2296053361)
(12618041.0392466,2413590.68322877,23499.1535209463)
(12595049.8876073,2402909.68482906,43750.1913733173)
(12545975.2413227,2384051.80855117,88519.4593773337)
(12446115.8959429,2346661.11499706,192508.180303878)
(12266010.217463,2262553.7422076,416450.047237663)
(12012821.0477251,2070969.21016823,791745.744935655)
(11297895.7949039,1732387.20632233,1729430.56981634)
(8942148.40207982,1129542.06643108,5110669.46941477)
(0,0,0)
(0,0,0)
(0,0,0)
(0,0,0)
(0,0,0)
(0,0,0)
(9735576.12512351,5989795.07755626,2928.38479990129)
(9733586.61392896,5986746.09148495,6715.16132694693)
(9728476.57158443,5979927.87401948,12822.7404462842)
(9717424.76405526,5967039.20612218,24838.6194766862)
(9694612.75221891,5942237.59561069,51005.9837284474)
(9649763.41143245,5891392.66274614,108190.090568664)
(9566633.4322775,5783447.7868768,224654.579429136)
(9407315.53117088,5559018.34130985,452890.475253511)
(8942531.60768434,5106406.37623593,1126233.59233361)
(7271055.18288485,3980466.64800402,3980743.86302289)
(0,0,0)
(0,0,0)
(0,0,0)
(0,0,0)
(0,0,0)
(0,0,0)
(0,0,0)
(0,0,0)
(0,0,0)
(0,0,0)
(0,0,0)
(0,0,0)
(0,0,0)
(0,0,0)
(0,0,0)
(0,0,0)
(0,0,0)
(0,0,0)
(0,0,0)
(0,0,0)
(0,0,0)
(0,0,0)
(0,0,0)
(0,0,0)
(0,0,0)
(0,0,0)
(0,0,0)
(0,0,0)
(0,0,0)
(0,0,0)
(0,0,0)
(0,0,0)
(0,0,0)
(0,0,0)
(0,0,0)
(0,0,0)
(0,0,0)
(0,0,0)
(0,0,0)
(0,0,0)
(0,0,0)
(0,0,0)
(0,0,0)
(0,0,0)
(0,0,0)
(0,0,0)
(0,0,0)
(0,0,0)
(0,0,0)
(0,0,0)
(0,0,0)
(0,0,0)
(0,0,0)
(0,0,0)
(0,0,0)
(0,0,0)
(0,0,0)
(0,0,0)
(0,0,0)
(0,0,0)
(0,0,0)
(0,0,0)
(0,0,0)
(0,0,0)
(0,0,0)
(0,0,0)
(0,0,0)
(0,0,0)
(0,0,0)
(0,0,0)
(0,0,0)
(0,0,0)
(0,0,0)
(0,0,0)
(0,0,0)
(0,0,0)
(0,0,0)
(0,0,0)
(0,0,0)
(0,0,0)
(0,0,0)
(0,0,0)
(0,0,0)
(0,0,0)
(0,0,0)
(0,0,0)
(0,0,0)
(0,0,0)
(0,0,0)
(0,0,0)
(0,0,0)
(0,0,0)
(0,0,0)
(0,0,0)
(0,0,0)
(0,0,0)
(0,0,0)
(0,0,0)
(0,0,0)
(0,0,0)
(0,0,0)
(0,0,0)
(-255567.303572244,37224.2750830131,31275.8684734327)
(-266191.782553539,34960.4659401231,65794.885843422)
(-290166.891533116,29996.8893582265,107153.625440435)
(-333713.662171307,21536.5803400358,159346.836231332)
(-408122.678609538,8741.25851830691,225528.660796751)
(-532292.56358568,-7829.24268164919,302196.942589095)
(-735388.139557579,-23145.3008185914,358262.373277142)
(-1056832.85569795,-26374.508032422,266645.871033698)
(-1517731.62304556,-18134.3502663021,-438160.36821475)
(-1860496.39889753,-8297.84286087691,-3704669.44843574)
(0,0,0)
(0,0,0)
(0,0,0)
(0,0,0)
(0,0,0)
(0,0,0)
(-266848.537246786,78094.4038683203,29064.6384247448)
(-277292.054303558,73838.8505956937,60900.6185728986)
(-301000.89267025,64355.4318009474,98692.9667693058)
(-344562.529137199,47558.4404339022,146460.694676862)
(-420120.067952251,20446.6075793237,208849.981719482)
(-547633.914794638,-18174.6136807387,286887.060129206)
(-755453.541736836,-58527.9941333057,355132.844448159)
(-1073769.05492535,-65421.4230429411,274980.46957388)
(-1526197.84830692,-40624.9926837462,-428262.292459463)
(-1863464.34927394,-16993.5580192461,-3696307.17932956)
(0,0,0)
(0,0,0)
(0,0,0)
(0,0,0)
(0,0,0)
(0,0,0)
(-291928.991359929,126011.835053395,24855.9437620446)
(-301991.11246658,120418.220675917,51448.3732978888)
(-325219.480946336,107692.832912922,81851.8973077832)
(-369169.713703095,84090.0744758866,119265.634717676)
(-448632.498186421,42551.6636141309,170103.461297951)
(-589291.250593542,-25911.0498942333,246535.223215874)
(-822559.615012703,-114949.020489505,348363.02265488)
(-1132529.53225262,-127486.589134859,299909.919845948)
(-1551986.4553222,-65299.0370014399,-404480.518081841)
(-1871721.03234446,-22872.4174807449,-3679161.02472167)
(0,0,0)
(0,0,0)
(0,0,0)
(0,0,0)
(0,0,0)
(0,0,0)
(-336592.459773357,183431.620598697,19270.0885242469)
(-346107.26249567,177567.669736093,38685.7832552967)
(-368648.874220177,164121.662403221,58172.7159175686)
(-413475.016496646,138660.356107115,77742.8367251384)
(-501768.097838569,91075.7325759997,101618.330627145)
(-681006.048350605,154.887894154987,157475.764588814)
(-1031000.77833796,-160729.423447321,335920.602153064)
(-1324819.23869482,-186031.401664471,362276.051756593)
(-1616621.21856566,-64469.1687537643,-361836.695616175)
(-1889465.69086995,-14065.448994431,-3656065.91685206)
(0,0,0)
(0,0,0)
(0,0,0)
(0,0,0)
(0,0,0)
(0,0,0)
(-411515.383509577,250014.03998592,13373.0070014264)
(-420239.109634933,245029.461990914,25180.0315964052)
(-441524.519894615,233921.375168321,32623.3577393044)
(-486360.395562758,214176.906287285,30150.8599830001)
(-585104.580672751,181308.237137274,10702.5303471746)
(-837964.269201426,130998.251018291,-3418.73474032599)
(-1664652.96400477,73623.5304495383,310687.451249032)
(-1975354.25413887,47713.7976783023,483988.657749813)
(-1743408.64065471,41989.9517650625,-311208.883235775)
(-1918557.70214897,26579.7631392059,-3641791.07126496)
(0,0,0)
(0,0,0)
(0,0,0)
(0,0,0)
(0,0,0)
(0,0,0)
(-535049.555965499,317641.030967943,8328.28172237907)
(-542693.185869731,314179.66355042,14010.7907101501)
(-561767.389580083,306852.456514318,12786.052728349)
(-603433.776571888,295022.281552428,-2784.74961299463)
(-699408.395952537,277257.685185637,-39626.9939544084)
(-951632.029069882,250687.892243844,-60828.9769738753)
(-1738035.75535102,213049.681318643,284704.969417922)
(-2022568.94009258,191539.59460752,478240.04179739)
(-1802199.58572463,138357.550811691,-326505.686532997)
(-1947508.12050787,68905.3226353545,-3668280.05007463)
(0,0,0)
(0,0,0)
(0,0,0)
(0,0,0)
(0,0,0)
(0,0,0)
(-737067.714231079,354251.20885543,4751.5685612903)
(-743355.345516065,352356.044700788,6602.95549866512)
(-759369.131166022,348951.704754524,904.843564959061)
(-795620.241046078,345564.003655312,-20581.2262929163)
(-883699.396221355,344818.140518693,-66208.4724461493)
(-1130643.40188515,348389.44201255,-98501.9267273975)
(-1950770.23459003,349199.640985132,263085.107232766)
(-2213592.43203314,400273.699487294,424949.391160958)
(-1891063.71261703,223690.850849129,-396001.006578864)
(-1995272.97695077,92843.9147407048,-3737254.3143098)
(0,0,0)
(0,0,0)
(0,0,0)
(0,0,0)
(0,0,0)
(0,0,0)
(-1059413.19210045,242465.191898811,2722.19843543758)
(-1064149.00997485,241606.352346715,3123.42843409954)
(-1076342.2918678,240864.709727849,-2563.50055230958)
(-1104736.28233265,243874.557596623,-21440.7109002523)
(-1177612.33317505,259997.237843425,-62739.2345648076)
(-1404118.55322248,311323.068551506,-97814.1283429018)
(-2299772.83128016,421565.567952004,314011.399879269)
(-1874714.08224936,270907.448691472,248203.178312855)
(-1961878.20883568,99731.039619948,-527028.224312938)
(-2069279.01298338,762.663773116743,-3830304.71335665)
(0,0,0)
(0,0,0)
(0,0,0)
(0,0,0)
(0,0,0)
(0,0,0)
(-1521730.77747487,-474558.484600369,1722.34905558954)
(-1524789.76135444,-475304.42362881,2347.96252197374)
(-1532581.15329896,-476095.009541074,395.484191559157)
(-1550018.19370957,-474784.208666403,-5412.05837343855)
(-1590145.36547597,-467342.778542148,-11485.8253340493)
(-1686130.02164255,-449713.709505813,12262.4801638247)
(-1896055.1697922,-436789.70531479,163148.750540917)
(-1964985.1358435,-534468.897321196,76796.8899771966)
(-2145926.06396821,-622924.271094745,-626260.330580955)
(-2180028.64909338,-541519.5979368,-3831335.40784267)
(0,0,0)
(0,0,0)
(0,0,0)
(0,0,0)
(0,0,0)
(0,0,0)
(-1863488.91733333,-3745962.79550821,934.963219814592)
(-1864956.99393087,-3746954.27230627,1594.02961216909)
(-1868678.24111345,-3748616.79750429,1736.24012842414)
(-1876737.95446468,-3750407.25504906,1987.61488606042)
(-1893973.62325372,-3752352.48713723,6049.30880886794)
(-1930104.15758758,-3758302.90669612,24971.6848742732)
(-1996935.66359983,-3783055.57242457,65272.2577165304)
(-2071386.03148393,-3848131.8985813,-11897.5685134885)
(-2180639.31280352,-3835994.45307856,-545190.856186704)
(-2104493.62918404,-3290508.66445284,-3290187.36774664)
(0,0,0)
(0,0,0)
(0,0,0)
(0,0,0)
(0,0,0)
(0,0,0)
(0,0,0)
(0,0,0)
(0,0,0)
(0,0,0)
(0,0,0)
(0,0,0)
(0,0,0)
(0,0,0)
(0,0,0)
(0,0,0)
(0,0,0)
(0,0,0)
(0,0,0)
(0,0,0)
(0,0,0)
(0,0,0)
(0,0,0)
(0,0,0)
(0,0,0)
(0,0,0)
(0,0,0)
(0,0,0)
(0,0,0)
(0,0,0)
(0,0,0)
(0,0,0)
(0,0,0)
(0,0,0)
(0,0,0)
(0,0,0)
(0,0,0)
(0,0,0)
(0,0,0)
(0,0,0)
(0,0,0)
(0,0,0)
(0,0,0)
(0,0,0)
(0,0,0)
(0,0,0)
(0,0,0)
(0,0,0)
(0,0,0)
(0,0,0)
(0,0,0)
(0,0,0)
(0,0,0)
(0,0,0)
(0,0,0)
(0,0,0)
(0,0,0)
(0,0,0)
(0,0,0)
(0,0,0)
(0,0,0)
(0,0,0)
(0,0,0)
(0,0,0)
(0,0,0)
(0,0,0)
(0,0,0)
(0,0,0)
(0,0,0)
(0,0,0)
(0,0,0)
(0,0,0)
(0,0,0)
(0,0,0)
(0,0,0)
(0,0,0)
(0,0,0)
(0,0,0)
(0,0,0)
(0,0,0)
(0,0,0)
(0,0,0)
(0,0,0)
(0,0,0)
(0,0,0)
(0,0,0)
(0,0,0)
(0,0,0)
(0,0,0)
(0,0,0)
(0,0,0)
(0,0,0)
(0,0,0)
(0,0,0)
(0,0,0)
(0,0,0)
(0,0,0)
(0,0,0)
(0,0,0)
(0,0,0)
(0,0,0)
(0,0,0)
(-302311.358567819,26028.2171299331,20715.8378656426)
(-311306.84297691,23926.6595219184,41904.2387670945)
(-331092.597260912,19211.0040670054,63618.9404278867)
(-365633.846000985,10710.6131262281,84828.5111313337)
(-421298.390212978,-3230.13246786064,101234.355202637)
(-506849.293675698,-23164.5779717618,98955.6632644202)
(-629837.959552608,-43218.018857523,36623.5021169738)
(-782358.164116954,-43337.0948253784,-194514.094638642)
(-904347.580316523,-26657.3256514823,-781240.811716192)
(-785844.268348565,-11319.6880381171,-1844573.25422705)
(0,0,0)
(0,0,0)
(0,0,0)
(0,0,0)
(0,0,0)
(0,0,0)
(-312577.462175926,53089.6244760454,18667.5175830285)
(-321094.135164483,49171.5991666194,37224.6587992482)
(-339783.735346998,40110.2127130009,55108.2928300006)
(-372467.575415072,22900.5044183161,70823.4478157827)
(-425587.690892527,-8119.02606893628,81179.9643571336)
(-508629.733119053,-59867.1060160698,78878.3107258643)
(-630770.793102888,-125625.472902371,36603.0161367704)
(-778634.931923823,-124167.741566641,-177700.460123486)
(-898321.113659579,-66445.2703468588,-765789.250075448)
(-782136.681926291,-25301.3712552832,-1833135.23420596)
(0,0,0)
(0,0,0)
(0,0,0)
(0,0,0)
(0,0,0)
(0,0,0)
(-334966.615498349,81346.0124372199,14781.2361772476)
(-342490.65221487,76276.5503256724,28175.8247664802)
(-358969.723826544,64186.6998716637,37849.5804880231)
(-387844.91456975,39689.7779539494,39735.5078190469)
(-435641.393006909,-10674.4536753866,29299.830245983)
(-515272.957062915,-117688.380407933,13102.8111072097)
(-649856.701041092,-323420.93341942,38195.3576526544)
(-778904.197112526,-319801.091202551,-119796.627851537)
(-883800.121221639,-129974.515887063,-724453.716411896)
(-773141.386550465,-40669.4342592125,-1807665.29920199)
(0,0,0)
(0,0,0)
(0,0,0)
(0,0,0)
(0,0,0)
(0,0,0)
(-373424.040652023,108461.131646856,9716.46166903341)
(-379557.646329646,103373.387070824,16070.0087578605)
(-392810.107042603,91150.7413613607,13267.200090592)
(-415545.139377954,65673.861873304,-10646.7609474562)
(-452984.711022546,7652.01108634911,-77756.6125252101)
(-526906.615061521,-156894.458301074,-192649.96792116)
(-794557.025968504,-794478.063346682,41963.4096366471)
(-836282.856068389,-836649.452124494,70275.3879321595)
(-850106.36589976,-191313.155712893,-634900.824907914)
(-755031.171895561,-43193.4953351449,-1766811.28280636)
(0,0,0)
(0,0,0)
(0,0,0)
(0,0,0)
(0,0,0)
(0,0,0)
(-434102.174520586,126444.581962416,4603.34069545015)
(-438631.224022417,122535.977485083,3832.86466867457)
(-447901.299888155,113634.246306491,-12273.860282913)
(-461288.35479107,97018.8067261449,-68690.845907441)
(-470747.857234332,66899.1236027073,-242294.68186222)
(-424129.404184201,17193.1517073539,-830217.156887875)
(8.74096720527514e-05,2.51281834507442e-05,-5.82099905404537e-05)
(329.183638358518,332.602170425131,715820.644654757)
(-715460.290617506,-16901.7005591643,-486539.160536183)
(-722461.10317063,-2418.67922772503,-1723410.57562195)
(0,0,0)
(0,0,0)
(0,0,0)
(0,0,0)
(0,0,0)
(0,0,0)
(-524896.857056739,115640.493171582,651.389882074776)
(-527898.62618526,113502.87788184,-5110.07019915312)
(-533492.191708874,109212.576360926,-28963.598124796)
(-539239.294688937,102745.432378746,-98884.7056603498)
(-532257.714934123,92859.8947038371,-291996.157779893)
(-450552.470457171,71511.3153732495,-847393.880058496)
(7.99081526760246e-05,3.15972908276277e-05,-4.41713477244108e-05)
(272.899236649168,296.235042729179,698456.569760179)
(-698037.623554096,49359.4251128865,-471966.518082411)
(-722087.590198277,21083.6547869886,-1720889.38240668)
(0,0,0)
(0,0,0)
(0,0,0)
(0,0,0)
(0,0,0)
(0,0,0)
(-651662.048416095,31796.655829428,-1561.82847282973)
(-653374.409378823,31440.8904711735,-9480.77719941126)
(-655981.566041045,31851.7977135897,-35507.5636770461)
(-655876.131408142,36326.0475127232,-108832.288448956)
(-637156.817961438,50813.6734395371,-313328.645444573)
(-528443.145870212,74804.5102041826,-918822.096290437)
(0.000216535249630696,-7.79910316764483e-05,-6.03891033140187e-05)
(277.486848258966,738931.844295536,747310.313959146)
(-746789.419664477,152706.960900782,-500311.514781312)
(-751254.682879918,18765.850902352,-1742012.0049675)
(0,0,0)
(0,0,0)
(0,0,0)
(0,0,0)
(0,0,0)
(0,0,0)
(-805493.924676243,-220083.374476263,-2039.23711851326)
(-806300.433017491,-219282.128168657,-9164.7954360423)
(-806938.763267893,-215587.37110991,-31129.1552124478)
(-803505.952800146,-201567.443793179,-94465.9934390549)
(-779204.885343948,-152641.340692289,-289418.427138337)
(-654304.164636447,29236.3064012815,-993664.611921472)
(133.339504078341,825198.364324109,738833.22153199)
(-738380.7989792,180518.7032812,160913.079276165)
(-929398.999708533,-84398.6233487448,-634460.545601462)
(-813964.369078241,-110016.545982393,-1760992.79262183)
(0,0,0)
(0,0,0)
(0,0,0)
(0,0,0)
(0,0,0)
(0,0,0)
(-923779.308488186,-816655.337413533,-1379.50604940743)
(-924106.926743082,-815799.343431707,-5545.12539770224)
(-924073.992788501,-812447.811623343,-17191.8453947163)
(-921465.512377687,-801662.202688928,-45649.7678308479)
(-909536.993244793,-771278.674826907,-107620.8059274)
(-872927.632936476,-693749.372419267,-197837.51581293)
(-825014.231998798,-537693.834577526,94013.7452952949)
(-945343.066582376,-640878.038584681,-104231.582099941)
(-1016559.97202299,-657647.089899228,-660349.207494667)
(-833159.444338268,-465991.985026684,-1651242.97320549)
(0,0,0)
(0,0,0)
(0,0,0)
(0,0,0)
(0,0,0)
(0,0,0)
(-796739.531888129,-1882831.87252958,-572.850329155397)
(-796850.511345374,-1882286.5249594,-2192.15138696656)
(-796775.833471796,-1880136.77186711,-6405.59878484592)
(-795727.855380889,-1873765.63229428,-15312.2682632739)
(-791961.457432019,-1858429.25519198,-30173.8537198991)
(-783899.344740835,-1828184.60927211,-41943.429713801)
(-781228.788851059,-1786057.59597788,-9286.54306219727)
(-823703.011852519,-1776649.70701684,-121197.894261438)
(-835196.434394747,-1655275.76892926,-469012.093640182)
(-667915.557619445,-1185959.42855439,-1185622.72167706)
(0,0,0)
(0,0,0)
(0,0,0)
(0,0,0)
(0,0,0)
(0,0,0)
(0,0,0)
(0,0,0)
(0,0,0)
(0,0,0)
(0,0,0)
(0,0,0)
(0,0,0)
(0,0,0)
(0,0,0)
(0,0,0)
(0,0,0)
(0,0,0)
(0,0,0)
(0,0,0)
(0,0,0)
(0,0,0)
(0,0,0)
(0,0,0)
(0,0,0)
(0,0,0)
(0,0,0)
(0,0,0)
(0,0,0)
(0,0,0)
(0,0,0)
(0,0,0)
(0,0,0)
(0,0,0)
(0,0,0)
(0,0,0)
(0,0,0)
(0,0,0)
(0,0,0)
(0,0,0)
(0,0,0)
(0,0,0)
(0,0,0)
(0,0,0)
(0,0,0)
(0,0,0)
(0,0,0)
(0,0,0)
(0,0,0)
(0,0,0)
(0,0,0)
(0,0,0)
(0,0,0)
(0,0,0)
(0,0,0)
(0,0,0)
(0,0,0)
(0,0,0)
(0,0,0)
(0,0,0)
(0,0,0)
(0,0,0)
(0,0,0)
(0,0,0)
(0,0,0)
(0,0,0)
(0,0,0)
(0,0,0)
(0,0,0)
(0,0,0)
(0,0,0)
(0,0,0)
(0,0,0)
(0,0,0)
(0,0,0)
(0,0,0)
(0,0,0)
(0,0,0)
(0,0,0)
(0,0,0)
(0,0,0)
(0,0,0)
(0,0,0)
(0,0,0)
(0,0,0)
(0,0,0)
(0,0,0)
(0,0,0)
(0,0,0)
(0,0,0)
(0,0,0)
(0,0,0)
(0,0,0)
(0,0,0)
(0,0,0)
(0,0,0)
(0,0,0)
(0,0,0)
(0,0,0)
(0,0,0)
(0,0,0)
(0,0,0)
(-329900.161384645,15849.9372853155,11738.8655315096)
(-335961.055465388,14284.6962505227,22108.3817694673)
(-348759.508813788,10688.1763628141,29087.1169595281)
(-369634.952026007,4017.97185240297,29070.2511321493)
(-400345.959956112,-7399.14367935787,15516.9645546333)
(-442249.696213821,-24889.3517604507,-24193.2811467954)
(-493844.827444918,-44131.5205050265,-116054.892749457)
(-542077.217506425,-39622.8853824881,-316712.9539775)
(-537341.624567764,-20662.9127347112,-663055.996991544)
(-382134.220000699,-7631.9758346831,-1059134.0695047)
(0,0,0)
(0,0,0)
(0,0,0)
(0,0,0)
(0,0,0)
(0,0,0)
(-337715.821550986,30810.2316710108,10178.0649893608)
(-343046.122416592,27906.1608899346,18508.5876020597)
(-354024.798318049,21041.6689084594,22396.1580274676)
(-371232.089489094,7583.82549449115,17594.8184594046)
(-395154.892607357,-18142.8618826276,-2094.26162249766)
(-425591.863142217,-66513.0856237473,-43508.3977360367)
(-462233.344337664,-144695.682103167,-111481.684903126)
(-507718.527065608,-124410.942085297,-297610.033058535)
(-514791.173027644,-51931.2798623643,-649871.606562823)
(-371972.304611227,-16327.6124857197,-1051340.34722683)
(0,0,0)
(0,0,0)
(0,0,0)
(0,0,0)
(0,0,0)
(0,0,0)
(-354361.63737724,42960.0400672238,7245.21348267791)
(-358231.211587126,39282.0663204072,11609.8674244652)
(-365585.862511585,30391.3972694216,8876.27774854194)
(-375179.995117012,11975.8860505938,-8180.70226029827)
(-383355.965088492,-28062.3851026372,-50546.6069587052)
(-381249.584139968,-129366.862387803,-121716.203117587)
(-357053.498801034,-468137.464605908,-91077.6228549082)
(-392230.200691472,-377228.372407115,-224934.188954146)
(-450264.571463603,-96349.5881580917,-614051.430416456)
(-346083.119311167,-22611.4031175624,-1034825.90702392)
(0,0,0)
(0,0,0)
(0,0,0)
(0,0,0)
(0,0,0)
(0,0,0)
(-381755.009633764,47737.8137185959,3553.19533036678)
(-383684.047030006,44245.5341919372,2716.12815919573)
(-386151.077723917,36032.8675164178,-9584.37140648553)
(-384846.231615477,19899.9492352617,-48207.3423536288)
(-367224.453591246,-10172.7041980795,-151857.280689491)
(-293404.155332045,-54211.9253157572,-460514.677491012)
(4.35740263461837e-05,1.02272249157191e-05,-2.41603564802476e-05)
(450.208424144036,-187.693090205939,56235.625374157)
(-293344.121530873,-56822.3382383826,-540053.868914431)
(-294939.123374674,-10708.5620429802,-1012048.75850991)
(0,0,0)
(0,0,0)
(0,0,0)
(0,0,0)
(0,0,0)
(0,0,0)
(-422012.8807931,35600.1889759085,48.3310152024374)
(-422016.167634648,33201.3379308442,-5522.52911147424)
(-419628.066320189,28001.6400364164,-25764.5351994411)
(-407879.733070059,19016.6135663106,-78289.8212515006)
(-368667.699652494,5324.1195711154,-195866.802602532)
(-258609.802743214,-9287.62683638129,-406310.702522889)
(-4.85266040525804e-06,3.07200509896151e-06,0.000106358714013989)
(9.51599174762203e-05,1.45892009011299e-05,-4.62679270593566e-06)
(643.370443724304,356.003833585376,-493693.518796319)
(-223577.131056014,-2117.20636417109,-1001168.84658971)
(0,0,0)
(0,0,0)
(0,0,0)
(0,0,0)
(0,0,0)
(0,0,0)
(-475748.406381332,-11161.2432127831,-2387.01848671364)
(-474215.689978094,-12051.8920763268,-10816.7246867086)
(-468117.991525316,-13349.7497939263,-34839.5350399247)
(-449002.001353214,-13991.7785877852,-92068.4362215496)
(-396364.998750321,-12156.3055087776,-210480.727325454)
(-266757.724341578,-6485.54602306071,-397077.554254367)
(1.35528935299556e-06,8.49782529283006e-06,7.96321422453475e-05)
(7.03052758697989e-05,2.56407019935851e-05,-2.10415795127716e-06)
(87.7357303890255,469.777433989332,-496152.198840654)
(-213243.171068477,-8128.8655984676,-998984.958736165)
(0,0,0)
(0,0,0)
(0,0,0)
(0,0,0)
(0,0,0)
(0,0,0)
(-537352.561379646,-122149.490432578,-3321.23981665288)
(-534902.535323642,-121627.212295025,-12217.7936531272)
(-526771.594639517,-119222.808130842,-35554.7067177478)
(-503749.21698998,-111395.495581968,-90277.9041417291)
(-443469.684156107,-91335.3023964482,-204786.041059394)
(-297960.32102363,-51176.5394303878,-390577.872498652)
(1.16303422361302e-05,0.000125635570179432,9.39642133000587e-05)
(0.000122407922384985,-1.08845603332616e-06,-2.04025032814337e-06)
(7.7331710282197,-30069.5784775454,-504912.383466994)
(-229382.229487697,-44023.4136305333,-990890.288827143)
(0,0,0)
(0,0,0)
(0,0,0)
(0,0,0)
(0,0,0)
(0,0,0)
(-586078.973594473,-338676.151070611,-2888.29044373539)
(-583479.133829614,-337406.520135366,-9930.28179127793)
(-575294.304663738,-332968.203743883,-27829.3447823946)
(-552747.520776146,-319678.694291801,-70304.5780965601)
(-493063.058506999,-283094.563563935,-164687.143766018)
(-341232.515006665,-189492.622105865,-339442.710720327)
(0.000147057713164024,-6.20335176022629e-06,-9.7982833932253e-06)
(93.1192486089714,-26582.4585425321,-30266.1486711214)
(-298978.619778219,-171661.30669739,-519094.80038159)
(-300755.838122842,-129264.818413623,-947061.926553896)
(0,0,0)
(0,0,0)
(0,0,0)
(0,0,0)
(0,0,0)
(0,0,0)
(-570749.616626053,-689972.438427632,-1733.40450511017)
(-568727.223010109,-688905.058784867,-5614.56958858008)
(-562533.279338595,-685433.962195159,-14689.5245872102)
(-545866.976001473,-676121.931043666,-33844.8242115605)
(-501459.92095127,-653842.22071267,-71174.2393563451)
(-378679.906208519,-604823.474584586,-150091.113605579)
(234.435595772393,-493995.984252323,-26535.7370635676)
(-303636.926071536,-519291.801039907,-175532.535077033)
(-410480.284558722,-476320.554640438,-476952.974598253)
(-320541.807847345,-300765.491601719,-818069.937901084)
(0,0,0)
(0,0,0)
(0,0,0)
(0,0,0)
(0,0,0)
(0,0,0)
(-399611.653906695,-1086387.01988191,-713.296527160373)
(-398546.329276251,-1085721.8462722,-2200.69110896357)
(-395424.023274125,-1083544.81107384,-5441.65242797596)
(-387541.091842514,-1078129.65104498,-11620.6959650376)
(-368712.73168244,-1066511.36178652,-22200.2806407638)
(-327310.017691874,-1044275.16142689,-39337.9208474229)
(-257870.42109045,-1004826.95916257,-51865.313697793)
(-309248.927246244,-952880.452421298,-132730.746922681)
(-322536.175972079,-820011.19871734,-301700.361268461)
(-234718.09247782,-518003.369890668,-517659.948121146)
(0,0,0)
(0,0,0)
(0,0,0)
(0,0,0)
(0,0,0)
(0,0,0)
(0,0,0)
(0,0,0)
(0,0,0)
(0,0,0)
(0,0,0)
(0,0,0)
(0,0,0)
(0,0,0)
(0,0,0)
(0,0,0)
(0,0,0)
(0,0,0)
(0,0,0)
(0,0,0)
(0,0,0)
(0,0,0)
(0,0,0)
(0,0,0)
(0,0,0)
(0,0,0)
(0,0,0)
(0,0,0)
(0,0,0)
(0,0,0)
(0,0,0)
(0,0,0)
(0,0,0)
(0,0,0)
(0,0,0)
(0,0,0)
(0,0,0)
(0,0,0)
(0,0,0)
(0,0,0)
(0,0,0)
(0,0,0)
(0,0,0)
(0,0,0)
(0,0,0)
(0,0,0)
(0,0,0)
(0,0,0)
(0,0,0)
(0,0,0)
(0,0,0)
(0,0,0)
(0,0,0)
(0,0,0)
(0,0,0)
(0,0,0)
(0,0,0)
(0,0,0)
(0,0,0)
(0,0,0)
(0,0,0)
(0,0,0)
(0,0,0)
(0,0,0)
(0,0,0)
(0,0,0)
(0,0,0)
(0,0,0)
(0,0,0)
(0,0,0)
(0,0,0)
(0,0,0)
(0,0,0)
(0,0,0)
(0,0,0)
(0,0,0)
(0,0,0)
(0,0,0)
(0,0,0)
(0,0,0)
(0,0,0)
(0,0,0)
(0,0,0)
(0,0,0)
(0,0,0)
(0,0,0)
(0,0,0)
(0,0,0)
(0,0,0)
(0,0,0)
(0,0,0)
(0,0,0)
(0,0,0)
(0,0,0)
(0,0,0)
(0,0,0)
(0,0,0)
(0,0,0)
(0,0,0)
(0,0,0)
(0,0,0)
(0,0,0)
(-343684.618818457,8149.00843047709,5635.44900333814)
(-346902.634020455,7358.48377333768,9218.54378506777)
(-353260.546705152,5609.05647571422,8110.52520071786)
(-362372.365575767,2580.82466233029,-1732.88591185308)
(-373405.818403692,-2096.21981952794,-26576.8076447443)
(-384633.451310521,-8193.5465224839,-75999.506025558)
(-392861.105952492,-12534.7206771822,-164448.506840803)
(-389132.583864764,-5275.16439773976,-312117.976084723)
(-343262.803447885,1866.28930423868,-508063.086508829)
(-215418.435956964,2526.67280202933,-677305.543354614)
(0,0,0)
(0,0,0)
(0,0,0)
(0,0,0)
(0,0,0)
(0,0,0)
(-348698.492172912,14312.8452378048,4818.83381460262)
(-351180.07605224,12872.8666850404,7438.40453854693)
(-355649.112256735,9620.39744355141,5051.37750939607)
(-360871.916162472,3731.59530869928,-6459.56646359813)
(-364648.245805545,-6316.81466609478,-32745.6184188414)
(-363941.596008743,-22193.9899537571,-80395.4421210447)
(-358459.057206743,-39540.4163133225,-157164.03361582)
(-356354.466054066,-8913.78442154913,-304889.474603551)
(-323082.670403189,12576.9914285519,-507308.679352312)
(-206613.083783731,9547.25658958858,-679688.483967371)
(0,0,0)
(0,0,0)
(0,0,0)
(0,0,0)
(0,0,0)
(0,0,0)
(-359049.680038523,15667.0814449251,3333.80645416405)
(-360075.843014625,13916.5879360088,4134.71663069449)
(-360852.808957348,9909.23063990103,-887.170119888285)
(-358186.476121234,2383.83284894635,-16532.9266559171)
(-345624.716045099,-11912.25732125,-48668.7330441532)
(-312818.354299659,-41511.1959130495,-97782.7569251763)
(-256846.595877575,-111032.501813708,-126497.574348248)
(-259882.747876262,15481.7402898015,-283240.551874809)
(-271329.148980035,60552.8056072486,-510151.788537078)
(-186185.855193825,28531.2009494236,-689032.997014247)
(0,0,0)
(0,0,0)
(0,0,0)
(0,0,0)
(0,0,0)
(0,0,0)
(-375056.246858034,7410.756582883,1557.56208631086)
(-374217.72509962,5882.86302795292,124.965063982352)
(-370250.773932668,2564.73695206316,-8430.84503942841)
(-356984.934285369,-3119.08816850281,-30789.2213520887)
(-320026.014312891,-11637.1857641465,-78262.7321875453)
(-226365.009284602,-19445.113538877,-167367.960609163)
(3.72676892114932e-05,9.22091413132759e-06,2.79474601458651e-06)
(-75.7982410475931,-517.309049310967,-237935.227699217)
(-165930.542455625,237134.909247814,-541930.910415034)
(-151593.361451361,60640.1511107568,-717385.622499687)
(0,0,0)
(0,0,0)
(0,0,0)
(0,0,0)
(0,0,0)
(0,0,0)
(-396375.514354948,-18228.0780804176,1.46822515091015)
(-393843.767145329,-19064.0729831707,-3223.99625304332)
(-385631.953713584,-20528.4735699694,-14126.8983376151)
(-363711.471186757,-22147.7254581317,-39266.5229312871)
(-311141.302597221,-22414.1758550667,-86015.9298956389)
(-198678.945239451,-17440.7541392382,-147951.14679904)
(-4.09219568867136e-06,1.6909822453522e-06,9.70365069952735e-06)
(8.27067714929912e-05,5.03736039538841e-06,1.66268141498365e-05)
(528.132077097327,-263.994131257485,-718190.161799)
(-111401.613335561,8154.65924932491,-777880.187658024)
(0,0,0)
(0,0,0)
(0,0,0)
(0,0,0)
(0,0,0)
(0,0,0)
(-420190.272313757,-72885.6386846095,-900.573463386577)
(-416507.573982236,-72855.1781031486,-4817.58433926894)
(-405570.905970349,-72066.4973520603,-15826.6461121495)
(-378602.680807186,-68789.9021802071,-39583.7899361015)
(-318031.668046401,-59316.2055554707,-81015.0909396166)
(-196938.174997524,-37731.2168697456,-130544.177553164)
(9.72593997894612e-07,4.56099873665139e-06,-1.20035716193271e-11)
(5.79200709368964e-05,4.94646230468264e-06,1.24760910200367e-05)
(82.8222038412957,288.582415416602,-709624.656369008)
(-104393.938759574,-24363.5714618526,-785955.657966734)
(0,0,0)
(0,0,0)
(0,0,0)
(0,0,0)
(0,0,0)
(0,0,0)
(-438248.111050859,-171048.215569918,-941.873443483585)
(-434150.46697044,-170362.349316389,-4186.77058344946)
(-422511.912332787,-167865.313942947,-12647.6362992924)
(-394565.946249371,-160480.037782816,-30140.7714372951)
(-332530.728562645,-141003.718132753,-59392.2144534731)
(-207733.388437375,-94532.6673991057,-92817.6965103673)
(8.81236586942087e-06,8.98305184548387e-06,-1.41815201634058e-11)
(0.000101615493769481,6.17989590420867e-06,1.95589808344573e-05)
(-43.545231776819,-329199.06630531,-734379.387916899)
(-110995.564811756,-115507.422102024,-761622.201952685)
(0,0,0)
(0,0,0)
(0,0,0)
(0,0,0)
(0,0,0)
(0,0,0)
(-433131.559471009,-323640.139234802,-355.490458580057)
(-429444.851149566,-322904.606094218,-1847.51636079498)
(-419216.08579352,-320397.250668098,-5393.79850586298)
(-394929.810567913,-312938.410157351,-10753.1363395583)
(-340251.747965439,-291600.653827431,-12967.5111864407)
(-223326.856876765,-227071.430422598,1665.59370715106)
(0.000126314581184456,2.42018827586991e-05,5.30092025873579e-06)
(7.6622337043083,-330400.018114029,-329402.042305024)
(-153453.275456112,-283210.396369869,-520916.056562571)
(-141771.431025775,-149069.85534536,-646338.030416301)
(0,0,0)
(0,0,0)
(0,0,0)
(0,0,0)
(0,0,0)
(0,0,0)
(-375526.422474514,-519097.707396703,234.374010359691)
(-372919.771974086,-518962.836449938,485.153330049186)
(-365825.740807188,-518511.654233249,1892.01836379319)
(-349423.350018607,-517948.019696201,10458.0019197777)
(-312935.767213827,-521173.842873711,51507.0372286125)
(-229474.357220173,-553498.296529754,228728.354347419)
(35.3780151436303,-752138.55796526,-330508.443761939)
(-157265.497775784,-524864.524167384,-282415.366004334)
(-200752.025207679,-388316.865059625,-387037.156665627)
(-144196.082874083,-214887.760723838,-497564.976260408)
(0,0,0)
(0,0,0)
(0,0,0)
(0,0,0)
(0,0,0)
(0,0,0)
(-231937.718534366,-687075.258781148,303.616012123047)
(-230620.923465293,-687431.045231298,846.418982524333)
(-227175.950790065,-688296.982521899,2383.67478711499)
(-219560.878141919,-690711.547556219,7166.98894653674)
(-204024.772623387,-697851.023554208,19156.210567993)
(-174762.87643467,-716937.700458348,30048.4732393795)
(-129757.98039973,-746889.128452361,-103313.396964243)
(-147901.684567863,-643482.964434767,-146042.199375245)
(-145689.159657239,-497334.800998211,-213871.27975149)
(-97300.4812340724,-283219.694558436,-282956.957160646)
(0,0,0)
(0,0,0)
(0,0,0)
(0,0,0)
(0,0,0)
(0,0,0)
(0,0,0)
(0,0,0)
(0,0,0)
(0,0,0)
(0,0,0)
(0,0,0)
(0,0,0)
(0,0,0)
(0,0,0)
(0,0,0)
(0,0,0)
(0,0,0)
(0,0,0)
(0,0,0)
(0,0,0)
(0,0,0)
(0,0,0)
(0,0,0)
(0,0,0)
(0,0,0)
(0,0,0)
(0,0,0)
(0,0,0)
(0,0,0)
(0,0,0)
(0,0,0)
(0,0,0)
(0,0,0)
(0,0,0)
(0,0,0)
(0,0,0)
(0,0,0)
(0,0,0)
(0,0,0)
(0,0,0)
(0,0,0)
(0,0,0)
(0,0,0)
(0,0,0)
(0,0,0)
(0,0,0)
(0,0,0)
(0,0,0)
(0,0,0)
(0,0,0)
(0,0,0)
(0,0,0)
(0,0,0)
(0,0,0)
(0,0,0)
(0,0,0)
(0,0,0)
(0,0,0)
(0,0,0)
(0,0,0)
(0,0,0)
(0,0,0)
(0,0,0)
(0,0,0)
(0,0,0)
(0,0,0)
(0,0,0)
(0,0,0)
(0,0,0)
(0,0,0)
(0,0,0)
(0,0,0)
(0,0,0)
(0,0,0)
(0,0,0)
(0,0,0)
(0,0,0)
(0,0,0)
(0,0,0)
(0,0,0)
(0,0,0)
(0,0,0)
(0,0,0)
(0,0,0)
(0,0,0)
(0,0,0)
(0,0,0)
(0,0,0)
(0,0,0)
(0,0,0)
(0,0,0)
(0,0,0)
(0,0,0)
(0,0,0)
(0,0,0)
(0,0,0)
(0,0,0)
(0,0,0)
(0,0,0)
(0,0,0)
(0,0,0)
(-349201.702309553,3209.93671310364,2307.14677798809)
(-350525.280160159,3194.21238181338,2735.58053587628)
(-352776.234667513,3337.16812554316,-1085.89962730685)
(-354874.250085977,4166.67529134215,-12750.690408436)
(-355042.038050915,6714.88672938311,-37829.3574905963)
(-350632.433952238,12481.9924326699,-84312.3672815468)
(-338103.329114292,21811.3496667806,-160881.493786525)
(-311138.531073072,27487.5045100018,-266363.05108822)
(-251273.00851264,22042.5087937248,-380395.354817189)
(-145002.903740497,11330.7116450722,-462141.598678737)
(0,0,0)
(0,0,0)
(0,0,0)
(0,0,0)
(0,0,0)
(0,0,0)
(-351862.658372627,4070.9482830762,2303.15462974073)
(-352681.591895456,4095.76054282925,2903.12231194216)
(-353655.719702601,4503.18842985853,-256.290546507179)
(-353192.413576452,6479.35454807375,-10248.4723892581)
(-348789.98648677,12713.8878120121,-32105.7327906655)
(-337404.99150976,28864.9613490419,-75025.3062060208)
(-318428.35014477,61956.1903589505,-155200.853960167)
(-299822.825944181,87500.8164038647,-271745.805963925)
(-246030.137450946,64273.3999587452,-391029.230081195)
(-142902.342307396,29930.1614491252,-473339.421361584)
(0,0,0)
(0,0,0)
(0,0,0)
(0,0,0)
(0,0,0)
(0,0,0)
(-356963.468859606,-318.179135132516,2302.91623929038)
(-356794.775657823,-189.948637314296,3307.55806262928)
(-355288.758413759,543.260190575659,1703.43575832185)
(-349609.997066508,3640.33719563404,-4034.02594396142)
(-334657.45290522,13704.9212721555,-15992.3225439832)
(-302895.830485941,44915.464791015,-41965.3497996725)
(-252883.773124962,145664.763774589,-129636.745967925)
(-282448.874229662,275281.583635329,-294851.38684599)
(-242646.800661732,165951.37614222,-425211.711347761)
(-141556.839613414,63148.8221241485,-503059.387603207)
(0,0,0)
(0,0,0)
(0,0,0)
(0,0,0)
(0,0,0)
(0,0,0)
(-363798.250723824,-13944.556192337,2368.38092299479)
(-362372.257421149,-13695.946151988,4028.91075919425)
(-357688.250332826,-12758.4156721063,4768.06302203155)
(-344843.044443077,-9775.26635967747,6041.77673505227)
(-312811.758277438,-2682.98214289981,15215.4241146608)
(-233312.609385312,8311.10056430955,58767.3884420781)
(2.18358708947435e-05,-1.12357773770994e-06,1.43154995498858e-05)
(-327548.030991768,-271.810695095433,-404031.480489264)
(-279883.266854471,403696.394426704,-527823.77437491)
(-151194.861141642,100935.906529738,-566009.359090197)
(0,0,0)
(0,0,0)
(0,0,0)
(0,0,0)
(0,0,0)
(0,0,0)
(-370748.574311955,-42086.2606599065,2514.76442457349)
(-368228.741026958,-41711.0062205786,4914.79837479428)
(-360757.09461196,-40445.9770031686,7727.50060423213)
(-341927.178333407,-37004.6660125231,13172.607403724)
(-297673.96735741,-29254.1210064258,26276.4110274389)
(-198954.246211224,-15634.8660640875,50497.67862761)
(-5.89382486762037e-06,-6.90063882202781e-08,3.14708242500135e-07)
(5.47669859472808e-05,1.05836394203173e-06,2.67325325332751e-05)
(-510122.467993488,-662.027684668314,-830376.605849073)
(-189295.191926763,15200.0016719877,-666747.122400128)
(0,0,0)
(0,0,0)
(0,0,0)
(0,0,0)
(0,0,0)
(0,0,0)
(-374049.706267724,-91013.771387399,2786.94468145838)
(-370923.854287507,-90568.1274185856,6060.34618473868)
(-362036.686961938,-89019.540593358,11099.6907665208)
(-340685.663359845,-84726.019848115,20904.0271547719)
(-292528.124810688,-73801.7034937976,39948.0664064315)
(-190254.396194594,-48519.9601816992,66149.381721112)
(-6.55016750005574e-07,6.48239679763593e-07,9.36567208750788e-13)
(3.92603930240963e-05,-1.81799448156043e-06,2.15360372729599e-05)
(-482635.430722114,149.975099629652,-814270.444808155)
(-190687.798826518,-30983.3015221024,-681793.281547127)
(0,0,0)
(0,0,0)
(0,0,0)
(0,0,0)
(0,0,0)
(0,0,0)
(-366384.66380188,-165998.866599349,3121.64796297526)
(-363278.880913902,-165728.506893467,7410.44138131825)
(-354771.559946545,-164612.335917615,15262.8843193324)
(-334975.063113798,-160877.672613801,31823.6539494462)
(-291013.233731858,-148790.184653548,65294.6402784076)
(-195452.226472059,-110185.101608616,114678.619740005)
(4.84275687081789e-06,2.73775245905057e-06,-1.0031425444203e-12)
(5.46890475685702e-05,1.11077968265661e-05,3.40006538896426e-05)
(-529258.431719246,-482632.064226695,-845441.314647389)
(-190298.745283774,-146313.959512492,-650807.476184984)
(0,0,0)
(0,0,0)
(0,0,0)
(0,0,0)
(0,0,0)
(0,0,0)
(-336202.053112385,-266197.479887588,3269.10692961748)
(-333719.414510648,-266508.530427701,8323.69382493161)
(-327254.065270299,-267101.320949367,18850.6583334617)
(-313273.145249097,-267540.561329033,43856.8817298773)
(-284662.362505128,-264413.15956713,103890.471183148)
(-221140.221494128,-233338.127805507,224856.8619974)
(7.23547559669627e-05,4.03304549676316e-05,1.25402138053006e-05)
(-389841.452902159,-487680.640225669,-482932.651105255)
(-279200.634336272,-330484.431809748,-509332.924642053)
(-141272.811304868,-151461.525034166,-504683.97884128)
(0,0,0)
(0,0,0)
(0,0,0)
(0,0,0)
(0,0,0)
(0,0,0)
(-268846.343233085,-375686.581685549,2809.02255652795)
(-267315.819526763,-376848.365099701,7544.90478120531)
(-263633.371885391,-380008.975622734,18260.1905327725)
(-257384.555154961,-388208.1959963,46889.0303363884)
(-253032.733168748,-412344.806030592,134917.642754772)
(-287206.815111904,-498842.715205887,458154.688046882)
(-593830.016229307,-881947.624709764,-487861.655120719)
(-291366.629428532,-515483.44914796,-325957.714545676)
(-193432.329783937,-333211.204680281,-330550.637098894)
(-104786.347246009,-167949.266366242,-353472.631394887)
(0,0,0)
(0,0,0)
(0,0,0)
(0,0,0)
(0,0,0)
(0,0,0)
(-153891.104918529,-455341.585693227,1608.39039184147)
(-153187.646306387,-456984.632027785,4311.38016102269)
(-151602.857528528,-461270.93004425,10000.2413210003)
(-149200.365056567,-471262.269010726,22693.8012500785)
(-148153.021424253,-493909.017903938,48386.2619242852)
(-157995.104007529,-542211.118586765,74986.8928780234)
(-198077.20787209,-617129.839047356,-121511.66531203)
(-145503.182619859,-495536.118406756,-143857.498001241)
(-105675.700380761,-351577.921594055,-165504.24036394)
(-59124.819934137,-185898.446437504,-185730.721592615)
(0,0,0)
(0,0,0)
(0,0,0)
(0,0,0)
(0,0,0)
(0,0,0)
(0,0,0)
(0,0,0)
(0,0,0)
(0,0,0)
(0,0,0)
(0,0,0)
(0,0,0)
(0,0,0)
(0,0,0)
(0,0,0)
(0,0,0)
(0,0,0)
(0,0,0)
(0,0,0)
(0,0,0)
(0,0,0)
(0,0,0)
(0,0,0)
(0,0,0)
(0,0,0)
(0,0,0)
(0,0,0)
(0,0,0)
(0,0,0)
(0,0,0)
(0,0,0)
(0,0,0)
(0,0,0)
(0,0,0)
(0,0,0)
(0,0,0)
(0,0,0)
(0,0,0)
(0,0,0)
(0,0,0)
(0,0,0)
(0,0,0)
(0,0,0)
(0,0,0)
(0,0,0)
(0,0,0)
(0,0,0)
(0,0,0)
(0,0,0)
(0,0,0)
(0,0,0)
(0,0,0)
(0,0,0)
(0,0,0)
(0,0,0)
(0,0,0)
(0,0,0)
(0,0,0)
(0,0,0)
(0,0,0)
(0,0,0)
(0,0,0)
(0,0,0)
(0,0,0)
(0,0,0)
(0,0,0)
(0,0,0)
(0,0,0)
(0,0,0)
(0,0,0)
(0,0,0)
(0,0,0)
(0,0,0)
(0,0,0)
(0,0,0)
(0,0,0)
(0,0,0)
(0,0,0)
(0,0,0)
(0,0,0)
(0,0,0)
(0,0,0)
(0,0,0)
(0,0,0)
(0,0,0)
(0,0,0)
(0,0,0)
(0,0,0)
(0,0,0)
(0,0,0)
(0,0,0)
(0,0,0)
(0,0,0)
(0,0,0)
(0,0,0)
(0,0,0)
(0,0,0)
(0,0,0)
(0,0,0)
(0,0,0)
(0,0,0)
(-350770.259868389,615.087078187407,953.470480651606)
(-351243.161902013,1154.21573524744,517.136487259483)
(-351728.851819349,2595.55415718669,-3125.80051809593)
(-351098.601139764,5954.62184427366,-12856.0713085847)
(-347497.760374326,13023.309855194,-33423.658840365)
(-337889.266067479,25684.4477962565,-71851.2745213842)
(-317338.192621728,41418.7906748793,-134035.201688827)
(-277411.904781626,38750.7577049629,-206512.585685238)
(-210836.027565214,27254.4738726661,-274204.040505333)
(-115435.424396568,13414.5422681147,-317186.062117373)
(0,0,0)
(0,0,0)
(0,0,0)
(0,0,0)
(0,0,0)
(0,0,0)
(-351793.438183619,-943.082941713032,1488.94983089185)
(-352119.505924361,108.145676896697,1972.93391814945)
(-352338.202091091,3017.75288058451,233.217583241504)
(-351372.247395501,10191.6092537737,-5823.93600720922)
(-347743.442405615,26911.3940809333,-20758.5643141011)
(-339660.493827256,63311.6763181751,-56130.2905185232)
(-323799.635687814,127351.913823478,-136692.128124078)
(-284568.82711473,104768.616124025,-217963.985372589)
(-216339.533319417,67582.3217283445,-287982.437359795)
(-118190.381879371,31235.343872854,-330515.19939256)
(0,0,0)
(0,0,0)
(0,0,0)
(0,0,0)
(0,0,0)
(0,0,0)
(-353242.385257703,-7135.19224050887,2471.02569689371)
(-353314.444727367,-5741.13936629718,4839.97980963293)
(-353018.979705822,-1798.37187195101,7386.3258542341)
(-351427.903919431,8502.69168803467,10893.150272894)
(-348133.458075404,35616.8174057675,15663.7321182428)
(-346306.59053577,114461.597428099,7924.57105814549)
(-356698.07279014,398332.776633167,-159241.992086363)
(-311950.426727204,230122.022854161,-255093.846318954)
(-234612.624019588,128674.767058844,-324220.468291594)
(-126438.862988292,53496.6322276068,-361599.733271465)
(0,0,0)
(0,0,0)
(0,0,0)
(0,0,0)
(0,0,0)
(0,0,0)
(-353826.632416259,-20886.3398827197,3779.52933464747)
(-353567.122233967,-19521.0077305549,8754.26251172702)
(-352588.305613584,-15796.1182626428,17652.0641831797)
(-349893.092405004,-6809.85204231228,38014.6558754484)
(-346259.001551285,12526.8438801247,94551.8726749338)
(-358904.103783205,42755.4533143522,291849.511186573)
(-529154.214477848,51.2833335721289,-327379.623334713)
(-395717.832722792,327332.595021101,-356420.393770634)
(-281902.095571823,173517.237714496,-399244.035708928)
(-144923.895063275,62907.1325830937,-414925.502142787)
(0,0,0)
(0,0,0)
(0,0,0)
(0,0,0)
(0,0,0)
(0,0,0)
(-351309.328509076,-45354.1600191334,5028.57433353586)
(-350771.107025091,-44361.6015010404,12411.5341021542)
(-349004.211863154,-41710.5488249891,26573.0819156921)
(-343791.720511058,-35735.7186764313,57363.4907274621)
(-328599.734087651,-24054.5568953069,124870.658233135)
(-273708.808416902,-6857.18280478196,249237.856557944)
(3.62477621697758e-05,-1.244901462405e-05,-3.37687679374775e-05)
(-523080.425945925,-73.8077092876621,-510111.146223681)
(-363895.532989207,26840.5704184932,-509661.413931951)
(-172262.220257047,13831.2492812972,-477618.502299871)
(0,0,0)
(0,0,0)
(0,0,0)
(0,0,0)
(0,0,0)
(0,0,0)
(-341974.633308634,-83355.7153377268,5926.48235950594)
(-341367.399045971,-82951.5519236529,14959.9775405824)
(-339458.879002597,-81790.684506593,32462.3052628447)
(-333965.93524487,-79020.5041284156,69027.3625998511)
(-317407.714495707,-72264.2732921712,142116.668681735)
(-257484.500972824,-53668.6617987808,256158.252453959)
(2.9818960594879e-05,-2.34205512716276e-05,-2.35412116884839e-05)
(-491704.044274553,74.4503695002033,-483033.440888272)
(-369882.23994861,-46420.5551570733,-522525.506086217)
(-177529.338425739,-30563.6554763888,-491289.061729311)
(0,0,0)
(0,0,0)
(0,0,0)
(0,0,0)
(0,0,0)
(0,0,0)
(-320149.219022369,-135837.994770535,6246.83465329652)
(-319743.824027999,-136193.851127508,15954.0769712489)
(-318566.982295673,-137134.653369291,35093.468183078)
(-315436.189977895,-139224.251700229,75758.3426189854)
(-305781.805371555,-142478.329827827,160740.970794338)
(-262372.523290483,-135872.452081344,309865.057895332)
(4.42554472041197e-05,-3.82395194406925e-05,-2.97417183948082e-05)
(-541783.058226709,-389751.61858627,-529585.985800089)
(-366074.409792637,-232505.87986266,-506684.683021112)
(-169568.685815241,-97272.4774366103,-460705.920529422)
(0,0,0)
(0,0,0)
(0,0,0)
(0,0,0)
(0,0,0)
(0,0,0)
(-278847.189004042,-198946.738249313,5753.87937042989)
(-278799.442444219,-200168.593629679,14808.6498061738)
(-278905.758456204,-203528.75745145,32854.447074235)
(-280352.290404803,-211721.821389702,72431.161919415)
(-289152.919326868,-232883.814697426,167327.203610757)
(-335977.834446211,-299507.447584379,445799.81206588)
(-606715.798229063,-593882.386248653,-390039.047272789)
(-407912.294915158,-389205.837134192,-372513.986711859)
(-267963.833780367,-244673.477824135,-371583.189306282)
(-131620.290263669,-114943.410426483,-363564.777357619)
(0,0,0)
(0,0,0)
(0,0,0)
(0,0,0)
(0,0,0)
(0,0,0)
(-211286.41779156,-260874.347063702,4367.68337286619)
(-211513.46826609,-262851.326853512,11248.065336029)
(-212361.019730035,-268072.558412133,24519.514141359)
(-215663.78553501,-280119.681039972,51196.6041716804)
(-227820.622206456,-307564.860751901,100665.539263864)
(-267685.435486778,-369741.975675913,151378.687730271)
(-364514.112384758,-486286.139236138,-185533.463126793)
(-268271.448413379,-369678.598428584,-228155.882847562)
(-178797.724998127,-245457.441093971,-242006.524363535)
(-90668.0830094653,-122273.426536669,-248794.77248989)
(0,0,0)
(0,0,0)
(0,0,0)
(0,0,0)
(0,0,0)
(0,0,0)
(-115534.525238862,-301560.702678547,2329.77593518075)
(-115747.427524966,-303893.0289925,5931.25929274535)
(-116402.085511277,-309765.860798808,12423.7896621684)
(-118468.969589969,-322166.75001361,23739.4631692133)
(-124616.105924162,-345872.904270748,38510.5911879708)
(-139690.664231721,-384352.16257705,34816.3383132979)
(-161340.9401787,-419181.051075816,-69025.0175404208)
(-130029.907720367,-350100.456445004,-104076.434423494)
(-90331.2442262086,-245900.305851017,-118978.025821)
(-46925.6312480111,-126774.302559576,-126676.33848422)
(0,0,0)
(0,0,0)
(0,0,0)
(0,0,0)
(0,0,0)
(0,0,0)
(0,0,0)
(0,0,0)
(0,0,0)
(0,0,0)
(0,0,0)
(0,0,0)
(0,0,0)
(0,0,0)
(0,0,0)
(0,0,0)
(0,0,0)
(0,0,0)
(0,0,0)
(0,0,0)
(0,0,0)
(0,0,0)
(0,0,0)
(0,0,0)
(0,0,0)
(0,0,0)
(0,0,0)
(0,0,0)
(0,0,0)
(0,0,0)
(0,0,0)
(0,0,0)
(0,0,0)
(0,0,0)
(0,0,0)
(0,0,0)
(0,0,0)
(0,0,0)
(0,0,0)
(0,0,0)
(0,0,0)
(0,0,0)
(0,0,0)
(0,0,0)
(0,0,0)
(0,0,0)
(0,0,0)
(0,0,0)
(0,0,0)
(0,0,0)
(0,0,0)
(0,0,0)
(0,0,0)
(0,0,0)
(0,0,0)
(0,0,0)
(0,0,0)
(0,0,0)
(0,0,0)
(0,0,0)
(0,0,0)
(0,0,0)
(0,0,0)
(0,0,0)
(0,0,0)
(0,0,0)
(0,0,0)
(0,0,0)
(0,0,0)
(0,0,0)
(0,0,0)
(0,0,0)
(0,0,0)
(0,0,0)
(0,0,0)
(0,0,0)
(0,0,0)
(0,0,0)
(0,0,0)
(0,0,0)
(0,0,0)
(0,0,0)
(0,0,0)
(0,0,0)
(0,0,0)
(0,0,0)
(0,0,0)
(0,0,0)
(0,0,0)
(0,0,0)
(0,0,0)
(0,0,0)
(0,0,0)
(0,0,0)
(0,0,0)
(0,0,0)
(0,0,0)
(0,0,0)
(0,0,0)
(0,0,0)
(0,0,0)
(0,0,0)
(-350909.788480791,-371.193141547451,510.72175394569)
(-351156.842091296,304.131726378247,120.270216851712)
(-351238.525153954,2041.69422029732,-2411.75066883531)
(-350078.352174367,5733.21699709269,-9165.21663132733)
(-345643.436813053,12773.5924640047,-23793.132656608)
(-334139.811692773,23830.1866312037,-51372.7736625161)
(-309341.048024311,34860.7677340267,-94230.6859939597)
(-263214.966120215,31517.6569325424,-139945.281587909)
(-193635.64975462,21678.9244922165,-178824.583890723)
(-103144.455326404,10594.8462715124,-201710.399232397)
(0,0,0)
(0,0,0)
(0,0,0)
(0,0,0)
(0,0,0)
(0,0,0)
(-350972.163410491,-2370.42130780206,1177.9533931273)
(-351408.644025698,-1069.98716220488,1841.21038304407)
(-352094.769506109,2367.95235546892,1271.51966288963)
(-352376.804997277,10156.4420059922,-2147.14774423197)
(-350924.538954484,26504.8661906953,-12697.3249220535)
(-344722.100607616,56537.3846396714,-40342.9161501628)
(-326022.611971213,94304.5542025337,-97563.7263352691)
(-278188.463475819,77308.4668615691,-149734.899903208)
(-203838.483805772,49264.2097306252,-189821.234655265)
(-108106.250920737,22948.5114773196,-212259.030819709)
(0,0,0)
(0,0,0)
(0,0,0)
(0,0,0)
(0,0,0)
(0,0,0)
(-350293.558894226,-7753.27579742462,2434.02812614346)
(-351157.487119035,-6033.10811259858,5240.19146820403)
(-353086.420593138,-1380.36066696988,9055.94537795875)
(-356451.913051825,10027.0214509812,14209.3750653631)
(-362292.325534959,37472.4842152062,17400.6245004068)
(-371593.700848193,101782.301328052,-2557.18187554949)
(-376156.390265901,225771.152491465,-114565.462688718)
(-317755.351421607,146331.190474604,-177783.261607358)
(-228452.637131246,81372.4887429375,-216051.527508007)
(-119402.343798418,34998.7826669731,-235138.317887534)
(0,0,0)
(0,0,0)
(0,0,0)
(0,0,0)
(0,0,0)
(0,0,0)
(-347257.274609345,-18373.3672068283,4050.73360249069)
(-348679.968097271,-16717.4453201644,9847.91667336018)
(-352354.713080744,-12210.415564968,20444.379038517)
(-360374.714347281,-708.066824622388,41661.0892564032)
(-379089.767918245,30202.337150778,81762.0026877933)
(-424807.569880415,127986.215513462,121461.554599592)
(-517127.869464765,529197.744553463,-193991.382475481)
(-400706.08919111,200013.051831052,-242684.987363606)
(-272491.354604623,91591.9246092127,-262315.164197081)
(-137811.12110348,35629.8758762993,-270059.031366204)
(0,0,0)
(0,0,0)
(0,0,0)
(0,0,0)
(0,0,0)
(0,0,0)
(-339303.585534172,-35957.7688935731,5578.6587118404)
(-341289.179379112,-34896.6998302305,14275.9855759278)
(-346634.319665375,-32152.4711287519,31848.1489419351)
(-359291.097876419,-25900.3770220779,72539.8365047507)
(-392650.548520516,-12819.7797262374,179612.767814632)
(-498318.947527314,9460.97960166583,522748.142836846)
(-919381.778943849,100.194173467304,-523150.148423013)
(-526537.157771375,31331.498297385,-351011.863063893)
(-326087.284954702,20887.6553625391,-318115.841851726)
(-157824.609399398,8597.33540060843,-305520.912233687)
(0,0,0)
(0,0,0)
(0,0,0)
(0,0,0)
(0,0,0)
(0,0,0)
(-322959.411621602,-61516.3533987469,6543.36281814444)
(-325332.094015923,-61314.2268499015,16925.5848077687)
(-331732.837606419,-60926.174507123,37973.2467899615)
(-346946.315280174,-60513.5336740631,85566.7834772486)
(-385964.047808685,-60611.4487501632,201914.78581415)
(-501080.741282634,-58449.7251122773,513421.730837911)
(-900367.948708292,131.666414871809,-491939.321687391)
(-540960.123494536,-49920.3440508037,-361431.400119213)
(-337536.608950739,-42555.2711568088,-330334.104597732)
(-162729.130828662,-22561.1166132067,-313975.860180988)
(0,0,0)
(0,0,0)
(0,0,0)
(0,0,0)
(0,0,0)
(0,0,0)
(-293839.680376674,-94495.6064193416,6669.71437490033)
(-296360.480872252,-95214.4124782827,17186.5568475359)
(-303072.566969965,-97483.0818948935,38249.0489095996)
(-318939.800699377,-104166.40053195,85405.5264889704)
(-359178.030164892,-125848.799563905,204039.102096046)
(-479346.30092288,-209407.327072735,571970.481688906)
(-936454.69739743,-606526.239795638,-542089.066214589)
(-523849.360626146,-255800.131588094,-354142.976277872)
(-318019.157589239,-134363.085667631,-310390.413970445)
(-151797.001313462,-59318.7079636407,-291404.507121791)
(0,0,0)
(0,0,0)
(0,0,0)
(0,0,0)
(0,0,0)
(0,0,0)
(-247736.597002518,-131425.454523009,5819.25610214393)
(-250051.163456563,-132896.45494118,14753.0195773844)
(-256060.910347268,-137016.68813245,31441.7777060068)
(-269638.687262203,-147071.695463708,63633.4694951651)
(-300206.235146055,-171584.976293296,120422.962043742)
(-368566.478332224,-231248.334229513,174852.613086535)
(-495233.049090821,-351694.773654855,-191461.60219249)
(-372783.225209624,-249582.417237646,-232808.386248475)
(-244204.531129627,-155487.628206477,-235443.146360372)
(-120283.458850505,-73947.4555691101,-232151.230168058)
(0,0,0)
(0,0,0)
(0,0,0)
(0,0,0)
(0,0,0)
(0,0,0)
(-181703.749814226,-165226.816531155,4218.69403081321)
(-183495.359235142,-167176.666120234,10480.7961789185)
(-187952.463684333,-172212.10909036,21267.6610911254)
(-197483.646565442,-183025.231264024,39041.0579218721)
(-216645.069371666,-204444.672509367,60725.2013031521)
(-250801.239848734,-241811.32865379,54404.0000893841)
(-289219.754653738,-283156.088462335,-89429.0428341591)
(-236996.680051362,-231459.252673493,-138826.975760326)
(-162152.810605568,-156965.996663482,-153993.521695875)
(-81850.1998619103,-78487.6500362873,-158271.210376254)
(0,0,0)
(0,0,0)
(0,0,0)
(0,0,0)
(0,0,0)
(0,0,0)
(-96822.016281662,-186128.689384897,2189.36389654272)
(-97802.4143215195,-188271.020152179,5338.70472503978)
(-100129.172253201,-193527.136706805,10380.8190834103)
(-104843.619245879,-203858.841583943,17589.0790592368)
(-113475.447167117,-221395.313904552,23399.0616973737)
(-126390.871243913,-244798.012954889,13085.9530106633)
(-135681.787837332,-257928.890258952,-37800.3975340879)
(-114770.771031149,-220081.343755544,-64437.4431412537)
(-80584.6917764335,-155542.586421075,-75607.4058334372)
(-41338.1749892798,-79843.1324404774,-79839.3796879778)
(0,0,0)
(0,0,0)
(0,0,0)
(0,0,0)
(0,0,0)
(0,0,0)
(0,0,0)
(0,0,0)
(0,0,0)
(0,0,0)
(0,0,0)
(0,0,0)
(0,0,0)
(0,0,0)
(0,0,0)
(0,0,0)
(0,0,0)
(0,0,0)
(0,0,0)
(0,0,0)
(0,0,0)
(0,0,0)
(0,0,0)
(0,0,0)
(0,0,0)
(0,0,0)
(0,0,0)
(0,0,0)
(0,0,0)
(0,0,0)
(0,0,0)
(0,0,0)
(0,0,0)
(0,0,0)
(0,0,0)
(0,0,0)
(0,0,0)
(0,0,0)
(0,0,0)
(0,0,0)
(0,0,0)
(0,0,0)
(0,0,0)
(0,0,0)
(0,0,0)
(0,0,0)
(0,0,0)
(0,0,0)
(0,0,0)
(0,0,0)
(0,0,0)
(0,0,0)
(0,0,0)
(0,0,0)
(0,0,0)
(0,0,0)
(0,0,0)
(0,0,0)
(0,0,0)
(0,0,0)
(0,0,0)
(0,0,0)
(0,0,0)
(0,0,0)
(0,0,0)
(0,0,0)
(0,0,0)
(0,0,0)
(0,0,0)
(0,0,0)
(0,0,0)
(0,0,0)
(0,0,0)
(0,0,0)
(0,0,0)
(0,0,0)
(0,0,0)
(0,0,0)
(0,0,0)
(0,0,0)
(0,0,0)
(0,0,0)
(0,0,0)
(0,0,0)
(0,0,0)
(0,0,0)
(0,0,0)
(0,0,0)
(0,0,0)
(0,0,0)
(0,0,0)
(0,0,0)
(0,0,0)
(0,0,0)
(0,0,0)
(0,0,0)
(0,0,0)
(0,0,0)
(0,0,0)
(0,0,0)
(0,0,0)
(0,0,0)
(-350808.319119901,-366.365359322733,264.895998432525)
(-351058.693949817,53.5466837107867,113.201173242988)
(-351144.759432545,1150.07878748858,-1130.64333565373)
(-349975.858952485,3390.11107654016,-4623.24763407604)
(-345342.103616313,7401.61409846364,-12326.1949292772)
(-332877.152266576,13127.3807182759,-26716.235073749)
(-305893.991262209,18071.1587071992,-48234.4505430525)
(-257479.093815564,16440.2171422976,-70410.5399899995)
(-187025.190726812,11384.3654613074,-88405.3644791142)
(-98570.7159545915,5595.48229503494,-98574.5861459639)
(0,0,0)
(0,0,0)
(0,0,0)
(0,0,0)
(0,0,0)
(0,0,0)
(-350407.111254532,-1629.20657229175,697.789057009491)
(-351049.13085169,-808.787725122873,1200.61029183335)
(-352190.087700444,1344.51030100949,1101.49697264894)
(-353264.595842883,6002.21033094251,-622.811436148507)
(-352606.818764599,15023.7241683045,-6562.64169587362)
(-345910.498667359,29529.6621492319,-21776.525067085)
(-323901.728553946,44035.71329551,-49861.9630726629)
(-273813.630343852,37626.6092441872,-75423.1883065168)
(-198303.197148615,24555.2194140246,-94129.3289163859)
(-104124.326881367,11619.6075619103,-104135.378222628)
(0,0,0)
(0,0,0)
(0,0,0)
(0,0,0)
(0,0,0)
(0,0,0)
(-348778.197177396,-4678.32776740021,1533.75947827914)
(-350222.832791765,-3562.67745453145,3352.99488042006)
(-353488.447517194,-660.34234089483,5759.87444637987)
(-359156.969716935,6067.23152634079,8399.90991609402)
(-367475.007773186,20623.1590479359,7983.15727469159)
(-375333.276939295,48521.9280600397,-7269.53254501326)
(-367861.501655998,84772.6320481189,-56301.3399075246)
(-311315.356639054,63393.5820748952,-88508.3075207838)
(-222727.601601492,37337.1076762202,-107015.231312738)
(-115680.025969737,16599.0692597274,-115717.010839235)
(0,0,0)
(0,0,0)
(0,0,0)
(0,0,0)
(0,0,0)
(0,0,0)
(-344123.202114386,-10392.2910036033,2579.89074124449)
(-346581.340834446,-9312.07740195055,6230.66342583661)
(-352764.08404734,-6492.10114616149,12471.7931977017)
(-365145.049668625,351.106274585495,22958.2537707993)
(-388019.590495409,16610.8097090878,35900.4256868133)
(-423827.981291219,54469.9318706641,28972.8332869922)
(-452633.022635117,126958.379922183,-77707.761416723)
(-374704.494788633,74232.466011729,-114548.239756034)
(-260051.760091447,38046.1079522552,-127696.834545248)
(-132281.733435163,15655.4278568047,-132282.580810641)
(0,0,0)
(0,0,0)
(0,0,0)
(0,0,0)
(0,0,0)
(0,0,0)
(-333721.196500189,-19529.5991875934,3554.91915000744)
(-337174.694280709,-18863.4001883419,8991.75683799538)
(-346157.698901,-17211.5322068029,19234.567134261)
(-365369.01576125,-13538.1363810431,39201.72767472)
(-404534.447145164,-6115.22128708914,73811.6572955441)
(-478269.174134022,6726.26287056741,101505.552902347)
(-579605.952546382,19126.2037053084,-130438.097278251)
(-448973.455331934,16906.5370103143,-150675.870716271)
(-298155.325142591,9431.48635941251,-149993.208935544)
(-147999.865062037,3692.77864932931,-147855.304065428)
(0,0,0)
(0,0,0)
(0,0,0)
(0,0,0)
(0,0,0)
(0,0,0)
(-314299.608363797,-32318.5601998197,4129.15775441849)
(-318374.309540454,-32249.6871962262,10557.6602868325)
(-328961.934808945,-32210.6042412744,22785.8295238291)
(-351806.93372124,-32468.6351220542,46576.9467059061)
(-398401.063848705,-33776.6757368245,86675.4171956634)
(-484967.224232862,-36651.5725174097,113939.735533864)
(-598706.397274793,-35897.7186859006,-132697.893508413)
(-465828.034846841,-32761.1432836987,-158162.301862093)
(-307545.796157087,-23005.8743394634,-155715.753956873)
(-151662.52461632,-11605.5435729897,-151484.0379469)
(0,0,0)
(0,0,0)
(0,0,0)
(0,0,0)
(0,0,0)
(0,0,0)
(-282130.591040975,-48170.5073289736,4142.85779345445)
(-286282.151590586,-48705.5090011248,10520.3503166881)
(-296861.988039573,-50340.9501668788,22440.1173118983)
(-319400.637880487,-54784.9200256397,45217.2393965948)
(-364674.514187179,-66835.2480563097,83772.2957383672)
(-448325.522329385,-98588.8818323706,114688.826459829)
(-562813.170217187,-165233.26237042,-129617.157035877)
(-433089.513484057,-104696.21887803,-148441.92858364)
(-284561.6143376,-60561.7019177063,-144343.644257033)
(-140050.398287495,-27826.0626454811,-139869.72821051)
(0,0,0)
(0,0,0)
(0,0,0)
(0,0,0)
(0,0,0)
(0,0,0)
(-234202.123275373,-65251.2235074136,3546.24245129517)
(-237821.233317862,-66203.0669637625,8813.87027523212)
(-246706.220080379,-68817.1834889669,17935.4133304312)
(-264722.007403138,-74866.3454853243,33100.1589310512)
(-297874.581189503,-88029.354535963,51962.6114541543)
(-349734.666992161,-113504.259822433,48046.1781041516)
(-397627.312097226,-145674.711780488,-69118.1094793722)
(-328451.37812659,-113794.764901359,-104351.41053907)
(-224007.228361968,-73460.225142821,-111650.190081618)
(-112201.345397746,-35520.865692861,-112037.500486996)
(0,0,0)
(0,0,0)
(0,0,0)
(0,0,0)
(0,0,0)
(0,0,0)
(-169181.207830697,-80295.9877438175,2522.22225287383)
(-171824.683662482,-81465.3091190764,6113.78883552849)
(-178042.118465546,-84427.520928573,11813.7810563476)
(-189936.125390866,-90483.9351508179,19883.8495472642)
(-209836.463887026,-101414.591141461,26460.4806681213)
(-236236.071714686,-117493.003824786,15884.0565364249)
(-252042.482209,-129670.035569862,-37297.8921189403)
(-214716.649680853,-109267.69735759,-64104.9900332211)
(-150529.252850364,-75411.8635436409,-73776.9093876075)
(-76643.2492410075,-37972.6641238881,-76532.0615774837)
(0,0,0)
(0,0,0)
(0,0,0)
(0,0,0)
(0,0,0)
(0,0,0)
(-89106.8142044099,-89302.5672031841,1291.37738211394)
(-90497.3547778599,-90552.346393993,3073.35511337157)
(-93637.8501081282,-93549.9455331522,5704.45757287802)
(-99371.2625395403,-99195.6430447318,8943.8087604535)
(-108276.091310976,-108095.272832292,10425.1345951426)
(-118658.370655865,-118537.398559734,3737.02874204411)
(-122343.913237124,-122310.939863118,-16959.9415649079)
(-105366.480344069,-105304.161462243,-30327.7681473357)
(-75017.6084850048,-74921.2678439856,-36385.447138419)
(-38614.678890972,-38517.5416945202,-38564.0656660949)
(0,0,0)
(0,0,0)
(0,0,0)
(0,0,0)
(0,0,0)
(0,0,0)
(0,0,0)
(0,0,0)
(0,0,0)
(0,0,0)
(0,0,0)
(0,0,0)
(0,0,0)
(0,0,0)
(0,0,0)
(0,0,0)
(0,0,0)
(0,0,0)
(0,0,0)
(0,0,0)
(0,0,0)
(0,0,0)
(0,0,0)
(0,0,0)
(0,0,0)
(0,0,0)
(0,0,0)
(0,0,0)
(0,0,0)
(0,0,0)
(0,0,0)
(0,0,0)
(0,0,0)
(0,0,0)
(0,0,0)
(0,0,0)
(0,0,0)
(0,0,0)
(0,0,0)
(0,0,0)
(0,0,0)
(0,0,0)
(0,0,0)
(0,0,0)
(0,0,0)
(0,0,0)
(0,0,0)
(0,0,0)
(0,0,0)
(0,0,0)
(0,0,0)
(0,0,0)
(0,0,0)
(0,0,0)
(0,0,0)
(0,0,0)
(0,0,0)
(0,0,0)
(0,0,0)
(0,0,0)
(0,0,0)
(0,0,0)
(0,0,0)
(0,0,0)
(0,0,0)
(0,0,0)
(0,0,0)
(0,0,0)
(0,0,0)
(0,0,0)
(0,0,0)
(0,0,0)
(0,0,0)
(0,0,0)
(0,0,0)
(0,0,0)
(0,0,0)
(0,0,0)
(0,0,0)
(0,0,0)
(0,0,0)
(0,0,0)
(0,0,0)
(0,0,0)
(0,0,0)
(0,0,0)
(0,0,0)
(0,0,0)
(0,0,0)
(0,0,0)
(0,0,0)
(0,0,0)
(0,0,0)
(0,0,0)
(0,0,0)
(0,0,0)
(0,0,0)
(0,0,0)
(0,0,0)
(0,0,0)
(0,0,0)
(0,0,0)
(0,0,0)
(0,0,0)
(0,0,0)
(0,0,0)
(0,0,0)
(0,0,0)
(0,0,0)
(0,0,0)
(0,0,0)
(0,0,0)
(0,0,0)
(0,0,0)
(0,0,0)
(0,0,0)
(0,0,0)
(0,0,0)
(0,0,0)
(0,0,0)
(0,0,0)
(0,0,0)
(0,0,0)
(0,0,0)
(0,0,0)
(0,0,0)
(0,0,0)
(0,0,0)
(0,0,0)
(0,0,0)
(0,0,0)
(0,0,0)
(0,0,0)
(0,0,0)
(0,0,0)
(0,0,0)
(0,0,0)
(0,0,0)
(0,0,0)
(0,0,0)
(0,0,0)
(0,0,0)
(0,0,0)
(0,0,0)
(0,0,0)
(0,0,0)
(0,0,0)
(0,0,0)
(0,0,0)
(0,0,0)
(0,0,0)
(0,0,0)
(0,0,0)
(0,0,0)
(0,0,0)
(0,0,0)
(0,0,0)
(0,0,0)
(0,0,0)
(0,0,0)
(0,0,0)
(0,0,0)
(0,0,0)
(0,0,0)
(0,0,0)
(0,0,0)
(0,0,0)
(0,0,0)
(0,0,0)
(0,0,0)
(0,0,0)
(0,0,0)
(0,0,0)
(0,0,0)
(0,0,0)
(0,0,0)
(0,0,0)
(0,0,0)
(0,0,0)
(0,0,0)
(0,0,0)
(0,0,0)
(0,0,0)
(0,0,0)
(0,0,0)
(0,0,0)
(0,0,0)
(0,0,0)
(0,0,0)
(0,0,0)
(0,0,0)
(0,0,0)
(0,0,0)
(0,0,0)
(0,0,0)
(0,0,0)
(0,0,0)
(0,0,0)
(0,0,0)
(0,0,0)
(0,0,0)
(0,0,0)
(0,0,0)
(0,0,0)
(0,0,0)
(0,0,0)
(0,0,0)
(0,0,0)
(0,0,0)
(0,0,0)
(0,0,0)
(0,0,0)
(0,0,0)
(0,0,0)
(0,0,0)
(0,0,0)
(0,0,0)
(0,0,0)
(0,0,0)
(0,0,0)
(0,0,0)
(0,0,0)
(0,0,0)
(0,0,0)
(0,0,0)
(0,0,0)
(0,0,0)
(0,0,0)
(0,0,0)
(0,0,0)
(0,0,0)
(0,0,0)
(0,0,0)
(0,0,0)
(0,0,0)
(0,0,0)
(0,0,0)
(0,0,0)
(0,0,0)
(0,0,0)
(0,0,0)
(0,0,0)
(0,0,0)
(0,0,0)
(0,0,0)
(0,0,0)
(0,0,0)
(0,0,0)
(0,0,0)
(0,0,0)
(0,0,0)
(0,0,0)
(0,0,0)
(0,0,0)
(0,0,0)
(0,0,0)
(0,0,0)
(0,0,0)
(0,0,0)
(0,0,0)
(0,0,0)
(0,0,0)
(0,0,0)
(0,0,0)
(0,0,0)
(0,0,0)
(0,0,0)
(0,0,0)
(0,0,0)
(0,0,0)
(0,0,0)
(0,0,0)
(0,0,0)
(0,0,0)
(0,0,0)
(0,0,0)
(0,0,0)
(0,0,0)
(0,0,0)
(0,0,0)
(0,0,0)
(0,0,0)
(0,0,0)
(0,0,0)
(0,0,0)
(0,0,0)
(0,0,0)
(0,0,0)
(0,0,0)
(0,0,0)
(0,0,0)
(0,0,0)
(0,0,0)
(0,0,0)
(0,0,0)
(0,0,0)
(0,0,0)
(0,0,0)
(0,0,0)
(0,0,0)
(0,0,0)
(0,0,0)
(0,0,0)
(0,0,0)
(0,0,0)
(0,0,0)
(0,0,0)
(0,0,0)
(0,0,0)
(0,0,0)
(0,0,0)
(0,0,0)
(0,0,0)
(0,0,0)
(0,0,0)
(0,0,0)
(0,0,0)
(0,0,0)
(0,0,0)
(0,0,0)
(0,0,0)
(0,0,0)
(0,0,0)
(0,0,0)
(0,0,0)
(0,0,0)
(0,0,0)
(0,0,0)
(0,0,0)
(0,0,0)
(0,0,0)
(0,0,0)
(0,0,0)
(0,0,0)
(0,0,0)
(0,0,0)
(0,0,0)
(0,0,0)
(0,0,0)
(0,0,0)
(0,0,0)
(0,0,0)
(0,0,0)
(0,0,0)
(0,0,0)
(0,0,0)
(0,0,0)
(0,0,0)
(0,0,0)
(0,0,0)
(0,0,0)
(0,0,0)
(0,0,0)
(0,0,0)
(0,0,0)
(0,0,0)
(0,0,0)
(0,0,0)
(0,0,0)
(0,0,0)
(0,0,0)
(0,0,0)
(0,0,0)
(0,0,0)
(0,0,0)
(0,0,0)
(0,0,0)
(0,0,0)
(0,0,0)
(0,0,0)
(0,0,0)
(0,0,0)
(0,0,0)
(0,0,0)
(0,0,0)
(0,0,0)
(0,0,0)
(0,0,0)
(0,0,0)
(0,0,0)
(0,0,0)
(0,0,0)
(0,0,0)
(0,0,0)
(0,0,0)
(0,0,0)
(0,0,0)
(0,0,0)
(0,0,0)
(0,0,0)
(0,0,0)
(0,0,0)
(0,0,0)
(0,0,0)
(0,0,0)
(0,0,0)
(0,0,0)
(0,0,0)
(0,0,0)
(0,0,0)
(0,0,0)
(0,0,0)
(0,0,0)
(0,0,0)
(0,0,0)
(0,0,0)
(0,0,0)
(0,0,0)
(0,0,0)
(0,0,0)
(0,0,0)
(0,0,0)
(0,0,0)
(0,0,0)
(0,0,0)
(0,0,0)
(0,0,0)
(0,0,0)
(0,0,0)
(0,0,0)
(0,0,0)
(0,0,0)
(0,0,0)
(0,0,0)
(0,0,0)
(0,0,0)
(0,0,0)
(0,0,0)
(0,0,0)
(0,0,0)
(0,0,0)
(0,0,0)
(0,0,0)
(0,0,0)
(0,0,0)
(0,0,0)
(0,0,0)
(0,0,0)
(0,0,0)
(0,0,0)
(0,0,0)
(0,0,0)
(0,0,0)
(0,0,0)
(0,0,0)
(0,0,0)
(0,0,0)
(0,0,0)
(0,0,0)
(0,0,0)
(0,0,0)
(0,0,0)
(0,0,0)
(0,0,0)
(0,0,0)
(0,0,0)
(0,0,0)
(0,0,0)
(0,0,0)
(0,0,0)
(0,0,0)
(0,0,0)
(0,0,0)
(0,0,0)
(0,0,0)
(0,0,0)
(0,0,0)
(0,0,0)
(0,0,0)
(0,0,0)
(0,0,0)
(0,0,0)
(0,0,0)
(0,0,0)
(0,0,0)
(0,0,0)
(0,0,0)
(0,0,0)
(0,0,0)
(0,0,0)
(0,0,0)
(0,0,0)
(0,0,0)
(0,0,0)
(0,0,0)
(0,0,0)
(0,0,0)
(0,0,0)
(0,0,0)
(0,0,0)
(0,0,0)
(0,0,0)
(0,0,0)
(0,0,0)
(0,0,0)
(0,0,0)
(0,0,0)
(0,0,0)
(0,0,0)
(0,0,0)
(0,0,0)
(0,0,0)
(0,0,0)
(0,0,0)
(0,0,0)
(0,0,0)
(0,0,0)
(0,0,0)
(0,0,0)
(0,0,0)
(0,0,0)
(0,0,0)
(0,0,0)
(0,0,0)
(0,0,0)
(0,0,0)
(0,0,0)
(0,0,0)
(0,0,0)
(0,0,0)
(0,0,0)
(0,0,0)
(0,0,0)
(0,0,0)
(0,0,0)
(0,0,0)
(0,0,0)
(0,0,0)
(0,0,0)
(0,0,0)
(0,0,0)
(0,0,0)
(0,0,0)
(0,0,0)
(0,0,0)
(0,0,0)
(0,0,0)
(0,0,0)
(0,0,0)
(0,0,0)
(0,0,0)
(0,0,0)
(0,0,0)
(0,0,0)
(0,0,0)
(0,0,0)
(0,0,0)
(0,0,0)
(0,0,0)
(0,0,0)
(0,0,0)
(0,0,0)
(0,0,0)
(0,0,0)
(0,0,0)
(0,0,0)
(0,0,0)
(0,0,0)
(0,0,0)
(0,0,0)
(0,0,0)
(0,0,0)
(0,0,0)
(0,0,0)
(0,0,0)
(0,0,0)
(0,0,0)
(0,0,0)
(0,0,0)
(0,0,0)
(0,0,0)
(0,0,0)
(0,0,0)
(0,0,0)
(0,0,0)
(0,0,0)
(0,0,0)
(0,0,0)
(0,0,0)
(0,0,0)
(0,0,0)
(0,0,0)
(0,0,0)
(0,0,0)
(0,0,0)
(0,0,0)
(0,0,0)
(0,0,0)
(0,0,0)
(0,0,0)
(0,0,0)
(0,0,0)
(0,0,0)
(0,0,0)
(0,0,0)
(0,0,0)
(0,0,0)
(0,0,0)
(0,0,0)
(0,0,0)
(0,0,0)
(0,0,0)
(0,0,0)
(0,0,0)
(0,0,0)
(0,0,0)
(0,0,0)
(0,0,0)
(0,0,0)
(0,0,0)
(0,0,0)
(0,0,0)
(0,0,0)
(0,0,0)
(0,0,0)
(0,0,0)
(0,0,0)
(0,0,0)
(0,0,0)
(0,0,0)
(0,0,0)
(0,0,0)
(0,0,0)
(0,0,0)
(0,0,0)
(0,0,0)
(0,0,0)
(0,0,0)
(0,0,0)
(0,0,0)
(0,0,0)
(0,0,0)
(0,0,0)
(0,0,0)
(0,0,0)
(0,0,0)
(0,0,0)
(0,0,0)
(0,0,0)
(0,0,0)
(0,0,0)
(0,0,0)
(0,0,0)
(0,0,0)
(0,0,0)
(0,0,0)
(0,0,0)
(0,0,0)
(0,0,0)
(0,0,0)
(0,0,0)
(0,0,0)
(0,0,0)
(0,0,0)
(0,0,0)
(0,0,0)
(0,0,0)
(0,0,0)
(0,0,0)
(0,0,0)
(0,0,0)
(0,0,0)
(0,0,0)
(0,0,0)
(0,0,0)
(0,0,0)
(0,0,0)
(0,0,0)
(0,0,0)
(0,0,0)
(0,0,0)
(0,0,0)
(0,0,0)
(0,0,0)
(0,0,0)
(0,0,0)
(0,0,0)
(0,0,0)
(0,0,0)
(0,0,0)
(0,0,0)
(0,0,0)
(0,0,0)
(0,0,0)
(0,0,0)
(0,0,0)
(0,0,0)
(0,0,0)
(0,0,0)
(0,0,0)
(0,0,0)
(0,0,0)
(0,0,0)
(0,0,0)
(0,0,0)
(0,0,0)
(0,0,0)
(0,0,0)
(0,0,0)
(0,0,0)
(0,0,0)
(0,0,0)
(0,0,0)
(0,0,0)
(0,0,0)
(0,0,0)
(0,0,0)
(0,0,0)
(0,0,0)
(0,0,0)
(0,0,0)
(0,0,0)
(0,0,0)
(0,0,0)
(0,0,0)
(0,0,0)
(0,0,0)
(0,0,0)
(0,0,0)
(0,0,0)
(0,0,0)
(0,0,0)
(0,0,0)
(0,0,0)
(0,0,0)
(0,0,0)
(0,0,0)
(0,0,0)
(0,0,0)
(0,0,0)
(0,0,0)
(0,0,0)
(0,0,0)
(0,0,0)
(0,0,0)
(0,0,0)
(0,0,0)
(0,0,0)
(0,0,0)
(0,0,0)
(0,0,0)
(0,0,0)
(0,0,0)
(0,0,0)
(0,0,0)
(0,0,0)
(0,0,0)
(0,0,0)
(0,0,0)
(0,0,0)
(0,0,0)
(0,0,0)
(0,0,0)
(0,0,0)
(0,0,0)
(0,0,0)
(0,0,0)
(0,0,0)
(0,0,0)
(0,0,0)
(0,0,0)
(0,0,0)
(0,0,0)
(0,0,0)
(0,0,0)
(0,0,0)
(0,0,0)
(0,0,0)
(0,0,0)
(0,0,0)
(0,0,0)
(0,0,0)
(0,0,0)
(0,0,0)
(0,0,0)
(0,0,0)
(0,0,0)
(0,0,0)
(0,0,0)
(0,0,0)
(0,0,0)
(0,0,0)
(0,0,0)
(0,0,0)
(0,0,0)
(0,0,0)
(0,0,0)
(0,0,0)
(0,0,0)
(0,0,0)
(0,0,0)
(0,0,0)
(0,0,0)
(0,0,0)
(0,0,0)
(0,0,0)
(0,0,0)
(0,0,0)
(0,0,0)
(0,0,0)
(0,0,0)
(0,0,0)
(0,0,0)
(0,0,0)
(0,0,0)
(0,0,0)
(0,0,0)
(0,0,0)
(0,0,0)
(0,0,0)
(0,0,0)
(0,0,0)
(0,0,0)
(0,0,0)
(0,0,0)
(0,0,0)
(0,0,0)
(0,0,0)
(0,0,0)
