(0,0,0)
(0,0,0)
(0,0,0)
(0,0,0)
(0,0,0)
(0,0,0)
(0,0,0)
(0,0,0)
(0,0,0)
(0,0,0)
(0,0,0)
(0,0,0)
(0,0,0)
(0,0,0)
(0,0,0)
(0,0,0)
(0,0,0)
(0,0,0)
(0,0,0)
(0,0,0)
(0,0,0)
(0,0,0)
(0,0,0)
(0,0,0)
(0,0,0)
(0,0,0)
(0,0,0)
(0,0,0)
(0,0,0)
(0,0,0)
(0,0,0)
(0,0,0)
(0,0,0)
(0,0,0)
(0,0,0)
(0,0,0)
(0,0,0)
(0,0,0)
(0,0,0)
(0,0,0)
(0,0,0)
(0,0,0)
(0,0,0)
(0,0,0)
(0,0,0)
(0,0,0)
(0,0,0)
(0,0,0)
(0,0,0)
(0,0,0)
(0,0,0)
(0,0,0)
(0,0,0)
(0,0,0)
(0,0,0)
(0,0,0)
(0,0,0)
(0,0,0)
(0,0,0)
(0,0,0)
(0,0,0)
(0,0,0)
(0,0,0)
(0,0,0)
(0,0,0)
(0,0,0)
(0,0,0)
(0,0,0)
(0,0,0)
(0,0,0)
(0,0,0)
(0,0,0)
(0,0,0)
(0,0,0)
(0,0,0)
(0,0,0)
(0,0,0)
(0,0,0)
(0,0,0)
(0,0,0)
(0,0,0)
(0,0,0)
(0,0,0)
(0,0,0)
(0,0,0)
(0,0,0)
(0,0,0)
(0,0,0)
(0,0,0)
(0,0,0)
(0,0,0)
(0,0,0)
(0,0,0)
(0,0,0)
(0,0,0)
(0,0,0)
(0,0,0)
(0,0,0)
(0,0,0)
(0,0,0)
(0,0,0)
(0,0,0)
(0,0,0)
(0,0,0)
(0,0,0)
(0,0,0)
(0,0,0)
(0,0,0)
(0,0,0)
(0,0,0)
(0,0,0)
(0,0,0)
(0,0,0)
(0,0,0)
(0,0,0)
(0,0,0)
(0,0,0)
(0,0,0)
(0,0,0)
(0,0,0)
(0,0,0)
(0,0,0)
(0,0,0)
(0,0,0)
(0,0,0)
(0,0,0)
(0,0,0)
(0,0,0)
(0,0,0)
(0,0,0)
(0,0,0)
(0,0,0)
(0,0,0)
(0,0,0)
(0,0,0)
(0,0,0)
(0,0,0)
(0,0,0)
(0,0,0)
(0,0,0)
(0,0,0)
(0,0,0)
(0,0,0)
(0,0,0)
(0,0,0)
(0,0,0)
(0,0,0)
(0,0,0)
(0,0,0)
(0,0,0)
(0,0,0)
(0,0,0)
(0,0,0)
(0,0,0)
(0,0,0)
(0,0,0)
(0,0,0)
(0,0,0)
(0,0,0)
(0,0,0)
(0,0,0)
(0,0,0)
(0,0,0)
(0,0,0)
(0,0,0)
(0,0,0)
(0,0,0)
(0,0,0)
(0,0,0)
(0,0,0)
(0,0,0)
(0,0,0)
(0,0,0)
(0,0,0)
(0,0,0)
(0,0,0)
(0,0,0)
(0,0,0)
(0,0,0)
(0,0,0)
(0,0,0)
(0,0,0)
(0,0,0)
(0,0,0)
(0,0,0)
(0,0,0)
(0,0,0)
(0,0,0)
(0,0,0)
(0,0,0)
(0,0,0)
(0,0,0)
(0,0,0)
(0,0,0)
(0,0,0)
(0,0,0)
(0,0,0)
(0,0,0)
(0,0,0)
(0,0,0)
(0,0,0)
(0,0,0)
(0,0,0)
(0,0,0)
(0,0,0)
(0,0,0)
(0,0,0)
(0,0,0)
(0,0,0)
(0,0,0)
(0,0,0)
(0,0,0)
(0,0,0)
(0,0,0)
(0,0,0)
(0,0,0)
(0,0,0)
(0,0,0)
(0,0,0)
(0,0,0)
(0,0,0)
(0,0,0)
(0,0,0)
(0,0,0)
(0,0,0)
(0,0,0)
(0,0,0)
(0,0,0)
(0,0,0)
(0,0,0)
(0,0,0)
(0,0,0)
(0,0,0)
(0,0,0)
(0,0,0)
(0,0,0)
(0,0,0)
(0,0,0)
(0,0,0)
(0,0,0)
(0,0,0)
(0,0,0)
(0,0,0)
(0,0,0)
(0,0,0)
(0,0,0)
(0,0,0)
(0,0,0)
(0,0,0)
(0,0,0)
(0,0,0)
(0,0,0)
(0,0,0)
(0,0,0)
(0,0,0)
(0,0,0)
(0,0,0)
(0,0,0)
(0,0,0)
(0,0,0)
(0,0,0)
(0,0,0)
(0,0,0)
(0,0,0)
(0,0,0)
(0,0,0)
(0,0,0)
(0,0,0)
(0,0,0)
(0,0,0)
(0,0,0)
(0,0,0)
(0,0,0)
(0,0,0)
(0,0,0)
(0,0,0)
(0,0,0)
(0,0,0)
(0,0,0)
(0,0,0)
(0,0,0)
(0,0,0)
(0,0,0)
(0,0,0)
(0,0,0)
(0,0,0)
(0,0,0)
(0,0,0)
(0,0,0)
(0,0,0)
(0,0,0)
(0,0,0)
(0,0,0)
(0,0,0)
(0,0,0)
(0,0,0)
(0,0,0)
(0,0,0)
(0,0,0)
(0,0,0)
(0,0,0)
(0,0,0)
(0,0,0)
(0,0,0)
(0,0,0)
(0,0,0)
(0,0,0)
(0,0,0)
(0,0,0)
(0,0,0)
(0,0,0)
(0,0,0)
(0,0,0)
(0,0,0)
(0,0,0)
(0,0,0)
(0,0,0)
(0,0,0)
(0,0,0)
(0,0,0)
(0,0,0)
(0,0,0)
(0,0,0)
(0,0,0)
(0,0,0)
(0,0,0)
(0,0,0)
(0,0,0)
(0,0,0)
(0,0,0)
(0,0,0)
(0,0,0)
(0,0,0)
(0,0,0)
(0,0,0)
(0,0,0)
(0,0,0)
(0,0,0)
(0,0,0)
(0,0,0)
(0,0,0)
(0,0,0)
(0,0,0)
(0,0,0)
(0,0,0)
(0,0,0)
(0,0,0)
(0,0,0)
(0,0,0)
(0,0,0)
(0,0,0)
(0,0,0)
(0,0,0)
(0,0,0)
(0,0,0)
(0,0,0)
(0,0,0)
(0,0,0)
(0,0,0)
(0,0,0)
(0,0,0)
(0,0,0)
(0,0,0)
(0,0,0)
(0,0,0)
(0,0,0)
(0,0,0)
(0,0,0)
(0,0,0)
(0,0,0)
(0,0,0)
(0,0,0)
(0,0,0)
(0,0,0)
(0,0,0)
(0,0,0)
(0,0,0)
(0,0,0)
(0,0,0)
(0,0,0)
(0,0,0)
(0,0,0)
(0,0,0)
(0,0,0)
(0,0,0)
(0,0,0)
(0,0,0)
(0,0,0)
(0,0,0)
(0,0,0)
(0,0,0)
(0,0,0)
(0,0,0)
(0,0,0)
(0,0,0)
(0,0,0)
(0,0,0)
(0,0,0)
(0,0,0)
(0,0,0)
(0,0,0)
(0,0,0)
(0,0,0)
(0,0,0)
(0,0,0)
(0,0,0)
(0,0,0)
(0,0,0)
(0,0,0)
(0,0,0)
(0,0,0)
(0,0,0)
(0,0,0)
(0,0,0)
(0,0,0)
(0,0,0)
(0,0,0)
(0,0,0)
(0,0,0)
(0,0,0)
(0,0,0)
(0,0,0)
(0,0,0)
(0,0,0)
(0,0,0)
(0,0,0)
(0,0,0)
(0,0,0)
(0,0,0)
(0,0,0)
(0,0,0)
(0,0,0)
(0,0,0)
(0,0,0)
(0,0,0)
(0,0,0)
(0,0,0)
(0,0,0)
(0,0,0)
(0,0,0)
(0,0,0)
(0,0,0)
(0,0,0)
(0,0,0)
(0,0,0)
(0,0,0)
(0,0,0)
(0,0,0)
(0,0,0)
(0,0,0)
(0,0,0)
(0,0,0)
(0,0,0)
(0,0,0)
(0,0,0)
(0,0,0)
(0,0,0)
(0,0,0)
(0,0,0)
(0,0,0)
(0,0,0)
(0,0,0)
(0,0,0)
(0,0,0)
(0,0,0)
(0,0,0)
(0,0,0)
(0,0,0)
(0,0,0)
(0,0,0)
(0,0,0)
(0,0,0)
(0,0,0)
(0,0,0)
(0,0,0)
(0,0,0)
(0,0,0)
(0,0,0)
(0,0,0)
(0,0,0)
(0,0,0)
(0,0,0)
(0,0,0)
(0,0,0)
(0,0,0)
(0,0,0)
(0,0,0)
(0,0,0)
(0,0,0)
(0,0,0)
(0,0,0)
(0,0,0)
(0,0,0)
(0,0,0)
(0,0,0)
(0,0,0)
(0,0,0)
(0,0,0)
(0,0,0)
(0,0,0)
(0,0,0)
(0,0,0)
(0,0,0)
(0,0,0)
(0,0,0)
(0,0,0)
(0,0,0)
(0,0,0)
(0,0,0)
(0,0,0)
(0,0,0)
(0,0,0)
(0,0,0)
(0,0,0)
(0,0,0)
(0,0,0)
(0,0,0)
(0,0,0)
(0,0,0)
(0,0,0)
(0,0,0)
(0,0,0)
(0,0,0)
(0,0,0)
(0,0,0)
(0,0,0)
(0,0,0)
(0,0,0)
(0,0,0)
(0,0,0)
(0,0,0)
(0,0,0)
(0,0,0)
(0,0,0)
(0,0,0)
(0,0,0)
(0,0,0)
(0,0,0)
(0,0,0)
(0,0,0)
(0,0,0)
(0,0,0)
(0,0,0)
(0,0,0)
(0,0,0)
(0,0,0)
(0,0,0)
(0,0,0)
(0,0,0)
(0,0,0)
(0,0,0)
(0,0,0)
(0,0,0)
(0,0,0)
(0,0,0)
(0,0,0)
(0,0,0)
(0,0,0)
(0,0,0)
(0,0,0)
(0,0,0)
(0,0,0)
(0,0,0)
(0,0,0)
(0,0,0)
(0,0,0)
(0,0,0)
(0,0,0)
(0,0,0)
(0,0,0)
(0,0,0)
(0,0,0)
(0,0,0)
(0,0,0)
(0,0,0)
(0,0,0)
(0,0,0)
(0,0,0)
(0,0,0)
(0,0,0)
(0,0,0)
(0,0,0)
(0,0,0)
(0,0,0)
(0,0,0)
(0,0,0)
(0,0,0)
(0,0,0)
(0,0,0)
(0,0,0)
(0,0,0)
(0,0,0)
(0,0,0)
(0,0,0)
(0,0,0)
(0,0,0)
(0,0,0)
(0,0,0)
(0,0,0)
(0,0,0)
(0,0,0)
(0,0,0)
(0,0,0)
(0,0,0)
(0,0,0)
(0,0,0)
(0,0,0)
(0,0,0)
(0,0,0)
(0,0,0)
(0,0,0)
(0,0,0)
(0,0,0)
(0,0,0)
(0,0,0)
(0,0,0)
(0,0,0)
(0,0,0)
(0,0,0)
(0,0,0)
(0,0,0)
(0,0,0)
(0,0,0)
(0,0,0)
(0,0,0)
(0,0,0)
(0,0,0)
(0,0,0)
(0,0,0)
(0,0,0)
(0,0,0)
(0,0,0)
(0,0,0)
(0,0,0)
(0,0,0)
(0,0,0)
(0,0,0)
(0,0,0)
(0,0,0)
(0,0,0)
(0,0,0)
(0,0,0)
(0,0,0)
(0,0,0)
(0,0,0)
(0,0,0)
(0,0,0)
(0,0,0)
(0,0,0)
(0,0,0)
(0,0,0)
(0,0,0)
(0,0,0)
(0,0,0)
(0,0,0)
(0,0,0)
(0,0,0)
(0,0,0)
(0,0,0)
(0,0,0)
(0,0,0)
(0,0,0)
(0,0,0)
(0,0,0)
(0,0,0)
(0,0,0)
(0,0,0)
(0,0,0)
(0,0,0)
(0,0,0)
(0,0,0)
(0,0,0)
(0,0,0)
(0,0,0)
(0,0,0)
(0,0,0)
(0,0,0)
(0,0,0)
(0,0,0)
(0,0,0)
(0,0,0)
(0,0,0)
(0,0,0)
(0,0,0)
(0,0,0)
(0,0,0)
(0,0,0)
(0,0,0)
(0,0,0)
(0,0,0)
(0,0,0)
(0,0,0)
(0,0,0)
(0,0,0)
(0,0,0)
(0,0,0)
(0,0,0)
(0,0,0)
(0,0,0)
(0,0,0)
(0,0,0)
(0,0,0)
(0,0,0)
(0,0,0)
(0,0,0)
(0,0,0)
(0,0,0)
(0,0,0)
(0,0,0)
(0,0,0)
(0,0,0)
(0,0,0)
(0,0,0)
(0,0,0)
(0,0,0)
(0,0,0)
(0,0,0)
(0,0,0)
(0,0,0)
(0,0,0)
(0,0,0)
(0,0,0)
(0,0,0)
(0,0,0)
(0,0,0)
(0,0,0)
(0,0,0)
(0,0,0)
(0,0,0)
(0,0,0)
(0,0,0)
(0,0,0)
(0,0,0)
(0,0,0)
(0,0,0)
(0,0,0)
(0,0,0)
(0,0,0)
(0,0,0)
(0,0,0)
(0,0,0)
(0,0,0)
(0,0,0)
(0,0,0)
(0,0,0)
(0,0,0)
(0,0,0)
(0,0,0)
(0,0,0)
(0,0,0)
(0,0,0)
(0,0,0)
(0,0,0)
(0,0,0)
(0,0,0)
(0,0,0)
(0,0,0)
(0,0,0)
(0,0,0)
(0,0,0)
(0,0,0)
(0,0,0)
(0,0,0)
(0,0,0)
(0,0,0)
(0,0,0)
(0,0,0)
(0,0,0)
(0,0,0)
(0,0,0)
(0,0,0)
(0,0,0)
(0,0,0)
(0,0,0)
(0,0,0)
(0,0,0)
(0,0,0)
(0,0,0)
(0,0,0)
(0,0,0)
(0,0,0)
(0,0,0)
(0,0,0)
(0,0,0)
(0,0,0)
(0,0,0)
(0,0,0)
(0,0,0)
(0,0,0)
(0,0,0)
(0,0,0)
(0,0,0)
(0,0,0)
(0,0,0)
(0,0,0)
(0,0,0)
(0,0,0)
(0,0,0)
(0,0,0)
(0,0,0)
(0,0,0)
(0,0,0)
(0,0,0)
(0,0,0)
(0,0,0)
(0,0,0)
(0,0,0)
(0,0,0)
(0,0,0)
(0,0,0)
(0,0,0)
(0,0,0)
(0,0,0)
(0,0,0)
(0,0,0)
(0,0,0)
(0,0,0)
(0,0,0)
(0,0,0)
(-201502.645873589,107109.67722175,94392.9686518385)
(-213077.689944668,102627.302806826,204843.35578968)
(-239969.507543075,93360.1525396816,351452.710793075)
(-290757.858005571,78887.2156458419,563323.353152806)
(-382327.958265991,59367.2988945268,886284.012524278)
(-546678.417971183,36908.4939649525,1396053.9365305)
(-844298.439448167,16516.8844158663,2223835.49156283)
(-1382136.34959551,4074.90699697497,3601896.93416136)
(-2279506.71739204,-40.3445151173863,5881443.99606855)
(-3175996.55393391,-361.389536297987,9057801.93953876)
(0,0,0)
(0,0,0)
(0,0,0)
(0,0,0)
(0,0,0)
(0,0,0)
(-213125.666521057,230223.505580329,90011.8381624768)
(-224834.789390827,221795.498466427,195678.431893706)
(-252143.460464904,204165.841832949,337016.20306534)
(-304106.828684325,176176.193741657,543834.053653856)
(-398216.05272905,137551.519228004,863865.886049423)
(-566537.457584441,91653.7195090712,1375658.11808975)
(-867443.312439712,48293.1910502163,2211325.12389508)
(-1403221.82606165,20886.0012119332,3597735.85574174)
(-2293574.96347925,10189.3636600496,5881081.11104589)
(-3182565.84034291,5190.94086383002,9058094.6209886)
(0,0,0)
(0,0,0)
(0,0,0)
(0,0,0)
(0,0,0)
(0,0,0)
(-239660.701617252,388143.738766159,81740.4684314228)
(-251577.481578369,376860.206458073,178253.242018146)
(-279760.356504797,352989.278358675,309190.161997221)
(-334335.297016357,314359.240532236,505342.412223)
(-434476.970188008,259334.770541414,818036.131097597)
(-613248.921365637,190669.757543151,1332269.01442915)
(-924505.114133403,121217.886915516,2183849.43269726)
(-1455760.38626843,73548.7799843197,3586947.04019328)
(-2327421.59534475,48519.4530906954,5876038.54610746)
(-3197900.50891414,26306.6116908391,9052823.38419456)
(0,0,0)
(0,0,0)
(0,0,0)
(0,0,0)
(0,0,0)
(0,0,0)
(-289158.131217283,606724.451030553,70577.4189528891)
(-301273.118936162,594185.564503316,154525.17984381)
(-330562.820650415,567442.3947652,270634.884087694)
(-388926.225385735,523575.004403675,450345.345601984)
(-499018.318179212,459394.67278015,749303.761542464)
(-697855.752771277,375137.129517569,1262692.14233932)
(-1033839.73166302,281663.045859668,2136086.7150582)
(-1557471.06125749,205350.118423849,3561756.43787612)
(-2389474.85934984,145976.085483891,5853774.66483273)
(-3224969.19680749,78571.4372878392,9026479.03604333)
(0,0,0)
(0,0,0)
(0,0,0)
(0,0,0)
(0,0,0)
(0,0,0)
(-377932.477050217,926510.740627574,58146.187453193)
(-389998.2539725,914350.157561595,127979.848367414)
(-419862.226135127,888394.740907489,226889.728360251)
(-481392.036095043,845675.614248028,386181.154610945)
(-601751.302667372,782414.37650487,664912.753553603)
(-825415.324360399,696497.743612092,1168967.46381947)
(-1200264.95888714,591323.181960564,2059572.28660571)
(-1712209.14420313,474991.145410888,3502140.40382183)
(-2479550.03790756,341470.06042564,5786196.46678769)
(-3264047.15900054,181028.444085324,8947786.61899073)
(0,0,0)
(0,0,0)
(0,0,0)
(0,0,0)
(0,0,0)
(0,0,0)
(-538195.996855371,1418683.36285612,46023.3746268303)
(-549668.707855645,1407891.75655803,102150.483486035)
(-578553.201824399,1384825.39479688,184273.031421043)
(-639471.909160743,1346442.18010918,322978.374720637)
(-761097.965931971,1287580.65589213,578910.06126535)
(-989014.218283567,1200903.62962293,1063518.39353809)
(-1364988.57478877,1076875.98557686,1942954.16471059)
(-1853721.11430276,903361.383450553,3368305.04097367)
(-2577114.15988125,661494.813155549,5625394.44812505)
(-3313209.68572077,353152.579780147,8766479.99815091)
(0,0,0)
(0,0,0)
(0,0,0)
(0,0,0)
(0,0,0)
(0,0,0)
(-832417.295852025,2215916.79809581,35183.86061234)
(-842605.090905083,2206634.5417818,79046.1662936498)
(-868544.621642531,2186594.40223,145821.780503067)
(-924172.8904621,2152369.73264376,264067.118430585)
(-1037128.11899283,2096657.57025722,492118.323058321)
(-1251273.31817219,2005081.14886729,939214.121986141)
(-1604103.94494175,1851132.31198593,1769061.74051884)
(-2048524.4216694,1594932.10552609,3126015.4401127)
(-2722487.47650607,1193419.08313509,5316578.64663917)
(-3393398.84575693,650273.855964969,8412856.21621135)
(0,0,0)
(0,0,0)
(0,0,0)
(0,0,0)
(0,0,0)
(0,0,0)
(-1370507.68325186,3560638.53327846,25785.9480691945)
(-1378689.9715113,3552245.01953037,58865.4418319454)
(-1399617.14989649,3533658.96330907,111418.030649367)
(-1444832.85574459,3500389.95486043,208230.664177278)
(-1537638.28611551,3442096.31485868,400430.205691325)
(-1715618.25302122,3336098.06710774,785031.540472099)
(-2011084.38501254,3134721.48124876,1512526.75622179)
(-2370891.40042423,2754318.04701428,2724032.21515786)
(-2986406.4377547,2130939.22192269,4772918.51412496)
(-3546755.55000427,1207905.17764451,7762042.74244962)
(0,0,0)
(0,0,0)
(0,0,0)
(0,0,0)
(0,0,0)
(0,0,0)
(-2271589.37726087,5814942.55813349,17285.3524058263)
(-2277190.24379797,5806558.47433511,40162.141399069)
(-2291413.49317207,5787237.46690436,77997.1309758274)
(-2321806.20851586,5750375.48103439,149817.81331772)
(-2383102.19445898,5680697.51722333,294318.805412058)
(-2498259.27773283,5545219.76681654,583456.383436064)
(-2691666.72585942,5277970.6769696,1131873.91357464)
(-2979057.71081533,4765008.80584299,2100240.86556126)
(-3473259.8058479,3855022.7104185,3849417.18291331)
(-3814250.02886187,2317913.59120302,6553658.79821669)
(0,0,0)
(0,0,0)
(0,0,0)
(0,0,0)
(0,0,0)
(0,0,0)
(-3172329.67137632,8978473.36676441,8798.86274540351)
(-3175151.37823072,8969792.34745719,20716.3678540501)
(-3182220.3596511,8949228.58735892,40945.6070506065)
(-3197139.26000499,8908506.75528161,79953.5928083866)
(-3226816.53686945,8828765.37369495,158702.273206242)
(-3282283.66441162,8670205.45451997,316000.249914425)
(-3379076.46169458,8354379.50208846,618667.886490137)
(-3542192.81163944,7735973.82515965,1189895.67881288)
(-3813376.18030996,6546407.22775834,2311887.34178298)
(-3840420.77920495,4234889.2126533,4235332.49953766)
(0,0,0)
(0,0,0)
(0,0,0)
(0,0,0)
(0,0,0)
(0,0,0)
(0,0,0)
(0,0,0)
(0,0,0)
(0,0,0)
(0,0,0)
(0,0,0)
(0,0,0)
(0,0,0)
(0,0,0)
(0,0,0)
(0,0,0)
(0,0,0)
(0,0,0)
(0,0,0)
(0,0,0)
(0,0,0)
(0,0,0)
(0,0,0)
(0,0,0)
(0,0,0)
(0,0,0)
(0,0,0)
(0,0,0)
(0,0,0)
(0,0,0)
(0,0,0)
(0,0,0)
(0,0,0)
(0,0,0)
(0,0,0)
(0,0,0)
(0,0,0)
(0,0,0)
(0,0,0)
(0,0,0)
(0,0,0)
(0,0,0)
(0,0,0)
(0,0,0)
(0,0,0)
(0,0,0)
(0,0,0)
(0,0,0)
(0,0,0)
(0,0,0)
(0,0,0)
(0,0,0)
(0,0,0)
(0,0,0)
(0,0,0)
(0,0,0)
(0,0,0)
(0,0,0)
(0,0,0)
(0,0,0)
(0,0,0)
(0,0,0)
(0,0,0)
(0,0,0)
(0,0,0)
(0,0,0)
(0,0,0)
(0,0,0)
(0,0,0)
(0,0,0)
(0,0,0)
(0,0,0)
(0,0,0)
(0,0,0)
(0,0,0)
(0,0,0)
(0,0,0)
(0,0,0)
(0,0,0)
(0,0,0)
(0,0,0)
(0,0,0)
(0,0,0)
(0,0,0)
(0,0,0)
(0,0,0)
(0,0,0)
(0,0,0)
(0,0,0)
(0,0,0)
(0,0,0)
(0,0,0)
(0,0,0)
(0,0,0)
(0,0,0)
(0,0,0)
(0,0,0)
(0,0,0)
(0,0,0)
(0,0,0)
(0,0,0)
(29784698.7678347,95438.5016824421,82786.4879430794)
(29765280.5515894,90868.4683617019,177986.181381032)
(29720590.4671795,81204.612477468,300647.997514696)
(29637116.8881958,65529.0081907554,471670.646456312)
(29488508.9032815,43466.4193370237,721793.768905551)
(29224179.6070454,17060.1798742074,1098301.96734841)
(28739222.6404958,-6631.37685638199,1685838.66759451)
(27780889.4585665,-17025.8180322384,2704265.08079844)
(25618680.2294428,-14096.6147712208,4984601.15206855)
(19746641.5570963,-6921.50729690322,12233310.9516689)
(0,0,0)
(0,0,0)
(0,0,0)
(0,0,0)
(0,0,0)
(0,0,0)
(29764863.2261037,203576.340225968,78299.6721655146)
(29745407.2857084,194961.879500132,168390.589261643)
(29700331.0078805,176519.313952157,285027.822775298)
(29615278.8647272,145945.054220926,449652.486667371)
(29462590.7570459,101309.475732271,695429.023830981)
(29190818.3455286,44952.363794818,1074607.44013111)
(28698410.5582167,-8803.79582342107,1675352.39177554)
(27744085.6036278,-31677.8924197578,2707123.43980739)
(25595792.4937116,-23653.8323914839,4991739.60357044)
(19736623.4199014,-10123.0444790458,12240178.283842)
(0,0,0)
(0,0,0)
(0,0,0)
(0,0,0)
(0,0,0)
(0,0,0)
(29720028.1134967,338506.925913798,69807.0025319076)
(29700499.0847462,327038.964344153,150079.754697079)
(29654520.58433,302146.41807126,254598.11307701)
(29565725.301337,259775.64791169,405133.324366673)
(29402425.7136061,194822.75440592,639143.76523254)
(29108332.8541591,106096.000835183,1020844.75600123)
(28587685.1605632,11907.8160560404,1652369.27275898)
(27642442.7470563,-28101.0999850005,2715015.75033339)
(25536669.2561862,-13483.9824958029,5005181.45224041)
(19712102.9782243,-719.033037060972,12250200.3569938)
(0,0,0)
(0,0,0)
(0,0,0)
(0,0,0)
(0,0,0)
(0,0,0)
(29637500.7092807,517835.638221101,58438.8505284324)
(29617990.5387034,505360.250727707,125280.3098391)
(29570880.1793574,478099.395857165,212310.735379222)
(29476254.3310769,431099.428206,340232.80195612)
(29293424.1767014,356664.830933446,550374.633881725)
(28948907.8815891,247574.590566163,926558.813124166)
(28341600.1453667,115213.953422518,1612239.20206173)
(27411052.5096655,50592.6444196052,2729448.29006783)
(25417185.2869878,55881.7925278917,5017848.77204013)
(19666215.432887,39496.4373633994,12250875.0752791)
(0,0,0)
(0,0,0)
(0,0,0)
(0,0,0)
(0,0,0)
(0,0,0)
(29492124.063016,766156.345393577,46049.1560951151)
(29473057.0644551,754621.537596561,98158.9541323716)
(29425711.8698702,729673.220345861,165437.436972147)
(29326126.7822601,687569.876485059,265874.573671671)
(29120961.3975656,623043.776797586,441209.330908373)
(28700900.8432868,532887.769762254,794006.387398854)
(27899402.5143764,426561.497560226,1547417.77333132)
(26982300.754721,333460.04634666,2734466.8758139)
(25230060.4883526,243914.938669833,5001249.60674547)
(19598026.6392404,131869.30223417,12211229.3469675)
(0,0,0)
(0,0,0)
(0,0,0)
(0,0,0)
(0,0,0)
(0,0,0)
(29233474.0123724,1124380.3655059,34532.37399366)
(29215687.8107237,1114929.6572471,73294.1390974688)
(29170592.3619305,1094832.75381469,123415.445207559)
(29072823.431662,1061712.41992406,201403.964279655)
(28865290.4552153,1011515.58238336,350970.140880352)
(28433232.2775557,938616.703347615,687421.114789456)
(27621676.8243108,837715.809957665,1454027.80662623)
(26745068.3146675,708521.773272906,2644603.05406342)
(25070864.1400559,516098.982889228,4888867.11324065)
(19519933.9324361,272947.663193991,12079071.5374578)
(0,0,0)
(0,0,0)
(0,0,0)
(0,0,0)
(0,0,0)
(0,0,0)
(28753612.9278412,1677754.29974065,25022.2454058247)
(28738100.3955213,1670506.16704675,53166.6525135637)
(28698138.1852489,1655500.45977208,90242.5429985282)
(28609421.3403942,1631636.58261399,151150.552786066)
(28415947.2997972,1596045.40373502,277971.715978156)
(28002847.1897928,1540596.41940128,586297.89529325)
(27215824.7381828,1444005.68439296,1324505.74106716)
(26424712.1340054,1272442.95597889,2451774.40602015)
(24835131.3896027,929408.58988491,4645272.33624945)
(19386675.7786203,496876.620693328,11805695.1577068)
(0,0,0)
(0,0,0)
(0,0,0)
(0,0,0)
(0,0,0)
(0,0,0)
(27794469.8957677,2659538.00175573,17665.1222991616)
(27782193.4388733,2653681.87450692,38032.4077881287)
(27750347.5586023,2641766.04224948,66228.5201456421)
(27678725.9304205,2623283.15603392,115449.563894399)
(27519368.0522439,2596477.37873163,222437.653872008)
(27169033.7260414,2553285.82522892,489522.672315615)
(26480274.3356244,2453950.93237206,1152645.10703329)
(25964358.9433651,2145969.46255889,2108294.65999765)
(24359525.4580948,1643950.27615953,4212247.48120718)
(19078154.5435343,940328.693140206,11308311.7185555)
(0,0,0)
(0,0,0)
(0,0,0)
(0,0,0)
(0,0,0)
(0,0,0)
(25626591.1984111,4914039.36449295,11744.4649245868)
(25618299.8494419,4908367.00449149,25995.6450339854)
(25597029.469933,4896156.53235676,47588.5951553445)
(25550199.9517906,4874766.48442927,88525.5097871786)
(25450485.4705124,4836697.56442101,179144.062460121)
(25247664.0191875,4760914.87833486,390018.115767653)
(24882045.1049776,4590273.51112531,844410.109511246)
(24368294.8659665,4201595.0867921,1605858.31183002)
(22918116.8620073,3514678.64967428,3508179.67379386)
(18139517.4684301,2291604.53373181,10367562.7392439)
(0,0,0)
(0,0,0)
(0,0,0)
(0,0,0)
(0,0,0)
(0,0,0)
(19749588.5901112,12150523.377957,6024.12838215742)
(19745462.2230033,12144539.9566376,13663.9783357163)
(19735030.9604756,12130998.7727543,25996.8211451113)
(19712546.9157185,12105221.4508929,50282.0822919065)
(19666196.1485829,12055149.8901162,103243.474478162)
(19575058.1256435,11952034.3542747,219208.611816915)
(19406308.6954724,11733000.8189955,455522.550113491)
(19083025.6787143,11277712.8165073,918612.733378348)
(18140236.6979276,10359405.7072092,2284699.20093967)
(14749660.9946865,8075086.01952005,8075562.3445937)
(0,0,0)
(0,0,0)
(0,0,0)
(0,0,0)
(0,0,0)
(0,0,0)
(0,0,0)
(0,0,0)
(0,0,0)
(0,0,0)
(0,0,0)
(0,0,0)
(0,0,0)
(0,0,0)
(0,0,0)
(0,0,0)
(0,0,0)
(0,0,0)
(0,0,0)
(0,0,0)
(0,0,0)
(0,0,0)
(0,0,0)
(0,0,0)
(0,0,0)
(0,0,0)
(0,0,0)
(0,0,0)
(0,0,0)
(0,0,0)
(0,0,0)
(0,0,0)
(0,0,0)
(0,0,0)
(0,0,0)
(0,0,0)
(0,0,0)
(0,0,0)
(0,0,0)
(0,0,0)
(0,0,0)
(0,0,0)
(0,0,0)
(0,0,0)
(0,0,0)
(0,0,0)
(0,0,0)
(0,0,0)
(0,0,0)
(0,0,0)
(0,0,0)
(0,0,0)
(0,0,0)
(0,0,0)
(0,0,0)
(0,0,0)
(0,0,0)
(0,0,0)
(0,0,0)
(0,0,0)
(0,0,0)
(0,0,0)
(0,0,0)
(0,0,0)
(0,0,0)
(0,0,0)
(0,0,0)
(0,0,0)
(0,0,0)
(0,0,0)
(0,0,0)
(0,0,0)
(0,0,0)
(0,0,0)
(0,0,0)
(0,0,0)
(0,0,0)
(0,0,0)
(0,0,0)
(0,0,0)
(0,0,0)
(0,0,0)
(0,0,0)
(0,0,0)
(0,0,0)
(0,0,0)
(0,0,0)
(0,0,0)
(0,0,0)
(0,0,0)
(0,0,0)
(0,0,0)
(0,0,0)
(0,0,0)
(0,0,0)
(0,0,0)
(0,0,0)
(0,0,0)
(0,0,0)
(0,0,0)
(0,0,0)
(0,0,0)
(-518647.482409076,75580.7160453543,63339.1308646127)
(-540088.518613384,70995.698436816,133286.099296856)
(-588588.527249035,60932.8204237107,217105.869967972)
(-676829.91191054,43673.8824824568,322952.384258114)
(-827805.986990896,17520.861741672,457320.009455089)
(-1079792.08384478,-16309.0485258649,613174.345537468)
(-1491888.81314986,-47430.9070419971,727290.302891425)
(-2144058.04286815,-53865.9071251004,541677.308117479)
(-3079054.2371447,-37003.2022798505,-888011.426348953)
(-3774360.21667924,-16948.8416834858,-7514487.21422355)
(0,0,0)
(0,0,0)
(0,0,0)
(0,0,0)
(0,0,0)
(0,0,0)
(-541358.961223676,158577.966635298,58798.5334036346)
(-562415.121895472,149925.209168165,123265.026942372)
(-610390.653110104,130609.245151622,199883.859871316)
(-698733.583828929,96318.1480353335,296825.639540799)
(-852047.861823005,41084.2559083637,423474.460909214)
(-1110892.67042152,-37555.9579366353,582005.982936313)
(-1532684.74687966,-119534.315945822,720778.29360271)
(-2178537.21280227,-133350.836841801,558459.636415693)
(-3096364.69568748,-82810.0743083874,-868002.70549031)
(-3780475.92086159,-34666.1313196175,-7497612.47842498)
(0,0,0)
(0,0,0)
(0,0,0)
(0,0,0)
(0,0,0)
(0,0,0)
(-591873.180449018,255824.733665243,50228.1235820807)
(-612247.603582316,244411.851307266,104061.766437733)
(-659387.798518918,218423.469005028,165729.52209941)
(-748609.812303954,170254.256658916,241702.123782995)
(-909899.322849395,85811.3147922102,344873.698021011)
(-1195486.40668073,-53284.5780082304,499995.175598633)
(-1668997.6051212,-234119.727171143,706836.949174551)
(-2297895.87992005,-259432.311278458,608830.64725365)
(-3148766.26593009,-132956.303903875,-820014.004368202)
(-3797279.90602703,-46612.7629562521,-7463110.89181403)
(0,0,0)
(0,0,0)
(0,0,0)
(0,0,0)
(0,0,0)
(0,0,0)
(-682310.711812191,372314.315153556,38895.436270861)
(-701622.133244874,360315.480426435,78178.0757661864)
(-747449.214097015,332842.739016886,117661.795874903)
(-838506.646395981,280916.464179833,157334.16249302)
(-1017808.77696449,184209.106990745,205742.920626634)
(-1381771.2500658,-367.983466005559,319079.05440552)
(-2092316.83897424,-326952.741051936,681402.649293498)
(-2688370.35029913,-378152.018787773,735118.813433753)
(-3279982.77563643,-131265.705481967,-733830.125697581)
(-3833309.80399177,-28723.1898689847,-7416620.86523991)
(0,0,0)
(0,0,0)
(0,0,0)
(0,0,0)
(0,0,0)
(0,0,0)
(-834280.816379606,507333.936398559,26958.8548167895)
(-852030.307229074,497112.743136382,50822.5604573017)
(-895331.132402145,474426.350063185,65855.5483495479)
(-986407.341471484,434169.668347455,60710.0645797859)
(-1186969.00904843,367331.217494401,21091.9573563434)
(-1700392.07061676,265231.874136529,-7641.38967639282)
(-3378472.16077738,148827.433664461,630026.707427257)
(-4008230.7638691,96233.9215826397,981745.882313194)
(-3537101.02391853,84734.4550414129,-631519.16927276)
(-3892295.78749092,53756.271135159,-7388102.60687925)
(0,0,0)
(0,0,0)
(0,0,0)
(0,0,0)
(0,0,0)
(0,0,0)
(-1084811.46066519,644441.196791567,16751.8093108325)
(-1100373.30978403,637282.421790479,28216.847830766)
(-1139184.44609037,622315.90401103,25677.6985699748)
(-1223908.81442182,598237.800310683,-6084.59064327618)
(-1418917.74009544,562130.78088552,-81102.3620573947)
(-1931029.01349264,508224.969172367,-124260.569378612)
(-3527212.85025088,431868.873622172,577161.261891551)
(-4104066.985895,388164.563930357,969939.516772625)
(-3656448.12473654,280355.723586948,-662795.890314287)
(-3951052.50397431,139667.00645428,-7442146.59255672)
(0,0,0)
(0,0,0)
(0,0,0)
(0,0,0)
(0,0,0)
(0,0,0)
(-1494480.69149724,718562.398514324,9546.01428187324)
(-1507313.27189758,714561.074653815,13254.6255036501)
(-1539962.84275824,707665.7436149,1579.41057312664)
(-1613799.35405207,700846.970942018,-42235.4689457021)
(-1792837.45419685,699343.282663184,-135089.620063095)
(-2294287.28557209,706631.655057579,-200788.233917156)
(-3959028.98022111,708313.552552799,533194.402222372)
(-4492040.46403834,811944.892681475,861740.268181236)
(-3836968.43489817,453666.448945704,-803897.036010411)
(-4048053.0350645,188282.062768074,-7582209.68197328)
(0,0,0)
(0,0,0)
(0,0,0)
(0,0,0)
(0,0,0)
(0,0,0)
(-2148456.53481236,491598.763952343,5463.66180824325)
(-2158160.33903397,489688.131747019,6263.9792885759)
(-2183092.81883465,488306.920427831,-5363.22342109539)
(-2240966.30920029,494592.130648946,-43842.5468410006)
(-2389093.47114878,527407.109311926,-127871.253430699)
(-2849057.45109324,631698.02095483,-199272.845527162)
(-4667185.82368857,855482.394548749,636592.068456151)
(-3804253.46327061,549651.112744323,503071.85169528)
(-3980728.1318841,202307.773943067,-1069742.2866568)
(-4198265.6538171,1513.70884886747,-7770980.13871989)
(0,0,0)
(0,0,0)
(0,0,0)
(0,0,0)
(0,0,0)
(0,0,0)
(-3086578.4813016,-963195.754031399,3537.79436266886)
(-3092900.78951832,-964783.114039889,4783.27577595225)
(-3108868.16845177,-966209.196205521,770.627460347879)
(-3144451.66266664,-963268.582204255,-11143.4485628739)
(-3226026.39363697,-947997.427365597,-23653.4510696876)
(-3420990.27005787,-912118.033941157,24390.4897378616)
(-3847168.28711498,-885924.53736076,330584.410406092)
(-3987122.66319648,-1084164.06904122,155390.718020798)
(-4354027.75701629,-1263646.30318716,-1270936.9891592)
(-4422876.21021577,-1098539.97104263,-7772916.03395546)
(0,0,0)
(0,0,0)
(0,0,0)
(0,0,0)
(0,0,0)
(0,0,0)
(-3780194.28661912,-7599806.97202499,1967.69139016012)
(-3783271.09058088,-7601780.11377679,3271.6013774883)
(-3790907.28125848,-7604941.99358235,3516.2371547596)
(-3807358.27117655,-7608238.83121915,3965.26973084914)
(-3842408.01320338,-7611989.73069479,12135.331512527)
(-3915829.90463116,-7623987.47434468,50466.3988569724)
(-4051504.85865309,-7674279.19171868,132208.204006666)
(-4202660.12679248,-7806334.85711655,-24361.6057450371)
(-4424216.54150777,-7781763.91420305,-1106217.15862753)
(-4269519.89564735,-6675222.17267407,-6674780.46999595)
(0,0,0)
(0,0,0)
(0,0,0)
(0,0,0)
(0,0,0)
(0,0,0)
(0,0,0)
(0,0,0)
(0,0,0)
(0,0,0)
(0,0,0)
(0,0,0)
(0,0,0)
(0,0,0)
(0,0,0)
(0,0,0)
(0,0,0)
(0,0,0)
(0,0,0)
(0,0,0)
(0,0,0)
(0,0,0)
(0,0,0)
(0,0,0)
(0,0,0)
(0,0,0)
(0,0,0)
(0,0,0)
(0,0,0)
(0,0,0)
(0,0,0)
(0,0,0)
(0,0,0)
(0,0,0)
(0,0,0)
(0,0,0)
(0,0,0)
(0,0,0)
(0,0,0)
(0,0,0)
(0,0,0)
(0,0,0)
(0,0,0)
(0,0,0)
(0,0,0)
(0,0,0)
(0,0,0)
(0,0,0)
(0,0,0)
(0,0,0)
(0,0,0)
(0,0,0)
(0,0,0)
(0,0,0)
(0,0,0)
(0,0,0)
(0,0,0)
(0,0,0)
(0,0,0)
(0,0,0)
(0,0,0)
(0,0,0)
(0,0,0)
(0,0,0)
(0,0,0)
(0,0,0)
(0,0,0)
(0,0,0)
(0,0,0)
(0,0,0)
(0,0,0)
(0,0,0)
(0,0,0)
(0,0,0)
(0,0,0)
(0,0,0)
(0,0,0)
(0,0,0)
(0,0,0)
(0,0,0)
(0,0,0)
(0,0,0)
(0,0,0)
(0,0,0)
(0,0,0)
(0,0,0)
(0,0,0)
(0,0,0)
(0,0,0)
(0,0,0)
(0,0,0)
(0,0,0)
(0,0,0)
(0,0,0)
(0,0,0)
(0,0,0)
(0,0,0)
(0,0,0)
(0,0,0)
(0,0,0)
(0,0,0)
(0,0,0)
(-613393.845867525,52895.2230411343,41851.1404173146)
(-631618.756152254,48669.1497007312,84712.2282554531)
(-671707.492295962,39092.3997281267,128738.793574256)
(-741634.997581163,21772.9911064012,171770.888138475)
(-854504.716748923,-6675.28289415925,205144.900790663)
(-1028142.69977526,-47368.6277404192,200864.14446157)
(-1277712.05004747,-88189.8925643251,74877.2739235039)
(-1587147.97111337,-88353.2037313245,-393679.594099952)
(-1834607.13199897,-54318.3015670062,-1583808.39767865)
(-1594219.90307607,-23059.8443763278,-3740888.8669055)
(0,0,0)
(0,0,0)
(0,0,0)
(0,0,0)
(0,0,0)
(0,0,0)
(-634034.938454498,107891.755567837,37679.4447041192)
(-651211.484868472,99948.6921170881,75196.26526076)
(-689041.218567775,81500.5429505069,111438.687496053)
(-755267.521256743,46388.091067313,143357.524962952)
(-863043.237562662,-16772.6784979084,164450.296306357)
(-1031710.96654635,-122119.326183196,160019.290873972)
(-1279712.53511333,-255809.372442768,74666.5589860938)
(-1579763.24124235,-252727.483812935,-359733.132492211)
(-1822527.71783649,-135253.886729156,-1552634.52518106)
(-1586751.72270021,-51484.1778229727,-3717934.38989582)
(0,0,0)
(0,0,0)
(0,0,0)
(0,0,0)
(0,0,0)
(0,0,0)
(-679068.249575273,165264.904057119,29821.920636977)
(-694277.99655284,154930.082921389,56870.922803196)
(-727722.760270261,130269.361976587,76437.0655284562)
(-786354.558472972,80286.610195948,80283.2925688423)
(-883428.003116674,-22100.9727454308,59140.2670836422)
(-1045290.39918389,-239517.265321671,26342.1987252688)
(-1318735.39554149,-657404.220525477,77674.8372282724)
(-1580619.76289005,-649892.175882312,-242436.587732354)
(-1793192.94681763,-264189.153862134,-1469074.63971184)
(-1568559.51677788,-82646.8908934642,-3666632.31589051)
(0,0,0)
(0,0,0)
(0,0,0)
(0,0,0)
(0,0,0)
(0,0,0)
(-756865.587963141,220242.571940421,19577.2082676547)
(-769293.3885808,209825.879662721,32352.6668622517)
(-796281.212099573,184879.961931477,26574.0649099225)
(-842548.2981753,132946.532099511,-22044.2052143211)
(-918704.507675394,15048.9992873886,-158298.446536234)
(-1069099.44999281,-318939.331116395,-391548.180814504)
(-1613250.98351921,-1613128.41883021,85110.1620351979)
(-1698192.34207034,-1698018.61462418,143058.59254829)
(-1724964.68360763,-388387.892035035,-1287760.76130762)
(-1531841.2148818,-87719.5907425173,-3584156.65056853)
(0,0,0)
(0,0,0)
(0,0,0)
(0,0,0)
(0,0,0)
(0,0,0)
(-879942.426501083,256669.309528692,9234.87253320502)
(-889163.408283975,248635.584491746,7558.26875908061)
(-908094.322655492,230430.924843247,-25229.5038993422)
(-935380.376546287,196567.220167924,-139877.156892953)
(-954776.100647199,135331.661943011,-492352.727949802)
(-860465.857449583,34575.2385830196,-1685793.5108164)
(-4.97610578844672e-05,-1.39272362591326e-05,3.3242339619673e-05)
(809.736278150287,357.081159481773,1452366.63961717)
(-1451102.11694832,-34624.5927449268,-987395.566643164)
(-1465637.66208949,-5046.07805622613,-3496727.20473091)
(0,0,0)
(0,0,0)
(0,0,0)
(0,0,0)
(0,0,0)
(0,0,0)
(-1064044.77938021,234676.960670861,1225.66757284871)
(-1070195.97263808,230227.610839314,-10543.6959206624)
(-1081694.84499749,221408.808998756,-59011.1811690522)
(-1093521.71451679,208218.938003556,-201049.998909711)
(-1079574.22498293,188097.648996307,-593159.501075512)
(-914024.168446851,144877.823381767,-1720466.93092005)
(-4.62006730366586e-05,-1.8754319877581e-05,2.68615630081451e-05)
(659.485300331621,96.0338662766841,1416995.15855238)
(-1415677.91403171,99744.6750176619,-958144.319915051)
(-1464817.55270413,42592.6417781917,-3492017.99101959)
(0,0,0)
(0,0,0)
(0,0,0)
(0,0,0)
(0,0,0)
(0,0,0)
(-1321085.46840233,64540.4664531167,-3258.72887716712)
(-1324660.96238792,63672.2650189479,-19355.6925664716)
(-1330157.21540133,64467.8081350176,-72220.3190596332)
(-1330168.98188938,73552.3972966471,-221184.150515413)
(-1292412.83456508,102916.479289132,-636427.600440001)
(-1072041.83508317,151663.428066964,-1865458.65561411)
(-0.00012473135565969,4.56217008927219e-05,3.3640836973831e-05)
(837.689513223699,1499493.03947572,1516321.93236653)
(-1514945.7606214,309708.439344836,-1015664.50623741)
(-1524075.79537778,37959.6424911379,-3535008.74663706)
(0,0,0)
(0,0,0)
(0,0,0)
(0,0,0)
(0,0,0)
(0,0,0)
(-1633185.39094407,-446558.245141094,-4172.43227407808)
(-1634942.82012477,-445103.625104128,-18614.0610602069)
(-1636466.6895796,-437568.470430306,-63203.9117499415)
(-1629703.74204045,-409037.361194721,-191876.720418421)
(-1580580.87100694,-309731.829076127,-587741.012195013)
(-1327262.51128052,59504.4774799056,-2017377.00142067)
(1074.20421189396,1675206.4331381,1499361.97001512)
(-1498107.24756971,366509.20562346,326199.588166473)
(-1885749.38715995,-171238.554546315,-1287832.16266653)
(-1651455.38214168,-223266.156954112,-3573416.63489668)
(0,0,0)
(0,0,0)
(0,0,0)
(0,0,0)
(0,0,0)
(0,0,0)
(-1873480.60007123,-1656935.26695893,-2720.85941251775)
(-1874243.33672939,-1655325.22399971,-11156.7133058608)
(-1874350.55930008,-1648459.13030631,-34783.6625815207)
(-1869197.76049426,-1626431.218994,-92643.7069546173)
(-1845115.83416722,-1564729.91638169,-218556.179118794)
(-1770914.70867769,-1407353.84919176,-401773.413827328)
(-1673606.52068419,-1090683.62286878,190554.875748756)
(-1918156.77398347,-1300102.03744634,-211799.77039444)
(-2062674.41555606,-1334174.34922126,-1340217.31717972)
(-1690422.08285776,-945373.49080751,-3350564.11068434)
(0,0,0)
(0,0,0)
(0,0,0)
(0,0,0)
(0,0,0)
(0,0,0)
(-1616126.83952113,-3819932.59496343,-1070.11909349509)
(-1616409.47666304,-3818894.77794378,-4362.17906726127)
(-1616365.19425815,-3814436.26302116,-12927.1333527223)
(-1614319.11504037,-3801350.03177873,-31047.4767041652)
(-1606730.57885015,-3770194.38305623,-61260.4443828393)
(-1590432.43775635,-3708808.23432881,-85203.5261206053)
(-1585005.80277837,-3623415.18856763,-18971.0162964548)
(-1671352.71860692,-3604291.14063306,-246089.321295281)
(-1694666.3006477,-3358030.21285338,-951783.69852322)
(-1355152.3153302,-2405946.73938686,-2405578.03026101)
(0,0,0)
(0,0,0)
(0,0,0)
(0,0,0)
(0,0,0)
(0,0,0)
(0,0,0)
(0,0,0)
(0,0,0)
(0,0,0)
(0,0,0)
(0,0,0)
(0,0,0)
(0,0,0)
(0,0,0)
(0,0,0)
(0,0,0)
(0,0,0)
(0,0,0)
(0,0,0)
(0,0,0)
(0,0,0)
(0,0,0)
(0,0,0)
(0,0,0)
(0,0,0)
(0,0,0)
(0,0,0)
(0,0,0)
(0,0,0)
(0,0,0)
(0,0,0)
(0,0,0)
(0,0,0)
(0,0,0)
(0,0,0)
(0,0,0)
(0,0,0)
(0,0,0)
(0,0,0)
(0,0,0)
(0,0,0)
(0,0,0)
(0,0,0)
(0,0,0)
(0,0,0)
(0,0,0)
(0,0,0)
(0,0,0)
(0,0,0)
(0,0,0)
(0,0,0)
(0,0,0)
(0,0,0)
(0,0,0)
(0,0,0)
(0,0,0)
(0,0,0)
(0,0,0)
(0,0,0)
(0,0,0)
(0,0,0)
(0,0,0)
(0,0,0)
(0,0,0)
(0,0,0)
(0,0,0)
(0,0,0)
(0,0,0)
(0,0,0)
(0,0,0)
(0,0,0)
(0,0,0)
(0,0,0)
(0,0,0)
(0,0,0)
(0,0,0)
(0,0,0)
(0,0,0)
(0,0,0)
(0,0,0)
(0,0,0)
(0,0,0)
(0,0,0)
(0,0,0)
(0,0,0)
(0,0,0)
(0,0,0)
(0,0,0)
(0,0,0)
(0,0,0)
(0,0,0)
(0,0,0)
(0,0,0)
(0,0,0)
(0,0,0)
(0,0,0)
(0,0,0)
(0,0,0)
(0,0,0)
(0,0,0)
(0,0,0)
(-669244.942199774,32253.7915763002,23597.3047559474)
(-681583.569930747,29046.3873325078,44515.7312019331)
(-707512.105943311,21693.0823266288,58627.2625226538)
(-749759.019840267,8097.65692735552,58653.627854403)
(-811949.58980825,-15198.4595198812,31296.960433606)
(-896962.617708227,-50911.2285792446,-48971.8930541868)
(-1001699.19648589,-90143.1811366906,-234841.565479073)
(-1099622.13008574,-80919.2708637053,-641448.135643001)
(-1090021.76328463,-42203.5757131273,-1343829.92864422)
(-775173.625440979,-15592.1677416234,-2147284.03853766)
(0,0,0)
(0,0,0)
(0,0,0)
(0,0,0)
(0,0,0)
(0,0,0)
(-684912.135777316,62677.0409563018,20453.9479428122)
(-695669.866908553,56710.3321975572,37248.3851178443)
(-717857.570820114,42677.7392259866,45080.0804708268)
(-752729.320758051,15214.6149461628,35424.9219533304)
(-801261.650706703,-37173.1515811203,-4381.97284139025)
(-863137.814477041,-135670.980553905,-88195.3729360401)
(-937640.759569213,-294763.865509121,-225646.46410773)
(-1029993.67984634,-253518.485285002,-602816.811082441)
(-1044350.097969,-105878.812731836,-1317319.19393122)
(-754589.622811559,-33272.2730734122,-2131801.18848806)
(0,0,0)
(0,0,0)
(0,0,0)
(0,0,0)
(0,0,0)
(0,0,0)
(-718331.177679645,87365.4212976308,14574.5477630423)
(-726138.462869494,79802.3321019066,23343.0141753504)
(-741054.978390795,61631.5910572238,17721.3804646471)
(-760588.257118803,24057.4220161915,-16887.7279595503)
(-777303.963963164,-57350.7736695778,-102834.145024604)
(-773262.791474973,-263282.507569362,-247250.225718054)
(-724405.746381876,-951868.029119463,-184475.711267326)
(-795839.344515819,-767394.081386028,-455380.533540535)
(-913561.914471247,-195924.863099071,-1244965.51551969)
(-702156.84728126,-45901.8493359686,-2098738.60875377)
(0,0,0)
(0,0,0)
(0,0,0)
(0,0,0)
(0,0,0)
(0,0,0)
(-773668.49956635,97049.0717438526,7119.26115698431)
(-777582.852799614,89888.0147307018,5323.04274700113)
(-782647.247874572,73064.1935187189,-19743.5239394945)
(-780111.562690103,40143.9101099236,-98266.747518424)
(-744585.474265756,-20979.5572926968,-308756.997304949)
(-595075.56346822,-110301.378708072,-935762.01269083)
(-2.41607847869171e-05,-4.52374825330396e-06,1.23590259016453e-05)
(590.009677047279,994.798980431596,115866.782371833)
(-595305.551046864,-114514.022124717,-1095203.19116328)
(-598420.981895143,-21499.9737975467,-2053025.29968839)
(0,0,0)
(0,0,0)
(0,0,0)
(0,0,0)
(0,0,0)
(0,0,0)
(-855328.446937443,72404.115037739,30.9771424756306)
(-855360.64209994,67482.6266271577,-11366.4009380179)
(-850596.942834478,56755.4773929156,-52555.0646332285)
(-826873.251923641,38398.0962566424,-159316.375402592)
(-747544.924648769,10526.9535590152,-398054.06225273)
(-524475.785186718,-18995.2950586164,-825350.218165044)
(2.44117051532699e-06,-1.95708310304239e-06,-5.84417587406324e-05)
(-5.54179057698519e-05,-7.1750682316753e-06,4.25679524142348e-06)
(1148.39208193562,721.008805497899,-1002531.42166394)
(-453568.619093776,-4283.95165042627,-2031816.48680675)
(0,0,0)
(0,0,0)
(0,0,0)
(0,0,0)
(0,0,0)
(0,0,0)
(-964279.696438622,-22480.4540094381,-4880.51389440771)
(-961235.992879509,-24347.5189173677,-22010.3481084562)
(-948986.554802653,-27137.9036075118,-70825.257302868)
(-910351.810367566,-28531.5067246815,-187065.558470771)
(-803749.267299629,-24862.9797501172,-427500.582844935)
(-540949.35282774,-13261.7270675835,-806308.966455075)
(-1.34617269776235e-06,-4.99851429912098e-06,-4.5511967452472e-05)
(-4.0365507463591e-05,-1.38019993494283e-05,1.79377923652927e-06)
(818.938788727968,317.912759809166,-1007931.14942027)
(-432406.652065326,-16753.0559330547,-2027872.94577645)
(0,0,0)
(0,0,0)
(0,0,0)
(0,0,0)
(0,0,0)
(0,0,0)
(-1089232.50639786,-247567.602673227,-6765.81334067179)
(-1084372.91113731,-246619.88104625,-24781.5024623907)
(-1068004.13882821,-241881.320611286,-72191.1620317452)
(-1021451.93999396,-226103.198391232,-183336.512260608)
(-899332.618211591,-185446.753099999,-415832.955264218)
(-604251.164501237,-103911.447911189,-792973.905002551)
(-7.43933689247929e-06,-7.25642615305615e-05,-5.35325644495848e-05)
(-7.04518586152811e-05,1.71847202997215e-06,1.45613591193251e-06)
(819.039668749141,-61335.1507018369,-1025370.43227242)
(-465147.336234837,-89524.2118798689,-2011527.73546854)
(0,0,0)
(0,0,0)
(0,0,0)
(0,0,0)
(0,0,0)
(0,0,0)
(-1188125.80674123,-686791.366771774,-5835.8201042979)
(-1182997.95295223,-684342.472318186,-20058.0960049061)
(-1166558.13078464,-675445.124955171,-56402.8504559867)
(-1120938.2914871,-648608.350218719,-142663.149181847)
(-999995.290174261,-574454.218088547,-334241.265025972)
(-692066.92535797,-384504.748650123,-688843.550209594)
(-8.70710386917751e-05,6.65839841284314e-06,4.49504182678991e-06)
(455.683941105569,-53936.9697771406,-61779.3159377396)
(-606481.982215566,-348396.602813879,-1053985.26877008)
(-610176.718844514,-262351.315686324,-1922436.82826081)
(0,0,0)
(0,0,0)
(0,0,0)
(0,0,0)
(0,0,0)
(0,0,0)
(-1157317.74292367,-1399543.87223882,-3410.35168051384)
(-1153331.63795452,-1397466.52294194,-11197.9998316303)
(-1140915.80745544,-1390504.94831714,-29572.9283143057)
(-1107178.56164001,-1371698.10621504,-68502.3711722417)
(-1017174.16587795,-1326595.46873775,-144302.788812309)
(-768070.766315756,-1227216.26265718,-304435.217167184)
(996.606267320091,-1002492.68305006,-54056.6572803177)
(-616015.302759375,-1053629.90820147,-356505.190080093)
(-832908.318003949,-966383.89433234,-968283.996113742)
(-650379.581573556,-610197.580494333,-1660480.23258994)
(0,0,0)
(0,0,0)
(0,0,0)
(0,0,0)
(0,0,0)
(0,0,0)
(-810422.236332376,-2203926.00608397,-1322.46934360584)
(-808331.427725592,-2202591.35313846,-4275.68808455011)
(-802104.008943403,-2198203.46723912,-10838.354477331)
(-786159.71515348,-2187271.98594137,-23423.8746378866)
(-747994.098183445,-2163798.94140252,-44956.8826398154)
(-664026.866728013,-2118774.67133654,-79804.0449887939)
(-523121.240504614,-2038838.24267047,-105343.047642146)
(-627532.331193958,-1933312.58145916,-269480.761797417)
(-654501.359658401,-1663617.68083842,-612411.916280651)
(-476242.996370131,-1050915.26179262,-1050603.55394244)
(0,0,0)
(0,0,0)
(0,0,0)
(0,0,0)
(0,0,0)
(0,0,0)
(0,0,0)
(0,0,0)
(0,0,0)
(0,0,0)
(0,0,0)
(0,0,0)
(0,0,0)
(0,0,0)
(0,0,0)
(0,0,0)
(0,0,0)
(0,0,0)
(0,0,0)
(0,0,0)
(0,0,0)
(0,0,0)
(0,0,0)
(0,0,0)
(0,0,0)
(0,0,0)
(0,0,0)
(0,0,0)
(0,0,0)
(0,0,0)
(0,0,0)
(0,0,0)
(0,0,0)
(0,0,0)
(0,0,0)
(0,0,0)
(0,0,0)
(0,0,0)
(0,0,0)
(0,0,0)
(0,0,0)
(0,0,0)
(0,0,0)
(0,0,0)
(0,0,0)
(0,0,0)
(0,0,0)
(0,0,0)
(0,0,0)
(0,0,0)
(0,0,0)
(0,0,0)
(0,0,0)
(0,0,0)
(0,0,0)
(0,0,0)
(0,0,0)
(0,0,0)
(0,0,0)
(0,0,0)
(0,0,0)
(0,0,0)
(0,0,0)
(0,0,0)
(0,0,0)
(0,0,0)
(0,0,0)
(0,0,0)
(0,0,0)
(0,0,0)
(0,0,0)
(0,0,0)
(0,0,0)
(0,0,0)
(0,0,0)
(0,0,0)
(0,0,0)
(0,0,0)
(0,0,0)
(0,0,0)
(0,0,0)
(0,0,0)
(0,0,0)
(0,0,0)
(0,0,0)
(0,0,0)
(0,0,0)
(0,0,0)
(0,0,0)
(0,0,0)
(0,0,0)
(0,0,0)
(0,0,0)
(0,0,0)
(0,0,0)
(0,0,0)
(0,0,0)
(0,0,0)
(0,0,0)
(0,0,0)
(0,0,0)
(0,0,0)
(-697031.380310664,16554.072661695,11232.3654492002)
(-703653.879056798,14907.9806434103,18394.693931842)
(-716540.325239637,11289.4924018785,16133.4208262874)
(-734969.437735321,5071.66134397894,-3727.82262263795)
(-757214.868096575,-4510.57658328866,-53951.9677510269)
(-779881.964786382,-17046.5467718718,-153986.073900999)
(-796612.020598949,-26021.615141165,-333051.634646777)
(-789248.95943356,-11237.801075848,-632187.004223105)
(-696249.860761526,3491.61103242008,-1029450.51777861)
(-436929.323140108,4987.19815995799,-1372682.01823947)
(0,0,0)
(0,0,0)
(0,0,0)
(0,0,0)
(0,0,0)
(0,0,0)
(-707088.777749092,29112.8330966661,9617.88153681058)
(-712096.236452357,26103.761852076,14848.4698719494)
(-721105.074496848,19384.4206032088,10001.0453473526)
(-731706.631578311,7294.25376433341,-13244.2362527451)
(-739335.227165259,-13221.2866533642,-66459.9497241124)
(-737937.83062548,-45751.7124070358,-162954.767940512)
(-726903.507667611,-81402.8385031021,-318310.796480172)
(-722753.159531661,-19242.7566442725,-617546.361226427)
(-655318.874558565,24981.3191667769,-1028067.29277122)
(-419087.265509584,19192.6431092344,-1377775.09502247)
(0,0,0)
(0,0,0)
(0,0,0)
(0,0,0)
(0,0,0)
(0,0,0)
(-727819.91657409,31926.2855905922,6675.28640051957)
(-729861.14060005,28254.6058215025,8247.12016165033)
(-731433.37517447,19986.5267642891,-1976.58921575223)
(-726092.30168384,4529.30720960959,-33707.5980959957)
(-700719.002007902,-24586.3388638831,-98927.5078407363)
(-634358.040023954,-85011.8803248332,-198572.091373963)
(-520932.270958437,-227172.797015933,-256275.608284572)
(-527040.633097551,29240.6282788851,-573557.704625997)
(-550428.437683291,122424.484405691,-1034134.34665287)
(-377754.922875548,57873.2568361421,-1397216.88478548)
(0,0,0)
(0,0,0)
(0,0,0)
(0,0,0)
(0,0,0)
(0,0,0)
(-760148.99086411,15305.8064390837,3100.970449268)
(-758433.39697067,12094.3884975963,111.731944231101)
(-750401.179380011,5169.75001622266,-17317.5598022638)
(-723555.18030822,-6543.86722816688,-62800.7677463698)
(-648793.562293452,-23881.7374204711,-159297.281162083)
(-459031.545959123,-39687.754898255,-340665.424097759)
(-2.17766580781003e-05,-4.58885970044668e-06,-2.28291965141011e-07)
(509.892877938724,777.679152374229,-480672.868114778)
(-336657.063788066,482065.094815373,-1098961.96578326)
(-307617.082334341,123403.416916817,-1455296.02542475)
(0,0,0)
(0,0,0)
(0,0,0)
(0,0,0)
(0,0,0)
(0,0,0)
(-803354.193922278,-36623.0323984428,-45.414177635366)
(-798204.945257744,-38419.1547603714,-6687.56776186173)
(-781596.464080424,-41632.7504041178,-28885.5460955757)
(-737217.546985895,-45070.3569145594,-80014.7613469302)
(-630770.328435129,-45681.7766287044,-174989.318352337)
(-402811.179619914,-35489.9519793026,-300851.726838093)
(2.36344834716387e-06,-1.00006606936248e-06,-4.63752819400152e-06)
(-5.054171777916e-05,-1.25810808419894e-06,-7.86737870073336e-06)
(611.06856218217,405.799592485206,-1457988.00313925)
(-226075.6767422,16873.16190049,-1578950.6904745)
(0,0,0)
(0,0,0)
(0,0,0)
(0,0,0)
(0,0,0)
(0,0,0)
(-851625.046179437,-147450.243170638,-1827.43948699173)
(-844183.764668284,-147495.733781157,-9803.08867743249)
(-822107.117070166,-146141.714820947,-32173.561993095)
(-767511.424948639,-139648.938206662,-80435.3661199183)
(-644747.20347322,-120492.100420624,-164627.10615441)
(-399209.804031756,-76616.723442653,-265239.883487045)
(-8.16017938648335e-07,-2.58607115218364e-06,-2.43797667218631e-11)
(-3.45784112856568e-05,-1.6249760420434e-06,-5.4202525998567e-06)
(359.786599723317,256.392408650545,-1441820.29169606)
(-211740.36112437,-49540.8405173269,-1596072.58021919)
(0,0,0)
(0,0,0)
(0,0,0)
(0,0,0)
(0,0,0)
(0,0,0)
(-888332.115629263,-346462.088780821,-1888.54515842452)
(-880111.247566446,-345218.37447286,-8427.5680375915)
(-856579.281619703,-340392.175612803,-25601.9644542423)
(-799956.331911738,-325600.986766588,-61145.5239765449)
(-674182.902795011,-286199.6416776,-120587.698136149)
(-421119.065149575,-191890.240838879,-188446.280091586)
(-5.68226621244679e-06,-5.11133887423339e-06,-2.87834609160106e-11)
(-6.0601519969612e-05,-2.30295218435337e-06,-9.17239128682007e-06)
(528.287633898659,-668842.404322128,-1491924.76643959)
(-225076.280220308,-234650.772164967,-1546885.8908065)
(0,0,0)
(0,0,0)
(0,0,0)
(0,0,0)
(0,0,0)
(0,0,0)
(-877987.325479881,-655939.250935274,-661.319106896442)
(-870655.32764073,-654611.211902811,-3611.1069884426)
(-850022.222918375,-649756.111056279,-10783.0794112274)
(-800802.586951849,-634863.305920315,-21656.4647927505)
(-689951.352549059,-591775.447182503,-26124.5969130502)
(-452829.952833555,-460910.486916134,3658.67663979013)
(-7.82540857004952e-05,-1.06425163925713e-05,-3.3343029900777e-06)
(385.922161746197,-670896.457647748,-669127.220273322)
(-311274.430578054,-575071.124084575,-1058106.05214838)
(-287652.084976662,-302644.486719728,-1312636.97146148)
(0,0,0)
(0,0,0)
(0,0,0)
(0,0,0)
(0,0,0)
(0,0,0)
(-761343.756102573,-1052543.053999,629.816242624389)
(-756141.719523761,-1052409.65544605,1238.34135509756)
(-741854.214443957,-1051712.25685462,4132.89414195617)
(-708629.807875899,-1050787.96423766,21508.7986951856)
(-634679.085077574,-1057610.14335622,104848.414068522)
(-465348.116131457,-1123481.15502238,464696.43199047)
(779.19073418299,-1527055.55142373,-671167.919412757)
(-318995.730966019,-1065489.74621268,-573594.202641182)
(-407346.541216835,-788183.39621953,-786043.707293343)
(-292572.197357539,-436122.345095833,-1010373.23313326)
(0,0,0)
(0,0,0)
(0,0,0)
(0,0,0)
(0,0,0)
(0,0,0)
(-470309.273107596,-1393439.32177875,783.304554983737)
(-467690.090825446,-1394239.45086733,1971.76307610739)
(-460740.106145358,-1396184.5336461,5080.13706954122)
(-445311.699747618,-1401291.72492448,14735.8823505019)
(-413824.14237562,-1416058.44916583,39014.2323523052)
(-354501.562461634,-1455080.78021645,61088.5532799873)
(-263191.70264774,-1516107.05500337,-209789.480997251)
(-300142.4087264,-1306122.07455748,-296547.075120004)
(-295634.702689546,-1009300.23174383,-434296.896564546)
(-197395.779761903,-574739.028417376,-574527.429851235)
(0,0,0)
(0,0,0)
(0,0,0)
(0,0,0)
(0,0,0)
(0,0,0)
(0,0,0)
(0,0,0)
(0,0,0)
(0,0,0)
(0,0,0)
(0,0,0)
(0,0,0)
(0,0,0)
(0,0,0)
(0,0,0)
(0,0,0)
(0,0,0)
(0,0,0)
(0,0,0)
(0,0,0)
(0,0,0)
(0,0,0)
(0,0,0)
(0,0,0)
(0,0,0)
(0,0,0)
(0,0,0)
(0,0,0)
(0,0,0)
(0,0,0)
(0,0,0)
(0,0,0)
(0,0,0)
(0,0,0)
(0,0,0)
(0,0,0)
(0,0,0)
(0,0,0)
(0,0,0)
(0,0,0)
(0,0,0)
(0,0,0)
(0,0,0)
(0,0,0)
(0,0,0)
(0,0,0)
(0,0,0)
(0,0,0)
(0,0,0)
(0,0,0)
(0,0,0)
(0,0,0)
(0,0,0)
(0,0,0)
(0,0,0)
(0,0,0)
(0,0,0)
(0,0,0)
(0,0,0)
(0,0,0)
(0,0,0)
(0,0,0)
(0,0,0)
(0,0,0)
(0,0,0)
(0,0,0)
(0,0,0)
(0,0,0)
(0,0,0)
(0,0,0)
(0,0,0)
(0,0,0)
(0,0,0)
(0,0,0)
(0,0,0)
(0,0,0)
(0,0,0)
(0,0,0)
(0,0,0)
(0,0,0)
(0,0,0)
(0,0,0)
(0,0,0)
(0,0,0)
(0,0,0)
(0,0,0)
(0,0,0)
(0,0,0)
(0,0,0)
(0,0,0)
(0,0,0)
(0,0,0)
(0,0,0)
(0,0,0)
(0,0,0)
(0,0,0)
(0,0,0)
(0,0,0)
(0,0,0)
(0,0,0)
(0,0,0)
(-708141.131786967,6524.2654014986,4585.48607479949)
(-710935.341163948,6473.16745716717,5393.78072478018)
(-715443.099459599,6724.14343142589,-2427.58848668219)
(-719613.991963586,8325.38661597271,-26108.4208743871)
(-719843.233495934,13405.4921991925,-76885.5476742192)
(-710806.622595163,25003.9472000481,-170964.837065484)
(-685448.409358428,43783.7653566934,-325912.213662695)
(-630981.409791436,55318.925059103,-539498.688363926)
(-509588.051835583,44435.6752131122,-770596.17250298)
(-294113.797469957,22837.8172631418,-936249.515436279)
(0,0,0)
(0,0,0)
(0,0,0)
(0,0,0)
(0,0,0)
(0,0,0)
(-713432.286808782,8333.22176543721,4534.55269574922)
(-715102.327051094,8306.2895910747,5707.5211605784)
(-716991.283504985,9040.79816806673,-722.924567926819)
(-716027.671027757,12904.1817694084,-20980.6802719159)
(-707085.348652619,25452.0851089221,-65277.1516942873)
(-684011.860318074,57972.3360201016,-152171.510821745)
(-645591.610045593,124747.280447689,-314446.923534764)
(-608024.499326955,176611.724414054,-550468.383094432)
(-498979.806166674,129919.866679728,-792291.642952944)
(-289890.321336962,60523.1938870004,-959173.963749426)
(0,0,0)
(0,0,0)
(0,0,0)
(0,0,0)
(0,0,0)
(0,0,0)
(-723575.195563416,-455.687432302459,4544.18818706513)
(-723210.809925752,-361.870819240456,6562.01792308059)
(-720097.449012323,1000.12085168324,3266.76907731444)
(-708617.313958068,7094.60532825287,-8398.64220729908)
(-678408.582284922,27431.7495072172,-32688.7263285729)
(-614165.213749824,90448.2156071856,-85357.4321897851)
(-512807.446174167,293995.898163332,-262730.8746897)
(-572755.038742066,556959.204659988,-597363.949291123)
(-492203.336691117,336255.888955012,-861925.07255857)
(-287218.788670945,128012.963895781,-1019950.97677196)
(0,0,0)
(0,0,0)
(0,0,0)
(0,0,0)
(0,0,0)
(0,0,0)
(-737392.600727095,-27922.503417092,4710.42584777295)
(-734491.819706318,-27640.1038865754,8047.08165075396)
(-724909.387772728,-25934.0164219338,9489.42731708572)
(-698856.085131863,-20077.6033068012,11962.5407757819)
(-634075.573618778,-5733.28513180398,30409.5867401342)
(-473071.520980442,16620.6077291268,118277.169639513)
(-1.38293718003707e-05,2.34225392511112e-06,-8.1546848863623e-06)
(-663598.515083372,555.604322370668,-818364.502417155)
(-567758.752584654,819427.313840554,-1070434.23850612)
(-306816.272621233,204963.090553179,-1148185.1748766)
(0,0,0)
(0,0,0)
(0,0,0)
(0,0,0)
(0,0,0)
(0,0,0)
(-751478.399731059,-84874.2233394429,5075.92573112785)
(-746363.747662156,-84308.592815622,9903.21706458921)
(-731157.255366816,-82008.260439367,15538.2523684134)
(-692988.581963737,-75238.8291891029,26470.5132285563)
(-603379.856620952,-59598.4365871012,52945.1928696754)
(-403313.128906276,-31857.658668863,101925.408554028)
(4.40915789497352e-06,3.18199418028179e-07,8.37859950251261e-07)
(-3.54144037601164e-05,3.74228756392172e-06,-1.76334887102934e-05)
(-1035152.37646491,179.306399950214,-1685214.45420387)
(-384149.460967485,31205.7087620181,-1353383.28818743)
(0,0,0)
(0,0,0)
(0,0,0)
(0,0,0)
(0,0,0)
(0,0,0)
(-758141.693638603,-184037.14744543,5679.57156515324)
(-751825.469494458,-183305.609362356,12318.2929380628)
(-733824.019149808,-180483.158810494,22510.0933888337)
(-690570.750544604,-172012.823470217,42343.4132659125)
(-592966.807778347,-149917.582292349,80882.1632762911)
(-385627.050669305,-98522.4981933081,133964.249438284)
(5.11974221156077e-07,-1.16201300053904e-07,1.86821694053314e-12)
(-2.49925829734018e-05,4.38499307473329e-06,-1.02285319548497e-05)
(-980649.926222919,406.528826873075,-1654424.96197856)
(-387240.46535729,-62898.1466379245,-1384821.00234571)
(0,0,0)
(0,0,0)
(0,0,0)
(0,0,0)
(0,0,0)
(0,0,0)
(-742735.109526905,-336047.025891473,6412.87234368939)
(-736485.767553668,-335686.818800334,15168.6017688894)
(-719245.533546299,-333748.757778505,31100.4526634957)
(-679093.185569727,-326409.976108901,64634.45896017)
(-589937.634460562,-302014.078268736,132485.686602107)
(-396204.942264575,-223683.423210063,232732.488733859)
(-2.86850942770609e-06,-1.48243105035724e-06,-2.06136569049707e-12)
(-3.40708135866739e-05,-5.60067708205067e-06,-1.65450382875197e-05)
(-1075416.38155635,-980774.272152228,-1718022.73938529)
(-386480.603099429,-297275.495275396,-1322241.0678687)
(0,0,0)
(0,0,0)
(0,0,0)
(0,0,0)
(0,0,0)
(0,0,0)
(-681562.033634269,-539235.531613947,6763.21387686496)
(-676611.665826456,-540072.995955275,17105.7292175334)
(-663555.402963471,-541592.808637623,38482.9601217448)
(-635199.694500313,-542743.892581917,89213.9841432236)
(-577179.464202908,-536650.018022613,211078.035550949)
(-448444.891600584,-473727.644073454,456737.195181366)
(-4.63326507279697e-05,-2.3692269978596e-05,-7.15797916015923e-06)
(-791772.40230335,-990622.708595866,-981160.078807594)
(-567049.891785153,-671302.649735521,-1034856.24001721)
(-286857.214164898,-307624.886789422,-1025301.71931494)
(0,0,0)
(0,0,0)
(0,0,0)
(0,0,0)
(0,0,0)
(0,0,0)
(-545074.618359915,-761407.271765866,5902.60240925611)
(-541991.630264238,-763922.247242159,15601.7644366189)
(-534575.781666713,-770643.896594382,37374.4196161318)
(-521909.778081578,-787581.000158939,95491.497398827)
(-513155.91616352,-836928.070997603,274246.381459764)
(-582797.726378496,-1012887.39140425,930855.739037598)
(-1206041.86831056,-1791377.39825375,-991078.970870942)
(-591609.603160366,-1046887.96372633,-662199.843546121)
(-392704.783000181,-676630.202112068,-671514.049386239)
(-212693.880111813,-341023.033533835,-717994.219887545)
(0,0,0)
(0,0,0)
(0,0,0)
(0,0,0)
(0,0,0)
(0,0,0)
(-312087.590007069,-923052.35623436,3423.40136796723)
(-310657.063845955,-926496.62891287,8964.75605919)
(-307432.547306957,-935501.303870627,20514.6044970319)
(-302546.007472367,-956095.561897896,46263.4739607427)
(-300447.235152296,-1002428.34479332,98386.8405331249)
(-320545.996280129,-1100860.59561533,152404.478562704)
(-402119.570996308,-1253241.82003992,-246803.231302553)
(-295391.111349956,-1006240.14702091,-292202.345384419)
(-214496.452762726,-713789.697559313,-336181.099863994)
(-119963.181232146,-377405.777909291,-377230.954018294)
(0,0,0)
(0,0,0)
(0,0,0)
(0,0,0)
(0,0,0)
(0,0,0)
(0,0,0)
(0,0,0)
(0,0,0)
(0,0,0)
(0,0,0)
(0,0,0)
(0,0,0)
(0,0,0)
(0,0,0)
(0,0,0)
(0,0,0)
(0,0,0)
(0,0,0)
(0,0,0)
(0,0,0)
(0,0,0)
(0,0,0)
(0,0,0)
(0,0,0)
(0,0,0)
(0,0,0)
(0,0,0)
(0,0,0)
(0,0,0)
(0,0,0)
(0,0,0)
(0,0,0)
(0,0,0)
(0,0,0)
(0,0,0)
(0,0,0)
(0,0,0)
(0,0,0)
(0,0,0)
(0,0,0)
(0,0,0)
(0,0,0)
(0,0,0)
(0,0,0)
(0,0,0)
(0,0,0)
(0,0,0)
(0,0,0)
(0,0,0)
(0,0,0)
(0,0,0)
(0,0,0)
(0,0,0)
(0,0,0)
(0,0,0)
(0,0,0)
(0,0,0)
(0,0,0)
(0,0,0)
(0,0,0)
(0,0,0)
(0,0,0)
(0,0,0)
(0,0,0)
(0,0,0)
(0,0,0)
(0,0,0)
(0,0,0)
(0,0,0)
(0,0,0)
(0,0,0)
(0,0,0)
(0,0,0)
(0,0,0)
(0,0,0)
(0,0,0)
(0,0,0)
(0,0,0)
(0,0,0)
(0,0,0)
(0,0,0)
(0,0,0)
(0,0,0)
(0,0,0)
(0,0,0)
(0,0,0)
(0,0,0)
(0,0,0)
(0,0,0)
(0,0,0)
(0,0,0)
(0,0,0)
(0,0,0)
(0,0,0)
(0,0,0)
(0,0,0)
(0,0,0)
(0,0,0)
(0,0,0)
(0,0,0)
(0,0,0)
(-711232.891711543,1252.75790995829,1839.00201462155)
(-712189.50181261,2262.29320854834,830.869454736089)
(-713084.446632307,5131.74281773915,-6659.52619030036)
(-711762.180713589,11897.0979187347,-26408.4353590334)
(-704392.921923434,26178.4693200062,-68037.2162515382)
(-684870.809991507,51856.6203544107,-145829.649209609)
(-643309.365543962,83690.1613376166,-271658.854361691)
(-562557.908194741,78296.0432094335,-418378.399167819)
(-427528.795104834,55051.8150483489,-555489.47094692)
(-234132.738698911,27089.6270805773,-642560.156798537)
(0,0,0)
(0,0,0)
(0,0,0)
(0,0,0)
(0,0,0)
(0,0,0)
(-713211.736350514,-1852.96919963977,2885.17665132861)
(-713866.022806261,130.013272175591,3781.15234286984)
(-714194.597040396,5911.38273975036,204.8259562724)
(-712200.519080449,20351.4402510193,-12076.6683233194)
(-704867.263505835,54224.7730796514,-42341.0572297471)
(-688543.312066431,128001.698586059,-113954.683713039)
(-656493.644703803,257731.755997426,-277094.24371464)
(-577158.050909507,212027.556580527,-441692.205503179)
(-438830.712914666,136753.666103985,-583543.149810823)
(-239823.891986588,63194.1634490893,-669714.115529709)
(0,0,0)
(0,0,0)
(0,0,0)
(0,0,0)
(0,0,0)
(0,0,0)
(-716037.723052407,-14303.5847482878,4913.14303763995)
(-716159.610569654,-11674.1725460866,9666.12949980264)
(-715470.586317298,-3806.01825366972,14756.6677982021)
(-712257.066894404,16911.6171059379,21836.2438796202)
(-705696.032158449,71867.767320438,31480.6995123597)
(-702202.704314579,231704.491771293,15815.3968918794)
(-723355.644286968,806981.251721556,-322885.900719444)
(-632787.650230424,466274.559711876,-517100.292362433)
(-476025.758331113,260775.473173593,-657299.677792042)
(-256598.411240989,108422.711944126,-733148.60371703)
(0,0,0)
(0,0,0)
(0,0,0)
(0,0,0)
(0,0,0)
(0,0,0)
(-717252.238232339,-42038.1792584964,7594.23201545536)
(-716715.391299928,-39478.3888625266,17622.0199255091)
(-714595.063689808,-32077.1117945621,35578.7893834851)
(-709125.83287668,-14056.8848914295,76817.0391256661)
(-701893.053388246,25129.7174889,191372.568726669)
(-727754.588551833,86593.9681136231,591166.15995573)
(-1072790.26499052,549.69572085881,-663700.039609711)
(-802620.272138948,664388.041258156,-722791.764100426)
(-572035.442048045,352115.524480262,-809855.125943698)
(-294139.549707786,127644.653418989,-841753.79033201)
(0,0,0)
(0,0,0)
(0,0,0)
(0,0,0)
(0,0,0)
(0,0,0)
(-712187.671652136,-91533.3709150075,10204.4635775902)
(-711086.890953057,-89686.1072565787,25135.3252625404)
(-707363.28911664,-84508.6487712503,53772.8959890501)
(-696789.090865187,-72624.3897650693,116140.909764138)
(-666086.330397266,-49009.3774065682,252986.47843592)
(-554972.653237594,-14022.4567989971,505262.427679854)
(-2.65168009381964e-05,1.26222377565611e-05,2.18359469117893e-05)
(-1061466.20072528,141.723561204258,-1035282.74584077)
(-738541.998362867,54770.8041836125,-1034548.40364616)
(-349610.229521426,28142.7873967596,-969585.769069991)
(0,0,0)
(0,0,0)
(0,0,0)
(0,0,0)
(0,0,0)
(0,0,0)
(-693255.604511939,-168469.496770609,12050.03672894)
(-692036.75366382,-167790.051366633,30365.2650083557)
(-688088.276889876,-165700.461651143,65821.3356283176)
(-676968.985434364,-160351.190781782,139946.371534789)
(-643435.693459049,-146749.218240946,288155.098049868)
(-522058.799358252,-108954.895077675,519519.28501749)
(-1.93725010836579e-05,1.93599119640355e-05,1.58353759339581e-05)
(-998252.562052894,396.922884148629,-980817.486707318)
(-751110.604467902,-94224.3615660989,-1061361.64271263)
(-360437.259122733,-62104.8579872911,-997917.203563135)
(0,0,0)
(0,0,0)
(0,0,0)
(0,0,0)
(0,0,0)
(0,0,0)
(-649170.362738529,-274748.039981091,12713.7964221055)
(-648345.990583832,-275666.590979136,32450.5590647706)
(-645889.560678101,-277890.507729447,71284.6322748776)
(-639532.091322202,-282387.692988223,153760.040233791)
(-619935.069373829,-289175.727872338,326183.984778448)
(-532027.663432688,-275835.08608699,628886.896955885)
(-2.62478602807837e-05,2.57915765421716e-05,2.01625649781308e-05)
(-1100248.59055649,-791642.331963209,-1075669.6788302)
(-743506.190760111,-472377.647830818,-1029426.58336172)
(-344305.54537675,-197655.205850746,-936051.293220949)
(0,0,0)
(0,0,0)
(0,0,0)
(0,0,0)
(0,0,0)
(0,0,0)
(-565414.578355008,-402670.544322977,11775.0490626211)
(-565329.922049483,-405396.112387856,30222.8266943707)
(-565515.590542497,-412562.751576963,66855.2581209095)
(-568461.82195651,-429459.814178278,147189.506767162)
(-586318.491601794,-472656.706442282,339809.512735997)
(-681541.875195568,-608063.985609713,905135.395853709)
(-1231576.36717665,-1205810.98151903,-791903.798222621)
(-828204.347080066,-790470.836053573,-756643.349355532)
(-544151.629616884,-497002.802618537,-754916.456736072)
(-267260.111000639,-233492.548269159,-738676.217481928)
(0,0,0)
(0,0,0)
(0,0,0)
(0,0,0)
(0,0,0)
(0,0,0)
(-428455.666080599,-528319.360362048,9029.86375975559)
(-428876.112739717,-532549.142186475,23067.376033856)
(-430566.881076164,-543523.840246705,50019.5641130536)
(-437259.276739165,-568288.114751245,104197.363343612)
(-461949.662648045,-624288.349446815,204622.75283267)
(-543080.94843213,-750717.798759763,307559.78803635)
(-739980.450170172,-987527.159250354,-376785.452372704)
(-544639.051052428,-750747.419149765,-463479.421384458)
(-363022.450935023,-498481.698170028,-491682.857898123)
(-184063.284536998,-248329.443478567,-505476.558263525)
(0,0,0)
(0,0,0)
(0,0,0)
(0,0,0)
(0,0,0)
(0,0,0)
(-234325.014171755,-610933.561890257,4851.62569289854)
(-234697.695912271,-615850.823999626,12193.9395723637)
(-235978.020788808,-628150.518372976,25366.0911804836)
(-240164.656411716,-653635.970707342,48332.5960759315)
(-252651.899785611,-702055.880117364,78304.7913797977)
(-283341.246279982,-780420.191005186,70802.433625074)
(-327451.233628253,-851228.923001892,-140164.139991451)
(-263954.187283591,-710913.11405777,-211435.369149811)
(-183369.929293056,-499309.191843438,-241734.398946073)
(-95216.0693687937,-257457.42439968,-257353.529888313)
(0,0,0)
(0,0,0)
(0,0,0)
(0,0,0)
(0,0,0)
(0,0,0)
(0,0,0)
(0,0,0)
(0,0,0)
(0,0,0)
(0,0,0)
(0,0,0)
(0,0,0)
(0,0,0)
(0,0,0)
(0,0,0)
(0,0,0)
(0,0,0)
(0,0,0)
(0,0,0)
(0,0,0)
(0,0,0)
(0,0,0)
(0,0,0)
(0,0,0)
(0,0,0)
(0,0,0)
(0,0,0)
(0,0,0)
(0,0,0)
(0,0,0)
(0,0,0)
(0,0,0)
(0,0,0)
(0,0,0)
(0,0,0)
(0,0,0)
(0,0,0)
(0,0,0)
(0,0,0)
(0,0,0)
(0,0,0)
(0,0,0)
(0,0,0)
(0,0,0)
(0,0,0)
(0,0,0)
(0,0,0)
(0,0,0)
(0,0,0)
(0,0,0)
(0,0,0)
(0,0,0)
(0,0,0)
(0,0,0)
(0,0,0)
(0,0,0)
(0,0,0)
(0,0,0)
(0,0,0)
(0,0,0)
(0,0,0)
(0,0,0)
(0,0,0)
(0,0,0)
(0,0,0)
(0,0,0)
(0,0,0)
(0,0,0)
(0,0,0)
(0,0,0)
(0,0,0)
(0,0,0)
(0,0,0)
(0,0,0)
(0,0,0)
(0,0,0)
(0,0,0)
(0,0,0)
(0,0,0)
(0,0,0)
(0,0,0)
(0,0,0)
(0,0,0)
(0,0,0)
(0,0,0)
(0,0,0)
(0,0,0)
(0,0,0)
(0,0,0)
(0,0,0)
(0,0,0)
(0,0,0)
(0,0,0)
(0,0,0)
(0,0,0)
(0,0,0)
(0,0,0)
(0,0,0)
(0,0,0)
(0,0,0)
(0,0,0)
(-711401.509033657,-712.073644812267,880.690966921888)
(-711827.780976029,571.262124374949,-52.2919940326518)
(-711919.598678173,4003.57157213629,-5220.71152029792)
(-709530.402228539,11444.174040221,-18896.6640455727)
(-700448.270713815,25672.8453423752,-48514.1605975695)
(-677175.187510572,48169.7965484399,-104379.579626941)
(-627117.282859755,70521.8307634002,-191093.493074549)
(-533748.66649039,63721.9320020119,-283624.666780906)
(-392593.994179935,43792.2333353081,-362351.701041118)
(-209185.891291766,21436.7301119426,-408735.278560204)
(0,0,0)
(0,0,0)
(0,0,0)
(0,0,0)
(0,0,0)
(0,0,0)
(-711438.620186285,-4697.78840364433,2212.59859460431)
(-712314.310236521,-2209.22542870098,3441.37357793734)
(-713651.167103628,4623.08198725484,2278.43322604893)
(-714176.705011091,20321.8646987177,-4623.0715018034)
(-711235.557500809,53434.487758201,-26016.4199226568)
(-698801.646196303,114442.567225897,-82030.8564702425)
(-661085.912408666,191025.603515753,-197942.36151773)
(-564285.004679753,156526.934343025,-303620.410088497)
(-413496.251936604,99649.4802216584,-384812.117952911)
(-219375.455188379,46440.0835698754,-430263.908209055)
(0,0,0)
(0,0,0)
(0,0,0)
(0,0,0)
(0,0,0)
(0,0,0)
(-709976.450280226,-15509.121126903,4750.05995107624)
(-711726.68648955,-12243.6755673392,10351.5860096108)
(-715627.584484889,-2929.04774865703,18060.7139131133)
(-722490.110343688,20082.918878123,28532.7031829882)
(-734416.431851416,75706.5729597649,34981.0176743906)
(-753525.752216121,206221.86241436,-5475.22961253127)
(-762994.322423903,457694.061062731,-232505.009022572)
(-644753.035921091,296578.410027639,-360591.099016525)
(-463626.711296949,164862.569043478,-438203.234872505)
(-242365.039752098,70932.4808590445,-476929.003650563)
(0,0,0)
(0,0,0)
(0,0,0)
(0,0,0)
(0,0,0)
(0,0,0)
(-703901.297628362,-36941.9829386023,8081.92120772385)
(-706817.033834982,-33792.9906580942,19732.8788335325)
(-714187.881294193,-24758.4842731836,41155.1329624417)
(-730487.622097096,-1608.58916499699,84208.4302259835)
(-768523.384507371,61016.9667939315,165528.367510942)
(-861496.864350075,259466.747751499,246025.757972046)
(-1048933.95170687,1073524.97278942,-393661.467038288)
(-813007.480262888,405691.983466971,-492387.832353673)
(-553012.376459197,185707.814794936,-532256.143693979)
(-279745.85004923,72244.04507781,-547961.407571301)
(0,0,0)
(0,0,0)
(0,0,0)
(0,0,0)
(0,0,0)
(0,0,0)
(-687912.047469156,-72481.5283222254,11263.9212006418)
(-691962.837354463,-70480.4188067248,28827.2957506799)
(-702686.575849385,-65036.1668803374,64428.2650905817)
(-728354.800136818,-52577.577475068,146962.962672283)
(-796060.720776772,-26153.910988101,364108.230833826)
(-1010649.30278474,19085.3674404653,1060166.26069201)
(-1865070.85571602,213.181418500114,-1061529.44757508)
(-1068368.17920542,63538.4301716414,-712473.915799607)
(-661762.097338475,42313.3079314407,-645859.309960505)
(-320330.098491419,17380.7568311219,-620276.152743828)
(0,0,0)
(0,0,0)
(0,0,0)
(0,0,0)
(0,0,0)
(0,0,0)
(-654838.914364735,-124162.959778401,13264.7413089736)
(-659680.611748773,-123864.398229389,34292.5788165925)
(-672576.365851219,-123250.175801367,76994.6766989627)
(-703410.079443812,-122661.918941532,173520.112174873)
(-782545.005176182,-123000.229954087,409475.742857988)
(-1016298.15690084,-118579.693462084,1041380.16130312)
(-1826639.35872912,731.253145231898,-998229.145757672)
(-1097861.34778538,-101279.853867722,-733802.075985817)
(-685165.428339787,-86479.3244377296,-670954.619744758)
(-330338.744357337,-45904.651898028,-637767.725781)
(0,0,0)
(0,0,0)
(0,0,0)
(0,0,0)
(0,0,0)
(0,0,0)
(-596018.331869644,-190851.565109412,13536.5744621255)
(-601084.530665544,-192475.12912759,34885.8454420395)
(-614596.089185367,-197321.486642311,77663.6847902496)
(-646713.154433601,-211146.106983822,173328.935943941)
(-728277.7945529,-255371.540446409,414042.971615335)
(-972339.152593089,-425068.833532135,1160843.60084579)
(-1900449.32949938,-1231073.01586361,-1100259.14223752)
(-1063322.16023144,-519402.08269303,-719063.343737265)
(-645591.569401277,-272967.800894327,-630489.488639496)
(-308121.684810425,-120581.253063292,-591996.748040557)
(0,0,0)
(0,0,0)
(0,0,0)
(0,0,0)
(0,0,0)
(0,0,0)
(-502470.591051355,-265672.348150139,11876.795737074)
(-507110.160694445,-268865.189242567,30047.0944970111)
(-519207.816886403,-277526.434321817,63944.2685204237)
(-546696.763183054,-298244.639986584,129277.74274973)
(-608682.100553712,-348260.291334018,244530.102589255)
(-747615.027464788,-469486.013109191,355020.434435529)
(-1005016.80079842,-714005.939073018,-388606.208733295)
(-756665.25422606,-506836.353619713,-472711.030660624)
(-495751.738201744,-315867.743625069,-478210.979345031)
(-244180.199234236,-150284.571221804,-471587.572952911)
(0,0,0)
(0,0,0)
(0,0,0)
(0,0,0)
(0,0,0)
(0,0,0)
(-368528.743986703,-334239.225404003,8639.95515997039)
(-372078.16029274,-338424.336952031,21401.1504224574)
(-381023.825373022,-348995.607029792,43327.2674272889)
(-400293.417397035,-371290.777772389,79407.5458709625)
(-439191.762625057,-415039.557340241,123428.911854197)
(-508729.871316725,-490992.4541374,110584.275767002)
(-586907.425830997,-574966.497790199,-181528.189854995)
(-480999.051908769,-470067.249511252,-281937.293107112)
(-329180.16515752,-318842.220867548,-312805.101642131)
(-166166.913826754,-159483.471591906,-321502.571982275)
(0,0,0)
(0,0,0)
(0,0,0)
(0,0,0)
(0,0,0)
(0,0,0)
(-196370.983017467,-376688.336770312,4495.08021202072)
(-198270.794352446,-381271.13485803,10914.9765581926)
(-202920.358649308,-392295.072623157,21156.7800120594)
(-212467.447122941,-413591.846618653,35760.6395695467)
(-230033.648844873,-449449.024179704,47551.8554682687)
(-256351.910440449,-497074.926455384,26644.9919467168)
(-275313.758954673,-523736.564051274,-76722.4164657879)
(-232927.883793974,-446929.841952687,-130886.12751397)
(-163590.8833418,-315923.73780553,-153583.656527243)
(-83888.8638938427,-162238.631947682,-162155.701646417)
(0,0,0)
(0,0,0)
(0,0,0)
(0,0,0)
(0,0,0)
(0,0,0)
(0,0,0)
(0,0,0)
(0,0,0)
(0,0,0)
(0,0,0)
(0,0,0)
(0,0,0)
(0,0,0)
(0,0,0)
(0,0,0)
(0,0,0)
(0,0,0)
(0,0,0)
(0,0,0)
(0,0,0)
(0,0,0)
(0,0,0)
(0,0,0)
(0,0,0)
(0,0,0)
(0,0,0)
(0,0,0)
(0,0,0)
(0,0,0)
(0,0,0)
(0,0,0)
(0,0,0)
(0,0,0)
(0,0,0)
(0,0,0)
(0,0,0)
(0,0,0)
(0,0,0)
(0,0,0)
(0,0,0)
(0,0,0)
(0,0,0)
(0,0,0)
(0,0,0)
(0,0,0)
(0,0,0)
(0,0,0)
(0,0,0)
(0,0,0)
(0,0,0)
(0,0,0)
(0,0,0)
(0,0,0)
(0,0,0)
(0,0,0)
(0,0,0)
(0,0,0)
(0,0,0)
(0,0,0)
(0,0,0)
(0,0,0)
(0,0,0)
(0,0,0)
(0,0,0)
(0,0,0)
(0,0,0)
(0,0,0)
(0,0,0)
(0,0,0)
(0,0,0)
(0,0,0)
(0,0,0)
(0,0,0)
(0,0,0)
(0,0,0)
(0,0,0)
(0,0,0)
(0,0,0)
(0,0,0)
(0,0,0)
(0,0,0)
(0,0,0)
(0,0,0)
(0,0,0)
(0,0,0)
(0,0,0)
(0,0,0)
(0,0,0)
(0,0,0)
(0,0,0)
(0,0,0)
(0,0,0)
(0,0,0)
(0,0,0)
(0,0,0)
(0,0,0)
(0,0,0)
(0,0,0)
(0,0,0)
(0,0,0)
(0,0,0)
(-711022.109921244,-803.792459144071,424.393346730856)
(-711423.873070276,31.7530930049664,-11.2676520254532)
(-711574.984929583,2239.27937641554,-2595.16077702962)
(-709253.967458064,6778.08782905773,-9649.68337656132)
(-699761.930295451,14878.7645398569,-25214.7883347779)
(-674587.159562033,26562.0715769559,-54364.887860273)
(-620199.052785388,36584.5543375747,-97867.6722722181)
(-522158.162013363,33235.3860709697,-142693.562820215)
(-379189.06623777,22980.2081295365,-179078.698891914)
(-199896.352283975,11312.9011476658,-199681.139047374)
(0,0,0)
(0,0,0)
(0,0,0)
(0,0,0)
(0,0,0)
(0,0,0)
(-710223.993741128,-3306.98653559504,1288.56763129447)
(-711480.145158707,-1707.80047898202,2193.95612546841)
(-713786.143755033,2620.02280302086,1948.18935027074)
(-715957.448706578,12032.7233672368,-1525.70249242533)
(-714624.989979866,30292.2456787825,-13549.7511522908)
(-701200.881790992,59806.1311824317,-44394.5751630754)
(-656848.709393547,89238.8086767927,-101286.032517412)
(-555478.137477777,76155.8701028979,-153013.383751316)
(-402299.275191498,49609.5346070254,-190839.686973907)
(-211297.224102098,23478.3191455266,-211083.336058046)
(0,0,0)
(0,0,0)
(0,0,0)
(0,0,0)
(0,0,0)
(0,0,0)
(-706835.807666345,-9372.73056117521,2925.10141169931)
(-709745.581873808,-7291.85206551585,6528.04838249332)
(-716402.332324587,-1450.5298118091,11373.348837021)
(-727986.400391972,12144.6823163643,16757.6799361811)
(-744957.852398436,41645.443756381,15945.9024056054)
(-761098.934577016,98312.4797530215,-14987.2638040894)
(-746220.470991846,171863.136838987,-114385.443398342)
(-631802.083392823,128430.811867492,-179611.337691204)
(-452090.349451775,75574.2086948721,-217112.373624229)
(-234872.601389733,33608.2308774839,-234734.72371855)
(0,0,0)
(0,0,0)
(0,0,0)
(0,0,0)
(0,0,0)
(0,0,0)
(-697472.915289027,-20888.3606214461,5087.24772093501)
(-702529.960140997,-18895.4201639076,12403.7421253392)
(-714996.184843086,-13238.3054267943,24999.8212892187)
(-740182.477289131,537.997996783381,46301.3608008324)
(-786687.946443654,33480.1172361648,72631.2492573351)
(-859489.977375636,110354.783323093,58582.0587128248)
(-918166.513359007,257481.21110562,-157803.453901671)
(-760371.079143142,150470.436504445,-232479.479658371)
(-527845.083916359,77076.3873652838,-259148.950871626)
(-268607.605871874,31730.0847272052,-268409.048898701)
(0,0,0)
(0,0,0)
(0,0,0)
(0,0,0)
(0,0,0)
(0,0,0)
(-676605.834714946,-39327.8128241039,7133.23944844794)
(-683692.666625607,-38132.0782333778,18099.7267890616)
(-701798.586283154,-34864.920162763,38838.3519588002)
(-740755.088954438,-27553.4903541012,79330.1291273036)
(-820252.626050885,-12565.6809938213,149567.8326314)
(-969967.055077406,13511.9851294052,205728.383117757)
(-1175769.28985946,38749.142286218,-264841.113919415)
(-911014.850516637,34194.2612845361,-305918.267388276)
(-605079.772850956,19026.9552533029,-304551.159763819)
(-300419.587634392,7425.33547340236,-300156.921367039)
(0,0,0)
(0,0,0)
(0,0,0)
(0,0,0)
(0,0,0)
(0,0,0)
(-637359.854965505,-65180.7360064839,8373.86378314843)
(-645687.764863379,-65145.6291681838,21394.5678325597)
(-667080.281536182,-65170.384053481,46203.9474082399)
(-713328.498401574,-65842.1203719518,94410.9963838508)
(-807821.323183993,-68596.7038511368,175718.33724898)
(-983618.873400464,-74445.5173611327,230996.556239139)
(-1214673.03635168,-72814.8449382858,-269405.778913785)
(-945388.862507497,-66541.9545020291,-321142.048405102)
(-624238.480139502,-46784.3896730546,-316257.651679034)
(-307875.618891058,-23641.0165742039,-307654.42509771)
(0,0,0)
(0,0,0)
(0,0,0)
(0,0,0)
(0,0,0)
(0,0,0)
(-572366.954463199,-97251.3347473518,8419.22133442344)
(-580739.883590427,-98426.3221142647,21355.2672053885)
(-602108.98515075,-101868.621427266,45566.4005445546)
(-647690.479932324,-111052.508070668,91754.1137419955)
(-739434.128609976,-135652.879309244,169966.623257175)
(-909377.06996982,-200158.041605971,232717.06487874)
(-1142086.14607865,-335375.537168311,-263085.42631194)
(-879010.245409913,-212560.244383169,-301379.051252335)
(-577553.50034169,-123024.965292954,-293176.544692022)
(-284259.368527461,-56587.3487646049,-284092.528784584)
(0,0,0)
(0,0,0)
(0,0,0)
(0,0,0)
(0,0,0)
(0,0,0)
(-475173.163551971,-131779.164918361,7230.40267162466)
(-482406.608717549,-133824.175195062,17924.7037755265)
(-500317.793778524,-139301.094023284,36467.1532636672)
(-536755.497886823,-151793.245850792,67266.6257475614)
(-603948.042488444,-178666.438221109,105546.126594161)
(-709392.228093742,-230407.343138021,97572.6287551631)
(-806896.501869473,-295664.424929584,-140258.782412506)
(-666591.997130291,-231031.488239111,-211860.795652324)
(-454631.18658929,-149225.221320273,-226781.09123746)
(-227740.721048225,-72225.9632697557,-227581.954918319)
(0,0,0)
(0,0,0)
(0,0,0)
(0,0,0)
(0,0,0)
(0,0,0)
(-343252.843331773,-162200.220101455,5145.15452816201)
(-348475.703626052,-164737.722037627,12456.2447040394)
(-360934.476404368,-170986.86944896,24052.6711610618)
(-384965.662277484,-183524.224163058,40455.8943537748)
(-425367.446947394,-205861.798097824,53826.9385528264)
(-479121.73138377,-238519.171113871,32330.6265957188)
(-511356.665823458,-263230.392381799,-75654.1659596067)
(-435633.994505066,-221916.382833186,-130134.328769236)
(-305457.131406522,-153237.969165765,-149844.614674745)
(-155576.121894486,-77221.1972387448,-155440.172638026)
(0,0,0)
(0,0,0)
(0,0,0)
(0,0,0)
(0,0,0)
(0,0,0)
(-180768.092685125,-180439.823558228,2636.71312442954)
(-183466.886281971,-183168.243401565,6263.32641789222)
(-189725.363905408,-189520.207369743,11601.6695947744)
(-201327.366153781,-201225.125280865,18162.4897434217)
(-219483.067794573,-219442.470656676,21192.5812519737)
(-240646.520920196,-240671.768687414,7639.78930526607)
(-248224.104456997,-248317.235464222,-34363.0221099869)
(-213779.062542011,-213895.620563295,-61532.605631842)
(-152211.444824226,-152272.779915022,-73877.2334001585)
(-78335.5030358876,-78350.3567178613,-78301.4347789977)
(0,0,0)
(0,0,0)
(0,0,0)
(0,0,0)
(0,0,0)
(0,0,0)
(0,0,0)
(0,0,0)
(0,0,0)
(0,0,0)
(0,0,0)
(0,0,0)
(0,0,0)
(0,0,0)
(0,0,0)
(0,0,0)
(0,0,0)
(0,0,0)
(0,0,0)
(0,0,0)
(0,0,0)
(0,0,0)
(0,0,0)
(0,0,0)
(0,0,0)
(0,0,0)
(0,0,0)
(0,0,0)
(0,0,0)
(0,0,0)
(0,0,0)
(0,0,0)
(0,0,0)
(0,0,0)
(0,0,0)
(0,0,0)
(0,0,0)
(0,0,0)
(0,0,0)
(0,0,0)
(0,0,0)
(0,0,0)
(0,0,0)
(0,0,0)
(0,0,0)
(0,0,0)
(0,0,0)
(0,0,0)
(0,0,0)
(0,0,0)
(0,0,0)
(0,0,0)
(0,0,0)
(0,0,0)
(0,0,0)
(0,0,0)
(0,0,0)
(0,0,0)
(0,0,0)
(0,0,0)
(0,0,0)
(0,0,0)
(0,0,0)
(0,0,0)
(0,0,0)
(0,0,0)
(0,0,0)
(0,0,0)
(0,0,0)
(0,0,0)
(0,0,0)
(0,0,0)
(0,0,0)
(0,0,0)
(0,0,0)
(0,0,0)
(0,0,0)
(0,0,0)
(0,0,0)
(0,0,0)
(0,0,0)
(0,0,0)
(0,0,0)
(0,0,0)
(0,0,0)
(0,0,0)
(0,0,0)
(0,0,0)
(0,0,0)
(0,0,0)
(0,0,0)
(0,0,0)
(0,0,0)
(0,0,0)
(0,0,0)
(0,0,0)
(0,0,0)
(0,0,0)
(0,0,0)
(0,0,0)
(0,0,0)
(0,0,0)
(0,0,0)
(0,0,0)
(0,0,0)
(0,0,0)
(0,0,0)
(0,0,0)
(0,0,0)
(0,0,0)
(0,0,0)
(0,0,0)
(0,0,0)
(0,0,0)
(0,0,0)
(0,0,0)
(0,0,0)
(0,0,0)
(0,0,0)
(0,0,0)
(0,0,0)
(0,0,0)
(0,0,0)
(0,0,0)
(0,0,0)
(0,0,0)
(0,0,0)
(0,0,0)
(0,0,0)
(0,0,0)
(0,0,0)
(0,0,0)
(0,0,0)
(0,0,0)
(0,0,0)
(0,0,0)
(0,0,0)
(0,0,0)
(0,0,0)
(0,0,0)
(0,0,0)
(0,0,0)
(0,0,0)
(0,0,0)
(0,0,0)
(0,0,0)
(0,0,0)
(0,0,0)
(0,0,0)
(0,0,0)
(0,0,0)
(0,0,0)
(0,0,0)
(0,0,0)
(0,0,0)
(0,0,0)
(0,0,0)
(0,0,0)
(0,0,0)
(0,0,0)
(0,0,0)
(0,0,0)
(0,0,0)
(0,0,0)
(0,0,0)
(0,0,0)
(0,0,0)
(0,0,0)
(0,0,0)
(0,0,0)
(0,0,0)
(0,0,0)
(0,0,0)
(0,0,0)
(0,0,0)
(0,0,0)
(0,0,0)
(0,0,0)
(0,0,0)
(0,0,0)
(0,0,0)
(0,0,0)
(0,0,0)
(0,0,0)
(0,0,0)
(0,0,0)
(0,0,0)
(0,0,0)
(0,0,0)
(0,0,0)
(0,0,0)
(0,0,0)
(0,0,0)
(0,0,0)
(0,0,0)
(0,0,0)
(0,0,0)
(0,0,0)
(0,0,0)
(0,0,0)
(0,0,0)
(0,0,0)
(0,0,0)
(0,0,0)
(0,0,0)
(0,0,0)
(0,0,0)
(0,0,0)
(0,0,0)
(0,0,0)
(0,0,0)
(0,0,0)
(0,0,0)
(0,0,0)
(0,0,0)
(0,0,0)
(0,0,0)
(0,0,0)
(0,0,0)
(0,0,0)
(0,0,0)
(0,0,0)
(0,0,0)
(0,0,0)
(0,0,0)
(0,0,0)
(0,0,0)
(0,0,0)
(0,0,0)
(0,0,0)
(0,0,0)
(0,0,0)
(0,0,0)
(0,0,0)
(0,0,0)
(0,0,0)
(0,0,0)
(0,0,0)
(0,0,0)
(0,0,0)
(0,0,0)
(0,0,0)
(0,0,0)
(0,0,0)
(0,0,0)
(0,0,0)
(0,0,0)
(0,0,0)
(0,0,0)
(0,0,0)
(0,0,0)
(0,0,0)
(0,0,0)
(0,0,0)
(0,0,0)
(0,0,0)
(0,0,0)
(0,0,0)
(0,0,0)
(0,0,0)
(0,0,0)
(0,0,0)
(0,0,0)
(0,0,0)
(0,0,0)
(0,0,0)
(0,0,0)
(0,0,0)
(0,0,0)
(0,0,0)
(0,0,0)
(0,0,0)
(0,0,0)
(0,0,0)
(0,0,0)
(0,0,0)
(0,0,0)
(0,0,0)
(0,0,0)
(0,0,0)
(0,0,0)
(0,0,0)
(0,0,0)
(0,0,0)
(0,0,0)
(0,0,0)
(0,0,0)
(0,0,0)
(0,0,0)
(0,0,0)
(0,0,0)
(0,0,0)
(0,0,0)
(0,0,0)
(0,0,0)
(0,0,0)
(0,0,0)
(0,0,0)
(0,0,0)
(0,0,0)
(0,0,0)
(0,0,0)
(0,0,0)
(0,0,0)
(0,0,0)
(0,0,0)
(0,0,0)
(0,0,0)
(0,0,0)
(0,0,0)
(0,0,0)
(0,0,0)
(0,0,0)
(0,0,0)
(0,0,0)
(0,0,0)
(0,0,0)
(0,0,0)
(0,0,0)
(0,0,0)
(0,0,0)
(0,0,0)
(0,0,0)
(0,0,0)
(0,0,0)
(0,0,0)
(0,0,0)
(0,0,0)
(0,0,0)
(0,0,0)
(0,0,0)
(0,0,0)
(0,0,0)
(0,0,0)
(0,0,0)
(0,0,0)
(0,0,0)
(0,0,0)
(0,0,0)
(0,0,0)
(0,0,0)
(0,0,0)
(0,0,0)
(0,0,0)
(0,0,0)
(0,0,0)
(0,0,0)
(0,0,0)
(0,0,0)
(0,0,0)
(0,0,0)
(0,0,0)
(0,0,0)
(0,0,0)
(0,0,0)
(0,0,0)
(0,0,0)
(0,0,0)
(0,0,0)
(0,0,0)
(0,0,0)
(0,0,0)
(0,0,0)
(0,0,0)
(0,0,0)
(0,0,0)
(0,0,0)
(0,0,0)
(0,0,0)
(0,0,0)
(0,0,0)
(0,0,0)
(0,0,0)
(0,0,0)
(0,0,0)
(0,0,0)
(0,0,0)
(0,0,0)
(0,0,0)
(0,0,0)
(0,0,0)
(0,0,0)
(0,0,0)
(0,0,0)
(0,0,0)
(0,0,0)
(0,0,0)
(0,0,0)
(0,0,0)
(0,0,0)
(0,0,0)
(0,0,0)
(0,0,0)
(0,0,0)
(0,0,0)
(0,0,0)
(0,0,0)
(0,0,0)
(0,0,0)
(0,0,0)
(0,0,0)
(0,0,0)
(0,0,0)
(0,0,0)
(0,0,0)
(0,0,0)
(0,0,0)
(0,0,0)
(0,0,0)
(0,0,0)
(0,0,0)
(0,0,0)
(0,0,0)
(0,0,0)
(0,0,0)
(0,0,0)
(0,0,0)
(0,0,0)
(0,0,0)
(0,0,0)
(0,0,0)
(0,0,0)
(0,0,0)
(0,0,0)
(0,0,0)
(0,0,0)
(0,0,0)
(0,0,0)
(0,0,0)
(0,0,0)
(0,0,0)
(0,0,0)
(0,0,0)
(0,0,0)
(0,0,0)
(0,0,0)
(0,0,0)
(0,0,0)
(0,0,0)
(0,0,0)
(0,0,0)
(0,0,0)
(0,0,0)
(0,0,0)
(0,0,0)
(0,0,0)
(0,0,0)
(0,0,0)
(0,0,0)
(0,0,0)
(0,0,0)
(0,0,0)
(0,0,0)
(0,0,0)
(0,0,0)
(0,0,0)
(0,0,0)
(0,0,0)
(0,0,0)
(0,0,0)
(0,0,0)
(0,0,0)
(0,0,0)
(0,0,0)
(0,0,0)
(0,0,0)
(0,0,0)
(0,0,0)
(0,0,0)
(0,0,0)
(0,0,0)
(0,0,0)
(0,0,0)
(0,0,0)
(0,0,0)
(0,0,0)
(0,0,0)
(0,0,0)
(0,0,0)
(0,0,0)
(0,0,0)
(0,0,0)
(0,0,0)
(0,0,0)
(0,0,0)
(0,0,0)
(0,0,0)
(0,0,0)
(0,0,0)
(0,0,0)
(0,0,0)
(0,0,0)
(0,0,0)
(0,0,0)
(0,0,0)
(0,0,0)
(0,0,0)
(0,0,0)
(0,0,0)
(0,0,0)
(0,0,0)
(0,0,0)
(0,0,0)
(0,0,0)
(0,0,0)
(0,0,0)
(0,0,0)
(0,0,0)
(0,0,0)
(0,0,0)
(0,0,0)
(0,0,0)
(0,0,0)
(0,0,0)
(0,0,0)
(0,0,0)
(0,0,0)
(0,0,0)
(0,0,0)
(0,0,0)
(0,0,0)
(0,0,0)
(0,0,0)
(0,0,0)
(0,0,0)
(0,0,0)
(0,0,0)
(0,0,0)
(0,0,0)
(0,0,0)
(0,0,0)
(0,0,0)
(0,0,0)
(0,0,0)
(0,0,0)
(0,0,0)
(0,0,0)
(0,0,0)
(0,0,0)
(0,0,0)
(0,0,0)
(0,0,0)
(0,0,0)
(0,0,0)
(0,0,0)
(0,0,0)
(0,0,0)
(0,0,0)
(0,0,0)
(0,0,0)
(0,0,0)
(0,0,0)
(0,0,0)
(0,0,0)
(0,0,0)
(0,0,0)
(0,0,0)
(0,0,0)
(0,0,0)
(0,0,0)
(0,0,0)
(0,0,0)
(0,0,0)
(0,0,0)
(0,0,0)
(0,0,0)
(0,0,0)
(0,0,0)
(0,0,0)
(0,0,0)
(0,0,0)
(0,0,0)
(0,0,0)
(0,0,0)
(0,0,0)
(0,0,0)
(0,0,0)
(0,0,0)
(0,0,0)
(0,0,0)
(0,0,0)
(0,0,0)
(0,0,0)
(0,0,0)
(0,0,0)
(0,0,0)
(0,0,0)
(0,0,0)
(0,0,0)
(0,0,0)
(0,0,0)
(0,0,0)
(0,0,0)
(0,0,0)
(0,0,0)
(0,0,0)
(0,0,0)
(0,0,0)
(0,0,0)
(0,0,0)
(0,0,0)
(0,0,0)
(0,0,0)
(0,0,0)
(0,0,0)
(0,0,0)
(0,0,0)
(0,0,0)
(0,0,0)
(0,0,0)
(0,0,0)
(0,0,0)
(0,0,0)
(0,0,0)
(0,0,0)
(0,0,0)
(0,0,0)
(0,0,0)
(0,0,0)
(0,0,0)
(0,0,0)
(0,0,0)
(0,0,0)
(0,0,0)
(0,0,0)
(0,0,0)
(0,0,0)
(0,0,0)
(0,0,0)
(0,0,0)
(0,0,0)
(0,0,0)
(0,0,0)
(0,0,0)
(0,0,0)
(0,0,0)
(0,0,0)
(0,0,0)
(0,0,0)
(0,0,0)
(0,0,0)
(0,0,0)
(0,0,0)
(0,0,0)
(0,0,0)
(0,0,0)
(0,0,0)
(0,0,0)
(0,0,0)
(0,0,0)
(0,0,0)
(0,0,0)
(0,0,0)
(0,0,0)
(0,0,0)
(0,0,0)
(0,0,0)
(0,0,0)
(0,0,0)
(0,0,0)
(0,0,0)
(0,0,0)
(0,0,0)
(0,0,0)
(0,0,0)
(0,0,0)
(0,0,0)
(0,0,0)
(0,0,0)
(0,0,0)
(0,0,0)
(0,0,0)
(0,0,0)
(0,0,0)
(0,0,0)
(0,0,0)
(0,0,0)
(0,0,0)
(0,0,0)
(0,0,0)
(0,0,0)
(0,0,0)
(0,0,0)
(0,0,0)
(0,0,0)
(0,0,0)
(0,0,0)
(0,0,0)
(0,0,0)
(0,0,0)
(0,0,0)
(0,0,0)
(0,0,0)
(0,0,0)
(0,0,0)
(0,0,0)
(0,0,0)
(0,0,0)
(0,0,0)
(0,0,0)
(0,0,0)
(0,0,0)
(0,0,0)
(0,0,0)
(0,0,0)
(0,0,0)
(0,0,0)
(0,0,0)
(0,0,0)
(0,0,0)
(0,0,0)
(0,0,0)
(0,0,0)
(0,0,0)
(0,0,0)
(0,0,0)
(0,0,0)
(0,0,0)
(0,0,0)
(0,0,0)
(0,0,0)
(0,0,0)
(0,0,0)
(0,0,0)
(0,0,0)
(0,0,0)
(0,0,0)
(0,0,0)
(0,0,0)
(0,0,0)
(0,0,0)
(0,0,0)
(0,0,0)
(0,0,0)
(0,0,0)
(0,0,0)
(0,0,0)
(0,0,0)
(0,0,0)
(0,0,0)
(0,0,0)
(0,0,0)
(0,0,0)
(0,0,0)
(0,0,0)
(0,0,0)
(0,0,0)
(0,0,0)
(0,0,0)
(0,0,0)
(0,0,0)
(0,0,0)
(0,0,0)
(0,0,0)
(0,0,0)
(0,0,0)
(0,0,0)
(0,0,0)
(0,0,0)
(0,0,0)
(0,0,0)
(0,0,0)
(0,0,0)
(0,0,0)
(0,0,0)
(0,0,0)
(0,0,0)
(0,0,0)
(0,0,0)
(0,0,0)
(0,0,0)
(0,0,0)
(0,0,0)
(0,0,0)
(0,0,0)
(0,0,0)
(0,0,0)
(0,0,0)
(0,0,0)
(0,0,0)
(0,0,0)
(0,0,0)
(0,0,0)
(0,0,0)
(0,0,0)
(0,0,0)
(0,0,0)
(0,0,0)
(0,0,0)
(0,0,0)
(0,0,0)
(0,0,0)
(0,0,0)
(0,0,0)
(0,0,0)
(0,0,0)
(0,0,0)
(0,0,0)
(0,0,0)
(0,0,0)
(0,0,0)
(0,0,0)
(0,0,0)
(0,0,0)
(0,0,0)
(0,0,0)
(0,0,0)
(0,0,0)
(0,0,0)
(0,0,0)
(0,0,0)
(0,0,0)
(0,0,0)
(0,0,0)
(0,0,0)
(0,0,0)
(0,0,0)
(0,0,0)
(0,0,0)
