(0,0,0)
(0,0,0)
(0,0,0)
(0,0,0)
(0,0,0)
(0,0,0)
(0,0,0)
(0,0,0)
(0,0,0)
(0,0,0)
(0,0,0)
(0,0,0)
(0,0,0)
(0,0,0)
(0,0,0)
(0,0,0)
(0,0,0)
(0,0,0)
(0,0,0)
(0,0,0)
(0,0,0)
(0,0,0)
(0,0,0)
(0,0,0)
(0,0,0)
(0,0,0)
(0,0,0)
(0,0,0)
(0,0,0)
(0,0,0)
(0,0,0)
(0,0,0)
(0,0,0)
(0,0,0)
(0,0,0)
(0,0,0)
(0,0,0)
(0,0,0)
(0,0,0)
(0,0,0)
(0,0,0)
(0,0,0)
(0,0,0)
(0,0,0)
(0,0,0)
(0,0,0)
(0,0,0)
(0,0,0)
(0,0,0)
(0,0,0)
(0,0,0)
(0,0,0)
(0,0,0)
(0,0,0)
(0,0,0)
(0,0,0)
(0,0,0)
(0,0,0)
(0,0,0)
(0,0,0)
(0,0,0)
(0,0,0)
(0,0,0)
(0,0,0)
(0,0,0)
(0,0,0)
(0,0,0)
(0,0,0)
(0,0,0)
(0,0,0)
(0,0,0)
(0,0,0)
(0,0,0)
(0,0,0)
(0,0,0)
(0,0,0)
(0,0,0)
(0,0,0)
(0,0,0)
(0,0,0)
(0,0,0)
(0,0,0)
(0,0,0)
(0,0,0)
(0,0,0)
(0,0,0)
(0,0,0)
(0,0,0)
(0,0,0)
(0,0,0)
(0,0,0)
(0,0,0)
(0,0,0)
(0,0,0)
(0,0,0)
(0,0,0)
(0,0,0)
(0,0,0)
(0,0,0)
(0,0,0)
(0,0,0)
(0,0,0)
(0,0,0)
(0,0,0)
(0,0,0)
(0,0,0)
(0,0,0)
(0,0,0)
(0,0,0)
(0,0,0)
(0,0,0)
(0,0,0)
(0,0,0)
(0,0,0)
(0,0,0)
(0,0,0)
(0,0,0)
(0,0,0)
(0,0,0)
(0,0,0)
(0,0,0)
(0,0,0)
(0,0,0)
(0,0,0)
(0,0,0)
(0,0,0)
(0,0,0)
(0,0,0)
(0,0,0)
(0,0,0)
(0,0,0)
(0,0,0)
(0,0,0)
(0,0,0)
(0,0,0)
(0,0,0)
(0,0,0)
(0,0,0)
(0,0,0)
(0,0,0)
(0,0,0)
(0,0,0)
(0,0,0)
(0,0,0)
(0,0,0)
(0,0,0)
(0,0,0)
(0,0,0)
(0,0,0)
(0,0,0)
(0,0,0)
(0,0,0)
(0,0,0)
(0,0,0)
(0,0,0)
(0,0,0)
(0,0,0)
(0,0,0)
(0,0,0)
(0,0,0)
(0,0,0)
(0,0,0)
(0,0,0)
(0,0,0)
(0,0,0)
(0,0,0)
(0,0,0)
(0,0,0)
(0,0,0)
(0,0,0)
(0,0,0)
(0,0,0)
(0,0,0)
(0,0,0)
(0,0,0)
(0,0,0)
(0,0,0)
(0,0,0)
(0,0,0)
(0,0,0)
(0,0,0)
(0,0,0)
(0,0,0)
(0,0,0)
(0,0,0)
(0,0,0)
(0,0,0)
(0,0,0)
(0,0,0)
(0,0,0)
(0,0,0)
(0,0,0)
(0,0,0)
(0,0,0)
(0,0,0)
(0,0,0)
(0,0,0)
(0,0,0)
(0,0,0)
(0,0,0)
(0,0,0)
(0,0,0)
(0,0,0)
(0,0,0)
(0,0,0)
(0,0,0)
(0,0,0)
(0,0,0)
(0,0,0)
(0,0,0)
(0,0,0)
(0,0,0)
(0,0,0)
(0,0,0)
(0,0,0)
(0,0,0)
(0,0,0)
(0,0,0)
(0,0,0)
(0,0,0)
(0,0,0)
(0,0,0)
(0,0,0)
(0,0,0)
(0,0,0)
(0,0,0)
(0,0,0)
(0,0,0)
(0,0,0)
(0,0,0)
(0,0,0)
(0,0,0)
(0,0,0)
(0,0,0)
(0,0,0)
(0,0,0)
(0,0,0)
(0,0,0)
(0,0,0)
(0,0,0)
(0,0,0)
(0,0,0)
(0,0,0)
(0,0,0)
(0,0,0)
(0,0,0)
(0,0,0)
(0,0,0)
(0,0,0)
(0,0,0)
(0,0,0)
(0,0,0)
(0,0,0)
(0,0,0)
(0,0,0)
(0,0,0)
(0,0,0)
(0,0,0)
(0,0,0)
(0,0,0)
(0,0,0)
(0,0,0)
(0,0,0)
(0,0,0)
(0,0,0)
(0,0,0)
(0,0,0)
(0,0,0)
(0,0,0)
(0,0,0)
(0,0,0)
(0,0,0)
(0,0,0)
(0,0,0)
(0,0,0)
(0,0,0)
(0,0,0)
(0,0,0)
(0,0,0)
(0,0,0)
(0,0,0)
(0,0,0)
(0,0,0)
(0,0,0)
(0,0,0)
(0,0,0)
(0,0,0)
(0,0,0)
(0,0,0)
(0,0,0)
(0,0,0)
(0,0,0)
(0,0,0)
(0,0,0)
(0,0,0)
(0,0,0)
(0,0,0)
(0,0,0)
(0,0,0)
(0,0,0)
(0,0,0)
(0,0,0)
(0,0,0)
(0,0,0)
(0,0,0)
(0,0,0)
(0,0,0)
(0,0,0)
(0,0,0)
(0,0,0)
(0,0,0)
(0,0,0)
(0,0,0)
(0,0,0)
(0,0,0)
(0,0,0)
(0,0,0)
(0,0,0)
(0,0,0)
(0,0,0)
(0,0,0)
(0,0,0)
(0,0,0)
(0,0,0)
(0,0,0)
(0,0,0)
(0,0,0)
(0,0,0)
(0,0,0)
(0,0,0)
(0,0,0)
(0,0,0)
(0,0,0)
(0,0,0)
(0,0,0)
(0,0,0)
(0,0,0)
(0,0,0)
(0,0,0)
(0,0,0)
(0,0,0)
(0,0,0)
(0,0,0)
(0,0,0)
(0,0,0)
(0,0,0)
(0,0,0)
(0,0,0)
(0,0,0)
(0,0,0)
(0,0,0)
(0,0,0)
(0,0,0)
(0,0,0)
(0,0,0)
(0,0,0)
(0,0,0)
(0,0,0)
(0,0,0)
(0,0,0)
(0,0,0)
(0,0,0)
(0,0,0)
(0,0,0)
(0,0,0)
(0,0,0)
(0,0,0)
(0,0,0)
(0,0,0)
(0,0,0)
(0,0,0)
(0,0,0)
(0,0,0)
(0,0,0)
(0,0,0)
(0,0,0)
(0,0,0)
(0,0,0)
(0,0,0)
(0,0,0)
(0,0,0)
(0,0,0)
(0,0,0)
(0,0,0)
(0,0,0)
(0,0,0)
(0,0,0)
(0,0,0)
(0,0,0)
(0,0,0)
(0,0,0)
(0,0,0)
(0,0,0)
(0,0,0)
(0,0,0)
(0,0,0)
(0,0,0)
(0,0,0)
(0,0,0)
(0,0,0)
(0,0,0)
(0,0,0)
(0,0,0)
(0,0,0)
(0,0,0)
(0,0,0)
(0,0,0)
(0,0,0)
(0,0,0)
(0,0,0)
(0,0,0)
(0,0,0)
(0,0,0)
(0,0,0)
(0,0,0)
(0,0,0)
(0,0,0)
(0,0,0)
(0,0,0)
(0,0,0)
(0,0,0)
(0,0,0)
(0,0,0)
(0,0,0)
(0,0,0)
(0,0,0)
(0,0,0)
(0,0,0)
(0,0,0)
(0,0,0)
(0,0,0)
(0,0,0)
(0,0,0)
(0,0,0)
(0,0,0)
(0,0,0)
(0,0,0)
(0,0,0)
(0,0,0)
(0,0,0)
(0,0,0)
(0,0,0)
(0,0,0)
(0,0,0)
(0,0,0)
(0,0,0)
(0,0,0)
(0,0,0)
(0,0,0)
(0,0,0)
(0,0,0)
(0,0,0)
(0,0,0)
(0,0,0)
(0,0,0)
(0,0,0)
(0,0,0)
(0,0,0)
(0,0,0)
(0,0,0)
(0,0,0)
(0,0,0)
(0,0,0)
(0,0,0)
(0,0,0)
(0,0,0)
(0,0,0)
(0,0,0)
(0,0,0)
(0,0,0)
(0,0,0)
(0,0,0)
(0,0,0)
(0,0,0)
(0,0,0)
(0,0,0)
(0,0,0)
(0,0,0)
(0,0,0)
(0,0,0)
(0,0,0)
(0,0,0)
(0,0,0)
(0,0,0)
(0,0,0)
(0,0,0)
(0,0,0)
(0,0,0)
(0,0,0)
(0,0,0)
(0,0,0)
(0,0,0)
(0,0,0)
(0,0,0)
(0,0,0)
(0,0,0)
(0,0,0)
(0,0,0)
(0,0,0)
(0,0,0)
(0,0,0)
(0,0,0)
(0,0,0)
(0,0,0)
(0,0,0)
(0,0,0)
(0,0,0)
(0,0,0)
(0,0,0)
(0,0,0)
(0,0,0)
(0,0,0)
(0,0,0)
(0,0,0)
(0,0,0)
(0,0,0)
(0,0,0)
(0,0,0)
(0,0,0)
(0,0,0)
(0,0,0)
(0,0,0)
(0,0,0)
(0,0,0)
(0,0,0)
(0,0,0)
(0,0,0)
(0,0,0)
(0,0,0)
(0,0,0)
(0,0,0)
(0,0,0)
(0,0,0)
(0,0,0)
(0,0,0)
(0,0,0)
(0,0,0)
(0,0,0)
(0,0,0)
(0,0,0)
(0,0,0)
(0,0,0)
(0,0,0)
(0,0,0)
(0,0,0)
(0,0,0)
(0,0,0)
(0,0,0)
(0,0,0)
(0,0,0)
(0,0,0)
(0,0,0)
(0,0,0)
(0,0,0)
(0,0,0)
(0,0,0)
(0,0,0)
(0,0,0)
(0,0,0)
(0,0,0)
(0,0,0)
(0,0,0)
(0,0,0)
(0,0,0)
(0,0,0)
(0,0,0)
(0,0,0)
(0,0,0)
(0,0,0)
(0,0,0)
(0,0,0)
(0,0,0)
(0,0,0)
(0,0,0)
(0,0,0)
(0,0,0)
(0,0,0)
(0,0,0)
(0,0,0)
(0,0,0)
(0,0,0)
(0,0,0)
(0,0,0)
(0,0,0)
(0,0,0)
(0,0,0)
(0,0,0)
(0,0,0)
(0,0,0)
(0,0,0)
(0,0,0)
(0,0,0)
(0,0,0)
(0,0,0)
(0,0,0)
(0,0,0)
(0,0,0)
(0,0,0)
(0,0,0)
(0,0,0)
(0,0,0)
(0,0,0)
(0,0,0)
(0,0,0)
(0,0,0)
(0,0,0)
(0,0,0)
(0,0,0)
(0,0,0)
(0,0,0)
(0,0,0)
(0,0,0)
(0,0,0)
(0,0,0)
(0,0,0)
(0,0,0)
(0,0,0)
(0,0,0)
(0,0,0)
(0,0,0)
(0,0,0)
(0,0,0)
(0,0,0)
(0,0,0)
(0,0,0)
(0,0,0)
(0,0,0)
(0,0,0)
(0,0,0)
(0,0,0)
(0,0,0)
(0,0,0)
(0,0,0)
(0,0,0)
(0,0,0)
(0,0,0)
(0,0,0)
(0,0,0)
(0,0,0)
(0,0,0)
(0,0,0)
(0,0,0)
(0,0,0)
(0,0,0)
(0,0,0)
(0,0,0)
(0,0,0)
(0,0,0)
(0,0,0)
(0,0,0)
(0,0,0)
(0,0,0)
(0,0,0)
(0,0,0)
(0,0,0)
(0,0,0)
(0,0,0)
(0,0,0)
(0,0,0)
(0,0,0)
(0,0,0)
(0,0,0)
(0,0,0)
(0,0,0)
(0,0,0)
(0,0,0)
(0,0,0)
(0,0,0)
(0,0,0)
(0,0,0)
(0,0,0)
(0,0,0)
(0,0,0)
(0,0,0)
(0,0,0)
(0,0,0)
(0,0,0)
(0,0,0)
(0,0,0)
(0,0,0)
(0,0,0)
(0,0,0)
(0,0,0)
(0,0,0)
(0,0,0)
(0,0,0)
(0,0,0)
(0,0,0)
(0,0,0)
(0,0,0)
(0,0,0)
(0,0,0)
(0,0,0)
(0,0,0)
(0,0,0)
(0,0,0)
(0,0,0)
(0,0,0)
(0,0,0)
(0,0,0)
(0,0,0)
(0,0,0)
(0,0,0)
(0,0,0)
(0,0,0)
(0,0,0)
(0,0,0)
(0,0,0)
(0,0,0)
(0,0,0)
(0,0,0)
(0,0,0)
(0,0,0)
(0,0,0)
(0,0,0)
(0,0,0)
(0,0,0)
(0,0,0)
(0,0,0)
(0,0,0)
(0,0,0)
(0,0,0)
(0,0,0)
(0,0,0)
(0,0,0)
(0,0,0)
(0,0,0)
(0,0,0)
(0,0,0)
(0,0,0)
(0,0,0)
(0,0,0)
(0,0,0)
(0,0,0)
(0,0,0)
(0,0,0)
(0,0,0)
(0,0,0)
(0,0,0)
(0,0,0)
(0,0,0)
(0,0,0)
(0,0,0)
(0,0,0)
(0,0,0)
(0,0,0)
(0,0,0)
(0,0,0)
(0,0,0)
(0,0,0)
(0,0,0)
(0,0,0)
(0,0,0)
(0,0,0)
(0,0,0)
(0,0,0)
(0,0,0)
(0,0,0)
(0,0,0)
(0,0,0)
(0,0,0)
(0,0,0)
(0,0,0)
(0,0,0)
(0,0,0)
(0,0,0)
(0,0,0)
(0,0,0)
(0,0,0)
(0,0,0)
(0,0,0)
(0,0,0)
(0,0,0)
(0,0,0)
(0,0,0)
(0,0,0)
(0,0,0)
(0,0,0)
(0,0,0)
(0,0,0)
(0,0,0)
(0,0,0)
(0,0,0)
(0,0,0)
(0,0,0)
(0,0,0)
(0,0,0)
(0,0,0)
(0,0,0)
(0,0,0)
(0,0,0)
(0,0,0)
(0,0,0)
(0,0,0)
(0,0,0)
(0,0,0)
(0,0,0)
(0,0,0)
(0,0,0)
(0,0,0)
(0,0,0)
(0,0,0)
(0,0,0)
(0,0,0)
(0,0,0)
(0,0,0)
(0,0,0)
(0,0,0)
(0,0,0)
(0,0,0)
(0,0,0)
(0,0,0)
(0,0,0)
(0,0,0)
(0,0,0)
(0,0,0)
(0,0,0)
(0,0,0)
(0,0,0)
(-135266.818312852,71972.6656388776,63294.152673974)
(-143039.914836538,69010.3626804019,137323.704830111)
(-161071.370539572,62800.8214908094,235594.253878873)
(-195097.602653646,53047.9668942363,377643.889638285)
(-256440.185167101,39935.0911551008,594148.983650292)
(-366647.521403702,24870.936455039,935925.568598941)
(-566244.239944083,11177.5309214306,1490992.27762163)
(-926966.474724435,2808.22283904775,2415150.52950701)
(-1528908.95950609,47.471147533264,3944012.01786562)
(-2130264.87970587,-172.887124471467,6074449.78469596)
(0,0,0)
(0,0,0)
(0,0,0)
(0,0,0)
(0,0,0)
(0,0,0)
(-143064.952683784,154713.197283242,60324.42103942)
(-150921.297694443,149104.545210228,131151.53620404)
(-169247.270841594,137272.373487855,225927.255048586)
(-204081.057751442,118437.788081444,364618.491612825)
(-267130.799591282,92512.4655852633,579171.916773942)
(-379983.929241209,61730.7658434065,922296.01662679)
(-581763.775217582,32630.1673920346,1482607.15537374)
(-941121.641435187,14203.0542091344,2412333.96543881)
(-1538356.4763677,6977.12476131832,3943760.78819279)
(-2134663.50818206,3596.10886018902,6074655.3003901)
(0,0,0)
(0,0,0)
(0,0,0)
(0,0,0)
(0,0,0)
(0,0,0)
(-160917.565833214,260861.417725372,54769.3453910835)
(-168912.517881158,253322.126288024,119464.282194446)
(-187813.739550718,237280.860809401,207269.534423622)
(-224384.657108632,211298.067798058,338793.911815643)
(-291451.774892461,174342.773431122,548415.378862247)
(-411288.661006579,128248.2818585,893186.523853731)
(-620000.197986657,81638.9207269975,1464177.96850543)
(-976337.25637424,49608.2717417092,2405110.00734707)
(-1561044.21453344,32739.5376361134,3940391.8090058)
(-2144929.97734554,17787.7770420645,6071130.11816942)
(0,0,0)
(0,0,0)
(0,0,0)
(0,0,0)
(0,0,0)
(0,0,0)
(-194110.98044063,407612.054278557,47360.3438874457)
(-202237.836809773,399241.60395249,103678.703032755)
(-221857.711437,381290.354041809,181526.921237341)
(-260954.100644883,351792.721764518,301986.367915759)
(-334705.360090076,308669.117722555,502365.383714404)
(-467991.780170091,252083.125598193,846522.320144797)
(-693277.285191169,189315.57954762,1432122.94651536)
(-1044489.85189062,138030.681406822,2388190.38874084)
(-1602618.45375956,98109.3665483541,3925439.01358811)
(-2163062.32838316,52831.2661083125,6053457.85290511)
(0,0,0)
(0,0,0)
(0,0,0)
(0,0,0)
(0,0,0)
(0,0,0)
(-253657.659351209,622228.487742225,39041.2258875399)
(-261736.413926304,614087.350006969,85931.8937593639)
(-281714.127241372,596669.632693483,152266.742349062)
(-322942.440217901,567955.34550863,259046.558822856)
(-403609.101830571,525458.598257346,445866.180118641)
(-553546.918459648,467763.487319588,783732.73685688)
(-804894.058085741,397101.65915779,1380840.71533245)
(-1148264.06061447,318907.994753956,2348227.46259981)
(-1663021.04806573,229215.471909851,3880142.4053041)
(-2189261.58201498,121505.430692991,6000729.8227344)
(0,0,0)
(0,0,0)
(0,0,0)
(0,0,0)
(0,0,0)
(0,0,0)
(-361161.676555681,952478.937544853,30911.226753054)
(-368837.669288881,945245.321305482,68590.9247434196)
(-388161.348426516,929745.215766943,123676.690096474)
(-428991.125284947,903936.867453774,216686.293436275)
(-510522.412814088,864425.148766137,388242.155741571)
(-663323.519945937,806235.632055505,713093.530951598)
(-915447.674210478,722895.453010782,1302747.41130911)
(-1243229.43813564,606302.657374322,2258582.18682437)
(-1728475.92870721,443888.500357323,3772385.08708414)
(-2222248.51207703,236933.690009284,5879205.33984479)
(0,0,0)
(0,0,0)
(0,0,0)
(0,0,0)
(0,0,0)
(0,0,0)
(-558522.671273062,1487357.22866334,23644.3801545771)
(-565313.656381804,1481086.21559666,53117.1422451982)
(-582657.142339057,1467619.35028149,97900.15006971)
(-619955.449850153,1444638.50819928,177153.959174365)
(-695699.681853547,1407247.72850677,330031.061287279)
(-839293.187846837,1345766.1788351,629793.702354511)
(-1075920.61186235,1242338.4530721,1186271.31415555)
(-1373968.40194926,1070293.22503386,2096249.14844527)
(-1826025.18717365,800756.751510041,3565406.08446614)
(-2276059.76020606,436239.990527054,5642159.54415448)
(0,0,0)
(0,0,0)
(0,0,0)
(0,0,0)
(0,0,0)
(0,0,0)
(-919408.977384299,2389402.44513165,17363.7609159804)
(-924852.737143144,2383717.76332816,39584.9503276297)
(-938841.970621876,2371251.07567554,74795.195555463)
(-969178.136276153,2348958.09096404,139653.749066843)
(-1031432.2914765,2309849.41890171,268484.350148392)
(-1150813.06322006,2238692.37434749,526371.217856058)
(-1348988.91707056,2103452.89184662,1014245.69615208)
(-1590252.51922641,1848068.78383395,1826722.65657839)
(-2003088.3352438,1429677.68106649,3200890.06226575)
(-2378939.71311999,810314.16886715,5205755.59704559)
(0,0,0)
(0,0,0)
(0,0,0)
(0,0,0)
(0,0,0)
(0,0,0)
(-1523771.92510142,3901542.36605204,11632.004181008)
(-1527475.56493056,3895863.62323471,26961.7092050293)
(-1536974.03978098,3882904.98086566,52281.8437958672)
(-1557377.41685709,3858211.4211376,100405.930479393)
(-1598497.24171516,3811477.16797796,197275.423118326)
(-1675752.13883382,3720579.78329418,391140.153005441)
(-1805467.14301787,3541135.26714483,758924.920725104)
(-1998177.03806484,3196790.79526676,1408379.94735714)
(-2329666.23313314,2586149.11230633,2581574.74925041)
(-2558385.10266781,1554908.35480078,4395365.6659846)
(0,0,0)
(0,0,0)
(0,0,0)
(0,0,0)
(0,0,0)
(0,0,0)
(-2127885.67466458,6023523.07605583,5904.964660786)
(-2129728.97005998,6017608.17808657,13889.3798689211)
(-2134444.20125801,6003809.4669697,27429.0950229086)
(-2144465.42836026,5976528.58804786,53577.3564729238)
(-2164369.15180431,5923051.79581168,106371.880443532)
(-2201584.81305224,5816704.50589768,211831.970892261)
(-2266512.83148587,5604673.22159216,414806.847930788)
(-2375894.11231944,5189580.28133523,797911.474181717)
(-2557794.32577124,4391418.09703457,1550436.8152247)
(-2575930.9430894,2840752.07869956,2840524.03441532)
(0,0,0)
(0,0,0)
(0,0,0)
(0,0,0)
(0,0,0)
(0,0,0)
(0,0,0)
(0,0,0)
(0,0,0)
(0,0,0)
(0,0,0)
(0,0,0)
(0,0,0)
(0,0,0)
(0,0,0)
(0,0,0)
(0,0,0)
(0,0,0)
(0,0,0)
(0,0,0)
(0,0,0)
(0,0,0)
(0,0,0)
(0,0,0)
(0,0,0)
(0,0,0)
(0,0,0)
(0,0,0)
(0,0,0)
(0,0,0)
(0,0,0)
(0,0,0)
(0,0,0)
(0,0,0)
(0,0,0)
(0,0,0)
(0,0,0)
(0,0,0)
(0,0,0)
(0,0,0)
(0,0,0)
(0,0,0)
(0,0,0)
(0,0,0)
(0,0,0)
(0,0,0)
(0,0,0)
(0,0,0)
(0,0,0)
(0,0,0)
(0,0,0)
(0,0,0)
(0,0,0)
(0,0,0)
(0,0,0)
(0,0,0)
(0,0,0)
(0,0,0)
(0,0,0)
(0,0,0)
(0,0,0)
(0,0,0)
(0,0,0)
(0,0,0)
(0,0,0)
(0,0,0)
(0,0,0)
(0,0,0)
(0,0,0)
(0,0,0)
(0,0,0)
(0,0,0)
(0,0,0)
(0,0,0)
(0,0,0)
(0,0,0)
(0,0,0)
(0,0,0)
(0,0,0)
(0,0,0)
(0,0,0)
(0,0,0)
(0,0,0)
(0,0,0)
(0,0,0)
(0,0,0)
(0,0,0)
(0,0,0)
(0,0,0)
(0,0,0)
(0,0,0)
(0,0,0)
(0,0,0)
(0,0,0)
(0,0,0)
(0,0,0)
(0,0,0)
(0,0,0)
(0,0,0)
(0,0,0)
(0,0,0)
(0,0,0)
(19977769.2767576,64128.0330374835,55539.8993032562)
(19964761.0589104,61089.9954884447,119352.957479022)
(19934799.9534663,54601.9883559172,201583.672528398)
(19878855.6923148,44080.2818116053,316254.123159533)
(19779307.4915153,29285.0982973936,483925.375590936)
(19602056.2625925,11583.7474080245,736341.871597756)
(19276839.9480188,-4297.73523512064,1130259.44628116)
(18634120.3156465,-11311.6454517004,1813188.32877305)
(17183806.8467811,-9366.26872704328,3342542.818624)
(13245110.2663773,-4569.06630002736,8204440.76625199)
(0,0,0)
(0,0,0)
(0,0,0)
(0,0,0)
(0,0,0)
(0,0,0)
(19964449.4966665,136811.654487093,52505.9566113045)
(19951389.6907529,131068.129389242,112920.861674395)
(19921162.6586438,118676.715030552,191140.232925493)
(19864167.7251715,98149.6852541776,301526.073971154)
(19761880.3597703,68219.2801133466,466284.760204782)
(19579664.3469087,30434.6541930716,720489.604680998)
(19249490.933003,-5602.40967958368,1123243.59831614)
(18609422.0443811,-20998.1432342284,1815090.43769356)
(17168430.6055359,-15690.6533263503,3347331.76780037)
(13238390.9049147,-6673.24594745939,8209085.56176219)
(0,0,0)
(0,0,0)
(0,0,0)
(0,0,0)
(0,0,0)
(0,0,0)
(19934286.3940901,227528.450878873,46783.2710960519)
(19921164.2761363,219851.673081569,100626.960797507)
(19890357.3340883,203114.636009544,170721.993590706)
(19830892.1543308,174659.99509047,271638.899726195)
(19721501.4864123,131100.547041829,428508.398904067)
(19524370.7120816,71571.4728519451,684416.234568215)
(19175304.1775246,8393.53665236982,1107819.94013623)
(18541313.254684,-18501.9350804221,1820377.24833545)
(17128808.2725934,-8819.91317673673,3356358.04847018)
(13221973.4121594,-349.980793135445,8215835.42122215)
(0,0,0)
(0,0,0)
(0,0,0)
(0,0,0)
(0,0,0)
(0,0,0)
(19878954.6618154,347957.315591217,39209.520442837)
(19865850.8689335,339602.034057834,84074.4811345157)
(19834311.6692676,321287.374143528,142436.389707164)
(19770954.1958757,289728.249882078,228163.865806206)
(19648441.6995735,239792.146089618,369029.234506015)
(19417515.3253926,166580.949550829,621216.67965561)
(19010376.2556883,77747.8229882514,1080912.87985142)
(18386271.6358967,34301.3902180492,1830052.0941768)
(17048759.1307786,37694.7347544466,3364863.88911855)
(13191238.0972663,26605.7697750484,8216311.74031221)
(0,0,0)
(0,0,0)
(0,0,0)
(0,0,0)
(0,0,0)
(0,0,0)
(19781486.2397212,514613.27380688,30904.1701230751)
(19768714.0648917,506866.817507475,65892.9352665876)
(19737032.9417226,490121.093777805,111016.174079601)
(19670305.2816966,461866.451023529,178334.278434778)
(19532781.9273117,418562.563915667,295876.858877618)
(19251203.4739674,358035.493514791,532375.949897826)
(18713853.3190515,286594.498820536,1037485.92433951)
(18098794.3112307,223978.201115883,1833454.76900768)
(16923299.1550773,163776.187198787,3353757.14083141)
(13145514.3571776,88528.5937019671,8189762.40512315)
(0,0,0)
(0,0,0)
(0,0,0)
(0,0,0)
(0,0,0)
(0,0,0)
(19607965.637284,755019.142960392,23170.8444179732)
(19596079.0164393,748642.981753015,49182.0218553757)
(19565890.4710434,735152.89756698,82802.4260075216)
(19500361.0478144,712926.373826244,135094.357516733)
(19361232.9429035,679246.39123471,235359.201891274)
(19071557.0277193,630304.90082758,460913.274324424)
(18527371.3617306,562463.653556322,974929.111058818)
(17939511.5893732,475590.68172844,1773279.63034853)
(16816460.3701346,346365.637963601,3278457.90815306)
(13093093.8517059,183146.571089035,8101201.59439435)
(0,0,0)
(0,0,0)
(0,0,0)
(0,0,0)
(0,0,0)
(0,0,0)
(19286098.0977072,1126316.31792931,16786.0834620034)
(19275751.5810487,1121398.85863956,35668.9965561096)
(19248997.1020139,1111351.08235581,60520.5948254934)
(19189508.4606809,1095351.85411498,101335.231416882)
(19059769.6967682,1071467.15114544,186349.120295642)
(18782724.9884881,1034247.77428567,393092.097913769)
(18254872.4224358,969293.414962536,888173.329620551)
(17724379.6982165,854001.98384566,1644117.95474883)
(16658224.438398,623699.996575309,3115237.99797663)
(13003659.6484224,333380.830975173,7917988.35687335)
(0,0,0)
(0,0,0)
(0,0,0)
(0,0,0)
(0,0,0)
(0,0,0)
(18642818.626451,1784918.93030336,11873.811201963)
(18634642.0572197,1780963.04775719,25518.8551327352)
(18613331.2736446,1773023.81920992,44376.901423301)
(18565274.7604109,1760651.47097565,77328.415286817)
(18458364.5013687,1742672.59858138,149030.202416812)
(18223334.9516038,1713693.5002254,328140.489064498)
(17761278.5693552,1646936.88921876,772933.555793666)
(17415459.0301253,1440108.70779599,1413819.30990274)
(16339124.177131,1103095.561162,2824915.26035239)
(12796693.4082621,630879.469255645,7584487.52810101)
(0,0,0)
(0,0,0)
(0,0,0)
(0,0,0)
(0,0,0)
(0,0,0)
(17188745.4073891,3297228.16677369,7877.45845030563)
(17183260.2847801,3293407.1192312,17401.5646768718)
(17169063.3993464,3285264.21586479,31827.7563058129)
(17137644.598177,3270921.24168729,59239.9979712033)
(17070720.9451635,3245417.27659374,119981.160491319)
(16934634.4526362,3194599.69978658,261392.396871337)
(16689385.3784197,3079989.52483774,566191.267225987)
(16344953.837603,2818988.36532099,1076884.76144436)
(15372302.0808818,2357942.9227168,2352773.11328588)
(12167086.6043919,1537302.28613301,6953582.61675992)
(0,0,0)
(0,0,0)
(0,0,0)
(0,0,0)
(0,0,0)
(0,0,0)
(13246889.7048422,8151116.27968545,4040.53499263142)
(13244183.4056255,8147087.05282229,9152.25312722138)
(13237237.6398268,8138044.48045729,17394.174861106)
(13222150.855468,8120749.0186928,33654.1414386517)
(13191036.7595806,8087214.24203596,69155.2920227768)
(13129887.5375555,8018070.30287117,146916.365741672)
(13016696.1081759,7870974.40218057,305426.576148251)
(12799937.0713788,7565269.61175651,616018.1734257)
(12167576.4007688,6949036.21171784,1532258.18529586)
(9893368.04513177,5416584.37035884,5416381.14026)
(0,0,0)
(0,0,0)
(0,0,0)
(0,0,0)
(0,0,0)
(0,0,0)
(0,0,0)
(0,0,0)
(0,0,0)
(0,0,0)
(0,0,0)
(0,0,0)
(0,0,0)
(0,0,0)
(0,0,0)
(0,0,0)
(0,0,0)
(0,0,0)
(0,0,0)
(0,0,0)
(0,0,0)
(0,0,0)
(0,0,0)
(0,0,0)
(0,0,0)
(0,0,0)
(0,0,0)
(0,0,0)
(0,0,0)
(0,0,0)
(0,0,0)
(0,0,0)
(0,0,0)
(0,0,0)
(0,0,0)
(0,0,0)
(0,0,0)
(0,0,0)
(0,0,0)
(0,0,0)
(0,0,0)
(0,0,0)
(0,0,0)
(0,0,0)
(0,0,0)
(0,0,0)
(0,0,0)
(0,0,0)
(0,0,0)
(0,0,0)
(0,0,0)
(0,0,0)
(0,0,0)
(0,0,0)
(0,0,0)
(0,0,0)
(0,0,0)
(0,0,0)
(0,0,0)
(0,0,0)
(0,0,0)
(0,0,0)
(0,0,0)
(0,0,0)
(0,0,0)
(0,0,0)
(0,0,0)
(0,0,0)
(0,0,0)
(0,0,0)
(0,0,0)
(0,0,0)
(0,0,0)
(0,0,0)
(0,0,0)
(0,0,0)
(0,0,0)
(0,0,0)
(0,0,0)
(0,0,0)
(0,0,0)
(0,0,0)
(0,0,0)
(0,0,0)
(0,0,0)
(0,0,0)
(0,0,0)
(0,0,0)
(0,0,0)
(0,0,0)
(0,0,0)
(0,0,0)
(0,0,0)
(0,0,0)
(0,0,0)
(0,0,0)
(0,0,0)
(0,0,0)
(0,0,0)
(0,0,0)
(0,0,0)
(0,0,0)
(-348311.921352694,50857.0732014226,42520.0974976817)
(-362658.409019469,47785.9887784208,89449.5492379793)
(-395157.157348474,41012.1971404178,145690.435501169)
(-454268.26336195,29432.5598311467,216677.803935588)
(-555359.166204753,11916.2245978158,306724.209646629)
(-724294.13978788,-10752.5802957042,411123.164911656)
(-1000612.94730928,-31593.8553022733,487465.888130829)
(-1437979.01394448,-35926.3983183122,362787.588628991)
(-2065121.07291157,-24667.7678519846,-596320.751237519)
(-2531530.94290738,-11267.8640777277,-5041115.70528621)
(0,0,0)
(0,0,0)
(0,0,0)
(0,0,0)
(0,0,0)
(0,0,0)
(-363548.164362607,106667.486654742,39483.220164589)
(-377683.358747295,100873.448866246,82764.7821657277)
(-409831.363855414,87886.6228451605,134180.35154907)
(-468990.863526054,64871.5612955954,199195.911370998)
(-571652.88308238,27870.5001310468,284070.851279293)
(-745152.465619922,-24831.8676787298,390262.92377976)
(-1027906.64368267,-79758.0341818754,483120.651933791)
(-1461056.7140644,-89055.1203942139,374024.105044007)
(-2076729.05570173,-55273.5552646987,-582914.473716726)
(-2535642.44586562,-23099.3869289108,-5029753.62749649)
(0,0,0)
(0,0,0)
(0,0,0)
(0,0,0)
(0,0,0)
(0,0,0)
(-397511.952758993,172052.50462604,33709.3014666489)
(-411199.922530813,164386.453796351,69856.4677924169)
(-442759.266486089,146917.565953152,111238.0978476)
(-502467.24211519,114578.604392473,162186.423785497)
(-610485.666376076,58001.2037459085,231338.845547888)
(-801844.124895738,-35257.9772625911,335275.764697881)
(-1119174.31802327,-156489.771514358,473781.970167021)
(-1540954.51060392,-173499.816385649,407790.404035108)
(-2111803.16978526,-88852.772211041,-550722.964051058)
(-2546878.779978,-31096.5458385526,-5006577.64041521)
(0,0,0)
(0,0,0)
(0,0,0)
(0,0,0)
(0,0,0)
(0,0,0)
(-458127.899494649,250305.304750724,26125.7337741538)
(-471101.034729978,242233.17215408,52526.8916686875)
(-501763.16647236,223778.335588638,79036.9303619321)
(-562693.252369027,188938.252272733,105620.703315164)
(-682806.113251748,124096.621192046,138069.071283098)
(-926664.641606661,276.565219086059,214010.468389522)
(-1402799.94664901,-218760.266815413,456753.13861674)
(-1802484.60156644,-253156.994904758,492462.527187819)
(-2199645.84556817,-87775.552258281,-492913.743829268)
(-2570974.44461112,-19128.8814084324,-4975372.89379326)
(0,0,0)
(0,0,0)
(0,0,0)
(0,0,0)
(0,0,0)
(0,0,0)
(-559976.324245725,340933.251539785,18130.5897667127)
(-571862.764455201,334046.130985463,34190.4328710681)
(-600825.852177323,318826.655879415,44296.8790689492)
(-661832.947065224,291835.893067042,40833.4396253377)
(-796232.589915855,246979.530428688,14261.0202050914)
(-1140322.16172892,178415.386013046,-5056.19230376443)
(-2265175.42102802,100165.151381521,422343.102167597)
(-2687326.36026268,64732.1628076637,657870.588537385)
(-2371992.08075719,56952.8885126312,-424270.643810176)
(-2610513.3154746,36126.425100444,-4956202.30507797)
(0,0,0)
(0,0,0)
(0,0,0)
(0,0,0)
(0,0,0)
(0,0,0)
(-728035.914382676,432980.226311183,11250.5494841146)
(-738433.129433709,428129.77506488,18975.0238665868)
(-764397.582851155,418102.124800833,17283.5814284895)
(-821154.022627119,401958.268305045,-4027.75077926574)
(-951867.803550051,377712.525854611,-54364.0271628087)
(-1295209.49090944,341491.522647443,-83377.672579632)
(-2365528.12496289,290055.374257083,386927.563827017)
(-2752149.1357358,260518.841511345,650097.582821238)
(-2452209.00125086,188149.878697305,-445134.063389172)
(-2649995.25717814,93726.1503011296,-4992348.70711698)
(0,0,0)
(0,0,0)
(0,0,0)
(0,0,0)
(0,0,0)
(0,0,0)
(-1002808.9875802,482800.448526223,6382.83566116122)
(-1011380.41783113,480070.985136125,8869.59705858332)
(-1033229.63438618,475482.289296166,1012.14155215175)
(-1082716.71469061,470907.001778373,-28415.4439608442)
(-1202775.72577235,469884.260234147,-90745.7832110578)
(-1539120.71748512,474757.068449726,-134869.650451262)
(-2655842.00012474,475675.612285644,357520.506669574)
(-3013114.70086674,545036.840472554,577792.879380346)
(-2573552.24289826,304562.099750995,-539546.687788236)
(-2715145.28556712,126398.097001077,-5086117.72790995)
(0,0,0)
(0,0,0)
(0,0,0)
(0,0,0)
(0,0,0)
(0,0,0)
(-1441414.20619433,330655.441327594,3673.81243265714)
(-1447872.59838224,329370.453126016,4184.97263346247)
(-1464540.41198906,328523.991717266,-3689.07156512516)
(-1503371.12345933,332747.596648551,-29587.8099763136)
(-1602768.20986855,354777.541497032,-86052.4074130999)
(-1911431.92833746,424789.75825062,-134022.24468398)
(-3131605.85985118,574859.875620757,426973.893776144)
(-2552025.24888517,369442.05699381,337348.928854219)
(-2670114.0610293,136170.352133186,-717725.11277881)
(-2815949.35050686,1218.7796399381,-5212607.06405983)
(0,0,0)
(0,0,0)
(0,0,0)
(0,0,0)
(0,0,0)
(0,0,0)
(-2070642.01040092,-645019.600775643,2358.43248210585)
(-2074799.48838282,-646069.141434264,3153.77279406425)
(-2085421.69655182,-646926.039086497,384.872084835047)
(-2109296.54342517,-644951.873558144,-7678.54351743743)
(-2164083.33280824,-634654.97918101,-16145.7722787915)
(-2294975.83218962,-610507.054072425,16057.2974588358)
(-2581096.628759,-592990.654491719,221685.807338807)
(-2674559.19812142,-726263.832279201,104200.704925023)
(-2920479.74906171,-846961.862157332,-852589.278252226)
(-2966613.11753456,-736543.074578776,-5213831.72951817)
(0,0,0)
(0,0,0)
(0,0,0)
(0,0,0)
(0,0,0)
(0,0,0)
(-2535737.75714165,-5096400.00349289,1303.8372898991)
(-2537746.28653915,-5097680.79574652,2141.1563555868)
(-2542815.8614982,-5099698.21403526,2262.80521820691)
(-2553854.52746243,-5101915.87117412,2528.15835332424)
(-2577397.66076269,-5104370.69788877,7974.26999315436)
(-2626670.40538896,-5112371.39598706,33692.5274410741)
(-2717733.15078913,-5146208.42852239,88635.5330256456)
(-2818973.09382646,-5235074.42535912,-16347.7361004088)
(-2967522.43960528,-5218877.53571131,-742037.249583561)
(-2863736.21473834,-4477001.44024729,-4477178.65145608)
(0,0,0)
(0,0,0)
(0,0,0)
(0,0,0)
(0,0,0)
(0,0,0)
(0,0,0)
(0,0,0)
(0,0,0)
(0,0,0)
(0,0,0)
(0,0,0)
(0,0,0)
(0,0,0)
(0,0,0)
(0,0,0)
(0,0,0)
(0,0,0)
(0,0,0)
(0,0,0)
(0,0,0)
(0,0,0)
(0,0,0)
(0,0,0)
(0,0,0)
(0,0,0)
(0,0,0)
(0,0,0)
(0,0,0)
(0,0,0)
(0,0,0)
(0,0,0)
(0,0,0)
(0,0,0)
(0,0,0)
(0,0,0)
(0,0,0)
(0,0,0)
(0,0,0)
(0,0,0)
(0,0,0)
(0,0,0)
(0,0,0)
(0,0,0)
(0,0,0)
(0,0,0)
(0,0,0)
(0,0,0)
(0,0,0)
(0,0,0)
(0,0,0)
(0,0,0)
(0,0,0)
(0,0,0)
(0,0,0)
(0,0,0)
(0,0,0)
(0,0,0)
(0,0,0)
(0,0,0)
(0,0,0)
(0,0,0)
(0,0,0)
(0,0,0)
(0,0,0)
(0,0,0)
(0,0,0)
(0,0,0)
(0,0,0)
(0,0,0)
(0,0,0)
(0,0,0)
(0,0,0)
(0,0,0)
(0,0,0)
(0,0,0)
(0,0,0)
(0,0,0)
(0,0,0)
(0,0,0)
(0,0,0)
(0,0,0)
(0,0,0)
(0,0,0)
(0,0,0)
(0,0,0)
(0,0,0)
(0,0,0)
(0,0,0)
(0,0,0)
(0,0,0)
(0,0,0)
(0,0,0)
(0,0,0)
(0,0,0)
(0,0,0)
(0,0,0)
(0,0,0)
(0,0,0)
(0,0,0)
(0,0,0)
(0,0,0)
(-412039.722838959,35589.9380952878,28137.8633909784)
(-424231.03002029,32743.3065935602,56967.1777982387)
(-451086.185048209,26313.2965778821,86582.9089200947)
(-497886.327023155,14729.6489188656,115471.323662431)
(-573378.725959113,-4295.04463405078,137785.928050846)
(-689712.559877501,-31548.3662271017,134752.714367568)
(-857016.657743586,-58871.7639728619,50028.1887747367)
(-1064503.63694409,-58981.7574202452,-264465.430805405)
(-1230457.15307218,-36231.5942984505,-1062897.75634633)
(-1069223.2417955,-15354.0488134321,-2509851.40864478)
(0,0,0)
(0,0,0)
(0,0,0)
(0,0,0)
(0,0,0)
(0,0,0)
(-425896.783167055,72585.4779451463,25353.0789545893)
(-437414.552425907,67245.4962008465,50582.083025911)
(-462764.663661132,54872.4940111723,74956.1853983398)
(-507070.53722214,31360.9395407039,96404.5684725863)
(-579144.230383808,-10915.2495284117,110516.120668374)
(-692112.830253843,-81472.6834283254,107400.802503526)
(-858278.328544819,-171000.092086044,49900.8154788602)
(-1059468.14228064,-168929.91776297,-241739.595962163)
(-1222333.85067099,-90326.2902349688,-1042040.10505639)
(-1064235.88303385,-34345.0726048764,-2494455.64409674)
(0,0,0)
(0,0,0)
(0,0,0)
(0,0,0)
(0,0,0)
(0,0,0)
(-456163.512573414,111179.950496972,20057.0872625981)
(-466375.088128853,104235.025865683,38242.723195797)
(-488769.420886326,87707.0630117223,51418.3085954824)
(-527948.914633632,54207.2376800919,54053.6829745396)
(-592836.227632061,-14382.8904756313,39871.8851777414)
(-701146.180905718,-160081.054632115,17782.312391502)
(-884203.444020798,-440093.25576178,51904.6020647676)
(-1059780.50447372,-435026.159133882,-163173.162694528)
(-1202543.75083342,-176710.127147642,-986048.744733691)
(-1051989.96681636,-55230.5165484067,-2460052.11395183)
(0,0,0)
(0,0,0)
(0,0,0)
(0,0,0)
(0,0,0)
(0,0,0)
(-508259.688100797,148135.982019251,13175.7570838744)
(-516625.438678315,141140.829085068,21794.3578128292)
(-534684.086489454,124435.997378127,17986.34346352)
(-565565.883648036,89639.6295788095,-14573.4171561902)
(-616436.10669048,10587.2005818888,-105913.514774973)
(-716960.42794285,-213387.631768198,-262311.151302706)
(-1081048.12706288,-1081078.80814071,56922.5814900895)
(-1137760.65698807,-1137974.35802219,95146.8358000376)
(-1156539.52380185,-260134.098285816,-864535.514828105)
(-1027277.61911989,-58693.3858666911,-2404769.47100103)
(0,0,0)
(0,0,0)
(0,0,0)
(0,0,0)
(0,0,0)
(0,0,0)
(-590703.479867387,172628.703474927,6234.43416598768)
(-596887.015885232,167242.103821388,5157.41085969873)
(-609523.228804351,155062.933436376,-16772.1485715209)
(-627722.254729796,132383.803427238,-93627.0147553767)
(-640585.278995424,91273.5494580096,-329960.674551931)
(-577149.284285374,23570.1214025172,-1130091.30516619)
(-8.57575823583699e-05,-2.12905900359764e-05,5.40788879448281e-05)
(143.125611572788,-41.4758016440717,973015.939963242)
(-972719.17239654,-23286.6829072148,-663104.383776013)
(-982856.89410711,-3369.90143488342,-2346084.28957533)
(0,0,0)
(0,0,0)
(0,0,0)
(0,0,0)
(0,0,0)
(0,0,0)
(-714189.963192327,157949.813969229,832.93831535168)
(-718279.056656369,154959.370185302,-7038.4008259021)
(-725925.596246166,149082.783374258,-39530.2373687727)
(-733757.317623956,140252.402058308,-134795.541003006)
(-724300.857811606,126709.395695295,-397798.332978737)
(-613154.05382839,97587.0673109732,-1153870.71596824)
(-7.98876203860914e-05,-3.08180575891089e-05,4.74781506989248e-05)
(185.972146555385,-385.962554629244,949765.396258151)
(-949277.654574825,66787.0677168892,-643239.701041991)
(-982395.186224695,28556.7483240663,-2342766.42175434)
(0,0,0)
(0,0,0)
(0,0,0)
(0,0,0)
(0,0,0)
(0,0,0)
(-886580.755190562,43926.1364407408,-2204.55486114807)
(-888942.091522744,43330.4160158044,-13013.9270000395)
(-892565.212204713,43916.0557803283,-48511.6215875688)
(-892513.464947573,50032.7747103772,-148495.243982675)
(-867142.687475059,69718.451346834,-427137.337931509)
(-719258.014450915,102303.276869223,-1251716.25052396)
(-0.00021700931626139,7.91329451887018e-05,6.0388349725925e-05)
(561.579725528128,1006076.26231227,1017063.97612942)
(-1016179.37702333,207933.595205746,-681455.417234373)
(-1022235.32975507,25556.4789359039,-2371365.10365823)
(0,0,0)
(0,0,0)
(0,0,0)
(0,0,0)
(0,0,0)
(0,0,0)
(-1095896.72276003,-298781.929312405,-2809.41768115244)
(-1097010.35665646,-297803.81930069,-12537.424090434)
(-1097953.29791972,-292685.080414348,-42523.4019651038)
(-1093395.62003834,-273503.739932551,-128962.390743171)
(-1060455.76717016,-206807.985910829,-394748.396183901)
(-890542.01939151,40964.7562217434,-1354299.78448238)
(662.071287644164,1125149.44181155,1006345.5340733)
(-1005370.03752499,246703.743003383,219062.842022004)
(-1264968.59833415,-114357.16480194,-863791.860665455)
(-1107717.92355374,-149532.560269208,-2396934.24841345)
(0,0,0)
(0,0,0)
(0,0,0)
(0,0,0)
(0,0,0)
(0,0,0)
(-1257048.13419725,-1110524.08599273,-1851.71952333763)
(-1257459.78330626,-1109424.49686332,-7570.74703725933)
(-1257439.14238213,-1104727.39219568,-23510.9894256016)
(-1253957.43956022,-1089912.02478533,-62441.8084377666)
(-1237863.98788128,-1048382.9513867,-147086.18788884)
(-1188331.79237907,-942624.481502582,-270140.989975066)
(-1124221.0993215,-729967.082378055,128100.004777038)
(-1287016.68209805,-870921.233151596,-141817.535091349)
(-1383604.7181879,-894182.517326701,-898867.213440386)
(-1133847.91045035,-633776.106117933,-2247388.87467588)
(0,0,0)
(0,0,0)
(0,0,0)
(0,0,0)
(0,0,0)
(0,0,0)
(-1084241.41741265,-2561277.60826467,-742.817457066493)
(-1084382.14202226,-2560524.09761079,-3007.36122648949)
(-1084309.62786799,-2557431.7741808,-8809.21287156517)
(-1082931.71431118,-2548615.59791783,-21028.4528903096)
(-1077863.69290847,-2527575.15161518,-41370.220516048)
(-1066987.60818834,-2486250.42547676,-57427.0737424979)
(-1063520.3314059,-2428924.00273566,-12682.9727681106)
(-1121191.67178872,-2416429.76724322,-164955.860714219)
(-1136713.57561238,-2251605.73164881,-638341.510385005)
(-908946.947255039,-1613390.80511609,-1613516.07887014)
(0,0,0)
(0,0,0)
(0,0,0)
(0,0,0)
(0,0,0)
(0,0,0)
(0,0,0)
(0,0,0)
(0,0,0)
(0,0,0)
(0,0,0)
(0,0,0)
(0,0,0)
(0,0,0)
(0,0,0)
(0,0,0)
(0,0,0)
(0,0,0)
(0,0,0)
(0,0,0)
(0,0,0)
(0,0,0)
(0,0,0)
(0,0,0)
(0,0,0)
(0,0,0)
(0,0,0)
(0,0,0)
(0,0,0)
(0,0,0)
(0,0,0)
(0,0,0)
(0,0,0)
(0,0,0)
(0,0,0)
(0,0,0)
(0,0,0)
(0,0,0)
(0,0,0)
(0,0,0)
(0,0,0)
(0,0,0)
(0,0,0)
(0,0,0)
(0,0,0)
(0,0,0)
(0,0,0)
(0,0,0)
(0,0,0)
(0,0,0)
(0,0,0)
(0,0,0)
(0,0,0)
(0,0,0)
(0,0,0)
(0,0,0)
(0,0,0)
(0,0,0)
(0,0,0)
(0,0,0)
(0,0,0)
(0,0,0)
(0,0,0)
(0,0,0)
(0,0,0)
(0,0,0)
(0,0,0)
(0,0,0)
(0,0,0)
(0,0,0)
(0,0,0)
(0,0,0)
(0,0,0)
(0,0,0)
(0,0,0)
(0,0,0)
(0,0,0)
(0,0,0)
(0,0,0)
(0,0,0)
(0,0,0)
(0,0,0)
(0,0,0)
(0,0,0)
(0,0,0)
(0,0,0)
(0,0,0)
(0,0,0)
(0,0,0)
(0,0,0)
(0,0,0)
(0,0,0)
(0,0,0)
(0,0,0)
(0,0,0)
(0,0,0)
(0,0,0)
(0,0,0)
(0,0,0)
(0,0,0)
(0,0,0)
(0,0,0)
(-449676.29414306,21714.0499820675,15922.5213220311)
(-457901.265743095,19555.6788871969,30037.0781576406)
(-475270.301369634,14627.3621646744,39593.8323143901)
(-503498.312060843,5558.19195867912,39647.6253934012)
(-544970.105064594,-10005.7058202287,21244.7103191036)
(-601852.136668014,-33905.6879480717,-32710.0249423119)
(-671991.247433637,-60138.5824438419,-157596.852808418)
(-737590.558154378,-53953.1452278958,-430556.786370234)
(-731081.494700046,-28078.3839736246,-901854.060768742)
(-519887.21130875,-10341.1775558917,-1440848.91369958)
(0,0,0)
(0,0,0)
(0,0,0)
(0,0,0)
(0,0,0)
(0,0,0)
(-460184.590180374,42186.1070852244,13815.7499101584)
(-467376.442815038,38191.8012430391,25141.5179434485)
(-482260.480067633,28810.9341958024,30453.7623188232)
(-505539.603800065,10453.0130629169,24028.0077925128)
(-537847.556462923,-24599.6834898101,-2674.68845879307)
(-579183.78069104,-90521.8665351266,-58987.5594345396)
(-628994.396787139,-196960.38352671,-151449.690109358)
(-690864.373842888,-169263.926086348,-404742.677688666)
(-700460.036124891,-70544.0014906509,-884150.874717739)
(-506103.042284563,-22116.4636397902,-1430508.42938311)
(0,0,0)
(0,0,0)
(0,0,0)
(0,0,0)
(0,0,0)
(0,0,0)
(-482618.649188317,58795.9793948887,9845.26430523766)
(-487864.725271552,53759.2468270265,15767.4558639524)
(-497877.224842639,41637.0289710911,12049.1650449761)
(-510843.670126659,16480.2947337159,-11083.3611327969)
(-521794.35510804,-38052.2193654703,-68672.6977811563)
(-518854.680369512,-175956.889119494,-165529.175732986)
(-485879.722422947,-636964.762619094,-123848.518238456)
(-533755.322473203,-513036.559748,-306101.066577322)
(-612702.353179889,-130756.966940588,-835729.498780924)
(-470910.58165131,-30570.6790003729,-1408354.66858539)
(0,0,0)
(0,0,0)
(0,0,0)
(0,0,0)
(0,0,0)
(0,0,0)
(-519609.829899852,65338.8509727282,4807.27022121256)
(-522290.321208571,60579.9047077469,3651.49487074804)
(-525693.214179539,49362.9113283704,-13065.2597964449)
(-523842.920940356,27312.0327348112,-65619.9605052184)
(-499781.839308063,-13693.0401102836,-206633.407142827)
(-399282.000608126,-73652.2819307924,-626616.441666254)
(-4.08893158400006e-05,-4.3871497352625e-06,1.77707270783833e-05)
(267.087848769136,-38.3017333038918,76159.2529517073)
(-399269.988617055,-76311.3341109884,-735555.915062682)
(-401317.665244397,-14284.1765820848,-1377802.37135648)
(0,0,0)
(0,0,0)
(0,0,0)
(0,0,0)
(0,0,0)
(0,0,0)
(-574259.009789355,48872.2563238276,22.1245708700566)
(-574318.184951918,45614.2835664266,-7581.08522112425)
(-571101.762731396,38472.1550406677,-35111.7950063784)
(-555055.611446028,26176.7110350499,-106643.116590385)
(-501681.919218137,7437.59129953118,-266677.107777484)
(-351915.200827812,-12479.4197857016,-553084.053380132)
(4.44427905287479e-06,-3.96453807990008e-06,-9.73024668482716e-05)
(-9.43946260745367e-05,-8.78473119648263e-06,4.96326366184157e-06)
(571.68187899005,133.748060949924,-673543.137549974)
(-304191.014504884,-2929.06717969155,-1363564.12655456)
(0,0,0)
(0,0,0)
(0,0,0)
(0,0,0)
(0,0,0)
(0,0,0)
(-647310.203447624,-14708.204007242,-3299.29941363407)
(-645253.028921261,-15931.5128135834,-14779.5307687318)
(-637000.338101652,-17745.6077140223,-47487.026158555)
(-610957.489046275,-18663.6792718196,-125446.464429366)
(-539352.947724838,-16237.5536038905,-286719.229612706)
(-362984.755751164,-8589.78837223343,-540778.159103398)
(-1.97455299007831e-06,-9.29706061528778e-06,-7.90020573159223e-05)
(-7.00401917358092e-05,-2.07038673936743e-05,3.64278834284761e-06)
(568.01188775137,-137.467525350046,-676656.892200456)
(-289988.155854101,-11319.3655605687,-1360673.62419018)
(0,0,0)
(0,0,0)
(0,0,0)
(0,0,0)
(0,0,0)
(0,0,0)
(-731098.038869307,-165589.05864579,-4601.86168270498)
(-727803.895725064,-164951.864236633,-16719.7060573305)
(-716767.660854398,-161706.580420111,-48556.2847015664)
(-685453.020974688,-151088.027146074,-123192.380800199)
(-603492.106433644,-123821.447225453,-279259.068220054)
(-405477.619715253,-69267.4023286127,-532361.848999339)
(-1.24139185547725e-05,-0.000126807408217135,-9.34424483011278e-05)
(-0.000122673733916317,3.7985508752167e-06,4.95408225389401e-06)
(425.395696943661,-40918.4686810492,-687775.251060619)
(-312002.118601567,-59963.7339852117,-1349364.09378947)
(0,0,0)
(0,0,0)
(0,0,0)
(0,0,0)
(0,0,0)
(0,0,0)
(-797431.850495125,-460063.144282166,-3990.7866285271)
(-793917.605375907,-458439.770078072,-13595.632067652)
(-782794.783855176,-452411.652958501,-38049.0735938056)
(-752132.10499124,-434338.764631443,-96061.8511555374)
(-670991.278028539,-384508.992292244,-224838.795230359)
(-464372.937491007,-257155.911471294,-463119.367988184)
(-0.000149293209459515,9.16437536508704e-06,7.73558713221154e-06)
(303.340564892976,-35168.2493391574,-40735.8464354584)
(-406804.602568642,-233125.834922998,-706692.47595902)
(-409284.849805889,-175731.046206369,-1289358.23748572)
(0,0,0)
(0,0,0)
(0,0,0)
(0,0,0)
(0,0,0)
(0,0,0)
(-776733.021666649,-938030.050832989,-2348.20597977831)
(-773956.806573966,-936646.17250947,-7644.78028066829)
(-765527.261176835,-931888.949860022,-20079.3645844473)
(-742836.580395856,-919172.549050623,-46366.4393296302)
(-682446.131997917,-888711.889290208,-97581.3982150253)
(-515316.923715182,-821659.191661215,-206092.986688993)
(870.547583769843,-669611.35932717,-34874.0761014719)
(-413213.99696523,-705313.900701998,-238531.109871453)
(-558655.916528176,-647411.633729449,-649194.112724731)
(-436237.72605207,-408941.678841308,-1113593.66448807)
(0,0,0)
(0,0,0)
(0,0,0)
(0,0,0)
(0,0,0)
(0,0,0)
(-543836.545248047,-1477512.74029449,-922.18270310827)
(-542391.180149623,-1476596.59254819,-2962.72453704327)
(-538162.083026164,-1473566.91445626,-7432.30478265318)
(-527439.075735994,-1466133.10136307,-15964.3910453969)
(-501815.498557689,-1450190.44223505,-30534.0324513274)
(-445464.986445858,-1419697.15300798,-54018.6928470528)
(-350915.59204592,-1365776.71701093,-70458.0745232865)
(-420923.907205231,-1295485.79459305,-180553.945215716)
(-438987.270712375,-1115063.38208871,-410628.501756471)
(-319418.41004352,-704530.699148793,-704568.018660512)
(0,0,0)
(0,0,0)
(0,0,0)
(0,0,0)
(0,0,0)
(0,0,0)
(0,0,0)
(0,0,0)
(0,0,0)
(0,0,0)
(0,0,0)
(0,0,0)
(0,0,0)
(0,0,0)
(0,0,0)
(0,0,0)
(0,0,0)
(0,0,0)
(0,0,0)
(0,0,0)
(0,0,0)
(0,0,0)
(0,0,0)
(0,0,0)
(0,0,0)
(0,0,0)
(0,0,0)
(0,0,0)
(0,0,0)
(0,0,0)
(0,0,0)
(0,0,0)
(0,0,0)
(0,0,0)
(0,0,0)
(0,0,0)
(0,0,0)
(0,0,0)
(0,0,0)
(0,0,0)
(0,0,0)
(0,0,0)
(0,0,0)
(0,0,0)
(0,0,0)
(0,0,0)
(0,0,0)
(0,0,0)
(0,0,0)
(0,0,0)
(0,0,0)
(0,0,0)
(0,0,0)
(0,0,0)
(0,0,0)
(0,0,0)
(0,0,0)
(0,0,0)
(0,0,0)
(0,0,0)
(0,0,0)
(0,0,0)
(0,0,0)
(0,0,0)
(0,0,0)
(0,0,0)
(0,0,0)
(0,0,0)
(0,0,0)
(0,0,0)
(0,0,0)
(0,0,0)
(0,0,0)
(0,0,0)
(0,0,0)
(0,0,0)
(0,0,0)
(0,0,0)
(0,0,0)
(0,0,0)
(0,0,0)
(0,0,0)
(0,0,0)
(0,0,0)
(0,0,0)
(0,0,0)
(0,0,0)
(0,0,0)
(0,0,0)
(0,0,0)
(0,0,0)
(0,0,0)
(0,0,0)
(0,0,0)
(0,0,0)
(0,0,0)
(0,0,0)
(0,0,0)
(0,0,0)
(0,0,0)
(0,0,0)
(0,0,0)
(-468463.51250249,11122.6449957638,7664.57336366958)
(-472858.489420414,10025.5772197996,12596.2198211898)
(-481474.932957118,7624.86958922855,11175.9818194439)
(-493698.780299701,3525.14148359059,-2148.69142528905)
(-508373.830679945,-2843.79411047633,-35901.1716994623)
(-523439.521985042,-11200.1501572137,-103113.636225218)
(-534562.338430961,-17125.2744381629,-223417.270789732)
(-529527.881075618,-7215.98751886511,-424263.960349628)
(-467047.564673305,2551.73503797878,-690849.625414336)
(-293074.024067715,3436.45677936624,-921099.269434757)
(0,0,0)
(0,0,0)
(0,0,0)
(0,0,0)
(0,0,0)
(0,0,0)
(-475230.435771486,19592.9268754949,6575.56371138568)
(-478562.237806018,17599.9260628444,10187.0098593201)
(-484585.523230622,13144.1040940109,6992.81851752681)
(-491552.418340084,5110.62176710906,-8579.8472259758)
(-496417.822683195,-8568.66033235032,-44284.7147838283)
(-495323.040071141,-30231.3735409852,-109114.232019959)
(-487795.198364701,-53863.7822913354,-213574.922589219)
(-484940.934817772,-12161.2275127067,-414553.121620491)
(-439636.968240508,17178.3036687768,-690002.758135664)
(-281123.846141987,13037.7595472795,-924583.257046159)
(0,0,0)
(0,0,0)
(0,0,0)
(0,0,0)
(0,0,0)
(0,0,0)
(-489121.147660547,21505.0298576047,4590.3954901219)
(-490491.272523221,19083.8223649799,5733.04643965644)
(-491542.807575663,13614.8739101321,-1072.14064343644)
(-487812.170724181,3303.40544802003,-22296.4237268283)
(-470514.579136509,-16150.3225252128,-65994.5375054956)
(-425790.513283182,-56443.1193345226,-132846.958798295)
(-349561.967041875,-151058.856261045,-171969.640209657)
(-353647.861279776,21037.716831559,-385276.045747349)
(-369296.909333771,82673.4970025881,-694176.682927283)
(-253401.824393985,39006.1395870404,-937653.820224362)
(0,0,0)
(0,0,0)
(0,0,0)
(0,0,0)
(0,0,0)
(0,0,0)
(-510647.975241047,10391.6406885844,2151.5345102146)
(-509542.439444016,8252.71630447618,234.758806164494)
(-504167.668150609,3670.74448634285,-11346.6577989768)
(-486015.652240792,-4137.80154910022,-41732.7195014227)
(-435615.50830184,-15736.767759339,-106312.605273518)
(-308120.065364295,-26361.0096425659,-227556.650209307)
(-3.60484565108288e-05,-5.67930871557873e-06,-3.67483481043093e-06)
(313.896319211995,-146.675008676353,-323703.575167442)
(-225937.5159722,323562.932675146,-737925.483484857)
(-206362.684866662,82857.3987035217,-976731.722979079)
(0,0,0)
(0,0,0)
(0,0,0)
(0,0,0)
(0,0,0)
(0,0,0)
(-539483.995636104,-24396.1685309249,12.7950662610706)
(-536077.645265837,-25596.4798343085,-4378.5484810337)
(-524933.346429869,-27692.1635114636,-19184.056784754)
(-495020.946842656,-29944.5513445385,-53411.9715926868)
(-423433.461713848,-30342.7462354225,-117054.450620892)
(-270367.716046156,-23599.1690508166,-201363.775994298)
(4.04946511840895e-06,-2.27151153705708e-06,-5.43520323045797e-06)
(-8.33943369886405e-05,-9.31866260181e-07,-1.56960085926082e-05)
(327.988318571195,116.146379372485,-978679.883534972)
(-151655.824378961,11275.2886194834,-1059632.96357686)
(0,0,0)
(0,0,0)
(0,0,0)
(0,0,0)
(0,0,0)
(0,0,0)
(-571805.422976285,-98687.67035936,-1213.27864290515)
(-566805.660121781,-98701.3996333508,-6555.72764334438)
(-551958.731968891,-97729.1039674889,-21560.3933200848)
(-515203.781247015,-93329.5872867003,-53929.0651771823)
(-432741.831849377,-80464.1091453877,-110418.818142678)
(-267931.282812551,-51151.2180844676,-177920.242047641)
(-1.28891929096105e-06,-4.97162939545405e-06,-1.63427344597336e-11)
(-5.85729746405774e-05,-1.29798254557295e-06,-1.11011171525739e-05)
(359.708851512739,-318.259121871216,-967559.746530568)
(-142013.391484669,-33345.2087830922,-1070914.01349742)
(0,0,0)
(0,0,0)
(0,0,0)
(0,0,0)
(0,0,0)
(0,0,0)
(-596376.009094958,-232110.599537686,-1299.10059602869)
(-590825.973333138,-231252.40022344,-5726.02239786887)
(-574964.903877615,-227928.415869589,-17329.4674725499)
(-536876.654547019,-217973.224991278,-41262.1961956433)
(-452442.95453364,-191523.6767461,-81251.7804949328)
(-282599.03282354,-128368.74755496,-126912.837916153)
(-9.47150500867114e-06,-9.33458490204278e-06,-1.9314311746675e-11)
(-0.000103019360802488,-3.78927846207473e-06,-1.71630965116395e-05)
(172.492648659157,-448284.456175466,-1000448.89667915)
(-151001.298599532,-157281.237092458,-1037513.68837183)
(0,0,0)
(0,0,0)
(0,0,0)
(0,0,0)
(0,0,0)
(0,0,0)
(-589443.894658959,-439583.808245475,-514.747128376771)
(-584453.512575632,-438662.19176604,-2569.04838604784)
(-570495.981827987,-435304.121619899,-7492.14466292758)
(-537394.088576274,-425250.14867565,-14953.2373935188)
(-462994.626430559,-396265.112660868,-18208.4530767313)
(-303836.514832095,-308527.075668352,1413.4523777471)
(-0.00013095820890941,-2.08217377662394e-05,-6.80834359907388e-06)
(208.058996411027,-449015.939335058,-448073.548151971)
(-208749.597334622,-385126.797476145,-709286.212085313)
(-192947.063635433,-202734.004439404,-880171.230908822)
(0,0,0)
(0,0,0)
(0,0,0)
(0,0,0)
(0,0,0)
(0,0,0)
(-511156.390196952,-705530.748376974,370.308661801322)
(-507579.701458638,-705368.607539999,699.619320426475)
(-497882.513279318,-704763.899914585,2514.64971759532)
(-475517.564501639,-704020.758045236,13966.2431929636)
(-425862.000138211,-708389.187674128,69506.1863465153)
(-312210.466711229,-752191.834564354,310064.488238561)
(174.874283418285,-1021840.51055609,-449114.424493389)
(-213936.260962763,-713294.297603366,-384113.802227545)
(-273169.999350305,-527893.358935918,-526833.157945648)
(-196232.469698023,-292180.30576868,-677392.112970417)
(0,0,0)
(0,0,0)
(0,0,0)
(0,0,0)
(0,0,0)
(0,0,0)
(-315708.299121173,-934147.864281203,488.869777361466)
(-313918.778395507,-934577.506781505,1225.36726474794)
(-309200.789289563,-935744.110113713,3244.28372727711)
(-298815.401883829,-939015.171854822,9615.02368469937)
(-277650.790223361,-948706.007667024,25767.1353432791)
(-237791.518318847,-974586.272110104,40488.1047620155)
(-176528.336386049,-1015209.09554287,-140530.565911075)
(-201273.134829741,-874797.52948163,-198678.106408304)
(-198261.771814525,-676206.494712176,-291090.469529889)
(-132386.436925661,-385151.480200573,-385151.268215864)
(0,0,0)
(0,0,0)
(0,0,0)
(0,0,0)
(0,0,0)
(0,0,0)
(0,0,0)
(0,0,0)
(0,0,0)
(0,0,0)
(0,0,0)
(0,0,0)
(0,0,0)
(0,0,0)
(0,0,0)
(0,0,0)
(0,0,0)
(0,0,0)
(0,0,0)
(0,0,0)
(0,0,0)
(0,0,0)
(0,0,0)
(0,0,0)
(0,0,0)
(0,0,0)
(0,0,0)
(0,0,0)
(0,0,0)
(0,0,0)
(0,0,0)
(0,0,0)
(0,0,0)
(0,0,0)
(0,0,0)
(0,0,0)
(0,0,0)
(0,0,0)
(0,0,0)
(0,0,0)
(0,0,0)
(0,0,0)
(0,0,0)
(0,0,0)
(0,0,0)
(0,0,0)
(0,0,0)
(0,0,0)
(0,0,0)
(0,0,0)
(0,0,0)
(0,0,0)
(0,0,0)
(0,0,0)
(0,0,0)
(0,0,0)
(0,0,0)
(0,0,0)
(0,0,0)
(0,0,0)
(0,0,0)
(0,0,0)
(0,0,0)
(0,0,0)
(0,0,0)
(0,0,0)
(0,0,0)
(0,0,0)
(0,0,0)
(0,0,0)
(0,0,0)
(0,0,0)
(0,0,0)
(0,0,0)
(0,0,0)
(0,0,0)
(0,0,0)
(0,0,0)
(0,0,0)
(0,0,0)
(0,0,0)
(0,0,0)
(0,0,0)
(0,0,0)
(0,0,0)
(0,0,0)
(0,0,0)
(0,0,0)
(0,0,0)
(0,0,0)
(0,0,0)
(0,0,0)
(0,0,0)
(0,0,0)
(0,0,0)
(0,0,0)
(0,0,0)
(0,0,0)
(0,0,0)
(0,0,0)
(0,0,0)
(0,0,0)
(-476047.822698501,4392.28195342605,3192.02824258136)
(-477876.991201018,4349.74205531245,3860.78796787082)
(-480855.223410808,4533.0005752058,-1291.9221536456)
(-483494.636316273,5675.89079323727,-17171.9569303085)
(-483430.31459512,9145.01643207608,-51260.4894472082)
(-477219.259848363,16979.3052640478,-114460.056847934)
(-460125.982541214,29678.0318567615,-218574.44459444)
(-423468.210406574,37403.0168067111,-362037.132070197)
(-341940.264230308,29992.7681856776,-517137.20069887)
(-197350.599410296,15392.7469410984,-628253.372297397)
(0,0,0)
(0,0,0)
(0,0,0)
(0,0,0)
(0,0,0)
(0,0,0)
(-479603.491828815,5607.44065569988,3157.89735505381)
(-480688.342750106,5597.07143833968,4036.67291611556)
(-481918.808086334,6131.3089880092,-228.350640975021)
(-481124.329406108,8807.06416115372,-13787.6129428659)
(-474911.420484038,17319.4139773899,-43468.4126873392)
(-459289.67342322,39302.9769611428,-101825.451032355)
(-433421.437182574,84400.9308840131,-210922.111241737)
(-408141.47348085,119164.769592524,-369483.325364482)
(-334882.906119383,87520.7895429992,-531765.408842936)
(-194523.228301339,40743.6898229349,-643716.969565422)
(0,0,0)
(0,0,0)
(0,0,0)
(0,0,0)
(0,0,0)
(0,0,0)
(-486384.977802483,-302.594362006279,3173.8651596405)
(-486129.004641868,-206.317659291834,4614.98637591615)
(-484022.127551123,771.683988842611,2453.93135053919)
(-476165.580087159,4924.57983531127,-5310.17496063777)
(-455658.889158806,18667.5133925671,-21513.964353517)
(-412403.827255606,61208.1062189963,-56805.7796389437)
(-344327.438505467,198609.873484851,-176249.250776191)
(-384637.578543286,375056.424710781,-401151.188630941)
(-330416.42077771,226051.52624103,-578562.413885029)
(-192753.998776847,86043.0294443084,-684509.579123549)
(0,0,0)
(0,0,0)
(0,0,0)
(0,0,0)
(0,0,0)
(0,0,0)
(-495488.533970206,-18704.4388341146,3242.40320126699)
(-493565.346796609,-18506.8285284266,5565.8214229908)
(-487155.240605327,-17306.8599826142,6631.93784916402)
(-469548.9777481,-13322.0960286942,8411.93922047881)
(-425879.519903267,-3636.86639444532,20980.3306089245)
(-317703.035590337,11335.1188692283,80436.2881847361)
(-2.39870204573506e-05,7.93790411425494e-06,-1.69761031261775e-05)
(-446225.314468839,-400.91656589186,-550249.383883823)
(-381270.782614667,549817.703842262,-718682.294842594)
(-205944.298584676,137557.770091819,-770615.421772071)
(0,0,0)
(0,0,0)
(0,0,0)
(0,0,0)
(0,0,0)
(0,0,0)
(-504790.196752147,-56837.6055965818,3439.36787850704)
(-501397.845208509,-56468.1779806588,6720.91727341304)
(-491195.519730476,-54878.9122132375,10555.1428046423)
(-465460.290774007,-50282.3563189767,17954.7470262734)
(-405187.096782071,-39738.905097803,35810.4207978536)
(-270809.55104525,-21215.168831655,68802.5434978324)
(8.91996391058845e-06,2.46962171823368e-08,3.81606828952272e-06)
(-5.64754768851432e-05,5.65745993973985e-06,-2.90135177133331e-05)
(-694774.671195813,121.792976956551,-1130999.63419182)
(-257815.228107274,20925.6250829319,-908208.085454633)
(0,0,0)
(0,0,0)
(0,0,0)
(0,0,0)
(0,0,0)
(0,0,0)
(-509148.809664061,-123301.069951092,3806.85104228492)
(-504923.199163146,-122789.568920094,8245.78102308722)
(-492804.031957544,-120846.95990673,15059.1287052358)
(-463672.034182108,-115140.325215011,28385.3505363639)
(-398084.174654234,-100274.387483349,54263.1757267691)
(-258858.276758505,-65894.7268122783,89869.7276533451)
(3.89837057335051e-07,-5.50446003705295e-07,1.26141611196147e-12)
(-4.07863278586752e-05,8.35579989629114e-06,-2.04849854770372e-05)
(-658160.676314082,-560.052934083835,-1110221.68576534)
(-259853.515576238,-42332.6370479223,-929123.299542928)
(0,0,0)
(0,0,0)
(0,0,0)
(0,0,0)
(0,0,0)
(0,0,0)
(-498699.029567001,-225231.101725054,4253.05224600782)
(-494501.920309415,-224942.102683442,10081.5329856316)
(-482861.459613594,-223552.934995599,20684.0638104785)
(-455828.000774253,-218606.189709475,43101.2745321783)
(-395934.833811757,-202194.22446261,88512.9907895539)
(-265845.842547464,-149722.136599322,155587.210300518)
(-5.40033249141355e-06,-2.68172692549498e-06,-1.3849195201972e-12)
(-5.634759955411e-05,-8.31087920870904e-06,-3.00050835282969e-05)
(-720922.795035693,-657356.939033071,-1151815.30513172)
(-259181.059298565,-199263.166008926,-886705.015471683)
(0,0,0)
(0,0,0)
(0,0,0)
(0,0,0)
(0,0,0)
(0,0,0)
(-457655.435106524,-361472.092030951,4452.5307534637)
(-454282.513586523,-361971.735740848,11311.164821761)
(-445412.527452919,-362866.232332596,25541.0077836891)
(-426304.503965786,-363559.092327557,59404.3257912812)
(-387304.564059194,-359360.927429251,140880.966386555)
(-300766.697499474,-317140.225855085,305229.238309696)
(-7.75459721835736e-05,-3.83376956973605e-05,-1.415244692459e-05)
(-530340.205521622,-663324.53830206,-657184.601370544)
(-380035.194787528,-449668.481631169,-693587.461319549)
(-192331.667839372,-206076.085214911,-687389.93790962)
(0,0,0)
(0,0,0)
(0,0,0)
(0,0,0)
(0,0,0)
(0,0,0)
(-366082.107143566,-510455.87329339,3909.49820904975)
(-363923.658366337,-512040.776814254,10322.4961901552)
(-358833.270602257,-516384.790131363,24791.8113118573)
(-350254.201036564,-527597.327419916,63566.6829391386)
(-344275.192562995,-560480.598880668,183099.54681534)
(-390600.499210289,-678063.169759741,622412.523219056)
(-807325.780291959,-1198807.14700803,-663318.209865309)
(-396310.857835425,-700826.000671105,-443442.150623595)
(-263222.535147626,-453120.460983225,-449937.635474229)
(-142607.862833383,-228404.515473695,-481233.81208008)
(0,0,0)
(0,0,0)
(0,0,0)
(0,0,0)
(0,0,0)
(0,0,0)
(-209565.573271649,-618863.421262722,2264.82211980862)
(-208564.130669781,-621045.097792492,5914.49537232345)
(-206347.630533172,-626903.495266329,13580.0417508985)
(-203042.146770123,-640525.926456731,30735.3856740103)
(-201587.192167298,-671392.495638231,65583.6843755051)
(-214902.917107092,-737105.372709357,101737.286113367)
(-269376.177687144,-838941.24015074,-165280.77944283)
(-197972.051154171,-673718.390727945,-195689.473061563)
(-143813.199342319,-478043.377825144,-225215.128691846)
(-80442.0081618169,-252794.246387115,-252769.826542271)
(0,0,0)
(0,0,0)
(0,0,0)
(0,0,0)
(0,0,0)
(0,0,0)
(0,0,0)
(0,0,0)
(0,0,0)
(0,0,0)
(0,0,0)
(0,0,0)
(0,0,0)
(0,0,0)
(0,0,0)
(0,0,0)
(0,0,0)
(0,0,0)
(0,0,0)
(0,0,0)
(0,0,0)
(0,0,0)
(0,0,0)
(0,0,0)
(0,0,0)
(0,0,0)
(0,0,0)
(0,0,0)
(0,0,0)
(0,0,0)
(0,0,0)
(0,0,0)
(0,0,0)
(0,0,0)
(0,0,0)
(0,0,0)
(0,0,0)
(0,0,0)
(0,0,0)
(0,0,0)
(0,0,0)
(0,0,0)
(0,0,0)
(0,0,0)
(0,0,0)
(0,0,0)
(0,0,0)
(0,0,0)
(0,0,0)
(0,0,0)
(0,0,0)
(0,0,0)
(0,0,0)
(0,0,0)
(0,0,0)
(0,0,0)
(0,0,0)
(0,0,0)
(0,0,0)
(0,0,0)
(0,0,0)
(0,0,0)
(0,0,0)
(0,0,0)
(0,0,0)
(0,0,0)
(0,0,0)
(0,0,0)
(0,0,0)
(0,0,0)
(0,0,0)
(0,0,0)
(0,0,0)
(0,0,0)
(0,0,0)
(0,0,0)
(0,0,0)
(0,0,0)
(0,0,0)
(0,0,0)
(0,0,0)
(0,0,0)
(0,0,0)
(0,0,0)
(0,0,0)
(0,0,0)
(0,0,0)
(0,0,0)
(0,0,0)
(0,0,0)
(0,0,0)
(0,0,0)
(0,0,0)
(0,0,0)
(0,0,0)
(0,0,0)
(0,0,0)
(0,0,0)
(0,0,0)
(0,0,0)
(0,0,0)
(0,0,0)
(-478274.58726706,899.393901649925,1327.37066691206)
(-478902.999582461,1563.41746170988,789.961586645732)
(-479422.426130281,3504.31091180161,-4147.14660568666)
(-478356.437901951,8104.38640324723,-17389.7314232576)
(-473206.928906737,17715.8538161205,-45328.9709277591)
(-459933.022623718,34973.746598455,-97588.9547508624)
(-431938.182436207,56398.1342790441,-182174.889134912)
(-377641.98077886,52753.9276700831,-280755.04643271)
(-286981.550881587,37090.2804846995,-372804.040266132)
(-157168.078689301,18240.8598401931,-431227.420827316)
(0,0,0)
(0,0,0)
(0,0,0)
(0,0,0)
(0,0,0)
(0,0,0)
(-479557.842573555,-1172.89237696251,2026.6370233518)
(-479977.189047426,156.440804502252,2722.45997788215)
(-480126.167274362,4061.77772564425,372.352352067658)
(-478639.644124937,13817.7013544534,-7825.64788031041)
(-473538.750729183,36593.5484949067,-28076.0123139494)
(-462456.326732261,86219.5449470906,-76155.1573535442)
(-440868.676401403,173542.728238679,-185852.51209435)
(-387517.926218647,142724.615245548,-296446.746932016)
(-294600.614458992,92034.0601809992,-391672.818288705)
(-160970.58198835,42522.4775721479,-449507.082333649)
(0,0,0)
(0,0,0)
(0,0,0)
(0,0,0)
(0,0,0)
(0,0,0)
(-481398.273089209,-9548.80024969938,3389.20315946354)
(-481480.906473363,-7771.07101156966,6668.61680703074)
(-480968.130705829,-2464.10903025995,10140.5067176443)
(-478655.956968113,11480.9216432804,14967.6633097696)
(-474074.694728504,48413.0256472977,21563.9917270757)
(-471672.390020737,155902.947503126,11149.1519361686)
(-485966.862959308,543054.99651206,-216723.691883368)
(-425001.87354197,313522.272511733,-347157.054150865)
(-319616.649387649,175258.763259679,-441181.528619603)
(-172244.63469994,72875.7358960029,-492044.151020361)
(0,0,0)
(0,0,0)
(0,0,0)
(0,0,0)
(0,0,0)
(0,0,0)
(-482028.244650739,-28164.1113943427,5155.02182517847)
(-481693.552346798,-26452.9314845212,11965.0878483232)
(-480287.317619252,-21463.7600773658,24096.8159093567)
(-476515.540481541,-9340.72633978026,51885.0266258533)
(-471543.054464812,16959.4376708111,129002.149163881)
(-488986.341174177,58040.5314550712,398147.870795775)
(-721454.394895956,-627.495794299977,-446386.877337922)
(-539275.377717596,445724.063913836,-485538.605491276)
(-384156.734201364,236286.023112534,-543679.913757426)
(-197474.80892999,85690.1930030894,-564963.860519202)
(0,0,0)
(0,0,0)
(0,0,0)
(0,0,0)
(0,0,0)
(0,0,0)
(-478472.528469821,-61334.6701387547,6852.89046208691)
(-477774.060218725,-60103.8127379654,16879.9867257469)
(-475298.790612748,-56608.335362696,36127.8328933475)
(-468117.51217675,-48601.4654356066,78045.7933919155)
(-447413.314893549,-32749.1923506686,169980.641524873)
(-372743.97474752,-9379.34950409225,339334.946186305)
(-3.93805460636e-05,1.76837060856424e-05,3.51292348649888e-05)
(-712667.470609988,-162.28732531527,-694979.989846121)
(-495796.673960633,36655.9949840057,-694327.958952766)
(-234675.179834869,18880.9576595818,-650658.771881663)
(0,0,0)
(0,0,0)
(0,0,0)
(0,0,0)
(0,0,0)
(0,0,0)
(-465614.840342466,-112918.760367849,8050.12090750173)
(-464825.312808516,-112441.896865498,20290.3186804036)
(-462169.768072853,-111009.621449462,44057.3408824784)
(-454630.253375507,-107402.361519943,93816.4561602124)
(-432047.52647691,-98260.5630733944,193291.178705614)
(-350473.331333149,-73001.0817519671,348527.965528129)
(-3.3392799787822e-05,3.10338452772965e-05,2.48946854180456e-05)
(-669901.340574407,-363.444993369586,-658107.252137794)
(-504038.286113794,-63479.3233263121,-712094.324027771)
(-241878.485209432,-41699.2776207641,-669489.119114231)
(0,0,0)
(0,0,0)
(0,0,0)
(0,0,0)
(0,0,0)
(0,0,0)
(-435884.784670205,-184175.394725657,8442.38946101309)
(-435349.744647373,-184761.748431519,21610.0653649914)
(-433661.974234794,-186198.263577486,47599.2221142167)
(-429320.167948754,-189171.357523758,102860.385292529)
(-416089.423969666,-193675.036427596,218429.448804638)
(-356939.325499246,-184746.926480377,421268.776484836)
(-4.46792998493884e-05,4.37947416547399e-05,3.19165470705489e-05)
(-737531.15986253,-530538.67724638,-721001.327408923)
(-498543.970961581,-316638.635731737,-690220.839077612)
(-230923.904880052,-132470.193202663,-627707.077914226)
(0,0,0)
(0,0,0)
(0,0,0)
(0,0,0)
(0,0,0)
(0,0,0)
(-379667.561724211,-269953.235333526,7789.96722555288)
(-379580.982488098,-271740.712244171,20067.3999397807)
(-379636.27675348,-276466.54456554,44559.4302283926)
(-381535.228171786,-287703.979619298,98322.7765299329)
(-393405.655373861,-316552.433347227,227301.264764236)
(-456958.468891978,-407185.329265539,605931.438941906)
(-825092.634810005,-807524.846488578,-530506.356124672)
(-554996.863836364,-529405.624846337,-506982.750209963)
(-364748.688605228,-332929.43393766,-505978.458186335)
(-179183.130110524,-156399.303968896,-495197.88514896)
(0,0,0)
(0,0,0)
(0,0,0)
(0,0,0)
(0,0,0)
(0,0,0)
(-287794.679618032,-354244.822044642,6004.15918558166)
(-287984.660925227,-357002.439498158,15326.888998459)
(-289035.152163996,-364244.675851844,33306.9018465068)
(-293454.558079895,-380710.088896459,69513.3681669997)
(-309922.072861737,-418101.692105291,136709.507223805)
(-364058.629152595,-502637.270354299,205619.57825487)
(-495734.863719588,-661095.536418731,-252400.648387347)
(-364990.683310548,-502664.970229054,-310461.477529515)
(-243345.940746319,-333837.178910847,-329430.326957632)
(-123379.436226467,-166309.308133075,-338748.749400367)
(0,0,0)
(0,0,0)
(0,0,0)
(0,0,0)
(0,0,0)
(0,0,0)
(-157379.156584232,-409664.483331797,3233.24459974083)
(-157568.807475446,-412865.101550182,8100.58345742831)
(-158383.596182736,-420976.724841718,16868.5980968645)
(-161170.815088701,-437898.564605774,32185.7421247624)
(-169522.070625947,-470213.476365363,52232.4048434849)
(-189981.74046107,-522560.524230022,47234.4820731849)
(-219447.646381319,-569871.791735325,-93917.7939160546)
(-176941.709165525,-476003.046191192,-141610.059942563)
(-122933.053270713,-334402.688691621,-161924.696233395)
(-63820.942320602,-172437.365205185,-172417.705002502)
(0,0,0)
(0,0,0)
(0,0,0)
(0,0,0)
(0,0,0)
(0,0,0)
(0,0,0)
(0,0,0)
(0,0,0)
(0,0,0)
(0,0,0)
(0,0,0)
(0,0,0)
(0,0,0)
(0,0,0)
(0,0,0)
(0,0,0)
(0,0,0)
(0,0,0)
(0,0,0)
(0,0,0)
(0,0,0)
(0,0,0)
(0,0,0)
(0,0,0)
(0,0,0)
(0,0,0)
(0,0,0)
(0,0,0)
(0,0,0)
(0,0,0)
(0,0,0)
(0,0,0)
(0,0,0)
(0,0,0)
(0,0,0)
(0,0,0)
(0,0,0)
(0,0,0)
(0,0,0)
(0,0,0)
(0,0,0)
(0,0,0)
(0,0,0)
(0,0,0)
(0,0,0)
(0,0,0)
(0,0,0)
(0,0,0)
(0,0,0)
(0,0,0)
(0,0,0)
(0,0,0)
(0,0,0)
(0,0,0)
(0,0,0)
(0,0,0)
(0,0,0)
(0,0,0)
(0,0,0)
(0,0,0)
(0,0,0)
(0,0,0)
(0,0,0)
(0,0,0)
(0,0,0)
(0,0,0)
(0,0,0)
(0,0,0)
(0,0,0)
(0,0,0)
(0,0,0)
(0,0,0)
(0,0,0)
(0,0,0)
(0,0,0)
(0,0,0)
(0,0,0)
(0,0,0)
(0,0,0)
(0,0,0)
(0,0,0)
(0,0,0)
(0,0,0)
(0,0,0)
(0,0,0)
(0,0,0)
(0,0,0)
(0,0,0)
(0,0,0)
(0,0,0)
(0,0,0)
(0,0,0)
(0,0,0)
(0,0,0)
(0,0,0)
(0,0,0)
(0,0,0)
(0,0,0)
(0,0,0)
(0,0,0)
(0,0,0)
(-478529.951646154,-433.852931030654,689.217310120359)
(-478798.574009422,421.298090963805,163.493646119037)
(-478728.117138363,2734.02849097053,-3264.84383676374)
(-476933.523115112,7778.11933972591,-12465.8779633308)
(-470684.577468639,17358.2271135923,-32346.4565150247)
(-454890.52638311,32468.7229652194,-69857.6757208504)
(-421151.760710687,47497.3211269314,-128141.418573301)
(-358383.028230178,42930.5709130349,-190330.942035014)
(-263584.602916782,29529.595605921,-243257.485605744)
(-140442.401773353,14450.3251392269,-274433.487660916)
(0,0,0)
(0,0,0)
(0,0,0)
(0,0,0)
(0,0,0)
(0,0,0)
(-478470.629482692,-3100.49181280819,1579.42579091587)
(-479057.074867304,-1421.23716786446,2501.84686961787)
(-479825.226078353,3185.34572422648,1749.58844035078)
(-480005.201916529,13777.3949174772,-2884.12934580646)
(-477882.012272587,36029.7311755243,-17212.3718643346)
(-469393.722965316,77009.5925494299,-54815.8452154914)
(-443964.568358616,128509.318928476,-132731.951059822)
(-378882.831662843,105318.019634638,-203754.494337228)
(-277593.123291797,67077.7196435905,-258310.109542095)
(-147231.848966675,31254.2066587946,-288852.724083342)
(0,0,0)
(0,0,0)
(0,0,0)
(0,0,0)
(0,0,0)
(0,0,0)
(-477396.643074873,-10379.4759190749,3277.35409192814)
(-478587.677261404,-8174.71577271314,7137.60348481809)
(-481088.061077604,-1905.60744352105,12348.4870243403)
(-485513.816814731,13578.4837193384,19405.258069096)
(-493376.830234352,50935.5203989368,23801.6043515303)
(-506109.478763709,138584.845321554,-3336.55967762017)
(-512437.128348852,307605.289284579,-155962.264644176)
(-432952.612327946,199309.246671903,-242002.752895474)
(-311267.322240513,110802.761726548,-294077.122125562)
(-162683.459348954,47676.9747608777,-320061.065578631)
(0,0,0)
(0,0,0)
(0,0,0)
(0,0,0)
(0,0,0)
(0,0,0)
(-473103.206291906,-24778.3919600624,5473.8776821553)
(-475089.877540026,-22681.3875443119,13376.8746469816)
(-480008.346268686,-16607.8228429608,27800.1186958527)
(-490844.320501262,-1046.42227619272,56753.8047111092)
(-516268.595839526,40989.7542803572,111425.112204404)
(-578648.562950746,174131.474441264,165540.704861264)
(-704594.99097832,720642.271750773,-264355.681522558)
(-546015.765399152,272284.326768898,-330590.373937992)
(-371340.562245761,124651.105372773,-357254.88953982)
(-187811.763920135,48498.7353416627,-367739.695130462)
(0,0,0)
(0,0,0)
(0,0,0)
(0,0,0)
(0,0,0)
(0,0,0)
(-462183.750266303,-48639.4487775997,7572.27861401943)
(-464944.078072641,-47311.52901006,19372.4379336831)
(-472156.299088083,-43644.0573709166,43266.180936977)
(-489335.571134438,-35256.3496537575,98694.1672722287)
(-534699.764034318,-17547.8876358534,244518.258329211)
(-678681.814989289,12640.2405662193,711947.332446031)
(-1252372.0731651,-477.878408894314,-712744.95338701)
(-717311.481052671,42413.1663992459,-478229.78257467)
(-444284.381997155,28327.8906059317,-433418.859771308)
(-215039.290231029,11648.4700900059,-416204.484123496)
(0,0,0)
(0,0,0)
(0,0,0)
(0,0,0)
(0,0,0)
(0,0,0)
(-439824.059394329,-83298.6127353645,8868.38300963106)
(-443097.070640685,-83109.9266211281,22938.5384528693)
(-451756.877148069,-82682.4897817531,51564.0799389205)
(-472412.595349053,-82248.2707546626,116338.34301337)
(-525445.851683568,-82497.1316377207,274685.912221892)
(-682183.584575048,-79748.5191873409,698784.925217356)
(-1225869.30665197,-637.328717502175,-669822.913464156)
(-736743.068461946,-68286.1206604611,-492281.898516907)
(-459795.98637973,-58110.2736465045,-450086.03399853)
(-221693.191969399,-30802.8751717584,-427819.981976793)
(0,0,0)
(0,0,0)
(0,0,0)
(0,0,0)
(0,0,0)
(0,0,0)
(-400181.71566351,-128008.170877764,9006.48913570406)
(-403596.445602737,-129116.221604905,23259.4850748474)
(-412643.941348111,-132334.280700073,51893.2431064868)
(-434163.216228242,-141525.304904483,116013.325535799)
(-488813.478733461,-171140.994095581,277381.242757454)
(-652260.53814522,-284893.389250966,777847.325467058)
(-1274047.41754143,-825040.03480176,-737370.418636295)
(-713026.340197137,-348134.302050039,-482027.056912119)
(-432979.995494205,-182964.15128584,-422737.154740157)
(-206680.83200461,-80806.4253157599,-396976.677471597)
(0,0,0)
(0,0,0)
(0,0,0)
(0,0,0)
(0,0,0)
(0,0,0)
(-337380.772433406,-178174.382422879,7879.42225431017)
(-340467.605155319,-180320.999959122,19970.8232757471)
(-348554.244130699,-186073.095596547,42627.6055494415)
(-366967.13603433,-199853.790983151,86387.9994906522)
(-408467.725851508,-233305.151339,163614.227211716)
(-501420.537205275,-314481.211791955,237664.118066005)
(-673748.452897285,-478277.838719008,-260442.259929469)
(-507293.051195048,-339487.133732937,-316793.24088789)
(-332381.055046798,-211597.914266169,-320527.111465996)
(-163718.857527297,-100671.779677869,-316126.029687105)
(0,0,0)
(0,0,0)
(0,0,0)
(0,0,0)
(0,0,0)
(0,0,0)
(-247539.638613382,-224182.73738777,5753.31396024367)
(-249830.365622549,-226954.271709149,14232.2904075929)
(-255787.803335254,-233957.012445468,28868.8584277699)
(-268676.733207214,-248776.296091111,53013.5386630475)
(-294699.267414272,-277999.37605748,82484.9579340606)
(-341150.048064567,-328790.72568519,73885.8907392667)
(-393450.913592069,-384995.204553231,-121680.69355403)
(-322483.652212125,-314779.987831692,-188894.870553696)
(-220685.825604686,-213568.366460044,-209584.53350145)
(-111368.542509617,-106832.285906217,-215434.920989953)
(0,0,0)
(0,0,0)
(0,0,0)
(0,0,0)
(0,0,0)
(0,0,0)
(-131890.150083028,-252666.424759364,2994.680870391)
(-133113.312806354,-255674.258233344,7259.1727254927)
(-136203.456000391,-262969.085433297,14091.1055309778)
(-142592.991778799,-277109.569962844,23846.5560928064)
(-154364.0956756,-301043.027584576,31732.2326695533)
(-171927.749794623,-332860.714336654,17748.2306545677)
(-184598.106923971,-350664.049077818,-51432.4642781941)
(-156198.995744557,-299276.009161649,-87679.156369204)
(-109674.887820812,-211626.652413422,-102879.035865728)
(-56215.2981812344,-108690.420458098,-108626.545453213)
(0,0,0)
(0,0,0)
(0,0,0)
(0,0,0)
(0,0,0)
(0,0,0)
(0,0,0)
(0,0,0)
(0,0,0)
(0,0,0)
(0,0,0)
(0,0,0)
(0,0,0)
(0,0,0)
(0,0,0)
(0,0,0)
(0,0,0)
(0,0,0)
(0,0,0)
(0,0,0)
(0,0,0)
(0,0,0)
(0,0,0)
(0,0,0)
(0,0,0)
(0,0,0)
(0,0,0)
(0,0,0)
(0,0,0)
(0,0,0)
(0,0,0)
(0,0,0)
(0,0,0)
(0,0,0)
(0,0,0)
(0,0,0)
(0,0,0)
(0,0,0)
(0,0,0)
(0,0,0)
(0,0,0)
(0,0,0)
(0,0,0)
(0,0,0)
(0,0,0)
(0,0,0)
(0,0,0)
(0,0,0)
(0,0,0)
(0,0,0)
(0,0,0)
(0,0,0)
(0,0,0)
(0,0,0)
(0,0,0)
(0,0,0)
(0,0,0)
(0,0,0)
(0,0,0)
(0,0,0)
(0,0,0)
(0,0,0)
(0,0,0)
(0,0,0)
(0,0,0)
(0,0,0)
(0,0,0)
(0,0,0)
(0,0,0)
(0,0,0)
(0,0,0)
(0,0,0)
(0,0,0)
(0,0,0)
(0,0,0)
(0,0,0)
(0,0,0)
(0,0,0)
(0,0,0)
(0,0,0)
(0,0,0)
(0,0,0)
(0,0,0)
(0,0,0)
(0,0,0)
(0,0,0)
(0,0,0)
(0,0,0)
(0,0,0)
(0,0,0)
(0,0,0)
(0,0,0)
(0,0,0)
(0,0,0)
(0,0,0)
(0,0,0)
(0,0,0)
(0,0,0)
(0,0,0)
(0,0,0)
(0,0,0)
(0,0,0)
(-478369.610047619,-518.794396387048,358.452797852371)
(-478601.729346227,63.9804209644611,97.6277136938609)
(-478550.018305265,1553.24906277941,-1633.720182183)
(-476810.204087976,4620.17387138199,-6377.21308070154)
(-470323.530768045,10070.3818589661,-16808.6416402579)
(-453226.306627621,17899.920798848,-36372.7821945937)
(-416534.960482488,24627.3987108966,-65616.9811336929)
(-350643.03495109,22393.3365712983,-95750.3109840783)
(-254607.90621587,15507.356667887,-120234.364352877)
(-134194.92641519,7630.42669334195,-134112.266404385)
(0,0,0)
(0,0,0)
(0,0,0)
(0,0,0)
(0,0,0)
(0,0,0)
(-477703.484761279,-2200.93962368723,915.000505885146)
(-478551.931562614,-1089.31106938711,1563.14869154656)
(-479962.664015736,1837.25714210259,1416.57854961)
(-481246.060539244,8172.45114003681,-894.840096331518)
(-480214.605019,20435.1234138738,-8926.9889048248)
(-471032.62721809,40235.0699446844,-29623.2337978854)
(-441113.47724967,60024.5183142664,-67871.4445102016)
(-372966.77395213,51255.9129432886,-102650.078592902)
(-270064.933373417,33415.6045147834,-128086.516358175)
(-141790.24623146,15803.8573643327,-141701.549764377)
(0,0,0)
(0,0,0)
(0,0,0)
(0,0,0)
(0,0,0)
(0,0,0)
(-475336.348879555,-6271.87689932249,2010.64308031865)
(-477295.794701737,-4844.15698419068,4473.6064354566)
(-481630.506022602,-902.75001446354,7756.05853702104)
(-489227.278216215,8227.41462925966,11414.5564492851)
(-500476.690759389,28032.6957330967,10916.8446551032)
(-511169.188317775,66059.4651617571,-9847.84100790342)
(-501086.165572122,115494.077107869,-76668.3625782353)
(-424188.854894991,86320.8639898187,-120497.071057719)
(-303493.753001407,50813.5031081639,-145668.53889021)
(-157647.642727827,22589.0330015469,-157489.53114855)
(0,0,0)
(0,0,0)
(0,0,0)
(0,0,0)
(0,0,0)
(0,0,0)
(-468822.054297582,-13979.1136767735,3426.08478312637)
(-472241.257215513,-12644.5297197516,8377.83719417249)
(-480581.429418828,-8834.75718204118,16882.9275118946)
(-497388.588511835,405.800471910147,31248.8096798166)
(-528462.830221809,22520.554789152,48955.1850060461)
(-577222.320366326,74081.2542075777,39507.1533758039)
(-616576.319673883,172859.916426649,-105877.357247416)
(-510559.311387992,101016.265397051,-156029.212665809)
(-354397.805021921,51748.5346229679,-173907.001404456)
(-180330.856175056,21297.2822678743,-180096.158415859)
(0,0,0)
(0,0,0)
(0,0,0)
(0,0,0)
(0,0,0)
(0,0,0)
(-454602.934341254,-26351.4270247459,4791.49742292241)
(-459396.640377781,-25560.5389198541,12160.0689281642)
(-471579.412648685,-23351.5302186686,26099.9555253931)
(-497711.728017435,-18439.847099871,53321.7599801708)
(-550944.790618541,-8397.3699455182,100484.711299063)
(-651324.09879287,9012.17147474195,138196.077835478)
(-789432.790086403,25860.1031446195,-177743.391961197)
(-611613.422167581,22873.8406321389,-205299.026081367)
(-406212.895772275,12744.0192629827,-204365.996946267)
(-201675.967311257,4969.995995052,-201402.033593214)
(0,0,0)
(0,0,0)
(0,0,0)
(0,0,0)
(0,0,0)
(0,0,0)
(-428076.95621701,-43687.8934301647,5589.36322809604)
(-433695.123528178,-43680.9589122186,14307.836107953)
(-448082.285587117,-43679.5563777178,30961.2707060493)
(-479110.234287238,-44108.9409424008,63328.0034867626)
(-542425.204639104,-45980.4870972942,117890.473594077)
(-660277.041102835,-50005.5489306556,155001.650527257)
(-815213.720011253,-49062.9745283475,-180730.858440476)
(-634435.50056531,-44743.0442373186,-215421.54146765)
(-418914.295596247,-31406.4573460328,-212152.755642123)
(-206618.718201615,-15858.7980864498,-206398.435328409)
(0,0,0)
(0,0,0)
(0,0,0)
(0,0,0)
(0,0,0)
(0,0,0)
(-384262.007986674,-65206.3147689893,5598.71366198776)
(-389898.881746255,-66017.7635726083,14237.9544658963)
(-404244.046182177,-68292.4916602989,30450.9945825401)
(-434829.389380421,-74400.2445078605,61408.4713001799)
(-496336.463803846,-90893.8137101976,113844.782983467)
(-610168.632565006,-134158.992839843,155906.321312438)
(-766023.27071718,-224797.847602703,-176382.952437437)
(-589594.42717754,-142493.842216436,-202064.067477923)
(-387395.217051816,-82464.8038109543,-196590.499455388)
(-190675.899860221,-37919.8765072628,-190534.353178964)
(0,0,0)
(0,0,0)
(0,0,0)
(0,0,0)
(0,0,0)
(0,0,0)
(-319006.355663433,-88381.9481014552,4801.21656249328)
(-323831.599289191,-89770.2954881178,11917.7426118754)
(-335838.095549103,-93395.6374627424,24304.7398327221)
(-360290.645511194,-101701.158128309,44929.1629300358)
(-405323.252094481,-119697.760284008,70588.6357468213)
(-475897.065096513,-154353.695929768,65259.8667279818)
(-541163.631478693,-198074.890437849,-94047.9118554609)
(-447059.133711276,-154773.276434007,-142002.395121654)
(-304864.353329661,-99977.190916609,-152006.709733139)
(-152707.505335306,-48380.5984620654,-152557.339970326)
(0,0,0)
(0,0,0)
(0,0,0)
(0,0,0)
(0,0,0)
(0,0,0)
(-230520.377539839,-108832.943552601,3431.73437760111)
(-233935.973062393,-110529.985229672,8297.03155900023)
(-242268.246798535,-114652.67138125,16034.5089407881)
(-258392.013335572,-122963.768601078,27012.3995419138)
(-285452.506720654,-137898.433882082,35966.3124463694)
(-321358.701793889,-159739.27107022,21560.5413161424)
(-342941.399127314,-176281.145817772,-50742.717768691)
(-292176.136858311,-148623.263949069,-87200.245607444)
(-204816.305786471,-102649.079582215,-100397.876760056)
(-104275.025689413,-51715.3943794318,-104156.597662895)
(0,0,0)
(0,0,0)
(0,0,0)
(0,0,0)
(0,0,0)
(0,0,0)
(-121388.686972141,-121102.263933239,1767.85726974996)
(-123155.681252604,-122900.770248736,4181.01073506531)
(-127331.109417598,-127084.187477337,7740.18024835851)
(-135113.815642938,-134821.738181393,12118.9736928138)
(-147298.434096466,-146985.831951453,14140.7101830509)
(-161409.928260487,-161181.135163837,5064.75274253423)
(-166481.402092053,-166273.835512533,-23059.2623946233)
(-143412.081992272,-143235.710604703,-41233.7294912754)
(-102070.927584408,-102004.370007512,-49482.3993023813)
(-52499.4071952967,-52474.2264651303,-52439.458202621)
(0,0,0)
(0,0,0)
(0,0,0)
(0,0,0)
(0,0,0)
(0,0,0)
(0,0,0)
(0,0,0)
(0,0,0)
(0,0,0)
(0,0,0)
(0,0,0)
(0,0,0)
(0,0,0)
(0,0,0)
(0,0,0)
(0,0,0)
(0,0,0)
(0,0,0)
(0,0,0)
(0,0,0)
(0,0,0)
(0,0,0)
(0,0,0)
(0,0,0)
(0,0,0)
(0,0,0)
(0,0,0)
(0,0,0)
(0,0,0)
(0,0,0)
(0,0,0)
(0,0,0)
(0,0,0)
(0,0,0)
(0,0,0)
(0,0,0)
(0,0,0)
(0,0,0)
(0,0,0)
(0,0,0)
(0,0,0)
(0,0,0)
(0,0,0)
(0,0,0)
(0,0,0)
(0,0,0)
(0,0,0)
(0,0,0)
(0,0,0)
(0,0,0)
(0,0,0)
(0,0,0)
(0,0,0)
(0,0,0)
(0,0,0)
(0,0,0)
(0,0,0)
(0,0,0)
(0,0,0)
(0,0,0)
(0,0,0)
(0,0,0)
(0,0,0)
(0,0,0)
(0,0,0)
(0,0,0)
(0,0,0)
(0,0,0)
(0,0,0)
(0,0,0)
(0,0,0)
(0,0,0)
(0,0,0)
(0,0,0)
(0,0,0)
(0,0,0)
(0,0,0)
(0,0,0)
(0,0,0)
(0,0,0)
(0,0,0)
(0,0,0)
(0,0,0)
(0,0,0)
(0,0,0)
(0,0,0)
(0,0,0)
(0,0,0)
(0,0,0)
(0,0,0)
(0,0,0)
(0,0,0)
(0,0,0)
(0,0,0)
(0,0,0)
(0,0,0)
(0,0,0)
(0,0,0)
(0,0,0)
(0,0,0)
(0,0,0)
(0,0,0)
(0,0,0)
(0,0,0)
(0,0,0)
(0,0,0)
(0,0,0)
(0,0,0)
(0,0,0)
(0,0,0)
(0,0,0)
(0,0,0)
(0,0,0)
(0,0,0)
(0,0,0)
(0,0,0)
(0,0,0)
(0,0,0)
(0,0,0)
(0,0,0)
(0,0,0)
(0,0,0)
(0,0,0)
(0,0,0)
(0,0,0)
(0,0,0)
(0,0,0)
(0,0,0)
(0,0,0)
(0,0,0)
(0,0,0)
(0,0,0)
(0,0,0)
(0,0,0)
(0,0,0)
(0,0,0)
(0,0,0)
(0,0,0)
(0,0,0)
(0,0,0)
(0,0,0)
(0,0,0)
(0,0,0)
(0,0,0)
(0,0,0)
(0,0,0)
(0,0,0)
(0,0,0)
(0,0,0)
(0,0,0)
(0,0,0)
(0,0,0)
(0,0,0)
(0,0,0)
(0,0,0)
(0,0,0)
(0,0,0)
(0,0,0)
(0,0,0)
(0,0,0)
(0,0,0)
(0,0,0)
(0,0,0)
(0,0,0)
(0,0,0)
(0,0,0)
(0,0,0)
(0,0,0)
(0,0,0)
(0,0,0)
(0,0,0)
(0,0,0)
(0,0,0)
(0,0,0)
(0,0,0)
(0,0,0)
(0,0,0)
(0,0,0)
(0,0,0)
(0,0,0)
(0,0,0)
(0,0,0)
(0,0,0)
(0,0,0)
(0,0,0)
(0,0,0)
(0,0,0)
(0,0,0)
(0,0,0)
(0,0,0)
(0,0,0)
(0,0,0)
(0,0,0)
(0,0,0)
(0,0,0)
(0,0,0)
(0,0,0)
(0,0,0)
(0,0,0)
(0,0,0)
(0,0,0)
(0,0,0)
(0,0,0)
(0,0,0)
(0,0,0)
(0,0,0)
(0,0,0)
(0,0,0)
(0,0,0)
(0,0,0)
(0,0,0)
(0,0,0)
(0,0,0)
(0,0,0)
(0,0,0)
(0,0,0)
(0,0,0)
(0,0,0)
(0,0,0)
(0,0,0)
(0,0,0)
(0,0,0)
(0,0,0)
(0,0,0)
(0,0,0)
(0,0,0)
(0,0,0)
(0,0,0)
(0,0,0)
(0,0,0)
(0,0,0)
(0,0,0)
(0,0,0)
(0,0,0)
(0,0,0)
(0,0,0)
(0,0,0)
(0,0,0)
(0,0,0)
(0,0,0)
(0,0,0)
(0,0,0)
(0,0,0)
(0,0,0)
(0,0,0)
(0,0,0)
(0,0,0)
(0,0,0)
(0,0,0)
(0,0,0)
(0,0,0)
(0,0,0)
(0,0,0)
(0,0,0)
(0,0,0)
(0,0,0)
(0,0,0)
(0,0,0)
(0,0,0)
(0,0,0)
(0,0,0)
(0,0,0)
(0,0,0)
(0,0,0)
(0,0,0)
(0,0,0)
(0,0,0)
(0,0,0)
(0,0,0)
(0,0,0)
(0,0,0)
(0,0,0)
(0,0,0)
(0,0,0)
(0,0,0)
(0,0,0)
(0,0,0)
(0,0,0)
(0,0,0)
(0,0,0)
(0,0,0)
(0,0,0)
(0,0,0)
(0,0,0)
(0,0,0)
(0,0,0)
(0,0,0)
(0,0,0)
(0,0,0)
(0,0,0)
(0,0,0)
(0,0,0)
(0,0,0)
(0,0,0)
(0,0,0)
(0,0,0)
(0,0,0)
(0,0,0)
(0,0,0)
(0,0,0)
(0,0,0)
(0,0,0)
(0,0,0)
(0,0,0)
(0,0,0)
(0,0,0)
(0,0,0)
(0,0,0)
(0,0,0)
(0,0,0)
(0,0,0)
(0,0,0)
(0,0,0)
(0,0,0)
(0,0,0)
(0,0,0)
(0,0,0)
(0,0,0)
(0,0,0)
(0,0,0)
(0,0,0)
(0,0,0)
(0,0,0)
(0,0,0)
(0,0,0)
(0,0,0)
(0,0,0)
(0,0,0)
(0,0,0)
(0,0,0)
(0,0,0)
(0,0,0)
(0,0,0)
(0,0,0)
(0,0,0)
(0,0,0)
(0,0,0)
(0,0,0)
(0,0,0)
(0,0,0)
(0,0,0)
(0,0,0)
(0,0,0)
(0,0,0)
(0,0,0)
(0,0,0)
(0,0,0)
(0,0,0)
(0,0,0)
(0,0,0)
(0,0,0)
(0,0,0)
(0,0,0)
(0,0,0)
(0,0,0)
(0,0,0)
(0,0,0)
(0,0,0)
(0,0,0)
(0,0,0)
(0,0,0)
(0,0,0)
(0,0,0)
(0,0,0)
(0,0,0)
(0,0,0)
(0,0,0)
(0,0,0)
(0,0,0)
(0,0,0)
(0,0,0)
(0,0,0)
(0,0,0)
(0,0,0)
(0,0,0)
(0,0,0)
(0,0,0)
(0,0,0)
(0,0,0)
(0,0,0)
(0,0,0)
(0,0,0)
(0,0,0)
(0,0,0)
(0,0,0)
(0,0,0)
(0,0,0)
(0,0,0)
(0,0,0)
(0,0,0)
(0,0,0)
(0,0,0)
(0,0,0)
(0,0,0)
(0,0,0)
(0,0,0)
(0,0,0)
(0,0,0)
(0,0,0)
(0,0,0)
(0,0,0)
(0,0,0)
(0,0,0)
(0,0,0)
(0,0,0)
(0,0,0)
(0,0,0)
(0,0,0)
(0,0,0)
(0,0,0)
(0,0,0)
(0,0,0)
(0,0,0)
(0,0,0)
(0,0,0)
(0,0,0)
(0,0,0)
(0,0,0)
(0,0,0)
(0,0,0)
(0,0,0)
(0,0,0)
(0,0,0)
(0,0,0)
(0,0,0)
(0,0,0)
(0,0,0)
(0,0,0)
(0,0,0)
(0,0,0)
(0,0,0)
(0,0,0)
(0,0,0)
(0,0,0)
(0,0,0)
(0,0,0)
(0,0,0)
(0,0,0)
(0,0,0)
(0,0,0)
(0,0,0)
(0,0,0)
(0,0,0)
(0,0,0)
(0,0,0)
(0,0,0)
(0,0,0)
(0,0,0)
(0,0,0)
(0,0,0)
(0,0,0)
(0,0,0)
(0,0,0)
(0,0,0)
(0,0,0)
(0,0,0)
(0,0,0)
(0,0,0)
(0,0,0)
(0,0,0)
(0,0,0)
(0,0,0)
(0,0,0)
(0,0,0)
(0,0,0)
(0,0,0)
(0,0,0)
(0,0,0)
(0,0,0)
(0,0,0)
(0,0,0)
(0,0,0)
(0,0,0)
(0,0,0)
(0,0,0)
(0,0,0)
(0,0,0)
(0,0,0)
(0,0,0)
(0,0,0)
(0,0,0)
(0,0,0)
(0,0,0)
(0,0,0)
(0,0,0)
(0,0,0)
(0,0,0)
(0,0,0)
(0,0,0)
(0,0,0)
(0,0,0)
(0,0,0)
(0,0,0)
(0,0,0)
(0,0,0)
(0,0,0)
(0,0,0)
(0,0,0)
(0,0,0)
(0,0,0)
(0,0,0)
(0,0,0)
(0,0,0)
(0,0,0)
(0,0,0)
(0,0,0)
(0,0,0)
(0,0,0)
(0,0,0)
(0,0,0)
(0,0,0)
(0,0,0)
(0,0,0)
(0,0,0)
(0,0,0)
(0,0,0)
(0,0,0)
(0,0,0)
(0,0,0)
(0,0,0)
(0,0,0)
(0,0,0)
(0,0,0)
(0,0,0)
(0,0,0)
(0,0,0)
(0,0,0)
(0,0,0)
(0,0,0)
(0,0,0)
(0,0,0)
(0,0,0)
(0,0,0)
(0,0,0)
(0,0,0)
(0,0,0)
(0,0,0)
(0,0,0)
(0,0,0)
(0,0,0)
(0,0,0)
(0,0,0)
(0,0,0)
(0,0,0)
(0,0,0)
(0,0,0)
(0,0,0)
(0,0,0)
(0,0,0)
(0,0,0)
(0,0,0)
(0,0,0)
(0,0,0)
(0,0,0)
(0,0,0)
(0,0,0)
(0,0,0)
(0,0,0)
(0,0,0)
(0,0,0)
(0,0,0)
(0,0,0)
(0,0,0)
(0,0,0)
(0,0,0)
(0,0,0)
(0,0,0)
(0,0,0)
(0,0,0)
(0,0,0)
(0,0,0)
(0,0,0)
(0,0,0)
(0,0,0)
(0,0,0)
(0,0,0)
(0,0,0)
(0,0,0)
(0,0,0)
(0,0,0)
(0,0,0)
(0,0,0)
(0,0,0)
(0,0,0)
(0,0,0)
(0,0,0)
(0,0,0)
(0,0,0)
(0,0,0)
(0,0,0)
(0,0,0)
(0,0,0)
(0,0,0)
(0,0,0)
(0,0,0)
(0,0,0)
(0,0,0)
(0,0,0)
(0,0,0)
(0,0,0)
(0,0,0)
(0,0,0)
(0,0,0)
(0,0,0)
(0,0,0)
(0,0,0)
(0,0,0)
(0,0,0)
(0,0,0)
(0,0,0)
(0,0,0)
(0,0,0)
(0,0,0)
(0,0,0)
(0,0,0)
(0,0,0)
(0,0,0)
(0,0,0)
(0,0,0)
(0,0,0)
(0,0,0)
(0,0,0)
(0,0,0)
(0,0,0)
(0,0,0)
(0,0,0)
(0,0,0)
(0,0,0)
(0,0,0)
(0,0,0)
(0,0,0)
(0,0,0)
(0,0,0)
(0,0,0)
(0,0,0)
(0,0,0)
(0,0,0)
(0,0,0)
(0,0,0)
(0,0,0)
(0,0,0)
(0,0,0)
(0,0,0)
(0,0,0)
(0,0,0)
(0,0,0)
(0,0,0)
(0,0,0)
(0,0,0)
(0,0,0)
(0,0,0)
(0,0,0)
(0,0,0)
(0,0,0)
(0,0,0)
(0,0,0)
(0,0,0)
(0,0,0)
(0,0,0)
(0,0,0)
(0,0,0)
(0,0,0)
(0,0,0)
(0,0,0)
(0,0,0)
(0,0,0)
(0,0,0)
(0,0,0)
(0,0,0)
(0,0,0)
(0,0,0)
(0,0,0)
(0,0,0)
(0,0,0)
(0,0,0)
(0,0,0)
(0,0,0)
(0,0,0)
(0,0,0)
(0,0,0)
(0,0,0)
(0,0,0)
(0,0,0)
(0,0,0)
(0,0,0)
(0,0,0)
(0,0,0)
(0,0,0)
(0,0,0)
(0,0,0)
(0,0,0)
(0,0,0)
(0,0,0)
(0,0,0)
(0,0,0)
(0,0,0)
(0,0,0)
(0,0,0)
(0,0,0)
(0,0,0)
(0,0,0)
(0,0,0)
(0,0,0)
(0,0,0)
(0,0,0)
(0,0,0)
(0,0,0)
(0,0,0)
(0,0,0)
(0,0,0)
(0,0,0)
(0,0,0)
(0,0,0)
(0,0,0)
(0,0,0)
(0,0,0)
(0,0,0)
(0,0,0)
(0,0,0)
(0,0,0)
(0,0,0)
(0,0,0)
(0,0,0)
(0,0,0)
(0,0,0)
(0,0,0)
(0,0,0)
(0,0,0)
(0,0,0)
(0,0,0)
(0,0,0)
(0,0,0)
(0,0,0)
(0,0,0)
(0,0,0)
(0,0,0)
(0,0,0)
(0,0,0)
(0,0,0)
(0,0,0)
(0,0,0)
(0,0,0)
(0,0,0)
(0,0,0)
(0,0,0)
(0,0,0)
(0,0,0)
(0,0,0)
(0,0,0)
(0,0,0)
(0,0,0)
(0,0,0)
(0,0,0)
(0,0,0)
(0,0,0)
(0,0,0)
(0,0,0)
(0,0,0)
(0,0,0)
(0,0,0)
(0,0,0)
(0,0,0)
(0,0,0)
(0,0,0)
(0,0,0)
(0,0,0)
(0,0,0)
(0,0,0)
(0,0,0)
(0,0,0)
(0,0,0)
(0,0,0)
(0,0,0)
(0,0,0)
(0,0,0)
(0,0,0)
(0,0,0)
(0,0,0)
(0,0,0)
(0,0,0)
(0,0,0)
(0,0,0)
(0,0,0)
(0,0,0)
(0,0,0)
(0,0,0)
(0,0,0)
(0,0,0)
(0,0,0)
(0,0,0)
(0,0,0)
(0,0,0)
(0,0,0)
(0,0,0)
(0,0,0)
(0,0,0)
(0,0,0)
(0,0,0)
(0,0,0)
(0,0,0)
(0,0,0)
(0,0,0)
(0,0,0)
(0,0,0)
(0,0,0)
(0,0,0)
(0,0,0)
(0,0,0)
(0,0,0)
(0,0,0)
(0,0,0)
(0,0,0)
(0,0,0)
(0,0,0)
(0,0,0)
(0,0,0)
(0,0,0)
(0,0,0)
