(0,0,0)
(0,0,0)
(0,0,0)
(0,0,0)
(0,0,0)
(0,0,0)
(0,0,0)
(0,0,0)
(0,0,0)
(0,0,0)
(0,0,0)
(0,0,0)
(0,0,0)
(0,0,0)
(0,0,0)
(0,0,0)
(0,0,0)
(0,0,0)
(0,0,0)
(0,0,0)
(0,0,0)
(0,0,0)
(0,0,0)
(0,0,0)
(0,0,0)
(0,0,0)
(0,0,0)
(0,0,0)
(0,0,0)
(0,0,0)
(0,0,0)
(0,0,0)
(0,0,0)
(0,0,0)
(0,0,0)
(0,0,0)
(0,0,0)
(0,0,0)
(0,0,0)
(0,0,0)
(0,0,0)
(0,0,0)
(0,0,0)
(0,0,0)
(0,0,0)
(0,0,0)
(0,0,0)
(0,0,0)
(0,0,0)
(0,0,0)
(0,0,0)
(0,0,0)
(0,0,0)
(0,0,0)
(0,0,0)
(0,0,0)
(0,0,0)
(0,0,0)
(0,0,0)
(0,0,0)
(0,0,0)
(0,0,0)
(0,0,0)
(0,0,0)
(0,0,0)
(0,0,0)
(0,0,0)
(0,0,0)
(0,0,0)
(0,0,0)
(0,0,0)
(0,0,0)
(0,0,0)
(0,0,0)
(0,0,0)
(0,0,0)
(0,0,0)
(0,0,0)
(0,0,0)
(0,0,0)
(0,0,0)
(0,0,0)
(0,0,0)
(0,0,0)
(0,0,0)
(0,0,0)
(0,0,0)
(0,0,0)
(0,0,0)
(0,0,0)
(0,0,0)
(0,0,0)
(0,0,0)
(0,0,0)
(0,0,0)
(0,0,0)
(0,0,0)
(0,0,0)
(0,0,0)
(0,0,0)
(0,0,0)
(0,0,0)
(0,0,0)
(0,0,0)
(0,0,0)
(0,0,0)
(0,0,0)
(0,0,0)
(0,0,0)
(0,0,0)
(0,0,0)
(0,0,0)
(0,0,0)
(0,0,0)
(0,0,0)
(0,0,0)
(0,0,0)
(0,0,0)
(0,0,0)
(0,0,0)
(0,0,0)
(0,0,0)
(0,0,0)
(0,0,0)
(0,0,0)
(0,0,0)
(0,0,0)
(0,0,0)
(0,0,0)
(0,0,0)
(0,0,0)
(0,0,0)
(0,0,0)
(0,0,0)
(0,0,0)
(0,0,0)
(0,0,0)
(0,0,0)
(0,0,0)
(0,0,0)
(0,0,0)
(0,0,0)
(0,0,0)
(0,0,0)
(0,0,0)
(0,0,0)
(0,0,0)
(0,0,0)
(0,0,0)
(0,0,0)
(0,0,0)
(0,0,0)
(0,0,0)
(0,0,0)
(0,0,0)
(0,0,0)
(0,0,0)
(0,0,0)
(0,0,0)
(0,0,0)
(0,0,0)
(0,0,0)
(0,0,0)
(0,0,0)
(0,0,0)
(0,0,0)
(0,0,0)
(0,0,0)
(0,0,0)
(0,0,0)
(0,0,0)
(0,0,0)
(0,0,0)
(0,0,0)
(0,0,0)
(0,0,0)
(0,0,0)
(0,0,0)
(0,0,0)
(0,0,0)
(0,0,0)
(0,0,0)
(0,0,0)
(0,0,0)
(0,0,0)
(0,0,0)
(0,0,0)
(0,0,0)
(0,0,0)
(0,0,0)
(0,0,0)
(0,0,0)
(0,0,0)
(0,0,0)
(0,0,0)
(0,0,0)
(0,0,0)
(0,0,0)
(0,0,0)
(0,0,0)
(0,0,0)
(0,0,0)
(0,0,0)
(0,0,0)
(0,0,0)
(0,0,0)
(0,0,0)
(0,0,0)
(0,0,0)
(0,0,0)
(0,0,0)
(0,0,0)
(0,0,0)
(0,0,0)
(0,0,0)
(0,0,0)
(0,0,0)
(0,0,0)
(0,0,0)
(0,0,0)
(0,0,0)
(0,0,0)
(0,0,0)
(0,0,0)
(0,0,0)
(0,0,0)
(0,0,0)
(0,0,0)
(0,0,0)
(0,0,0)
(0,0,0)
(0,0,0)
(0,0,0)
(0,0,0)
(0,0,0)
(0,0,0)
(0,0,0)
(0,0,0)
(0,0,0)
(0,0,0)
(0,0,0)
(0,0,0)
(0,0,0)
(0,0,0)
(0,0,0)
(0,0,0)
(0,0,0)
(0,0,0)
(0,0,0)
(0,0,0)
(0,0,0)
(0,0,0)
(0,0,0)
(0,0,0)
(0,0,0)
(0,0,0)
(0,0,0)
(0,0,0)
(0,0,0)
(0,0,0)
(0,0,0)
(0,0,0)
(0,0,0)
(0,0,0)
(0,0,0)
(0,0,0)
(0,0,0)
(0,0,0)
(0,0,0)
(0,0,0)
(0,0,0)
(0,0,0)
(0,0,0)
(0,0,0)
(0,0,0)
(0,0,0)
(0,0,0)
(0,0,0)
(0,0,0)
(0,0,0)
(0,0,0)
(0,0,0)
(0,0,0)
(0,0,0)
(0,0,0)
(0,0,0)
(0,0,0)
(0,0,0)
(0,0,0)
(0,0,0)
(0,0,0)
(0,0,0)
(0,0,0)
(0,0,0)
(0,0,0)
(0,0,0)
(0,0,0)
(0,0,0)
(0,0,0)
(0,0,0)
(0,0,0)
(0,0,0)
(0,0,0)
(0,0,0)
(0,0,0)
(0,0,0)
(0,0,0)
(0,0,0)
(0,0,0)
(0,0,0)
(0,0,0)
(0,0,0)
(0,0,0)
(0,0,0)
(0,0,0)
(0,0,0)
(0,0,0)
(0,0,0)
(0,0,0)
(0,0,0)
(0,0,0)
(0,0,0)
(0,0,0)
(0,0,0)
(0,0,0)
(0,0,0)
(0,0,0)
(0,0,0)
(0,0,0)
(0,0,0)
(0,0,0)
(0,0,0)
(0,0,0)
(0,0,0)
(0,0,0)
(0,0,0)
(0,0,0)
(0,0,0)
(0,0,0)
(0,0,0)
(0,0,0)
(0,0,0)
(0,0,0)
(0,0,0)
(0,0,0)
(0,0,0)
(0,0,0)
(0,0,0)
(0,0,0)
(0,0,0)
(0,0,0)
(0,0,0)
(0,0,0)
(0,0,0)
(0,0,0)
(0,0,0)
(0,0,0)
(0,0,0)
(0,0,0)
(0,0,0)
(0,0,0)
(0,0,0)
(0,0,0)
(0,0,0)
(0,0,0)
(0,0,0)
(0,0,0)
(0,0,0)
(0,0,0)
(0,0,0)
(0,0,0)
(0,0,0)
(0,0,0)
(0,0,0)
(0,0,0)
(0,0,0)
(0,0,0)
(0,0,0)
(0,0,0)
(0,0,0)
(0,0,0)
(0,0,0)
(0,0,0)
(0,0,0)
(0,0,0)
(0,0,0)
(0,0,0)
(0,0,0)
(0,0,0)
(0,0,0)
(0,0,0)
(0,0,0)
(0,0,0)
(0,0,0)
(0,0,0)
(0,0,0)
(0,0,0)
(0,0,0)
(0,0,0)
(0,0,0)
(0,0,0)
(0,0,0)
(0,0,0)
(0,0,0)
(0,0,0)
(0,0,0)
(0,0,0)
(0,0,0)
(0,0,0)
(0,0,0)
(0,0,0)
(0,0,0)
(0,0,0)
(0,0,0)
(0,0,0)
(0,0,0)
(0,0,0)
(0,0,0)
(0,0,0)
(0,0,0)
(0,0,0)
(0,0,0)
(0,0,0)
(0,0,0)
(0,0,0)
(0,0,0)
(0,0,0)
(0,0,0)
(0,0,0)
(0,0,0)
(0,0,0)
(0,0,0)
(0,0,0)
(0,0,0)
(0,0,0)
(0,0,0)
(0,0,0)
(0,0,0)
(0,0,0)
(0,0,0)
(0,0,0)
(0,0,0)
(0,0,0)
(0,0,0)
(0,0,0)
(0,0,0)
(0,0,0)
(0,0,0)
(0,0,0)
(0,0,0)
(0,0,0)
(0,0,0)
(0,0,0)
(0,0,0)
(0,0,0)
(0,0,0)
(0,0,0)
(0,0,0)
(0,0,0)
(0,0,0)
(0,0,0)
(0,0,0)
(0,0,0)
(0,0,0)
(0,0,0)
(0,0,0)
(0,0,0)
(0,0,0)
(0,0,0)
(0,0,0)
(0,0,0)
(0,0,0)
(0,0,0)
(0,0,0)
(0,0,0)
(0,0,0)
(0,0,0)
(0,0,0)
(0,0,0)
(0,0,0)
(0,0,0)
(0,0,0)
(0,0,0)
(0,0,0)
(0,0,0)
(0,0,0)
(0,0,0)
(0,0,0)
(0,0,0)
(0,0,0)
(0,0,0)
(0,0,0)
(0,0,0)
(0,0,0)
(0,0,0)
(0,0,0)
(0,0,0)
(0,0,0)
(0,0,0)
(0,0,0)
(0,0,0)
(0,0,0)
(0,0,0)
(0,0,0)
(0,0,0)
(0,0,0)
(0,0,0)
(0,0,0)
(0,0,0)
(0,0,0)
(0,0,0)
(0,0,0)
(0,0,0)
(0,0,0)
(0,0,0)
(0,0,0)
(0,0,0)
(0,0,0)
(0,0,0)
(0,0,0)
(0,0,0)
(0,0,0)
(0,0,0)
(0,0,0)
(0,0,0)
(0,0,0)
(0,0,0)
(0,0,0)
(0,0,0)
(0,0,0)
(0,0,0)
(0,0,0)
(0,0,0)
(0,0,0)
(0,0,0)
(0,0,0)
(0,0,0)
(0,0,0)
(0,0,0)
(0,0,0)
(0,0,0)
(0,0,0)
(0,0,0)
(0,0,0)
(0,0,0)
(0,0,0)
(0,0,0)
(0,0,0)
(0,0,0)
(0,0,0)
(0,0,0)
(0,0,0)
(0,0,0)
(0,0,0)
(0,0,0)
(0,0,0)
(0,0,0)
(0,0,0)
(0,0,0)
(0,0,0)
(0,0,0)
(0,0,0)
(0,0,0)
(0,0,0)
(0,0,0)
(0,0,0)
(0,0,0)
(0,0,0)
(0,0,0)
(0,0,0)
(0,0,0)
(0,0,0)
(0,0,0)
(0,0,0)
(0,0,0)
(0,0,0)
(0,0,0)
(0,0,0)
(0,0,0)
(0,0,0)
(0,0,0)
(0,0,0)
(0,0,0)
(0,0,0)
(0,0,0)
(0,0,0)
(0,0,0)
(0,0,0)
(0,0,0)
(0,0,0)
(0,0,0)
(0,0,0)
(0,0,0)
(0,0,0)
(0,0,0)
(0,0,0)
(0,0,0)
(0,0,0)
(0,0,0)
(0,0,0)
(0,0,0)
(0,0,0)
(0,0,0)
(0,0,0)
(0,0,0)
(0,0,0)
(0,0,0)
(0,0,0)
(0,0,0)
(0,0,0)
(0,0,0)
(0,0,0)
(0,0,0)
(0,0,0)
(0,0,0)
(0,0,0)
(0,0,0)
(0,0,0)
(0,0,0)
(0,0,0)
(0,0,0)
(0,0,0)
(0,0,0)
(0,0,0)
(0,0,0)
(0,0,0)
(0,0,0)
(0,0,0)
(0,0,0)
(0,0,0)
(0,0,0)
(0,0,0)
(0,0,0)
(0,0,0)
(0,0,0)
(0,0,0)
(0,0,0)
(0,0,0)
(0,0,0)
(0,0,0)
(0,0,0)
(0,0,0)
(0,0,0)
(0,0,0)
(0,0,0)
(0,0,0)
(0,0,0)
(0,0,0)
(0,0,0)
(0,0,0)
(0,0,0)
(0,0,0)
(0,0,0)
(0,0,0)
(0,0,0)
(0,0,0)
(0,0,0)
(0,0,0)
(0,0,0)
(0,0,0)
(0,0,0)
(0,0,0)
(0,0,0)
(0,0,0)
(0,0,0)
(0,0,0)
(0,0,0)
(0,0,0)
(0,0,0)
(0,0,0)
(0,0,0)
(0,0,0)
(0,0,0)
(0,0,0)
(0,0,0)
(0,0,0)
(0,0,0)
(0,0,0)
(0,0,0)
(0,0,0)
(0,0,0)
(0,0,0)
(0,0,0)
(0,0,0)
(0,0,0)
(0,0,0)
(0,0,0)
(0,0,0)
(0,0,0)
(0,0,0)
(0,0,0)
(0,0,0)
(0,0,0)
(0,0,0)
(0,0,0)
(0,0,0)
(0,0,0)
(0,0,0)
(0,0,0)
(0,0,0)
(0,0,0)
(0,0,0)
(0,0,0)
(0,0,0)
(0,0,0)
(0,0,0)
(0,0,0)
(0,0,0)
(0,0,0)
(0,0,0)
(0,0,0)
(0,0,0)
(0,0,0)
(0,0,0)
(0,0,0)
(0,0,0)
(0,0,0)
(0,0,0)
(0,0,0)
(0,0,0)
(0,0,0)
(0,0,0)
(0,0,0)
(0,0,0)
(0,0,0)
(0,0,0)
(0,0,0)
(0,0,0)
(0,0,0)
(0,0,0)
(0,0,0)
(0,0,0)
(0,0,0)
(0,0,0)
(0,0,0)
(0,0,0)
(0,0,0)
(0,0,0)
(0,0,0)
(0,0,0)
(0,0,0)
(0,0,0)
(0,0,0)
(0,0,0)
(0,0,0)
(0,0,0)
(0,0,0)
(0,0,0)
(0,0,0)
(0,0,0)
(0,0,0)
(0,0,0)
(0,0,0)
(0,0,0)
(0,0,0)
(0,0,0)
(0,0,0)
(0,0,0)
(0,0,0)
(0,0,0)
(0,0,0)
(0,0,0)
(0,0,0)
(0,0,0)
(0,0,0)
(0,0,0)
(0,0,0)
(0,0,0)
(0,0,0)
(0,0,0)
(0,0,0)
(0,0,0)
(0,0,0)
(0,0,0)
(0,0,0)
(0,0,0)
(0,0,0)
(0,0,0)
(0,0,0)
(0,0,0)
(0,0,0)
(0,0,0)
(0,0,0)
(0,0,0)
(0,0,0)
(0,0,0)
(0,0,0)
(0,0,0)
(0,0,0)
(0,0,0)
(0,0,0)
(0,0,0)
(0,0,0)
(0,0,0)
(0,0,0)
(0,0,0)
(0,0,0)
(0,0,0)
(0,0,0)
(0,0,0)
(0,0,0)
(0,0,0)
(0,0,0)
(0,0,0)
(0,0,0)
(0,0,0)
(0,0,0)
(0,0,0)
(0,0,0)
(0,0,0)
(0,0,0)
(0,0,0)
(0,0,0)
(0,0,0)
(0,0,0)
(0,0,0)
(0,0,0)
(0,0,0)
(0,0,0)
(-7305.62026972565,3922.38458329758,3383.23568642806)
(-7754.80767798686,3770.28114852094,7367.76221589398)
(-8750.26909233134,3449.36204009088,12668.6692681344)
(-10705.5733646834,2925.8848862416,20448.3577465763)
(-14313.7886147002,2214.240617814,32547.9057434625)
(-20766.1233605247,1397.62262142033,51916.4064825668)
(-32342.2350971889,646.326715740654,83612.314864015)
(-53160.8563772982,187.870222281144,136585.301019032)
(-87899.3755109202,21.3664741884198,224463.310055764)
(-122689.648585141,3.62615873686238,347149.332482169)
(0,0,0)
(0,0,0)
(0,0,0)
(0,0,0)
(0,0,0)
(0,0,0)
(-7755.60016130321,8471.5014701118,3206.483274489)
(-8200.27803269731,8173.45610744262,7003.58634826462)
(-9220.36594433876,7565.79002479465,12107.5243078996)
(-11227.0167086961,6558.20983045849,19702.2160723788)
(-14924.3248952235,5144.22708054691,31696.5545048694)
(-21532.3659761553,3459.35074175164,51167.1923606933)
(-33237.4539743688,1851.66858494225,83199.3044658606)
(-53967.6809222,839.059193674711,136515.796416667)
(-88441.643709643,426.659739721115,224552.146860777)
(-122944.495059313,232.472381176329,347267.795697651)
(0,0,0)
(0,0,0)
(0,0,0)
(0,0,0)
(0,0,0)
(0,0,0)
(-8741.43651205025,14321.3645153853,2891.57346677679)
(-9206.13076095248,13928.6324594273,6342.5278757446)
(-10284.8172575091,13117.625318268,11075.5098397804)
(-12402.0350017549,11745.2757215344,18290.4789504595)
(-16320.1474420226,9736.21724563341,30018.6362273955)
(-23333.8153007252,7207.29070872036,49604.5115611521)
(-35439.1847296154,4612.69490033671,82282.669975373)
(-55994.8861190644,2839.97328317492,136276.642004937)
(-89746.9459237599,1885.84894026985,224564.398728148)
(-123532.851119109,1033.67469784361,347296.04753059)
(0,0,0)
(0,0,0)
(0,0,0)
(0,0,0)
(0,0,0)
(0,0,0)
(-10654.9996373711,22519.7566586625,2456.60749409389)
(-11141.2598554308,22096.2274252761,5430.27238367589)
(-12281.4870129399,21195.875262544,9633.50945233974)
(-14536.5966073957,19643.0399914642,16272.3417898056)
(-18808.4385686117,17296.3956582916,27520.6019457591)
(-26563.2724550911,14188.9345911992,47102.2305183714)
(-39598.9942486577,10681.3239839464,80632.5956834195)
(-59864.0159204328,7825.11602827327,135511.468858754)
(-92105.5613817707,5575.34099627358,223927.538184521)
(-124564.282139127,3010.28299697446,346515.212024517)
(0,0,0)
(0,0,0)
(0,0,0)
(0,0,0)
(0,0,0)
(0,0,0)
(-14143.845588874,34694.1364618558,1969.46578568066)
(-14633.3883955406,34283.0507112246,4416.03089527273)
(-15798.1246240462,33394.2650275959,8015.76575426694)
(-18152.305405643,31860.2096193226,13950.9015320516)
(-22769.3875420954,29535.2005062294,24481.4842262092)
(-31412.7160573612,26350.3168769317,43732.817997838)
(-45896.7863029823,22404.0910381882,77906.8372465784)
(-65718.2593676074,18032.0539060577,133418.158736401)
(-95517.4146366298,12982.9601284242,221527.954240881)
(-126045.481423105,6891.48360361908,343692.23505734)
(0,0,0)
(0,0,0)
(0,0,0)
(0,0,0)
(0,0,0)
(0,0,0)
(-20434.6239422417,53614.7751338244,1513.98527027306)
(-20910.3330323428,53243.6569443095,3463.71206953087)
(-22049.0637676445,52432.7779027044,6474.26296206692)
(-24358.4481045705,51015.0580332263,11677.8626527337)
(-28964.4393550272,48792.1539953178,21385.3485186726)
(-37702.6805460179,45527.3966793003,39910.9492623219)
(-52168.9875403066,40838.7965819185,73645.2312588982)
(-71079.676556515,34283.3081688092,128473.653552662)
(-99214.0602432039,25137.7824736743,215532.891450616)
(-127910.52596924,13438.2366026729,336896.664420802)
(0,0,0)
(0,0,0)
(0,0,0)
(0,0,0)
(0,0,0)
(0,0,0)
(-31880.3019299718,84377.0306235966,1118.04644019961)
(-32309.5700757106,84050.1726130622,2621.10084715749)
(-33335.2390091006,83299.5725096115,5089.54524935104)
(-35432.6060483093,81963.8775005121,9573.33183037448)
(-39681.178944043,79776.1861131451,18270.4786565901)
(-47835.6809603523,76267.4980246719,35366.0582715707)
(-61358.9167370423,70399.2732827668,67164.4983077648)
(-78558.558481092,60673.6038239554,119332.761133711)
(-104803.79209161,45449.937004984,203824.398694011)
(-130990.60990791,24793.0208884153,323460.224316178)
(0,0,0)
(0,0,0)
(0,0,0)
(0,0,0)
(0,0,0)
(0,0,0)
(-52678.8950159601,136240.539705515,815.385934041288)
(-53031.2558754615,135941.403500606,1955.41092195868)
(-53871.5902741011,135210.300416974,3916.27328869757)
(-55583.5285980162,133847.98935323,7615.69003399564)
(-59071.0750204768,131493.582710269,14969.3684573488)
(-65827.4584620202,127387.062811333,29677.2621327082)
(-77139.9893254304,119675.099412507,57541.4253283982)
(-91113.9963227265,105196.563980547,104132.461494533)
(-115063.508749148,81464.8127567227,183181.094491942)
(-136932.386081937,46224.2042396695,298682.297222625)
(0,0,0)
(0,0,0)
(0,0,0)
(0,0,0)
(0,0,0)
(0,0,0)
(-87546.7051679379,223256.726282057,530.518591396358)
(-87792.6052058711,222935.320755188,1329.2065426855)
(-88378.1347192238,222146.658724079,2770.98295480442)
(-89538.3814673092,220622.585607332,5534.76816801143)
(-91851.4145363669,217801.671354227,11078.0940604198)
(-96225.5271924879,212548.414570217,22142.2694940234)
(-103645.53192856,202299.309412025,43163.5914230651)
(-114795.400096659,182727.828414905,80427.727085366)
(-133995.32945022,147965.736898982,147922.132393327)
(-147322.271739778,89062.4344315772,252406.173941197)
(0,0,0)
(0,0,0)
(0,0,0)
(0,0,0)
(0,0,0)
(0,0,0)
(-122526.425061106,345528.56362809,254.587715072173)
(-122652.156299418,345169.952979005,672.111790674299)
(-122944.507069392,344302.349586836,1460.9279973092)
(-123510.830515626,342620.747163294,2973.59695697335)
(-124632.826834768,339405.305352237,6002.78979373109)
(-126741.792844168,333258.343099924,12034.654108192)
(-130457.748653212,321140.914405431,23650.7977679981)
(-136773.233249941,297513.715996004,45638.1434368406)
(-147309.501468856,251977.047189783,88936.334614895)
(-148435.553629954,163176.112884861,163258.209791565)
(0,0,0)
(0,0,0)
(0,0,0)
(0,0,0)
(0,0,0)
(0,0,0)
(0,0,0)
(0,0,0)
(0,0,0)
(0,0,0)
(0,0,0)
(0,0,0)
(0,0,0)
(0,0,0)
(0,0,0)
(0,0,0)
(0,0,0)
(0,0,0)
(0,0,0)
(0,0,0)
(0,0,0)
(0,0,0)
(0,0,0)
(0,0,0)
(0,0,0)
(0,0,0)
(0,0,0)
(0,0,0)
(0,0,0)
(0,0,0)
(0,0,0)
(0,0,0)
(0,0,0)
(0,0,0)
(0,0,0)
(0,0,0)
(0,0,0)
(0,0,0)
(0,0,0)
(0,0,0)
(0,0,0)
(0,0,0)
(0,0,0)
(0,0,0)
(0,0,0)
(0,0,0)
(0,0,0)
(0,0,0)
(0,0,0)
(0,0,0)
(0,0,0)
(0,0,0)
(0,0,0)
(0,0,0)
(0,0,0)
(0,0,0)
(0,0,0)
(0,0,0)
(0,0,0)
(0,0,0)
(0,0,0)
(0,0,0)
(0,0,0)
(0,0,0)
(0,0,0)
(0,0,0)
(0,0,0)
(0,0,0)
(0,0,0)
(0,0,0)
(0,0,0)
(0,0,0)
(0,0,0)
(0,0,0)
(0,0,0)
(0,0,0)
(0,0,0)
(0,0,0)
(0,0,0)
(0,0,0)
(0,0,0)
(0,0,0)
(0,0,0)
(0,0,0)
(0,0,0)
(0,0,0)
(0,0,0)
(0,0,0)
(0,0,0)
(0,0,0)
(0,0,0)
(0,0,0)
(0,0,0)
(0,0,0)
(0,0,0)
(0,0,0)
(0,0,0)
(0,0,0)
(0,0,0)
(0,0,0)
(0,0,0)
(0,0,0)
(1153824.66411762,3500.43740925667,2958.44133183992)
(1153086.76852332,3342.53880369359,6363.4894552773)
(1151410.33728993,2998.58010701112,10793.4660944444)
(1148186.7095848,2434.19121823848,17056.1550551581)
(1142330.51491872,1629.48995710747,26371.5246930716)
(1131934.22896815,662.025512958032,40598.3099798737)
(1113056.78767528,-219.139611664817,63007.5899475069)
(1075917.99906853,-613.225036906951,102131.122667021)
(992176.710124074,-500.746715783144,190144.946876248)
(764772.372040323,-235.719805214368,470507.809184437)
(0,0,0)
(0,0,0)
(0,0,0)
(0,0,0)
(0,0,0)
(0,0,0)
(1153068.99159292,7487.60979737972,2777.39898609283)
(1152339.25374545,7182.44181115197,5987.12732892432)
(1150640.0129812,6533.37005323226,10181.1215856064)
(1147347.72102988,5429.47070383843,16200.2674898696)
(1141337.00402154,3791.21059767979,25366.3810609766)
(1130654.62926959,1709.51505394397,39721.0594026834)
(1111493.11820549,-297.258115676919,62657.7688552789)
(1074514.893038,-1149.28343192262,102300.416418536)
(991298.941922566,-836.403293273115,190484.650492256)
(764387.805254623,-329.946328534126,470835.739830078)
(0,0,0)
(0,0,0)
(0,0,0)
(0,0,0)
(0,0,0)
(0,0,0)
(1151377.41621189,12509.6560360267,2448.26416584668)
(1150631.21089541,12091.811596404,5290.71585267514)
(1148870.71764365,11219.2950431992,9038.41908998774)
(1145419.46128754,9692.45602500956,14543.1006079627)
(1139016.09820289,7300.03425643454,23287.1944327321)
(1127484.22323926,4001.7036573128,37766.1304178121)
(1107249.14853023,464.363216822961,61905.3389539028)
(1070622.63787977,-1008.78036788248,102736.47501947)
(989036.762938281,-437.838576937534,191143.364569532)
(763454.76891565,38.1714070560656,471376.789927621)
(0,0,0)
(0,0,0)
(0,0,0)
(0,0,0)
(0,0,0)
(0,0,0)
(1148189.20132172,19239.7002724678,2014.91793291114)
(1147411.84373395,18784.3711457129,4358.41792266038)
(1145583.21004853,17835.2639245619,7466.91510826576)
(1141926.82890414,16138.4237157891,12146.6850343859)
(1134819.19874763,13379.669897267,20028.5752057478)
(1121403.62492579,9313.09834359885,34339.4462670171)
(1097893.9422015,4333.17073070589,60566.8654314184)
(1061854.0376444,1958.44375040259,103470.75087674)
(984521.650722303,2188.21914939172,191806.644174776)
(761727.811272536,1556.52665445533,471585.358644152)
(0,0,0)
(0,0,0)
(0,0,0)
(0,0,0)
(0,0,0)
(0,0,0)
(1142462.20954366,28663.6949135498,1559.11335482263)
(1141687.14121314,28247.1237242693,3364.99429602632)
(1139853.80889702,27379.4331169296,5758.05471103467)
(1136049.8825375,25847.9070641974,9435.54654792392)
(1128151.77048927,23448.5719397579,16034.6496025098)
(1111942.23030917,20090.043708874,29491.9209991469)
(1081099.19285582,16108.7201791066,58309.5555203865)
(1045639.48190936,12656.555538227,103842.865584034)
(977472.840936455,9294.55785768413,191335.434431096)
(759166.407448652,5040.93741196175,470228.297930273)
(0,0,0)
(0,0,0)
(0,0,0)
(0,0,0)
(0,0,0)
(0,0,0)
(1132278.50764154,42389.7948933225,1149.93156488502)
(1131552.48509637,42048.005288868,2475.39500001465)
(1129806.24259879,41336.6486038225,4252.03627512631)
(1126113.55861229,40108.3079573817,7108.79179352209)
(1118212.62884295,38205.1642875291,12764.2943762127)
(1101661.0372139,35463.6692369669,25616.1142166454)
(1070559.97566908,31674.2721678908,54910.7621469159)
(1036696.78020316,26835.7920611494,100544.231992761)
(971472.99545677,19583.0961599808,187157.80111893)
(756221.7893023,10373.9308573467,465281.655530444)
(0,0,0)
(0,0,0)
(0,0,0)
(0,0,0)
(0,0,0)
(0,0,0)
(1113591.89005021,63701.7587849053,805.007256672758)
(1112956.88591172,63431.6808300144,1744.03885653354)
(1111409.77779455,62859.7521176763,3065.08166747178)
(1108081.01033666,61925.4858738945,5323.45049442587)
(1100766.18529524,60518.8195061967,10151.5941649153)
(1085052.00168211,58382.5664149616,21934.1774728991)
(1055049.1455926,54709.7673946956,50079.7830448955)
(1024491.90821851,48200.7831921348,93253.4883427512)
(962445.180096902,35253.0471292425,177923.728313416)
(751109.971434972,18874.4528219462,454911.788134374)
(0,0,0)
(0,0,0)
(0,0,0)
(0,0,0)
(0,0,0)
(0,0,0)
(1076466.38244863,101588.893298034,556.751150719494)
(1075955.13770846,101356.767891244,1234.43363400704)
(1074706.13504039,100852.724296735,2252.89926889987)
(1072013.77153812,100063.352487496,4106.89564760547)
(1066007.80577652,98933.4473738184,8202.55011142315)
(1052747.01913019,97194.6889682192,18405.1130943953)
(1026599.85403824,93347.7475009029,43616.4527529544)
(1006372.20243992,81655.4678295662,80264.7324813134)
(943891.827120827,62647.6786904103,161503.928178609)
(739122.434555722,35901.7672905794,436010.956200756)
(0,0,0)
(0,0,0)
(0,0,0)
(0,0,0)
(0,0,0)
(0,0,0)
(992550.601165052,188725.02991635,355.720177133743)
(992190.333119516,188480.276414618,838.436456812568)
(991334.067205208,187932.462992684,1635.65896487099)
(989565.224390382,186988.761777957,3195.80694515791)
(985814.507883967,185375.484355219,6677.01067186312)
(978153.993533197,182360.58915147,14720.7528913666)
(964232.910912229,175774.721480696,32004.4991992237)
(944228.243548121,160989.960340822,61235.526171627)
(887899.972709793,134876.430367827,134700.635462636)
(702705.266606031,88108.6730767425,400055.354459104)
(0,0,0)
(0,0,0)
(0,0,0)
(0,0,0)
(0,0,0)
(0,0,0)
(764942.63121423,468671.775998663,173.3607707895)
(764749.941171573,468407.81969379,432.883149064611)
(764319.868165301,467798.410207819,891.723827675199)
(763469.706896649,466665.125364704,1823.98595709257)
(761731.569911003,464556.334091213,3867.90260376565)
(758291.617751739,460485.733891942,8298.51039582561)
(751843.355331899,452055.436153687,17305.8548661628)
(739296.656996865,434716.661338428,35098.426750188)
(702717.522765824,399670.950700295,87866.0453114787)
(571346.634916784,311874.191959522,311907.501010399)
(0,0,0)
(0,0,0)
(0,0,0)
(0,0,0)
(0,0,0)
(0,0,0)
(0,0,0)
(0,0,0)
(0,0,0)
(0,0,0)
(0,0,0)
(0,0,0)
(0,0,0)
(0,0,0)
(0,0,0)
(0,0,0)
(0,0,0)
(0,0,0)
(0,0,0)
(0,0,0)
(0,0,0)
(0,0,0)
(0,0,0)
(0,0,0)
(0,0,0)
(0,0,0)
(0,0,0)
(0,0,0)
(0,0,0)
(0,0,0)
(0,0,0)
(0,0,0)
(0,0,0)
(0,0,0)
(0,0,0)
(0,0,0)
(0,0,0)
(0,0,0)
(0,0,0)
(0,0,0)
(0,0,0)
(0,0,0)
(0,0,0)
(0,0,0)
(0,0,0)
(0,0,0)
(0,0,0)
(0,0,0)
(0,0,0)
(0,0,0)
(0,0,0)
(0,0,0)
(0,0,0)
(0,0,0)
(0,0,0)
(0,0,0)
(0,0,0)
(0,0,0)
(0,0,0)
(0,0,0)
(0,0,0)
(0,0,0)
(0,0,0)
(0,0,0)
(0,0,0)
(0,0,0)
(0,0,0)
(0,0,0)
(0,0,0)
(0,0,0)
(0,0,0)
(0,0,0)
(0,0,0)
(0,0,0)
(0,0,0)
(0,0,0)
(0,0,0)
(0,0,0)
(0,0,0)
(0,0,0)
(0,0,0)
(0,0,0)
(0,0,0)
(0,0,0)
(0,0,0)
(0,0,0)
(0,0,0)
(0,0,0)
(0,0,0)
(0,0,0)
(0,0,0)
(0,0,0)
(0,0,0)
(0,0,0)
(0,0,0)
(0,0,0)
(0,0,0)
(0,0,0)
(0,0,0)
(0,0,0)
(0,0,0)
(0,0,0)
(-18697.0347163589,2721.83504177215,2210.70066376454)
(-19513.6119020156,2562.50243239637,4659.41552826596)
(-21364.7066298837,2206.94597829649,7638.35034134364)
(-24816.6923603847,1580.67108620988,11471.9180718827)
(-30809.4295471329,620.535909833287,16402.1634994613)
(-40774.8383192188,-624.633408584797,22146.7010669802)
(-56871.5448301698,-1787.52914845819,26273.3995924508)
(-82219.8601854737,-2030.12171899563,18852.2174370153)
(-118595.447929605,-1387.35671326483,-36577.4309244802)
(-145761.515964094,-626.414721604412,-293006.291326897)
(0,0,0)
(0,0,0)
(0,0,0)
(0,0,0)
(0,0,0)
(0,0,0)
(-19571.1663267196,5747.48713920858,2025.34269376408)
(-20363.772913765,5439.31437639587,4262.39428054246)
(-22200.0522105473,4756.48621956517,6963.75610257906)
(-25669.4525324618,3511.47758289558,10460.960039796)
(-31762.9647886889,1476.2492903807,15116.0523410346)
(-41986.4330935355,-1441.15139880297,20984.4695659403)
(-58459.2626186498,-4515.67822565222,26075.8363388318)
(-83568.7911006533,-5014.54938323899,19554.7850132875)
(-119281.145051818,-3090.20754364239,-35751.4403103897)
(-146002.750886468,-1270.646488906,-292305.815530436)
(0,0,0)
(0,0,0)
(0,0,0)
(0,0,0)
(0,0,0)
(0,0,0)
(-21504.1780382535,9343.59546102761,1696.32279989052)
(-22283.3878685138,8928.74039892507,3532.33241284213)
(-24111.1799206466,8009.96660862221,5671.58645964297)
(-27638.0577352991,6261.96158527962,8389.458351657)
(-34030.2719718588,3139.32682998017,12183.5878583696)
(-45259.1245503743,-2065.67905070253,17962.3001714694)
(-63689.8741993106,-8891.11633924509,25687.5978861668)
(-88131.2997711451,-9774.33659358198,21612.1596189835)
(-121285.086835035,-4955.04231297235,-33790.3189668088)
(-146635.94944272,-1698.08400112229,-290861.326224661)
(0,0,0)
(0,0,0)
(0,0,0)
(0,0,0)
(0,0,0)
(0,0,0)
(-25050.5174740494,13716.5974559751,1277.55367237852)
(-25820.1499477631,13277.1538986415,2571.9707259363)
(-27613.5345757919,12308.6728489686,3880.84598147386)
(-31190.9436584688,10422.3724881646,5249.04451276228)
(-38221.0511224011,6830.13399716947,7009.32408716802)
(-52391.2475559777,-103.412088466151,11252.7664782628)
(-79824.6480629645,-12468.7409946581,24959.8182696982)
(-102884.326920391,-14268.42895413,26603.112066598)
(-126197.385134091,-4864.17857979056,-30357.8789386285)
(-147961.145465223,-1007.25977476025,-288948.909555671)
(0,0,0)
(0,0,0)
(0,0,0)
(0,0,0)
(0,0,0)
(0,0,0)
(-31086.6453632802,18825.6936022881,850.595632188567)
(-31812.9848251754,18455.1553675886,1583.55707311613)
(-33495.2853971128,17661.4284797847,1990.73260799055)
(-37019.6696877196,16199.9924408613,1693.50175207293)
(-44800.1544359428,13732.5501052644,153.847440748528)
(-64571.1653672005,9935.512984299,-960.845084089606)
(-128804.614989319,5587.11384510447,23297.9447928445)
(-152767.387303312,3707.87867402336,36139.3432489234)
(-135766.379482349,3282.2361325028,-26357.0141730051)
(-150122.310382964,2089.38374751178,-287754.1029921)
(0,0,0)
(0,0,0)
(0,0,0)
(0,0,0)
(0,0,0)
(0,0,0)
(-40984.4098418353,24009.4560335981,489.99192362588)
(-41622.7929804608,23749.0080702227,782.254169381561)
(-43126.5755717345,23229.1932838094,558.144407442303)
(-46362.5147615279,22358.0226060786,-712.975512397773)
(-53835.316824535,21031.1324200565,-3552.77528814382)
(-73405.789596079,19050.4136791964,-5190.01230150566)
(-134275.662998393,16235.169769546,21408.4073130842)
(-156181.332695773,14678.5415016749,35726.6942559231)
(-140188.820659987,10581.3071922523,-27499.7238155087)
(-152310.042612918,5273.23851766271,-289740.909798881)
(0,0,0)
(0,0,0)
(0,0,0)
(0,0,0)
(0,0,0)
(0,0,0)
(-56981.5643361385,26762.2452159132,231.502075595961)
(-57518.3090818947,26615.9919959048,250.550015090734)
(-58785.6476592575,26366.4815700275,-280.475945762563)
(-61577.4120489768,26111.7344815517,-1964.92856403501)
(-68362.3806910578,26045.4665716735,-5439.85985779421)
(-87349.2698419416,26330.0286650857,-7907.36644807282)
(-150417.973737985,26446.4526482435,19759.3068753707)
(-170435.482891616,30241.1266423344,31534.9497163946)
(-146993.020800493,16819.2711800115,-32853.9765024081)
(-156008.948698213,6951.42899000066,-295002.409969999)
(0,0,0)
(0,0,0)
(0,0,0)
(0,0,0)
(0,0,0)
(0,0,0)
(-82374.834303049,17893.6133159959,120.685523157771)
(-82787.7414268684,17823.991901517,66.4016244352373)
(-83767.4604886041,17750.3370828349,-433.021487821016)
(-85950.4777784661,17944.342812668,-1890.54363079449)
(-91525.7794138317,19106.1922637182,-5006.8472609237)
(-108794.989159847,22942.8962270685,-7666.86966130937)
(-177031.152425843,31290.4002773197,23531.0260452602)
(-145256.527416682,19791.2776156969,18020.4418000631)
(-152956.597627714,6880.39040480663,-42781.4158046295)
(-161926.887055671,-390.027656035595,-301979.80067564)
(0,0,0)
(0,0,0)
(0,0,0)
(0,0,0)
(0,0,0)
(0,0,0)
(-118825.522224104,-38406.4271219393,87.000698651978)
(-119103.68654829,-38475.6225964067,91.4717359423036)
(-119738.668053519,-38578.8139580665,-95.8050928681024)
(-121070.420338816,-38555.2887314279,-549.691948013364)
(-124115.351674642,-38116.2335735758,-986.56968055015)
(-131362.9328454,-36915.2063775902,799.296174266322)
(-147253.833160414,-36050.327180084,12037.6045758743)
(-153144.002431588,-43429.2114325111,5041.1764753525)
(-167747.979091478,-49891.9389876104,-50127.705459399)
(-170747.628813474,-42991.2225873595,-301662.77823701)
(0,0,0)
(0,0,0)
(0,0,0)
(0,0,0)
(0,0,0)
(0,0,0)
(-145928.174721291,-295177.025279979,52.2409651224298)
(-146075.023999996,-295272.807728291,85.2281401367751)
(-146382.038022242,-295458.635611399,77.7928525739714)
(-146982.876523996,-295703.975734526,89.900147878029)
(-148273.832323867,-296017.939000969,407.844681702681)
(-150997.298281547,-296623.93037023,1816.32157918922)
(-156099.550975091,-298622.413382975,4742.150960631)
(-162068.862532812,-303488.894484146,-1421.80958649497)
(-170799.384805649,-302105.805732446,-43280.1983986252)
(-164976.406466901,-258799.973584127,-258737.569146611)
(0,0,0)
(0,0,0)
(0,0,0)
(0,0,0)
(0,0,0)
(0,0,0)
(0,0,0)
(0,0,0)
(0,0,0)
(0,0,0)
(0,0,0)
(0,0,0)
(0,0,0)
(0,0,0)
(0,0,0)
(0,0,0)
(0,0,0)
(0,0,0)
(0,0,0)
(0,0,0)
(0,0,0)
(0,0,0)
(0,0,0)
(0,0,0)
(0,0,0)
(0,0,0)
(0,0,0)
(0,0,0)
(0,0,0)
(0,0,0)
(0,0,0)
(0,0,0)
(0,0,0)
(0,0,0)
(0,0,0)
(0,0,0)
(0,0,0)
(0,0,0)
(0,0,0)
(0,0,0)
(0,0,0)
(0,0,0)
(0,0,0)
(0,0,0)
(0,0,0)
(0,0,0)
(0,0,0)
(0,0,0)
(0,0,0)
(0,0,0)
(0,0,0)
(0,0,0)
(0,0,0)
(0,0,0)
(0,0,0)
(0,0,0)
(0,0,0)
(0,0,0)
(0,0,0)
(0,0,0)
(0,0,0)
(0,0,0)
(0,0,0)
(0,0,0)
(0,0,0)
(0,0,0)
(0,0,0)
(0,0,0)
(0,0,0)
(0,0,0)
(0,0,0)
(0,0,0)
(0,0,0)
(0,0,0)
(0,0,0)
(0,0,0)
(0,0,0)
(0,0,0)
(0,0,0)
(0,0,0)
(0,0,0)
(0,0,0)
(0,0,0)
(0,0,0)
(0,0,0)
(0,0,0)
(0,0,0)
(0,0,0)
(0,0,0)
(0,0,0)
(0,0,0)
(0,0,0)
(0,0,0)
(0,0,0)
(0,0,0)
(0,0,0)
(0,0,0)
(0,0,0)
(0,0,0)
(0,0,0)
(0,0,0)
(0,0,0)
(-21934.9455270463,1851.22147538327,1386.68933530415)
(-22648.4112203297,1703.79436689305,2817.69428672523)
(-24230.3613449714,1367.13715490287,4316.21184691005)
(-27049.3064345733,737.129654747418,5811.69626635126)
(-31638.5225152338,-309.097006123164,6949.88624057527)
(-38590.5853302784,-1809.37510079193,6575.00835242676)
(-48447.5687343376,-3338.73289051182,1489.76514710632)
(-60597.1933314588,-3327.47766508374,-16805.4240418248)
(-70398.2493225744,-2048.38226555413,-62954.2403833009)
(-61380.1942208484,-867.479786244171,-146468.082340303)
(0,0,0)
(0,0,0)
(0,0,0)
(0,0,0)
(0,0,0)
(0,0,0)
(-22742.7296895649,3809.21819072548,1213.56664750308)
(-23421.4215440787,3533.21368528352,2441.79595942632)
(-24927.6639131167,2886.69548014156,3649.84933675707)
(-27617.3622446185,1611.69701488262,4723.1916887785)
(-32017.7519438483,-732.63012334199,5401.5119611567)
(-38768.0940840181,-4670.88933487455,5044.68718572194)
(-48569.5459225203,-9720.05155579874,1536.28915487937)
(-60368.4105782446,-9532.9904631047,-15458.5785695083)
(-69997.3131722845,-5077.48688891254,-61713.3058256837)
(-61134.9528917554,-1921.94231541213,-145526.641291228)
(0,0,0)
(0,0,0)
(0,0,0)
(0,0,0)
(0,0,0)
(0,0,0)
(-24522.6216809125,5908.8923226252,918.769510759264)
(-25133.2138823173,5548.83431711867,1752.97489272764)
(-26486.9094000468,4683.8552393509,2331.54461291857)
(-28903.0576683586,2865.21129342195,2343.03026743877)
(-32889.5441804524,-960.459369575873,1430.13172226621)
(-39378.9678741969,-9168.62805734023,47.7137685545041)
(-50153.6766296614,-25032.954214549,1824.41885765554)
(-60437.3199242473,-24532.3537015661,-10870.1977507807)
(-68911.9200856713,-9889.41301468633,-58431.4383743709)
(-60457.6507962556,-3070.69333508768,-143460.98600116)
(0,0,0)
(0,0,0)
(0,0,0)
(0,0,0)
(0,0,0)
(0,0,0)
(-27646.0245976074,7956.78787435459,547.611571828657)
(-28161.7675778659,7589.15760916579,848.905909884254)
(-29273.4900187192,6717.04481231496,475.671779847546)
(-31201.4923619638,4834.93416645013,-1483.50238968558)
(-34352.7469073202,431.537993891967,-6743.80396823435)
(-40394.9791179807,-12214.7602890087,-15693.9401745629)
(-61562.9128306166,-61482.0378131143,2493.40819165451)
(-64668.6779630006,-64199.6603062654,3945.06583896334)
(-66211.2833437483,-14482.474215085,-51447.9747509804)
(-59032.7652606062,-3223.99348327564,-140223.054807409)
(0,0,0)
(0,0,0)
(0,0,0)
(0,0,0)
(0,0,0)
(0,0,0)
(-32632.1249678623,9319.82416810142,182.443310835222)
(-33026.4210423703,9034.07526921079,-49.0381320148286)
(-33813.2353973095,8406.29453686072,-1420.33785636389)
(-34961.1593605543,7197.98201431992,-5841.89603139897)
(-35879.1092981809,4950.8536138104,-19282.2567890793)
(-32507.4492858851,1201.97020587593,-64762.7033652793)
(-3.08800202475596e-05,-6.7029809463158e-06,1.93628430196662e-05)
(-649.306136513871,229.665425073251,53793.371503516)
(-55199.5538795359,-1192.88030579309,-40063.0480085893)
(-56409.8344611287,-140.144982014125,-136859.372431686)
(0,0,0)
(0,0,0)
(0,0,0)
(0,0,0)
(0,0,0)
(0,0,0)
(-39951.6077267312,8382.00085285587,-94.9787998585936)
(-40221.7550877158,8224.91368304068,-686.855106433446)
(-40722.9199406037,7936.73881470144,-2620.95501540493)
(-41244.2153837181,7492.16895384805,-8033.44133274286)
(-40806.1977014852,6797.77860218075,-22909.4854441631)
(-34623.3749904031,5269.15148033472,-65759.0813242977)
(-2.86350065083247e-05,-9.58190895808543e-06,1.6482632323515e-05)
(-807.639275035491,415.392859902362,52308.916381706)
(-53867.3091763265,3776.60124758344,-38982.0766553311)
(-56359.9177247716,1566.38136034808,-136638.727885839)
(0,0,0)
(0,0,0)
(0,0,0)
(0,0,0)
(0,0,0)
(0,0,0)
(-50060.8668240594,1702.8620274672,-241.558686690379)
(-50231.8915495116,1675.700657799,-978.763193831838)
(-50498.0154629646,1721.05196428552,-3050.70853970877)
(-50543.4694910642,2082.8291650422,-8675.31130881552)
(-49135.0821251079,3234.59895872302,-24339.4302313078)
(-40774.3821249115,5208.40395856745,-70853.5704265706)
(-7.74892192084258e-05,2.8701799386954e-05,2.21994374568168e-05)
(-1205.55994690421,55606.1570979345,55488.6587866638)
(-57475.9253772111,10998.9445821887,-41250.7799712235)
(-58604.8143633442,1110.15923102631,-138198.692176771)
(0,0,0)
(0,0,0)
(0,0,0)
(0,0,0)
(0,0,0)
(0,0,0)
(-62310.779436419,-18129.9147429123,-231.278096250462)
(-62409.9173017027,-18065.9010554626,-867.500508154712)
(-62517.1990679614,-17788.9958101439,-2607.71415436797)
(-62293.4182596262,-16743.7967979699,-7438.14771019568)
(-60425.6300777152,-13042.1851785417,-22261.5129090474)
(-50826.147651124,823.326707432534,-75845.2771666355)
(-949.505720750709,61460.9724634219,55546.2107665572)
(-57078.1616376794,12259.2078759674,10714.7942095215)
(-72374.9713987328,-7642.95403534195,-51224.9334019293)
(-63610.851840048,-9077.19751562374,-139353.611870902)
(0,0,0)
(0,0,0)
(0,0,0)
(0,0,0)
(0,0,0)
(0,0,0)
(-71830.1567100274,-64988.7043914564,-136.575865532158)
(-71893.7939839373,-64915.752218059,-496.61726728861)
(-71923.2910270824,-64675.2782280623,-1425.71187580686)
(-71736.8357223331,-63909.5250471092,-3593.5682431507)
(-70788.002794355,-61707.8807165273,-8255.22158545165)
(-67743.1929535002,-55969.7707256962,-15081.8640442227)
(-62826.8912514977,-44326.818922946,6278.98543322877)
(-73456.702407681,-51847.2586705064,-9301.84804420421)
(-79388.0313730057,-52566.147251065,-52738.6025469533)
(-65187.7604747881,-37023.9227057429,-130351.74569552)
(0,0,0)
(0,0,0)
(0,0,0)
(0,0,0)
(0,0,0)
(0,0,0)
(-62185.3102505858,-148679.121645579,-52.4472165824608)
(-62224.4889098547,-148632.781680735,-185.952844047421)
(-62224.8455394625,-148494.115775938,-524.307778951486)
(-62129.036125588,-148077.708126205,-1209.96509826439)
(-61821.5952069066,-147032.304009117,-2337.77892263454)
(-61134.1812939878,-144879.796624476,-3290.87001141386)
(-60766.9140448849,-141775.899030624,-1174.42683394217)
(-64298.0499194685,-140767.540614449,-10024.9575033429)
(-65337.2737588245,-130808.177622218,-37245.0381790143)
(-52308.6593282154,-93527.1106529146,-93409.597370528)
(0,0,0)
(0,0,0)
(0,0,0)
(0,0,0)
(0,0,0)
(0,0,0)
(0,0,0)
(0,0,0)
(0,0,0)
(0,0,0)
(0,0,0)
(0,0,0)
(0,0,0)
(0,0,0)
(0,0,0)
(0,0,0)
(0,0,0)
(0,0,0)
(0,0,0)
(0,0,0)
(0,0,0)
(0,0,0)
(0,0,0)
(0,0,0)
(0,0,0)
(0,0,0)
(0,0,0)
(0,0,0)
(0,0,0)
(0,0,0)
(0,0,0)
(0,0,0)
(0,0,0)
(0,0,0)
(0,0,0)
(0,0,0)
(0,0,0)
(0,0,0)
(0,0,0)
(0,0,0)
(0,0,0)
(0,0,0)
(0,0,0)
(0,0,0)
(0,0,0)
(0,0,0)
(0,0,0)
(0,0,0)
(0,0,0)
(0,0,0)
(0,0,0)
(0,0,0)
(0,0,0)
(0,0,0)
(0,0,0)
(0,0,0)
(0,0,0)
(0,0,0)
(0,0,0)
(0,0,0)
(0,0,0)
(0,0,0)
(0,0,0)
(0,0,0)
(0,0,0)
(0,0,0)
(0,0,0)
(0,0,0)
(0,0,0)
(0,0,0)
(0,0,0)
(0,0,0)
(0,0,0)
(0,0,0)
(0,0,0)
(0,0,0)
(0,0,0)
(0,0,0)
(0,0,0)
(0,0,0)
(0,0,0)
(0,0,0)
(0,0,0)
(0,0,0)
(0,0,0)
(0,0,0)
(0,0,0)
(0,0,0)
(0,0,0)
(0,0,0)
(0,0,0)
(0,0,0)
(0,0,0)
(0,0,0)
(0,0,0)
(0,0,0)
(0,0,0)
(0,0,0)
(0,0,0)
(0,0,0)
(0,0,0)
(0,0,0)
(-23762.1683326565,1092.79334695599,734.429458654175)
(-24280.7623238147,988.95988858876,1377.82067355043)
(-25402.4375517665,738.957639215036,1810.93924113046)
(-27216.6517369285,253.293027738048,1724.99151574763)
(-29864.1550150296,-602.246171614173,552.870187157589)
(-33385.5809336808,-1935.18050062218,-2716.95370881786)
(-37658.5176892934,-3426.49520762307,-10079.5095462389)
(-41683.2627777331,-3048.78338039622,-25944.6567195684)
(-41558.8082417697,-1585.89133173632,-53198.2064686368)
(-29649.3244554044,-584.323579207525,-84344.7526548732)
(0,0,0)
(0,0,0)
(0,0,0)
(0,0,0)
(0,0,0)
(0,0,0)
(-24402.7916228155,2144.44502729885,608.410252907787)
(-24868.7666612714,1948.41827392893,1096.29698476029)
(-25845.859090251,1471.86043613443,1281.58936497517)
(-27380.7455774604,489.008804903342,809.256920651789)
(-29509.3736596653,-1462.86600067956,-838.501534465848)
(-32147.1885239296,-5187.99750012049,-4206.59009505607)
(-35274.1943202377,-11264.0236843136,-9664.41322064815)
(-39098.0491440454,-9569.44137970708,-24414.1166555365)
(-39889.8955487238,-3964.15796365389,-52143.2676471796)
(-28919.6717584564,-1241.72692412099,-83701.1454355651)
(0,0,0)
(0,0,0)
(0,0,0)
(0,0,0)
(0,0,0)
(0,0,0)
(-25813.6560654909,3044.58349620298,390.895915674322)
(-26156.7566834673,2786.86290893709,575.994081816206)
(-26845.6724267359,2165.25272079392,241.364823845744)
(-27795.5220491625,813.136499455605,-1190.29848990259)
(-28705.6740906218,-2248.12856708532,-4588.9060133274)
(-28849.9181033826,-10100.865899005,-10205.0873852571)
(-27323.9643918435,-36453.5406229322,-7845.28268445653)
(-30390.5054876389,-28794.3326622304,-18667.2058385416)
(-35043.9298536869,-7198.80738753013,-49300.5466466497)
(-26984.0413295913,-1665.70521344538,-82350.1778239897)
(0,0,0)
(0,0,0)
(0,0,0)
(0,0,0)
(0,0,0)
(0,0,0)
(-28110.1898100319,3391.60974029207,117.138968335408)
(-28304.2677673224,3140.23191612202,-93.7298493930044)
(-28610.0725488744,2572.47692950005,-1164.37152794394)
(-28701.1907818967,1404.13341200138,-4255.67002055685)
(-27605.9332708753,-863.668328142812,-12386.9438959442)
(-22235.380467602,-4238.51263955643,-36408.8958057714)
(-1.38997665995042e-05,-2.71406877791298e-06,7.2715549544884e-06)
(-606.481278359175,-272.009052421109,3108.0811795875)
(-23194.1325182876,-3511.31849306148,-43596.5585403419)
(-23130.1358081098,-632.721262942408,-80532.1719433414)
(0,0,0)
(0,0,0)
(0,0,0)
(0,0,0)
(0,0,0)
(0,0,0)
(-31501.7133599349,2398.35625798309,-137.158125618354)
(-31545.7463869695,2221.82356928839,-699.424434185618)
(-31461.3487556075,1878.7672572288,-2357.60140361626)
(-30696.2425411844,1263.92300056529,-6482.30781155009)
(-27870.9124811842,276.433140007755,-15630.6060966973)
(-19640.9682589795,-793.057957156138,-31942.5418060032)
(2.37929144693437e-06,-7.7827416578868e-07,-3.72868479366517e-05)
(-3.39774306097307e-05,-2.93839174372828e-06,-2.78649755919045e-09)
(-1095.49176795331,103.622312805122,-40586.6001126975)
(-17751.7283096431,-110.407478752557,-79767.020048373)
(0,0,0)
(0,0,0)
(0,0,0)
(0,0,0)
(0,0,0)
(0,0,0)
(-35905.9535239452,-1345.6441094646,-301.653835338247)
(-35831.0554522276,-1407.63537051894,-1062.89453101911)
(-35450.1479035059,-1467.32791401319,-2989.57139687504)
(-34079.8653507245,-1454.14319013952,-7435.85523916381)
(-30146.9086562819,-1237.90961830498,-16580.8015260543)
(-20341.1621933971,-693.921593801317,-30962.1506864151)
(-3.24356651289477e-08,-2.61330120762045e-06,-2.8925374137218e-05)
(-2.51812557850946e-05,-7.0036085431828e-06,4.15137363883289e-07)
(-1220.84448711822,187.35280718697,-40778.3392011631)
(-16994.7942995614,-669.302350484836,-79584.5677546411)
(0,0,0)
(0,0,0)
(0,0,0)
(0,0,0)
(0,0,0)
(0,0,0)
(-40908.2111527291,-10150.0899749468,-348.209805848098)
(-40751.9228331571,-10110.1412028096,-1125.67268991189)
(-40203.1469508099,-9914.39886063393,-2973.47025544584)
(-38518.9842976861,-9277.11270518745,-7174.98593377604)
(-33951.4024912139,-7653.96611346221,-15942.6090725127)
(-22852.7949321047,-4388.16136253577,-30169.9564965851)
(-3.84964640789271e-06,-4.44554280007493e-05,-3.39740977793967e-05)
(-4.31970173843712e-05,1.02280094302396e-06,1.13053664279077e-06)
(-1432.73335685556,-3713.19718796965,-41688.1414118177)
(-18260.7626731171,-3806.20122068074,-78895.294231849)
(0,0,0)
(0,0,0)
(0,0,0)
(0,0,0)
(0,0,0)
(0,0,0)
(-44979.8935272396,-27211.3595573694,-269.616326756808)
(-44798.8081289572,-27118.0226480981,-872.844054213802)
(-44223.2230795824,-26796.1409480859,-2285.07795514088)
(-42552.5345681077,-25790.1779918138,-5512.89636003306)
(-38002.1471944214,-22953.6234575486,-12636.7218992405)
(-26376.9966841621,-15596.0606512054,-25877.9735775328)
(-5.1981644527886e-05,2.72386042102776e-06,2.65916469360056e-06)
(-818.791369610932,-3736.74668910053,-4004.239448879)
(-23814.3222970059,-14376.0379188639,-41902.0478197117)
(-23661.3058427482,-10510.1664495117,-75147.6285881805)
(0,0,0)
(0,0,0)
(0,0,0)
(0,0,0)
(0,0,0)
(0,0,0)
(-44071.7290415176,-54833.3794505722,-136.407775306901)
(-43939.8276693795,-54749.0729439793,-459.323793983365)
(-43489.5392417189,-54510.2131729632,-1179.00335446955)
(-42248.3038015091,-53859.4072476114,-2598.30601949594)
(-38887.446788359,-52272.2917469144,-5180.19373612612)
(-29605.0175792733,-48853.172807355,-10061.2569542035)
(-1306.35007867613,-41769.6777031613,-4042.42960125928)
(-24125.2839163796,-42264.5911362057,-14846.0036454554)
(-32266.411657941,-38203.8577341126,-38139.8035452714)
(-25133.1718782116,-23972.5882738397,-64731.97031752)
(0,0,0)
(0,0,0)
(0,0,0)
(0,0,0)
(0,0,0)
(0,0,0)
(-30971.3211012384,-86003.2447476419,-44.1238522776836)
(-30918.6025405772,-85937.9253501595,-161.157815374993)
(-30679.3500078011,-85790.6647603609,-426.201759638795)
(-30082.2699954597,-85442.9793552866,-889.395782091902)
(-28670.2681927403,-84680.3164233114,-1632.69811986122)
(-25555.6035544152,-83202.0299106081,-2862.4187561807)
(-20365.1955903117,-80472.5944356288,-4561.22047828648)
(-24278.7580951746,-75991.8321005697,-10853.2713382165)
(-25280.0248832288,-65121.44314434,-23992.9348035848)
(-18385.4905033528,-41021.1636875359,-40867.5282147512)
(0,0,0)
(0,0,0)
(0,0,0)
(0,0,0)
(0,0,0)
(0,0,0)
(0,0,0)
(0,0,0)
(0,0,0)
(0,0,0)
(0,0,0)
(0,0,0)
(0,0,0)
(0,0,0)
(0,0,0)
(0,0,0)
(0,0,0)
(0,0,0)
(0,0,0)
(0,0,0)
(0,0,0)
(0,0,0)
(0,0,0)
(0,0,0)
(0,0,0)
(0,0,0)
(0,0,0)
(0,0,0)
(0,0,0)
(0,0,0)
(0,0,0)
(0,0,0)
(0,0,0)
(0,0,0)
(0,0,0)
(0,0,0)
(0,0,0)
(0,0,0)
(0,0,0)
(0,0,0)
(0,0,0)
(0,0,0)
(0,0,0)
(0,0,0)
(0,0,0)
(0,0,0)
(0,0,0)
(0,0,0)
(0,0,0)
(0,0,0)
(0,0,0)
(0,0,0)
(0,0,0)
(0,0,0)
(0,0,0)
(0,0,0)
(0,0,0)
(0,0,0)
(0,0,0)
(0,0,0)
(0,0,0)
(0,0,0)
(0,0,0)
(0,0,0)
(0,0,0)
(0,0,0)
(0,0,0)
(0,0,0)
(0,0,0)
(0,0,0)
(0,0,0)
(0,0,0)
(0,0,0)
(0,0,0)
(0,0,0)
(0,0,0)
(0,0,0)
(0,0,0)
(0,0,0)
(0,0,0)
(0,0,0)
(0,0,0)
(0,0,0)
(0,0,0)
(0,0,0)
(0,0,0)
(0,0,0)
(0,0,0)
(0,0,0)
(0,0,0)
(0,0,0)
(0,0,0)
(0,0,0)
(0,0,0)
(0,0,0)
(0,0,0)
(0,0,0)
(0,0,0)
(0,0,0)
(0,0,0)
(0,0,0)
(0,0,0)
(-24557.6943105996,494.570111232018,300.955866711085)
(-24880.4772301518,444.546763639333,456.124009408776)
(-25566.3719275253,338.342485705445,281.715899462155)
(-26514.0014251,139.785247813568,-560.719660179944)
(-27612.7555083892,-198.511885040131,-2613.60728178018)
(-28710.9652447913,-683.892103795657,-6604.33086687399)
(-29582.5916566648,-1066.836845137,-13613.4200543656)
(-29538.7205263894,-500.948607914797,-25257.0136977946)
(-26193.9897573943,79.4793209893965,-40701.3115031594)
(-16486.8872074316,162.773650044952,-54026.5224011771)
(0,0,0)
(0,0,0)
(0,0,0)
(0,0,0)
(0,0,0)
(0,0,0)
(-25004.819685354,869.985047351742,226.613126418718)
(-25292.4661657937,786.473560631478,308.385833948836)
(-25821.7564685031,596.396935484823,26.2287624215874)
(-26453.0926967293,201.281969239851,-962.920839735827)
(-26987.1594227079,-552.767783500673,-3130.87917823262)
(-27173.7601625405,-1837.9689324397,-6950.23071097765)
(-26990.1601537024,-3327.94011467402,-12973.1616079759)
(-27069.7131968163,-908.954114213767,-24593.492048906)
(-24696.0750958638,848.646773880421,-40556.4799546571)
(-15852.2970412057,680.626619701833,-54141.7076415647)
(0,0,0)
(0,0,0)
(0,0,0)
(0,0,0)
(0,0,0)
(0,0,0)
(-25973.6475797267,919.867590432372,110.108971155178)
(-26134.5042764935,825.314720113594,49.0154046992655)
(-26343.4620148719,593.632790289841,-450.430861969668)
(-26350.6677404365,86.3336804810018,-1780.33688193684)
(-25633.6368095855,-994.673126716332,-4410.46881975749)
(-23380.0072790125,-3408.56947277695,-8309.77910379032)
(-19365.3169196481,-9231.28307519497,-10365.0836154648)
(-19857.4294681697,862.344702826581,-22669.4584519744)
(-20850.1974249659,4586.72756363511,-40601.2716704501)
(-14350.1930353965,2174.90949761538,-54729.4028425585)
(0,0,0)
(0,0,0)
(0,0,0)
(0,0,0)
(0,0,0)
(0,0,0)
(-27428.9519975805,261.379650642333,-22.7498726613962)
(-27428.073587644,191.355196676278,-264.984528902505)
(-27244.7942035634,14.1383157195198,-1050.76839964322)
(-26413.8817608061,-343.162791711927,-2908.58094854089)
(-23817.5808881847,-937.210613790023,-6754.39584415787)
(-16927.8490052918,-1543.81267455884,-13926.6841046861)
(-1.10967026012377e-05,-2.47892308607932e-06,-1.66662871540563e-06)
(-505.270406671681,11.4562885172705,-18731.7170136108)
(-13004.529091903,18511.5608065924,-42846.1536829526)
(-11783.4771123013,4734.99446756687,-56752.8973487126)
(0,0,0)
(0,0,0)
(0,0,0)
(0,0,0)
(0,0,0)
(0,0,0)
(-29321.6387205438,-1787.0527929924,-131.642195756447)
(-29169.3290030802,-1813.02418469949,-503.680198269984)
(-28646.5555696191,-1854.63111185466,-1449.70395668432)
(-27114.6154598535,-1885.06989282222,-3489.42393690494)
(-23269.5107527368,-1816.25333266899,-7211.78294647337)
(-14900.6406656317,-1387.66666841367,-12108.2565459663)
(2.34455794719533e-06,-3.71232273647173e-07,-2.75154389835265e-06)
(-2.79826964276904e-05,-1.15285597061138e-07,-8.37660868746504e-06)
(-665.237217705864,-19.2971564568512,-56477.2205921796)
(-8812.09813400617,659.456493010627,-61341.3127932603)
(0,0,0)
(0,0,0)
(0,0,0)
(0,0,0)
(0,0,0)
(0,0,0)
(-31375.8332165234,-6138.19980735026,-178.973293064001)
(-31132.1868346897,-6107.39675274117,-583.469342560246)
(-30391.4533045209,-5986.91751884221,-1509.87753455762)
(-28425.4442351646,-5642.4973753306,-3406.87116760921)
(-23904.3534304744,-4811.55991932142,-6654.11980676436)
(-14832.2408453419,-3051.73779780544,-10498.9700254278)
(3.65293403886375e-07,-1.32443787693905e-06,-9.21515432357432e-13)
(-1.99105151474557e-05,5.52337897628833e-08,-5.44126094597828e-06)
(-618.435943292408,59.3612327844076,-55749.9342882148)
(-8296.81208100329,-1880.62649807577,-61907.8335156865)
(0,0,0)
(0,0,0)
(0,0,0)
(0,0,0)
(0,0,0)
(0,0,0)
(-32991.8772985575,-13899.8504046939,-154.68325682801)
(-32693.2558972977,-13841.87010406,-478.876841368605)
(-31877.9358792069,-13622.2764099596,-1168.72902185422)
(-29816.3910928845,-12981.553273121,-2532.26632886539)
(-25151.6547618526,-11373.242916293,-4770.33106125516)
(-15749.7459002527,-7628.58102726529,-7296.53686364735)
(-2.57586183606852e-06,-2.87399028079535e-06,-1.08506239681398e-12)
(-3.50747117182536e-05,-1.87216319774917e-06,-6.19490976366798e-06)
(-469.39495137815,-25789.9573394293,-57723.8720361724)
(-8795.40649321083,-9086.47850358708,-59983.3762105674)
(0,0,0)
(0,0,0)
(0,0,0)
(0,0,0)
(0,0,0)
(0,0,0)
(-32851.9867334624,-25967.5250370438,-60.2321614274128)
(-32571.5801320191,-25913.7744604843,-215.555801941267)
(-31833.1979502817,-25721.7273878392,-506.129953362315)
(-30034.0302360403,-25106.5444603151,-899.643098235566)
(-25922.5279298389,-23385.1411746015,-967.364104509501)
(-17081.9853765529,-18228.986704064,338.03026467999)
(-4.38856181440476e-05,-8.39265082126414e-06,-2.23900230593162e-06)
(-374.233231762114,-26429.3206897208,-26272.9585791698)
(-12193.6424306129,-22510.671000807,-41172.9247841851)
(-11136.8188256506,-11839.2715424926,-50944.6187623772)
(0,0,0)
(0,0,0)
(0,0,0)
(0,0,0)
(0,0,0)
(0,0,0)
(-28647.9246326013,-41414.559132233,23.2296862729709)
(-28466.3148028567,-41394.3216565784,30.2640158441825)
(-27952.0985530113,-41365.6759647199,136.77190401725)
(-26740.7356241638,-41322.5140222835,845.173288640362)
(-24024.8067738807,-41607.7656888705,4205.15778843108)
(-17760.4370994728,-44266.5989263399,18398.1895309065)
(-261.079872717296,-60205.0281683245,-26469.0768656464)
(-12476.3863880912,-41982.6426386816,-22564.652444974)
(-15781.6137686318,-30938.1678419431,-30621.9534931471)
(-11293.9731807853,-17084.7801248077,-39215.6436082582)
(0,0,0)
(0,0,0)
(0,0,0)
(0,0,0)
(0,0,0)
(0,0,0)
(-17754.4450306309,-54667.6335139645,36.1983111238906)
(-17683.6099537162,-54669.4652634644,76.3493311489096)
(-17429.0941499263,-54732.3697478107,192.787256364942)
(-16858.8516198071,-54938.1729424675,585.027800896425)
(-15716.8035280243,-55548.0680865359,1571.86553384585)
(-13553.1468616857,-57153.5065350591,2456.3164498356)
(-10193.800606814,-59628.1589107655,-8291.9477912211)
(-11606.5733025605,-51307.7888075951,-11638.9864149216)
(-11409.9354141133,-39551.8382319566,-16895.4054940237)
(-7606.94199872507,-22478.2566130789,-22280.4775103802)
(0,0,0)
(0,0,0)
(0,0,0)
(0,0,0)
(0,0,0)
(0,0,0)
(0,0,0)
(0,0,0)
(0,0,0)
(0,0,0)
(0,0,0)
(0,0,0)
(0,0,0)
(0,0,0)
(0,0,0)
(0,0,0)
(0,0,0)
(0,0,0)
(0,0,0)
(0,0,0)
(0,0,0)
(0,0,0)
(0,0,0)
(0,0,0)
(0,0,0)
(0,0,0)
(0,0,0)
(0,0,0)
(0,0,0)
(0,0,0)
(0,0,0)
(0,0,0)
(0,0,0)
(0,0,0)
(0,0,0)
(0,0,0)
(0,0,0)
(0,0,0)
(0,0,0)
(0,0,0)
(0,0,0)
(0,0,0)
(0,0,0)
(0,0,0)
(0,0,0)
(0,0,0)
(0,0,0)
(0,0,0)
(0,0,0)
(0,0,0)
(0,0,0)
(0,0,0)
(0,0,0)
(0,0,0)
(0,0,0)
(0,0,0)
(0,0,0)
(0,0,0)
(0,0,0)
(0,0,0)
(0,0,0)
(0,0,0)
(0,0,0)
(0,0,0)
(0,0,0)
(0,0,0)
(0,0,0)
(0,0,0)
(0,0,0)
(0,0,0)
(0,0,0)
(0,0,0)
(0,0,0)
(0,0,0)
(0,0,0)
(0,0,0)
(0,0,0)
(0,0,0)
(0,0,0)
(0,0,0)
(0,0,0)
(0,0,0)
(0,0,0)
(0,0,0)
(0,0,0)
(0,0,0)
(0,0,0)
(0,0,0)
(0,0,0)
(0,0,0)
(0,0,0)
(0,0,0)
(0,0,0)
(0,0,0)
(0,0,0)
(0,0,0)
(0,0,0)
(0,0,0)
(0,0,0)
(0,0,0)
(0,0,0)
(0,0,0)
(-24720.0340602199,117.180517067909,45.159232552334)
(-24956.3646424201,127.784792530116,-6.73814770949167)
(-25361.7220126821,159.030428475297,-370.418491028019)
(-25770.8264564659,246.362519583069,-1359.95597924512)
(-26002.7347942785,441.508611112655,-3411.48530446845)
(-25844.7423321305,839.118541087033,-7116.82675821629)
(-25092.0264309419,1475.93191646418,-13083.3239004034)
(-23194.9161257668,1915.86144406483,-21342.9897450907)
(-18765.0387771102,1569.53426302854,-30341.4749884034)
(-10845.582724399,813.456497963889,-36796.2359694)
(0,0,0)
(0,0,0)
(0,0,0)
(0,0,0)
(0,0,0)
(0,0,0)
(-25033.0230785455,88.8398187105473,56.5440915488566)
(-25236.3067744297,115.747906784465,12.4215859305495)
(-25515.0727111116,190.977384672418,-326.209127658123)
(-25705.3741564008,379.976546384795,-1207.5416947883)
(-25577.1945731768,844.599556100388,-3020.59748930715)
(-24880.2744361706,1959.8237856463,-6434.7884602363)
(-23617.6597270854,4246.26339329791,-12577.620363687)
(-22351.7030837506,6248.77112532962,-21628.5401580175)
(-18398.6692239751,4679.46302344735,-31035.874790325)
(-10706.5961866986,2186.51132093038,-37554.6304677985)
(0,0,0)
(0,0,0)
(0,0,0)
(0,0,0)
(0,0,0)
(0,0,0)
(-25624.2172890313,-310.741505374003,50.1510333891126)
(-25722.4953783451,-270.200121126075,24.0901631512298)
(-25758.3688823539,-157.6150827391,-212.410501955286)
(-25526.5949414627,131.065498938633,-787.572253482964)
(-24597.0499982723,892.117378862769,-1871.67688755858)
(-22330.5892031227,3047.56896351076,-4008.84014131285)
(-18711.179039364,9976.82802991986,-10393.5426582189)
(-21029.5100068781,20094.7373713241,-23067.4283655049)
(-18191.3398207023,12381.7083875922,-33428.5313339133)
(-10642.5573527012,4722.73938882817,-39672.3950845063)
(0,0,0)
(0,0,0)
(0,0,0)
(0,0,0)
(0,0,0)
(0,0,0)
(-26370.6837908389,-1419.37687971324,50.367167597692)
(-26350.3305411681,-1357.94959677241,60.3735967681448)
(-26105.0850306547,-1218.22626120487,-18.7243976747627)
(-25292.9145380099,-917.252354528041,-91.3737670042611)
(-23052.4701295731,-307.541869460667,343.174722707599)
(-17188.9197085266,529.245625471807,3122.56876398133)
(-7.61165060556419e-06,3.66469381398344e-06,-6.28515909109367e-06)
(-24272.234811816,309.048373134287,-30623.3251228623)
(-21085.3114599987,30809.4557590987,-40970.2901262731)
(-11428.715225022,7695.87040721667,-44298.1830319408)
(0,0,0)
(0,0,0)
(0,0,0)
(0,0,0)
(0,0,0)
(0,0,0)
(-27126.1856109168,-3676.62954891397,61.7995595737646)
(-26987.9475654096,-3608.11135478665,130.579879917456)
(-26514.1731098064,-3436.93154802537,216.902706925345)
(-25217.607432936,-3081.16433438411,483.806659863939)
(-22012.0200905075,-2381.14336247705,1299.91749065101)
(-14711.7973898708,-1273.24944843817,2913.5692888001)
(4.95509702465936e-06,2.7949200911109e-07,9.9182923644156e-07)
(-1.7474127405569e-05,1.99773796453682e-06,-1.15142087073667e-05)
(-38836.5294414768,52.2882759079752,-63993.2676939426)
(-14404.3639116503,1193.98767025286,-51899.1191793347)
(0,0,0)
(0,0,0)
(0,0,0)
(0,0,0)
(0,0,0)
(0,0,0)
(-27569.9945508558,-7586.23360656262,103.765391981097)
(-27384.3381605969,-7517.69002552379,265.495388625454)
(-26774.6984041297,-7328.36026567687,540.169205885698)
(-25246.9398873214,-6895.87673810084,1176.37726175932)
(-21714.8738295667,-5929.83620360042,2535.59050197502)
(-14146.3210432817,-3869.59633838354,4446.01758986021)
(1.01612993412266e-06,-3.14407893807989e-09,5.43067128930442e-14)
(-1.31106779430368e-05,3.17014073003345e-06,-7.97223991560882e-06)
(-36897.6701551312,290.159333248461,-62838.6474267911)
(-14580.857888022,-2327.26670317719,-53033.3472463423)
(0,0,0)
(0,0,0)
(0,0,0)
(0,0,0)
(0,0,0)
(0,0,0)
(-27227.9678305003,-13496.4259017286,146.282827108844)
(-27013.2592857685,-13469.7065948097,418.302784865541)
(-26395.4133013509,-13347.9582114553,955.378152787932)
(-24960.3776168884,-12969.5093087564,2172.99724744734)
(-21737.7181308322,-11908.6584355817,4737.88284840827)
(-14660.1718055993,-8772.3350855531,8551.04750092451)
(-1.09029699526625e-06,-7.6058210919314e-07,-9.09238174219898e-14)
(-1.87214437421682e-05,-3.255544499386e-06,-9.92758283758984e-06)
(-40792.5857328866,-37296.5456415676,-65554.5597959941)
(-14642.4715054763,-11328.5395648224,-50706.2219220835)
(0,0,0)
(0,0,0)
(0,0,0)
(0,0,0)
(0,0,0)
(0,0,0)
(-25140.3601932031,-21409.6218994545,201.56945746671)
(-24969.6000028881,-21436.3347345947,566.217468120817)
(-24485.0806067284,-21473.5601280538,1343.70204116603)
(-23477.21400002,-21446.7598386636,3264.13633505298)
(-21431.8543688795,-21112.9999428817,7977.80428139355)
(-16788.8577615022,-18554.4582235405,17466.7998043302)
(-2.49488989807976e-05,-1.41559258396943e-05,-4.07596863550142e-06)
(-30274.528144712,-38173.8081276891,-37691.6648399316)
(-21603.4491812247,-25844.7689785586,-39733.6347523289)
(-10907.7648512135,-11864.0375747959,-39427.1907167926)
(0,0,0)
(0,0,0)
(0,0,0)
(0,0,0)
(0,0,0)
(0,0,0)
(-20161.6155201829,-30113.9129735716,217.981961698627)
(-20083.1593319195,-30190.2082267786,588.699982945316)
(-19808.7548346788,-30430.9653698629,1402.76150642196)
(-19376.1805520197,-31043.8143386057,3635.26093422)
(-19190.1447839407,-32901.874148865,10589.4731502633)
(-22123.5691044423,-39667.3753585042,36065.5222901966)
(-46511.2252675247,-69765.4880066226,-38415.8044217515)
(-22695.2870210324,-40789.6811696788,-25581.0307468206)
(-15008.1367554372,-26331.1880977328,-25868.0886408411)
(-8105.35153423431,-13268.4683562278,-27652.2795059602)
(0,0,0)
(0,0,0)
(0,0,0)
(0,0,0)
(0,0,0)
(0,0,0)
(-11555.1325511379,-36457.5070137077,144.281560643019)
(-11534.6073445153,-36556.7018417428,361.772566406369)
(-11413.5262984899,-36876.4683967273,791.707741834408)
(-11247.7505634169,-37646.5843039001,1783.37665073853)
(-11250.470012987,-39401.8870732058,3817.0560600419)
(-12148.9314314114,-43184.5934128896,5930.05868415291)
(-15416.3497666431,-49050.2946476115,-9562.58551502913)
(-11309.6518328751,-39361.0978348542,-11288.0903195391)
(-8190.32876796998,-27883.8330264214,-12955.0520369939)
(-4572.19939169983,-14725.5481963915,-14532.7148038555)
(0,0,0)
(0,0,0)
(0,0,0)
(0,0,0)
(0,0,0)
(0,0,0)
(0,0,0)
(0,0,0)
(0,0,0)
(0,0,0)
(0,0,0)
(0,0,0)
(0,0,0)
(0,0,0)
(0,0,0)
(0,0,0)
(0,0,0)
(0,0,0)
(0,0,0)
(0,0,0)
(0,0,0)
(0,0,0)
(0,0,0)
(0,0,0)
(0,0,0)
(0,0,0)
(0,0,0)
(0,0,0)
(0,0,0)
(0,0,0)
(0,0,0)
(0,0,0)
(0,0,0)
(0,0,0)
(0,0,0)
(0,0,0)
(0,0,0)
(0,0,0)
(0,0,0)
(0,0,0)
(0,0,0)
(0,0,0)
(0,0,0)
(0,0,0)
(0,0,0)
(0,0,0)
(0,0,0)
(0,0,0)
(0,0,0)
(0,0,0)
(0,0,0)
(0,0,0)
(0,0,0)
(0,0,0)
(0,0,0)
(0,0,0)
(0,0,0)
(0,0,0)
(0,0,0)
(0,0,0)
(0,0,0)
(0,0,0)
(0,0,0)
(0,0,0)
(0,0,0)
(0,0,0)
(0,0,0)
(0,0,0)
(0,0,0)
(0,0,0)
(0,0,0)
(0,0,0)
(0,0,0)
(0,0,0)
(0,0,0)
(0,0,0)
(0,0,0)
(0,0,0)
(0,0,0)
(0,0,0)
(0,0,0)
(0,0,0)
(0,0,0)
(0,0,0)
(0,0,0)
(0,0,0)
(0,0,0)
(0,0,0)
(0,0,0)
(0,0,0)
(0,0,0)
(0,0,0)
(0,0,0)
(0,0,0)
(0,0,0)
(0,0,0)
(0,0,0)
(0,0,0)
(0,0,0)
(0,0,0)
(0,0,0)
(0,0,0)
(-24646.3615104687,-46.379832538823,-27.2927172123111)
(-24849.9737680513,-3.45848682205688,-130.225104758996)
(-25133.7872746973,108.525065406014,-466.684908149758)
(-25300.7819560411,367.460379995605,-1304.18978857023)
(-25191.6975728938,894.008526861273,-3009.23553681627)
(-24598.4531990016,1806.8910284938,-6062.41569843904)
(-23211.8610128852,2935.14692922471,-10877.7280457205)
(-20335.4486335299,2775.51754826763,-16512.7130862251)
(-15441.4611238716,1971.0744700802,-21807.3652095438)
(-8438.57299392405,972.950954216096,-25187.3258942349)
(0,0,0)
(0,0,0)
(0,0,0)
(0,0,0)
(0,0,0)
(0,0,0)
(-24848.260597093,-250.491929273025,19.3496152817577)
(-25044.3071842876,-161.538162341962,-14.5702993405157)
(-25273.284331453,75.5956550912679,-223.42926868433)
(-25390.9523903728,632.421290429289,-802.811945146055)
(-25256.968029447,1874.06912051123,-2103.0990825258)
(-24759.5069101649,4495.32845803734,-4912.30403807501)
(-23683.8870884251,9088.78562346222,-10999.7153709729)
(-20878.0912181892,7566.65787379065,-17264.4675620573)
(-15880.7024579137,4935.02174205041,-22746.381600089)
(-8664.14762428831,2291.66738179319,-26107.5465900764)
(0,0,0)
(0,0,0)
(0,0,0)
(0,0,0)
(0,0,0)
(0,0,0)
(-25157.0904879967,-799.098831198925,81.4801008913344)
(-25306.3692789163,-676.294982184087,180.11082130468)
(-25438.7312346968,-346.725926044424,282.794754783257)
(-25478.9823944573,459.366948195823,408.236550011342)
(-25350.3057056947,2483.97883910239,551.582538842552)
(-25244.5966836149,8183.11792384529,-222.199446473156)
(-25993.9425316457,28563.8689438091,-12414.5192745383)
(-22888.2310942083,16829.1950289675,-19818.3353423849)
(-17292.0299003051,9536.74151678483,-25319.3650375164)
(-9326.70174233061,3984.08963554043,-28327.6429016343)
(0,0,0)
(0,0,0)
(0,0,0)
(0,0,0)
(0,0,0)
(0,0,0)
(-25385.9468349826,-1947.73685918394,163.901072128691)
(-25490.1261651064,-1811.30973066973,438.711444552615)
(-25535.2319919122,-1480.70649188314,1002.83897164883)
(-25455.3844394886,-744.702829131876,2369.37865045525)
(-25259.6511620663,780.58726505589,6279.95125699494)
(-26120.6591100974,3125.83577975267,20268.9728026583)
(-38200.4859296155,480.724754945048,-24053.0088180613)
(-29078.4915088397,24633.493931644,-27051.0510237141)
(-20908.0812414548,13120.476496093,-30812.0162215662)
(-10776.969982705,4761.388922108,-32241.0607504508)
(0,0,0)
(0,0,0)
(0,0,0)
(0,0,0)
(0,0,0)
(0,0,0)
(-25365.1532204575,-3972.9473617778,264.178112134587)
(-25406.6981544396,-3853.72755388306,725.346524377912)
(-25376.1093219545,-3589.30730858741,1695.88355323022)
(-25083.1474729516,-3052.7126374881,3869.43340160199)
(-24021.4658816399,-2043.72989194938,8703.19634973968)
(-20029.6391237034,-618.944197093985,17765.8180604189)
(-1.05522428923182e-05,5.94332829431432e-06,1.05363166593132e-05)
(-39022.7559010319,239.707896256908,-38566.9819469443)
(-27278.4566526522,2124.0542986364,-39128.6325383124)
(-12921.2951327475,1078.15373028389,-36928.4661253911)
(0,0,0)
(0,0,0)
(0,0,0)
(0,0,0)
(0,0,0)
(0,0,0)
(-24859.8857899781,-7042.40706810981,359.350945454271)
(-24884.544137804,-6968.25997677441,974.089345552731)
(-24805.2120206327,-6812.4856281178,2227.78128158618)
(-24447.9658896855,-6502.0125838648,4878.10723032693)
(-23288.2427440452,-5843.40325450649,10251.1495073626)
(-18988.20664086,-4254.17523256114,18728.266140408)
(-8.87681065607482e-06,9.50923315349785e-06,7.61951312580687e-06)
(-37050.1680175874,325.794905864169,-36759.1698520939)
(-27939.0745015711,-3427.7469354202,-40165.9642715973)
(-13410.8941153897,-2302.34624072358,-37955.4280732222)
(0,0,0)
(0,0,0)
(0,0,0)
(0,0,0)
(0,0,0)
(0,0,0)
(-23476.3475350568,-11199.8520670327,405.82470347938)
(-23478.3253355562,-11201.6983190678,1104.32909556056)
(-23404.7700718774,-11226.1726938095,2527.37293177878)
(-23200.2637973342,-11293.0192082007,5558.2657365604)
(-22582.3565291304,-11418.4171346023,11977.9180149544)
(-19557.8633882506,-10728.352390107,23349.7867551515)
(-1.3519223868468e-05,1.31395572463945e-05,1.05834440099317e-05)
(-41347.4909344549,-29989.4811764471,-40717.0400938351)
(-27890.6160206268,-17917.3866738502,-39129.3700676649)
(-12894.3290229101,-7506.38040646335,-35673.4783844913)
(0,0,0)
(0,0,0)
(0,0,0)
(0,0,0)
(0,0,0)
(0,0,0)
(-20558.6680100899,-16192.8501738352,411.305923689279)
(-20582.0527958741,-16263.6622318742,1085.72262948165)
(-20589.5817962255,-16491.711985501,2455.76311067019)
(-20728.615155789,-17054.6010222652,5468.74608050368)
(-21535.7051758444,-18608.2091265309,12762.3888793972)
(-25398.771587212,-23608.1404344056,34252.0907494056)
(-46551.3765677972,-46105.6277458183,-30156.7906370605)
(-31254.4938836781,-30315.4715836544,-28850.8344908871)
(-20489.4236818667,-19072.4442014641,-28809.8024626312)
(-10044.1428052071,-8972.76493878251,-28207.0399763184)
(0,0,0)
(0,0,0)
(0,0,0)
(0,0,0)
(0,0,0)
(0,0,0)
(-15594.7490304995,-21089.8892079759,330.172544457321)
(-15661.6680577058,-21209.760636739,854.779675108382)
(-15738.9620848589,-21583.7200143813,1876.99495416888)
(-16015.306258277,-22472.8285544623,3934.34819262317)
(-17070.9942256389,-24573.3486435249,7780.33715131544)
(-20362.8490034586,-29338.6524835183,11750.1290994444)
(-28066.0729220469,-38323.641909596,-14477.0090822556)
(-20618.316091756,-29125.3149491557,-17744.1366460307)
(-13699.6092420674,-19322.5679468427,-18802.5404140219)
(-6929.26610251941,-9618.54410572289,-19332.8466787964)
(0,0,0)
(0,0,0)
(0,0,0)
(0,0,0)
(0,0,0)
(0,0,0)
(-8524.80889938146,-24296.8090379673,176.59617823492)
(-8569.71702766276,-24443.0692713229,445.014495966251)
(-8630.12027336454,-24868.1216413683,946.010097827872)
(-8806.9571842275,-25797.0389828501,1829.42714702635)
(-9357.99181272573,-27625.0983589224,2988.69866216258)
(-10634.4491893724,-30582.9294463147,2718.49338292002)
(-12398.6926261183,-33245.2952620718,-5377.51040512903)
(-9998.78275351076,-27726.4670189193,-8087.22741472972)
(-6920.41625746511,-19432.8236246734,-9246.88424740383)
(-3581.80882132948,-9996.755742032,-9859.06318146507)
(0,0,0)
(0,0,0)
(0,0,0)
(0,0,0)
(0,0,0)
(0,0,0)
(0,0,0)
(0,0,0)
(0,0,0)
(0,0,0)
(0,0,0)
(0,0,0)
(0,0,0)
(0,0,0)
(0,0,0)
(0,0,0)
(0,0,0)
(0,0,0)
(0,0,0)
(0,0,0)
(0,0,0)
(0,0,0)
(0,0,0)
(0,0,0)
(0,0,0)
(0,0,0)
(0,0,0)
(0,0,0)
(0,0,0)
(0,0,0)
(0,0,0)
(0,0,0)
(0,0,0)
(0,0,0)
(0,0,0)
(0,0,0)
(0,0,0)
(0,0,0)
(0,0,0)
(0,0,0)
(0,0,0)
(0,0,0)
(0,0,0)
(0,0,0)
(0,0,0)
(0,0,0)
(0,0,0)
(0,0,0)
(0,0,0)
(0,0,0)
(0,0,0)
(0,0,0)
(0,0,0)
(0,0,0)
(0,0,0)
(0,0,0)
(0,0,0)
(0,0,0)
(0,0,0)
(0,0,0)
(0,0,0)
(0,0,0)
(0,0,0)
(0,0,0)
(0,0,0)
(0,0,0)
(0,0,0)
(0,0,0)
(0,0,0)
(0,0,0)
(0,0,0)
(0,0,0)
(0,0,0)
(0,0,0)
(0,0,0)
(0,0,0)
(0,0,0)
(0,0,0)
(0,0,0)
(0,0,0)
(0,0,0)
(0,0,0)
(0,0,0)
(0,0,0)
(0,0,0)
(0,0,0)
(0,0,0)
(0,0,0)
(0,0,0)
(0,0,0)
(0,0,0)
(0,0,0)
(0,0,0)
(0,0,0)
(0,0,0)
(0,0,0)
(0,0,0)
(0,0,0)
(0,0,0)
(0,0,0)
(0,0,0)
(0,0,0)
(-24391.6615920817,-155.064713359379,-99.6352050276227)
(-24624.148405566,-105.881302730256,-219.579264782712)
(-24890.1067035035,24.7541573025233,-488.013993279016)
(-25033.9552876204,304.763467090252,-1059.60412878992)
(-24856.8541602764,848.097810672837,-2242.54535208012)
(-24124.6353249037,1664.61951536336,-4380.98274154137)
(-22433.7556016071,2469.70053858762,-7628.78869140707)
(-19052.4156563834,2246.11196423539,-11157.9336327889)
(-13952.3459285592,1546.14123341013,-14193.1900615115)
(-7425.12932122224,751.27582099225,-15957.9095552055)
(0,0,0)
(0,0,0)
(0,0,0)
(0,0,0)
(0,0,0)
(0,0,0)
(-24545.3963988695,-418.508387927249,-39.4205236556487)
(-24789.9351192938,-321.728042138006,-77.9458492416112)
(-25072.6273838985,-54.6502548835426,-199.19838461007)
(-25301.2058938882,552.824010857812,-537.005424862132)
(-25313.6735741991,1805.0842769417,-1437.28634637887)
(-24963.3299920034,4008.38525106977,-3577.22900024673)
(-23700.2808873291,6757.15365613785,-7848.28831889286)
(-20217.6550777283,5571.30506367598,-11833.9175587943)
(-14769.0543998899,3562.95314927254,-14962.3775326804)
(-7841.00919191872,1662.72924006689,-16696.9693841246)
(0,0,0)
(0,0,0)
(0,0,0)
(0,0,0)
(0,0,0)
(0,0,0)
(-24687.1610691773,-942.771315643733,54.3335088970595)
(-24938.6268736347,-808.64535996199,173.508421439391)
(-25265.7775432693,-433.53169845616,379.436173584465)
(-25700.0507831176,477.104033846369,676.224539256204)
(-26232.3316536531,2572.6799823027,790.654781853645)
(-26979.1492951294,7305.88060506108,-772.287960623233)
(-27380.6745862283,16355.6431194724,-8984.04536937512)
(-23180.312479539,10674.5427717241,-13795.2016920926)
(-16667.8124263589,5969.33250321117,-16825.7985199774)
(-8728.31204425244,2572.60622753607,-18334.0652055248)
(0,0,0)
(0,0,0)
(0,0,0)
(0,0,0)
(0,0,0)
(0,0,0)
(-24658.6611361105,-1842.24157575579,172.184561239913)
(-24921.0859211283,-1706.51100550671,501.009962806581)
(-25347.1309840445,-1328.95281843529,1208.33007491801)
(-26083.1700527398,-383.201974381554,2696.42169639708)
(-27527.3426429974,2010.76284279272,5526.03031683816)
(-30910.1800879904,9302.31009855801,8319.12180123428)
(-37701.2734510999,38815.5816329663,-14640.0291907752)
(-29372.3918874418,14812.2582459413,-18483.8442863903)
(-20035.1557413688,6821.99663971152,-20209.4339229766)
(-10164.2678592643,2654.79021611221,-20904.3200349934)
(0,0,0)
(0,0,0)
(0,0,0)
(0,0,0)
(0,0,0)
(0,0,0)
(-24212.7855996015,-3297.37831368819,302.769117076461)
(-24481.1466030559,-3185.25839029712,855.964950483218)
(-25007.9043935684,-2927.76644389271,2086.57364755456)
(-26055.0427234424,-2357.09434950146,5032.36127316531)
(-28583.3462089655,-1225.97977289898,12830.9842161826)
(-36454.9895513615,685.553985008361,37873.0907573904)
(-67431.8838771543,683.176106230788,-38675.616508195)
(-38908.6406788575,2516.01530641188,-26493.48879084)
(-24178.6510591089,1601.48325065722,-24372.780995329)
(-11726.5623519915,639.068666027579,-23551.7922260004)
(0,0,0)
(0,0,0)
(0,0,0)
(0,0,0)
(0,0,0)
(0,0,0)
(-23211.7746066597,-5344.60062315696,399.111126150392)
(-23479.1472616064,-5298.2554274089,1106.71128706458)
(-24032.5583999564,-5217.94147105234,2624.23269354787)
(-25230.9148450709,-5078.09555469811,6128.18285412995)
(-28231.9600349331,-4925.22811717036,14771.1484892892)
(-36997.128174005,-4474.64423050539,37940.2682379479)
(-66963.8066526856,761.931067093416,-36906.8378836615)
(-40389.9991034161,-3607.30537080524,-27443.6861206156)
(-25246.3916385797,-3201.13318662033,-25333.7525463295)
(-12186.2701055917,-1723.69671853243,-24195.6111715675)
(0,0,0)
(0,0,0)
(0,0,0)
(0,0,0)
(0,0,0)
(0,0,0)
(-21329.5686336393,-7920.9108667813,429.531342206857)
(-21571.0302934763,-7951.85602872471,1175.83690144265)
(-22089.8649518025,-8080.13085043529,2723.12116075073)
(-23306.9781515876,-8501.91439754815,6253.65435785422)
(-26455.7757001953,-10051.2115644665,15253.0569762152)
(-35777.0945868886,-16259.6309404512,43257.274884799)
(-70781.4112715292,-46295.7561403216,-41364.2193457655)
(-39550.5564892838,-19622.1890431922,-27146.2701185496)
(-23980.9425721041,-10338.2412926343,-23918.8354610583)
(-11438.7258870892,-4583.74328381717,-22514.3920315945)
(0,0,0)
(0,0,0)
(0,0,0)
(0,0,0)
(0,0,0)
(0,0,0)
(-18049.846756857,-10836.5379610909,406.805841076762)
(-18267.008742651,-10915.7975779813,1055.70333711032)
(-18724.9045205955,-11182.6323090003,2293.5275200454)
(-19775.9947816723,-11892.3845939215,4731.3773423021)
(-22226.5704858788,-13716.6997214627,9087.7308093328)
(-27648.0225761376,-18190.3953340762,13267.7461918835)
(-37538.5312208029,-27287.2658233013,-14753.5894721311)
(-28277.5505576414,-19398.9824447304,-17953.7393966297)
(-18481.7373105648,-12109.9409716808,-18189.7260888851)
(-9088.64725257395,-5780.65669217395,-17948.3082331614)
(0,0,0)
(0,0,0)
(0,0,0)
(0,0,0)
(0,0,0)
(0,0,0)
(-13223.1640059017,-13513.0765549302,304.953569241508)
(-13407.2420172397,-13637.1652572168,771.895208010946)
(-13765.0238014173,-13973.6871628014,1589.01177837044)
(-14521.1276072667,-14745.8550039573,2948.30353739596)
(-16099.3598915787,-16367.643952576,4627.61343444896)
(-18884.3141610681,-19185.6476146188,4144.33087260109)
(-21973.2041128758,-22293.2119046969,-6942.59185517443)
(-18015.4366972296,-18203.3099451815,-10741.1437492498)
(-12293.0382768573,-12347.6060314895,-11910.0496546511)
(-6192.89455977175,-6176.42875357059,-12250.6491360021)
(0,0,0)
(0,0,0)
(0,0,0)
(0,0,0)
(0,0,0)
(0,0,0)
(-7061.2273631105,-15124.1482123276,147.490121126466)
(-7162.14790047638,-15274.50718087,377.262917593294)
(-7348.1951562554,-15646.6925568741,768.343194556792)
(-7728.30614035387,-16388.1822777401,1332.01942446595)
(-8455.17111879739,-17729.7857272853,1791.34050524695)
(-9534.9753015456,-19488.036889772,994.255892573254)
(-10319.6896629577,-20443.417578625,-2934.54139665924)
(-8743.43295806481,-17406.4502449324,-4986.75089235431)
(-6125.89712651805,-12267.8534788363,-5861.02257595464)
(-3131.68162513704,-6276.84171580402,-6210.73680991365)
(0,0,0)
(0,0,0)
(0,0,0)
(0,0,0)
(0,0,0)
(0,0,0)
(0,0,0)
(0,0,0)
(0,0,0)
(0,0,0)
(0,0,0)
(0,0,0)
(0,0,0)
(0,0,0)
(0,0,0)
(0,0,0)
(0,0,0)
(0,0,0)
(0,0,0)
(0,0,0)
(0,0,0)
(0,0,0)
(0,0,0)
(0,0,0)
(0,0,0)
(0,0,0)
(0,0,0)
(0,0,0)
(0,0,0)
(0,0,0)
(0,0,0)
(0,0,0)
(0,0,0)
(0,0,0)
(0,0,0)
(0,0,0)
(0,0,0)
(0,0,0)
(0,0,0)
(0,0,0)
(0,0,0)
(0,0,0)
(0,0,0)
(0,0,0)
(0,0,0)
(0,0,0)
(0,0,0)
(0,0,0)
(0,0,0)
(0,0,0)
(0,0,0)
(0,0,0)
(0,0,0)
(0,0,0)
(0,0,0)
(0,0,0)
(0,0,0)
(0,0,0)
(0,0,0)
(0,0,0)
(0,0,0)
(0,0,0)
(0,0,0)
(0,0,0)
(0,0,0)
(0,0,0)
(0,0,0)
(0,0,0)
(0,0,0)
(0,0,0)
(0,0,0)
(0,0,0)
(0,0,0)
(0,0,0)
(0,0,0)
(0,0,0)
(0,0,0)
(0,0,0)
(0,0,0)
(0,0,0)
(0,0,0)
(0,0,0)
(0,0,0)
(0,0,0)
(0,0,0)
(0,0,0)
(0,0,0)
(0,0,0)
(0,0,0)
(0,0,0)
(0,0,0)
(0,0,0)
(0,0,0)
(0,0,0)
(0,0,0)
(0,0,0)
(0,0,0)
(0,0,0)
(0,0,0)
(0,0,0)
(0,0,0)
(0,0,0)
(-24242.7222026738,-93.7051224154385,-55.2342669925386)
(-24475.7196044637,-71.7724970114236,-131.890571083387)
(-24756.3715683603,6.0245296161922,-271.650235842828)
(-24903.3971422756,171.911880950867,-574.120262138496)
(-24712.053468295,490.060054650936,-1208.98100877084)
(-23924.510961616,917.860044911576,-2326.96541697012)
(-22098.9909884093,1285.64423693129,-3947.37426709923)
(-18560.3496043284,1178.09477351906,-5617.53509267326)
(-13401.8732584674,815.335633674803,-6983.34339643989)
(-7025.7596443039,392.186545591724,-7774.89961894996)
(0,0,0)
(0,0,0)
(0,0,0)
(0,0,0)
(0,0,0)
(0,0,0)
(-24364.4098359196,-263.616753268473,-11.0749320968526)
(-24615.4504416807,-216.76498471176,-40.5671220096505)
(-24963.1812701111,-56.6212090806709,-87.3674971001961)
(-25258.7585086245,305.732254946827,-263.635256359943)
(-25327.2494580309,1016.1238437717,-776.123161648957)
(-24953.2767170417,2091.47807562236,-1959.7944673215)
(-23480.0154976285,3162.36040574657,-4056.77602583749)
(-19849.3942551781,2719.5146978104,-5966.45677267911)
(-14297.2906891773,1770.65475876026,-7393.53960847725)
(-7486.94619455094,827.245785096707,-8182.66184535001)
(0,0,0)
(0,0,0)
(0,0,0)
(0,0,0)
(0,0,0)
(0,0,0)
(-24442.3167073839,-555.82900888882,47.3678938269449)
(-24725.7417377437,-492.930925661733,110.648698885999)
(-25203.320257395,-270.52681007237,262.097014003428)
(-25822.0979760021,271.092184221669,418.7842776131)
(-26524.6331976454,1401.28783833714,325.921827039954)
(-27183.735865693,3474.30087341067,-852.314400184762)
(-26750.0342510125,6150.47546167596,-4471.06979132998)
(-22687.2436805492,4630.7414877173,-6875.36538022661)
(-16186.0367710913,2728.37314844518,-8314.8594251791)
(-8399.52107061904,1204.53123890425,-9020.93585262005)
(0,0,0)
(0,0,0)
(0,0,0)
(0,0,0)
(0,0,0)
(0,0,0)
(-24277.2484163022,-1056.91487435939,119.673145662351)
(-24611.8915093229,-1000.48690956061,318.034717755789)
(-25280.971771749,-775.9894431911,757.338138579045)
(-26360.2002710577,-192.242119238892,1497.70266035747)
(-28111.42181917,1085.56086517553,2397.50880969168)
(-30816.2157258425,3940.17116344048,1837.67415751394)
(-33046.2451756427,9324.46772017663,-5991.34637644389)
(-27461.5612093732,5493.12382014276,-8764.55938693793)
(-19058.8824458274,2820.9906648907,-9833.45019892489)
(-9704.09481165988,1153.63849045844,-10242.7304980835)
(0,0,0)
(0,0,0)
(0,0,0)
(0,0,0)
(0,0,0)
(0,0,0)
(-23639.7232257162,-1835.32391411532,205.346665870554)
(-24041.2689200838,-1788.1161867392,553.098260076991)
(-24872.8449563264,-1637.82406631362,1279.87344595751)
(-26405.9801064022,-1278.4482020208,2717.01691169921)
(-29378.6800475048,-634.701932811451,5232.61354822546)
(-34950.6217753927,443.313076974302,7225.1038587229)
(-42571.6712356252,1533.16144527135,-9843.80250790098)
(-33124.0281064701,1312.10396525776,-11447.3952254033)
(-22023.0530602604,715.495403804755,-11497.4979631658)
(-10937.9990941216,264.971215569273,-11397.3939461465)
(0,0,0)
(0,0,0)
(0,0,0)
(0,0,0)
(0,0,0)
(0,0,0)
(-22448.345083404,-2866.37703635662,267.62359898562)
(-22850.0610718193,-2862.93569762305,713.356920082336)
(-23711.4132235314,-2834.73548582429,1589.12316316801)
(-25473.8684884732,-2768.17433624387,3321.80294079333)
(-29069.1782851282,-2772.9173533678,6297.23661154485)
(-35716.4855261148,-2855.83824840417,8315.74528903307)
(-44403.7334142208,-2610.74022296013,-10100.4262812002)
(-34668.1244022871,-2445.1111801273,-12065.0858369441)
(-22910.7294939216,-1737.01220283307,-11948.2403749645)
(-11293.7397055332,-888.343769588503,-11687.4557898652)
(0,0,0)
(0,0,0)
(0,0,0)
(0,0,0)
(0,0,0)
(0,0,0)
(-20377.4804713305,-4102.3225069237,283.857308258239)
(-20755.2119692772,-4141.14406289909,746.247349335262)
(-21540.6872364363,-4243.38723944214,1605.72138758693)
(-23233.3540595626,-4523.53469383461,3287.45765315265)
(-26768.0090763589,-5378.74976255883,6205.52343850723)
(-33285.3469612415,-7713.09954637243,8571.03711082836)
(-42155.5348528185,-12695.6242747751,-9969.95525606737)
(-32499.0016708021,-8058.96795864055,-11407.6532960358)
(-21340.0849540905,-4663.33659094366,-11122.1865259387)
(-10480.1077508714,-2152.91852306306,-10816.229908682)
(0,0,0)
(0,0,0)
(0,0,0)
(0,0,0)
(0,0,0)
(0,0,0)
(-16984.8672038047,-5426.52546822838,259.223408252303)
(-17315.4969948358,-5483.41300505061,649.980602588598)
(-17976.1280202116,-5660.43720143593,1318.25406419851)
(-19330.6923569513,-6102.45638692972,2451.87333257261)
(-21960.3790277882,-7080.32314613724,3887.25525806038)
(-26092.7643648039,-8978.46306289748,3597.36056325172)
(-29903.1079346882,-11369.6844141819,-5364.00258345618)
(-24769.4188155354,-8871.11888845154,-8059.98339575121)
(-16855.1564124004,-5725.07811884024,-8624.82276601904)
(-8417.83990536242,-2777.8013734054,-8670.74726288824)
(0,0,0)
(0,0,0)
(0,0,0)
(0,0,0)
(0,0,0)
(0,0,0)
(-12251.0592545072,-6586.62430455796,187.994084935105)
(-12487.966569653,-6671.42767692186,456.733309219606)
(-12983.7187973341,-6881.39345263402,896.384556334474)
(-13915.0364306359,-7328.54808445697,1516.38507723088)
(-15521.9860274565,-8152.3174732165,2011.00554018798)
(-17685.2076249628,-9352.11041251694,1185.54635370217)
(-19006.3618513908,-10233.7661966852,-2917.2141252795)
(-16234.5806179836,-8605.59224914233,-4963.59684383473)
(-11340.8149111241,-5938.30531715102,-5702.59301125713)
(-5756.69045400053,-2993.43513979753,-5923.16335063623)
(0,0,0)
(0,0,0)
(0,0,0)
(0,0,0)
(0,0,0)
(0,0,0)
(-6446.74028771282,-7285.26586703657,84.1544870809296)
(-6564.80852202469,-7387.18536957964,202.572801287033)
(-6840.5380026814,-7602.57349946856,416.095694547573)
(-7324.1713849498,-8001.6653543368,685.078209023328)
(-8045.84280323698,-8678.06562262915,801.498042875569)
(-8907.22251318247,-9452.63211116008,274.266953155588)
(-9252.06605687685,-9696.85378303726,-1330.26906657321)
(-7994.76674039083,-8334.96529771528,-2349.56223567424)
(-5667.48790467563,-5920.09620925584,-2826.18056541186)
(-2905.5283314936,-3036.41711259981,-3009.35188625301)
(0,0,0)
(0,0,0)
(0,0,0)
(0,0,0)
(0,0,0)
(0,0,0)
(0,0,0)
(0,0,0)
(0,0,0)
(0,0,0)
(0,0,0)
(0,0,0)
(0,0,0)
(0,0,0)
(0,0,0)
(0,0,0)
(0,0,0)
(0,0,0)
(0,0,0)
(0,0,0)
(0,0,0)
(0,0,0)
(0,0,0)
(0,0,0)
(0,0,0)
(0,0,0)
(0,0,0)
(0,0,0)
(0,0,0)
(0,0,0)
(0,0,0)
(0,0,0)
(0,0,0)
(0,0,0)
(0,0,0)
(0,0,0)
(0,0,0)
(0,0,0)
(0,0,0)
(0,0,0)
(0,0,0)
(0,0,0)
(0,0,0)
(0,0,0)
(0,0,0)
(0,0,0)
(0,0,0)
(0,0,0)
(0,0,0)
(0,0,0)
(0,0,0)
(0,0,0)
(0,0,0)
(0,0,0)
(0,0,0)
(0,0,0)
(0,0,0)
(0,0,0)
(0,0,0)
(0,0,0)
(0,0,0)
(0,0,0)
(0,0,0)
(0,0,0)
(0,0,0)
(0,0,0)
(0,0,0)
(0,0,0)
(0,0,0)
(0,0,0)
(0,0,0)
(0,0,0)
(0,0,0)
(0,0,0)
(0,0,0)
(0,0,0)
(0,0,0)
(0,0,0)
(0,0,0)
(0,0,0)
(0,0,0)
(0,0,0)
(0,0,0)
(0,0,0)
(0,0,0)
(0,0,0)
(0,0,0)
(0,0,0)
(0,0,0)
(0,0,0)
(0,0,0)
(0,0,0)
(0,0,0)
(0,0,0)
(0,0,0)
(0,0,0)
(0,0,0)
(0,0,0)
(0,0,0)
(0,0,0)
(0,0,0)
(0,0,0)
(0,0,0)
(0,0,0)
(0,0,0)
(0,0,0)
(0,0,0)
(0,0,0)
(0,0,0)
(0,0,0)
(0,0,0)
(0,0,0)
(0,0,0)
(0,0,0)
(0,0,0)
(0,0,0)
(0,0,0)
(0,0,0)
(0,0,0)
(0,0,0)
(0,0,0)
(0,0,0)
(0,0,0)
(0,0,0)
(0,0,0)
(0,0,0)
(0,0,0)
(0,0,0)
(0,0,0)
(0,0,0)
(0,0,0)
(0,0,0)
(0,0,0)
(0,0,0)
(0,0,0)
(0,0,0)
(0,0,0)
(0,0,0)
(0,0,0)
(0,0,0)
(0,0,0)
(0,0,0)
(0,0,0)
(0,0,0)
(0,0,0)
(0,0,0)
(0,0,0)
(0,0,0)
(0,0,0)
(0,0,0)
(0,0,0)
(0,0,0)
(0,0,0)
(0,0,0)
(0,0,0)
(0,0,0)
(0,0,0)
(0,0,0)
(0,0,0)
(0,0,0)
(0,0,0)
(0,0,0)
(0,0,0)
(0,0,0)
(0,0,0)
(0,0,0)
(0,0,0)
(0,0,0)
(0,0,0)
(0,0,0)
(0,0,0)
(0,0,0)
(0,0,0)
(0,0,0)
(0,0,0)
(0,0,0)
(0,0,0)
(0,0,0)
(0,0,0)
(0,0,0)
(0,0,0)
(0,0,0)
(0,0,0)
(0,0,0)
(0,0,0)
(0,0,0)
(0,0,0)
(0,0,0)
(0,0,0)
(0,0,0)
(0,0,0)
(0,0,0)
(0,0,0)
(0,0,0)
(0,0,0)
(0,0,0)
(0,0,0)
(0,0,0)
(0,0,0)
(0,0,0)
(0,0,0)
(0,0,0)
(0,0,0)
(0,0,0)
(0,0,0)
(0,0,0)
(0,0,0)
(0,0,0)
(0,0,0)
(0,0,0)
(0,0,0)
(0,0,0)
(0,0,0)
(0,0,0)
(0,0,0)
(0,0,0)
(0,0,0)
(0,0,0)
(0,0,0)
(0,0,0)
(0,0,0)
(0,0,0)
(0,0,0)
(0,0,0)
(0,0,0)
(0,0,0)
(0,0,0)
(0,0,0)
(0,0,0)
(0,0,0)
(0,0,0)
(0,0,0)
(0,0,0)
(0,0,0)
(0,0,0)
(0,0,0)
(0,0,0)
(0,0,0)
(0,0,0)
(0,0,0)
(0,0,0)
(0,0,0)
(0,0,0)
(0,0,0)
(0,0,0)
(0,0,0)
(0,0,0)
(0,0,0)
(0,0,0)
(0,0,0)
(0,0,0)
(0,0,0)
(0,0,0)
(0,0,0)
(0,0,0)
(0,0,0)
(0,0,0)
(0,0,0)
(0,0,0)
(0,0,0)
(0,0,0)
(0,0,0)
(0,0,0)
(0,0,0)
(0,0,0)
(0,0,0)
(0,0,0)
(0,0,0)
(0,0,0)
(0,0,0)
(0,0,0)
(0,0,0)
(0,0,0)
(0,0,0)
(0,0,0)
(0,0,0)
(0,0,0)
(0,0,0)
(0,0,0)
(0,0,0)
(0,0,0)
(0,0,0)
(0,0,0)
(0,0,0)
(0,0,0)
(0,0,0)
(0,0,0)
(0,0,0)
(0,0,0)
(0,0,0)
(0,0,0)
(0,0,0)
(0,0,0)
(0,0,0)
(0,0,0)
(0,0,0)
(0,0,0)
(0,0,0)
(0,0,0)
(0,0,0)
(0,0,0)
(0,0,0)
(0,0,0)
(0,0,0)
(0,0,0)
(0,0,0)
(0,0,0)
(0,0,0)
(0,0,0)
(0,0,0)
(0,0,0)
(0,0,0)
(0,0,0)
(0,0,0)
(0,0,0)
(0,0,0)
(0,0,0)
(0,0,0)
(0,0,0)
(0,0,0)
(0,0,0)
(0,0,0)
(0,0,0)
(0,0,0)
(0,0,0)
(0,0,0)
(0,0,0)
(0,0,0)
(0,0,0)
(0,0,0)
(0,0,0)
(0,0,0)
(0,0,0)
(0,0,0)
(0,0,0)
(0,0,0)
(0,0,0)
(0,0,0)
(0,0,0)
(0,0,0)
(0,0,0)
(0,0,0)
(0,0,0)
(0,0,0)
(0,0,0)
(0,0,0)
(0,0,0)
(0,0,0)
(0,0,0)
(0,0,0)
(0,0,0)
(0,0,0)
(0,0,0)
(0,0,0)
(0,0,0)
(0,0,0)
(0,0,0)
(0,0,0)
(0,0,0)
(0,0,0)
(0,0,0)
(0,0,0)
(0,0,0)
(0,0,0)
(0,0,0)
(0,0,0)
(0,0,0)
(0,0,0)
(0,0,0)
(0,0,0)
(0,0,0)
(0,0,0)
(0,0,0)
(0,0,0)
(0,0,0)
(0,0,0)
(0,0,0)
(0,0,0)
(0,0,0)
(0,0,0)
(0,0,0)
(0,0,0)
(0,0,0)
(0,0,0)
(0,0,0)
(0,0,0)
(0,0,0)
(0,0,0)
(0,0,0)
(0,0,0)
(0,0,0)
(0,0,0)
(0,0,0)
(0,0,0)
(0,0,0)
(0,0,0)
(0,0,0)
(0,0,0)
(0,0,0)
(0,0,0)
(0,0,0)
(0,0,0)
(0,0,0)
(0,0,0)
(0,0,0)
(0,0,0)
(0,0,0)
(0,0,0)
(0,0,0)
(0,0,0)
(0,0,0)
(0,0,0)
(0,0,0)
(0,0,0)
(0,0,0)
(0,0,0)
(0,0,0)
(0,0,0)
(0,0,0)
(0,0,0)
(0,0,0)
(0,0,0)
(0,0,0)
(0,0,0)
(0,0,0)
(0,0,0)
(0,0,0)
(0,0,0)
(0,0,0)
(0,0,0)
(0,0,0)
(0,0,0)
(0,0,0)
(0,0,0)
(0,0,0)
(0,0,0)
(0,0,0)
(0,0,0)
(0,0,0)
(0,0,0)
(0,0,0)
(0,0,0)
(0,0,0)
(0,0,0)
(0,0,0)
(0,0,0)
(0,0,0)
(0,0,0)
(0,0,0)
(0,0,0)
(0,0,0)
(0,0,0)
(0,0,0)
(0,0,0)
(0,0,0)
(0,0,0)
(0,0,0)
(0,0,0)
(0,0,0)
(0,0,0)
(0,0,0)
(0,0,0)
(0,0,0)
(0,0,0)
(0,0,0)
(0,0,0)
(0,0,0)
(0,0,0)
(0,0,0)
(0,0,0)
(0,0,0)
(0,0,0)
(0,0,0)
(0,0,0)
(0,0,0)
(0,0,0)
(0,0,0)
(0,0,0)
(0,0,0)
(0,0,0)
(0,0,0)
(0,0,0)
(0,0,0)
(0,0,0)
(0,0,0)
(0,0,0)
(0,0,0)
(0,0,0)
(0,0,0)
(0,0,0)
(0,0,0)
(0,0,0)
(0,0,0)
(0,0,0)
(0,0,0)
(0,0,0)
(0,0,0)
(0,0,0)
(0,0,0)
(0,0,0)
(0,0,0)
(0,0,0)
(0,0,0)
(0,0,0)
(0,0,0)
(0,0,0)
(0,0,0)
(0,0,0)
(0,0,0)
(0,0,0)
(0,0,0)
(0,0,0)
(0,0,0)
(0,0,0)
(0,0,0)
(0,0,0)
(0,0,0)
(0,0,0)
(0,0,0)
(0,0,0)
(0,0,0)
(0,0,0)
(0,0,0)
(0,0,0)
(0,0,0)
(0,0,0)
(0,0,0)
(0,0,0)
(0,0,0)
(0,0,0)
(0,0,0)
(0,0,0)
(0,0,0)
(0,0,0)
(0,0,0)
(0,0,0)
(0,0,0)
(0,0,0)
(0,0,0)
(0,0,0)
(0,0,0)
(0,0,0)
(0,0,0)
(0,0,0)
(0,0,0)
(0,0,0)
(0,0,0)
(0,0,0)
(0,0,0)
(0,0,0)
(0,0,0)
(0,0,0)
(0,0,0)
(0,0,0)
(0,0,0)
(0,0,0)
(0,0,0)
(0,0,0)
(0,0,0)
(0,0,0)
(0,0,0)
(0,0,0)
(0,0,0)
(0,0,0)
(0,0,0)
(0,0,0)
(0,0,0)
(0,0,0)
(0,0,0)
(0,0,0)
(0,0,0)
(0,0,0)
(0,0,0)
(0,0,0)
(0,0,0)
(0,0,0)
(0,0,0)
(0,0,0)
(0,0,0)
(0,0,0)
(0,0,0)
(0,0,0)
(0,0,0)
(0,0,0)
(0,0,0)
(0,0,0)
(0,0,0)
(0,0,0)
(0,0,0)
(0,0,0)
(0,0,0)
(0,0,0)
(0,0,0)
(0,0,0)
(0,0,0)
(0,0,0)
(0,0,0)
(0,0,0)
(0,0,0)
(0,0,0)
(0,0,0)
(0,0,0)
(0,0,0)
(0,0,0)
(0,0,0)
(0,0,0)
(0,0,0)
(0,0,0)
(0,0,0)
(0,0,0)
(0,0,0)
(0,0,0)
(0,0,0)
(0,0,0)
(0,0,0)
(0,0,0)
(0,0,0)
(0,0,0)
(0,0,0)
(0,0,0)
(0,0,0)
(0,0,0)
(0,0,0)
(0,0,0)
(0,0,0)
(0,0,0)
(0,0,0)
(0,0,0)
(0,0,0)
(0,0,0)
(0,0,0)
(0,0,0)
(0,0,0)
(0,0,0)
(0,0,0)
(0,0,0)
(0,0,0)
(0,0,0)
(0,0,0)
(0,0,0)
(0,0,0)
(0,0,0)
(0,0,0)
(0,0,0)
(0,0,0)
(0,0,0)
(0,0,0)
(0,0,0)
(0,0,0)
(0,0,0)
(0,0,0)
(0,0,0)
(0,0,0)
(0,0,0)
(0,0,0)
(0,0,0)
(0,0,0)
(0,0,0)
(0,0,0)
(0,0,0)
(0,0,0)
(0,0,0)
(0,0,0)
(0,0,0)
(0,0,0)
(0,0,0)
(0,0,0)
(0,0,0)
(0,0,0)
(0,0,0)
(0,0,0)
(0,0,0)
(0,0,0)
(0,0,0)
(0,0,0)
(0,0,0)
(0,0,0)
(0,0,0)
(0,0,0)
(0,0,0)
(0,0,0)
(0,0,0)
(0,0,0)
(0,0,0)
(0,0,0)
(0,0,0)
(0,0,0)
(0,0,0)
(0,0,0)
(0,0,0)
(0,0,0)
(0,0,0)
(0,0,0)
(0,0,0)
(0,0,0)
(0,0,0)
(0,0,0)
(0,0,0)
(0,0,0)
(0,0,0)
(0,0,0)
(0,0,0)
(0,0,0)
(0,0,0)
(0,0,0)
(0,0,0)
(0,0,0)
(0,0,0)
(0,0,0)
(0,0,0)
(0,0,0)
(0,0,0)
(0,0,0)
(0,0,0)
(0,0,0)
(0,0,0)
(0,0,0)
(0,0,0)
(0,0,0)
(0,0,0)
(0,0,0)
(0,0,0)
(0,0,0)
(0,0,0)
(0,0,0)
(0,0,0)
(0,0,0)
(0,0,0)
(0,0,0)
(0,0,0)
(0,0,0)
(0,0,0)
(0,0,0)
(0,0,0)
(0,0,0)
(0,0,0)
(0,0,0)
(0,0,0)
(0,0,0)
(0,0,0)
(0,0,0)
(0,0,0)
(0,0,0)
(0,0,0)
(0,0,0)
(0,0,0)
(0,0,0)
(0,0,0)
(0,0,0)
(0,0,0)
(0,0,0)
(0,0,0)
(0,0,0)
(0,0,0)
(0,0,0)
(0,0,0)
(0,0,0)
(0,0,0)
(0,0,0)
(0,0,0)
(0,0,0)
(0,0,0)
(0,0,0)
(0,0,0)
(0,0,0)
(0,0,0)
(0,0,0)
(0,0,0)
(0,0,0)
(0,0,0)
(0,0,0)
(0,0,0)
(0,0,0)
(0,0,0)
(0,0,0)
(0,0,0)
(0,0,0)
(0,0,0)
(0,0,0)
(0,0,0)
(0,0,0)
(0,0,0)
(0,0,0)
(0,0,0)
(0,0,0)
(0,0,0)
(0,0,0)
(0,0,0)
(0,0,0)
(0,0,0)
(0,0,0)
(0,0,0)
(0,0,0)
(0,0,0)
(0,0,0)
(0,0,0)
(0,0,0)
(0,0,0)
(0,0,0)
(0,0,0)
(0,0,0)
(0,0,0)
(0,0,0)
(0,0,0)
(0,0,0)
(0,0,0)
(0,0,0)
(0,0,0)
(0,0,0)
(0,0,0)
(0,0,0)
(0,0,0)
(0,0,0)
(0,0,0)
(0,0,0)
(0,0,0)
(0,0,0)
(0,0,0)
(0,0,0)
