(0,0,0)
(0,0,0)
(0,0,0)
(0,0,0)
(0,0,0)
(0,0,0)
(0,0,0)
(0,0,0)
(0,0,0)
(0,0,0)
(0,0,0)
(0,0,0)
(0,0,0)
(0,0,0)
(0,0,0)
(0,0,0)
(0,0,0)
(0,0,0)
(0,0,0)
(0,0,0)
(0,0,0)
(0,0,0)
(0,0,0)
(0,0,0)
(0,0,0)
(0,0,0)
(0,0,0)
(0,0,0)
(0,0,0)
(0,0,0)
(0,0,0)
(0,0,0)
(0,0,0)
(0,0,0)
(0,0,0)
(0,0,0)
(0,0,0)
(0,0,0)
(0,0,0)
(0,0,0)
(0,0,0)
(0,0,0)
(0,0,0)
(0,0,0)
(0,0,0)
(0,0,0)
(0,0,0)
(0,0,0)
(0,0,0)
(0,0,0)
(0,0,0)
(0,0,0)
(0,0,0)
(0,0,0)
(0,0,0)
(0,0,0)
(0,0,0)
(0,0,0)
(0,0,0)
(0,0,0)
(0,0,0)
(0,0,0)
(0,0,0)
(0,0,0)
(0,0,0)
(0,0,0)
(0,0,0)
(0,0,0)
(0,0,0)
(0,0,0)
(0,0,0)
(0,0,0)
(0,0,0)
(0,0,0)
(0,0,0)
(0,0,0)
(0,0,0)
(0,0,0)
(0,0,0)
(0,0,0)
(0,0,0)
(0,0,0)
(0,0,0)
(0,0,0)
(0,0,0)
(0,0,0)
(0,0,0)
(0,0,0)
(0,0,0)
(0,0,0)
(0,0,0)
(0,0,0)
(0,0,0)
(0,0,0)
(0,0,0)
(0,0,0)
(0,0,0)
(0,0,0)
(0,0,0)
(0,0,0)
(0,0,0)
(0,0,0)
(0,0,0)
(0,0,0)
(0,0,0)
(0,0,0)
(0,0,0)
(0,0,0)
(0,0,0)
(0,0,0)
(0,0,0)
(0,0,0)
(0,0,0)
(0,0,0)
(0,0,0)
(0,0,0)
(0,0,0)
(0,0,0)
(0,0,0)
(0,0,0)
(0,0,0)
(0,0,0)
(0,0,0)
(0,0,0)
(0,0,0)
(0,0,0)
(0,0,0)
(0,0,0)
(0,0,0)
(0,0,0)
(0,0,0)
(0,0,0)
(0,0,0)
(0,0,0)
(0,0,0)
(0,0,0)
(0,0,0)
(0,0,0)
(0,0,0)
(0,0,0)
(0,0,0)
(0,0,0)
(0,0,0)
(0,0,0)
(0,0,0)
(0,0,0)
(0,0,0)
(0,0,0)
(0,0,0)
(0,0,0)
(0,0,0)
(0,0,0)
(0,0,0)
(0,0,0)
(0,0,0)
(0,0,0)
(0,0,0)
(0,0,0)
(0,0,0)
(0,0,0)
(0,0,0)
(0,0,0)
(0,0,0)
(0,0,0)
(0,0,0)
(0,0,0)
(0,0,0)
(0,0,0)
(0,0,0)
(0,0,0)
(0,0,0)
(0,0,0)
(0,0,0)
(0,0,0)
(0,0,0)
(0,0,0)
(0,0,0)
(0,0,0)
(0,0,0)
(0,0,0)
(0,0,0)
(0,0,0)
(0,0,0)
(0,0,0)
(0,0,0)
(0,0,0)
(0,0,0)
(0,0,0)
(0,0,0)
(0,0,0)
(0,0,0)
(0,0,0)
(0,0,0)
(0,0,0)
(0,0,0)
(0,0,0)
(0,0,0)
(0,0,0)
(0,0,0)
(0,0,0)
(0,0,0)
(0,0,0)
(0,0,0)
(0,0,0)
(0,0,0)
(0,0,0)
(0,0,0)
(0,0,0)
(0,0,0)
(0,0,0)
(0,0,0)
(0,0,0)
(0,0,0)
(0,0,0)
(0,0,0)
(0,0,0)
(0,0,0)
(0,0,0)
(0,0,0)
(0,0,0)
(0,0,0)
(0,0,0)
(0,0,0)
(0,0,0)
(0,0,0)
(0,0,0)
(0,0,0)
(0,0,0)
(0,0,0)
(0,0,0)
(0,0,0)
(0,0,0)
(0,0,0)
(0,0,0)
(0,0,0)
(0,0,0)
(0,0,0)
(0,0,0)
(0,0,0)
(0,0,0)
(0,0,0)
(0,0,0)
(0,0,0)
(0,0,0)
(0,0,0)
(0,0,0)
(0,0,0)
(0,0,0)
(0,0,0)
(0,0,0)
(0,0,0)
(0,0,0)
(0,0,0)
(0,0,0)
(0,0,0)
(0,0,0)
(0,0,0)
(0,0,0)
(0,0,0)
(0,0,0)
(0,0,0)
(0,0,0)
(0,0,0)
(0,0,0)
(0,0,0)
(0,0,0)
(0,0,0)
(0,0,0)
(0,0,0)
(0,0,0)
(0,0,0)
(0,0,0)
(0,0,0)
(0,0,0)
(0,0,0)
(0,0,0)
(0,0,0)
(0,0,0)
(0,0,0)
(0,0,0)
(0,0,0)
(0,0,0)
(0,0,0)
(0,0,0)
(0,0,0)
(0,0,0)
(0,0,0)
(0,0,0)
(0,0,0)
(0,0,0)
(0,0,0)
(0,0,0)
(0,0,0)
(0,0,0)
(0,0,0)
(0,0,0)
(0,0,0)
(0,0,0)
(0,0,0)
(0,0,0)
(0,0,0)
(0,0,0)
(0,0,0)
(0,0,0)
(0,0,0)
(0,0,0)
(0,0,0)
(0,0,0)
(0,0,0)
(0,0,0)
(0,0,0)
(0,0,0)
(0,0,0)
(0,0,0)
(0,0,0)
(0,0,0)
(0,0,0)
(0,0,0)
(0,0,0)
(0,0,0)
(0,0,0)
(0,0,0)
(0,0,0)
(0,0,0)
(0,0,0)
(0,0,0)
(0,0,0)
(0,0,0)
(0,0,0)
(0,0,0)
(0,0,0)
(0,0,0)
(0,0,0)
(0,0,0)
(0,0,0)
(0,0,0)
(0,0,0)
(0,0,0)
(0,0,0)
(0,0,0)
(0,0,0)
(0,0,0)
(0,0,0)
(0,0,0)
(0,0,0)
(0,0,0)
(0,0,0)
(0,0,0)
(0,0,0)
(0,0,0)
(0,0,0)
(0,0,0)
(0,0,0)
(0,0,0)
(0,0,0)
(0,0,0)
(0,0,0)
(0,0,0)
(0,0,0)
(0,0,0)
(0,0,0)
(0,0,0)
(0,0,0)
(0,0,0)
(0,0,0)
(0,0,0)
(0,0,0)
(0,0,0)
(0,0,0)
(0,0,0)
(0,0,0)
(0,0,0)
(0,0,0)
(0,0,0)
(0,0,0)
(0,0,0)
(0,0,0)
(0,0,0)
(0,0,0)
(0,0,0)
(0,0,0)
(0,0,0)
(0,0,0)
(0,0,0)
(0,0,0)
(0,0,0)
(0,0,0)
(0,0,0)
(0,0,0)
(0,0,0)
(0,0,0)
(0,0,0)
(0,0,0)
(0,0,0)
(0,0,0)
(0,0,0)
(0,0,0)
(0,0,0)
(0,0,0)
(0,0,0)
(0,0,0)
(0,0,0)
(0,0,0)
(0,0,0)
(0,0,0)
(0,0,0)
(0,0,0)
(0,0,0)
(0,0,0)
(0,0,0)
(0,0,0)
(0,0,0)
(0,0,0)
(0,0,0)
(0,0,0)
(0,0,0)
(0,0,0)
(0,0,0)
(0,0,0)
(0,0,0)
(0,0,0)
(0,0,0)
(0,0,0)
(0,0,0)
(0,0,0)
(0,0,0)
(0,0,0)
(0,0,0)
(0,0,0)
(0,0,0)
(0,0,0)
(0,0,0)
(0,0,0)
(0,0,0)
(0,0,0)
(0,0,0)
(0,0,0)
(0,0,0)
(0,0,0)
(0,0,0)
(0,0,0)
(0,0,0)
(0,0,0)
(0,0,0)
(0,0,0)
(0,0,0)
(0,0,0)
(0,0,0)
(0,0,0)
(0,0,0)
(0,0,0)
(0,0,0)
(0,0,0)
(0,0,0)
(0,0,0)
(0,0,0)
(0,0,0)
(0,0,0)
(0,0,0)
(0,0,0)
(0,0,0)
(0,0,0)
(0,0,0)
(0,0,0)
(0,0,0)
(0,0,0)
(0,0,0)
(0,0,0)
(0,0,0)
(0,0,0)
(0,0,0)
(0,0,0)
(0,0,0)
(0,0,0)
(0,0,0)
(0,0,0)
(0,0,0)
(0,0,0)
(0,0,0)
(0,0,0)
(0,0,0)
(0,0,0)
(0,0,0)
(0,0,0)
(0,0,0)
(0,0,0)
(0,0,0)
(0,0,0)
(0,0,0)
(0,0,0)
(0,0,0)
(0,0,0)
(0,0,0)
(0,0,0)
(0,0,0)
(0,0,0)
(0,0,0)
(0,0,0)
(0,0,0)
(0,0,0)
(0,0,0)
(0,0,0)
(0,0,0)
(0,0,0)
(0,0,0)
(0,0,0)
(0,0,0)
(0,0,0)
(0,0,0)
(0,0,0)
(0,0,0)
(0,0,0)
(0,0,0)
(0,0,0)
(0,0,0)
(0,0,0)
(0,0,0)
(0,0,0)
(0,0,0)
(0,0,0)
(0,0,0)
(0,0,0)
(0,0,0)
(0,0,0)
(0,0,0)
(0,0,0)
(0,0,0)
(0,0,0)
(0,0,0)
(0,0,0)
(0,0,0)
(0,0,0)
(0,0,0)
(0,0,0)
(0,0,0)
(0,0,0)
(0,0,0)
(0,0,0)
(0,0,0)
(0,0,0)
(0,0,0)
(0,0,0)
(0,0,0)
(0,0,0)
(0,0,0)
(0,0,0)
(0,0,0)
(0,0,0)
(0,0,0)
(0,0,0)
(0,0,0)
(0,0,0)
(0,0,0)
(0,0,0)
(0,0,0)
(0,0,0)
(0,0,0)
(0,0,0)
(0,0,0)
(0,0,0)
(0,0,0)
(0,0,0)
(0,0,0)
(0,0,0)
(0,0,0)
(0,0,0)
(0,0,0)
(0,0,0)
(0,0,0)
(0,0,0)
(0,0,0)
(0,0,0)
(0,0,0)
(0,0,0)
(0,0,0)
(0,0,0)
(0,0,0)
(0,0,0)
(0,0,0)
(0,0,0)
(0,0,0)
(0,0,0)
(0,0,0)
(0,0,0)
(0,0,0)
(0,0,0)
(0,0,0)
(0,0,0)
(0,0,0)
(0,0,0)
(0,0,0)
(0,0,0)
(0,0,0)
(0,0,0)
(0,0,0)
(0,0,0)
(0,0,0)
(0,0,0)
(0,0,0)
(0,0,0)
(0,0,0)
(0,0,0)
(0,0,0)
(0,0,0)
(0,0,0)
(0,0,0)
(0,0,0)
(0,0,0)
(0,0,0)
(0,0,0)
(0,0,0)
(0,0,0)
(0,0,0)
(0,0,0)
(0,0,0)
(0,0,0)
(0,0,0)
(0,0,0)
(0,0,0)
(0,0,0)
(0,0,0)
(0,0,0)
(0,0,0)
(0,0,0)
(0,0,0)
(0,0,0)
(0,0,0)
(0,0,0)
(0,0,0)
(0,0,0)
(0,0,0)
(0,0,0)
(0,0,0)
(0,0,0)
(0,0,0)
(0,0,0)
(0,0,0)
(0,0,0)
(0,0,0)
(0,0,0)
(0,0,0)
(0,0,0)
(0,0,0)
(0,0,0)
(0,0,0)
(0,0,0)
(0,0,0)
(0,0,0)
(0,0,0)
(0,0,0)
(0,0,0)
(0,0,0)
(0,0,0)
(0,0,0)
(0,0,0)
(0,0,0)
(0,0,0)
(0,0,0)
(0,0,0)
(0,0,0)
(0,0,0)
(0,0,0)
(0,0,0)
(0,0,0)
(0,0,0)
(0,0,0)
(0,0,0)
(0,0,0)
(0,0,0)
(0,0,0)
(0,0,0)
(0,0,0)
(0,0,0)
(0,0,0)
(0,0,0)
(0,0,0)
(0,0,0)
(0,0,0)
(0,0,0)
(0,0,0)
(0,0,0)
(0,0,0)
(0,0,0)
(0,0,0)
(0,0,0)
(0,0,0)
(0,0,0)
(0,0,0)
(0,0,0)
(0,0,0)
(0,0,0)
(0,0,0)
(0,0,0)
(0,0,0)
(0,0,0)
(0,0,0)
(0,0,0)
(0,0,0)
(0,0,0)
(0,0,0)
(0,0,0)
(0,0,0)
(0,0,0)
(0,0,0)
(0,0,0)
(0,0,0)
(0,0,0)
(0,0,0)
(0,0,0)
(0,0,0)
(0,0,0)
(0,0,0)
(0,0,0)
(0,0,0)
(0,0,0)
(0,0,0)
(0,0,0)
(0,0,0)
(0,0,0)
(0,0,0)
(0,0,0)
(0,0,0)
(0,0,0)
(0,0,0)
(0,0,0)
(0,0,0)
(0,0,0)
(0,0,0)
(0,0,0)
(0,0,0)
(0,0,0)
(0,0,0)
(0,0,0)
(0,0,0)
(0,0,0)
(0,0,0)
(0,0,0)
(0,0,0)
(0,0,0)
(0,0,0)
(0,0,0)
(0,0,0)
(0,0,0)
(0,0,0)
(0,0,0)
(0,0,0)
(0,0,0)
(0,0,0)
(0,0,0)
(0,0,0)
(0,0,0)
(0,0,0)
(0,0,0)
(0,0,0)
(0,0,0)
(0,0,0)
(0,0,0)
(0,0,0)
(0,0,0)
(0,0,0)
(0,0,0)
(0,0,0)
(0,0,0)
(0,0,0)
(0,0,0)
(0,0,0)
(0,0,0)
(0,0,0)
(0,0,0)
(0,0,0)
(0,0,0)
(0,0,0)
(0,0,0)
(0,0,0)
(0,0,0)
(0,0,0)
(0,0,0)
(0,0,0)
(0,0,0)
(0,0,0)
(0,0,0)
(0,0,0)
(0,0,0)
(0,0,0)
(0,0,0)
(0,0,0)
(0,0,0)
(0,0,0)
(0,0,0)
(0,0,0)
(0,0,0)
(0,0,0)
(0,0,0)
(0,0,0)
(0,0,0)
(0,0,0)
(0,0,0)
(0,0,0)
(0,0,0)
(0,0,0)
(0,0,0)
(0,0,0)
(0,0,0)
(0,0,0)
(0,0,0)
(0,0,0)
(0,0,0)
(0,0,0)
(0,0,0)
(0,0,0)
(0,0,0)
(0,0,0)
(0,0,0)
(0,0,0)
(0,0,0)
(0,0,0)
(0,0,0)
(0,0,0)
(0,0,0)
(-118007.846474683,62587.2796312856,55420.5668433955)
(-124844.589687669,60012.3542734111,120252.802257653)
(-140616.000052105,54601.249126793,206267.553182966)
(-170449.058300829,46121.0153331728,330595.596150628)
(-224299.271339613,34731.9859337825,520162.881556467)
(-320909.287328602,21605.2904695133,819466.878415548)
(-495741.14137125,9656.40909411161,1305551.61069271)
(-811619.170608318,2341.4782163807,2114829.30308469)
(-1338729.54001745,-45.4146399965711,3453604.25774211)
(-1865334.96393326,-202.604836072375,5319141.82651147)
(0,0,0)
(0,0,0)
(0,0,0)
(0,0,0)
(0,0,0)
(0,0,0)
(-124920.175499455,134652.48036917,52854.9747615689)
(-131784.33207767,129750.123816623,114901.537296031)
(-147792.109093671,119448.77064151,197846.124874981)
(-178325.274877604,103087.143162053,319205.271923711)
(-233651.262745238,80550.6753960944,507037.845206626)
(-332586.469617369,53731.3470435276,807498.25824998)
(-509351.829601842,28336.2268513982,1298170.27009454)
(-824021.69495324,12230.5111212063,2112302.93214287)
(-1346987.30669677,5960.86643450248,3453283.95776519)
(-1869174.08591078,3042.68261661416,5319212.75622323)
(0,0,0)
(0,0,0)
(0,0,0)
(0,0,0)
(0,0,0)
(0,0,0)
(-140534.720679552,227235.513869296,47951.687179426)
(-147523.372101618,220625.80363478,104599.37946289)
(-164052.076275303,206672.554906763,181427.671472944)
(-196111.15336998,184115.797832133,296510.170172847)
(-254951.069069688,151995.527478976,480016.38715964)
(-359990.811763966,111827.081347258,781911.464619875)
(-542814.721534972,71125.8680186046,1281936.54498766)
(-854815.599741094,43150.6126188245,2105832.04323111)
(-1366794.58524011,28432.9489631514,3450154.54594259)
(-1878136.2490491,15400.9848324216,5315932.49277595)
(0,0,0)
(0,0,0)
(0,0,0)
(0,0,0)
(0,0,0)
(0,0,0)
(-169642.512329877,355485.320625553,41392.7055736221)
(-176749.76053147,348147.429461386,90620.8402784878)
(-193930.453041395,332522.606963917,158701.241262722)
(-228228.744898527,306929.924288172,264115.859705202)
(-292911.025431374,269464.415719054,439557.996896505)
(-409688.596320729,220144.60126902,740929.073295475)
(-606976.059705183,165317.82065885,1253713.18036041)
(-914464.542963557,120508.755817168,2090819.58012556)
(-1403171.24265423,85601.1445049789,3436822.62723792)
(-1894003.94699971,46061.0649933792,5300166.49407681)
(0,0,0)
(0,0,0)
(0,0,0)
(0,0,0)
(0,0,0)
(0,0,0)
(-221847.37744308,543301.36949568,34031.32857295)
(-228935.124295322,536166.256353933,74947.625975723)
(-246456.544821647,520992.63921208,132934.138549208)
(-282574.810327462,496058.589670458,226380.283494383)
(-353251.075291442,459127.736058579,389968.038446304)
(-484575.672556491,408848.105980187,685840.206291604)
(-704668.153414722,347131.69194917,1208694.488416)
(-1005293.02321727,278794.817309692,2055701.45014076)
(-1456069.6942532,200382.40140879,3396989.88749023)
(-1916962.28673641,106229.398931374,5253783.84028863)
(0,0,0)
(0,0,0)
(0,0,0)
(0,0,0)
(0,0,0)
(0,0,0)
(-316013.259659577,832478.281941798,26836.3472134613)
(-322767.664551542,826114.167443551,59656.1006753814)
(-339719.009775739,812579.49341196,107788.25625124)
(-375451.361841431,790115.433678477,189182.77408465)
(-446825.194883624,755721.979898104,339413.725128754)
(-580616.744420605,704957.830460541,623920.745069024)
(-801371.336484618,632182.363353198,1140241.41014963)
(-1088371.30122137,530286.027462409,1977121.50121828)
(-1513343.17032178,388296.614920195,3302550.45802874)
(-1945820.32200724,207325.019162525,5147275.15980466)
(0,0,0)
(0,0,0)
(0,0,0)
(0,0,0)
(0,0,0)
(0,0,0)
(-488872.562422635,1300885.43343546,20465.4109289786)
(-494864.569604392,1295358.16841885,46085.9795580787)
(-510049.143692769,1283538.62581496,85175.9908478578)
(-542681.849756411,1263414.61320487,154558.661077883)
(-608961.921776899,1230778.06935552,288464.493397362)
(-734646.304890847,1177064.25346841,551004.37528033)
(-941786.003939826,1086733.27095631,1038239.47161706)
(-1202751.66060319,936334.621656181,1834942.53802648)
(-1598703.34787338,700645.159080569,3121297.34173943)
(-1992911.25318398,381812.60408593,4939721.01000011)
(0,0,0)
(0,0,0)
(0,0,0)
(0,0,0)
(0,0,0)
(0,0,0)
(-804946.185516117,2090855.0799018,14976.5390497705)
(-809737.589541142,2085803.15185499,34269.1451547848)
(-821961.126161,2074769.5450752,64999.3520555522)
(-848500.604739032,2055117.33263225,121797.237367185)
(-902955.02360347,2020848.82056022,234681.509765953)
(-1007396.97887077,1958569.46980065,460573.272304474)
(-1180839.27790816,1840391.13631392,887754.684854999)
(-1392154.74138337,1617142.10096738,1599101.94692718)
(-1753764.22553462,1251205.09581631,2802306.23572606)
(-2083018.30535229,709282.36019734,4557854.78496687)
(0,0,0)
(0,0,0)
(0,0,0)
(0,0,0)
(0,0,0)
(0,0,0)
(-1334214.30403049,3415030.18202376,10039.2019084918)
(-1337484.77137663,3409958.44310233,23368.6820377992)
(-1345782.00933393,3398439.48066852,45480.7557783692)
(-1363598.45231048,3376574.71755457,87621.8231665238)
(-1399565.05220303,3335517.04133531,172518.654594457)
(-1467146.43933724,3255892.95518121,342341.608551137)
(-1580693.30944819,3099060.90200099,664365.152312275)
(-1749491.10955554,2797998.01858041,1233000.34425479)
(-2039793.33359936,2263747.44922769,2260251.3244427)
(-2240166.20900644,1361189.5701402,3848510.32350629)
(0,0,0)
(0,0,0)
(0,0,0)
(0,0,0)
(0,0,0)
(0,0,0)
(-1863266.35803709,5273185.89022443,5110.64983645054)
(-1864903.22248189,5267921.39067321,12050.9247474559)
(-1869036.0433454,5255646.48645948,23879.962301924)
(-1877767.70435825,5231461.76782291,46760.6163918715)
(-1895161.11844559,5184414.02359793,93024.7525748929)
(-1927710.62336397,5091205.83750272,185422.493617345)
(-1984548.17725487,4905867.37205451,363164.200818679)
(-2080349.11914192,4542883.79366071,698627.54488026)
(-2239628.26779451,3844458.84625626,1357544.41564615)
(-2255569.47731137,2487097.85936225,2487205.60373551)
(0,0,0)
(0,0,0)
(0,0,0)
(0,0,0)
(0,0,0)
(0,0,0)
(0,0,0)
(0,0,0)
(0,0,0)
(0,0,0)
(0,0,0)
(0,0,0)
(0,0,0)
(0,0,0)
(0,0,0)
(0,0,0)
(0,0,0)
(0,0,0)
(0,0,0)
(0,0,0)
(0,0,0)
(0,0,0)
(0,0,0)
(0,0,0)
(0,0,0)
(0,0,0)
(0,0,0)
(0,0,0)
(0,0,0)
(0,0,0)
(0,0,0)
(0,0,0)
(0,0,0)
(0,0,0)
(0,0,0)
(0,0,0)
(0,0,0)
(0,0,0)
(0,0,0)
(0,0,0)
(0,0,0)
(0,0,0)
(0,0,0)
(0,0,0)
(0,0,0)
(0,0,0)
(0,0,0)
(0,0,0)
(0,0,0)
(0,0,0)
(0,0,0)
(0,0,0)
(0,0,0)
(0,0,0)
(0,0,0)
(0,0,0)
(0,0,0)
(0,0,0)
(0,0,0)
(0,0,0)
(0,0,0)
(0,0,0)
(0,0,0)
(0,0,0)
(0,0,0)
(0,0,0)
(0,0,0)
(0,0,0)
(0,0,0)
(0,0,0)
(0,0,0)
(0,0,0)
(0,0,0)
(0,0,0)
(0,0,0)
(0,0,0)
(0,0,0)
(0,0,0)
(0,0,0)
(0,0,0)
(0,0,0)
(0,0,0)
(0,0,0)
(0,0,0)
(0,0,0)
(0,0,0)
(0,0,0)
(0,0,0)
(0,0,0)
(0,0,0)
(0,0,0)
(0,0,0)
(0,0,0)
(0,0,0)
(0,0,0)
(0,0,0)
(0,0,0)
(0,0,0)
(0,0,0)
(0,0,0)
(0,0,0)
(0,0,0)
(17494409.1582675,55797.8367463306,48653.601253933)
(17483016.1006581,53157.2014044289,104504.152246187)
(17456798.2123722,47491.7442633931,176466.638300846)
(17407726.781036,38313.8968534291,276845.344853018)
(17320344.6892026,25427.8782849633,423641.948768257)
(17164978.1054835,9972.45999638855,644650.538702016)
(16880065.5580305,-3913.37952992667,989625.661572539)
(16317196.8404701,-10029.8138123727,1587707.90704892)
(15047177.5464412,-8306.24346810718,2926975.50680083)
(11598209.1954409,-4068.96419177625,7184368.7543608)
(0,0,0)
(0,0,0)
(0,0,0)
(0,0,0)
(0,0,0)
(0,0,0)
(17482675.9870954,119054.738018015,46015.3788759121)
(17471290.2577037,114066.391607976,98900.0416334303)
(17444848.158879,103274.441664822,167345.519001747)
(17394863.8722777,85388.7333944372,263949.978047889)
(17305107.0030058,59305.3175393604,408182.715784931)
(17145362.4520519,26322.0320620002,630752.66479257)
(16856088.2684258,-5178.94541451565,983446.575391975)
(16295570.8980814,-18624.852854445,1589317.46414186)
(15033746.2231759,-13934.0068733299,2931080.14041661)
(11592364.1232628,-5973.83549967774,7188315.24529328)
(0,0,0)
(0,0,0)
(0,0,0)
(0,0,0)
(0,0,0)
(0,0,0)
(17456267.2552828,198133.347865222,40987.8569328456)
(17444843.9514744,191456.579182378,88098.7885248326)
(17417866.0987281,176904.624829155,149418.873099554)
(17365696.5224223,152143.554025314,237724.819418827)
(17269736.6374833,114182.591059697,375028.282087903)
(17096934.7188724,62207.6340188225,599085.592237164)
(16791133.1485977,6967.7234338955,969859.495998578)
(16235984.4068648,-16513.0438090691,1593816.12308981)
(14999137.5747057,-7986.6454644759,2938805.04447747)
(11578034.2200133,-490.476443438496,7194019.65910131)
(0,0,0)
(0,0,0)
(0,0,0)
(0,0,0)
(0,0,0)
(0,0,0)
(17407724.2601757,303339.501965623,34295.5161364692)
(17396322.0084962,296072.200641309,73476.5683923335)
(17368668.5752127,280151.621562742,124498.986147093)
(17313045.9925026,252704.443217356,199531.802296325)
(17205630.0221097,209209.16794286,322832.620614594)
(17003302.8342817,145283.136662484,543634.130110989)
(16646713.0649016,67619.1082408726,946162.06343967)
(16100251.6537275,29693.578860097,1602107.68682185)
(14929074.4175618,32728.0146681671,2946015.8092155)
(11551122.5585912,23114.8302725154,7194152.43965116)
(0,0,0)
(0,0,0)
(0,0,0)
(0,0,0)
(0,0,0)
(0,0,0)
(17322262.0017727,449148.854494064,26949.7109981881)
(17311089.7584371,442415.499047016,57449.9726024404)
(17283291.6635854,427856.146658836,96865.6818418073)
(17224801.4420721,403276.96472046,155785.350681481)
(17104324.8638953,365590.934904799,258696.087275255)
(16857706.923886,312787.227938774,465777.842298907)
(16387166.8595318,250385.777429314,908044.602906352)
(15848652.9563622,195717.52554492,1604943.1193846)
(14819242.3462353,143116.491786208,2936111.04452039)
(11511067.4081732,77367.0056241319,7170697.61700159)
(0,0,0)
(0,0,0)
(0,0,0)
(0,0,0)
(0,0,0)
(0,0,0)
(17170260.9176276,659647.656151555,20095.4637976959)
(17159803.7403851,654087.77231978,42720.2283307779)
(17133338.3506245,642314.774345197,72072.6829865879)
(17075978.0777629,622952.014213411,117836.636631896)
(16954173.5562979,593645.984405029,205651.278692539)
(16700548.7427156,550947.05339325,403194.408844217)
(16224129.3471621,491734.548764892,853213.396604322)
(15709388.9074628,415882.720012657,1552156.43619471)
(14725797.9594861,302905.549946489,2870094.69096896)
(11465223.8890065,160212.298534666,7093073.62978709)
(0,0,0)
(0,0,0)
(0,0,0)
(0,0,0)
(0,0,0)
(0,0,0)
(16888341.9040534,984811.249793415,14490.3826244875)
(16879205.062207,980491.620536211,30885.3453391158)
(16855806.2793055,971646.932424666,52566.2070038956)
(16803775.0889315,957630.56193764,88299.1633341917)
(16690248.7852255,936816.810164563,162786.073314702)
(16447798.2819928,904306.110622591,343850.871944048)
(15985846.8285168,847613.51461643,777207.516378226)
(15521324.2018491,746891.504522529,1438991.31215854)
(14587373.2498618,545547.734532757,2727140.9725794)
(11386966.1640438,291699.06455277,6932645.23207606)
(0,0,0)
(0,0,0)
(0,0,0)
(0,0,0)
(0,0,0)
(0,0,0)
(16324921.2299115,1561615.34872245,10196.9283857998)
(16317722.3246406,1558068.29259983,22028.7848829193)
(16299118.2306379,1550971.39277887,38493.4104722854)
(16257105.4221191,1540018.8657968,67367.5224974357)
(16163613.3325002,1524252.09150249,130232.327798162)
(15958043.4504668,1498845.34937282,287121.102452904)
(15553817.1134378,1440530.48420576,676416.184260021)
(15250687.1079963,1259819.88595215,1237514.39619306)
(14307889.0841352,965166.341926498,2473110.92187192)
(11205701.0973816,552122.589033767,6640836.43739948)
(0,0,0)
(0,0,0)
(0,0,0)
(0,0,0)
(0,0,0)
(0,0,0)
(15051560.307868,2885920.82563821,6788.35392823474)
(15046717.6479149,2882462.34147531,15060.3285037517)
(15034314.0976652,2875138.44668418,27665.6103417637)
(15006891.5109533,2862375.17910786,51687.7765092991)
(14948411.5682632,2839895.26209215,104936.428195829)
(14829403.8732707,2795306.03242771,228793.875275383)
(14614766.1604115,2695164.0222241,495569.310139871)
(14312981.5730984,2467099.52460837,942685.431572219)
(13461145.6802798,2063879.86275874,2059901.33960325)
(10654335.759993,1345769.96369744,6088620.43868253)
(0,0,0)
(0,0,0)
(0,0,0)
(0,0,0)
(0,0,0)
(0,0,0)
(11599759.7346928,7136270.157152,3493.01849867291)
(11597357.9110896,7132634.52098735,7928.14815749061)
(11591270.2753978,7124492.16009813,15136.5587427951)
(11578132.7306236,7109098.69503733,29381.0505740547)
(11550983.2413142,7079512.4858574,60487.9097914988)
(11497514.761978,7018842.17512411,128594.824495625)
(11398421.2664298,6890307.39696764,267350.448809852)
(11208542.7314146,6623122.75952746,539303.80607672)
(10654773.2313969,6084038.90433633,1341611.70805014)
(8663272.11409433,4742648.13972109,4742760.38336309)
(0,0,0)
(0,0,0)
(0,0,0)
(0,0,0)
(0,0,0)
(0,0,0)
(0,0,0)
(0,0,0)
(0,0,0)
(0,0,0)
(0,0,0)
(0,0,0)
(0,0,0)
(0,0,0)
(0,0,0)
(0,0,0)
(0,0,0)
(0,0,0)
(0,0,0)
(0,0,0)
(0,0,0)
(0,0,0)
(0,0,0)
(0,0,0)
(0,0,0)
(0,0,0)
(0,0,0)
(0,0,0)
(0,0,0)
(0,0,0)
(0,0,0)
(0,0,0)
(0,0,0)
(0,0,0)
(0,0,0)
(0,0,0)
(0,0,0)
(0,0,0)
(0,0,0)
(0,0,0)
(0,0,0)
(0,0,0)
(0,0,0)
(0,0,0)
(0,0,0)
(0,0,0)
(0,0,0)
(0,0,0)
(0,0,0)
(0,0,0)
(0,0,0)
(0,0,0)
(0,0,0)
(0,0,0)
(0,0,0)
(0,0,0)
(0,0,0)
(0,0,0)
(0,0,0)
(0,0,0)
(0,0,0)
(0,0,0)
(0,0,0)
(0,0,0)
(0,0,0)
(0,0,0)
(0,0,0)
(0,0,0)
(0,0,0)
(0,0,0)
(0,0,0)
(0,0,0)
(0,0,0)
(0,0,0)
(0,0,0)
(0,0,0)
(0,0,0)
(0,0,0)
(0,0,0)
(0,0,0)
(0,0,0)
(0,0,0)
(0,0,0)
(0,0,0)
(0,0,0)
(0,0,0)
(0,0,0)
(0,0,0)
(0,0,0)
(0,0,0)
(0,0,0)
(0,0,0)
(0,0,0)
(0,0,0)
(0,0,0)
(0,0,0)
(0,0,0)
(0,0,0)
(0,0,0)
(0,0,0)
(0,0,0)
(0,0,0)
(-303822.275777652,44169.1225002824,37193.8688024251)
(-316378.144705518,41502.5872840708,78217.0841395165)
(-344872.716368363,35618.3982695096,127401.171868214)
(-396779.535868582,25531.8960171977,189507.150013167)
(-485572.886519389,10235.6996299787,268320.583362768)
(-633721.346670044,-9603.20407266082,359754.796846712)
(-875895.471978974,-27860.9475370036,426708.331650808)
(-1258993.42637721,-31631.4108026098,317661.566558312)
(-1808229.39391599,-21756.4071309962,-522043.528695987)
(-2216711.84906985,-9964.04935745935,-4414026.87756998)
(0,0,0)
(0,0,0)
(0,0,0)
(0,0,0)
(0,0,0)
(0,0,0)
(-317231.401823407,92672.2902830261,34535.7783936121)
(-329555.500578613,87645.7592049775,72369.9220125817)
(-357736.66546212,76364.24258915,117340.459291643)
(-409673.307581585,56330.2667557347,174210.825669934)
(-499810.948575047,24010.5020159103,248485.532122379)
(-652002.795673137,-22104.3359814668,341483.469013704)
(-899851.508190527,-70186.0303114859,422879.885662077)
(-1279229.10287692,-78290.4166636001,327470.449738909)
(-1818375.01705121,-48667.6017451238,-510365.558162086)
(-2220263.26215407,-20384.5008695255,-4404186.16397551)
(0,0,0)
(0,0,0)
(0,0,0)
(0,0,0)
(0,0,0)
(0,0,0)
(-347035.91512857,149624.375422488,29482.6425295043)
(-358950.603473567,142979.636641479,61074.8772985614)
(-386632.941051929,127812.68441696,97257.0325083182)
(-439061.508506177,99672.4452301684,141804.442219936)
(-533863.457113759,50251.1647509195,202295.431339579)
(-701701.614054114,-31336.5219235189,293295.507465692)
(-979837.682522896,-137432.181278162,414644.046810474)
(-1349215.4874092,-152244.211016214,356929.29269457)
(-1849048.35594016,-78079.3667342934,-482341.454412692)
(-2230069.89119434,-27403.7379422036,-4384086.54887484)
(0,0,0)
(0,0,0)
(0,0,0)
(0,0,0)
(0,0,0)
(0,0,0)
(-400249.644812409,217932.104260501,22797.7334076481)
(-411537.480743935,210952.164094727,45816.2524520717)
(-438462.133254864,194922.44512572,68968.7574684356)
(-491991.202035247,164597.099123872,92212.8553701734)
(-597341.423691976,108002.133331905,120564.889848362)
(-811100.983925235,-263.883893128632,187027.627282436)
(-1228285.74873898,-191905.688830274,399631.505732688)
(-1578265.06295442,-221865.299416395,430900.868072422)
(-1925968.58079189,-77041.0844111927,-431962.85863936)
(-2251187.15681813,-16875.5827427619,-4357049.74117197)
(0,0,0)
(0,0,0)
(0,0,0)
(0,0,0)
(0,0,0)
(0,0,0)
(-489597.344365644,297185.776168429,15737.2314879995)
(-500009.124210858,291243.492417309,29676.3430709888)
(-525456.576542532,278023.784563547,38454.8010185821)
(-578964.38614836,254542.6114996,35406.6741209731)
(-696731.170599822,215468.022029319,12128.3771762331)
(-998150.569052743,155632.997064908,-4779.45358549041)
(-1983207.81066818,87338.278009612,369482.807032167)
(-2352620.46804973,56472.2285434904,575550.260741716)
(-2076738.78884857,49693.4994490424,-372071.630777025)
(-2285799.34748449,31538.3413113406,-4340487.24191575)
(0,0,0)
(0,0,0)
(0,0,0)
(0,0,0)
(0,0,0)
(0,0,0)
(-636874.499848349,377792.249953881,9660.50094813762)
(-646042.919890538,373596.243685721,16285.9672128814)
(-668820.696725977,364845.133254563,14755.2231299296)
(-718521.246218897,350813.761137919,-3885.04526918219)
(-832962.340101261,329747.861346463,-47897.4309295601)
(-1133564.41731993,298198.402309831,-73218.1188813021)
(-2070496.71819082,253431.143491679,338446.638247131)
(-2408961.89208646,227833.015828738,568568.207768794)
(-2146812.78191559,164487.306713146,-390483.30083607)
(-2320288.73283107,81941.1722198412,-4372241.95264934)
(0,0,0)
(0,0,0)
(0,0,0)
(0,0,0)
(0,0,0)
(0,0,0)
(-877627.947095692,421475.92286872,5417.73549185701)
(-885209.826402665,419076.404352966,7484.02069182999)
(-904309.118371467,415003.487266148,572.621614675568)
(-947585.118392574,411025.389694964,-25147.242360729)
(-1052619.43573521,410197.152991478,-79596.7557874593)
(-1346886.56070089,414521.805863804,-118103.75939007)
(-2323834.14460497,415523.839777304,312616.074703756)
(-2636339.69004249,476247.229462353,504997.310219285)
(-2252769.60085321,266049.904016043,-473290.879110912)
(-2377262.2733279,110417.356394972,-4454407.06865691)
(0,0,0)
(0,0,0)
(0,0,0)
(0,0,0)
(0,0,0)
(0,0,0)
(-1261877.30465184,288339.933146098,3066.08154351627)
(-1267573.65677101,287142.443435023,3427.58113058568)
(-1282107.37030483,286257.552161643,-3469.32556465033)
(-1316014.80567127,289863.184743846,-26055.3355656053)
(-1402882.17799029,309070.985189631,-75302.1000156017)
(-1672736.47627965,370224.258848712,-117093.068996576)
(-2739339.70834031,501476.709846639,373242.439969795)
(-2233488.51881643,322130.6865883,294666.166914188)
(-2337557.93207048,118399.849244391,-629105.204850836)
(-2465597.80516495,720.655064089299,-4564978.04371578)
(0,0,0)
(0,0,0)
(0,0,0)
(0,0,0)
(0,0,0)
(0,0,0)
(-1812979.9966196,-565994.968593835,2006.76348504585)
(-1816667.06303107,-566997.184584873,2662.65970837425)
(-1825936.48606065,-567946.313342168,248.666195599354)
(-1846731.03261829,-566385.517254898,-6748.53097645006)
(-1894525.86664419,-557546.704246918,-14061.8493749223)
(-2008900.15220917,-536587.104357175,14185.0965684252)
(-2259005.07390478,-521216.271532749,193780.86952158)
(-2341381.22215714,-637393.43125744,90799.3398803347)
(-2557012.11471663,-742556.501744297,-746954.956876964)
(-2597590.60413017,-645348.438401145,-4565827.94203101)
(0,0,0)
(0,0,0)
(0,0,0)
(0,0,0)
(0,0,0)
(0,0,0)
(-2220336.78422534,-4463893.44212296,1126.54970487279)
(-2222135.75739129,-4465093.66591378,1848.25677221557)
(-2226571.54265981,-4467092.05004499,1967.36879022945)
(-2236161.55086401,-4469219.56641056,2227.25669090902)
(-2256661.61135406,-4471568.72497662,7025.68734645032)
(-2299715.28871066,-4478736.02604375,29536.2169792142)
(-2379381.7879348,-4508213.81463679,77468.3717054849)
(-2468188.01799116,-4585542.86285824,-14519.8900304751)
(-2598379.52947588,-4570841.96930098,-649950.104343442)
(-2507588.60837068,-3920694.97597979,-3920611.28704217)
(0,0,0)
(0,0,0)
(0,0,0)
(0,0,0)
(0,0,0)
(0,0,0)
(0,0,0)
(0,0,0)
(0,0,0)
(0,0,0)
(0,0,0)
(0,0,0)
(0,0,0)
(0,0,0)
(0,0,0)
(0,0,0)
(0,0,0)
(0,0,0)
(0,0,0)
(0,0,0)
(0,0,0)
(0,0,0)
(0,0,0)
(0,0,0)
(0,0,0)
(0,0,0)
(0,0,0)
(0,0,0)
(0,0,0)
(0,0,0)
(0,0,0)
(0,0,0)
(0,0,0)
(0,0,0)
(0,0,0)
(0,0,0)
(0,0,0)
(0,0,0)
(0,0,0)
(0,0,0)
(0,0,0)
(0,0,0)
(0,0,0)
(0,0,0)
(0,0,0)
(0,0,0)
(0,0,0)
(0,0,0)
(0,0,0)
(0,0,0)
(0,0,0)
(0,0,0)
(0,0,0)
(0,0,0)
(0,0,0)
(0,0,0)
(0,0,0)
(0,0,0)
(0,0,0)
(0,0,0)
(0,0,0)
(0,0,0)
(0,0,0)
(0,0,0)
(0,0,0)
(0,0,0)
(0,0,0)
(0,0,0)
(0,0,0)
(0,0,0)
(0,0,0)
(0,0,0)
(0,0,0)
(0,0,0)
(0,0,0)
(0,0,0)
(0,0,0)
(0,0,0)
(0,0,0)
(0,0,0)
(0,0,0)
(0,0,0)
(0,0,0)
(0,0,0)
(0,0,0)
(0,0,0)
(0,0,0)
(0,0,0)
(0,0,0)
(0,0,0)
(0,0,0)
(0,0,0)
(0,0,0)
(0,0,0)
(0,0,0)
(0,0,0)
(0,0,0)
(0,0,0)
(0,0,0)
(0,0,0)
(0,0,0)
(0,0,0)
(-359345.950126969,30903.528765536,24620.1455837811)
(-369985.453024573,28448.1343993505,49779.3195034896)
(-393538.181091062,22858.1707119105,75586.6135142794)
(-434689.589352094,12712.4793024227,100784.187695365)
(-501122.810981019,-3967.01961587914,120301.131772877)
(-603276.134257833,-27863.7717622941,117719.691122965)
(-750011.909033823,-51812.9970723101,43649.1252501265)
(-931877.37618244,-51881.8300586843,-231585.094885971)
(-1077317.55522356,-31940.2986651392,-930556.634913233)
(-936217.140663919,-13577.4008176004,-2197473.94250155)
(0,0,0)
(0,0,0)
(0,0,0)
(0,0,0)
(0,0,0)
(0,0,0)
(-371512.895170466,63027.6038868523,22157.41822574)
(-381539.446128491,58403.4733505375,44186.0248244314)
(-403767.406746395,47635.197474612,65439.7393460079)
(-442735.366557996,27102.5122358973,84111.7653889411)
(-506161.832099705,-9921.62510696493,96417.2544046879)
(-605422.438227586,-71779.339429334,93752.4646261846)
(-751229.822409826,-150221.805044796,43539.5868179753)
(-927556.190392982,-148346.279466904,-211668.876257737)
(-1070231.64471111,-79437.6941508369,-912314.853112129)
(-931841.026286242,-30260.5467140119,-2184053.9430836)
(0,0,0)
(0,0,0)
(0,0,0)
(0,0,0)
(0,0,0)
(0,0,0)
(-398103.615088859,96574.0497500399,17521.2540971055)
(-406990.473216326,90562.5244975699,33402.0726928278)
(-426646.837990983,76185.7333112364,44865.4337952559)
(-461133.758187592,46978.3080110779,47061.8877014939)
(-518243.527829834,-13047.5889133443,34567.9222239467)
(-613452.452002291,-140698.832302746,15238.253045522)
(-774146.386551879,-385938.75039043,45263.9024201416)
(-928022.626775292,-381338.678120073,-142936.559560604)
(-1052969.32295026,-155035.559158483,-863417.727542843)
(-921137.631143343,-48532.8306943764,-2154077.70361347)
(0,0,0)
(0,0,0)
(0,0,0)
(0,0,0)
(0,0,0)
(0,0,0)
(-443897.29608595,128744.501591849,11477.1994317392)
(-451168.305404473,122715.922204118,18954.6263857334)
(-467051.530611482,108189.372871173,15540.3841824175)
(-494282.424066702,77856.8922928226,-13046.9780678736)
(-539068.852735843,8746.43619177463,-93113.5741291217)
(-627489.515623168,-187297.277011995,-230126.59772194)
(-947084.591885098,-946898.568305115,49632.0633388589)
(-996845.585092252,-996274.936856625,83148.8442132454)
(-1012840.3428815,-227811.664594843,-757203.288260792)
(-899571.417385675,-51465.2916891898,-2105886.56669845)
(0,0,0)
(0,0,0)
(0,0,0)
(0,0,0)
(0,0,0)
(0,0,0)
(-516300.466278188,150084.971456434,5362.65204795693)
(-521709.233492539,145453.407115187,4325.27641856978)
(-532854.540145528,134881.726834031,-14969.1139412909)
(-548922.220888058,115137.853362773,-82292.2402715403)
(-560336.728615524,79287.8498971381,-289228.095961204)
(-505049.044028611,20205.0118382347,-989831.909835572)
(8.7956799635887e-05,2.08178209267559e-05,-5.60425602303909e-05)
(-223.707522741305,117.560099295331,851405.268291239)
(-851672.2529483,-20379.3868243033,-581093.545379591)
(-860680.380706086,-2974.14119370157,-2054703.66265351)
(0,0,0)
(0,0,0)
(0,0,0)
(0,0,0)
(0,0,0)
(0,0,0)
(-624606.216515212,137220.349295464,596.338827835875)
(-628225.014723588,134639.556550497,-6407.7157744267)
(-634959.507328413,129508.888215239,-34896.0665531979)
(-641887.751002007,121865.115945857,-118256.824353171)
(-633683.204002235,110149.056939726,-348397.167494795)
(-536531.158621724,84878.6786134258,-1010104.0929682)
(7.94650084437725e-05,2.77445142056798e-05,-4.42767602811809e-05)
(-295.679099479721,470.287147730354,830685.366094393)
(-831149.510074749,58582.1889609349,-563939.481531681)
(-860229.077186186,24972.1301699955,-2051945.4085402)
(0,0,0)
(0,0,0)
(0,0,0)
(0,0,0)
(0,0,0)
(0,0,0)
(-775768.970725367,37392.5961317055,-2031.22320656149)
(-777871.934018177,36853.3472114433,-11582.9062520064)
(-781021.794228781,37304.4695616551,-42665.8117410963)
(-780977.284421841,42677.4028858169,-130085.932651783)
(-758792.491645496,59970.0655450436,-373733.885346821)
(-629422.279432119,88693.0139154143,-1095012.50191758)
(0.000216694555825544,-8.10323860571449e-05,-6.06614901229384e-05)
(-696.799578346244,879158.730335961,888476.553660071)
(-889188.383103965,181305.324692776,-597827.799821005)
(-895018.136811862,22086.2818414122,-2077186.08800846)
(0,0,0)
(0,0,0)
(0,0,0)
(0,0,0)
(0,0,0)
(0,0,0)
(-959252.495003438,-262699.907949977,-2532.30556673004)
(-960264.342329905,-261878.559187468,-11109.7136089262)
(-961058.431566815,-257502.516235753,-37351.6665495355)
(-957026.760026125,-240811.547768598,-112850.761540272)
(-928176.135840393,-182555.799321073,-345030.938824058)
(-779589.723698065,34096.3647429203,-1183581.04223315)
(-690.605504311625,981867.267008983,879112.593294928)
(-880011.58039045,214267.037811722,190527.347393175)
(-1107442.5926668,-101073.913149196,-757208.754168525)
(-969909.039746239,-131325.791429848,-2099485.44631597)
(0,0,0)
(0,0,0)
(0,0,0)
(0,0,0)
(0,0,0)
(0,0,0)
(-1100491.87921048,-973533.420137911,-1654.60522117448)
(-1100914.71131306,-972614.591418335,-6670.92470831113)
(-1100868.1600933,-968657.47901936,-20584.2878920313)
(-1097747.94382093,-955841.141529876,-54537.7829281075)
(-1083568.51595159,-919683.343732366,-128367.589209407)
(-1040010.15197024,-827366.2603262,-235794.964379224)
(-982798.550223634,-641575.487882989,111441.266831605)
(-1126565.30573086,-764220.528590507,-124887.083192438)
(-1211405.5703395,-783962.183422513,-787605.357296235)
(-992806.074045564,-555388.73009678,-1968326.94871392)
(0,0,0)
(0,0,0)
(0,0,0)
(0,0,0)
(0,0,0)
(0,0,0)
(-949279.251371282,-2243928.12174466,-662.831247300875)
(-949457.076549788,-2243319.78882665,-2636.31468048915)
(-949378.950613154,-2240801.15475142,-7685.23099507112)
(-948115.130480584,-2233243.88135357,-18328.9115547891)
(-943623.281151645,-2215011.05248485,-36039.5330047082)
(-934035.563060391,-2179014.77915832,-50070.7398228689)
(-930879.081233723,-2128824.60866377,-11324.325743139)
(-981610.606452391,-2117385.79205011,-144736.473822277)
(-995304.729805848,-1972554.82223067,-559218.634684146)
(-795910.551879018,-1413185.03781167,-1413100.38346092)
(0,0,0)
(0,0,0)
(0,0,0)
(0,0,0)
(0,0,0)
(0,0,0)
(0,0,0)
(0,0,0)
(0,0,0)
(0,0,0)
(0,0,0)
(0,0,0)
(0,0,0)
(0,0,0)
(0,0,0)
(0,0,0)
(0,0,0)
(0,0,0)
(0,0,0)
(0,0,0)
(0,0,0)
(0,0,0)
(0,0,0)
(0,0,0)
(0,0,0)
(0,0,0)
(0,0,0)
(0,0,0)
(0,0,0)
(0,0,0)
(0,0,0)
(0,0,0)
(0,0,0)
(0,0,0)
(0,0,0)
(0,0,0)
(0,0,0)
(0,0,0)
(0,0,0)
(0,0,0)
(0,0,0)
(0,0,0)
(0,0,0)
(0,0,0)
(0,0,0)
(0,0,0)
(0,0,0)
(0,0,0)
(0,0,0)
(0,0,0)
(0,0,0)
(0,0,0)
(0,0,0)
(0,0,0)
(0,0,0)
(0,0,0)
(0,0,0)
(0,0,0)
(0,0,0)
(0,0,0)
(0,0,0)
(0,0,0)
(0,0,0)
(0,0,0)
(0,0,0)
(0,0,0)
(0,0,0)
(0,0,0)
(0,0,0)
(0,0,0)
(0,0,0)
(0,0,0)
(0,0,0)
(0,0,0)
(0,0,0)
(0,0,0)
(0,0,0)
(0,0,0)
(0,0,0)
(0,0,0)
(0,0,0)
(0,0,0)
(0,0,0)
(0,0,0)
(0,0,0)
(0,0,0)
(0,0,0)
(0,0,0)
(0,0,0)
(0,0,0)
(0,0,0)
(0,0,0)
(0,0,0)
(0,0,0)
(0,0,0)
(0,0,0)
(0,0,0)
(0,0,0)
(0,0,0)
(0,0,0)
(0,0,0)
(0,0,0)
(-392092.447030586,18815.7139462402,13930.7829573776)
(-399252.873677121,16959.169085179,26239.0345247466)
(-414504.44103405,12688.6275919336,34516.6668757989)
(-439377.699023762,4714.80734116984,34489.9692062993)
(-475999.693405136,-8983.63187993089,18350.4835103403)
(-526089.100366247,-29986.4833713361,-28850.0670099118)
(-587765.485865137,-53006.911435184,-138089.578743417)
(-645445.227033315,-47556.4759983386,-376965.251894201)
(-639961.571640669,-24857.5364636359,-789463.69901346)
(-455153.910317799,-9209.53659099938,-1261317.39276853)
(0,0,0)
(0,0,0)
(0,0,0)
(0,0,0)
(0,0,0)
(0,0,0)
(-401309.797011783,36555.6754067244,12056.9403808303)
(-407552.453822123,33082.5187355603,21946.5984240789)
(-420597.646267473,24920.0853922527,26545.3801448364)
(-441150.845922522,8852.32614608193,20823.3407044547)
(-469774.420016698,-21926.0271384496,-2621.67612003753)
(-506317.735089404,-79820.6077219795,-51892.2549075779)
(-550247.251917459,-173195.71817677,-132686.018658361)
(-604650.076172219,-148864.004166628,-354284.604710832)
(-613201.606472261,-62237.2387155177,-773934.940697803)
(-443112.604081432,-19600.2447669884,-1252272.65472661)
(0,0,0)
(0,0,0)
(0,0,0)
(0,0,0)
(0,0,0)
(0,0,0)
(-421063.12628029,50926.325647014,8588.8609511392)
(-425598.777374929,46520.0337985437,13759.6500467632)
(-434371.995475212,35955.4390092714,10449.4539139766)
(-445905.31507475,14002.3320450245,-9928.99509780522)
(-455845.421729169,-33787.2745193123,-60465.8538176075)
(-453667.935025239,-154746.554275377,-145324.424241253)
(-425179.331904719,-558960.21281639,-108526.984248792)
(-467361.001667918,-450209.065325383,-267843.548197413)
(-536531.343898523,-114934.367582215,-731584.398382465)
(-412370.607356476,-26977.8776338714,-1232973.78930247)
(0,0,0)
(0,0,0)
(0,0,0)
(0,0,0)
(0,0,0)
(0,0,0)
(-453666.351053463,56507.0236862962,4188.35692822928)
(-455946.904836585,52364.6063266566,3122.38383222441)
(-458956.588233476,42590.2824088506,-11607.4019453575)
(-457524.666548466,23379.5888047535,-57742.4162233222)
(-436766.68188741,-12444.0788525813,-181387.782738494)
(-349162.985380026,-64862.893891758,-549597.973365255)
(4.11240729627044e-05,3.86239894207899e-06,-1.86153341744071e-05)
(-261.53258090564,232.67444376583,67198.1589780999)
(-349977.187224491,-66689.6357019823,-643909.728559137)
(-351563.328706475,-12579.665102457,-1206316.02976978)
(0,0,0)
(0,0,0)
(0,0,0)
(0,0,0)
(0,0,0)
(0,0,0)
(-501743.737691074,41978.6582208504,-28.36312166361)
(-501770.76495867,39153.1650713551,-6755.39040023644)
(-499005.46635649,32956.5138350879,-30970.6956155126)
(-485120.444368782,22281.3397864955,-93674.2231165321)
(-438609.512014325,6002.82819661592,-233848.346766921)
(-307779.205260693,-11247.8511513215,-484733.228275263)
(-5.62900743209516e-06,2.60284720700969e-06,0.00010142764324702)
(9.53539452908184e-05,8.16791755245763e-06,-2.04322875469901e-06)
(-612.332649548194,95.5326091923507,-590017.358906625)
(-266689.272053382,-2586.74638547207,-1194001.38627628)
(0,0,0)
(0,0,0)
(0,0,0)
(0,0,0)
(0,0,0)
(0,0,0)
(-565920.025477418,-13744.5002243002,-2963.03259264367)
(-564138.34503405,-14800.1627747147,-13096.3744361116)
(-556944.009785763,-16371.9172971525,-41783.4408465214)
(-534272.501808375,-17085.6639486345,-110031.686305025)
(-471724.056316352,-14822.8990221053,-251165.106772178)
(-317517.147129641,-7910.21201272332,-473516.757402847)
(9.02880899682885e-07,8.29122596465134e-06,7.95532901094749e-05)
(7.08972038162717e-05,1.90730764549282e-05,-2.38636621797031e-06)
(-481.859231698315,557.122085540189,-592935.413815827)
(-254235.665400553,-9830.47595388308,-1191685.09603306)
(0,0,0)
(0,0,0)
(0,0,0)
(0,0,0)
(0,0,0)
(0,0,0)
(-639511.119587582,-145932.759882963,-4069.59147912281)
(-636645.81587696,-145351.075790767,-14744.7966042786)
(-626989.609006075,-142537.024294655,-42611.8748294889)
(-599633.666366159,-133193.966952117,-107847.189881687)
(-527954.831558318,-109226.149842774,-244281.599148199)
(-354743.555650608,-61232.3671910892,-465638.167751352)
(1.14528068107632e-05,0.000126106971353369,9.41362218940504e-05)
(0.000123074747459676,-5.24346340392962e-06,-4.70652017928469e-06)
(-517.169042596299,-36936.3321338925,-603662.385592251)
(-273472.447818587,-52825.6385994629,-1182212.91193993)
(0,0,0)
(0,0,0)
(0,0,0)
(0,0,0)
(0,0,0)
(0,0,0)
(-697783.895773409,-403899.931169046,-3501.42794395209)
(-694733.895590306,-402438.925603291,-11944.0248710346)
(-685004.410960242,-397203.019813944,-33332.0499583142)
(-658182.55156186,-381418.677681534,-83951.5476931622)
(-587190.111475262,-337822.488095672,-196341.233805388)
(-406425.992572685,-226185.911851061,-404551.420270797)
(0.000147976478581779,-1.00816086948153e-05,-6.20022795719925e-06)
(-67.7417124944511,-32226.130925952,-36877.9233552155)
(-356505.966610631,-205049.446887532,-619701.43465775)
(-358514.605287381,-154262.085223848,-1129659.42249224)
(0,0,0)
(0,0,0)
(0,0,0)
(0,0,0)
(0,0,0)
(0,0,0)
(-679823.782935527,-822497.739354371,-2070.28808962651)
(-677439.310748436,-821282.070138225,-6702.54411931068)
(-670054.018820658,-817197.025458903,-17522.6797469964)
(-650189.600605453,-806150.444757083,-40349.2558869323)
(-597365.192842289,-779641.610434736,-84733.4566571632)
(-451182.814902872,-721284.694520498,-178462.011055091)
(111.596348679401,-589584.967585323,-32254.1057692641)
(-362035.18924873,-619251.660683271,-209758.692494091)
(-489308.066016303,-567843.484180905,-569062.159523922)
(-382049.972327831,-358485.304543373,-975595.04192213)
(0,0,0)
(0,0,0)
(0,0,0)
(0,0,0)
(0,0,0)
(0,0,0)
(-476065.186264743,-1294896.67397004,-815.13049086725)
(-474833.517320173,-1294130.04855308,-2590.71130564494)
(-471126.73367021,-1291581.68952907,-6458.26417843678)
(-461724.642264279,-1285161.91196472,-13837.2851871119)
(-439317.884142042,-1271354.34343314,-26429.9491983056)
(-390029.04566361,-1244870.73204539,-46850.4290701981)
(-307385.050510589,-1197900.31302267,-62029.1143559952)
(-368667.430633053,-1135769.16704744,-158454.783811165)
(-384457.731379426,-977265.466667397,-359879.799751106)
(-279737.357552177,-617285.531871614,-617252.766749717)
(0,0,0)
(0,0,0)
(0,0,0)
(0,0,0)
(0,0,0)
(0,0,0)
(0,0,0)
(0,0,0)
(0,0,0)
(0,0,0)
(0,0,0)
(0,0,0)
(0,0,0)
(0,0,0)
(0,0,0)
(0,0,0)
(0,0,0)
(0,0,0)
(0,0,0)
(0,0,0)
(0,0,0)
(0,0,0)
(0,0,0)
(0,0,0)
(0,0,0)
(0,0,0)
(0,0,0)
(0,0,0)
(0,0,0)
(0,0,0)
(0,0,0)
(0,0,0)
(0,0,0)
(0,0,0)
(0,0,0)
(0,0,0)
(0,0,0)
(0,0,0)
(0,0,0)
(0,0,0)
(0,0,0)
(0,0,0)
(0,0,0)
(0,0,0)
(0,0,0)
(0,0,0)
(0,0,0)
(0,0,0)
(0,0,0)
(0,0,0)
(0,0,0)
(0,0,0)
(0,0,0)
(0,0,0)
(0,0,0)
(0,0,0)
(0,0,0)
(0,0,0)
(0,0,0)
(0,0,0)
(0,0,0)
(0,0,0)
(0,0,0)
(0,0,0)
(0,0,0)
(0,0,0)
(0,0,0)
(0,0,0)
(0,0,0)
(0,0,0)
(0,0,0)
(0,0,0)
(0,0,0)
(0,0,0)
(0,0,0)
(0,0,0)
(0,0,0)
(0,0,0)
(0,0,0)
(0,0,0)
(0,0,0)
(0,0,0)
(0,0,0)
(0,0,0)
(0,0,0)
(0,0,0)
(0,0,0)
(0,0,0)
(0,0,0)
(0,0,0)
(0,0,0)
(0,0,0)
(0,0,0)
(0,0,0)
(0,0,0)
(0,0,0)
(0,0,0)
(0,0,0)
(0,0,0)
(0,0,0)
(0,0,0)
(0,0,0)
(-408403.405275329,9644.75999587968,6666.19824887082)
(-412217.062842967,8680.74745644909,10949.6399582698)
(-419784.560065628,6584.60594167452,9645.15304817185)
(-430620.947496617,2947.41842273341,-2059.01690170681)
(-443753.444194223,-2700.22395848287,-31605.0421541395)
(-457217.233951951,-10102.9803756278,-90373.9281928059)
(-467203.888533484,-15381.4057769873,-195554.119747476)
(-463048.762268248,-6682.26613544186,-371268.318377108)
(-408614.364648204,1949.27673202145,-604564.802101573)
(-256463.493871844,2863.2729305875,-806118.49147815)
(0,0,0)
(0,0,0)
(0,0,0)
(0,0,0)
(0,0,0)
(0,0,0)
(-414292.63264386,16929.6019172948,5697.99371066549)
(-417179.04710518,15170.1940532609,8835.14039691205)
(-422465.247403796,11277.6927435107,6009.65473140037)
(-428722.153439562,4211.36562989529,-7682.98495872407)
(-433303.571426443,-7879.84233044529,-38974.2151770154)
(-432671.857423399,-27056.692041922,-95666.3811767284)
(-426358.779920568,-48024.0766103198,-186912.182340279)
(-424094.502879988,-11484.6770893281,-362665.344678623)
(-384646.732656383,14482.8199310827,-603753.76169356)
(-246033.309884831,11158.2550259955,-809128.037985569)
(0,0,0)
(0,0,0)
(0,0,0)
(0,0,0)
(0,0,0)
(0,0,0)
(-426561.508459069,18447.9035315032,3980.08056457537)
(-427720.348510591,16316.5553529593,4955.29040053969)
(-428642.170389341,11545.1967833202,-1042.03872513943)
(-425551.625393378,2539.31789532695,-19723.6806719498)
(-410774.858362824,-14578.0090910666,-58096.0772776732)
(-371995.352217366,-50148.0927911452,-116677.259336328)
(-305604.740318487,-133752.772551228,-150523.154981651)
(-309402.197090747,16890.7944619437,-336857.431110091)
(-323209.539172568,71630.6284804878,-607327.044385457)
(-221830.299114377,33845.0493861771,-820554.146987716)
(0,0,0)
(0,0,0)
(0,0,0)
(0,0,0)
(0,0,0)
(0,0,0)
(-445656.567359557,8573.59972710708,1864.52011048897)
(-444644.536125935,6751.23233625455,127.474416546082)
(-439952.550292126,2772.73850606183,-10104.1052475474)
(-424233.010250356,-4017.19869999314,-36839.2449503359)
(-380442.4541322,-14136.1188255669,-93605.362971043)
(-269216.07578269,-23401.0637017693,-200299.301657753)
(3.49079626074646e-05,4.38601884787112e-06,5.68332992333427e-06)
(-99.8032400662925,276.459014407928,-282297.478212431)
(-197891.763085185,282636.558172139,-645388.832043391)
(-180718.383910598,72311.948876856,-854700.676329952)
(0,0,0)
(0,0,0)
(0,0,0)
(0,0,0)
(0,0,0)
(0,0,0)
(-471154.033485104,-21966.8289742297,-49.275504629236)
(-468164.062117799,-22951.5829870174,-3953.16302222653)
(-458442.175139313,-24739.1723305358,-17004.5434028067)
(-432419.722589075,-26668.4049277052,-47054.0589548022)
(-369994.895553824,-26941.3743820957,-102863.419858775)
(-236311.37348237,-20891.9465166114,-176840.368822256)
(-5.30435027018223e-06,8.31779047776367e-07,5.76110398930622e-06)
(8.36779756776587e-05,9.47214448475117e-07,1.67537037327627e-05)
(-94.5645265179902,242.528072505153,-855914.996701884)
(-132906.975520897,9878.76340051301,-927264.107758019)
(0,0,0)
(0,0,0)
(0,0,0)
(0,0,0)
(0,0,0)
(0,0,0)
(-499704.193482928,-87039.6211842122,-1143.0397845094)
(-495342.826751531,-87018.4864172765,-5871.65463677112)
(-482374.156059063,-86146.7182396703,-19033.9624543394)
(-450334.146925206,-82253.1973782201,-47387.5248869923)
(-378318.556491665,-70912.0737814874,-96822.3253122881)
(-234273.112731668,-45065.2756099745,-155893.030616901)
(2.23925016075034e-07,3.9501242913696e-06,-1.43053476025545e-11)
(5.8731482676897e-05,5.35047575808162e-08,1.30594165249216e-05)
(-44.7037509121819,580.70955774496,-846536.280762974)
(-124480.451110738,-29005.5960926729,-937407.135559586)
(0,0,0)
(0,0,0)
(0,0,0)
(0,0,0)
(0,0,0)
(0,0,0)
(-521467.30114159,-203899.578986711,-1183.86064350102)
(-516616.842270477,-203134.612650132,-5096.7080171341)
(-502765.108288513,-200248.749930845,-15219.1770435203)
(-469513.668105194,-191503.243706485,-36089.1289762222)
(-395705.214696938,-168279.779991622,-70971.0396274688)
(-247181.829907575,-112795.469105184,-110802.571875293)
(8.51320720923624e-06,8.80977730344018e-06,-1.68915622136976e-11)
(0.000102306245856329,2.84657654061465e-06,1.79754129287519e-05)
(-262.370496283022,-392905.876368269,-876503.565144599)
(-132387.640896106,-137843.800078,-908750.16808178)
(0,0,0)
(0,0,0)
(0,0,0)
(0,0,0)
(0,0,0)
(0,0,0)
(-515578.131121688,-385667.34887216,-437.994766269644)
(-511218.529519234,-384862.741648649,-2225.23183882115)
(-499024.432618886,-381972.379479099,-6481.58063192773)
(-470110.23737093,-373172.341878343,-12884.7966509971)
(-405066.865692486,-347791.383665845,-15496.4387595504)
(-265882.644945949,-270825.247017444,1989.99152597252)
(0.000128774500818618,2.0496602023718e-05,7.92592179695839e-06)
(-156.904764831532,-394162.027293201,-393206.810841751)
(-183069.84360078,-337844.023497172,-621704.786722698)
(-169078.064203634,-177796.272851935,-771188.855032506)
(0,0,0)
(0,0,0)
(0,0,0)
(0,0,0)
(0,0,0)
(0,0,0)
(-447182.883072361,-618634.616544114,326.36780878615)
(-444089.200223266,-618534.643389727,648.159024684051)
(-435611.259011447,-618088.046950072,2321.06668644178)
(-416069.491242587,-617480.212456693,12508.8279019363)
(-372708.5123053,-621409.993341072,61470.7570401756)
(-273423.069938978,-659995.242654103,272881.007712939)
(-413.658784025479,-897032.637140478,-394368.266244086)
(-187632.304883769,-625862.201536663,-337070.976365583)
(-239383.930156113,-462980.490234898,-461858.645488044)
(-171917.534527053,-256179.021322854,-593608.334817913)
(0,0,0)
(0,0,0)
(0,0,0)
(0,0,0)
(0,0,0)
(0,0,0)
(-276284.573530249,-818849.372630019,434.143351418946)
(-274734.761567432,-819306.719543564,1107.46375251542)
(-270606.611702261,-820435.858518657,2935.15335315173)
(-261518.731815373,-823352.30302466,8601.3334722069)
(-243056.092551144,-831931.109712771,22860.6582530187)
(-208261.823217037,-854724.042699652,35822.2358519903)
(-154777.132279375,-890516.618089489,-123301.701430213)
(-176397.529738551,-767139.849263765,-174293.95459761)
(-173709.510502351,-592818.210732322,-255204.454977253)
(-115984.799943762,-337572.515402653,-337563.518505868)
(0,0,0)
(0,0,0)
(0,0,0)
(0,0,0)
(0,0,0)
(0,0,0)
(0,0,0)
(0,0,0)
(0,0,0)
(0,0,0)
(0,0,0)
(0,0,0)
(0,0,0)
(0,0,0)
(0,0,0)
(0,0,0)
(0,0,0)
(0,0,0)
(0,0,0)
(0,0,0)
(0,0,0)
(0,0,0)
(0,0,0)
(0,0,0)
(0,0,0)
(0,0,0)
(0,0,0)
(0,0,0)
(0,0,0)
(0,0,0)
(0,0,0)
(0,0,0)
(0,0,0)
(0,0,0)
(0,0,0)
(0,0,0)
(0,0,0)
(0,0,0)
(0,0,0)
(0,0,0)
(0,0,0)
(0,0,0)
(0,0,0)
(0,0,0)
(0,0,0)
(0,0,0)
(0,0,0)
(0,0,0)
(0,0,0)
(0,0,0)
(0,0,0)
(0,0,0)
(0,0,0)
(0,0,0)
(0,0,0)
(0,0,0)
(0,0,0)
(0,0,0)
(0,0,0)
(0,0,0)
(0,0,0)
(0,0,0)
(0,0,0)
(0,0,0)
(0,0,0)
(0,0,0)
(0,0,0)
(0,0,0)
(0,0,0)
(0,0,0)
(0,0,0)
(0,0,0)
(0,0,0)
(0,0,0)
(0,0,0)
(0,0,0)
(0,0,0)
(0,0,0)
(0,0,0)
(0,0,0)
(0,0,0)
(0,0,0)
(0,0,0)
(0,0,0)
(0,0,0)
(0,0,0)
(0,0,0)
(0,0,0)
(0,0,0)
(0,0,0)
(0,0,0)
(0,0,0)
(0,0,0)
(0,0,0)
(0,0,0)
(0,0,0)
(0,0,0)
(0,0,0)
(0,0,0)
(0,0,0)
(0,0,0)
(0,0,0)
(-414942.87975617,3768.68549022407,2770.78899060548)
(-416492.140744556,3732.58573765609,3313.28115453604)
(-419121.831473121,3905.5664290164,-1255.01386698582)
(-421580.892627302,4854.87597852139,-15149.9447148195)
(-421768.00219735,7812.85926286252,-44948.2459745516)
(-416563.540111409,14580.8301691163,-100182.769984208)
(-401809.123553254,25572.8975637553,-191150.432528191)
(-369961.443477142,32340.7836929098,-316578.535012204)
(-298871.916963233,25972.0240811108,-452293.006778286)
(-172514.310505374,13352.6011348681,-549594.791279621)
(0,0,0)
(0,0,0)
(0,0,0)
(0,0,0)
(0,0,0)
(0,0,0)
(-418037.968492278,4777.6038429784,2736.41749566389)
(-418960.25697601,4768.69549728037,3481.51760687026)
(-420042.610045973,5241.98633415432,-277.539656091129)
(-419486.619408648,7515.04963216545,-12173.2473406524)
(-414313.26563395,14821.9108613205,-38172.6047316062)
(-400914.888321674,33838.9389776269,-89187.6826418443)
(-378497.659684009,72951.0165440784,-184426.921858735)
(-356561.53762353,103377.333420834,-322996.436843128)
(-292704.798161894,76044.6359096754,-465010.983166181)
(-170072.977763231,35428.3249946524,-563047.039147569)
(0,0,0)
(0,0,0)
(0,0,0)
(0,0,0)
(0,0,0)
(0,0,0)
(-424074.296964921,-460.499563279406,2750.8919121073)
(-423815.166188625,-366.800403678236,3981.20549109609)
(-421959.161026704,483.019722697246,2057.1627399137)
(-415247.710057541,4075.2498185062,-4806.95278226125)
(-397602.142690601,15962.5928149747,-19120.3504081405)
(-360032.946207951,52835.1241910428,-50078.9416309679)
(-300698.615857657,172059.158770487,-154093.208318214)
(-335936.25366068,326288.224133205,-350470.042460659)
(-288795.95484573,197012.069164288,-505851.060042086)
(-168563.522011417,74989.3953132423,-598678.907463645)
(0,0,0)
(0,0,0)
(0,0,0)
(0,0,0)
(0,0,0)
(0,0,0)
(-432272.943196434,-16667.545385025,2823.42165862051)
(-430564.943162966,-16429.2174147375,4806.24570670706)
(-424939.949959636,-15381.4744072659,5658.13950417818)
(-409686.755553936,-11904.9175028808,7092.05212914786)
(-371734.831233797,-3451.50003441529,17798.5220801426)
(-277373.816396623,9654.27887111993,69137.1080139977)
(2.62839986224507e-05,-1.32852272369224e-05,1.81202470476708e-05)
(-389127.013675368,342.260647414271,-479947.220265446)
(-333120.475673955,480453.394495704,-628159.833008093)
(-180076.220021633,120144.347638209,-673956.949222015)
(0,0,0)
(0,0,0)
(0,0,0)
(0,0,0)
(0,0,0)
(0,0,0)
(-440662.843148769,-50141.3787724695,2982.64305110301)
(-437680.063087994,-49744.1771635779,5813.60377014353)
(-428763.187503693,-48350.8551656745,9103.99689293243)
(-406394.692648011,-44318.4314818331,15492.4809308209)
(-353858.67878007,-35072.148640465,30976.9127631127)
(-236557.97699252,-18761.1494595753,59638.9446039598)
(-1.31480385796312e-05,-1.80248699145946e-06,-4.28151518246237e-06)
(5.67997197249576e-05,-7.58899296511296e-06,3.03347657695782e-05)
(-607211.869331448,343.888296848588,-988695.299665782)
(-225434.893588892,18338.0176391414,-794361.051598722)
(0,0,0)
(0,0,0)
(0,0,0)
(0,0,0)
(0,0,0)
(0,0,0)
(-444789.576916444,-108354.000451048,3298.00511209573)
(-441068.668921994,-107876.84681735,7156.51693633592)
(-430480.11451784,-106193.752925557,13105.3731549942)
(-405096.890509709,-101175.889346561,24725.5746042262)
(-347857.175350037,-88136.5755093243,47328.6203314612)
(-226252.63377528,-57906.369115971,78453.3610314692)
(-1.57328376999448e-06,-7.85938890887906e-07,1.0904465317955e-12)
(4.02163991250619e-05,-1.18406999164485e-05,2.27667915936172e-05)
(-575483.288771704,424.54507394775,-970951.914426745)
(-227306.117481459,-36846.2269711642,-812942.003445735)
(0,0,0)
(0,0,0)
(0,0,0)
(0,0,0)
(0,0,0)
(0,0,0)
(-435913.436685584,-197606.163229649,3698.29832260148)
(-432209.742364533,-197374.264614714,8788.61621401941)
(-422054.436662568,-196217.914750936,18102.1064134528)
(-398475.69651765,-191872.544716788,37760.790196136)
(-346183.894039146,-177457.275132221,77560.1691612416)
(-232506.828679114,-131374.374678214,136353.17349502)
(4.38762186648111e-06,1.95591224717138e-06,-1.21437922016537e-12)
(5.44627674197413e-05,5.45533139874725e-06,3.05474459070124e-05)
(-631256.564605547,-575644.028413683,-1008565.24686548)
(-226924.161781972,-174479.618018701,-776395.33493207)
(0,0,0)
(0,0,0)
(0,0,0)
(0,0,0)
(0,0,0)
(0,0,0)
(-400144.017159248,-316953.390547795,3913.11335571119)
(-397185.108602544,-317447.62242306,9953.05024737104)
(-389447.151234472,-318314.609243727,22472.463355749)
(-372772.28455568,-318936.740780602,52198.7066043112)
(-338752.771948035,-315232.875019123,123660.212746759)
(-263191.212738814,-278150.21167696,267744.617538369)
(7.67256036423569e-05,3.60032365880485e-05,1.50027809797874e-05)
(-464755.581074783,-581452.847374017,-576009.705270113)
(-332928.287074685,-394092.720639732,-607702.569570164)
(-168469.852323184,-180610.608444671,-602179.791024641)
(0,0,0)
(0,0,0)
(0,0,0)
(0,0,0)
(0,0,0)
(0,0,0)
(-320077.112880635,-447491.968036682,3432.80729715828)
(-318230.19311124,-448966.848559175,9093.02632124896)
(-313805.696270854,-452871.058541869,21843.9128787955)
(-306332.253284732,-462732.390389766,55902.3245300985)
(-301219.1477222,-491556.510436061,160736.59536394)
(-342058.66687959,-594636.611738551,545858.592366137)
(-707646.342849549,-1051184.69621193,-581544.589034755)
(-347302.433720026,-614522.620534631,-388804.687037884)
(-230595.183132044,-397281.045821673,-394405.108880023)
(-124916.740678684,-200255.512333041,-421760.998840014)
(0,0,0)
(0,0,0)
(0,0,0)
(0,0,0)
(0,0,0)
(0,0,0)
(-183294.386733365,-542469.187610048,1987.03277648366)
(-182430.595504649,-544492.31165863,5208.32981315905)
(-180508.792858524,-549743.300325422,11982.7527529733)
(-177619.29539078,-561726.949711065,27077.8756496825)
(-176404.284522982,-588768.308780721,57637.8659661743)
(-188193.634393397,-646364.522453597,89297.5878575839)
(-236060.382244102,-735686.990880224,-144916.867509399)
(-173459.992742373,-590762.82410892,-171614.20093129)
(-125978.830924213,-419137.815003535,-197488.111327572)
(-70464.4806791147,-221631.799349813,-221632.143575443)
(0,0,0)
(0,0,0)
(0,0,0)
(0,0,0)
(0,0,0)
(0,0,0)
(0,0,0)
(0,0,0)
(0,0,0)
(0,0,0)
(0,0,0)
(0,0,0)
(0,0,0)
(0,0,0)
(0,0,0)
(0,0,0)
(0,0,0)
(0,0,0)
(0,0,0)
(0,0,0)
(0,0,0)
(0,0,0)
(0,0,0)
(0,0,0)
(0,0,0)
(0,0,0)
(0,0,0)
(0,0,0)
(0,0,0)
(0,0,0)
(0,0,0)
(0,0,0)
(0,0,0)
(0,0,0)
(0,0,0)
(0,0,0)
(0,0,0)
(0,0,0)
(0,0,0)
(0,0,0)
(0,0,0)
(0,0,0)
(0,0,0)
(0,0,0)
(0,0,0)
(0,0,0)
(0,0,0)
(0,0,0)
(0,0,0)
(0,0,0)
(0,0,0)
(0,0,0)
(0,0,0)
(0,0,0)
(0,0,0)
(0,0,0)
(0,0,0)
(0,0,0)
(0,0,0)
(0,0,0)
(0,0,0)
(0,0,0)
(0,0,0)
(0,0,0)
(0,0,0)
(0,0,0)
(0,0,0)
(0,0,0)
(0,0,0)
(0,0,0)
(0,0,0)
(0,0,0)
(0,0,0)
(0,0,0)
(0,0,0)
(0,0,0)
(0,0,0)
(0,0,0)
(0,0,0)
(0,0,0)
(0,0,0)
(0,0,0)
(0,0,0)
(0,0,0)
(0,0,0)
(0,0,0)
(0,0,0)
(0,0,0)
(0,0,0)
(0,0,0)
(0,0,0)
(0,0,0)
(0,0,0)
(0,0,0)
(0,0,0)
(0,0,0)
(0,0,0)
(0,0,0)
(0,0,0)
(0,0,0)
(0,0,0)
(0,0,0)
(-416745.684858331,669.417548564417,1133.38755360123)
(-417242.013641128,1272.94842248414,610.312027686529)
(-417748.478824729,2984.94716472189,-3747.98778543291)
(-416968.151452953,6944.354672305,-15305.0836320888)
(-412651.833979355,15298.5571751243,-39719.809025207)
(-401244.686214753,30349.1518963434,-85387.8148182101)
(-376979.298410001,49013.8840537964,-159231.524015258)
(-329705.239188062,45844.1684334829,-245331.896737815)
(-250597.006634843,32213.4452037594,-325820.252269971)
(-137222.280812143,15848.2834533657,-376960.56541656)
(0,0,0)
(0,0,0)
(0,0,0)
(0,0,0)
(0,0,0)
(0,0,0)
(-417922.847369668,-1171.84237758911,1726.13880354086)
(-418278.871664946,9.20545126937591,2308.4964636952)
(-418450.884127611,3440.59412943595,261.123580620019)
(-417271.277146379,11905.6327967714,-6915.49680611437)
(-412989.351556954,31722.0452428482,-24662.898950833)
(-403495.293956675,74957.4530181931,-66690.7944376806)
(-384803.66864576,151022.648711086,-162393.550133219)
(-338351.365139569,124219.935941256,-258979.490124948)
(-257292.680771658,80086.2702825213,-342264.432593945)
(-140595.918952106,37011.5230294198,-392904.730981125)
(0,0,0)
(0,0,0)
(0,0,0)
(0,0,0)
(0,0,0)
(0,0,0)
(-419636.614923477,-8503.89021891796,2894.36579988527)
(-419708.090273414,-6926.00899106756,5722.50432701126)
(-419291.147668282,-2275.4125996205,8770.49769764969)
(-417406.679035652,9869.65766635473,12965.4418061792)
(-413585.892837026,42057.3819204519,18613.8552750061)
(-411614.939606139,135747.553633648,9405.74805773652)
(-424105.336037679,473037.803889596,-189202.686940747)
(-371046.230354491,273294.132009461,-303166.906315138)
(-279169.828252728,152810.086091013,-385516.84871663)
(-150499.507212106,63530.14579418,-430099.486280698)
(0,0,0)
(0,0,0)
(0,0,0)
(0,0,0)
(0,0,0)
(0,0,0)
(-420421.292058066,-24797.7287284098,4442.18737112692)
(-420145.416480991,-23256.1811511389,10352.8328492324)
(-418912.05299254,-18897.9859793298,20947.5092618481)
(-415719.005723745,-8328.73604124442,45178.1531392489)
(-411503.691621168,14681.5282343815,112322.867212686)
(-426729.078173087,50762.2751556293,346663.407467167)
(-629031.553687621,518.418308597227,-389035.477048843)
(-470689.554345709,389622.772539742,-423801.576908789)
(-335523.541429671,206452.505271666,-475040.930333726)
(-172549.406312287,74835.3229477913,-493872.921196676)
(0,0,0)
(0,0,0)
(0,0,0)
(0,0,0)
(0,0,0)
(0,0,0)
(-417580.63076508,-53829.1390276106,5949.19791551532)
(-416969.197444564,-52716.6960806489,14698.8472015908)
(-414810.242697409,-49690.1037131839,31538.0201291567)
(-408626.363605373,-42712.6179368046,68153.5729820754)
(-390639.140491798,-28826.5770721866,148442.140000376)
(-325520.815640102,-8281.33926502337,296448.593068605)
(4.33193835065481e-05,-2.64934071678396e-05,-3.38012342227955e-05)
(-622518.261579951,292.251642874807,-607116.192224514)
(-433191.061409141,32202.0609735898,-606886.555848744)
(-205088.755144272,16542.3078160518,-568939.679161625)
(0,0,0)
(0,0,0)
(0,0,0)
(0,0,0)
(0,0,0)
(0,0,0)
(-406625.652034504,-99001.4345698689,7008.37066031988)
(-405916.916571902,-98574.197737283,17714.119966861)
(-403620.398057613,-97369.5017663311,38533.8015597875)
(-397095.583881073,-94228.4795998579,82048.3565942053)
(-377445.210159449,-86210.8488790824,169020.663210512)
(-306269.553818186,-63999.7831681167,304756.02715651)
(2.96609291763005e-05,-3.7691041165516e-05,-2.36633596025024e-05)
(-585687.969029809,255.455073386794,-575451.625376558)
(-440685.542324439,-55253.3482553695,-622793.962594858)
(-211489.326534875,-36392.7954961422,-585675.650229252)
(0,0,0)
(0,0,0)
(0,0,0)
(0,0,0)
(0,0,0)
(0,0,0)
(-380874.40091221,-161412.806340063,7372.33599681749)
(-380378.946429748,-161947.742236989,18915.0845617341)
(-378947.864389747,-163260.462608473,41699.4731310543)
(-375216.375481894,-165883.030706704,90094.7032021374)
(-363748.296655552,-169798.126453814,191246.383393271)
(-312156.395464205,-161896.077180221,368792.244190475)
(4.04159704358372e-05,-4.6641257601535e-05,-3.13596866187189e-05)
(-645627.015423178,-464536.353482512,-631234.378436452)
(-436309.827741261,-277211.946823558,-604222.51673255)
(-202071.291443155,-115967.366605533,-549500.815961981)
(0,0,0)
(0,0,0)
(0,0,0)
(0,0,0)
(0,0,0)
(0,0,0)
(-331818.198929941,-236575.138451584,6836.51388220995)
(-331745.74800191,-238183.622507685,17633.0335522739)
(-331835.030284768,-242367.400440525,39127.8504346162)
(-333540.197808322,-252237.073915559,86249.8068961145)
(-344037.493481776,-277477.326324556,199213.728300607)
(-399880.720175766,-356796.113999929,530803.272557275)
(-722539.348979131,-707330.24709452,-464652.978435974)
(-486027.829057632,-463786.255325546,-444130.828610085)
(-319371.406491415,-291675.84907341,-443223.806943492)
(-156879.039851313,-137035.015094871,-433746.970926034)
(0,0,0)
(0,0,0)
(0,0,0)
(0,0,0)
(0,0,0)
(0,0,0)
(-251473.105987892,-310468.879694142,5289.73434981402)
(-251684.810373217,-312933.483865351,13494.212969459)
(-252644.038409582,-319319.590251892,29284.7449195582)
(-256552.795679307,-333776.493750376,61044.7071489536)
(-271067.938433822,-366505.827771796,119921.999307816)
(-318656.615085896,-440532.991464663,180256.824978855)
(-434189.126310042,-579353.132368752,-221177.506286414)
(-319664.401920378,-440505.897732788,-272095.895678829)
(-213080.050637332,-292568.824945209,-288718.052301738)
(-108035.200211844,-145765.015762852,-296869.592100592)
(0,0,0)
(0,0,0)
(0,0,0)
(0,0,0)
(0,0,0)
(0,0,0)
(-137556.775788508,-359064.73492465,2858.24428565243)
(-137735.039490714,-361900.774949856,7129.97935621993)
(-138469.0762845,-369063.215596102,14833.8881264041)
(-140914.606204179,-383942.041324028,28294.7465134588)
(-148271.193657608,-412198.779700274,45854.6075765663)
(-166291.6162199,-457998.522689158,41418.1206275666)
(-192190.187205357,-499470.471523222,-82334.7352567203)
(-154962.561420183,-417187.865405845,-124150.198905855)
(-107651.289663419,-293072.448576797,-141974.116535063)
(-55889.5968683901,-151129.106208687,-151184.909899954)
(0,0,0)
(0,0,0)
(0,0,0)
(0,0,0)
(0,0,0)
(0,0,0)
(0,0,0)
(0,0,0)
(0,0,0)
(0,0,0)
(0,0,0)
(0,0,0)
(0,0,0)
(0,0,0)
(0,0,0)
(0,0,0)
(0,0,0)
(0,0,0)
(0,0,0)
(0,0,0)
(0,0,0)
(0,0,0)
(0,0,0)
(0,0,0)
(0,0,0)
(0,0,0)
(0,0,0)
(0,0,0)
(0,0,0)
(0,0,0)
(0,0,0)
(0,0,0)
(0,0,0)
(0,0,0)
(0,0,0)
(0,0,0)
(0,0,0)
(0,0,0)
(0,0,0)
(0,0,0)
(0,0,0)
(0,0,0)
(0,0,0)
(0,0,0)
(0,0,0)
(0,0,0)
(0,0,0)
(0,0,0)
(0,0,0)
(0,0,0)
(0,0,0)
(0,0,0)
(0,0,0)
(0,0,0)
(0,0,0)
(0,0,0)
(0,0,0)
(0,0,0)
(0,0,0)
(0,0,0)
(0,0,0)
(0,0,0)
(0,0,0)
(0,0,0)
(0,0,0)
(0,0,0)
(0,0,0)
(0,0,0)
(0,0,0)
(0,0,0)
(0,0,0)
(0,0,0)
(0,0,0)
(0,0,0)
(0,0,0)
(0,0,0)
(0,0,0)
(0,0,0)
(0,0,0)
(0,0,0)
(0,0,0)
(0,0,0)
(0,0,0)
(0,0,0)
(0,0,0)
(0,0,0)
(0,0,0)
(0,0,0)
(0,0,0)
(0,0,0)
(0,0,0)
(0,0,0)
(0,0,0)
(0,0,0)
(0,0,0)
(0,0,0)
(0,0,0)
(0,0,0)
(0,0,0)
(0,0,0)
(0,0,0)
(0,0,0)
(-416768.27446537,-506.934120362525,529.523727398484)
(-417037.531816133,278.721193082899,46.3207093228569)
(-417070.613988002,2326.0447639417,-2957.58889133771)
(-415614.399948713,6670.2383299849,-10981.5787255679)
(-410276.849506321,15002.5488172958,-28359.1120159004)
(-396690.136308324,28201.5014912055,-61115.1634135313)
(-367447.89033278,41312.2199173557,-111958.791408111)
(-312760.452393437,37321.5784345993,-166225.156637329)
(-230027.905964203,25632.6344971308,-212426.891805108)
(-122554.704071844,12547.9155588929,-239642.384104297)
(0,0,0)
(0,0,0)
(0,0,0)
(0,0,0)
(0,0,0)
(0,0,0)
(-416848.211936366,-2877.21914094281,1295.64958727943)
(-417399.907036909,-1386.23093736027,2081.63708967945)
(-418163.762606742,2675.58923314996,1444.9710996034)
(-418428.284225861,11877.0989556796,-2604.88244660705)
(-416708.780334558,31264.3805469068,-15147.2853986136)
(-409495.563227013,67037.4280749443,-47982.9427120136)
(-387480.109061988,111954.035204352,-115948.317582781)
(-330758.318336485,91705.430561754,-177925.216513024)
(-242348.177006195,58342.3555554042,-225579.441336757)
(-128557.076997501,27202.7289310909,-252273.096663561)
(0,0,0)
(0,0,0)
(0,0,0)
(0,0,0)
(0,0,0)
(0,0,0)
(-416075.543031712,-9198.24205493333,2759.95102222592)
(-417159.393112176,-7248.15629198527,6073.1792156133)
(-419434.473495616,-1758.96902214061,10651.0632982378)
(-423436.276715216,11717.2497916589,16840.5101418182)
(-430464.749441019,44329.3103233702,20654.4369693425)
(-441760.06357578,120883.769893272,-3046.78087934617)
(-447399.61732807,268380.452061468,-136178.916446067)
(-378063.408040042,173840.179439044,-211296.48763781)
(-271838.746157108,96584.6809055868,-256869.895083611)
(-142102.791064149,41555.6796519949,-279619.561952467)
(0,0,0)
(0,0,0)
(0,0,0)
(0,0,0)
(0,0,0)
(0,0,0)
(-412605.563903611,-21708.7280646342,4694.75785524857)
(-414383.92667254,-19850.6231669935,11535.7349218022)
(-418719.908544209,-14568.4483648102,24153.0698161381)
(-428280.696539484,-1033.61032263907,49465.6207461812)
(-450646.862782654,35734.7289557488,97203.3732752913)
(-505276.701751142,152196.93331026,144437.833436366)
(-615294.653063135,629850.820263139,-230769.435389793)
(-476889.196041106,237935.660922536,-288665.275177885)
(-324354.518616613,108854.730441104,-312104.347526467)
(-164056.204231096,42327.7881200676,-321369.658075729)
(0,0,0)
(0,0,0)
(0,0,0)
(0,0,0)
(0,0,0)
(0,0,0)
(-403320.61850202,-42523.9452504051,6555.20492271007)
(-405756.329195637,-41354.3054152217,16846.0189220133)
(-412096.596577552,-38206.45171859,37770.3761559402)
(-427177.247231709,-30937.7505775453,86225.400037182)
(-466950.272475308,-15409.6180358147,213680.879012256)
(-592920.579860425,11153.7554739319,622123.821068912)
(-1094287.841348,128.13566149264,-622716.674297644)
(-626763.622130378,37304.2858766939,-417839.938701366)
(-388182.143304901,24812.9023962628,-378807.028760769)
(-187879.368885237,10189.3851667222,-363878.012066465)
(0,0,0)
(0,0,0)
(0,0,0)
(0,0,0)
(0,0,0)
(0,0,0)
(-384003.31945224,-72869.4748608075,7723.19702813856)
(-386894.762658458,-72699.1129474045,20045.8506468757)
(-394517.321701337,-72384.2390695738,45120.5616415803)
(-412622.954071422,-72057.1827107222,101767.363965104)
(-459102.064311843,-72231.2232803752,240245.823362053)
(-596286.516272413,-69652.0250174189,611068.566307634)
(-1071807.35696425,211.87973552734,-585663.383040287)
(-644141.110432141,-59448.9692217494,-430456.986539499)
(-401976.144071893,-50745.0061780764,-393608.476217715)
(-193796.756797965,-26911.8958127596,-374199.764975141)
(0,0,0)
(0,0,0)
(0,0,0)
(0,0,0)
(0,0,0)
(0,0,0)
(-349576.289738067,-112041.668486554,7874.08245160535)
(-352593.554621655,-113005.542002383,20395.1196984931)
(-360565.423281196,-115865.994296899,45494.4338172677)
(-379428.777598367,-123963.622227961,101613.275450985)
(-427332.909168966,-149861.002686861,242827.667370882)
(-570506.396310529,-249381.398914417,680907.042114213)
(-1114944.83955744,-722141.878504721,-645422.95688271)
(-623927.930015247,-304691.620320017,-421879.391192379)
(-378833.984640482,-160132.051488778,-369968.188982458)
(-180811.222868147,-70709.3407642946,-347430.812605926)
(0,0,0)
(0,0,0)
(0,0,0)
(0,0,0)
(0,0,0)
(0,0,0)
(-294759.574228731,-156003.449865771,6903.15667800708)
(-297494.621478678,-157899.802815605,17546.2909679948)
(-304616.273634448,-162969.442341938,37430.9823627175)
(-320762.155496128,-175072.197254721,75761.515077284)
(-357163.818654679,-204328.037077883,143354.874641207)
(-438678.206528657,-275386.123495681,208157.085575356)
(-589696.750114464,-418777.30300696,-228050.088787064)
(-444045.136499807,-297279.071627537,-277445.330037374)
(-290932.200152403,-185311.75300459,-280704.834860584)
(-143288.31138845,-88157.7146627316,-276847.189424999)
(0,0,0)
(0,0,0)
(0,0,0)
(0,0,0)
(0,0,0)
(0,0,0)
(-216172.900866716,-196364.010818413,5060.35583146721)
(-218232.078056566,-198802.987385136,12510.8080843448)
(-223493.188644689,-204961.408968952,25351.9249464649)
(-234822.609138801,-217965.88218139,46515.4233326255)
(-257682.421997573,-243525.371060309,72327.240878801)
(-298496.970107943,-287987.688292388,64769.160697553)
(-344393.212746487,-337212.29087563,-106591.764997338)
(-282308.836677403,-275714.701124525,-165511.700743321)
(-193185.898120528,-187072.863988157,-183644.742276551)
(-97498.2212944502,-93567.547512856,-188771.888343822)
(0,0,0)
(0,0,0)
(0,0,0)
(0,0,0)
(0,0,0)
(0,0,0)
(-115194.621462946,-221364.188443583,2638.02329960831)
(-116273.623448915,-223992.043182963,6365.66305563632)
(-119002.054022202,-230411.387363214,12348.6191876014)
(-124614.505497832,-242834.792985192,20917.4292850547)
(-134956.510664835,-263757.385230681,27834.760462653)
(-150416.664052466,-291575.89291013,15548.0129129573)
(-161566.250576277,-307203.430972453,-45084.7836193017)
(-136735.303560705,-262177.436068948,-76849.3065343554)
(-96014.4665941237,-185370.438154946,-90188.555436861)
(-49221.2002274271,-95192.9860644545,-95231.5135262255)
(0,0,0)
(0,0,0)
(0,0,0)
(0,0,0)
(0,0,0)
(0,0,0)
(0,0,0)
(0,0,0)
(0,0,0)
(0,0,0)
(0,0,0)
(0,0,0)
(0,0,0)
(0,0,0)
(0,0,0)
(0,0,0)
(0,0,0)
(0,0,0)
(0,0,0)
(0,0,0)
(0,0,0)
(0,0,0)
(0,0,0)
(0,0,0)
(0,0,0)
(0,0,0)
(0,0,0)
(0,0,0)
(0,0,0)
(0,0,0)
(0,0,0)
(0,0,0)
(0,0,0)
(0,0,0)
(0,0,0)
(0,0,0)
(0,0,0)
(0,0,0)
(0,0,0)
(0,0,0)
(0,0,0)
(0,0,0)
(0,0,0)
(0,0,0)
(0,0,0)
(0,0,0)
(0,0,0)
(0,0,0)
(0,0,0)
(0,0,0)
(0,0,0)
(0,0,0)
(0,0,0)
(0,0,0)
(0,0,0)
(0,0,0)
(0,0,0)
(0,0,0)
(0,0,0)
(0,0,0)
(0,0,0)
(0,0,0)
(0,0,0)
(0,0,0)
(0,0,0)
(0,0,0)
(0,0,0)
(0,0,0)
(0,0,0)
(0,0,0)
(0,0,0)
(0,0,0)
(0,0,0)
(0,0,0)
(0,0,0)
(0,0,0)
(0,0,0)
(0,0,0)
(0,0,0)
(0,0,0)
(0,0,0)
(0,0,0)
(0,0,0)
(0,0,0)
(0,0,0)
(0,0,0)
(0,0,0)
(0,0,0)
(0,0,0)
(0,0,0)
(0,0,0)
(0,0,0)
(0,0,0)
(0,0,0)
(0,0,0)
(0,0,0)
(0,0,0)
(0,0,0)
(0,0,0)
(0,0,0)
(0,0,0)
(0,0,0)
(-416499.086320746,-504.739583733282,235.551439107749)
(-416803.595024836,-3.08739693687802,4.70204475258223)
(-416893.321317039,1310.79727816316,-1483.38790437525)
(-415452.502490275,3957.00854509384,-5602.29390790592)
(-409858.744414853,8703.88234037363,-14724.2813397437)
(-395146.367413818,15551.5257930029,-31819.5760272535)
(-363340.848880779,21415.0574250769,-57341.6749043369)
(-305903.50361489,19453.8184003169,-83652.442083203)
(-222115.556675477,13439.9296946187,-105004.721066543)
(-117097.755190659,6618.98649000538,-117080.656437739)
(0,0,0)
(0,0,0)
(0,0,0)
(0,0,0)
(0,0,0)
(0,0,0)
(-416111.84691617,-1986.49460821929,745.390004292402)
(-416914.87472089,-1040.97475129488,1298.24504263334)
(-418268.947378006,1531.57725659648,1182.64983546305)
(-419495.103718282,7040.92044249346,-834.442569518868)
(-418703.726774883,17728.254746405,-7863.86853522524)
(-410894.479152999,35022.9152982344,-25936.342114471)
(-384963.990098053,52274.1242413054,-59311.5278946317)
(-325553.751989083,44608.6976399765,-89670.9734816912)
(-235750.78622093,29039.0553456634,-111867.489917998)
(-123824.408063747,13760.1166180033,-123741.288979747)
(0,0,0)
(0,0,0)
(0,0,0)
(0,0,0)
(0,0,0)
(0,0,0)
(-414226.952268293,-5544.0963357826,1709.01096414293)
(-415997.139771046,-4304.63637393726,3810.41924565748)
(-419910.457739368,-864.775464645629,6682.75621065273)
(-426699.749440677,7089.98682943358,9897.16254917731)
(-436682.055567576,24387.4349019539,9455.28852019061)
(-446223.543901678,57614.7907530866,-8673.10660876132)
(-437567.701763274,100744.913932693,-66975.8118649465)
(-370465.23064741,75265.370406263,-105230.662023862)
(-265063.3992177,44274.8622299755,-127241.815847585)
(-137702.786749123,19695.6799443442,-137577.383488952)
(0,0,0)
(0,0,0)
(0,0,0)
(0,0,0)
(0,0,0)
(0,0,0)
(-408842.270278037,-12270.3831815904,2962.99322023194)
(-411866.499169724,-11088.3645078998,7229.2938513772)
(-419230.928601849,-7769.37358511417,14644.9120294887)
(-434030.186291243,280.453872763079,27203.9347379169)
(-461365.614520078,19622.834934205,42687.2864430882)
(-504149.730046281,64719.927178671,34455.1783126428)
(-538643.36510221,151034.849134683,-92486.0448502725)
(-446072.449016614,88239.9749266074,-136277.396395106)
(-309612.284071465,45183.0465195043,-151927.81522979)
(-157508.858822978,18587.5514512691,-157367.032144832)
(0,0,0)
(0,0,0)
(0,0,0)
(0,0,0)
(0,0,0)
(0,0,0)
(-396681.616738646,-23072.4065548192,4163.02160985621)
(-400884.723763359,-22363.9424311965,10566.994100874)
(-411590.340723395,-20457.3658775435,22748.7305391494)
(-434500.307617104,-16193.6344857115,46545.8792830165)
(-481201.067994554,-7386.87510393485,87806.3848404008)
(-569089.954169458,7904.63733223621,120791.048995868)
(-689885.956276911,22721.7685270269,-155297.755467573)
(-534521.957655677,20079.3611233078,-179378.806138958)
(-354967.468436685,11179.8833069089,-178590.317794581)
(-176206.670955606,4364.22890086463,-176039.6931738)
(0,0,0)
(0,0,0)
(0,0,0)
(0,0,0)
(0,0,0)
(0,0,0)
(-373732.588255423,-38227.6680452677,4884.53029362969)
(-378655.551510523,-38224.1585547195,12505.5352692189)
(-391269.234592286,-38260.6776390171,27060.7599216375)
(-418451.52253726,-38660.2682702613,55355.9621720227)
(-473970.455137044,-40262.6136877193,103100.091581009)
(-577143.468451216,-43714.492449382,135576.173541429)
(-712733.678513299,-42759.2919403383,-158016.444442151)
(-554710.603276849,-39015.6194401683,-188351.971033964)
(-366250.513654233,-27405.6593170799,-185492.058827641)
(-180629.138629374,-13827.040327733,-180468.407767637)
(0,0,0)
(0,0,0)
(0,0,0)
(0,0,0)
(0,0,0)
(0,0,0)
(-335645.736492442,-57067.6699310125,4909.44864011759)
(-340613.945009426,-57784.1628336964,12489.8433068655)
(-353193.440514125,-59817.6579428089,26674.8408435843)
(-379984.236347514,-65191.101039947,53761.1323624191)
(-433897.979861211,-79593.2471867718,99656.8365537148)
(-533621.136269704,-117436.649781745,136493.733845244)
(-670139.923495861,-196726.03549183,-154344.43866481)
(-515830.003016034,-124648.679172365,-176809.305931831)
(-338933.787698842,-72114.2576154959,-172000.904575058)
(-166807.402046611,-33142.3349246548,-166689.430799674)
(0,0,0)
(0,0,0)
(0,0,0)
(0,0,0)
(0,0,0)
(0,0,0)
(-278667.434593313,-77361.0758176863,4201.2662512562)
(-282931.317024524,-78597.7412126003,10451.540176008)
(-293471.327903449,-81814.285408455,21303.2219106555)
(-314900.300585135,-89111.0027878238,39361.2687475395)
(-354395.462131492,-104816.827708992,61816.4927465789)
(-416307.314449897,-135151.489515182,57160.4404012537)
(-473518.27757769,-173407.171788245,-82336.8958391038)
(-391213.906051824,-135478.468604641,-124338.336854797)
(-266794.637996607,-87509.7469093214,-133080.409716771)
(-133615.363052014,-42340.8517273781,-133554.841250481)
(0,0,0)
(0,0,0)
(0,0,0)
(0,0,0)
(0,0,0)
(0,0,0)
(-201256.461907546,-95296.6137556549,3019.09897879492)
(-204306.067591855,-96781.2833312088,7276.63063269475)
(-211658.406835081,-100420.200075094,14047.7634897239)
(-225811.0597448,-107729.016348598,23654.2276564953)
(-249572.558747952,-120769.137915742,31496.6746136237)
(-281154.173934062,-139894.710436537,18897.0993610967)
(-300095.032624261,-154371.645420909,-44436.6071284651)
(-255692.23184088,-130143.303029427,-76388.3775402044)
(-179255.691430359,-89889.551323014,-87938.7798166812)
(-91274.1969073853,-45284.2492435761,-91219.406687549)
(0,0,0)
(0,0,0)
(0,0,0)
(0,0,0)
(0,0,0)
(0,0,0)
(-106006.499382397,-106040.208047532,1555.47221132692)
(-107554.853271666,-107605.086466423,3660.50516929209)
(-111244.541596142,-111288.155402298,6770.94807043459)
(-118083.487556696,-118099.810269873,10610.7240505743)
(-128775.765182827,-128722.786505057,12383.6271578805)
(-141205.802314269,-141143.682294045,4421.73727719312)
(-145674.372392942,-145627.635803685,-20214.1505233647)
(-125504.461804718,-125449.373594628,-36138.9217141503)
(-89343.3767390361,-89332.6697381554,-43366.8931540966)
(-45968.0615439552,-45958.9773263988,-45945.3037547453)
(0,0,0)
(0,0,0)
(0,0,0)
(0,0,0)
(0,0,0)
(0,0,0)
(0,0,0)
(0,0,0)
(0,0,0)
(0,0,0)
(0,0,0)
(0,0,0)
(0,0,0)
(0,0,0)
(0,0,0)
(0,0,0)
(0,0,0)
(0,0,0)
(0,0,0)
(0,0,0)
(0,0,0)
(0,0,0)
(0,0,0)
(0,0,0)
(0,0,0)
(0,0,0)
(0,0,0)
(0,0,0)
(0,0,0)
(0,0,0)
(0,0,0)
(0,0,0)
(0,0,0)
(0,0,0)
(0,0,0)
(0,0,0)
(0,0,0)
(0,0,0)
(0,0,0)
(0,0,0)
(0,0,0)
(0,0,0)
(0,0,0)
(0,0,0)
(0,0,0)
(0,0,0)
(0,0,0)
(0,0,0)
(0,0,0)
(0,0,0)
(0,0,0)
(0,0,0)
(0,0,0)
(0,0,0)
(0,0,0)
(0,0,0)
(0,0,0)
(0,0,0)
(0,0,0)
(0,0,0)
(0,0,0)
(0,0,0)
(0,0,0)
(0,0,0)
(0,0,0)
(0,0,0)
(0,0,0)
(0,0,0)
(0,0,0)
(0,0,0)
(0,0,0)
(0,0,0)
(0,0,0)
(0,0,0)
(0,0,0)
(0,0,0)
(0,0,0)
(0,0,0)
(0,0,0)
(0,0,0)
(0,0,0)
(0,0,0)
(0,0,0)
(0,0,0)
(0,0,0)
(0,0,0)
(0,0,0)
(0,0,0)
(0,0,0)
(0,0,0)
(0,0,0)
(0,0,0)
(0,0,0)
(0,0,0)
(0,0,0)
(0,0,0)
(0,0,0)
(0,0,0)
(0,0,0)
(0,0,0)
(0,0,0)
(0,0,0)
(0,0,0)
(0,0,0)
(0,0,0)
(0,0,0)
(0,0,0)
(0,0,0)
(0,0,0)
(0,0,0)
(0,0,0)
(0,0,0)
(0,0,0)
(0,0,0)
(0,0,0)
(0,0,0)
(0,0,0)
(0,0,0)
(0,0,0)
(0,0,0)
(0,0,0)
(0,0,0)
(0,0,0)
(0,0,0)
(0,0,0)
(0,0,0)
(0,0,0)
(0,0,0)
(0,0,0)
(0,0,0)
(0,0,0)
(0,0,0)
(0,0,0)
(0,0,0)
(0,0,0)
(0,0,0)
(0,0,0)
(0,0,0)
(0,0,0)
(0,0,0)
(0,0,0)
(0,0,0)
(0,0,0)
(0,0,0)
(0,0,0)
(0,0,0)
(0,0,0)
(0,0,0)
(0,0,0)
(0,0,0)
(0,0,0)
(0,0,0)
(0,0,0)
(0,0,0)
(0,0,0)
(0,0,0)
(0,0,0)
(0,0,0)
(0,0,0)
(0,0,0)
(0,0,0)
(0,0,0)
(0,0,0)
(0,0,0)
(0,0,0)
(0,0,0)
(0,0,0)
(0,0,0)
(0,0,0)
(0,0,0)
(0,0,0)
(0,0,0)
(0,0,0)
(0,0,0)
(0,0,0)
(0,0,0)
(0,0,0)
(0,0,0)
(0,0,0)
(0,0,0)
(0,0,0)
(0,0,0)
(0,0,0)
(0,0,0)
(0,0,0)
(0,0,0)
(0,0,0)
(0,0,0)
(0,0,0)
(0,0,0)
(0,0,0)
(0,0,0)
(0,0,0)
(0,0,0)
(0,0,0)
(0,0,0)
(0,0,0)
(0,0,0)
(0,0,0)
(0,0,0)
(0,0,0)
(0,0,0)
(0,0,0)
(0,0,0)
(0,0,0)
(0,0,0)
(0,0,0)
(0,0,0)
(0,0,0)
(0,0,0)
(0,0,0)
(0,0,0)
(0,0,0)
(0,0,0)
(0,0,0)
(0,0,0)
(0,0,0)
(0,0,0)
(0,0,0)
(0,0,0)
(0,0,0)
(0,0,0)
(0,0,0)
(0,0,0)
(0,0,0)
(0,0,0)
(0,0,0)
(0,0,0)
(0,0,0)
(0,0,0)
(0,0,0)
(0,0,0)
(0,0,0)
(0,0,0)
(0,0,0)
(0,0,0)
(0,0,0)
(0,0,0)
(0,0,0)
(0,0,0)
(0,0,0)
(0,0,0)
(0,0,0)
(0,0,0)
(0,0,0)
(0,0,0)
(0,0,0)
(0,0,0)
(0,0,0)
(0,0,0)
(0,0,0)
(0,0,0)
(0,0,0)
(0,0,0)
(0,0,0)
(0,0,0)
(0,0,0)
(0,0,0)
(0,0,0)
(0,0,0)
(0,0,0)
(0,0,0)
(0,0,0)
(0,0,0)
(0,0,0)
(0,0,0)
(0,0,0)
(0,0,0)
(0,0,0)
(0,0,0)
(0,0,0)
(0,0,0)
(0,0,0)
(0,0,0)
(0,0,0)
(0,0,0)
(0,0,0)
(0,0,0)
(0,0,0)
(0,0,0)
(0,0,0)
(0,0,0)
(0,0,0)
(0,0,0)
(0,0,0)
(0,0,0)
(0,0,0)
(0,0,0)
(0,0,0)
(0,0,0)
(0,0,0)
(0,0,0)
(0,0,0)
(0,0,0)
(0,0,0)
(0,0,0)
(0,0,0)
(0,0,0)
(0,0,0)
(0,0,0)
(0,0,0)
(0,0,0)
(0,0,0)
(0,0,0)
(0,0,0)
(0,0,0)
(0,0,0)
(0,0,0)
(0,0,0)
(0,0,0)
(0,0,0)
(0,0,0)
(0,0,0)
(0,0,0)
(0,0,0)
(0,0,0)
(0,0,0)
(0,0,0)
(0,0,0)
(0,0,0)
(0,0,0)
(0,0,0)
(0,0,0)
(0,0,0)
(0,0,0)
(0,0,0)
(0,0,0)
(0,0,0)
(0,0,0)
(0,0,0)
(0,0,0)
(0,0,0)
(0,0,0)
(0,0,0)
(0,0,0)
(0,0,0)
(0,0,0)
(0,0,0)
(0,0,0)
(0,0,0)
(0,0,0)
(0,0,0)
(0,0,0)
(0,0,0)
(0,0,0)
(0,0,0)
(0,0,0)
(0,0,0)
(0,0,0)
(0,0,0)
(0,0,0)
(0,0,0)
(0,0,0)
(0,0,0)
(0,0,0)
(0,0,0)
(0,0,0)
(0,0,0)
(0,0,0)
(0,0,0)
(0,0,0)
(0,0,0)
(0,0,0)
(0,0,0)
(0,0,0)
(0,0,0)
(0,0,0)
(0,0,0)
(0,0,0)
(0,0,0)
(0,0,0)
(0,0,0)
(0,0,0)
(0,0,0)
(0,0,0)
(0,0,0)
(0,0,0)
(0,0,0)
(0,0,0)
(0,0,0)
(0,0,0)
(0,0,0)
(0,0,0)
(0,0,0)
(0,0,0)
(0,0,0)
(0,0,0)
(0,0,0)
(0,0,0)
(0,0,0)
(0,0,0)
(0,0,0)
(0,0,0)
(0,0,0)
(0,0,0)
(0,0,0)
(0,0,0)
(0,0,0)
(0,0,0)
(0,0,0)
(0,0,0)
(0,0,0)
(0,0,0)
(0,0,0)
(0,0,0)
(0,0,0)
(0,0,0)
(0,0,0)
(0,0,0)
(0,0,0)
(0,0,0)
(0,0,0)
(0,0,0)
(0,0,0)
(0,0,0)
(0,0,0)
(0,0,0)
(0,0,0)
(0,0,0)
(0,0,0)
(0,0,0)
(0,0,0)
(0,0,0)
(0,0,0)
(0,0,0)
(0,0,0)
(0,0,0)
(0,0,0)
(0,0,0)
(0,0,0)
(0,0,0)
(0,0,0)
(0,0,0)
(0,0,0)
(0,0,0)
(0,0,0)
(0,0,0)
(0,0,0)
(0,0,0)
(0,0,0)
(0,0,0)
(0,0,0)
(0,0,0)
(0,0,0)
(0,0,0)
(0,0,0)
(0,0,0)
(0,0,0)
(0,0,0)
(0,0,0)
(0,0,0)
(0,0,0)
(0,0,0)
(0,0,0)
(0,0,0)
(0,0,0)
(0,0,0)
(0,0,0)
(0,0,0)
(0,0,0)
(0,0,0)
(0,0,0)
(0,0,0)
(0,0,0)
(0,0,0)
(0,0,0)
(0,0,0)
(0,0,0)
(0,0,0)
(0,0,0)
(0,0,0)
(0,0,0)
(0,0,0)
(0,0,0)
(0,0,0)
(0,0,0)
(0,0,0)
(0,0,0)
(0,0,0)
(0,0,0)
(0,0,0)
(0,0,0)
(0,0,0)
(0,0,0)
(0,0,0)
(0,0,0)
(0,0,0)
(0,0,0)
(0,0,0)
(0,0,0)
(0,0,0)
(0,0,0)
(0,0,0)
(0,0,0)
(0,0,0)
(0,0,0)
(0,0,0)
(0,0,0)
(0,0,0)
(0,0,0)
(0,0,0)
(0,0,0)
(0,0,0)
(0,0,0)
(0,0,0)
(0,0,0)
(0,0,0)
(0,0,0)
(0,0,0)
(0,0,0)
(0,0,0)
(0,0,0)
(0,0,0)
(0,0,0)
(0,0,0)
(0,0,0)
(0,0,0)
(0,0,0)
(0,0,0)
(0,0,0)
(0,0,0)
(0,0,0)
(0,0,0)
(0,0,0)
(0,0,0)
(0,0,0)
(0,0,0)
(0,0,0)
(0,0,0)
(0,0,0)
(0,0,0)
(0,0,0)
(0,0,0)
(0,0,0)
(0,0,0)
(0,0,0)
(0,0,0)
(0,0,0)
(0,0,0)
(0,0,0)
(0,0,0)
(0,0,0)
(0,0,0)
(0,0,0)
(0,0,0)
(0,0,0)
(0,0,0)
(0,0,0)
(0,0,0)
(0,0,0)
(0,0,0)
(0,0,0)
(0,0,0)
(0,0,0)
(0,0,0)
(0,0,0)
(0,0,0)
(0,0,0)
(0,0,0)
(0,0,0)
(0,0,0)
(0,0,0)
(0,0,0)
(0,0,0)
(0,0,0)
(0,0,0)
(0,0,0)
(0,0,0)
(0,0,0)
(0,0,0)
(0,0,0)
(0,0,0)
(0,0,0)
(0,0,0)
(0,0,0)
(0,0,0)
(0,0,0)
(0,0,0)
(0,0,0)
(0,0,0)
(0,0,0)
(0,0,0)
(0,0,0)
(0,0,0)
(0,0,0)
(0,0,0)
(0,0,0)
(0,0,0)
(0,0,0)
(0,0,0)
(0,0,0)
(0,0,0)
(0,0,0)
(0,0,0)
(0,0,0)
(0,0,0)
(0,0,0)
(0,0,0)
(0,0,0)
(0,0,0)
(0,0,0)
(0,0,0)
(0,0,0)
(0,0,0)
(0,0,0)
(0,0,0)
(0,0,0)
(0,0,0)
(0,0,0)
(0,0,0)
(0,0,0)
(0,0,0)
(0,0,0)
(0,0,0)
(0,0,0)
(0,0,0)
(0,0,0)
(0,0,0)
(0,0,0)
(0,0,0)
(0,0,0)
(0,0,0)
(0,0,0)
(0,0,0)
(0,0,0)
(0,0,0)
(0,0,0)
(0,0,0)
(0,0,0)
(0,0,0)
(0,0,0)
(0,0,0)
(0,0,0)
(0,0,0)
(0,0,0)
(0,0,0)
(0,0,0)
(0,0,0)
(0,0,0)
(0,0,0)
(0,0,0)
(0,0,0)
(0,0,0)
(0,0,0)
(0,0,0)
(0,0,0)
(0,0,0)
(0,0,0)
(0,0,0)
(0,0,0)
(0,0,0)
(0,0,0)
(0,0,0)
(0,0,0)
(0,0,0)
(0,0,0)
(0,0,0)
(0,0,0)
(0,0,0)
(0,0,0)
(0,0,0)
(0,0,0)
(0,0,0)
(0,0,0)
(0,0,0)
(0,0,0)
(0,0,0)
(0,0,0)
(0,0,0)
(0,0,0)
(0,0,0)
(0,0,0)
(0,0,0)
(0,0,0)
(0,0,0)
(0,0,0)
(0,0,0)
(0,0,0)
(0,0,0)
(0,0,0)
(0,0,0)
(0,0,0)
(0,0,0)
(0,0,0)
(0,0,0)
(0,0,0)
(0,0,0)
(0,0,0)
(0,0,0)
(0,0,0)
(0,0,0)
(0,0,0)
(0,0,0)
(0,0,0)
(0,0,0)
(0,0,0)
(0,0,0)
(0,0,0)
(0,0,0)
(0,0,0)
(0,0,0)
(0,0,0)
(0,0,0)
(0,0,0)
(0,0,0)
(0,0,0)
(0,0,0)
(0,0,0)
(0,0,0)
(0,0,0)
(0,0,0)
(0,0,0)
(0,0,0)
(0,0,0)
(0,0,0)
(0,0,0)
(0,0,0)
(0,0,0)
(0,0,0)
(0,0,0)
(0,0,0)
(0,0,0)
(0,0,0)
(0,0,0)
(0,0,0)
(0,0,0)
(0,0,0)
(0,0,0)
(0,0,0)
(0,0,0)
(0,0,0)
(0,0,0)
(0,0,0)
(0,0,0)
(0,0,0)
(0,0,0)
(0,0,0)
(0,0,0)
(0,0,0)
(0,0,0)
(0,0,0)
(0,0,0)
(0,0,0)
(0,0,0)
(0,0,0)
(0,0,0)
(0,0,0)
(0,0,0)
(0,0,0)
(0,0,0)
(0,0,0)
(0,0,0)
(0,0,0)
(0,0,0)
(0,0,0)
(0,0,0)
(0,0,0)
(0,0,0)
(0,0,0)
(0,0,0)
(0,0,0)
(0,0,0)
(0,0,0)
(0,0,0)
(0,0,0)
(0,0,0)
(0,0,0)
(0,0,0)
(0,0,0)
(0,0,0)
(0,0,0)
(0,0,0)
(0,0,0)
(0,0,0)
(0,0,0)
(0,0,0)
(0,0,0)
(0,0,0)
(0,0,0)
(0,0,0)
(0,0,0)
(0,0,0)
(0,0,0)
(0,0,0)
(0,0,0)
(0,0,0)
(0,0,0)
(0,0,0)
(0,0,0)
(0,0,0)
(0,0,0)
(0,0,0)
(0,0,0)
(0,0,0)
(0,0,0)
(0,0,0)
(0,0,0)
(0,0,0)
(0,0,0)
(0,0,0)
(0,0,0)
(0,0,0)
(0,0,0)
(0,0,0)
(0,0,0)
(0,0,0)
(0,0,0)
(0,0,0)
(0,0,0)
(0,0,0)
(0,0,0)
(0,0,0)
(0,0,0)
(0,0,0)
(0,0,0)
(0,0,0)
(0,0,0)
(0,0,0)
(0,0,0)
