(0,0,0)
(0,0,0)
(0,0,0)
(0,0,0)
(0,0,0)
(0,0,0)
(0,0,0)
(0,0,0)
(0,0,0)
(0,0,0)
(0,0,0)
(0,0,0)
(0,0,0)
(0,0,0)
(0,0,0)
(0,0,0)
(0,0,0)
(0,0,0)
(0,0,0)
(0,0,0)
(0,0,0)
(0,0,0)
(0,0,0)
(0,0,0)
(0,0,0)
(0,0,0)
(0,0,0)
(0,0,0)
(0,0,0)
(0,0,0)
(0,0,0)
(0,0,0)
(0,0,0)
(0,0,0)
(0,0,0)
(0,0,0)
(0,0,0)
(0,0,0)
(0,0,0)
(0,0,0)
(0,0,0)
(0,0,0)
(0,0,0)
(0,0,0)
(0,0,0)
(0,0,0)
(0,0,0)
(0,0,0)
(0,0,0)
(0,0,0)
(0,0,0)
(0,0,0)
(0,0,0)
(0,0,0)
(0,0,0)
(0,0,0)
(0,0,0)
(0,0,0)
(0,0,0)
(0,0,0)
(0,0,0)
(0,0,0)
(0,0,0)
(0,0,0)
(0,0,0)
(0,0,0)
(0,0,0)
(0,0,0)
(0,0,0)
(0,0,0)
(0,0,0)
(0,0,0)
(0,0,0)
(0,0,0)
(0,0,0)
(0,0,0)
(0,0,0)
(0,0,0)
(0,0,0)
(0,0,0)
(0,0,0)
(0,0,0)
(0,0,0)
(0,0,0)
(0,0,0)
(0,0,0)
(0,0,0)
(0,0,0)
(0,0,0)
(0,0,0)
(0,0,0)
(0,0,0)
(0,0,0)
(0,0,0)
(0,0,0)
(0,0,0)
(0,0,0)
(0,0,0)
(0,0,0)
(0,0,0)
(0,0,0)
(0,0,0)
(0,0,0)
(0,0,0)
(0,0,0)
(0,0,0)
(0,0,0)
(0,0,0)
(0,0,0)
(0,0,0)
(0,0,0)
(0,0,0)
(0,0,0)
(0,0,0)
(0,0,0)
(0,0,0)
(0,0,0)
(0,0,0)
(0,0,0)
(0,0,0)
(0,0,0)
(0,0,0)
(0,0,0)
(0,0,0)
(0,0,0)
(0,0,0)
(0,0,0)
(0,0,0)
(0,0,0)
(0,0,0)
(0,0,0)
(0,0,0)
(0,0,0)
(0,0,0)
(0,0,0)
(0,0,0)
(0,0,0)
(0,0,0)
(0,0,0)
(0,0,0)
(0,0,0)
(0,0,0)
(0,0,0)
(0,0,0)
(0,0,0)
(0,0,0)
(0,0,0)
(0,0,0)
(0,0,0)
(0,0,0)
(0,0,0)
(0,0,0)
(0,0,0)
(0,0,0)
(0,0,0)
(0,0,0)
(0,0,0)
(0,0,0)
(0,0,0)
(0,0,0)
(0,0,0)
(0,0,0)
(0,0,0)
(0,0,0)
(0,0,0)
(0,0,0)
(0,0,0)
(0,0,0)
(0,0,0)
(0,0,0)
(0,0,0)
(0,0,0)
(0,0,0)
(0,0,0)
(0,0,0)
(0,0,0)
(0,0,0)
(0,0,0)
(0,0,0)
(0,0,0)
(0,0,0)
(0,0,0)
(0,0,0)
(0,0,0)
(0,0,0)
(0,0,0)
(0,0,0)
(0,0,0)
(0,0,0)
(0,0,0)
(0,0,0)
(0,0,0)
(0,0,0)
(0,0,0)
(0,0,0)
(0,0,0)
(0,0,0)
(0,0,0)
(0,0,0)
(0,0,0)
(0,0,0)
(0,0,0)
(0,0,0)
(0,0,0)
(0,0,0)
(0,0,0)
(0,0,0)
(0,0,0)
(0,0,0)
(0,0,0)
(0,0,0)
(0,0,0)
(0,0,0)
(0,0,0)
(0,0,0)
(0,0,0)
(0,0,0)
(0,0,0)
(0,0,0)
(0,0,0)
(0,0,0)
(0,0,0)
(0,0,0)
(0,0,0)
(0,0,0)
(0,0,0)
(0,0,0)
(0,0,0)
(0,0,0)
(0,0,0)
(0,0,0)
(0,0,0)
(0,0,0)
(0,0,0)
(0,0,0)
(0,0,0)
(0,0,0)
(0,0,0)
(0,0,0)
(0,0,0)
(0,0,0)
(0,0,0)
(0,0,0)
(0,0,0)
(0,0,0)
(0,0,0)
(0,0,0)
(0,0,0)
(0,0,0)
(0,0,0)
(0,0,0)
(0,0,0)
(0,0,0)
(0,0,0)
(0,0,0)
(0,0,0)
(0,0,0)
(0,0,0)
(0,0,0)
(0,0,0)
(0,0,0)
(0,0,0)
(0,0,0)
(0,0,0)
(0,0,0)
(0,0,0)
(0,0,0)
(0,0,0)
(0,0,0)
(0,0,0)
(0,0,0)
(0,0,0)
(0,0,0)
(0,0,0)
(0,0,0)
(0,0,0)
(0,0,0)
(0,0,0)
(0,0,0)
(0,0,0)
(0,0,0)
(0,0,0)
(0,0,0)
(0,0,0)
(0,0,0)
(0,0,0)
(0,0,0)
(0,0,0)
(0,0,0)
(0,0,0)
(0,0,0)
(0,0,0)
(0,0,0)
(0,0,0)
(0,0,0)
(0,0,0)
(0,0,0)
(0,0,0)
(0,0,0)
(0,0,0)
(0,0,0)
(0,0,0)
(0,0,0)
(0,0,0)
(0,0,0)
(0,0,0)
(0,0,0)
(0,0,0)
(0,0,0)
(0,0,0)
(0,0,0)
(0,0,0)
(0,0,0)
(0,0,0)
(0,0,0)
(0,0,0)
(0,0,0)
(0,0,0)
(0,0,0)
(0,0,0)
(0,0,0)
(0,0,0)
(0,0,0)
(0,0,0)
(0,0,0)
(0,0,0)
(0,0,0)
(0,0,0)
(0,0,0)
(0,0,0)
(0,0,0)
(0,0,0)
(0,0,0)
(0,0,0)
(0,0,0)
(0,0,0)
(0,0,0)
(0,0,0)
(0,0,0)
(0,0,0)
(0,0,0)
(0,0,0)
(0,0,0)
(0,0,0)
(0,0,0)
(0,0,0)
(0,0,0)
(0,0,0)
(0,0,0)
(0,0,0)
(0,0,0)
(0,0,0)
(0,0,0)
(0,0,0)
(0,0,0)
(0,0,0)
(0,0,0)
(0,0,0)
(0,0,0)
(0,0,0)
(0,0,0)
(0,0,0)
(0,0,0)
(0,0,0)
(0,0,0)
(0,0,0)
(0,0,0)
(0,0,0)
(0,0,0)
(0,0,0)
(0,0,0)
(0,0,0)
(0,0,0)
(0,0,0)
(0,0,0)
(0,0,0)
(0,0,0)
(0,0,0)
(0,0,0)
(0,0,0)
(0,0,0)
(0,0,0)
(0,0,0)
(0,0,0)
(0,0,0)
(0,0,0)
(0,0,0)
(0,0,0)
(0,0,0)
(0,0,0)
(0,0,0)
(0,0,0)
(0,0,0)
(0,0,0)
(0,0,0)
(0,0,0)
(0,0,0)
(0,0,0)
(0,0,0)
(0,0,0)
(0,0,0)
(0,0,0)
(0,0,0)
(0,0,0)
(0,0,0)
(0,0,0)
(0,0,0)
(0,0,0)
(0,0,0)
(0,0,0)
(0,0,0)
(0,0,0)
(0,0,0)
(0,0,0)
(0,0,0)
(0,0,0)
(0,0,0)
(0,0,0)
(0,0,0)
(0,0,0)
(0,0,0)
(0,0,0)
(0,0,0)
(0,0,0)
(0,0,0)
(0,0,0)
(0,0,0)
(0,0,0)
(0,0,0)
(0,0,0)
(0,0,0)
(0,0,0)
(0,0,0)
(0,0,0)
(0,0,0)
(0,0,0)
(0,0,0)
(0,0,0)
(0,0,0)
(0,0,0)
(0,0,0)
(0,0,0)
(0,0,0)
(0,0,0)
(0,0,0)
(0,0,0)
(0,0,0)
(0,0,0)
(0,0,0)
(0,0,0)
(0,0,0)
(0,0,0)
(0,0,0)
(0,0,0)
(0,0,0)
(0,0,0)
(0,0,0)
(0,0,0)
(0,0,0)
(0,0,0)
(0,0,0)
(0,0,0)
(0,0,0)
(0,0,0)
(0,0,0)
(0,0,0)
(0,0,0)
(0,0,0)
(0,0,0)
(0,0,0)
(0,0,0)
(0,0,0)
(0,0,0)
(0,0,0)
(0,0,0)
(0,0,0)
(0,0,0)
(0,0,0)
(0,0,0)
(0,0,0)
(0,0,0)
(0,0,0)
(0,0,0)
(0,0,0)
(0,0,0)
(0,0,0)
(0,0,0)
(0,0,0)
(0,0,0)
(0,0,0)
(0,0,0)
(0,0,0)
(0,0,0)
(0,0,0)
(0,0,0)
(0,0,0)
(0,0,0)
(0,0,0)
(0,0,0)
(0,0,0)
(0,0,0)
(0,0,0)
(0,0,0)
(0,0,0)
(0,0,0)
(0,0,0)
(0,0,0)
(0,0,0)
(0,0,0)
(0,0,0)
(0,0,0)
(0,0,0)
(0,0,0)
(0,0,0)
(0,0,0)
(0,0,0)
(0,0,0)
(0,0,0)
(0,0,0)
(0,0,0)
(0,0,0)
(0,0,0)
(0,0,0)
(0,0,0)
(0,0,0)
(0,0,0)
(0,0,0)
(0,0,0)
(0,0,0)
(0,0,0)
(0,0,0)
(0,0,0)
(0,0,0)
(0,0,0)
(0,0,0)
(0,0,0)
(0,0,0)
(0,0,0)
(0,0,0)
(0,0,0)
(0,0,0)
(0,0,0)
(0,0,0)
(0,0,0)
(0,0,0)
(0,0,0)
(0,0,0)
(0,0,0)
(0,0,0)
(0,0,0)
(0,0,0)
(0,0,0)
(0,0,0)
(0,0,0)
(0,0,0)
(0,0,0)
(0,0,0)
(0,0,0)
(0,0,0)
(0,0,0)
(0,0,0)
(0,0,0)
(0,0,0)
(0,0,0)
(0,0,0)
(0,0,0)
(0,0,0)
(0,0,0)
(0,0,0)
(0,0,0)
(0,0,0)
(0,0,0)
(0,0,0)
(0,0,0)
(0,0,0)
(0,0,0)
(0,0,0)
(0,0,0)
(0,0,0)
(0,0,0)
(0,0,0)
(0,0,0)
(0,0,0)
(0,0,0)
(0,0,0)
(0,0,0)
(0,0,0)
(0,0,0)
(0,0,0)
(0,0,0)
(0,0,0)
(0,0,0)
(0,0,0)
(0,0,0)
(0,0,0)
(0,0,0)
(0,0,0)
(0,0,0)
(0,0,0)
(0,0,0)
(0,0,0)
(0,0,0)
(0,0,0)
(0,0,0)
(0,0,0)
(0,0,0)
(0,0,0)
(0,0,0)
(0,0,0)
(0,0,0)
(0,0,0)
(0,0,0)
(0,0,0)
(0,0,0)
(0,0,0)
(0,0,0)
(0,0,0)
(0,0,0)
(0,0,0)
(0,0,0)
(0,0,0)
(0,0,0)
(0,0,0)
(0,0,0)
(0,0,0)
(0,0,0)
(0,0,0)
(0,0,0)
(0,0,0)
(0,0,0)
(0,0,0)
(0,0,0)
(0,0,0)
(0,0,0)
(0,0,0)
(0,0,0)
(0,0,0)
(0,0,0)
(0,0,0)
(0,0,0)
(0,0,0)
(0,0,0)
(0,0,0)
(0,0,0)
(0,0,0)
(0,0,0)
(0,0,0)
(0,0,0)
(0,0,0)
(0,0,0)
(0,0,0)
(0,0,0)
(0,0,0)
(0,0,0)
(0,0,0)
(0,0,0)
(0,0,0)
(0,0,0)
(0,0,0)
(0,0,0)
(0,0,0)
(0,0,0)
(0,0,0)
(0,0,0)
(0,0,0)
(0,0,0)
(0,0,0)
(0,0,0)
(0,0,0)
(0,0,0)
(0,0,0)
(0,0,0)
(0,0,0)
(0,0,0)
(0,0,0)
(0,0,0)
(0,0,0)
(0,0,0)
(0,0,0)
(0,0,0)
(0,0,0)
(0,0,0)
(0,0,0)
(0,0,0)
(0,0,0)
(0,0,0)
(0,0,0)
(0,0,0)
(0,0,0)
(0,0,0)
(0,0,0)
(0,0,0)
(0,0,0)
(0,0,0)
(0,0,0)
(0,0,0)
(0,0,0)
(0,0,0)
(0,0,0)
(0,0,0)
(0,0,0)
(0,0,0)
(0,0,0)
(0,0,0)
(0,0,0)
(0,0,0)
(0,0,0)
(0,0,0)
(0,0,0)
(0,0,0)
(0,0,0)
(0,0,0)
(0,0,0)
(0,0,0)
(0,0,0)
(0,0,0)
(0,0,0)
(0,0,0)
(0,0,0)
(0,0,0)
(0,0,0)
(0,0,0)
(0,0,0)
(0,0,0)
(0,0,0)
(0,0,0)
(0,0,0)
(0,0,0)
(0,0,0)
(0,0,0)
(0,0,0)
(0,0,0)
(0,0,0)
(0,0,0)
(0,0,0)
(0,0,0)
(0,0,0)
(0,0,0)
(0,0,0)
(0,0,0)
(0,0,0)
(0,0,0)
(0,0,0)
(0,0,0)
(0,0,0)
(0,0,0)
(0,0,0)
(0,0,0)
(0,0,0)
(0,0,0)
(0,0,0)
(0,0,0)
(0,0,0)
(0,0,0)
(0,0,0)
(0,0,0)
(0,0,0)
(0,0,0)
(0,0,0)
(0,0,0)
(0,0,0)
(0,0,0)
(0,0,0)
(0,0,0)
(0,0,0)
(0,0,0)
(0,0,0)
(0,0,0)
(0,0,0)
(0,0,0)
(0,0,0)
(0,0,0)
(0,0,0)
(0,0,0)
(0,0,0)
(0,0,0)
(0,0,0)
(0,0,0)
(0,0,0)
(0,0,0)
(0,0,0)
(0,0,0)
(0,0,0)
(0,0,0)
(0,0,0)
(0,0,0)
(0,0,0)
(0,0,0)
(0,0,0)
(0,0,0)
(0,0,0)
(0,0,0)
(0,0,0)
(0,0,0)
(0,0,0)
(0,0,0)
(0,0,0)
(0,0,0)
(0,0,0)
(0,0,0)
(0,0,0)
(0,0,0)
(0,0,0)
(0,0,0)
(0,0,0)
(0,0,0)
(0,0,0)
(0,0,0)
(0,0,0)
(0,0,0)
(0,0,0)
(0,0,0)
(0,0,0)
(0,0,0)
(0,0,0)
(0,0,0)
(0,0,0)
(0,0,0)
(0,0,0)
(-1509.02723267229,577.911867263282,931.115365408098)
(-1599.28959703414,597.028992497914,1933.37596994361)
(-1819.46745570612,548.296597383854,3204.54682826236)
(-2244.70328423964,463.575859891608,4985.67425262101)
(-3059.71198169733,347.649072729752,7697.73716158787)
(-4542.6567057017,241.397895172053,11998.9959721222)
(-7203.45238520065,128.260795984077,19074.1875613618)
(-12054.7015154153,97.0764620318869,31031.812614756)
(-20126.772872221,92.0377770636352,51066.5477098783)
(-28248.1764482586,63.3841136884679,79251.3400445275)
(0,0,0)
(0,0,0)
(0,0,0)
(0,0,0)
(0,0,0)
(0,0,0)
(-1558.28979183636,1255.81585040226,880.385808695695)
(-1662.85127842363,1306.69780909336,1833.56827052629)
(-1899.88733592037,1265.6764490578,3016.07575476975)
(-2351.02245881437,1102.70130140185,4727.97277207439)
(-3179.46578061,844.610152483319,7410.4774729279)
(-4692.38470818323,592.311802983193,11751.9482732884)
(-7384.90935430877,337.002689939661,18928.1157336332)
(-12223.3817426584,251.473919265962,30997.1000190167)
(-20235.9720435667,247.045231927927,51078.0646077663)
(-28315.1483675167,165.691924247181,79290.9051646257)
(0,0,0)
(0,0,0)
(0,0,0)
(0,0,0)
(0,0,0)
(0,0,0)
(-1843.02465449161,2337.3015292677,761.538975626295)
(-1910.06159533105,2349.11134366857,1629.18703638591)
(-2117.45235925059,2276.41058086604,2735.90526383344)
(-2580.46264947339,2051.47474213366,4367.59447257595)
(-3453.24038056512,1699.47074149925,6965.9742641122)
(-5059.63968762583,1293.00164674893,11324.9241079748)
(-7862.89496549801,849.69016974057,18675.1315936853)
(-12662.7295110474,637.054432075917,30952.2805918626)
(-20523.7514581517,547.401107183633,51175.6761748333)
(-28453.334721235,325.640521472424,79469.0622988372)
(0,0,0)
(0,0,0)
(0,0,0)
(0,0,0)
(0,0,0)
(0,0,0)
(-2300.6417688894,3988.91519926474,649.028098893487)
(-2351.42695609819,3957.5335144765,1392.03288418571)
(-2565.38274406304,3849.99269935386,2383.83350975313)
(-3058.91620149663,3602.4185354299,3891.80591794559)
(-4009.04314838627,3208.95826886371,6391.36153897869)
(-5765.50421783011,2703.24654565577,10746.6208578929)
(-8770.31550036411,2094.5776328074,18272.0488951865)
(-13503.6638404643,1681.05504936314,30731.7121183403)
(-21048.572582739,1314.44846843831,51013.237339759)
(-28686.010011137,717.156349049228,79307.7315234951)
(0,0,0)
(0,0,0)
(0,0,0)
(0,0,0)
(0,0,0)
(0,0,0)
(-3096.49701869903,6562.13123994948,523.280978007778)
(-3163.57419940044,6511.64322931683,1132.74546256653)
(-3392.15648534098,6383.69254498277,1991.20210227692)
(-3899.55520406799,6142.13020913561,3351.04563264037)
(-4903.21898684718,5768.38132702442,5694.84156132664)
(-6838.16607874316,5256.40176546079,9979.85242024562)
(-10137.5151340506,4585.94862595746,17625.9965611434)
(-14767.3759768062,3867.57465572304,30206.8529316306)
(-21782.6886758575,2892.92120717136,50411.0688688653)
(-29003.9754631365,1545.83305141212,78586.3676296299)
(0,0,0)
(0,0,0)
(0,0,0)
(0,0,0)
(0,0,0)
(0,0,0)
(-4537.7250144924,10704.8413363595,395.014918088578)
(-4608.37956674388,10615.6638670003,899.373847141237)
(-4839.72722215614,10477.029630784,1645.76398349957)
(-5333.06870959318,10274.963088361,2845.99981385809)
(-6318.83589825942,9935.08343572077,4998.13360342963)
(-8241.34119294149,9400.51307250592,9095.36348933486)
(-11490.6877575961,8577.10405690449,16594.8958159788)
(-15908.9027284557,7371.74046880717,28999.6327313628)
(-22569.7729829448,5499.4711193944,48962.8558021399)
(-29401.3235234296,2952.04202647998,76957.9703504393)
(0,0,0)
(0,0,0)
(0,0,0)
(0,0,0)
(0,0,0)
(0,0,0)
(-7164.67495860955,17607.5977485453,261.918546415846)
(-7231.89614315812,17466.7427421285,642.73581445269)
(-7452.06675683508,17298.7321874168,1273.10001465572)
(-7888.05900720975,17106.0860584027,2330.03605182263)
(-8780.78301741069,16772.7448228928,4273.15768206095)
(-10549.2237520693,16186.3758412502,8036.5186653969)
(-13548.494520311,15095.0335764127,15067.0836662143)
(-17574.0192362906,13141.7885138337,26871.054857475)
(-23826.8708945885,9925.61316882201,46271.7837025764)
(-30109.0304441679,5449.10374127822,73883.7524320463)
(0,0,0)
(0,0,0)
(0,0,0)
(0,0,0)
(0,0,0)
(0,0,0)
(-11979.3837878687,29457.9315792426,129.049957168216)
(-12039.5348793029,29252.9690401605,382.358538452097)
(-12224.5015005099,29006.3181261278,899.274100274344)
(-12561.1816917394,28768.9168562827,1797.62499411765)
(-13283.406949759,28403.3637806209,3450.41298614875)
(-14736.7858672142,27679.7944612221,6693.78023337764)
(-17233.195601152,26150.0875075636,12871.9219033353)
(-20552.5530311699,23120.8238352652,23445.4396130948)
(-26246.2206551937,18018.8846170816,41598.3888200235)
(-31501.0032421129,10297.8623514099,68250.6334519619)
(0,0,0)
(0,0,0)
(0,0,0)
(0,0,0)
(0,0,0)
(0,0,0)
(-20081.005245837,49478.9077989139,60.0290261619394)
(-20120.3775947905,49237.6042768308,195.77138427553)
(-20247.6945233278,48901.3494768677,548.434556803621)
(-20475.3358022198,48560.8539576717,1231.83325761839)
(-20948.1034938597,48065.8802610985,2517.42027100439)
(-21878.5542661183,47066.486266455,5009.28273189947)
(-23532.1848861276,44975.7745233178,9715.7806022801)
(-26182.2162934307,40844.9860725628,18173.8346584439)
(-30729.2022016261,33251.5558183078,33670.3656587302)
(-33954.1086057272,20109.3178800375,57813.0187358432)
(0,0,0)
(0,0,0)
(0,0,0)
(0,0,0)
(0,0,0)
(0,0,0)
(-28238.311146306,77713.264003572,3.95494163978671)
(-28264.5437159174,77458.4710478386,47.6318865454678)
(-28336.5244886045,77073.2997474586,212.206104583931)
(-28452.1891993725,76633.0794223966,592.169839276911)
(-28671.4145601062,76012.7867766554,1316.67788383566)
(-29121.2836749878,74808.4081652582,2696.03965997959)
(-29954.1299626951,72317.6377522316,5308.30639373579)
(-31438.9550145582,67276.3768115811,10315.8706692566)
(-33925.0646788605,57203.8713409454,20288.6198254167)
(-34275.432925572,37182.6609967306,37490.7096343489)
(0,0,0)
(0,0,0)
(0,0,0)
(0,0,0)
(0,0,0)
(0,0,0)
(0,0,0)
(0,0,0)
(0,0,0)
(0,0,0)
(0,0,0)
(0,0,0)
(0,0,0)
(0,0,0)
(0,0,0)
(0,0,0)
(0,0,0)
(0,0,0)
(0,0,0)
(0,0,0)
(0,0,0)
(0,0,0)
(0,0,0)
(0,0,0)
(0,0,0)
(0,0,0)
(0,0,0)
(0,0,0)
(0,0,0)
(0,0,0)
(0,0,0)
(0,0,0)
(0,0,0)
(0,0,0)
(0,0,0)
(0,0,0)
(0,0,0)
(0,0,0)
(0,0,0)
(0,0,0)
(0,0,0)
(0,0,0)
(0,0,0)
(0,0,0)
(0,0,0)
(0,0,0)
(0,0,0)
(0,0,0)
(0,0,0)
(0,0,0)
(0,0,0)
(0,0,0)
(0,0,0)
(0,0,0)
(0,0,0)
(0,0,0)
(0,0,0)
(0,0,0)
(0,0,0)
(0,0,0)
(0,0,0)
(0,0,0)
(0,0,0)
(0,0,0)
(0,0,0)
(0,0,0)
(0,0,0)
(0,0,0)
(0,0,0)
(0,0,0)
(0,0,0)
(0,0,0)
(0,0,0)
(0,0,0)
(0,0,0)
(0,0,0)
(0,0,0)
(0,0,0)
(0,0,0)
(0,0,0)
(0,0,0)
(0,0,0)
(0,0,0)
(0,0,0)
(0,0,0)
(0,0,0)
(0,0,0)
(0,0,0)
(0,0,0)
(0,0,0)
(0,0,0)
(0,0,0)
(0,0,0)
(0,0,0)
(0,0,0)
(0,0,0)
(0,0,0)
(0,0,0)
(0,0,0)
(0,0,0)
(0,0,0)
(0,0,0)
(268014.395970505,443.146521038484,845.385059222063)
(267869.522618445,462.125762146391,1726.4018651697)
(267480.621779542,437.064572185747,2801.20284110252)
(266775.503485284,345.420204588381,4247.53065040769)
(265440.3951213,210.057811743114,6349.3205190603)
(263052.249573426,69.2676547924259,9497.101368531)
(258691.236377519,-53.6166476048324,14467.9840367274)
(250054.290080012,-60.096604513044,23231.0438292693)
(230603.920384857,-22.7927751800556,43335.0981308525)
(177772.919945883,6.27878216094576,108119.677738053)
(0,0,0)
(0,0,0)
(0,0,0)
(0,0,0)
(0,0,0)
(0,0,0)
(267883.207181706,1032.6660730578,780.938257921731)
(267716.258389373,1066.47303283227,1609.43610295041)
(267335.297095984,1023.30502194611,2599.9660047598)
(266602.109760543,840.646968331387,3963.5618051595)
(265226.805620896,549.627101691232,6029.67589720646)
(262772.709808045,232.390842920647,9213.41297632727)
(258358.738833267,-85.0317832568885,14313.1347079658)
(249765.748869291,-148.975656306081,23224.8379312159)
(230431.274448731,-35.8611305494868,43382.6145776692)
(177677.28000558,25.559791250543,108182.859978787)
(0,0,0)
(0,0,0)
(0,0,0)
(0,0,0)
(0,0,0)
(0,0,0)
(267400.199013006,1942.97808923545,658.419099656508)
(267283.52580912,1947.33363562946,1395.92587582885)
(266955.688206392,1871.67578218928,2286.36933344635)
(266202.753900173,1630.09190687881,3525.66262884884)
(264752.568128899,1214.24651674937,5467.1894878109)
(262111.182193039,665.299189891974,8675.41404370847)
(257432.203996498,42.2865996217395,14064.9514823302)
(248907.534131253,-139.930456778397,23297.5974240651)
(229912.436503735,51.8122221220444,43585.6908927907)
(177447.894814519,97.386596081012,108424.589335763)
(0,0,0)
(0,0,0)
(0,0,0)
(0,0,0)
(0,0,0)
(0,0,0)
(266629.842667118,3277.3504067495,547.098029893652)
(266542.922335693,3258.56304710603,1153.47411010529)
(266205.278070014,3161.71229240423,1904.7315692799)
(265419.996107469,2901.3260342096,2966.53991650382)
(263852.317376596,2426.91090540148,4704.46978639691)
(260823.549274423,1728.63210515554,7864.03816233102)
(255428.578005057,826.930343036284,13692.455697026)
(247005.45798314,474.142003840135,23381.2161963698)
(228903.778785342,597.0742816654,43695.5575520699)
(177050.655180043,398.293313201533,108469.940427438)
(0,0,0)
(0,0,0)
(0,0,0)
(0,0,0)
(0,0,0)
(0,0,0)
(265327.251721993,5217.31874209652,448.237707414381)
(265230.709852442,5197.52503056627,926.946455542548)
(264882.503238098,5108.0296225248,1517.92418557745)
(264088.385926376,4879.38397666459,2363.87989607804)
(262389.29726728,4496.96995637227,3813.25937457436)
(258787.623353774,3952.82463157725,6775.23219921437)
(251851.759787867,3288.79274511346,13136.0496587268)
(243538.566946339,2736.18566653737,23380.0178564093)
(227393.050026766,2089.78831619261,43523.5199025972)
(176493.762305963,1133.24683440882,108102.783395643)
(0,0,0)
(0,0,0)
(0,0,0)
(0,0,0)
(0,0,0)
(0,0,0)
(262966.557277599,8192.11658481468,332.874648556171)
(262875.829216544,8147.72710011623,710.418579156318)
(262545.440233264,8055.87859561108,1189.35693414196)
(261779.996609285,7889.47669691523,1878.15367863471)
(260095.02971438,7638.61146436977,3134.60134146113)
(256494.241982183,7225.33786417317,5938.45971714589)
(249606.052305174,6602.07525872012,12340.3919243088)
(241657.777733843,5757.82410973926,22564.0278022596)
(226121.463649539,4267.07155128803,42507.4627181851)
(175857.291530961,2265.02656831614,106929.022713239)
(0,0,0)
(0,0,0)
(0,0,0)
(0,0,0)
(0,0,0)
(0,0,0)
(258663.880669206,12950.9100183875,224.605722076248)
(258564.97484033,12878.9977494145,508.418872738578)
(258256.957549418,12777.5593471982,889.668598437882)
(257588.671702163,12651.8658263219,1462.50354306887)
(256060.028255442,12501.437933293,2570.82058476851)
(252716.456888269,12206.3232690929,5136.10932287848)
(246190.820954611,11582.1967378561,11228.6271522114)
(239012.472019399,10328.8625160859,20883.0522736593)
(224118.566224355,7617.0745403006,40399.5669490435)
(174696.933739273,4110.80558964166,104559.7785278)
(0,0,0)
(0,0,0)
(0,0,0)
(0,0,0)
(0,0,0)
(0,0,0)
(250084.277107421,21583.2567322644,115.947174331841)
(249993.327968864,21472.2035135973,301.833345410214)
(249736.04658365,21318.3473044498,612.452087491397)
(249214.646930363,21182.8655034779,1117.57857166082)
(247983.553700765,21079.2768645993,2084.73377318434)
(245208.943477984,20838.1750436591,4319.10743701006)
(239616.683472965,20117.0983707713,9746.28151346868)
(234592.978199475,17746.5366281465,17995.0309540715)
(219729.260489533,13728.9439510265,36719.6351820852)
(171907.845465926,7954.09238064487,100279.454466464)
(0,0,0)
(0,0,0)
(0,0,0)
(0,0,0)
(0,0,0)
(0,0,0)
(230631.895510677,41649.3132512462,32.9975080392107)
(230561.507576713,41512.8220301746,122.448603467268)
(230378.785145635,41281.6448252813,344.626197100339)
(230025.857135939,41057.6146261525,780.638919683338)
(229269.742409946,40831.5830831182,1622.4415807582)
(227680.668381491,40291.8785265977,3421.47023380077)
(224641.988707354,38980.6129454093,7195.73684924502)
(219848.139962998,35930.1990783638,13793.6729261346)
(206577.61164432,30309.0611374871,30718.6966772294)
(163406.54432536,19954.2851323282,92169.8057779345)
(0,0,0)
(0,0,0)
(0,0,0)
(0,0,0)
(0,0,0)
(0,0,0)
(177765.294884358,106462.290134907,-4.62813092471549)
(177723.423862912,106312.973595423,19.2075083604941)
(177621.910992623,106027.920882228,126.450753696838)
(177446.171707302,105711.113237073,386.54601970002)
(177112.348188733,105359.296273287,887.024864241021)
(176395.300387987,104587.553772472,1886.72033893249)
(174954.341199187,102891.974115043,3878.8427909238)
(172008.269987999,99251.2539461648,7922.51770419636)
(163440.870474974,91568.7287999877,20108.8696713917)
(132845.402594316,71748.2580947226,72006.0159725664)
(0,0,0)
(0,0,0)
(0,0,0)
(0,0,0)
(0,0,0)
(0,0,0)
(0,0,0)
(0,0,0)
(0,0,0)
(0,0,0)
(0,0,0)
(0,0,0)
(0,0,0)
(0,0,0)
(0,0,0)
(0,0,0)
(0,0,0)
(0,0,0)
(0,0,0)
(0,0,0)
(0,0,0)
(0,0,0)
(0,0,0)
(0,0,0)
(0,0,0)
(0,0,0)
(0,0,0)
(0,0,0)
(0,0,0)
(0,0,0)
(0,0,0)
(0,0,0)
(0,0,0)
(0,0,0)
(0,0,0)
(0,0,0)
(0,0,0)
(0,0,0)
(0,0,0)
(0,0,0)
(0,0,0)
(0,0,0)
(0,0,0)
(0,0,0)
(0,0,0)
(0,0,0)
(0,0,0)
(0,0,0)
(0,0,0)
(0,0,0)
(0,0,0)
(0,0,0)
(0,0,0)
(0,0,0)
(0,0,0)
(0,0,0)
(0,0,0)
(0,0,0)
(0,0,0)
(0,0,0)
(0,0,0)
(0,0,0)
(0,0,0)
(0,0,0)
(0,0,0)
(0,0,0)
(0,0,0)
(0,0,0)
(0,0,0)
(0,0,0)
(0,0,0)
(0,0,0)
(0,0,0)
(0,0,0)
(0,0,0)
(0,0,0)
(0,0,0)
(0,0,0)
(0,0,0)
(0,0,0)
(0,0,0)
(0,0,0)
(0,0,0)
(0,0,0)
(0,0,0)
(0,0,0)
(0,0,0)
(0,0,0)
(0,0,0)
(0,0,0)
(0,0,0)
(0,0,0)
(0,0,0)
(0,0,0)
(0,0,0)
(0,0,0)
(0,0,0)
(0,0,0)
(0,0,0)
(0,0,0)
(0,0,0)
(0,0,0)
(-3777.70590434954,306.430103333019,673.716988084683)
(-3950.11549028358,313.613607135207,1367.78670610152)
(-4363.0030519655,279.961388196595,2119.49536604852)
(-5119.1620632106,173.144691508335,3029.06143961422)
(-6486.32206301401,11.7344944587818,4132.08934608623)
(-8786.32881889002,-195.544315352675,5354.2572703529)
(-12543.9416402529,-389.390682073607,6166.87118685142)
(-18481.6923085337,-376.015685122406,4266.91447705131)
(-26986.7426716214,-224.723914633261,-8729.65333529858)
(-33443.1504956875,-79.5732821251128,-68245.9643950228)
(0,0,0)
(0,0,0)
(0,0,0)
(0,0,0)
(0,0,0)
(0,0,0)
(-3954.89530918902,732.790556923851,599.787253817373)
(-4144.43821984525,730.164135726005,1231.97855093255)
(-4532.55553814699,653.043766235817,1914.79402354896)
(-5297.59324049121,446.905148382684,2728.78178421155)
(-6710.35726357276,87.6672953277973,3778.05708432581)
(-9064.80507806179,-417.123206782014,5025.19607838202)
(-12875.9779534764,-983.704309321716,6042.27170882898)
(-18757.7176056935,-993.21268451652,4370.98039976152)
(-27128.0914282632,-544.078221508594,-8562.25419972868)
(-33502.6324212622,-186.547821339617,-68087.3220169873)
(0,0,0)
(0,0,0)
(0,0,0)
(0,0,0)
(0,0,0)
(0,0,0)
(-4456.17745415455,1298.31949178253,478.892748970849)
(-4607.5635868107,1284.78584913252,1003.40564807085)
(-4945.79823656872,1187.51715443674,1558.46391932362)
(-5711.53776642054,920.379651846368,2187.32629886716)
(-7168.49693097394,364.845598201267,3019.25827237231)
(-9742.78306193925,-607.949195267214,4252.09473230219)
(-14009.1845105932,-1952.91568275655,5850.73982932791)
(-19759.6873628246,-2038.66409946384,4751.45795480648)
(-27604.7213667568,-961.871091552748,-8125.54608793531)
(-33680.6684395668,-305.085035331642,-67690.4004034131)
(0,0,0)
(0,0,0)
(0,0,0)
(0,0,0)
(0,0,0)
(0,0,0)
(-5339.4838171511,2091.9017607326,363.789431898121)
(-5454.28524136121,2087.43730452776,746.390770079155)
(-5771.66550208116,1991.08737801641,1107.80933512337)
(-6520.57076776168,1715.15601092448,1441.64506775378)
(-8062.69509175983,1084.57915644991,1824.9691943438)
(-11250.2092316918,-242.525419017756,2721.34914078199)
(-17464.5202824808,-2742.20356763155,5591.78052965415)
(-22960.7835749475,-3026.36851034947,5733.77171507221)
(-28725.7792974456,-976.467218683892,-7434.02885834736)
(-34014.7100492463,-196.172078619747,-67289.531369361)
(0,0,0)
(0,0,0)
(0,0,0)
(0,0,0)
(0,0,0)
(0,0,0)
(-6739.62814179411,3076.77547167495,270.051369387763)
(-6844.52372762501,3105.31641075251,515.451059794351)
(-7142.89163459315,3046.41871663739,673.559810264584)
(-7858.32021211211,2864.164297025,659.302879254539)
(-9511.6459921534,2495.78118479363,337.089326753985)
(-13854.1198765444,1845.62115324674,78.7312012396074)
(-27899.1541028097,1089.82865137759,5185.65808936686)
(-33649.8568997583,816.382287640165,7719.37635399077)
(-30823.5799860774,764.937016287024,-6617.35265148601)
(-34501.7915669214,459.776852200052,-67089.7024928305)
(0,0,0)
(0,0,0)
(0,0,0)
(0,0,0)
(0,0,0)
(0,0,0)
(-9037.66274930714,4090.43691320956,178.603802009998)
(-9117.10926846804,4127.04836263738,337.855551710107)
(-9377.07483572506,4108.14099391617,386.693559923372)
(-10028.2210018354,4052.92561564445,194.195068806759)
(-11589.4150725215,3952.14846627249,-389.682209226105)
(-15777.9795113951,3687.26566618958,-771.060011990906)
(-28922.0436260643,3278.7682231596,4756.14156390407)
(-34260.4686660032,3138.37636453033,7540.43910334466)
(-31698.1358032634,2277.1251547492,-6964.10436589131)
(-34960.0145105928,1116.76102644213,-67615.7372819031)
(0,0,0)
(0,0,0)
(0,0,0)
(0,0,0)
(0,0,0)
(0,0,0)
(-12777.6987633075,4605.41623661512,114.645325627661)
(-12856.4075743587,4630.68078174201,220.440537763396)
(-13074.9153972454,4636.8526140152,211.647080768761)
(-13597.2214706792,4688.12450296301,-49.6134171122139)
(-14971.7225671241,4842.52766016215,-720.196571906244)
(-18909.0803626048,5050.9567246233,-1270.30516282413)
(-32202.4135094314,5244.646252092,4345.09648890832)
(-36923.6000129456,6112.36458703887,6495.22551530586)
(-33077.7119635868,3373.64769740275,-8216.97362267966)
(-35764.6558372725,1380.55999923387,-68831.1378024571)
(0,0,0)
(0,0,0)
(0,0,0)
(0,0,0)
(0,0,0)
(0,0,0)
(-18656.2718919382,2472.62185661218,61.3885958669223)
(-18722.0756022967,2476.41083871348,119.107326631453)
(-18898.5020927451,2463.84485896473,114.70897457948)
(-19291.1077565059,2565.4226869246,-68.7893059519072)
(-20384.4244840522,2941.26500410287,-611.503248425637)
(-23849.6911034609,3832.23587099288,-1146.10259692177)
(-37679.4673876557,5601.52399208634,4981.21574021651)
(-32082.6089902957,3408.81632332585,3548.39641030813)
(-34633.658494348,885.667093863909,-10412.6587856595)
(-37151.7971232323,-396.993399170839,-70387.4175814356)
(0,0,0)
(0,0,0)
(0,0,0)
(0,0,0)
(0,0,0)
(0,0,0)
(-27123.2021498802,-10580.9687747422,-3.26649162350759)
(-27175.7017802996,-10613.5052733594,11.9041939563048)
(-27295.0901192367,-10708.3003094222,45.9698437904717)
(-27545.4302470445,-10701.2973493168,72.0224795896972)
(-28114.4850764343,-10499.9299607122,85.490147382386)
(-29506.2059177501,-10184.197598375,476.843132390331)
(-32747.6461989547,-9929.56708963381,2585.61433689997)
(-34563.8160900351,-11233.2708728642,827.702802585642)
(-38288.3554725209,-12296.0661839991,-11936.55158617)
(-39265.1464573305,-10291.4405599769,-70182.3684261777)
(0,0,0)
(0,0,0)
(0,0,0)
(0,0,0)
(0,0,0)
(0,0,0)
(-33550.9015314147,-70049.0058986532,-27.7212437701512)
(-33578.4663637033,-70114.024703581,-37.26637044467)
(-33649.3904948383,-70281.4172880051,-4.80268784403409)
(-33771.8068514465,-70381.7036972077,81.627435208958)
(-33987.8397507775,-70344.4665533497,214.397183880118)
(-34497.6626898518,-70408.4748463052,519.682726096209)
(-35606.3525789338,-70695.6429397981,1034.49757089169)
(-37101.6730831037,-71445.5853103871,-455.199704125426)
(-39242.6340514628,-70715.5431907485,-10164.1729544628)
(-38031.314623718,-60296.6475138285,-60094.2035661344)
(0,0,0)
(0,0,0)
(0,0,0)
(0,0,0)
(0,0,0)
(0,0,0)
(0,0,0)
(0,0,0)
(0,0,0)
(0,0,0)
(0,0,0)
(0,0,0)
(0,0,0)
(0,0,0)
(0,0,0)
(0,0,0)
(0,0,0)
(0,0,0)
(0,0,0)
(0,0,0)
(0,0,0)
(0,0,0)
(0,0,0)
(0,0,0)
(0,0,0)
(0,0,0)
(0,0,0)
(0,0,0)
(0,0,0)
(0,0,0)
(0,0,0)
(0,0,0)
(0,0,0)
(0,0,0)
(0,0,0)
(0,0,0)
(0,0,0)
(0,0,0)
(0,0,0)
(0,0,0)
(0,0,0)
(0,0,0)
(0,0,0)
(0,0,0)
(0,0,0)
(0,0,0)
(0,0,0)
(0,0,0)
(0,0,0)
(0,0,0)
(0,0,0)
(0,0,0)
(0,0,0)
(0,0,0)
(0,0,0)
(0,0,0)
(0,0,0)
(0,0,0)
(0,0,0)
(0,0,0)
(0,0,0)
(0,0,0)
(0,0,0)
(0,0,0)
(0,0,0)
(0,0,0)
(0,0,0)
(0,0,0)
(0,0,0)
(0,0,0)
(0,0,0)
(0,0,0)
(0,0,0)
(0,0,0)
(0,0,0)
(0,0,0)
(0,0,0)
(0,0,0)
(0,0,0)
(0,0,0)
(0,0,0)
(0,0,0)
(0,0,0)
(0,0,0)
(0,0,0)
(0,0,0)
(0,0,0)
(0,0,0)
(0,0,0)
(0,0,0)
(0,0,0)
(0,0,0)
(0,0,0)
(0,0,0)
(0,0,0)
(0,0,0)
(0,0,0)
(0,0,0)
(0,0,0)
(0,0,0)
(0,0,0)
(0,0,0)
(-4363.78467573382,111.476726369197,474.602045014584)
(-4538.605681549,112.110176458448,950.982059825734)
(-4869.76963500905,74.4425666346172,1383.30607623655)
(-5484.67125509675,-36.4355139702062,1785.25078208963)
(-6513.3754990256,-207.430040802467,2019.73425890257)
(-8153.03238495089,-486.583440089086,1873.02126505256)
(-10515.028050114,-781.334632338008,625.4423072519)
(-13446.507300733,-724.299277349297,-3685.4434231978)
(-15850.1645586285,-414.92261774899,-14407.098918406)
(-13951.1423660983,-162.824251442056,-33736.2827965301)
(0,0,0)
(0,0,0)
(0,0,0)
(0,0,0)
(0,0,0)
(0,0,0)
(-4579.27612359807,318.751313268003,417.106227508369)
(-4740.43273008337,296.671470609294,828.53944359739)
(-5028.93730274622,210.850666928066,1188.51310790727)
(-5609.75334876398,-6.00000357776342,1470.23770578138)
(-6638.13197588881,-426.216467076845,1616.79884436617)
(-8235.38333968825,-1169.53157527973,1470.32524118819)
(-10559.94898,-2184.9903535902,557.951988965179)
(-13412.9999544832,-2071.72464453909,-3439.34029505356)
(-15775.5405897523,-1069.92812654304,-14136.8856247533)
(-13906.5301812922,-379.388677356692,-33516.4234388895)
(0,0,0)
(0,0,0)
(0,0,0)
(0,0,0)
(0,0,0)
(0,0,0)
(-5027.57990819442,574.901278004444,315.252489308985)
(-5154.88928192077,547.086573339871,612.163081687108)
(-5393.60772522487,452.523810204552,818.299427064755)
(-5909.41179063619,154.84582579231,855.327621910576)
(-6815.94877898082,-562.973345920386,639.536348759513)
(-8354.65737565542,-2195.48918929967,277.368276479497)
(-10927.8615348069,-5507.93975398766,518.994701090899)
(-13479.676666037,-5325.02950709054,-2507.71113316274)
(-15607.6642777383,-2160.79053266615,-13413.905816054)
(-13803.3298015192,-657.957574947162,-33012.6755565311)
(0,0,0)
(0,0,0)
(0,0,0)
(0,0,0)
(0,0,0)
(0,0,0)
(-5837.13375664563,858.900703295682,213.650514212019)
(-5923.18740041136,850.921655266958,378.717591339984)
(-6094.50359442651,780.4064058874,373.673088007135)
(-6483.23942367375,507.619395858325,-16.4318261461523)
(-7163.63671757271,-305.049290534876,-1173.41425571651)
(-8592.29403626704,-2853.26305283238,-3173.5555876153)
(-13448.025460904,-13275.5944840817,577.604320898833)
(-14470.4991767889,-13846.7483078956,609.038723537058)
(-15158.1578308631,-3203.4358035264,-11915.9374721988)
(-13557.360934644,-729.127150779585,-32302.1170110315)
(0,0,0)
(0,0,0)
(0,0,0)
(0,0,0)
(0,0,0)
(0,0,0)
(-7028.73941040939,1017.27004106992,130.741930840857)
(-7088.10681071311,1058.59784315552,166.648826042436)
(-7182.49740048055,1041.32236011445,-54.6613622897959)
(-7384.78836811448,937.858484818156,-958.432295245961)
(-7544.09151693882,622.365762934747,-3853.40182393649)
(-6890.3684304645,2.4237867167415,-13672.8401095728)
(-1.64851942117011e-05,-6.15856906438145e-06,1.20096211947257e-05)
(-961.871205824635,74.6891267692435,11247.6911040787)
(-13124.5434307794,-212.246940464799,-9442.53431431801)
(-13052.902126391,-32.5249978358464,-31588.0259078066)
(0,0,0)
(0,0,0)
(0,0,0)
(0,0,0)
(0,0,0)
(0,0,0)
(-8770.0453097901,689.014465135584,60.6381364216544)
(-8780.69016141367,756.816988953531,25.9998835640976)
(-8808.97700862843,788.187616168467,-288.963199579584)
(-8867.77503183108,852.298471748783,-1363.84915651524)
(-8708.96709149559,900.632445965214,-4522.56382058312)
(-7375.05725628081,776.267374444978,-13699.3296634238)
(-1.46716592810937e-05,-6.12195550861253e-06,6.35745310952906e-06)
(-911.85130412077,444.944568448789,10809.0956395133)
(-12617.3985068047,880.658431440617,-9364.54702884365)
(-13014.1711763881,327.286310536553,-31670.2016713377)
(0,0,0)
(0,0,0)
(0,0,0)
(0,0,0)
(0,0,0)
(0,0,0)
(-11205.9231342167,-925.961297046561,43.2001331021475)
(-11193.1798374613,-852.151798205243,-11.0588166427106)
(-11175.0850885723,-774.00639226608,-348.695116870029)
(-11102.1323200361,-555.590107661828,-1435.89568810091)
(-10722.6370419871,-117.344103770788,-4667.00466350696)
(-8849.3298149472,521.827210186155,-14472.3150469029)
(-4.02493731590345e-05,1.45228657101583e-05,1.08013394476199e-05)
(-1299.94862863474,11200.7721210628,11000.9131989065)
(-13141.126422581,1991.93532090549,-10046.9492315619)
(-13466.9791412175,79.6598419528179,-32096.999459037)
(0,0,0)
(0,0,0)
(0,0,0)
(0,0,0)
(0,0,0)
(0,0,0)
(-14018.9320321552,-5591.02845057496,27.7272937347403)
(-14005.0500203755,-5523.16709598865,-18.282990409993)
(-13988.9876981384,-5420.66534118857,-281.138436099838)
(-13873.6464509434,-5088.15228778543,-1166.0375615449)
(-13416.1833786551,-4166.83695548477,-4084.7858152315)
(-11351.8711387284,-1213.43480092733,-14847.3437688439)
(-1362.47703168051,11130.9514908424,10964.2424372458)
(-12911.1987745314,1435.12584887897,1558.47849364599)
(-16468.9383926456,-2412.20183280823,-12202.1044543451)
(-14576.7827060758,-2336.33714634187,-32361.1218832322)
(0,0,0)
(0,0,0)
(0,0,0)
(0,0,0)
(0,0,0)
(0,0,0)
(-16266.1247255439,-16441.0918939265,-7.01398097974053)
(-16266.9567559923,-16407.7126312295,-31.2134700328464)
(-16242.2702186104,-16362.2534052568,-142.445306569442)
(-16154.4290707597,-16142.8028540248,-478.795916606952)
(-15877.2588545703,-15573.4758806138,-1309.38321333402)
(-15035.9523490384,-14359.0368145943,-2634.0347683858)
(-13313.6625534799,-11989.6199593254,1052.55303629505)
(-16492.1162419964,-13083.5499528709,-2500.47100998885)
(-18064.2674695731,-12748.757026328,-12388.0038193976)
(-14938.7088535356,-8800.07480065499,-30250.7037689068)
(0,0,0)
(0,0,0)
(0,0,0)
(0,0,0)
(0,0,0)
(0,0,0)
(-14207.1427462053,-35766.3621665557,-18.4885125531767)
(-14208.1565106018,-35764.1265373392,-32.3844595382238)
(-14194.5801371291,-35791.174709366,-58.273513137848)
(-14155.5538902225,-35699.5054331781,-117.823895178562)
(-14027.6929019962,-35377.2591344714,-274.187490108007)
(-13780.9379211106,-34885.5594791858,-464.389594269948)
(-13633.8343468719,-34134.5693772922,-291.958408327316)
(-14608.3214879874,-33495.0952319934,-2373.76472430536)
(-14935.2378920182,-30778.3554183125,-8651.56249175662)
(-12002.2602441215,-21844.534176842,-21636.1574951532)
(0,0,0)
(0,0,0)
(0,0,0)
(0,0,0)
(0,0,0)
(0,0,0)
(0,0,0)
(0,0,0)
(0,0,0)
(0,0,0)
(0,0,0)
(0,0,0)
(0,0,0)
(0,0,0)
(0,0,0)
(0,0,0)
(0,0,0)
(0,0,0)
(0,0,0)
(0,0,0)
(0,0,0)
(0,0,0)
(0,0,0)
(0,0,0)
(0,0,0)
(0,0,0)
(0,0,0)
(0,0,0)
(0,0,0)
(0,0,0)
(0,0,0)
(0,0,0)
(0,0,0)
(0,0,0)
(0,0,0)
(0,0,0)
(0,0,0)
(0,0,0)
(0,0,0)
(0,0,0)
(0,0,0)
(0,0,0)
(0,0,0)
(0,0,0)
(0,0,0)
(0,0,0)
(0,0,0)
(0,0,0)
(0,0,0)
(0,0,0)
(0,0,0)
(0,0,0)
(0,0,0)
(0,0,0)
(0,0,0)
(0,0,0)
(0,0,0)
(0,0,0)
(0,0,0)
(0,0,0)
(0,0,0)
(0,0,0)
(0,0,0)
(0,0,0)
(0,0,0)
(0,0,0)
(0,0,0)
(0,0,0)
(0,0,0)
(0,0,0)
(0,0,0)
(0,0,0)
(0,0,0)
(0,0,0)
(0,0,0)
(0,0,0)
(0,0,0)
(0,0,0)
(0,0,0)
(0,0,0)
(0,0,0)
(0,0,0)
(0,0,0)
(0,0,0)
(0,0,0)
(0,0,0)
(0,0,0)
(0,0,0)
(0,0,0)
(0,0,0)
(0,0,0)
(0,0,0)
(0,0,0)
(0,0,0)
(0,0,0)
(0,0,0)
(0,0,0)
(0,0,0)
(0,0,0)
(0,0,0)
(0,0,0)
(0,0,0)
(-4609.98190107627,-55.0985900430351,301.29581538852)
(-4748.32943762938,-50.7246104735063,561.74418194325)
(-4983.35854467883,-78.4922803635296,753.825371971671)
(-5395.82255489369,-180.713777367007,845.690449137029)
(-5984.81332641173,-314.960815135835,632.089091657689)
(-6846.20912103617,-564.589054029772,-110.145118231676)
(-7967.08087495151,-861.855697636619,-1796.23659575798)
(-9046.04547275399,-743.475825074689,-5453.22259866321)
(-9177.45499033868,-377.149733401266,-11748.7824335601)
(-6647.71009172885,-148.667683035588,-18903.5470248785)
(0,0,0)
(0,0,0)
(0,0,0)
(0,0,0)
(0,0,0)
(0,0,0)
(-4847.13187872804,-43.0268224844048,255.783987571128)
(-4957.7803554248,-51.5652366444368,473.972239078286)
(-5138.38211916741,-108.861249881144,613.786025015186)
(-5468.15579783852,-293.260475085033,584.73517181372)
(-5966.86654764385,-654.081195112592,252.590123544663)
(-6639.96583636085,-1379.86344893313,-527.552984879042)
(-7496.34945662355,-2647.44278443491,-1805.56542145478)
(-8547.84853397829,-2243.11949378943,-5171.07317323185)
(-8849.15233914461,-967.001479208372,-11507.6096780406)
(-6496.44927124671,-312.405905562498,-18753.9523655492)
(0,0,0)
(0,0,0)
(0,0,0)
(0,0,0)
(0,0,0)
(0,0,0)
(-5242.16647588454,-8.94400426090093,180.503749464168)
(-5324.37855038492,-15.4640099727729,313.891791261195)
(-5440.18406055408,-68.4085471226879,320.01542383469)
(-5628.42081458832,-301.944795625968,47.7087683303488)
(-5837.14532694284,-892.468363236222,-692.707515584577)
(-5968.79696600559,-2489.61168819739,-1968.81968596032)
(-5846.27241163135,-8157.28170954029,-1540.56988402552)
(-6851.61558373314,-6435.88201455541,-3975.86844556719)
(-7901.59034669891,-1809.19490593343,-10839.7489498956)
(-6117.88491901607,-459.708084502008,-18377.8916534686)
(0,0,0)
(0,0,0)
(0,0,0)
(0,0,0)
(0,0,0)
(0,0,0)
(-5866.29769364892,-86.4919308370167,106.711863582072)
(-5909.79849235977,-68.2305504460307,146.089495998061)
(-5925.39802755466,-81.1939949257158,-10.2306230694558)
(-5924.44293322801,-220.574582901743,-650.397326241198)
(-5683.29536333745,-599.05763391514,-2424.14940980866)
(-4614.73142500832,-1150.8997908344,-7740.42391843018)
(-7.90359441623302e-06,-3.53988847218862e-06,5.03592861722562e-06)
(-1118.97297267475,-495.936341549083,619.176290209697)
(-5507.6322499418,-1306.08840221731,-9534.45579442906)
(-5332.27669224935,-288.698463208539,-17930.549658135)
(0,0,0)
(0,0,0)
(0,0,0)
(0,0,0)
(0,0,0)
(0,0,0)
(-6754.42048829826,-416.106928822772,55.2960758769326)
(-6755.89365345454,-356.432794755214,11.285162921146)
(-6667.28660766637,-314.517023027188,-270.602601795087)
(-6460.41376201102,-293.705627329308,-1121.84616347457)
(-5814.36978125572,-357.894005617019,-3092.73152744459)
(-4098.64309184318,-403.625979733193,-6631.73067714555)
(1.17588099663259e-07,-1.02959236833557e-06,-2.06856195678322e-05)
(-1.54306709999848e-05,-3.43851112995203e-06,-1.07436762665385e-06)
(-535.83752806515,223.521120710207,-8542.26354933849)
(-4158.00510118006,-16.7604925852664,-17709.0985451488)
(0,0,0)
(0,0,0)
(0,0,0)
(0,0,0)
(0,0,0)
(0,0,0)
(-7871.3546546848,-1328.01811834493,13.220534415439)
(-7803.21050690175,-1257.53493878134,-63.1569760701264)
(-7640.16742435101,-1173.42161235839,-373.061971017943)
(-7286.95969115943,-999.553736315363,-1248.02920270385)
(-6377.14397928016,-758.156931558371,-3179.58938896742)
(-4277.83901557802,-434.898448340886,-6245.53516105635)
(-9.8401418821409e-07,-2.01276819567587e-06,-1.40081991569775e-05)
(-1.1987172996063e-05,-5.59311369468983e-06,-9.91658953849983e-08)
(-589.791391812947,360.422499120098,-8945.64239794165)
(-4009.2473421979,-104.725019510761,-17862.6017052093)
(0,0,0)
(0,0,0)
(0,0,0)
(0,0,0)
(0,0,0)
(0,0,0)
(-9125.02633908954,-3444.86889735972,35.9539838888641)
(-9027.39856094691,-3355.29106765259,-32.0711637517568)
(-8824.73605935357,-3220.91042322472,-334.931382111503)
(-8387.01663161811,-2913.98019541233,-1135.62061142713)
(-7343.82163366333,-2358.76570628206,-2913.82724502581)
(-4914.50109489781,-1409.40229920944,-5874.15211422574)
(-2.76549418981274e-06,-2.36432794035134e-05,-1.69651569090876e-05)
(-2.1425240566812e-05,-3.91297647300287e-07,-7.09857593383226e-07)
(-913.388365019261,-1130.48780289181,-9611.03450022468)
(-4338.46881005354,-937.361015185182,-17906.9088357178)
(0,0,0)
(0,0,0)
(0,0,0)
(0,0,0)
(0,0,0)
(0,0,0)
(-10057.7679839955,-7452.60264243624,46.5696969101847)
(-9969.18159457817,-7364.12715116124,19.5373546146006)
(-9787.11624716912,-7210.46953172115,-192.774987851067)
(-9364.08769233228,-6846.71744418737,-769.596497680851)
(-8348.41447212253,-6064.493830452,-2131.63728003601)
(-5804.22484180495,-4261.11829317411,-4827.56758300138)
(-2.60781042748415e-05,3.92117367736087e-07,1.45254258615571e-06)
(-503.694648997984,-1585.1362876702,-1408.66314567733)
(-5627.69130915406,-3664.00723729301,-9716.39079476208)
(-5492.41622086398,-2532.4830424445,-17205.63525273)
(0,0,0)
(0,0,0)
(0,0,0)
(0,0,0)
(0,0,0)
(0,0,0)
(-9893.05611137904,-13860.9079880833,35.2367314847138)
(-9839.79610207738,-13797.8995826544,41.8485090569825)
(-9688.88769859396,-13684.1715023039,-37.8320403797592)
(-9370.34278292665,-13449.1415235251,-219.494248875978)
(-8619.63367828686,-13018.4693160282,-523.143939578026)
(-6612.54654209096,-12375.6355692491,-832.032470441446)
(-752.854371933732,-11555.09365466,-1841.39198860289)
(-5615.83588003558,-10560.0985941409,-3742.71004410778)
(-7412.54661617096,-9163.26885727468,-8895.16927752978)
(-5783.24319155126,-5638.11894306346,-14944.9990388868)
(0,0,0)
(0,0,0)
(0,0,0)
(0,0,0)
(0,0,0)
(0,0,0)
(-7013.4046374198,-21066.7268361381,12.080739260395)
(-6994.48158947647,-21019.5007454271,20.0069808963514)
(-6921.31115981119,-20939.9784968565,2.5449981198783)
(-6769.94834319436,-20814.3239634275,-17.8781090149649)
(-6422.36824824491,-20573.8166931155,-67.8553856575503)
(-5704.54413079295,-20265.3487672045,-254.535978023093)
(-4634.35920185174,-19683.0596365081,-1126.04514121578)
(-5548.61981239132,-18194.0084999942,-2551.83691096618)
(-5785.07476882564,-15315.0237640301,-5550.24512742491)
(-4219.20052216975,-9538.57519887423,-9432.84859357645)
(0,0,0)
(0,0,0)
(0,0,0)
(0,0,0)
(0,0,0)
(0,0,0)
(0,0,0)
(0,0,0)
(0,0,0)
(0,0,0)
(0,0,0)
(0,0,0)
(0,0,0)
(0,0,0)
(0,0,0)
(0,0,0)
(0,0,0)
(0,0,0)
(0,0,0)
(0,0,0)
(0,0,0)
(0,0,0)
(0,0,0)
(0,0,0)
(0,0,0)
(0,0,0)
(0,0,0)
(0,0,0)
(0,0,0)
(0,0,0)
(0,0,0)
(0,0,0)
(0,0,0)
(0,0,0)
(0,0,0)
(0,0,0)
(0,0,0)
(0,0,0)
(0,0,0)
(0,0,0)
(0,0,0)
(0,0,0)
(0,0,0)
(0,0,0)
(0,0,0)
(0,0,0)
(0,0,0)
(0,0,0)
(0,0,0)
(0,0,0)
(0,0,0)
(0,0,0)
(0,0,0)
(0,0,0)
(0,0,0)
(0,0,0)
(0,0,0)
(0,0,0)
(0,0,0)
(0,0,0)
(0,0,0)
(0,0,0)
(0,0,0)
(0,0,0)
(0,0,0)
(0,0,0)
(0,0,0)
(0,0,0)
(0,0,0)
(0,0,0)
(0,0,0)
(0,0,0)
(0,0,0)
(0,0,0)
(0,0,0)
(0,0,0)
(0,0,0)
(0,0,0)
(0,0,0)
(0,0,0)
(0,0,0)
(0,0,0)
(0,0,0)
(0,0,0)
(0,0,0)
(0,0,0)
(0,0,0)
(0,0,0)
(0,0,0)
(0,0,0)
(0,0,0)
(0,0,0)
(0,0,0)
(0,0,0)
(0,0,0)
(0,0,0)
(0,0,0)
(0,0,0)
(0,0,0)
(0,0,0)
(0,0,0)
(0,0,0)
(-4680.28889821383,-105.627136803762,175.934133946798)
(-4751.77864384903,-104.076124905567,283.459465073264)
(-4913.64999368844,-115.353208182985,329.104122264844)
(-5149.01967420154,-177.75518453174,260.05642610404)
(-5406.19792868521,-226.454032694536,-92.1049389305279)
(-5695.37769185094,-314.479904419732,-928.45646369032)
(-6016.507435408,-410.768709527831,-2468.26119371587)
(-6173.36763094824,-282.668193108704,-5058.27084241395)
(-5596.13597452455,-93.9308565978316,-8545.65900160179)
(-3612.11115927778,-36.5863526876029,-11544.671581424)
(0,0,0)
(0,0,0)
(0,0,0)
(0,0,0)
(0,0,0)
(0,0,0)
(-4887.6014133951,-204.134403288089,138.976801154872)
(-4956.60012815451,-207.882829071035,241.603278052145)
(-5066.46304302594,-230.492855798715,284.823849531298)
(-5205.39961729073,-316.233599136496,160.546083585177)
(-5332.12249270793,-447.047362717657,-253.604641326133)
(-5427.47363429328,-696.445607434132,-1084.13114037957)
(-5515.49135016966,-1071.37131946547,-2404.38663689273)
(-5693.79927019805,-629.678738222238,-4911.42535556323)
(-5303.44626167383,-82.9821573232162,-8468.08013229065)
(-3475.01672464746,21.2032634613585,-11547.3022950474)
(0,0,0)
(0,0,0)
(0,0,0)
(0,0,0)
(0,0,0)
(0,0,0)
(-5212.92989622707,-326.318332496229,92.9473495548335)
(-5265.92449854951,-320.735769476645,147.346238126664)
(-5315.7185005652,-329.451350549282,121.839172891187)
(-5307.00646418859,-395.188413509871,-120.620363140111)
(-5142.56923452614,-587.88926992793,-674.354548347414)
(-4699.41120839824,-1097.46008995925,-1542.72582343661)
(-3969.4979198055,-2530.73558884393,-1960.13604588344)
(-4226.2465405148,-829.569424680034,-4385.61440264417)
(-4530.66457918254,504.007534181682,-8343.52986167335)
(-3160.86939069537,268.748532637991,-11548.0906591593)
(0,0,0)
(0,0,0)
(0,0,0)
(0,0,0)
(0,0,0)
(0,0,0)
(-5657.65589452931,-598.604295319475,63.6441636980125)
(-5666.18185123872,-563.824148802551,63.115901906686)
(-5631.16042640894,-532.189421365855,-28.383628421918)
(-5433.67698241112,-512.376334068756,-401.961658678551)
(-4866.75414314748,-553.254151507091,-1253.13799728605)
(-3448.14737713076,-562.115058437905,-2955.06707668493)
(-5.26699922989563e-06,-3.51366449622663e-06,-1.02474073371434e-06)
(-257.162544710925,388.450305397638,-3046.29569589001)
(-2963.42131978923,3553.89704205625,-8640.39613392397)
(-2632.96541802786,831.981333890757,-11902.9402093841)
(0,0,0)
(0,0,0)
(0,0,0)
(0,0,0)
(0,0,0)
(0,0,0)
(-6259.40783336658,-1144.57541240117,50.9584621561212)
(-6211.10100547285,-1080.15703435182,22.4986997248511)
(-6074.26344706225,-999.023349249886,-103.690532996544)
(-5680.52193969557,-879.903317611473,-516.055371771605)
(-4811.35709351066,-743.918523979893,-1328.4036870432)
(-3075.30729891584,-501.319764014005,-2412.53477439558)
(-1.02008819680609e-07,-9.78830353363584e-07,-3.00927576561016e-06)
(-1.39227661335086e-05,-2.10263039591425e-06,-2.35044276537552e-06)
(-795.527734756818,164.985881312992,-11468.7060325763)
(-2069.37648390856,144.825592685454,-12870.1789086324)
(0,0,0)
(0,0,0)
(0,0,0)
(0,0,0)
(0,0,0)
(0,0,0)
(-6856.2700727165,-2194.47821679081,34.8182224187754)
(-6732.92046833805,-2134.5409755534,18.9121250544975)
(-6521.26203241266,-2024.38766157253,-74.6289545656268)
(-6033.82005209347,-1793.28945936301,-414.382451880551)
(-5002.72709878265,-1435.62570323787,-1097.09215311811)
(-3098.20249183746,-872.05617326531,-1905.99226760979)
(-1.02634943671223e-06,-1.44371574190049e-06,-2.01444568494244e-13)
(-9.97435363370399e-06,-1.95525200750845e-06,-2.16019795220858e-06)
(-707.645595100795,108.776254548429,-11691.0127870991)
(-1966.98403092835,-372.972984913547,-13215.4775207679)
(0,0,0)
(0,0,0)
(0,0,0)
(0,0,0)
(0,0,0)
(0,0,0)
(-7327.64007686606,-4047.29789292111,55.4334138938939)
(-7190.48416162161,-3978.80996937083,62.7880083855056)
(-6944.8450190786,-3846.50048013069,5.00978667076013)
(-6440.41572763494,-3551.20127192051,-183.679304752827)
(-5369.69017046111,-3020.70647308054,-572.729998113767)
(-3343.71118275694,-1988.73228226504,-1026.84380125136)
(-2.39002215530738e-06,-2.04472678061444e-06,-2.19071339587957e-13)
(-1.79442826089117e-05,-8.56351056778947e-07,-4.57985912770049e-06)
(-627.029485558562,-5589.25324315468,-12399.811184526)
(-2106.26361111312,-1969.40075510101,-13035.5886133045)
(0,0,0)
(0,0,0)
(0,0,0)
(0,0,0)
(0,0,0)
(0,0,0)
(-7309.28908417744,-6868.78604180189,73.0092490651506)
(-7192.31390385162,-6806.39913841837,123.730727392952)
(-6962.23614553097,-6692.30645939993,144.65660502337)
(-6517.37962221612,-6435.12750868382,181.874771670007)
(-5600.66112120711,-5908.81205108557,322.226998759488)
(-3705.15921785423,-4580.64483497246,815.07392751806)
(-2.33332782906155e-05,-3.52369872611198e-06,-1.03030628181362e-06)
(-340.389477898462,-6233.42895382808,-6008.19974613781)
(-2956.89483748072,-5151.95138485988,-9116.29807609651)
(-2609.33998726364,-2657.36207998264,-11311.4129848071)
(0,0,0)
(0,0,0)
(0,0,0)
(0,0,0)
(0,0,0)
(0,0,0)
(-6387.8675920909,-10450.0172988267,76.0427377411788)
(-6303.3959368836,-10411.8423517364,145.085785855059)
(-6127.77539105136,-10345.309568195,236.976587100646)
(-5832.1009969353,-10256.599646338,520.206938777526)
(-5233.56283826008,-10250.8660058296,1476.19005349202)
(-3929.7016600771,-10887.6288127558,5100.32914925531)
(-334.940018521607,-14850.4889392338,-6434.47763493841)
(-2976.80131181656,-10042.359525299,-5264.58163167792)
(-3674.04875659845,-7189.72959380313,-6965.3012823061)
(-2627.07077201051,-3884.21279934503,-8894.62298250445)
(0,0,0)
(0,0,0)
(0,0,0)
(0,0,0)
(0,0,0)
(0,0,0)
(-3998.21567215554,-13507.8654463401,42.6591822550051)
(-3960.31873617036,-13488.8609081933,85.5148854076022)
(-3881.95195485615,-13448.2458306007,149.091942856075)
(-3741.67231650998,-13442.8781734939,307.094443321008)
(-3458.7676455574,-13529.4894169025,622.117251713738)
(-2983.24222548791,-13864.3792343756,877.565768021744)
(-2315.26365067433,-14400.2479048287,-1891.77081755699)
(-2666.22234307472,-12156.2774287192,-2660.2503834535)
(-2628.24975472452,-9164.95479729609,-3841.85019405906)
(-1764.62256691308,-5113.61055655154,-5067.03039211081)
(0,0,0)
(0,0,0)
(0,0,0)
(0,0,0)
(0,0,0)
(0,0,0)
(0,0,0)
(0,0,0)
(0,0,0)
(0,0,0)
(0,0,0)
(0,0,0)
(0,0,0)
(0,0,0)
(0,0,0)
(0,0,0)
(0,0,0)
(0,0,0)
(0,0,0)
(0,0,0)
(0,0,0)
(0,0,0)
(0,0,0)
(0,0,0)
(0,0,0)
(0,0,0)
(0,0,0)
(0,0,0)
(0,0,0)
(0,0,0)
(0,0,0)
(0,0,0)
(0,0,0)
(0,0,0)
(0,0,0)
(0,0,0)
(0,0,0)
(0,0,0)
(0,0,0)
(0,0,0)
(0,0,0)
(0,0,0)
(0,0,0)
(0,0,0)
(0,0,0)
(0,0,0)
(0,0,0)
(0,0,0)
(0,0,0)
(0,0,0)
(0,0,0)
(0,0,0)
(0,0,0)
(0,0,0)
(0,0,0)
(0,0,0)
(0,0,0)
(0,0,0)
(0,0,0)
(0,0,0)
(0,0,0)
(0,0,0)
(0,0,0)
(0,0,0)
(0,0,0)
(0,0,0)
(0,0,0)
(0,0,0)
(0,0,0)
(0,0,0)
(0,0,0)
(0,0,0)
(0,0,0)
(0,0,0)
(0,0,0)
(0,0,0)
(0,0,0)
(0,0,0)
(0,0,0)
(0,0,0)
(0,0,0)
(0,0,0)
(0,0,0)
(0,0,0)
(0,0,0)
(0,0,0)
(0,0,0)
(0,0,0)
(0,0,0)
(0,0,0)
(0,0,0)
(0,0,0)
(0,0,0)
(0,0,0)
(0,0,0)
(0,0,0)
(0,0,0)
(0,0,0)
(0,0,0)
(0,0,0)
(0,0,0)
(0,0,0)
(-4664.98949726193,-118.441080474622,103.14167951415)
(-4696.49042413493,-109.289528607696,157.142988404374)
(-4821.98226751029,-85.4962642970178,150.971526525464)
(-4945.83242388676,-95.8133283962995,43.5976046099409)
(-4977.07967814579,-72.8447095560071,-312.675936372452)
(-4955.91209625945,5.83604712547763,-1057.97757908989)
(-4879.05467361294,107.550804941146,-2302.98114581991)
(-4613.95435574166,209.641547905521,-4072.03596893014)
(-3820.74494907988,189.846686183538,-6037.27368056244)
(-2267.82455805241,76.8258657111338,-7458.38614748526)
(0,0,0)
(0,0,0)
(0,0,0)
(0,0,0)
(0,0,0)
(0,0,0)
(-4822.16846131905,-264.562876851106,80.6888442981495)
(-4884.37435599781,-246.646516911561,145.820060446109)
(-4968.54522837791,-204.668075124828,167.074056620204)
(-5019.66571310923,-187.192424729188,72.7192487715938)
(-4962.0278483378,-106.818978868158,-263.401126288531)
(-4812.73787885909,107.174583458462,-979.475418063841)
(-4602.59320225499,459.052194622599,-2243.87495567069)
(-4433.56989626605,804.271914248795,-4098.73469595712)
(-3734.49696689366,642.381228732658,-6120.21853328878)
(-2227.06528954966,283.298058960442,-7574.64216162845)
(0,0,0)
(0,0,0)
(0,0,0)
(0,0,0)
(0,0,0)
(0,0,0)
(-5101.25531875625,-439.374935957513,63.1374816334015)
(-5162.29429216399,-405.515984550405,118.376742881924)
(-5196.52904627843,-347.176664915673,141.695878384468)
(-5136.98234112688,-280.839466880621,65.3187974752816)
(-4893.63694315707,-126.918550610727,-163.51392215412)
(-4379.78514105606,273.646531710931,-649.611937746081)
(-3644.67450883333,1358.73776479363,-1874.12091889701)
(-4082.60796056638,3033.7826144221,-4247.27019902151)
(-3641.08125912016,1980.85448891495,-6475.32677924859)
(-2184.02627203155,724.276564034514,-7893.14840299277)
(0,0,0)
(0,0,0)
(0,0,0)
(0,0,0)
(0,0,0)
(0,0,0)
(-5398.34458475478,-765.289541046826,66.6032953142524)
(-5415.84108343459,-699.627059163202,110.373602118728)
(-5395.76601836522,-618.039894287949,145.842423445124)
(-5199.72021381461,-509.62659445082,140.67278242227)
(-4697.40596201021,-326.792743701337,171.198794383821)
(-3456.97660165529,-50.8590174129478,504.533568033135)
(6.23388606118542e-07,-7.71425904591725e-06,6.49931429665318e-07)
(-4256.33985438142,379.900168181294,-5257.77531172395)
(-4057.58889863109,5611.46441446924,-7794.21765842567)
(-2287.20540084655,1342.22317276801,-8757.92428433682)
(0,0,0)
(0,0,0)
(0,0,0)
(0,0,0)
(0,0,0)
(0,0,0)
(-5747.55903876653,-1352.40761549989,75.269279846345)
(-5707.13102972909,-1268.26148150355,139.933726449547)
(-5598.71894350115,-1163.84794940269,210.197278005233)
(-5252.12248629903,-1007.98154179065,280.15277195231)
(-4534.22464324226,-757.151162802867,433.378740778135)
(-3027.41275102835,-394.547891250943,729.173066727899)
(-4.12507504834113e-06,-1.02612522201513e-06,-2.96133485237137e-06)
(-7.93128011537714e-06,-3.39130661825853e-06,-4.93386107364512e-06)
(-7369.86211583005,249.312382729131,-12179.6943754422)
(-2861.83829302214,238.53703294994,-10283.5464264976)
(0,0,0)
(0,0,0)
(0,0,0)
(0,0,0)
(0,0,0)
(0,0,0)
(-6000.72764677454,-2277.53280755859,69.5827661189523)
(-5894.59920505937,-2217.06137615944,180.061397504437)
(-5725.03047882659,-2110.16261781414,330.144512329325)
(-5341.71041712328,-1889.10013800557,519.153473574483)
(-4539.0015658856,-1528.34665931433,826.623437191176)
(-2968.62142211083,-947.963769963686,1250.45824617666)
(-9.72170594038186e-07,-9.95152620834378e-07,1.20846094993241e-14)
(-5.90436528169775e-06,-2.46837262241744e-06,-4.99292233576281e-06)
(-7326.83618695498,289.572078464612,-12440.0722957778)
(-2968.66228020966,-446.587136047318,-10753.2698774918)
(0,0,0)
(0,0,0)
(0,0,0)
(0,0,0)
(0,0,0)
(0,0,0)
(-6005.26717473505,-3675.56207636178,75.656366682836)
(-5913.24521718451,-3630.52043971904,211.876485800042)
(-5730.57522004102,-3542.38144331015,429.825512256282)
(-5371.38803022785,-3325.18322279542,796.880899636864)
(-4608.09910368571,-2937.67483114946,1444.61800470064)
(-3098.75585593681,-2105.90923474007,2357.60814265148)
(-1.86083571814469e-06,-1.0043289612397e-06,-1.84701985791605e-15)
(-9.52284977885506e-06,-2.48713677887661e-06,-8.40266867544478e-06)
(-8441.93047150549,-7678.25337351049,-13490.7777628523)
(-3093.66314189272,-2350.875167173,-10599.0902009459)
(0,0,0)
(0,0,0)
(0,0,0)
(0,0,0)
(0,0,0)
(0,0,0)
(-5536.03200748308,-5553.55736006785,104.738207017708)
(-5465.18502649229,-5516.01650436297,263.105394307715)
(-5306.05397972707,-5458.06028498084,522.602070173477)
(-5042.28683092887,-5340.04216514705,1062.36822123477)
(-4570.23419448369,-5146.02325549465,2240.28971885379)
(-3609.74259039849,-4468.9924779948,4507.95633465302)
(-1.28117864722362e-05,-7.97097693128746e-06,-2.5948417695904e-06)
(-6724.89703210419,-8579.31630443959,-8269.01317587984)
(-4728.93825548785,-5663.8095401527,-8511.41359123186)
(-2407.75003399437,-2559.33906200265,-8504.53964967258)
(0,0,0)
(0,0,0)
(0,0,0)
(0,0,0)
(0,0,0)
(0,0,0)
(-4473.6910695946,-7582.15783634584,114.423953775895)
(-4398.72929874855,-7558.92415363122,252.664964909517)
(-4278.5776109358,-7554.08395509052,499.490854902552)
(-4167.43905541042,-7616.18320934777,1110.96995757664)
(-4132.01703180726,-7974.38093969438,2837.78183532505)
(-4882.68044058691,-9501.87686923075,8823.64500706046)
(-10738.258913618,-16441.7008298881,-8804.78737480984)
(-5173.91625031099,-9456.61601267297,-5730.37272807264)
(-3396.31114166377,-5948.44034338907,-5723.47953978609)
(-1842.71661135313,-2925.12314533923,-6142.04961709958)
(0,0,0)
(0,0,0)
(0,0,0)
(0,0,0)
(0,0,0)
(0,0,0)
(-2582.77152122057,-9061.98516596787,64.3831786905132)
(-2545.56902495607,-9050.51240659931,141.221720447589)
(-2500.31403593362,-9080.24604033913,285.745886772625)
(-2456.80890293928,-9186.36020084341,571.059464699291)
(-2447.93210739737,-9531.87056033926,1117.71354717718)
(-2671.80072864992,-10325.1767910082,1629.57197212619)
(-3483.97160758862,-11571.3734628196,-2072.04743802821)
(-2573.17698805208,-9131.95033371238,-2489.75847201609)
(-1878.75121190247,-6316.98102752967,-2870.71633069547)
(-1064.87260875492,-3255.00366357588,-3240.58577061609)
(0,0,0)
(0,0,0)
(0,0,0)
(0,0,0)
(0,0,0)
(0,0,0)
(0,0,0)
(0,0,0)
(0,0,0)
(0,0,0)
(0,0,0)
(0,0,0)
(0,0,0)
(0,0,0)
(0,0,0)
(0,0,0)
(0,0,0)
(0,0,0)
(0,0,0)
(0,0,0)
(0,0,0)
(0,0,0)
(0,0,0)
(0,0,0)
(0,0,0)
(0,0,0)
(0,0,0)
(0,0,0)
(0,0,0)
(0,0,0)
(0,0,0)
(0,0,0)
(0,0,0)
(0,0,0)
(0,0,0)
(0,0,0)
(0,0,0)
(0,0,0)
(0,0,0)
(0,0,0)
(0,0,0)
(0,0,0)
(0,0,0)
(0,0,0)
(0,0,0)
(0,0,0)
(0,0,0)
(0,0,0)
(0,0,0)
(0,0,0)
(0,0,0)
(0,0,0)
(0,0,0)
(0,0,0)
(0,0,0)
(0,0,0)
(0,0,0)
(0,0,0)
(0,0,0)
(0,0,0)
(0,0,0)
(0,0,0)
(0,0,0)
(0,0,0)
(0,0,0)
(0,0,0)
(0,0,0)
(0,0,0)
(0,0,0)
(0,0,0)
(0,0,0)
(0,0,0)
(0,0,0)
(0,0,0)
(0,0,0)
(0,0,0)
(0,0,0)
(0,0,0)
(0,0,0)
(0,0,0)
(0,0,0)
(0,0,0)
(0,0,0)
(0,0,0)
(0,0,0)
(0,0,0)
(0,0,0)
(0,0,0)
(0,0,0)
(0,0,0)
(0,0,0)
(0,0,0)
(0,0,0)
(0,0,0)
(0,0,0)
(0,0,0)
(0,0,0)
(0,0,0)
(0,0,0)
(0,0,0)
(0,0,0)
(0,0,0)
(-4619.142785723,-94.589544500379,48.742832965457)
(-4683.57461012175,-63.6858981917846,99.5129171427977)
(-4797.24900793878,-24.8970570380024,99.6767146047784)
(-4850.69639908957,13.0413432559447,-8.50065344902263)
(-4784.22581441214,89.1607551835623,-290.515272365732)
(-4626.53072457277,239.907804011236,-859.804448066125)
(-4377.57544186665,429.527372976938,-1790.81105279067)
(-3871.50251214327,400.892019984481,-2934.15491637021)
(-2969.86507927659,262.258769146715,-4047.29355532531)
(-1649.77668610056,96.9652264313429,-4762.30665370323)
(0,0,0)
(0,0,0)
(0,0,0)
(0,0,0)
(0,0,0)
(0,0,0)
(-4749.31089864388,-225.687874853258,58.240767674783)
(-4840.87709686921,-178.20564229924,129.26325265589)
(-4918.16578567865,-105.324207038491,159.310959959856)
(-4942.15499610223,-1.91812530674363,96.7597115128342)
(-4876.94921279805,232.425173039382,-131.583341879678)
(-4721.02330379819,705.803328535228,-689.193441459725)
(-4484.70854327296,1485.12976077561,-1862.68048824205)
(-3975.88958350939,1173.55692309171,-3093.02570409106)
(-3069.7671926473,722.67508043828,-4218.17178963216)
(-1693.71091664675,297.160446987141,-4951.72138309464)
(0,0,0)
(0,0,0)
(0,0,0)
(0,0,0)
(0,0,0)
(0,0,0)
(-5029.58557062854,-369.524215639273,72.1665926591185)
(-5105.71149229064,-319.813665447868,157.191815932507)
(-5137.59252120389,-242.845798797221,235.776882621743)
(-5110.55074620307,-82.6097205513591,290.036882947076)
(-5020.92148623603,332.043692840639,317.702906226542)
(-4883.99678143534,1405.5706744935,122.147200647493)
(-4915.75162309983,5030.61929097942,-2152.26521527997)
(-4344.03423575326,2854.38374795039,-3571.66576494644)
(-3333.11642450142,1545.30256494215,-4702.25808406942)
(-1807.95647001707,585.018373155959,-5366.18581225423)
(0,0,0)
(0,0,0)
(0,0,0)
(0,0,0)
(0,0,0)
(0,0,0)
(-5229.53080505846,-636.848747488023,98.5107521561798)
(-5268.2720790518,-578.340402974766,209.468485309331)
(-5284.8283687513,-502.429927418033,358.114964318511)
(-5215.08709846668,-343.379606173084,634.251734585546)
(-5124.07479946516,30.6421939517079,1362.32207092571)
(-5136.21802656265,630.59348598045,3816.54068434123)
(-7044.76566294187,519.122561974682,-4242.05389298587)
(-5434.09183500071,4677.96125062329,-4887.87941503931)
(-3984.89039770866,2326.65204598257,-5741.92739701455)
(-2069.33850806402,765.461928958953,-6140.237845585)
(0,0,0)
(0,0,0)
(0,0,0)
(0,0,0)
(0,0,0)
(0,0,0)
(-5381.5893472205,-1131.71655292274,128.898113892687)
(-5379.36086099051,-1074.68483579301,297.472377968095)
(-5356.95888916868,-991.323280572766,544.60567678436)
(-5218.49655581149,-829.04169843563,996.641838553929)
(-4959.86267844638,-535.852789999693,1988.77485771966)
(-4096.95169188819,-156.479926989707,3845.38721154472)
(-5.14147239135742e-06,-3.13121489089015e-06,5.0740420114943e-06)
(-7465.08479330258,177.395568777889,-7247.68638163719)
(-5271.98014064549,391.285589565966,-7410.20190040532)
(-2520.42552628402,143.858197384738,-7130.01093555858)
(0,0,0)
(0,0,0)
(0,0,0)
(0,0,0)
(0,0,0)
(0,0,0)
(-5399.15472109365,-1870.03778974283,136.748311137334)
(-5351.78956227066,-1835.61611144985,354.869944004395)
(-5305.70088430581,-1763.14309762872,707.360166543047)
(-5164.96365597856,-1593.77321291278,1295.34491987424)
(-4866.86387435282,-1342.67014751056,2430.0245858506)
(-3963.78950169612,-931.008522034502,4199.72126047879)
(-5.26292390070808e-06,-1.3060504911267e-06,3.23549138151637e-06)
(-7366.29257134758,400.933831923266,-7163.74564045238)
(-5591.04267046996,-649.123901198704,-7859.12966615948)
(-2673.20590539412,-501.010907100536,-7509.71693649276)
(0,0,0)
(0,0,0)
(0,0,0)
(0,0,0)
(0,0,0)
(0,0,0)
(-5145.89242006355,-2873.59100808407,144.178463662575)
(-5110.54789886253,-2864.79833673459,370.663370622758)
(-5054.84478897954,-2837.76081066589,769.550652598629)
(-4954.41077257344,-2735.39478055633,1494.19496258122)
(-4765.17521010014,-2638.60418384186,2947.20510532157)
(-4146.29189262752,-2432.1559387506,5495.88855873628)
(-1.07488310004017e-05,5.10944125024683e-06,3.71074322731699e-06)
(-8719.00507291083,-6344.11657249758,-8448.91667241707)
(-5809.30665370225,-3749.42951289985,-7981.23487851508)
(-2679.71513740699,-1584.74816554882,-7311.44562455425)
(0,0,0)
(0,0,0)
(0,0,0)
(0,0,0)
(0,0,0)
(0,0,0)
(-4513.14583857136,-4063.20869676451,166.731519765954)
(-4486.90422364968,-4065.95874497961,389.611125168032)
(-4450.0462068746,-4062.14812195638,757.990663601095)
(-4441.22029989926,-4077.68459096355,1499.21394297708)
(-4597.33626669193,-4325.08152653378,3212.79335788198)
(-5520.67010613918,-5446.60383885642,8138.16877374045)
(-10441.8023235357,-10505.6678741754,-6666.10018730423)
(-6834.80381117414,-6739.00131289895,-6161.30866783189)
(-4432.51021489098,-4141.9418337339,-6065.22438758706)
(-2167.40058861777,-1923.55126102584,-5966.7707374949)
(0,0,0)
(0,0,0)
(0,0,0)
(0,0,0)
(0,0,0)
(0,0,0)
(-3469.64958246434,-5203.96816379167,136.717979898828)
(-3410.82682034727,-5224.9684374665,307.825193981515)
(-3372.80537714896,-5249.07640429399,588.981242537711)
(-3425.07785863901,-5358.75704425694,1127.6924990651)
(-3665.44787938206,-5754.25844945167,2090.30026955647)
(-4438.06586153378,-6826.53631301233,3025.61816466239)
(-6284.94508715837,-8833.0203498299,-3100.34318613724)
(-4592.24723822892,-6585.42058431257,-3835.59292681698)
(-3042.22868026255,-4272.46137445033,-4059.15584749492)
(-1530.88663201806,-2091.81051063359,-4202.72657720968)
(0,0,0)
(0,0,0)
(0,0,0)
(0,0,0)
(0,0,0)
(0,0,0)
(-1893.32453007776,-5956.72670348913,63.3115485546814)
(-1865.78523262286,-5995.52966252636,154.088981280598)
(-1859.5458297881,-6053.52164395715,317.766014791544)
(-1895.27825659648,-6169.63681173794,567.115135930275)
(-2021.26085801444,-6506.92575522606,893.111192328873)
(-2319.01861838951,-7125.46133379107,839.254102851458)
(-2754.94629504991,-7658.50685633381,-1064.28470319267)
(-2246.74764801454,-6264.41253297984,-1711.72209456128)
(-1577.98355961475,-4301.85648394573,-1983.09463735689)
(-828.70535642801,-2175.4926909731,-2135.57970934971)
(0,0,0)
(0,0,0)
(0,0,0)
(0,0,0)
(0,0,0)
(0,0,0)
(0,0,0)
(0,0,0)
(0,0,0)
(0,0,0)
(0,0,0)
(0,0,0)
(0,0,0)
(0,0,0)
(0,0,0)
(0,0,0)
(0,0,0)
(0,0,0)
(0,0,0)
(0,0,0)
(0,0,0)
(0,0,0)
(0,0,0)
(0,0,0)
(0,0,0)
(0,0,0)
(0,0,0)
(0,0,0)
(0,0,0)
(0,0,0)
(0,0,0)
(0,0,0)
(0,0,0)
(0,0,0)
(0,0,0)
(0,0,0)
(0,0,0)
(0,0,0)
(0,0,0)
(0,0,0)
(0,0,0)
(0,0,0)
(0,0,0)
(0,0,0)
(0,0,0)
(0,0,0)
(0,0,0)
(0,0,0)
(0,0,0)
(0,0,0)
(0,0,0)
(0,0,0)
(0,0,0)
(0,0,0)
(0,0,0)
(0,0,0)
(0,0,0)
(0,0,0)
(0,0,0)
(0,0,0)
(0,0,0)
(0,0,0)
(0,0,0)
(0,0,0)
(0,0,0)
(0,0,0)
(0,0,0)
(0,0,0)
(0,0,0)
(0,0,0)
(0,0,0)
(0,0,0)
(0,0,0)
(0,0,0)
(0,0,0)
(0,0,0)
(0,0,0)
(0,0,0)
(0,0,0)
(0,0,0)
(0,0,0)
(0,0,0)
(0,0,0)
(0,0,0)
(0,0,0)
(0,0,0)
(0,0,0)
(0,0,0)
(0,0,0)
(0,0,0)
(0,0,0)
(0,0,0)
(0,0,0)
(0,0,0)
(0,0,0)
(0,0,0)
(0,0,0)
(0,0,0)
(0,0,0)
(0,0,0)
(0,0,0)
(0,0,0)
(-4640.12446438197,-50.4652888543712,71.4469675086905)
(-4703.60447914749,-23.3379912825462,114.814827817371)
(-4785.75093930184,6.12636226481999,97.1903969231963)
(-4796.93195228291,71.0805721032227,-27.6546219939115)
(-4748.85365606775,156.448665335723,-219.475445676109)
(-4544.87492552822,274.412835981811,-575.544080696094)
(-4182.16454728079,409.758910764277,-1180.71388604531)
(-3534.80875673518,354.760392768595,-1872.16803421707)
(-2590.00134062832,237.137568519643,-2489.16934138664)
(-1394.20902708868,87.3107463989652,-2832.04774679665)
(0,0,0)
(0,0,0)
(0,0,0)
(0,0,0)
(0,0,0)
(0,0,0)
(-4727.16464890202,-143.615343494326,71.0038048985193)
(-4821.10258476927,-99.69490908856,127.586210599359)
(-4885.45326734842,-39.7774711371147,140.77752567142)
(-4905.03393112416,99.6487387309376,75.0882940695408)
(-4908.16213375654,344.81985575954,-82.0699753974516)
(-4774.21337759127,726.48130199952,-480.948367626845)
(-4462.73297870571,1190.33166543522,-1283.4966868623)
(-3789.54970084405,912.926587885655,-2028.00276465296)
(-2785.68725621018,557.536477032767,-2632.48160959701)
(-1477.29843605717,224.718768444625,-2986.30211223773)
(0,0,0)
(0,0,0)
(0,0,0)
(0,0,0)
(0,0,0)
(0,0,0)
(-4994.95693051135,-269.896634390662,91.6526507787527)
(-5070.09934850733,-216.502344920237,172.847942827414)
(-5102.85499214548,-135.79386098457,234.126803614304)
(-5126.41922017562,55.4756145882177,294.1684017246)
(-5199.03228694245,485.549724813676,331.54933337438)
(-5246.39406537612,1397.20418297559,23.2237363396352)
(-5235.82771567746,3083.5010737813,-1549.86957942991)
(-4422.80237940178,1893.09100264773,-2451.26585055546)
(-3199.58082800453,990.8650281301,-3018.12999815075)
(-1663.57085035117,373.853738757251,-3311.65058812353)
(0,0,0)
(0,0,0)
(0,0,0)
(0,0,0)
(0,0,0)
(0,0,0)
(-5172.83551620626,-456.372276078505,129.780352835701)
(-5208.57278416437,-402.953063927694,256.531776950293)
(-5243.97509491949,-320.708805284529,400.593447416447)
(-5306.23759091245,-140.715152619658,687.934707078922)
(-5570.50166607453,357.133472354144,1262.77782614508)
(-6146.30379773184,1868.97978099142,1801.08799931066)
(-7345.59525683388,7855.54244152694,-2670.12377454608)
(-5681.55835742024,2842.26501106362,-3371.83126053309)
(-3876.99745551531,1198.28243794506,-3687.14161254927)
(-1949.2406731739,400.105639772796,-3833.49134845517)
(0,0,0)
(0,0,0)
(0,0,0)
(0,0,0)
(0,0,0)
(0,0,0)
(-5202.61325859589,-791.378732083545,156.030367377268)
(-5222.83745716392,-763.673600139128,360.227499764307)
(-5283.77514334637,-685.351290226738,651.6862388879)
(-5403.53816503264,-545.801268676928,1241.81396416597)
(-5906.27146549096,-289.69849410191,2835.05471766699)
(-7443.88757216377,149.436863500084,7901.53351542744)
(-13609.8935597598,211.016137992628,-7607.15171384625)
(-7721.96751644022,514.087137094193,-5022.09111673043)
(-4769.24660819134,245.391021604842,-4571.93323284312)
(-2295.5939937481,53.99236548276,-4450.65149109851)
(0,0,0)
(0,0,0)
(0,0,0)
(0,0,0)
(0,0,0)
(0,0,0)
(-5068.33398178473,-1287.82413797023,165.624666581837)
(-5070.25025367798,-1292.45357378334,412.86533163318)
(-5149.25446615613,-1240.94981947962,812.017442736503)
(-5306.42257104689,-1133.02877805082,1540.70386718006)
(-5896.31607592119,-1038.250088055,3318.70766269899)
(-7688.7825352702,-822.377229768169,8015.51478954848)
(-13760.5775307145,851.017491436644,-7364.87882509613)
(-8263.55151884584,-572.444841095248,-5381.08789938649)
(-5138.16977520584,-664.301834249992,-4924.26793882039)
(-2442.33380585128,-397.015660262414,-4704.13201261316)
(0,0,0)
(0,0,0)
(0,0,0)
(0,0,0)
(0,0,0)
(0,0,0)
(-4690.85921386855,-1912.30587808809,169.448533926697)
(-4700.71441054839,-1933.53671704524,400.698188875284)
(-4758.44736132784,-1937.36940073565,800.720342476526)
(-4939.49805883866,-1937.9248134929,1590.70366419052)
(-5589.32846005296,-2200.66994638923,3577.27677247372)
(-7638.35423523747,-3524.72409850788,9771.68598383397)
(-15355.8862368236,-10097.255763044,-8874.90194072327)
(-8405.93913191888,-4175.99155822911,-5584.42116459118)
(-5032.84849869379,-2183.29256113326,-4841.88859272516)
(-2382.07766541493,-980.179896215004,-4556.36182875785)
(0,0,0)
(0,0,0)
(0,0,0)
(0,0,0)
(0,0,0)
(0,0,0)
(-3999.73873074789,-2601.48327738324,175.770291471124)
(-4010.5308417385,-2622.48932785958,388.349520372744)
(-4057.82338829015,-2645.84693968418,704.604240738385)
(-4229.33099046554,-2717.70827602063,1272.49839383202)
(-4753.55559168145,-3054.19771492365,2282.24548735859)
(-5973.573088462,-4040.65784485424,3251.08221602143)
(-8195.79927985907,-6048.26052801669,-3043.91606267676)
(-6103.81367162843,-4226.42705091668,-3724.47070954144)
(-3967.03668805751,-2581.98163548048,-3791.25516203442)
(-1943.47127249165,-1221.5083947556,-3773.85597961028)
(0,0,0)
(0,0,0)
(0,0,0)
(0,0,0)
(0,0,0)
(0,0,0)
(-2981.13394175428,-3209.93116193612,119.932243845307)
(-2952.23636771342,-3246.64020319229,285.492666543926)
(-2972.396102109,-3272.18525992345,511.421711744538)
(-3114.40512492862,-3372.92975537391,855.97045738406)
(-3467.87467301583,-3680.67100625262,1284.8705423436)
(-4086.76044171111,-4300.3416022032,1193.2488798671)
(-4820.60614959636,-4968.24391473232,-1351.10667099019)
(-3939.28866050569,-3982.31677590027,-2248.17552372401)
(-2671.25257521,-2652.09202582504,-2549.04123842362)
(-1337.47081422087,-1311.54163614256,-2652.42381483549)
(0,0,0)
(0,0,0)
(0,0,0)
(0,0,0)
(0,0,0)
(0,0,0)
(-1576.64307426718,-3571.1298834766,44.5172657303114)
(-1560.28564841528,-3640.0166902307,132.394168559118)
(-1569.92893162801,-3692.31831048088,262.910320957607)
(-1636.96336993118,-3789.40163210942,421.067311025405)
(-1805.50099559641,-4036.01248343726,560.648925789893)
(-2049.10107914375,-4393.06671885823,383.45650319306)
(-2254.71922418306,-4563.66810755348,-521.34637485052)
(-1930.91951792977,-3803.64251400016,-1015.84876683574)
(-1357.73872441969,-2651.67416413852,-1236.51146371804)
(-712.806453049756,-1345.99661739453,-1317.95538584293)
(0,0,0)
(0,0,0)
(0,0,0)
(0,0,0)
(0,0,0)
(0,0,0)
(0,0,0)
(0,0,0)
(0,0,0)
(0,0,0)
(0,0,0)
(0,0,0)
(0,0,0)
(0,0,0)
(0,0,0)
(0,0,0)
(0,0,0)
(0,0,0)
(0,0,0)
(0,0,0)
(0,0,0)
(0,0,0)
(0,0,0)
(0,0,0)
(0,0,0)
(0,0,0)
(0,0,0)
(0,0,0)
(0,0,0)
(0,0,0)
(0,0,0)
(0,0,0)
(0,0,0)
(0,0,0)
(0,0,0)
(0,0,0)
(0,0,0)
(0,0,0)
(0,0,0)
(0,0,0)
(0,0,0)
(0,0,0)
(0,0,0)
(0,0,0)
(0,0,0)
(0,0,0)
(0,0,0)
(0,0,0)
(0,0,0)
(0,0,0)
(0,0,0)
(0,0,0)
(0,0,0)
(0,0,0)
(0,0,0)
(0,0,0)
(0,0,0)
(0,0,0)
(0,0,0)
(0,0,0)
(0,0,0)
(0,0,0)
(0,0,0)
(0,0,0)
(0,0,0)
(0,0,0)
(0,0,0)
(0,0,0)
(0,0,0)
(0,0,0)
(0,0,0)
(0,0,0)
(0,0,0)
(0,0,0)
(0,0,0)
(0,0,0)
(0,0,0)
(0,0,0)
(0,0,0)
(0,0,0)
(0,0,0)
(0,0,0)
(0,0,0)
(0,0,0)
(0,0,0)
(0,0,0)
(0,0,0)
(0,0,0)
(0,0,0)
(0,0,0)
(0,0,0)
(0,0,0)
(0,0,0)
(0,0,0)
(0,0,0)
(0,0,0)
(0,0,0)
(0,0,0)
(0,0,0)
(0,0,0)
(0,0,0)
(0,0,0)
(-4689.19441922126,-1.98220811650169,51.052162954348)
(-4720.58432914985,-9.24418559109365,77.2761985546715)
(-4770.51086978821,-8.14417078462264,70.180299824006)
(-4756.01780031254,42.738457996337,-13.4723101424601)
(-4752.76377240155,115.935954616408,-125.498148420793)
(-4531.66069450702,174.545280228449,-313.257659673065)
(-4111.02527113284,216.483768807287,-600.88070463471)
(-3392.69248731647,190.377044765633,-933.374018824457)
(-2450.19549295189,142.671205717462,-1215.85107221294)
(-1307.66796242284,54.4521639608206,-1356.84430084487)
(0,0,0)
(0,0,0)
(0,0,0)
(0,0,0)
(0,0,0)
(0,0,0)
(-4754.01788107845,-29.6290513162118,54.5000753785083)
(-4829.21853605441,-35.5097437826856,88.8815848572131)
(-4869.07704690958,-21.8675804429431,86.2287740775036)
(-4872.66475242032,68.3129102959628,28.2851430693734)
(-4928.86205134643,232.139397777186,-67.2183825041528)
(-4809.28047599392,420.197463927411,-277.803467795465)
(-4434.28629343321,563.372000337006,-653.138384593233)
(-3688.73897486999,446.839913988554,-1010.41197979248)
(-2661.88258518556,291.630863890627,-1283.1763089876)
(-1392.00786461968,114.288017052429,-1428.30273351161)
(0,0,0)
(0,0,0)
(0,0,0)
(0,0,0)
(0,0,0)
(0,0,0)
(-4973.17034536023,-129.00485935555,77.5892228864297)
(-5050.14458382688,-109.02358944867,131.148303875469)
(-5078.65953257265,-63.3803959235305,148.465659783105)
(-5115.1361711563,53.6514661150211,151.844054950037)
(-5256.07621147352,302.872704742339,138.154672522165)
(-5321.78060528994,707.966162066224,-74.2274857039912)
(-5152.30378686236,1159.19250305708,-753.571917240221)
(-4328.33446389552,810.667067545656,-1211.86698629777)
(-3103.12183715491,450.188655576955,-1466.88376884209)
(-1601.95958412465,166.610722844094,-1580.81774085878)
(0,0,0)
(0,0,0)
(0,0,0)
(0,0,0)
(0,0,0)
(0,0,0)
(-5147.15185548211,-263.875556719606,109.187036639761)
(-5174.32955299253,-224.019816346137,189.940032366333)
(-5221.43035983767,-152.925586758396,256.940488121766)
(-5329.21715158467,-47.9571983225623,381.528713226345)
(-5669.61217551177,206.951048170844,576.560879235107)
(-6144.74406349539,791.171329204181,491.795977857099)
(-6489.04248916234,1840.22803787454,-1045.79232462275)
(-5346.51435028001,1016.7954597358,-1586.96472395086)
(-3709.78561584939,464.861544675381,-1768.84945272723)
(-1876.04931789381,152.231082213801,-1827.6611673755)
(0,0,0)
(0,0,0)
(0,0,0)
(0,0,0)
(0,0,0)
(0,0,0)
(-5148.13183416058,-438.822485131795,120.465503979777)
(-5157.18792731836,-419.649731687825,250.445889476004)
(-5256.73514361958,-341.763805666153,412.24410866281)
(-5475.63876933634,-252.305702209515,688.69321685121)
(-6095.55228358841,-125.278102618608,1210.20318573422)
(-7174.24869036984,96.6495504025119,1635.08608274779)
(-8623.83651636004,313.012456403441,-1823.75537919733)
(-6627.29908558454,233.815192999761,-2135.44354329122)
(-4374.76904837609,69.9535425223028,-2135.0131009528)
(-2152.24281691696,-4.88410365753951,-2121.24909190398)
(0,0,0)
(0,0,0)
(0,0,0)
(0,0,0)
(0,0,0)
(0,0,0)
(-4980.55370803908,-653.487209619029,126.88445074063)
(-4973.72428513215,-670.159613372642,280.868363878859)
(-5095.03582297047,-621.046413853473,505.932328874763)
(-5358.01499602455,-555.531442169978,860.750493811667)
(-6094.43832448563,-541.876295557469,1475.47093531473)
(-7463.20447127287,-533.260297927399,1879.80271964177)
(-9217.87414579331,-406.208708151085,-1943.6795007248)
(-7157.20323954176,-466.497676338081,-2349.71491068641)
(-4711.55177599687,-398.608519942277,-2307.77084743805)
(-2290.48845124317,-231.40057555864,-2233.09973015065)
(0,0,0)
(0,0,0)
(0,0,0)
(0,0,0)
(0,0,0)
(0,0,0)
(-4527.45315051027,-934.073069896904,117.179796916511)
(-4545.99434360904,-958.858254949193,251.15837155602)
(-4655.53242479358,-947.487949476138,474.68497064503)
(-4923.8074284676,-958.419581962373,861.882480067323)
(-5657.73955899938,-1131.62786739088,1520.04515084622)
(-7073.37959320267,-1627.31854657806,2049.12875745367)
(-9002.55220462774,-2703.53961272468,-2006.87437014075)
(-6880.75292889069,-1702.34969823469,-2296.20855127494)
(-4501.4495024959,-1000.47288337474,-2225.74318403744)
(-2204.12808341569,-481.195473956916,-2153.89786764236)
(0,0,0)
(0,0,0)
(0,0,0)
(0,0,0)
(0,0,0)
(0,0,0)
(-3795.59180313929,-1260.33211684546,122.112119340331)
(-3822.06563750505,-1268.40942918043,243.198089341668)
(-3908.2082230542,-1272.26714146784,418.362116100414)
(-4126.31994362772,-1328.11025195099,685.041739251018)
(-4692.92885177327,-1534.81911559633,1027.60624755486)
(-5617.1369091812,-1939.44275709253,983.294278787557)
(-6462.8678741834,-2451.51940791927,-1001.65733168776)
(-5311.02635433198,-1892.32734838578,-1604.46699881842)
(-3610.48476983705,-1200.37293828909,-1761.11886213719)
(-1807.21280907157,-582.685859003949,-1795.88694050654)
(0,0,0)
(0,0,0)
(0,0,0)
(0,0,0)
(0,0,0)
(0,0,0)
(-2791.39055429677,-1534.21057254395,84.1350682371747)
(-2770.51012719768,-1553.60513660527,187.604535148612)
(-2813.16199335042,-1558.46791709546,314.571202016582)
(-2971.33733996549,-1619.08287206155,462.476037163102)
(-3336.91322237755,-1796.02830612012,592.72377705013)
(-3802.21852961693,-2047.9097816415,416.648889505519)
(-4131.91260315999,-2218.48317653184,-505.080888317284)
(-3508.7478132269,-1830.50102374372,-997.448060239746)
(-2429.01729048261,-1241.14372766417,-1198.91255559324)
(-1244.66453519354,-615.529715339618,-1258.87497828464)
(0,0,0)
(0,0,0)
(0,0,0)
(0,0,0)
(0,0,0)
(0,0,0)
(-1448.6713819253,-1692.10078715414,29.9185222686541)
(-1423.50937462943,-1750.10350412633,89.6406160046358)
(-1431.12114516237,-1772.39145581206,164.756368253632)
(-1503.00599804406,-1818.54289933708,230.259023642326)
(-1687.98762766871,-1952.01287038897,268.730219983849)
(-1880.8166389011,-2101.16653285456,153.702530957589)
(-1994.07506711391,-2123.01601696177,-202.408785680096)
(-1729.55589658742,-1779.85680086797,-454.416629898882)
(-1215.36349114278,-1255.86470997386,-582.070880864832)
(-660.071370376112,-634.866718890514,-615.468959988752)
(0,0,0)
(0,0,0)
(0,0,0)
(0,0,0)
(0,0,0)
(0,0,0)
(0,0,0)
(0,0,0)
(0,0,0)
(0,0,0)
(0,0,0)
(0,0,0)
(0,0,0)
(0,0,0)
(0,0,0)
(0,0,0)
(0,0,0)
(0,0,0)
(0,0,0)
(0,0,0)
(0,0,0)
(0,0,0)
(0,0,0)
(0,0,0)
(0,0,0)
(0,0,0)
(0,0,0)
(0,0,0)
(0,0,0)
(0,0,0)
(0,0,0)
(0,0,0)
(0,0,0)
(0,0,0)
(0,0,0)
(0,0,0)
(0,0,0)
(0,0,0)
(0,0,0)
(0,0,0)
(0,0,0)
(0,0,0)
(0,0,0)
(0,0,0)
(0,0,0)
(0,0,0)
(0,0,0)
(0,0,0)
(0,0,0)
(0,0,0)
(0,0,0)
(0,0,0)
(0,0,0)
(0,0,0)
(0,0,0)
(0,0,0)
(0,0,0)
(0,0,0)
(0,0,0)
(0,0,0)
(0,0,0)
(0,0,0)
(0,0,0)
(0,0,0)
(0,0,0)
(0,0,0)
(0,0,0)
(0,0,0)
(0,0,0)
(0,0,0)
(0,0,0)
(0,0,0)
(0,0,0)
(0,0,0)
(0,0,0)
(0,0,0)
(0,0,0)
(0,0,0)
(0,0,0)
(0,0,0)
(0,0,0)
(0,0,0)
(0,0,0)
(0,0,0)
(0,0,0)
(0,0,0)
(0,0,0)
(0,0,0)
(0,0,0)
(0,0,0)
(0,0,0)
(0,0,0)
(0,0,0)
(0,0,0)
(0,0,0)
(0,0,0)
(0,0,0)
(0,0,0)
(0,0,0)
(0,0,0)
(0,0,0)
(0,0,0)
(0,0,0)
(0,0,0)
(0,0,0)
(0,0,0)
(0,0,0)
(0,0,0)
(0,0,0)
(0,0,0)
(0,0,0)
(0,0,0)
(0,0,0)
(0,0,0)
(0,0,0)
(0,0,0)
(0,0,0)
(0,0,0)
(0,0,0)
(0,0,0)
(0,0,0)
(0,0,0)
(0,0,0)
(0,0,0)
(0,0,0)
(0,0,0)
(0,0,0)
(0,0,0)
(0,0,0)
(0,0,0)
(0,0,0)
(0,0,0)
(0,0,0)
(0,0,0)
(0,0,0)
(0,0,0)
(0,0,0)
(0,0,0)
(0,0,0)
(0,0,0)
(0,0,0)
(0,0,0)
(0,0,0)
(0,0,0)
(0,0,0)
(0,0,0)
(0,0,0)
(0,0,0)
(0,0,0)
(0,0,0)
(0,0,0)
(0,0,0)
(0,0,0)
(0,0,0)
(0,0,0)
(0,0,0)
(0,0,0)
(0,0,0)
(0,0,0)
(0,0,0)
(0,0,0)
(0,0,0)
(0,0,0)
(0,0,0)
(0,0,0)
(0,0,0)
(0,0,0)
(0,0,0)
(0,0,0)
(0,0,0)
(0,0,0)
(0,0,0)
(0,0,0)
(0,0,0)
(0,0,0)
(0,0,0)
(0,0,0)
(0,0,0)
(0,0,0)
(0,0,0)
(0,0,0)
(0,0,0)
(0,0,0)
(0,0,0)
(0,0,0)
(0,0,0)
(0,0,0)
(0,0,0)
(0,0,0)
(0,0,0)
(0,0,0)
(0,0,0)
(0,0,0)
(0,0,0)
(0,0,0)
(0,0,0)
(0,0,0)
(0,0,0)
(0,0,0)
(0,0,0)
(0,0,0)
(0,0,0)
(0,0,0)
(0,0,0)
(0,0,0)
(0,0,0)
(0,0,0)
(0,0,0)
(0,0,0)
(0,0,0)
(0,0,0)
(0,0,0)
(0,0,0)
(0,0,0)
(0,0,0)
(0,0,0)
(0,0,0)
(0,0,0)
(0,0,0)
(0,0,0)
(0,0,0)
(0,0,0)
(0,0,0)
(0,0,0)
(0,0,0)
(0,0,0)
(0,0,0)
(0,0,0)
(0,0,0)
(0,0,0)
(0,0,0)
(0,0,0)
(0,0,0)
(0,0,0)
(0,0,0)
(0,0,0)
(0,0,0)
(0,0,0)
(0,0,0)
(0,0,0)
(0,0,0)
(0,0,0)
(0,0,0)
(0,0,0)
(0,0,0)
(0,0,0)
(0,0,0)
(0,0,0)
(0,0,0)
(0,0,0)
(0,0,0)
(0,0,0)
(0,0,0)
(0,0,0)
(0,0,0)
(0,0,0)
(0,0,0)
(0,0,0)
(0,0,0)
(0,0,0)
(0,0,0)
(0,0,0)
(0,0,0)
(0,0,0)
(0,0,0)
(0,0,0)
(0,0,0)
(0,0,0)
(0,0,0)
(0,0,0)
(0,0,0)
(0,0,0)
(0,0,0)
(0,0,0)
(0,0,0)
(0,0,0)
(0,0,0)
(0,0,0)
(0,0,0)
(0,0,0)
(0,0,0)
(0,0,0)
(0,0,0)
(0,0,0)
(0,0,0)
(0,0,0)
(0,0,0)
(0,0,0)
(0,0,0)
(0,0,0)
(0,0,0)
(0,0,0)
(0,0,0)
(0,0,0)
(0,0,0)
(0,0,0)
(0,0,0)
(0,0,0)
(0,0,0)
(0,0,0)
(0,0,0)
(0,0,0)
(0,0,0)
(0,0,0)
(0,0,0)
(0,0,0)
(0,0,0)
(0,0,0)
(0,0,0)
(0,0,0)
(0,0,0)
(0,0,0)
(0,0,0)
(0,0,0)
(0,0,0)
(0,0,0)
(0,0,0)
(0,0,0)
(0,0,0)
(0,0,0)
(0,0,0)
(0,0,0)
(0,0,0)
(0,0,0)
(0,0,0)
(0,0,0)
(0,0,0)
(0,0,0)
(0,0,0)
(0,0,0)
(0,0,0)
(0,0,0)
(0,0,0)
(0,0,0)
(0,0,0)
(0,0,0)
(0,0,0)
(0,0,0)
(0,0,0)
(0,0,0)
(0,0,0)
(0,0,0)
(0,0,0)
(0,0,0)
(0,0,0)
(0,0,0)
(0,0,0)
(0,0,0)
(0,0,0)
(0,0,0)
(0,0,0)
(0,0,0)
(0,0,0)
(0,0,0)
(0,0,0)
(0,0,0)
(0,0,0)
(0,0,0)
(0,0,0)
(0,0,0)
(0,0,0)
(0,0,0)
(0,0,0)
(0,0,0)
(0,0,0)
(0,0,0)
(0,0,0)
(0,0,0)
(0,0,0)
(0,0,0)
(0,0,0)
(0,0,0)
(0,0,0)
(0,0,0)
(0,0,0)
(0,0,0)
(0,0,0)
(0,0,0)
(0,0,0)
(0,0,0)
(0,0,0)
(0,0,0)
(0,0,0)
(0,0,0)
(0,0,0)
(0,0,0)
(0,0,0)
(0,0,0)
(0,0,0)
(0,0,0)
(0,0,0)
(0,0,0)
(0,0,0)
(0,0,0)
(0,0,0)
(0,0,0)
(0,0,0)
(0,0,0)
(0,0,0)
(0,0,0)
(0,0,0)
(0,0,0)
(0,0,0)
(0,0,0)
(0,0,0)
(0,0,0)
(0,0,0)
(0,0,0)
(0,0,0)
(0,0,0)
(0,0,0)
(0,0,0)
(0,0,0)
(0,0,0)
(0,0,0)
(0,0,0)
(0,0,0)
(0,0,0)
(0,0,0)
(0,0,0)
(0,0,0)
(0,0,0)
(0,0,0)
(0,0,0)
(0,0,0)
(0,0,0)
(0,0,0)
(0,0,0)
(0,0,0)
(0,0,0)
(0,0,0)
(0,0,0)
(0,0,0)
(0,0,0)
(0,0,0)
(0,0,0)
(0,0,0)
(0,0,0)
(0,0,0)
(0,0,0)
(0,0,0)
(0,0,0)
(0,0,0)
(0,0,0)
(0,0,0)
(0,0,0)
(0,0,0)
(0,0,0)
(0,0,0)
(0,0,0)
(0,0,0)
(0,0,0)
(0,0,0)
(0,0,0)
(0,0,0)
(0,0,0)
(0,0,0)
(0,0,0)
(0,0,0)
(0,0,0)
(0,0,0)
(0,0,0)
(0,0,0)
(0,0,0)
(0,0,0)
(0,0,0)
(0,0,0)
(0,0,0)
(0,0,0)
(0,0,0)
(0,0,0)
(0,0,0)
(0,0,0)
(0,0,0)
(0,0,0)
(0,0,0)
(0,0,0)
(0,0,0)
(0,0,0)
(0,0,0)
(0,0,0)
(0,0,0)
(0,0,0)
(0,0,0)
(0,0,0)
(0,0,0)
(0,0,0)
(0,0,0)
(0,0,0)
(0,0,0)
(0,0,0)
(0,0,0)
(0,0,0)
(0,0,0)
(0,0,0)
(0,0,0)
(0,0,0)
(0,0,0)
(0,0,0)
(0,0,0)
(0,0,0)
(0,0,0)
(0,0,0)
(0,0,0)
(0,0,0)
(0,0,0)
(0,0,0)
(0,0,0)
(0,0,0)
(0,0,0)
(0,0,0)
(0,0,0)
(0,0,0)
(0,0,0)
(0,0,0)
(0,0,0)
(0,0,0)
(0,0,0)
(0,0,0)
(0,0,0)
(0,0,0)
(0,0,0)
(0,0,0)
(0,0,0)
(0,0,0)
(0,0,0)
(0,0,0)
(0,0,0)
(0,0,0)
(0,0,0)
(0,0,0)
(0,0,0)
(0,0,0)
(0,0,0)
(0,0,0)
(0,0,0)
(0,0,0)
(0,0,0)
(0,0,0)
(0,0,0)
(0,0,0)
(0,0,0)
(0,0,0)
(0,0,0)
(0,0,0)
(0,0,0)
(0,0,0)
(0,0,0)
(0,0,0)
(0,0,0)
(0,0,0)
(0,0,0)
(0,0,0)
(0,0,0)
(0,0,0)
(0,0,0)
(0,0,0)
(0,0,0)
(0,0,0)
(0,0,0)
(0,0,0)
(0,0,0)
(0,0,0)
(0,0,0)
(0,0,0)
(0,0,0)
(0,0,0)
(0,0,0)
(0,0,0)
(0,0,0)
(0,0,0)
(0,0,0)
(0,0,0)
(0,0,0)
(0,0,0)
(0,0,0)
(0,0,0)
(0,0,0)
(0,0,0)
(0,0,0)
(0,0,0)
(0,0,0)
(0,0,0)
(0,0,0)
(0,0,0)
(0,0,0)
(0,0,0)
(0,0,0)
(0,0,0)
(0,0,0)
(0,0,0)
(0,0,0)
(0,0,0)
(0,0,0)
(0,0,0)
(0,0,0)
(0,0,0)
(0,0,0)
(0,0,0)
(0,0,0)
(0,0,0)
(0,0,0)
(0,0,0)
(0,0,0)
(0,0,0)
(0,0,0)
(0,0,0)
(0,0,0)
(0,0,0)
(0,0,0)
(0,0,0)
(0,0,0)
(0,0,0)
(0,0,0)
(0,0,0)
(0,0,0)
(0,0,0)
(0,0,0)
(0,0,0)
(0,0,0)
(0,0,0)
(0,0,0)
(0,0,0)
(0,0,0)
(0,0,0)
(0,0,0)
(0,0,0)
(0,0,0)
(0,0,0)
(0,0,0)
(0,0,0)
(0,0,0)
(0,0,0)
(0,0,0)
(0,0,0)
(0,0,0)
(0,0,0)
(0,0,0)
(0,0,0)
(0,0,0)
(0,0,0)
(0,0,0)
(0,0,0)
(0,0,0)
(0,0,0)
(0,0,0)
(0,0,0)
(0,0,0)
(0,0,0)
(0,0,0)
(0,0,0)
(0,0,0)
(0,0,0)
(0,0,0)
(0,0,0)
(0,0,0)
(0,0,0)
(0,0,0)
(0,0,0)
(0,0,0)
(0,0,0)
(0,0,0)
(0,0,0)
(0,0,0)
(0,0,0)
(0,0,0)
(0,0,0)
(0,0,0)
(0,0,0)
(0,0,0)
(0,0,0)
(0,0,0)
(0,0,0)
(0,0,0)
(0,0,0)
(0,0,0)
(0,0,0)
(0,0,0)
(0,0,0)
(0,0,0)
(0,0,0)
(0,0,0)
(0,0,0)
(0,0,0)
(0,0,0)
(0,0,0)
(0,0,0)
(0,0,0)
(0,0,0)
(0,0,0)
(0,0,0)
(0,0,0)
(0,0,0)
(0,0,0)
(0,0,0)
(0,0,0)
(0,0,0)
(0,0,0)
(0,0,0)
(0,0,0)
(0,0,0)
(0,0,0)
(0,0,0)
(0,0,0)
(0,0,0)
(0,0,0)
(0,0,0)
(0,0,0)
(0,0,0)
(0,0,0)
(0,0,0)
(0,0,0)
(0,0,0)
(0,0,0)
(0,0,0)
(0,0,0)
(0,0,0)
(0,0,0)
(0,0,0)
(0,0,0)
(0,0,0)
(0,0,0)
(0,0,0)
(0,0,0)
(0,0,0)
(0,0,0)
(0,0,0)
(0,0,0)
(0,0,0)
(0,0,0)
(0,0,0)
(0,0,0)
(0,0,0)
(0,0,0)
(0,0,0)
(0,0,0)
(0,0,0)
(0,0,0)
(0,0,0)
(0,0,0)
(0,0,0)
(0,0,0)
(0,0,0)
(0,0,0)
(0,0,0)
(0,0,0)
(0,0,0)
(0,0,0)
(0,0,0)
(0,0,0)
(0,0,0)
(0,0,0)
(0,0,0)
(0,0,0)
(0,0,0)
(0,0,0)
(0,0,0)
(0,0,0)
(0,0,0)
(0,0,0)
(0,0,0)
(0,0,0)
(0,0,0)
(0,0,0)
(0,0,0)
(0,0,0)
(0,0,0)
(0,0,0)
(0,0,0)
(0,0,0)
(0,0,0)
(0,0,0)
(0,0,0)
(0,0,0)
(0,0,0)
(0,0,0)
(0,0,0)
(0,0,0)
(0,0,0)
(0,0,0)
(0,0,0)
(0,0,0)
(0,0,0)
(0,0,0)
(0,0,0)
(0,0,0)
(0,0,0)
(0,0,0)
(0,0,0)
(0,0,0)
(0,0,0)
(0,0,0)
(0,0,0)
(0,0,0)
(0,0,0)
(0,0,0)
(0,0,0)
(0,0,0)
(0,0,0)
(0,0,0)
(0,0,0)
(0,0,0)
(0,0,0)
(0,0,0)
(0,0,0)
(0,0,0)
(0,0,0)
(0,0,0)
(0,0,0)
(0,0,0)
(0,0,0)
(0,0,0)
(0,0,0)
(0,0,0)
(0,0,0)
(0,0,0)
(0,0,0)
(0,0,0)
(0,0,0)
