(0,0,0)
(0,0,0)
(0,0,0)
(0,0,0)
(0,0,0)
(0,0,0)
(0,0,0)
(0,0,0)
(0,0,0)
(0,0,0)
(0,0,0)
(0,0,0)
(0,0,0)
(0,0,0)
(0,0,0)
(0,0,0)
(0,0,0)
(0,0,0)
(0,0,0)
(0,0,0)
(0,0,0)
(0,0,0)
(0,0,0)
(0,0,0)
(0,0,0)
(0,0,0)
(0,0,0)
(0,0,0)
(0,0,0)
(0,0,0)
(0,0,0)
(0,0,0)
(0,0,0)
(0,0,0)
(0,0,0)
(0,0,0)
(0,0,0)
(0,0,0)
(0,0,0)
(0,0,0)
(0,0,0)
(0,0,0)
(0,0,0)
(0,0,0)
(0,0,0)
(0,0,0)
(0,0,0)
(0,0,0)
(0,0,0)
(0,0,0)
(0,0,0)
(0,0,0)
(0,0,0)
(0,0,0)
(0,0,0)
(0,0,0)
(0,0,0)
(0,0,0)
(0,0,0)
(0,0,0)
(0,0,0)
(0,0,0)
(0,0,0)
(0,0,0)
(0,0,0)
(0,0,0)
(0,0,0)
(0,0,0)
(0,0,0)
(0,0,0)
(0,0,0)
(0,0,0)
(0,0,0)
(0,0,0)
(0,0,0)
(0,0,0)
(0,0,0)
(0,0,0)
(0,0,0)
(0,0,0)
(0,0,0)
(0,0,0)
(0,0,0)
(0,0,0)
(0,0,0)
(0,0,0)
(0,0,0)
(0,0,0)
(0,0,0)
(0,0,0)
(0,0,0)
(0,0,0)
(0,0,0)
(0,0,0)
(0,0,0)
(0,0,0)
(0,0,0)
(0,0,0)
(0,0,0)
(0,0,0)
(0,0,0)
(0,0,0)
(0,0,0)
(0,0,0)
(0,0,0)
(0,0,0)
(0,0,0)
(0,0,0)
(0,0,0)
(0,0,0)
(0,0,0)
(0,0,0)
(0,0,0)
(0,0,0)
(0,0,0)
(0,0,0)
(0,0,0)
(0,0,0)
(0,0,0)
(0,0,0)
(0,0,0)
(0,0,0)
(0,0,0)
(0,0,0)
(0,0,0)
(0,0,0)
(0,0,0)
(0,0,0)
(0,0,0)
(0,0,0)
(0,0,0)
(0,0,0)
(0,0,0)
(0,0,0)
(0,0,0)
(0,0,0)
(0,0,0)
(0,0,0)
(0,0,0)
(0,0,0)
(0,0,0)
(0,0,0)
(0,0,0)
(0,0,0)
(0,0,0)
(0,0,0)
(0,0,0)
(0,0,0)
(0,0,0)
(0,0,0)
(0,0,0)
(0,0,0)
(0,0,0)
(0,0,0)
(0,0,0)
(0,0,0)
(0,0,0)
(0,0,0)
(0,0,0)
(0,0,0)
(0,0,0)
(0,0,0)
(0,0,0)
(0,0,0)
(0,0,0)
(0,0,0)
(0,0,0)
(0,0,0)
(0,0,0)
(0,0,0)
(0,0,0)
(0,0,0)
(0,0,0)
(0,0,0)
(0,0,0)
(0,0,0)
(0,0,0)
(0,0,0)
(0,0,0)
(0,0,0)
(0,0,0)
(0,0,0)
(0,0,0)
(0,0,0)
(0,0,0)
(0,0,0)
(0,0,0)
(0,0,0)
(0,0,0)
(0,0,0)
(0,0,0)
(0,0,0)
(0,0,0)
(0,0,0)
(0,0,0)
(0,0,0)
(0,0,0)
(0,0,0)
(0,0,0)
(0,0,0)
(0,0,0)
(0,0,0)
(0,0,0)
(0,0,0)
(0,0,0)
(0,0,0)
(0,0,0)
(0,0,0)
(0,0,0)
(0,0,0)
(0,0,0)
(0,0,0)
(0,0,0)
(0,0,0)
(0,0,0)
(0,0,0)
(0,0,0)
(0,0,0)
(0,0,0)
(0,0,0)
(0,0,0)
(0,0,0)
(0,0,0)
(0,0,0)
(0,0,0)
(0,0,0)
(0,0,0)
(0,0,0)
(0,0,0)
(0,0,0)
(0,0,0)
(0,0,0)
(0,0,0)
(0,0,0)
(0,0,0)
(0,0,0)
(0,0,0)
(0,0,0)
(0,0,0)
(0,0,0)
(0,0,0)
(0,0,0)
(0,0,0)
(0,0,0)
(0,0,0)
(0,0,0)
(0,0,0)
(0,0,0)
(0,0,0)
(0,0,0)
(0,0,0)
(0,0,0)
(0,0,0)
(0,0,0)
(0,0,0)
(0,0,0)
(0,0,0)
(0,0,0)
(0,0,0)
(0,0,0)
(0,0,0)
(0,0,0)
(0,0,0)
(0,0,0)
(0,0,0)
(0,0,0)
(0,0,0)
(0,0,0)
(0,0,0)
(0,0,0)
(0,0,0)
(0,0,0)
(0,0,0)
(0,0,0)
(0,0,0)
(0,0,0)
(0,0,0)
(0,0,0)
(0,0,0)
(0,0,0)
(0,0,0)
(0,0,0)
(0,0,0)
(0,0,0)
(0,0,0)
(0,0,0)
(0,0,0)
(0,0,0)
(0,0,0)
(0,0,0)
(0,0,0)
(0,0,0)
(0,0,0)
(0,0,0)
(0,0,0)
(0,0,0)
(0,0,0)
(0,0,0)
(0,0,0)
(0,0,0)
(0,0,0)
(0,0,0)
(0,0,0)
(0,0,0)
(0,0,0)
(0,0,0)
(0,0,0)
(0,0,0)
(0,0,0)
(0,0,0)
(0,0,0)
(0,0,0)
(0,0,0)
(0,0,0)
(0,0,0)
(0,0,0)
(0,0,0)
(0,0,0)
(0,0,0)
(0,0,0)
(0,0,0)
(0,0,0)
(0,0,0)
(0,0,0)
(0,0,0)
(0,0,0)
(0,0,0)
(0,0,0)
(0,0,0)
(0,0,0)
(0,0,0)
(0,0,0)
(0,0,0)
(0,0,0)
(0,0,0)
(0,0,0)
(0,0,0)
(0,0,0)
(0,0,0)
(0,0,0)
(0,0,0)
(0,0,0)
(0,0,0)
(0,0,0)
(0,0,0)
(0,0,0)
(0,0,0)
(0,0,0)
(0,0,0)
(0,0,0)
(0,0,0)
(0,0,0)
(0,0,0)
(0,0,0)
(0,0,0)
(0,0,0)
(0,0,0)
(0,0,0)
(0,0,0)
(0,0,0)
(0,0,0)
(0,0,0)
(0,0,0)
(0,0,0)
(0,0,0)
(0,0,0)
(0,0,0)
(0,0,0)
(0,0,0)
(0,0,0)
(0,0,0)
(0,0,0)
(0,0,0)
(0,0,0)
(0,0,0)
(0,0,0)
(0,0,0)
(0,0,0)
(0,0,0)
(0,0,0)
(0,0,0)
(0,0,0)
(0,0,0)
(0,0,0)
(0,0,0)
(0,0,0)
(0,0,0)
(0,0,0)
(0,0,0)
(0,0,0)
(0,0,0)
(0,0,0)
(0,0,0)
(0,0,0)
(0,0,0)
(0,0,0)
(0,0,0)
(0,0,0)
(0,0,0)
(0,0,0)
(0,0,0)
(0,0,0)
(0,0,0)
(0,0,0)
(0,0,0)
(0,0,0)
(0,0,0)
(0,0,0)
(0,0,0)
(0,0,0)
(0,0,0)
(0,0,0)
(0,0,0)
(0,0,0)
(0,0,0)
(0,0,0)
(0,0,0)
(0,0,0)
(0,0,0)
(0,0,0)
(0,0,0)
(0,0,0)
(0,0,0)
(0,0,0)
(0,0,0)
(0,0,0)
(0,0,0)
(0,0,0)
(0,0,0)
(0,0,0)
(0,0,0)
(0,0,0)
(0,0,0)
(0,0,0)
(0,0,0)
(0,0,0)
(0,0,0)
(0,0,0)
(0,0,0)
(0,0,0)
(0,0,0)
(0,0,0)
(0,0,0)
(0,0,0)
(0,0,0)
(0,0,0)
(0,0,0)
(0,0,0)
(0,0,0)
(0,0,0)
(0,0,0)
(0,0,0)
(0,0,0)
(0,0,0)
(0,0,0)
(0,0,0)
(0,0,0)
(0,0,0)
(0,0,0)
(0,0,0)
(0,0,0)
(0,0,0)
(0,0,0)
(0,0,0)
(0,0,0)
(0,0,0)
(0,0,0)
(0,0,0)
(0,0,0)
(0,0,0)
(0,0,0)
(0,0,0)
(0,0,0)
(0,0,0)
(0,0,0)
(0,0,0)
(0,0,0)
(0,0,0)
(0,0,0)
(0,0,0)
(0,0,0)
(0,0,0)
(0,0,0)
(0,0,0)
(0,0,0)
(0,0,0)
(0,0,0)
(0,0,0)
(0,0,0)
(0,0,0)
(0,0,0)
(0,0,0)
(0,0,0)
(0,0,0)
(0,0,0)
(0,0,0)
(0,0,0)
(0,0,0)
(0,0,0)
(0,0,0)
(0,0,0)
(0,0,0)
(0,0,0)
(0,0,0)
(0,0,0)
(0,0,0)
(0,0,0)
(0,0,0)
(0,0,0)
(0,0,0)
(0,0,0)
(0,0,0)
(0,0,0)
(0,0,0)
(0,0,0)
(0,0,0)
(0,0,0)
(0,0,0)
(0,0,0)
(0,0,0)
(0,0,0)
(0,0,0)
(0,0,0)
(0,0,0)
(0,0,0)
(0,0,0)
(0,0,0)
(0,0,0)
(0,0,0)
(0,0,0)
(0,0,0)
(0,0,0)
(0,0,0)
(0,0,0)
(0,0,0)
(0,0,0)
(0,0,0)
(0,0,0)
(0,0,0)
(0,0,0)
(0,0,0)
(0,0,0)
(0,0,0)
(0,0,0)
(0,0,0)
(0,0,0)
(0,0,0)
(0,0,0)
(0,0,0)
(0,0,0)
(0,0,0)
(0,0,0)
(0,0,0)
(0,0,0)
(0,0,0)
(0,0,0)
(0,0,0)
(0,0,0)
(0,0,0)
(0,0,0)
(0,0,0)
(0,0,0)
(0,0,0)
(0,0,0)
(0,0,0)
(0,0,0)
(0,0,0)
(0,0,0)
(0,0,0)
(0,0,0)
(0,0,0)
(0,0,0)
(0,0,0)
(0,0,0)
(0,0,0)
(0,0,0)
(0,0,0)
(0,0,0)
(0,0,0)
(0,0,0)
(0,0,0)
(0,0,0)
(0,0,0)
(0,0,0)
(0,0,0)
(0,0,0)
(0,0,0)
(0,0,0)
(0,0,0)
(0,0,0)
(0,0,0)
(0,0,0)
(0,0,0)
(0,0,0)
(0,0,0)
(0,0,0)
(0,0,0)
(0,0,0)
(0,0,0)
(0,0,0)
(0,0,0)
(0,0,0)
(0,0,0)
(0,0,0)
(0,0,0)
(0,0,0)
(0,0,0)
(0,0,0)
(0,0,0)
(0,0,0)
(0,0,0)
(0,0,0)
(0,0,0)
(0,0,0)
(0,0,0)
(0,0,0)
(0,0,0)
(0,0,0)
(0,0,0)
(0,0,0)
(0,0,0)
(0,0,0)
(0,0,0)
(0,0,0)
(0,0,0)
(0,0,0)
(0,0,0)
(0,0,0)
(0,0,0)
(0,0,0)
(0,0,0)
(0,0,0)
(0,0,0)
(0,0,0)
(0,0,0)
(0,0,0)
(0,0,0)
(0,0,0)
(0,0,0)
(0,0,0)
(0,0,0)
(0,0,0)
(0,0,0)
(0,0,0)
(0,0,0)
(0,0,0)
(0,0,0)
(0,0,0)
(0,0,0)
(0,0,0)
(0,0,0)
(0,0,0)
(0,0,0)
(0,0,0)
(0,0,0)
(0,0,0)
(0,0,0)
(0,0,0)
(0,0,0)
(0,0,0)
(0,0,0)
(0,0,0)
(0,0,0)
(0,0,0)
(0,0,0)
(0,0,0)
(0,0,0)
(0,0,0)
(0,0,0)
(0,0,0)
(0,0,0)
(0,0,0)
(0,0,0)
(0,0,0)
(0,0,0)
(0,0,0)
(0,0,0)
(0,0,0)
(0,0,0)
(0,0,0)
(0,0,0)
(0,0,0)
(0,0,0)
(0,0,0)
(0,0,0)
(0,0,0)
(0,0,0)
(0,0,0)
(0,0,0)
(0,0,0)
(0,0,0)
(0,0,0)
(0,0,0)
(0,0,0)
(0,0,0)
(0,0,0)
(0,0,0)
(0,0,0)
(0,0,0)
(0,0,0)
(0,0,0)
(0,0,0)
(0,0,0)
(0,0,0)
(0,0,0)
(0,0,0)
(0,0,0)
(0,0,0)
(0,0,0)
(0,0,0)
(0,0,0)
(0,0,0)
(0,0,0)
(0,0,0)
(0,0,0)
(0,0,0)
(0,0,0)
(0,0,0)
(0,0,0)
(0,0,0)
(0,0,0)
(0,0,0)
(0,0,0)
(0,0,0)
(0,0,0)
(0,0,0)
(0,0,0)
(0,0,0)
(0,0,0)
(0,0,0)
(0,0,0)
(0,0,0)
(0,0,0)
(0,0,0)
(0,0,0)
(0,0,0)
(0,0,0)
(0,0,0)
(0,0,0)
(0,0,0)
(0,0,0)
(0,0,0)
(0,0,0)
(0,0,0)
(0,0,0)
(0,0,0)
(0,0,0)
(0,0,0)
(0,0,0)
(0,0,0)
(0,0,0)
(0,0,0)
(0,0,0)
(0,0,0)
(0,0,0)
(0,0,0)
(0,0,0)
(0,0,0)
(0,0,0)
(0,0,0)
(0,0,0)
(0,0,0)
(0,0,0)
(0,0,0)
(0,0,0)
(0,0,0)
(0,0,0)
(0,0,0)
(0,0,0)
(0,0,0)
(0,0,0)
(0,0,0)
(0,0,0)
(0,0,0)
(0,0,0)
(0,0,0)
(0,0,0)
(0,0,0)
(0,0,0)
(0,0,0)
(0,0,0)
(0,0,0)
(0,0,0)
(0,0,0)
(0,0,0)
(0,0,0)
(0,0,0)
(0,0,0)
(0,0,0)
(0,0,0)
(0,0,0)
(0,0,0)
(0,0,0)
(0,0,0)
(0,0,0)
(0,0,0)
(0,0,0)
(0,0,0)
(0,0,0)
(0,0,0)
(0,0,0)
(0,0,0)
(0,0,0)
(0,0,0)
(0,0,0)
(0,0,0)
(0,0,0)
(0,0,0)
(0,0,0)
(0,0,0)
(0,0,0)
(0,0,0)
(0,0,0)
(0,0,0)
(0,0,0)
(0,0,0)
(0,0,0)
(0,0,0)
(0,0,0)
(-30423.4874375084,16252.3403145041,14171.1471230042)
(-32180.8717830156,15655.022601718,30696.9963043019)
(-36262.4383351827,14331.773170821,52627.6614686639)
(-43990.0663193281,12169.6355701714,84448.092217823)
(-57913.4076170198,9183.33544299793,133178.16439185)
(-82802.4566886169,5721.69814671238,210258.922933742)
(-127838.398943218,2580.54943841229,335516.772438581)
(-209334.732325701,654.398281807564,544197.106482469)
(-345435.879638374,20.8714481896868,889612.114672708)
(-481386.727203728,-65.0759896529593,1371063.91786609)
(0,0,0)
(0,0,0)
(0,0,0)
(0,0,0)
(0,0,0)
(0,0,0)
(-32194.032069427,34995.0168700399,13451.3555138907)
(-33972.6342327952,33806.2155950378,29272.7967533692)
(-38123.2319654027,31264.6831986989,50463.1186908906)
(-45998.740652294,27083.3137405225,81548.1811728373)
(-60298.1596492964,21193.9036311415,129835.772633988)
(-85791.9305177047,14121.6149341074,207227.786364304)
(-131341.37649266,7459.44974212568,333690.262553219)
(-212531.812750686,3234.01676108351,543642.456824602)
(-347574.194901097,1589.92165609612,889647.601517853)
(-482395.092110775,786.358114417036,1371191.25952447)
(0,0,0)
(0,0,0)
(0,0,0)
(0,0,0)
(0,0,0)
(0,0,0)
(-36217.7741374802,59015.7290127858,12197.0619947338)
(-38013.3265079815,57368.7779847156,26647.8261130378)
(-42303.8434584375,53903.302314005,46313.0504561738)
(-50564.7640462677,48147.8938300493,75813.2344129164)
(-65752.4978559206,39761.6448148311,122997.991085147)
(-92833.0452199016,29204.9562242404,200747.695014916)
(-139977.280725404,18581.8159214875,329602.609560961)
(-220472.015909128,11272.7392994899,542035.902931656)
(-352671.134369779,7411.85377594146,888885.105181659)
(-484711.501080228,3998.25737536708,1370384.70700092)
(0,0,0)
(0,0,0)
(0,0,0)
(0,0,0)
(0,0,0)
(0,0,0)
(-43725.2823073621,92220.7752226075,10520.2360975408)
(-45553.9864042756,90363.2781208314,23079.7223657022)
(-50000.6843317285,86441.2223935982,40542.4866178312)
(-58829.2514939982,79896.0086168417,67623.6233250324)
(-75502.7651454111,70133.062130471,112754.971154807)
(-105609.210076722,57227.5261664358,190341.611289328)
(-156505.56810998,42953.752686113,322475.242634693)
(-235847.524592632,31308.8508497422,538286.655677041)
(-362033.335205001,22224.4248174879,885507.419840456)
(-488795.553932582,11948.5645946522,1366352.66655385)
(0,0,0)
(0,0,0)
(0,0,0)
(0,0,0)
(0,0,0)
(0,0,0)
(-57210.9067693389,140774.5707262,8657.1112657452)
(-59021.2028739078,138951.775608925,19089.8166515589)
(-63535.4174086153,135101.176915927,33965.2795378445)
(-72853.2360732793,128710.843819439,58003.6804085312)
(-91079.4103130631,119107.096932369,100109.055919702)
(-124917.731113395,105985.851973745,176268.461225773)
(-181681.380724527,89928.0947616813,310975.499874735)
(-259267.901001602,72216.0116767809,529336.240049324)
(-375667.330619024,51906.4246060048,875321.570879877)
(-494707.639404263,27526.002385741,1354451.77249307)
(0,0,0)
(0,0,0)
(0,0,0)
(0,0,0)
(0,0,0)
(0,0,0)
(-81487.8422221011,215420.869980718,6841.5429675836)
(-83207.6048257268,213785.576181191,15215.3472210432)
(-87558.1654149035,210327.889071309,27546.800480564)
(-96785.4024088345,204561.355519536,48481.6911892985)
(-115201.950248573,195654.723390079,87136.0149801611)
(-149695.867612695,182465.557979025,160352.176587584)
(-206651.847772944,163570.968680566,293361.150441669)
(-280754.571883784,137202.799865537,509128.934136677)
(-390481.131557898,100478.916253367,851037.57404725)
(-502168.045262925,53635.1674107642,1327096.45428507)
(0,0,0)
(0,0,0)
(0,0,0)
(0,0,0)
(0,0,0)
(0,0,0)
(-126018.40104223,336216.246464704,5223.02455824721)
(-127569.69805552,334797.247764092,11781.0510308641)
(-131488.481233904,331796.475288894,21800.946047188)
(-139919.765989258,326664.844688011,39617.2228679743)
(-157009.69797048,318260.015027097,74021.6292014368)
(-189447.769745574,304356.071968718,141578.88495731)
(-242912.775753693,280935.804941219,267126.824450353)
(-310301.129595441,242049.568339864,472581.185571461)
(-412526.113314473,181135.372636265,804450.842502973)
(-514325.159156382,98648.4360530495,1273762.73301712)
(0,0,0)
(0,0,0)
(0,0,0)
(0,0,0)
(0,0,0)
(0,0,0)
(-207536.53895119,539923.817318227,3828.96809765665)
(-208795.469162038,538651.176099267,8770.50892452241)
(-211967.475945248,535897.686793434,16636.773365239)
(-218827.553950779,530939.762424229,31189.4095797854)
(-232887.442124729,522166.816052081,60170.0506795248)
(-259883.548391837,506089.531692253,118320.139347824)
(-304672.980476891,475499.909261203,228429.015504716)
(-359244.362997858,417800.180044658,411922.766797796)
(-452590.373930704,323253.582936016,722394.930428749)
(-537593.278197136,183172.978783827,1175463.66589505)
(0,0,0)
(0,0,0)
(0,0,0)
(0,0,0)
(0,0,0)
(0,0,0)
(-344146.63325486,881519.403707799,2551.04686527725)
(-345012.863447543,880239.046753474,5976.03965862587)
(-347176.72133093,877409.483348443,11640.9644345125)
(-351794.688682654,871913.901779398,22461.5137620049)
(-361090.006630766,861447.912819591,44270.4236252731)
(-378565.64869613,840937.407850417,87988.1961632271)
(-407889.39739363,800384.386794017,170993.116024041)
(-451485.562082692,722572.989872608,317705.868278778)
(-526439.981432882,584571.856367348,582827.5762803)
(-578162.628534294,351427.811461077,992735.372137345)
(0,0,0)
(0,0,0)
(0,0,0)
(0,0,0)
(0,0,0)
(0,0,0)
(-480793.595367335,1361019.51931973,1293.47975538992)
(-481223.796363389,1359676.1545715,3080.16830075016)
(-482307.283012234,1356706.28440628,6090.65025517906)
(-484584.013349751,1350615.59013131,11972.9752530313)
(-489080.962621995,1338615.81856676,23886.0321278748)
(-497499.356335238,1314643.73503712,47679.0612764087)
(-512177.022102413,1266745.36243628,93495.1077365513)
(-536917.140076148,1172922.43888792,180062.798797346)
(-578048.258237838,992551.595542355,350131.31786017)
(-582159.524157927,642068.108480027,641650.544999152)
(0,0,0)
(0,0,0)
(0,0,0)
(0,0,0)
(0,0,0)
(0,0,0)
(0,0,0)
(0,0,0)
(0,0,0)
(0,0,0)
(0,0,0)
(0,0,0)
(0,0,0)
(0,0,0)
(0,0,0)
(0,0,0)
(0,0,0)
(0,0,0)
(0,0,0)
(0,0,0)
(0,0,0)
(0,0,0)
(0,0,0)
(0,0,0)
(0,0,0)
(0,0,0)
(0,0,0)
(0,0,0)
(0,0,0)
(0,0,0)
(0,0,0)
(0,0,0)
(0,0,0)
(0,0,0)
(0,0,0)
(0,0,0)
(0,0,0)
(0,0,0)
(0,0,0)
(0,0,0)
(0,0,0)
(0,0,0)
(0,0,0)
(0,0,0)
(0,0,0)
(0,0,0)
(0,0,0)
(0,0,0)
(0,0,0)
(0,0,0)
(0,0,0)
(0,0,0)
(0,0,0)
(0,0,0)
(0,0,0)
(0,0,0)
(0,0,0)
(0,0,0)
(0,0,0)
(0,0,0)
(0,0,0)
(0,0,0)
(0,0,0)
(0,0,0)
(0,0,0)
(0,0,0)
(0,0,0)
(0,0,0)
(0,0,0)
(0,0,0)
(0,0,0)
(0,0,0)
(0,0,0)
(0,0,0)
(0,0,0)
(0,0,0)
(0,0,0)
(0,0,0)
(0,0,0)
(0,0,0)
(0,0,0)
(0,0,0)
(0,0,0)
(0,0,0)
(0,0,0)
(0,0,0)
(0,0,0)
(0,0,0)
(0,0,0)
(0,0,0)
(0,0,0)
(0,0,0)
(0,0,0)
(0,0,0)
(0,0,0)
(0,0,0)
(0,0,0)
(0,0,0)
(0,0,0)
(0,0,0)
(0,0,0)
(0,0,0)
(4516239.2252828,14568.1152775182,12416.0451871078)
(4513331.63305297,13914.9079986493,26635.5055373621)
(4506547.74054333,12505.2791005191,44966.9207431987)
(4493868.20558121,10151.0349186395,70604.4871088746)
(4471277.30500869,6768.05412340014,108292.593544666)
(4431237.93167845,2701.4940076561,165197.584354751)
(4357815.78947296,-929.929805550593,254120.198928995)
(4212588.5812356,-2547.48552653402,408391.244079052)
(3884743.33659663,-2143.23428176896,754002.135310681)
(2994389.19305999,-1075.09172591894,1852948.17995777)
(0,0,0)
(0,0,0)
(0,0,0)
(0,0,0)
(0,0,0)
(0,0,0)
(4513254.09591513,31080.4245221525,11686.4359557463)
(4510311.78405179,29809.4758206675,25154.3230340736)
(4503459.38504381,27104.4592100935,42619.3991001788)
(4490579.72710491,22509.1692449841,67329.6702014982)
(4467384.26018753,15681.3945171173,104380.783155865)
(4426209.33913228,7028.91920262231,161698.96149578)
(4351659.53350037,-1194.96835674743,252609.963238942)
(4207036.91721772,-4739.48684582778,408880.107774736)
(3881274.15120531,-3587.80614544084,755123.206716822)
(2992849.98489539,-1559.03792953,1854008.94909908)
(0,0,0)
(0,0,0)
(0,0,0)
(0,0,0)
(0,0,0)
(0,0,0)
(4506494.18094789,51615.0372305246,10400.3053911401)
(4503528.82119257,49912.8940085882,22401.6126875979)
(4496532.04356839,46252.7661219897,38064.2919338096)
(4483090.63742496,39881.1158929575,60683.8169995493)
(4458330.09865282,29952.9802863833,95976.5079063691)
(4413781.49027519,16367.591614106,153670.173184694)
(4334928.40398202,2011.04486918999,249205.348436241)
(4191686.59031495,-4128.19265594578,410082.321207294)
(3872350.57968879,-2000.81198994278,757120.486178076)
(2989137.48982098,-100.928583664497,1855460.25911595)
(0,0,0)
(0,0,0)
(0,0,0)
(0,0,0)
(0,0,0)
(0,0,0)
(4494002.31810276,78838.2636965539,8696.04630872872)
(4491033.78300776,76984.9980512564,18683.0460389843)
(4483885.56290602,72962.1357769022,31734.3023312359)
(4469563.3908068,65878.7935440973,50990.8555642533)
(4441877.69227373,54518.1014793659,82692.1501369996)
(4389713.88634558,37851.9147599447,139531.603753764)
(4297742.56228579,17704.1136597088,243237.277752406)
(4156745.94230558,7853.30440139935,412309.18698175)
(3854329.31384367,8563.09428704662,759029.504840925)
(2982215.23989869,6027.59815214844,1855537.05745881)
(0,0,0)
(0,0,0)
(0,0,0)
(0,0,0)
(0,0,0)
(0,0,0)
(4471919.16816835,116533.975514129,6821.08642963677)
(4469045.64348566,114809.303646358,14576.8076598418)
(4461891.42499577,111097.876597536,24661.0976197633)
(4446805.50452736,104732.484253998,39795.5394941136)
(4415744.61071391,94884.3563123592,66252.1368190606)
(4352173.5457059,81111.1784552709,119548.469489373)
(4230825.37523765,64886.3439868678,233506.356384939)
(4091903.03105195,50698.9262016972,413136.675716033)
(3826029.43355875,37087.5215653629,756562.357444722)
(2971902.50183946,20064.7161494978,1849561.97138861)
(0,0,0)
(0,0,0)
(0,0,0)
(0,0,0)
(0,0,0)
(0,0,0)
(4432708.8564653,170883.198077573,5100.95193402859)
(4430055.04519907,169459.406753559,10835.0719869077)
(4423263.84888481,166438.117465709,18319.6900039496)
(4408439.0080568,161413.111635986,30061.5253413113)
(4377006.40552361,153769.539218943,52614.8598474268)
(4311585.14286305,142655.070411538,103436.830600334)
(4188638.92498016,127267.045215043,219412.22980398)
(4055775.94565807,107607.623851349,399619.887797331)
(3801834.85880858,78405.2141860734,739633.07799504)
(2960052.35304502,41468.2229058914,1829656.04611568)
(0,0,0)
(0,0,0)
(0,0,0)
(0,0,0)
(0,0,0)
(0,0,0)
(4360045.6898458,254767.147941599,3698.83243286646)
(4357715.91179718,253663.314410412,7856.18810819784)
(4351689.99419257,251399.481578643,13363.2217537218)
(4338226.65950114,247790.175794541,22486.6052896605)
(4308924.52799335,242396.092561491,41572.6991681743)
(4246324.05508659,233947.165877954,88155.6520544969)
(4127058.35627793,219210.442119973,199887.996302823)
(4007177.4761243,193106.061502175,370557.826117202)
(3766072.15746212,141078.308123164,702933.334588409)
(2939839.48815473,75397.4289990527,1788486.35436911)
(0,0,0)
(0,0,0)
(0,0,0)
(0,0,0)
(0,0,0)
(0,0,0)
(4214730.27756407,403525.627226629,2621.57738467122)
(4212860.48852612,402646.094312754,5629.7129790841)
(4208037.69186688,400880.111033845,9790.78889661828)
(4197154.53591381,398116.447728265,17129.3002832871)
(4172991.14282344,394072.710929873,33220.9701515668)
(4119845.25135318,387490.879330064,73595.3301393836)
(4015427.5078709,372345.167671157,174006.989425241)
(3937219.55778905,325562.980046578,318733.023278783)
(3693857.15507615,249418.02140319,637592.654176712)
(2893024.75864141,142618.995930918,1713399.92359119)
(0,0,0)
(0,0,0)
(0,0,0)
(0,0,0)
(0,0,0)
(0,0,0)
(3886060.31000035,745241.621460629,1723.93569567266)
(3884781.03049222,744390.145610918,3832.86364268282)
(3881546.09807876,742612.569594453,7024.45885728087)
(3874423.20673299,739408.084431814,13161.7999229302)
(3859290.61805468,733673.942645491,26826.8167067421)
(3828503.92138206,722185.126463611,58709.8726799061)
(3773053.71978458,696245.083485933,127513.712871849)
(3695162.76845687,637210.83178889,242864.403774905)
(3475254.58356749,533026.98794476,531207.745417876)
(2750679.02671639,347478.766589045,1571153.1926939)
(0,0,0)
(0,0,0)
(0,0,0)
(0,0,0)
(0,0,0)
(0,0,0)
(2994881.22005876,1842346.6957142,866.983505179608)
(2994246.9137723,1841437.43883642,1995.8533288811)
(2992659.14816936,1839481.64695308,3807.21797351463)
(2989229.81126575,1835592.20433131,7456.1466434869)
(2982203.55867016,1828025.25298041,15467.1882013535)
(2968367.60205452,1812422.61087869,33009.6185814927)
(2942763.20578571,1779153.45212555,68807.8952386376)
(2893746.73478504,1710012.41840605,138989.306945181)
(2750785.63319031,1570767.77355875,346061.503087932)
(2236671.41215088,1224357.57106532,1223998.63548771)
(0,0,0)
(0,0,0)
(0,0,0)
(0,0,0)
(0,0,0)
(0,0,0)
(0,0,0)
(0,0,0)
(0,0,0)
(0,0,0)
(0,0,0)
(0,0,0)
(0,0,0)
(0,0,0)
(0,0,0)
(0,0,0)
(0,0,0)
(0,0,0)
(0,0,0)
(0,0,0)
(0,0,0)
(0,0,0)
(0,0,0)
(0,0,0)
(0,0,0)
(0,0,0)
(0,0,0)
(0,0,0)
(0,0,0)
(0,0,0)
(0,0,0)
(0,0,0)
(0,0,0)
(0,0,0)
(0,0,0)
(0,0,0)
(0,0,0)
(0,0,0)
(0,0,0)
(0,0,0)
(0,0,0)
(0,0,0)
(0,0,0)
(0,0,0)
(0,0,0)
(0,0,0)
(0,0,0)
(0,0,0)
(0,0,0)
(0,0,0)
(0,0,0)
(0,0,0)
(0,0,0)
(0,0,0)
(0,0,0)
(0,0,0)
(0,0,0)
(0,0,0)
(0,0,0)
(0,0,0)
(0,0,0)
(0,0,0)
(0,0,0)
(0,0,0)
(0,0,0)
(0,0,0)
(0,0,0)
(0,0,0)
(0,0,0)
(0,0,0)
(0,0,0)
(0,0,0)
(0,0,0)
(0,0,0)
(0,0,0)
(0,0,0)
(0,0,0)
(0,0,0)
(0,0,0)
(0,0,0)
(0,0,0)
(0,0,0)
(0,0,0)
(0,0,0)
(0,0,0)
(0,0,0)
(0,0,0)
(0,0,0)
(0,0,0)
(0,0,0)
(0,0,0)
(0,0,0)
(0,0,0)
(0,0,0)
(0,0,0)
(0,0,0)
(0,0,0)
(0,0,0)
(0,0,0)
(0,0,0)
(0,0,0)
(0,0,0)
(-78488.6276448122,11628.1780636058,9452.80167907321)
(-81650.6596661601,10951.8824910898,19836.338722222)
(-89030.6759383812,9445.30354263038,32322.5784764322)
(-102447.995430524,6833.82069052904,48158.0856127871)
(-125412.839010843,2850.73251220683,68350.6239352149)
(-163576.905046627,-2323.15267701689,91841.7401524878)
(-225945.531716874,-7087.71837919707,109043.906536635)
(-324738.964837232,-8114.65978478649,80839.2392094234)
(-466514.76070097,-5613.45572372786,-135936.080954168)
(-572008.896186778,-2582.23334111612,-1140602.63155114)
(0,0,0)
(0,0,0)
(0,0,0)
(0,0,0)
(0,0,0)
(0,0,0)
(-81862.2342850115,24357.7480365167,8739.8870422931)
(-85031.1034477006,23069.4360982199,18318.3477497235)
(-92343.7990477807,20181.7483114058,29738.2138876454)
(-105741.899632264,14984.4486137646,44262.3395167151)
(-129029.443971669,6561.44817136378,63318.4548318545)
(-168239.582145564,-5430.32136518238,87227.6716129908)
(-232073.456692578,-17922.4388950462,108148.509136808)
(-329916.418616533,-20103.6403842215,83443.952385587)
(-469126.653285582,-12533.4338303262,-132882.138201726)
(-572950.353421325,-5269.69324098224,-1138041.21317008)
(0,0,0)
(0,0,0)
(0,0,0)
(0,0,0)
(0,0,0)
(0,0,0)
(-89428.6898411215,39198.0582705492,7435.6873700956)
(-92533.8299446018,37494.1454847701,15426.7559357861)
(-99722.1825031374,33602.3824027121,24613.474731068)
(-113252.316218021,26293.2912529831,36000.7125498882)
(-137706.436841386,13418.4217492498,51533.4012813749)
(-180954.163384564,-7744.31843305934,74936.1788241)
(-252633.636057765,-35202.2715196751,106131.178303612)
(-347910.814960463,-39107.6533654361,91085.7233752335)
(-477025.396916324,-20069.1540977094,-125649.452937103)
(-575492.924540987,-7051.3702665444,-1132884.23473449)
(0,0,0)
(0,0,0)
(0,0,0)
(0,0,0)
(0,0,0)
(0,0,0)
(-103112.302994617,56927.1387435033,5738.66743954335)
(-106057.213257892,55127.3100653498,11549.6259396584)
(-113035.02721556,51012.2392160753,17413.4860629631)
(-126849.436721265,43127.3945142517,23345.3371448029)
(-153994.750405946,28390.1257947098,30599.2025941459)
(-209075.947888167,316.865121544311,47680.9800883947)
(-316600.663277797,-49230.8321870166,102405.893134406)
(-406799.90544258,-57016.4710072837,110213.685339518)
(-496768.012218493,-19777.9466710698,-112627.069209809)
(-580909.705120155,-4319.50805334352,-1125880.85958911)
(0,0,0)
(0,0,0)
(0,0,0)
(0,0,0)
(0,0,0)
(0,0,0)
(-126197.131477872,77470.4854098432,3926.07979497814)
(-128861.340382557,75917.9226827835,7395.5778608821)
(-135424.090842456,72491.0654228017,9585.39430743867)
(-149249.858475988,66352.5307783676,8768.74786178061)
(-179598.458150515,56139.9756686398,2715.09366736327)
(-257294.964112096,40545.6491243701,-1692.05370239305)
(-511242.522329091,22724.8074327067,94773.3310597104)
(-606128.037841869,14557.9728788998,147583.082882409)
(-535567.837249287,12856.108567326,-97100.5747327614)
(-589812.319726803,8172.35043016408,-1121524.48483483)
(0,0,0)
(0,0,0)
(0,0,0)
(0,0,0)
(0,0,0)
(0,0,0)
(-164190.81916912,98320.0406304616,2403.24722892992)
(-166488.395341262,97224.094830455,3993.64243671595)
(-172343.675870804,94922.4439329158,3522.91549729006)
(-185214.031952965,91218.6862786542,-1337.07317821347)
(-214750.387263524,85685.1881166221,-12772.3660239411)
(-292330.856629081,77423.4574892448,-19381.0480815981)
(-534194.553521036,65694.3785083948,86835.9861589601)
(-621501.633254158,58988.7932300292,146035.871535201)
(-553848.769901652,42605.746766653,-101677.011138836)
(-598750.236134916,21230.5458404242,-1129579.49055402)
(0,0,0)
(0,0,0)
(0,0,0)
(0,0,0)
(0,0,0)
(0,0,0)
(-226215.515369361,109596.602193421,1337.77046726836)
(-228115.78523656,108968.147738518,1778.54140806118)
(-233047.714972144,107873.446941193,-81.6256204382168)
(-244274.888974954,106802.198736923,-6810.46278750684)
(-271408.306529627,106539.06741315,-20978.3807459424)
(-347445.94522235,107564.149957181,-30995.9460898295)
(-599789.770731787,107657.087712785,80242.5985306296)
(-680203.30081903,123193.579445713,129771.71607334)
(-581229.466088941,68889.8535951068,-122857.640388938)
(-613469.653726824,28608.6320827161,-1150573.45793463)
(0,0,0)
(0,0,0)
(0,0,0)
(0,0,0)
(0,0,0)
(0,0,0)
(-325255.503362548,75173.1621872567,762.347747828358)
(-326718.799241197,74878.4670976694,784.442971085229)
(-330522.596245597,74653.7266808492,-1082.4218409563)
(-339360.831479082,75606.1955711349,-7017.92446726313)
(-361849.402078152,80563.5132999762,-19848.6986373393)
(-431665.994530457,96311.9911264996,-30732.167107935)
(-707379.017389812,130093.615908394,95990.956772336)
(-576452.982789201,83570.4180733014,75639.7855381186)
(-603246.717983748,30862.2446831699,-162875.605674851)
(-636318.835712587,330.543732228548,-1178900.79615518)
(0,0,0)
(0,0,0)
(0,0,0)
(0,0,0)
(0,0,0)
(0,0,0)
(-467511.328334371,-145383.799696591,481.72703368663)
(-468485.649355869,-145615.860594358,595.861388855591)
(-470940.780046494,-145807.683027911,-102.723962034803)
(-476396.705538579,-145355.180588017,-1968.30871616846)
(-488809.015808445,-143035.225292381,-3916.80944556551)
(-518451.701555672,-137610.434198643,3314.36563238351)
(-583196.529426883,-133756.055305671,49767.4128729811)
(-604319.588796879,-163994.797013716,23168.1120288221)
(-659954.143349034,-191301.70433899,-193106.085217428)
(-670432.182106959,-166413.00426751,-1178898.20157917)
(0,0,0)
(0,0,0)
(0,0,0)
(0,0,0)
(0,0,0)
(0,0,0)
(-572865.10629583,-1151543.0523832,258.70585633923)
(-573344.336155814,-1151835.57744381,422.799448965914)
(-574505.103751514,-1152267.62866982,400.123826916919)
(-577031.89727799,-1152773.22478856,433.003386258279)
(-582357.54340362,-1153337.96202405,1649.96900681206)
(-593513.798435285,-1155166.99029446,7441.05240752012)
(-614130.679173752,-1162931.15897968,19863.1678561456)
(-637034.164538579,-1183121.99632302,-3875.60669585592)
(-670635.522342289,-1179481.74878112,-167921.27990601)
(-647213.151974618,-1011886.36563501,-1012210.22759785)
(0,0,0)
(0,0,0)
(0,0,0)
(0,0,0)
(0,0,0)
(0,0,0)
(0,0,0)
(0,0,0)
(0,0,0)
(0,0,0)
(0,0,0)
(0,0,0)
(0,0,0)
(0,0,0)
(0,0,0)
(0,0,0)
(0,0,0)
(0,0,0)
(0,0,0)
(0,0,0)
(0,0,0)
(0,0,0)
(0,0,0)
(0,0,0)
(0,0,0)
(0,0,0)
(0,0,0)
(0,0,0)
(0,0,0)
(0,0,0)
(0,0,0)
(0,0,0)
(0,0,0)
(0,0,0)
(0,0,0)
(0,0,0)
(0,0,0)
(0,0,0)
(0,0,0)
(0,0,0)
(0,0,0)
(0,0,0)
(0,0,0)
(0,0,0)
(0,0,0)
(0,0,0)
(0,0,0)
(0,0,0)
(0,0,0)
(0,0,0)
(0,0,0)
(0,0,0)
(0,0,0)
(0,0,0)
(0,0,0)
(0,0,0)
(0,0,0)
(0,0,0)
(0,0,0)
(0,0,0)
(0,0,0)
(0,0,0)
(0,0,0)
(0,0,0)
(0,0,0)
(0,0,0)
(0,0,0)
(0,0,0)
(0,0,0)
(0,0,0)
(0,0,0)
(0,0,0)
(0,0,0)
(0,0,0)
(0,0,0)
(0,0,0)
(0,0,0)
(0,0,0)
(0,0,0)
(0,0,0)
(0,0,0)
(0,0,0)
(0,0,0)
(0,0,0)
(0,0,0)
(0,0,0)
(0,0,0)
(0,0,0)
(0,0,0)
(0,0,0)
(0,0,0)
(0,0,0)
(0,0,0)
(0,0,0)
(0,0,0)
(0,0,0)
(0,0,0)
(0,0,0)
(0,0,0)
(0,0,0)
(0,0,0)
(0,0,0)
(-92922.0286177063,8239.19310282284,6194.20787007217)
(-95583.5573489758,7594.8247162239,12532.2808366637)
(-101670.273478826,6136.10899047039,19035.7693866405)
(-112300.258128965,3494.363582862,25393.6685022169)
(-129481.461231347,-829.286477233446,30291.5771999572)
(-155789.080510467,-7033.5805880718,29537.3332518705)
(-193537.676875739,-13263.854079784,10393.3324905221)
(-240377.486738402,-13318.530663556,-60649.6149447518)
(-277911.768034494,-8203.69186179536,-241048.915749425)
(-241524.591380704,-3479.21540041968,-568054.005155093)
(0,0,0)
(0,0,0)
(0,0,0)
(0,0,0)
(0,0,0)
(0,0,0)
(-95935.6344118338,16740.7910040246,5571.80222562105)
(-98504.5545656831,15539.847390003,11100.2306698204)
(-104283.279559131,12747.1786166272,16428.641555014)
(-114356.023586731,7400.21901511373,21136.9100772266)
(-130737.383375245,-2209.80779830657,24225.3708018758)
(-156296.71735062,-18219.5326480277,23468.4580668939)
(-193806.58598158,-38512.2077594366,10449.9410355555)
(-239234.32530444,-38089.7802223839,-55460.9027177033)
(-276063.454488207,-20397.4447051008,-236330.348671776)
(-240397.333096459,-7778.93558846744,-564583.648808622)
(0,0,0)
(0,0,0)
(0,0,0)
(0,0,0)
(0,0,0)
(0,0,0)
(-102614.951935289,25554.2589076276,4372.79419056677)
(-104944.329555141,23992.0627759428,8331.07841516273)
(-110066.557422966,20244.495380354,11178.1365712623)
(-118979.084169795,12636.8373635245,11668.286174628)
(-133722.287884841,-2924.9747093047,8399.30412907815)
(-158256.930415698,-35901.9560910064,3384.49460318179)
(-199622.904086229,-99169.1146141648,11030.669486381)
(-239264.352971922,-97996.6455379378,-37708.927186611)
(-271563.682262778,-39838.4027415767,-223729.683803687)
(-237630.809101083,-12490.0522256284,-556880.682606453)
(0,0,0)
(0,0,0)
(0,0,0)
(0,0,0)
(0,0,0)
(0,0,0)
(-114349.377550996,33963.694065623,2827.63939838724)
(-116265.409756934,32381.2599734216,4646.63869995361)
(-120425.110349015,28590.6795658296,3690.53764793544)
(-127452.320163889,20678.1629965233,-3747.90454244023)
(-139000.890926268,2756.51182339125,-24423.2505548088)
(-161780.700174416,-47904.2743577356,-59716.1800018369)
(-244046.360572132,-243827.201053643,12387.6037319698)
(-256667.426964093,-256306.720322264,20565.2000378135)
(-261079.327793878,-58600.7601174563,-196361.127010922)
(-232028.59031203,-13254.9165103628,-544477.377534301)
(0,0,0)
(0,0,0)
(0,0,0)
(0,0,0)
(0,0,0)
(0,0,0)
(-133028.525235371,39559.0808464287,1236.00697669434)
(-134421.081409647,38326.6518089365,850.356168268894)
(-137335.735415518,35526.7983532586,-4174.11804609647)
(-141489.181216591,30319.9491145841,-21576.5814235534)
(-144421.000734067,20962.6025108164,-74960.1295274289)
(-130178.595179788,5546.23172599571,-255527.00454347)
(-5.98347915557384e-05,-1.69449362264549e-05,3.87521238436127e-05)
(-583.997085581527,-758.396280080357,218449.109669159)
(-219339.045192042,-5446.81521440578,-150933.627291146)
(-221966.852978237,-814.329484234351,-531219.681065858)
(0,0,0)
(0,0,0)
(0,0,0)
(0,0,0)
(0,0,0)
(0,0,0)
(-160961.516718038,36300.1770156627,29.6013796857434)
(-161857.406078844,35610.0743056476,-1884.81037944335)
(-163617.04378486,34208.7600727226,-9293.40418485154)
(-165431.948485399,32127.3268382796,-30882.8653761132)
(-163323.200586568,28992.2353990172,-90339.6849412688)
(-138315.884116368,22277.3472080312,-261085.772936014)
(-5.46125073824375e-05,-2.36595806195442e-05,3.18124528533818e-05)
(103.38973853501,259.992184913954,214038.501094906)
(-214277.732155596,15209.1740565267,-146188.525922086)
(-221892.47560518,6483.85890809487,-530344.474844109)
(0,0,0)
(0,0,0)
(0,0,0)
(0,0,0)
(0,0,0)
(0,0,0)
(-199873.663846687,10594.6624966522,-636.337003661786)
(-200388.999795947,10427.9414690654,-3180.98960769936)
(-201237.588890756,10481.2250707051,-11263.5806870647)
(-201277.665892756,11818.0083211328,-33951.4852521117)
(-195583.193707757,16187.0809898067,-96971.4436647725)
(-162295.865396386,23390.1073817044,-283234.283664404)
(-0.000145859807256015,5.08470665646328e-05,3.94301637512869e-05)
(-104.87632813769,226978.024690414,228970.71848314)
(-229189.197437772,46932.6512895246,-154793.027401036)
(-230876.683171406,5792.84038378668,-536694.97943212)
(0,0,0)
(0,0,0)
(0,0,0)
(0,0,0)
(0,0,0)
(0,0,0)
(-247139.604098795,-66796.0924229525,-725.144344147769)
(-247401.13199395,-66607.0891456519,-3007.78097667574)
(-247673.374561945,-65515.8047100085,-9859.97287961547)
(-246723.289854891,-61196.8191195609,-29482.6870631165)
(-239344.832081009,-46204.0617362049,-89596.114334251)
(-201118.788817971,9627.23572377313,-306380.448388811)
(-164.655883286018,254289.921963249,227022.154722608)
(-227209.559669523,55733.9108758694,49022.8454174749)
(-285762.804352125,-25801.2305603075,-195727.186364317)
(-250263.718283373,-33734.5851871103,-542254.878222612)
(0,0,0)
(0,0,0)
(0,0,0)
(0,0,0)
(0,0,0)
(0,0,0)
(-283634.786650347,-250196.394241591,-476.23986537578)
(-283763.855040032,-249961.447492408,-1843.67583445089)
(-283828.633286083,-248944.32470584,-5527.30259901816)
(-283127.834511031,-245620.589721791,-14372.4030243335)
(-279562.565957588,-236286.35673897,-33536.5578724164)
(-268510.902468188,-212441.461442201,-61408.6597939282)
(-254492.444988685,-164532.203520887,28709.3812520056)
(-290912.924149409,-196610.347371789,-32353.0251478006)
(-312684.394655879,-201955.955280171,-203468.049121085)
(-256226.580883507,-143152.332226555,-508255.903305087)
(0,0,0)
(0,0,0)
(0,0,0)
(0,0,0)
(0,0,0)
(0,0,0)
(-244800.532914505,-578051.7911851,-209.176437820867)
(-244863.870536336,-577899.91706842,-751.172481288041)
(-244871.040989146,-577217.080874816,-2112.47907467509)
(-244609.102988215,-575248.394870509,-4907.46821572442)
(-243498.75067517,-570525.794596925,-9526.82308622021)
(-241082.634790052,-561226.155161441,-13173.2930122202)
(-240374.834741728,-548447.904140503,-3013.43682460533)
(-253383.720825775,-545830.020299914,-37444.207609272)
(-256889.548913762,-508694.123330788,-144452.012987175)
(-205409.683820055,-364543.720752326,-364864.092615952)
(0,0,0)
(0,0,0)
(0,0,0)
(0,0,0)
(0,0,0)
(0,0,0)
(0,0,0)
(0,0,0)
(0,0,0)
(0,0,0)
(0,0,0)
(0,0,0)
(0,0,0)
(0,0,0)
(0,0,0)
(0,0,0)
(0,0,0)
(0,0,0)
(0,0,0)
(0,0,0)
(0,0,0)
(0,0,0)
(0,0,0)
(0,0,0)
(0,0,0)
(0,0,0)
(0,0,0)
(0,0,0)
(0,0,0)
(0,0,0)
(0,0,0)
(0,0,0)
(0,0,0)
(0,0,0)
(0,0,0)
(0,0,0)
(0,0,0)
(0,0,0)
(0,0,0)
(0,0,0)
(0,0,0)
(0,0,0)
(0,0,0)
(0,0,0)
(0,0,0)
(0,0,0)
(0,0,0)
(0,0,0)
(0,0,0)
(0,0,0)
(0,0,0)
(0,0,0)
(0,0,0)
(0,0,0)
(0,0,0)
(0,0,0)
(0,0,0)
(0,0,0)
(0,0,0)
(0,0,0)
(0,0,0)
(0,0,0)
(0,0,0)
(0,0,0)
(0,0,0)
(0,0,0)
(0,0,0)
(0,0,0)
(0,0,0)
(0,0,0)
(0,0,0)
(0,0,0)
(0,0,0)
(0,0,0)
(0,0,0)
(0,0,0)
(0,0,0)
(0,0,0)
(0,0,0)
(0,0,0)
(0,0,0)
(0,0,0)
(0,0,0)
(0,0,0)
(0,0,0)
(0,0,0)
(0,0,0)
(0,0,0)
(0,0,0)
(0,0,0)
(0,0,0)
(0,0,0)
(0,0,0)
(0,0,0)
(0,0,0)
(0,0,0)
(0,0,0)
(0,0,0)
(0,0,0)
(0,0,0)
(0,0,0)
(0,0,0)
(-101444.798892384,5105.61516113129,3417.15511354452)
(-103258.343146875,4613.03569535533,6478.90521609007)
(-107211.647523906,3498.88402207351,8521.39523909603)
(-113623.650075531,1424.12125670376,8420.66592895945)
(-123072.333639008,-2129.23165356593,4140.76999017893)
(-135968.119517198,-7577.25933127671,-8102.93167181497)
(-151790.783982882,-13541.694045744,-36308.1305189263)
(-166567.960399153,-12158.6528209864,-97959.0040371895)
(-165088.288294958,-6350.23659708887,-204432.247179632)
(-117424.629322332,-2351.03925401486,-326181.169983962)
(0,0,0)
(0,0,0)
(0,0,0)
(0,0,0)
(0,0,0)
(0,0,0)
(-103707.05018347,9889.22217348571,2987.8087592786)
(-105305.03720136,8984.34015682676,5416.98693348571)
(-108717.703175469,6852.46640110658,6497.82817079233)
(-114036.036891565,2654.86308640972,4947.09964592287)
(-121411.564913382,-5326.07114053125,-1181.87932897679)
(-130816.40991394,-20287.3006087069,-13952.1454882249)
(-142071.451817362,-44385.9562983929,-34843.0173998002)
(-156038.179265773,-38123.0112780027,-92074.8049814555)
(-158183.147433172,-15893.4958981124,-200411.852735472)
(-114313.462109524,-5009.43033087237,-323837.33264553)
(0,0,0)
(0,0,0)
(0,0,0)
(0,0,0)
(0,0,0)
(0,0,0)
(-108604.421063537,13773.4045174912,2105.2867842424)
(-109810.465703836,12621.5590541341,3334.20403563321)
(-112135.066922481,9844.85315020418,2410.32678604849)
(-115121.348542984,4104.0500441356,-2896.59579848867)
(-117693.899032852,-8278.52050205662,-15972.5352889513)
(-117137.824407249,-39510.2889276474,-37868.6529784502)
(-109737.003581004,-143692.130794232,-28448.3789878399)
(-120587.910557763,-115453.309886531,-69794.5227934735)
(-138370.627359749,-29373.1121492188,-189507.9614454)
(-106371.297001776,-6894.93739740266,-318881.966478183)
(0,0,0)
(0,0,0)
(0,0,0)
(0,0,0)
(0,0,0)
(0,0,0)
(-116890.846976074,15351.1510149134,963.72292765339)
(-117523.637477553,14229.9907107255,613.518991680545)
(-118376.979729686,11645.7374639996,-3235.4959414423)
(-118002.060962148,6600.06361107094,-15181.7687101176)
(-112666.415875934,-2731.98843757262,-47062.7758249397)
(-90087.9634772442,-16405.7300949967,-141860.071354764)
(-3.0217196182831e-05,-4.87949509459456e-06,1.47901811014351e-05)
(-199.729854019913,-255.254533085698,16391.5390985519)
(-90207.8025602348,-16837.1915733166,-167015.906710986)
(-90657.0774316574,-3169.94055186383,-312112.416436911)
(0,0,0)
(0,0,0)
(0,0,0)
(0,0,0)
(0,0,0)
(0,0,0)
(-129239.084479565,11720.1978643995,-158.487605291113)
(-129273.557454997,10914.4273450865,-1990.44819430326)
(-128618.834110864,9214.38373214028,-8275.99576709877)
(-125036.813323565,6350.67249664837,-24478.9725457014)
(-113055.685181105,2047.63643916128,-60623.912975394)
(-79341.2687162273,-2605.98413357265,-125260.985400374)
(2.36896688134097e-06,-2.72684296541685e-06,-6.91982932866896e-05)
(-6.45284872529165e-05,-8.27666563706995e-06,3.48668397061474e-06)
(-77.0008358570294,-360.88143440938,-153292.221268879)
(-68736.1942101056,-727.630305553327,-308965.19028329)
(0,0,0)
(0,0,0)
(0,0,0)
(0,0,0)
(0,0,0)
(0,0,0)
(-145760.722888571,-2571.59092888871,-909.005036177526)
(-145315.60854725,-2910.9897413964,-3625.38548128849)
(-143513.376541882,-3418.73219616314,-11095.9367959636)
(-137675.486118077,-3718.74914822939,-28782.9775184059)
(-121556.398485279,-3258.90107966558,-65243.2421008635)
(-81828.2552253205,-1712.4553331066,-122624.399792376)
(-1.71836781941298e-06,-6.52036382315597e-06,-5.37760259330695e-05)
(-4.72750927121448e-05,-1.61453651040871e-05,1.60556058127187e-06)
(149.719906514449,294.316267467091,-153561.578331329)
(-65497.7025971145,-2491.63512542425,-308192.346519532)
(0,0,0)
(0,0,0)
(0,0,0)
(0,0,0)
(0,0,0)
(0,0,0)
(-164663.598054673,-36597.1381094223,-1184.51861147844)
(-163952.809590907,-36514.6158082588,-4017.08274964882)
(-161525.779977199,-35869.178889029,-11278.4449703481)
(-154501.915447806,-33516.4136129009,-28256.5309506304)
(-136041.902472901,-27453.4621751029,-63603.2610900528)
(-91424.0641104068,-15340.7668528734,-120846.750856268)
(-8.53775845330811e-06,-8.5334827907675e-05,-6.28973892084576e-05)
(-8.28004076402796e-05,1.67391424948594e-06,1.84415654058333e-06)
(-98.1811498342079,-9571.27191603908,-156289.097786387)
(-70513.8303666757,-13569.3120019442,-305574.273714593)
(0,0,0)
(0,0,0)
(0,0,0)
(0,0,0)
(0,0,0)
(0,0,0)
(-179672.340479548,-103045.909786171,-1018.49194249593)
(-178928.160578934,-102736.932509563,-3269.1466562151)
(-176495.960989348,-101455.567147187,-8860.17197065574)
(-169634.373666205,-97381.8036015056,-22083.698170735)
(-151362.534157866,-86205.1721246084,-51314.2861443674)
(-104781.220552517,-57641.3922769708,-105351.228985728)
(-0.000101719064446322,6.28523216604203e-06,5.41372065230867e-06)
(-9.83764180296099,-7941.77847665307,-9410.08447498066)
(-91977.3763605769,-52682.4855779744,-160084.298804594)
(-92469.4258164082,-39672.1519213514,-291775.751352149)
(0,0,0)
(0,0,0)
(0,0,0)
(0,0,0)
(0,0,0)
(0,0,0)
(-175109.41962186,-210967.915654226,-603.361160430015)
(-174534.839907195,-210691.242226131,-1878.06657669572)
(-172711.654315534,-209683.546163555,-4767.06653087635)
(-167649.656115414,-206833.817947217,-10793.230580784)
(-154058.85818529,-200003.485933017,-22498.6245446698)
(-116361.589273926,-184909.508130444,-47379.8218854588)
(231.989237524478,-150408.250454007,-7659.61074700268)
(-93400.4723197268,-159081.936069382,-54031.9049839562)
(-126273.384787886,-146173.955740852,-146951.444689072)
(-98572.8378997621,-92342.8097217033,-251934.529872466)
(0,0,0)
(0,0,0)
(0,0,0)
(0,0,0)
(0,0,0)
(0,0,0)
(-122676.004124919,-332840.177427924,-252.267015892681)
(-122378.922973684,-332682.887942919,-745.568861768693)
(-121465.829159699,-332033.543742472,-1800.78311231627)
(-119089.053969687,-330371.914381985,-3782.73569607618)
(-113327.240266491,-326824.703235663,-7133.02880210163)
(-100618.047188988,-320034.233568058,-12472.8909655518)
(-79276.1668596869,-308001.688463895,-15978.1208377144)
(-95129.3713882376,-292403.667959707,-40910.7383849287)
(-99224.8964817464,-251795.191987424,-92954.1545703878)
(-72180.4309463898,-159118.566540819,-159407.650624946)
(0,0,0)
(0,0,0)
(0,0,0)
(0,0,0)
(0,0,0)
(0,0,0)
(0,0,0)
(0,0,0)
(0,0,0)
(0,0,0)
(0,0,0)
(0,0,0)
(0,0,0)
(0,0,0)
(0,0,0)
(0,0,0)
(0,0,0)
(0,0,0)
(0,0,0)
(0,0,0)
(0,0,0)
(0,0,0)
(0,0,0)
(0,0,0)
(0,0,0)
(0,0,0)
(0,0,0)
(0,0,0)
(0,0,0)
(0,0,0)
(0,0,0)
(0,0,0)
(0,0,0)
(0,0,0)
(0,0,0)
(0,0,0)
(0,0,0)
(0,0,0)
(0,0,0)
(0,0,0)
(0,0,0)
(0,0,0)
(0,0,0)
(0,0,0)
(0,0,0)
(0,0,0)
(0,0,0)
(0,0,0)
(0,0,0)
(0,0,0)
(0,0,0)
(0,0,0)
(0,0,0)
(0,0,0)
(0,0,0)
(0,0,0)
(0,0,0)
(0,0,0)
(0,0,0)
(0,0,0)
(0,0,0)
(0,0,0)
(0,0,0)
(0,0,0)
(0,0,0)
(0,0,0)
(0,0,0)
(0,0,0)
(0,0,0)
(0,0,0)
(0,0,0)
(0,0,0)
(0,0,0)
(0,0,0)
(0,0,0)
(0,0,0)
(0,0,0)
(0,0,0)
(0,0,0)
(0,0,0)
(0,0,0)
(0,0,0)
(0,0,0)
(0,0,0)
(0,0,0)
(0,0,0)
(0,0,0)
(0,0,0)
(0,0,0)
(0,0,0)
(0,0,0)
(0,0,0)
(0,0,0)
(0,0,0)
(0,0,0)
(0,0,0)
(0,0,0)
(0,0,0)
(0,0,0)
(0,0,0)
(0,0,0)
(0,0,0)
(-105696.844823101,2680.81209724966,1571.23383347089)
(-106682.922627565,2402.30316316995,2593.51015099148)
(-108668.959834209,1851.55373775949,2199.26872353393)
(-111472.243107428,916.300559398316,-868.438803967783)
(-114835.571721189,-552.186042073812,-8553.01467971296)
(-118251.238359906,-2472.72596080007,-23797.169876202)
(-120743.131884908,-3838.1444616972,-51006.6775124801)
(-119574.034014799,-1617.25572260089,-96383.3481742324)
(-105419.967184836,558.304661617,-156609.97394596)
(-66189.2199170563,747.076465170246,-208592.459816425)
(0,0,0)
(0,0,0)
(0,0,0)
(0,0,0)
(0,0,0)
(0,0,0)
(-107118.376958571,4729.39581403579,1362.74305831934)
(-107870.850741387,4253.98327929065,2076.87648222417)
(-109289.537459097,3220.46568723472,1279.79881637764)
(-110919.402018498,1366.71187455657,-2287.24737185001)
(-112070.615173092,-1780.0695885273,-10400.3135656854)
(-111864.959577307,-6723.66826188549,-25100.821601236)
(-110167.722467334,-12118.8703153192,-48723.8250976362)
(-109525.922799975,-2709.48661855069,-94143.8506674821)
(-99257.3668986621,3892.68303272539,-156404.009573092)
(-63492.8508509329,2916.60237879306,-209394.146745312)
(0,0,0)
(0,0,0)
(0,0,0)
(0,0,0)
(0,0,0)
(0,0,0)
(-110089.257616069,5284.6426473909,929.589719178008)
(-110443.112082635,4723.05887020422,1093.16050706374)
(-110768.288062124,3447.02465509934,-500.177321153019)
(-109991.211734239,1061.73328238577,-5325.33553773034)
(-106160.07524532,-3404.63259350436,-15234.5963202827)
(-96133.0272926891,-12585.8799268832,-30377.1817698513)
(-78946.9702060303,-34086.7723594098,-39199.3131007331)
(-79882.8610958914,4872.62484381974,-87486.4740249744)
(-83388.3438572526,18768.4316335882,-157344.506128338)
(-57236.7222822718,8809.45238228795,-212371.930851329)
(0,0,0)
(0,0,0)
(0,0,0)
(0,0,0)
(0,0,0)
(0,0,0)
(-114865.764485315,2905.84024414985,353.719912481127)
(-114667.448289906,2382.01462580468,-161.42503076503)
(-113549.493550702,1290.06198927018,-2831.94854391994)
(-109515.087873153,-543.368682603167,-9713.81966792748)
(-98225.3776116153,-3248.73718041606,-24310.7533453335)
(-69520.2415525649,-5765.64129223322,-51698.7139046643)
(-2.68411389534378e-05,-5.46077690830585e-06,-1.63182916565657e-06)
(67.1187328604495,-35.7809673047588,-73498.134850535)
(-50990.1055812624,73339.2236400331,-167286.623835956)
(-46608.2967191382,18758.7081774028,-221284.660343596)
(0,0,0)
(0,0,0)
(0,0,0)
(0,0,0)
(0,0,0)
(0,0,0)
(-121349.111591821,-4825.51547109378,-158.617172497881)
(-120632.933341037,-5165.99576671398,-1251.23089393803)
(-118185.046948627,-5738.3539412227,-4656.60212568263)
(-111487.880478481,-6339.95456635357,-12408.9490870148)
(-95413.5130875772,-6510.48960440501,-26789.3687565543)
(-60945.5119757778,-5128.53982201607,-45822.2269672211)
(1.99522269705426e-06,-1.64447539700416e-06,-5.20922712173203e-06)
(-5.73307682696878e-05,-1.88474146540542e-06,-1.04746402444818e-05)
(273.468567218294,-124.890629192745,-221829.460295233)
(-34233.3544568345,2490.65253520298,-240064.244406308)
(0,0,0)
(0,0,0)
(0,0,0)
(0,0,0)
(0,0,0)
(0,0,0)
(-128651.292266,-21493.7520022641,-441.19409140315)
(-127587.968435472,-21566.1983217971,-1768.63164809961)
(-124311.581928412,-21461.364396399,-5247.41580639725)
(-116058.233855119,-20583.1553846032,-12621.4672511055)
(-97506.7855293832,-17774.109717465,-25407.4600939405)
(-60373.4627548789,-11327.178260267,-40663.6141261321)
(-1.34715926072018e-06,-3.57404548940308e-06,-3.68565583540981e-12)
(-3.95992245791344e-05,-2.31542378913354e-06,-7.24518949493834e-06)
(187.921970122921,9.21672010246963,-219147.855417825)
(-32064.7697170237,-7539.84639575509,-242550.289366956)
(0,0,0)
(0,0,0)
(0,0,0)
(0,0,0)
(0,0,0)
(0,0,0)
(-134179.795538244,-51534.1174102631,-443.437108435363)
(-133005.976897294,-51406.4980120777,-1549.97011177226)
(-129514.046030241,-50765.6505533549,-4257.41790177269)
(-120956.550434117,-48603.863455093,-9782.07484497358)
(-101959.098121459,-42735.8216847027,-18903.1672291757)
(-63681.4523551721,-28682.2713411872,-29290.6859034894)
(-6.60746857548516e-06,-6.53310789137571e-06,-4.36997682579057e-12)
(-6.96928176388284e-05,-3.39630061261815e-06,-1.20267175479433e-05)
(-289.815110087619,-101483.141898687,-226589.196499603)
(-34168.3272570818,-35575.842668949,-234898.703336018)
(0,0,0)
(0,0,0)
(0,0,0)
(0,0,0)
(0,0,0)
(0,0,0)
(-132642.742623451,-98326.1150517105,-237.600214651296)
(-131606.052595767,-98180.9788872069,-785.227322683445)
(-128556.930431361,-97519.770971098,-1970.13746292872)
(-121126.554436938,-95297.3789322209,-3784.44121506507)
(-104387.932131426,-88835.7134110999,-4659.15151510905)
(-68505.8770866619,-69227.9316145272,-388.834707625183)
(-8.84774536582895e-05,-1.55721859403005e-05,-4.16283046779112e-06)
(-45.7606867817232,-101391.34543569,-101326.78772459)
(-47276.3990347225,-87010.6679326557,-160500.239016474)
(-43604.0594500694,-45800.9349606136,-199140.513091149)
(0,0,0)
(0,0,0)
(0,0,0)
(0,0,0)
(0,0,0)
(0,0,0)
(-115087.795377448,-158345.577197243,-2.16209888088701)
(-114352.522996934,-158370.677264843,5.21936848725242)
(-112261.69267912,-158323.883894934,359.370655908018)
(-107247.411215268,-158184.605206453,2844.35202999409)
(-96074.7373032207,-159221.039912493,15245.5576493155)
(-70445.6550111313,-169192.863872089,69294.5556440787)
(17.6657246113216,-230020.53079629,-101229.362714051)
(-48344.7159364239,-160847.839396641,-86828.6251364017)
(-61756.9562659056,-119155.304508071,-119200.417082973)
(-44331.7792255817,-65973.2976061703,-153269.113111595)
(0,0,0)
(0,0,0)
(0,0,0)
(0,0,0)
(0,0,0)
(0,0,0)
(-71118.3200362606,-209955.408068726,52.1467828314357)
(-70746.4119968337,-210137.824629598,186.783170733563)
(-69739.6786520216,-210483.045980942,619.794749065547)
(-67427.0878436231,-211232.66739824,2005.89081479002)
(-62655.2401033376,-213485.830398355,5598.68113751163)
(-53664.5059626646,-219453.918641054,8906.19468014975)
(-39836.3505268531,-228785.536574221,-31768.6158747561)
(-45464.6613119452,-197325.290015609,-44955.8753320827)
(-44814.8237184114,-152622.912392333,-65898.3402111465)
(-29908.3318594088,-86945.0580953695,-87198.6788089361)
(0,0,0)
(0,0,0)
(0,0,0)
(0,0,0)
(0,0,0)
(0,0,0)
(0,0,0)
(0,0,0)
(0,0,0)
(0,0,0)
(0,0,0)
(0,0,0)
(0,0,0)
(0,0,0)
(0,0,0)
(0,0,0)
(0,0,0)
(0,0,0)
(0,0,0)
(0,0,0)
(0,0,0)
(0,0,0)
(0,0,0)
(0,0,0)
(0,0,0)
(0,0,0)
(0,0,0)
(0,0,0)
(0,0,0)
(0,0,0)
(0,0,0)
(0,0,0)
(0,0,0)
(0,0,0)
(0,0,0)
(0,0,0)
(0,0,0)
(0,0,0)
(0,0,0)
(0,0,0)
(0,0,0)
(0,0,0)
(0,0,0)
(0,0,0)
(0,0,0)
(0,0,0)
(0,0,0)
(0,0,0)
(0,0,0)
(0,0,0)
(0,0,0)
(0,0,0)
(0,0,0)
(0,0,0)
(0,0,0)
(0,0,0)
(0,0,0)
(0,0,0)
(0,0,0)
(0,0,0)
(0,0,0)
(0,0,0)
(0,0,0)
(0,0,0)
(0,0,0)
(0,0,0)
(0,0,0)
(0,0,0)
(0,0,0)
(0,0,0)
(0,0,0)
(0,0,0)
(0,0,0)
(0,0,0)
(0,0,0)
(0,0,0)
(0,0,0)
(0,0,0)
(0,0,0)
(0,0,0)
(0,0,0)
(0,0,0)
(0,0,0)
(0,0,0)
(0,0,0)
(0,0,0)
(0,0,0)
(0,0,0)
(0,0,0)
(0,0,0)
(0,0,0)
(0,0,0)
(0,0,0)
(0,0,0)
(0,0,0)
(0,0,0)
(0,0,0)
(0,0,0)
(0,0,0)
(0,0,0)
(0,0,0)
(0,0,0)
(-107444.105408948,1133.30583290917,613.954752933602)
(-107889.645620175,1104.28852360542,716.389221936667)
(-108577.589598482,1134.90310675381,-509.884120544521)
(-109201.146685481,1378.51116481105,-4159.49170729929)
(-109202.196388044,2126.61098494365,-11919.478025387)
(-107794.51425189,3876.48636458582,-26252.6884979872)
(-103944.828407766,6735.64722831372,-49786.6392034404)
(-95662.3287345828,8484.66162311263,-82183.0061067718)
(-77176.268728418,6797.47467079337,-117224.179233984)
(-44556.355491607,3481.96940607902,-142339.013065522)
(0,0,0)
(0,0,0)
(0,0,0)
(0,0,0)
(0,0,0)
(0,0,0)
(-108137.482111158,1532.30444521181,620.106540282152)
(-108421.842225228,1507.00627713889,768.380270591106)
(-108735.754408526,1599.35033214602,-249.850005373045)
(-108594.284746303,2169.38707729226,-3365.84319004753)
(-107222.028730376,4028.54389887618,-10116.362546698)
(-103704.948408473,8952.17534419466,-23352.0626951408)
(-97875.0794262282,19100.5739761161,-48009.6324840526)
(-92188.1491519939,26978.0458014944,-83840.790310425)
(-75595.4710082806,19829.2413215638,-120534.452851583)
(-43915.7147329045,9222.16783517451,-145851.787398708)
(0,0,0)
(0,0,0)
(0,0,0)
(0,0,0)
(0,0,0)
(0,0,0)
(-109500.646370049,314.267362118544,629.425837072059)
(-109516.501283845,313.210683411404,896.610632007618)
(-109121.015734327,484.123017247997,364.56561910656)
(-107407.273959659,1368.9108561595,-1418.89593433783)
(-102832.296194025,4400.26236999937,-5118.39345675687)
(-93103.2861886338,13947.4514905103,-13143.4107071262)
(-77757.1964536173,44860.4598809983,-40093.0703644231)
(-86890.6600576362,84866.0215689438,-90973.2471701296)
(-74619.1999486712,51210.4295534741,-131123.579310615)
(-43532.1402224476,19479.6708840708,-155085.664419347)
(0,0,0)
(0,0,0)
(0,0,0)
(0,0,0)
(0,0,0)
(0,0,0)
(-111440.630604952,-3713.92079556174,603.05427731841)
(-111086.352735239,-3719.12471737313,1054.29412343254)
(-109734.539431856,-3521.64727443317,1245.11029626548)
(-105829.216545609,-2697.26435499107,1625.41417987295)
(-96044.2653667546,-603.846315347732,4448.41062036585)
(-71677.0245382722,2694.87130446221,17857.7737921235)
(-1.52284267624758e-05,1.05647611978439e-06,-1.08150155422934e-05)
(-100860.996855422,45.3677720433084,-124595.974367423)
(-86179.1077582721,124661.546244134,-162858.088881081)
(-46536.0749492742,31151.4844438789,-174602.124210733)
(0,0,0)
(0,0,0)
(0,0,0)
(0,0,0)
(0,0,0)
(0,0,0)
(-113463.949520364,-12230.9760952559,631.893228233802)
(-112776.287397014,-12214.7268649378,1270.84943177728)
(-110554.268001091,-11956.4964912407,2074.91970104818)
(-104815.950882927,-11006.1207805108,3711.84653101046)
(-91306.8308536973,-8718.10658340016,7719.42456518308)
(-61056.968918186,-4648.48648370482,15174.2392957596)
(2.82967101906812e-06,-2.49345781194312e-07,1.10407199022503e-06)
(-3.93532747147899e-05,2.30163043322361e-06,-1.93202789262104e-05)
(-157346.355519695,-215.27781071375,-256352.635864438)
(-58305.3923385208,4642.59910146654,-205771.712640347)
(0,0,0)
(0,0,0)
(0,0,0)
(0,0,0)
(0,0,0)
(0,0,0)
(-114477.28884996,-27128.5348989786,723.555387680931)
(-113587.315640721,-27091.7885992504,1599.96432724426)
(-110940.875230302,-26763.7294225258,3036.49056042248)
(-104426.034542467,-25576.3604686177,5974.53093587854)
(-89701.3794412735,-22311.8514192182,11762.8696835885)
(-58335.7964751334,-14698.9265925827,19775.6435127196)
(-2.931019536912e-08,-6.43728327097834e-07,2.77972389340825e-13)
(-2.76620661112427e-05,3.0510133561104e-06,-1.26865411128064e-05)
(-148918.202811974,-492.028781197112,-251398.269076221)
(-58735.8736363616,-9671.48341810849,-210413.082637316)
(0,0,0)
(0,0,0)
(0,0,0)
(0,0,0)
(0,0,0)
(0,0,0)
(-112126.153918562,-50014.0422045883,831.865685931535)
(-111259.432083099,-50038.3265766445,2031.85884912992)
(-108738.48295398,-49834.9438394256,4327.5101897665)
(-102681.694132181,-48807.6523895245,9283.94580873856)
(-89229.5609257118,-45194.8536143833,19437.4108081549)
(-59907.7931717976,-33539.5562484147,34504.381280609)
(-3.698014773104e-06,-2.06589693237142e-06,-3.28011495425498e-13)
(-3.89466538338447e-05,-6.45585010126973e-06,-2.12393006756153e-05)
(-162852.250647222,-148482.899291936,-260377.106524774)
(-58542.3564323797,-45041.1005873941,-200633.460180192)
(0,0,0)
(0,0,0)
(0,0,0)
(0,0,0)
(0,0,0)
(0,0,0)
(-102860.031720394,-80714.7678659814,918.014758338896)
(-102196.60887927,-80905.5957357738,2375.84020096852)
(-100320.534178891,-81190.9895615206,5495.48967059355)
(-96052.3632027377,-81417.9867177562,13031.6327646244)
(-87303.3594545276,-80559.4288362988,31311.6353096409)
(-67793.271658697,-71216.3828888872,68275.8565221478)
(-5.18493163030685e-05,-2.72530074882459e-05,-8.77953862811282e-06)
(-119794.045360791,-149744.127592174,-148494.504602484)
(-85899.8233665156,-101535.803054627,-156818.17650801)
(-43451.7099616847,-46540.8759384986,-155470.750645285)
(0,0,0)
(0,0,0)
(0,0,0)
(0,0,0)
(0,0,0)
(0,0,0)
(-82299.3896653611,-114335.436556561,832.262978489442)
(-81884.8949696861,-114765.983796688,2225.02301215627)
(-80842.6046500737,-115811.670519341,5426.6159409273)
(-78945.0687646091,-118383.515742997,14089.8025155056)
(-77629.6210680459,-125883.088131683,40968.3455757159)
(-88046.2717466695,-152511.856917193,139864.43633956)
(-181835.925440757,-269955.00492241,-149507.82796558)
(-89411.1218568034,-158020.641323285,-100164.908314084)
(-59474.1512973954,-102245.954009583,-101737.562327648)
(-32214.4146532073,-51550.9885137634,-108844.814324752)
(0,0,0)
(0,0,0)
(0,0,0)
(0,0,0)
(0,0,0)
(0,0,0)
(-47126.5490335213,-138809.283440102,482.07588080247)
(-46932.5970539862,-139379.263324416,1281.54046568505)
(-46485.0431264452,-140764.087251908,2979.32167267466)
(-45769.8152943571,-143857.428111552,6795.96149196648)
(-45450.3043173118,-150929.350321921,14637.2878961742)
(-48444.7232218894,-165877.829965324,22783.4782035299)
(-60684.3756546625,-188991.520475131,-37331.9811159453)
(-44656.7452214398,-151912.15167891,-44248.3868508277)
(-32497.5158993016,-107852.563941955,-50959.0847375611)
(-18178.8584680197,-57028.9840669281,-57210.5625757859)
(0,0,0)
(0,0,0)
(0,0,0)
(0,0,0)
(0,0,0)
(0,0,0)
(0,0,0)
(0,0,0)
(0,0,0)
(0,0,0)
(0,0,0)
(0,0,0)
(0,0,0)
(0,0,0)
(0,0,0)
(0,0,0)
(0,0,0)
(0,0,0)
(0,0,0)
(0,0,0)
(0,0,0)
(0,0,0)
(0,0,0)
(0,0,0)
(0,0,0)
(0,0,0)
(0,0,0)
(0,0,0)
(0,0,0)
(0,0,0)
(0,0,0)
(0,0,0)
(0,0,0)
(0,0,0)
(0,0,0)
(0,0,0)
(0,0,0)
(0,0,0)
(0,0,0)
(0,0,0)
(0,0,0)
(0,0,0)
(0,0,0)
(0,0,0)
(0,0,0)
(0,0,0)
(0,0,0)
(0,0,0)
(0,0,0)
(0,0,0)
(0,0,0)
(0,0,0)
(0,0,0)
(0,0,0)
(0,0,0)
(0,0,0)
(0,0,0)
(0,0,0)
(0,0,0)
(0,0,0)
(0,0,0)
(0,0,0)
(0,0,0)
(0,0,0)
(0,0,0)
(0,0,0)
(0,0,0)
(0,0,0)
(0,0,0)
(0,0,0)
(0,0,0)
(0,0,0)
(0,0,0)
(0,0,0)
(0,0,0)
(0,0,0)
(0,0,0)
(0,0,0)
(0,0,0)
(0,0,0)
(0,0,0)
(0,0,0)
(0,0,0)
(0,0,0)
(0,0,0)
(0,0,0)
(0,0,0)
(0,0,0)
(0,0,0)
(0,0,0)
(0,0,0)
(0,0,0)
(0,0,0)
(0,0,0)
(0,0,0)
(0,0,0)
(0,0,0)
(0,0,0)
(0,0,0)
(0,0,0)
(0,0,0)
(0,0,0)
(-107989.411537985,338.952680174728,206.35344886635)
(-108158.515446296,466.343809492516,8.87946549539773)
(-108276.126489246,887.441416448747,-1180.02506019435)
(-108079.513052961,1918.31625496267,-4219.97494767854)
(-106929.914259425,4074.66434308711,-10566.9214193826)
(-103965.756706536,7967.72382993897,-22363.4027946792)
(-97673.3782282805,12802.1885804457,-41437.0415546096)
(-85384.15835879,11982.4934640352,-63697.7053944387)
(-64795.6428929035,8415.83062571615,-84494.1618556708)
(-35456.1107711949,4125.20903978993,-97719.6156158697)
(0,0,0)
(0,0,0)
(0,0,0)
(0,0,0)
(0,0,0)
(0,0,0)
(-108133.200632111,-43.5433032081322,378.214504335715)
(-108274.673544209,228.265204137891,469.124428674226)
(-108334.462467371,1093.93425635793,-138.660352388355)
(-108056.717253177,3276.91094292739,-2034.82253348031)
(-106928.389897323,8381.0412425668,-6634.8382660115)
(-104449.523936235,19574.9938576019,-17497.5327659122)
(-99600.6873497456,39275.5618564959,-42245.2981184459)
(-87558.9281145242,32340.9057811129,-67232.931472991)
(-66506.2251558991,20861.0559158035,-88767.4026154578)
(-36314.636358971,9624.4618656315,-101867.733815233)
(0,0,0)
(0,0,0)
(0,0,0)
(0,0,0)
(0,0,0)
(0,0,0)
(-108388.048504152,-1857.80780841099,701.666639306986)
(-108478.251906769,-1480.16881607654,1371.85128244581)
(-108433.215362521,-312.44940798736,2090.43457498809)
(-107988.547811867,2791.93921665443,3156.68015346789)
(-106995.016217729,11084.459292787,4615.98212695114)
(-106489.579215591,35344.7852839993,2232.48372750913)
(-109742.103829854,122679.097414716,-49186.1444544712)
(-96003.77891125,70961.8130818629,-78693.9329016033)
(-72163.9852694072,39684.1232779794,-99972.2149430403)
(-38882.9557913168,16490.3727957791,-111487.310304315)
(0,0,0)
(0,0,0)
(0,0,0)
(0,0,0)
(0,0,0)
(0,0,0)
(-108415.458261406,-5947.15681005156,1064.17665809539)
(-108417.687756095,-5609.54395496723,2524.88681784624)
(-108193.001546695,-4543.70714003472,5214.60666473492)
(-107408.0863065,-1878.8887073352,11464.3043496104)
(-106331.13390314,3992.58330861583,28843.0488701631)
(-110317.12135777,13247.4181548742,89580.5128187851)
(-162816.892033523,66.7697064997947,-100880.006035796)
(-121841.969369987,100992.164907468,-109929.385346842)
(-86775.659609488,53522.4725652385,-123171.182782878)
(-44602.2854677285,19388.650531317,-128003.249999966)
(0,0,0)
(0,0,0)
(0,0,0)
(0,0,0)
(0,0,0)
(0,0,0)
(-107515.152196501,-13341.9324654121,1445.97833149993)
(-107438.350027069,-13120.4103596602,3618.90736624635)
(-106987.34910436,-12407.1322067031,7915.41353618211)
(-105437.401981586,-10684.8109727045,17342.7869002095)
(-100831.854762688,-7199.10671897596,38059.5008367923)
(-84063.3420106201,-2027.54274386607,76340.8348279647)
(-3.04879555778743e-05,1.14988484276537e-05,2.54490454176564e-05)
(-161234.383292388,-227.17459511901,-157360.576222224)
(-112100.322784763,8189.62052667298,-157273.756918584)
(-53026.9160975522,4212.75663540421,-147376.339263638)
(0,0,0)
(0,0,0)
(0,0,0)
(0,0,0)
(0,0,0)
(0,0,0)
(-104642.343090336,-24911.5856078333,1734.7073827998)
(-104518.836658128,-24851.869618064,4397.6876586109)
(-104037.874447163,-24591.1396700824,9678.69433885019)
(-102408.12813,-23870.6222112275,20846.5991649029)
(-97370.2118557936,-21905.7283031297,43222.0531635769)
(-79034.9929517585,-16343.9230800394,78237.6299763712)
(-2.13825634421325e-05,1.83573608769142e-05,1.76018152861778e-05)
(-151430.85389988,-229.114361433265,-148817.380848367)
(-113941.130345341,-14453.405538851,-161151.427249483)
(-54650.0408345831,-9480.67829711451,-151543.825118743)
(0,0,0)
(0,0,0)
(0,0,0)
(0,0,0)
(0,0,0)
(0,0,0)
(-97947.47700347,-40908.9522181377,1818.68969521251)
(-97896.1219530626,-41095.0957229501,4698.60567006144)
(-97647.2741622925,-41467.5638619426,10483.8210702369)
(-96725.9174272863,-42218.5814438437,22876.0035979553)
(-93792.6738206119,-43330.5857560037,48863.9739457285)
(-80505.9975216701,-41486.3784176254,94604.6336331931)
(-3.15837601106629e-05,2.85343341894411e-05,2.1430539150067e-05)
(-166586.687957628,-119797.155926553,-162892.299920825)
(-112646.758747887,-71501.5473188054,-156049.650040207)
(-52167.2590779023,-29930.2899474044,-141975.135744394)
(0,0,0)
(0,0,0)
(0,0,0)
(0,0,0)
(0,0,0)
(0,0,0)
(-85240.3821691495,-60223.3491807913,1694.74741140453)
(-85308.6686664975,-60679.0890167639,4390.80049244784)
(-85467.0924706301,-61774.5737020233,9844.36862426441)
(-85962.1662196465,-64365.1111004346,21900.7012977642)
(-88685.6652247944,-70968.8682132017,50921.2895252329)
(-103044.995957184,-91579.4688625113,136266.104268612)
(-186028.172386162,-181980.5175009,-119708.269163609)
(-125303.796810565,-119437.688622121,-114557.985018259)
(-82438.8828452141,-75130.7588224976,-114389.714035863)
(-40509.5492381932,-35299.5375473606,-111962.627159409)
(0,0,0)
(0,0,0)
(0,0,0)
(0,0,0)
(0,0,0)
(0,0,0)
(-64573.9152075844,-79266.9179994979,1318.09436093084)
(-64693.3647078273,-79939.2093395281,3386.68442183833)
(-65048.9303579236,-81580.0978453463,7398.53427301475)
(-66113.0527318156,-85314.6445696108,15516.0517094)
(-69865.8944779085,-93844.3008901219,30627.7577961821)
(-82074.1303260537,-113071.852600833,46148.0001138869)
(-111744.115680047,-148925.82402363,-56998.5031240928)
(-82371.7920833909,-113327.810063202,-70147.7114564319)
(-54993.3940700859,-75293.0329820285,-74466.194524209)
(-27895.4279860794,-37517.1342953522,-76567.5844433424)
(0,0,0)
(0,0,0)
(0,0,0)
(0,0,0)
(0,0,0)
(0,0,0)
(-35300.2383634255,-91808.9289253997,715.700255808778)
(-35386.3451091834,-92572.4637837227,1802.70275519876)
(-35619.9393404751,-94399.8188879873,3757.32001186802)
(-36282.6648947125,-98224.335888444,7179.86093106008)
(-38189.6460162191,-105619.780235375,11694.6819752219)
(-42812.6457159041,-117572.593489713,10563.3453581156)
(-49451.2342950467,-128355.233392579,-21240.3866325597)
(-39920.549902723,-107287.262081906,-32017.1299325728)
(-27785.2206002469,-75406.0136011841,-36616.4446124705)
(-14441.1095186585,-38884.4768084867,-38986.8510486988)
(0,0,0)
(0,0,0)
(0,0,0)
(0,0,0)
(0,0,0)
(0,0,0)
(0,0,0)
(0,0,0)
(0,0,0)
(0,0,0)
(0,0,0)
(0,0,0)
(0,0,0)
(0,0,0)
(0,0,0)
(0,0,0)
(0,0,0)
(0,0,0)
(0,0,0)
(0,0,0)
(0,0,0)
(0,0,0)
(0,0,0)
(0,0,0)
(0,0,0)
(0,0,0)
(0,0,0)
(0,0,0)
(0,0,0)
(0,0,0)
(0,0,0)
(0,0,0)
(0,0,0)
(0,0,0)
(0,0,0)
(0,0,0)
(0,0,0)
(0,0,0)
(0,0,0)
(0,0,0)
(0,0,0)
(0,0,0)
(0,0,0)
(0,0,0)
(0,0,0)
(0,0,0)
(0,0,0)
(0,0,0)
(0,0,0)
(0,0,0)
(0,0,0)
(0,0,0)
(0,0,0)
(0,0,0)
(0,0,0)
(0,0,0)
(0,0,0)
(0,0,0)
(0,0,0)
(0,0,0)
(0,0,0)
(0,0,0)
(0,0,0)
(0,0,0)
(0,0,0)
(0,0,0)
(0,0,0)
(0,0,0)
(0,0,0)
(0,0,0)
(0,0,0)
(0,0,0)
(0,0,0)
(0,0,0)
(0,0,0)
(0,0,0)
(0,0,0)
(0,0,0)
(0,0,0)
(0,0,0)
(0,0,0)
(0,0,0)
(0,0,0)
(0,0,0)
(0,0,0)
(0,0,0)
(0,0,0)
(0,0,0)
(0,0,0)
(0,0,0)
(0,0,0)
(0,0,0)
(0,0,0)
(0,0,0)
(0,0,0)
(0,0,0)
(0,0,0)
(0,0,0)
(0,0,0)
(0,0,0)
(0,0,0)
(0,0,0)
(-108022.281850923,-37.5540581083716,70.4243710422002)
(-108110.290434062,136.390101653789,-114.190742844689)
(-108105.601193946,643.700425867942,-928.416464006856)
(-107733.498235998,1776.03692391279,-3050.46820488624)
(-106344.308818615,3937.9048653489,-7573.9785110477)
(-102869.212772778,7357.4655199275,-16027.9879647311)
(-95333.5743646908,10777.9067663801,-29145.6985947001)
(-81112.937137356,9757.08300752386,-43174.0028236543)
(-59540.4041467766,6687.86740464657,-55117.1089744315)
(-31671.0371906201,3250.68099663484,-62152.863551639)
(0,0,0)
(0,0,0)
(0,0,0)
(0,0,0)
(0,0,0)
(0,0,0)
(-107874.78987711,-572.597018991807,276.632205883268)
(-108068.152952106,-229.728901911796,436.230617341796)
(-108278.228095299,806.800839624113,216.895831512013)
(-108373.593511445,3188.14691456624,-878.33790087068)
(-107909.699853812,8188.65730707578,-4147.78038610811)
(-106061.836855707,17460.0927226298,-12638.0946693396)
(-100390.122267153,29116.9884352504,-30187.7414207996)
(-85677.593671727,23900.0182217573,-46212.0110778309)
(-62705.6427874251,15206.650192502,-58531.3762341644)
(-33221.9912111673,7057.82056995813,-65431.1609552944)
(0,0,0)
(0,0,0)
(0,0,0)
(0,0,0)
(0,0,0)
(0,0,0)
(-107471.882325579,-2159.24615632808,670.482958760644)
(-107834.903124691,-1692.79680883045,1490.20208360003)
(-108460.846051599,-291.248561785232,2615.88217408665)
(-109532.249368488,3166.16975392645,4181.56089134624)
(-111341.632490372,11569.3978871973,5147.43658386734)
(-114279.284344246,31395.9295830024,-998.695147850064)
(-115771.421460913,69591.7768605641,-35444.1659421032)
(-97829.1501140153,45155.4599740267,-54874.2364916154)
(-70307.32722879,25103.4269836,-66627.6713233249)
(-36746.4044868448,10781.8173024285,-72488.2193602668)
(0,0,0)
(0,0,0)
(0,0,0)
(0,0,0)
(0,0,0)
(0,0,0)
(-106370.825496255,-5356.80340820697,1152.92448672924)
(-106921.761420198,-4920.77593456688,2884.9772765684)
(-108122.422820498,-3580.67400356046,6103.82399214605)
(-110628.051710119,-113.518768144428,12603.477917841)
(-116428.54807465,9337.32214700145,24932.9678295478)
(-130578.635764294,39409.1016304088,37181.3101886648)
(-159108.509526163,162952.37516836,-59887.6706264823)
(-123344.649567019,61641.3819051997,-74870.9123606179)
(-83872.5872983707,28250.4975292035,-80921.0552173391)
(-42435.8475590134,10984.8551930991,-83290.5310167271)
(0,0,0)
(0,0,0)
(0,0,0)
(0,0,0)
(0,0,0)
(0,0,0)
(-103816.904914181,-10689.6617776689,1634.6110871406)
(-104544.211332449,-10420.9507524379,4240.6472103929)
(-106293.611752342,-9634.85176898152,9601.08762379813)
(-110232.42407341,-7791.78922568323,22074.3801731603)
(-120551.533729065,-3868.03019329609,54999.411479836)
(-153165.786522162,2823.0998952481,160687.857726544)
(-282953.726451471,-469.962683216638,-161228.738080815)
(-162082.521845413,9481.18223371738,-108220.399856305)
(-100354.251760015,6408.69891420234,-98124.6722660526)
(-48571.3930429104,2643.60433328049,-94238.9444608798)
(0,0,0)
(0,0,0)
(0,0,0)
(0,0,0)
(0,0,0)
(0,0,0)
(-98813.7790312284,-18461.0323079305,1942.8064711569)
(-99624.8919321282,-18433.5313022052,5061.44229492557)
(-101722.993651441,-18358.0875054208,11469.7972356434)
(-106465.692394838,-18305.8494889717,26041.4217637681)
(-118490.238686385,-18435.4003114236,61728.8187124838)
(-153938.565393433,-17926.5720616535,157382.063111067)
(-276678.93993482,-131.361177245359,-151247.837942219)
(-166429.056189888,-15481.4569307485,-111286.99648774)
(-103867.618996806,-13129.9879267131,-101821.820995356)
(-50068.155717137,-6955.99523045682,-96804.106549059)
(0,0,0)
(0,0,0)
(0,0,0)
(0,0,0)
(0,0,0)
(0,0,0)
(-89932.2679279217,-28456.1075119121,1979.86612843289)
(-90759.7399776805,-28730.3600080164,5140.31285886409)
(-92933.3524360931,-29474.9151308877,11543.2187581328)
(-97861.1980986226,-31591.8660159256,25964.5159564256)
(-110252.427472256,-38345.2345125498,62334.1038091947)
(-147211.274430178,-64151.7349086801,175264.543564735)
(-287583.347090154,-186165.631065015,-166526.910328692)
(-161047.614738713,-78601.3414473885,-108946.099030977)
(-97834.0629017623,-41300.0240244457,-95588.7587793655)
(-46696.7228684049,-18240.988023958,-89774.3021953627)
(0,0,0)
(0,0,0)
(0,0,0)
(0,0,0)
(0,0,0)
(0,0,0)
(-75744.9700927628,-39701.9259330424,1750.40634474407)
(-76511.0637403644,-40213.4015943391,4435.84300493313)
(-78463.0588401041,-41533.1088653049,9490.00310882581)
(-82697.6110806184,-44682.9261339386,19316.5080878098)
(-92107.6004288911,-52317.962010015,36711.1707893697)
(-113117.936156093,-70793.9569820767,53426.3330616776)
(-152023.085331275,-107864.032694412,-58880.3523638145)
(-114548.516491545,-76613.3281042424,-71623.6460259841)
(-75140.0892673073,-47754.8954648569,-72467.568163483)
(-37035.0872609077,-22717.1869461166,-71465.831218601)
(0,0,0)
(0,0,0)
(0,0,0)
(0,0,0)
(0,0,0)
(0,0,0)
(-55440.3134211507,-50128.7374537459,1293.2097342721)
(-56041.4103573081,-50768.5228964031,3196.37668581701)
(-57501.4530301538,-52342.3504755563,6458.1409682977)
(-60498.6623004803,-55709.0172540051,11869.8416570277)
(-66419.3967287225,-62392.6460271227,18498.0279249478)
(-76921.8562780833,-74010.6944844359,16562.4913793351)
(-88751.5387459736,-86776.5823755694,-27517.5358735833)
(-72828.3092462089,-70979.1389546839,-42695.2078603212)
(-49915.6142686854,-48154.5457557863,-47373.3373707876)
(-25202.513173644,-24092.2274007079,-48691.2117286327)
(0,0,0)
(0,0,0)
(0,0,0)
(0,0,0)
(0,0,0)
(0,0,0)
(-29505.8586633719,-56596.3577932422,673.240639442839)
(-29836.48148452,-57282.2724576439,1637.12657601903)
(-30581.6410773803,-58899.2784432092,3155.75628057831)
(-32057.2384133969,-62120.5562305813,5341.86877583702)
(-34749.8052963851,-67614.1500826972,7123.53211157539)
(-38742.5615226584,-74920.8538936019,3963.60732749456)
(-41630.0188937729,-78995.0585938695,-11639.1318554791)
(-35273.2811478838,-67437.9055132781,-19827.634051723)
(-24820.3113935985,-47675.7498791781,-23271.3391349803)
(-12738.1470775302,-24486.1771506016,-24580.3518262143)
(0,0,0)
(0,0,0)
(0,0,0)
(0,0,0)
(0,0,0)
(0,0,0)
(0,0,0)
(0,0,0)
(0,0,0)
(0,0,0)
(0,0,0)
(0,0,0)
(0,0,0)
(0,0,0)
(0,0,0)
(0,0,0)
(0,0,0)
(0,0,0)
(0,0,0)
(0,0,0)
(0,0,0)
(0,0,0)
(0,0,0)
(0,0,0)
(0,0,0)
(0,0,0)
(0,0,0)
(0,0,0)
(0,0,0)
(0,0,0)
(0,0,0)
(0,0,0)
(0,0,0)
(0,0,0)
(0,0,0)
(0,0,0)
(0,0,0)
(0,0,0)
(0,0,0)
(0,0,0)
(0,0,0)
(0,0,0)
(0,0,0)
(0,0,0)
(0,0,0)
(0,0,0)
(0,0,0)
(0,0,0)
(0,0,0)
(0,0,0)
(0,0,0)
(0,0,0)
(0,0,0)
(0,0,0)
(0,0,0)
(0,0,0)
(0,0,0)
(0,0,0)
(0,0,0)
(0,0,0)
(0,0,0)
(0,0,0)
(0,0,0)
(0,0,0)
(0,0,0)
(0,0,0)
(0,0,0)
(0,0,0)
(0,0,0)
(0,0,0)
(0,0,0)
(0,0,0)
(0,0,0)
(0,0,0)
(0,0,0)
(0,0,0)
(0,0,0)
(0,0,0)
(0,0,0)
(0,0,0)
(0,0,0)
(0,0,0)
(0,0,0)
(0,0,0)
(0,0,0)
(0,0,0)
(0,0,0)
(0,0,0)
(0,0,0)
(0,0,0)
(0,0,0)
(0,0,0)
(0,0,0)
(0,0,0)
(0,0,0)
(0,0,0)
(0,0,0)
(0,0,0)
(0,0,0)
(0,0,0)
(0,0,0)
(0,0,0)
(-107987.738121746,-68.0376336633478,33.4939044854314)
(-108074.853587063,55.628935998508,-57.571878511148)
(-108096.859523302,382.960353420134,-449.273902574513)
(-107684.25282528,1069.00174833742,-1567.52106163003)
(-106255.150769155,2302.87289709535,-3959.55200818327)
(-102527.718046671,4066.35754797877,-8367.40428226861)
(-94368.5876367911,5611.32117683699,-14943.7121870082)
(-79437.9879022484,5109.90077717811,-21728.5621992928)
(-57557.7731864568,3522.47631853805,-27233.6694781502)
(-30300.4778149251,1730.28812588008,-30334.5169797275)
(0,0,0)
(0,0,0)
(0,0,0)
(0,0,0)
(0,0,0)
(0,0,0)
(-107713.441188888,-395.918397531619,166.532075644858)
(-107961.640731858,-171.013385540528,286.662176934384)
(-108324.170489463,474.59256392305,240.972360597087)
(-108625.332565202,1887.0506033182,-325.337440628654)
(-108399.880913068,4649.1821837161,-2181.46566799266)
(-106458.917357282,9133.86480876473,-6851.89242720328)
(-99815.7942549775,13635.4253900243,-15450.3246525672)
(-84398.5902105573,11668.9919699953,-23288.4193065514)
(-61050.0419068422,7598.32493310698,-29019.8688016987)
(-32037.4853154856,3592.07179507239,-32066.1583665692)
(0,0,0)
(0,0,0)
(0,0,0)
(0,0,0)
(0,0,0)
(0,0,0)
(-106984.363700752,-1315.22100648901,431.783984131383)
(-107508.370631243,-1016.01438584926,950.252490993774)
(-108553.094467131,-150.217113948101,1667.31058439757)
(-110315.571110081,1873.42745188752,2464.25547742304)
(-112874.859681662,6337.86099633295,2308.80385609917)
(-115412.113129167,14960.4091799142,-2384.91173012868)
(-113224.862875292,26153.4132391665,-17449.4581648916)
(-95851.7646798837,19577.8452855886,-27335.696914615)
(-68564.6139900628,11522.4331040097,-33002.5183242494)
(-35628.4335692431,5114.41649106018,-35642.8339378371)
(0,0,0)
(0,0,0)
(0,0,0)
(0,0,0)
(0,0,0)
(0,0,0)
(-105390.617718867,-3065.79160256978,770.362818692833)
(-106237.588017512,-2777.89393926073,1848.06896941607)
(-108213.476214207,-1941.67255208434,3730.57780126321)
(-112063.943539359,113.56802261826,6926.32905977127)
(-119155.169326878,5097.3368270424,10893.4744812921)
(-130270.259822276,16762.0022007849,8783.50551840169)
(-139239.02553099,39098.0325653601,-24030.5978029681)
(-115325.887908776,22874.3760642597,-35345.8902398823)
(-80049.1997711636,11735.1733738264,-39382.0180369083)
(-40766.8362419947,4822.38732413755,-40759.0001870027)
(0,0,0)
(0,0,0)
(0,0,0)
(0,0,0)
(0,0,0)
(0,0,0)
(-102134.933536941,-5828.90349929019,1081.1405194805)
(-103301.746386395,-5650.700844364,2711.48247852868)
(-106168.842564056,-5173.92373277079,5818.96447092872)
(-112112.68599381,-4097.99087846526,11910.785292411)
(-124223.426199943,-1862.7077513904,22542.7223417214)
(-146998.774854281,2039.75803505091,31097.9548395714)
(-178298.291111614,5787.76433904937,-40247.2122739805)
(-138151.541975511,5145.98867158568,-46449.8047512023)
(-91719.1371039228,2905.35964400621,-46255.1056774791)
(-45563.7575901658,1144.48947062275,-45584.8432767067)
(0,0,0)
(0,0,0)
(0,0,0)
(0,0,0)
(0,0,0)
(0,0,0)
(-96212.3085553832,-9689.30986863994,1258.93589350141)
(-97534.4210764687,-9690.51301837928,3208.27721185628)
(-100912.701714211,-9702.90878357337,6926.97032542777)
(-107990.91748624,-9823.7163198977,14177.9208582622)
(-122354.144815082,-10274.9399578603,26454.0591934321)
(-149039.999963272,-11232.150281699,34827.4020800165)
(-184102.773530685,-11078.3704113191,-40882.6295737372)
(-143322.294839849,-10131.0871279213,-48712.3151242673)
(-94588.7398334018,-7083.01146734866,-48002.8231763209)
(-46651.2390679697,-3564.92267878431,-46710.3276760844)
(0,0,0)
(0,0,0)
(0,0,0)
(0,0,0)
(0,0,0)
(0,0,0)
(-86422.0624809191,-14466.6499399453,1267.13462430291)
(-87708.2052049707,-14671.1490425235,3196.23587573761)
(-91030.8867662164,-15212.991574789,6803.85299707404)
(-98012.08306631,-16609.2822359281,13740.3038807935)
(-111976.0969852,-20348.6457213245,25537.6791572014)
(-137746.124938789,-30190.1891738573,35030.568557967)
(-172986.19601184,-50734.7253545647,-39910.2275770818)
(-133193.200551276,-32192.082525386,-45703.6463670591)
(-87524.8422712439,-18617.116818058,-44478.7616468651)
(-43079.4047857311,-8547.13698891529,-43113.8654194083)
(0,0,0)
(0,0,0)
(0,0,0)
(0,0,0)
(0,0,0)
(0,0,0)
(-71661.8696039001,-19649.4655772886,1099.7151484808)
(-72789.5215738636,-19979.0665520764,2686.0904915328)
(-75589.1656429573,-20826.8534614876,5426.05918108505)
(-81192.1958300045,-22719.6629473829,10031.0246419269)
(-91402.6455638793,-26819.2937030143,15796.7177586064)
(-107380.381058918,-34747.5032672416,14616.4767548135)
(-122144.646874914,-44694.9326009485,-21301.7544551592)
(-100966.276495243,-34953.6572411752,-32122.4197356655)
(-68927.0069580846,-22569.855115976,-34382.763746974)
(-34544.4415091917,-10909.3024526782,-34511.2440349266)
(0,0,0)
(0,0,0)
(0,0,0)
(0,0,0)
(0,0,0)
(0,0,0)
(-51590.1642926384,-24295.3330724959,795.718366693676)
(-52433.0604097411,-24681.3772439111,1889.67911096158)
(-54416.4804340655,-25611.0817509112,3588.9348042966)
(-58157.5968590567,-27502.5629920047,6030.76940749454)
(-64319.8684285924,-30929.9384236109,8041.88582796048)
(-72482.1204871528,-35961.9117311059,4816.55850089263)
(-77402.8759374485,-39742.2746150233,-11484.7622935594)
(-66014.1542813401,-33527.5802052054,-19724.9942944004)
(-46354.5552950962,-23142.3649370409,-22713.5434469271)
(-23604.9414826389,-11656.5734550044,-23563.8441356066)
(0,0,0)
(0,0,0)
(0,0,0)
(0,0,0)
(0,0,0)
(0,0,0)
(-27120.7464386969,-27088.579975536,408.134678364473)
(-27565.6747293985,-27497.200343331,953.151022663253)
(-28552.3490172557,-28411.5130817042,1724.29029333155)
(-30355.3520510945,-30184.0426911625,2703.88363018719)
(-33145.30321224,-32999.9587104581,3169.40183288947)
(-36380.1729261941,-36284.2558267099,1129.35733203097)
(-37557.1880584118,-37464.5387136685,-5221.20940468494)
(-32390.2621306687,-32289.2389792182,-9342.56964788807)
(-23116.9690381576,-22966.6931198353,-11221.5838205338)
(-11903.4432588314,-11812.6927982023,-11900.1682960349)
(0,0,0)
(0,0,0)
(0,0,0)
(0,0,0)
(0,0,0)
(0,0,0)
(0,0,0)
(0,0,0)
(0,0,0)
(0,0,0)
(0,0,0)
(0,0,0)
(0,0,0)
(0,0,0)
(0,0,0)
(0,0,0)
(0,0,0)
(0,0,0)
(0,0,0)
(0,0,0)
(0,0,0)
(0,0,0)
(0,0,0)
(0,0,0)
(0,0,0)
(0,0,0)
(0,0,0)
(0,0,0)
(0,0,0)
(0,0,0)
(0,0,0)
(0,0,0)
(0,0,0)
(0,0,0)
(0,0,0)
(0,0,0)
(0,0,0)
(0,0,0)
(0,0,0)
(0,0,0)
(0,0,0)
(0,0,0)
(0,0,0)
(0,0,0)
(0,0,0)
(0,0,0)
(0,0,0)
(0,0,0)
(0,0,0)
(0,0,0)
(0,0,0)
(0,0,0)
(0,0,0)
(0,0,0)
(0,0,0)
(0,0,0)
(0,0,0)
(0,0,0)
(0,0,0)
(0,0,0)
(0,0,0)
(0,0,0)
(0,0,0)
(0,0,0)
(0,0,0)
(0,0,0)
(0,0,0)
(0,0,0)
(0,0,0)
(0,0,0)
(0,0,0)
(0,0,0)
(0,0,0)
(0,0,0)
(0,0,0)
(0,0,0)
(0,0,0)
(0,0,0)
(0,0,0)
(0,0,0)
(0,0,0)
(0,0,0)
(0,0,0)
(0,0,0)
(0,0,0)
(0,0,0)
(0,0,0)
(0,0,0)
(0,0,0)
(0,0,0)
(0,0,0)
(0,0,0)
(0,0,0)
(0,0,0)
(0,0,0)
(0,0,0)
(0,0,0)
(0,0,0)
(0,0,0)
(0,0,0)
(0,0,0)
(0,0,0)
(0,0,0)
(0,0,0)
(0,0,0)
(0,0,0)
(0,0,0)
(0,0,0)
(0,0,0)
(0,0,0)
(0,0,0)
(0,0,0)
(0,0,0)
(0,0,0)
(0,0,0)
(0,0,0)
(0,0,0)
(0,0,0)
(0,0,0)
(0,0,0)
(0,0,0)
(0,0,0)
(0,0,0)
(0,0,0)
(0,0,0)
(0,0,0)
(0,0,0)
(0,0,0)
(0,0,0)
(0,0,0)
(0,0,0)
(0,0,0)
(0,0,0)
(0,0,0)
(0,0,0)
(0,0,0)
(0,0,0)
(0,0,0)
(0,0,0)
(0,0,0)
(0,0,0)
(0,0,0)
(0,0,0)
(0,0,0)
(0,0,0)
(0,0,0)
(0,0,0)
(0,0,0)
(0,0,0)
(0,0,0)
(0,0,0)
(0,0,0)
(0,0,0)
(0,0,0)
(0,0,0)
(0,0,0)
(0,0,0)
(0,0,0)
(0,0,0)
(0,0,0)
(0,0,0)
(0,0,0)
(0,0,0)
(0,0,0)
(0,0,0)
(0,0,0)
(0,0,0)
(0,0,0)
(0,0,0)
(0,0,0)
(0,0,0)
(0,0,0)
(0,0,0)
(0,0,0)
(0,0,0)
(0,0,0)
(0,0,0)
(0,0,0)
(0,0,0)
(0,0,0)
(0,0,0)
(0,0,0)
(0,0,0)
(0,0,0)
(0,0,0)
(0,0,0)
(0,0,0)
(0,0,0)
(0,0,0)
(0,0,0)
(0,0,0)
(0,0,0)
(0,0,0)
(0,0,0)
(0,0,0)
(0,0,0)
(0,0,0)
(0,0,0)
(0,0,0)
(0,0,0)
(0,0,0)
(0,0,0)
(0,0,0)
(0,0,0)
(0,0,0)
(0,0,0)
(0,0,0)
(0,0,0)
(0,0,0)
(0,0,0)
(0,0,0)
(0,0,0)
(0,0,0)
(0,0,0)
(0,0,0)
(0,0,0)
(0,0,0)
(0,0,0)
(0,0,0)
(0,0,0)
(0,0,0)
(0,0,0)
(0,0,0)
(0,0,0)
(0,0,0)
(0,0,0)
(0,0,0)
(0,0,0)
(0,0,0)
(0,0,0)
(0,0,0)
(0,0,0)
(0,0,0)
(0,0,0)
(0,0,0)
(0,0,0)
(0,0,0)
(0,0,0)
(0,0,0)
(0,0,0)
(0,0,0)
(0,0,0)
(0,0,0)
(0,0,0)
(0,0,0)
(0,0,0)
(0,0,0)
(0,0,0)
(0,0,0)
(0,0,0)
(0,0,0)
(0,0,0)
(0,0,0)
(0,0,0)
(0,0,0)
(0,0,0)
(0,0,0)
(0,0,0)
(0,0,0)
(0,0,0)
(0,0,0)
(0,0,0)
(0,0,0)
(0,0,0)
(0,0,0)
(0,0,0)
(0,0,0)
(0,0,0)
(0,0,0)
(0,0,0)
(0,0,0)
(0,0,0)
(0,0,0)
(0,0,0)
(0,0,0)
(0,0,0)
(0,0,0)
(0,0,0)
(0,0,0)
(0,0,0)
(0,0,0)
(0,0,0)
(0,0,0)
(0,0,0)
(0,0,0)
(0,0,0)
(0,0,0)
(0,0,0)
(0,0,0)
(0,0,0)
(0,0,0)
(0,0,0)
(0,0,0)
(0,0,0)
(0,0,0)
(0,0,0)
(0,0,0)
(0,0,0)
(0,0,0)
(0,0,0)
(0,0,0)
(0,0,0)
(0,0,0)
(0,0,0)
(0,0,0)
(0,0,0)
(0,0,0)
(0,0,0)
(0,0,0)
(0,0,0)
(0,0,0)
(0,0,0)
(0,0,0)
(0,0,0)
(0,0,0)
(0,0,0)
(0,0,0)
(0,0,0)
(0,0,0)
(0,0,0)
(0,0,0)
(0,0,0)
(0,0,0)
(0,0,0)
(0,0,0)
(0,0,0)
(0,0,0)
(0,0,0)
(0,0,0)
(0,0,0)
(0,0,0)
(0,0,0)
(0,0,0)
(0,0,0)
(0,0,0)
(0,0,0)
(0,0,0)
(0,0,0)
(0,0,0)
(0,0,0)
(0,0,0)
(0,0,0)
(0,0,0)
(0,0,0)
(0,0,0)
(0,0,0)
(0,0,0)
(0,0,0)
(0,0,0)
(0,0,0)
(0,0,0)
(0,0,0)
(0,0,0)
(0,0,0)
(0,0,0)
(0,0,0)
(0,0,0)
(0,0,0)
(0,0,0)
(0,0,0)
(0,0,0)
(0,0,0)
(0,0,0)
(0,0,0)
(0,0,0)
(0,0,0)
(0,0,0)
(0,0,0)
(0,0,0)
(0,0,0)
(0,0,0)
(0,0,0)
(0,0,0)
(0,0,0)
(0,0,0)
(0,0,0)
(0,0,0)
(0,0,0)
(0,0,0)
(0,0,0)
(0,0,0)
(0,0,0)
(0,0,0)
(0,0,0)
(0,0,0)
(0,0,0)
(0,0,0)
(0,0,0)
(0,0,0)
(0,0,0)
(0,0,0)
(0,0,0)
(0,0,0)
(0,0,0)
(0,0,0)
(0,0,0)
(0,0,0)
(0,0,0)
(0,0,0)
(0,0,0)
(0,0,0)
(0,0,0)
(0,0,0)
(0,0,0)
(0,0,0)
(0,0,0)
(0,0,0)
(0,0,0)
(0,0,0)
(0,0,0)
(0,0,0)
(0,0,0)
(0,0,0)
(0,0,0)
(0,0,0)
(0,0,0)
(0,0,0)
(0,0,0)
(0,0,0)
(0,0,0)
(0,0,0)
(0,0,0)
(0,0,0)
(0,0,0)
(0,0,0)
(0,0,0)
(0,0,0)
(0,0,0)
(0,0,0)
(0,0,0)
(0,0,0)
(0,0,0)
(0,0,0)
(0,0,0)
(0,0,0)
(0,0,0)
(0,0,0)
(0,0,0)
(0,0,0)
(0,0,0)
(0,0,0)
(0,0,0)
(0,0,0)
(0,0,0)
(0,0,0)
(0,0,0)
(0,0,0)
(0,0,0)
(0,0,0)
(0,0,0)
(0,0,0)
(0,0,0)
(0,0,0)
(0,0,0)
(0,0,0)
(0,0,0)
(0,0,0)
(0,0,0)
(0,0,0)
(0,0,0)
(0,0,0)
(0,0,0)
(0,0,0)
(0,0,0)
(0,0,0)
(0,0,0)
(0,0,0)
(0,0,0)
(0,0,0)
(0,0,0)
(0,0,0)
(0,0,0)
(0,0,0)
(0,0,0)
(0,0,0)
(0,0,0)
(0,0,0)
(0,0,0)
(0,0,0)
(0,0,0)
(0,0,0)
(0,0,0)
(0,0,0)
(0,0,0)
(0,0,0)
(0,0,0)
(0,0,0)
(0,0,0)
(0,0,0)
(0,0,0)
(0,0,0)
(0,0,0)
(0,0,0)
(0,0,0)
(0,0,0)
(0,0,0)
(0,0,0)
(0,0,0)
(0,0,0)
(0,0,0)
(0,0,0)
(0,0,0)
(0,0,0)
(0,0,0)
(0,0,0)
(0,0,0)
(0,0,0)
(0,0,0)
(0,0,0)
(0,0,0)
(0,0,0)
(0,0,0)
(0,0,0)
(0,0,0)
(0,0,0)
(0,0,0)
(0,0,0)
(0,0,0)
(0,0,0)
(0,0,0)
(0,0,0)
(0,0,0)
(0,0,0)
(0,0,0)
(0,0,0)
(0,0,0)
(0,0,0)
(0,0,0)
(0,0,0)
(0,0,0)
(0,0,0)
(0,0,0)
(0,0,0)
(0,0,0)
(0,0,0)
(0,0,0)
(0,0,0)
(0,0,0)
(0,0,0)
(0,0,0)
(0,0,0)
(0,0,0)
(0,0,0)
(0,0,0)
(0,0,0)
(0,0,0)
(0,0,0)
(0,0,0)
(0,0,0)
(0,0,0)
(0,0,0)
(0,0,0)
(0,0,0)
(0,0,0)
(0,0,0)
(0,0,0)
(0,0,0)
(0,0,0)
(0,0,0)
(0,0,0)
(0,0,0)
(0,0,0)
(0,0,0)
(0,0,0)
(0,0,0)
(0,0,0)
(0,0,0)
(0,0,0)
(0,0,0)
(0,0,0)
(0,0,0)
(0,0,0)
(0,0,0)
(0,0,0)
(0,0,0)
(0,0,0)
(0,0,0)
(0,0,0)
(0,0,0)
(0,0,0)
(0,0,0)
(0,0,0)
(0,0,0)
(0,0,0)
(0,0,0)
(0,0,0)
(0,0,0)
(0,0,0)
(0,0,0)
(0,0,0)
(0,0,0)
(0,0,0)
(0,0,0)
(0,0,0)
(0,0,0)
(0,0,0)
(0,0,0)
(0,0,0)
(0,0,0)
(0,0,0)
(0,0,0)
(0,0,0)
(0,0,0)
(0,0,0)
(0,0,0)
(0,0,0)
(0,0,0)
(0,0,0)
(0,0,0)
(0,0,0)
(0,0,0)
(0,0,0)
(0,0,0)
(0,0,0)
(0,0,0)
(0,0,0)
(0,0,0)
(0,0,0)
(0,0,0)
(0,0,0)
(0,0,0)
(0,0,0)
(0,0,0)
(0,0,0)
(0,0,0)
(0,0,0)
(0,0,0)
(0,0,0)
(0,0,0)
(0,0,0)
(0,0,0)
(0,0,0)
(0,0,0)
(0,0,0)
(0,0,0)
(0,0,0)
(0,0,0)
(0,0,0)
(0,0,0)
(0,0,0)
(0,0,0)
(0,0,0)
(0,0,0)
(0,0,0)
(0,0,0)
(0,0,0)
(0,0,0)
(0,0,0)
(0,0,0)
(0,0,0)
(0,0,0)
(0,0,0)
(0,0,0)
(0,0,0)
(0,0,0)
(0,0,0)
(0,0,0)
(0,0,0)
(0,0,0)
(0,0,0)
(0,0,0)
(0,0,0)
(0,0,0)
(0,0,0)
(0,0,0)
(0,0,0)
(0,0,0)
(0,0,0)
(0,0,0)
(0,0,0)
(0,0,0)
(0,0,0)
(0,0,0)
(0,0,0)
(0,0,0)
(0,0,0)
(0,0,0)
(0,0,0)
(0,0,0)
(0,0,0)
(0,0,0)
(0,0,0)
(0,0,0)
(0,0,0)
(0,0,0)
(0,0,0)
(0,0,0)
(0,0,0)
(0,0,0)
(0,0,0)
(0,0,0)
(0,0,0)
(0,0,0)
(0,0,0)
(0,0,0)
(0,0,0)
(0,0,0)
(0,0,0)
(0,0,0)
(0,0,0)
(0,0,0)
(0,0,0)
(0,0,0)
(0,0,0)
(0,0,0)
(0,0,0)
(0,0,0)
(0,0,0)
(0,0,0)
(0,0,0)
(0,0,0)
(0,0,0)
(0,0,0)
(0,0,0)
(0,0,0)
(0,0,0)
(0,0,0)
(0,0,0)
(0,0,0)
(0,0,0)
(0,0,0)
(0,0,0)
(0,0,0)
(0,0,0)
(0,0,0)
(0,0,0)
(0,0,0)
(0,0,0)
(0,0,0)
(0,0,0)
(0,0,0)
(0,0,0)
(0,0,0)
(0,0,0)
(0,0,0)
(0,0,0)
(0,0,0)
(0,0,0)
(0,0,0)
(0,0,0)
(0,0,0)
(0,0,0)
(0,0,0)
(0,0,0)
(0,0,0)
(0,0,0)
(0,0,0)
(0,0,0)
(0,0,0)
(0,0,0)
(0,0,0)
(0,0,0)
(0,0,0)
(0,0,0)
(0,0,0)
(0,0,0)
(0,0,0)
(0,0,0)
(0,0,0)
(0,0,0)
(0,0,0)
(0,0,0)
(0,0,0)
(0,0,0)
(0,0,0)
(0,0,0)
(0,0,0)
(0,0,0)
(0,0,0)
(0,0,0)
(0,0,0)
(0,0,0)
(0,0,0)
(0,0,0)
(0,0,0)
(0,0,0)
(0,0,0)
(0,0,0)
(0,0,0)
(0,0,0)
(0,0,0)
(0,0,0)
(0,0,0)
(0,0,0)
(0,0,0)
(0,0,0)
(0,0,0)
(0,0,0)
(0,0,0)
(0,0,0)
(0,0,0)
(0,0,0)
(0,0,0)
(0,0,0)
(0,0,0)
(0,0,0)
(0,0,0)
(0,0,0)
(0,0,0)
(0,0,0)
(0,0,0)
(0,0,0)
(0,0,0)
(0,0,0)
(0,0,0)
(0,0,0)
(0,0,0)
(0,0,0)
(0,0,0)
(0,0,0)
(0,0,0)
(0,0,0)
(0,0,0)
(0,0,0)
(0,0,0)
(0,0,0)
(0,0,0)
(0,0,0)
(0,0,0)
