(0,0,0)
(0,0,0)
(0,0,0)
(0,0,0)
(0,0,0)
(0,0,0)
(0,0,0)
(0,0,0)
(0,0,0)
(0,0,0)
(0,0,0)
(0,0,0)
(0,0,0)
(0,0,0)
(0,0,0)
(0,0,0)
(0,0,0)
(0,0,0)
(0,0,0)
(0,0,0)
(0,0,0)
(0,0,0)
(0,0,0)
(0,0,0)
(0,0,0)
(0,0,0)
(0,0,0)
(0,0,0)
(0,0,0)
(0,0,0)
(0,0,0)
(0,0,0)
(0,0,0)
(0,0,0)
(0,0,0)
(0,0,0)
(0,0,0)
(0,0,0)
(0,0,0)
(0,0,0)
(0,0,0)
(0,0,0)
(0,0,0)
(0,0,0)
(0,0,0)
(0,0,0)
(0,0,0)
(0,0,0)
(0,0,0)
(0,0,0)
(0,0,0)
(0,0,0)
(0,0,0)
(0,0,0)
(0,0,0)
(0,0,0)
(0,0,0)
(0,0,0)
(0,0,0)
(0,0,0)
(0,0,0)
(0,0,0)
(0,0,0)
(0,0,0)
(0,0,0)
(0,0,0)
(0,0,0)
(0,0,0)
(0,0,0)
(0,0,0)
(0,0,0)
(0,0,0)
(0,0,0)
(0,0,0)
(0,0,0)
(0,0,0)
(0,0,0)
(0,0,0)
(0,0,0)
(0,0,0)
(0,0,0)
(0,0,0)
(0,0,0)
(0,0,0)
(0,0,0)
(0,0,0)
(0,0,0)
(0,0,0)
(0,0,0)
(0,0,0)
(0,0,0)
(0,0,0)
(0,0,0)
(0,0,0)
(0,0,0)
(0,0,0)
(0,0,0)
(0,0,0)
(0,0,0)
(0,0,0)
(0,0,0)
(0,0,0)
(0,0,0)
(0,0,0)
(0,0,0)
(0,0,0)
(0,0,0)
(0,0,0)
(0,0,0)
(0,0,0)
(0,0,0)
(0,0,0)
(0,0,0)
(0,0,0)
(0,0,0)
(0,0,0)
(0,0,0)
(0,0,0)
(0,0,0)
(0,0,0)
(0,0,0)
(0,0,0)
(0,0,0)
(0,0,0)
(0,0,0)
(0,0,0)
(0,0,0)
(0,0,0)
(0,0,0)
(0,0,0)
(0,0,0)
(0,0,0)
(0,0,0)
(0,0,0)
(0,0,0)
(0,0,0)
(0,0,0)
(0,0,0)
(0,0,0)
(0,0,0)
(0,0,0)
(0,0,0)
(0,0,0)
(0,0,0)
(0,0,0)
(0,0,0)
(0,0,0)
(0,0,0)
(0,0,0)
(0,0,0)
(0,0,0)
(0,0,0)
(0,0,0)
(0,0,0)
(0,0,0)
(0,0,0)
(0,0,0)
(0,0,0)
(0,0,0)
(0,0,0)
(0,0,0)
(0,0,0)
(0,0,0)
(0,0,0)
(0,0,0)
(0,0,0)
(0,0,0)
(0,0,0)
(0,0,0)
(0,0,0)
(0,0,0)
(0,0,0)
(0,0,0)
(0,0,0)
(0,0,0)
(0,0,0)
(0,0,0)
(0,0,0)
(0,0,0)
(0,0,0)
(0,0,0)
(0,0,0)
(0,0,0)
(0,0,0)
(0,0,0)
(0,0,0)
(0,0,0)
(0,0,0)
(0,0,0)
(0,0,0)
(0,0,0)
(0,0,0)
(0,0,0)
(0,0,0)
(0,0,0)
(0,0,0)
(0,0,0)
(0,0,0)
(0,0,0)
(0,0,0)
(0,0,0)
(0,0,0)
(0,0,0)
(0,0,0)
(0,0,0)
(0,0,0)
(0,0,0)
(0,0,0)
(0,0,0)
(0,0,0)
(0,0,0)
(0,0,0)
(0,0,0)
(0,0,0)
(0,0,0)
(0,0,0)
(0,0,0)
(0,0,0)
(0,0,0)
(0,0,0)
(0,0,0)
(0,0,0)
(0,0,0)
(0,0,0)
(0,0,0)
(0,0,0)
(0,0,0)
(0,0,0)
(0,0,0)
(0,0,0)
(0,0,0)
(0,0,0)
(0,0,0)
(0,0,0)
(0,0,0)
(0,0,0)
(0,0,0)
(0,0,0)
(0,0,0)
(0,0,0)
(0,0,0)
(0,0,0)
(0,0,0)
(0,0,0)
(0,0,0)
(0,0,0)
(0,0,0)
(0,0,0)
(0,0,0)
(0,0,0)
(0,0,0)
(0,0,0)
(0,0,0)
(0,0,0)
(0,0,0)
(0,0,0)
(0,0,0)
(0,0,0)
(0,0,0)
(0,0,0)
(0,0,0)
(0,0,0)
(0,0,0)
(0,0,0)
(0,0,0)
(0,0,0)
(0,0,0)
(0,0,0)
(0,0,0)
(0,0,0)
(0,0,0)
(0,0,0)
(0,0,0)
(0,0,0)
(0,0,0)
(0,0,0)
(0,0,0)
(0,0,0)
(0,0,0)
(0,0,0)
(0,0,0)
(0,0,0)
(0,0,0)
(0,0,0)
(0,0,0)
(0,0,0)
(0,0,0)
(0,0,0)
(0,0,0)
(0,0,0)
(0,0,0)
(0,0,0)
(0,0,0)
(0,0,0)
(0,0,0)
(0,0,0)
(0,0,0)
(0,0,0)
(0,0,0)
(0,0,0)
(0,0,0)
(0,0,0)
(0,0,0)
(0,0,0)
(0,0,0)
(0,0,0)
(0,0,0)
(0,0,0)
(0,0,0)
(0,0,0)
(0,0,0)
(0,0,0)
(0,0,0)
(0,0,0)
(0,0,0)
(0,0,0)
(0,0,0)
(0,0,0)
(0,0,0)
(0,0,0)
(0,0,0)
(0,0,0)
(0,0,0)
(0,0,0)
(0,0,0)
(0,0,0)
(0,0,0)
(0,0,0)
(0,0,0)
(0,0,0)
(0,0,0)
(0,0,0)
(0,0,0)
(0,0,0)
(0,0,0)
(0,0,0)
(0,0,0)
(0,0,0)
(0,0,0)
(0,0,0)
(0,0,0)
(0,0,0)
(0,0,0)
(0,0,0)
(0,0,0)
(0,0,0)
(0,0,0)
(0,0,0)
(0,0,0)
(0,0,0)
(0,0,0)
(0,0,0)
(0,0,0)
(0,0,0)
(0,0,0)
(0,0,0)
(0,0,0)
(0,0,0)
(0,0,0)
(0,0,0)
(0,0,0)
(0,0,0)
(0,0,0)
(0,0,0)
(0,0,0)
(0,0,0)
(0,0,0)
(0,0,0)
(0,0,0)
(0,0,0)
(0,0,0)
(0,0,0)
(0,0,0)
(0,0,0)
(0,0,0)
(0,0,0)
(0,0,0)
(0,0,0)
(0,0,0)
(0,0,0)
(0,0,0)
(0,0,0)
(0,0,0)
(0,0,0)
(0,0,0)
(0,0,0)
(0,0,0)
(0,0,0)
(0,0,0)
(0,0,0)
(0,0,0)
(0,0,0)
(0,0,0)
(0,0,0)
(0,0,0)
(0,0,0)
(0,0,0)
(0,0,0)
(0,0,0)
(0,0,0)
(0,0,0)
(0,0,0)
(0,0,0)
(0,0,0)
(0,0,0)
(0,0,0)
(0,0,0)
(0,0,0)
(0,0,0)
(0,0,0)
(0,0,0)
(0,0,0)
(0,0,0)
(0,0,0)
(0,0,0)
(0,0,0)
(0,0,0)
(0,0,0)
(0,0,0)
(0,0,0)
(0,0,0)
(0,0,0)
(0,0,0)
(0,0,0)
(0,0,0)
(0,0,0)
(0,0,0)
(0,0,0)
(0,0,0)
(0,0,0)
(0,0,0)
(0,0,0)
(0,0,0)
(0,0,0)
(0,0,0)
(0,0,0)
(0,0,0)
(0,0,0)
(0,0,0)
(0,0,0)
(0,0,0)
(0,0,0)
(0,0,0)
(0,0,0)
(0,0,0)
(0,0,0)
(0,0,0)
(0,0,0)
(0,0,0)
(0,0,0)
(0,0,0)
(0,0,0)
(0,0,0)
(0,0,0)
(0,0,0)
(0,0,0)
(0,0,0)
(0,0,0)
(0,0,0)
(0,0,0)
(0,0,0)
(0,0,0)
(0,0,0)
(0,0,0)
(0,0,0)
(0,0,0)
(0,0,0)
(0,0,0)
(0,0,0)
(0,0,0)
(0,0,0)
(0,0,0)
(0,0,0)
(0,0,0)
(0,0,0)
(0,0,0)
(0,0,0)
(0,0,0)
(0,0,0)
(0,0,0)
(0,0,0)
(0,0,0)
(0,0,0)
(0,0,0)
(0,0,0)
(0,0,0)
(0,0,0)
(0,0,0)
(0,0,0)
(0,0,0)
(0,0,0)
(0,0,0)
(0,0,0)
(0,0,0)
(0,0,0)
(0,0,0)
(0,0,0)
(0,0,0)
(0,0,0)
(0,0,0)
(0,0,0)
(0,0,0)
(0,0,0)
(0,0,0)
(0,0,0)
(0,0,0)
(0,0,0)
(0,0,0)
(0,0,0)
(0,0,0)
(0,0,0)
(0,0,0)
(0,0,0)
(0,0,0)
(0,0,0)
(0,0,0)
(0,0,0)
(0,0,0)
(0,0,0)
(0,0,0)
(0,0,0)
(0,0,0)
(0,0,0)
(0,0,0)
(0,0,0)
(0,0,0)
(0,0,0)
(0,0,0)
(0,0,0)
(0,0,0)
(0,0,0)
(0,0,0)
(0,0,0)
(0,0,0)
(0,0,0)
(0,0,0)
(0,0,0)
(0,0,0)
(0,0,0)
(0,0,0)
(0,0,0)
(0,0,0)
(0,0,0)
(0,0,0)
(0,0,0)
(0,0,0)
(0,0,0)
(0,0,0)
(0,0,0)
(0,0,0)
(0,0,0)
(0,0,0)
(0,0,0)
(0,0,0)
(0,0,0)
(0,0,0)
(0,0,0)
(0,0,0)
(0,0,0)
(0,0,0)
(0,0,0)
(0,0,0)
(0,0,0)
(0,0,0)
(0,0,0)
(0,0,0)
(0,0,0)
(0,0,0)
(0,0,0)
(0,0,0)
(0,0,0)
(0,0,0)
(0,0,0)
(0,0,0)
(0,0,0)
(0,0,0)
(0,0,0)
(0,0,0)
(0,0,0)
(0,0,0)
(0,0,0)
(0,0,0)
(0,0,0)
(0,0,0)
(0,0,0)
(0,0,0)
(0,0,0)
(0,0,0)
(0,0,0)
(0,0,0)
(0,0,0)
(0,0,0)
(0,0,0)
(0,0,0)
(0,0,0)
(0,0,0)
(0,0,0)
(0,0,0)
(0,0,0)
(0,0,0)
(0,0,0)
(0,0,0)
(0,0,0)
(0,0,0)
(0,0,0)
(0,0,0)
(0,0,0)
(0,0,0)
(0,0,0)
(0,0,0)
(0,0,0)
(0,0,0)
(0,0,0)
(0,0,0)
(0,0,0)
(0,0,0)
(0,0,0)
(0,0,0)
(0,0,0)
(0,0,0)
(0,0,0)
(0,0,0)
(0,0,0)
(0,0,0)
(0,0,0)
(0,0,0)
(0,0,0)
(0,0,0)
(0,0,0)
(0,0,0)
(0,0,0)
(0,0,0)
(0,0,0)
(0,0,0)
(0,0,0)
(0,0,0)
(0,0,0)
(0,0,0)
(0,0,0)
(0,0,0)
(0,0,0)
(0,0,0)
(0,0,0)
(0,0,0)
(0,0,0)
(0,0,0)
(0,0,0)
(0,0,0)
(0,0,0)
(0,0,0)
(0,0,0)
(0,0,0)
(0,0,0)
(0,0,0)
(0,0,0)
(0,0,0)
(0,0,0)
(0,0,0)
(0,0,0)
(0,0,0)
(0,0,0)
(0,0,0)
(0,0,0)
(0,0,0)
(0,0,0)
(0,0,0)
(0,0,0)
(0,0,0)
(0,0,0)
(0,0,0)
(0,0,0)
(0,0,0)
(0,0,0)
(0,0,0)
(0,0,0)
(0,0,0)
(0,0,0)
(0,0,0)
(0,0,0)
(0,0,0)
(0,0,0)
(0,0,0)
(0,0,0)
(0,0,0)
(0,0,0)
(0,0,0)
(0,0,0)
(0,0,0)
(0,0,0)
(0,0,0)
(0,0,0)
(0,0,0)
(0,0,0)
(0,0,0)
(0,0,0)
(0,0,0)
(0,0,0)
(0,0,0)
(0,0,0)
(0,0,0)
(0,0,0)
(0,0,0)
(0,0,0)
(0,0,0)
(0,0,0)
(0,0,0)
(0,0,0)
(0,0,0)
(0,0,0)
(0,0,0)
(0,0,0)
(0,0,0)
(0,0,0)
(0,0,0)
(0,0,0)
(0,0,0)
(0,0,0)
(0,0,0)
(0,0,0)
(0,0,0)
(0,0,0)
(0,0,0)
(0,0,0)
(0,0,0)
(0,0,0)
(0,0,0)
(0,0,0)
(0,0,0)
(0,0,0)
(0,0,0)
(0,0,0)
(0,0,0)
(0,0,0)
(0,0,0)
(0,0,0)
(0,0,0)
(0,0,0)
(0,0,0)
(0,0,0)
(0,0,0)
(0,0,0)
(0,0,0)
(0,0,0)
(0,0,0)
(0,0,0)
(0,0,0)
(0,0,0)
(0,0,0)
(0,0,0)
(0,0,0)
(0,0,0)
(0,0,0)
(0,0,0)
(0,0,0)
(0,0,0)
(0,0,0)
(0,0,0)
(0,0,0)
(0,0,0)
(0,0,0)
(0,0,0)
(0,0,0)
(0,0,0)
(0,0,0)
(0,0,0)
(0,0,0)
(0,0,0)
(0,0,0)
(0,0,0)
(0,0,0)
(0,0,0)
(0,0,0)
(0,0,0)
(0,0,0)
(0,0,0)
(0,0,0)
(0,0,0)
(0,0,0)
(0,0,0)
(0,0,0)
(0,0,0)
(0,0,0)
(0,0,0)
(0,0,0)
(0,0,0)
(0,0,0)
(0,0,0)
(0,0,0)
(0,0,0)
(0,0,0)
(0,0,0)
(0,0,0)
(0,0,0)
(0,0,0)
(0,0,0)
(0,0,0)
(0,0,0)
(0,0,0)
(0,0,0)
(0,0,0)
(0,0,0)
(0,0,0)
(0,0,0)
(0,0,0)
(0,0,0)
(0,0,0)
(0,0,0)
(0,0,0)
(0,0,0)
(0,0,0)
(0,0,0)
(0,0,0)
(0,0,0)
(0,0,0)
(0,0,0)
(0,0,0)
(0,0,0)
(0,0,0)
(0,0,0)
(-215852.250084121,114692.110939933,101160.139144188)
(-228288.439267151,109962.277217724,219486.301193615)
(-257119.356863524,100123.241881654,376482.416175485)
(-311560.517601207,84650.0122127936,603392.921563899)
(-409737.194579476,63698.3858086161,949431.730334763)
(-586008.129616148,39612.3665093909,1495827.49344151)
(-905125.109807779,17753.8352483824,2383198.76800093)
(-1481814.00151467,4397.72172644936,3860615.04778914)
(-2444023.53631412,-17.142145383921,6304655.72624866)
(-3405281.74771252,-355.328765992763,9710292.80272716)
(0,0,0)
(0,0,0)
(0,0,0)
(0,0,0)
(0,0,0)
(0,0,0)
(-228301.996039217,246586.155431606,96407.9515475445)
(-240871.700890383,237656.993043019,209584.936612634)
(-270166.694982871,218909.129453751,360965.744023408)
(-325904.227083097,189025.900430382,582494.082888918)
(-426825.412760457,147610.75720382,925407.12425417)
(-607327.428759609,98374.8507297264,1473972.06879345)
(-929967.112675426,51866.0241464074,2369826.99257084)
(-1504445.0709924,22463.6455387071,3856206.13975096)
(-2459093.19669426,10954.1114140195,6304328.08288584)
(-3412321.57435036,5613.01292514767,9710681.31554502)
(0,0,0)
(0,0,0)
(0,0,0)
(0,0,0)
(0,0,0)
(0,0,0)
(-256775.935387173,415885.243386576,87476.8474322014)
(-269594.114962719,403932.448179662,190795.507258278)
(-299831.746407555,378520.723510603,331015.659608982)
(-358363.959068589,337246.713823726,541158.805284228)
(-465740.569395667,278281.577660819,876228.554222899)
(-657427.776356413,204604.103339897,1427427.07796914)
(-991179.717280343,130092.774439174,2340380.04495672)
(-1560817.06650514,78991.0599619746,3844669.69703858)
(-2495401.04583602,52071.8562803289,6298952.99800832)
(-3428777.87030905,28248.8160156672,9705095.06522683)
(0,0,0)
(0,0,0)
(0,0,0)
(0,0,0)
(0,0,0)
(0,0,0)
(-309908.44978912,650302.575592366,75491.1175833308)
(-322934.786125071,636995.270003041,165363.081885024)
(-354337.552723684,608501.22154972,289720.136569587)
(-416902.634258735,561602.478365646,482267.006286401)
(-534928.935863721,492861.914324493,802615.605486448)
(-748110.313203989,402457.616257198,1352872.40577313)
(-1108362.03216964,302128.441932595,2289198.77044936)
(-1669797.60393632,220293.28238538,3817694.15196226)
(-2561891.55863822,156570.104909077,6275087.46197173)
(-3457789.81393449,84271.4809425222,9676854.61097937)
(0,0,0)
(0,0,0)
(0,0,0)
(0,0,0)
(0,0,0)
(0,0,0)
(-405190.528978023,993389.615387637,62103.489182752)
(-418146.833056941,980439.556884047,136806.035358685)
(-450158.247587053,952704.134570825,242761.369924635)
(-516097.327562302,906984.855721725,413476.320130859)
(-645097.015465854,839243.843842805,712191.406078403)
(-884888.681586763,747074.25889028,1252463.44503208)
(-1286789.72412125,634171.334544011,2207210.27654191)
(-1835671.4202003,509405.337994987,3753769.64113261)
(-2658455.29648589,366198.889659382,6202596.15286822)
(-3499678.20270193,194098.787895332,9592447.04861734)
(0,0,0)
(0,0,0)
(0,0,0)
(0,0,0)
(0,0,0)
(0,0,0)
(-577098.983299629,1521414.92524799,49073.6734392729)
(-589413.158828267,1509893.15395824,109033.235193347)
(-620389.7129746,1485159.92918869,196967.153550086)
(-685662.755215585,1443998.51235313,345616.252134264)
(-816000.462712079,1380906.17530366,619954.383385489)
(-1060321.81612915,1287914.04144543,1139436.41695949)
(-1463425.7261119,1154812.16209884,2082221.31551656)
(-1987374.86488758,968706.147594627,3610295.3708045)
(-2763036.02725441,709303.837509938,6030226.45020837)
(-3552385.66713034,378644.234736218,9398066.6704978)
(0,0,0)
(0,0,0)
(0,0,0)
(0,0,0)
(0,0,0)
(0,0,0)
(-892606.783117937,2376509.47628216,37512.2320837725)
(-903530.956813461,2366584.01505092,84352.3278045477)
(-931354.143598087,2345050.56546014,155815.835131177)
(-990960.815520121,2308276.4428621,282498.720142327)
(-1112010.55785568,2248471.08306328,526944.37023839)
(-1341553.57205046,2150179.16205238,1006232.8216819)
(-1719835.95166414,1984994.08038896,1895886.85505593)
(-2196256.67184406,1710222.04315342,3350627.63134119)
(-2918926.84579214,1279615.22271836,5699243.09192489)
(-3638392.36248204,697226.486483518,9019053.20265965)
(0,0,0)
(0,0,0)
(0,0,0)
(0,0,0)
(0,0,0)
(0,0,0)
(-1469581.45848328,3818583.60839379,27507.3263716513)
(-1478338.09378815,3809603.41700296,62826.0182077717)
(-1500790.17016253,3789631.63962372,119035.114206728)
(-1549264.40111962,3753828.741052,222747.217136438)
(-1648715.13173076,3691187.27998303,428746.151947444)
(-1839501.53075005,3577391.75569163,841035.089058249)
(-2156269.87314662,3361323.45954099,1620975.58305283)
(-2541974.14331577,2953341.57409531,2919830.19542672)
(-3201965.52900435,2284839.74944826,5116571.19770118)
(-3802859.82904925,1295146.23965663,8321511.27357728)
(0,0,0)
(0,0,0)
(0,0,0)
(0,0,0)
(0,0,0)
(0,0,0)
(-2435689.95067517,6235852.23416908,18421.3248998789)
(-2441674.52404332,6226866.88426235,42832.3816838157)
(-2456958.00788076,6206125.34666269,83296.6825256077)
(-2489571.54156916,6166439.08433078,160257.88081599)
(-2555253.77382781,6091554.01319194,315144.921434899)
(-2678703.86307881,5946133.68878694,625106.85141838)
(-2886059.44345367,5659430.1936622,1213059.56075085)
(-3194135.97082691,5109285.91043958,2251251.19523349)
(-3724038.98069674,4133485.31117042,4126644.61420807)
(-4089716.64043623,2485360.91036156,7026146.58393937)
(0,0,0)
(0,0,0)
(0,0,0)
(0,0,0)
(0,0,0)
(0,0,0)
(-3401458.74972316,9627917.26302453,9393.72086768499)
(-3404460.80928695,9618597.6064719,22123.8079450811)
(-3412071.19259649,9596561.31111785,43759.0360864049)
(-3428107.81704761,9552747.22531054,85558.7121542637)
(-3459922.07283891,9467067.47505343,169967.323131694)
(-3519375.88580995,9296882.86952636,338594.028202217)
(-3623146.30148976,8958112.78217387,663057.741180313)
(-3797997.97495184,8294857.20235854,1275484.42421318)
(-4088775.62802794,7019258.91382861,2478486.44958293)
(-4117807.54709056,4540805.73821324,4540849.16882182)
(0,0,0)
(0,0,0)
(0,0,0)
(0,0,0)
(0,0,0)
(0,0,0)
(0,0,0)
(0,0,0)
(0,0,0)
(0,0,0)
(0,0,0)
(0,0,0)
(0,0,0)
(0,0,0)
(0,0,0)
(0,0,0)
(0,0,0)
(0,0,0)
(0,0,0)
(0,0,0)
(0,0,0)
(0,0,0)
(0,0,0)
(0,0,0)
(0,0,0)
(0,0,0)
(0,0,0)
(0,0,0)
(0,0,0)
(0,0,0)
(0,0,0)
(0,0,0)
(0,0,0)
(0,0,0)
(0,0,0)
(0,0,0)
(0,0,0)
(0,0,0)
(0,0,0)
(0,0,0)
(0,0,0)
(0,0,0)
(0,0,0)
(0,0,0)
(0,0,0)
(0,0,0)
(0,0,0)
(0,0,0)
(0,0,0)
(0,0,0)
(0,0,0)
(0,0,0)
(0,0,0)
(0,0,0)
(0,0,0)
(0,0,0)
(0,0,0)
(0,0,0)
(0,0,0)
(0,0,0)
(0,0,0)
(0,0,0)
(0,0,0)
(0,0,0)
(0,0,0)
(0,0,0)
(0,0,0)
(0,0,0)
(0,0,0)
(0,0,0)
(0,0,0)
(0,0,0)
(0,0,0)
(0,0,0)
(0,0,0)
(0,0,0)
(0,0,0)
(0,0,0)
(0,0,0)
(0,0,0)
(0,0,0)
(0,0,0)
(0,0,0)
(0,0,0)
(0,0,0)
(0,0,0)
(0,0,0)
(0,0,0)
(0,0,0)
(0,0,0)
(0,0,0)
(0,0,0)
(0,0,0)
(0,0,0)
(0,0,0)
(0,0,0)
(0,0,0)
(0,0,0)
(0,0,0)
(0,0,0)
(0,0,0)
(0,0,0)
(31936162.8962063,102213.663847433,88690.9473844601)
(31915326.2537648,97364.2466764934,190631.765198346)
(31867394.2504798,87053.7708209716,321984.144556401)
(31777869.749189,70315.4181801486,505158.217108393)
(31618530.1709678,46656.7110729846,773153.898010492)
(31335057.2075493,18341.1478334915,1176667.17053383)
(30815044.1000135,-7039.99856375338,1806457.71679862)
(29787491.9359898,-18218.348044091,2898289.8848606)
(27469095.1523643,-15101.3237574854,5343192.27746189)
(21172933.4661281,-7406.43746113354,13115303.2586048)
(0,0,0)
(0,0,0)
(0,0,0)
(0,0,0)
(0,0,0)
(0,0,0)
(31914922.7449381,218071.692068564,83836.988323824)
(31894032.800058,208931.459360471,180285.032213821)
(31845657.7178449,189241.808150146,305192.339579113)
(31754416.5195082,156584.034181447,481522.734508785)
(31590673.6312753,108737.189746185,744862.969322235)
(31299220.4926526,48316.0261988105,1151259.92706697)
(30771224.6828548,-9292.98676915369,1795240.87726446)
(29747978.8963914,-33860.3959987296,2901378.71535759)
(27444566.0633275,-25324.2089720442,5350862.09807271)
(21162195.2364415,-10831.2589255233,13122689.8662676)
(0,0,0)
(0,0,0)
(0,0,0)
(0,0,0)
(0,0,0)
(0,0,0)
(31866770.9008852,362769.161391373,74675.4519271)
(31845791.7467851,350583.630285679,160557.176776373)
(31796451.3249462,323978.90473656,272456.766358535)
(31701203.0050172,278670.354928872,433723.239047609)
(31526073.3105277,209093.577136071,684472.729256701)
(31210719.7063987,113946.692562261,1093614.33766046)
(30652479.1554326,12940.8378939931,1770641.39780673)
(29638997.191272,-29983.3056134693,2909869.80716667)
(27381185.2094489,-14413.6206238846,5365292.72105587)
(21135885.4121414,-759.353982752836,13133477.291185)
(0,0,0)
(0,0,0)
(0,0,0)
(0,0,0)
(0,0,0)
(0,0,0)
(31778202.6802416,555116.971170878,62460.8177121036)
(31757235.9082112,541827.954267278,133965.556916562)
(31706698.5074442,512687.128965708,227141.030041859)
(31605227.2131145,462406.971838699,364194.323281161)
(31409175.3384238,382719.431558215,589383.952093847)
(31039811.7445599,265738.112202901,992590.232211626)
(30388701.2417267,123728.465828388,1727659.08790322)
(29391027.9030235,54406.8200152025,2925363.21283704)
(27253147.2688782,59985.1384361098,5378845.38378293)
(21086698.4207885,42366.8456377135,13134150.7069618)
(0,0,0)
(0,0,0)
(0,0,0)
(0,0,0)
(0,0,0)
(0,0,0)
(31622185.6504308,821530.912097486,49129.6371869145)
(31601707.7286204,809204.1103394,104818.676959742)
(31550921.3352639,782507.929389166,176838.051207711)
(31444160.1204336,737455.966908667,284451.365664164)
(31224233.3538376,668385.944313039,472374.241128181)
(30773913.1555773,571700.077827267,850530.195862056)
(29914620.6582162,457569.505130098,1658198.53174526)
(28931433.3250953,357686.697331816,2930733.6666554)
(27052588.9519531,261599.298467286,5360995.0157075)
(21013622.5693874,141391.87844922,13091588.968329)
(0,0,0)
(0,0,0)
(0,0,0)
(0,0,0)
(0,0,0)
(0,0,0)
(31344700.2498315,1205872.16090098,36779.2755877425)
(31325602.2585438,1195748.44106699,78139.2850104199)
(31277230.4798402,1174198.64651189,131748.132595231)
(31172466.8991636,1138709.25952636,215284.943120691)
(30950057.3440597,1084919.23889843,375613.599285846)
(30486898.1556519,1006719.40592729,736294.056927023)
(29616834.8887454,898414.691201858,1558108.01352027)
(28677153.1337574,759799.675484726,2834386.79424474)
(26881949.2398489,553396.351164379,5240524.23196667)
(20929886.7598517,292635.206289318,12949928.2346669)
(0,0,0)
(0,0,0)
(0,0,0)
(0,0,0)
(0,0,0)
(0,0,0)
(30830096.6008049,1799449.67086682,26638.8636337047)
(30813440.4446286,1791697.59624563,56638.0645352963)
(30770571.4521261,1775568.20030183,96262.6725435221)
(30675524.0096783,1749931.43094827,161475.433445579)
(30468195.2185961,1711716.47137075,297392.182043789)
(30025371.5365191,1652185.55569285,627920.681231019)
(29181615.8579372,1548494.14057949,1419309.17977433)
(28333606.4907136,1364438.44092326,2627727.00930053)
(26629122.6605368,996531.571477823,4979462.04018043)
(20786946.0483187,532737.745137116,12656940.8480543)
(0,0,0)
(0,0,0)
(0,0,0)
(0,0,0)
(0,0,0)
(0,0,0)
(29801656.1059488,2852330.617809,18801.246148099)
(29788497.90857,2846091.76452212,40490.8330357615)
(29754314.0006966,2833283.78494202,70590.8350587705)
(29677538.5575041,2813359.07743519,123279.987470546)
(29506765.2222965,2784498.96771151,237936.894624851)
(29131221.6383632,2738076.4592196,524242.579507206)
(28392813.3244343,2631433.22193658,1235140.0580915)
(27839786.0075635,2301098.46909527,2259639.63656254)
(26119000.2777386,1762702.29869575,4515422.86012396)
(20456073.2128809,1008237.01130647,12123910.3095468)
(0,0,0)
(0,0,0)
(0,0,0)
(0,0,0)
(0,0,0)
(0,0,0)
(27477260.9239196,5269803.54569895,12495.9550375696)
(27468405.7647143,5263758.78684511,27668.4014792745)
(27445540.6263019,5250655.16017625,50718.1495846576)
(27395291.0526436,5227572.72544064,94561.6648888136)
(27288434.6181849,5186597.11469681,191694.883413095)
(27071017.7087924,5105218.35457777,417751.173706035)
(26679032.2467478,4922118.16599231,904894.296971117)
(26128298.7273615,4505249.75215769,1721228.0732426)
(24573375.8320818,3768622.70230988,3760812.61437221)
(19449563.041348,2457167.25764763,11115522.4437691)
(0,0,0)
(0,0,0)
(0,0,0)
(0,0,0)
(0,0,0)
(0,0,0)
(21175869.7694889,13028959.3356866,6435.44832253287)
(21171482.9220321,13022596.4710128,14573.7903580687)
(21160252.1786973,13008097.9740972,27727.3626656573)
(21136085.9090472,12980300.712795,53725.4067388471)
(21086392.5147137,12926427.7329233,110499.958482027)
(20988691.3395289,12815740.8989662,234829.946277089)
(20807767.7046399,12580779.400791,488174.462871034)
(20461216.3663824,12092470.7014705,984658.929746253)
(19450333.6909468,11107728.0146028,2449364.05600089)
(15814841.7858404,8658380.19941922,8658421.53882059)
(0,0,0)
(0,0,0)
(0,0,0)
(0,0,0)
(0,0,0)
(0,0,0)
(0,0,0)
(0,0,0)
(0,0,0)
(0,0,0)
(0,0,0)
(0,0,0)
(0,0,0)
(0,0,0)
(0,0,0)
(0,0,0)
(0,0,0)
(0,0,0)
(0,0,0)
(0,0,0)
(0,0,0)
(0,0,0)
(0,0,0)
(0,0,0)
(0,0,0)
(0,0,0)
(0,0,0)
(0,0,0)
(0,0,0)
(0,0,0)
(0,0,0)
(0,0,0)
(0,0,0)
(0,0,0)
(0,0,0)
(0,0,0)
(0,0,0)
(0,0,0)
(0,0,0)
(0,0,0)
(0,0,0)
(0,0,0)
(0,0,0)
(0,0,0)
(0,0,0)
(0,0,0)
(0,0,0)
(0,0,0)
(0,0,0)
(0,0,0)
(0,0,0)
(0,0,0)
(0,0,0)
(0,0,0)
(0,0,0)
(0,0,0)
(0,0,0)
(0,0,0)
(0,0,0)
(0,0,0)
(0,0,0)
(0,0,0)
(0,0,0)
(0,0,0)
(0,0,0)
(0,0,0)
(0,0,0)
(0,0,0)
(0,0,0)
(0,0,0)
(0,0,0)
(0,0,0)
(0,0,0)
(0,0,0)
(0,0,0)
(0,0,0)
(0,0,0)
(0,0,0)
(0,0,0)
(0,0,0)
(0,0,0)
(0,0,0)
(0,0,0)
(0,0,0)
(0,0,0)
(0,0,0)
(0,0,0)
(0,0,0)
(0,0,0)
(0,0,0)
(0,0,0)
(0,0,0)
(0,0,0)
(0,0,0)
(0,0,0)
(0,0,0)
(0,0,0)
(0,0,0)
(0,0,0)
(0,0,0)
(0,0,0)
(0,0,0)
(-555547.529321303,80964.7124511851,67825.9555541048)
(-578540.077304009,76083.6339702324,142688.895130351)
(-630582.072121505,65326.4594389642,232419.000770338)
(-725259.691016315,46895.6083744037,345733.075078903)
(-887187.432741866,18883.9735126118,489646.947753601)
(-1157414.70203511,-17387.9730054001,656587.072821126)
(-1599324.15652688,-50740.4736153517,778776.04545453)
(-2298570.51465659,-57652.570389289,579571.308967857)
(-3301101.44174036,-39619.8867258752,-953531.967723867)
(-4046697.79163105,-18144.3989380261,-8058676.06854904)
(0,0,0)
(0,0,0)
(0,0,0)
(0,0,0)
(0,0,0)
(0,0,0)
(-579885.254656231,169910.037184133,62942.9173391103)
(-602500.139070468,160705.766625994,131933.966289458)
(-654020.265892714,140049.235241497,213969.4167023)
(-748799.291726104,103400.485951914,317760.592836827)
(-913235.551856177,44239.202436083,453394.789522428)
(-1190838.52592527,-40069.9569344364,623216.034507076)
(-1643126.83079916,-127931.322965437,771838.639988818)
(-2335583.50665024,-142764.739094097,597593.45421298)
(-3319647.52490464,-88667.2997771231,-932065.302025939)
(-4053252.76085325,-37120.5301646325,-8040560.93102694)
(0,0,0)
(0,0,0)
(0,0,0)
(0,0,0)
(0,0,0)
(0,0,0)
(-634185.655198849,274231.012111722,53715.823634181)
(-656054.193674409,262065.903079678,111281.870117707)
(-706668.68617705,234255.408779197,177275.950180923)
(-802366.537848773,182718.614646486,258607.606830034)
(-975364.99163249,92277.3479226952,369088.005981264)
(-1281618.24345226,-56886.780417172,535323.021792633)
(-1789272.91728988,-250761.237648911,756985.25167623)
(-2463480.7812912,-277876.107532186,651654.835155176)
(-3375785.72084797,-142388.194998811,-880573.096848533)
(-4071273.96180004,-49920.2929336493,-8003533.7176604)
(0,0,0)
(0,0,0)
(0,0,0)
(0,0,0)
(0,0,0)
(0,0,0)
(-731231.322515779,399217.717100633,41527.5402461387)
(-751975.879137726,386393.259809977,83492.2133424381)
(-801170.984704017,356985.303060456,125712.053687067)
(-898821.279198353,301415.9906609,168143.412463142)
(-1091119.89095201,197844.281781589,219951.950457703)
(-1481344.8556352,-102.828916498546,341404.841629831)
(-2243052.45883861,-350306.882500438,729784.429524349)
(-2881878.6495186,-405142.572309066,787037.689321019)
(-3516338.10287793,-140539.565102812,-788245.32634116)
(-4109876.32066866,-30717.6396061134,-7953792.99573381)
(0,0,0)
(0,0,0)
(0,0,0)
(0,0,0)
(0,0,0)
(0,0,0)
(-894319.146238232,544103.397969034,28699.3582782871)
(-913372.137136349,533140.979937363,54111.7463853607)
(-959843.047830036,508840.200795702,70101.4742216704)
(-1057495.74282237,465766.09578891,64487.4748273116)
(-1272524.20740105,394192.242442482,21977.3178827803)
(-1822958.24000709,284681.159775673,-8855.03274729378)
(-3622008.03642359,159763.844518112,674783.177351587)
(-4296639.12103409,103379.680222881,1051413.61342668)
(-3791741.29806403,90951.3626968514,-678666.82187814)
(-4173021.46138775,57664.8805373669,-7923325.06876879)
(0,0,0)
(0,0,0)
(0,0,0)
(0,0,0)
(0,0,0)
(0,0,0)
(-1163131.15734302,691265.915226817,17749.1323943705)
(-1179847.43726922,683567.825206317,29852.2254160977)
(-1221486.95796855,667511.274413716,26978.8320844991)
(-1312265.46906417,641723.500818466,-7165.96223962357)
(-1521277.77000543,603031.477024156,-87589.8402784975)
(-2070282.15329763,545203.47155916,-133851.600634705)
(-3781528.39259414,463214.608326855,618141.159373786)
(-4399210.22369662,416239.265701608,1038725.1738267)
(-3919678.3585714,300580.594898989,-712196.217477473)
(-4236040.4347788,149715.583876392,-7981239.48370829)
(0,0,0)
(0,0,0)
(0,0,0)
(0,0,0)
(0,0,0)
(0,0,0)
(-1602531.57870226,770906.145966417,10068.1912451736)
(-1616343.05423877,766634.423748348,13865.3340482205)
(-1651385.65899785,759207.778726897,1206.18333663793)
(-1730464.49671457,751857.839286153,-45859.4062605684)
(-1922319.0943609,750204.703622701,-145438.077424417)
(-2459875.5654828,757967.424916458,-215874.686302166)
(-4244659.97469088,759623.549071748,571072.448058747)
(-4815423.45158373,870541.440660083,922880.457875213)
(-4113411.67199631,486360.227089761,-863284.599304733)
(-4340148.41801433,201834.44374075,-8131228.75035841)
(0,0,0)
(0,0,0)
(0,0,0)
(0,0,0)
(0,0,0)
(0,0,0)
(-2303795.61519717,527710.530150583,5727.5794394504)
(-2314222.32746042,525717.431448026,6445.0502478931)
(-2341007.94552088,524202.48646442,-6147.46879447713)
(-2403021.52074726,530844.633478085,-47493.9422574691)
(-2561738.39675832,565920.949920838,-137626.327023117)
(-3054829.25922017,677660.580890441,-214188.342936061)
(-5004108.26192622,917471.559107679,681965.475866214)
(-4078671.57379611,589450.667061184,538594.073302394)
(-4267941.71379034,216944.76743434,-1147968.23303554)
(-4501348.36254046,1637.59636285036,-8333269.56775858)
(0,0,0)
(0,0,0)
(0,0,0)
(0,0,0)
(0,0,0)
(0,0,0)
(-3309600.63871387,-1032055.51015765,3707.84541940873)
(-3316355.93044232,-1033681.38692251,4948.60142424587)
(-3333554.00345115,-1035220.7649895,546.72510891468)
(-3371730.99914802,-1032213.93177637,-12292.4153673655)
(-3459133.05905326,-1015982.34099038,-25741.2047402713)
(-3668157.61089263,-977578.202425398,25753.1407382531)
(-4125135.21356154,-949574.062192573,354046.464825561)
(-4275004.98347306,-1162216.37441152,166097.459610512)
(-4668394.99849741,-1354738.72782749,-1363367.97207075)
(-4742297.00757597,-1177783.12988117,-8335006.95442503)
(0,0,0)
(0,0,0)
(0,0,0)
(0,0,0)
(0,0,0)
(0,0,0)
(-4053237.65791063,-8147941.21887212,2073.37859172345)
(-4056506.40159758,-8149949.33132813,3410.88910467442)
(-4064747.1952353,-8153336.93575799,3606.67628347077)
(-4082431.82746691,-8157048.45512055,4039.17861939758)
(-4120014.39924062,-8161238.47905934,12782.473120397)
(-4198740.90402159,-8174171.73422028,53888.4909434496)
(-4344223.76164242,-8228160.20402651,141546.341537443)
(-4506183.96089053,-8369832.37719009,-26357.0859333565)
(-4743738.74851106,-8343558.31384085,-1186384.81798442)
(-4577909.28217446,-7157176.52362742,-7157160.11374556)
(0,0,0)
(0,0,0)
(0,0,0)
(0,0,0)
(0,0,0)
(0,0,0)
(0,0,0)
(0,0,0)
(0,0,0)
(0,0,0)
(0,0,0)
(0,0,0)
(0,0,0)
(0,0,0)
(0,0,0)
(0,0,0)
(0,0,0)
(0,0,0)
(0,0,0)
(0,0,0)
(0,0,0)
(0,0,0)
(0,0,0)
(0,0,0)
(0,0,0)
(0,0,0)
(0,0,0)
(0,0,0)
(0,0,0)
(0,0,0)
(0,0,0)
(0,0,0)
(0,0,0)
(0,0,0)
(0,0,0)
(0,0,0)
(0,0,0)
(0,0,0)
(0,0,0)
(0,0,0)
(0,0,0)
(0,0,0)
(0,0,0)
(0,0,0)
(0,0,0)
(0,0,0)
(0,0,0)
(0,0,0)
(0,0,0)
(0,0,0)
(0,0,0)
(0,0,0)
(0,0,0)
(0,0,0)
(0,0,0)
(0,0,0)
(0,0,0)
(0,0,0)
(0,0,0)
(0,0,0)
(0,0,0)
(0,0,0)
(0,0,0)
(0,0,0)
(0,0,0)
(0,0,0)
(0,0,0)
(0,0,0)
(0,0,0)
(0,0,0)
(0,0,0)
(0,0,0)
(0,0,0)
(0,0,0)
(0,0,0)
(0,0,0)
(0,0,0)
(0,0,0)
(0,0,0)
(0,0,0)
(0,0,0)
(0,0,0)
(0,0,0)
(0,0,0)
(0,0,0)
(0,0,0)
(0,0,0)
(0,0,0)
(0,0,0)
(0,0,0)
(0,0,0)
(0,0,0)
(0,0,0)
(0,0,0)
(0,0,0)
(0,0,0)
(0,0,0)
(0,0,0)
(0,0,0)
(0,0,0)
(0,0,0)
(0,0,0)
(-657014.392415405,56673.388525198,44793.4745689031)
(-676596.184748305,52195.5049873274,90654.0770258716)
(-719639.887761115,41959.9024551086,137751.990210375)
(-794671.952041192,23418.2208275856,183746.030407666)
(-915753.178206118,-7057.3402675791,219369.116139498)
(-1101959.01104658,-50668.4368448967,214581.861995874)
(-1369655.36000972,-94394.2459270222,79307.3114057369)
(-1701430.80625317,-94543.0068822451,-423289.39011543)
(-1966743.68893286,-58110.1289978872,-1699537.01392504)
(-1709098.99668982,-24672.8122486211,-4012462.99661765)
(0,0,0)
(0,0,0)
(0,0,0)
(0,0,0)
(0,0,0)
(0,0,0)
(-679158.933938238,115640.845728031,40306.2220791751)
(-697643.247794106,107195.193525562,80449.642264577)
(-738290.103780603,87457.675478434,119221.70712914)
(-809356.422199088,49879.3065455664,153317.751884143)
(-924981.511744779,-17776.2088116324,175782.580316797)
(-1105875.692071,-130707.260757382,170858.57037501)
(-1371845.60243608,-273967.564217321,79150.6603022285)
(-1693523.3008714,-270592.275827979,-386860.276530881)
(-1953774.14139749,-144739.709151521,-1666104.07988439)
(-1701099.93150711,-55095.3543403399,-3987834.36713884)
(0,0,0)
(0,0,0)
(0,0,0)
(0,0,0)
(0,0,0)
(0,0,0)
(-727584.408442631,177194.744652489,31844.8543193227)
(-743946.561132844,166177.768362389,60754.6469409287)
(-779884.531670775,139794.825868638,81633.3420444494)
(-842794.970268205,86291.6135247355,85649.4674847155)
(-946937.884120257,-23407.3847080738,62853.5358689197)
(-1120515.62392027,-256549.792090958,27593.4476705053)
(-1413656.18289281,-704490.321456903,82499.4705130148)
(-1694283.17118923,-696204.681722021,-261085.733694912)
(-1922239.50371854,-282830.307450444,-1576541.35252543)
(-1681576.04638252,-88454.1716765437,-3932880.45060675)
(0,0,0)
(0,0,0)
(0,0,0)
(0,0,0)
(0,0,0)
(0,0,0)
(-811070.854751156,236218.81752104,20815.4593668264)
(-824478.072708716,225094.087686871,34401.3336133355)
(-853487.69983468,198403.403716315,28109.4708963231)
(-903130.719715793,142810.078594849,-24099.5536563503)
(-984834.709260812,16468.7612012107,-170260.881256826)
(-1146072.26052564,-341716.912365171,-420366.35609218)
(-1729292.09259066,-1729302.27675503,90685.2329580033)
(-1819627.85667642,-1819879.7531583,152109.511552102)
(-1848838.54039992,-415884.6018574,-1382335.75651896)
(-1642159.03086545,-93858.8853153386,-3844648.33268337)
(0,0,0)
(0,0,0)
(0,0,0)
(0,0,0)
(0,0,0)
(0,0,0)
(-943168.122694724,275362.456401906,9705.33757562446)
(-953100.275890908,266760.35600473,7767.20801232237)
(-973443.464531587,247274.911792134,-27503.883361947)
(-1002718.18474722,211032.785677978,-150504.148520229)
(-1023547.75669219,145422.056009927,-528433.894037813)
(-922453.248418457,37288.1049349194,-1807943.90292654)
(-2.58499781181019e-05,-6.74310057665134e-06,1.80288698856878e-05)
(921.985992698499,720.501677903945,1555806.8740957)
(-1554252.13556202,-36997.6519735298,-1060569.23829019)
(-1571006.19453659,-5358.19625935838,-3751085.19419733)
(0,0,0)
(0,0,0)
(0,0,0)
(0,0,0)
(0,0,0)
(0,0,0)
(-1140776.59733183,251889.319639591,1118.57675113585)
(-1147394.17161973,247100.876663853,-11675.2095574741)
(-1159743.72814234,237645.78181358,-63789.3094051273)
(-1172389.08370791,223534.766904569,-216167.675987983)
(-1157430.6772844,201969.712350196,-636562.425049281)
(-979928.282883131,155544.964802128,-1845173.15533099)
(-2.25234309900836e-05,-7.28596266716654e-06,1.16350601698723e-05)
(423.167192168366,-46.0059671740438,1517715.59427728)
(-1516605.11397197,106818.899592611,-1029174.20188829)
(-1570190.19890808,45602.2461171061,-3745984.88013546)
(0,0,0)
(0,0,0)
(0,0,0)
(0,0,0)
(0,0,0)
(0,0,0)
(-1416572.96161846,69561.1740557037,-3630.47149990862)
(-1420437.84527566,68627.8489652754,-21062.6527644438)
(-1426344.08060835,69450.2788028443,-77908.7281432081)
(-1426290.41418777,79194.9965142985,-237743.040279728)
(-1385764.59997855,110649.283935516,-682977.106247393)
(-1149453.801665,162828.826683218,-2000682.73194628)
(-6.3272928256527e-05,2.34527764958135e-05,1.92496096006803e-05)
(612.797277907713,1607129.96965471,1624461.93334394)
(-1623305.47711682,331721.161676534,-1090546.52361948)
(-1633863.49319368,40565.9957866499,-3791795.19810966)
(0,0,0)
(0,0,0)
(0,0,0)
(0,0,0)
(0,0,0)
(0,0,0)
(-1751302.31565428,-478342.999458184,-4589.12602899607)
(-1753209.74337624,-476767.725328153,-20206.1358197459)
(-1754851.54611846,-468740.806026767,-68171.4503925498)
(-1747557.12917155,-438179.846320293,-206260.999133664)
(-1694852.53336743,-331760.838098961,-630736.740490078)
(-1423295.31600035,64045.4618640807,-2163487.31889077)
(634.532890072911,1796156.44459908,1607200.18918444)
(-1606231.28730781,392859.104159966,349030.768190892)
(-2021704.32830509,-183696.513563016,-1381788.94205481)
(-1770637.07232452,-239418.815712076,-3832515.42077201)
(0,0,0)
(0,0,0)
(0,0,0)
(0,0,0)
(0,0,0)
(0,0,0)
(-2008899.8372617,-1776054.61150558,-2989.18940477353)
(-2009711.8828607,-1774279.65635455,-12121.3059599942)
(-2009855.09988348,-1766972.13160277,-37588.8839516507)
(-2004324.36797805,-1743441.00837521,-99734.3530666944)
(-1978502.28830223,-1677330.69981632,-234795.262100355)
(-1899077.47851282,-1508592.92481868,-431237.007797412)
(-1795167.02256485,-1169086.28776888,204037.533573853)
(-2056842.03430025,-1393768.44962433,-227497.86181466)
(-2211648.23761338,-1430362.79266534,-1437578.34359635)
(-1812532.03003124,-1013563.2585129,-3593198.87834026)
(0,0,0)
(0,0,0)
(0,0,0)
(0,0,0)
(0,0,0)
(0,0,0)
(-1732865.41718023,-4095240.17963369,-1186.67260228746)
(-1733166.81942551,-4094035.06748462,-4770.84364428483)
(-1733146.15564774,-4089319.38739984,-14024.627434774)
(-1730972.59272639,-4075403.60081264,-33521.269737864)
(-1722865.29010208,-4042044.95229072,-65956.1264020024)
(-1705447.19104172,-3976222.24676562,-91620.5174349254)
(-1699730.29433641,-3884685.80084152,-20514.4716682813)
(-1792160.66551271,-3864267.53835685,-264038.678313583)
(-1817099.08445886,-3600286.23142195,-1020754.90360917)
(-1453059.24167106,-2579562.09451191,-2579606.10811354)
(0,0,0)
(0,0,0)
(0,0,0)
(0,0,0)
(0,0,0)
(0,0,0)
(0,0,0)
(0,0,0)
(0,0,0)
(0,0,0)
(0,0,0)
(0,0,0)
(0,0,0)
(0,0,0)
(0,0,0)
(0,0,0)
(0,0,0)
(0,0,0)
(0,0,0)
(0,0,0)
(0,0,0)
(0,0,0)
(0,0,0)
(0,0,0)
(0,0,0)
(0,0,0)
(0,0,0)
(0,0,0)
(0,0,0)
(0,0,0)
(0,0,0)
(0,0,0)
(0,0,0)
(0,0,0)
(0,0,0)
(0,0,0)
(0,0,0)
(0,0,0)
(0,0,0)
(0,0,0)
(0,0,0)
(0,0,0)
(0,0,0)
(0,0,0)
(0,0,0)
(0,0,0)
(0,0,0)
(0,0,0)
(0,0,0)
(0,0,0)
(0,0,0)
(0,0,0)
(0,0,0)
(0,0,0)
(0,0,0)
(0,0,0)
(0,0,0)
(0,0,0)
(0,0,0)
(0,0,0)
(0,0,0)
(0,0,0)
(0,0,0)
(0,0,0)
(0,0,0)
(0,0,0)
(0,0,0)
(0,0,0)
(0,0,0)
(0,0,0)
(0,0,0)
(0,0,0)
(0,0,0)
(0,0,0)
(0,0,0)
(0,0,0)
(0,0,0)
(0,0,0)
(0,0,0)
(0,0,0)
(0,0,0)
(0,0,0)
(0,0,0)
(0,0,0)
(0,0,0)
(0,0,0)
(0,0,0)
(0,0,0)
(0,0,0)
(0,0,0)
(0,0,0)
(0,0,0)
(0,0,0)
(0,0,0)
(0,0,0)
(0,0,0)
(0,0,0)
(0,0,0)
(0,0,0)
(0,0,0)
(0,0,0)
(0,0,0)
(-716825.776951797,34509.5347556859,25301.8497807078)
(-730064.414351483,31107.637445844,47662.4419380422)
(-757966.945473324,23266.2730770658,62723.2265731832)
(-803331.798381032,8732.47593913365,62650.5969738887)
(-870029.048352008,-16203.5034092935,33129.9705290693)
(-961214.841992502,-54458.4986829243,-53155.6998420909)
(-1073633.27833084,-96472.95653053,-252704.824990443)
(-1178650.21859526,-86547.2424760804,-688938.170172276)
(-1168346.04116636,-45107.4550001783,-1442228.36293859)
(-830909.760145504,-16666.6756194565,-2303750.92386344)
(0,0,0)
(0,0,0)
(0,0,0)
(0,0,0)
(0,0,0)
(0,0,0)
(-733672.75708304,67127.5806841114,21895.7772163734)
(-745262.698420662,60782.3625283487,39840.5027604264)
(-769155.206128796,45796.5485604217,48175.3296252641)
(-806603.140154826,16432.64279876,37721.8807213764)
(-858659.360832894,-39667.8376074856,-5135.93599231677)
(-925038.483314244,-145240.450161214,-95191.1932707814)
(-1005021.26014422,-315680.437585074,-242808.054508101)
(-1104075.45359989,-271285.580185096,-647517.564070594)
(-1119434.44264359,-113154.617351592,-1413810.10047308)
(-808883.518831801,-35543.8901175271,-2287149.29865031)
(0,0,0)
(0,0,0)
(0,0,0)
(0,0,0)
(0,0,0)
(0,0,0)
(-769607.829163669,93610.8266314254,15540.1747737248)
(-778046.197979701,85558.287069524,24863.8870794068)
(-794137.472400049,66147.6023751375,18765.7739939638)
(-815135.774200607,25959.9142050152,-18420.6934798903)
(-833081.649806627,-61253.4575453828,-110691.30785562)
(-828788.418886506,-282040.194856015,-265618.768194581)
(-776483.636644293,-1020017.85307009,-198453.898958079)
(-853124.498749699,-821422.997708303,-489475.1538744)
(-979287.028785744,-209294.965511996,-1336287.28064679)
(-752699.008442673,-48962.1920560072,-2251746.01664817)
(0,0,0)
(0,0,0)
(0,0,0)
(0,0,0)
(0,0,0)
(0,0,0)
(-829017.22168302,104070.306382913,7486.88718037686)
(-833312.542531462,96419.7039909779,5459.94008166814)
(-838835.375869519,78423.2773327686,-21468.0588411218)
(-836148.332400665,43212.7324561069,-105703.264407341)
(-798081.956906943,-22266.0212331515,-331443.453073444)
(-637837.007164823,-118119.660861212,-1003599.24042907)
(-1.32472347930634e-05,-1.3291159381108e-06,7.28076365887119e-06)
(340.636460883642,687.811212291004,122431.439954021)
(-638337.159511981,-121252.233840563,-1176112.67260534)
(-641570.261510014,-22691.5897325794,-2202972.04428421)
(0,0,0)
(0,0,0)
(0,0,0)
(0,0,0)
(0,0,0)
(0,0,0)
(-916720.857115654,77757.4977442122,-134.456940368881)
(-916798.354609888,72471.0761875183,-12487.7504179306)
(-911763.632556245,60980.8548686228,-56725.1599291282)
(-886327.391871066,41350.8524503426,-171254.072799518)
(-801297.509810962,11507.1627221004,-427277.503635996)
(-562192.866759952,-20232.333774585,-885425.212381126)
(2.21622596761007e-06,-3.01020142233608e-07,-3.0800093971333e-05)
(-2.94862340056143e-05,-1.95452310080371e-06,1.1836774873635e-06)
(415.795210255748,595.261644983153,-1077850.3460533)
(-486390.935290765,-4555.80815895018,-2180601.38687275)
(0,0,0)
(0,0,0)
(0,0,0)
(0,0,0)
(0,0,0)
(0,0,0)
(-1033734.25312648,-23887.7596989351,-5397.08676220458)
(-1030463.18748619,-25920.9112848055,-23936.0834234225)
(-1017388.03063877,-28917.8961524773,-76393.0299058903)
(-975928.959135681,-30369.7140675907,-201132.587960183)
(-861648.946196285,-26423.9223008356,-458983.234025362)
(-579916.439330868,-14075.9013020835,-865151.510050126)
(4.09020408720224e-07,-1.7425160801948e-06,-2.31074226558163e-05)
(-2.15361753671842e-05,-7.1415559471217e-06,3.34209564171815e-06)
(568.041031462412,72.0538162252723,-1083312.63136217)
(-463659.899617633,-18062.8663411161,-2176335.87247045)
(0,0,0)
(0,0,0)
(0,0,0)
(0,0,0)
(0,0,0)
(0,0,0)
(-1167879.13322883,-265188.059375988,-7393.52871257938)
(-1162669.33189339,-264184.808893321,-26898.1444863293)
(-1145159.98150476,-259125.329593077,-77874.8101493291)
(-1095190.93313193,-242156.201135471,-197187.804137296)
(-964234.763434575,-198569.011801571,-446572.551180538)
(-647852.680703288,-111238.79084746,-851010.782596874)
(-2.68532197677373e-06,-3.61199139519825e-05,-2.78760993405122e-05)
(-3.62934233167782e-05,-5.6692932059546e-07,2.10186205195875e-06)
(620.124856176944,-66806.93185079,-1101604.23929109)
(-498805.269549692,-96254.9404335548,-2158470.38884263)
(0,0,0)
(0,0,0)
(0,0,0)
(0,0,0)
(0,0,0)
(0,0,0)
(-1274006.83715334,-736091.55191647,-6391.98596046317)
(-1268505.09686326,-733476.83134248,-21804.6100242875)
(-1250871.70551992,-723977.135845269,-60932.6443706417)
(-1201936.10070166,-695144.383141345,-153565.490834653)
(-1072262.75314907,-615610.67977362,-359113.603080965)
(-742125.464295257,-411991.103368007,-739531.142265516)
(-4.22814338619003e-05,8.18093049768816e-07,4.00676962477904e-06)
(172.810239472751,-57992.7107372734,-66767.54393149)
(-650418.955336451,-373769.44758877,-1131090.40116215)
(-654314.400201847,-281356.490000428,-2062311.52371795)
(0,0,0)
(0,0,0)
(0,0,0)
(0,0,0)
(0,0,0)
(0,0,0)
(-1240953.09432529,-1500293.10728826,-3745.1875646179)
(-1236652.75426417,-1498056.62948012,-12224.5180235107)
(-1223321.49476079,-1490642.51714584,-32092.7418456318)
(-1187171.97975809,-1470444.05137337,-73945.4618335743)
(-1090710.46996645,-1422010.43335705,-155337.526585923)
(-823789.101388766,-1315294.19988345,-327322.80719454)
(277.003634204458,-1073997.74775787,-57809.1835884068)
(-660811.894305665,-1129353.1326389,-382478.901681367)
(-893201.323609999,-1036001.67532361,-1038693.58794991)
(-697435.258840829,-654176.538088881,-1780970.31105186)
(0,0,0)
(0,0,0)
(0,0,0)
(0,0,0)
(0,0,0)
(0,0,0)
(-868940.317526906,-2362748.81298104,-1469.39396054707)
(-866691.986936717,-2361279.58408192,-4721.27184754306)
(-860005.178074554,-2356654.48767401,-11850.2788925595)
(-842947.284547455,-2344917.25190998,-25402.3865348803)
(-802067.783252688,-2319685.35562257,-48524.9711187562)
(-712100.955695313,-2271257.55787669,-85907.8484719229)
(-561169.641615988,-2185425.56364433,-113040.685305887)
(-673011.16365594,-2072468.28074622,-289075.039055333)
(-701875.240001084,-1783454.63494855,-656845.923888178)
(-510701.899540974,-1126646.24357447,-1126733.56053268)
(0,0,0)
(0,0,0)
(0,0,0)
(0,0,0)
(0,0,0)
(0,0,0)
(0,0,0)
(0,0,0)
(0,0,0)
(0,0,0)
(0,0,0)
(0,0,0)
(0,0,0)
(0,0,0)
(0,0,0)
(0,0,0)
(0,0,0)
(0,0,0)
(0,0,0)
(0,0,0)
(0,0,0)
(0,0,0)
(0,0,0)
(0,0,0)
(0,0,0)
(0,0,0)
(0,0,0)
(0,0,0)
(0,0,0)
(0,0,0)
(0,0,0)
(0,0,0)
(0,0,0)
(0,0,0)
(0,0,0)
(0,0,0)
(0,0,0)
(0,0,0)
(0,0,0)
(0,0,0)
(0,0,0)
(0,0,0)
(0,0,0)
(0,0,0)
(0,0,0)
(0,0,0)
(0,0,0)
(0,0,0)
(0,0,0)
(0,0,0)
(0,0,0)
(0,0,0)
(0,0,0)
(0,0,0)
(0,0,0)
(0,0,0)
(0,0,0)
(0,0,0)
(0,0,0)
(0,0,0)
(0,0,0)
(0,0,0)
(0,0,0)
(0,0,0)
(0,0,0)
(0,0,0)
(0,0,0)
(0,0,0)
(0,0,0)
(0,0,0)
(0,0,0)
(0,0,0)
(0,0,0)
(0,0,0)
(0,0,0)
(0,0,0)
(0,0,0)
(0,0,0)
(0,0,0)
(0,0,0)
(0,0,0)
(0,0,0)
(0,0,0)
(0,0,0)
(0,0,0)
(0,0,0)
(0,0,0)
(0,0,0)
(0,0,0)
(0,0,0)
(0,0,0)
(0,0,0)
(0,0,0)
(0,0,0)
(0,0,0)
(0,0,0)
(0,0,0)
(0,0,0)
(0,0,0)
(0,0,0)
(0,0,0)
(0,0,0)
(-746623.602238554,17705.588245336,12092.23704142)
(-753722.721544783,15952.1645017803,19798.3797329395)
(-767605.40822885,12108.6744070738,17328.168081393)
(-787405.02678981,5504.00102484425,-4102.60453467247)
(-811245.677030132,-4731.08676290767,-58154.8890936405)
(-835604.396571815,-18141.0289207977,-165624.305593528)
(-853624.973174634,-27735.5570805874,-357897.053669145)
(-845754.57590489,-11870.3703044557,-678922.32605506)
(-746081.204426302,3866.26103615961,-1105053.42383127)
(-468224.827780634,5390.61073240724,-1473128.96692856)
(0,0,0)
(0,0,0)
(0,0,0)
(0,0,0)
(0,0,0)
(0,0,0)
(-757456.552199848,31140.5373106542,10348.8460514929)
(-762873.640612305,27946.6379916964,15965.3147532203)
(-772597.645374648,20814.4105701647,10702.0178359811)
(-783993.274736589,7944.60261112989,-14348.449168541)
(-792150.422034266,-14006.6432890328,-71581.8314410446)
(-790678.840703166,-48852.1116328183,-175230.391340104)
(-778944.568707055,-86996.0368848777,-342046.602972976)
(-774573.656267813,-20224.7308301917,-663194.039779317)
(-702290.53392568,27074.7195189371,-1103546.40698001)
(-449141.840814561,20682.0930548173,-1478579.56731966)
(0,0,0)
(0,0,0)
(0,0,0)
(0,0,0)
(0,0,0)
(0,0,0)
(-779763.189771976,34153.1095030642,7142.78841589826)
(-782010.552509199,30260.0250983084,8793.75583878466)
(-783765.554516978,21466.105472891,-2229.85694701077)
(-778060.294045928,4982.47423526498,-36343.2087258248)
(-750835.16623923,-26191.6866599907,-106404.648922264)
(-679707.714790928,-90980.7223111979,-213356.742339461)
(-558225.444636992,-243290.040254597,-275320.930977042)
(-564934.38589722,32225.4417340064,-615961.21639372)
(-589974.508548788,131788.454031402,-1109987.47114314)
(-404899.161383641,62241.113821322,-1499346.33896868)
(0,0,0)
(0,0,0)
(0,0,0)
(0,0,0)
(0,0,0)
(0,0,0)
(-814493.343068985,16389.527024558,3239.70386446999)
(-812742.312673044,12955.8826043065,-26.3834999462432)
(-804211.360402785,5568.56515422294,-18752.8586480129)
(-775415.260339145,-6917.92211839399,-67585.5343558747)
(-695242.417695084,-25451.0836475871,-171165.676580139)
(-491864.465195989,-42441.8590364292,-365677.081823741)
(-1.100450016165e-05,-6.93539973763948e-07,-1.91467093721148e-06)
(-16.76337663308,557.891678667921,-516587.08484023)
(-361085.515372571,517604.608011595,-1179654.88295983)
(-329825.926935883,132550.900487508,-1561709.00420015)
(0,0,0)
(0,0,0)
(0,0,0)
(0,0,0)
(0,0,0)
(0,0,0)
(-860979.677652285,-39180.9263646257,-170.726074183437)
(-855486.322249317,-41143.6028523309,-7383.27297811563)
(-837742.194470655,-44589.2662030872,-31246.8797063946)
(-790104.362969111,-48224.215553827,-86163.6151729177)
(-675966.24547184,-48831.1939345787,-188114.769225047)
(-431661.943806699,-37946.1275047727,-323141.423709955)
(2.21501306299911e-06,2.16927672626832e-07,-1.4819920961707e-06)
(-2.69029803237559e-05,4.59272880638701e-07,-4.47438298171259e-06)
(243.094621182937,781.797724114355,-1565015.50376953)
(-242511.087662085,18212.087200585,-1694556.53811129)
(0,0,0)
(0,0,0)
(0,0,0)
(0,0,0)
(0,0,0)
(0,0,0)
(-912917.773337148,-157918.250695559,-2079.15545840433)
(-904895.259377768,-158027.556594038,-10763.1298251171)
(-881263.857122924,-156607.356677734,-34869.2128663188)
(-822658.384286971,-149600.300523301,-86763.7027455553)
(-691046.778516753,-129034.139451516,-177162.92490815)
(-427872.376217288,-82034.5828832528,-285118.532643251)
(6.85954644724799e-07,-5.88877231068575e-07,-2.61368726883607e-11)
(-1.86094397262539e-05,-4.66156273241451e-07,-2.00133262392251e-06)
(56.219250669563,128.295340216071,-1547957.31319629)
(-227170.830371885,-53183.7263116219,-1713050.56892983)
(0,0,0)
(0,0,0)
(0,0,0)
(0,0,0)
(0,0,0)
(0,0,0)
(-952391.704810811,-371283.903284652,-2121.77582893145)
(-943531.359694108,-369993.500267444,-9293.80435481209)
(-918333.188284206,-364854.211980143,-27873.7422729526)
(-857556.403076264,-348938.901875457,-66169.6709764635)
(-722699.796684496,-306654.351997024,-130084.425181035)
(-451413.509726816,-205562.855344863,-202995.323695896)
(-1.74760084916816e-06,-1.85923239238988e-06,-3.08750864586233e-11)
(-3.08601557545873e-05,-2.3023224591763e-06,-3.59713225134266e-06)
(-81.4698691266129,-717952.707974199,-1601457.8631827)
(-241539.223774848,-251820.251991928,-1660087.38327725)
(0,0,0)
(0,0,0)
(0,0,0)
(0,0,0)
(0,0,0)
(0,0,0)
(-941350.735774222,-703131.703122137,-808.301541629285)
(-933450.401132439,-701737.541116677,-4118.9564232144)
(-911313.461341174,-696547.521717815,-11983.8908642845)
(-858513.781639736,-680507.136715819,-23837.9750858493)
(-739666.415855704,-634222.129947323,-28866.5344289184)
(-485453.550369239,-493862.705880391,2761.40218059096)
(-3.75624484732067e-05,-6.07298521753005e-06,-4.39187161136081e-07)
(95.8484368763714,-719172.680578831,-717641.630677002)
(-334002.076516799,-616685.468357675,-1135325.74911317)
(-308547.463055565,-324535.260852722,-1408377.67739867)
(0,0,0)
(0,0,0)
(0,0,0)
(0,0,0)
(0,0,0)
(0,0,0)
(-816290.860449438,-1128395.80710561,601.870107619566)
(-810674.160372419,-1128247.11535965,1132.85045884336)
(-795314.090333469,-1127497.45382352,4075.37813722246)
(-759715.391007419,-1126425.61415441,22537.2668251486)
(-680443.169432846,-1133587.15800807,111634.994352285)
(-498943.401428893,-1203879.96771116,496806.556223176)
(484.245971876011,-1635730.12729197,-718976.746225152)
(-342182.749301037,-1141764.05196479,-615014.51984382)
(-436901.168729525,-844840.760579831,-843159.382502139)
(-313790.353873874,-467517.413214788,-1083822.13510703)
(0,0,0)
(0,0,0)
(0,0,0)
(0,0,0)
(0,0,0)
(0,0,0)
(-504229.525133934,-1493893.14604251,786.54654392947)
(-501400.648431787,-1494723.52731973,1971.61999907522)
(-493918.806342999,-1496837.75614924,5225.5505932428)
(-477416.644859723,-1502235.36875293,15504.6655040215)
(-443678.150736612,-1517933.08253187,41460.9575117543)
(-380085.172332276,-1559507.61317607,65072.8196136327)
(-282270.444985079,-1624646.44765679,-224910.056652461)
(-321882.931876178,-1399783.80879579,-318018.53160122)
(-317090.436492118,-1081841.90545658,-465802.190233435)
(-211733.84974869,-616088.215230785,-616199.438009725)
(0,0,0)
(0,0,0)
(0,0,0)
(0,0,0)
(0,0,0)
(0,0,0)
(0,0,0)
(0,0,0)
(0,0,0)
(0,0,0)
(0,0,0)
(0,0,0)
(0,0,0)
(0,0,0)
(0,0,0)
(0,0,0)
(0,0,0)
(0,0,0)
(0,0,0)
(0,0,0)
(0,0,0)
(0,0,0)
(0,0,0)
(0,0,0)
(0,0,0)
(0,0,0)
(0,0,0)
(0,0,0)
(0,0,0)
(0,0,0)
(0,0,0)
(0,0,0)
(0,0,0)
(0,0,0)
(0,0,0)
(0,0,0)
(0,0,0)
(0,0,0)
(0,0,0)
(0,0,0)
(0,0,0)
(0,0,0)
(0,0,0)
(0,0,0)
(0,0,0)
(0,0,0)
(0,0,0)
(0,0,0)
(0,0,0)
(0,0,0)
(0,0,0)
(0,0,0)
(0,0,0)
(0,0,0)
(0,0,0)
(0,0,0)
(0,0,0)
(0,0,0)
(0,0,0)
(0,0,0)
(0,0,0)
(0,0,0)
(0,0,0)
(0,0,0)
(0,0,0)
(0,0,0)
(0,0,0)
(0,0,0)
(0,0,0)
(0,0,0)
(0,0,0)
(0,0,0)
(0,0,0)
(0,0,0)
(0,0,0)
(0,0,0)
(0,0,0)
(0,0,0)
(0,0,0)
(0,0,0)
(0,0,0)
(0,0,0)
(0,0,0)
(0,0,0)
(0,0,0)
(0,0,0)
(0,0,0)
(0,0,0)
(0,0,0)
(0,0,0)
(0,0,0)
(0,0,0)
(0,0,0)
(0,0,0)
(0,0,0)
(0,0,0)
(0,0,0)
(0,0,0)
(0,0,0)
(0,0,0)
(0,0,0)
(0,0,0)
(-758590.715654455,6997.45045055125,4969.66296534772)
(-761569.626681888,6926.97433250203,5889.5937699502)
(-766421.940554284,7224.08779196652,-2517.96169658288)
(-770897.140480035,9023.83143424342,-28049.6794405995)
(-771117.998961715,14491.0793590545,-82668.4368680715)
(-761446.764768219,26912.5699616815,-183738.638633345)
(-734307.446579031,47051.0489668608,-350107.214195808)
(-675960.486519304,59416.8779424805,-579318.181523874)
(-545934.327068463,47715.9338649949,-827180.992746707)
(-315084.5361132,24516.7653924584,-1004838.0498066)
(0,0,0)
(0,0,0)
(0,0,0)
(0,0,0)
(0,0,0)
(0,0,0)
(-764278.764755519,8891.75444327899,4927.90856294222)
(-766084.096148711,8862.62013896185,6202.71829288839)
(-768139.16225578,9724.47198566762,-756.14901967956)
(-767107.889460997,13986.0159098462,-22603.7187708758)
(-757478.155348531,27453.1649276471,-70238.0710252038)
(-732744.327584524,62308.2834510155,-163568.29763318)
(-691619.636539099,133895.037685642,-337737.21851992)
(-651419.169030803,189540.232895181,-591015.060709635)
(-534612.441835175,139447.183416913,-850424.40235206)
(-310578.921070847,64958.7380089817,-1029429.2947123)
(0,0,0)
(0,0,0)
(0,0,0)
(0,0,0)
(0,0,0)
(0,0,0)
(-775207.74610211,-558.231746475242,4894.54251988644)
(-774842.817432631,-437.028848853904,7026.45643113355)
(-771531.701283716,1086.29996939512,3430.77521414473)
(-759197.717969641,7722.04226593962,-9167.82721823424)
(-726752.047365641,29546.6555441912,-35344.4367083679)
(-657874.131566006,97056.0156658484,-91925.7521481226)
(-549322.858696905,315151.894563056,-282085.194965622)
(-613669.777480329,597305.979716466,-641115.550203797)
(-527417.24848145,360760.058786255,-924985.685640474)
(-307773.125845832,137362.73581508,-1094515.71898439)
(0,0,0)
(0,0,0)
(0,0,0)
(0,0,0)
(0,0,0)
(0,0,0)
(-790090.12004091,-29965.7633486929,5004.30857414201)
(-787041.84097464,-29666.0654537974,8532.87348068106)
(-776813.97526342,-27811.4212804206,10033.2095911322)
(-748830.332652137,-21447.506969618,12617.8311396818)
(-679319.0025278,-5998.93382072813,32240.0053373196)
(-506761.324082572,17936.5856814646,126256.294208287)
(-8.70469747698379e-06,5.75472614432893e-06,-5.97124513358236e-06)
(-711269.878805931,799.861977253822,-877775.829018648)
(-608621.754758822,879043.024777203,-1148522.55562335)
(-328890.991731957,219932.672006762,-1232027.42701895)
(0,0,0)
(0,0,0)
(0,0,0)
(0,0,0)
(0,0,0)
(0,0,0)
(-805364.999939424,-90927.075386623,5346.6343250676)
(-799891.41351308,-90373.6240045122,10459.2841395451)
(-783599.777774456,-87933.206009167,16438.6521720919)
(-742595.309518978,-80588.2328914081,28070.32464375)
(-646486.517749449,-63719.7067826738,56311.3698833049)
(-432096.402206109,-34012.2652879555,108694.679252135)
(5.73245406851216e-06,8.98646376692985e-07,1.75290797773427e-06)
(-1.75395175755673e-05,3.65388074944225e-06,-1.10841564675016e-05)
(-1110131.18802003,682.537961702927,-1807929.24261682)
(-411939.323756516,33625.2646804107,-1452193.59919604)
(0,0,0)
(0,0,0)
(0,0,0)
(0,0,0)
(0,0,0)
(0,0,0)
(-812669.810440789,-197169.135333231,5994.09705024662)
(-805852.003239095,-196451.773114699,13028.9900217613)
(-786531.334824375,-193481.371096352,23844.6328103973)
(-740068.008430356,-184320.749088598,44986.7731509726)
(-635394.587920753,-160560.358513364,86175.2342856633)
(-413192.406918849,-105490.030045241,142973.02974451)
(1.40641099645943e-06,6.09667158892543e-07,1.98581858640182e-12)
(-1.24899193910379e-05,3.79850691092203e-06,-6.26414451087764e-06)
(-1052076.90946175,67.8020865098123,-1775298.02347771)
(-415369.792731709,-67479.4234389091,-1485994.37299857)
(0,0,0)
(0,0,0)
(0,0,0)
(0,0,0)
(0,0,0)
(0,0,0)
(-796186.631308437,-360177.396911409,6803.18807580555)
(-789434.787231556,-359837.521003234,16092.3635017865)
(-770944.179924111,-357796.908185741,33018.8922310804)
(-727818.620054871,-349861.194193483,68821.5543145742)
(-632213.946569801,-323623.775741925,141399.121428441)
(-424566.643911912,-239630.046865188,248692.272433482)
(-2.71433872983554e-07,-1.26245590000323e-07,-2.23585947474469e-12)
(-1.6832142417694e-05,-3.9853625277903e-06,-6.2441461340414e-06)
(-1153373.36551382,-1051875.79633034,-1843009.28934525)
(-414530.719266993,-318821.472855435,-1418675.74443658)
(0,0,0)
(0,0,0)
(0,0,0)
(0,0,0)
(0,0,0)
(0,0,0)
(-730602.845010203,-578105.920841773,7180.63316634592)
(-725245.827650421,-579036.580512643,18175.1191937362)
(-711214.853836597,-580658.510176126,40938.1136795435)
(-680768.08890926,-581809.876582613,95141.1033381961)
(-618560.232009702,-575137.080600117,225548.224350386)
(-480545.20038561,-507566.756872401,488576.584373969)
(-2.13390172096452e-05,-1.33088879066901e-05,-1.68166085726694e-06)
(-848633.790923661,-1061642.52713989,-1051826.96939613)
(-608013.225861559,-719663.079790484,-1110028.53659123)
(-307621.289513403,-329793.358800127,-1099982.82418869)
(0,0,0)
(0,0,0)
(0,0,0)
(0,0,0)
(0,0,0)
(0,0,0)
(-584314.144655866,-816360.679548163,6278.04291281806)
(-580955.28417782,-819073.678791461,16596.264997036)
(-572939.830284829,-826232.399501848,39795.8942741162)
(-559369.795988267,-844270.837777999,101911.260450348)
(-549967.8422262,-896970.417805122,293269.270448709)
(-624441.558327222,-1085222.90512879,996423.575603424)
(-1291790.75292791,-1918733.22115954,-1061605.35519463)
(-633985.951543606,-1121652.36176117,-709792.31833079)
(-421021.25251958,-725153.770167341,-720181.544163882)
(-228076.49884988,-365499.011992832,-770189.745995168)
(0,0,0)
(0,0,0)
(0,0,0)
(0,0,0)
(0,0,0)
(0,0,0)
(-334541.081525645,-989674.423800365,3625.30064391246)
(-332966.607076037,-993386.777848997,9504.35834569989)
(-329474.115400535,-1002990.21371712,21817.4816185103)
(-324275.437817816,-1024932.71283739,49338.1496359949)
(-322032.695261236,-1074419.94757434,105142.223929833)
(-343509.49918347,-1179656.61949966,163000.2651519)
(-430850.602934401,-1342668.50631602,-264484.291742298)
(-316607.049655377,-1078166.80735482,-313245.72836945)
(-230009.648948495,-764965.791951369,-360514.494129044)
(-128675.875584352,-404473.82535195,-404597.654934265)
(0,0,0)
(0,0,0)
(0,0,0)
(0,0,0)
(0,0,0)
(0,0,0)
(0,0,0)
(0,0,0)
(0,0,0)
(0,0,0)
(0,0,0)
(0,0,0)
(0,0,0)
(0,0,0)
(0,0,0)
(0,0,0)
(0,0,0)
(0,0,0)
(0,0,0)
(0,0,0)
(0,0,0)
(0,0,0)
(0,0,0)
(0,0,0)
(0,0,0)
(0,0,0)
(0,0,0)
(0,0,0)
(0,0,0)
(0,0,0)
(0,0,0)
(0,0,0)
(0,0,0)
(0,0,0)
(0,0,0)
(0,0,0)
(0,0,0)
(0,0,0)
(0,0,0)
(0,0,0)
(0,0,0)
(0,0,0)
(0,0,0)
(0,0,0)
(0,0,0)
(0,0,0)
(0,0,0)
(0,0,0)
(0,0,0)
(0,0,0)
(0,0,0)
(0,0,0)
(0,0,0)
(0,0,0)
(0,0,0)
(0,0,0)
(0,0,0)
(0,0,0)
(0,0,0)
(0,0,0)
(0,0,0)
(0,0,0)
(0,0,0)
(0,0,0)
(0,0,0)
(0,0,0)
(0,0,0)
(0,0,0)
(0,0,0)
(0,0,0)
(0,0,0)
(0,0,0)
(0,0,0)
(0,0,0)
(0,0,0)
(0,0,0)
(0,0,0)
(0,0,0)
(0,0,0)
(0,0,0)
(0,0,0)
(0,0,0)
(0,0,0)
(0,0,0)
(0,0,0)
(0,0,0)
(0,0,0)
(0,0,0)
(0,0,0)
(0,0,0)
(0,0,0)
(0,0,0)
(0,0,0)
(0,0,0)
(0,0,0)
(0,0,0)
(0,0,0)
(0,0,0)
(0,0,0)
(0,0,0)
(0,0,0)
(0,0,0)
(-761936.636968379,1381.27493277066,1964.64638115645)
(-763027.214578449,2465.17996720926,957.054310509126)
(-763978.878502813,5545.37065886893,-7031.3783998336)
(-762471.131215971,12840.1838550573,-28297.5715189559)
(-754484.809975302,28145.5852298534,-73076.3457352211)
(-733538.22932677,55650.4871619181,-156635.368338592)
(-689007.18313424,89784.5131471655,-291720.144930551)
(-602520.019673911,84012.704720556,-449173.316496502)
(-457937.504568817,59068.5456110887,-596238.684607238)
(-250761.184456109,29059.6512833729,-689621.687547701)
(0,0,0)
(0,0,0)
(0,0,0)
(0,0,0)
(0,0,0)
(0,0,0)
(-764046.740898533,-1939.35650083105,3088.6075766152)
(-764792.679694002,180.246203972412,4082.12488514375)
(-765154.886685697,6400.18543633314,243.034537594633)
(-762959.684887327,21954.107814212,-13019.093995231)
(-755009.338793862,58242.6847142588,-45585.0100343046)
(-737457.224746242,137275.962124431,-122497.587835099)
(-703118.985546311,276283.001563757,-297496.727244478)
(-618169.999878064,227375.557009617,-474108.748686277)
(-470039.600037065,146682.771553697,-626295.816426996)
(-256863.532021135,67787.5357078303,-718739.089901167)
(0,0,0)
(0,0,0)
(0,0,0)
(0,0,0)
(0,0,0)
(0,0,0)
(-767097.846890572,-15293.7105173222,5244.45480495376)
(-767258.54015501,-12484.7970766901,10325.2208079947)
(-766516.737886121,-4039.09110218793,15749.533948919)
(-763006.731903364,18246.9321132751,23265.7235835775)
(-755864.99865382,77143.7422980512,33477.6172879657)
(-752021.553433831,248353.328892399,16547.6723878206)
(-774661.406647312,864550.34699459,-346381.125092603)
(-677762.631807322,499876.202143331,-554788.915899327)
(-509905.333528882,279657.825810605,-705275.8851088)
(-274886.767264185,116289.287842479,-786663.995825095)
(0,0,0)
(0,0,0)
(0,0,0)
(0,0,0)
(0,0,0)
(0,0,0)
(-768471.162859496,-45015.5940951161,8102.92639637928)
(-767928.228313333,-42320.6634680288,18825.1801264123)
(-765648.513191679,-34413.2191772182,38033.8461297008)
(-759698.962690077,-15026.8133013652,82176.2215822785)
(-751818.935667188,27043.4653241693,204776.431695548)
(-779410.226311627,92969.2031654794,632809.45965152)
(-1148881.60411062,1076.62295413713,-711110.597779226)
(-859873.231580098,712444.630449381,-775075.67331111)
(-612924.106528521,377678.658782396,-868794.154513201)
(-315194.373730252,136928.668668778,-903130.153341206)
(0,0,0)
(0,0,0)
(0,0,0)
(0,0,0)
(0,0,0)
(0,0,0)
(-763242.516814921,-98027.8811614615,10889.8039418435)
(-762056.949826502,-96120.2364966681,26854.9132839045)
(-758027.176956783,-90632.2024445666,57501.295733578)
(-746583.666479827,-77822.4455345003,124285.284927561)
(-713567.785130603,-52409.7561909118,270819.773823795)
(-594482.679072167,-14897.5704434434,541072.824298774)
(-1.13833115646172e-05,7.95367344341413e-06,1.04602180148553e-05)
(-1137697.65591192,313.67150165361,-1110033.61272358)
(-791647.318478866,58887.9788014073,-1109726.80228375)
(-374751.188790075,30252.4430499339,-1040238.71163135)
(0,0,0)
(0,0,0)
(0,0,0)
(0,0,0)
(0,0,0)
(0,0,0)
(-743084.230736293,-180493.376965309,12879.9160993553)
(-741725.474265743,-179837.549364335,32470.6999936697)
(-737429.499273037,-177668.532320156,70405.1943179216)
(-725403.324654587,-171857.068232063,149775.133239715)
(-689372.130955642,-157185.882700059,308528.802783751)
(-559314.709547183,-116681.649935289,556435.184903927)
(-8.69389103214603e-06,1.1041245503937e-05,8.39794051013377e-06)
(-1070083.77227423,245.908730353279,-1051711.4571111)
(-805283.786660402,-101094.244844203,-1138522.35626685)
(-386453.92270663,-66575.6752738909,-1070610.1079681)
(0,0,0)
(0,0,0)
(0,0,0)
(0,0,0)
(0,0,0)
(0,0,0)
(-695793.769361098,-294495.706443853,13609.4675312036)
(-694856.08403523,-295541.042687897,34734.2576584395)
(-692173.121623674,-297966.861921622,76261.5289594678)
(-685269.698322191,-302701.336170297,164556.87516502)
(-664226.710992403,-309867.308318927,349251.065206491)
(-570031.79359207,-295523.897174041,673558.462125404)
(-1.12014898359596e-05,1.16891345358822e-05,1.18970952493303e-05)
(-1179174.21723874,-848501.488516177,-1153156.08474542)
(-797037.417380198,-506467.50132911,-1104118.77639414)
(-369158.630715484,-211906.205913641,-1004160.33430589)
(0,0,0)
(0,0,0)
(0,0,0)
(0,0,0)
(0,0,0)
(0,0,0)
(-605953.011070548,-431754.179345497,12608.6389619884)
(-605828.80110692,-434707.748694603,32358.3184251936)
(-605969.554707955,-442375.778667746,71521.9360426758)
(-609059.20810241,-460372.608943406,157484.328008934)
(-628193.695906604,-506504.945824128,363755.429411037)
(-730202.379905293,-651452.780291951,969341.492048632)
(-1319411.98758745,-1291749.68313364,-848502.275481535)
(-887473.156291461,-847037.944248006,-811126.4543819)
(-583241.507353108,-532722.608268092,-809643.065951367)
(-286518.663045475,-250271.33514359,-792380.563189349)
(0,0,0)
(0,0,0)
(0,0,0)
(0,0,0)
(0,0,0)
(0,0,0)
(-459154.785088007,-566587.870598336,9674.33168497904)
(-459565.714862326,-571119.0826367,24696.0963115832)
(-461302.764639594,-582810.077245621,53493.3292442266)
(-468470.811621459,-609204.332677473,111426.068611485)
(-494957.301023285,-669031.866590756,218942.448175197)
(-581845.593733958,-804317.028552157,329210.73184214)
(-792743.469867591,-1057858.91480729,-403727.319544534)
(-583586.998162394,-804369.501488884,-496794.715684868)
(-389075.825892754,-534223.226945211,-527239.523634578)
(-197317.993573587,-266140.321620441,-542129.042434016)
(0,0,0)
(0,0,0)
(0,0,0)
(0,0,0)
(0,0,0)
(0,0,0)
(-251130.656042654,-655191.215157915,5192.9190765883)
(-251483.018111361,-660448.660783478,13038.9082586912)
(-252815.971484205,-673537.174388475,27107.8614852137)
(-257324.775338033,-700716.135998299,51669.0023262596)
(-270723.687010866,-752430.483069775,83758.6105549093)
(-303598.772949081,-836205.587081424,75736.4428497873)
(-350852.320573849,-911913.527889343,-150207.226428708)
(-282873.663900441,-761682.996951411,-226627.116721117)
(-196574.307014117,-535103.248576442,-259182.437024265)
(-102108.283684627,-275915.447182842,-275974.903361588)
(0,0,0)
(0,0,0)
(0,0,0)
(0,0,0)
(0,0,0)
(0,0,0)
(0,0,0)
(0,0,0)
(0,0,0)
(0,0,0)
(0,0,0)
(0,0,0)
(0,0,0)
(0,0,0)
(0,0,0)
(0,0,0)
(0,0,0)
(0,0,0)
(0,0,0)
(0,0,0)
(0,0,0)
(0,0,0)
(0,0,0)
(0,0,0)
(0,0,0)
(0,0,0)
(0,0,0)
(0,0,0)
(0,0,0)
(0,0,0)
(0,0,0)
(0,0,0)
(0,0,0)
(0,0,0)
(0,0,0)
(0,0,0)
(0,0,0)
(0,0,0)
(0,0,0)
(0,0,0)
(0,0,0)
(0,0,0)
(0,0,0)
(0,0,0)
(0,0,0)
(0,0,0)
(0,0,0)
(0,0,0)
(0,0,0)
(0,0,0)
(0,0,0)
(0,0,0)
(0,0,0)
(0,0,0)
(0,0,0)
(0,0,0)
(0,0,0)
(0,0,0)
(0,0,0)
(0,0,0)
(0,0,0)
(0,0,0)
(0,0,0)
(0,0,0)
(0,0,0)
(0,0,0)
(0,0,0)
(0,0,0)
(0,0,0)
(0,0,0)
(0,0,0)
(0,0,0)
(0,0,0)
(0,0,0)
(0,0,0)
(0,0,0)
(0,0,0)
(0,0,0)
(0,0,0)
(0,0,0)
(0,0,0)
(0,0,0)
(0,0,0)
(0,0,0)
(0,0,0)
(0,0,0)
(0,0,0)
(0,0,0)
(0,0,0)
(0,0,0)
(0,0,0)
(0,0,0)
(0,0,0)
(0,0,0)
(0,0,0)
(0,0,0)
(0,0,0)
(0,0,0)
(0,0,0)
(0,0,0)
(0,0,0)
(0,0,0)
(-762162.967722734,-728.230889388165,954.561643740604)
(-762755.480088321,679.038672532735,3.78848108109307)
(-762816.643200867,4364.01000369525,-5522.45682455725)
(-760095.502531639,12361.7020394253,-20259.7875483162)
(-750241.505364244,27620.6219901017,-52123.7141494771)
(-725277.606271779,51712.7205562105,-112097.057760676)
(-671595.923301413,75667.8998599879,-205176.217453488)
(-571602.948844171,68376.8248086364,-304470.113091863)
(-420488.051507306,46996.9848612043,-388916.55101458)
(-224016.332304704,23001.4039410038,-438662.807106988)
(0,0,0)
(0,0,0)
(0,0,0)
(0,0,0)
(0,0,0)
(0,0,0)
(-762177.959676132,-4955.28848675331,2358.27637496581)
(-763201.503597531,-2264.21641368927,3710.35536471528)
(-764610.757028029,5062.7812687212,2467.45444202209)
(-765048.816738486,21928.2156355469,-5009.92730293899)
(-761764.746436662,57403.5185348189,-28037.4162048557)
(-748369.07464821,122744.425638356,-88157.2713850343)
(-707934.983720853,204791.825495768,-212465.198846272)
(-604279.041369054,167844.272008519,-325823.604555165)
(-442826.218480188,106888.280096789,-412928.281347627)
(-234913.741105393,49817.8258224367,-461694.494144803)
(0,0,0)
(0,0,0)
(0,0,0)
(0,0,0)
(0,0,0)
(0,0,0)
(-760627.144247446,-16502.2744269093,5076.28329702937)
(-762551.614577845,-12990.0368349986,11095.1781411751)
(-766673.392438943,-3028.25077995241,19342.8647426727)
(-773898.305784549,21662.8774351004,30499.7768243045)
(-786551.978262746,81263.2835885666,37326.9913794823)
(-806915.351311943,221068.963956754,-6103.7490608017)
(-817037.732796464,490461.262283146,-249396.859699027)
(-690462.77781454,317928.314347319,-386780.756030611)
(-496534.476671457,176792.62378746,-470055.956578705)
(-259596.609295218,76074.0391744276,-511602.327899662)
(0,0,0)
(0,0,0)
(0,0,0)
(0,0,0)
(0,0,0)
(0,0,0)
(-754135.923929305,-39477.8756612263,8640.36230412785)
(-757286.133190825,-36131.4955836841,21139.7259303068)
(-765118.210397168,-26499.1069474233,44080.2793032685)
(-782445.407976156,-1672.38330362269,90161.9853280722)
(-823088.68167163,65483.0907573161,177211.924163765)
(-922622.625288147,278162.955672578,263330.331424459)
(-1123423.80503882,1150295.61553318,-421961.820897373)
(-870834.714939578,434911.846066396,-527983.869256964)
(-592394.929350772,199163.867920596,-570884.290567852)
(-299701.977111437,77480.8890095064,-587783.537021747)
(0,0,0)
(0,0,0)
(0,0,0)
(0,0,0)
(0,0,0)
(0,0,0)
(-737152.981291307,-77625.7025181002,12058.2913332592)
(-741491.529892165,-75526.0337795411,30887.4095947814)
(-752899.884017052,-69752.9934964455,69014.0032040757)
(-780268.529309669,-56370.1055906857,157396.58832098)
(-852703.377180465,-27966.5962012929,389981.867329452)
(-1082571.48953868,20659.4051250788,1135574.22834347)
(-1997984.4157037,927.14029217657,-1137359.55283073)
(-1144685.59368051,68330.1717801723,-763789.940775916)
(-709088.330315546,45481.1154628776,-692666.176481519)
(-343247.237587222,18669.2475568688,-665358.486231736)
(0,0,0)
(0,0,0)
(0,0,0)
(0,0,0)
(0,0,0)
(0,0,0)
(-701820.404445866,-133089.649863871,14200.1210553436)
(-706967.431352262,-132834.927472806,36750.9718351265)
(-720685.201567271,-132241.750853692,82495.4314866062)
(-753612.784172472,-131556.385753995,185891.171167798)
(-838337.796457631,-131836.601411736,438726.841880231)
(-1088880.6250561,-127048.191731518,1116000.35424575)
(-1957558.51977726,774.419684529232,-1069993.50901172)
(-1176516.70095413,-108524.254809197,-786706.153742441)
(-734282.017369034,-92680.8798333562,-719545.927737576)
(-354034.371700486,-49197.3903102115,-684098.840876639)
(0,0,0)
(0,0,0)
(0,0,0)
(0,0,0)
(0,0,0)
(0,0,0)
(-638723.938927942,-204668.560160976,14509.0798639517)
(-644123.332399964,-206473.599555313,37415.0003111936)
(-658526.788132877,-211700.475880896,83227.3918476026)
(-692857.48948983,-226436.933061173,185695.730322421)
(-780244.385328969,-273749.557551981,443626.36079923)
(-1041859.43146666,-455554.24623264,1243960.05317494)
(-2036648.99300867,-1319354.09752779,-1179309.56281524)
(-1139465.34008473,-556657.408707973,-770885.286070475)
(-691871.385326104,-292599.334012038,-676132.863945889)
(-330247.047770861,-129242.86334386,-634998.973856863)
(0,0,0)
(0,0,0)
(0,0,0)
(0,0,0)
(0,0,0)
(0,0,0)
(-538413.084037539,-284954.654775843,12746.1675818569)
(-543348.040820814,-288427.073207102,32218.8809475408)
(-556261.589326631,-297689.123042646,68499.5627279664)
(-585692.664291702,-319758.845889289,138454.931745375)
(-652145.560861672,-373237.110995821,261894.350144284)
(-801081.205045705,-503047.674890343,380266.603942395)
(-1076938.7966045,-765017.737887677,-416542.946680678)
(-810789.359111237,-543097.648969063,-506786.503599814)
(-531248.306683047,-338536.81343793,-512842.224843983)
(-261686.628684753,-161056.944956059,-505860.177592505)
(0,0,0)
(0,0,0)
(0,0,0)
(0,0,0)
(0,0,0)
(0,0,0)
(-394887.839664348,-358518.613286005,9297.01308650478)
(-398617.054449092,-363017.604999436,22938.8844656047)
(-408142.80064002,-374298.661392545,46388.4588159286)
(-428814.959157157,-398042.275846169,85016.0363085056)
(-470543.86051817,-444782.941732541,132148.42654011)
(-545081.426102364,-526048.227274374,118384.811292548)
(-628881.275900679,-615941.76627207,-194553.354289973)
(-515402.733961777,-503626.636413914,-302208.63104574)
(-352724.494375287,-341688.073331436,-335408.702669699)
(-178058.146328509,-170906.837591521,-344818.657279316)
(0,0,0)
(0,0,0)
(0,0,0)
(0,0,0)
(0,0,0)
(0,0,0)
(-210418.164485872,-404079.801405884,4848.6965630979)
(-212396.625487703,-408956.167324806,11700.8662648095)
(-217359.959450465,-420701.429181463,22647.6220199885)
(-227614.646862926,-443395.942613849,38291.1603125602)
(-246451.870140594,-481678.889353945,50915.2910636914)
(-274668.975010196,-532577.719921467,28514.9857718986)
(-295012.860399853,-561046.284765182,-82219.955908984)
(-249616.036496891,-478815.717770261,-140288.501956185)
(-175308.466105933,-338559.179644368,-164683.236551437)
(-89914.423184534,-173860.81977709,-173923.114865961)
(0,0,0)
(0,0,0)
(0,0,0)
(0,0,0)
(0,0,0)
(0,0,0)
(0,0,0)
(0,0,0)
(0,0,0)
(0,0,0)
(0,0,0)
(0,0,0)
(0,0,0)
(0,0,0)
(0,0,0)
(0,0,0)
(0,0,0)
(0,0,0)
(0,0,0)
(0,0,0)
(0,0,0)
(0,0,0)
(0,0,0)
(0,0,0)
(0,0,0)
(0,0,0)
(0,0,0)
(0,0,0)
(0,0,0)
(0,0,0)
(0,0,0)
(0,0,0)
(0,0,0)
(0,0,0)
(0,0,0)
(0,0,0)
(0,0,0)
(0,0,0)
(0,0,0)
(0,0,0)
(0,0,0)
(0,0,0)
(0,0,0)
(0,0,0)
(0,0,0)
(0,0,0)
(0,0,0)
(0,0,0)
(0,0,0)
(0,0,0)
(0,0,0)
(0,0,0)
(0,0,0)
(0,0,0)
(0,0,0)
(0,0,0)
(0,0,0)
(0,0,0)
(0,0,0)
(0,0,0)
(0,0,0)
(0,0,0)
(0,0,0)
(0,0,0)
(0,0,0)
(0,0,0)
(0,0,0)
(0,0,0)
(0,0,0)
(0,0,0)
(0,0,0)
(0,0,0)
(0,0,0)
(0,0,0)
(0,0,0)
(0,0,0)
(0,0,0)
(0,0,0)
(0,0,0)
(0,0,0)
(0,0,0)
(0,0,0)
(0,0,0)
(0,0,0)
(0,0,0)
(0,0,0)
(0,0,0)
(0,0,0)
(0,0,0)
(0,0,0)
(0,0,0)
(0,0,0)
(0,0,0)
(0,0,0)
(0,0,0)
(0,0,0)
(0,0,0)
(0,0,0)
(0,0,0)
(0,0,0)
(0,0,0)
(0,0,0)
(-761832.281701022,-814.827354022701,484.141332312606)
(-762377.240614379,100.560396693319,5.34146167744426)
(-762463.51494459,2432.95376829254,-2780.74056289164)
(-759828.005361794,7296.78067530207,-10345.0184080388)
(-749530.601306687,16012.7942843557,-27068.7167499511)
(-722500.261694225,28530.0734459904,-58376.1347734972)
(-664131.568224168,39252.2057254931,-105092.695576236)
(-559151.136476948,35649.5761968596,-153194.084140318)
(-406109.329697503,24660.2986049432,-192233.104555063)
(-214046.83849006,12136.6021514625,-214339.200521171)
(0,0,0)
(0,0,0)
(0,0,0)
(0,0,0)
(0,0,0)
(0,0,0)
(-760895.635022881,-3476.90075116056,1379.74874388518)
(-762334.834380609,-1732.04234269737,2345.68226635454)
(-764767.425409751,2867.996059435,2067.30835693365)
(-766972.419696163,12955.2548445195,-1667.5628546071)
(-765386.751242602,32545.2235663445,-14577.9873306551)
(-750907.907081809,64155.9835847166,-47665.0650357823)
(-703331.292565534,95668.9621598261,-108685.512625434)
(-594801.473133094,81655.705859957,-164169.210524491)
(-430802.651975058,53230.1062782051,-204762.584702881)
(-226238.603466856,25200.3936345576,-226501.513824511)
(0,0,0)
(0,0,0)
(0,0,0)
(0,0,0)
(0,0,0)
(0,0,0)
(-757260.069250244,-9982.43514453778,3138.45939617663)
(-760436.376236177,-7711.44853760501,7002.62724941681)
(-767494.63398599,-1488.69436600852,12180.5592219077)
(-779774.808267302,13080.4501852677,17931.8663639132)
(-797831.964610285,44716.0537251995,17041.0225525966)
(-814998.903126541,105417.186508975,-16136.6285570649)
(-799014.004584216,184188.830305644,-122680.224915131)
(-676545.99947598,137672.915277485,-192614.212671217)
(-484154.487026615,81061.3994676573,-232825.495505514)
(-251534.806911435,36062.236583689,-251749.140838428)
(0,0,0)
(0,0,0)
(0,0,0)
(0,0,0)
(0,0,0)
(0,0,0)
(-747236.615458652,-22324.5062728057,5442.76265761463)
(-752684.725085744,-20164.442955092,13294.3489700191)
(-765982.795253907,-14130.2010642358,26800.4405249845)
(-792814.769135941,634.963977284927,49615.2878927528)
(-842534.594342436,35976.4797748753,77800.7745138836)
(-920459.902726897,118371.738489182,62683.4999724289)
(-983343.854187344,275982.156458249,-169189.77703165)
(-814401.319471409,161320.316864623,-249270.574086959)
(-565388.311549572,82664.0454564882,-277879.837876987)
(-287698.956677328,34029.3614170485,-287849.983144455)
(0,0,0)
(0,0,0)
(0,0,0)
(0,0,0)
(0,0,0)
(0,0,0)
(-725027.533588865,-42096.5228529538,7646.56887770599)
(-732615.917311369,-40798.4989491407,19405.0122909558)
(-751939.384926204,-37322.4217335221,41636.7338693938)
(-793525.16872635,-29485.1559910202,85013.4932543798)
(-878573.535779766,-13380.1968797814,160240.328508337)
(-1038941.76317284,14626.8137426864,220355.526888997)
(-1259549.24002895,41732.9119545702,-283830.404282067)
(-976011.375192695,36763.4028412058,-327947.708746458)
(-648262.057181055,20454.6095054139,-326564.545929875)
(-321824.647125956,7962.15284221799,-321919.927816309)
(0,0,0)
(0,0,0)
(0,0,0)
(0,0,0)
(0,0,0)
(0,0,0)
(-683044.669705295,-69839.5188907251,8967.26129719732)
(-691936.317784299,-69801.3825504355,22939.0313305283)
(-714754.12840471,-69852.4359510207,49537.9723854662)
(-764192.635817235,-70559.7497800108,101192.41781922)
(-865350.65713885,-73487.8446876282,188312.926308287)
(-1053757.5650108,-79729.4393628464,247546.119368514)
(-1301520.09273215,-77985.2991521351,-288774.096569889)
(-1012982.94044203,-71286.0888257948,-344258.365414987)
(-668861.344377107,-50137.9663233591,-339086.462578143)
(-329873.555957741,-25348.9130456493,-329936.212433021)
(0,0,0)
(0,0,0)
(0,0,0)
(0,0,0)
(0,0,0)
(0,0,0)
(-613333.543995569,-104251.200019297,9021.28619619755)
(-622292.516803625,-105531.382506746,22920.4705561687)
(-645089.94694347,-109239.113733653,48870.3071493924)
(-693842.462554261,-119053.240783685,98348.7712174991)
(-792110.219187786,-145410.737144226,182137.497532914)
(-974294.219961829,-214526.826749368,249369.673414606)
(-1223782.07993976,-359438.93095331,-282043.607853128)
(-941859.003711585,-227825.914316438,-323110.118735631)
(-618885.976986455,-131882.172614757,-314351.32078388)
(-304621.739253619,-60650.7034056018,-304674.838941169)
(0,0,0)
(0,0,0)
(0,0,0)
(0,0,0)
(0,0,0)
(0,0,0)
(-509098.49129464,-141333.509668798,7767.71690660334)
(-516795.688269934,-143560.895473355,19244.8773223335)
(-535947.617782973,-149416.36342889,39108.1554739117)
(-575006.47389332,-162725.388194415,72094.1124862602)
(-647032.728587823,-191498.38240049,113068.925468675)
(-760115.692374416,-246923.729215329,104500.315263347)
(-864649.877211929,-316841.637687463,-150385.897395067)
(-714263.854043525,-247593.790522238,-227143.526256975)
(-487161.356489566,-159945.873711747,-243166.775353468)
(-244024.706491182,-77391.6348469532,-244087.766105687)
(0,0,0)
(0,0,0)
(0,0,0)
(0,0,0)
(0,0,0)
(0,0,0)
(-367733.230325817,-174041.716166173,5553.59715884186)
(-373245.454334497,-176752.033576518,13373.1351474097)
(-386575.36985472,-183409.462127992,25798.8030612119)
(-412376.447335119,-196751.547332779,43386.4503775384)
(-455703.881914028,-220639.408804375,57687.4981772812)
(-513355.696206284,-255590.027196023,34628.0662618947)
(-547964.744215861,-282031.937332643,-81098.1657777432)
(-466829.284525717,-237774.941944471,-139490.463791571)
(-327299.276549728,-164211.827160526,-160649.728168351)
(-166659.427616916,-82722.897748277,-166717.18397862)
(0,0,0)
(0,0,0)
(0,0,0)
(0,0,0)
(0,0,0)
(0,0,0)
(-193615.827652384,-193701.462288713,2857.40928905163)
(-196479.659358111,-196538.087102813,6726.49668575519)
(-203219.899846803,-203275.652921342,12452.6278754427)
(-215679.406054085,-215733.49032578,19499.3300596031)
(-235134.366926516,-235190.295999363,22732.7140405127)
(-257833.433402476,-257878.111748314,8185.25698508464)
(-265985.106532958,-266023.70881006,-36850.7254043947)
(-229113.411956568,-229155.057942124,-65973.2339470647)
(-163099.729878495,-163170.02661635,-79223.7707186781)
(-83923.6119985796,-83926.3436203122,-84011.1360325976)
(0,0,0)
(0,0,0)
(0,0,0)
(0,0,0)
(0,0,0)
(0,0,0)
(0,0,0)
(0,0,0)
(0,0,0)
(0,0,0)
(0,0,0)
(0,0,0)
(0,0,0)
(0,0,0)
(0,0,0)
(0,0,0)
(0,0,0)
(0,0,0)
(0,0,0)
(0,0,0)
(0,0,0)
(0,0,0)
(0,0,0)
(0,0,0)
(0,0,0)
(0,0,0)
(0,0,0)
(0,0,0)
(0,0,0)
(0,0,0)
(0,0,0)
(0,0,0)
(0,0,0)
(0,0,0)
(0,0,0)
(0,0,0)
(0,0,0)
(0,0,0)
(0,0,0)
(0,0,0)
(0,0,0)
(0,0,0)
(0,0,0)
(0,0,0)
(0,0,0)
(0,0,0)
(0,0,0)
(0,0,0)
(0,0,0)
(0,0,0)
(0,0,0)
(0,0,0)
(0,0,0)
(0,0,0)
(0,0,0)
(0,0,0)
(0,0,0)
(0,0,0)
(0,0,0)
(0,0,0)
(0,0,0)
(0,0,0)
(0,0,0)
(0,0,0)
(0,0,0)
(0,0,0)
(0,0,0)
(0,0,0)
(0,0,0)
(0,0,0)
(0,0,0)
(0,0,0)
(0,0,0)
(0,0,0)
(0,0,0)
(0,0,0)
(0,0,0)
(0,0,0)
(0,0,0)
(0,0,0)
(0,0,0)
(0,0,0)
(0,0,0)
(0,0,0)
(0,0,0)
(0,0,0)
(0,0,0)
(0,0,0)
(0,0,0)
(0,0,0)
(0,0,0)
(0,0,0)
(0,0,0)
(0,0,0)
(0,0,0)
(0,0,0)
(0,0,0)
(0,0,0)
(0,0,0)
(0,0,0)
(0,0,0)
(0,0,0)
(0,0,0)
(0,0,0)
(0,0,0)
(0,0,0)
(0,0,0)
(0,0,0)
(0,0,0)
(0,0,0)
(0,0,0)
(0,0,0)
(0,0,0)
(0,0,0)
(0,0,0)
(0,0,0)
(0,0,0)
(0,0,0)
(0,0,0)
(0,0,0)
(0,0,0)
(0,0,0)
(0,0,0)
(0,0,0)
(0,0,0)
(0,0,0)
(0,0,0)
(0,0,0)
(0,0,0)
(0,0,0)
(0,0,0)
(0,0,0)
(0,0,0)
(0,0,0)
(0,0,0)
(0,0,0)
(0,0,0)
(0,0,0)
(0,0,0)
(0,0,0)
(0,0,0)
(0,0,0)
(0,0,0)
(0,0,0)
(0,0,0)
(0,0,0)
(0,0,0)
(0,0,0)
(0,0,0)
(0,0,0)
(0,0,0)
(0,0,0)
(0,0,0)
(0,0,0)
(0,0,0)
(0,0,0)
(0,0,0)
(0,0,0)
(0,0,0)
(0,0,0)
(0,0,0)
(0,0,0)
(0,0,0)
(0,0,0)
(0,0,0)
(0,0,0)
(0,0,0)
(0,0,0)
(0,0,0)
(0,0,0)
(0,0,0)
(0,0,0)
(0,0,0)
(0,0,0)
(0,0,0)
(0,0,0)
(0,0,0)
(0,0,0)
(0,0,0)
(0,0,0)
(0,0,0)
(0,0,0)
(0,0,0)
(0,0,0)
(0,0,0)
(0,0,0)
(0,0,0)
(0,0,0)
(0,0,0)
(0,0,0)
(0,0,0)
(0,0,0)
(0,0,0)
(0,0,0)
(0,0,0)
(0,0,0)
(0,0,0)
(0,0,0)
(0,0,0)
(0,0,0)
(0,0,0)
(0,0,0)
(0,0,0)
(0,0,0)
(0,0,0)
(0,0,0)
(0,0,0)
(0,0,0)
(0,0,0)
(0,0,0)
(0,0,0)
(0,0,0)
(0,0,0)
(0,0,0)
(0,0,0)
(0,0,0)
(0,0,0)
(0,0,0)
(0,0,0)
(0,0,0)
(0,0,0)
(0,0,0)
(0,0,0)
(0,0,0)
(0,0,0)
(0,0,0)
(0,0,0)
(0,0,0)
(0,0,0)
(0,0,0)
(0,0,0)
(0,0,0)
(0,0,0)
(0,0,0)
(0,0,0)
(0,0,0)
(0,0,0)
(0,0,0)
(0,0,0)
(0,0,0)
(0,0,0)
(0,0,0)
(0,0,0)
(0,0,0)
(0,0,0)
(0,0,0)
(0,0,0)
(0,0,0)
(0,0,0)
(0,0,0)
(0,0,0)
(0,0,0)
(0,0,0)
(0,0,0)
(0,0,0)
(0,0,0)
(0,0,0)
(0,0,0)
(0,0,0)
(0,0,0)
(0,0,0)
(0,0,0)
(0,0,0)
(0,0,0)
(0,0,0)
(0,0,0)
(0,0,0)
(0,0,0)
(0,0,0)
(0,0,0)
(0,0,0)
(0,0,0)
(0,0,0)
(0,0,0)
(0,0,0)
(0,0,0)
(0,0,0)
(0,0,0)
(0,0,0)
(0,0,0)
(0,0,0)
(0,0,0)
(0,0,0)
(0,0,0)
(0,0,0)
(0,0,0)
(0,0,0)
(0,0,0)
(0,0,0)
(0,0,0)
(0,0,0)
(0,0,0)
(0,0,0)
(0,0,0)
(0,0,0)
(0,0,0)
(0,0,0)
(0,0,0)
(0,0,0)
(0,0,0)
(0,0,0)
(0,0,0)
(0,0,0)
(0,0,0)
(0,0,0)
(0,0,0)
(0,0,0)
(0,0,0)
(0,0,0)
(0,0,0)
(0,0,0)
(0,0,0)
(0,0,0)
(0,0,0)
(0,0,0)
(0,0,0)
(0,0,0)
(0,0,0)
(0,0,0)
(0,0,0)
(0,0,0)
(0,0,0)
(0,0,0)
(0,0,0)
(0,0,0)
(0,0,0)
(0,0,0)
(0,0,0)
(0,0,0)
(0,0,0)
(0,0,0)
(0,0,0)
(0,0,0)
(0,0,0)
(0,0,0)
(0,0,0)
(0,0,0)
(0,0,0)
(0,0,0)
(0,0,0)
(0,0,0)
(0,0,0)
(0,0,0)
(0,0,0)
(0,0,0)
(0,0,0)
(0,0,0)
(0,0,0)
(0,0,0)
(0,0,0)
(0,0,0)
(0,0,0)
(0,0,0)
(0,0,0)
(0,0,0)
(0,0,0)
(0,0,0)
(0,0,0)
(0,0,0)
(0,0,0)
(0,0,0)
(0,0,0)
(0,0,0)
(0,0,0)
(0,0,0)
(0,0,0)
(0,0,0)
(0,0,0)
(0,0,0)
(0,0,0)
(0,0,0)
(0,0,0)
(0,0,0)
(0,0,0)
(0,0,0)
(0,0,0)
(0,0,0)
(0,0,0)
(0,0,0)
(0,0,0)
(0,0,0)
(0,0,0)
(0,0,0)
(0,0,0)
(0,0,0)
(0,0,0)
(0,0,0)
(0,0,0)
(0,0,0)
(0,0,0)
(0,0,0)
(0,0,0)
(0,0,0)
(0,0,0)
(0,0,0)
(0,0,0)
(0,0,0)
(0,0,0)
(0,0,0)
(0,0,0)
(0,0,0)
(0,0,0)
(0,0,0)
(0,0,0)
(0,0,0)
(0,0,0)
(0,0,0)
(0,0,0)
(0,0,0)
(0,0,0)
(0,0,0)
(0,0,0)
(0,0,0)
(0,0,0)
(0,0,0)
(0,0,0)
(0,0,0)
(0,0,0)
(0,0,0)
(0,0,0)
(0,0,0)
(0,0,0)
(0,0,0)
(0,0,0)
(0,0,0)
(0,0,0)
(0,0,0)
(0,0,0)
(0,0,0)
(0,0,0)
(0,0,0)
(0,0,0)
(0,0,0)
(0,0,0)
(0,0,0)
(0,0,0)
(0,0,0)
(0,0,0)
(0,0,0)
(0,0,0)
(0,0,0)
(0,0,0)
(0,0,0)
(0,0,0)
(0,0,0)
(0,0,0)
(0,0,0)
(0,0,0)
(0,0,0)
(0,0,0)
(0,0,0)
(0,0,0)
(0,0,0)
(0,0,0)
(0,0,0)
(0,0,0)
(0,0,0)
(0,0,0)
(0,0,0)
(0,0,0)
(0,0,0)
(0,0,0)
(0,0,0)
(0,0,0)
(0,0,0)
(0,0,0)
(0,0,0)
(0,0,0)
(0,0,0)
(0,0,0)
(0,0,0)
(0,0,0)
(0,0,0)
(0,0,0)
(0,0,0)
(0,0,0)
(0,0,0)
(0,0,0)
(0,0,0)
(0,0,0)
(0,0,0)
(0,0,0)
(0,0,0)
(0,0,0)
(0,0,0)
(0,0,0)
(0,0,0)
(0,0,0)
(0,0,0)
(0,0,0)
(0,0,0)
(0,0,0)
(0,0,0)
(0,0,0)
(0,0,0)
(0,0,0)
(0,0,0)
(0,0,0)
(0,0,0)
(0,0,0)
(0,0,0)
(0,0,0)
(0,0,0)
(0,0,0)
(0,0,0)
(0,0,0)
(0,0,0)
(0,0,0)
(0,0,0)
(0,0,0)
(0,0,0)
(0,0,0)
(0,0,0)
(0,0,0)
(0,0,0)
(0,0,0)
(0,0,0)
(0,0,0)
(0,0,0)
(0,0,0)
(0,0,0)
(0,0,0)
(0,0,0)
(0,0,0)
(0,0,0)
(0,0,0)
(0,0,0)
(0,0,0)
(0,0,0)
(0,0,0)
(0,0,0)
(0,0,0)
(0,0,0)
(0,0,0)
(0,0,0)
(0,0,0)
(0,0,0)
(0,0,0)
(0,0,0)
(0,0,0)
(0,0,0)
(0,0,0)
(0,0,0)
(0,0,0)
(0,0,0)
(0,0,0)
(0,0,0)
(0,0,0)
(0,0,0)
(0,0,0)
(0,0,0)
(0,0,0)
(0,0,0)
(0,0,0)
(0,0,0)
(0,0,0)
(0,0,0)
(0,0,0)
(0,0,0)
(0,0,0)
(0,0,0)
(0,0,0)
(0,0,0)
(0,0,0)
(0,0,0)
(0,0,0)
(0,0,0)
(0,0,0)
(0,0,0)
(0,0,0)
(0,0,0)
(0,0,0)
(0,0,0)
(0,0,0)
(0,0,0)
(0,0,0)
(0,0,0)
(0,0,0)
(0,0,0)
(0,0,0)
(0,0,0)
(0,0,0)
(0,0,0)
(0,0,0)
(0,0,0)
(0,0,0)
(0,0,0)
(0,0,0)
(0,0,0)
(0,0,0)
(0,0,0)
(0,0,0)
(0,0,0)
(0,0,0)
(0,0,0)
(0,0,0)
(0,0,0)
(0,0,0)
(0,0,0)
(0,0,0)
(0,0,0)
(0,0,0)
(0,0,0)
(0,0,0)
(0,0,0)
(0,0,0)
(0,0,0)
(0,0,0)
(0,0,0)
(0,0,0)
(0,0,0)
(0,0,0)
(0,0,0)
(0,0,0)
(0,0,0)
(0,0,0)
(0,0,0)
(0,0,0)
(0,0,0)
(0,0,0)
(0,0,0)
(0,0,0)
(0,0,0)
(0,0,0)
(0,0,0)
(0,0,0)
(0,0,0)
(0,0,0)
(0,0,0)
(0,0,0)
(0,0,0)
(0,0,0)
(0,0,0)
(0,0,0)
(0,0,0)
(0,0,0)
(0,0,0)
(0,0,0)
(0,0,0)
(0,0,0)
(0,0,0)
(0,0,0)
(0,0,0)
(0,0,0)
(0,0,0)
(0,0,0)
(0,0,0)
(0,0,0)
(0,0,0)
(0,0,0)
(0,0,0)
(0,0,0)
(0,0,0)
(0,0,0)
(0,0,0)
(0,0,0)
(0,0,0)
(0,0,0)
(0,0,0)
(0,0,0)
(0,0,0)
(0,0,0)
(0,0,0)
(0,0,0)
(0,0,0)
(0,0,0)
(0,0,0)
(0,0,0)
(0,0,0)
(0,0,0)
(0,0,0)
(0,0,0)
(0,0,0)
(0,0,0)
(0,0,0)
(0,0,0)
(0,0,0)
(0,0,0)
(0,0,0)
(0,0,0)
(0,0,0)
(0,0,0)
(0,0,0)
(0,0,0)
(0,0,0)
(0,0,0)
(0,0,0)
(0,0,0)
(0,0,0)
(0,0,0)
(0,0,0)
(0,0,0)
(0,0,0)
(0,0,0)
(0,0,0)
(0,0,0)
(0,0,0)
(0,0,0)
(0,0,0)
(0,0,0)
(0,0,0)
(0,0,0)
(0,0,0)
(0,0,0)
(0,0,0)
(0,0,0)
(0,0,0)
(0,0,0)
(0,0,0)
(0,0,0)
(0,0,0)
(0,0,0)
(0,0,0)
(0,0,0)
(0,0,0)
(0,0,0)
(0,0,0)
(0,0,0)
(0,0,0)
(0,0,0)
(0,0,0)
(0,0,0)
(0,0,0)
(0,0,0)
(0,0,0)
(0,0,0)
(0,0,0)
(0,0,0)
(0,0,0)
(0,0,0)
(0,0,0)
(0,0,0)
(0,0,0)
(0,0,0)
(0,0,0)
(0,0,0)
(0,0,0)
(0,0,0)
(0,0,0)
(0,0,0)
(0,0,0)
(0,0,0)
(0,0,0)
(0,0,0)
(0,0,0)
(0,0,0)
(0,0,0)
(0,0,0)
(0,0,0)
(0,0,0)
(0,0,0)
(0,0,0)
(0,0,0)
(0,0,0)
(0,0,0)
(0,0,0)
(0,0,0)
(0,0,0)
(0,0,0)
(0,0,0)
(0,0,0)
(0,0,0)
(0,0,0)
(0,0,0)
(0,0,0)
(0,0,0)
(0,0,0)
(0,0,0)
(0,0,0)
(0,0,0)
(0,0,0)
(0,0,0)
(0,0,0)
(0,0,0)
(0,0,0)
(0,0,0)
(0,0,0)
(0,0,0)
(0,0,0)
(0,0,0)
(0,0,0)
(0,0,0)
(0,0,0)
(0,0,0)
(0,0,0)
(0,0,0)
(0,0,0)
(0,0,0)
(0,0,0)
(0,0,0)
(0,0,0)
(0,0,0)
(0,0,0)
(0,0,0)
(0,0,0)
(0,0,0)
(0,0,0)
(0,0,0)
(0,0,0)
(0,0,0)
(0,0,0)
(0,0,0)
(0,0,0)
(0,0,0)
(0,0,0)
(0,0,0)
(0,0,0)
(0,0,0)
(0,0,0)
(0,0,0)
(0,0,0)
(0,0,0)
(0,0,0)
(0,0,0)
(0,0,0)
(0,0,0)
(0,0,0)
(0,0,0)
(0,0,0)
