(0,0,0)
(0,0,0)
(0,0,0)
(0,0,0)
(0,0,0)
(0,0,0)
(0,0,0)
(0,0,0)
(0,0,0)
(0,0,0)
(0,0,0)
(0,0,0)
(0,0,0)
(0,0,0)
(0,0,0)
(0,0,0)
(0,0,0)
(0,0,0)
(0,0,0)
(0,0,0)
(0,0,0)
(0,0,0)
(0,0,0)
(0,0,0)
(0,0,0)
(0,0,0)
(0,0,0)
(0,0,0)
(0,0,0)
(0,0,0)
(0,0,0)
(0,0,0)
(0,0,0)
(0,0,0)
(0,0,0)
(0,0,0)
(0,0,0)
(0,0,0)
(0,0,0)
(0,0,0)
(0,0,0)
(0,0,0)
(0,0,0)
(0,0,0)
(0,0,0)
(0,0,0)
(0,0,0)
(0,0,0)
(0,0,0)
(0,0,0)
(0,0,0)
(0,0,0)
(0,0,0)
(0,0,0)
(0,0,0)
(0,0,0)
(0,0,0)
(0,0,0)
(0,0,0)
(0,0,0)
(0,0,0)
(0,0,0)
(0,0,0)
(0,0,0)
(0,0,0)
(0,0,0)
(0,0,0)
(0,0,0)
(0,0,0)
(0,0,0)
(0,0,0)
(0,0,0)
(0,0,0)
(0,0,0)
(0,0,0)
(0,0,0)
(0,0,0)
(0,0,0)
(0,0,0)
(0,0,0)
(0,0,0)
(0,0,0)
(0,0,0)
(0,0,0)
(0,0,0)
(0,0,0)
(0,0,0)
(0,0,0)
(0,0,0)
(0,0,0)
(0,0,0)
(0,0,0)
(0,0,0)
(0,0,0)
(0,0,0)
(0,0,0)
(0,0,0)
(0,0,0)
(0,0,0)
(0,0,0)
(0,0,0)
(0,0,0)
(0,0,0)
(0,0,0)
(0,0,0)
(0,0,0)
(0,0,0)
(0,0,0)
(0,0,0)
(0,0,0)
(0,0,0)
(0,0,0)
(0,0,0)
(0,0,0)
(0,0,0)
(0,0,0)
(0,0,0)
(0,0,0)
(0,0,0)
(0,0,0)
(0,0,0)
(0,0,0)
(0,0,0)
(0,0,0)
(0,0,0)
(0,0,0)
(0,0,0)
(0,0,0)
(0,0,0)
(0,0,0)
(0,0,0)
(0,0,0)
(0,0,0)
(0,0,0)
(0,0,0)
(0,0,0)
(0,0,0)
(0,0,0)
(0,0,0)
(0,0,0)
(0,0,0)
(0,0,0)
(0,0,0)
(0,0,0)
(0,0,0)
(0,0,0)
(0,0,0)
(0,0,0)
(0,0,0)
(0,0,0)
(0,0,0)
(0,0,0)
(0,0,0)
(0,0,0)
(0,0,0)
(0,0,0)
(0,0,0)
(0,0,0)
(0,0,0)
(0,0,0)
(0,0,0)
(0,0,0)
(0,0,0)
(0,0,0)
(0,0,0)
(0,0,0)
(0,0,0)
(0,0,0)
(0,0,0)
(0,0,0)
(0,0,0)
(0,0,0)
(0,0,0)
(0,0,0)
(0,0,0)
(0,0,0)
(0,0,0)
(0,0,0)
(0,0,0)
(0,0,0)
(0,0,0)
(0,0,0)
(0,0,0)
(0,0,0)
(0,0,0)
(0,0,0)
(0,0,0)
(0,0,0)
(0,0,0)
(0,0,0)
(0,0,0)
(0,0,0)
(0,0,0)
(0,0,0)
(0,0,0)
(0,0,0)
(0,0,0)
(0,0,0)
(0,0,0)
(0,0,0)
(0,0,0)
(0,0,0)
(0,0,0)
(0,0,0)
(0,0,0)
(0,0,0)
(0,0,0)
(0,0,0)
(0,0,0)
(0,0,0)
(0,0,0)
(0,0,0)
(0,0,0)
(0,0,0)
(0,0,0)
(0,0,0)
(0,0,0)
(0,0,0)
(0,0,0)
(0,0,0)
(0,0,0)
(0,0,0)
(0,0,0)
(0,0,0)
(0,0,0)
(0,0,0)
(0,0,0)
(0,0,0)
(0,0,0)
(0,0,0)
(0,0,0)
(0,0,0)
(0,0,0)
(0,0,0)
(0,0,0)
(0,0,0)
(0,0,0)
(0,0,0)
(0,0,0)
(0,0,0)
(0,0,0)
(0,0,0)
(0,0,0)
(0,0,0)
(0,0,0)
(0,0,0)
(0,0,0)
(0,0,0)
(0,0,0)
(0,0,0)
(0,0,0)
(0,0,0)
(0,0,0)
(0,0,0)
(0,0,0)
(0,0,0)
(0,0,0)
(0,0,0)
(0,0,0)
(0,0,0)
(0,0,0)
(0,0,0)
(0,0,0)
(0,0,0)
(0,0,0)
(0,0,0)
(0,0,0)
(0,0,0)
(0,0,0)
(0,0,0)
(0,0,0)
(0,0,0)
(0,0,0)
(0,0,0)
(0,0,0)
(0,0,0)
(0,0,0)
(0,0,0)
(0,0,0)
(0,0,0)
(0,0,0)
(0,0,0)
(0,0,0)
(0,0,0)
(0,0,0)
(0,0,0)
(0,0,0)
(0,0,0)
(0,0,0)
(0,0,0)
(0,0,0)
(0,0,0)
(0,0,0)
(0,0,0)
(0,0,0)
(0,0,0)
(0,0,0)
(0,0,0)
(0,0,0)
(0,0,0)
(0,0,0)
(0,0,0)
(0,0,0)
(0,0,0)
(0,0,0)
(0,0,0)
(0,0,0)
(0,0,0)
(0,0,0)
(0,0,0)
(0,0,0)
(0,0,0)
(0,0,0)
(0,0,0)
(0,0,0)
(0,0,0)
(0,0,0)
(0,0,0)
(0,0,0)
(0,0,0)
(0,0,0)
(0,0,0)
(0,0,0)
(0,0,0)
(0,0,0)
(0,0,0)
(0,0,0)
(0,0,0)
(0,0,0)
(0,0,0)
(0,0,0)
(0,0,0)
(0,0,0)
(0,0,0)
(0,0,0)
(0,0,0)
(0,0,0)
(0,0,0)
(0,0,0)
(0,0,0)
(0,0,0)
(0,0,0)
(0,0,0)
(0,0,0)
(0,0,0)
(0,0,0)
(0,0,0)
(0,0,0)
(0,0,0)
(0,0,0)
(0,0,0)
(0,0,0)
(0,0,0)
(0,0,0)
(0,0,0)
(0,0,0)
(0,0,0)
(0,0,0)
(0,0,0)
(0,0,0)
(0,0,0)
(0,0,0)
(0,0,0)
(0,0,0)
(0,0,0)
(0,0,0)
(0,0,0)
(0,0,0)
(0,0,0)
(0,0,0)
(0,0,0)
(0,0,0)
(0,0,0)
(0,0,0)
(0,0,0)
(0,0,0)
(0,0,0)
(0,0,0)
(0,0,0)
(0,0,0)
(0,0,0)
(0,0,0)
(0,0,0)
(0,0,0)
(0,0,0)
(0,0,0)
(0,0,0)
(0,0,0)
(0,0,0)
(0,0,0)
(0,0,0)
(0,0,0)
(0,0,0)
(0,0,0)
(0,0,0)
(0,0,0)
(0,0,0)
(0,0,0)
(0,0,0)
(0,0,0)
(0,0,0)
(0,0,0)
(0,0,0)
(0,0,0)
(0,0,0)
(0,0,0)
(0,0,0)
(0,0,0)
(0,0,0)
(0,0,0)
(0,0,0)
(0,0,0)
(0,0,0)
(0,0,0)
(0,0,0)
(0,0,0)
(0,0,0)
(0,0,0)
(0,0,0)
(0,0,0)
(0,0,0)
(0,0,0)
(0,0,0)
(0,0,0)
(0,0,0)
(0,0,0)
(0,0,0)
(0,0,0)
(0,0,0)
(0,0,0)
(0,0,0)
(0,0,0)
(0,0,0)
(0,0,0)
(0,0,0)
(0,0,0)
(0,0,0)
(0,0,0)
(0,0,0)
(0,0,0)
(0,0,0)
(0,0,0)
(0,0,0)
(0,0,0)
(0,0,0)
(0,0,0)
(0,0,0)
(0,0,0)
(0,0,0)
(0,0,0)
(0,0,0)
(0,0,0)
(0,0,0)
(0,0,0)
(0,0,0)
(0,0,0)
(0,0,0)
(0,0,0)
(0,0,0)
(0,0,0)
(0,0,0)
(0,0,0)
(0,0,0)
(0,0,0)
(0,0,0)
(0,0,0)
(0,0,0)
(0,0,0)
(0,0,0)
(0,0,0)
(0,0,0)
(0,0,0)
(0,0,0)
(0,0,0)
(0,0,0)
(0,0,0)
(0,0,0)
(0,0,0)
(0,0,0)
(0,0,0)
(0,0,0)
(0,0,0)
(0,0,0)
(0,0,0)
(0,0,0)
(0,0,0)
(0,0,0)
(0,0,0)
(0,0,0)
(0,0,0)
(0,0,0)
(0,0,0)
(0,0,0)
(0,0,0)
(0,0,0)
(0,0,0)
(0,0,0)
(0,0,0)
(0,0,0)
(0,0,0)
(0,0,0)
(0,0,0)
(0,0,0)
(0,0,0)
(0,0,0)
(0,0,0)
(0,0,0)
(0,0,0)
(0,0,0)
(0,0,0)
(0,0,0)
(0,0,0)
(0,0,0)
(0,0,0)
(0,0,0)
(0,0,0)
(0,0,0)
(0,0,0)
(0,0,0)
(0,0,0)
(0,0,0)
(0,0,0)
(0,0,0)
(0,0,0)
(0,0,0)
(0,0,0)
(0,0,0)
(0,0,0)
(0,0,0)
(0,0,0)
(0,0,0)
(0,0,0)
(0,0,0)
(0,0,0)
(0,0,0)
(0,0,0)
(0,0,0)
(0,0,0)
(0,0,0)
(0,0,0)
(0,0,0)
(0,0,0)
(0,0,0)
(0,0,0)
(0,0,0)
(0,0,0)
(0,0,0)
(0,0,0)
(0,0,0)
(0,0,0)
(0,0,0)
(0,0,0)
(0,0,0)
(0,0,0)
(0,0,0)
(0,0,0)
(0,0,0)
(0,0,0)
(0,0,0)
(0,0,0)
(0,0,0)
(0,0,0)
(0,0,0)
(0,0,0)
(0,0,0)
(0,0,0)
(0,0,0)
(0,0,0)
(0,0,0)
(0,0,0)
(0,0,0)
(0,0,0)
(0,0,0)
(0,0,0)
(0,0,0)
(0,0,0)
(0,0,0)
(0,0,0)
(0,0,0)
(0,0,0)
(0,0,0)
(0,0,0)
(0,0,0)
(0,0,0)
(0,0,0)
(0,0,0)
(0,0,0)
(0,0,0)
(0,0,0)
(0,0,0)
(0,0,0)
(0,0,0)
(0,0,0)
(0,0,0)
(0,0,0)
(0,0,0)
(0,0,0)
(0,0,0)
(0,0,0)
(0,0,0)
(0,0,0)
(0,0,0)
(0,0,0)
(0,0,0)
(0,0,0)
(0,0,0)
(0,0,0)
(0,0,0)
(0,0,0)
(0,0,0)
(0,0,0)
(0,0,0)
(0,0,0)
(0,0,0)
(0,0,0)
(0,0,0)
(0,0,0)
(0,0,0)
(0,0,0)
(0,0,0)
(0,0,0)
(0,0,0)
(0,0,0)
(0,0,0)
(0,0,0)
(0,0,0)
(0,0,0)
(0,0,0)
(0,0,0)
(0,0,0)
(0,0,0)
(0,0,0)
(0,0,0)
(0,0,0)
(0,0,0)
(0,0,0)
(0,0,0)
(0,0,0)
(0,0,0)
(0,0,0)
(0,0,0)
(0,0,0)
(0,0,0)
(0,0,0)
(0,0,0)
(0,0,0)
(0,0,0)
(0,0,0)
(0,0,0)
(0,0,0)
(0,0,0)
(0,0,0)
(0,0,0)
(0,0,0)
(0,0,0)
(0,0,0)
(0,0,0)
(0,0,0)
(0,0,0)
(0,0,0)
(0,0,0)
(0,0,0)
(0,0,0)
(0,0,0)
(0,0,0)
(0,0,0)
(0,0,0)
(0,0,0)
(0,0,0)
(0,0,0)
(0,0,0)
(0,0,0)
(0,0,0)
(0,0,0)
(0,0,0)
(0,0,0)
(0,0,0)
(0,0,0)
(0,0,0)
(0,0,0)
(0,0,0)
(0,0,0)
(0,0,0)
(0,0,0)
(0,0,0)
(0,0,0)
(0,0,0)
(0,0,0)
(0,0,0)
(0,0,0)
(0,0,0)
(0,0,0)
(0,0,0)
(0,0,0)
(0,0,0)
(0,0,0)
(0,0,0)
(0,0,0)
(0,0,0)
(0,0,0)
(0,0,0)
(0,0,0)
(0,0,0)
(0,0,0)
(0,0,0)
(0,0,0)
(0,0,0)
(0,0,0)
(0,0,0)
(0,0,0)
(0,0,0)
(0,0,0)
(0,0,0)
(0,0,0)
(0,0,0)
(0,0,0)
(0,0,0)
(0,0,0)
(0,0,0)
(0,0,0)
(0,0,0)
(0,0,0)
(0,0,0)
(0,0,0)
(0,0,0)
(0,0,0)
(0,0,0)
(0,0,0)
(0,0,0)
(0,0,0)
(0,0,0)
(0,0,0)
(0,0,0)
(0,0,0)
(0,0,0)
(0,0,0)
(0,0,0)
(0,0,0)
(0,0,0)
(0,0,0)
(0,0,0)
(0,0,0)
(0,0,0)
(0,0,0)
(0,0,0)
(0,0,0)
(0,0,0)
(0,0,0)
(0,0,0)
(0,0,0)
(0,0,0)
(0,0,0)
(0,0,0)
(0,0,0)
(0,0,0)
(0,0,0)
(0,0,0)
(0,0,0)
(0,0,0)
(0,0,0)
(0,0,0)
(0,0,0)
(0,0,0)
(0,0,0)
(0,0,0)
(0,0,0)
(0,0,0)
(0,0,0)
(0,0,0)
(0,0,0)
(0,0,0)
(0,0,0)
(0,0,0)
(0,0,0)
(0,0,0)
(0,0,0)
(0,0,0)
(0,0,0)
(0,0,0)
(0,0,0)
(0,0,0)
(0,0,0)
(0,0,0)
(0,0,0)
(0,0,0)
(0,0,0)
(0,0,0)
(0,0,0)
(0,0,0)
(0,0,0)
(0,0,0)
(0,0,0)
(0,0,0)
(0,0,0)
(0,0,0)
(0,0,0)
(0,0,0)
(0,0,0)
(0,0,0)
(0,0,0)
(0,0,0)
(0,0,0)
(0,0,0)
(0,0,0)
(0,0,0)
(0,0,0)
(0,0,0)
(0,0,0)
(0,0,0)
(0,0,0)
(0,0,0)
(0,0,0)
(0,0,0)
(0,0,0)
(0,0,0)
(0,0,0)
(0,0,0)
(0,0,0)
(0,0,0)
(-22362.0192087191,11792.5341936641,10569.4850150549)
(-23660.5495888439,11293.9574642913,22936.0771396076)
(-26730.7132135285,10297.2056574062,39369.5846957302)
(-32473.8241128109,8697.26503771805,63146.1437708254)
(-42790.2235742338,6492.67907584273,99443.6882692219)
(-61344.0656321864,3964.29478177536,156823.45911962)
(-94908.4964596256,1756.90308305928,249975.052496219)
(-155585.439622746,406.587682974357,405153.904435985)
(-256896.089578104,8.36231114380259,662041.631702999)
(-358155.523287759,-25.5258898522274,1020222.68088062)
(0,0,0)
(0,0,0)
(0,0,0)
(0,0,0)
(0,0,0)
(0,0,0)
(-23705.0403060115,25404.5789684859,10092.9955311891)
(-24999.2102179389,24474.4328327229,21911.7303806995)
(-28096.5467198202,22546.356087006,37759.1266709166)
(-33959.8555688484,19425.8901438668,60990.3571336198)
(-44570.0579551229,15087.5887160824,96965.5054485009)
(-63564.2746868483,9962.14838619627,154531.926530935)
(-97511.2296312353,5203.596728431,248596.462516766)
(-157971.400399293,2229.4680810243,404744.982517982)
(-258478.022004702,1159.38215310274,662071.984680785)
(-358891.48722973,631.692424999676,1020306.25359557)
(0,0,0)
(0,0,0)
(0,0,0)
(0,0,0)
(0,0,0)
(0,0,0)
(-26679.6966452212,42904.6710454696,9179.60456823694)
(-28024.2978664988,41697.3976840934,19980.9375833657)
(-31216.8219475371,39075.7656580824,34668.349959831)
(-37365.6072885653,34760.0443935337,56699.8029987312)
(-48645.1147630801,28586.4263172982,91846.0801605953)
(-68809.4370034573,20948.3104370429,149669.355113206)
(-103917.854925648,13278.0964457511,245512.710321536)
(-163855.799987719,8066.6219711931,403531.35641906)
(-262259.710466043,5428.30540136761,661522.143636907)
(-360609.506449032,3002.89168309778,1019760.45082782)
(0,0,0)
(0,0,0)
(0,0,0)
(0,0,0)
(0,0,0)
(0,0,0)
(-32267.8477932124,67254.398936572,7918.11990211046)
(-33630.7520159501,65920.1655624582,17326.1040396975)
(-36933.8680975075,62972.8803517806,30362.8574435004)
(-43493.0592673923,58068.5338488274,50547.4272555945)
(-55881.3020941809,50889.9465707524,84125.2090963242)
(-78296.6035917286,41538.4907864188,141831.632338671)
(-116170.900941569,31188.2592304274,240092.370495575)
(-175244.783632325,22799.3667442251,400604.409354836)
(-269209.229010833,16313.2095962015,658928.734170795)
(-363641.023804794,8828.51035922991,1016744.13929956)
(0,0,0)
(0,0,0)
(0,0,0)
(0,0,0)
(0,0,0)
(0,0,0)
(-42313.1083374649,103040.089999852,6527.41727418407)
(-43665.8199337294,101719.491354926,14393.9114154448)
(-47028.8390311897,98874.5361167497,25521.0946816642)
(-53924.6632499042,94103.0546328378,43411.2371475628)
(-67450.406637835,87065.4646745962,74686.1256815597)
(-92630.4302642208,77536.2529772572,131318.793754928)
(-134836.815229593,65872.9144097997,231470.953805152)
(-192582.593662368,53013.572493285,393839.341718485)
(-279308.236197715,38200.5925669984,651260.19494545)
(-368030.004752706,20284.8437854605,1007833.86627194)
(0,0,0)
(0,0,0)
(0,0,0)
(0,0,0)
(0,0,0)
(0,0,0)
(-60373.5048468241,158216.728324983,5196.86652169335)
(-61678.5929747556,157035.995973214,11558.9548781601)
(-64945.3015913488,154547.594598985,20831.1979872732)
(-71763.2549797846,150294.295747283,36403.2118526097)
(-85420.4751974054,143771.054302037,65118.0974225744)
(-111048.099687003,134176.455306587,119525.994780255)
(-153326.465335539,120383.979627987,218341.394897632)
(-208443.023475765,101080.633560706,378717.357305956)
(-290265.403603547,74088.9030129854,633094.450463552)
(-373560.313640853,39569.7978071233,987369.810082659)
(0,0,0)
(0,0,0)
(0,0,0)
(0,0,0)
(0,0,0)
(0,0,0)
(-93519.0463093328,247737.587798945,3998.18683537416)
(-94694.4097200738,246749.369762737,8979.22276592267)
(-97640.738678992,244623.273173185,16544.2828707183)
(-103880.765345384,240881.631883567,29837.7120798215)
(-116548.239735479,234724.042471871,55432.9636454676)
(-140595.386680991,224606.397952428,105598.40768061)
(-180264.373593819,207451.135838562,198795.625063857)
(-230426.41249159,178823.292319338,351479.37879681)
(-306672.988572856,133875.195036875,598366.075345714)
(-382613.625030176,72969.323028653,947580.175154409)
(0,0,0)
(0,0,0)
(0,0,0)
(0,0,0)
(0,0,0)
(0,0,0)
(-154177.948272055,398969.869531091,2945.66653989867)
(-155130.620246938,398110.538998209,6715.11755136781)
(-157519.694850907,396171.818787348,12686.2667881218)
(-162621.978596444,392602.19395798,23587.6833101394)
(-173030.602047426,386196.170632419,45146.1571970116)
(-193014.112063759,374456.316636277,88310.3505769188)
(-226240.272301519,351956.967501085,170044.7912159)
(-266903.886293899,309369.164728831,306402.805100322)
(-336503.278084816,239465.575350256,537315.702871757)
(-399936.323558304,135785.113783511,874436.235675139)
(0,0,0)
(0,0,0)
(0,0,0)
(0,0,0)
(0,0,0)
(0,0,0)
(-255870.86227129,652870.060812697,1970.67098967404)
(-256533.29973538,652007.394059706,4607.11566356908)
(-258168.146609224,650031.128543122,8915.95251698544)
(-261618.552112246,646122.869605242,17013.828981976)
(-268501.316455733,638491.643001382,33219.6730687583)
(-281438.849899981,623470.301191952,65644.5384130537)
(-303205.246608048,593552.104250332,127254.648271852)
(-335678.198614763,536033.465244718,236268.546370724)
(-391531.328674288,433816.18476921,433449.26562603)
(-430156.921225337,260915.781411653,738475.519223228)
(0,0,0)
(0,0,0)
(0,0,0)
(0,0,0)
(0,0,0)
(0,0,0)
(-357626.300058447,1009487.66823936,1008.692631766)
(-357976.50162002,1008582.08552356,2410.50278793188)
(-358802.044967493,1006521.09391961,4722.58237896713)
(-360500.873481341,1002246.71918884,9099.60627672511)
(-363835.695552939,993528.700645774,17898.2441852906)
(-370079.862166237,975905.855567301,35542.5519761768)
(-380991.495331164,940516.94488918,69569.2066684851)
(-399418.141093739,871129.836989812,133890.976017092)
(-430053.309363004,737381.084201755,260379.385947544)
(-433186.937647091,477146.097560646,477336.007445648)
(0,0,0)
(0,0,0)
(0,0,0)
(0,0,0)
(0,0,0)
(0,0,0)
(0,0,0)
(0,0,0)
(0,0,0)
(0,0,0)
(0,0,0)
(0,0,0)
(0,0,0)
(0,0,0)
(0,0,0)
(0,0,0)
(0,0,0)
(0,0,0)
(0,0,0)
(0,0,0)
(0,0,0)
(0,0,0)
(0,0,0)
(0,0,0)
(0,0,0)
(0,0,0)
(0,0,0)
(0,0,0)
(0,0,0)
(0,0,0)
(0,0,0)
(0,0,0)
(0,0,0)
(0,0,0)
(0,0,0)
(0,0,0)
(0,0,0)
(0,0,0)
(0,0,0)
(0,0,0)
(0,0,0)
(0,0,0)
(0,0,0)
(0,0,0)
(0,0,0)
(0,0,0)
(0,0,0)
(0,0,0)
(0,0,0)
(0,0,0)
(0,0,0)
(0,0,0)
(0,0,0)
(0,0,0)
(0,0,0)
(0,0,0)
(0,0,0)
(0,0,0)
(0,0,0)
(0,0,0)
(0,0,0)
(0,0,0)
(0,0,0)
(0,0,0)
(0,0,0)
(0,0,0)
(0,0,0)
(0,0,0)
(0,0,0)
(0,0,0)
(0,0,0)
(0,0,0)
(0,0,0)
(0,0,0)
(0,0,0)
(0,0,0)
(0,0,0)
(0,0,0)
(0,0,0)
(0,0,0)
(0,0,0)
(0,0,0)
(0,0,0)
(0,0,0)
(0,0,0)
(0,0,0)
(0,0,0)
(0,0,0)
(0,0,0)
(0,0,0)
(0,0,0)
(0,0,0)
(0,0,0)
(0,0,0)
(0,0,0)
(0,0,0)
(0,0,0)
(0,0,0)
(0,0,0)
(0,0,0)
(0,0,0)
(0,0,0)
(3361819.01467291,10502.6285382609,9242.55745987157)
(3359582.72286007,10007.5491796058,19917.9557110686)
(3354483.93297904,8957.23286292427,33672.2965352726)
(3345042.03058314,7214.92359065522,52867.7381283514)
(3328310.30099227,4706.6517907428,80986.7816508381)
(3298484.65155074,1728.04844989509,123356.235897655)
(3243761.16131903,-850.8546868782,189463.652685577)
(3135603.11467122,-1978.99572543506,304180.313996698)
(2891538.09227318,-1597.82477658405,561270.176801692)
(2228753.71980628,-771.505351268414,1379058.65893864)
(0,0,0)
(0,0,0)
(0,0,0)
(0,0,0)
(0,0,0)
(0,0,0)
(3359552.76211383,22440.9816669446,8730.06433124419)
(3357336.74999039,21507.2336883681,18820.6394939203)
(3352207.30487113,19480.0335219888,31920.2071236339)
(3342597.60365635,16066.3792829745,50437.512085813)
(3325395.82609777,11033.9461805854,78070.5535228171)
(3294730.51575439,4728.27884753114,120701.752563637)
(3239152.3332548,-1193.82503934835,188307.379909896)
(3131432.88016505,-3679.97166136331,304530.295161223)
(2888950.48102163,-2685.0813192555,562115.268557219)
(2227633.05681287,-1116.29819401761,1379861.73723701)
(0,0,0)
(0,0,0)
(0,0,0)
(0,0,0)
(0,0,0)
(0,0,0)
(3354489.81440544,37397.3884769775,7800.30201902062)
(3352267.79420278,36162.5855859753,16779.0779318906)
(3347033.94318958,33405.6142173971,28528.9519791268)
(3337006.53075296,28668.5287631481,45480.8843371939)
(3318628.32987554,21384.4645580927,71783.1412007193)
(3285464.57240455,11495.4783982247,114668.15212174)
(3226715.20583987,1056.85988229697,185710.626314322)
(3120031.89475156,-3313.91409360022,305383.093887117)
(2882316.29775732,-1560.57963642975,563608.803860608)
(2224883.21609527,-59.5065086097573,1380985.50951068)
(0,0,0)
(0,0,0)
(0,0,0)
(0,0,0)
(0,0,0)
(0,0,0)
(3345145.34351775,57377.0381034587,6533.37894226709)
(3342948.65777144,56032.5648804859,14010.2097401596)
(3337605.32503037,53003.1976485173,23799.6530609025)
(3326942.45105945,47748.3494202599,38210.5419567262)
(3306392.664462,39440.17287677,61807.0869615672)
(3267587.9673572,27299.7687408845,104044.44554972)
(3199138.77517262,12587.8219453666,181130.027252219)
(3094104.47861606,5496.37577679789,306896.695013171)
(2868908.92588954,6200.86115766019,564943.319198375)
(2219726.62938241,4434.83023167178,1381007.5491507)
(0,0,0)
(0,0,0)
(0,0,0)
(0,0,0)
(0,0,0)
(0,0,0)
(3328691.15313521,85140.5601518146,5158.43635869772)
(3326558.142119,83873.1647946676,11020.0942714881)
(3321208.61749186,81110.3609843002,18601.6942924331)
(3310020.84032221,76420.4296624932,29910.3303578055)
(3286981.9499916,69260.2454462187,49584.1210386651)
(3239745.3529583,59257.6356235066,89176.6908132861)
(3149584.63676105,47457.448658009,173811.831989734)
(3046107.11322176,37181.8451125279,307362.875649651)
(2847952.57373377,27256.0620226178,562973.084732821)
(2212073.80218767,14779.6618997342,1376450.66600417)
(0,0,0)
(0,0,0)
(0,0,0)
(0,0,0)
(0,0,0)
(0,0,0)
(3299523.3656235,125253.711641636,3916.19791955884)
(3297517.45435523,124202.488752297,8317.04651165164)
(3292414.78464049,122005.861645073,13987.6794987882)
(3281458.22526979,118343.642032177,22769.2067593425)
(3258170.23739576,112797.304356674,39567.6551354417)
(3209654.78306862,104755.029942108,77293.5979409711)
(3118493.02913255,93556.6728204768,163301.099190167)
(3019627.56867462,79186.1300566509,297152.441975347)
(2830125.21823939,57734.3152284755,550209.786806274)
(2203307.45785575,30570.1601400377,1361477.73694917)
(0,0,0)
(0,0,0)
(0,0,0)
(0,0,0)
(0,0,0)
(0,0,0)
(3245467.23013857,187317.290546412,2876.36452707746)
(3243688.26400906,186526.805023814,6095.59440614897)
(3239143.59165129,184928.419312292,10314.9262884197)
(3229183.93894672,182335.75962951,17184.3242787048)
(3207501.67051709,178435.836226836,31422.1020356978)
(3161178.60363135,172361.995845582,65967.3656996116)
(3072819.14682855,161643.19488324,148723.543094191)
(2983471.06843331,142492.154365489,275446.257740231)
(2803532.2704883,104128.385882871,522773.147904404)
(2188284.15608858,55695.9515777153,1330675.79522778)
(0,0,0)
(0,0,0)
(0,0,0)
(0,0,0)
(0,0,0)
(0,0,0)
(3137332.7192653,297674.651693469,2058.19119537832)
(3135897.2217704,297066.388290396,4416.98579120217)
(3132259.42762191,295845.467102198,7647.03540817497)
(3124182.82432317,293901.043429518,13203.1685683662)
(3106326.87410648,291012.197804604,25195.5507163601)
(3067062.71462771,286282.273926004,55124.6658242457)
(2989796.99544808,275215.392799607,129441.42003794)
(2931244.0818852,240790.282769766,236921.543334242)
(2749764.12811733,184558.114476771,474150.628417833)
(2153445.08960247,105602.195315908,1274789.19139858)
(0,0,0)
(0,0,0)
(0,0,0)
(0,0,0)
(0,0,0)
(0,0,0)
(2892663.59052469,551691.092927485,1375.32584971522)
(2891673.73894794,551089.888461131,3071.00687542635)
(2889248.15940889,549875.52071034,5550.86712889273)
(2883939.49938966,547659.828155179,10160.2507809963)
(2872743.00166501,543550.568146099,20303.7821984684)
(2849994.11715381,535170.31163657,43908.9973138421)
(2808913.30923664,516094.322939878,94837.7312086363)
(2750782.01545848,472585.870186378,180508.149598551)
(2586939.57374495,395487.793928958,395033.787606866)
(2047462.68126779,257960.98644322,1168981.61386608)
(0,0,0)
(0,0,0)
(0,0,0)
(0,0,0)
(0,0,0)
(0,0,0)
(2229295.86385565,1367988.63216655,706.516726516409)
(2228784.98526083,1367323.76424611,1637.37394041624)
(2227600.97482177,1365985.07641524,3051.01832593219)
(2225040.64841807,1363331.55818635,5763.98627514765)
(2219815.20888207,1357917.8502643,11672.0196017205)
(2209568.24150645,1346469.12109551,24651.3263499029)
(2190563.24510542,1321958.09821136,51159.0305215544)
(2154023.38281579,1270946.82537468,103282.771303461)
(2047562.56287941,1167720.99132125,257359.921548483)
(1664823.93592865,910475.959013746,910760.295281911)
(0,0,0)
(0,0,0)
(0,0,0)
(0,0,0)
(0,0,0)
(0,0,0)
(0,0,0)
(0,0,0)
(0,0,0)
(0,0,0)
(0,0,0)
(0,0,0)
(0,0,0)
(0,0,0)
(0,0,0)
(0,0,0)
(0,0,0)
(0,0,0)
(0,0,0)
(0,0,0)
(0,0,0)
(0,0,0)
(0,0,0)
(0,0,0)
(0,0,0)
(0,0,0)
(0,0,0)
(0,0,0)
(0,0,0)
(0,0,0)
(0,0,0)
(0,0,0)
(0,0,0)
(0,0,0)
(0,0,0)
(0,0,0)
(0,0,0)
(0,0,0)
(0,0,0)
(0,0,0)
(0,0,0)
(0,0,0)
(0,0,0)
(0,0,0)
(0,0,0)
(0,0,0)
(0,0,0)
(0,0,0)
(0,0,0)
(0,0,0)
(0,0,0)
(0,0,0)
(0,0,0)
(0,0,0)
(0,0,0)
(0,0,0)
(0,0,0)
(0,0,0)
(0,0,0)
(0,0,0)
(0,0,0)
(0,0,0)
(0,0,0)
(0,0,0)
(0,0,0)
(0,0,0)
(0,0,0)
(0,0,0)
(0,0,0)
(0,0,0)
(0,0,0)
(0,0,0)
(0,0,0)
(0,0,0)
(0,0,0)
(0,0,0)
(0,0,0)
(0,0,0)
(0,0,0)
(0,0,0)
(0,0,0)
(0,0,0)
(0,0,0)
(0,0,0)
(0,0,0)
(0,0,0)
(0,0,0)
(0,0,0)
(0,0,0)
(0,0,0)
(0,0,0)
(0,0,0)
(0,0,0)
(0,0,0)
(0,0,0)
(0,0,0)
(0,0,0)
(0,0,0)
(0,0,0)
(0,0,0)
(0,0,0)
(0,0,0)
(-57516.8037913155,8313.25082722131,7096.34775724375)
(-59995.7772084099,7808.34011193862,14940.2878340658)
(-65514.1696982172,6703.75759297537,24308.4130386488)
(-75521.8196913261,4772.31341369582,36173.7300197375)
(-92529.0596234473,1812.38685996646,51274.483895758)
(-120993.645720854,-1987.54181750191,68814.1031052022)
(-167556.394642314,-5419.81561988369,81625.2548067182)
(-241236.613855577,-6110.13812292923,60648.9015767887)
(-346892.84194008,-4180.56649217982,-100665.817597521)
(-425566.749459294,-1895.4653387708,-848376.102872857)
(0,0,0)
(0,0,0)
(0,0,0)
(0,0,0)
(0,0,0)
(0,0,0)
(-60082.6617058557,17459.4186376082,6563.03612952949)
(-62508.732767674,16511.342548608,13779.2965711575)
(-67969.0204614257,14366.7828620841,22366.3767548752)
(-77971.9372774348,10521.5796200889,33260.4316025689)
(-95255.9626063592,4302.75342113789,47495.6338657952)
(-124507.455407726,-4493.92292880843,65313.7662595156)
(-172176.206568581,-13605.8919820387,80902.1625652428)
(-245146.483701903,-15085.7552287323,62530.923658254)
(-348852.045383536,-9347.17034176705,-98426.1659666311)
(-426244.646678733,-3882.07869211901,-846488.069001446)
(0,0,0)
(0,0,0)
(0,0,0)
(0,0,0)
(0,0,0)
(0,0,0)
(-65816.1796018675,28225.6021680009,5613.59059719909)
(-68140.4916029398,26973.9248667069,11633.074205063)
(-73517.4317248336,24061.1019444518,18563.9101573433)
(-83599.1865775959,18645.235792978,27119.751435243)
(-101767.372733099,9181.89383928359,38710.0937460765)
(-134015.543967054,-6343.69661026315,56113.7639194083)
(-187490.845496072,-26518.3296957314,79306.0330893031)
(-258552.623156862,-29241.1420968041,68119.7179859676)
(-354756.682032779,-14981.0667459943,-93099.6256993709)
(-428143.045792697,-5227.39096796536,-842654.271415309)
(0,0,0)
(0,0,0)
(0,0,0)
(0,0,0)
(0,0,0)
(0,0,0)
(-76056.5643616999,41138.0419463586,4363.24822138167)
(-78237.1764284779,39823.6954853636,8773.09192285158)
(-83456.386821615,36748.7936866893,13220.8921528596)
(-93730.8692888782,30920.0131961753,17693.2152182114)
(-113897.817992285,20123.9897443469,23115.3818877313)
(-154901.953898539,-466.175013564331,35801.5616670411)
(-234951.872232857,-36944.147378005,76391.8068750478)
(-302342.393085162,-42510.9904345285,82182.3070342649)
(-369518.409694335,-14796.1843017664,-83501.4597057707)
(-432222.5031652,-3242.95493076322,-837462.983075144)
(0,0,0)
(0,0,0)
(0,0,0)
(0,0,0)
(0,0,0)
(0,0,0)
(-93255.11813639,56133.6650928697,3024.42824535722)
(-95262.4112980591,55002.5434577311,5739.9138103424)
(-100174.45206701,52480.5539382556,7465.00323786722)
(-110415.751027994,47981.9307467688,6913.45715775737)
(-132940.779362294,40571.6505639657,2462.30581228984)
(-190638.920794485,29266.8563725869,-812.671700833944)
(-379091.941893386,16400.826312498,70592.7133833536)
(-450125.530616679,10710.7611656956,109677.385741802)
(-398370.650666674,9433.33050665193,-72155.1245458193)
(-438870.596170185,6003.88133179475,-834383.782330173)
(0,0,0)
(0,0,0)
(0,0,0)
(0,0,0)
(0,0,0)
(0,0,0)
(-121529.749547947,71343.916444748,1916.64393986663)
(-123309.445982782,70548.1031895658,3271.76466633892)
(-127711.482491728,68907.9238425148,3044.44201455067)
(-137206.807359582,66247.9753735418,-482.789862659949)
(-159078.909440399,62290.8722734884,-8879.08461574208)
(-216523.537933187,56428.090102168,-13788.2172232636)
(-395492.051433812,48052.7522052803,64618.7175705389)
(-460228.129518963,43159.1161247187,108099.840925409)
(-411575.006039857,31206.9303919106,-75899.7545603688)
(-445427.11807776,15568.9506975058,-840656.467872262)
(0,0,0)
(0,0,0)
(0,0,0)
(0,0,0)
(0,0,0)
(0,0,0)
(-167695.429330772,79454.1249226775,1126.23111164518)
(-169182.527535923,79000.8523578122,1618.05360865861)
(-172913.504412609,78277.3613598953,379.492275401071)
(-181213.450204732,77581.5356872171,-4482.89876654725)
(-201257.933845725,77513.23965905,-14871.8816690114)
(-257402.332218698,78508.1557855331,-22297.231382046)
(-443875.048401482,78876.7668493652,59646.7293241992)
(-504047.312332678,90447.4964254188,95950.5099097183)
(-431882.461903149,50458.0065849644,-91812.0537716051)
(-456320.533300777,20916.9217782855,-856481.555342812)
(0,0,0)
(0,0,0)
(0,0,0)
(0,0,0)
(0,0,0)
(0,0,0)
(-241470.69628139,53627.7074469506,703.613142632831)
(-242618.162921538,53426.8376116343,866.79270100835)
(-245475.410144866,53325.6626206607,-372.890672675334)
(-252007.588305321,54100.8747454039,-4628.03698218893)
(-268578.980631269,57868.3490768992,-14003.5115419683)
(-319982.300703684,69638.0518511716,-22014.6121559598)
(-523048.435883591,94692.4570871851,71088.9090582324)
(-427535.984845603,60615.7127707748,55774.5395639757)
(-448283.358345625,21930.2580622688,-121576.445330007)
(-473283.718036306,-266.650015804736,-877590.285776787)
(0,0,0)
(0,0,0)
(0,0,0)
(0,0,0)
(0,0,0)
(0,0,0)
(-347443.418769324,-110677.001367867,485.498229121254)
(-348217.945856031,-110839.634632956,717.435397906797)
(-350044.107763055,-110911.854768915,321.000079696069)
(-354086.254006268,-110498.968602981,-979.623055673911)
(-363221.145036005,-108702.059825182,-2371.28733229169)
(-384970.942889256,-104627.280040543,2932.88472272996)
(-432520.4099976,-101710.703429085,36843.5445934862)
(-448861.440123935,-123722.437422722,16898.9304896326)
(-490646.596663721,-143537.266885618,-143973.59403357)
(-498703.194670287,-124449.387186471,-877551.200804482)
(0,0,0)
(0,0,0)
(0,0,0)
(0,0,0)
(0,0,0)
(0,0,0)
(-425998.903530299,-859591.122626957,282.668765344452)
(-426387.496618635,-859807.395859917,496.691991993741)
(-427243.349557365,-860050.678757707,553.62048026234)
(-429125.863947107,-860306.889615225,601.833977911705)
(-433071.292580059,-860629.725111316,1489.78084644322)
(-441285.327419885,-861925.703046212,5715.55289869609)
(-456484.319695411,-867565.143979532,14691.3383703007)
(-473690.200736243,-882170.204848241,-3073.530531911)
(-498833.617910288,-879027.542610904,-125113.29389664)
(-481527.761459306,-753729.088573129,-753408.1150017)
(0,0,0)
(0,0,0)
(0,0,0)
(0,0,0)
(0,0,0)
(0,0,0)
(0,0,0)
(0,0,0)
(0,0,0)
(0,0,0)
(0,0,0)
(0,0,0)
(0,0,0)
(0,0,0)
(0,0,0)
(0,0,0)
(0,0,0)
(0,0,0)
(0,0,0)
(0,0,0)
(0,0,0)
(0,0,0)
(0,0,0)
(0,0,0)
(0,0,0)
(0,0,0)
(0,0,0)
(0,0,0)
(0,0,0)
(0,0,0)
(0,0,0)
(0,0,0)
(0,0,0)
(0,0,0)
(0,0,0)
(0,0,0)
(0,0,0)
(0,0,0)
(0,0,0)
(0,0,0)
(0,0,0)
(0,0,0)
(0,0,0)
(0,0,0)
(0,0,0)
(0,0,0)
(0,0,0)
(0,0,0)
(0,0,0)
(0,0,0)
(0,0,0)
(0,0,0)
(0,0,0)
(0,0,0)
(0,0,0)
(0,0,0)
(0,0,0)
(0,0,0)
(0,0,0)
(0,0,0)
(0,0,0)
(0,0,0)
(0,0,0)
(0,0,0)
(0,0,0)
(0,0,0)
(0,0,0)
(0,0,0)
(0,0,0)
(0,0,0)
(0,0,0)
(0,0,0)
(0,0,0)
(0,0,0)
(0,0,0)
(0,0,0)
(0,0,0)
(0,0,0)
(0,0,0)
(0,0,0)
(0,0,0)
(0,0,0)
(0,0,0)
(0,0,0)
(0,0,0)
(0,0,0)
(0,0,0)
(0,0,0)
(0,0,0)
(0,0,0)
(0,0,0)
(0,0,0)
(0,0,0)
(0,0,0)
(0,0,0)
(0,0,0)
(0,0,0)
(0,0,0)
(0,0,0)
(0,0,0)
(0,0,0)
(0,0,0)
(-67987.5897082589,5759.68971310856,4711.09620383567)
(-70126.7703452897,5311.41859719845,9530.67074351683)
(-74699.4562232329,4250.07755959835,14465.8797089364)
(-82644.2873257769,2300.36975228071,19287.9775911039)
(-95408.0851231074,-900.823051323634,23067.8261420904)
(-115092.500342309,-5455.17785627173,22621.858619819)
(-143375.207508987,-10002.9497221272,8443.62120862212)
(-178443.536528474,-10003.8762694967,-44345.5798489844)
(-206523.137356075,-6167.83462921882,-178547.449803763)
(-179596.705430563,-2608.47907674871,-421909.014755759)
(0,0,0)
(0,0,0)
(0,0,0)
(0,0,0)
(0,0,0)
(0,0,0)
(-70336.0138210655,11801.0721735766,4211.96965474237)
(-72350.7179984112,10942.0317023834,8423.34178029052)
(-76670.6947454625,8872.12337634873,12502.9702475771)
(-84180.5401694573,4918.30764760748,16093.6352442708)
(-96378.3929530335,-2177.71370249777,18492.9562421194)
(-115509.677721934,-13969.5508288919,18009.5515289538)
(-143631.442455299,-28937.8038322534,8399.64152580483)
(-177650.195796333,-28538.6112912444,-40561.9113580107)
(-205187.407421603,-15308.7426277198,-175085.641321445)
(-178753.908186751,-5813.95200381396,-419370.90688639)
(0,0,0)
(0,0,0)
(0,0,0)
(0,0,0)
(0,0,0)
(0,0,0)
(-75495.9098185685,18157.8657331475,3322.9366571329)
(-77251.1067244432,17011.1322828812,6364.45119813489)
(-81089.8400989436,14228.1953110131,8580.78763757797)
(-87729.640411172,8596.18186373839,9033.36725502537)
(-98722.9020789907,-2880.40565870516,6691.58855712152)
(-117080.927518218,-27211.198855763,2998.62013514754)
(-148071.515862607,-74048.3912883361,8689.87795777206)
(-177823.815415733,-73100.8849493946,-27476.656125211)
(-201965.22618835,-29801.0728203751,-165775.781776991)
(-176750.337348696,-9322.36151999953,-413660.080704829)
(0,0,0)
(0,0,0)
(0,0,0)
(0,0,0)
(0,0,0)
(0,0,0)
(-84294.2120639277,24199.5905885261,2195.92284685316)
(-85721.8884836851,23042.5854441299,3649.18174081477)
(-88844.6820389523,20247.1865174852,3018.48575168216)
(-94098.0909889946,14402.2603042774,-2420.37098874167)
(-102729.222299318,1224.92659545802,-17694.298935867)
(-119788.721022811,-36110.2023759364,-43908.5282914281)
(-181285.413637469,-181102.769797014,9479.39162185564)
(-191319.230320509,-190325.435132218,15680.7790400306)
(-194514.302232151,-43688.3805869744,-145436.020655554)
(-172720.867540227,-9899.12246617362,-404360.895334342)
(0,0,0)
(0,0,0)
(0,0,0)
(0,0,0)
(0,0,0)
(0,0,0)
(-98213.9761865111,28124.6777312826,1033.77090736545)
(-99296.09292607,27232.0616866395,877.976292866263)
(-101493.842854292,25208.0014861225,-2763.44788848781)
(-104596.336267506,21400.8582649686,-15581.4606096651)
(-106836.064777482,14633.712740757,-55094.9613397778)
(-96365.663244035,3536.07155559708,-189014.492821763)
(-5.31168445114467e-05,-1.33496688176585e-05,3.47095213662306e-05)
(-1163.39342239149,628.989507917137,162128.72521735)
(-164340.507586934,-3750.578908507,-111839.219540866)
(-165422.900082543,-562.66632055538,-394623.371774145)
(0,0,0)
(0,0,0)
(0,0,0)
(0,0,0)
(0,0,0)
(0,0,0)
(-119037.725224461,25459.359648328,173.293759470257)
(-119779.223244635,24960.1431058345,-1085.0103978713)
(-121121.197943883,23997.1326397528,-6464.42609934654)
(-122469.186037994,22534.6770303744,-22335.8661863407)
(-120939.682345299,20403.3574343753,-66244.7379750567)
(-102420.919949545,15818.3124217318,-192629.59682483)
(-4.69123970577685e-05,-1.7225574014419e-05,2.5434041463771e-05)
(-1672.26055002295,-508.8980604552,157360.787930697)
(-159963.603139876,10971.3626117246,-108972.556489521)
(-165270.791268546,4668.97866819287,-394360.528287441)
(0,0,0)
(0,0,0)
(0,0,0)
(0,0,0)
(0,0,0)
(0,0,0)
(-148052.873696076,6127.75657971717,-310.952566083203)
(-148498.833521491,6001.32617751187,-2035.82965219952)
(-149170.333480427,6107.44415740647,-7889.31210202866)
(-149221.882960325,7162.24487282082,-24508.4471888782)
(-144993.347572077,10572.9236664604,-70942.5996946125)
(-120265.076284196,16312.7648196816,-208574.308027059)
(-0.000128245117846312,4.72498808279263e-05,3.55443465457208e-05)
(-1195.90542304286,167163.2182832,168743.106478175)
(-170817.963931624,34173.0712582118,-115523.100139847)
(-171856.909352122,3989.4847954417,-399307.230215724)
(0,0,0)
(0,0,0)
(0,0,0)
(0,0,0)
(0,0,0)
(0,0,0)
(-183345.425643886,-51639.070298178,-358.443759608404)
(-183585.559786536,-51488.4211187761,-1901.29959832092)
(-183796.553579594,-50638.6136851141,-6834.0983210734)
(-183098.718479757,-47432.9271041347,-21147.7961696854)
(-177601.084159464,-36263.0432378148,-65289.725737218)
(-149228.791302789,5130.37595796629,-224860.846276402)
(-881.673061706282,185642.768346536,166988.250239107)
(-168536.419029551,39647.5231348187,35504.3795714365)
(-212441.902434208,-20182.3193216711,-145981.685760099)
(-186136.515077025,-25569.6169987511,-403569.786925165)
(0,0,0)
(0,0,0)
(0,0,0)
(0,0,0)
(0,0,0)
(0,0,0)
(-210604.94049702,-188277.372862303,-200.175708167542)
(-210746.485454009,-188112.74768559,-1047.30954336987)
(-210791.842882526,-187311.159795858,-3627.0283131425)
(-210263.572747829,-184849.9747124,-10032.6619633136)
(-207554.501046017,-177950.056683924,-24012.2925071823)
(-199026.704824087,-160376.806161882,-44449.3484525043)
(-186923.609650967,-125163.099224973,20759.7187723678)
(-215773.947843201,-148117.257803384,-24562.9925701572)
(-232389.267768946,-151381.69315168,-151620.947634916)
(-190533.694149872,-107074.31155708,-378285.753596997)
(0,0,0)
(0,0,0)
(0,0,0)
(0,0,0)
(0,0,0)
(0,0,0)
(-181876.272685501,-432345.844131377,-54.1595757298382)
(-181950.279416994,-432259.013420591,-345.11104237056)
(-181946.549406976,-431708.5785968,-1244.49239181198)
(-181742.378727096,-430226.877483899,-3251.07484031687)
(-180906.740573372,-426728.947559187,-6636.735971742)
(-179037.286643789,-419870.468688338,-9391.11422138775)
(-178289.162845832,-410384.464091408,-2364.90620450903)
(-188248.244144491,-407890.486011497,-28033.6345881364)
(-191000.150178113,-379674.701796081,-107574.093675902)
(-152780.204899563,-271864.045535637,-271531.916257074)
(0,0,0)
(0,0,0)
(0,0,0)
(0,0,0)
(0,0,0)
(0,0,0)
(0,0,0)
(0,0,0)
(0,0,0)
(0,0,0)
(0,0,0)
(0,0,0)
(0,0,0)
(0,0,0)
(0,0,0)
(0,0,0)
(0,0,0)
(0,0,0)
(0,0,0)
(0,0,0)
(0,0,0)
(0,0,0)
(0,0,0)
(0,0,0)
(0,0,0)
(0,0,0)
(0,0,0)
(0,0,0)
(0,0,0)
(0,0,0)
(0,0,0)
(0,0,0)
(0,0,0)
(0,0,0)
(0,0,0)
(0,0,0)
(0,0,0)
(0,0,0)
(0,0,0)
(0,0,0)
(0,0,0)
(0,0,0)
(0,0,0)
(0,0,0)
(0,0,0)
(0,0,0)
(0,0,0)
(0,0,0)
(0,0,0)
(0,0,0)
(0,0,0)
(0,0,0)
(0,0,0)
(0,0,0)
(0,0,0)
(0,0,0)
(0,0,0)
(0,0,0)
(0,0,0)
(0,0,0)
(0,0,0)
(0,0,0)
(0,0,0)
(0,0,0)
(0,0,0)
(0,0,0)
(0,0,0)
(0,0,0)
(0,0,0)
(0,0,0)
(0,0,0)
(0,0,0)
(0,0,0)
(0,0,0)
(0,0,0)
(0,0,0)
(0,0,0)
(0,0,0)
(0,0,0)
(0,0,0)
(0,0,0)
(0,0,0)
(0,0,0)
(0,0,0)
(0,0,0)
(0,0,0)
(0,0,0)
(0,0,0)
(0,0,0)
(0,0,0)
(0,0,0)
(0,0,0)
(0,0,0)
(0,0,0)
(0,0,0)
(0,0,0)
(0,0,0)
(0,0,0)
(0,0,0)
(0,0,0)
(0,0,0)
(0,0,0)
(-74157.7871201335,3467.18606725802,2703.01134461477)
(-75598.005452608,3116.77594058281,5057.47051135228)
(-78581.8640909585,2276.78019731014,6663.09818176741)
(-83429.3929954991,748.475721200124,6699.72813029118)
(-90521.0107088581,-1848.55512336346,3661.20883939832)
(-100257.219209046,-5848.60112662207,-5325.47116724431)
(-112228.904815561,-10272.4695989563,-26199.3042617133)
(-123489.062513405,-9237.35176599246,-71916.4265107901)
(-122560.1231468,-4873.0145389332,-151006.426181126)
(-87201.6198982865,-1819.0095324449,-241582.502180931)
(0,0,0)
(0,0,0)
(0,0,0)
(0,0,0)
(0,0,0)
(0,0,0)
(-75943.0677828191,6774.8504426513,2299.38958635686)
(-77226.2998605713,6098.79748602194,4192.94990307958)
(-79791.2650909642,4481.5185559603,5108.78188993289)
(-83789.1948193403,1398.58796336692,4067.32429765169)
(-89337.4842665418,-4452.68902982228,-369.450482383588)
(-96472.9137379208,-15499.7847774604,-9755.03081555706)
(-105072.335365164,-33418.9399705627,-25167.6675340915)
(-115707.139534236,-28781.7551011644,-67566.3204610208)
(-117454.987927013,-12139.9685085777,-148031.785985972)
(-84892.9866662391,-3842.04344970312,-239869.673589206)
(0,0,0)
(0,0,0)
(0,0,0)
(0,0,0)
(0,0,0)
(0,0,0)
(-79809.3293286995,9459.67074669501,1628.59920608706)
(-80745.8954213077,8579.61771400369,2642.56767497306)
(-82496.3640057979,6496.52439687221,2034.08574091407)
(-84755.5572067912,2285.21399404224,-1826.62349414214)
(-86738.2086036067,-6813.32198634949,-11450.6840129976)
(-86460.0872693489,-29911.7871012529,-27659.5219380651)
(-81212.6708435253,-107338.733941069,-20598.5729866439)
(-89500.6814780582,-86671.2241221643,-51032.2379033223)
(-102828.56846816,-22404.6887457573,-139904.175386337)
(-79039.7406485111,-5307.94292736056,-236148.87260887)
(0,0,0)
(0,0,0)
(0,0,0)
(0,0,0)
(0,0,0)
(0,0,0)
(-86099.8793245474,10450.2119113715,815.126095941119)
(-86600.575651494,9628.22589386631,645.205083886953)
(-87257.1516951695,7718.26170579143,-2164.06256881403)
(-87039.3987960463,4020.83672617841,-10958.377493897)
(-83150.3994823245,-2766.68830194701,-34583.8339952975)
(-66535.6601575517,-12653.7380166101,-105094.943945201)
(-2.5209344021506e-05,-1.90668322864319e-06,1.17963093516274e-05)
(-315.844452784965,-267.770508114193,13188.9603799478)
(-67231.1154702847,-13569.9305016093,-122928.984626058)
(-67459.6874860902,-2604.28008090508,-230893.827526664)
(0,0,0)
(0,0,0)
(0,0,0)
(0,0,0)
(0,0,0)
(0,0,0)
(-95353.605667833,7577.14477261121,12.6966200834005)
(-95426.8502533443,7015.07464626491,-1243.39480504147)
(-94968.4929306192,5793.40430490106,-5843.88732782537)
(-92371.9507566164,3720.8546490459,-17768.2907615821)
(-83562.4041760807,705.753299481866,-44514.3929644093)
(-58660.7800725638,-2409.17373692489,-92463.8404155605)
(4.1223511102766e-06,-9.66664319683942e-07,-6.18465925485016e-05)
(-5.96040289818906e-05,-5.53205272605811e-06,3.12220841844913e-06)
(-407.95641278286,591.973964272559,-112128.875836472)
(-51274.6211845794,-425.940228018197,-228455.494587292)
(0,0,0)
(0,0,0)
(0,0,0)
(0,0,0)
(0,0,0)
(0,0,0)
(-107698.796842245,-3246.68730752077,-515.096302082922)
(-107423.706595149,-3470.72058222059,-2384.81772308348)
(-106107.219947102,-3784.00755535192,-7821.38385961179)
(-101823.818810369,-3936.40241229534,-20809.4940258933)
(-89945.4656219696,-3392.34549536117,-47705.6119543753)
(-60561.434862057,-1832.20677309323,-90142.0640056942)
(2.33613444288934e-07,-4.28078138887331e-06,-4.77017431672251e-05)
(-4.39482295299432e-05,-1.29860448499473e-05,3.23882761015747e-06)
(-730.500945268431,155.256355606198,-113513.07681377)
(-48944.2261899285,-1906.43842813242,-228359.143692281)
(0,0,0)
(0,0,0)
(0,0,0)
(0,0,0)
(0,0,0)
(0,0,0)
(-121874.806864418,-28701.7607164861,-722.993422690398)
(-121391.887697615,-28636.8661407221,-2663.79368805762)
(-119598.371557947,-28109.2577430537,-7910.50542284477)
(-114437.785853823,-26325.8769283824,-20305.1280132627)
(-100794.10138974,-21647.2376989844,-46249.4819919806)
(-67738.8549603101,-12203.3979238347,-88404.5121651272)
(-6.10046592203671e-06,-7.40532699216811e-05,-5.62889885692233e-05)
(-7.48722531344054e-05,2.4657045269791e-06,2.70754134477372e-06)
(-756.068771792533,-7325.31343306911,-115864.205791111)
(-52604.7121688672,-10245.4482942416,-226777.393108252)
(0,0,0)
(0,0,0)
(0,0,0)
(0,0,0)
(0,0,0)
(0,0,0)
(-133166.390038266,-78306.729606568,-574.066715534951)
(-132641.619606511,-78069.3594984547,-2085.51353783464)
(-130817.811130826,-77097.3772065454,-6076.13652311256)
(-125761.973305721,-74104.0359040898,-15634.7227214398)
(-112263.507470667,-65736.3178264309,-36883.2192827848)
(-77755.9460557419,-44194.4210556826,-76365.0413979873)
(-8.81069972414423e-05,5.39170713456561e-06,4.55549005478526e-06)
(-555.375004539219,-7235.46695929669,-7827.93496396651)
(-68601.8868307139,-39864.7776131004,-119128.48638743)
(-68821.192061768,-29834.6895743249,-216854.568122601)
(0,0,0)
(0,0,0)
(0,0,0)
(0,0,0)
(0,0,0)
(0,0,0)
(-129862.979809972,-158752.214531605,-296.475762009114)
(-129462.805780825,-158575.308893972,-1074.206039673)
(-128096.165618543,-157821.09388598,-3046.1666242217)
(-124372.263269624,-155759.918782177,-7281.59322434201)
(-114371.074688987,-150783.277637105,-15418.0597706935)
(-86565.8058553056,-139893.950383702,-32179.4294114549)
(-1033.86926419205,-116082.623720906,-7751.67492133441)
(-69733.7305898505,-120211.193770706,-40816.1653632757)
(-93971.4729127646,-109691.792055856,-109406.945776701)
(-73320.0971453357,-69133.2003561902,-187322.031999374)
(0,0,0)
(0,0,0)
(0,0,0)
(0,0,0)
(0,0,0)
(0,0,0)
(-91036.9272259103,-249497.657285536,-93.9027056645384)
(-90839.6826057923,-249426.572702538,-353.235708311716)
(-90144.2013423143,-248960.304618495,-1016.37304047703)
(-88378.1933046303,-247765.321126084,-2375.15611903479)
(-84167.14183722,-245190.404032951,-4707.62845933419)
(-74816.7835219588,-240274.268167881,-8547.81379698523)
(-59149.5759341279,-231609.057871503,-12160.966558101)
(-70812.4183038498,-219216.269817519,-30591.7163519318)
(-73801.7351487166,-188323.550026526,-69158.3734106742)
(-53688.0980143015,-118866.919226173,-118516.761425961)
(0,0,0)
(0,0,0)
(0,0,0)
(0,0,0)
(0,0,0)
(0,0,0)
(0,0,0)
(0,0,0)
(0,0,0)
(0,0,0)
(0,0,0)
(0,0,0)
(0,0,0)
(0,0,0)
(0,0,0)
(0,0,0)
(0,0,0)
(0,0,0)
(0,0,0)
(0,0,0)
(0,0,0)
(0,0,0)
(0,0,0)
(0,0,0)
(0,0,0)
(0,0,0)
(0,0,0)
(0,0,0)
(0,0,0)
(0,0,0)
(0,0,0)
(0,0,0)
(0,0,0)
(0,0,0)
(0,0,0)
(0,0,0)
(0,0,0)
(0,0,0)
(0,0,0)
(0,0,0)
(0,0,0)
(0,0,0)
(0,0,0)
(0,0,0)
(0,0,0)
(0,0,0)
(0,0,0)
(0,0,0)
(0,0,0)
(0,0,0)
(0,0,0)
(0,0,0)
(0,0,0)
(0,0,0)
(0,0,0)
(0,0,0)
(0,0,0)
(0,0,0)
(0,0,0)
(0,0,0)
(0,0,0)
(0,0,0)
(0,0,0)
(0,0,0)
(0,0,0)
(0,0,0)
(0,0,0)
(0,0,0)
(0,0,0)
(0,0,0)
(0,0,0)
(0,0,0)
(0,0,0)
(0,0,0)
(0,0,0)
(0,0,0)
(0,0,0)
(0,0,0)
(0,0,0)
(0,0,0)
(0,0,0)
(0,0,0)
(0,0,0)
(0,0,0)
(0,0,0)
(0,0,0)
(0,0,0)
(0,0,0)
(0,0,0)
(0,0,0)
(0,0,0)
(0,0,0)
(0,0,0)
(0,0,0)
(0,0,0)
(0,0,0)
(0,0,0)
(0,0,0)
(0,0,0)
(0,0,0)
(0,0,0)
(0,0,0)
(-77233.4117442175,1746.08873710284,1329.53588698508)
(-77978.9160918074,1546.52852908338,2163.91799710111)
(-79470.4405768256,1105.98895082072,1946.50553214616)
(-81637.7290644027,406.360145436684,-251.518544387788)
(-84252.0335278691,-658.705892341288,-5861.78983303532)
(-86989.83155793,-2071.04544507582,-17058.132039073)
(-89062.7704831017,-3113.1270322721,-37111.139339261)
(-88464.5762107596,-1455.20911939958,-70680.416522507)
(-78162.6791694219,243.609523634321,-115321.470023509)
(-49061.6418662194,479.75980137194,-153941.207856967)
(0,0,0)
(0,0,0)
(0,0,0)
(0,0,0)
(0,0,0)
(0,0,0)
(-78386.8596573991,3073.49564140927,1116.384970278)
(-78993.1192176585,2691.22957559491,1738.50328085267)
(-80052.1884986735,1862.71801671767,1242.69762266555)
(-81324.6815621173,508.888533534255,-1324.34402265748)
(-82278.9448846346,-1767.48638843314,-7274.10290847124)
(-82306.1940924911,-5440.75514869216,-18071.1128502874)
(-81271.7556121456,-9546.3760007662,-35438.4436348061)
(-81010.8321680584,-2600.84460529739,-68989.1155150835)
(-73570.9749974965,2479.98884507907,-115109.507766037)
(-47060.2675553894,2008.39013756853,-154470.857213089)
(0,0,0)
(0,0,0)
(0,0,0)
(0,0,0)
(0,0,0)
(0,0,0)
(-80804.4631084547,3280.22711520219,788.402305963405)
(-81088.895560643,2803.44558420679,1019.18643668708)
(-81320.3847290499,1809.64768545028,-103.722508789058)
(-80797.0023250719,95.5904473773902,-3648.97930435461)
(-78056.4540746162,-3127.7735297697,-10970.4466920067)
(-70789.9057388507,-9923.69640046484,-22157.686970738)
(-58265.2481168245,-26109.5343377194,-28541.9513604842)
(-59116.4108912092,2483.36743619332,-64010.4339888236)
(-61815.5659490863,13173.62889067,-115717.076553493)
(-42430.541499093,6260.50646538496,-156578.392030719)
(0,0,0)
(0,0,0)
(0,0,0)
(0,0,0)
(0,0,0)
(0,0,0)
(-84535.7349605,1306.15695938728,409.925791766646)
(-84403.9297712483,907.03475723697,109.690738492153)
(-83565.6965142025,89.8799127701701,-1861.99666979463)
(-80633.0970216594,-1203.45368453532,-6969.25431227055)
(-72351.4606096716,-3054.73123335403,-17841.2354813376)
(-51240.5744449105,-4680.80312691848,-38379.2144675266)
(-2.09755030455366e-05,-1.99792097968815e-06,-3.7909880115783e-06)
(-223.11472325419,-79.7972681788887,-53346.4794252049)
(-37892.6804108886,53224.5355829336,-122735.821176868)
(-34578.1398617067,13580.6160744429,-162937.478410315)
(0,0,0)
(0,0,0)
(0,0,0)
(0,0,0)
(0,0,0)
(0,0,0)
(-89482.5018331562,-4604.38906145171,39.4421861637926)
(-88967.8921076375,-4819.03258413671,-693.44861816804)
(-87178.7714122613,-5205.76556689353,-3187.52465686193)
(-82285.8171892272,-5577.56539977515,-8899.54650901048)
(-70435.1931146411,-5525.24118070546,-19556.247623099)
(-44994.5343237279,-4176.57214526312,-33726.7243535904)
(4.16704691892501e-06,1.72897006259478e-07,-3.2834931376326e-06)
(-5.30812810782794e-05,-6.51090702344458e-07,-9.23710678327767e-06)
(-290.841537403741,273.508409896206,-162521.755287217)
(-25464.0100629025,1918.24922345424,-176669.99955791)
(0,0,0)
(0,0,0)
(0,0,0)
(0,0,0)
(0,0,0)
(0,0,0)
(-94990.7988588097,-17148.2118418782,-164.175203010724)
(-94208.6250830164,-17163.7487588221,-1034.54054045974)
(-91808.2512097684,-17014.4500944784,-3524.82475021258)
(-85742.4111874368,-16276.0471677923,-8907.75060512744)
(-72047.5992556215,-14018.4251897409,-18312.4329624395)
(-44613.0226749373,-8859.25181144309,-29578.1654833801)
(8.11878017867077e-07,-1.50927019160138e-06,-2.72889494778712e-12)
(-3.70235352833573e-05,-4.6949138468772e-07,-7.10629629313779e-06)
(-253.095037981148,195.215008408524,-161181.4920539)
(-23846.5064310259,-5507.09977342508,-178853.862815922)
(0,0,0)
(0,0,0)
(0,0,0)
(0,0,0)
(0,0,0)
(0,0,0)
(-99254.2766850356,-39583.7377527783,-185.004268488486)
(-98384.8971393815,-39487.8197808858,-867.923804662611)
(-95796.7522064151,-38950.4146345454,-2733.57861612609)
(-89490.9938430724,-37288.6205272908,-6667.79726737969)
(-75440.0400821899,-32790.9169226864,-13249.3668419817)
(-47125.2745497926,-21957.5109796999,-20764.6880842417)
(-4.28804511700492e-06,-4.14983373088792e-06,-3.20923479898699e-12)
(-6.31837873536833e-05,-1.72678491678695e-06,-1.04311754578575e-05)
(-74.6577883163868,-74950.27969743,-167186.620963593)
(-25323.6805451869,-26352.9293212683,-173621.823039445)
(0,0,0)
(0,0,0)
(0,0,0)
(0,0,0)
(0,0,0)
(0,0,0)
(-98226.7643299597,-74501.839664601,-21.5237964855063)
(-97453.5964297644,-74409.1302401933,-288.236513919361)
(-95151.8492772545,-73896.6265408946,-1007.98646114344)
(-89675.4197885693,-72252.1423020668,-2131.01820351627)
(-77333.7392945423,-67393.2805930491,-2458.42270927866)
(-50808.4572316217,-52487.5445327999,1124.12201969967)
(-7.85262004659449e-05,-1.00566304450414e-05,-3.87291169132886e-06)
(-203.429379762238,-75886.0708895664,-75441.6977132216)
(-35114.2300494263,-64924.1452779936,-118955.488913945)
(-32379.4686503354,-34166.7649075752,-147583.376739071)
(0,0,0)
(0,0,0)
(0,0,0)
(0,0,0)
(0,0,0)
(0,0,0)
(-85240.7359759731,-119263.537977394,139.454478792667)
(-84694.4423213611,-119323.161903543,285.122682670455)
(-83100.4087385029,-119299.895246035,692.63450776976)
(-79419.0445114583,-119267.432433022,2754.70588055995)
(-71256.5886081891,-120118.512767835,12365.451974545)
(-52424.0074229794,-127658.458612057,53394.5676214717)
(-521.3759291458,-173650.095971468,-76217.089279362)
(-36149.3189215682,-120876.641152574,-64810.9306846355)
(-45940.3641964977,-89245.5848746629,-88520.5998042397)
(-32955.1771993534,-49338.7961289891,-113713.488528806)
(0,0,0)
(0,0,0)
(0,0,0)
(0,0,0)
(0,0,0)
(0,0,0)
(-52704.7882191401,-157733.227844837,137.55086067933)
(-52444.716928954,-157903.913265923,323.336546219018)
(-51670.1750361057,-158179.574644703,728.989638679499)
(-49957.7123076435,-158822.067116789,1863.14332546071)
(-46514.4451494517,-160567.418347439,4659.35221730907)
(-39945.893227501,-165047.428681199,7177.43199198974)
(-29824.2758396491,-172061.658298434,-23736.305775527)
(-33901.4556420267,-148046.80435816,-33477.1052317663)
(-33325.8870861541,-114268.083179224,-48930.4549897582)
(-22233.8542306932,-65034.105389745,-64689.3895126182)
(0,0,0)
(0,0,0)
(0,0,0)
(0,0,0)
(0,0,0)
(0,0,0)
(0,0,0)
(0,0,0)
(0,0,0)
(0,0,0)
(0,0,0)
(0,0,0)
(0,0,0)
(0,0,0)
(0,0,0)
(0,0,0)
(0,0,0)
(0,0,0)
(0,0,0)
(0,0,0)
(0,0,0)
(0,0,0)
(0,0,0)
(0,0,0)
(0,0,0)
(0,0,0)
(0,0,0)
(0,0,0)
(0,0,0)
(0,0,0)
(0,0,0)
(0,0,0)
(0,0,0)
(0,0,0)
(0,0,0)
(0,0,0)
(0,0,0)
(0,0,0)
(0,0,0)
(0,0,0)
(0,0,0)
(0,0,0)
(0,0,0)
(0,0,0)
(0,0,0)
(0,0,0)
(0,0,0)
(0,0,0)
(0,0,0)
(0,0,0)
(0,0,0)
(0,0,0)
(0,0,0)
(0,0,0)
(0,0,0)
(0,0,0)
(0,0,0)
(0,0,0)
(0,0,0)
(0,0,0)
(0,0,0)
(0,0,0)
(0,0,0)
(0,0,0)
(0,0,0)
(0,0,0)
(0,0,0)
(0,0,0)
(0,0,0)
(0,0,0)
(0,0,0)
(0,0,0)
(0,0,0)
(0,0,0)
(0,0,0)
(0,0,0)
(0,0,0)
(0,0,0)
(0,0,0)
(0,0,0)
(0,0,0)
(0,0,0)
(0,0,0)
(0,0,0)
(0,0,0)
(0,0,0)
(0,0,0)
(0,0,0)
(0,0,0)
(0,0,0)
(0,0,0)
(0,0,0)
(0,0,0)
(0,0,0)
(0,0,0)
(0,0,0)
(0,0,0)
(0,0,0)
(0,0,0)
(0,0,0)
(0,0,0)
(0,0,0)
(-78395.2632900804,581.718474506636,580.13307135182)
(-78692.9463945679,588.54937162252,705.614002487992)
(-79238.9648146982,608.207890946505,-134.069650586586)
(-79791.30449406,772.691961525921,-2753.1861824519)
(-79917.0377484566,1321.91933066312,-8410.10129252673)
(-79068.3758535681,2590.10762284172,-18921.6646197283)
(-76475.7779817813,4679.22995457697,-36187.8870756234)
(-70580.1372199291,5998.60765287947,-60070.9337193355)
(-57098.5549318105,4846.10810646047,-85981.166063408)
(-32967.3425201918,2490.89943679162,-104566.364846237)
(0,0,0)
(0,0,0)
(0,0,0)
(0,0,0)
(0,0,0)
(0,0,0)
(-79035.9517860346,677.425318888941,553.385284251)
(-79241.4307231576,668.234729078091,722.011432295217)
(-79498.3382091998,716.020306396953,60.3487273706135)
(-79468.7348413306,1139.53585476492,-2162.44188665395)
(-78556.2203957712,2537.02540367595,-7100.27244853271)
(-76123.3757080522,6117.0662476338,-16810.0494577637)
(-72023.6951620131,13497.0008556414,-34875.8808089639)
(-67953.6990888181,19298.5380080854,-61232.9442434199)
(-55857.4772424326,14230.9792792519,-88331.3131712818)
(-32474.7600542058,6634.72105609822,-107060.642291773)
(0,0,0)
(0,0,0)
(0,0,0)
(0,0,0)
(0,0,0)
(0,0,0)
(-80285.9019176679,-383.76105576444,542.625183865172)
(-80296.6538160711,-406.709779632496,825.327948001592)
(-79989.1211337389,-298.036763444842,508.121422530208)
(-78765.579033459,391.597534954365,-775.363549269043)
(-75474.3499540102,2691.64572949117,-3512.08799569046)
(-68427.5029305146,9684.83877863743,-9442.2633350287)
(-57221.1792086947,32164.2732786375,-29153.6046661563)
(-63915.0763836428,61363.8723699907,-66420.27353563)
(-55011.6373651483,37068.7593113048,-96061.9821516151)
(-32134.4850544651,14096.0719316965,-113819.389471852)
(0,0,0)
(0,0,0)
(0,0,0)
(0,0,0)
(0,0,0)
(0,0,0)
(-81983.3353192635,-3504.63170541587,568.471008415416)
(-81726.7601872037,-3499.17355376104,983.765198495892)
(-80693.1746331883,-3345.13437709291,1158.34093112808)
(-77820.1474770716,-2685.84122050713,1422.83014200306)
(-70632.2386664085,-1011.61358337417,3406.86751161169)
(-52738.0546522193,1611.73456219479,12977.4519353654)
(-1.74563427142018e-05,9.95121888822749e-06,-1.05893188395583e-05)
(-73693.3070156024,92.9154982601218,-90757.5495494637)
(-63258.9018990272,90823.7038949404,-119146.272644968)
(-34259.754518065,22690.7824554437,-128059.368512337)
(0,0,0)
(0,0,0)
(0,0,0)
(0,0,0)
(0,0,0)
(0,0,0)
(-83667.1312248183,-9906.28648619514,586.2841724389)
(-83167.6411395645,-9862.42837323129,1149.28802383803)
(-81535.5876654524,-9637.39037281168,1798.3602727474)
(-77329.1708171759,-8872.74314661888,3028.61582680476)
(-67329.2490988187,-7031.67578651613,5942.73401412446)
(-44997.889294701,-3753.29847515686,11311.1220224504)
(1.01862000466615e-05,1.76803337753439e-06,2.95638342279093e-06)
(-3.62915461571717e-05,5.05665354732178e-06,-1.88314327666001e-05)
(-115051.555493503,319.982911241789,-187404.216861381)
(-42811.4146430272,3523.60784435135,-150889.637670171)
(0,0,0)
(0,0,0)
(0,0,0)
(0,0,0)
(0,0,0)
(0,0,0)
(-84489.7434801215,-21061.6147988324,654.272933947498)
(-83833.0439206438,-20994.6125835782,1410.87598192388)
(-81897.2085142437,-20701.5737679264,2564.0166815173)
(-77109.0997609094,-19752.1294577453,4810.09156611664)
(-66197.6705725358,-17201.1403944802,9129.62749099661)
(-43029.095586508,-11262.1108111184,15054.5127385274)
(1.93040992326584e-06,1.3743850131991e-06,2.07294289628909e-13)
(-2.62367215682857e-05,7.85904952205392e-06,-1.35892094825097e-05)
(-109305.686768922,445.910204993668,-184490.544447547)
(-43219.0104077425,-6939.46043764917,-154654.972188839)
(0,0,0)
(0,0,0)
(0,0,0)
(0,0,0)
(0,0,0)
(0,0,0)
(-82888.3899926948,-38160.6213405591,733.119849390498)
(-82225.6723711486,-38156.2205399112,1735.50303749003)
(-80348.4933863584,-37961.5530262669,3547.22347577182)
(-75897.1791633118,-37156.9851218363,7358.26446010329)
(-65925.620349221,-34379.3985673793,15022.1029000321)
(-44259.3634651415,-25423.5206863235,26317.6016905827)
(-1.78915905192303e-06,-1.57132446046405e-08,-2.200351588738e-13)
(-3.58060346956602e-05,-3.93225962147542e-06,-1.55864437345293e-05)
(-120307.235286251,-109778.549209696,-192184.307840597)
(-43227.2193393768,-33284.3949754875,-147935.834508571)
(0,0,0)
(0,0,0)
(0,0,0)
(0,0,0)
(0,0,0)
(0,0,0)
(-76106.0909146857,-61061.6909547035,780.396198872732)
(-75581.1011090737,-61214.3563320387,1966.03667030752)
(-74136.6200148301,-61426.7667071132,4416.02108872997)
(-71014.2352449095,-61608.3037794264,10206.1552026595)
(-64575.2540353326,-60940.261171763,24008.5325478324)
(-50225.2561575163,-53735.3422572769,51737.1530446797)
(-4.90936238923796e-05,-1.95501564145099e-05,-7.9980177244967e-06)
(-88923.2723262149,-111475.559396646,-110171.913000547)
(-63583.8770058921,-75485.6226897857,-115995.192564003)
(-32148.4919537557,-34603.9391188615,-114906.625117203)
(0,0,0)
(0,0,0)
(0,0,0)
(0,0,0)
(0,0,0)
(0,0,0)
(-60875.5733469678,-86127.5322714199,700.678687707365)
(-60546.5075499009,-86488.7351399514,1827.12272416044)
(-59713.2530087536,-87318.8461519585,4332.0464392534)
(-58331.7183374269,-89325.6559166186,10962.0724024099)
(-57456.3560395539,-94964.6365779674,31186.2152399801)
(-65465.7374227017,-114796.469202674,105289.0721851)
(-135989.134815876,-202562.428624304,-111762.573507325)
(-66575.5717715815,-118325.086045605,-74486.7940083478)
(-44106.5440225784,-76412.8561988214,-75393.3806732415)
(-23862.8311494061,-38510.391942895,-80579.27389915)
(0,0,0)
(0,0,0)
(0,0,0)
(0,0,0)
(0,0,0)
(0,0,0)
(-34865.1477460909,-104389.848413672,422.67566920361)
(-34725.0694902417,-104868.011812205,1082.30490274749)
(-34363.8970331417,-105967.958876355,2425.1396241795)
(-33832.9651488992,-108385.263819007,5360.0003678266)
(-33665.437855954,-113692.752357932,11239.1088542889)
(-36004.401787077,-124813.546864009,17314.6950751991)
(-45289.6358152285,-141979.271784097,-27803.1017894345)
(-33234.0388083092,-113920.837998883,-32874.7666698763)
(-24091.9278721136,-80747.7691066563,-37773.8129760773)
(-13462.6503233263,-42696.483605185,-42358.9252211547)
(0,0,0)
(0,0,0)
(0,0,0)
(0,0,0)
(0,0,0)
(0,0,0)
(0,0,0)
(0,0,0)
(0,0,0)
(0,0,0)
(0,0,0)
(0,0,0)
(0,0,0)
(0,0,0)
(0,0,0)
(0,0,0)
(0,0,0)
(0,0,0)
(0,0,0)
(0,0,0)
(0,0,0)
(0,0,0)
(0,0,0)
(0,0,0)
(0,0,0)
(0,0,0)
(0,0,0)
(0,0,0)
(0,0,0)
(0,0,0)
(0,0,0)
(0,0,0)
(0,0,0)
(0,0,0)
(0,0,0)
(0,0,0)
(0,0,0)
(0,0,0)
(0,0,0)
(0,0,0)
(0,0,0)
(0,0,0)
(0,0,0)
(0,0,0)
(0,0,0)
(0,0,0)
(0,0,0)
(0,0,0)
(0,0,0)
(0,0,0)
(0,0,0)
(0,0,0)
(0,0,0)
(0,0,0)
(0,0,0)
(0,0,0)
(0,0,0)
(0,0,0)
(0,0,0)
(0,0,0)
(0,0,0)
(0,0,0)
(0,0,0)
(0,0,0)
(0,0,0)
(0,0,0)
(0,0,0)
(0,0,0)
(0,0,0)
(0,0,0)
(0,0,0)
(0,0,0)
(0,0,0)
(0,0,0)
(0,0,0)
(0,0,0)
(0,0,0)
(0,0,0)
(0,0,0)
(0,0,0)
(0,0,0)
(0,0,0)
(0,0,0)
(0,0,0)
(0,0,0)
(0,0,0)
(0,0,0)
(0,0,0)
(0,0,0)
(0,0,0)
(0,0,0)
(0,0,0)
(0,0,0)
(0,0,0)
(0,0,0)
(0,0,0)
(0,0,0)
(0,0,0)
(0,0,0)
(0,0,0)
(0,0,0)
(0,0,0)
(-78613.2786445641,-13.7512770492725,231.766631536698)
(-78733.0333088239,109.919997789373,161.933548004103)
(-78876.5709726228,440.23322353546,-640.693517611101)
(-78786.7948503176,1192.82540368368,-2838.02856503912)
(-78061.9563717625,2767.78289556768,-7460.89283729924)
(-76040.945382213,5602.17353423012,-16090.4968428884)
(-71663.5689522229,9173.44972404572,-30076.1555964917)
(-62819.7904120358,8629.55433313711,-46466.0567375233)
(-47815.9425599117,6066.41214418342,-61815.0812536071)
(-26195.2315169992,2972.49776291733,-71559.6900197138)
(0,0,0)
(0,0,0)
(0,0,0)
(0,0,0)
(0,0,0)
(0,0,0)
(-78921.3725970184,-464.447391689458,336.11692562415)
(-79008.0209985994,-248.813923121959,461.441121979849)
(-79097.6923971211,377.20831188773,123.820221549569)
(-78941.144712948,1996.81721464466,-1207.76171779439)
(-78207.4744970085,5773.00210555345,-4561.72682654058)
(-76516.5643200095,13963.1297415046,-12529.4944218578)
(-73129.3035486824,28409.3566263085,-30659.7929374522)
(-64384.2250424305,23395.0031872958,-48994.7158379962)
(-49008.5840980457,15078.5493611053,-64855.7461993029)
(-26805.7670257372,6951.03212473347,-74503.2735895875)
(0,0,0)
(0,0,0)
(0,0,0)
(0,0,0)
(0,0,0)
(0,0,0)
(-79389.4239702678,-1919.4701685331,558.544829443986)
(-79452.4421895028,-1649.3193860607,1114.83866581491)
(-79425.1437165294,-807.472774292131,1735.54233478821)
(-79110.9989527079,1519.47112040121,2558.30834827842)
(-78437.4326279275,7663.61848050503,3630.77464724323)
(-78144.5621724066,25450.7479513358,1860.2156793021)
(-80576.2823956363,89398.2858996694,-35773.610407114)
(-70528.1944083963,51619.3469126829,-57384.8361077433)
(-53093.1613692399,28825.4414148561,-73050.2041573998)
(-28642.6078604211,11957.9414704432,-81548.9906971501)
(0,0,0)
(0,0,0)
(0,0,0)
(0,0,0)
(0,0,0)
(0,0,0)
(-79726.3981532706,-5044.0092025367,867.601868011956)
(-79732.4045235561,-4783.47904000649,2007.40585831377)
(-79539.3379621758,-3992.73278339325,4038.82919640448)
(-78937.0190175941,-1970.58238982467,8645.75424714753)
(-78123.0444234175,2430.88619097971,21369.2922936779)
(-81031.1048382073,9379.27738284807,65733.8130481528)
(-119302.763112846,62.3182674954547,-73642.7183786773)
(-89331.1934163096,73864.5591372438,-80250.044202537)
(-63714.0636121255,39047.0232190789,-90016.4642936538)
(-32795.704072468,14122.7529870025,-93645.326255815)
(0,0,0)
(0,0,0)
(0,0,0)
(0,0,0)
(0,0,0)
(0,0,0)
(-79304.3432606876,-10532.1932582003,1125.39609153444)
(-79242.9696451841,-10383.3374625776,2800.58301972378)
(-78899.1983187649,-9866.65329745371,6038.11418709436)
(-77754.9188649763,-8533.37342111123,13026.6532661806)
(-74292.8831184465,-5838.82124295971,28259.9947197476)
(-61890.6049121136,-1786.75269518632,56318.7404151927)
(-2.69092873890853e-05,1.66625224202046e-05,2.2776214773185e-05)
(-118243.289769416,189.862638018329,-115190.020948746)
(-82251.4150764675,6127.20422506144,-115070.342371757)
(-38958.6171175788,3118.36551102967,-107918.752421231)
(0,0,0)
(0,0,0)
(0,0,0)
(0,0,0)
(0,0,0)
(0,0,0)
(-77246.5660120041,-19107.3547225037,1331.98399618805)
(-77169.3137361198,-19101.7343692393,3386.65071832564)
(-76807.7476900341,-18953.8445481209,7384.38114478254)
(-75595.5208020459,-18364.8654616137,15702.294226419)
(-71820.9021523924,-16788.4200158964,32275.1245792124)
(-58278.3287427109,-12435.069299839,58172.6743400639)
(-2.03456753009312e-05,2.51126136702241e-05,1.64673742009087e-05)
(-111540.873452903,64.9903700367332,-109479.634513723)
(-83834.1606445664,-10491.1240245716,-118332.832388453)
(-40225.0728852852,-6927.24180274237,-111281.162597138)
(0,0,0)
(0,0,0)
(0,0,0)
(0,0,0)
(0,0,0)
(0,0,0)
(-72388.2750064979,-31027.7246707842,1420.25496208355)
(-72347.1721163742,-31208.3049418869,3648.32527995618)
(-72124.6958860647,-31548.3849534953,8019.06818503948)
(-71433.2351002981,-32094.5307314687,17284.7893918775)
(-69220.9429819122,-32830.6955776831,36622.3875863546)
(-59430.4211309724,-31226.6271776362,70585.0031299888)
(-2.56605949482753e-05,3.0127816159222e-05,2.17617243504553e-05)
(-123085.88050954,-88672.5340983306,-120274.943873856)
(-83133.4968292017,-52916.5690200401,-115023.237335439)
(-38474.5303518819,-22138.2089304211,-104564.959195254)
(0,0,0)
(0,0,0)
(0,0,0)
(0,0,0)
(0,0,0)
(0,0,0)
(-63027.3452812084,-45428.501675003,1322.03137073723)
(-63051.00420781,-45823.8197617259,3407.44928931433)
(-63097.8936600699,-46730.2354696928,7550.57345074837)
(-63463.7678338947,-48713.3744837446,16618.9497920098)
(-65478.1295149876,-53598.5629280235,38289.6926220091)
(-76263.9160982692,-68741.2912489159,101843.016634048)
(-138194.815779517,-135692.578927027,-88874.5732941568)
(-92804.6013548191,-88901.8136126114,-84763.9647512626)
(-60918.3713998737,-55870.0203549269,-84476.0190223886)
(-29890.6139646995,-26245.5629915393,-82626.5429503372)
(0,0,0)
(0,0,0)
(0,0,0)
(0,0,0)
(0,0,0)
(0,0,0)
(-47735.4312342222,-59611.3117462681,1042.66795852023)
(-47796.1091171855,-60160.0434694652,2628.49323354618)
(-47983.9439667801,-61512.0424080678,5680.99112995111)
(-48746.7067901243,-64437.9436678634,11820.5487667699)
(-51558.3787961973,-70819.3104608061,23143.3190561951)
(-60786.507689761,-85018.5682280233,34741.3663023605)
(-83061.124862044,-111567.177578178,-42312.045000321)
(-61073.1006266002,-84750.9313007051,-51965.398457216)
(-40651.1627516933,-56221.2576608984,-55069.5424221282)
(-20580.1781031026,-28003.9452464797,-56593.8132134884)
(0,0,0)
(0,0,0)
(0,0,0)
(0,0,0)
(0,0,0)
(0,0,0)
(-26105.6540563137,-68958.1079954302,587.302559387791)
(-26152.1089455146,-69573.005158877,1427.30370407072)
(-26292.536838336,-71076.949387308,2920.85048850375)
(-26768.9035785391,-74101.8958445889,5520.74109487262)
(-28199.4348709862,-79646.0692903318,8881.49693943239)
(-31699.8310098443,-88471.0590893145,8029.41702348991)
(-36718.2497344451,-96381.8284489214,-15727.3181865583)
(-29585.3485452889,-80422.0283894286,-23704.9113608558)
(-20526.1395952791,-56409.5712541127,-27082.3860444746)
(-10648.6723445387,-29080.9526879435,-28819.3565818)
(0,0,0)
(0,0,0)
(0,0,0)
(0,0,0)
(0,0,0)
(0,0,0)
(0,0,0)
(0,0,0)
(0,0,0)
(0,0,0)
(0,0,0)
(0,0,0)
(0,0,0)
(0,0,0)
(0,0,0)
(0,0,0)
(0,0,0)
(0,0,0)
(0,0,0)
(0,0,0)
(0,0,0)
(0,0,0)
(0,0,0)
(0,0,0)
(0,0,0)
(0,0,0)
(0,0,0)
(0,0,0)
(0,0,0)
(0,0,0)
(0,0,0)
(0,0,0)
(0,0,0)
(0,0,0)
(0,0,0)
(0,0,0)
(0,0,0)
(0,0,0)
(0,0,0)
(0,0,0)
(0,0,0)
(0,0,0)
(0,0,0)
(0,0,0)
(0,0,0)
(0,0,0)
(0,0,0)
(0,0,0)
(0,0,0)
(0,0,0)
(0,0,0)
(0,0,0)
(0,0,0)
(0,0,0)
(0,0,0)
(0,0,0)
(0,0,0)
(0,0,0)
(0,0,0)
(0,0,0)
(0,0,0)
(0,0,0)
(0,0,0)
(0,0,0)
(0,0,0)
(0,0,0)
(0,0,0)
(0,0,0)
(0,0,0)
(0,0,0)
(0,0,0)
(0,0,0)
(0,0,0)
(0,0,0)
(0,0,0)
(0,0,0)
(0,0,0)
(0,0,0)
(0,0,0)
(0,0,0)
(0,0,0)
(0,0,0)
(0,0,0)
(0,0,0)
(0,0,0)
(0,0,0)
(0,0,0)
(0,0,0)
(0,0,0)
(0,0,0)
(0,0,0)
(0,0,0)
(0,0,0)
(0,0,0)
(0,0,0)
(0,0,0)
(0,0,0)
(0,0,0)
(0,0,0)
(0,0,0)
(0,0,0)
(0,0,0)
(-78514.2165757928,-172.812652709419,73.7505839338831)
(-78605.9761562618,-36.7022300146254,-16.6043386125527)
(-78673.7855678246,344.246867594871,-563.636611000124)
(-78444.8336656957,1165.13164688916,-2070.72944251392)
(-77531.5274123618,2739.45554452699,-5340.61394644408)
(-75078.9998618459,5231.55035997289,-11534.1098267814)
(-69767.1780634554,7746.5326413,-21177.0333568482)
(-59521.7760610477,7020.91595842406,-31495.9636662567)
(-43844.8423383516,4804.02503613738,-40271.0889239579)
(-23387.0128541044,2346.766717478,-45426.0743043286)
(0,0,0)
(0,0,0)
(0,0,0)
(0,0,0)
(0,0,0)
(0,0,0)
(-78651.7877672223,-668.015777365605,225.618294860546)
(-78769.5841976147,-418.218664784445,368.697928642373)
(-78978.979452339,306.01136787696,288.220483577388)
(-79095.412390074,2049.55903799074,-441.939230395822)
(-78854.7768130829,5738.39404543375,-2793.57541522855)
(-77585.8453373395,12532.2727028158,-9025.01674074242)
(-73581.4144714178,21081.5333702852,-21907.9065469896)
(-62903.6763250778,17280.4778891566,-33648.0171950756)
(-46135.750431185,10973.2435870913,-42690.0694128941)
(-24512.1344385572,5105.84422895098,-47742.7795115501)
(0,0,0)
(0,0,0)
(0,0,0)
(0,0,0)
(0,0,0)
(0,0,0)
(-78647.789077446,-1923.45554932936,513.804879139454)
(-78905.869063318,-1588.18231131018,1137.19539947954)
(-79406.9944086445,-601.097586066325,2026.15504553734)
(-80221.3859928061,1956.36616846924,3229.73495515672)
(-81598.8958766461,8154.81093246077,3974.78131684755)
(-83815.1282988763,22704.5497134345,-526.929567300387)
(-84991.6883178546,50729.6743492522,-25759.6646240476)
(-71870.1621887888,32840.4442931205,-39977.6632476272)
(-51704.6027849166,18216.7549974663,-48609.7332423198)
(-27053.0973283758,7825.77793652874,-52919.1774819426)
(0,0,0)
(0,0,0)
(0,0,0)
(0,0,0)
(0,0,0)
(0,0,0)
(-78181.2890194918,-4350.38889157374,881.824208466519)
(-78599.6129877959,-4019.19785813219,2180.0482195282)
(-79489.2722769309,-3058.16693671688,4587.05188493277)
(-81337.571931163,-475.884554973835,9419.85552195004)
(-85557.9432522633,6512.53451554927,18497.0307677084)
(-95959.8709593801,28682.2429723913,27448.1036299233)
(-116879.029171127,119469.464699045,-43715.4206615807)
(-90613.9576096252,45086.4531609949,-54678.6653361342)
(-61661.4894448818,20588.3195382003,-59102.8040441122)
(-31226.3156911516,7997.70803730768,-60844.1225262099)
(0,0,0)
(0,0,0)
(0,0,0)
(0,0,0)
(0,0,0)
(0,0,0)
(-76563.1937091399,-8305.50078145763,1213.96233833561)
(-77106.9113492509,-8113.64635247098,3172.35253674167)
(-78388.6493464215,-7571.85245114777,7175.48907883188)
(-81294.9185012209,-6191.22138157145,16430.8255416738)
(-88794.265721728,-3202.63940666467,40647.3820671711)
(-112722.45128244,2012.0740705395,118149.397339354)
(-207950.253053651,539.873598728456,-118221.992332631)
(-119190.966577939,7123.10657351133,-79310.9689366217)
(-73820.6142426914,4667.14913075382,-71820.5993629522)
(-35747.0719300886,1913.63400623245,-68948.0705193711)
(0,0,0)
(0,0,0)
(0,0,0)
(0,0,0)
(0,0,0)
(0,0,0)
(-72963.1779756569,-14021.2030305162,1432.31421271448)
(-73596.612408164,-14040.8713362922,3786.83786858127)
(-75122.1122114745,-14073.1034838824,8602.45342275611)
(-78576.1951231847,-14051.1026170279,19443.0089793495)
(-87368.1653861172,-14067.690312901,45855.3231193079)
(-113549.530129327,-13517.2260250805,116655.824601551)
(-204408.538627602,-124.305580486254,-111709.872339522)
(-122770.748891,-11437.5821386857,-81919.3081892216)
(-76574.8868911449,-9740.15051557318,-74771.2822963116)
(-36909.5427589797,-5147.07331896508,-71026.1050974141)
(0,0,0)
(0,0,0)
(0,0,0)
(0,0,0)
(0,0,0)
(0,0,0)
(-66424.6999569836,-21465.3350646887,1480.55698465789)
(-67069.5876605707,-21718.4667158443,3880.56790840859)
(-68640.0192105382,-22373.3473020724,8696.13505107328)
(-72228.5532077773,-23995.5895255273,19435.9400670545)
(-81307.9847525599,-28946.7826308591,46402.0741556588)
(-108657.681173141,-47896.7253425812,130008.833515333)
(-212637.185877064,-137966.162948382,-123084.321481588)
(-118979.176623778,-58270.7355950722,-80357.8719109729)
(-72220.4676160337,-30645.4784968616,-70365.5731428491)
(-34446.5733886746,-13521.1220137188,-66019.4814113037)
(0,0,0)
(0,0,0)
(0,0,0)
(0,0,0)
(0,0,0)
(0,0,0)
(-55934.9294806872,-29866.5127206414,1308.76185543199)
(-56511.465823988,-30317.2314123417,3367.98816810665)
(-57885.1755399436,-31415.6450865369,7197.56783244637)
(-60969.4719004408,-33837.6157534475,14545.2981269117)
(-67892.2931376283,-39475.4383408323,27488.1174595236)
(-83522.4169913705,-53034.3327306648,39884.2257407108)
(-112471.312394404,-80318.5555621925,-43486.8850305912)
(-84685.3152985339,-57013.1764773457,-52863.7302046071)
(-55471.9894073471,-35537.5596301993,-53418.0310637994)
(-27296.5945283936,-16899.1984108089,-52633.9741030064)
(0,0,0)
(0,0,0)
(0,0,0)
(0,0,0)
(0,0,0)
(0,0,0)
(-40981.6326734851,-37610.276555957,989.965274580719)
(-41417.7203450962,-38146.5879449865,2440.9330351364)
(-42392.3553846448,-39475.545135768,4909.2445022312)
(-44532.9330435382,-42114.7407169639,8972.5957191603)
(-48903.4249593995,-47084.149913664,13926.3534551927)
(-56779.4904198437,-55586.6425599144,12471.6460145235)
(-65653.3633074344,-64933.6617534268,-20321.0093488545)
(-53824.585658193,-53055.7947344203,-31526.9060601844)
(-36822.5464265551,-35955.2732118196,-34937.8088036974)
(-18564.1983002815,-17976.0215689177,-35876.9654484107)
(0,0,0)
(0,0,0)
(0,0,0)
(0,0,0)
(0,0,0)
(0,0,0)
(-21824.8392391462,-42447.3654167799,556.274043655652)
(-22050.1699633424,-42984.5287565151,1292.27587301092)
(-22547.850419355,-44362.2151410064,2434.25945926957)
(-23612.1476916162,-46913.0654622369,4075.82831761776)
(-25585.5281274177,-51011.9692847508,5389.74094513392)
(-28569.703545085,-56351.0276504291,3023.9985708882)
(-30759.2396581336,-59293.3931252788,-8575.28013357112)
(-26048.8201550625,-50553.1466279803,-14614.4566302364)
(-18294.1344844025,-35666.0741331217,-17135.6608198116)
(-9372.32227299883,-18309.5317234511,-18078.5007368175)
(0,0,0)
(0,0,0)
(0,0,0)
(0,0,0)
(0,0,0)
(0,0,0)
(0,0,0)
(0,0,0)
(0,0,0)
(0,0,0)
(0,0,0)
(0,0,0)
(0,0,0)
(0,0,0)
(0,0,0)
(0,0,0)
(0,0,0)
(0,0,0)
(0,0,0)
(0,0,0)
(0,0,0)
(0,0,0)
(0,0,0)
(0,0,0)
(0,0,0)
(0,0,0)
(0,0,0)
(0,0,0)
(0,0,0)
(0,0,0)
(0,0,0)
(0,0,0)
(0,0,0)
(0,0,0)
(0,0,0)
(0,0,0)
(0,0,0)
(0,0,0)
(0,0,0)
(0,0,0)
(0,0,0)
(0,0,0)
(0,0,0)
(0,0,0)
(0,0,0)
(0,0,0)
(0,0,0)
(0,0,0)
(0,0,0)
(0,0,0)
(0,0,0)
(0,0,0)
(0,0,0)
(0,0,0)
(0,0,0)
(0,0,0)
(0,0,0)
(0,0,0)
(0,0,0)
(0,0,0)
(0,0,0)
(0,0,0)
(0,0,0)
(0,0,0)
(0,0,0)
(0,0,0)
(0,0,0)
(0,0,0)
(0,0,0)
(0,0,0)
(0,0,0)
(0,0,0)
(0,0,0)
(0,0,0)
(0,0,0)
(0,0,0)
(0,0,0)
(0,0,0)
(0,0,0)
(0,0,0)
(0,0,0)
(0,0,0)
(0,0,0)
(0,0,0)
(0,0,0)
(0,0,0)
(0,0,0)
(0,0,0)
(0,0,0)
(0,0,0)
(0,0,0)
(0,0,0)
(0,0,0)
(0,0,0)
(0,0,0)
(0,0,0)
(0,0,0)
(0,0,0)
(0,0,0)
(0,0,0)
(0,0,0)
(0,0,0)
(-78373.2175456696,-131.94433550441,-9.05469461904006)
(-78511.3276238345,-39.6982700054204,-64.0049570396413)
(-78630.0861726447,200.169808362844,-307.874160581589)
(-78397.343367518,696.457551939832,-1051.82201069931)
(-77443.9233684149,1601.94869649577,-2741.37475113926)
(-74727.0329706627,2891.14470864384,-5984.48635096566)
(-68922.0538763266,4009.80141787858,-10839.4119559759)
(-58175.6358576656,3651.83379329728,-15837.3859526541)
(-42310.2884573144,2508.08919012399,-19880.0290238148)
(-22340.3772478951,1241.35496344135,-22168.0195934676)
(0,0,0)
(0,0,0)
(0,0,0)
(0,0,0)
(0,0,0)
(0,0,0)
(-78443.997052464,-446.234921403422,106.499871139525)
(-78624.4744745883,-279.75160558701,201.443483693405)
(-78970.8581741166,178.844301314437,214.647712521148)
(-79281.7724520305,1219.47522416222,-122.00989774704)
(-79222.3787475688,3258.43429060712,-1410.89355737133)
(-77794.4523607959,6541.60782442514,-4852.74964969573)
(-73046.6277741198,9819.54435420168,-11197.2792833175)
(-61885.3151601244,8387.00288694329,-16950.8095419142)
(-44869.3041328268,5445.30037771705,-21154.467027861)
(-23615.8979352961,2585.98606355817,-23395.3346312356)
(0,0,0)
(0,0,0)
(0,0,0)
(0,0,0)
(0,0,0)
(0,0,0)
(-78267.6886720013,-1147.14116867495,320.805841828213)
(-78651.7098083413,-926.874866851169,713.76984811733)
(-79467.177932445,-307.062114602008,1259.85978783485)
(-80829.2712204301,1191.83786612906,1895.38237349393)
(-82766.1686649297,4473.58810071442,1847.50135167349)
(-84612.3786379882,10787.1863346491,-1600.82681943804)
(-83090.6556623753,18985.5715644789,-12667.886685194)
(-70412.80520306,14176.8434818492,-19915.0842658271)
(-50409.1001883634,8322.54692764715,-24087.8334123151)
(-26218.8137746243,3708.79070915661,-26044.9216116631)
(0,0,0)
(0,0,0)
(0,0,0)
(0,0,0)
(0,0,0)
(0,0,0)
(-77429.7638545588,-2448.43684110824,549.770507500328)
(-78096.4434368507,-2240.31959539403,1360.04568509586)
(-79565.7869207641,-1642.48576467751,2771.98397900642)
(-82437.1391165271,-113.868855322656,5177.25788582085)
(-87604.4469136869,3562.63976183339,8134.70988612793)
(-95740.6332511779,12145.6840094957,6556.97450307788)
(-102375.303637656,28578.4575155243,-17539.6369814411)
(-84811.4177087905,16667.602951372,-25832.9363517988)
(-58890.1175624231,8512.96678663662,-28794.7280932492)
(-30002.7415730267,3514.44167515806,-29823.9531773737)
(0,0,0)
(0,0,0)
(0,0,0)
(0,0,0)
(0,0,0)
(0,0,0)
(-75266.0997016318,-4502.11219073832,756.581342121914)
(-76177.6013870339,-4384.35505769845,1971.30684220832)
(-78299.0299488044,-4059.00373177078,4298.20541168387)
(-82702.44168616,-3257.04509803834,8848.90483933746)
(-91518.2229902259,-1564.6941434454,16700.1960131132)
(-108216.618452952,1399.27423041676,22940.7729627021)
(-131251.257290259,4340.43596063529,-29520.2012458077)
(-101744.367135375,3771.69049402798,-34070.8882310217)
(-67565.2033900796,2073.24853545852,-33886.5808324602)
(-33560.524001833,827.564334454896,-33386.2514200104)
(0,0,0)
(0,0,0)
(0,0,0)
(0,0,0)
(0,0,0)
(0,0,0)
(-71011.9040719362,-7337.40613925896,884.020044796755)
(-72055.9069534543,-7366.69264596748,2325.65217835511)
(-74541.6116321475,-7431.8489027288,5117.9967699852)
(-79714.4739858433,-7548.37939729177,10547.6099318966)
(-90208.3847372288,-7851.8138653599,19674.949004925)
(-109866.807925278,-8488.23962351108,25879.7406547996)
(-135826.00958164,-8252.71708205067,-30109.6353484633)
(-105752.059302785,-7515.63797232766,-35840.9964703203)
(-69821.8974812999,-5275.05239019128,-35245.68495452)
(-34431.9309233433,-2634.16829971376,-34261.5641559909)
(0,0,0)
(0,0,0)
(0,0,0)
(0,0,0)
(0,0,0)
(0,0,0)
(-63757.5408984863,-10922.3124327838,917.74723502771)
(-64774.9253611875,-11091.7643072111,2348.15659688858)
(-67239.5101908756,-11544.8777518462,5060.67642634091)
(-72346.3849004761,-12632.1425220832,10262.2712438328)
(-82558.6043098144,-15397.454861299,19058.531797026)
(-101572.686398654,-22608.8485861,26094.145985124)
(-127716.848756095,-37666.9307983693,-29411.977419507)
(-98369.6412895064,-23873.096778389,-33664.0539477225)
(-64641.583228948,-13815.9736869113,-32702.0170380851)
(-31790.2138310052,-6335.60697442352,-31656.9379210451)
(0,0,0)
(0,0,0)
(0,0,0)
(0,0,0)
(0,0,0)
(0,0,0)
(-52843.6524000541,-14807.2549255001,793.665412083402)
(-53710.6632643961,-15082.0358686681,1983.1344139484)
(-55739.2691550778,-15774.5340673661,4066.88434460284)
(-59831.8885083274,-17242.3381287183,7539.49655912551)
(-67338.4726793565,-20274.8798215507,11863.1010611069)
(-79165.4355553993,-26068.6669483028,10965.9379873361)
(-90180.8482406749,-33304.9867985448,-15686.4701662137)
(-74567.9945849599,-26004.2473311983,-23672.6403269717)
(-50859.8482994295,-16790.4605067165,-25310.2946150878)
(-25449.6430723736,-8123.15522331711,-25369.6978222136)
(0,0,0)
(0,0,0)
(0,0,0)
(0,0,0)
(0,0,0)
(0,0,0)
(-38145.3476638267,-18233.2085157344,589.668580574505)
(-38754.768494332,-18554.2852678872,1398.9661290296)
(-40101.079907641,-19355.584518361,2688.74110302053)
(-42785.0738269451,-20838.1957156146,4536.73947332356)
(-47330.041237087,-23367.0837995849,6055.55972904468)
(-53390.3186810996,-27033.5508046828,3631.27184667903)
(-57095.0282335483,-29769.8484687966,-8462.20155695704)
(-48696.9287282792,-25078.0432308916,-14516.0625871798)
(-34138.6773233965,-17297.7047691343,-16692.687427923)
(-17366.9827897723,-8720.80816183634,-17292.2499999135)
(0,0,0)
(0,0,0)
(0,0,0)
(0,0,0)
(0,0,0)
(0,0,0)
(-20088.0377427203,-20302.9509974847,332.940985323761)
(-20377.2580837953,-20627.4494796913,733.193317581174)
(-21037.7634206321,-21444.5922575801,1312.11405807721)
(-22350.6937304904,-22833.9608045011,2046.42518583816)
(-24394.6917527118,-24899.3231795849,2387.82819113232)
(-26773.9932540299,-27295.0832952534,853.650390649477)
(-27689.1797107628,-28147.7817378987,-3838.47628761936)
(-23896.5231387787,-24226.3683921184,-6842.44814267718)
(-17017.6841430549,-17211.4353754986,-8205.16787765979)
(-8743.23423433256,-8867.1335317876,-8687.93054637502)
(0,0,0)
(0,0,0)
(0,0,0)
(0,0,0)
(0,0,0)
(0,0,0)
(0,0,0)
(0,0,0)
(0,0,0)
(0,0,0)
(0,0,0)
(0,0,0)
(0,0,0)
(0,0,0)
(0,0,0)
(0,0,0)
(0,0,0)
(0,0,0)
(0,0,0)
(0,0,0)
(0,0,0)
(0,0,0)
(0,0,0)
(0,0,0)
(0,0,0)
(0,0,0)
(0,0,0)
(0,0,0)
(0,0,0)
(0,0,0)
(0,0,0)
(0,0,0)
(0,0,0)
(0,0,0)
(0,0,0)
(0,0,0)
(0,0,0)
(0,0,0)
(0,0,0)
(0,0,0)
(0,0,0)
(0,0,0)
(0,0,0)
(0,0,0)
(0,0,0)
(0,0,0)
(0,0,0)
(0,0,0)
(0,0,0)
(0,0,0)
(0,0,0)
(0,0,0)
(0,0,0)
(0,0,0)
(0,0,0)
(0,0,0)
(0,0,0)
(0,0,0)
(0,0,0)
(0,0,0)
(0,0,0)
(0,0,0)
(0,0,0)
(0,0,0)
(0,0,0)
(0,0,0)
(0,0,0)
(0,0,0)
(0,0,0)
(0,0,0)
(0,0,0)
(0,0,0)
(0,0,0)
(0,0,0)
(0,0,0)
(0,0,0)
(0,0,0)
(0,0,0)
(0,0,0)
(0,0,0)
(0,0,0)
(0,0,0)
(0,0,0)
(0,0,0)
(0,0,0)
(0,0,0)
(0,0,0)
(0,0,0)
(0,0,0)
(0,0,0)
(0,0,0)
(0,0,0)
(0,0,0)
(0,0,0)
(0,0,0)
(0,0,0)
(0,0,0)
(0,0,0)
(0,0,0)
(0,0,0)
(0,0,0)
(0,0,0)
(0,0,0)
(0,0,0)
(0,0,0)
(0,0,0)
(0,0,0)
(0,0,0)
(0,0,0)
(0,0,0)
(0,0,0)
(0,0,0)
(0,0,0)
(0,0,0)
(0,0,0)
(0,0,0)
(0,0,0)
(0,0,0)
(0,0,0)
(0,0,0)
(0,0,0)
(0,0,0)
(0,0,0)
(0,0,0)
(0,0,0)
(0,0,0)
(0,0,0)
(0,0,0)
(0,0,0)
(0,0,0)
(0,0,0)
(0,0,0)
(0,0,0)
(0,0,0)
(0,0,0)
(0,0,0)
(0,0,0)
(0,0,0)
(0,0,0)
(0,0,0)
(0,0,0)
(0,0,0)
(0,0,0)
(0,0,0)
(0,0,0)
(0,0,0)
(0,0,0)
(0,0,0)
(0,0,0)
(0,0,0)
(0,0,0)
(0,0,0)
(0,0,0)
(0,0,0)
(0,0,0)
(0,0,0)
(0,0,0)
(0,0,0)
(0,0,0)
(0,0,0)
(0,0,0)
(0,0,0)
(0,0,0)
(0,0,0)
(0,0,0)
(0,0,0)
(0,0,0)
(0,0,0)
(0,0,0)
(0,0,0)
(0,0,0)
(0,0,0)
(0,0,0)
(0,0,0)
(0,0,0)
(0,0,0)
(0,0,0)
(0,0,0)
(0,0,0)
(0,0,0)
(0,0,0)
(0,0,0)
(0,0,0)
(0,0,0)
(0,0,0)
(0,0,0)
(0,0,0)
(0,0,0)
(0,0,0)
(0,0,0)
(0,0,0)
(0,0,0)
(0,0,0)
(0,0,0)
(0,0,0)
(0,0,0)
(0,0,0)
(0,0,0)
(0,0,0)
(0,0,0)
(0,0,0)
(0,0,0)
(0,0,0)
(0,0,0)
(0,0,0)
(0,0,0)
(0,0,0)
(0,0,0)
(0,0,0)
(0,0,0)
(0,0,0)
(0,0,0)
(0,0,0)
(0,0,0)
(0,0,0)
(0,0,0)
(0,0,0)
(0,0,0)
(0,0,0)
(0,0,0)
(0,0,0)
(0,0,0)
(0,0,0)
(0,0,0)
(0,0,0)
(0,0,0)
(0,0,0)
(0,0,0)
(0,0,0)
(0,0,0)
(0,0,0)
(0,0,0)
(0,0,0)
(0,0,0)
(0,0,0)
(0,0,0)
(0,0,0)
(0,0,0)
(0,0,0)
(0,0,0)
(0,0,0)
(0,0,0)
(0,0,0)
(0,0,0)
(0,0,0)
(0,0,0)
(0,0,0)
(0,0,0)
(0,0,0)
(0,0,0)
(0,0,0)
(0,0,0)
(0,0,0)
(0,0,0)
(0,0,0)
(0,0,0)
(0,0,0)
(0,0,0)
(0,0,0)
(0,0,0)
(0,0,0)
(0,0,0)
(0,0,0)
(0,0,0)
(0,0,0)
(0,0,0)
(0,0,0)
(0,0,0)
(0,0,0)
(0,0,0)
(0,0,0)
(0,0,0)
(0,0,0)
(0,0,0)
(0,0,0)
(0,0,0)
(0,0,0)
(0,0,0)
(0,0,0)
(0,0,0)
(0,0,0)
(0,0,0)
(0,0,0)
(0,0,0)
(0,0,0)
(0,0,0)
(0,0,0)
(0,0,0)
(0,0,0)
(0,0,0)
(0,0,0)
(0,0,0)
(0,0,0)
(0,0,0)
(0,0,0)
(0,0,0)
(0,0,0)
(0,0,0)
(0,0,0)
(0,0,0)
(0,0,0)
(0,0,0)
(0,0,0)
(0,0,0)
(0,0,0)
(0,0,0)
(0,0,0)
(0,0,0)
(0,0,0)
(0,0,0)
(0,0,0)
(0,0,0)
(0,0,0)
(0,0,0)
(0,0,0)
(0,0,0)
(0,0,0)
(0,0,0)
(0,0,0)
(0,0,0)
(0,0,0)
(0,0,0)
(0,0,0)
(0,0,0)
(0,0,0)
(0,0,0)
(0,0,0)
(0,0,0)
(0,0,0)
(0,0,0)
(0,0,0)
(0,0,0)
(0,0,0)
(0,0,0)
(0,0,0)
(0,0,0)
(0,0,0)
(0,0,0)
(0,0,0)
(0,0,0)
(0,0,0)
(0,0,0)
(0,0,0)
(0,0,0)
(0,0,0)
(0,0,0)
(0,0,0)
(0,0,0)
(0,0,0)
(0,0,0)
(0,0,0)
(0,0,0)
(0,0,0)
(0,0,0)
(0,0,0)
(0,0,0)
(0,0,0)
(0,0,0)
(0,0,0)
(0,0,0)
(0,0,0)
(0,0,0)
(0,0,0)
(0,0,0)
(0,0,0)
(0,0,0)
(0,0,0)
(0,0,0)
(0,0,0)
(0,0,0)
(0,0,0)
(0,0,0)
(0,0,0)
(0,0,0)
(0,0,0)
(0,0,0)
(0,0,0)
(0,0,0)
(0,0,0)
(0,0,0)
(0,0,0)
(0,0,0)
(0,0,0)
(0,0,0)
(0,0,0)
(0,0,0)
(0,0,0)
(0,0,0)
(0,0,0)
(0,0,0)
(0,0,0)
(0,0,0)
(0,0,0)
(0,0,0)
(0,0,0)
(0,0,0)
(0,0,0)
(0,0,0)
(0,0,0)
(0,0,0)
(0,0,0)
(0,0,0)
(0,0,0)
(0,0,0)
(0,0,0)
(0,0,0)
(0,0,0)
(0,0,0)
(0,0,0)
(0,0,0)
(0,0,0)
(0,0,0)
(0,0,0)
(0,0,0)
(0,0,0)
(0,0,0)
(0,0,0)
(0,0,0)
(0,0,0)
(0,0,0)
(0,0,0)
(0,0,0)
(0,0,0)
(0,0,0)
(0,0,0)
(0,0,0)
(0,0,0)
(0,0,0)
(0,0,0)
(0,0,0)
(0,0,0)
(0,0,0)
(0,0,0)
(0,0,0)
(0,0,0)
(0,0,0)
(0,0,0)
(0,0,0)
(0,0,0)
(0,0,0)
(0,0,0)
(0,0,0)
(0,0,0)
(0,0,0)
(0,0,0)
(0,0,0)
(0,0,0)
(0,0,0)
(0,0,0)
(0,0,0)
(0,0,0)
(0,0,0)
(0,0,0)
(0,0,0)
(0,0,0)
(0,0,0)
(0,0,0)
(0,0,0)
(0,0,0)
(0,0,0)
(0,0,0)
(0,0,0)
(0,0,0)
(0,0,0)
(0,0,0)
(0,0,0)
(0,0,0)
(0,0,0)
(0,0,0)
(0,0,0)
(0,0,0)
(0,0,0)
(0,0,0)
(0,0,0)
(0,0,0)
(0,0,0)
(0,0,0)
(0,0,0)
(0,0,0)
(0,0,0)
(0,0,0)
(0,0,0)
(0,0,0)
(0,0,0)
(0,0,0)
(0,0,0)
(0,0,0)
(0,0,0)
(0,0,0)
(0,0,0)
(0,0,0)
(0,0,0)
(0,0,0)
(0,0,0)
(0,0,0)
(0,0,0)
(0,0,0)
(0,0,0)
(0,0,0)
(0,0,0)
(0,0,0)
(0,0,0)
(0,0,0)
(0,0,0)
(0,0,0)
(0,0,0)
(0,0,0)
(0,0,0)
(0,0,0)
(0,0,0)
(0,0,0)
(0,0,0)
(0,0,0)
(0,0,0)
(0,0,0)
(0,0,0)
(0,0,0)
(0,0,0)
(0,0,0)
(0,0,0)
(0,0,0)
(0,0,0)
(0,0,0)
(0,0,0)
(0,0,0)
(0,0,0)
(0,0,0)
(0,0,0)
(0,0,0)
(0,0,0)
(0,0,0)
(0,0,0)
(0,0,0)
(0,0,0)
(0,0,0)
(0,0,0)
(0,0,0)
(0,0,0)
(0,0,0)
(0,0,0)
(0,0,0)
(0,0,0)
(0,0,0)
(0,0,0)
(0,0,0)
(0,0,0)
(0,0,0)
(0,0,0)
(0,0,0)
(0,0,0)
(0,0,0)
(0,0,0)
(0,0,0)
(0,0,0)
(0,0,0)
(0,0,0)
(0,0,0)
(0,0,0)
(0,0,0)
(0,0,0)
(0,0,0)
(0,0,0)
(0,0,0)
(0,0,0)
(0,0,0)
(0,0,0)
(0,0,0)
(0,0,0)
(0,0,0)
(0,0,0)
(0,0,0)
(0,0,0)
(0,0,0)
(0,0,0)
(0,0,0)
(0,0,0)
(0,0,0)
(0,0,0)
(0,0,0)
(0,0,0)
(0,0,0)
(0,0,0)
(0,0,0)
(0,0,0)
(0,0,0)
(0,0,0)
(0,0,0)
(0,0,0)
(0,0,0)
(0,0,0)
(0,0,0)
(0,0,0)
(0,0,0)
(0,0,0)
(0,0,0)
(0,0,0)
(0,0,0)
(0,0,0)
(0,0,0)
(0,0,0)
(0,0,0)
(0,0,0)
(0,0,0)
(0,0,0)
(0,0,0)
(0,0,0)
(0,0,0)
(0,0,0)
(0,0,0)
(0,0,0)
(0,0,0)
(0,0,0)
(0,0,0)
(0,0,0)
(0,0,0)
(0,0,0)
(0,0,0)
(0,0,0)
(0,0,0)
(0,0,0)
(0,0,0)
(0,0,0)
(0,0,0)
(0,0,0)
(0,0,0)
(0,0,0)
(0,0,0)
(0,0,0)
(0,0,0)
(0,0,0)
(0,0,0)
(0,0,0)
(0,0,0)
(0,0,0)
(0,0,0)
(0,0,0)
(0,0,0)
(0,0,0)
(0,0,0)
(0,0,0)
(0,0,0)
(0,0,0)
(0,0,0)
(0,0,0)
(0,0,0)
(0,0,0)
(0,0,0)
(0,0,0)
(0,0,0)
(0,0,0)
(0,0,0)
(0,0,0)
(0,0,0)
(0,0,0)
(0,0,0)
(0,0,0)
(0,0,0)
(0,0,0)
(0,0,0)
(0,0,0)
(0,0,0)
(0,0,0)
(0,0,0)
(0,0,0)
(0,0,0)
(0,0,0)
(0,0,0)
(0,0,0)
(0,0,0)
(0,0,0)
(0,0,0)
(0,0,0)
(0,0,0)
(0,0,0)
(0,0,0)
(0,0,0)
(0,0,0)
(0,0,0)
(0,0,0)
(0,0,0)
(0,0,0)
(0,0,0)
(0,0,0)
(0,0,0)
(0,0,0)
(0,0,0)
(0,0,0)
(0,0,0)
(0,0,0)
(0,0,0)
(0,0,0)
(0,0,0)
(0,0,0)
(0,0,0)
(0,0,0)
(0,0,0)
(0,0,0)
(0,0,0)
(0,0,0)
(0,0,0)
(0,0,0)
(0,0,0)
(0,0,0)
(0,0,0)
(0,0,0)
(0,0,0)
(0,0,0)
(0,0,0)
(0,0,0)
(0,0,0)
(0,0,0)
(0,0,0)
(0,0,0)
(0,0,0)
(0,0,0)
(0,0,0)
(0,0,0)
(0,0,0)
(0,0,0)
(0,0,0)
(0,0,0)
(0,0,0)
(0,0,0)
(0,0,0)
(0,0,0)
(0,0,0)
(0,0,0)
(0,0,0)
(0,0,0)
(0,0,0)
(0,0,0)
(0,0,0)
(0,0,0)
(0,0,0)
(0,0,0)
(0,0,0)
(0,0,0)
(0,0,0)
(0,0,0)
(0,0,0)
(0,0,0)
(0,0,0)
(0,0,0)
(0,0,0)
(0,0,0)
(0,0,0)
(0,0,0)
(0,0,0)
(0,0,0)
(0,0,0)
(0,0,0)
(0,0,0)
(0,0,0)
(0,0,0)
(0,0,0)
(0,0,0)
(0,0,0)
(0,0,0)
(0,0,0)
(0,0,0)
(0,0,0)
(0,0,0)
(0,0,0)
(0,0,0)
(0,0,0)
(0,0,0)
(0,0,0)
(0,0,0)
(0,0,0)
(0,0,0)
(0,0,0)
(0,0,0)
(0,0,0)
(0,0,0)
(0,0,0)
(0,0,0)
(0,0,0)
(0,0,0)
(0,0,0)
(0,0,0)
(0,0,0)
(0,0,0)
(0,0,0)
(0,0,0)
(0,0,0)
(0,0,0)
(0,0,0)
(0,0,0)
(0,0,0)
(0,0,0)
(0,0,0)
(0,0,0)
(0,0,0)
(0,0,0)
(0,0,0)
(0,0,0)
(0,0,0)
(0,0,0)
(0,0,0)
(0,0,0)
(0,0,0)
(0,0,0)
(0,0,0)
(0,0,0)
(0,0,0)
(0,0,0)
(0,0,0)
(0,0,0)
(0,0,0)
(0,0,0)
(0,0,0)
(0,0,0)
(0,0,0)
(0,0,0)
(0,0,0)
(0,0,0)
(0,0,0)
(0,0,0)
(0,0,0)
