(0,0,0)
(0,0,0)
(0,0,0)
(0,0,0)
(0,0,0)
(0,0,0)
(0,0,0)
(0,0,0)
(0,0,0)
(0,0,0)
(0,0,0)
(0,0,0)
(0,0,0)
(0,0,0)
(0,0,0)
(0,0,0)
(0,0,0)
(0,0,0)
(0,0,0)
(0,0,0)
(0,0,0)
(0,0,0)
(0,0,0)
(0,0,0)
(0,0,0)
(0,0,0)
(0,0,0)
(0,0,0)
(0,0,0)
(0,0,0)
(0,0,0)
(0,0,0)
(0,0,0)
(0,0,0)
(0,0,0)
(0,0,0)
(0,0,0)
(0,0,0)
(0,0,0)
(0,0,0)
(0,0,0)
(0,0,0)
(0,0,0)
(0,0,0)
(0,0,0)
(0,0,0)
(0,0,0)
(0,0,0)
(0,0,0)
(0,0,0)
(0,0,0)
(0,0,0)
(0,0,0)
(0,0,0)
(0,0,0)
(0,0,0)
(0,0,0)
(0,0,0)
(0,0,0)
(0,0,0)
(0,0,0)
(0,0,0)
(0,0,0)
(0,0,0)
(0,0,0)
(0,0,0)
(0,0,0)
(0,0,0)
(0,0,0)
(0,0,0)
(0,0,0)
(0,0,0)
(0,0,0)
(0,0,0)
(0,0,0)
(0,0,0)
(0,0,0)
(0,0,0)
(0,0,0)
(0,0,0)
(0,0,0)
(0,0,0)
(0,0,0)
(0,0,0)
(0,0,0)
(0,0,0)
(0,0,0)
(0,0,0)
(0,0,0)
(0,0,0)
(0,0,0)
(0,0,0)
(0,0,0)
(0,0,0)
(0,0,0)
(0,0,0)
(0,0,0)
(0,0,0)
(0,0,0)
(0,0,0)
(0,0,0)
(0,0,0)
(0,0,0)
(0,0,0)
(0,0,0)
(0,0,0)
(0,0,0)
(0,0,0)
(0,0,0)
(0,0,0)
(0,0,0)
(0,0,0)
(0,0,0)
(0,0,0)
(0,0,0)
(0,0,0)
(0,0,0)
(0,0,0)
(0,0,0)
(0,0,0)
(0,0,0)
(0,0,0)
(0,0,0)
(0,0,0)
(0,0,0)
(0,0,0)
(0,0,0)
(0,0,0)
(0,0,0)
(0,0,0)
(0,0,0)
(0,0,0)
(0,0,0)
(0,0,0)
(0,0,0)
(0,0,0)
(0,0,0)
(0,0,0)
(0,0,0)
(0,0,0)
(0,0,0)
(0,0,0)
(0,0,0)
(0,0,0)
(0,0,0)
(0,0,0)
(0,0,0)
(0,0,0)
(0,0,0)
(0,0,0)
(0,0,0)
(0,0,0)
(0,0,0)
(0,0,0)
(0,0,0)
(0,0,0)
(0,0,0)
(0,0,0)
(0,0,0)
(0,0,0)
(0,0,0)
(0,0,0)
(0,0,0)
(0,0,0)
(0,0,0)
(0,0,0)
(0,0,0)
(0,0,0)
(0,0,0)
(0,0,0)
(0,0,0)
(0,0,0)
(0,0,0)
(0,0,0)
(0,0,0)
(0,0,0)
(0,0,0)
(0,0,0)
(0,0,0)
(0,0,0)
(0,0,0)
(0,0,0)
(0,0,0)
(0,0,0)
(0,0,0)
(0,0,0)
(0,0,0)
(0,0,0)
(0,0,0)
(0,0,0)
(0,0,0)
(0,0,0)
(0,0,0)
(0,0,0)
(0,0,0)
(0,0,0)
(0,0,0)
(0,0,0)
(0,0,0)
(0,0,0)
(0,0,0)
(0,0,0)
(0,0,0)
(0,0,0)
(0,0,0)
(0,0,0)
(0,0,0)
(0,0,0)
(0,0,0)
(0,0,0)
(0,0,0)
(0,0,0)
(0,0,0)
(0,0,0)
(0,0,0)
(0,0,0)
(0,0,0)
(0,0,0)
(0,0,0)
(0,0,0)
(0,0,0)
(0,0,0)
(0,0,0)
(0,0,0)
(0,0,0)
(0,0,0)
(0,0,0)
(0,0,0)
(0,0,0)
(0,0,0)
(0,0,0)
(0,0,0)
(0,0,0)
(0,0,0)
(0,0,0)
(0,0,0)
(0,0,0)
(0,0,0)
(0,0,0)
(0,0,0)
(0,0,0)
(0,0,0)
(0,0,0)
(0,0,0)
(0,0,0)
(0,0,0)
(0,0,0)
(0,0,0)
(0,0,0)
(0,0,0)
(0,0,0)
(0,0,0)
(0,0,0)
(0,0,0)
(0,0,0)
(0,0,0)
(0,0,0)
(0,0,0)
(0,0,0)
(0,0,0)
(0,0,0)
(0,0,0)
(0,0,0)
(0,0,0)
(0,0,0)
(0,0,0)
(0,0,0)
(0,0,0)
(0,0,0)
(0,0,0)
(0,0,0)
(0,0,0)
(0,0,0)
(0,0,0)
(0,0,0)
(0,0,0)
(0,0,0)
(0,0,0)
(0,0,0)
(0,0,0)
(0,0,0)
(0,0,0)
(0,0,0)
(0,0,0)
(0,0,0)
(0,0,0)
(0,0,0)
(0,0,0)
(0,0,0)
(0,0,0)
(0,0,0)
(0,0,0)
(0,0,0)
(0,0,0)
(0,0,0)
(0,0,0)
(0,0,0)
(0,0,0)
(0,0,0)
(0,0,0)
(0,0,0)
(0,0,0)
(0,0,0)
(0,0,0)
(0,0,0)
(0,0,0)
(0,0,0)
(0,0,0)
(0,0,0)
(0,0,0)
(0,0,0)
(0,0,0)
(0,0,0)
(0,0,0)
(0,0,0)
(0,0,0)
(0,0,0)
(0,0,0)
(0,0,0)
(0,0,0)
(0,0,0)
(0,0,0)
(0,0,0)
(0,0,0)
(0,0,0)
(0,0,0)
(0,0,0)
(0,0,0)
(0,0,0)
(0,0,0)
(0,0,0)
(0,0,0)
(0,0,0)
(0,0,0)
(0,0,0)
(0,0,0)
(0,0,0)
(0,0,0)
(0,0,0)
(0,0,0)
(0,0,0)
(0,0,0)
(0,0,0)
(0,0,0)
(0,0,0)
(0,0,0)
(0,0,0)
(0,0,0)
(0,0,0)
(0,0,0)
(0,0,0)
(0,0,0)
(0,0,0)
(0,0,0)
(0,0,0)
(0,0,0)
(0,0,0)
(0,0,0)
(0,0,0)
(0,0,0)
(0,0,0)
(0,0,0)
(0,0,0)
(0,0,0)
(0,0,0)
(0,0,0)
(0,0,0)
(0,0,0)
(0,0,0)
(0,0,0)
(0,0,0)
(0,0,0)
(0,0,0)
(0,0,0)
(0,0,0)
(0,0,0)
(0,0,0)
(0,0,0)
(0,0,0)
(0,0,0)
(0,0,0)
(0,0,0)
(0,0,0)
(0,0,0)
(0,0,0)
(0,0,0)
(0,0,0)
(0,0,0)
(0,0,0)
(0,0,0)
(0,0,0)
(0,0,0)
(0,0,0)
(0,0,0)
(0,0,0)
(0,0,0)
(0,0,0)
(0,0,0)
(0,0,0)
(0,0,0)
(0,0,0)
(0,0,0)
(0,0,0)
(0,0,0)
(0,0,0)
(0,0,0)
(0,0,0)
(0,0,0)
(0,0,0)
(0,0,0)
(0,0,0)
(0,0,0)
(0,0,0)
(0,0,0)
(0,0,0)
(0,0,0)
(0,0,0)
(0,0,0)
(0,0,0)
(0,0,0)
(0,0,0)
(0,0,0)
(0,0,0)
(0,0,0)
(0,0,0)
(0,0,0)
(0,0,0)
(0,0,0)
(0,0,0)
(0,0,0)
(0,0,0)
(0,0,0)
(0,0,0)
(0,0,0)
(0,0,0)
(0,0,0)
(0,0,0)
(0,0,0)
(0,0,0)
(0,0,0)
(0,0,0)
(0,0,0)
(0,0,0)
(0,0,0)
(0,0,0)
(0,0,0)
(0,0,0)
(0,0,0)
(0,0,0)
(0,0,0)
(0,0,0)
(0,0,0)
(0,0,0)
(0,0,0)
(0,0,0)
(0,0,0)
(0,0,0)
(0,0,0)
(0,0,0)
(0,0,0)
(0,0,0)
(0,0,0)
(0,0,0)
(0,0,0)
(0,0,0)
(0,0,0)
(0,0,0)
(0,0,0)
(0,0,0)
(0,0,0)
(0,0,0)
(0,0,0)
(0,0,0)
(0,0,0)
(0,0,0)
(0,0,0)
(0,0,0)
(0,0,0)
(0,0,0)
(0,0,0)
(0,0,0)
(0,0,0)
(0,0,0)
(0,0,0)
(0,0,0)
(0,0,0)
(0,0,0)
(0,0,0)
(0,0,0)
(0,0,0)
(0,0,0)
(0,0,0)
(0,0,0)
(0,0,0)
(0,0,0)
(0,0,0)
(0,0,0)
(0,0,0)
(0,0,0)
(0,0,0)
(0,0,0)
(0,0,0)
(0,0,0)
(0,0,0)
(0,0,0)
(0,0,0)
(0,0,0)
(0,0,0)
(0,0,0)
(0,0,0)
(0,0,0)
(0,0,0)
(0,0,0)
(0,0,0)
(0,0,0)
(0,0,0)
(0,0,0)
(0,0,0)
(0,0,0)
(0,0,0)
(0,0,0)
(0,0,0)
(0,0,0)
(0,0,0)
(0,0,0)
(0,0,0)
(0,0,0)
(0,0,0)
(0,0,0)
(0,0,0)
(0,0,0)
(0,0,0)
(0,0,0)
(0,0,0)
(0,0,0)
(0,0,0)
(0,0,0)
(0,0,0)
(0,0,0)
(0,0,0)
(0,0,0)
(0,0,0)
(0,0,0)
(0,0,0)
(0,0,0)
(0,0,0)
(0,0,0)
(0,0,0)
(0,0,0)
(0,0,0)
(0,0,0)
(0,0,0)
(0,0,0)
(0,0,0)
(0,0,0)
(0,0,0)
(0,0,0)
(0,0,0)
(0,0,0)
(0,0,0)
(0,0,0)
(0,0,0)
(0,0,0)
(0,0,0)
(0,0,0)
(0,0,0)
(0,0,0)
(0,0,0)
(0,0,0)
(0,0,0)
(0,0,0)
(0,0,0)
(0,0,0)
(0,0,0)
(0,0,0)
(0,0,0)
(0,0,0)
(0,0,0)
(0,0,0)
(0,0,0)
(0,0,0)
(0,0,0)
(0,0,0)
(0,0,0)
(0,0,0)
(0,0,0)
(0,0,0)
(0,0,0)
(0,0,0)
(0,0,0)
(0,0,0)
(0,0,0)
(0,0,0)
(0,0,0)
(0,0,0)
(0,0,0)
(0,0,0)
(0,0,0)
(0,0,0)
(0,0,0)
(0,0,0)
(0,0,0)
(0,0,0)
(0,0,0)
(0,0,0)
(0,0,0)
(0,0,0)
(0,0,0)
(0,0,0)
(0,0,0)
(0,0,0)
(0,0,0)
(0,0,0)
(0,0,0)
(0,0,0)
(0,0,0)
(0,0,0)
(0,0,0)
(0,0,0)
(0,0,0)
(0,0,0)
(0,0,0)
(0,0,0)
(0,0,0)
(0,0,0)
(0,0,0)
(0,0,0)
(0,0,0)
(0,0,0)
(0,0,0)
(0,0,0)
(0,0,0)
(0,0,0)
(0,0,0)
(0,0,0)
(0,0,0)
(0,0,0)
(0,0,0)
(0,0,0)
(0,0,0)
(0,0,0)
(0,0,0)
(0,0,0)
(0,0,0)
(0,0,0)
(0,0,0)
(0,0,0)
(0,0,0)
(0,0,0)
(0,0,0)
(0,0,0)
(0,0,0)
(0,0,0)
(0,0,0)
(0,0,0)
(0,0,0)
(0,0,0)
(0,0,0)
(0,0,0)
(0,0,0)
(0,0,0)
(0,0,0)
(0,0,0)
(0,0,0)
(0,0,0)
(0,0,0)
(0,0,0)
(0,0,0)
(0,0,0)
(0,0,0)
(0,0,0)
(0,0,0)
(0,0,0)
(0,0,0)
(0,0,0)
(0,0,0)
(0,0,0)
(0,0,0)
(0,0,0)
(0,0,0)
(0,0,0)
(0,0,0)
(0,0,0)
(0,0,0)
(0,0,0)
(0,0,0)
(0,0,0)
(0,0,0)
(0,0,0)
(0,0,0)
(0,0,0)
(0,0,0)
(0,0,0)
(0,0,0)
(0,0,0)
(0,0,0)
(0,0,0)
(0,0,0)
(0,0,0)
(0,0,0)
(0,0,0)
(0,0,0)
(0,0,0)
(0,0,0)
(0,0,0)
(0,0,0)
(0,0,0)
(0,0,0)
(0,0,0)
(0,0,0)
(0,0,0)
(0,0,0)
(0,0,0)
(0,0,0)
(0,0,0)
(0,0,0)
(0,0,0)
(0,0,0)
(0,0,0)
(0,0,0)
(0,0,0)
(0,0,0)
(0,0,0)
(0,0,0)
(0,0,0)
(0,0,0)
(0,0,0)
(0,0,0)
(0,0,0)
(0,0,0)
(0,0,0)
(0,0,0)
(0,0,0)
(0,0,0)
(0,0,0)
(0,0,0)
(0,0,0)
(0,0,0)
(0,0,0)
(0,0,0)
(0,0,0)
(0,0,0)
(0,0,0)
(0,0,0)
(0,0,0)
(0,0,0)
(0,0,0)
(0,0,0)
(0,0,0)
(0,0,0)
(0,0,0)
(0,0,0)
(0,0,0)
(0,0,0)
(0,0,0)
(0,0,0)
(0,0,0)
(0,0,0)
(0,0,0)
(0,0,0)
(0,0,0)
(0,0,0)
(0,0,0)
(0,0,0)
(0,0,0)
(0,0,0)
(0,0,0)
(0,0,0)
(0,0,0)
(0,0,0)
(0,0,0)
(0,0,0)
(0,0,0)
(0,0,0)
(0,0,0)
(0,0,0)
(0,0,0)
(0,0,0)
(0,0,0)
(0,0,0)
(0,0,0)
(0,0,0)
(0,0,0)
(0,0,0)
(0,0,0)
(0,0,0)
(0,0,0)
(0,0,0)
(0,0,0)
(0,0,0)
(0,0,0)
(0,0,0)
(0,0,0)
(0,0,0)
(0,0,0)
(0,0,0)
(0,0,0)
(0,0,0)
(0,0,0)
(0,0,0)
(0,0,0)
(0,0,0)
(0,0,0)
(0,0,0)
(0,0,0)
(0,0,0)
(0,0,0)
(0,0,0)
(0,0,0)
(0,0,0)
(0,0,0)
(0,0,0)
(0,0,0)
(0,0,0)
(0,0,0)
(0,0,0)
(0,0,0)
(0,0,0)
(0,0,0)
(-97741.0773076773,51954.9320411262,45786.1452665494)
(-103320.43557168,49796.6571345481,99309.9237036811)
(-116288.794678942,45344.3127190162,170254.405663607)
(-140860.077189551,38346.6828923645,272767.799960799)
(-185188.279879464,28943.0570609987,429013.022779273)
(-264805.998635489,18097.2919131382,675721.729501616)
(-408980.342180587,8211.92811778781,1076490.14356444)
(-669559.699182597,2135.55826665807,1743914.28448042)
(-1104403.37083329,71.1605513417909,2848246.49476234)
(-1538899.6103458,-142.312702660488,4387288.41781083)
(0,0,0)
(0,0,0)
(0,0,0)
(0,0,0)
(0,0,0)
(0,0,0)
(-103355.048583758,111671.131609869,43638.8490150131)
(-109021.007344321,107599.400865668,94857.1126282193)
(-122204.810830146,99127.6519307721,163278.584246606)
(-147347.731317704,85629.2071413869,263343.791315294)
(-192898.345376001,66996.902703057,418188.291049225)
(-274418.469258297,44802.7714237492,665901.280796911)
(-420175.253899607,23778.5122835967,1070509.95053071)
(-679765.271642169,10422.4871562303,1741988.29328323)
(-1111227.23743536,5105.53200416919,2848181.15926581)
(-1542097.62074729,2591.89710494526,4387544.57020542)
(0,0,0)
(0,0,0)
(0,0,0)
(0,0,0)
(0,0,0)
(0,0,0)
(-116208.746831407,188296.183420246,39583.6950210303)
(-121990.754402621,182820.985343348,86352.8649459738)
(-135603.041017646,171315.137169893,149768.420724503)
(-162003.137079241,152723.080918262,244677.684026873)
(-210466.076009024,126178.666053431,395961.99668551)
(-297026.015425265,92910.117647347,644880.665887177)
(-447779.452164099,59204.7920310957,1057233.83830379)
(-705182.18383306,36027.375816338,1736811.13347672)
(-1127593.2127071,23739.4488935432,2845770.42929447)
(-1549498.91523665,12859.9323661815,4385001.30926994)
(0,0,0)
(0,0,0)
(0,0,0)
(0,0,0)
(0,0,0)
(0,0,0)
(-140180.609572625,294308.239866833,34168.5531260391)
(-146072.974746995,288224.964798632,74837.5484177524)
(-160217.053814757,275333.093669129,131036.645733267)
(-188440.611648201,254198.267580236,218002.070719485)
(-241691.860887907,223203.672307113,362668.925353717)
(-337949.500254602,182344.473320278,611184.069935392)
(-500673.299016229,136948.800937174,1034113.36004554)
(-754382.653120482,99882.5513995528,1724640.83758274)
(-1157592.3691533,70963.9462217192,2835008.70940783)
(-1562574.11560271,38171.2501934169,4372271.50718344)
(0,0,0)
(0,0,0)
(0,0,0)
(0,0,0)
(0,0,0)
(0,0,0)
(-183199.113009524,449402.240514802,28105.1123615524)
(-189058.411195153,443494.518359547,61893.9699957875)
(-203476.16133328,430950.848437381,109752.376560816)
(-233211.80306026,410324.426538942,186838.020662368)
(-291406.851129022,379705.65360159,321742.890496916)
(-399691.316472406,338003.921877432,565774.758412146)
(-581270.349821979,286925.436349609,997068.472821691)
(-829337.948151213,230468.770430924,1695820.20194154)
(-1201224.70612005,165640.254353527,2802368.59992987)
(-1581502.27200004,87780.6688549479,4334261.45326836)
(0,0,0)
(0,0,0)
(0,0,0)
(0,0,0)
(0,0,0)
(0,0,0)
(-260862.336492972,688062.69160165,22201.8854061271)
(-266406.912770192,682777.077796686,49326.2387391757)
(-280348.159180121,671569.292211782,89055.9541448975)
(-309784.716565662,652966.899764354,156198.197485145)
(-368618.603996835,624407.901562372,280114.553521204)
(-478985.266970136,582331.400998893,514772.341369897)
(-661142.383160668,522150.282250653,940689.878629533)
(-897967.517027312,437990.629751983,1631135.53633579)
(-1248535.75152295,320689.953451303,2724621.58876103)
(-1605341.25093947,171184.109657115,4246559.39889818)
(0,0,0)
(0,0,0)
(0,0,0)
(0,0,0)
(0,0,0)
(0,0,0)
(-403405.299063794,1074459.21283434,17008.7778311054)
(-408300.37421663,1069879.73175607,38206.4980883626)
(-420811.654480683,1060096.792779,70490.6520018296)
(-447704.078850262,1043448.18589776,127713.444718687)
(-502381.825967941,1016371.39877155,238131.773477449)
(-606110.568248465,971910.337092222,454663.405632581)
(-777077.232404539,897271.985067371,856618.935220413)
(-992426.517610905,773062.341138492,1513973.74144482)
(-1319037.10962867,578436.937102757,2575263.86742198)
(-1644241.58353403,315163.304788756,4075526.25582448)
(0,0,0)
(0,0,0)
(0,0,0)
(0,0,0)
(0,0,0)
(0,0,0)
(-664155.604399877,1726102.82245894,12511.9947752706)
(-668069.246529496,1721957.51452325,28503.4585375879)
(-678130.148385769,1712830.9817792,53899.4179231779)
(-700000.134047163,1696614.60597294,100733.131895151)
(-744935.710725563,1668258.24438536,193781.997006901)
(-831156.218605771,1616793.37176371,380055.180941169)
(-974338.22442024,1519183.70127205,732481.689156714)
(-1148699.63021222,1334822.87025391,1319420.79025353)
(-1446992.65696071,1032723.54282196,2312126.84149504)
(-1718589.06879999,585376.89972908,3760502.31535465)
(0,0,0)
(0,0,0)
(0,0,0)
(0,0,0)
(0,0,0)
(0,0,0)
(-1100704.21909629,2818367.45972125,8439.5818339534)
(-1103380.20836734,2814265.51957616,19511.7851484018)
(-1110223.90805039,2804790.56000271,37776.1149752321)
(-1124939.87017464,2786808.07469913,72522.516423663)
(-1154622.68001945,2752907.09909433,142496.341734128)
(-1210425.14526782,2687198.57186252,282516.286903139)
(-1304173.19020447,2557685.03386643,548188.14451324)
(-1443458.57944118,2309111.59645338,1017357.99775495)
(-1682966.6712598,1868151.54323588,1864896.66860077)
(-1848254.69065339,1123242.24670152,3175286.01228173)
(0,0,0)
(0,0,0)
(0,0,0)
(0,0,0)
(0,0,0)
(0,0,0)
(-1537160.69838735,4351212.1628536,4315.99525501482)
(-1538508.02962641,4347005.50252432,10084.0419332603)
(-1541929.87419962,4336952.79266577,19851.6834698536)
(-1549161.10505956,4317081.85057292,38739.0126556588)
(-1563522.38420252,4278297.20390729,76871.2920452446)
(-1590407.76039165,4201442.55527181,153035.069027587)
(-1637331.89450416,4048400.31982912,299651.677569049)
(-1716385.89587655,3748736.99866418,576412.171234743)
(-1847820.30156389,3172340.73502381,1120043.28101065)
(-1860965.66603218,2052181.09801617,2052070.09572821)
(0,0,0)
(0,0,0)
(0,0,0)
(0,0,0)
(0,0,0)
(0,0,0)
(0,0,0)
(0,0,0)
(0,0,0)
(0,0,0)
(0,0,0)
(0,0,0)
(0,0,0)
(0,0,0)
(0,0,0)
(0,0,0)
(0,0,0)
(0,0,0)
(0,0,0)
(0,0,0)
(0,0,0)
(0,0,0)
(0,0,0)
(0,0,0)
(0,0,0)
(0,0,0)
(0,0,0)
(0,0,0)
(0,0,0)
(0,0,0)
(0,0,0)
(0,0,0)
(0,0,0)
(0,0,0)
(0,0,0)
(0,0,0)
(0,0,0)
(0,0,0)
(0,0,0)
(0,0,0)
(0,0,0)
(0,0,0)
(0,0,0)
(0,0,0)
(0,0,0)
(0,0,0)
(0,0,0)
(0,0,0)
(0,0,0)
(0,0,0)
(0,0,0)
(0,0,0)
(0,0,0)
(0,0,0)
(0,0,0)
(0,0,0)
(0,0,0)
(0,0,0)
(0,0,0)
(0,0,0)
(0,0,0)
(0,0,0)
(0,0,0)
(0,0,0)
(0,0,0)
(0,0,0)
(0,0,0)
(0,0,0)
(0,0,0)
(0,0,0)
(0,0,0)
(0,0,0)
(0,0,0)
(0,0,0)
(0,0,0)
(0,0,0)
(0,0,0)
(0,0,0)
(0,0,0)
(0,0,0)
(0,0,0)
(0,0,0)
(0,0,0)
(0,0,0)
(0,0,0)
(0,0,0)
(0,0,0)
(0,0,0)
(0,0,0)
(0,0,0)
(0,0,0)
(0,0,0)
(0,0,0)
(0,0,0)
(0,0,0)
(0,0,0)
(0,0,0)
(0,0,0)
(0,0,0)
(0,0,0)
(0,0,0)
(0,0,0)
(14433393.714739,46275.7137640747,40146.7827087715)
(14424017.5409373,44104.7570149862,86261.3377043856)
(14402458.0040589,39457.8591269597,145613.968359028)
(14362103.6183588,31888.4600288943,228319.101301333)
(14290176.1856545,21239.1999068021,349272.72438014)
(14162138.8523192,8472.11001042458,531413.051934419)
(13927214.2391088,-3011.93442286665,815787.693587338)
(13462902.9908126,-8098.2701635718,1308980.56227526)
(12415112.3232455,-6737.25990784267,2413759.41662392)
(9569482.71526227,-3308.5103544392,5926242.88988983)
(0,0,0)
(0,0,0)
(0,0,0)
(0,0,0)
(0,0,0)
(0,0,0)
(14423804.9803786,98754.0704604618,37918.9028608024)
(14414373.4041328,94619.8135517741,81566.7233665247)
(14392612.8992128,85735.7475687983,138028.413401237)
(14351491.0087277,70977.6712549763,217657.750649297)
(14277593.9696727,49429.0144482106,336532.909578778)
(14145960.9077369,22178.230159364,520004.700954218)
(13907445.8652811,-3878.04985915165,810806.985729443)
(13445077.3440548,-15041.4323241307,1310464.82071257)
(12404025.7467247,-11271.7484758169,2417303.61363982)
(9564615.2091609,-4811.48688467593,5929651.04878135)
(0,0,0)
(0,0,0)
(0,0,0)
(0,0,0)
(0,0,0)
(0,0,0)
(14402055.7325626,164278.001763514,33768.8778224431)
(14392571.9995553,158728.02524635,72655.2006894911)
(14370380.032169,146701.475661637,123263.68792962)
(14327452.671011,126263.097457263,196079.742156676)
(14248431.6416882,94907.8888556951,309260.438571537)
(14106030.7544437,51940.6228201291,493998.564561402)
(13853898.6014655,6253.35354134603,799746.396050904)
(13395932.1643782,-13198.4417068244,1314346.34574199)
(12375461.8809373,-6259.35507986879,2423836.14722113)
(9552775.96869244,-210.368252609607,5934517.43317957)
(0,0,0)
(0,0,0)
(0,0,0)
(0,0,0)
(0,0,0)
(0,0,0)
(14362092.316642,251301.155901548,28261.2081668932)
(14352612.0910928,245241.68490027,60619.7711927437)
(14329888.5036584,232055.223336148,102717.754564674)
(14284142.3094349,209358.358402166,164596.861056287)
(14195706.7677228,173391.072334436,266272.337486435)
(14028925.0228964,120526.823562919,448368.902112251)
(13734858.0008409,56304.0685834831,780344.175732617)
(13284028.548148,24933.9332313511,1321357.88804549)
(12317721.0331283,27369.0561236457,2429973.36307976)
(9530619.48818438,19276.7970631858,5934849.88249655)
(0,0,0)
(0,0,0)
(0,0,0)
(0,0,0)
(0,0,0)
(0,0,0)
(14291675.6790138,371769.600375284,22214.0520225222)
(14282415.500068,366146.066940373,47393.0472387736)
(14259582.2532715,354044.059516813,79903.0849729343)
(14211453.3534699,333671.122262543,128482.453101944)
(14112231.2907736,302440.957667146,213351.71438624)
(13908858.0150083,258708.044777034,384178.450211026)
(13520700.8559357,207071.210132065,748997.391424312)
(13076397.1064814,161894.389185223,1323859.16935749)
(12227141.1304799,118394.358221157,2422025.31917949)
(9497623.07702593,63987.6997737795,5915746.35596249)
(0,0,0)
(0,0,0)
(0,0,0)
(0,0,0)
(0,0,0)
(0,0,0)
(14166369.2941785,545492.33766455,16602.9205588055)
(14157751.0213267,540854.344271314,35293.9976505206)
(14135995.3591473,531044.153419512,59507.6739399325)
(14088753.7186604,514953.933880435,97243.7156156157)
(13988353.0852622,490598.329712327,169671.942830966)
(13779129.2461692,455210.993346869,332611.769641376)
(13386016.6126694,406228.450647135,703852.821815859)
(12961314.2989782,343553.240274253,1280469.44324077)
(12149925.7647711,250222.906121841,2367736.66756555)
(9459743.53222244,132326.090097905,5851870.782599)
(0,0,0)
(0,0,0)
(0,0,0)
(0,0,0)
(0,0,0)
(0,0,0)
(13933897.08967,813698.7097362,12048.5277140872)
(13926411.4288711,810133.384115396,25614.9733018854)
(13907129.6745791,802763.497651567,43511.5885297526)
(13864244.796068,791096.496586114,72977.439425353)
(13770603.4675372,773775.634069766,134372.130082384)
(13570480.2893974,746863.813678279,283685.74062463)
(13189136.3249691,700018.210783227,641239.711634416)
(12805848.2143433,616811.074566263,1187264.43390784)
(12035516.5394147,450511.088965041,2249979.8905406)
(9395062.70704722,240843.433356459,5719715.54522047)
(0,0,0)
(0,0,0)
(0,0,0)
(0,0,0)
(0,0,0)
(0,0,0)
(13469121.7771856,1289428.22912818,8550.38754217768)
(13463239.9064029,1286553.91897679,18377.9882679056)
(13447905.4862019,1280683.54143608,31979.5984153027)
(13413255.2754578,1271613.33975318,55764.6342628267)
(13336098.3204001,1258536.39937146,107527.126354904)
(13166343.8552191,1237578.9164116,236869.238316359)
(12832532.546039,1189437.99549296,558135.971666874)
(12582572.3011845,1040145.60395357,1021086.79940232)
(11804879.4808777,796815.858848091,2040467.18020039)
(9245470.12247659,455761.629644226,5479047.0811556)
(0,0,0)
(0,0,0)
(0,0,0)
(0,0,0)
(0,0,0)
(0,0,0)
(12418706.2313582,2381826.42371492,5748.64347841842)
(12414744.6857105,2379095.39901856,12639.5578784541)
(12404508.6733963,2373110.10212528,23037.7042621123)
(12381847.5504704,2362621.32808675,42799.5838030752)
(12333559.338527,2344061.62478084,86649.6283668208)
(12235247.6549389,2307345.87346616,188767.159625102)
(12057986.0212808,2224669.47517819,408933.756974186)
(11809057.4211832,2036281.16850332,777839.480319678)
(11106312.4111615,1703374.33564003,1699559.20962605)
(8790555.22439051,1110582.77459729,5023485.4381486)
(0,0,0)
(0,0,0)
(0,0,0)
(0,0,0)
(0,0,0)
(0,0,0)
(9570786.84090267,5888465.92127935,2970.25166502549)
(9568811.01270961,5885634.38066122,6669.51620584937)
(9563781.74008574,5879013.28080306,12612.0117622919)
(9552905.47218433,5866384.258079,24339.7930458328)
(9530469.85032043,5842001.45331171,49965.0185116539)
(9486283.6574133,5792059.02190314,106117.740789333)
(9404455.65816234,5685938.72110325,220618.230717357)
(9247811.35607484,5465273.79822777,444985.63756116)
(8790946.03997215,5020262.90284729,1106888.01733743)
(7147825.48353854,3913208.13844683,3913028.79243662)
(0,0,0)
(0,0,0)
(0,0,0)
(0,0,0)
(0,0,0)
(0,0,0)
(0,0,0)
(0,0,0)
(0,0,0)
(0,0,0)
(0,0,0)
(0,0,0)
(0,0,0)
(0,0,0)
(0,0,0)
(0,0,0)
(0,0,0)
(0,0,0)
(0,0,0)
(0,0,0)
(0,0,0)
(0,0,0)
(0,0,0)
(0,0,0)
(0,0,0)
(0,0,0)
(0,0,0)
(0,0,0)
(0,0,0)
(0,0,0)
(0,0,0)
(0,0,0)
(0,0,0)
(0,0,0)
(0,0,0)
(0,0,0)
(0,0,0)
(0,0,0)
(0,0,0)
(0,0,0)
(0,0,0)
(0,0,0)
(0,0,0)
(0,0,0)
(0,0,0)
(0,0,0)
(0,0,0)
(0,0,0)
(0,0,0)
(0,0,0)
(0,0,0)
(0,0,0)
(0,0,0)
(0,0,0)
(0,0,0)
(0,0,0)
(0,0,0)
(0,0,0)
(0,0,0)
(0,0,0)
(0,0,0)
(0,0,0)
(0,0,0)
(0,0,0)
(0,0,0)
(0,0,0)
(0,0,0)
(0,0,0)
(0,0,0)
(0,0,0)
(0,0,0)
(0,0,0)
(0,0,0)
(0,0,0)
(0,0,0)
(0,0,0)
(0,0,0)
(0,0,0)
(0,0,0)
(0,0,0)
(0,0,0)
(0,0,0)
(0,0,0)
(0,0,0)
(0,0,0)
(0,0,0)
(0,0,0)
(0,0,0)
(0,0,0)
(0,0,0)
(0,0,0)
(0,0,0)
(0,0,0)
(0,0,0)
(0,0,0)
(0,0,0)
(0,0,0)
(0,0,0)
(0,0,0)
(0,0,0)
(0,0,0)
(0,0,0)
(-251549.791868111,36671.2237074223,30714.9943801661)
(-261892.52952861,34489.8192418604,64577.9570846318)
(-285282.991135535,29649.8792771059,105111.784482517)
(-327904.659509578,21322.4968196063,156240.277011739)
(-400955.462913043,8699.68842553067,221114.948634184)
(-522973.924176741,-7680.90692205375,296351.343532776)
(-722595.268592694,-22745.508580054,351349.071294847)
(-1038557.29475876,-25875.3431370014,261127.411483668)
(-1491679.17179791,-17777.7124976729,-431860.669494894)
(-1828717.84448398,-8149.54094861043,-3643067.85731944)
(0,0,0)
(0,0,0)
(0,0,0)
(0,0,0)
(0,0,0)
(0,0,0)
(-262561.67618423,77027.9606253232,28452.6311253813)
(-272762.801317333,72855.1701763798,59666.1971213625)
(-295908.143992416,63536.7781894837,96743.0528947017)
(-338574.405308663,46974.0363979382,143599.638833184)
(-412733.663045998,20296.7044520773,204772.967005753)
(-538058.685564644,-17769.9326836957,281324.297549365)
(-742324.918519775,-57476.9607176159,348269.244968177)
(-1055201.69877614,-64201.746156354,269317.40229892)
(-1500012.45890033,-39843.5510760438,-422135.84201704)
(-1831670.09399487,-16671.2372480136,-3634886.13108135)
(0,0,0)
(0,0,0)
(0,0,0)
(0,0,0)
(0,0,0)
(0,0,0)
(-287045.56913662,124300.867078483,24271.1067265587)
(-296930.33481932,118750.639366116,50320.683391896)
(-319666.581634058,106181.938814049,80164.8480507693)
(-362761.76591048,82918.0419520764,116877.990898533)
(-440772.901668985,42111.5541155622,166710.396072657)
(-578994.757595419,-25265.1060233013,241673.792931782)
(-808192.147387949,-112879.920598644,341610.213146666)
(-1112822.43396869,-125145.569689921,293751.346507458)
(-1525254.88486704,-64017.2158787405,-398915.511404953)
(-1839752.33716583,-22384.5029407117,-3618231.22837355)
(0,0,0)
(0,0,0)
(0,0,0)
(0,0,0)
(0,0,0)
(0,0,0)
(-330805.415643676,180859.088506631,18782.2223379751)
(-340177.548514414,175012.991785995,37752.2210057479)
(-362268.120301728,161715.99513566,56817.5001246677)
(-406259.566502652,136613.02184573,75967.1076489457)
(-492957.416200234,89825.2151593715,99360.3420085823)
(-669072.106266437,369.624747340098,154165.451881185)
(-1012929.62187005,-157889.927138256,329405.792612117)
(-1301505.57222886,-182704.891160275,354941.945939834)
(-1588515.96083941,-63197.7323243377,-357197.832166298)
(-1857074.98847901,-13708.2254515109,-3595736.92151174)
(0,0,0)
(0,0,0)
(0,0,0)
(0,0,0)
(0,0,0)
(0,0,0)
(-404391.005264822,246402.97024484,12965.514020823)
(-412987.532774026,241404.451508445,24419.7986208872)
(-433843.092483386,230389.549997924,31614.3009938977)
(-477839.847555959,210883.813040212,29079.4223057265)
(-574835.693058101,178510.232395394,9904.10038178287)
(-823373.09239077,128961.502126197,-4013.95811760669)
(-1635852.55703996,72410.7674992169,304681.471701009)
(-1940582.83411174,46865.0931639426,474534.139450309)
(-1712795.37824018,41248.8674959767,-307533.240169418)
(-1885543.92816479,26161.5103352616,-3581793.25928489)
(0,0,0)
(0,0,0)
(0,0,0)
(0,0,0)
(0,0,0)
(0,0,0)
(-525719.923404124,312943.889244791,7991.01006313355)
(-533247.435047533,309414.795991418,13421.833434852)
(-551942.015951404,302082.744120432,12108.7258915131)
(-592857.823346198,290355.472436148,-3308.6800174615)
(-687207.448133795,272827.063501774,-39622.2662474078)
(-935190.405980366,246625.768799657,-60524.1692908792)
(-1708294.42369494,209491.976290972,279148.369762066)
(-1987468.3538388,188233.442684296,469005.384539206)
(-1770839.04463221,135943.337269704,-322481.564350769)
(-1914098.51944625,67748.656963392,-3607783.94782963)
(0,0,0)
(0,0,0)
(0,0,0)
(0,0,0)
(0,0,0)
(0,0,0)
(-724151.752780899,348903.991916353,4531.45125979407)
(-730350.453115575,346921.894976308,6228.94574197575)
(-746088.054710803,343481.353088322,490.777544263858)
(-781747.544314137,340069.931736659,-20788.6298936513)
(-868393.60920759,339278.474052058,-65800.2522187445)
(-1111343.04231505,342762.345244021,-97670.7854701721)
(-1918006.40553692,343479.658253117,257926.974554201)
(-2176025.61672794,393637.744279476,416839.215510653)
(-1858724.95679162,219991.211600636,-390524.451133296)
(-1961283.50045307,91340.4738634841,-3675327.3490528)
(0,0,0)
(0,0,0)
(0,0,0)
(0,0,0)
(0,0,0)
(0,0,0)
(-1041040.22243017,238886.722819659,2621.98019283733)
(-1045685.74382983,237954.631938819,2957.60494353475)
(-1057676.54839645,237212.296109444,-2748.59199882018)
(-1085648.4916013,240148.421181154,-21480.6029037688)
(-1157373.87826024,255988.804137727,-62276.0228485384)
(-1380326.29556179,306524.475117657,-96925.2904609012)
(-2261621.96429086,414974.615576591,308176.974026008)
(-1843246.91518336,266732.761069786,243343.885084019)
(-1928706.73861937,98335.0116320319,-518970.983969785)
(-2034218.84725035,900.831616852217,-3766399.66051572)
(0,0,0)
(0,0,0)
(0,0,0)
(0,0,0)
(0,0,0)
(0,0,0)
(-1495587.55853607,-466136.453220147,1759.67741442695)
(-1498592.12930009,-466843.792654942,2337.62849913919)
(-1506248.43185571,-467568.161575566,317.902916633862)
(-1523441.14538382,-466243.840672318,-5558.4278952409)
(-1562973.11873197,-458901.288485382,-11693.1665327325)
(-1657581.45679976,-441460.824335864,11563.9561398545)
(-1864380.70705889,-428687.716430116,160035.727966679)
(-1932004.2293188,-524801.497238052,75074.3482568848)
(-2109727.29639621,-611892.551420122,-616215.669652851)
(-2143147.63576774,-532102.174746177,-3767067.09165113)
(0,0,0)
(0,0,0)
(0,0,0)
(0,0,0)
(0,0,0)
(0,0,0)
(-1831725.07297119,-3682176.01437882,994.18651300595)
(-1833178.57405177,-3683031.7739551,1614.4660549336)
(-1836828.60996907,-3684592.15595433,1691.52196896404)
(-1844771.52759447,-3686274.1974845,1841.59004025121)
(-1861766.54035544,-3688137.41915583,5756.8228670121)
(-1897416.23860557,-3693886.68834019,24325.2943706069)
(-1963265.37756941,-3718185.46116735,63986.7863200795)
(-2036447.7308427,-3782212.88360493,-11900.0289151903)
(-2143772.93158606,-3770422.4385152,-536208.458781483)
(-2068861.88268056,-3234456.8008965,-3234723.75493159)
(0,0,0)
(0,0,0)
(0,0,0)
(0,0,0)
(0,0,0)
(0,0,0)
(0,0,0)
(0,0,0)
(0,0,0)
(0,0,0)
(0,0,0)
(0,0,0)
(0,0,0)
(0,0,0)
(0,0,0)
(0,0,0)
(0,0,0)
(0,0,0)
(0,0,0)
(0,0,0)
(0,0,0)
(0,0,0)
(0,0,0)
(0,0,0)
(0,0,0)
(0,0,0)
(0,0,0)
(0,0,0)
(0,0,0)
(0,0,0)
(0,0,0)
(0,0,0)
(0,0,0)
(0,0,0)
(0,0,0)
(0,0,0)
(0,0,0)
(0,0,0)
(0,0,0)
(0,0,0)
(0,0,0)
(0,0,0)
(0,0,0)
(0,0,0)
(0,0,0)
(0,0,0)
(0,0,0)
(0,0,0)
(0,0,0)
(0,0,0)
(0,0,0)
(0,0,0)
(0,0,0)
(0,0,0)
(0,0,0)
(0,0,0)
(0,0,0)
(0,0,0)
(0,0,0)
(0,0,0)
(0,0,0)
(0,0,0)
(0,0,0)
(0,0,0)
(0,0,0)
(0,0,0)
(0,0,0)
(0,0,0)
(0,0,0)
(0,0,0)
(0,0,0)
(0,0,0)
(0,0,0)
(0,0,0)
(0,0,0)
(0,0,0)
(0,0,0)
(0,0,0)
(0,0,0)
(0,0,0)
(0,0,0)
(0,0,0)
(0,0,0)
(0,0,0)
(0,0,0)
(0,0,0)
(0,0,0)
(0,0,0)
(0,0,0)
(0,0,0)
(0,0,0)
(0,0,0)
(0,0,0)
(0,0,0)
(0,0,0)
(0,0,0)
(0,0,0)
(0,0,0)
(0,0,0)
(0,0,0)
(0,0,0)
(0,0,0)
(-297561.938552848,25737.2747335966,20274.8719511419)
(-306325.018385957,23717.0452002554,40990.3156082379)
(-325637.931382924,19112.9358287901,62232.3200268384)
(-359373.156927634,10742.8454117078,82957.9720331829)
(-413933.544266598,-2978.42493238983,98914.4783191293)
(-497975.438946544,-22673.3216624047,96589.3147513388)
(-618853.313525934,-42414.9109810034,35262.2706655838)
(-768739.314398269,-42492.0373985919,-192063.672296318)
(-888695.342613123,-26090.4266245694,-768957.074856509)
(-772313.432362287,-11085.7464794967,-1814275.74049869)
(0,0,0)
(0,0,0)
(0,0,0)
(0,0,0)
(0,0,0)
(0,0,0)
(-307564.724244828,52537.1078791542,18203.2149150385)
(-315871.569280394,48692.8473634545,36336.1807149008)
(-334103.901022393,39802.5509887445,53842.3225849271)
(-366036.789655908,22842.6130562769,69204.9392875995)
(-418105.741045346,-7658.27455942082,79256.866913982)
(-499709.553456132,-58643.8923332071,76878.3054762796)
(-619763.089093555,-123322.677156396,35224.2422254572)
(-765068.751943952,-121794.766225005,-175605.975780316)
(-882768.842221652,-65064.5934439434,-753875.425639616)
(-768676.030829257,-24745.0284190195,-1803210.20686576)
(0,0,0)
(0,0,0)
(0,0,0)
(0,0,0)
(0,0,0)
(0,0,0)
(-329366.061758564,80480.6803892383,14376.9201118642)
(-336732.71587714,75455.5404829898,27416.6080501446)
(-352839.880927921,63536.5301366698,36855.9281960811)
(-381092.130496685,39397.4609586648,38631.4448799009)
(-427972.478371127,-10106.8136579039,28279.5606805238)
(-506215.531684039,-115382.146143247,12238.5885791713)
(-638423.925143479,-317626.073855814,36773.7630341223)
(-765134.996413891,-313841.106738681,-118867.33400701)
(-868359.130788271,-127297.235181598,-713530.446348117)
(-759783.261685361,-39728.3920620089,-1778516.15818561)
(0,0,0)
(0,0,0)
(0,0,0)
(0,0,0)
(0,0,0)
(0,0,0)
(-366956.48213688,107226.734173966,9405.01270848375)
(-372980.810960362,102165.351669877,15498.4639675497)
(-385965.672751686,90096.6655757101,12635.8809784702)
(-408240.516616802,64974.6549883915,-10960.3629371085)
(-444962.881436627,7883.21021393665,-76944.921572554)
(-517559.25715804,-153952.024975177,-189887.891849022)
(-780398.180605618,-780721.162342843,40675.7553735661)
(-820716.689006473,-821718.564872992,67764.3302854896)
(-834758.53778711,-187444.541515279,-625845.786433129)
(-741818.446982924,-42179.852792685,-1738650.86719856)
(0,0,0)
(0,0,0)
(0,0,0)
(0,0,0)
(0,0,0)
(0,0,0)
(-426507.663013621,124967.702857782,4375.68906498198)
(-430930.340298681,121048.646904878,3435.2013546348)
(-439990.179419568,112208.395892319,-12529.4420257897)
(-453081.781664877,95767.5903622792,-68080.443290755)
(-462362.210123761,66070.9519738328,-238741.667984995)
(-416625.041112831,17119.6965022383,-816561.440740357)
(-8.63524570995614e-05,-2.20050359343542e-05,5.55942534960707e-05)
(791.563412532605,56.1717882125327,702195.976961934)
(-700985.054577926,-16717.5353305485,-480341.352885079)
(-709532.085689102,-2348.64696771321,-1696184.40118576)
(0,0,0)
(0,0,0)
(0,0,0)
(0,0,0)
(0,0,0)
(0,0,0)
(-515626.870492383,114386.131466252,488.518479791116)
(-518552.153947781,112191.266488812,-5349.3822038985)
(-524013.344657202,107850.459962627,-28920.1175684067)
(-529615.964179433,101371.511455988,-97765.8978288809)
(-522781.933195347,91560.1491169252,-287680.609910431)
(-442590.942747429,70496.1907146254,-833656.567355756)
(-7.8414121091109e-05,-2.96996393604318e-05,4.40311415428699e-05)
(600.384025633237,-127.452739473774,685542.023818312)
(-684497.507321954,48225.4424269298,-465742.491249415)
(-709282.716676084,20667.4080681381,-1693574.34905538)
(0,0,0)
(0,0,0)
(0,0,0)
(0,0,0)
(0,0,0)
(0,0,0)
(-640104.485355188,31998.394214502,-1659.53017395677)
(-641796.282206468,31554.2672630881,-9576.70185735129)
(-644370.312552898,31854.3274751842,-35298.3115278015)
(-644261.723565228,36150.3591642209,-107562.979984938)
(-625898.821799106,50304.3464851216,-308801.96476162)
(-519180.776145617,73829.1914853579,-904297.231701783)
(-0.000212573501870901,7.84040108505404e-05,5.77422752071731e-05)
(507.570886594568,726564.537918342,734119.791408689)
(-733489.923328814,150178.512086644,-493068.311713824)
(-738231.791451738,18515.8576643046,-1713968.47031132)
(0,0,0)
(0,0,0)
(0,0,0)
(0,0,0)
(0,0,0)
(0,0,0)
(-791304.729547823,-215674.891460904,-2062.20720695355)
(-792118.532994999,-214948.570357772,-9126.58042093237)
(-792778.297463222,-211346.504844812,-30823.999034172)
(-789426.574777065,-197600.278541371,-93295.2781528237)
(-765605.618710831,-149503.518786643,-285255.672430477)
(-642999.331997704,29427.9726999517,-978181.41720916)
(262.92116143226,812392.223845706,726576.734186622)
(-726104.166083933,178126.569372428,157871.9536331)
(-913607.036221011,-82560.9210816592,-624488.315596957)
(-800110.168443358,-107945.538773094,-1732135.59796655)
(0,0,0)
(0,0,0)
(0,0,0)
(0,0,0)
(0,0,0)
(0,0,0)
(-907754.464595048,-802209.509636481,-1298.47576543788)
(-908067.484015126,-801357.170895968,-5414.52051220603)
(-908037.201027756,-798024.261852566,-16947.9943323837)
(-905487.922980843,-787388.105738321,-45113.3895384113)
(-893867.286313095,-757448.088760216,-106274.651983704)
(-858225.576993133,-681035.655318365,-195166.903772019)
(-812264.058292887,-527346.310663212,92454.9819708952)
(-929708.97913904,-629074.424378605,-102639.274457824)
(-999462.070049681,-645846.211187518,-649619.210698481)
(-819073.80359555,-457767.923996589,-1623870.65764719)
(0,0,0)
(0,0,0)
(0,0,0)
(0,0,0)
(0,0,0)
(0,0,0)
(-783087.138073112,-1850341.74205932,-505.702475230499)
(-783178.711791948,-1849754.39604645,-2108.33958456822)
(-783097.138950829,-1847572.26069221,-6291.81176316593)
(-782082.673462031,-1841211.65502894,-15157.1166049576)
(-778436.490580689,-1826050.2054058,-29885.049734114)
(-770665.065970472,-1796161.8106907,-41510.0669968822)
(-768269.456666675,-1754662.44020271,-9189.85836009303)
(-809933.109988828,-1745543.98819655,-119234.915395993)
(-821140.765539261,-1626467.21058279,-461246.082047522)
(-656629.268953467,-1165478.67657087,-1165767.94320032)
(0,0,0)
(0,0,0)
(0,0,0)
(0,0,0)
(0,0,0)
(0,0,0)
(0,0,0)
(0,0,0)
(0,0,0)
(0,0,0)
(0,0,0)
(0,0,0)
(0,0,0)
(0,0,0)
(0,0,0)
(0,0,0)
(0,0,0)
(0,0,0)
(0,0,0)
(0,0,0)
(0,0,0)
(0,0,0)
(0,0,0)
(0,0,0)
(0,0,0)
(0,0,0)
(0,0,0)
(0,0,0)
(0,0,0)
(0,0,0)
(0,0,0)
(0,0,0)
(0,0,0)
(0,0,0)
(0,0,0)
(0,0,0)
(0,0,0)
(0,0,0)
(0,0,0)
(0,0,0)
(0,0,0)
(0,0,0)
(0,0,0)
(0,0,0)
(0,0,0)
(0,0,0)
(0,0,0)
(0,0,0)
(0,0,0)
(0,0,0)
(0,0,0)
(0,0,0)
(0,0,0)
(0,0,0)
(0,0,0)
(0,0,0)
(0,0,0)
(0,0,0)
(0,0,0)
(0,0,0)
(0,0,0)
(0,0,0)
(0,0,0)
(0,0,0)
(0,0,0)
(0,0,0)
(0,0,0)
(0,0,0)
(0,0,0)
(0,0,0)
(0,0,0)
(0,0,0)
(0,0,0)
(0,0,0)
(0,0,0)
(0,0,0)
(0,0,0)
(0,0,0)
(0,0,0)
(0,0,0)
(0,0,0)
(0,0,0)
(0,0,0)
(0,0,0)
(0,0,0)
(0,0,0)
(0,0,0)
(0,0,0)
(0,0,0)
(0,0,0)
(0,0,0)
(0,0,0)
(0,0,0)
(0,0,0)
(0,0,0)
(0,0,0)
(0,0,0)
(0,0,0)
(0,0,0)
(0,0,0)
(0,0,0)
(0,0,0)
(-324717.692119685,15762.1859415769,11393.5676252606)
(-330627.674750724,14235.7639324951,21460.4600575324)
(-343119.5298083,10720.1444939978,28221.9139889082)
(-363460.487322728,4169.26967799767,28139.9747060061)
(-393418.10221956,-7053.94392941493,14678.4765883772)
(-434519.907061657,-24322.3600137163,-24454.6952827934)
(-485212.156844388,-43273.4517009068,-114822.400263434)
(-532636.736684534,-38785.8523727095,-312139.125604458)
(-528000.668358499,-20140.5886141954,-652693.21124489)
(-375502.271678809,-7429.35996693936,-1042075.01196138)
(0,0,0)
(0,0,0)
(0,0,0)
(0,0,0)
(0,0,0)
(0,0,0)
(-332274.854917446,30634.5344245447,9837.78218964785)
(-337459.55888775,27763.7114444481,17897.8242850469)
(-348143.537678248,21034.0443084618,21623.5611264365)
(-364909.807064909,7796.41307462294,16869.4351388155)
(-388257.035881979,-17477.633781372,-2555.58017259941)
(-418128.35080149,-65094.2243136092,-43364.9185273509)
(-454160.43387179,-141944.565653239,-110296.459796787)
(-498883.181160087,-121803.142627323,-293464.740326035)
(-505842.110984977,-50605.6504366718,-639926.409740236)
(-365521.572092843,-15831.2273072151,-1034679.00113636)
(0,0,0)
(0,0,0)
(0,0,0)
(0,0,0)
(0,0,0)
(0,0,0)
(-348419.253291206,42711.7228127455,6976.00314443869)
(-352173.628192522,39058.6710275,11121.9558767727)
(-359315.19203581,30290.4679513975,8340.84334172875)
(-368640.549495186,12164.4372020593,-8478.76178720377)
(-376608.18053456,-27157.9596974966,-50162.733707646)
(-374542.651200327,-126746.890814162,-120182.947690796)
(-350821.176090438,-459550.474699611,-90179.7876974648)
(-385425.849981567,-369384.867013285,-222307.209743829)
(-442455.211827679,-93690.8393687929,-605125.939772319)
(-340100.866195968,-21765.5562383141,-1018874.00633063)
(0,0,0)
(0,0,0)
(0,0,0)
(0,0,0)
(0,0,0)
(0,0,0)
(-375117.273193314,47544.5492510495,3327.96461812893)
(-376993.307658406,44056.6272167277,2342.50512694067)
(-379369.6993167,35903.1390905434,-9866.13944718864)
(-377999.660064777,19973.4896863647,-47916.0484835207)
(-360653.088496886,-9625.24201491164,-149758.559105854)
(-288147.273106573,-52996.560873335,-452920.873098149)
(-4.11577161345043e-05,-4.38943097407756e-06,1.91382500579704e-05)
(211.049609203622,-90.2715847918493,53454.2605816576)
(-288294.513170908,-53639.1617692352,-533061.441634097)
(-289827.048110585,-9895.31936890971,-996923.077375868)
(0,0,0)
(0,0,0)
(0,0,0)
(0,0,0)
(0,0,0)
(0,0,0)
(-414564.231217698,35728.4347750966,-127.317319967229)
(-414509.766445586,33294.3333379699,-5785.59729430957)
(-412117.21279892,28055.5596551333,-25810.9844795485)
(-400498.851386355,19115.7677572659,-77536.1928289745)
(-361969.162871268,5563.76936001854,-193118.251456389)
(-253925.446403288,-8887.51816572267,-399926.888873529)
(5.31682530489316e-06,-2.68522491264261e-06,-9.98138994560868e-05)
(-9.63189835154018e-05,-1.02087877374137e-05,6.36231733247238e-06)
(219.552638283654,-182.792644121978,-489065.497493189)
(-219685.86574643,-2086.85314906504,-986720.183655677)
(0,0,0)
(0,0,0)
(0,0,0)
(0,0,0)
(0,0,0)
(0,0,0)
(-467244.065065695,-10170.5848120351,-2483.78583955643)
(-465680.339867666,-11131.3360583596,-10929.9305233419)
(-459663.029107449,-12554.906885257,-34669.7795327037)
(-440839.189765481,-13304.3146714368,-91026.4715179552)
(-389133.063331681,-11609.4729040201,-207502.099117576)
(-261880.007547161,-6132.48089626125,-390968.071587292)
(-9.49783312492184e-07,-8.17360691165489e-06,-7.84689934998014e-05)
(-6.98898267952593e-05,-2.09819205862115e-05,2.10233799643274e-06)
(69.4110803492054,-697.929833991655,-490663.214335153)
(-209455.385068634,-8268.03893154555,-984309.360160137)
(0,0,0)
(0,0,0)
(0,0,0)
(0,0,0)
(0,0,0)
(0,0,0)
(-527698.66249557,-119214.10471801,-3362.30295364308)
(-525280.732027758,-118781.818906765,-12227.3702839377)
(-517277.375816204,-116555.296139805,-35319.9177660904)
(-494627.251502105,-108968.39514658,-89290.3093540673)
(-435412.955287661,-89337.4216337188,-202048.227135816)
(-292527.426789209,-49958.8341658619,-384875.223222632)
(-1.12436397760297e-05,-0.000123496551042482,-9.24430829638331e-05)
(-0.000120404378231582,5.52155162479403e-06,9.83332256310733e-07)
(308.197319275288,-29871.0179286319,-497850.895541592)
(-225311.555610363,-43329.3500522544,-975709.82026224)
(0,0,0)
(0,0,0)
(0,0,0)
(0,0,0)
(0,0,0)
(0,0,0)
(-575580.007584431,-332059.041991399,-2879.7846900086)
(-573052.560090247,-330870.242169258,-9857.3343322723)
(-565016.923632673,-326596.923421363,-27577.0808812584)
(-542834.110525757,-313593.579206988,-69544.3610721564)
(-484215.856865338,-277626.157228035,-162645.387323326)
(-335120.476921813,-185640.678450924,-334842.398114156)
(-0.000145949722087195,9.85051046144532e-06,6.01806848537538e-06)
(38.3316737081406,-25430.3691500058,-29732.6665851015)
(-293830.341992163,-168355.6475957,-511024.731146882)
(-295591.15554537,-126858.111160442,-932014.982936702)
(0,0,0)
(0,0,0)
(0,0,0)
(0,0,0)
(0,0,0)
(0,0,0)
(-560701.790106064,-677462.233251441,-1649.48322893969)
(-558694.669447015,-676425.044767807,-5467.49519850022)
(-552592.715091395,-673023.983575141,-14484.9209810842)
(-536192.455934943,-663840.655116036,-33533.3121179402)
(-492592.888604571,-641810.198614869,-70623.6684396263)
(-372040.249471861,-593273.120359401,-149176.554052417)
(329.757350421776,-483220.022857765,-25029.8533390631)
(-298534.942681165,-509218.339779742,-172415.919167214)
(-403525.713530552,-467469.694909432,-469238.228372613)
(-315096.091551739,-295289.649322515,-804784.402254352)
(0,0,0)
(0,0,0)
(0,0,0)
(0,0,0)
(0,0,0)
(0,0,0)
(-392658.172254629,-1067258.47666338,-632.722406543219)
(-391588.980098839,-1066566.72139246,-2080.77747501183)
(-388506.952606555,-1064376.03775143,-5318.90964301162)
(-380762.369921841,-1058948.87004416,-11530.998255088)
(-362276.058020857,-1047394.73994172,-22106.8894880626)
(-321658.872967934,-1025288.34942978,-39097.8534202247)
(-253494.24111071,-986245.215030213,-50847.8768037556)
(-304054.124508361,-935497.018448212,-130448.183615749)
(-317094.701381286,-805221.45840807,-296742.484275098)
(-230733.011957642,-508788.57107794,-509139.819515507)
(0,0,0)
(0,0,0)
(0,0,0)
(0,0,0)
(0,0,0)
(0,0,0)
(0,0,0)
(0,0,0)
(0,0,0)
(0,0,0)
(0,0,0)
(0,0,0)
(0,0,0)
(0,0,0)
(0,0,0)
(0,0,0)
(0,0,0)
(0,0,0)
(0,0,0)
(0,0,0)
(0,0,0)
(0,0,0)
(0,0,0)
(0,0,0)
(0,0,0)
(0,0,0)
(0,0,0)
(0,0,0)
(0,0,0)
(0,0,0)
(0,0,0)
(0,0,0)
(0,0,0)
(0,0,0)
(0,0,0)
(0,0,0)
(0,0,0)
(0,0,0)
(0,0,0)
(0,0,0)
(0,0,0)
(0,0,0)
(0,0,0)
(0,0,0)
(0,0,0)
(0,0,0)
(0,0,0)
(0,0,0)
(0,0,0)
(0,0,0)
(0,0,0)
(0,0,0)
(0,0,0)
(0,0,0)
(0,0,0)
(0,0,0)
(0,0,0)
(0,0,0)
(0,0,0)
(0,0,0)
(0,0,0)
(0,0,0)
(0,0,0)
(0,0,0)
(0,0,0)
(0,0,0)
(0,0,0)
(0,0,0)
(0,0,0)
(0,0,0)
(0,0,0)
(0,0,0)
(0,0,0)
(0,0,0)
(0,0,0)
(0,0,0)
(0,0,0)
(0,0,0)
(0,0,0)
(0,0,0)
(0,0,0)
(0,0,0)
(0,0,0)
(0,0,0)
(0,0,0)
(0,0,0)
(0,0,0)
(0,0,0)
(0,0,0)
(0,0,0)
(0,0,0)
(0,0,0)
(0,0,0)
(0,0,0)
(0,0,0)
(0,0,0)
(0,0,0)
(0,0,0)
(0,0,0)
(0,0,0)
(0,0,0)
(0,0,0)
(-338285.086833713,8181.87793196919,5385.51678206597)
(-341426.348979523,7383.52337215462,8800.66763871236)
(-347600.574870462,5649.20937391587,7632.50332695733)
(-356415.56883675,2687.8641000815,-2100.27925910251)
(-367008.454311333,-1881.14448959916,-26628.7826777326)
(-377911.287420564,-7908.39321322356,-75329.0091056002)
(-385953.87551759,-12207.4473155769,-162379.843116825)
(-382376.853401038,-5030.77616534936,-307608.950234979)
(-337293.237228673,1996.54419659457,-500312.92556138)
(-211663.23897605,2557.15540245322,-666709.113666626)
(0,0,0)
(0,0,0)
(0,0,0)
(0,0,0)
(0,0,0)
(0,0,0)
(-343073.825976487,14382.7411644927,4598.1078265206)
(-345466.20933173,12924.8459661842,7063.43567647251)
(-349759.376131968,9693.68549428188,4634.79800982743)
(-354783.609476778,3903.93013976527,-6707.46561799023)
(-358327.890073246,-5911.26125166756,-32606.4946646511)
(-357557.911486744,-21534.1058944337,-79551.2212981877)
(-352179.089746998,-38591.2978109058,-155148.714927642)
(-350185.305489539,-8322.88006970189,-300554.486693837)
(-317472.616445075,12791.622187519,-499719.059224659)
(-203009.81565364,9604.83526716025,-669278.49552857)
(0,0,0)
(0,0,0)
(0,0,0)
(0,0,0)
(0,0,0)
(0,0,0)
(-353026.001742084,15821.8085015754,3167.68111379997)
(-353970.303661849,14048.4553465568,3840.7472027551)
(-354641.413538172,10039.6994193078,-1179.04521990797)
(-351936.997047257,2619.44478107345,-16598.1123091512)
(-339538.221561199,-11355.0519468252,-48224.2805873547)
(-307303.356191516,-40432.4606974123,-96565.220793191)
(-252369.709652083,-108698.149593409,-124909.835449043)
(-255425.523500883,16256.8742865817,-279489.916286009)
(-266710.696003531,60446.9506470455,-502889.760569689)
(-183008.787572036,28505.4334882924,-678882.437414731)
(0,0,0)
(0,0,0)
(0,0,0)
(0,0,0)
(0,0,0)
(0,0,0)
(-368562.890441695,7874.39277157083,1393.03297838326)
(-367704.011671505,6283.24884955545,-131.05651151563)
(-363725.563128156,2906.14230474565,-8641.63558549878)
(-350587.709518907,-2737.10696121975,-30697.0343890729)
(-314258.854058414,-11100.6804932279,-77345.6402811407)
(-222293.863673225,-18830.9988045581,-164800.511607341)
(-3.63045631907427e-05,-5.05898248108766e-06,-2.85285512035288e-06)
(22.2786601570546,-263.564069564466,-235250.606188648)
(-163259.216674491,234857.126339164,-534696.078377185)
(-149079.475715007,60222.0945103207,-707160.311794798)
(0,0,0)
(0,0,0)
(0,0,0)
(0,0,0)
(0,0,0)
(0,0,0)
(-389362.343329999,-17178.1939765165,-149.301139607007)
(-386809.635498131,-18107.1016197888,-3459.08161771593)
(-378671.939039874,-19704.5034479721,-14293.7096240447)
(-357036.207292492,-21381.487805473,-39111.9728736551)
(-305371.195928206,-21704.8888599959,-85105.7314499511)
(-194992.51528399,-16898.2067554199,-145971.454618388)
(5.18434737477907e-06,-8.30439224541367e-07,-6.24420165021939e-06)
(-8.37865037327609e-05,-5.17986088879064e-07,-1.76267881977714e-05)
(24.1669539764468,-322.481076170647,-709085.386302523)
(-109610.035788175,8140.32827108129,-767079.450021531)
(0,0,0)
(0,0,0)
(0,0,0)
(0,0,0)
(0,0,0)
(0,0,0)
(-412653.703297799,-70766.2566801894,-1002.29906422395)
(-408948.665444535,-70858.0415440729,-4983.03356307368)
(-398148.116390067,-70282.3256153548,-15920.124113077)
(-371589.652055992,-67170.7377044436,-39380.4119235948)
(-312056.377743841,-57938.4186710436,-80223.5677003877)
(-193194.434023502,-36813.342505281,-128994.005474188)
(-1.60627143818349e-07,-3.71916262812206e-06,-1.18018959485782e-11)
(-5.80868547692559e-05,-5.01741626145578e-07,-1.18192282906322e-05)
(-47.0211008480906,-439.697955937951,-700270.764291851)
(-102620.116659555,-24118.347985476,-774847.356444355)
(0,0,0)
(0,0,0)
(0,0,0)
(0,0,0)
(0,0,0)
(0,0,0)
(-430338.804024794,-167134.429756126,-991.685394847233)
(-426265.828248958,-166585.561380558,-4279.0693371681)
(-414771.150911553,-164319.454765364,-12748.1650918108)
(-387248.994036271,-157170.382838979,-30126.7774231114)
(-326279.123877241,-138108.059452489,-59090.9680520874)
(-203772.792918906,-92533.2799465806,-92125.6644810907)
(-8.42297366824069e-06,-8.24143669817174e-06,-1.3957610199589e-11)
(-0.000101912376696348,-2.66580370896189e-06,-1.63279534100276e-05)
(195.510309759689,-324036.927179729,-723554.142960835)
(-109008.645933123,-113621.017563382,-750354.383060192)
(0,0,0)
(0,0,0)
(0,0,0)
(0,0,0)
(0,0,0)
(0,0,0)
(-425279.134108565,-317080.271757063,-355.031474927127)
(-421649.051028328,-316476.051801423,-1868.05011597921)
(-411554.890624719,-314146.768022719,-5502.76986658328)
(-387630.756478265,-306877.268092868,-10999.2386601845)
(-333906.440895198,-285926.464527218,-13490.2495555957)
(-219108.177576001,-222569.517969514,533.689121525192)
(-0.000129622871118322,-1.76741801468425e-05,-7.39754737924695e-06)
(143.80127969115,-324110.407473134,-323703.958398877)
(-150692.074586604,-278078.937609034,-512800.21537513)
(-139275.88282386,-146362.834959689,-636373.670700328)
(0,0,0)
(0,0,0)
(0,0,0)
(0,0,0)
(0,0,0)
(0,0,0)
(-368781.29410036,-509320.576553453,319.808790685557)
(-366175.536705809,-509242.612161781,567.236409828407)
(-359155.949401654,-508835.316794959,1819.01949232478)
(-343007.74059101,-508236.208030713,9993.24408624767)
(-307160.512342084,-511310.773969016,49945.177265559)
(-225148.679505919,-542786.417432923,223270.506763024)
(402.444776850495,-737066.863781514,-323910.556661902)
(-154382.44421189,-514742.467615904,-277430.994988405)
(-197203.440761191,-381032.335083775,-380799.870283021)
(-141671.794142916,-210923.180295412,-489663.822356132)
(0,0,0)
(0,0,0)
(0,0,0)
(0,0,0)
(0,0,0)
(0,0,0)
(-227809.503893379,-674570.425117791,401.180203094959)
(-226490.040174429,-674890.792065836,950.420182740396)
(-223064.740203583,-675698.212308953,2371.10329376131)
(-215569.669108073,-677963.374548591,6905.56899786773)
(-200300.14860326,-684893.610187292,18512.4957985584)
(-171557.880253447,-703470.974219487,29096.0598706309)
(-127361.260668613,-732686.730523034,-101417.053829944)
(-145292.356805475,-631409.082839526,-143512.206309205)
(-143152.914011511,-488084.801098498,-210401.527664247)
(-95601.0935284199,-278027.785502847,-278428.840886036)
(0,0,0)
(0,0,0)
(0,0,0)
(0,0,0)
(0,0,0)
(0,0,0)
(0,0,0)
(0,0,0)
(0,0,0)
(0,0,0)
(0,0,0)
(0,0,0)
(0,0,0)
(0,0,0)
(0,0,0)
(0,0,0)
(0,0,0)
(0,0,0)
(0,0,0)
(0,0,0)
(0,0,0)
(0,0,0)
(0,0,0)
(0,0,0)
(0,0,0)
(0,0,0)
(0,0,0)
(0,0,0)
(0,0,0)
(0,0,0)
(0,0,0)
(0,0,0)
(0,0,0)
(0,0,0)
(0,0,0)
(0,0,0)
(0,0,0)
(0,0,0)
(0,0,0)
(0,0,0)
(0,0,0)
(0,0,0)
(0,0,0)
(0,0,0)
(0,0,0)
(0,0,0)
(0,0,0)
(0,0,0)
(0,0,0)
(0,0,0)
(0,0,0)
(0,0,0)
(0,0,0)
(0,0,0)
(0,0,0)
(0,0,0)
(0,0,0)
(0,0,0)
(0,0,0)
(0,0,0)
(0,0,0)
(0,0,0)
(0,0,0)
(0,0,0)
(0,0,0)
(0,0,0)
(0,0,0)
(0,0,0)
(0,0,0)
(0,0,0)
(0,0,0)
(0,0,0)
(0,0,0)
(0,0,0)
(0,0,0)
(0,0,0)
(0,0,0)
(0,0,0)
(0,0,0)
(0,0,0)
(0,0,0)
(0,0,0)
(0,0,0)
(0,0,0)
(0,0,0)
(0,0,0)
(0,0,0)
(0,0,0)
(0,0,0)
(0,0,0)
(0,0,0)
(0,0,0)
(0,0,0)
(0,0,0)
(0,0,0)
(0,0,0)
(0,0,0)
(0,0,0)
(0,0,0)
(0,0,0)
(0,0,0)
(0,0,0)
(-343741.589879453,3288.20700467441,2168.29604105419)
(-345010.565506848,3245.97488498706,2506.53768338935)
(-347134.478939654,3374.46014764169,-1334.01839505803)
(-349050.818225551,4208.56609543178,-12907.3351016863)
(-348973.780551764,6750.5388928895,-37692.5477541426)
(-344513.316414007,12407.5173098098,-83498.0360705085)
(-332159.439040314,21543.6491168189,-158836.121664602)
(-305761.892055414,27146.6460580205,-262597.729068242)
(-246926.978192381,21791.4242237747,-374755.412328309)
(-142509.800909742,11184.1717547614,-455093.022149374)
(0,0,0)
(0,0,0)
(0,0,0)
(0,0,0)
(0,0,0)
(0,0,0)
(-346196.908821577,4264.03610840779,2147.25374135665)
(-346945.38423632,4235.69760222778,2636.70592870679)
(-347786.668444021,4589.94743508959,-551.489046688929)
(-347217.516207354,6528.30331994449,-10437.3195406272)
(-342754.094290571,12741.3145124387,-32001.8909428561)
(-331514.876129639,28636.2260196418,-74273.6350097964)
(-312891.134225127,61176.2759397636,-153194.217354622)
(-294721.28932039,86414.858517094,-267926.445982855)
(-241830.610271204,63540.0337789964,-385317.061711949)
(-140453.937857837,29588.986810605,-466277.754563599)
(0,0,0)
(0,0,0)
(0,0,0)
(0,0,0)
(0,0,0)
(0,0,0)
(-350968.890951944,62.8492398047941,2144.07607846137)
(-350728.854627873,113.850622191071,3024.47402451862)
(-349137.265078997,754.997034639354,1355.27596579163)
(-343474.016006569,3755.94488235748,-4335.34663730744)
(-328748.080054753,13730.7032636737,-16114.8768949899)
(-297583.933736501,44465.1121755201,-41663.1855058805)
(-248540.813637663,143642.691502277,-127958.497082821)
(-277801.626107644,271647.487815367,-290815.02377434)
(-238639.257209108,163860.20189565,-419206.630685393)
(-139188.126589282,62420.6736738954,-495858.978531448)
(0,0,0)
(0,0,0)
(0,0,0)
(0,0,0)
(0,0,0)
(0,0,0)
(-357513.187148301,-13174.1093660423,2187.25531245157)
(-356063.965138985,-13060.659629927,3721.71903204669)
(-351344.90983199,-12249.9155176729,4345.97828819125)
(-338619.889692353,-9394.38846193846,5528.49180593625)
(-307151.533585354,-2417.13175793759,14569.0063544962)
(-229155.168953439,8362.16133996227,57533.2624702674)
(-2.80108362669624e-05,1.3816323831804e-05,-1.76142372405469e-05)
(-322660.643770255,-383.135381415967,-398560.926702141)
(-275539.802587132,398074.58808424,-520494.726978089)
(-148778.606217457,99659.0598751546,-558033.982676891)
(0,0,0)
(0,0,0)
(0,0,0)
(0,0,0)
(0,0,0)
(0,0,0)
(-364208.159027247,-40662.173811843,2333.88014304265)
(-361678.007573582,-40436.5820013472,4578.1745899189)
(-354219.876563975,-39348.4103243396,7224.60692068632)
(-335597.783790736,-36069.0265337215,12460.8214907145)
(-292106.406445674,-28512.2347897985,25291.1350400401)
(-195255.361205281,-15184.988222742,49101.1305240375)
(1.37604122196274e-05,1.77647988495146e-06,4.47707068044521e-06)
(-5.8046327632335e-05,8.99567520625925e-06,-3.00017881883278e-05)
(-502539.370231077,-448.180182294874,-818711.999796823)
(-186340.533016752,15095.3865123098,-657417.829205405)
(0,0,0)
(0,0,0)
(0,0,0)
(0,0,0)
(0,0,0)
(0,0,0)
(-367330.708098431,-88592.8984213326,2607.72941012133)
(-364193.870107448,-88300.9363891573,5717.28846084986)
(-355351.81071829,-86992.1974519266,10564.7699166582)
(-334269.369611629,-82900.9071068392,20076.3680454159)
(-286917.482454158,-72226.8210943602,38652.0590602978)
(-186569.903177429,-47450.9075060991,64293.4474975813)
(1.70843040967272e-06,8.92764054484415e-07,9.04709659038894e-13)
(-4.11207039941473e-05,1.11444988370234e-05,-1.91149735011632e-05)
(-475486.110268201,-235.984296262947,-802831.576044921)
(-187685.99028005,-30524.2356809438,-672146.080231189)
(0,0,0)
(0,0,0)
(0,0,0)
(0,0,0)
(0,0,0)
(0,0,0)
(-359763.388262348,-162172.548581252,3004.23439748126)
(-356655.671554167,-162049.596539313,7142.73785284379)
(-348198.774329503,-161151.30588984,14729.4697087086)
(-328638.0162514,-157596.088340254,30813.6731572518)
(-285386.798344112,-145776.94313297,63471.4696627344)
(-191620.187707044,-107929.54725205,111797.504196819)
(-4.29576128127547e-06,-1.60031002416563e-06,-1.02366510964639e-12)
(-5.57080604526339e-05,-6.29780456441121e-06,-2.87620138659446e-05)
(-520873.614426135,-475017.941393111,-832802.323768611)
(-187147.787640475,-143909.52852492,-641277.889217278)
(0,0,0)
(0,0,0)
(0,0,0)
(0,0,0)
(0,0,0)
(0,0,0)
(-330037.832590148,-260641.939908871,3228.08980920692)
(-327563.800614705,-261056.679397377,8149.9222536509)
(-321139.634235231,-261764.529886523,18347.8898608473)
(-307309.427279676,-262268.149214635,42698.6215366386)
(-279145.179595789,-259216.120558844,101376.5376631)
(-216799.063249851,-228727.355782913,219865.231867812)
(-7.76230460396713e-05,-3.60574788708209e-05,-1.44476395518838e-05)
(-382768.570158887,-478772.117159074,-474653.667697014)
(-274333.02130025,-324639.828864249,-501390.833512235)
(-138791.000537597,-148757.999167857,-497027.245155558)
(0,0,0)
(0,0,0)
(0,0,0)
(0,0,0)
(0,0,0)
(0,0,0)
(-263897.297172898,-368387.52772813,2861.59089179377)
(-262330.177831705,-369533.969590297,7493.52221061238)
(-258656.194633938,-372665.409472763,17894.647029133)
(-252461.922550633,-380722.953493495,45803.6332676087)
(-248144.166087713,-404383.066441088,131954.232895485)
(-281630.217100203,-489161.621154462,448870.035861312)
(-582364.185166581,-864874.521315583,-478721.851580646)
(-285900.149674448,-505671.089519197,-320305.173757964)
(-189896.248479639,-326993.455100685,-325258.739803091)
(-102872.265224589,-164865.511636148,-347950.756253119)
(0,0,0)
(0,0,0)
(0,0,0)
(0,0,0)
(0,0,0)
(0,0,0)
(-151054.189792886,-446811.030954144,1668.18912552381)
(-150326.899644099,-448342.783863719,4313.86286861824)
(-148734.004716476,-452506.758355894,9824.47626464165)
(-146350.888388073,-462269.062910164,22151.8049613135)
(-145304.901760442,-484471.621882894,47245.1135602947)
(-154960.838795678,-531816.290346858,73302.7412949261)
(-194298.578282299,-605277.512921698,-119356.949485274)
(-142812.536901457,-486106.838359541,-141401.020548952)
(-103747.967226954,-344953.011523466,-162846.410910735)
(-58033.1034671788,-182463.97817603,-182815.934432089)
(0,0,0)
(0,0,0)
(0,0,0)
(0,0,0)
(0,0,0)
(0,0,0)
(0,0,0)
(0,0,0)
(0,0,0)
(0,0,0)
(0,0,0)
(0,0,0)
(0,0,0)
(0,0,0)
(0,0,0)
(0,0,0)
(0,0,0)
(0,0,0)
(0,0,0)
(0,0,0)
(0,0,0)
(0,0,0)
(0,0,0)
(0,0,0)
(0,0,0)
(0,0,0)
(0,0,0)
(0,0,0)
(0,0,0)
(0,0,0)
(0,0,0)
(0,0,0)
(0,0,0)
(0,0,0)
(0,0,0)
(0,0,0)
(0,0,0)
(0,0,0)
(0,0,0)
(0,0,0)
(0,0,0)
(0,0,0)
(0,0,0)
(0,0,0)
(0,0,0)
(0,0,0)
(0,0,0)
(0,0,0)
(0,0,0)
(0,0,0)
(0,0,0)
(0,0,0)
(0,0,0)
(0,0,0)
(0,0,0)
(0,0,0)
(0,0,0)
(0,0,0)
(0,0,0)
(0,0,0)
(0,0,0)
(0,0,0)
(0,0,0)
(0,0,0)
(0,0,0)
(0,0,0)
(0,0,0)
(0,0,0)
(0,0,0)
(0,0,0)
(0,0,0)
(0,0,0)
(0,0,0)
(0,0,0)
(0,0,0)
(0,0,0)
(0,0,0)
(0,0,0)
(0,0,0)
(0,0,0)
(0,0,0)
(0,0,0)
(0,0,0)
(0,0,0)
(0,0,0)
(0,0,0)
(0,0,0)
(0,0,0)
(0,0,0)
(0,0,0)
(0,0,0)
(0,0,0)
(0,0,0)
(0,0,0)
(0,0,0)
(0,0,0)
(0,0,0)
(0,0,0)
(0,0,0)
(0,0,0)
(0,0,0)
(0,0,0)
(-345230.702964216,684.776799221655,804.336285547098)
(-345659.986102641,1177.75954642279,275.997334915302)
(-346043.231747931,2565.56315976544,-3380.81301657947)
(-345282.998584757,5860.83937014598,-13009.472027521)
(-341507.434259848,12833.4003976847,-33309.2187171204)
(-331966.571617406,25301.4825457348,-71157.4460594589)
(-311756.057777872,40771.5568617184,-132332.384183618)
(-272602.11911119,38174.4659976196,-203666.623125456)
(-207193.369882709,26863.5250444388,-270263.756479575)
(-113466.599250827,13202.1187768557,-312509.076915337)
(0,0,0)
(0,0,0)
(0,0,0)
(0,0,0)
(0,0,0)
(0,0,0)
(-346079.731401009,-747.108619965848,1314.70799861614)
(-346355.981255045,213.073350833785,1689.99121293505)
(-346438.60384453,2999.69440164164,-92.2046284305326)
(-345376.540319485,10015.5091574023,-6087.85030355533)
(-341704.207583492,26516.0967248798,-20820.4333378275)
(-333763.542360032,62372.1395042611,-55642.4240659599)
(-318212.248111472,125395.929788657,-134945.683106553)
(-279750.632960304,103227.712023762,-214969.585492775)
(-212698.022877454,66632.8470900656,-283871.494932151)
(-116207.297044131,30774.9327352508,-325690.949704252)
(0,0,0)
(0,0,0)
(0,0,0)
(0,0,0)
(0,0,0)
(0,0,0)
(-347309.295409459,-6710.61700253887,2303.91284008814)
(-347319.482766916,-5434.30579075647,4541.9201207212)
(-346902.473244748,-1648.33127304776,6955.15396116597)
(-345258.602076248,8398.70557761412,10356.5436106351)
(-342005.404992461,35097.1107872337,15032.8544859939)
(-340322.081498279,112710.338245208,7432.80350682284)
(-350671.902854263,392055.45937169,-157095.636859604)
(-306783.68973101,226648.34968618,-251534.210898654)
(-230753.89599229,126854.188626899,-319640.913652305)
(-124348.423433601,52780.5271503939,-356486.211223125)
(0,0,0)
(0,0,0)
(0,0,0)
(0,0,0)
(0,0,0)
(0,0,0)
(-347729.918338491,-20076.0750412563,3582.18922891158)
(-347430.918785071,-18864.7444237334,8379.5815079846)
(-346337.34189698,-15303.6432986962,17027.3255986252)
(-343604.896383403,-6586.716209176,36997.7540764571)
(-340044.44462676,12385.4544761218,92602.3214289713)
(-352677.680677524,42037.9525183725,286797.21887989)
(-520496.507378341,-419.852725845298,-322487.93811147)
(-389278.239454639,322042.157329604,-351264.150070516)
(-277343.319446662,170959.862954412,-393566.307538497)
(-142564.831973009,62063.4413737692,-409062.996006314)
(0,0,0)
(0,0,0)
(0,0,0)
(0,0,0)
(0,0,0)
(0,0,0)
(-345140.306849697,-43954.3063861175,4810.37916731557)
(-344576.496365361,-43117.9123079831,11962.0358433396)
(-342688.375457825,-40649.6277554615,25776.5191939511)
(-337435.629550529,-34906.5265373613,55934.1752819251)
(-322484.449437405,-23498.4341598909,122196.106909673)
(-268707.584725078,-6660.6716366187,244346.954584455)
(-4.28470615816173e-05,2.61456843270547e-05,3.45377268901834e-05)
(-514508.252234848,-293.936052272451,-502289.957306043)
(-357976.116975316,26460.2020889706,-502353.549696362)
(-169400.653654817,13692.1118610827,-470922.09954561)
(0,0,0)
(0,0,0)
(0,0,0)
(0,0,0)
(0,0,0)
(0,0,0)
(-335841.718769802,-81140.4085035429,5697.11278879738)
(-335216.453489429,-80875.7952400102,14477.579102806)
(-333187.695876554,-79913.6132983045,31577.4498039194)
(-327652.89776709,-77329.7467061872,67384.1981282056)
(-311309.867458302,-70761.041384047,139039.190356506)
(-252548.12174868,-52572.328455314,250929.065746451)
(-3.03539748191155e-05,3.71195369777366e-05,2.50875504918192e-05)
(-483296.15426107,-171.904400364997,-475307.269012461)
(-363716.900239416,-45726.2643213833,-514890.012630886)
(-174519.330926181,-30051.3554512529,-484313.204672421)
(0,0,0)
(0,0,0)
(0,0,0)
(0,0,0)
(0,0,0)
(0,0,0)
(-314326.888847506,-132628.350924827,6051.4430064387)
(-313892.480486513,-133111.895639614,15524.3523383843)
(-312603.248802913,-134217.816684746,34233.0301982347)
(-309391.182900236,-136378.334323494,74034.7844643727)
(-299788.099252255,-139604.378020303,157279.422008766)
(-257198.306642971,-133153.978571364,303439.191060752)
(-4.21585985754718e-05,4.71287430500728e-05,3.26156461622637e-05)
(-532083.618634376,-382852.294250792,-520663.963310368)
(-359719.100619603,-228567.337130775,-498977.404307507)
(-166571.384995657,-95606.6361587771,-453998.526244808)
(0,0,0)
(0,0,0)
(0,0,0)
(0,0,0)
(0,0,0)
(0,0,0)
(-273634.434496823,-194672.463842032,5640.71482387674)
(-273554.070710615,-195977.109322625,14496.1986028001)
(-273566.96033863,-199411.172996335,32116.8810177816)
(-274876.484809296,-207528.270525562,70833.8747494705)
(-283397.573087533,-228279.27755867,163761.167779592)
(-329289.586392234,-293561.539955746,436659.252306367)
(-594760.326058196,-582152.489199886,-382658.68297102)
(-400215.761262611,-381879.434801443,-366184.351316639)
(-263049.501685996,-240235.048384475,-365800.159677182)
(-129201.231912676,-112868.221596824,-358128.342864066)
(0,0,0)
(0,0,0)
(0,0,0)
(0,0,0)
(0,0,0)
(0,0,0)
(-207274.343194807,-255665.411763902,4369.99394377836)
(-207428.70204076,-257620.832354065,11112.2411842757)
(-208209.159456948,-262804.896082589,24058.9290935448)
(-211392.564407259,-274656.086871149,50117.3872957618)
(-223258.146300962,-301561.235099176,98513.3250495181)
(-262382.296061904,-362466.635020077,148170.499075548)
(-357396.268732215,-476719.314937648,-182230.59162105)
(-263144.390241235,-362530.463763149,-224335.322092567)
(-175413.124568248,-240840.395821753,-238213.098566675)
(-88934.7301788483,-120032.122687863,-244986.732521372)
(0,0,0)
(0,0,0)
(0,0,0)
(0,0,0)
(0,0,0)
(0,0,0)
(-113315.722526221,-295763.552149705,2359.67311913852)
(-113466.907088407,-298013.80129009,5892.64949946919)
(-114085.240077918,-303777.113885266,12216.1026635866)
(-116106.604867569,-315911.651275211,23227.3835471481)
(-122124.812536625,-339156.324578753,37642.3838029098)
(-136939.434580406,-376851.598218266,34005.9427858305)
(-158216.212489069,-410939.071872854,-67856.666072205)
(-127569.737923208,-343266.274656134,-102363.65415747)
(-88617.6600184389,-241226.19976494,-117108.1574228)
(-46004.6060008064,-124457.491834159,-124711.285742878)
(0,0,0)
(0,0,0)
(0,0,0)
(0,0,0)
(0,0,0)
(0,0,0)
(0,0,0)
(0,0,0)
(0,0,0)
(0,0,0)
(0,0,0)
(0,0,0)
(0,0,0)
(0,0,0)
(0,0,0)
(0,0,0)
(0,0,0)
(0,0,0)
(0,0,0)
(0,0,0)
(0,0,0)
(0,0,0)
(0,0,0)
(0,0,0)
(0,0,0)
(0,0,0)
(0,0,0)
(0,0,0)
(0,0,0)
(0,0,0)
(0,0,0)
(0,0,0)
(0,0,0)
(0,0,0)
(0,0,0)
(0,0,0)
(0,0,0)
(0,0,0)
(0,0,0)
(0,0,0)
(0,0,0)
(0,0,0)
(0,0,0)
(0,0,0)
(0,0,0)
(0,0,0)
(0,0,0)
(0,0,0)
(0,0,0)
(0,0,0)
(0,0,0)
(0,0,0)
(0,0,0)
(0,0,0)
(0,0,0)
(0,0,0)
(0,0,0)
(0,0,0)
(0,0,0)
(0,0,0)
(0,0,0)
(0,0,0)
(0,0,0)
(0,0,0)
(0,0,0)
(0,0,0)
(0,0,0)
(0,0,0)
(0,0,0)
(0,0,0)
(0,0,0)
(0,0,0)
(0,0,0)
(0,0,0)
(0,0,0)
(0,0,0)
(0,0,0)
(0,0,0)
(0,0,0)
(0,0,0)
(0,0,0)
(0,0,0)
(0,0,0)
(0,0,0)
(0,0,0)
(0,0,0)
(0,0,0)
(0,0,0)
(0,0,0)
(0,0,0)
(0,0,0)
(0,0,0)
(0,0,0)
(0,0,0)
(0,0,0)
(0,0,0)
(0,0,0)
(0,0,0)
(0,0,0)
(0,0,0)
(0,0,0)
(0,0,0)
(-345305.731027327,-291.927080854775,366.955143961566)
(-345503.61052527,321.942885642725,-111.363319051563)
(-345470.642481513,1958.33173679916,-2642.28432225964)
(-344177.404244866,5562.9404124434,-9310.81907459896)
(-339590.698294881,12510.0842339092,-23737.6392734768)
(-328240.610809899,23437.9528954191,-50901.5529763983)
(-303924.442781835,34301.9367841018,-93035.1047565399)
(-258632.333597108,31032.9660501055,-138037.856320722)
(-190264.274321799,21348.9484400431,-176315.900321683)
(-101358.113222639,10426.5391858741,-198850.925535742)
(0,0,0)
(0,0,0)
(0,0,0)
(0,0,0)
(0,0,0)
(0,0,0)
(-345209.324991089,-2187.60812815466,1025.27463738196)
(-345619.345484081,-989.060416476783,1599.6421685299)
(-346172.98197321,2292.49686636888,999.855167641429)
(-346321.600930818,9888.35926511295,-2380.50307369338)
(-344781.663875964,26002.318153354,-12795.2807006661)
(-338722.413909115,55626.331049488,-40024.7873056513)
(-320401.022205842,92800.4212987019,-96334.4977258811)
(-273447.667478855,76109.0315737881,-147713.528731017)
(-200371.734199475,48496.6421971352,-187187.511166084)
(-106266.679923302,22562.8946767589,-209264.4837778)
(0,0,0)
(0,0,0)
(0,0,0)
(0,0,0)
(0,0,0)
(0,0,0)
(-344391.267304339,-7364.63274910678,2258.99651583197)
(-345219.143807117,-5786.54439409685,4956.14153365422)
(-346991.311868717,-1311.24006582819,8648.71708982055)
(-350224.715607705,9814.36022814202,13688.8296582437)
(-355935.800081281,36813.4340596672,16808.1088407456)
(-365154.513146459,100107.351925645,-2840.48038723313)
(-369718.040805209,222016.699021359,-113010.62015894)
(-312423.409288924,144002.221683808,-175264.090711051)
(-224644.445000617,80139.7582397544,-213016.657745341)
(-117411.127948618,34485.0218028578,-231876.080356418)
(0,0,0)
(0,0,0)
(0,0,0)
(0,0,0)
(0,0,0)
(0,0,0)
(-341248.82123446,-17691.9144468606,3846.18459372391)
(-342648.262606198,-16182.1348598415,9459.11888059078)
(-346133.880000112,-11845.7563682695,19790.1732861615)
(-353941.206035951,-680.227469635417,40621.070636494)
(-372311.638415489,29658.6615475987,80043.0369372922)
(-417312.584200126,125727.833524597,119057.458860951)
(-508152.118455998,519753.259297681,-191023.490337718)
(-393877.155601772,196621.475203748,-239043.827710522)
(-267885.100583004,90158.5882036459,-258520.876538079)
(-135490.953282453,35120.2338554777,-266229.967281253)
(0,0,0)
(0,0,0)
(0,0,0)
(0,0,0)
(0,0,0)
(0,0,0)
(-333325.745565548,-34858.0521784166,5351.5764474066)
(-335285.660692956,-33918.3486148069,13796.9545299697)
(-340396.301494593,-31325.2353624483,30984.3595609203)
(-352706.698970522,-25327.8316408853,70903.0331521621)
(-385407.260895356,-12555.277545217,176039.783702929)
(-489242.193528494,9220.07575229683,513082.150278649)
(-902916.206411724,-350.122720027247,-514165.314234154)
(-517276.680754352,30692.1729167272,-345467.58342762)
(-320371.312888958,20558.8620554859,-313472.661365825)
(-155038.118838943,8486.41062001823,-301201.372946246)
(0,0,0)
(0,0,0)
(0,0,0)
(0,0,0)
(0,0,0)
(0,0,0)
(-317180.000278452,-59846.8853167078,6327.11464694115)
(-319514.425754417,-59739.2452790082,16445.9835761283)
(-325647.989592459,-59475.777626218,37056.8195558005)
(-340446.417740055,-59197.70282589,83720.2107137685)
(-378610.935268806,-59380.4589864706,197846.459965521)
(-491590.119786447,-57403.3137898551,503511.847545443)
(-883535.168914032,-386.14333297304,-483062.400954112)
(-531078.061067186,-49116.7474258788,-355471.57380538)
(-331431.503977238,-41810.356560012,-325387.751452068)
(-159768.235153144,-22172.5526692935,-309479.883935792)
(0,0,0)
(0,0,0)
(0,0,0)
(0,0,0)
(0,0,0)
(0,0,0)
(-288473.514960803,-92186.1791921141,6485.91998870601)
(-290928.045305474,-92990.2074151224,16772.4469437842)
(-297368.593520976,-95350.5774485534,37412.591484183)
(-312798.54474233,-102003.522633712,83625.7731341048)
(-352117.117079302,-123321.38771337,199895.71968805)
(-469947.719699157,-205294.137485853,560535.956440241)
(-918191.271716276,-594622.556472529,-531724.935056131)
(-513915.879095893,-250971.581367098,-348037.840653399)
(-312062.863545294,-131922.096244933,-305582.338042789)
(-148917.819402994,-58279.8511930751,-287128.605111667)
(0,0,0)
(0,0,0)
(0,0,0)
(0,0,0)
(0,0,0)
(0,0,0)
(-243040.027272725,-128489.675924713,5709.089508501)
(-245277.568978498,-130028.186031881,14470.5663931402)
(-251063.037515637,-134181.005668592,30797.0717901888)
(-264272.886451894,-144106.737785843,62296.6885849176)
(-294153.425775171,-168180.143870186,117911.297429369)
(-361214.656193313,-226674.830337047,171217.060081635)
(-485474.889479822,-344721.455169243,-187969.477800017)
(-365536.786754256,-244760.513465372,-228859.520210102)
(-239478.541069691,-152600.096962293,-231752.480109057)
(-117939.426591008,-72620.4073798206,-228673.729243967)
(0,0,0)
(0,0,0)
(0,0,0)
(0,0,0)
(0,0,0)
(0,0,0)
(-178143.11250505,-161805.333695094,4184.4270806253)
(-179839.457051679,-163781.462074575,10348.4581342372)
(-184155.494051356,-168782.383003954,20896.1700640061)
(-193442.55837876,-179411.44487769,38250.8711273524)
(-212198.309858145,-200438.21280786,59449.1036222072)
(-245764.251192947,-237050.379241686,53206.6076578872)
(-283478.805667961,-277531.201387651,-87901.1091879677)
(-232336.652770851,-226929.065982276,-136540.294141444)
(-158950.055800766,-154018.811349874,-151584.648521337)
(-80212.9537551623,-77077.3032057571,-155849.529119088)
(0,0,0)
(0,0,0)
(0,0,0)
(0,0,0)
(0,0,0)
(0,0,0)
(-94874.2573947924,-182417.271554411,2170.47272789005)
(-95792.4623689093,-184560.809691779,5275.37562559603)
(-98060.2141067968,-189736.45399779,10204.4206483111)
(-102681.438176229,-199845.58972577,17213.3988050484)
(-111163.698671429,-217057.564018204,22871.6361501949)
(-123876.547777285,-239997.810578142,12756.1806835264)
(-133013.781017135,-252788.034898548,-37189.417277511)
(-112551.279825364,-215729.315484719,-63407.625872911)
(-79011.4024820863,-152610.288503999,-74422.4062551392)
(-40494.9243487102,-78426.0478992676,-78583.3432137248)
(0,0,0)
(0,0,0)
(0,0,0)
(0,0,0)
(0,0,0)
(0,0,0)
(0,0,0)
(0,0,0)
(0,0,0)
(0,0,0)
(0,0,0)
(0,0,0)
(0,0,0)
(0,0,0)
(0,0,0)
(0,0,0)
(0,0,0)
(0,0,0)
(0,0,0)
(0,0,0)
(0,0,0)
(0,0,0)
(0,0,0)
(0,0,0)
(0,0,0)
(0,0,0)
(0,0,0)
(0,0,0)
(0,0,0)
(0,0,0)
(0,0,0)
(0,0,0)
(0,0,0)
(0,0,0)
(0,0,0)
(0,0,0)
(0,0,0)
(0,0,0)
(0,0,0)
(0,0,0)
(0,0,0)
(0,0,0)
(0,0,0)
(0,0,0)
(0,0,0)
(0,0,0)
(0,0,0)
(0,0,0)
(0,0,0)
(0,0,0)
(0,0,0)
(0,0,0)
(0,0,0)
(0,0,0)
(0,0,0)
(0,0,0)
(0,0,0)
(0,0,0)
(0,0,0)
(0,0,0)
(0,0,0)
(0,0,0)
(0,0,0)
(0,0,0)
(0,0,0)
(0,0,0)
(0,0,0)
(0,0,0)
(0,0,0)
(0,0,0)
(0,0,0)
(0,0,0)
(0,0,0)
(0,0,0)
(0,0,0)
(0,0,0)
(0,0,0)
(0,0,0)
(0,0,0)
(0,0,0)
(0,0,0)
(0,0,0)
(0,0,0)
(0,0,0)
(0,0,0)
(0,0,0)
(0,0,0)
(0,0,0)
(0,0,0)
(0,0,0)
(0,0,0)
(0,0,0)
(0,0,0)
(0,0,0)
(0,0,0)
(0,0,0)
(0,0,0)
(0,0,0)
(0,0,0)
(0,0,0)
(0,0,0)
(0,0,0)
(-345134.212305512,-350.008850895138,178.490129078615)
(-345315.474593027,44.8634663164658,-54.5092694750549)
(-345280.821124994,1074.32174155438,-1318.65236755055)
(-343983.972878792,3259.64762344034,-4771.73135706427)
(-339230.70605904,7216.63551903656,-12348.359111938)
(-326963.852027653,12890.1169233714,-26515.2348175565)
(-300556.454250618,17763.6644518595,-47646.8878006375)
(-252978.87857204,16152.478612225,-69452.8214379326)
(-183743.036587503,11180.3685990505,-87154.427771273)
(-96835.4816652819,5491.39297613522,-97168.4523047712)
(0,0,0)
(0,0,0)
(0,0,0)
(0,0,0)
(0,0,0)
(0,0,0)
(-344612.319389032,-1565.11493645505,618.100483505116)
(-345210.920847721,-794.028536078121,1048.56784954268)
(-346238.698421794,1271.24779424349,917.358245436362)
(-347171.629687787,5818.71595063411,-791.681324791282)
(-346425.409905811,14714.4464218198,-6645.74619772779)
(-339873.7053464,29038.2964698212,-21642.6343068928)
(-318327.019137387,43330.6420213588,-49283.6149448439)
(-269151.640058647,37012.6047862484,-74439.7685390732)
(-194930.080278525,24135.3738301607,-92836.4276911308)
(-102345.319205571,11397.5414895136,-102663.936922237)
(0,0,0)
(0,0,0)
(0,0,0)
(0,0,0)
(0,0,0)
(0,0,0)
(-342873.957496345,-4493.57851028973,1411.15376583939)
(-344273.214331448,-3481.22258593439,3152.41834002822)
(-347380.825503831,-675.402614726069,5488.58238411246)
(-352896.263107758,5905.67502714041,8073.17080766298)
(-361064.568981056,20246.8598135149,7669.52631574795)
(-368802.822581986,47712.6019839328,-7356.46976283515)
(-361519.628988871,83361.7882057205,-55586.0277635357)
(-306076.223470605,62360.8814762679,-87281.4902718709)
(-219011.454339504,36747.4928408591,-105526.599943686)
(-113763.264183271,16337.1104693315,-114114.032688851)
(0,0,0)
(0,0,0)
(0,0,0)
(0,0,0)
(0,0,0)
(0,0,0)
(-338129.444715605,-10044.8019451249,2431.84691597974)
(-340582.290113995,-9071.00590500719,5955.65774284862)
(-346554.858708975,-6351.32824508767,12052.5620820757)
(-358647.917316374,303.599987902031,22361.3484017348)
(-381109.702304256,16287.4077847079,35118.8643193075)
(-416276.376236261,53504.0629887021,28291.1953506738)
(-444640.072968199,124715.421437947,-76574.48336935)
(-368219.461527858,72970.0960805052,-112841.392047498)
(-255576.8748321,37444.8823674762,-125847.007325026)
(-130025.898797088,15429.220016117,-130404.171357176)
(0,0,0)
(0,0,0)
(0,0,0)
(0,0,0)
(0,0,0)
(0,0,0)
(-327856.410078957,-18911.5949643133,3397.45753259743)
(-331296.929989,-18332.7426472655,8670.46357089927)
(-340010.170717183,-16779.4791990907,18712.4837474967)
(-358740.990080927,-13255.657756603,38306.0326024052)
(-397125.911756146,-5998.6963954579,72310.7876433589)
(-469503.739125624,6570.05981346188,99506.3364157302)
(-569077.116095754,18710.1384202271,-128327.470882527)
(-440890.692930524,16597.9004534039,-148341.263079235)
(-292756.353097004,9290.17000479936,-147801.510508514)
(-145300.873278971,3640.09668602128,-145749.632738382)
(0,0,0)
(0,0,0)
(0,0,0)
(0,0,0)
(0,0,0)
(0,0,0)
(-308690.163214747,-31404.6277911164,4003.19576309712)
(-312708.394764063,-31407.8119005661,10272.2340260449)
(-322979.147662693,-31447.4644229132,22271.3773200983)
(-345244.251652787,-31771.2563783936,45584.8098546188)
(-390830.781032677,-33101.3168045385,84907.2760275701)
(-475755.771550897,-35991.5718836271,111634.559489108)
(-587450.192382408,-35301.1558717015,-130439.122750578)
(-457154.63410882,-32167.5005125988,-155597.148742937)
(-301789.51179527,-22571.5695635993,-153377.401356513)
(-148801.691798579,-11405.1488148192,-149298.699210241)
(0,0,0)
(0,0,0)
(0,0,0)
(0,0,0)
(0,0,0)
(0,0,0)
(-276958.438502668,-46974.729081033,4055.02483177817)
(-281013.578093667,-47560.0832888454,10292.8290082509)
(-291260.041572072,-49242.1013600197,21978.9139964517)
(-313211.55354477,-53661.3709678624,44282.0373883615)
(-357477.842624023,-65512.5131888312,82053.9593173731)
(-439529.045041363,-96669.5757564635,112313.288532408)
(-551899.215636368,-161985.658998791,-127294.264420384)
(-424754.666914325,-102675.500215286,-145947.47689927)
(-279059.184416783,-59415.9065033841,-142106.819088)
(-137318.697138098,-27338.0698681164,-137773.020299601)
(0,0,0)
(0,0,0)
(0,0,0)
(0,0,0)
(0,0,0)
(0,0,0)
(-229742.601924318,-63759.1608435188,3487.00641407925)
(-233237.716531996,-64758.3816615182,8645.45234025228)
(-241847.389911312,-67382.5661670223,17570.2695429306)
(-259407.068834275,-73350.6142037192,32393.6951611692)
(-291831.730482593,-86294.2323640178,50853.7190437834)
(-342730.607567166,-111279.239862376,46979.3345235479)
(-389772.917889603,-142775.812731823,-67932.4833336388)
(-321956.700405895,-111567.36177238,-102620.708124892)
(-219537.275793572,-72069.734207864,-109908.145696536)
(-109961.544660447,-34882.3760291749,-110341.721466037)
(0,0,0)
(0,0,0)
(0,0,0)
(0,0,0)
(0,0,0)
(0,0,0)
(-165842.222295085,-78563.076592774,2503.0255392862)
(-168351.810614505,-79780.4418674721,6037.43930806765)
(-174383.016975687,-82728.084277432,11610.4803428071)
(-185989.516184294,-88674.7055738946,19481.529518515)
(-205488.596328742,-99419.7742588942,25897.357883989)
(-231440.268671296,-115199.286907603,15493.4224075652)
(-246980.067008625,-127098.997701835,-36682.1312817577)
(-210388.04447785,-107139.649772188,-63058.451574952)
(-147451.014886372,-74006.4536957099,-72620.7730015008)
(-75078.2801997749,-37292.7285818622,-75345.0940042025)
(0,0,0)
(0,0,0)
(0,0,0)
(0,0,0)
(0,0,0)
(0,0,0)
(-87288.2061705578,-87426.1272452768,1276.99942826799)
(-88595.5985991041,-88729.1618287151,3028.85561970618)
(-91645.1282495475,-91707.9255623197,5593.61104734265)
(-97261.8496776905,-97234.4200503789,8733.73702528883)
(-106040.943316783,-105975.204196165,10166.4116079128)
(-116272.691441282,-116244.711657503,3607.98002181165)
(-119923.251031194,-119888.736793703,-16692.8108722607)
(-103287.949937717,-103252.72857556,-29843.0619565362)
(-73504.0148513316,-73544.9967968769,-35811.9064861238)
(-37814.7843719302,-37844.0123256862,-37940.7627190792)
(0,0,0)
(0,0,0)
(0,0,0)
(0,0,0)
(0,0,0)
(0,0,0)
(0,0,0)
(0,0,0)
(0,0,0)
(0,0,0)
(0,0,0)
(0,0,0)
(0,0,0)
(0,0,0)
(0,0,0)
(0,0,0)
(0,0,0)
(0,0,0)
(0,0,0)
(0,0,0)
(0,0,0)
(0,0,0)
(0,0,0)
(0,0,0)
(0,0,0)
(0,0,0)
(0,0,0)
(0,0,0)
(0,0,0)
(0,0,0)
(0,0,0)
(0,0,0)
(0,0,0)
(0,0,0)
(0,0,0)
(0,0,0)
(0,0,0)
(0,0,0)
(0,0,0)
(0,0,0)
(0,0,0)
(0,0,0)
(0,0,0)
(0,0,0)
(0,0,0)
(0,0,0)
(0,0,0)
(0,0,0)
(0,0,0)
(0,0,0)
(0,0,0)
(0,0,0)
(0,0,0)
(0,0,0)
(0,0,0)
(0,0,0)
(0,0,0)
(0,0,0)
(0,0,0)
(0,0,0)
(0,0,0)
(0,0,0)
(0,0,0)
(0,0,0)
(0,0,0)
(0,0,0)
(0,0,0)
(0,0,0)
(0,0,0)
(0,0,0)
(0,0,0)
(0,0,0)
(0,0,0)
(0,0,0)
(0,0,0)
(0,0,0)
(0,0,0)
(0,0,0)
(0,0,0)
(0,0,0)
(0,0,0)
(0,0,0)
(0,0,0)
(0,0,0)
(0,0,0)
(0,0,0)
(0,0,0)
(0,0,0)
(0,0,0)
(0,0,0)
(0,0,0)
(0,0,0)
(0,0,0)
(0,0,0)
(0,0,0)
(0,0,0)
(0,0,0)
(0,0,0)
(0,0,0)
(0,0,0)
(0,0,0)
(0,0,0)
(0,0,0)
(0,0,0)
(0,0,0)
(0,0,0)
(0,0,0)
(0,0,0)
(0,0,0)
(0,0,0)
(0,0,0)
(0,0,0)
(0,0,0)
(0,0,0)
(0,0,0)
(0,0,0)
(0,0,0)
(0,0,0)
(0,0,0)
(0,0,0)
(0,0,0)
(0,0,0)
(0,0,0)
(0,0,0)
(0,0,0)
(0,0,0)
(0,0,0)
(0,0,0)
(0,0,0)
(0,0,0)
(0,0,0)
(0,0,0)
(0,0,0)
(0,0,0)
(0,0,0)
(0,0,0)
(0,0,0)
(0,0,0)
(0,0,0)
(0,0,0)
(0,0,0)
(0,0,0)
(0,0,0)
(0,0,0)
(0,0,0)
(0,0,0)
(0,0,0)
(0,0,0)
(0,0,0)
(0,0,0)
(0,0,0)
(0,0,0)
(0,0,0)
(0,0,0)
(0,0,0)
(0,0,0)
(0,0,0)
(0,0,0)
(0,0,0)
(0,0,0)
(0,0,0)
(0,0,0)
(0,0,0)
(0,0,0)
(0,0,0)
(0,0,0)
(0,0,0)
(0,0,0)
(0,0,0)
(0,0,0)
(0,0,0)
(0,0,0)
(0,0,0)
(0,0,0)
(0,0,0)
(0,0,0)
(0,0,0)
(0,0,0)
(0,0,0)
(0,0,0)
(0,0,0)
(0,0,0)
(0,0,0)
(0,0,0)
(0,0,0)
(0,0,0)
(0,0,0)
(0,0,0)
(0,0,0)
(0,0,0)
(0,0,0)
(0,0,0)
(0,0,0)
(0,0,0)
(0,0,0)
(0,0,0)
(0,0,0)
(0,0,0)
(0,0,0)
(0,0,0)
(0,0,0)
(0,0,0)
(0,0,0)
(0,0,0)
(0,0,0)
(0,0,0)
(0,0,0)
(0,0,0)
(0,0,0)
(0,0,0)
(0,0,0)
(0,0,0)
(0,0,0)
(0,0,0)
(0,0,0)
(0,0,0)
(0,0,0)
(0,0,0)
(0,0,0)
(0,0,0)
(0,0,0)
(0,0,0)
(0,0,0)
(0,0,0)
(0,0,0)
(0,0,0)
(0,0,0)
(0,0,0)
(0,0,0)
(0,0,0)
(0,0,0)
(0,0,0)
(0,0,0)
(0,0,0)
(0,0,0)
(0,0,0)
(0,0,0)
(0,0,0)
(0,0,0)
(0,0,0)
(0,0,0)
(0,0,0)
(0,0,0)
(0,0,0)
(0,0,0)
(0,0,0)
(0,0,0)
(0,0,0)
(0,0,0)
(0,0,0)
(0,0,0)
(0,0,0)
(0,0,0)
(0,0,0)
(0,0,0)
(0,0,0)
(0,0,0)
(0,0,0)
(0,0,0)
(0,0,0)
(0,0,0)
(0,0,0)
(0,0,0)
(0,0,0)
(0,0,0)
(0,0,0)
(0,0,0)
(0,0,0)
(0,0,0)
(0,0,0)
(0,0,0)
(0,0,0)
(0,0,0)
(0,0,0)
(0,0,0)
(0,0,0)
(0,0,0)
(0,0,0)
(0,0,0)
(0,0,0)
(0,0,0)
(0,0,0)
(0,0,0)
(0,0,0)
(0,0,0)
(0,0,0)
(0,0,0)
(0,0,0)
(0,0,0)
(0,0,0)
(0,0,0)
(0,0,0)
(0,0,0)
(0,0,0)
(0,0,0)
(0,0,0)
(0,0,0)
(0,0,0)
(0,0,0)
(0,0,0)
(0,0,0)
(0,0,0)
(0,0,0)
(0,0,0)
(0,0,0)
(0,0,0)
(0,0,0)
(0,0,0)
(0,0,0)
(0,0,0)
(0,0,0)
(0,0,0)
(0,0,0)
(0,0,0)
(0,0,0)
(0,0,0)
(0,0,0)
(0,0,0)
(0,0,0)
(0,0,0)
(0,0,0)
(0,0,0)
(0,0,0)
(0,0,0)
(0,0,0)
(0,0,0)
(0,0,0)
(0,0,0)
(0,0,0)
(0,0,0)
(0,0,0)
(0,0,0)
(0,0,0)
(0,0,0)
(0,0,0)
(0,0,0)
(0,0,0)
(0,0,0)
(0,0,0)
(0,0,0)
(0,0,0)
(0,0,0)
(0,0,0)
(0,0,0)
(0,0,0)
(0,0,0)
(0,0,0)
(0,0,0)
(0,0,0)
(0,0,0)
(0,0,0)
(0,0,0)
(0,0,0)
(0,0,0)
(0,0,0)
(0,0,0)
(0,0,0)
(0,0,0)
(0,0,0)
(0,0,0)
(0,0,0)
(0,0,0)
(0,0,0)
(0,0,0)
(0,0,0)
(0,0,0)
(0,0,0)
(0,0,0)
(0,0,0)
(0,0,0)
(0,0,0)
(0,0,0)
(0,0,0)
(0,0,0)
(0,0,0)
(0,0,0)
(0,0,0)
(0,0,0)
(0,0,0)
(0,0,0)
(0,0,0)
(0,0,0)
(0,0,0)
(0,0,0)
(0,0,0)
(0,0,0)
(0,0,0)
(0,0,0)
(0,0,0)
(0,0,0)
(0,0,0)
(0,0,0)
(0,0,0)
(0,0,0)
(0,0,0)
(0,0,0)
(0,0,0)
(0,0,0)
(0,0,0)
(0,0,0)
(0,0,0)
(0,0,0)
(0,0,0)
(0,0,0)
(0,0,0)
(0,0,0)
(0,0,0)
(0,0,0)
(0,0,0)
(0,0,0)
(0,0,0)
(0,0,0)
(0,0,0)
(0,0,0)
(0,0,0)
(0,0,0)
(0,0,0)
(0,0,0)
(0,0,0)
(0,0,0)
(0,0,0)
(0,0,0)
(0,0,0)
(0,0,0)
(0,0,0)
(0,0,0)
(0,0,0)
(0,0,0)
(0,0,0)
(0,0,0)
(0,0,0)
(0,0,0)
(0,0,0)
(0,0,0)
(0,0,0)
(0,0,0)
(0,0,0)
(0,0,0)
(0,0,0)
(0,0,0)
(0,0,0)
(0,0,0)
(0,0,0)
(0,0,0)
(0,0,0)
(0,0,0)
(0,0,0)
(0,0,0)
(0,0,0)
(0,0,0)
(0,0,0)
(0,0,0)
(0,0,0)
(0,0,0)
(0,0,0)
(0,0,0)
(0,0,0)
(0,0,0)
(0,0,0)
(0,0,0)
(0,0,0)
(0,0,0)
(0,0,0)
(0,0,0)
(0,0,0)
(0,0,0)
(0,0,0)
(0,0,0)
(0,0,0)
(0,0,0)
(0,0,0)
(0,0,0)
(0,0,0)
(0,0,0)
(0,0,0)
(0,0,0)
(0,0,0)
(0,0,0)
(0,0,0)
(0,0,0)
(0,0,0)
(0,0,0)
(0,0,0)
(0,0,0)
(0,0,0)
(0,0,0)
(0,0,0)
(0,0,0)
(0,0,0)
(0,0,0)
(0,0,0)
(0,0,0)
(0,0,0)
(0,0,0)
(0,0,0)
(0,0,0)
(0,0,0)
(0,0,0)
(0,0,0)
(0,0,0)
(0,0,0)
(0,0,0)
(0,0,0)
(0,0,0)
(0,0,0)
(0,0,0)
(0,0,0)
(0,0,0)
(0,0,0)
(0,0,0)
(0,0,0)
(0,0,0)
(0,0,0)
(0,0,0)
(0,0,0)
(0,0,0)
(0,0,0)
(0,0,0)
(0,0,0)
(0,0,0)
(0,0,0)
(0,0,0)
(0,0,0)
(0,0,0)
(0,0,0)
(0,0,0)
(0,0,0)
(0,0,0)
(0,0,0)
(0,0,0)
(0,0,0)
(0,0,0)
(0,0,0)
(0,0,0)
(0,0,0)
(0,0,0)
(0,0,0)
(0,0,0)
(0,0,0)
(0,0,0)
(0,0,0)
(0,0,0)
(0,0,0)
(0,0,0)
(0,0,0)
(0,0,0)
(0,0,0)
(0,0,0)
(0,0,0)
(0,0,0)
(0,0,0)
(0,0,0)
(0,0,0)
(0,0,0)
(0,0,0)
(0,0,0)
(0,0,0)
(0,0,0)
(0,0,0)
(0,0,0)
(0,0,0)
(0,0,0)
(0,0,0)
(0,0,0)
(0,0,0)
(0,0,0)
(0,0,0)
(0,0,0)
(0,0,0)
(0,0,0)
(0,0,0)
(0,0,0)
(0,0,0)
(0,0,0)
(0,0,0)
(0,0,0)
(0,0,0)
(0,0,0)
(0,0,0)
(0,0,0)
(0,0,0)
(0,0,0)
(0,0,0)
(0,0,0)
(0,0,0)
(0,0,0)
(0,0,0)
(0,0,0)
(0,0,0)
(0,0,0)
(0,0,0)
(0,0,0)
(0,0,0)
(0,0,0)
(0,0,0)
(0,0,0)
(0,0,0)
(0,0,0)
(0,0,0)
(0,0,0)
(0,0,0)
(0,0,0)
(0,0,0)
(0,0,0)
(0,0,0)
(0,0,0)
(0,0,0)
(0,0,0)
(0,0,0)
(0,0,0)
(0,0,0)
(0,0,0)
(0,0,0)
(0,0,0)
(0,0,0)
(0,0,0)
(0,0,0)
(0,0,0)
(0,0,0)
(0,0,0)
(0,0,0)
(0,0,0)
(0,0,0)
(0,0,0)
(0,0,0)
(0,0,0)
(0,0,0)
(0,0,0)
(0,0,0)
(0,0,0)
(0,0,0)
(0,0,0)
(0,0,0)
(0,0,0)
(0,0,0)
(0,0,0)
(0,0,0)
(0,0,0)
(0,0,0)
(0,0,0)
(0,0,0)
(0,0,0)
(0,0,0)
(0,0,0)
(0,0,0)
(0,0,0)
(0,0,0)
(0,0,0)
(0,0,0)
(0,0,0)
(0,0,0)
(0,0,0)
(0,0,0)
(0,0,0)
(0,0,0)
(0,0,0)
(0,0,0)
(0,0,0)
(0,0,0)
(0,0,0)
(0,0,0)
(0,0,0)
(0,0,0)
(0,0,0)
(0,0,0)
(0,0,0)
(0,0,0)
(0,0,0)
(0,0,0)
(0,0,0)
(0,0,0)
(0,0,0)
(0,0,0)
(0,0,0)
(0,0,0)
(0,0,0)
(0,0,0)
(0,0,0)
(0,0,0)
(0,0,0)
(0,0,0)
(0,0,0)
(0,0,0)
(0,0,0)
(0,0,0)
(0,0,0)
(0,0,0)
(0,0,0)
(0,0,0)
(0,0,0)
(0,0,0)
(0,0,0)
(0,0,0)
(0,0,0)
(0,0,0)
(0,0,0)
(0,0,0)
(0,0,0)
(0,0,0)
(0,0,0)
(0,0,0)
(0,0,0)
(0,0,0)
(0,0,0)
(0,0,0)
(0,0,0)
(0,0,0)
(0,0,0)
(0,0,0)
(0,0,0)
(0,0,0)
(0,0,0)
(0,0,0)
(0,0,0)
(0,0,0)
(0,0,0)
(0,0,0)
(0,0,0)
(0,0,0)
(0,0,0)
(0,0,0)
(0,0,0)
(0,0,0)
(0,0,0)
(0,0,0)
(0,0,0)
(0,0,0)
(0,0,0)
(0,0,0)
(0,0,0)
(0,0,0)
(0,0,0)
(0,0,0)
(0,0,0)
(0,0,0)
(0,0,0)
(0,0,0)
(0,0,0)
(0,0,0)
(0,0,0)
(0,0,0)
(0,0,0)
(0,0,0)
(0,0,0)
(0,0,0)
(0,0,0)
(0,0,0)
(0,0,0)
(0,0,0)
(0,0,0)
(0,0,0)
(0,0,0)
(0,0,0)
(0,0,0)
(0,0,0)
(0,0,0)
(0,0,0)
(0,0,0)
(0,0,0)
(0,0,0)
(0,0,0)
(0,0,0)
(0,0,0)
(0,0,0)
(0,0,0)
(0,0,0)
(0,0,0)
(0,0,0)
(0,0,0)
(0,0,0)
(0,0,0)
(0,0,0)
(0,0,0)
(0,0,0)
(0,0,0)
(0,0,0)
(0,0,0)
(0,0,0)
(0,0,0)
(0,0,0)
(0,0,0)
(0,0,0)
(0,0,0)
(0,0,0)
(0,0,0)
(0,0,0)
(0,0,0)
(0,0,0)
(0,0,0)
(0,0,0)
(0,0,0)
(0,0,0)
(0,0,0)
(0,0,0)
(0,0,0)
(0,0,0)
(0,0,0)
(0,0,0)
(0,0,0)
(0,0,0)
(0,0,0)
(0,0,0)
(0,0,0)
(0,0,0)
(0,0,0)
(0,0,0)
(0,0,0)
(0,0,0)
(0,0,0)
(0,0,0)
(0,0,0)
(0,0,0)
(0,0,0)
(0,0,0)
(0,0,0)
(0,0,0)
(0,0,0)
(0,0,0)
(0,0,0)
