(0,0,0)
(0,0,0)
(0,0,0)
(0,0,0)
(0,0,0)
(0,0,0)
(0,0,0)
(0,0,0)
(0,0,0)
(0,0,0)
(0,0,0)
(0,0,0)
(0,0,0)
(0,0,0)
(0,0,0)
(0,0,0)
(0,0,0)
(0,0,0)
(0,0,0)
(0,0,0)
(0,0,0)
(0,0,0)
(0,0,0)
(0,0,0)
(0,0,0)
(0,0,0)
(0,0,0)
(0,0,0)
(0,0,0)
(0,0,0)
(0,0,0)
(0,0,0)
(0,0,0)
(0,0,0)
(0,0,0)
(0,0,0)
(0,0,0)
(0,0,0)
(0,0,0)
(0,0,0)
(0,0,0)
(0,0,0)
(0,0,0)
(0,0,0)
(0,0,0)
(0,0,0)
(0,0,0)
(0,0,0)
(0,0,0)
(0,0,0)
(0,0,0)
(0,0,0)
(0,0,0)
(0,0,0)
(0,0,0)
(0,0,0)
(0,0,0)
(0,0,0)
(0,0,0)
(0,0,0)
(0,0,0)
(0,0,0)
(0,0,0)
(0,0,0)
(0,0,0)
(0,0,0)
(0,0,0)
(0,0,0)
(0,0,0)
(0,0,0)
(0,0,0)
(0,0,0)
(0,0,0)
(0,0,0)
(0,0,0)
(0,0,0)
(0,0,0)
(0,0,0)
(0,0,0)
(0,0,0)
(0,0,0)
(0,0,0)
(0,0,0)
(0,0,0)
(0,0,0)
(0,0,0)
(0,0,0)
(0,0,0)
(0,0,0)
(0,0,0)
(0,0,0)
(0,0,0)
(0,0,0)
(0,0,0)
(0,0,0)
(0,0,0)
(0,0,0)
(0,0,0)
(0,0,0)
(0,0,0)
(0,0,0)
(0,0,0)
(0,0,0)
(0,0,0)
(0,0,0)
(0,0,0)
(0,0,0)
(0,0,0)
(0,0,0)
(0,0,0)
(0,0,0)
(0,0,0)
(0,0,0)
(0,0,0)
(0,0,0)
(0,0,0)
(0,0,0)
(0,0,0)
(0,0,0)
(0,0,0)
(0,0,0)
(0,0,0)
(0,0,0)
(0,0,0)
(0,0,0)
(0,0,0)
(0,0,0)
(0,0,0)
(0,0,0)
(0,0,0)
(0,0,0)
(0,0,0)
(0,0,0)
(0,0,0)
(0,0,0)
(0,0,0)
(0,0,0)
(0,0,0)
(0,0,0)
(0,0,0)
(0,0,0)
(0,0,0)
(0,0,0)
(0,0,0)
(0,0,0)
(0,0,0)
(0,0,0)
(0,0,0)
(0,0,0)
(0,0,0)
(0,0,0)
(0,0,0)
(0,0,0)
(0,0,0)
(0,0,0)
(0,0,0)
(0,0,0)
(0,0,0)
(0,0,0)
(0,0,0)
(0,0,0)
(0,0,0)
(0,0,0)
(0,0,0)
(0,0,0)
(0,0,0)
(0,0,0)
(0,0,0)
(0,0,0)
(0,0,0)
(0,0,0)
(0,0,0)
(0,0,0)
(0,0,0)
(0,0,0)
(0,0,0)
(0,0,0)
(0,0,0)
(0,0,0)
(0,0,0)
(0,0,0)
(0,0,0)
(0,0,0)
(0,0,0)
(0,0,0)
(0,0,0)
(0,0,0)
(0,0,0)
(0,0,0)
(0,0,0)
(0,0,0)
(0,0,0)
(0,0,0)
(0,0,0)
(0,0,0)
(0,0,0)
(0,0,0)
(0,0,0)
(0,0,0)
(0,0,0)
(0,0,0)
(0,0,0)
(0,0,0)
(0,0,0)
(0,0,0)
(0,0,0)
(0,0,0)
(0,0,0)
(0,0,0)
(0,0,0)
(0,0,0)
(0,0,0)
(0,0,0)
(0,0,0)
(0,0,0)
(0,0,0)
(0,0,0)
(0,0,0)
(0,0,0)
(0,0,0)
(0,0,0)
(0,0,0)
(0,0,0)
(0,0,0)
(0,0,0)
(0,0,0)
(0,0,0)
(0,0,0)
(0,0,0)
(0,0,0)
(0,0,0)
(0,0,0)
(0,0,0)
(0,0,0)
(0,0,0)
(0,0,0)
(0,0,0)
(0,0,0)
(0,0,0)
(0,0,0)
(0,0,0)
(0,0,0)
(0,0,0)
(0,0,0)
(0,0,0)
(0,0,0)
(0,0,0)
(0,0,0)
(0,0,0)
(0,0,0)
(0,0,0)
(0,0,0)
(0,0,0)
(0,0,0)
(0,0,0)
(0,0,0)
(0,0,0)
(0,0,0)
(0,0,0)
(0,0,0)
(0,0,0)
(0,0,0)
(0,0,0)
(0,0,0)
(0,0,0)
(0,0,0)
(0,0,0)
(0,0,0)
(0,0,0)
(0,0,0)
(0,0,0)
(0,0,0)
(0,0,0)
(0,0,0)
(0,0,0)
(0,0,0)
(0,0,0)
(0,0,0)
(0,0,0)
(0,0,0)
(0,0,0)
(0,0,0)
(0,0,0)
(0,0,0)
(0,0,0)
(0,0,0)
(0,0,0)
(0,0,0)
(0,0,0)
(0,0,0)
(0,0,0)
(0,0,0)
(0,0,0)
(0,0,0)
(0,0,0)
(0,0,0)
(0,0,0)
(0,0,0)
(0,0,0)
(0,0,0)
(0,0,0)
(0,0,0)
(0,0,0)
(0,0,0)
(0,0,0)
(0,0,0)
(0,0,0)
(0,0,0)
(0,0,0)
(0,0,0)
(0,0,0)
(0,0,0)
(0,0,0)
(0,0,0)
(0,0,0)
(0,0,0)
(0,0,0)
(0,0,0)
(0,0,0)
(0,0,0)
(0,0,0)
(0,0,0)
(0,0,0)
(0,0,0)
(0,0,0)
(0,0,0)
(0,0,0)
(0,0,0)
(0,0,0)
(0,0,0)
(0,0,0)
(0,0,0)
(0,0,0)
(0,0,0)
(0,0,0)
(0,0,0)
(0,0,0)
(0,0,0)
(0,0,0)
(0,0,0)
(0,0,0)
(0,0,0)
(0,0,0)
(0,0,0)
(0,0,0)
(0,0,0)
(0,0,0)
(0,0,0)
(0,0,0)
(0,0,0)
(0,0,0)
(0,0,0)
(0,0,0)
(0,0,0)
(0,0,0)
(0,0,0)
(0,0,0)
(0,0,0)
(0,0,0)
(0,0,0)
(0,0,0)
(0,0,0)
(0,0,0)
(0,0,0)
(0,0,0)
(0,0,0)
(0,0,0)
(0,0,0)
(0,0,0)
(0,0,0)
(0,0,0)
(0,0,0)
(0,0,0)
(0,0,0)
(0,0,0)
(0,0,0)
(0,0,0)
(0,0,0)
(0,0,0)
(0,0,0)
(0,0,0)
(0,0,0)
(0,0,0)
(0,0,0)
(0,0,0)
(0,0,0)
(0,0,0)
(0,0,0)
(0,0,0)
(0,0,0)
(0,0,0)
(0,0,0)
(0,0,0)
(0,0,0)
(0,0,0)
(0,0,0)
(0,0,0)
(0,0,0)
(0,0,0)
(0,0,0)
(0,0,0)
(0,0,0)
(0,0,0)
(0,0,0)
(0,0,0)
(0,0,0)
(0,0,0)
(0,0,0)
(0,0,0)
(0,0,0)
(0,0,0)
(0,0,0)
(0,0,0)
(0,0,0)
(0,0,0)
(0,0,0)
(0,0,0)
(0,0,0)
(0,0,0)
(0,0,0)
(0,0,0)
(0,0,0)
(0,0,0)
(0,0,0)
(0,0,0)
(0,0,0)
(0,0,0)
(0,0,0)
(0,0,0)
(0,0,0)
(0,0,0)
(0,0,0)
(0,0,0)
(0,0,0)
(0,0,0)
(0,0,0)
(0,0,0)
(0,0,0)
(0,0,0)
(0,0,0)
(0,0,0)
(0,0,0)
(0,0,0)
(0,0,0)
(0,0,0)
(0,0,0)
(0,0,0)
(0,0,0)
(0,0,0)
(0,0,0)
(0,0,0)
(0,0,0)
(0,0,0)
(0,0,0)
(0,0,0)
(0,0,0)
(0,0,0)
(0,0,0)
(0,0,0)
(0,0,0)
(0,0,0)
(0,0,0)
(0,0,0)
(0,0,0)
(0,0,0)
(0,0,0)
(0,0,0)
(0,0,0)
(0,0,0)
(0,0,0)
(0,0,0)
(0,0,0)
(0,0,0)
(0,0,0)
(0,0,0)
(0,0,0)
(0,0,0)
(0,0,0)
(0,0,0)
(0,0,0)
(0,0,0)
(0,0,0)
(0,0,0)
(0,0,0)
(0,0,0)
(0,0,0)
(0,0,0)
(0,0,0)
(0,0,0)
(0,0,0)
(0,0,0)
(0,0,0)
(0,0,0)
(0,0,0)
(0,0,0)
(0,0,0)
(0,0,0)
(0,0,0)
(0,0,0)
(0,0,0)
(0,0,0)
(0,0,0)
(0,0,0)
(0,0,0)
(0,0,0)
(0,0,0)
(0,0,0)
(0,0,0)
(0,0,0)
(0,0,0)
(0,0,0)
(0,0,0)
(0,0,0)
(0,0,0)
(0,0,0)
(0,0,0)
(0,0,0)
(0,0,0)
(0,0,0)
(0,0,0)
(0,0,0)
(0,0,0)
(0,0,0)
(0,0,0)
(0,0,0)
(0,0,0)
(0,0,0)
(0,0,0)
(0,0,0)
(0,0,0)
(0,0,0)
(0,0,0)
(0,0,0)
(0,0,0)
(0,0,0)
(0,0,0)
(0,0,0)
(0,0,0)
(0,0,0)
(0,0,0)
(0,0,0)
(0,0,0)
(0,0,0)
(0,0,0)
(0,0,0)
(0,0,0)
(0,0,0)
(0,0,0)
(0,0,0)
(0,0,0)
(0,0,0)
(0,0,0)
(0,0,0)
(0,0,0)
(0,0,0)
(0,0,0)
(0,0,0)
(0,0,0)
(0,0,0)
(0,0,0)
(0,0,0)
(0,0,0)
(0,0,0)
(0,0,0)
(0,0,0)
(0,0,0)
(0,0,0)
(0,0,0)
(0,0,0)
(0,0,0)
(0,0,0)
(0,0,0)
(0,0,0)
(0,0,0)
(0,0,0)
(0,0,0)
(0,0,0)
(0,0,0)
(0,0,0)
(0,0,0)
(0,0,0)
(0,0,0)
(0,0,0)
(0,0,0)
(0,0,0)
(0,0,0)
(0,0,0)
(0,0,0)
(0,0,0)
(0,0,0)
(0,0,0)
(0,0,0)
(0,0,0)
(0,0,0)
(0,0,0)
(0,0,0)
(0,0,0)
(0,0,0)
(0,0,0)
(0,0,0)
(0,0,0)
(0,0,0)
(0,0,0)
(0,0,0)
(0,0,0)
(0,0,0)
(0,0,0)
(0,0,0)
(0,0,0)
(0,0,0)
(0,0,0)
(0,0,0)
(0,0,0)
(0,0,0)
(0,0,0)
(0,0,0)
(0,0,0)
(0,0,0)
(0,0,0)
(0,0,0)
(0,0,0)
(0,0,0)
(0,0,0)
(0,0,0)
(0,0,0)
(0,0,0)
(0,0,0)
(0,0,0)
(0,0,0)
(0,0,0)
(0,0,0)
(0,0,0)
(0,0,0)
(0,0,0)
(0,0,0)
(0,0,0)
(0,0,0)
(0,0,0)
(0,0,0)
(0,0,0)
(0,0,0)
(0,0,0)
(0,0,0)
(0,0,0)
(0,0,0)
(0,0,0)
(0,0,0)
(0,0,0)
(0,0,0)
(0,0,0)
(0,0,0)
(0,0,0)
(0,0,0)
(0,0,0)
(0,0,0)
(0,0,0)
(0,0,0)
(0,0,0)
(0,0,0)
(0,0,0)
(0,0,0)
(0,0,0)
(0,0,0)
(0,0,0)
(0,0,0)
(0,0,0)
(0,0,0)
(0,0,0)
(0,0,0)
(0,0,0)
(0,0,0)
(0,0,0)
(0,0,0)
(0,0,0)
(0,0,0)
(0,0,0)
(0,0,0)
(0,0,0)
(0,0,0)
(0,0,0)
(0,0,0)
(0,0,0)
(0,0,0)
(0,0,0)
(0,0,0)
(0,0,0)
(0,0,0)
(0,0,0)
(0,0,0)
(0,0,0)
(0,0,0)
(0,0,0)
(0,0,0)
(0,0,0)
(0,0,0)
(0,0,0)
(0,0,0)
(0,0,0)
(0,0,0)
(0,0,0)
(0,0,0)
(0,0,0)
(0,0,0)
(0,0,0)
(0,0,0)
(0,0,0)
(0,0,0)
(0,0,0)
(0,0,0)
(0,0,0)
(0,0,0)
(0,0,0)
(0,0,0)
(0,0,0)
(0,0,0)
(0,0,0)
(0,0,0)
(0,0,0)
(0,0,0)
(0,0,0)
(0,0,0)
(0,0,0)
(0,0,0)
(0,0,0)
(0,0,0)
(0,0,0)
(0,0,0)
(0,0,0)
(0,0,0)
(0,0,0)
(0,0,0)
(0,0,0)
(0,0,0)
(0,0,0)
(0,0,0)
(0,0,0)
(0,0,0)
(0,0,0)
(0,0,0)
(0,0,0)
(0,0,0)
(0,0,0)
(0,0,0)
(0,0,0)
(0,0,0)
(0,0,0)
(0,0,0)
(0,0,0)
(0,0,0)
(0,0,0)
(0,0,0)
(0,0,0)
(0,0,0)
(0,0,0)
(0,0,0)
(0,0,0)
(0,0,0)
(0,0,0)
(0,0,0)
(0,0,0)
(0,0,0)
(0,0,0)
(0,0,0)
(0,0,0)
(0,0,0)
(0,0,0)
(0,0,0)
(0,0,0)
(0,0,0)
(0,0,0)
(0,0,0)
(0,0,0)
(0,0,0)
(0,0,0)
(0,0,0)
(0,0,0)
(0,0,0)
(0,0,0)
(0,0,0)
(0,0,0)
(0,0,0)
(0,0,0)
(0,0,0)
(0,0,0)
(0,0,0)
(0,0,0)
(0,0,0)
(0,0,0)
(0,0,0)
(0,0,0)
(0,0,0)
(0,0,0)
(0,0,0)
(0,0,0)
(0,0,0)
(0,0,0)
(0,0,0)
(0,0,0)
(0,0,0)
(0,0,0)
(0,0,0)
(0,0,0)
(0,0,0)
(0,0,0)
(0,0,0)
(0,0,0)
(0,0,0)
(0,0,0)
(0,0,0)
(0,0,0)
(0,0,0)
(0,0,0)
(0,0,0)
(0,0,0)
(0,0,0)
(0,0,0)
(0,0,0)
(0,0,0)
(0,0,0)
(-139894.987328363,74438.5070304017,65456.4802979601)
(-147895.996881376,71367.4634769871,141985.013702348)
(-166460.892977517,64955.5794826659,243490.327197196)
(-201605.961901396,54929.2309486227,390167.05814998)
(-265076.215028061,41440.9139140088,613802.359264032)
(-378978.888532182,25866.505116974,966914.742679243)
(-585306.693276997,11681.5768055386,1540539.85915072)
(-958238.683577042,3013.52416038443,2495765.01856739)
(-1580501.97178259,100.047549718716,4076166.94280023)
(-2202155.41636181,-198.91222922789,6278521.27139135)
(0,0,0)
(0,0,0)
(0,0,0)
(0,0,0)
(0,0,0)
(0,0,0)
(-147893.288957866,159951.70419279,62380.0917954762)
(-155988.080000895,154157.896338028,135577.738935333)
(-174863.535368528,141963.683517285,233433.170269239)
(-210855.18755159,122591.561517407,376626.027252046)
(-276071.267711897,95902.3942822308,598235.814595719)
(-392710.209576309,64077.1957995321,952735.333489458)
(-601333.317895918,33933.0042644385,1531817.22392647)
(-972861.390070868,14858.2356153612,2492833.90254231)
(-1590262.19378055,7304.96287416594,4075891.18099846)
(-2206710.84110054,3705.81024529962,6278697.29962439)
(0,0,0)
(0,0,0)
(0,0,0)
(0,0,0)
(0,0,0)
(0,0,0)
(-166259.514022827,269586.404859429,56624.813356188)
(-174495.113355341,261811.088777336,123466.734272225)
(-193970.839732668,245304.414699803,214096.842822381)
(-231779.103721595,218584.346218216,349883.161843169)
(-301177.741388868,180526.717015555,566436.5804987)
(-425067.553287394,132918.723521147,922662.606064483)
(-640850.759798721,84677.1068411173,1512769.26328654)
(-1009233.0482163,51540.8396759669,2485319.70744218)
(-1613674.55463982,33983.9548436484,4072315.27011258)
(-2217304.32215251,18404.2267968712,6274921.17571352)
(0,0,0)
(0,0,0)
(0,0,0)
(0,0,0)
(0,0,0)
(0,0,0)
(-200579.919284873,421294.388255774,48871.9358885283)
(-208967.987928376,412635.066768364,107015.945825879)
(-229206.839930173,394173.783538971,187353.416916875)
(-269608.992928015,363817.084380692,311729.671682406)
(-345882.021580777,319362.166468753,518776.243809997)
(-483692.23982721,260921.016251786,874466.190906559)
(-716597.229246459,196021.107574453,1479719.41941968)
(-1079664.5570751,143008.232376089,2467916.58379463)
(-1656620.99252731,101646.500556687,4056875.03060884)
(-2236038.90472141,54696.0686015895,6256622.09352569)
(0,0,0)
(0,0,0)
(0,0,0)
(0,0,0)
(0,0,0)
(0,0,0)
(-262126.449694587,643245.603781149,40175.2341692057)
(-270492.913503147,634796.831639695,88506.3828010197)
(-291131.632275076,616841.899400409,156969.899214658)
(-333721.8536616,587261.263172922,267247.574084029)
(-417120.125759769,543433.892451959,460295.973860591)
(-572165.727123174,483855.270824469,809527.446411062)
(-832013.942962822,410827.557651967,1426734.93929637)
(-1186952.94633057,330032.221643734,2426663.89635933)
(-1719074.92927961,237298.443694499,4010086.88250123)
(-2263136.57195119,125800.763344554,6202118.75970945)
(0,0,0)
(0,0,0)
(0,0,0)
(0,0,0)
(0,0,0)
(0,0,0)
(-373257.939102939,984766.942567009,31736.6003170852)
(-381217.867597219,977226.85066341,70524.4488905822)
(-401190.979014961,961204.401002533,127352.926303421)
(-443364.135488633,934572.987824638,223405.337140328)
(-527654.348890655,893776.305954364,400717.272528587)
(-685651.870411449,833703.651842799,736520.761921715)
(-946320.997307322,747629.226050351,1346040.09083065)
(-1285152.28408079,627177.015679202,2334047.58087598)
(-1786768.01900524,459298.835404223,3898815.20817156)
(-2297243.68791706,245220.697634218,6076638.96179888)
(0,0,0)
(0,0,0)
(0,0,0)
(0,0,0)
(0,0,0)
(0,0,0)
(-577240.550520675,1537762.92136002,24244.5717276555)
(-584291.421355227,1531259.26654632,54503.5771999791)
(-602251.297770013,1517290.8691645,100668.406808026)
(-640785.497203585,1493476.97003372,182549.921802534)
(-719080.507395022,1454821.21391284,340585.521239079)
(-867533.915227745,1391364.52897754,650458.559332092)
(-1112182.36760505,1284583.20272955,1225686.95025796)
(-1420270.48796609,1106819.45640249,2166314.99750075)
(-1887593.25782239,828196.944619161,3685010.14610814)
(-2352859.20385581,451267.8276486,5831822.21994967)
(0,0,0)
(0,0,0)
(0,0,0)
(0,0,0)
(0,0,0)
(0,0,0)
(-950333.144593653,2470308.76147306,17787.3044806104)
(-955959.514863922,2464415.48413059,40590.6017602767)
(-970445.249684517,2451431.73718897,76894.9834203496)
(-1001805.61832752,2428242.95227564,143934.61950592)
(-1066158.67410509,2387791.7138323,277122.793691547)
(-1189564.82961726,2314358.51957708,543693.63270925)
(-1394462.58797369,2174711.40671094,1048028.01670151)
(-1643874.37642782,1910834.69801786,1887887.15151399)
(-2070650.07729713,1478329.52369556,3308404.64973471)
(-2459215.77353632,837937.078597608,5380951.17232197)
(0,0,0)
(0,0,0)
(0,0,0)
(0,0,0)
(0,0,0)
(0,0,0)
(-1575141.52076837,4033537.46724972,11912.8149917028)
(-1578966.86983017,4027621.27413148,27673.8948209801)
(-1588801.14093242,4014122.5124075,53784.260534804)
(-1609888.83072742,3988405.25357629,103510.789961559)
(-1652395.59282733,3940017.85318263,203680.243438561)
(-1732235.48395398,3846151.963071,404122.28389863)
(-1866343.50835724,3660838.52526083,784338.673705985)
(-2065567.96259886,3305042.2172985,1455699.11702425)
(-2408246.85333346,2673802.16660019,2668473.32745296)
(-2644719.88910051,1607623.08859076,4543507.20656032)
(0,0,0)
(0,0,0)
(0,0,0)
(0,0,0)
(0,0,0)
(0,0,0)
(-2199689.20618366,6227207.6296991,6019.04373426729)
(-2201593.70521172,6221021.76628133,14212.2567961385)
(-2206472.46777235,6206630.71952852,28176.5174475046)
(-2216821.36656297,6178210.33538863,55192.8021981878)
(-2237400.51769582,6122815.78404385,109795.389032797)
(-2275849.15397466,6012930.87439674,218865.631681686)
(-2342946.72438471,5793916.84927555,428734.03205165)
(-2456023.74849364,5365010.46229357,824789.535550195)
(-2644084.62090981,4539967.20054423,1602709.12251591)
(-2662880.48885877,2936858.12261831,2936354.57734718)
(0,0,0)
(0,0,0)
(0,0,0)
(0,0,0)
(0,0,0)
(0,0,0)
(0,0,0)
(0,0,0)
(0,0,0)
(0,0,0)
(0,0,0)
(0,0,0)
(0,0,0)
(0,0,0)
(0,0,0)
(0,0,0)
(0,0,0)
(0,0,0)
(0,0,0)
(0,0,0)
(0,0,0)
(0,0,0)
(0,0,0)
(0,0,0)
(0,0,0)
(0,0,0)
(0,0,0)
(0,0,0)
(0,0,0)
(0,0,0)
(0,0,0)
(0,0,0)
(0,0,0)
(0,0,0)
(0,0,0)
(0,0,0)
(0,0,0)
(0,0,0)
(0,0,0)
(0,0,0)
(0,0,0)
(0,0,0)
(0,0,0)
(0,0,0)
(0,0,0)
(0,0,0)
(0,0,0)
(0,0,0)
(0,0,0)
(0,0,0)
(0,0,0)
(0,0,0)
(0,0,0)
(0,0,0)
(0,0,0)
(0,0,0)
(0,0,0)
(0,0,0)
(0,0,0)
(0,0,0)
(0,0,0)
(0,0,0)
(0,0,0)
(0,0,0)
(0,0,0)
(0,0,0)
(0,0,0)
(0,0,0)
(0,0,0)
(0,0,0)
(0,0,0)
(0,0,0)
(0,0,0)
(0,0,0)
(0,0,0)
(0,0,0)
(0,0,0)
(0,0,0)
(0,0,0)
(0,0,0)
(0,0,0)
(0,0,0)
(0,0,0)
(0,0,0)
(0,0,0)
(0,0,0)
(0,0,0)
(0,0,0)
(0,0,0)
(0,0,0)
(0,0,0)
(0,0,0)
(0,0,0)
(0,0,0)
(0,0,0)
(0,0,0)
(0,0,0)
(0,0,0)
(0,0,0)
(0,0,0)
(0,0,0)
(0,0,0)
(20652164.3378857,66362.7406056284,57400.6194261779)
(20638761.7993221,63210.2557738916,123355.252694778)
(20607892.8296502,56509.0536269997,208315.161685839)
(20550140.2350021,45667.6546829333,326723.995345252)
(20447182.4040247,30420.5481929788,499867.513345386)
(20264013.498391,12110.0302569309,760587.781411018)
(19927833.0413498,-4335.4023545332,1167606.13438451)
(19263346.2960425,-11587.5135171108,1873431.35352792)
(17764044.2037431,-9643.80390625069,3454351.66715441)
(13692378.2840888,-4756.14266202418,8480396.79461171)
(0,0,0)
(0,0,0)
(0,0,0)
(0,0,0)
(0,0,0)
(0,0,0)
(20638527.6210852,141505.501815381,54259.0139931125)
(20625082.2414567,135563.881088612,116657.752466659)
(20593916.8782156,122782.824676617,197426.253078782)
(20535040.2309066,101617.797553036,311403.376996383)
(20429263.3420464,70759.1572965941,481552.843380338)
(20240946.7048364,31685.5741663016,744143.070304199)
(19899588.8226349,-5611.70707902963,1160319.9197438)
(19237854.9446168,-21546.0346837972,1875384.79146868)
(17748184.3228168,-16151.7668864062,3459268.92309727)
(13685437.9180818,-6923.65678259529,8485110.36328117)
(0,0,0)
(0,0,0)
(0,0,0)
(0,0,0)
(0,0,0)
(0,0,0)
(20607490.4436182,235208.501620987,48369.7277991488)
(20594001.5172594,227314.761116508,103944.90240235)
(20562220.8254888,210075.662212417,176283.084890996)
(20500742.4824951,180724.155785708,280477.825687636)
(20387598.6288196,135773.023147721,442510.274873936)
(20183800.0556875,74268.7169355453,706882.208375809)
(19822908.8738554,8932.88326801798,1144400.6696206)
(19167505.326286,-18893.2261948008,1880832.17187522)
(17707296.7218872,-8985.48766942116,3468517.30137697)
(13668494.2305962,-334.462284618252,8491952.23937619)
(0,0,0)
(0,0,0)
(0,0,0)
(0,0,0)
(0,0,0)
(0,0,0)
(20550288.0353486,359697.200606617,40466.0316266886)
(20536811.8641146,351109.409826502,86714.2161196498)
(20504235.6495303,332263.733033879,146906.341083653)
(20438727.942963,299694.000664241,235422.245560016)
(20312077.7881273,248116.433537986,380941.710707606)
(20073333.2792658,172463.152081568,641544.441714426)
(19652420.73263,80639.3289569317,1116642.719395)
(19007280.4149021,35743.8291149122,1890883.37735401)
(17624608.176374,39190.5483853555,3477300.85764367)
(13636730.1810985,27598.2947219733,8492421.70006327)
(0,0,0)
(0,0,0)
(0,0,0)
(0,0,0)
(0,0,0)
(0,0,0)
(20449498.400712,532084.898127406,31810.1373184784)
(20436326.0138154,524101.292952891,67822.0121194065)
(20403584.456401,506849.962694072,114342.379029082)
(20334628.5889638,477664.809161944,183843.813151808)
(20192480.3708893,432914.424152155,305268.011134514)
(19901341.3047065,370365.405407536,549681.411224891)
(19345815.3280955,296537.188228514,1071776.96614084)
(18710111.1140328,231845.758961514,1894433.66117684)
(17494926.3439186,169593.3050573,3465852.31655244)
(13589457.7632197,91676.4317129607,8465002.52963624)
(0,0,0)
(0,0,0)
(0,0,0)
(0,0,0)
(0,0,0)
(0,0,0)
(20270148.6415692,780717.105510099,23783.8971908868)
(20257858.9432252,774122.834047312,50508.2305199032)
(20226670.1410398,760183.927238476,85135.8311667013)
(20158957.9080691,737192.358681629,139108.923335327)
(20015119.4583089,702357.273235112,242714.952298722)
(19715605.0395115,651794.222348868,475851.910680273)
(19152973.0833243,581744.437751774,1007173.26577137)
(18545346.8353006,492013.752001761,1832328.83859554)
(17384404.7581614,358391.665487684,3388180.38624438)
(13535249.5679205,189538.403144973,8373647.84422057)
(0,0,0)
(0,0,0)
(0,0,0)
(0,0,0)
(0,0,0)
(0,0,0)
(19937471.9321887,1164624.95343269,17202.3546138508)
(19926755.3311407,1159555.72627821,36545.395132887)
(19899077.9570091,1149114.66709089,62108.0857472992)
(19837608.5564415,1132490.35688489,104238.71914476)
(19703480.1087766,1107762.37372971,192095.687724472)
(19417059.2374231,1069319.15089125,405800.291776992)
(18871312.5285982,1002307.22584023,917565.292731102)
(18322965.6923954,883232.737248487,1698932.81236875)
(17220797.5965334,645113.604544717,3219642.70420166)
(13442783.4805923,344867.091902665,8184494.01624178)
(0,0,0)
(0,0,0)
(0,0,0)
(0,0,0)
(0,0,0)
(0,0,0)
(19272450.056447,1845521.75203195,12142.6856059662)
(19264000.5508921,1841439.54940573,26121.4819682147)
(19241945.7100429,1833124.91536845,45542.9592091025)
(19192270.815029,1820201.85164073,79577.7163425924)
(19081740.7373908,1801581.76079025,153681.60303189)
(18838776.8853784,1771685.65502191,338796.069151588)
(18361040.6644736,1702822.51862493,798600.209165537)
(18003578.7637026,1489130.62503955,1461071.86648971)
(16890889.5821958,1140714.1296219,2919754.36716543)
(13228812.7889103,652411.71236934,7840003.86949791)
(0,0,0)
(0,0,0)
(0,0,0)
(0,0,0)
(0,0,0)
(0,0,0)
(17769278.0202346,3408877.79187674,8047.10439821969)
(17763599.0322948,3404911.2196143,17832.217310543)
(17748879.8548331,3396389.65261354,32709.1695457874)
(17716399.9021733,3381428.58845798,61016.3850736523)
(17647239.0922337,3354985.23775095,123800.908297673)
(17506571.2468692,3302526.44410733,269976.07363508)
(17252976.565874,3184235.05622823,585066.147046486)
(16896902.9305269,2914575.62549835,1112972.93870789)
(15891406.9951089,2437934.98557953,2431920.91955385)
(12577929.8876462,1589421.09066306,7188084.44975927)
(0,0,0)
(0,0,0)
(0,0,0)
(0,0,0)
(0,0,0)
(0,0,0)
(13694263.6646965,8426655.41444645,4092.19179592105)
(13691452.2376277,8422449.47468903,9330.67912753698)
(13684249.6406944,8412981.9904491,17838.9180711178)
(13668663.0342456,8394967.79119784,34637.9997687064)
(13636522.4993514,8360192.43702658,71330.4686917639)
(13573313.8044177,8288792.88081592,151723.758836755)
(13456289.3417049,8136935.81897165,315609.615249636)
(13232197.3315254,7821089.99007091,636696.855904051)
(12578473.4371066,7184026.38524724,1583870.08346584)
(10227424.9783993,5599663.54650581,5599144.84561092)
(0,0,0)
(0,0,0)
(0,0,0)
(0,0,0)
(0,0,0)
(0,0,0)
(0,0,0)
(0,0,0)
(0,0,0)
(0,0,0)
(0,0,0)
(0,0,0)
(0,0,0)
(0,0,0)
(0,0,0)
(0,0,0)
(0,0,0)
(0,0,0)
(0,0,0)
(0,0,0)
(0,0,0)
(0,0,0)
(0,0,0)
(0,0,0)
(0,0,0)
(0,0,0)
(0,0,0)
(0,0,0)
(0,0,0)
(0,0,0)
(0,0,0)
(0,0,0)
(0,0,0)
(0,0,0)
(0,0,0)
(0,0,0)
(0,0,0)
(0,0,0)
(0,0,0)
(0,0,0)
(0,0,0)
(0,0,0)
(0,0,0)
(0,0,0)
(0,0,0)
(0,0,0)
(0,0,0)
(0,0,0)
(0,0,0)
(0,0,0)
(0,0,0)
(0,0,0)
(0,0,0)
(0,0,0)
(0,0,0)
(0,0,0)
(0,0,0)
(0,0,0)
(0,0,0)
(0,0,0)
(0,0,0)
(0,0,0)
(0,0,0)
(0,0,0)
(0,0,0)
(0,0,0)
(0,0,0)
(0,0,0)
(0,0,0)
(0,0,0)
(0,0,0)
(0,0,0)
(0,0,0)
(0,0,0)
(0,0,0)
(0,0,0)
(0,0,0)
(0,0,0)
(0,0,0)
(0,0,0)
(0,0,0)
(0,0,0)
(0,0,0)
(0,0,0)
(0,0,0)
(0,0,0)
(0,0,0)
(0,0,0)
(0,0,0)
(0,0,0)
(0,0,0)
(0,0,0)
(0,0,0)
(0,0,0)
(0,0,0)
(0,0,0)
(0,0,0)
(0,0,0)
(0,0,0)
(0,0,0)
(0,0,0)
(0,0,0)
(-360124.070149854,52564.3610014398,43901.3617882465)
(-374873.925789433,49378.160730179,92336.2409236303)
(-408380.788558517,42414.2568371916,150372.917049379)
(-469432.454901019,30484.351266977,223638.570439676)
(-574009.904755841,12422.8184122874,316585.375562067)
(-748565.162101345,-11014.9742617934,424356.325070448)
(-1034180.5253288,-32598.3859678065,503145.592471065)
(-1486363.35548005,-37080.5618198217,374113.120567588)
(-2134703.68775269,-25483.8577880748,-617477.815394465)
(-2616897.16279778,-11687.1876503987,-5212337.8661033)
(0,0,0)
(0,0,0)
(0,0,0)
(0,0,0)
(0,0,0)
(0,0,0)
(-375745.376788701,110280.935034113,40733.7385952928)
(-390278.594804983,104283.215397759,85366.8349435326)
(-423460.358639807,90924.9550232544,138410.688367007)
(-484593.688219338,67203.5665476157,205502.706966415)
(-590764.885183492,29006.466027838,293124.601334905)
(-770054.814431515,-25491.950531068,402780.411626153)
(-1062379.63497648,-82314.2909647973,498642.088988615)
(-1510189.61685415,-91932.7914365466,385716.194830394)
(-2146667.7602101,-57075.9294054578,-603662.335771084)
(-2621126.56231948,-23893.1183878864,-5200714.609878)
(0,0,0)
(0,0,0)
(0,0,0)
(0,0,0)
(0,0,0)
(0,0,0)
(-410703.513276111,177861.835554471,34790.3711281727)
(-424774.88032423,169997.082984806,72030.2158789134)
(-457367.424746487,152036.700721018,114684.035170519)
(-519108.047010958,118673.082308187,167242.363670008)
(-630814.167952678,60198.7812499518,238640.159974269)
(-828636.3336093,-36202.6981905568,345964.611684545)
(-1156735.90849559,-161537.161430552,489009.579255329)
(-1592721.60148054,-179119.4789208,420600.509260206)
(-2182847.33012861,-91684.3990860543,-570469.654289124)
(-2632712.05937413,-32079.6634557572,-5176899.50449685)
(0,0,0)
(0,0,0)
(0,0,0)
(0,0,0)
(0,0,0)
(0,0,0)
(-473373.372551738,258802.376875689,26898.1813333222)
(-486694.450083181,250548.98434951,54029.9089204692)
(-518383.195935208,231573.700771639,81289.0690894155)
(-581408.883560283,195592.340463892,108683.952211081)
(-705571.544539537,128554.047804174,142155.333077773)
(-957686.637630327,557.942588012129,220591.9239495)
(-1449947.01607438,-225867.969001723,471467.794979101)
(-1862953.49270199,-261367.64921358,508127.187630058)
(-2273535.45179684,-90468.2165789637,-510768.051951947)
(-2657594.72903689,-19658.6275726674,-5144686.86294565)
(0,0,0)
(0,0,0)
(0,0,0)
(0,0,0)
(0,0,0)
(0,0,0)
(-578759.590901998,352668.435333258,18569.2479105729)
(-590981.709868653,345607.490895516,34995.7798027518)
(-620902.013400438,329938.557226977,45294.7079028998)
(-683967.437917155,302026.254218172,41634.1357837479)
(-822891.607591042,255627.919057628,14109.557764695)
(-1178650.74671759,184721.925779244,-5885.05924845778)
(-2341548.87567721,103788.706690407,435999.783586235)
(-2777319.21513865,67121.5360900618,679118.242208119)
(-2451482.90151679,59066.4124766903,-439829.826657902)
(-2698422.00434062,37449.5013207066,-5124880.87323671)
(0,0,0)
(0,0,0)
(0,0,0)
(0,0,0)
(0,0,0)
(0,0,0)
(-752446.254698587,447988.249269126,11452.3970862043)
(-763156.095059284,443004.404407315,19247.8366130449)
(-789971.832194132,432657.373761376,17348.3080666114)
(-848661.959589669,415929.511904562,-4757.76720704789)
(-983819.313910924,390806.030439534,-56819.7916150287)
(-1338811.29979734,353300.745575338,-86804.9573481097)
(-2445435.93467145,300099.711139684,399470.370952364)
(-2844726.13170554,269577.205618968,671264.983183733)
(-2534600.64432223,194705.300799419,-461191.187901296)
(-2739290.62842907,97012.9696291188,-5162037.14510589)
(0,0,0)
(0,0,0)
(0,0,0)
(0,0,0)
(0,0,0)
(0,0,0)
(-1036425.9770812,499594.790182322,6468.68311087194)
(-1045263.7883997,496812.221020546,8857.30079218497)
(-1067861.38888246,492032.881731214,598.453467949)
(-1119026.50360716,487229.572208442,-29889.2320330691)
(-1243168.6299958,486102.089378544,-94359.237445601)
(-1590914.57509468,491064.818148649,-139972.182746869)
(-2745552.93030987,492024.312766283,369145.989288794)
(-3114628.25973064,563795.102810344,596699.358977649)
(-2660197.73150994,315119.110712818,-558541.808138074)
(-2806712.57875783,130828.210904801,-5258683.67530956)
(0,0,0)
(0,0,0)
(0,0,0)
(0,0,0)
(0,0,0)
(0,0,0)
(-1489828.40487934,342379.198628587,3671.36763419683)
(-1496489.983771,341081.158557381,4070.27951467207)
(-1513746.08356124,340108.526858265,-4136.25725410516)
(-1553888.84932492,344359.903494987,-30929.6094325902)
(-1656672.38555132,367085.273528164,-89322.3558858083)
(-1975819.52680185,439467.474369005,-138951.285171913)
(-3237548.04512807,594720.282069846,441118.769880262)
(-2638113.01107884,382399.085922742,348383.876303551)
(-2760154.42393096,141151.93893674,-742427.631039354)
(-2910976.44671059,1482.17623387031,-5389115.04599326)
(0,0,0)
(0,0,0)
(0,0,0)
(0,0,0)
(0,0,0)
(0,0,0)
(-2140261.32476139,-666251.717597003,2347.57597560517)
(-2144576.88011856,-667329.163655534,3111.12535601397)
(-2155622.56376321,-668334.547685807,233.933250535098)
(-2180297.36022164,-666404.725511051,-8126.86059431719)
(-2236909.67772374,-655800.821964294,-16914.6803901848)
(-2372286.97451903,-630764.095673156,16352.4257941827)
(-2668262.64834172,-612498.662311079,228987.899144912)
(-2764825.79549028,-750195.625187743,107488.651026607)
(-3019038.86484889,-875100.038143297,-881636.197181463)
(-3066771.29142011,-761166.860213964,-5390108.66691321)
(0,0,0)
(0,0,0)
(0,0,0)
(0,0,0)
(0,0,0)
(0,0,0)
(-2621128.6877722,-5267960.33584627,1278.28547211857)
(-2623223.12781265,-5269332.07010828,2133.87211930972)
(-2628493.99989393,-5271555.3142967,2275.59407271296)
(-2639894.65875184,-5273923.56113227,2529.43744536376)
(-2664209.0761529,-5276480.29368114,8117.79942068579)
(-2715208.43215162,-5284629.22013311,34682.4752040292)
(-2809414.65483818,-5319450.02924977,91515.1534399137)
(-2914082.76138819,-5411205.94106221,-17017.1230180681)
(-3067661.37628925,-5394585.59404095,-767219.43897048)
(-2960425.67593628,-4627903.37448772,-4628454.95560714)
(0,0,0)
(0,0,0)
(0,0,0)
(0,0,0)
(0,0,0)
(0,0,0)
(0,0,0)
(0,0,0)
(0,0,0)
(0,0,0)
(0,0,0)
(0,0,0)
(0,0,0)
(0,0,0)
(0,0,0)
(0,0,0)
(0,0,0)
(0,0,0)
(0,0,0)
(0,0,0)
(0,0,0)
(0,0,0)
(0,0,0)
(0,0,0)
(0,0,0)
(0,0,0)
(0,0,0)
(0,0,0)
(0,0,0)
(0,0,0)
(0,0,0)
(0,0,0)
(0,0,0)
(0,0,0)
(0,0,0)
(0,0,0)
(0,0,0)
(0,0,0)
(0,0,0)
(0,0,0)
(0,0,0)
(0,0,0)
(0,0,0)
(0,0,0)
(0,0,0)
(0,0,0)
(0,0,0)
(0,0,0)
(0,0,0)
(0,0,0)
(0,0,0)
(0,0,0)
(0,0,0)
(0,0,0)
(0,0,0)
(0,0,0)
(0,0,0)
(0,0,0)
(0,0,0)
(0,0,0)
(0,0,0)
(0,0,0)
(0,0,0)
(0,0,0)
(0,0,0)
(0,0,0)
(0,0,0)
(0,0,0)
(0,0,0)
(0,0,0)
(0,0,0)
(0,0,0)
(0,0,0)
(0,0,0)
(0,0,0)
(0,0,0)
(0,0,0)
(0,0,0)
(0,0,0)
(0,0,0)
(0,0,0)
(0,0,0)
(0,0,0)
(0,0,0)
(0,0,0)
(0,0,0)
(0,0,0)
(0,0,0)
(0,0,0)
(0,0,0)
(0,0,0)
(0,0,0)
(0,0,0)
(0,0,0)
(0,0,0)
(0,0,0)
(0,0,0)
(0,0,0)
(0,0,0)
(0,0,0)
(0,0,0)
(0,0,0)
(-425904.986017284,36803.3667841824,28977.549083247)
(-438380.905726436,33867.4879438249,58617.0410764283)
(-466075.860434728,27254.5033035905,89057.6096490523)
(-514462.402820603,15271.122901853,118816.43466678)
(-592606.397281548,-4373.59165144025,141786.518843925)
(-712793.00210841,-32540.3956172601,138554.75446825)
(-885697.475614792,-60808.9129705323,50880.6177247784)
(-1100212.45113984,-60900.0126330178,-274370.273982418)
(-1271786.96449309,-37405.9066076654,-1099881.09063431)
(-1105185.79916609,-15891.2630140729,-2595701.19125189)
(0,0,0)
(0,0,0)
(0,0,0)
(0,0,0)
(0,0,0)
(0,0,0)
(-440101.271659886,75068.4432925379,26090.8183628289)
(-451919.373217631,69571.9422998912,52027.142419412)
(-478088.182928516,56846.0351284957,77063.4348832198)
(-523906.539738279,32558.2836031351,99089.1257008717)
(-598475.46708294,-11143.5662430664,113569.682191941)
(-715195.494437762,-84113.3800569831,110283.346637917)
(-886987.878351372,-176669.413366758,50752.0904090368)
(-1094993.56276912,-174465.688940283,-250878.28736873)
(-1263379.50238086,-93242.9899633529,-1078329.46184227)
(-1100022.2737842,-35472.8320537864,-2579852.18133792)
(0,0,0)
(0,0,0)
(0,0,0)
(0,0,0)
(0,0,0)
(0,0,0)
(-471264.429887632,114987.27897484,20642.0809292247)
(-481751.724011713,107884.574575507,39306.2923410903)
(-504872.279565166,90885.0219504549,52772.1603378082)
(-545413.163795786,56285.0912084516,55350.4695173202)
(-612563.993475275,-14650.9949751123,40607.7237719606)
(-724548.501995397,-165305.638793485,17712.150894544)
(-913839.51752747,-454755.713235771,52902.0597954395)
(-1095271.58743503,-449346.437604539,-169667.205585831)
(-1242861.59635978,-182359.002350698,-1020536.92696731)
(-1087347.46951861,-56942.7703636888,-2544431.57851295)
(0,0,0)
(0,0,0)
(0,0,0)
(0,0,0)
(0,0,0)
(0,0,0)
(-525163.561606079,153285.126922491,13492.3411066996)
(-533729.544237161,146159.715295255,22252.2945409376)
(-552363.26284671,128967.476793658,18149.9066092396)
(-584330.957864224,92989.5611481206,-15632.4890264881)
(-636965.355074952,11229.7786795559,-110119.45214574)
(-740945.312802032,-220368.455321016,-271797.960446511)
(-1117413.87519823,-1117410.33246487,58323.517906432)
(-1175656.01543623,-1175683.10551013,97362.7085462488)
(-1195088.02946896,-268379.008416706,-895064.707715646)
(-1061749.35400821,-60453.2217390431,-2487399.63136904)
(0,0,0)
(0,0,0)
(0,0,0)
(0,0,0)
(0,0,0)
(0,0,0)
(-610523.764160756,178776.442522797,6272.85765845099)
(-616831.208277782,173277.714109852,5004.35725298526)
(-629835.413585855,160747.821522426,-17842.5872903586)
(-648662.941175898,137254.501757487,-97412.0246409791)
(-661998.053526,94706.1297355944,-341781.929762064)
(-596500.143250784,24613.6840121002,-1168914.67256199)
(8.35636601665443e-05,2.30898325626078e-05,-5.39622890967875e-05)
(323.883799283667,-248.979922252145,1004723.24129061)
(-1004072.87162589,-24034.0772307578,-687031.719786285)
(-1015681.36560422,-3410.30418676975,-2426815.27607498)
(0,0,0)
(0,0,0)
(0,0,0)
(0,0,0)
(0,0,0)
(0,0,0)
(-738168.823305138,163797.370803023,701.640326329471)
(-742320.661096234,160741.928729897,-7598.00825677214)
(-750171.469982612,154699.962158708,-41350.5111045674)
(-758303.807140802,145504.947374753,-139959.109170702)
(-748579.138043693,131410.398295471,-411903.553597821)
(-633733.303025608,101156.325461532,-1193524.19181899)
(7.6709136719532e-05,3.13757873988914e-05,-4.35315617183551e-05)
(448.334913840592,-372.407535658137,981176.611594585)
(-980393.844645705,69086.8679131201,-666151.133225817)
(-1015311.03584816,29591.7039633077,-2423132.73395674)
(0,0,0)
(0,0,0)
(0,0,0)
(0,0,0)
(0,0,0)
(0,0,0)
(-916300.122638894,46066.3155024633,-2394.79914173996)
(-918669.453980121,45476.4356706424,-13723.6405020734)
(-922384.879502447,46057.6086534569,-50557.7963768221)
(-922352.661927529,52299.6877095504,-154026.378391253)
(-896169.687764093,72533.6600016805,-442148.582329175)
(-743353.287377916,106066.909666068,-1294620.45425047)
(0.000208680952792628,-7.54523797609761e-05,-5.62654137345788e-05)
(787.216276016527,1040193.81726721,1050987.22266088)
(-1049887.3352725,215064.868824572,-705301.174488005)
(-1056596.1824587,26519.5396720842,-2452345.40649592)
(0,0,0)
(0,0,0)
(0,0,0)
(0,0,0)
(0,0,0)
(0,0,0)
(-1132611.60288997,-308155.790096742,-2994.69639017388)
(-1133728.16639495,-307111.369509666,-13168.7085859213)
(-1134709.12204898,-301873.950185294,-44274.1112594444)
(-1130019.88226393,-282142.824809034,-133700.565801853)
(-1096015.76143406,-213288.683030038,-408534.846887402)
(-920403.143755712,42841.9717937944,-1400726.29206126)
(920.751501598927,1163843.33954159,1040465.87771162)
(-1039225.83248836,255523.654397048,226248.861991294)
(-1307538.34347998,-117863.463556731,-893438.886078388)
(-1145067.84752167,-154379.994470169,-2478447.95112508)
(0,0,0)
(0,0,0)
(0,0,0)
(0,0,0)
(0,0,0)
(0,0,0)
(-1299138.54480677,-1147315.69157281,-1962.87847854262)
(-1299573.29910805,-1146149.89523347,-7927.93376524158)
(-1299594.06626445,-1141374.5400514,-24455.8413978732)
(-1296011.86843659,-1126128.77610102,-64755.3818909379)
(-1279404.48695461,-1083203.9595078,-152345.296182291)
(-1228354.36253304,-973781.13808892,-279654.798285572)
(-1162665.05254773,-753790.059141102,132381.004603121)
(-1330541.84220907,-899603.163746654,-146776.130534383)
(-1430327.44138656,-923862.75915314,-929488.258400282)
(-1172146.86872633,-654919.81777084,-2323572.85779341)
(0,0,0)
(0,0,0)
(0,0,0)
(0,0,0)
(0,0,0)
(0,0,0)
(-1120579.56009906,-2647051.59130199,-813.227943935322)
(-1120731.74251949,-2646307.63310553,-3146.87536502813)
(-1120670.8391205,-2643208.49066375,-9136.08552610114)
(-1119248.88722077,-2634113.72944189,-21796.9037162749)
(-1114029.48555721,-2612293.27608079,-42887.1777389916)
(-1102901.06196087,-2569439.41522905,-59536.2707896247)
(-1099459.63735553,-2510098.41408002,-13182.9333333279)
(-1159037.94927302,-2497207.0779217,-170623.831273438)
(-1175083.11147738,-2327029.19953347,-660035.655704977)
(-939648.577215407,-1667584.72029742,-1668147.85189925)
(0,0,0)
(0,0,0)
(0,0,0)
(0,0,0)
(0,0,0)
(0,0,0)
(0,0,0)
(0,0,0)
(0,0,0)
(0,0,0)
(0,0,0)
(0,0,0)
(0,0,0)
(0,0,0)
(0,0,0)
(0,0,0)
(0,0,0)
(0,0,0)
(0,0,0)
(0,0,0)
(0,0,0)
(0,0,0)
(0,0,0)
(0,0,0)
(0,0,0)
(0,0,0)
(0,0,0)
(0,0,0)
(0,0,0)
(0,0,0)
(0,0,0)
(0,0,0)
(0,0,0)
(0,0,0)
(0,0,0)
(0,0,0)
(0,0,0)
(0,0,0)
(0,0,0)
(0,0,0)
(0,0,0)
(0,0,0)
(0,0,0)
(0,0,0)
(0,0,0)
(0,0,0)
(0,0,0)
(0,0,0)
(0,0,0)
(0,0,0)
(0,0,0)
(0,0,0)
(0,0,0)
(0,0,0)
(0,0,0)
(0,0,0)
(0,0,0)
(0,0,0)
(0,0,0)
(0,0,0)
(0,0,0)
(0,0,0)
(0,0,0)
(0,0,0)
(0,0,0)
(0,0,0)
(0,0,0)
(0,0,0)
(0,0,0)
(0,0,0)
(0,0,0)
(0,0,0)
(0,0,0)
(0,0,0)
(0,0,0)
(0,0,0)
(0,0,0)
(0,0,0)
(0,0,0)
(0,0,0)
(0,0,0)
(0,0,0)
(0,0,0)
(0,0,0)
(0,0,0)
(0,0,0)
(0,0,0)
(0,0,0)
(0,0,0)
(0,0,0)
(0,0,0)
(0,0,0)
(0,0,0)
(0,0,0)
(0,0,0)
(0,0,0)
(0,0,0)
(0,0,0)
(0,0,0)
(0,0,0)
(0,0,0)
(0,0,0)
(-464642.721991469,22460.2350320581,16277.5009421297)
(-473063.128652926,20255.5844102174,30704.1394584031)
(-490994.946325592,15201.8738889651,40421.3514602973)
(-520222.385616537,5806.3641133281,40374.9701429058)
(-563198.512730914,-10285.2201960358,21252.3057883068)
(-621933.737463744,-34985.4769195821,-34621.4819367811)
(-694410.447295975,-62110.4232517915,-163798.087003808)
(-762229.638589558,-55687.7000463021,-446093.199507788)
(-755542.289946082,-28954.5805644082,-933383.293490398)
(-537315.942232307,-10679.6521829731,-1490573.49824119)
(0,0,0)
(0,0,0)
(0,0,0)
(0,0,0)
(0,0,0)
(0,0,0)
(-475400.702070849,43658.5301591696,14101.1352838504)
(-482792.963950506,39565.8925538261,25664.4178731123)
(-498163.320021745,29928.6461739947,31012.7826813103)
(-522269.836959421,10949.7787176227,24232.6652981637)
(-555741.071757924,-25303.7211493117,-3483.22907357767)
(-598431.585551566,-93478.3536817059,-61754.2611976514)
(-649957.186691668,-203496.862274998,-157398.513834148)
(-713931.433702913,-174753.333285593,-419395.009661049)
(-723890.693901347,-72724.4706864755,-915113.928018496)
(-523073.414244515,-22787.3050327594,-1479955.13470838)
(0,0,0)
(0,0,0)
(0,0,0)
(0,0,0)
(0,0,0)
(0,0,0)
(-498524.984650491,60900.0008423329,10019.0840796934)
(-503903.666126168,55730.8786647762,16006.0400832027)
(-514219.6431862,43256.3817802412,12025.6680979924)
(-527683.810352995,17264.643485163,-12018.550112337)
(-539120.467021046,-39137.5164417405,-71628.2812741383)
(-536128.580395163,-181742.71029352,-171783.846262549)
(-502114.08277438,-658321.707793022,-128684.435497609)
(-551578.165667087,-529715.816860096,-317415.373691047)
(-633214.825042963,-134581.360714885,-865205.254979471)
(-486729.567442589,-31352.3713415438,-1457258.09074672)
(0,0,0)
(0,0,0)
(0,0,0)
(0,0,0)
(0,0,0)
(0,0,0)
(-536879.11438964,67794.3885573381,4821.16506855645)
(-539582.203872208,62929.5932815668,3475.11008680803)
(-543051.098599477,51388.3113622415,-13968.9837424233)
(-541188.196304911,28572.4462874994,-68419.5481040746)
(-516394.508655742,-13864.8390683884,-214263.071896646)
(-412587.807087032,-75953.2831791708,-648410.004725995)
(4.15577906678463e-05,7.96092321208489e-06,-2.1490502421164e-05)
(394.791631244067,365.245209349647,77730.5751274981)
(-412666.089749044,-77311.0432256879,-761961.682081611)
(-414823.979282584,-14355.4152736152,-1425884.01287518)
(0,0,0)
(0,0,0)
(0,0,0)
(0,0,0)
(0,0,0)
(0,0,0)
(-593548.847692159,50938.4214201249,-118.949331380652)
(-593494.253762139,47599.6883091111,-8125.99887457569)
(-590073.837881628,40265.3434495643,-36764.6066661286)
(-573512.712538405,27498.3002555713,-110840.689271699)
(-518398.550678735,8060.50636106284,-276365.537548403)
(-363664.928825722,-12660.0381601656,-572493.996992447)
(-4.18943211372451e-06,2.80190350852578e-06,9.95595377094149e-05)
(9.09524254866614e-05,1.37139658962505e-05,-4.69662045625239e-06)
(79.7493780551711,-299.776831211021,-698905.83949123)
(-314519.263979142,-3022.44300047951,-1411400.91338942)
(0,0,0)
(0,0,0)
(0,0,0)
(0,0,0)
(0,0,0)
(0,0,0)
(-669116.524304484,-14586.3236370147,-3527.55394351548)
(-666866.377369137,-15847.23859716,-15534.9107643415)
(-658226.312265325,-17711.2700828877,-49503.4549491782)
(-631332.90800805,-18736.2467552416,-130239.807071117)
(-557354.380488308,-16341.1291342621,-297062.929131167)
(-375092.511504317,-8599.7906284051,-559763.968184212)
(1.79576562538543e-06,8.18643083327897e-06,7.60248992781574e-05)
(6.75934532578012e-05,2.57231867137242e-05,-3.52155756539568e-06)
(127.794320014559,-430.998826046786,-701358.976022368)
(-299864.244805122,-11707.883102748,-1408120.32696314)
(0,0,0)
(0,0,0)
(0,0,0)
(0,0,0)
(0,0,0)
(0,0,0)
(-755611.985566289,-170443.556516972,-4830.90419264581)
(-752106.182201362,-169769.809165701,-17471.6054028616)
(-740616.920502935,-166442.628490549,-50508.2059947212)
(-708263.618561402,-155540.43296766,-127793.063148425)
(-623560.980202316,-127487.971652877,-289254.928191586)
(-418938.346927935,-71273.1745196718,-550996.484750321)
(1.16555437977038e-05,0.000121743207848713,8.98246056697742e-05)
(0.000117373754620428,-7.38585217120053e-07,-8.58640803201467e-07)
(414.762771788374,-42707.8080228665,-712273.500893653)
(-322543.987232341,-62018.6426253025,-1396014.93659745)
(0,0,0)
(0,0,0)
(0,0,0)
(0,0,0)
(0,0,0)
(0,0,0)
(-824041.79999195,-474865.252635205,-4148.10677979735)
(-820357.491983888,-473133.928320112,-14154.6620364532)
(-808827.749128065,-466926.574747739,-39552.0887001682)
(-777160.354570317,-448317.908579744,-99634.140781696)
(-693325.445927369,-396907.427337188,-232905.000604066)
(-479823.459365489,-265362.61715387,-479395.242360096)
(0.000142205291276998,-5.68872755583569e-06,-9.12588755389701e-06)
(363.755076333032,-35982.3947901186,-42235.6259812548)
(-420538.566248799,-240785.579441304,-731157.631793991)
(-423103.241541708,-181541.584565708,-1333599.29583356)
(0,0,0)
(0,0,0)
(0,0,0)
(0,0,0)
(0,0,0)
(0,0,0)
(-802571.529176688,-968996.601403581,-2435.66686170497)
(-799680.975763659,-967501.125801092,-7960.79272512026)
(-790965.826461317,-962626.10926257,-20889.4980134298)
(-767545.230046532,-949526.165959715,-48147.8790235145)
(-705176.024311203,-917991.06207344,-101292.706930665)
(-532541.716461597,-848487.337158601,-213980.632997372)
(629.25317913808,-690781.104348739,-35603.8344019434)
(-427186.987669427,-728296.282487557,-246644.80124416)
(-577560.355420742,-668774.560596121,-671422.906055169)
(-450989.442949219,-422532.285365098,-1151589.63103288)
(0,0,0)
(0,0,0)
(0,0,0)
(0,0,0)
(0,0,0)
(0,0,0)
(-561918.593679998,-1526667.1713465,-990.396476149398)
(-560405.837531876,-1525710.42200195,-3107.00526291534)
(-556028.688134828,-1522632.62662281,-7742.63888835405)
(-544963.689841005,-1514956.23529758,-16597.7669302645)
(-518525.561316491,-1498354.30690504,-31738.4463393671)
(-460371.547927733,-1466653.03620385,-56102.2613272614)
(-362756.210089689,-1410769.1914336,-72817.60150826)
(-435121.841684769,-1338320.44725919,-186709.544324885)
(-453825.398340209,-1152104.6089024,-424637.209155802)
(-330208.503290809,-728062.606453664,-728546.961991845)
(0,0,0)
(0,0,0)
(0,0,0)
(0,0,0)
(0,0,0)
(0,0,0)
(0,0,0)
(0,0,0)
(0,0,0)
(0,0,0)
(0,0,0)
(0,0,0)
(0,0,0)
(0,0,0)
(0,0,0)
(0,0,0)
(0,0,0)
(0,0,0)
(0,0,0)
(0,0,0)
(0,0,0)
(0,0,0)
(0,0,0)
(0,0,0)
(0,0,0)
(0,0,0)
(0,0,0)
(0,0,0)
(0,0,0)
(0,0,0)
(0,0,0)
(0,0,0)
(0,0,0)
(0,0,0)
(0,0,0)
(0,0,0)
(0,0,0)
(0,0,0)
(0,0,0)
(0,0,0)
(0,0,0)
(0,0,0)
(0,0,0)
(0,0,0)
(0,0,0)
(0,0,0)
(0,0,0)
(0,0,0)
(0,0,0)
(0,0,0)
(0,0,0)
(0,0,0)
(0,0,0)
(0,0,0)
(0,0,0)
(0,0,0)
(0,0,0)
(0,0,0)
(0,0,0)
(0,0,0)
(0,0,0)
(0,0,0)
(0,0,0)
(0,0,0)
(0,0,0)
(0,0,0)
(0,0,0)
(0,0,0)
(0,0,0)
(0,0,0)
(0,0,0)
(0,0,0)
(0,0,0)
(0,0,0)
(0,0,0)
(0,0,0)
(0,0,0)
(0,0,0)
(0,0,0)
(0,0,0)
(0,0,0)
(0,0,0)
(0,0,0)
(0,0,0)
(0,0,0)
(0,0,0)
(0,0,0)
(0,0,0)
(0,0,0)
(0,0,0)
(0,0,0)
(0,0,0)
(0,0,0)
(0,0,0)
(0,0,0)
(0,0,0)
(0,0,0)
(0,0,0)
(0,0,0)
(0,0,0)
(0,0,0)
(0,0,0)
(-483901.148285391,11548.9598826176,7709.4664113111)
(-488403.429898608,10417.7305901583,12632.0370668373)
(-497329.163500148,7948.29943659206,11017.9548047991)
(-510060.682235573,3701.50806133319,-2845.25663750008)
(-525357.990646594,-2887.14914237051,-37798.6295794537)
(-540905.059569696,-11506.9464487134,-107320.361024782)
(-552339.371205146,-17657.23624184,-231734.200873781)
(-547098.762853323,-7416.5965740019,-439448.480036013)
(-482573.3708101,2689.68426590961,-715107.083437875)
(-302846.416330985,3569.32518158122,-953145.934520839)
(0,0,0)
(0,0,0)
(0,0,0)
(0,0,0)
(0,0,0)
(0,0,0)
(-490813.734418868,20366.8177139587,6595.17451668077)
(-494263.591107921,18312.7198241297,10170.8124401255)
(-500511.610021207,13737.8825938959,6729.51928228824)
(-507793.944588732,5445.92809604183,-9490.79312311243)
(-512933.685029791,-8718.24037692812,-46467.0886166869)
(-511785.966370262,-31137.8657503721,-113481.788496331)
(-504001.869805947,-55595.6899492495,-221498.651674639)
(-501027.809634362,-12402.2450842667,-429416.62723293)
(-454240.280709572,17928.4783012256,-714305.834460005)
(-290501.543146186,13539.7941178254,-956848.174494584)
(0,0,0)
(0,0,0)
(0,0,0)
(0,0,0)
(0,0,0)
(0,0,0)
(-505133.371167601,22426.3949508557,4548.80928021687)
(-506557.531688757,19935.1426573051,5580.2520096314)
(-507641.075894864,14320.6226230599,-1581.05531086515)
(-503868.534167241,3689.36983034094,-23639.7732309234)
(-486141.414695149,-16468.8635257666,-68868.2024079818)
(-439962.760430315,-58203.0271834121,-137968.860939798)
(-361209.429341912,-156127.759410124,-178341.444911391)
(-365424.897852814,22272.4605406963,-399169.418350628)
(-381612.082218581,85938.2769269042,-718781.959800696)
(-261911.692793764,40509.500091677,-970569.540423363)
(0,0,0)
(0,0,0)
(0,0,0)
(0,0,0)
(0,0,0)
(0,0,0)
(-527572.549460724,11064.0004457463,2055.82957618893)
(-526401.901317558,8896.47437799108,-85.8046991445855)
(-520808.171598679,4210.10669084649,-12218.2157677289)
(-502089.512415544,-3871.51497905683,-43756.0148476963)
(-450083.706469526,-15954.4312817736,-110581.249277902)
(-318375.688943065,-27070.4597613222,-235925.93484396)
(3.51982361832702e-05,7.97372415895991e-06,3.33856894400426e-06)
(251.571092435727,36.0089907596291,-335520.591817815)
(-233480.268000187,335459.318315591,-764227.454955366)
(-213336.55517352,85943.2117735715,-1011148.59074631)
(0,0,0)
(0,0,0)
(0,0,0)
(0,0,0)
(0,0,0)
(0,0,0)
(-557617.574533659,-24719.1084048327,-148.164307914162)
(-553990.811253313,-25916.564682289,-4838.56775645837)
(-542350.748689838,-28052.0774795421,-20299.4727778622)
(-511437.467902575,-30453.7755378605,-55792.4568548906)
(-437512.210956578,-30998.0660841712,-121635.161774649)
(-279383.803364699,-24172.4067468413,-208814.340250154)
(-3.64792982469326e-06,1.40236034299754e-06,8.64957834444033e-06)
(8.05723938404451e-05,4.91314182638103e-06,1.39695800363039e-05)
(542.821428891035,-241.40312620826,-1013649.60720591)
(-156817.242012397,11627.2059993073,-1097035.62339838)
(0,0,0)
(0,0,0)
(0,0,0)
(0,0,0)
(0,0,0)
(0,0,0)
(-591094.480863437,-101344.759419444,-1396.3924264388)
(-585790.952559294,-101345.863641692,-7042.51827688074)
(-570293.392585157,-100356.934834571,-22670.5806020248)
(-532282.946305218,-95908.1503114111,-56266.1675313079)
(-447106.275864903,-82768.8430822068,-114743.495156675)
(-276831.582747601,-52624.2808816827,-184552.549778553)
(1.25193577612074e-06,4.22258664291924e-06,-1.68929546906764e-11)
(5.65185448953952e-05,4.78491847473851e-06,1.12031148210946e-05)
(187.253319501922,-217.157512921541,-1001565.44841725)
(-146889.275111174,-34435.7885703478,-1108477.42354154)
(0,0,0)
(0,0,0)
(0,0,0)
(0,0,0)
(0,0,0)
(0,0,0)
(-616359.520052801,-239163.914802545,-1433.31013039941)
(-610507.645813937,-238284.654176333,-6093.0559831863)
(-594003.45539355,-234897.295242052,-18166.1606850879)
(-554617.88711395,-224680.775068114,-43039.2673758347)
(-467389.66592024,-197471.617612548,-84507.8071275708)
(-291921.292538597,-132359.10248487,-131790.039913718)
(8.76174653573509e-06,8.6140992082999e-06,-1.9980250891784e-11)
(9.75626443378165e-05,6.12882945264478e-06,1.84671793244552e-05)
(263.958952940478,-463869.25996804,-1035503.53557623)
(-156117.399334592,-162668.270080345,-1073697.64196401)
(0,0,0)
(0,0,0)
(0,0,0)
(0,0,0)
(0,0,0)
(0,0,0)
(-608995.033073132,-453667.785714174,-542.896007186859)
(-603771.715095801,-452710.923722284,-2702.40334931527)
(-589286.891284247,-449275.546372593,-7865.01006259137)
(-555072.03165603,-438924.770316347,-15709.3377286457)
(-478218.383340366,-409013.636057002,-19274.3818711946)
(-313801.467427018,-318414.131138648,758.65484411354)
(0.000122621866695566,2.25107652120761e-05,5.66059416135514e-06)
(294.976421261558,-463882.488276512,-463347.369311767)
(-215829.044400308,-398016.206650967,-733909.944477322)
(-199473.829898898,-209540.125040503,-910667.501159968)
(0,0,0)
(0,0,0)
(0,0,0)
(0,0,0)
(0,0,0)
(0,0,0)
(-528003.793608163,-728633.13547242,397.614189724454)
(-524267.714704321,-728447.893177553,721.322585643935)
(-514206.49859044,-727856.96475268,2543.41309484571)
(-491100.399311997,-727094.396066357,14268.2081103343)
(-439815.103063818,-731504.061693572,71397.712499516)
(-322320.898584452,-776522.303536395,319285.067020111)
(872.563631880073,-1054474.08577509,-463482.815315458)
(-220954.514456229,-736511.925644983,-397085.851160176)
(-282410.671791865,-545273.771901755,-544977.969538265)
(-202875.68256017,-301901.059331461,-700730.795636374)
(0,0,0)
(0,0,0)
(0,0,0)
(0,0,0)
(0,0,0)
(0,0,0)
(-326112.484808379,-964939.610350728,500.366006695478)
(-324221.35821221,-965394.764609154,1262.7581186333)
(-319316.125590075,-966634.17267554,3327.40349673871)
(-308587.277083476,-970007.837213786,9864.43188663277)
(-286749.682466231,-979879.169023558,26463.6603663649)
(-245580.447793255,-1006413.16640115,41563.4230966323)
(-182253.236730621,-1048217.98457907,-145195.651458452)
(-207958.506051175,-903424.689190516,-205446.223546511)
(-204965.614473741,-698491.040690411,-301088.738624317)
(-136865.887818532,-397954.723910721,-398377.689517337)
(0,0,0)
(0,0,0)
(0,0,0)
(0,0,0)
(0,0,0)
(0,0,0)
(0,0,0)
(0,0,0)
(0,0,0)
(0,0,0)
(0,0,0)
(0,0,0)
(0,0,0)
(0,0,0)
(0,0,0)
(0,0,0)
(0,0,0)
(0,0,0)
(0,0,0)
(0,0,0)
(0,0,0)
(0,0,0)
(0,0,0)
(0,0,0)
(0,0,0)
(0,0,0)
(0,0,0)
(0,0,0)
(0,0,0)
(0,0,0)
(0,0,0)
(0,0,0)
(0,0,0)
(0,0,0)
(0,0,0)
(0,0,0)
(0,0,0)
(0,0,0)
(0,0,0)
(0,0,0)
(0,0,0)
(0,0,0)
(0,0,0)
(0,0,0)
(0,0,0)
(0,0,0)
(0,0,0)
(0,0,0)
(0,0,0)
(0,0,0)
(0,0,0)
(0,0,0)
(0,0,0)
(0,0,0)
(0,0,0)
(0,0,0)
(0,0,0)
(0,0,0)
(0,0,0)
(0,0,0)
(0,0,0)
(0,0,0)
(0,0,0)
(0,0,0)
(0,0,0)
(0,0,0)
(0,0,0)
(0,0,0)
(0,0,0)
(0,0,0)
(0,0,0)
(0,0,0)
(0,0,0)
(0,0,0)
(0,0,0)
(0,0,0)
(0,0,0)
(0,0,0)
(0,0,0)
(0,0,0)
(0,0,0)
(0,0,0)
(0,0,0)
(0,0,0)
(0,0,0)
(0,0,0)
(0,0,0)
(0,0,0)
(0,0,0)
(0,0,0)
(0,0,0)
(0,0,0)
(0,0,0)
(0,0,0)
(0,0,0)
(0,0,0)
(0,0,0)
(0,0,0)
(0,0,0)
(0,0,0)
(0,0,0)
(0,0,0)
(-491613.548235677,4552.33909729545,3160.06085298128)
(-493482.544735254,4527.44735300522,3711.72833661816)
(-496619.209710171,4743.34488180592,-1741.57033516255)
(-499459.473504385,5924.7744427768,-18267.553509123)
(-499500.187261528,9491.61405431106,-53616.9709484979)
(-493081.325578764,17590.8953069116,-119031.600246343)
(-475364.985401144,30670.5551946249,-226676.541244965)
(-437474.420121058,38639.6567366674,-374940.540713896)
(-353247.746806311,31024.1095786548,-535290.274296345)
(-203880.439928789,15936.1156505417,-650192.366349069)
(0,0,0)
(0,0,0)
(0,0,0)
(0,0,0)
(0,0,0)
(0,0,0)
(-495296.403329041,5903.78502676106,3131.22298070558)
(-496450.689722336,5920.87393696216,3924.89501116678)
(-497756.401644915,6515.83366883422,-602.802152160016)
(-496996.834250539,9289.51729855753,-14764.6553461336)
(-490678.50893802,18032.77214719,-45560.9895307858)
(-474529.935491129,40696.3490374652,-105922.474140481)
(-447796.809784928,87222.732360004,-218679.711326889)
(-421661.087856257,123233.715954142,-382640.49232248)
(-345970.953298684,90592.8437076899,-550478.553862406)
(-200980.045888802,42183.40031455,-666247.33578379)
(0,0,0)
(0,0,0)
(0,0,0)
(0,0,0)
(0,0,0)
(0,0,0)
(-502292.544461987,-55.6236411674949,3118.58196231327)
(-502072.413791352,63.0504078279157,4491.28759403899)
(-499892.135902662,1106.34381564377,2151.83745502588)
(-491831.198291122,5417.41295116587,-6013.39407370056)
(-470773.610887375,19528.2625680131,-22876.6883023002)
(-426103.102147877,63353.497894017,-59393.4954412868)
(-355774.82670688,205099.306085931,-182704.671802254)
(-397465.307846683,387970.3903361,-415400.936190344)
(-341469.503938038,234068.443100868,-599019.113864048)
(-199239.185226166,89095.6098029412,-708603.830920042)
(0,0,0)
(0,0,0)
(0,0,0)
(0,0,0)
(0,0,0)
(0,0,0)
(-511884.663830007,-18961.9529323633,3218.44366047796)
(-509887.260384332,-18726.102496662,5492.95563173802)
(-503207.52305816,-17464.8690883579,6463.51999521742)
(-485025.123643824,-13347.8217319465,8164.3659066127)
(-439961.884898068,-3456.50392933768,21027.3108325135)
(-328217.623673934,11884.0860790078,82338.6573783934)
(2.12099450852745e-05,-5.400310432396e-07,1.20628756042944e-05)
(-461311.135706465,-114.128158151092,-569410.113914556)
(-394238.706240926,569487.787558607,-744071.020131546)
(-212959.099029868,142456.7314692,-797809.597941454)
(0,0,0)
(0,0,0)
(0,0,0)
(0,0,0)
(0,0,0)
(0,0,0)
(-521712.03864786,-58300.10335714,3432.6145389703)
(-518118.534821514,-57871.3397262992,6705.57533681572)
(-507447.289963555,-56227.8382365966,10565.0857587731)
(-480822.937864704,-51514.7303687606,18117.4643577205)
(-418579.359013586,-40745.2581362399,36473.3666216234)
(-279781.456972812,-21730.2086491325,70485.3149578762)
(-5.02651098035316e-06,-3.88777533865824e-07,5.4450726609313e-07)
(5.43342749871354e-05,9.77293688380897e-07,2.5240588565884e-05)
(-719125.420768941,-585.027429000452,-1171120.82080459)
(-266717.703267009,21542.7824674936,-940306.410548255)
(0,0,0)
(0,0,0)
(0,0,0)
(0,0,0)
(0,0,0)
(0,0,0)
(-526319.31365578,-126900.269389534,3824.99882473958)
(-521810.494184763,-126353.36462723,8326.56535114786)
(-509112.231468003,-124373.265065224,15290.8310626203)
(-478928.263722851,-118526.218083505,28947.6361949984)
(-411181.833762588,-103294.093473291,55572.0294297357)
(-267388.644978163,-67886.6736979669,92285.5567091314)
(-3.74367901262697e-07,2.49695394472707e-07,1.29511953378119e-12)
(3.92448181276759e-05,-3.68208330242512e-06,2.19331050536447e-05)
(-680651.315406483,-173.057780732916,-1148776.62695923)
(-268721.932333661,-43701.688821452,-961699.498447789)
(0,0,0)
(0,0,0)
(0,0,0)
(0,0,0)
(0,0,0)
(0,0,0)
(-515431.030337112,-232157.962248318,4329.20314310457)
(-510952.039869575,-231879.580387749,10299.8129592576)
(-498784.790017434,-230491.6295227,21199.512040615)
(-470781.038995291,-225428.822450688,44265.268289137)
(-408925.626582306,-208565.886295294,91073.02177321)
(-274580.735453951,-154472.233072813,160318.024063405)
(4.78460595937059e-06,2.46296519505995e-06,-1.46141188447694e-12)
(5.33382445320886e-05,1.00576661031165e-05,3.04846489387745e-05)
(-745925.453302599,-680145.546895053,-1192052.74755532)
(-268069.526874447,-206104.391270908,-917697.917566011)
(0,0,0)
(0,0,0)
(0,0,0)
(0,0,0)
(0,0,0)
(0,0,0)
(-472797.653516566,-372950.44063375,4595.09882887223)
(-469239.493216243,-373486.943216118,11670.2397776886)
(-459991.675924315,-374452.318606841,26335.7135018964)
(-440195.707982086,-375214.800330111,61245.3677073725)
(-399922.635148272,-370909.879554122,145293.612774103)
(-310580.922757773,-327360.834097525,314961.669129571)
(7.09606965545576e-05,3.90641060258296e-05,1.15680094911071e-05)
(-548277.483249264,-685538.188596511,-679588.848270974)
(-393073.325095746,-464815.760588883,-717674.353881708)
(-198914.003426295,-213038.92475995,-711299.64686527)
(0,0,0)
(0,0,0)
(0,0,0)
(0,0,0)
(0,0,0)
(0,0,0)
(-378032.743361461,-526981.442924042,4059.95204358476)
(-375777.852074542,-528618.494743245,10701.6409409336)
(-370462.535569814,-533132.444655663,25637.8039691294)
(-361578.500298914,-544735.436085906,65636.5407118398)
(-355427.531428683,-578637.428491027,188976.518013612)
(-403285.302741719,-700037.796681232,642617.884754576)
(-833740.024664755,-1237963.4732655,-685289.115466505)
(-409456.071789999,-723817.871061189,-458507.875668049)
(-272134.560633238,-468082.636175615,-465517.11123996)
(-147468.840098228,-236025.852644469,-497937.025817376)
(0,0,0)
(0,0,0)
(0,0,0)
(0,0,0)
(0,0,0)
(0,0,0)
(-216401.748133695,-639030.575818018,2338.39621929318)
(-215328.663529935,-641297.877288025,6125.08408180044)
(-212992.285554925,-647385.542528022,14054.3419190077)
(-209563.568298505,-661472.628520057,31767.8255681898)
(-208091.181368095,-693236.505255235,67708.4012342554)
(-221872.060317901,-761013.495497171,104975.71257485)
(-278162.565058552,-866225.490855289,-170852.941507432)
(-204491.68959339,-695736.939351301,-202400.689675108)
(-148647.841770016,-493783.378021066,-233017.720533381)
(-83176.1641121563,-261200.253903553,-261533.042980671)
(0,0,0)
(0,0,0)
(0,0,0)
(0,0,0)
(0,0,0)
(0,0,0)
(0,0,0)
(0,0,0)
(0,0,0)
(0,0,0)
(0,0,0)
(0,0,0)
(0,0,0)
(0,0,0)
(0,0,0)
(0,0,0)
(0,0,0)
(0,0,0)
(0,0,0)
(0,0,0)
(0,0,0)
(0,0,0)
(0,0,0)
(0,0,0)
(0,0,0)
(0,0,0)
(0,0,0)
(0,0,0)
(0,0,0)
(0,0,0)
(0,0,0)
(0,0,0)
(0,0,0)
(0,0,0)
(0,0,0)
(0,0,0)
(0,0,0)
(0,0,0)
(0,0,0)
(0,0,0)
(0,0,0)
(0,0,0)
(0,0,0)
(0,0,0)
(0,0,0)
(0,0,0)
(0,0,0)
(0,0,0)
(0,0,0)
(0,0,0)
(0,0,0)
(0,0,0)
(0,0,0)
(0,0,0)
(0,0,0)
(0,0,0)
(0,0,0)
(0,0,0)
(0,0,0)
(0,0,0)
(0,0,0)
(0,0,0)
(0,0,0)
(0,0,0)
(0,0,0)
(0,0,0)
(0,0,0)
(0,0,0)
(0,0,0)
(0,0,0)
(0,0,0)
(0,0,0)
(0,0,0)
(0,0,0)
(0,0,0)
(0,0,0)
(0,0,0)
(0,0,0)
(0,0,0)
(0,0,0)
(0,0,0)
(0,0,0)
(0,0,0)
(0,0,0)
(0,0,0)
(0,0,0)
(0,0,0)
(0,0,0)
(0,0,0)
(0,0,0)
(0,0,0)
(0,0,0)
(0,0,0)
(0,0,0)
(0,0,0)
(0,0,0)
(0,0,0)
(0,0,0)
(0,0,0)
(0,0,0)
(0,0,0)
(0,0,0)
(-493742.786511844,852.962305731934,1276.27597043909)
(-494413.543650642,1594.34283768115,612.932048145008)
(-495061.769134293,3643.52628937935,-4588.03481711705)
(-494055.203731987,8376.42550724846,-18368.7300967647)
(-488795.094866509,18302.8150640105,-47376.6375557943)
(-475121.407998399,36155.7121878859,-101492.267324048)
(-446211.537434014,58273.6569079395,-188919.372199119)
(-390148.439836688,54499.4844820971,-290744.836965581)
(-296491.970204089,38340.5878079587,-385841.201375767)
(-162370.385931777,18870.7117091108,-446221.967081885)
(0,0,0)
(0,0,0)
(0,0,0)
(0,0,0)
(0,0,0)
(0,0,0)
(-495180.753055206,-1259.51511387332,1996.8271457675)
(-495667.038768852,174.141019697572,2633.37801026764)
(-495884.947178031,4287.48386943039,117.965963335321)
(-494389.790730157,14380.1074109117,-8492.75946071186)
(-489191.422437176,37894.0482851669,-29571.0791827082)
(-477759.185173151,89140.0767788126,-79326.1940916087)
(-455485.491005136,179273.516410504,-192637.372373967)
(-400374.596300766,147503.540912039,-306927.920359385)
(-304368.523016688,95180.8345045557,-405370.59733798)
(-166317.21951418,43999.2431755441,-465161.95517904)
(0,0,0)
(0,0,0)
(0,0,0)
(0,0,0)
(0,0,0)
(0,0,0)
(-497165.905987425,-9768.08975090039,3381.93616246433)
(-497299.278791956,-7898.12978298239,6681.07196574541)
(-496772.050853214,-2340.29120436398,10188.7619900967)
(-494421.650800672,12115.4885367831,15043.8333737802)
(-489774.118942789,50233.7171936132,21704.6725207489)
(-487293.158883788,161182.893794286,10851.912241187)
(-502032.32398465,560801.256574057,-224418.330644587)
(-439127.710992603,324100.250126909,-359352.636713532)
(-330282.851200358,181314.626198917,-456673.081145574)
(-178033.35909392,75402.5925563586,-509282.256658637)
(0,0,0)
(0,0,0)
(0,0,0)
(0,0,0)
(0,0,0)
(0,0,0)
(-498013.769453759,-28859.6596422983,5220.67551515408)
(-497644.83801371,-27078.075044884,12158.1984064427)
(-496101.575597219,-21895.264850637,24607.2245917784)
(-492171.329783687,-9334.41637758802,53203.3356460055)
(-487049.245223051,17794.1121509224,132730.301013674)
(-505049.035040802,60235.9538117937,410508.65236303)
(-744954.382985966,-117.580914458255,-461159.212153175)
(-557207.299493394,461042.205672769,-502205.003912104)
(-397031.748676282,244563.684314021,-562661.019591866)
(-204138.964219714,88686.1773153824,-584764.739161028)
(0,0,0)
(0,0,0)
(0,0,0)
(0,0,0)
(0,0,0)
(0,0,0)
(-494512.916864928,-63051.1316384988,6992.3502132726)
(-493705.874899244,-61778.8899972181,17280.5052433321)
(-490993.894854419,-58185.401873985,37117.2471575384)
(-483491.547234757,-49908.4030526789,80359.8432026766)
(-462095.16091572,-33578.3111755498,175248.068431292)
(-384997.600333251,-9491.72899386635,350191.894597386)
(3.72946954667025e-05,-1.27668030232516e-05,-3.39348904226802e-05)
(-736644.679335965,-102.589220984173,-718711.457068349)
(-512603.251371176,37903.9162292397,-718573.858381334)
(-242624.397778815,19529.6346323446,-673510.62118648)
(0,0,0)
(0,0,0)
(0,0,0)
(0,0,0)
(0,0,0)
(0,0,0)
(-481336.245632698,-116300.339761971,8266.14010038775)
(-480390.820303272,-115820.318527987,20887.8947496644)
(-477442.602080537,-114365.273391165,45398.1368793819)
(-469510.154587045,-110654.651453025,96726.2761439217)
(-446160.542942313,-101253.68256067,199380.356708766)
(-361962.992890017,-75200.8966824487,359663.872309199)
(3.21137669892102e-05,-2.61366319588552e-05,-2.32833077322227e-05)
(-692419.672406811,58.1669194538737,-680562.954610255)
(-521061.78883916,-65406.2780828338,-736842.286865493)
(-250025.990393952,-43045.3932377244,-692963.200935135)
(0,0,0)
(0,0,0)
(0,0,0)
(0,0,0)
(0,0,0)
(0,0,0)
(-450571.151000262,-189895.012606986,8734.79350815748)
(-449877.972606186,-190515.647264735,22356.0549815129)
(-447960.138349801,-192007.321140597,49173.451063313)
(-443345.225375494,-195117.722511904,106200.708502389)
(-429677.266786259,-199809.345033329,225508.011178996)
(-368669.191389903,-190676.401124374,435071.971556882)
(4.2692773655397e-05,-3.88135618904734e-05,-3.00765266532345e-05)
(-762681.559429495,-548559.850484554,-745853.338909103)
(-515541.647438901,-327376.517709713,-714266.905145917)
(-238744.670265403,-136942.303244109,-649694.851748579)
(0,0,0)
(0,0,0)
(0,0,0)
(0,0,0)
(0,0,0)
(0,0,0)
(-392292.130111017,-278492.990236448,8092.45422390999)
(-392123.836697374,-280350.182174612,20811.3326149174)
(-392062.693991104,-285232.514388551,46107.5439296541)
(-393924.314926119,-296887.400689799,101605.829051581)
(-406190.394905409,-326701.888538164,234766.132313559)
(-471946.446814029,-420423.615666376,625878.870911828)
(-852473.534027408,-834227.293919463,-548277.671203877)
(-573706.610552459,-547047.486352901,-524360.908032333)
(-377170.447941559,-344050.467073711,-523589.835822516)
(-185304.026067443,-161640.372327201,-512501.744098284)
(0,0,0)
(0,0,0)
(0,0,0)
(0,0,0)
(0,0,0)
(0,0,0)
(-297175.768791415,-365599.94511752,6249.98031102798)
(-297360.780277776,-368439.95182509,15922.6781647367)
(-298374.844132002,-375896.156602076,34498.6289404559)
(-302889.882576815,-392939.028191943,71861.6387205063)
(-319921.136466736,-431533.956257502,141187.311477897)
(-375920.593629807,-518891.086638618,212290.073338229)
(-512056.748666812,-682701.453140845,-260919.043438326)
(-377160.904414742,-519152.609627883,-321109.087538614)
(-251572.456557107,-344827.668991602,-340893.989696848)
(-127602.650245601,-171832.34260815,-350568.209268513)
(0,0,0)
(0,0,0)
(0,0,0)
(0,0,0)
(0,0,0)
(0,0,0)
(-162501.281143418,-422859.695332001,3359.28322420422)
(-162677.629243502,-426149.500577328,8417.7976900085)
(-163466.575893403,-434500.65355297,17496.5849793736)
(-166310.639630052,-452021.962322762,33326.5904417422)
(-174955.018969058,-485325.323095595,53981.7948808041)
(-196147.14477157,-539374.121629086,48739.9143249455)
(-226639.236133677,-588350.656844303,-97134.2108964816)
(-182785.617068524,-491516.484978951,-146476.408070279)
(-127058.588894068,-345363.448068415,-167529.881869416)
(-65998.1486187121,-178148.919223496,-178391.320747519)
(0,0,0)
(0,0,0)
(0,0,0)
(0,0,0)
(0,0,0)
(0,0,0)
(0,0,0)
(0,0,0)
(0,0,0)
(0,0,0)
(0,0,0)
(0,0,0)
(0,0,0)
(0,0,0)
(0,0,0)
(0,0,0)
(0,0,0)
(0,0,0)
(0,0,0)
(0,0,0)
(0,0,0)
(0,0,0)
(0,0,0)
(0,0,0)
(0,0,0)
(0,0,0)
(0,0,0)
(0,0,0)
(0,0,0)
(0,0,0)
(0,0,0)
(0,0,0)
(0,0,0)
(0,0,0)
(0,0,0)
(0,0,0)
(0,0,0)
(0,0,0)
(0,0,0)
(0,0,0)
(0,0,0)
(0,0,0)
(0,0,0)
(0,0,0)
(0,0,0)
(0,0,0)
(0,0,0)
(0,0,0)
(0,0,0)
(0,0,0)
(0,0,0)
(0,0,0)
(0,0,0)
(0,0,0)
(0,0,0)
(0,0,0)
(0,0,0)
(0,0,0)
(0,0,0)
(0,0,0)
(0,0,0)
(0,0,0)
(0,0,0)
(0,0,0)
(0,0,0)
(0,0,0)
(0,0,0)
(0,0,0)
(0,0,0)
(0,0,0)
(0,0,0)
(0,0,0)
(0,0,0)
(0,0,0)
(0,0,0)
(0,0,0)
(0,0,0)
(0,0,0)
(0,0,0)
(0,0,0)
(0,0,0)
(0,0,0)
(0,0,0)
(0,0,0)
(0,0,0)
(0,0,0)
(0,0,0)
(0,0,0)
(0,0,0)
(0,0,0)
(0,0,0)
(0,0,0)
(0,0,0)
(0,0,0)
(0,0,0)
(0,0,0)
(0,0,0)
(0,0,0)
(0,0,0)
(0,0,0)
(0,0,0)
(0,0,0)
(-493833.688630896,-559.781836505283,650.68395555228)
(-494181.170038762,372.527830224171,45.782513447849)
(-494249.659911033,2813.153247192,-3579.47995699679)
(-492508.783117692,8023.69971673387,-13149.6002880324)
(-486091.763245352,17935.6261069493,-33788.5580161405)
(-469868.115459675,33577.8021037325,-72619.65265859)
(-435052.070709707,49078.3701475887,-132857.489530486)
(-370264.676876746,44331.1366398066,-197072.389130228)
(-272398.453986381,30478.5889934604,-251644.494341398)
(-145146.248397866,14915.2147299625,-283783.84660527)
(0,0,0)
(0,0,0)
(0,0,0)
(0,0,0)
(0,0,0)
(0,0,0)
(-493949.749901349,-3357.35316650821,1566.56817614596)
(-494605.232393977,-1558.07004221784,2435.35967370778)
(-495506.893215418,3295.98686316256,1574.47209512551)
(-495753.866714211,14262.9426251319,-3300.69482921584)
(-493614.666984468,37263.8612992554,-18205.6854742312)
(-484925.023078788,79625.7284641201,-57087.7739289861)
(-458704.554426008,132769.866061438,-137560.20642196)
(-391502.540447052,108813.990893103,-210915.116528978)
(-286885.031375895,69332.1844889379,-267252.203665243)
(-152182.817529676,32316.1517671972,-298787.542686987)
(0,0,0)
(0,0,0)
(0,0,0)
(0,0,0)
(0,0,0)
(0,0,0)
(-493044.994589747,-10793.1076309399,3314.84306675445)
(-494301.189201799,-8451.47263016921,7210.15606455014)
(-496919.271062185,-1876.57874640271,12529.9418830833)
(-501529.835085225,14164.7349205094,19736.3338722535)
(-509717.166527208,52767.6320483043,24175.6107076214)
(-522918.628673524,143326.548931159,-3899.73996968034)
(-529465.816798402,317838.411107467,-161534.792201957)
(-447388.662408903,206019.079377078,-250478.929269645)
(-321685.370110694,114598.14700852,-304342.372878891)
(-168165.342691767,49309.046009674,-331203.283523515)
(0,0,0)
(0,0,0)
(0,0,0)
(0,0,0)
(0,0,0)
(0,0,0)
(-488880.748940204,-25527.1938371279,5601.06569263183)
(-490869.512270707,-23315.9747880963,13690.2421075506)
(-495827.450477945,-16996.8175995066,28536.355841378)
(-506950.164334256,-882.392342370097,58362.3176548354)
(-533256.644929579,42551.0634055388,114786.286004127)
(-597755.390850042,180143.427959745,170675.762784792)
(-727873.819955988,744768.851862032,-273335.240999758)
(-564141.966361287,281547.855063412,-341929.34981819)
(-383686.849837696,128968.605973001,-369644.707621265)
(-194078.946549103,50162.0189658203,-380557.698248024)
(0,0,0)
(0,0,0)
(0,0,0)
(0,0,0)
(0,0,0)
(0,0,0)
(-477755.40758023,-50065.799056335,7781.09593450614)
(-480490.029782026,-48684.3503985907,19933.6264277843)
(-487742.582996042,-44905.5657798441,44591.0627497489)
(-505355.470052369,-36227.3302386966,101799.923463688)
(-552238.193829708,-17927.0769687323,252421.096751947)
(-701050.058261767,13279.674581079,735337.308059124)
(-1293811.4223593,-449.227239996533,-736502.186690467)
(-741138.459602374,44015.9999500072,-494476.551310645)
(-459065.964128845,29399.7798829949,-448445.012462969)
(-222195.426584266,12064.1682648135,-430776.132956521)
(0,0,0)
(0,0,0)
(0,0,0)
(0,0,0)
(0,0,0)
(0,0,0)
(-454734.162665586,-85836.0064539455,9168.12443050234)
(-457990.854083405,-85630.5045914316,23714.3124034764)
(-466700.431223138,-85189.5031654938,53256.0789317275)
(-487845.508810073,-84753.0471117467,120117.150027807)
(-542622.858333547,-84980.8651334664,283633.253583773)
(-704629.323477186,-81997.74661184,721577.005363869)
(-1266275.42687961,381.220782374635,-692049.404875483)
(-761233.858970926,-70160.1869868779,-509059.031374461)
(-475115.365852509,-59878.9778820775,-465726.696596065)
(-229061.100616364,-31785.8230421625,-442841.595066673)
(0,0,0)
(0,0,0)
(0,0,0)
(0,0,0)
(0,0,0)
(0,0,0)
(-413777.563773464,-131997.13107906,9367.5373983204)
(-417175.48286681,-133115.233286746,24149.7763542602)
(-426306.089542544,-136424.963602345,53731.1879838516)
(-448345.729586755,-145958.199904687,119936.844988059)
(-504802.705452047,-176553.95332501,286635.371845387)
(-673887.579585887,-294169.188933458,804025.202362999)
(-1316962.90123752,-852753.102858832,-762525.640317634)
(-737015.486038257,-359732.525081544,-498619.375614219)
(-447540.028894217,-189040.118047321,-437459.853993668)
(-213602.458490381,-83472.4449485716,-410915.443862276)
(0,0,0)
(0,0,0)
(0,0,0)
(0,0,0)
(0,0,0)
(0,0,0)
(-348721.478481161,-183790.159564921,8222.37685600441)
(-351812.047973274,-185981.697373079,20777.0522182366)
(-360007.571165306,-191911.07498666,44208.0407767565)
(-378884.542904428,-206174.321896115,89384.3907464926)
(-421740.164749888,-240727.288210444,169107.495476407)
(-517913.819534471,-324677.918841184,245583.598104567)
(-696212.325897895,-494093.942054406,-269336.770829364)
(-524299.365500993,-350741.375956246,-327735.165006136)
(-343588.952921024,-218624.341926996,-331732.436147004)
(-169257.353746223,-103998.904020707,-327252.649396078)
(0,0,0)
(0,0,0)
(0,0,0)
(0,0,0)
(0,0,0)
(0,0,0)
(-255695.890929479,-231287.654554683,6017.61712782781)
(-258032.712442616,-234121.788205923,14829.6401255112)
(-264099.434099984,-241306.335780557,29949.4908873904)
(-277325.475803583,-256633.949881993,54844.7121000334)
(-304194.435494424,-286841.509512579,85232.2324298536)
(-352295.891447556,-339368.55298758,76298.164393996)
(-406463.423870118,-397528.559290956,-125860.543166157)
(-333245.97471398,-325077.487290389,-195439.361532771)
(-228116.524889862,-220583.739063724,-216935.896063278)
(-115153.109316798,-110342.462791081,-223041.878221708)
(0,0,0)
(0,0,0)
(0,0,0)
(0,0,0)
(0,0,0)
(0,0,0)
(-136250.77056861,-260675.155469806,3136.99034031515)
(-137490.850428585,-263745.480860932,7573.90418040452)
(-140636.080938615,-271201.883068185,14638.9565132456)
(-147174.045226998,-285847.340057992,24715.7522861884)
(-159301.617449037,-310606.605442089,32827.4466956743)
(-177511.651596046,-343499.039595505,18322.4401280691)
(-190661.644872695,-361976.37096391,-53207.3394599574)
(-161368.190290269,-308995.848710514,-90706.4048180882)
(-113352.199469171,-218534.021017823,-106462.512288888)
(-58117.2122181838,-112261.246225019,-112424.665255477)
(0,0,0)
(0,0,0)
(0,0,0)
(0,0,0)
(0,0,0)
(0,0,0)
(0,0,0)
(0,0,0)
(0,0,0)
(0,0,0)
(0,0,0)
(0,0,0)
(0,0,0)
(0,0,0)
(0,0,0)
(0,0,0)
(0,0,0)
(0,0,0)
(0,0,0)
(0,0,0)
(0,0,0)
(0,0,0)
(0,0,0)
(0,0,0)
(0,0,0)
(0,0,0)
(0,0,0)
(0,0,0)
(0,0,0)
(0,0,0)
(0,0,0)
(0,0,0)
(0,0,0)
(0,0,0)
(0,0,0)
(0,0,0)
(0,0,0)
(0,0,0)
(0,0,0)
(0,0,0)
(0,0,0)
(0,0,0)
(0,0,0)
(0,0,0)
(0,0,0)
(0,0,0)
(0,0,0)
(0,0,0)
(0,0,0)
(0,0,0)
(0,0,0)
(0,0,0)
(0,0,0)
(0,0,0)
(0,0,0)
(0,0,0)
(0,0,0)
(0,0,0)
(0,0,0)
(0,0,0)
(0,0,0)
(0,0,0)
(0,0,0)
(0,0,0)
(0,0,0)
(0,0,0)
(0,0,0)
(0,0,0)
(0,0,0)
(0,0,0)
(0,0,0)
(0,0,0)
(0,0,0)
(0,0,0)
(0,0,0)
(0,0,0)
(0,0,0)
(0,0,0)
(0,0,0)
(0,0,0)
(0,0,0)
(0,0,0)
(0,0,0)
(0,0,0)
(0,0,0)
(0,0,0)
(0,0,0)
(0,0,0)
(0,0,0)
(0,0,0)
(0,0,0)
(0,0,0)
(0,0,0)
(0,0,0)
(0,0,0)
(0,0,0)
(0,0,0)
(0,0,0)
(0,0,0)
(0,0,0)
(0,0,0)
(0,0,0)
(-493541.384886839,-613.315160006914,321.011415947993)
(-493897.333533471,-1.04404129198664,38.2189519557174)
(-493993.549780341,1556.80250733014,-1774.69368606738)
(-492295.981857988,4731.65961606475,-6719.15456183588)
(-485621.024392063,10388.0387899777,-17577.9322050988)
(-468125.286403223,18526.0431131326,-37846.8043746856)
(-430290.123422378,25477.0996432856,-68085.8513053066)
(-362286.861945559,23136.2110522247,-99199.8772887243)
(-263183.192452677,15990.4186282677,-124405.557450691)
(-138737.726514875,7857.73097765771,-138671.810311345)
(0,0,0)
(0,0,0)
(0,0,0)
(0,0,0)
(0,0,0)
(0,0,0)
(-493100.950542794,-2384.87601560711,922.761497047749)
(-494023.83575872,-1211.90024612204,1552.22106662281)
(-495604.380169373,1849.36019187276,1357.15033603643)
(-496985.711027165,8415.42923579805,-1094.77497074743)
(-495963.912827227,21118.4738548484,-9475.96419286227)
(-486623.522510446,41625.8862914352,-30877.3079395021)
(-455775.316431994,62053.5083420618,-70382.9546322881)
(-385429.325848592,52976.7209507073,-106296.679129232)
(-279192.108972446,34541.674693733,-132540.857598144)
(-146614.793305629,16334.6223651418,-146585.77320967)
(0,0,0)
(0,0,0)
(0,0,0)
(0,0,0)
(0,0,0)
(0,0,0)
(-490910.06450653,-6585.25081524539,2065.44471642005)
(-492948.011470489,-5066.94038360821,4567.30712259932)
(-497483.019983982,-940.208832959856,7920.62506922935)
(-505368.048224109,8541.04666303577,11633.2207808813)
(-517044.395659979,29041.7768577879,11037.1469107199)
(-528189.084509848,68367.1523990095,-10433.6633605317)
(-517789.081302814,119392.992003732,-79449.88251779)
(-438386.220659507,89261.2026025749,-124736.805919047)
(-313709.278082517,52580.6215523686,-150751.844805869)
(-162969.449912971,23374.5169109104,-162987.632130431)
(0,0,0)
(0,0,0)
(0,0,0)
(0,0,0)
(0,0,0)
(0,0,0)
(-484513.04582302,-14496.6719155291,3543.71798310015)
(-487946.957309801,-13063.9108765273,8618.13351511353)
(-496420.827930425,-9088.52872689793,17359.8308615341)
(-513684.463698837,513.944590402235,32121.2322987433)
(-545848.509956148,23382.9300742625,50371.9441088386)
(-596321.214095859,76686.536146171,40618.3836074923)
(-637017.52607456,178714.838316434,-109559.756586629)
(-527525.778010705,104490.654755973,-161405.397090607)
(-366153.705106276,53557.9796837364,-179915.899953408)
(-186272.250160204,22023.9469634724,-186372.026394866)
(0,0,0)
(0,0,0)
(0,0,0)
(0,0,0)
(0,0,0)
(0,0,0)
(-469992.835459303,-27208.550886093,4949.30684963917)
(-474780.657898141,-26356.0118795707,12532.0359687977)
(-487133.268862108,-24070.4188439893,26904.6119519604)
(-513952.593473991,-18963.4141266289,54979.0940906112)
(-568997.234736081,-8567.24060075484,103688.305671999)
(-672788.811994396,9460.04942588703,142653.546124917)
(-815543.871194866,26854.2666242636,-183753.433347367)
(-631880.662835731,23779.8785716095,-212300.45392962)
(-419643.109429742,13255.0557622114,-211420.384707199)
(-208308.225563784,5143.61138598245,-208427.250150182)
(0,0,0)
(0,0,0)
(0,0,0)
(0,0,0)
(0,0,0)
(0,0,0)
(-442686.164948816,-45058.3926570273,5801.84405416356)
(-448315.07142505,-45035.1545787897,14805.2040950267)
(-462898.203494347,-45047.0478996701,31979.6054219102)
(-494733.560253166,-45481.0533650966,65385.2961034688)
(-560165.705299885,-47363.9952688752,121724.897737926)
(-682029.375073531,-51439.9689224952,160024.967682647)
(-842177.380638762,-50375.6707168217,-186843.141217116)
(-655463.913874581,-46023.2106796854,-222809.997062163)
(-432790.566656787,-32363.0771195342,-219516.663376146)
(-213445.116635689,-16377.3063379625,-213611.729632881)
(0,0,0)
(0,0,0)
(0,0,0)
(0,0,0)
(0,0,0)
(0,0,0)
(-397426.875737957,-67239.9755008459,5830.89480830953)
(-403099.714639166,-68068.9763383328,14788.9483402096)
(-417657.516652813,-70448.8976690328,31542.2252198412)
(-449022.104771686,-76770.4464112544,63507.9934509322)
(-512541.961062383,-93764.4206082024,117647.674400595)
(-630321.406320957,-138464.991817735,161106.524030895)
(-791584.515194824,-232206.640682289,-182440.892046303)
(-609269.720711946,-147156.976148527,-209052.891903772)
(-400347.446482497,-85166.0605383136,-203442.49089671)
(-197052.98222248,-39166.3112079055,-197202.96229467)
(0,0,0)
(0,0,0)
(0,0,0)
(0,0,0)
(0,0,0)
(0,0,0)
(-329809.349652701,-91158.6041938945,5006.49986458947)
(-334699.031029054,-92574.2655251122,12398.7721071517)
(-346933.801412635,-96346.7026051664,25222.8072906165)
(-372004.441348373,-104941.636828315,46513.8961516221)
(-418467.899162997,-123502.694325484,72979.9042820189)
(-491512.262404765,-159334.942096566,67448.2974311434)
(-559116.712914919,-204570.567202893,-97283.3890312232)
(-461929.227335641,-159861.501978193,-146949.001366894)
(-315065.318076692,-103280.910417555,-157357.786331996)
(-157835.44331863,-49981.7031641095,-157964.304803382)
(0,0,0)
(0,0,0)
(0,0,0)
(0,0,0)
(0,0,0)
(0,0,0)
(-238200.425666428,-112247.111029599,3593.04157265027)
(-241703.396606966,-113957.349484218,8646.80969610803)
(-250236.138349296,-118203.557908258,16640.3692485113)
(-266749.171743475,-126817.031758049,27939.4601181369)
(-294645.433600213,-142270.295280504,37158.0591789487)
(-331868.720557579,-164870.245265769,22266.191458176)
(-354275.063042978,-181999.760223001,-52492.9763488546)
(-301885.195514037,-153468.537224595,-90246.7203023981)
(-211673.827733739,-106020.014685677,-103950.313190401)
(-107784.435018947,-53422.3822418572,-107878.308410504)
(0,0,0)
(0,0,0)
(0,0,0)
(0,0,0)
(0,0,0)
(0,0,0)
(-125482.312221937,-124870.438777495,1854.86940122203)
(-127270.008848275,-126683.992930278,4360.67126697397)
(-131548.837556785,-130962.898117119,8032.76809400226)
(-139495.883773838,-139003.548680789,12541.1235635816)
(-152009.929725883,-151635.427562987,14614.568122911)
(-166668.823085597,-166319.918221982,5221.41256867959)
(-171957.399763118,-171622.786835716,-23859.805928182)
(-148147.909926983,-147871.118840023,-42677.5046760397)
(-105484.579082438,-105333.002350726,-51232.137397722)
(-54262.510745994,-54207.0374156019,-54302.1836961681)
(0,0,0)
(0,0,0)
(0,0,0)
(0,0,0)
(0,0,0)
(0,0,0)
(0,0,0)
(0,0,0)
(0,0,0)
(0,0,0)
(0,0,0)
(0,0,0)
(0,0,0)
(0,0,0)
(0,0,0)
(0,0,0)
(0,0,0)
(0,0,0)
(0,0,0)
(0,0,0)
(0,0,0)
(0,0,0)
(0,0,0)
(0,0,0)
(0,0,0)
(0,0,0)
(0,0,0)
(0,0,0)
(0,0,0)
(0,0,0)
(0,0,0)
(0,0,0)
(0,0,0)
(0,0,0)
(0,0,0)
(0,0,0)
(0,0,0)
(0,0,0)
(0,0,0)
(0,0,0)
(0,0,0)
(0,0,0)
(0,0,0)
(0,0,0)
(0,0,0)
(0,0,0)
(0,0,0)
(0,0,0)
(0,0,0)
(0,0,0)
(0,0,0)
(0,0,0)
(0,0,0)
(0,0,0)
(0,0,0)
(0,0,0)
(0,0,0)
(0,0,0)
(0,0,0)
(0,0,0)
(0,0,0)
(0,0,0)
(0,0,0)
(0,0,0)
(0,0,0)
(0,0,0)
(0,0,0)
(0,0,0)
(0,0,0)
(0,0,0)
(0,0,0)
(0,0,0)
(0,0,0)
(0,0,0)
(0,0,0)
(0,0,0)
(0,0,0)
(0,0,0)
(0,0,0)
(0,0,0)
(0,0,0)
(0,0,0)
(0,0,0)
(0,0,0)
(0,0,0)
(0,0,0)
(0,0,0)
(0,0,0)
(0,0,0)
(0,0,0)
(0,0,0)
(0,0,0)
(0,0,0)
(0,0,0)
(0,0,0)
(0,0,0)
(0,0,0)
(0,0,0)
(0,0,0)
(0,0,0)
(0,0,0)
(0,0,0)
(0,0,0)
(0,0,0)
(0,0,0)
(0,0,0)
(0,0,0)
(0,0,0)
(0,0,0)
(0,0,0)
(0,0,0)
(0,0,0)
(0,0,0)
(0,0,0)
(0,0,0)
(0,0,0)
(0,0,0)
(0,0,0)
(0,0,0)
(0,0,0)
(0,0,0)
(0,0,0)
(0,0,0)
(0,0,0)
(0,0,0)
(0,0,0)
(0,0,0)
(0,0,0)
(0,0,0)
(0,0,0)
(0,0,0)
(0,0,0)
(0,0,0)
(0,0,0)
(0,0,0)
(0,0,0)
(0,0,0)
(0,0,0)
(0,0,0)
(0,0,0)
(0,0,0)
(0,0,0)
(0,0,0)
(0,0,0)
(0,0,0)
(0,0,0)
(0,0,0)
(0,0,0)
(0,0,0)
(0,0,0)
(0,0,0)
(0,0,0)
(0,0,0)
(0,0,0)
(0,0,0)
(0,0,0)
(0,0,0)
(0,0,0)
(0,0,0)
(0,0,0)
(0,0,0)
(0,0,0)
(0,0,0)
(0,0,0)
(0,0,0)
(0,0,0)
(0,0,0)
(0,0,0)
(0,0,0)
(0,0,0)
(0,0,0)
(0,0,0)
(0,0,0)
(0,0,0)
(0,0,0)
(0,0,0)
(0,0,0)
(0,0,0)
(0,0,0)
(0,0,0)
(0,0,0)
(0,0,0)
(0,0,0)
(0,0,0)
(0,0,0)
(0,0,0)
(0,0,0)
(0,0,0)
(0,0,0)
(0,0,0)
(0,0,0)
(0,0,0)
(0,0,0)
(0,0,0)
(0,0,0)
(0,0,0)
(0,0,0)
(0,0,0)
(0,0,0)
(0,0,0)
(0,0,0)
(0,0,0)
(0,0,0)
(0,0,0)
(0,0,0)
(0,0,0)
(0,0,0)
(0,0,0)
(0,0,0)
(0,0,0)
(0,0,0)
(0,0,0)
(0,0,0)
(0,0,0)
(0,0,0)
(0,0,0)
(0,0,0)
(0,0,0)
(0,0,0)
(0,0,0)
(0,0,0)
(0,0,0)
(0,0,0)
(0,0,0)
(0,0,0)
(0,0,0)
(0,0,0)
(0,0,0)
(0,0,0)
(0,0,0)
(0,0,0)
(0,0,0)
(0,0,0)
(0,0,0)
(0,0,0)
(0,0,0)
(0,0,0)
(0,0,0)
(0,0,0)
(0,0,0)
(0,0,0)
(0,0,0)
(0,0,0)
(0,0,0)
(0,0,0)
(0,0,0)
(0,0,0)
(0,0,0)
(0,0,0)
(0,0,0)
(0,0,0)
(0,0,0)
(0,0,0)
(0,0,0)
(0,0,0)
(0,0,0)
(0,0,0)
(0,0,0)
(0,0,0)
(0,0,0)
(0,0,0)
(0,0,0)
(0,0,0)
(0,0,0)
(0,0,0)
(0,0,0)
(0,0,0)
(0,0,0)
(0,0,0)
(0,0,0)
(0,0,0)
(0,0,0)
(0,0,0)
(0,0,0)
(0,0,0)
(0,0,0)
(0,0,0)
(0,0,0)
(0,0,0)
(0,0,0)
(0,0,0)
(0,0,0)
(0,0,0)
(0,0,0)
(0,0,0)
(0,0,0)
(0,0,0)
(0,0,0)
(0,0,0)
(0,0,0)
(0,0,0)
(0,0,0)
(0,0,0)
(0,0,0)
(0,0,0)
(0,0,0)
(0,0,0)
(0,0,0)
(0,0,0)
(0,0,0)
(0,0,0)
(0,0,0)
(0,0,0)
(0,0,0)
(0,0,0)
(0,0,0)
(0,0,0)
(0,0,0)
(0,0,0)
(0,0,0)
(0,0,0)
(0,0,0)
(0,0,0)
(0,0,0)
(0,0,0)
(0,0,0)
(0,0,0)
(0,0,0)
(0,0,0)
(0,0,0)
(0,0,0)
(0,0,0)
(0,0,0)
(0,0,0)
(0,0,0)
(0,0,0)
(0,0,0)
(0,0,0)
(0,0,0)
(0,0,0)
(0,0,0)
(0,0,0)
(0,0,0)
(0,0,0)
(0,0,0)
(0,0,0)
(0,0,0)
(0,0,0)
(0,0,0)
(0,0,0)
(0,0,0)
(0,0,0)
(0,0,0)
(0,0,0)
(0,0,0)
(0,0,0)
(0,0,0)
(0,0,0)
(0,0,0)
(0,0,0)
(0,0,0)
(0,0,0)
(0,0,0)
(0,0,0)
(0,0,0)
(0,0,0)
(0,0,0)
(0,0,0)
(0,0,0)
(0,0,0)
(0,0,0)
(0,0,0)
(0,0,0)
(0,0,0)
(0,0,0)
(0,0,0)
(0,0,0)
(0,0,0)
(0,0,0)
(0,0,0)
(0,0,0)
(0,0,0)
(0,0,0)
(0,0,0)
(0,0,0)
(0,0,0)
(0,0,0)
(0,0,0)
(0,0,0)
(0,0,0)
(0,0,0)
(0,0,0)
(0,0,0)
(0,0,0)
(0,0,0)
(0,0,0)
(0,0,0)
(0,0,0)
(0,0,0)
(0,0,0)
(0,0,0)
(0,0,0)
(0,0,0)
(0,0,0)
(0,0,0)
(0,0,0)
(0,0,0)
(0,0,0)
(0,0,0)
(0,0,0)
(0,0,0)
(0,0,0)
(0,0,0)
(0,0,0)
(0,0,0)
(0,0,0)
(0,0,0)
(0,0,0)
(0,0,0)
(0,0,0)
(0,0,0)
(0,0,0)
(0,0,0)
(0,0,0)
(0,0,0)
(0,0,0)
(0,0,0)
(0,0,0)
(0,0,0)
(0,0,0)
(0,0,0)
(0,0,0)
(0,0,0)
(0,0,0)
(0,0,0)
(0,0,0)
(0,0,0)
(0,0,0)
(0,0,0)
(0,0,0)
(0,0,0)
(0,0,0)
(0,0,0)
(0,0,0)
(0,0,0)
(0,0,0)
(0,0,0)
(0,0,0)
(0,0,0)
(0,0,0)
(0,0,0)
(0,0,0)
(0,0,0)
(0,0,0)
(0,0,0)
(0,0,0)
(0,0,0)
(0,0,0)
(0,0,0)
(0,0,0)
(0,0,0)
(0,0,0)
(0,0,0)
(0,0,0)
(0,0,0)
(0,0,0)
(0,0,0)
(0,0,0)
(0,0,0)
(0,0,0)
(0,0,0)
(0,0,0)
(0,0,0)
(0,0,0)
(0,0,0)
(0,0,0)
(0,0,0)
(0,0,0)
(0,0,0)
(0,0,0)
(0,0,0)
(0,0,0)
(0,0,0)
(0,0,0)
(0,0,0)
(0,0,0)
(0,0,0)
(0,0,0)
(0,0,0)
(0,0,0)
(0,0,0)
(0,0,0)
(0,0,0)
(0,0,0)
(0,0,0)
(0,0,0)
(0,0,0)
(0,0,0)
(0,0,0)
(0,0,0)
(0,0,0)
(0,0,0)
(0,0,0)
(0,0,0)
(0,0,0)
(0,0,0)
(0,0,0)
(0,0,0)
(0,0,0)
(0,0,0)
(0,0,0)
(0,0,0)
(0,0,0)
(0,0,0)
(0,0,0)
(0,0,0)
(0,0,0)
(0,0,0)
(0,0,0)
(0,0,0)
(0,0,0)
(0,0,0)
(0,0,0)
(0,0,0)
(0,0,0)
(0,0,0)
(0,0,0)
(0,0,0)
(0,0,0)
(0,0,0)
(0,0,0)
(0,0,0)
(0,0,0)
(0,0,0)
(0,0,0)
(0,0,0)
(0,0,0)
(0,0,0)
(0,0,0)
(0,0,0)
(0,0,0)
(0,0,0)
(0,0,0)
(0,0,0)
(0,0,0)
(0,0,0)
(0,0,0)
(0,0,0)
(0,0,0)
(0,0,0)
(0,0,0)
(0,0,0)
(0,0,0)
(0,0,0)
(0,0,0)
(0,0,0)
(0,0,0)
(0,0,0)
(0,0,0)
(0,0,0)
(0,0,0)
(0,0,0)
(0,0,0)
(0,0,0)
(0,0,0)
(0,0,0)
(0,0,0)
(0,0,0)
(0,0,0)
(0,0,0)
(0,0,0)
(0,0,0)
(0,0,0)
(0,0,0)
(0,0,0)
(0,0,0)
(0,0,0)
(0,0,0)
(0,0,0)
(0,0,0)
(0,0,0)
(0,0,0)
(0,0,0)
(0,0,0)
(0,0,0)
(0,0,0)
(0,0,0)
(0,0,0)
(0,0,0)
(0,0,0)
(0,0,0)
(0,0,0)
(0,0,0)
(0,0,0)
(0,0,0)
(0,0,0)
(0,0,0)
(0,0,0)
(0,0,0)
(0,0,0)
(0,0,0)
(0,0,0)
(0,0,0)
(0,0,0)
(0,0,0)
(0,0,0)
(0,0,0)
(0,0,0)
(0,0,0)
(0,0,0)
(0,0,0)
(0,0,0)
(0,0,0)
(0,0,0)
(0,0,0)
(0,0,0)
(0,0,0)
(0,0,0)
(0,0,0)
(0,0,0)
(0,0,0)
(0,0,0)
(0,0,0)
(0,0,0)
(0,0,0)
(0,0,0)
(0,0,0)
(0,0,0)
(0,0,0)
(0,0,0)
(0,0,0)
(0,0,0)
(0,0,0)
(0,0,0)
(0,0,0)
(0,0,0)
(0,0,0)
(0,0,0)
(0,0,0)
(0,0,0)
(0,0,0)
(0,0,0)
(0,0,0)
(0,0,0)
(0,0,0)
(0,0,0)
(0,0,0)
(0,0,0)
(0,0,0)
(0,0,0)
(0,0,0)
(0,0,0)
(0,0,0)
(0,0,0)
(0,0,0)
(0,0,0)
(0,0,0)
(0,0,0)
(0,0,0)
(0,0,0)
(0,0,0)
(0,0,0)
(0,0,0)
(0,0,0)
(0,0,0)
(0,0,0)
(0,0,0)
(0,0,0)
(0,0,0)
(0,0,0)
(0,0,0)
(0,0,0)
(0,0,0)
(0,0,0)
(0,0,0)
(0,0,0)
(0,0,0)
(0,0,0)
(0,0,0)
(0,0,0)
(0,0,0)
(0,0,0)
(0,0,0)
(0,0,0)
(0,0,0)
(0,0,0)
(0,0,0)
(0,0,0)
(0,0,0)
(0,0,0)
(0,0,0)
(0,0,0)
(0,0,0)
(0,0,0)
(0,0,0)
(0,0,0)
(0,0,0)
(0,0,0)
(0,0,0)
(0,0,0)
(0,0,0)
(0,0,0)
(0,0,0)
(0,0,0)
(0,0,0)
(0,0,0)
(0,0,0)
(0,0,0)
(0,0,0)
(0,0,0)
(0,0,0)
(0,0,0)
(0,0,0)
(0,0,0)
(0,0,0)
(0,0,0)
(0,0,0)
(0,0,0)
(0,0,0)
(0,0,0)
(0,0,0)
(0,0,0)
(0,0,0)
(0,0,0)
(0,0,0)
(0,0,0)
(0,0,0)
(0,0,0)
(0,0,0)
(0,0,0)
(0,0,0)
(0,0,0)
(0,0,0)
(0,0,0)
(0,0,0)
(0,0,0)
(0,0,0)
(0,0,0)
(0,0,0)
(0,0,0)
(0,0,0)
(0,0,0)
(0,0,0)
(0,0,0)
(0,0,0)
(0,0,0)
(0,0,0)
(0,0,0)
(0,0,0)
(0,0,0)
(0,0,0)
(0,0,0)
(0,0,0)
(0,0,0)
(0,0,0)
(0,0,0)
(0,0,0)
(0,0,0)
(0,0,0)
(0,0,0)
(0,0,0)
(0,0,0)
(0,0,0)
(0,0,0)
(0,0,0)
(0,0,0)
(0,0,0)
(0,0,0)
(0,0,0)
(0,0,0)
(0,0,0)
(0,0,0)
(0,0,0)
(0,0,0)
(0,0,0)
(0,0,0)
(0,0,0)
(0,0,0)
(0,0,0)
(0,0,0)
(0,0,0)
(0,0,0)
(0,0,0)
(0,0,0)
(0,0,0)
(0,0,0)
(0,0,0)
(0,0,0)
(0,0,0)
(0,0,0)
(0,0,0)
(0,0,0)
(0,0,0)
(0,0,0)
(0,0,0)
(0,0,0)
(0,0,0)
(0,0,0)
(0,0,0)
(0,0,0)
(0,0,0)
(0,0,0)
(0,0,0)
(0,0,0)
(0,0,0)
(0,0,0)
(0,0,0)
(0,0,0)
(0,0,0)
(0,0,0)
(0,0,0)
(0,0,0)
(0,0,0)
(0,0,0)
(0,0,0)
(0,0,0)
(0,0,0)
(0,0,0)
(0,0,0)
(0,0,0)
(0,0,0)
(0,0,0)
(0,0,0)
(0,0,0)
(0,0,0)
(0,0,0)
(0,0,0)
(0,0,0)
(0,0,0)
