(0,0,0)
(0,0,0)
(0,0,0)
(0,0,0)
(0,0,0)
(0,0,0)
(0,0,0)
(0,0,0)
(0,0,0)
(0,0,0)
(0,0,0)
(0,0,0)
(0,0,0)
(0,0,0)
(0,0,0)
(0,0,0)
(0,0,0)
(0,0,0)
(0,0,0)
(0,0,0)
(0,0,0)
(0,0,0)
(0,0,0)
(0,0,0)
(0,0,0)
(0,0,0)
(0,0,0)
(0,0,0)
(0,0,0)
(0,0,0)
(0,0,0)
(0,0,0)
(0,0,0)
(0,0,0)
(0,0,0)
(0,0,0)
(0,0,0)
(0,0,0)
(0,0,0)
(0,0,0)
(0,0,0)
(0,0,0)
(0,0,0)
(0,0,0)
(0,0,0)
(0,0,0)
(0,0,0)
(0,0,0)
(0,0,0)
(0,0,0)
(0,0,0)
(0,0,0)
(0,0,0)
(0,0,0)
(0,0,0)
(0,0,0)
(0,0,0)
(0,0,0)
(0,0,0)
(0,0,0)
(0,0,0)
(0,0,0)
(0,0,0)
(0,0,0)
(0,0,0)
(0,0,0)
(0,0,0)
(0,0,0)
(0,0,0)
(0,0,0)
(0,0,0)
(0,0,0)
(0,0,0)
(0,0,0)
(0,0,0)
(0,0,0)
(0,0,0)
(0,0,0)
(0,0,0)
(0,0,0)
(0,0,0)
(0,0,0)
(0,0,0)
(0,0,0)
(0,0,0)
(0,0,0)
(0,0,0)
(0,0,0)
(0,0,0)
(0,0,0)
(0,0,0)
(0,0,0)
(0,0,0)
(0,0,0)
(0,0,0)
(0,0,0)
(0,0,0)
(0,0,0)
(0,0,0)
(0,0,0)
(0,0,0)
(0,0,0)
(0,0,0)
(0,0,0)
(0,0,0)
(0,0,0)
(0,0,0)
(0,0,0)
(0,0,0)
(0,0,0)
(0,0,0)
(0,0,0)
(0,0,0)
(0,0,0)
(0,0,0)
(0,0,0)
(0,0,0)
(0,0,0)
(0,0,0)
(0,0,0)
(0,0,0)
(0,0,0)
(0,0,0)
(0,0,0)
(0,0,0)
(0,0,0)
(0,0,0)
(0,0,0)
(0,0,0)
(0,0,0)
(0,0,0)
(0,0,0)
(0,0,0)
(0,0,0)
(0,0,0)
(0,0,0)
(0,0,0)
(0,0,0)
(0,0,0)
(0,0,0)
(0,0,0)
(0,0,0)
(0,0,0)
(0,0,0)
(0,0,0)
(0,0,0)
(0,0,0)
(0,0,0)
(0,0,0)
(0,0,0)
(0,0,0)
(0,0,0)
(0,0,0)
(0,0,0)
(0,0,0)
(0,0,0)
(0,0,0)
(0,0,0)
(0,0,0)
(0,0,0)
(0,0,0)
(0,0,0)
(0,0,0)
(0,0,0)
(0,0,0)
(0,0,0)
(0,0,0)
(0,0,0)
(0,0,0)
(0,0,0)
(0,0,0)
(0,0,0)
(0,0,0)
(0,0,0)
(0,0,0)
(0,0,0)
(0,0,0)
(0,0,0)
(0,0,0)
(0,0,0)
(0,0,0)
(0,0,0)
(0,0,0)
(0,0,0)
(0,0,0)
(0,0,0)
(0,0,0)
(0,0,0)
(0,0,0)
(0,0,0)
(0,0,0)
(0,0,0)
(0,0,0)
(0,0,0)
(0,0,0)
(0,0,0)
(0,0,0)
(0,0,0)
(0,0,0)
(0,0,0)
(0,0,0)
(0,0,0)
(0,0,0)
(0,0,0)
(0,0,0)
(0,0,0)
(0,0,0)
(0,0,0)
(0,0,0)
(0,0,0)
(0,0,0)
(0,0,0)
(0,0,0)
(0,0,0)
(0,0,0)
(0,0,0)
(0,0,0)
(0,0,0)
(0,0,0)
(0,0,0)
(0,0,0)
(0,0,0)
(0,0,0)
(0,0,0)
(0,0,0)
(0,0,0)
(0,0,0)
(0,0,0)
(0,0,0)
(0,0,0)
(0,0,0)
(0,0,0)
(0,0,0)
(0,0,0)
(0,0,0)
(0,0,0)
(0,0,0)
(0,0,0)
(0,0,0)
(0,0,0)
(0,0,0)
(0,0,0)
(0,0,0)
(0,0,0)
(0,0,0)
(0,0,0)
(0,0,0)
(0,0,0)
(0,0,0)
(0,0,0)
(0,0,0)
(0,0,0)
(0,0,0)
(0,0,0)
(0,0,0)
(0,0,0)
(0,0,0)
(0,0,0)
(0,0,0)
(0,0,0)
(0,0,0)
(0,0,0)
(0,0,0)
(0,0,0)
(0,0,0)
(0,0,0)
(0,0,0)
(0,0,0)
(0,0,0)
(0,0,0)
(0,0,0)
(0,0,0)
(0,0,0)
(0,0,0)
(0,0,0)
(0,0,0)
(0,0,0)
(0,0,0)
(0,0,0)
(0,0,0)
(0,0,0)
(0,0,0)
(0,0,0)
(0,0,0)
(0,0,0)
(0,0,0)
(0,0,0)
(0,0,0)
(0,0,0)
(0,0,0)
(0,0,0)
(0,0,0)
(0,0,0)
(0,0,0)
(0,0,0)
(0,0,0)
(0,0,0)
(0,0,0)
(0,0,0)
(0,0,0)
(0,0,0)
(0,0,0)
(0,0,0)
(0,0,0)
(0,0,0)
(0,0,0)
(0,0,0)
(0,0,0)
(0,0,0)
(0,0,0)
(0,0,0)
(0,0,0)
(0,0,0)
(0,0,0)
(0,0,0)
(0,0,0)
(0,0,0)
(0,0,0)
(0,0,0)
(0,0,0)
(0,0,0)
(0,0,0)
(0,0,0)
(0,0,0)
(0,0,0)
(0,0,0)
(0,0,0)
(0,0,0)
(0,0,0)
(0,0,0)
(0,0,0)
(0,0,0)
(0,0,0)
(0,0,0)
(0,0,0)
(0,0,0)
(0,0,0)
(0,0,0)
(0,0,0)
(0,0,0)
(0,0,0)
(0,0,0)
(0,0,0)
(0,0,0)
(0,0,0)
(0,0,0)
(0,0,0)
(0,0,0)
(0,0,0)
(0,0,0)
(0,0,0)
(0,0,0)
(0,0,0)
(0,0,0)
(0,0,0)
(0,0,0)
(0,0,0)
(0,0,0)
(0,0,0)
(0,0,0)
(0,0,0)
(0,0,0)
(0,0,0)
(0,0,0)
(0,0,0)
(0,0,0)
(0,0,0)
(0,0,0)
(0,0,0)
(0,0,0)
(0,0,0)
(0,0,0)
(0,0,0)
(0,0,0)
(0,0,0)
(0,0,0)
(0,0,0)
(0,0,0)
(0,0,0)
(0,0,0)
(0,0,0)
(0,0,0)
(0,0,0)
(0,0,0)
(0,0,0)
(0,0,0)
(0,0,0)
(0,0,0)
(0,0,0)
(0,0,0)
(0,0,0)
(0,0,0)
(0,0,0)
(0,0,0)
(0,0,0)
(0,0,0)
(0,0,0)
(0,0,0)
(0,0,0)
(0,0,0)
(0,0,0)
(0,0,0)
(0,0,0)
(0,0,0)
(0,0,0)
(0,0,0)
(0,0,0)
(0,0,0)
(0,0,0)
(0,0,0)
(0,0,0)
(0,0,0)
(0,0,0)
(0,0,0)
(0,0,0)
(0,0,0)
(0,0,0)
(0,0,0)
(0,0,0)
(0,0,0)
(0,0,0)
(0,0,0)
(0,0,0)
(0,0,0)
(0,0,0)
(0,0,0)
(0,0,0)
(0,0,0)
(0,0,0)
(0,0,0)
(0,0,0)
(0,0,0)
(0,0,0)
(0,0,0)
(0,0,0)
(0,0,0)
(0,0,0)
(0,0,0)
(0,0,0)
(0,0,0)
(0,0,0)
(0,0,0)
(0,0,0)
(0,0,0)
(0,0,0)
(0,0,0)
(0,0,0)
(0,0,0)
(0,0,0)
(0,0,0)
(0,0,0)
(0,0,0)
(0,0,0)
(0,0,0)
(0,0,0)
(0,0,0)
(0,0,0)
(0,0,0)
(0,0,0)
(0,0,0)
(0,0,0)
(0,0,0)
(0,0,0)
(0,0,0)
(0,0,0)
(0,0,0)
(0,0,0)
(0,0,0)
(0,0,0)
(0,0,0)
(0,0,0)
(0,0,0)
(0,0,0)
(0,0,0)
(0,0,0)
(0,0,0)
(0,0,0)
(0,0,0)
(0,0,0)
(0,0,0)
(0,0,0)
(0,0,0)
(0,0,0)
(0,0,0)
(0,0,0)
(0,0,0)
(0,0,0)
(0,0,0)
(0,0,0)
(0,0,0)
(0,0,0)
(0,0,0)
(0,0,0)
(0,0,0)
(0,0,0)
(0,0,0)
(0,0,0)
(0,0,0)
(0,0,0)
(0,0,0)
(0,0,0)
(0,0,0)
(0,0,0)
(0,0,0)
(0,0,0)
(0,0,0)
(0,0,0)
(0,0,0)
(0,0,0)
(0,0,0)
(0,0,0)
(0,0,0)
(0,0,0)
(0,0,0)
(0,0,0)
(0,0,0)
(0,0,0)
(0,0,0)
(0,0,0)
(0,0,0)
(0,0,0)
(0,0,0)
(0,0,0)
(0,0,0)
(0,0,0)
(0,0,0)
(0,0,0)
(0,0,0)
(0,0,0)
(0,0,0)
(0,0,0)
(0,0,0)
(0,0,0)
(0,0,0)
(0,0,0)
(0,0,0)
(0,0,0)
(0,0,0)
(0,0,0)
(0,0,0)
(0,0,0)
(0,0,0)
(0,0,0)
(0,0,0)
(0,0,0)
(0,0,0)
(0,0,0)
(0,0,0)
(0,0,0)
(0,0,0)
(0,0,0)
(0,0,0)
(0,0,0)
(0,0,0)
(0,0,0)
(0,0,0)
(0,0,0)
(0,0,0)
(0,0,0)
(0,0,0)
(0,0,0)
(0,0,0)
(0,0,0)
(0,0,0)
(0,0,0)
(0,0,0)
(0,0,0)
(0,0,0)
(0,0,0)
(0,0,0)
(0,0,0)
(0,0,0)
(0,0,0)
(0,0,0)
(0,0,0)
(0,0,0)
(0,0,0)
(0,0,0)
(0,0,0)
(0,0,0)
(0,0,0)
(0,0,0)
(0,0,0)
(0,0,0)
(0,0,0)
(0,0,0)
(0,0,0)
(0,0,0)
(0,0,0)
(0,0,0)
(0,0,0)
(0,0,0)
(0,0,0)
(0,0,0)
(0,0,0)
(0,0,0)
(0,0,0)
(0,0,0)
(0,0,0)
(0,0,0)
(0,0,0)
(0,0,0)
(0,0,0)
(0,0,0)
(0,0,0)
(0,0,0)
(0,0,0)
(0,0,0)
(0,0,0)
(0,0,0)
(0,0,0)
(0,0,0)
(0,0,0)
(0,0,0)
(0,0,0)
(0,0,0)
(0,0,0)
(0,0,0)
(0,0,0)
(0,0,0)
(0,0,0)
(0,0,0)
(0,0,0)
(0,0,0)
(0,0,0)
(0,0,0)
(0,0,0)
(0,0,0)
(0,0,0)
(0,0,0)
(0,0,0)
(0,0,0)
(0,0,0)
(0,0,0)
(0,0,0)
(0,0,0)
(0,0,0)
(0,0,0)
(0,0,0)
(0,0,0)
(0,0,0)
(0,0,0)
(0,0,0)
(0,0,0)
(0,0,0)
(0,0,0)
(0,0,0)
(0,0,0)
(0,0,0)
(0,0,0)
(0,0,0)
(0,0,0)
(0,0,0)
(0,0,0)
(0,0,0)
(0,0,0)
(0,0,0)
(0,0,0)
(0,0,0)
(0,0,0)
(0,0,0)
(0,0,0)
(0,0,0)
(0,0,0)
(0,0,0)
(0,0,0)
(0,0,0)
(0,0,0)
(0,0,0)
(0,0,0)
(0,0,0)
(0,0,0)
(0,0,0)
(0,0,0)
(0,0,0)
(0,0,0)
(0,0,0)
(0,0,0)
(0,0,0)
(0,0,0)
(0,0,0)
(0,0,0)
(0,0,0)
(0,0,0)
(0,0,0)
(0,0,0)
(0,0,0)
(0,0,0)
(0,0,0)
(0,0,0)
(0,0,0)
(0,0,0)
(0,0,0)
(0,0,0)
(0,0,0)
(0,0,0)
(0,0,0)
(0,0,0)
(0,0,0)
(0,0,0)
(0,0,0)
(0,0,0)
(0,0,0)
(0,0,0)
(0,0,0)
(0,0,0)
(0,0,0)
(0,0,0)
(0,0,0)
(0,0,0)
(0,0,0)
(0,0,0)
(0,0,0)
(0,0,0)
(0,0,0)
(0,0,0)
(0,0,0)
(0,0,0)
(0,0,0)
(0,0,0)
(0,0,0)
(0,0,0)
(0,0,0)
(0,0,0)
(0,0,0)
(0,0,0)
(0,0,0)
(0,0,0)
(0,0,0)
(0,0,0)
(0,0,0)
(0,0,0)
(0,0,0)
(0,0,0)
(0,0,0)
(0,0,0)
(0,0,0)
(0,0,0)
(0,0,0)
(0,0,0)
(0,0,0)
(0,0,0)
(0,0,0)
(0,0,0)
(0,0,0)
(0,0,0)
(0,0,0)
(0,0,0)
(0,0,0)
(0,0,0)
(0,0,0)
(0,0,0)
(0,0,0)
(0,0,0)
(0,0,0)
(0,0,0)
(0,0,0)
(0,0,0)
(0,0,0)
(0,0,0)
(0,0,0)
(0,0,0)
(0,0,0)
(0,0,0)
(0,0,0)
(0,0,0)
(0,0,0)
(0,0,0)
(0,0,0)
(0,0,0)
(0,0,0)
(0,0,0)
(0,0,0)
(0,0,0)
(0,0,0)
(0,0,0)
(0,0,0)
(0,0,0)
(0,0,0)
(0,0,0)
(0,0,0)
(0,0,0)
(0,0,0)
(0,0,0)
(0,0,0)
(0,0,0)
(0,0,0)
(0,0,0)
(0,0,0)
(0,0,0)
(0,0,0)
(0,0,0)
(0,0,0)
(0,0,0)
(0,0,0)
(0,0,0)
(0,0,0)
(0,0,0)
(0,0,0)
(0,0,0)
(0,0,0)
(0,0,0)
(0,0,0)
(0,0,0)
(0,0,0)
(0,0,0)
(0,0,0)
(0,0,0)
(0,0,0)
(0,0,0)
(0,0,0)
(0,0,0)
(0,0,0)
(0,0,0)
(0,0,0)
(0,0,0)
(0,0,0)
(0,0,0)
(0,0,0)
(-67104.2695202575,35769.628292553,31334.6412277045)
(-70933.6744356106,34252.2013295699,68016.1143337454)
(-79838.5828760262,31159.524503711,116695.172706061)
(-96761.5791820008,26327.7051551755,187129.046732888)
(-127261.54142151,19815.1610308775,294575.427123526)
(-182033.039203563,12346.7175508259,464261.74877625)
(-281125.342712908,5526.63268148812,739860.458807703)
(-460151.044650362,1331.50842419487,1198679.99503386)
(-758967.533585678,-46.6011079442028,1957694.12972754)
(-1057569.28181444,-125.764275483476,3015389.17581747)
(0,0,0)
(0,0,0)
(0,0,0)
(0,0,0)
(0,0,0)
(0,0,0)
(-71038.4291503132,76893.8087369389,29914.2487059266)
(-74881.1151080524,74033.5962543376,65013.9688892143)
(-83920.7264256425,68147.5567471604,111946.663071404)
(-101212.488371392,58809.2574225559,180677.599175419)
(-132543.654731107,45924.2519581062,287112.162979296)
(-188624.236940171,30628.5744671061,457454.543003193)
(-288833.04951119,16144.6358302336,735669.589365606)
(-467214.295820452,6940.15570925263,1197275.23790097)
(-763684.868679474,3371.38062375406,1957542.12484881)
(-1059759.5041457,1757.22793473793,3015418.63678419)
(0,0,0)
(0,0,0)
(0,0,0)
(0,0,0)
(0,0,0)
(0,0,0)
(-79882.3051858575,129593.335353851,27182.7785689455)
(-83796.2675569059,125800.52238407,59212.11999612)
(-93141.2575555224,117835.650104259,102665.284194548)
(-111289.828533847,104910.054912429,167854.315238524)
(-144633.73724427,86559.2737919639,271853.030648936)
(-204187.046551187,63657.8492979478,443010.802369282)
(-307861.76414202,40493.0234311538,726524.178910385)
(-484767.186088526,24547.6953183506,1193683.82538978)
(-775004.324326847,16195.868538795,1955863.66180166)
(-1064881.47247206,8814.43612108534,3013687.92608736)
(0,0,0)
(0,0,0)
(0,0,0)
(0,0,0)
(0,0,0)
(0,0,0)
(-96339.3485317661,202465.599217545,23467.0846680724)
(-100320.495842693,198244.656104588,51343.4467902489)
(-110046.008377713,189332.573256436,89892.5320157781)
(-129460.125794315,174645.919795732,149616.792926785)
(-166117.338291061,153242.919481509,249050.485528304)
(-232337.550123249,125125.764273209,419920.120676286)
(-344244.672339927,93972.91721687,710684.899230509)
(-518625.852094135,68525.7886280103,1185332.65801495)
(-795673.888400524,48718.0438837165,1948484.37107051)
(-1073918.27061061,26228.8891565693,3004988.18864574)
(0,0,0)
(0,0,0)
(0,0,0)
(0,0,0)
(0,0,0)
(0,0,0)
(-125857.534482763,309024.38624331,19298.7474569969)
(-129847.97257011,304888.945335687,42502.4307960059)
(-139764.208503659,296198.628811989,75400.5837441107)
(-160235.711964994,281897.072446976,128385.143057865)
(-200317.420697179,260828.706791326,221116.776445232)
(-274808.852907055,232181.341577299,388870.052048183)
(-399647.809549253,197140.017570611,685350.761243699)
(-570149.031089479,158395.16903368,1165630.41192753)
(-825695.149800029,113906.571715459,1926137.03389587)
(-1086954.55282046,60377.3632781648,2978943.11259476)
(0,0,0)
(0,0,0)
(0,0,0)
(0,0,0)
(0,0,0)
(0,0,0)
(-179174.056899767,472929.295759465,15269.1473836136)
(-182972.659116414,469224.996799099,33905.7550366147)
(-192580.51882502,461457.97459561,61226.9280780127)
(-212876.117604638,448612.564358443,107387.553771181)
(-253380.249774998,429023.939627162,192572.570710344)
(-329286.305030407,400152.783673635,353887.433644422)
(-454492.620293265,358854.776397522,646665.295110804)
(-617253.928493956,301073.115776268,1121241.27686215)
(-858178.461049839,220504.943898082,1872821.3657294)
(-1103329.41082046,117728.852835104,2918799.28699284)
(0,0,0)
(0,0,0)
(0,0,0)
(0,0,0)
(0,0,0)
(0,0,0)
(-277167.48801443,738427.098143601,11669.6856302958)
(-280546.298654105,735193.405587658,26247.5754958402)
(-289165.897244505,728412.737908758,48458.7094272022)
(-307685.157306284,716941.788864696,87814.642227236)
(-345288.670477418,698385.684707691,163741.567624125)
(-416594.511333124,667890.203940443,312598.658690433)
(-534078.187113571,616625.042443387,588906.579758141)
(-682092.03836491,531333.837102074,1040737.89679724)
(-906564.996415737,397608.929460366,1770198.90765063)
(-1130027.15558301,216687.330566354,2801267.58550244)
(0,0,0)
(0,0,0)
(0,0,0)
(0,0,0)
(0,0,0)
(0,0,0)
(-456365.675119139,1186223.69242894,8569.08083379346)
(-459081.350797245,1183292.7894471,19551.0477716017)
(-466033.424311945,1176962.16212688,37035.0478654382)
(-481079.89245074,1165769.24577116,69287.483409695)
(-511970.577690153,1146327.77555291,133315.970254619)
(-571232.660534577,1111051.81843305,261387.016296586)
(-669607.923493257,1043982.41543679,503637.56679642)
(-789452.606058783,917348.794936584,907075.215020711)
(-994440.433348398,709755.150033706,1589369.42779577)
(-1181076.31719602,402358.020188695,2584775.05536938)
(0,0,0)
(0,0,0)
(0,0,0)
(0,0,0)
(0,0,0)
(0,0,0)
(-756413.156982679,1936884.17603133,5752.67338028257)
(-758270.291547925,1933982.33255437,13333.4218209444)
(-763004.278403406,1927372.54455564,25927.317795553)
(-773136.958690871,1914950.85829755,49882.663960047)
(-793528.794162117,1891674.84806556,98064.3856095332)
(-831852.295822961,1846596.84537215,194371.654493379)
(-896234.676646677,1757633.29351716,376955.453059687)
(-991957.873302217,1586834.22158356,699427.899714927)
(-1156543.63437111,1283806.69314061,1281919.99097911)
(-1270134.02732062,771938.416196726,2182473.62229169)
(0,0,0)
(0,0,0)
(0,0,0)
(0,0,0)
(0,0,0)
(0,0,0)
(-1056390.02707676,2990343.49192701,2930.71118105891)
(-1057315.71749537,2987354.50956422,6874.25166658075)
(-1059666.34159605,2980318.88777015,13594.2500481436)
(-1064647.77322219,2966579.75945845,26613.1221094444)
(-1074520.12533403,2939925.61854836,52882.4769606878)
(-1092966.50364513,2887152.47624948,105293.349728495)
(-1125179.60152534,2782058.46725464,206047.77751634)
(-1179517.00377341,2576127.5469698,396271.45590347)
(-1269839.40203559,2180039.29316342,769878.257916244)
(-1278874.24434236,1410322.41312121,1410368.50533412)
(0,0,0)
(0,0,0)
(0,0,0)
(0,0,0)
(0,0,0)
(0,0,0)
(0,0,0)
(0,0,0)
(0,0,0)
(0,0,0)
(0,0,0)
(0,0,0)
(0,0,0)
(0,0,0)
(0,0,0)
(0,0,0)
(0,0,0)
(0,0,0)
(0,0,0)
(0,0,0)
(0,0,0)
(0,0,0)
(0,0,0)
(0,0,0)
(0,0,0)
(0,0,0)
(0,0,0)
(0,0,0)
(0,0,0)
(0,0,0)
(0,0,0)
(0,0,0)
(0,0,0)
(0,0,0)
(0,0,0)
(0,0,0)
(0,0,0)
(0,0,0)
(0,0,0)
(0,0,0)
(0,0,0)
(0,0,0)
(0,0,0)
(0,0,0)
(0,0,0)
(0,0,0)
(0,0,0)
(0,0,0)
(0,0,0)
(0,0,0)
(0,0,0)
(0,0,0)
(0,0,0)
(0,0,0)
(0,0,0)
(0,0,0)
(0,0,0)
(0,0,0)
(0,0,0)
(0,0,0)
(0,0,0)
(0,0,0)
(0,0,0)
(0,0,0)
(0,0,0)
(0,0,0)
(0,0,0)
(0,0,0)
(0,0,0)
(0,0,0)
(0,0,0)
(0,0,0)
(0,0,0)
(0,0,0)
(0,0,0)
(0,0,0)
(0,0,0)
(0,0,0)
(0,0,0)
(0,0,0)
(0,0,0)
(0,0,0)
(0,0,0)
(0,0,0)
(0,0,0)
(0,0,0)
(0,0,0)
(0,0,0)
(0,0,0)
(0,0,0)
(0,0,0)
(0,0,0)
(0,0,0)
(0,0,0)
(0,0,0)
(0,0,0)
(0,0,0)
(0,0,0)
(0,0,0)
(0,0,0)
(0,0,0)
(0,0,0)
(9919121.20382208,31929.4849077687,27470.3790007766)
(9912701.90653981,30377.0193723909,59083.1159038046)
(9897898.33998056,27134.2602518634,99837.2700461732)
(9870105.84036564,21896.9818451368,156698.205904211)
(9820610.81658288,14529.5996821503,239921.585468522)
(9732533.49227322,5713.83186275143,365266.559379747)
(9571089.72138389,-2188.67474966393,560865.507283439)
(9252086.24935799,-5668.47385556392,899922.024381422)
(8532060.06190635,-4707.22251838906,1659226.9886586)
(6576442.59061535,-2307.799162142,4073148.2526418)
(0,0,0)
(0,0,0)
(0,0,0)
(0,0,0)
(0,0,0)
(0,0,0)
(9912457.10745782,68054.3776896961,26004.9078608273)
(9906054.15354021,65141.2088985741,55930.7869372706)
(9891109.05764492,58979.7833477811,94680.8170216151)
(9862807.63394869,48780.7704076038,149402.243389875)
(9811978.22613479,33882.537973427,231152.761483571)
(9721438.36663949,15060.4565275158,357368.870489965)
(9557489.00484814,-2874.37089425124,557357.849526169)
(9239758.40591435,-10520.4194547357,900862.430641402)
(8524380.81373838,-7866.82465066503,1661581.68760661)
(6573103.87323473,-3344.45707016924,4075380.30538498)
(0,0,0)
(0,0,0)
(0,0,0)
(0,0,0)
(0,0,0)
(0,0,0)
(9897510.30300959,113081.162821113,23205.9439239677)
(9891097.17041249,109231.303577678,49847.7485263447)
(9875843.8820288,100921.104018112,84546.6255225713)
(9846311.08795974,86758.2498153798,134593.566872098)
(9791942.03541752,65095.2923668475,212430.377067669)
(9693985.12288098,35477.7601437785,339466.241270087)
(9520597.35062952,4069.56614766134,549688.526707505)
(9205836.22842716,-9288.46702749675,903478.497015537)
(8504625.94186658,-4452.50874041115,1666059.25216267)
(6564920.65980621,-206.237573638957,4078744.23763878)
(0,0,0)
(0,0,0)
(0,0,0)
(0,0,0)
(0,0,0)
(0,0,0)
(9870054.70117147,172874.551688328,19437.8986803709)
(9863656.47170385,168683.153714229,41634.4182481787)
(9848020.60112054,159587.48756637,70526.7624525376)
(9816536.77708053,143865.185072528,113048.261571451)
(9755653.52626034,119051.06789482,182946.9587429)
(9640923.32502146,82649.8081920861,308139.37280074)
(9438669.3256212,38529.4639909025,536390.814247259)
(9128771.65830446,16993.6356449301,908336.538427094)
(8464800.53028849,18711.1384987479,1670323.80974971)
(6549598.42582553,13203.3352703461,4079022.87772052)
(0,0,0)
(0,0,0)
(0,0,0)
(0,0,0)
(0,0,0)
(0,0,0)
(9821723.34635064,255623.58556634,15295.4225394314)
(9815422.52810239,251725.787257387,32607.6255746132)
(9799703.25321127,243388.840944125,54964.1477328264)
(9766561.31134987,229301.142407175,88356.5043341616)
(9698238.15999783,207787.115364562,146690.213420286)
(9558344.69267736,177707.827595875,264103.985682971)
(9291423.4099436,142256.12294739,514931.444484484)
(8985984.80549476,111254.492100325,910162.088695747)
(8402439.45733126,81408.9783075663,1664954.97900638)
(6526852.43858667,44004.6918651399,4065971.96825537)
(0,0,0)
(0,0,0)
(0,0,0)
(0,0,0)
(0,0,0)
(0,0,0)
(9735659.20647563,374956.331257954,11459.3281838132)
(9729770.88864392,371741.211330818,24325.6936008889)
(9714784.10290643,364991.311673796,40983.9383906437)
(9682219.64430877,353893.349635897,66921.3064994384)
(9613116.6752761,337135.83368511,116701.000378616)
(9469209.32857009,312825.111498387,228713.420126479)
(9198915.96272171,279212.094199753,483974.203110021)
(8906969.7298195,236209.083637101,880421.2905106)
(8349429.08458758,172094.649939271,1627753.41049233)
(6500843.31498278,91019.6993790363,4022191.01442612)
(0,0,0)
(0,0,0)
(0,0,0)
(0,0,0)
(0,0,0)
(0,0,0)
(9575862.10161123,559251.828498039,8300.25038513627)
(9570723.05565727,556753.632231739,17643.8124236793)
(9557455.4224265,551671.491211209,29967.6504661503)
(9527914.91831914,543646.611894798,50239.6498326951)
(9463501.23651347,531753.094064619,92457.8197131523)
(9325919.28602779,513269.616491115,195124.854610369)
(9063803.08516627,481094.934623229,440986.079157887)
(8800333.28988728,424004.403244246,816390.768549462)
(8270973.24465628,309718.694206439,1546853.82046112)
(6456485.4448168,165601.89415927,3931384.362532)
(0,0,0)
(0,0,0)
(0,0,0)
(0,0,0)
(0,0,0)
(0,0,0)
(9256446.99964264,886184.403893007,5880.08709416308)
(9252383.15670813,884163.243464381,12631.3056070166)
(9241819.27182348,880081.274032391,21994.1639012254)
(9217977.08081218,873818.553156895,38390.586627143)
(9164921.87513696,864839.73493806,74036.8301773802)
(9048252.04302407,850457.659301776,162989.421058971)
(8818856.31190354,817364.339195719,383881.118340477)
(8647054.66409863,714842.470226423,702161.118451696)
(8112616.48291812,547623.119470125,1402825.11417225)
(6353764.80065907,313257.812489561,3765953.41523771)
(0,0,0)
(0,0,0)
(0,0,0)
(0,0,0)
(0,0,0)
(0,0,0)
(8534516.4569743,1636973.9831488,3906.14403805512)
(8531790.82735169,1635008.39373257,8625.21212114007)
(8524740.67084183,1630793.56388205,15793.310277088)
(8509126.96718533,1623532.34282286,29440.9319857189)
(8475938.86404961,1610767.39191837,59670.9540445072)
(8408427.35644216,1585541.07919899,129933.219133023)
(8286678.93190148,1528733.79243478,281275.494596679)
(8115596.333298,1399313.63278999,534875.462683786)
(7632648.14746373,1170532.55659402,1168399.58097592)
(6041210.13261359,763207.644706536,3452730.92607551)
(0,0,0)
(0,0,0)
(0,0,0)
(0,0,0)
(0,0,0)
(0,0,0)
(6577340.85671467,4046870.43108073,1998.005527448)
(6576006.25783229,4044778.27172742,4531.48945579978)
(6572559.90368944,4040104.72543484,8619.41986832894)
(6565052.26337001,4031359.26347481,16717.7998751006)
(6549622.75426617,4014572.78294216,34394.8665020144)
(6519298.40126148,3980252.2609283,73044.1171170296)
(6463116.67172027,3907370.34250448,151736.631052554)
(6355444.42461834,3755743.93699138,305970.235710268)
(6041457.52246258,3449928.03326752,760903.171789449)
(4912271.89226673,2689218.24200424,2689371.77513347)
(0,0,0)
(0,0,0)
(0,0,0)
(0,0,0)
(0,0,0)
(0,0,0)
(0,0,0)
(0,0,0)
(0,0,0)
(0,0,0)
(0,0,0)
(0,0,0)
(0,0,0)
(0,0,0)
(0,0,0)
(0,0,0)
(0,0,0)
(0,0,0)
(0,0,0)
(0,0,0)
(0,0,0)
(0,0,0)
(0,0,0)
(0,0,0)
(0,0,0)
(0,0,0)
(0,0,0)
(0,0,0)
(0,0,0)
(0,0,0)
(0,0,0)
(0,0,0)
(0,0,0)
(0,0,0)
(0,0,0)
(0,0,0)
(0,0,0)
(0,0,0)
(0,0,0)
(0,0,0)
(0,0,0)
(0,0,0)
(0,0,0)
(0,0,0)
(0,0,0)
(0,0,0)
(0,0,0)
(0,0,0)
(0,0,0)
(0,0,0)
(0,0,0)
(0,0,0)
(0,0,0)
(0,0,0)
(0,0,0)
(0,0,0)
(0,0,0)
(0,0,0)
(0,0,0)
(0,0,0)
(0,0,0)
(0,0,0)
(0,0,0)
(0,0,0)
(0,0,0)
(0,0,0)
(0,0,0)
(0,0,0)
(0,0,0)
(0,0,0)
(0,0,0)
(0,0,0)
(0,0,0)
(0,0,0)
(0,0,0)
(0,0,0)
(0,0,0)
(0,0,0)
(0,0,0)
(0,0,0)
(0,0,0)
(0,0,0)
(0,0,0)
(0,0,0)
(0,0,0)
(0,0,0)
(0,0,0)
(0,0,0)
(0,0,0)
(0,0,0)
(0,0,0)
(0,0,0)
(0,0,0)
(0,0,0)
(0,0,0)
(0,0,0)
(0,0,0)
(0,0,0)
(0,0,0)
(0,0,0)
(0,0,0)
(0,0,0)
(-172812.842572427,25307.200628531,21001.508515094)
(-179891.670829841,23756.9595055509,44212.7891283525)
(-195961.480351097,20394.1100821992,72053.1621269903)
(-225338.17226297,14631.6224740009,107240.215030787)
(-275620.908023278,5905.78061105859,151940.821775038)
(-359580.909481565,-5392.19459748658,203822.080876536)
(-496777.887112646,-15760.5709197106,241824.923041946)
(-713814.293366393,-17892.210799682,179992.339315233)
(-1025121.86626731,-12315.2935463899,-296135.776215592)
(-1256780.56280045,-5642.93709372427,-2502895.02295688)
(0,0,0)
(0,0,0)
(0,0,0)
(0,0,0)
(0,0,0)
(0,0,0)
(-180401.017814183,53042.4461725089,19497.542477138)
(-187341.992719431,50133.688889906,40891.622101536)
(-203276.72351481,43699.3680047229,66346.8080879166)
(-232679.953540769,32263.4473454093,98577.2334551577)
(-283706.984141971,13846.9424796412,140695.944612474)
(-369927.135301879,-12403.314145537,193447.228851066)
(-510354.482188785,-39732.2878673143,239637.095584664)
(-725338.077159521,-44333.2488086146,185549.279416601)
(-1030932.69643228,-27563.1381265239,-289514.703083373)
(-1258827.54864311,-11537.1309763876,-2497314.42457376)
(0,0,0)
(0,0,0)
(0,0,0)
(0,0,0)
(0,0,0)
(0,0,0)
(-197263.610930894,85524.6459615711,16666.3769005889)
(-203948.926603868,81706.3597754039,34514.4657805718)
(-219593.898348188,73044.6281645969,54981.6487468014)
(-249277.152473632,56956.8797557842,80251.1195189083)
(-302964.382407884,28817.3029087987,114561.839664366)
(-398069.525328784,-17582.1491229814,166169.985600721)
(-555738.422629642,-77859.6670679299,235007.800809632)
(-765143.483946321,-86299.813678645,202328.740802195)
(-1048467.128743,-44246.3889606691,-273520.275004876)
(-1264465.8709082,-15512.9559161841,-2485783.25660155)
(0,0,0)
(0,0,0)
(0,0,0)
(0,0,0)
(0,0,0)
(0,0,0)
(-227371.947672148,124416.09148119,12909.8660731766)
(-233680.675575789,120394.29742711,25933.7384502088)
(-248877.689209871,111228.117486697,39023.202207651)
(-279190.559910049,93876.7592437734,52205.3224593325)
(-338898.867192304,61658.5675662527,68291.1140036978)
(-460083.184988024,100.519155262922,105989.618484092)
(-696681.976672114,-108741.279125478,226597.19558408)
(-895191.030187389,-125798.705899864,244433.439046297)
(-1092243.02187603,-43634.9223775276,-244759.812623132)
(-1276520.85433621,-9524.29087306,-2470254.53475542)
(0,0,0)
(0,0,0)
(0,0,0)
(0,0,0)
(0,0,0)
(0,0,0)
(-277893.452307478,169473.559802655,8933.99308580412)
(-283731.132902233,166015.644432148,16840.9698345451)
(-298086.553666587,158432.805719067,21800.7512291345)
(-328420.274803245,144969.510191395,20064.2491837809)
(-395205.501177982,122672.576127665,6868.56454730606)
(-566165.210275491,88581.9144831907,-2728.26507865369)
(-1124983.35713409,49718.7042803656,209593.181342324)
(-1334722.03505433,32186.5775564853,326689.401184168)
(-1177948.54805533,28347.8545118723,-210530.707569412)
(-1296204.57078061,17983.1782063627,-2460606.50453233)
(0,0,0)
(0,0,0)
(0,0,0)
(0,0,0)
(0,0,0)
(0,0,0)
(-361240.11390462,215204.737811301,5542.80512078139)
(-366369.995325504,212749.566077535,9324.4301939804)
(-379242.785791292,207715.941610169,8442.84574972694)
(-407469.040220576,199627.205630834,-2151.50241128679)
(-472390.605950071,187516.968224319,-27113.9505325903)
(-642952.506148238,169483.398328526,-41478.9369104631)
(-1174589.58015319,144009.196628331,192110.776365563)
(-1366819.68766455,129501.582091949,322959.852063337)
(-1217743.2866747,93577.4946127157,-220722.754026121)
(-1315789.81508256,46641.2691453574,-2478373.05215059)
(0,0,0)
(0,0,0)
(0,0,0)
(0,0,0)
(0,0,0)
(0,0,0)
(-497636.900491288,239923.994707103,3154.40795582435)
(-501876.918687946,238523.829019765,4354.78210797023)
(-512706.603822583,236156.755337202,450.657379127675)
(-537292.472152198,233794.240539269,-14134.3243088415)
(-596892.746784311,233200.511031431,-45049.2210690209)
(-763909.504299714,235566.581656138,-66928.9513199755)
(-1318426.49153332,236095.454383286,177589.030373833)
(-1496028.96350045,270710.835234245,287116.693368372)
(-1277818.20043764,151354.68615392,-267494.390329747)
(-1348073.84714972,62872.6079529998,-2524791.77442177)
(0,0,0)
(0,0,0)
(0,0,0)
(0,0,0)
(0,0,0)
(0,0,0)
(-715412.119943377,164344.305836728,1813.47120548961)
(-718625.575418763,163677.091769547,2043.60333173492)
(-726890.355107227,163131.099102388,-1846.45075355851)
(-746154.559556551,165101.40057625,-14647.307672748)
(-795472.015884536,175938.971410519,-42617.2142811398)
(-948680.970252687,210661.391795588,-66404.3483947025)
(-1554423.03051201,285205.680330964,212139.430822383)
(-1266901.34077305,183386.400356276,167794.533321195)
(-1325608.99686521,67644.4323115006,-355895.07030381)
(-1398073.24252403,681.667432590733,-2587491.42385107)
(0,0,0)
(0,0,0)
(0,0,0)
(0,0,0)
(0,0,0)
(0,0,0)
(-1027783.4902727,-320126.543824161,1145.45965706005)
(-1029869.59348189,-320679.616306506,1537.25131578729)
(-1035158.18424104,-321251.482923599,193.351173792844)
(-1047025.83639112,-320408.322019292,-3769.4599050283)
(-1074183.67806063,-315420.668001799,-7912.61563330053)
(-1139106.38471725,-303463.325623204,8120.5056940304)
(-1281119.66733937,-294716.94914678,110216.397161754)
(-1327661.91671922,-360745.524539252,51981.2348236086)
(-1449840.34043441,-420588.66903013,-422922.51318751)
(-1472835.34316111,-365693.966654425,-2588126.74057657)
(0,0,0)
(0,0,0)
(0,0,0)
(0,0,0)
(0,0,0)
(0,0,0)
(-1258806.53387708,-2530204.42946366,599.938980425981)
(-1259801.54979528,-2530924.33500302,1027.12805362389)
(-1262308.96894905,-2532097.12639504,1116.30691277798)
(-1267795.67321324,-2533343.67398732,1274.25821315844)
(-1279460.936404,-2534704.59837897,4016.54200965481)
(-1303901.77342836,-2538681.74086859,16809.7946940084)
(-1349102.96265403,-2555405.16659326,44092.3092639993)
(-1399438.56173603,-2599423.31334972,-7972.252822041)
(-1473243.3591935,-2591295.08224878,-368190.295198157)
(-1421778.04759085,-2222873.54130712,-2222586.11793867)
(0,0,0)
(0,0,0)
(0,0,0)
(0,0,0)
(0,0,0)
(0,0,0)
(0,0,0)
(0,0,0)
(0,0,0)
(0,0,0)
(0,0,0)
(0,0,0)
(0,0,0)
(0,0,0)
(0,0,0)
(0,0,0)
(0,0,0)
(0,0,0)
(0,0,0)
(0,0,0)
(0,0,0)
(0,0,0)
(0,0,0)
(0,0,0)
(0,0,0)
(0,0,0)
(0,0,0)
(0,0,0)
(0,0,0)
(0,0,0)
(0,0,0)
(0,0,0)
(0,0,0)
(0,0,0)
(0,0,0)
(0,0,0)
(0,0,0)
(0,0,0)
(0,0,0)
(0,0,0)
(0,0,0)
(0,0,0)
(0,0,0)
(0,0,0)
(0,0,0)
(0,0,0)
(0,0,0)
(0,0,0)
(0,0,0)
(0,0,0)
(0,0,0)
(0,0,0)
(0,0,0)
(0,0,0)
(0,0,0)
(0,0,0)
(0,0,0)
(0,0,0)
(0,0,0)
(0,0,0)
(0,0,0)
(0,0,0)
(0,0,0)
(0,0,0)
(0,0,0)
(0,0,0)
(0,0,0)
(0,0,0)
(0,0,0)
(0,0,0)
(0,0,0)
(0,0,0)
(0,0,0)
(0,0,0)
(0,0,0)
(0,0,0)
(0,0,0)
(0,0,0)
(0,0,0)
(0,0,0)
(0,0,0)
(0,0,0)
(0,0,0)
(0,0,0)
(0,0,0)
(0,0,0)
(0,0,0)
(0,0,0)
(0,0,0)
(0,0,0)
(0,0,0)
(0,0,0)
(0,0,0)
(0,0,0)
(0,0,0)
(0,0,0)
(0,0,0)
(0,0,0)
(0,0,0)
(0,0,0)
(0,0,0)
(0,0,0)
(-204414.188755683,17758.3175256355,13843.0286576214)
(-210415.409218142,16323.57157766,28043.1954682619)
(-223690.147312168,13126.9893217909,42644.8731075438)
(-246972.444943594,7329.81421274761,56949.3315754184)
(-284570.309077272,-2156.02208711908,68054.7547165343)
(-342425.841942894,-15726.6254687521,66626.3126466171)
(-425508.989533429,-29320.3478286214,24677.7628960239)
(-528424.653994329,-29352.552101983,-131359.324374056)
(-610742.208039438,-18062.4901976752,-527676.49240424)
(-530753.543407676,-7675.2027713727,-1246028.30902566)
(0,0,0)
(0,0,0)
(0,0,0)
(0,0,0)
(0,0,0)
(0,0,0)
(-211303.012608727,36183.4744043175,12476.8379158616)
(-216972.509042202,33515.9848301955,24914.9409860925)
(-229533.91812009,27360.8130212693,36938.3118918947)
(-251565.856955889,15625.8149918225,47528.2145279378)
(-287423.069670794,-5437.10882818752,54525.3867978288)
(-343602.772590853,-40557.5217815518,53031.9203996096)
(-426163.192491138,-85087.8295543934,24608.1124277431)
(-525981.453949123,-84047.1779353212,-120053.884949311)
(-606734.878813283,-45020.2957068176,-517293.89705917)
(-528281.426585848,-17164.7759386161,-1238350.44594921)
(0,0,0)
(0,0,0)
(0,0,0)
(0,0,0)
(0,0,0)
(0,0,0)
(-226342.421721191,55385.8660414261,9876.41915319148)
(-231342.28355183,51935.1695536374,18850.5913777073)
(-242419.387852278,43704.2114976006,25332.6824054636)
(-261906.199973968,27009.1231102225,26578.4217874011)
(-294191.275640043,-7133.53944302618,19501.7456343967)
(-348079.741334607,-79605.013273965,8559.45313262282)
(-439123.221679287,-218788.718419454,25645.1410473354)
(-526287.42560834,-216283.733722502,-80974.3615034682)
(-597049.406897665,-87977.4784305376,-489434.90062509)
(-522293.052377038,-27563.2298179825,-1221209.26527691)
(0,0,0)
(0,0,0)
(0,0,0)
(0,0,0)
(0,0,0)
(0,0,0)
(-252231.496540866,73764.8971052944,6480.51780485282)
(-256275.922030924,70296.8040693373,10714.1297442916)
(-265196.671428164,61979.1957085938,8758.12775159427)
(-280594.691778226,44630.3136088964,-7458.9308789031)
(-305942.41999315,5305.53472799187,-52854.4522490705)
(-355985.780700761,-106031.526499671,-130525.343310635)
(-537111.767245908,-537082.817898909,28198.5467426085)
(-565340.471228834,-565358.117880841,47422.3719423971)
(-574443.84011702,-129374.156679873,-428980.131567279)
(-510143.392092649,-29236.768457519,-1193684.05517129)
(0,0,0)
(0,0,0)
(0,0,0)
(0,0,0)
(0,0,0)
(0,0,0)
(-293151.294629686,86000.0995932013,3022.63983430183)
(-296147.180610287,83294.576801079,2440.91481061417)
(-302381.695049403,77215.4721383122,-8500.22023628722)
(-311477.777746565,65869.4489925966,-46681.8526766665)
(-317928.552826161,45384.9362868578,-164038.202587356)
(-286500.385199833,11701.2709006726,-561435.825063359)
(8.24610921118929e-05,2.13001310300656e-05,-5.48637460585632e-05)
(-51.4999584930313,-33.2620973430986,483501.870169868)
(-483498.952509559,-11554.4598435168,-328767.422212269)
(-488161.614185577,-1655.77777664684,-1164391.36948819)
(0,0,0)
(0,0,0)
(0,0,0)
(0,0,0)
(0,0,0)
(0,0,0)
(-354407.684393428,78794.2303661453,373.439715865744)
(-356389.732788168,77260.0236645585,-3572.2696849496)
(-360141.232647714,74283.0777079101,-19741.4283981256)
(-364086.917451561,69806.4095099561,-67060.5116845011)
(-359429.44905285,62968.2354022788,-197604.967697141)
(-304306.611608863,48428.5867056438,-572978.178041484)
(7.40171964459517e-05,2.83374259832293e-05,-4.27138647734897e-05)
(103.996273372618,117.82594454549,472036.690672304)
(-471862.170540763,33379.300405016,-318778.185710169)
(-487928.194256502,14299.1043735719,-1162594.68868641)
(0,0,0)
(0,0,0)
(0,0,0)
(0,0,0)
(0,0,0)
(0,0,0)
(-439951.100272737,22197.4075503285,-1088.97740273263)
(-441097.397604354,21864.6294420557,-6473.10426382804)
(-442853.711775374,22069.2171969708,-24112.1358000926)
(-442852.218344435,24999.7422145927,-73745.722312489)
(-430266.257134821,34634.8140018452,-212038.790561547)
(-356893.514094286,50728.0688871517,-621354.262948477)
(0.000197840015166003,-7.10529399934767e-05,-5.59954955072905e-05)
(233.020267913576,499704.096145623,505288.548710914)
(-504882.577307488,103485.459836354,-337753.23385059)
(-507626.928390132,12829.7566432045,-1176730.80487979)
(0,0,0)
(0,0,0)
(0,0,0)
(0,0,0)
(0,0,0)
(0,0,0)
(-543818.316669883,-148006.671804781,-1389.7239183842)
(-544391.403961192,-147532.241775272,-6227.02415862662)
(-544834.883082521,-145091.089290251,-21122.189696112)
(-542576.003763426,-135702.604432726,-63998.3988419224)
(-526220.845344363,-102748.154104967,-195866.601275286)
(-441854.906769218,20183.9452617329,-672148.541133341)
(553.128870897416,558420.47771424,499643.537555051)
(-499123.520068753,122523.930196678,109045.882799702)
(-628031.255638849,-56675.3029276206,-428371.095662692)
(-549980.595651861,-74150.4368011417,-1189483.54909049)
(0,0,0)
(0,0,0)
(0,0,0)
(0,0,0)
(0,0,0)
(0,0,0)
(-623774.095319051,-551087.223040852,-928.843717570011)
(-624030.286232491,-550544.910478991,-3755.48226323746)
(-624017.004673214,-548336.630464421,-11651.1206568829)
(-622310.070175393,-541119.546251879,-30949.9450534544)
(-614312.463456702,-520656.184937326,-72913.128825017)
(-589643.940088375,-468248.186625192,-133943.441566972)
(-557574.277335614,-362700.739697099,63632.385840604)
(-638759.854334695,-432521.694051568,-70224.052295664)
(-686833.396483311,-443994.483893046,-445911.815281326)
(-562920.220142679,-314659.250139666,-1115318.12496123)
(0,0,0)
(0,0,0)
(0,0,0)
(0,0,0)
(0,0,0)
(0,0,0)
(-538113.766700217,-1271368.08881817,-411.901399558132)
(-538204.777439365,-1271044.5672048,-1509.01702967192)
(-538144.026596731,-1269664.07641693,-4346.51342947869)
(-537458.235758888,-1265411.18703416,-10392.3101015467)
(-534940.65766835,-1255099.01088165,-20469.7628928762)
(-529525.623638116,-1234664.45204526,-28429.6472630535)
(-527776.094456559,-1206205.36733439,-6251.88782321627)
(-556515.17691195,-1199920.75267954,-81776.214019311)
(-564299.92396462,-1118006.93993731,-316707.193203927)
(-451274.639077629,-801079.771286778,-800790.080570023)
(0,0,0)
(0,0,0)
(0,0,0)
(0,0,0)
(0,0,0)
(0,0,0)
(0,0,0)
(0,0,0)
(0,0,0)
(0,0,0)
(0,0,0)
(0,0,0)
(0,0,0)
(0,0,0)
(0,0,0)
(0,0,0)
(0,0,0)
(0,0,0)
(0,0,0)
(0,0,0)
(0,0,0)
(0,0,0)
(0,0,0)
(0,0,0)
(0,0,0)
(0,0,0)
(0,0,0)
(0,0,0)
(0,0,0)
(0,0,0)
(0,0,0)
(0,0,0)
(0,0,0)
(0,0,0)
(0,0,0)
(0,0,0)
(0,0,0)
(0,0,0)
(0,0,0)
(0,0,0)
(0,0,0)
(0,0,0)
(0,0,0)
(0,0,0)
(0,0,0)
(0,0,0)
(0,0,0)
(0,0,0)
(0,0,0)
(0,0,0)
(0,0,0)
(0,0,0)
(0,0,0)
(0,0,0)
(0,0,0)
(0,0,0)
(0,0,0)
(0,0,0)
(0,0,0)
(0,0,0)
(0,0,0)
(0,0,0)
(0,0,0)
(0,0,0)
(0,0,0)
(0,0,0)
(0,0,0)
(0,0,0)
(0,0,0)
(0,0,0)
(0,0,0)
(0,0,0)
(0,0,0)
(0,0,0)
(0,0,0)
(0,0,0)
(0,0,0)
(0,0,0)
(0,0,0)
(0,0,0)
(0,0,0)
(0,0,0)
(0,0,0)
(0,0,0)
(0,0,0)
(0,0,0)
(0,0,0)
(0,0,0)
(0,0,0)
(0,0,0)
(0,0,0)
(0,0,0)
(0,0,0)
(0,0,0)
(0,0,0)
(0,0,0)
(0,0,0)
(0,0,0)
(0,0,0)
(0,0,0)
(0,0,0)
(0,0,0)
(-223072.070748357,10882.899956549,7774.98203612336)
(-227120.545901644,9787.493191206,14692.6255284217)
(-235684.877447682,7329.78675561387,19357.568908322)
(-249741.997040245,2766.29071296968,19360.8302920056)
(-270453.61472913,-5002.38224106364,10246.5181849203)
(-298780.57259234,-16912.9387486529,-16485.8124169829)
(-333632.466635897,-29964.5880013266,-78397.7473131875)
(-366136.425555419,-26860.4135419673,-213825.562210132)
(-362829.254948749,-14018.8625283038,-447719.652772512)
(-258004.455103171,-5194.58575966956,-715274.155317322)
(0,0,0)
(0,0,0)
(0,0,0)
(0,0,0)
(0,0,0)
(0,0,0)
(-228334.737233709,21139.1263442236,6775.49823730427)
(-231869.72966954,19132.8987114698,12327.3133443807)
(-239209.782376543,14426.6308581407,14906.333498308)
(-250783.221251883,5221.73970826035,11668.2487990141)
(-266904.95705385,-12254.1323411974,-1598.11371779891)
(-287513.319718854,-45086.0466823272,-29514.4586561226)
(-312279.707251455,-98043.1176892542,-75319.4142078845)
(-342941.298216865,-84271.942354517,-200948.041127598)
(-347625.172117132,-35233.4273988907,-438843.182953167)
(-251169.385252786,-11119.5051683792,-710030.304877501)
(0,0,0)
(0,0,0)
(0,0,0)
(0,0,0)
(0,0,0)
(0,0,0)
(-239483.55308967,29446.2777891601,4833.97992354183)
(-242036.831508123,26921.849876476,7739.57671483157)
(-246952.171685981,20830.2328438412,5868.75856283258)
(-253400.143929082,8262.03744042496,-5677.59521421783)
(-258907.441239709,-18893.4508693746,-34322.1110863742)
(-257554.987273229,-87516.4694275529,-82416.4424025176)
(-241259.664122409,-316756.069518439,-61567.0481302147)
(-264995.290354031,-255275.75128736,-151855.374451683)
(-304153.160284511,-65303.4063602963,-414681.642103435)
(-233784.137365239,-15389.4532296821,-698920.609053937)
(0,0,0)
(0,0,0)
(0,0,0)
(0,0,0)
(0,0,0)
(0,0,0)
(-257873.273963956,32718.8980179733,2369.15719427529)
(-259110.763413234,30349.152144183,1776.69630887757)
(-260753.225263917,24726.6472726086,-6563.16428413579)
(-259879.521454357,13706.30195123,-32722.5991188091)
(-248004.65660504,-6729.33569503669,-102824.477681262)
(-198192.930967349,-36585.6803910589,-311548.116451168)
(3.8075312648467e-05,5.25924969479353e-06,-1.8020370955521e-05)
(275.602914049042,-113.466596107394,38238.8361460323)
(-198325.185311204,-38473.1263387863,-364710.098681285)
(-199330.934209612,-7310.37412909019,-683601.635664928)
(0,0,0)
(0,0,0)
(0,0,0)
(0,0,0)
(0,0,0)
(0,0,0)
(-285014.268157204,24603.8514000127,-21.9798545209729)
(-284963.402917639,22965.5110522513,-3822.11645523845)
(-283332.421315933,19369.2924934063,-17514.0354095076)
(-275415.788923613,13176.3964946677,-53046.1187758966)
(-248958.641205241,3789.96012257506,-132535.326214425)
(-174655.485093248,-6160.36644821154,-274805.540263852)
(-5.60686518595504e-06,2.01555446678018e-06,9.72432023485013e-05)
(8.90529868167937e-05,1.17397208987343e-05,-4.14356867196293e-06)
(-61.5688802812783,-7.37213802843489,-333496.313366223)
(-151155.747365481,-1485.4863127545,-676327.068002624)
(0,0,0)
(0,0,0)
(0,0,0)
(0,0,0)
(0,0,0)
(0,0,0)
(-321265.851305296,-6870.74102895621,-1667.24065916236)
(-320186.732079214,-7511.50788438476,-7393.22243148115)
(-316043.115207984,-8486.71429966133,-23635.3330781432)
(-303165.340320876,-9029.33778234986,-62351.1759318082)
(-267642.761700476,-7941.65997243715,-142406.243189165)
(-180125.18013048,-4235.24947592651,-268512.791639833)
(2.00491615341757e-07,6.91322060924979e-06,7.47047626318038e-05)
(6.55741001245797e-05,2.22748111037085e-05,-1.9864758763293e-06)
(158.956842794525,209.307129348778,-334952.8847161)
(-144047.852942369,-5499.12409239478,-674819.5882506)
(0,0,0)
(0,0,0)
(0,0,0)
(0,0,0)
(0,0,0)
(0,0,0)
(-362795.511856928,-81744.8515874493,-2281.47785731415)
(-361124.058476698,-81453.0020003311,-8313.32286901689)
(-355602.032855678,-79928.3233235392,-24123.3927648433)
(-340096.312678356,-74739.989823683,-61168.6463895922)
(-299424.172088805,-61342.1004547814,-138610.290953267)
(-201169.173658318,-34378.6070007741,-264191.27386439)
(9.66934672316093e-06,0.000113793296931248,8.7047700431397e-05)
(0.000113095402281471,-9.39289266650788e-07,-3.10299297308938e-06)
(579.033717372177,-19871.0106979819,-340668.610861522)
(-154853.1409573,-29637.2190256923,-669304.30336105)
(0,0,0)
(0,0,0)
(0,0,0)
(0,0,0)
(0,0,0)
(0,0,0)
(-395620.647370615,-227979.330631643,-1963.19025507155)
(-393891.226048024,-227171.802800294,-6744.56736828404)
(-388348.096714824,-224257.889193748,-18901.7878657739)
(-373161.03956771,-215392.077502447,-47664.664382723)
(-332908.162556158,-190818.112122628,-111501.335503076)
(-230388.76491557,-127708.660352551,-229637.42400495)
(0.000133403328510027,-5.36240694627147e-06,-8.74845024732372e-06)
(472.37080551296,-17343.2229358218,-19998.0852956996)
(-201806.689492665,-115634.872124614,-350458.790015251)
(-203165.044366556,-87201.3181813609,-639710.242144885)
(0,0,0)
(0,0,0)
(0,0,0)
(0,0,0)
(0,0,0)
(0,0,0)
(-385266.110552967,-465322.514744897,-1164.80065282876)
(-383954.358231809,-464609.821795526,-3802.70965827546)
(-379768.48616247,-462342.759822254,-9966.35754051383)
(-368543.031256377,-456154.879237483,-22970.5947244969)
(-338600.552247226,-441207.674373369,-48292.9436832282)
(-255646.058347432,-408121.818418613,-101877.667358108)
(578.872820723725,-332984.620261409,-17594.2712552389)
(-204955.480273676,-350354.00054705,-118387.867705031)
(-277260.191619232,-321512.746219917,-322083.198473806)
(-216561.476763554,-203085.599534171,-552557.660500125)
(0,0,0)
(0,0,0)
(0,0,0)
(0,0,0)
(0,0,0)
(0,0,0)
(-269790.788271805,-733145.177714353,-500.315458959609)
(-269122.919713247,-732684.171799235,-1507.82318138026)
(-267011.971836081,-731296.916808521,-3685.72095578081)
(-261687.345473731,-727722.230758273,-7889.25972014689)
(-248983.374348412,-719960.526946417,-15093.6904670294)
(-221026.325486903,-705007.528199251,-26707.2788376047)
(-174077.825243865,-678377.476633658,-35012.6916780584)
(-208875.407360908,-643411.099814732,-89595.3619614209)
(-217921.935558334,-553741.007796631,-203745.088791007)
(-158593.3003793,-349871.104248848,-349640.922774666)
(0,0,0)
(0,0,0)
(0,0,0)
(0,0,0)
(0,0,0)
(0,0,0)
(0,0,0)
(0,0,0)
(0,0,0)
(0,0,0)
(0,0,0)
(0,0,0)
(0,0,0)
(0,0,0)
(0,0,0)
(0,0,0)
(0,0,0)
(0,0,0)
(0,0,0)
(0,0,0)
(0,0,0)
(0,0,0)
(0,0,0)
(0,0,0)
(0,0,0)
(0,0,0)
(0,0,0)
(0,0,0)
(0,0,0)
(0,0,0)
(0,0,0)
(0,0,0)
(0,0,0)
(0,0,0)
(0,0,0)
(0,0,0)
(0,0,0)
(0,0,0)
(0,0,0)
(0,0,0)
(0,0,0)
(0,0,0)
(0,0,0)
(0,0,0)
(0,0,0)
(0,0,0)
(0,0,0)
(0,0,0)
(0,0,0)
(0,0,0)
(0,0,0)
(0,0,0)
(0,0,0)
(0,0,0)
(0,0,0)
(0,0,0)
(0,0,0)
(0,0,0)
(0,0,0)
(0,0,0)
(0,0,0)
(0,0,0)
(0,0,0)
(0,0,0)
(0,0,0)
(0,0,0)
(0,0,0)
(0,0,0)
(0,0,0)
(0,0,0)
(0,0,0)
(0,0,0)
(0,0,0)
(0,0,0)
(0,0,0)
(0,0,0)
(0,0,0)
(0,0,0)
(0,0,0)
(0,0,0)
(0,0,0)
(0,0,0)
(0,0,0)
(0,0,0)
(0,0,0)
(0,0,0)
(0,0,0)
(0,0,0)
(0,0,0)
(0,0,0)
(0,0,0)
(0,0,0)
(0,0,0)
(0,0,0)
(0,0,0)
(0,0,0)
(0,0,0)
(0,0,0)
(0,0,0)
(0,0,0)
(0,0,0)
(0,0,0)
(-232423.20971482,5645.0119590906,3706.12700737607)
(-234576.4294831,5081.92399761389,6080.08659121803)
(-238786.285856464,3879.19317755126,5302.30182244736)
(-244908.854972935,1789.56640166474,-1320.40664652892)
(-252313.659029456,-1420.23284260656,-18040.1295035956)
(-259833.155999034,-5624.34871035991,-51363.1973865392)
(-265354.115581683,-8617.95647758873,-111023.591963165)
(-262813.059981357,-3676.67566640714,-210670.281870818)
(-231727.294016154,1180.16634254968,-342952.409145952)
(-145391.792626855,1649.53038559874,-457214.602007886)
(0,0,0)
(0,0,0)
(0,0,0)
(0,0,0)
(0,0,0)
(0,0,0)
(-235801.585279274,9918.96089445297,3192.89911020716)
(-237421.021979044,8910.46770086112,4915.64771646249)
(-240356.386046131,6660.6998296956,3280.74473390726)
(-243852.815860362,2598.96140853718,-4459.05566448883)
(-246364.258081807,-4260.38992481566,-22159.5975543207)
(-245872.704432762,-15120.1357567024,-54304.4257940729)
(-242128.649692129,-26969.1800837823,-106104.259747201)
(-240668.433898287,-6260.93790164061,-205792.861830543)
(-218117.444983957,8317.36860585824,-342437.791227019)
(-139474.276190638,6341.96408969066,-458825.333993264)
(0,0,0)
(0,0,0)
(0,0,0)
(0,0,0)
(0,0,0)
(0,0,0)
(-242696.743926768,10902.6143479,2229.53738365147)
(-243340.02130453,9693.4514866077,2749.74339431271)
(-243821.71405552,6924.47806388649,-644.492470334174)
(-242003.259105588,1754.37547089869,-11196.7913561929)
(-233504.230528394,-7961.46098703561,-32898.9310052856)
(-211381.420899255,-28095.9487077928,-66096.6844281752)
(-173560.46312848,-75333.617353513,-85431.4481523713)
(-175602.36971424,10092.8869647986,-191178.193658601)
(-183275.391629627,40642.626607174,-344381.220314806)
(-125774.143238195,19151.5443512955,-465200.794703445)
(0,0,0)
(0,0,0)
(0,0,0)
(0,0,0)
(0,0,0)
(0,0,0)
(-253438.512298636,5418.44189106021,1049.41079151839)
(-252820.55773295,4384.57960820054,68.076989642806)
(-250122.327616173,2076.67941821459,-5715.02201243023)
(-241154.555224431,-1853.93789407826,-20831.6748773811)
(-216188.993255214,-7686.71394294512,-52922.0852712961)
(-152946.510589481,-13041.0997667477,-113223.354590211)
(3.14250252254099e-05,5.84364238130771e-06,4.67592549211832e-06)
(-216.294070147378,-401.925797022724,-160487.39187038)
(-112158.923037821,159801.033141353,-365812.060677946)
(-102447.467311104,40870.1078015841,-484414.091026749)
(0,0,0)
(0,0,0)
(0,0,0)
(0,0,0)
(0,0,0)
(0,0,0)
(-267786.705732703,-11769.8420269739,-39.2785064650628)
(-266029.988098258,-12336.4133476807,-2251.70036996293)
(-260476.669025008,-13413.4185159099,-9617.35472676344)
(-245661.33609896,-14626.8596602599,-26598.885785234)
(-210142.287279312,-14931.2148958437,-58170.7387582639)
(-134189.222748821,-11646.3362180545,-100031.764651385)
(-5.33891027536746e-06,6.33783500614575e-07,7.04383066920749e-06)
(7.76305603487373e-05,3.30947120232287e-06,1.51950712243359e-05)
(430.61718518472,181.070472146029,-484686.874672336)
(-75231.0805142497,5591.72031946881,-525333.154041455)
(0,0,0)
(0,0,0)
(0,0,0)
(0,0,0)
(0,0,0)
(0,0,0)
(-283834.109259978,-48534.9379505211,-666.646121773116)
(-281299.021059253,-48546.4395531181,-3344.33093629841)
(-273895.562851637,-48132.8252148284,-10772.4765937316)
(-255676.672639721,-46056.1962767492,-26831.8076583968)
(-214754.096082572,-39805.8363398477,-54845.8518322959)
(-132964.157427047,-25338.5353383166,-88314.6754154677)
(-4.46185384881549e-07,3.13876398007498e-06,-8.10903489412202e-12)
(5.44761702041607e-05,3.29285630857719e-06,1.11145367051299e-05)
(424.128741082716,528.701620836158,-479337.753822258)
(-70424.9561264087,-16380.0285707049,-530988.901748044)
(0,0,0)
(0,0,0)
(0,0,0)
(0,0,0)
(0,0,0)
(0,0,0)
(-295966.821807354,-114680.007888195,-683.62011190585)
(-293170.557140659,-114285.879887948,-2897.6811131192)
(-285277.292206628,-112728.204840918,-8627.04213607857)
(-266413.254355661,-107885.217265201,-20481.0794703225)
(-224527.144814017,-94889.3190375303,-40294.6240474254)
(-140242.088306418,-63666.463565246,-62893.7811723953)
(6.97526804632674e-06,7.23406565051491e-06,-9.58834256664136e-12)
(9.46230736251925e-05,5.4116777295669e-06,1.63534976469463e-05)
(491.147675992018,-222499.70786068,-496419.212330028)
(-74862.5495454153,-78057.6650438051,-514732.167268828)
(0,0,0)
(0,0,0)
(0,0,0)
(0,0,0)
(0,0,0)
(0,0,0)
(-292406.190779189,-217645.513346337,-248.951133285518)
(-289918.256488926,-217220.990273145,-1286.81030718042)
(-282987.593662162,-215652.838034377,-3722.68016638503)
(-266604.842289999,-210785.784462419,-7378.31024687657)
(-229718.003586438,-196548.958467886,-8908.82978624103)
(-150771.539199544,-153131.037577242,938.518509727345)
(0.00011552358165485,2.08541236855891e-05,4.41623994324928e-06)
(232.649361838556,-223131.806335392,-222595.203716462)
(-103536.307015926,-191308.002632111,-352057.29142177)
(-95757.7054470632,-100729.998434179,-436792.296950889)
(0,0,0)
(0,0,0)
(0,0,0)
(0,0,0)
(0,0,0)
(0,0,0)
(-253447.002825894,-349663.278976706,198.65790329242)
(-251717.454645508,-349600.785107257,341.549151094802)
(-246915.375288934,-349422.832823791,1258.43306697298)
(-235860.970468201,-349209.161014265,6999.74883064509)
(-211261.406827837,-351563.56305674,34675.208000107)
(-154882.456575074,-373542.388152063,154322.956802566)
(347.491021180269,-507797.478465152,-223250.504608185)
(-106103.34762219,-354424.991454221,-190809.45214084)
(-135579.85162618,-262282.154566246,-261515.640199763)
(-97418.8453819766,-145211.178645306,-336177.091370211)
(0,0,0)
(0,0,0)
(0,0,0)
(0,0,0)
(0,0,0)
(0,0,0)
(-156557.638233701,-463126.440501495,230.011486692351)
(-155710.23282831,-463376.67986681,593.219361306305)
(-153367.777213519,-464103.19405696,1629.38597191305)
(-148210.556730969,-465889.77792988,4833.21414476619)
(-137721.881110319,-470868.843024697,12877.000874643)
(-117978.316749731,-483924.495832218,20211.0998176221)
(-87546.5819953048,-504286.522869158,-69831.0990269357)
(-99877.6150490888,-434591.300641824,-98662.5821511551)
(-98439.9743524319,-335928.138633384,-144498.55928991)
(-65748.7632953352,-191371.382682047,-191182.892337142)
(0,0,0)
(0,0,0)
(0,0,0)
(0,0,0)
(0,0,0)
(0,0,0)
(0,0,0)
(0,0,0)
(0,0,0)
(0,0,0)
(0,0,0)
(0,0,0)
(0,0,0)
(0,0,0)
(0,0,0)
(0,0,0)
(0,0,0)
(0,0,0)
(0,0,0)
(0,0,0)
(0,0,0)
(0,0,0)
(0,0,0)
(0,0,0)
(0,0,0)
(0,0,0)
(0,0,0)
(0,0,0)
(0,0,0)
(0,0,0)
(0,0,0)
(0,0,0)
(0,0,0)
(0,0,0)
(0,0,0)
(0,0,0)
(0,0,0)
(0,0,0)
(0,0,0)
(0,0,0)
(0,0,0)
(0,0,0)
(0,0,0)
(0,0,0)
(0,0,0)
(0,0,0)
(0,0,0)
(0,0,0)
(0,0,0)
(0,0,0)
(0,0,0)
(0,0,0)
(0,0,0)
(0,0,0)
(0,0,0)
(0,0,0)
(0,0,0)
(0,0,0)
(0,0,0)
(0,0,0)
(0,0,0)
(0,0,0)
(0,0,0)
(0,0,0)
(0,0,0)
(0,0,0)
(0,0,0)
(0,0,0)
(0,0,0)
(0,0,0)
(0,0,0)
(0,0,0)
(0,0,0)
(0,0,0)
(0,0,0)
(0,0,0)
(0,0,0)
(0,0,0)
(0,0,0)
(0,0,0)
(0,0,0)
(0,0,0)
(0,0,0)
(0,0,0)
(0,0,0)
(0,0,0)
(0,0,0)
(0,0,0)
(0,0,0)
(0,0,0)
(0,0,0)
(0,0,0)
(0,0,0)
(0,0,0)
(0,0,0)
(0,0,0)
(0,0,0)
(0,0,0)
(0,0,0)
(0,0,0)
(0,0,0)
(0,0,0)
(-236315.34280287,2312.75274217489,1579.38034587081)
(-237163.987232119,2294.67586842374,1872.26222646421)
(-238573.357429274,2391.49495002946,-732.161150755791)
(-239912.899384934,2918.52989330689,-8646.64663206031)
(-239970.171376059,4575.34804719834,-25565.4823326554)
(-236911.842541433,8408.71633054836,-56895.5121208023)
(-228377.904926894,14645.9911360893,-108517.713911679)
(-210133.248761167,18476.2788384258,-179673.803970297)
(-169613.747802492,14827.2429795337,-256614.593163493)
(-97862.0634738833,7610.33662083933,-311754.658937313)
(0,0,0)
(0,0,0)
(0,0,0)
(0,0,0)
(0,0,0)
(0,0,0)
(-238070.633384207,3022.94396373739,1558.85688336822)
(-238566.121400043,3019.69393666768,1978.93823612454)
(-239124.80817678,3278.47900202144,-139.623685218958)
(-238747.526232883,4558.7798365355,-6885.16325592627)
(-235733.180710028,8697.78207634245,-21638.6746568513)
(-228007.70153148,19504.6551182426,-50599.6163458276)
(-215118.654490505,41749.9600353748,-104713.58044674)
(-202502.783367583,58934.6508026046,-183337.602941632)
(-166096.392730457,43273.0263293327,-263804.438544938)
(-96471.6476734216,20122.4316132032,-319319.162054519)
(0,0,0)
(0,0,0)
(0,0,0)
(0,0,0)
(0,0,0)
(0,0,0)
(-241384.993714482,142.203211044067,1568.99054040711)
(-241235.499168432,195.388800816932,2288.77354015748)
(-240157.124605592,654.021741494934,1248.64135075321)
(-236279.41923057,2687.27620464876,-2603.69489237464)
(-226175.870339554,9446.82511409049,-10681.0981189624)
(-204749.990147995,30438.710789615,-28246.5845415936)
(-170916.269475655,98364.8980304146,-87505.7161894598)
(-190823.738509934,185621.88231801,-198971.578909174)
(-163906.009950595,111878.199543281,-286946.133802149)
(-95644.3489967708,42533.9485626872,-339487.444993068)
(0,0,0)
(0,0,0)
(0,0,0)
(0,0,0)
(0,0,0)
(0,0,0)
(-245956.622466513,-8957.4009896995,1617.71436862108)
(-244965.093322136,-8831.54542630341,2789.18418492461)
(-241741.637430866,-8267.03371957022,3329.54946068161)
(-233019.431422991,-6324.38599544647,4206.08785933911)
(-211385.64278823,-1580.67649043209,10430.2389968835)
(-157716.793120679,5768.60263295043,39870.6296847484)
(2.06875275849606e-05,-5.88651347292204e-06,1.38796353227696e-05)
(-221122.669032379,-30.2992493539318,-272580.173307677)
(-189048.73231955,272444.455331125,-356256.619813797)
(-102162.525999681,68095.2682159059,-382102.880778419)
(0,0,0)
(0,0,0)
(0,0,0)
(0,0,0)
(0,0,0)
(0,0,0)
(-250599.554205329,-27835.8768506984,1691.32433362261)
(-248864.668208718,-27633.8776195941,3328.33663737432)
(-243781.574404716,-26873.1001873723,5239.30848488401)
(-231030.344802815,-24648.7772716133,8932.70846490292)
(-201130.879040854,-19503.5510290528,17844.1747650653)
(-134467.104630793,-10391.2986057661,34281.9578857551)
(-9.31018921418986e-06,-1.14128230294289e-06,-1.4163596091805e-06)
(5.18467775313749e-05,-1.55069320660555e-06,2.56924303934674e-05)
(-344387.76894908,168.368212441186,-560612.015787289)
(-127822.238420395,10382.6454505696,-450308.235115814)
(0,0,0)
(0,0,0)
(0,0,0)
(0,0,0)
(0,0,0)
(0,0,0)
(-252764.423436321,-60742.7547929451,1837.19211858888)
(-250612.270828709,-60520.5214292058,4037.08569765885)
(-244583.917879897,-59600.1799212062,7452.52045975611)
(-230139.953714568,-56825.2165525425,14092.2408155321)
(-197605.256592597,-49561.2935527475,27001.1438492529)
(-128543.906781794,-32596.5988620637,44786.1934602961)
(-1.85025363728597e-06,-5.93597231821282e-07,6.31339200483076e-13)
(3.76177991984047e-05,-4.60005035295338e-06,1.99077287834433e-05)
(-326318.121545652,531.119569726317,-550498.786052594)
(-128842.366064745,-20857.6639591283,-460841.066704569)
(0,0,0)
(0,0,0)
(0,0,0)
(0,0,0)
(0,0,0)
(0,0,0)
(-247546.001543804,-111229.411530968,2065.83647447779)
(-245420.53933855,-111157.679865504,4952.97710866628)
(-239652.436556552,-110540.010076776,10267.9516141575)
(-226268.309862111,-108150.307186132,21448.0977541977)
(-196580.74986788,-100127.947932316,44068.3571876278)
(-132043.847808283,-74225.3514983717,77498.8693257968)
(3.43777855925456e-06,1.41768003158734e-06,-6.88836610942285e-13)
(5.15800028799077e-05,9.57773733195944e-06,2.88652823715361e-05)
(-358182.248410318,-326677.925766207,-572109.135504465)
(-128659.770488727,-98997.537062592,-440172.041457692)
(0,0,0)
(0,0,0)
(0,0,0)
(0,0,0)
(0,0,0)
(0,0,0)
(-227079.524996451,-178775.004667517,2218.92735381401)
(-225392.49314375,-179080.300352692,5615.78449582346)
(-221005.909123515,-179623.768832757,12717.8587131587)
(-211552.282013517,-180077.046021411,29592.0372719556)
(-192247.39574326,-178153.305520805,70146.7870172649)
(-149365.539611861,-157372.980202881,151888.416134091)
(6.77507942845536e-05,3.49225996202049e-05,1.1257274635457e-05)
(-263585.050120154,-329720.839684433,-326619.195326733)
(-188817.502333277,-223500.194686857,-344515.731088742)
(-95519.7286457329,-102450.193367207,-341301.051585452)
(0,0,0)
(0,0,0)
(0,0,0)
(0,0,0)
(0,0,0)
(0,0,0)
(-181511.725375039,-252675.691893961,1965.40977558552)
(-180478.40335694,-253502.07614677,5148.13428109602)
(-177975.950669006,-255786.414586808,12371.3554152163)
(-173757.25103025,-261491.40518891,31681.9951447603)
(-170860.109422379,-278008.004884054,91135.3971025529)
(-193997.375952452,-336685.662242819,309562.998519869)
(-401246.081565671,-595799.579958057,-329756.392747492)
(-196887.030697692,-348308.992241314,-220384.557115104)
(-130761.254095025,-225200.146994773,-223503.202338352)
(-70852.3787164903,-113562.110853093,-238957.751517946)
(0,0,0)
(0,0,0)
(0,0,0)
(0,0,0)
(0,0,0)
(0,0,0)
(-103888.282977504,-306469.047240281,1124.00009012244)
(-103422.754177644,-307616.494996429,2950.94028911871)
(-102341.140975651,-310660.35367604,6798.24314048219)
(-100707.478200867,-317560.856127241,15364.6155487143)
(-100013.27694417,-333040.241934557,32688.2484330627)
(-106693.952253552,-365927.40880688,50645.6305009452)
(-133789.365801546,-416759.951797267,-82151.2138536095)
(-98306.9947478799,-334785.090173963,-97245.7362221716)
(-71434.9770025654,-237563.39231887,-111887.488247937)
(-39978.3449351223,-125670.53498842,-125549.482472824)
(0,0,0)
(0,0,0)
(0,0,0)
(0,0,0)
(0,0,0)
(0,0,0)
(0,0,0)
(0,0,0)
(0,0,0)
(0,0,0)
(0,0,0)
(0,0,0)
(0,0,0)
(0,0,0)
(0,0,0)
(0,0,0)
(0,0,0)
(0,0,0)
(0,0,0)
(0,0,0)
(0,0,0)
(0,0,0)
(0,0,0)
(0,0,0)
(0,0,0)
(0,0,0)
(0,0,0)
(0,0,0)
(0,0,0)
(0,0,0)
(0,0,0)
(0,0,0)
(0,0,0)
(0,0,0)
(0,0,0)
(0,0,0)
(0,0,0)
(0,0,0)
(0,0,0)
(0,0,0)
(0,0,0)
(0,0,0)
(0,0,0)
(0,0,0)
(0,0,0)
(0,0,0)
(0,0,0)
(0,0,0)
(0,0,0)
(0,0,0)
(0,0,0)
(0,0,0)
(0,0,0)
(0,0,0)
(0,0,0)
(0,0,0)
(0,0,0)
(0,0,0)
(0,0,0)
(0,0,0)
(0,0,0)
(0,0,0)
(0,0,0)
(0,0,0)
(0,0,0)
(0,0,0)
(0,0,0)
(0,0,0)
(0,0,0)
(0,0,0)
(0,0,0)
(0,0,0)
(0,0,0)
(0,0,0)
(0,0,0)
(0,0,0)
(0,0,0)
(0,0,0)
(0,0,0)
(0,0,0)
(0,0,0)
(0,0,0)
(0,0,0)
(0,0,0)
(0,0,0)
(0,0,0)
(0,0,0)
(0,0,0)
(0,0,0)
(0,0,0)
(0,0,0)
(0,0,0)
(0,0,0)
(0,0,0)
(0,0,0)
(0,0,0)
(0,0,0)
(0,0,0)
(0,0,0)
(0,0,0)
(0,0,0)
(0,0,0)
(-237569.460615621,562.975168493482,691.142644261438)
(-237801.21049962,910.060816142417,418.305095620765)
(-237983.397543401,1878.132261991,-2049.78705224766)
(-237439.658557073,4128.00846862094,-8651.03634873185)
(-234926.001046515,8843.45216477584,-22538.6588430501)
(-228375.518256108,17375.9760980774,-48450.9592264562)
(-214445.857819336,27977.8885790535,-90360.8949130665)
(-187426.96728846,26150.4732623507,-139217.649648126)
(-142395.73685429,18386.9636930376,-184822.624289367)
(-77965.7996519089,9043.5954580879,-213762.483569426)
(0,0,0)
(0,0,0)
(0,0,0)
(0,0,0)
(0,0,0)
(0,0,0)
(-238164.556547824,-366.415821872658,1023.31415398351)
(-238334.632635682,309.813025355536,1392.07318041207)
(-238362.493844253,2260.02110255758,247.870007318658)
(-237609.242705087,7077.03455239241,-3839.43960424916)
(-235103.871643572,18314.4358668915,-13939.7323728191)
(-229617.207731015,42873.5406883741,-37827.7907635806)
(-218875.337724362,86116.95972845,-92210.1786791211)
(-192324.146494406,70764.8827079955,-147003.224997941)
(-146153.867741986,45607.7138501651,-194166.500143537)
(-79855.4949803928,21069.4672497096,-222808.524628188)
(0,0,0)
(0,0,0)
(0,0,0)
(0,0,0)
(0,0,0)
(0,0,0)
(-239015.505581098,-4430.12547028219,1694.22151502573)
(-239043.022004013,-3543.04124044631,3354.59861640879)
(-238764.621183008,-909.539092200998,5131.65538858603)
(-237620.355272514,6013.73576742636,7535.89021549357)
(-235389.365652165,24301.9691590287,10761.8522359666)
(-234191.739092072,77552.5721926196,5524.56967579632)
(-241212.213800938,269446.018481877,-107508.544752345)
(-210912.362751604,155498.980818116,-172154.01862079)
(-158574.109603386,86868.6184765333,-218746.823594364)
(-85478.7605203095,36099.1928665524,-243942.137687665)
(0,0,0)
(0,0,0)
(0,0,0)
(0,0,0)
(0,0,0)
(0,0,0)
(-239357.067187419,-13615.0217859098,2585.34103653522)
(-239168.242095338,-12759.2917108166,6004.74028011107)
(-238418.091519369,-10300.6137919897,12072.2690684053)
(-236536.726143149,-4280.94957003504,25884.2491260188)
(-234093.666215726,8739.4978596745,64154.7438528649)
(-242734.745442687,29123.5783861572,197601.689981334)
(-357878.027293355,287.523096552524,-221257.303420799)
(-267559.896179806,221390.030150503,-240711.125605765)
(-190551.765018569,117202.386458849,-269541.860889055)
(-97962.1221875781,42462.2456134475,-280105.317448058)
(0,0,0)
(0,0,0)
(0,0,0)
(0,0,0)
(0,0,0)
(0,0,0)
(-237598.637244667,-30046.059053871,3430.12030730077)
(-237199.928419677,-29447.9367579124,8454.02556535426)
(-235945.002230076,-27736.60796676,18053.4475654824)
(-232397.352579403,-23775.9990911899,38915.5048632243)
(-222150.993026743,-15966.9797255153,84642.0964343035)
(-185148.306171115,-4455.44017816135,168902.316538941)
(3.36264240015165e-05,-1.44785539283058e-05,-3.21250749401057e-05)
(-353800.013795297,81.1503297331813,-344880.437992662)
(-245967.952653569,18247.3735552044,-344345.241384521)
(-116386.840192127,9351.53245290894,-322669.92645225)
(0,0,0)
(0,0,0)
(0,0,0)
(0,0,0)
(0,0,0)
(0,0,0)
(-231208.763460073,-55601.3227799065,3999.60374978975)
(-230756.430464125,-55409.7883321199,10105.6149594134)
(-229436.386865631,-54727.8925844122,21949.3685627992)
(-225732.514836551,-52953.0276360749,46718.9582296651)
(-214587.163147699,-48497.4037593022,96231.2888185547)
(-174186.843091347,-36090.1670513412,173508.952001283)
(2.97135814297191e-05,-2.67547208362047e-05,-2.28807833762112e-05)
(-332795.331200945,9.47672639756881,-326819.211134366)
(-250185.949274572,-31362.3937747212,-353341.616075528)
(-119997.251193453,-20675.0571966909,-332160.141297219)
(0,0,0)
(0,0,0)
(0,0,0)
(0,0,0)
(0,0,0)
(0,0,0)
(-216418.972483899,-90919.1910946944,4190.83925488298)
(-216128.478531851,-91266.4845795177,10755.4746955807)
(-215309.351896183,-92020.1497941901,23704.6472449921)
(-213200.036439238,-93534.150490069,51217.4966761097)
(-206715.770258049,-95873.3545657982,108728.467872773)
(-177436.771960317,-91621.7648875074,209652.98986098)
(3.95529258751781e-05,-3.79762651841505e-05,-2.9200850447372e-05)
(-366660.25773365,-263785.694375794,-358378.396504801)
(-247709.609403147,-157383.653197195,-342829.776089497)
(-114670.950695989,-65832.0152163716,-311661.637862553)
(0,0,0)
(0,0,0)
(0,0,0)
(0,0,0)
(0,0,0)
(0,0,0)
(-188444.360792153,-133443.371983211,3889.01668421365)
(-188425.573474897,-134356.631371587,10012.2438074328)
(-188462.447301496,-136763.385140001,22212.0173312212)
(-189424.072948697,-142415.611868146,48965.269644478)
(-195395.411000667,-156880.41558906,113120.345925151)
(-227096.020468351,-202118.487052544,301347.548946683)
(-410191.781854374,-401342.052302164,-263726.904575329)
(-275913.572085034,-263172.329000571,-252011.747985661)
(-181311.198691527,-165509.404860483,-251392.299964118)
(-89041.8452079325,-77756.7466364877,-245945.451981813)
(0,0,0)
(0,0,0)
(0,0,0)
(0,0,0)
(0,0,0)
(0,0,0)
(-142726.311433087,-175220.940906601,2992.15498143882)
(-142892.746772082,-176605.743016603,7655.61004159898)
(-143426.917642366,-180282.887587245,16626.0794622061)
(-145635.353372936,-188553.162667786,34641.7326045342)
(-153886.189902412,-207270.793833385,68058.1913288907)
(-180882.705499859,-249487.523142415,102312.556966166)
(-246391.889856243,-328437.51414135,-125446.172904075)
(-181391.006418564,-249798.55761138,-154315.968572402)
(-120963.048091101,-165926.807911189,-163696.771525619)
(-61352.6357286679,-82682.5285357955,-168270.73261413)
(0,0,0)
(0,0,0)
(0,0,0)
(0,0,0)
(0,0,0)
(0,0,0)
(-78023.7195126814,-202683.470954371,1597.96658295056)
(-78165.5438526872,-204314.248961853,4049.26220324122)
(-78587.5924211294,-208420.90200265,8433.72806412321)
(-79963.4227350204,-216939.042952717,16075.5528832112)
(-84133.0416502459,-233113.562278414,26038.0860343186)
(-94346.8885595835,-259324.220207147,23527.7194050818)
(-109016.352973465,-283003.781145398,-46679.0264189594)
(-87906.6988991331,-236486.704862388,-70391.1750166989)
(-61103.6410232916,-166172.996432541,-80476.3224746198)
(-31747.3459026717,-85717.4993915795,-85672.3506512878)
(0,0,0)
(0,0,0)
(0,0,0)
(0,0,0)
(0,0,0)
(0,0,0)
(0,0,0)
(0,0,0)
(0,0,0)
(0,0,0)
(0,0,0)
(0,0,0)
(0,0,0)
(0,0,0)
(0,0,0)
(0,0,0)
(0,0,0)
(0,0,0)
(0,0,0)
(0,0,0)
(0,0,0)
(0,0,0)
(0,0,0)
(0,0,0)
(0,0,0)
(0,0,0)
(0,0,0)
(0,0,0)
(0,0,0)
(0,0,0)
(0,0,0)
(0,0,0)
(0,0,0)
(0,0,0)
(0,0,0)
(0,0,0)
(0,0,0)
(0,0,0)
(0,0,0)
(0,0,0)
(0,0,0)
(0,0,0)
(0,0,0)
(0,0,0)
(0,0,0)
(0,0,0)
(0,0,0)
(0,0,0)
(0,0,0)
(0,0,0)
(0,0,0)
(0,0,0)
(0,0,0)
(0,0,0)
(0,0,0)
(0,0,0)
(0,0,0)
(0,0,0)
(0,0,0)
(0,0,0)
(0,0,0)
(0,0,0)
(0,0,0)
(0,0,0)
(0,0,0)
(0,0,0)
(0,0,0)
(0,0,0)
(0,0,0)
(0,0,0)
(0,0,0)
(0,0,0)
(0,0,0)
(0,0,0)
(0,0,0)
(0,0,0)
(0,0,0)
(0,0,0)
(0,0,0)
(0,0,0)
(0,0,0)
(0,0,0)
(0,0,0)
(0,0,0)
(0,0,0)
(0,0,0)
(0,0,0)
(0,0,0)
(0,0,0)
(0,0,0)
(0,0,0)
(0,0,0)
(0,0,0)
(0,0,0)
(0,0,0)
(0,0,0)
(0,0,0)
(0,0,0)
(0,0,0)
(0,0,0)
(0,0,0)
(0,0,0)
(-237824.692795014,-120.963567211249,376.195746599606)
(-237857.57422739,338.586760127596,93.9727142428254)
(-237753.152660653,1491.30289233075,-1627.57506083051)
(-236833.560422307,3962.81704340432,-6196.49023900295)
(-233745.577359372,8684.80366245664,-16061.7175886047)
(-225944.42643109,16161.2913919522,-34654.1008055732)
(-209177.157312178,23585.3469930274,-63508.1483057584)
(-177941.612024518,21278.9948679603,-94272.4984376566)
(-130881.756656529,14613.9040639247,-120400.382699346)
(-69743.467255635,7143.76772783734,-135766.482823454)
(0,0,0)
(0,0,0)
(0,0,0)
(0,0,0)
(0,0,0)
(0,0,0)
(-237728.178238079,-1359.49728013333,802.155403177374)
(-237963.33557177,-488.011882737375,1257.45698212637)
(-238312.875718927,1801.81419370817,897.327555421704)
(-238387.230940704,7024.84045204318,-1386.70761759717)
(-237336.94432294,18042.2297302371,-8511.06100600974)
(-233128.104573169,38354.3577002785,-27193.2304721834)
(-220506.801720699,63847.3777698906,-65823.7972527076)
(-188150.917603178,52247.2820323507,-100965.313308326)
(-137853.053149166,33240.8673569671,-127893.091194192)
(-73138.8649700203,15486.378454088,-142952.331930818)
(0,0,0)
(0,0,0)
(0,0,0)
(0,0,0)
(0,0,0)
(0,0,0)
(-237106.441072956,-4890.23146699992,1621.66967872187)
(-237671.624740627,-3780.02606584701,3542.28659844565)
(-238918.531923911,-673.834634699945,6171.84616775687)
(-241134.615008927,7003.63005413159,9707.31630208127)
(-245062.186514521,25535.9442081785,11886.4226864951)
(-251366.26586147,69022.7228732731,-1607.41571710022)
(-254477.196297337,152868.677526724,-77363.7329775336)
(-214988.97477528,98949.7133878614,-119989.552309376)
(-154548.550531731,54950.1509139228,-145724.394937981)
(-80801.3358595242,23625.4358572173,-158540.877001896)
(0,0,0)
(0,0,0)
(0,0,0)
(0,0,0)
(0,0,0)
(0,0,0)
(-234959.150925634,-11995.1768897769,2707.0291609929)
(-235931.745849697,-10952.9532788577,6643.46012836173)
(-238366.489070826,-7943.57155900948,13861.5946041264)
(-243750.739912832,-206.416552803569,28285.65498075)
(-256406.43940996,20662.0971580974,55472.2752250667)
(-287415.633764039,86811.39248107,82364.493938621)
(-349939.198518904,358428.807016484,-131134.464325583)
(-271142.591078204,135352.622293222,-163954.67833254)
(-184325.091776782,61872.139957321,-177103.340617726)
(-93221.9870574844,24028.0021408388,-182246.042031443)
(0,0,0)
(0,0,0)
(0,0,0)
(0,0,0)
(0,0,0)
(0,0,0)
(-229542.775847517,-23810.8072727537,3759.76898582659)
(-230878.055636057,-23163.8272409865,9648.77016433624)
(-234457.563262927,-21361.4781547653,21579.237792946)
(-243008.600671974,-17202.4961274206,49186.5654601342)
(-265593.485998646,-8425.00915801446,121716.164748151)
(-337268.191233618,6583.71225494769,354063.730036782)
(-622436.58578595,329.8251032172,-354107.828101828)
(-356380.501364236,21230.1868881258,-237404.90512779)
(-220584.096297248,14082.2554610188,-214998.87698781)
(-106715.328528947,5748.9972878377,-206391.383797992)
(0,0,0)
(0,0,0)
(0,0,0)
(0,0,0)
(0,0,0)
(0,0,0)
(-218444.519419798,-40980.0840692793,4405.03275625345)
(-220033.676937007,-40901.2518216187,11419.703809769)
(-224343.519594839,-40720.9395046216,25686.2978888328)
(-234663.848169812,-40532.3120373253,57947.447131997)
(-261127.715359121,-40701.7082565389,136764.69844194)
(-339247.286841035,-39434.9592833528,347843.813729936)
(-609837.741155382,-186.803444022601,-333184.496747145)
(-366269.300466637,-33897.5172245715,-244582.823368749)
(-228406.062657735,-28871.7971639698,-223408.657360594)
(-110059.283625049,-15321.130674009,-212276.496967145)
(0,0,0)
(0,0,0)
(0,0,0)
(0,0,0)
(0,0,0)
(0,0,0)
(-198752.388488737,-63141.3802499745,4494.712185532)
(-200445.627220788,-63702.4170811128,11613.0261339655)
(-204952.56649472,-65337.6122938012,25872.9135216835)
(-215694.581604577,-69963.7408819052,57798.8875316047)
(-242971.592501406,-84760.7184187864,138113.719937208)
(-324429.532447854,-141489.213310461,387160.734451858)
(-633897.304135483,-410452.583851,-366868.419684569)
(-354596.316109865,-173186.200305467,-239643.678227467)
(-215220.591284971,-91020.7946509711,-209983.698858639)
(-102685.076647129,-40193.3978782414,-197097.305703268)
(0,0,0)
(0,0,0)
(0,0,0)
(0,0,0)
(0,0,0)
(0,0,0)
(-167526.208842679,-88015.7095299509,3956.17733050255)
(-169097.386668435,-89078.8930502165,10004.466493143)
(-173112.388016276,-91977.7646795993,21294.5595937226)
(-182269.882900568,-98897.4784199118,43074.1070836002)
(-202974.317557918,-115605.052166266,81497.3473883289)
(-249305.957765902,-156095.186926947,118313.258302367)
(-335078.626659186,-237741.235082473,-129511.245661348)
(-252268.564809565,-168836.393629633,-157506.059612656)
(-165298.552521487,-105265.971168598,-159273.529265073)
(-81398.4621168892,-50076.1469217611,-157034.163312588)
(0,0,0)
(0,0,0)
(0,0,0)
(0,0,0)
(0,0,0)
(0,0,0)
(-122802.194354309,-110821.713085301,2881.88647657432)
(-124020.203519628,-112200.384617167,7130.83479107173)
(-126988.88174974,-115725.984354903,14441.0185737489)
(-133386.039834669,-123167.973735584,26462.2003511527)
(-146369.074884628,-137783.468632445,41123.5017995459)
(-169546.434731585,-163158.050184257,36850.0942885813)
(-195584.298520004,-191254.549474009,-60444.1826561244)
(-160315.411956714,-156452.690614507,-93903.4801330983)
(-109760.839705858,-106185.82236713,-104185.837319803)
(-55408.2875018743,-53127.3318850037,-107079.000583355)
(0,0,0)
(0,0,0)
(0,0,0)
(0,0,0)
(0,0,0)
(0,0,0)
(-65399.9391851754,-124938.623305397,1493.12989259001)
(-66057.6776687144,-126452.742357884,3637.62144933281)
(-67616.9890557019,-130116.452167763,7057.48589676603)
(-70774.5822895041,-137238.665680736,11939.3373963997)
(-76623.9223037833,-149218.078878184,15864.8282956743)
(-85385.0566049052,-165146.415487909,8891.36164464642)
(-91707.2213356078,-174129.265330979,-25543.0541362404)
(-77629.803647817,-148681.376460645,-43591.2635414167)
(-54548.5133824857,-105167.914972832,-51164.2985765216)
(-27975.513653636,-54043.4179957305,-54020.0447148301)
(0,0,0)
(0,0,0)
(0,0,0)
(0,0,0)
(0,0,0)
(0,0,0)
(0,0,0)
(0,0,0)
(0,0,0)
(0,0,0)
(0,0,0)
(0,0,0)
(0,0,0)
(0,0,0)
(0,0,0)
(0,0,0)
(0,0,0)
(0,0,0)
(0,0,0)
(0,0,0)
(0,0,0)
(0,0,0)
(0,0,0)
(0,0,0)
(0,0,0)
(0,0,0)
(0,0,0)
(0,0,0)
(0,0,0)
(0,0,0)
(0,0,0)
(0,0,0)
(0,0,0)
(0,0,0)
(0,0,0)
(0,0,0)
(0,0,0)
(0,0,0)
(0,0,0)
(0,0,0)
(0,0,0)
(0,0,0)
(0,0,0)
(0,0,0)
(0,0,0)
(0,0,0)
(0,0,0)
(0,0,0)
(0,0,0)
(0,0,0)
(0,0,0)
(0,0,0)
(0,0,0)
(0,0,0)
(0,0,0)
(0,0,0)
(0,0,0)
(0,0,0)
(0,0,0)
(0,0,0)
(0,0,0)
(0,0,0)
(0,0,0)
(0,0,0)
(0,0,0)
(0,0,0)
(0,0,0)
(0,0,0)
(0,0,0)
(0,0,0)
(0,0,0)
(0,0,0)
(0,0,0)
(0,0,0)
(0,0,0)
(0,0,0)
(0,0,0)
(0,0,0)
(0,0,0)
(0,0,0)
(0,0,0)
(0,0,0)
(0,0,0)
(0,0,0)
(0,0,0)
(0,0,0)
(0,0,0)
(0,0,0)
(0,0,0)
(0,0,0)
(0,0,0)
(0,0,0)
(0,0,0)
(0,0,0)
(0,0,0)
(0,0,0)
(0,0,0)
(0,0,0)
(0,0,0)
(0,0,0)
(0,0,0)
(0,0,0)
(-237846.721276048,-198.79199441244,220.820475445955)
(-237834.279300631,99.7361111265651,97.7894375620539)
(-237738.928716456,844.803125647297,-761.237632281336)
(-236825.284970112,2355.92777087775,-3125.44085535482)
(-233592.193322051,5046.40881093684,-8325.23370360975)
(-225150.565567727,8915.38732537269,-18034.4818923439)
(-206939.244812273,12226.2724902866,-32498.6668825383)
(-174156.771982705,11087.2380539066,-47370.7449782563)
(-126488.796560183,7656.87297865032,-59420.5780532525)
(-66699.6931236728,3764.48907242111,-66228.8412576381)
(0,0,0)
(0,0,0)
(0,0,0)
(0,0,0)
(0,0,0)
(0,0,0)
(-237456.626365085,-966.701277455324,496.357410047376)
(-237787.975106849,-412.761798984084,833.494855235485)
(-238439.80949416,1033.11054945774,772.121206660255)
(-239052.924290161,4161.26044419691,-367.518117203761)
(-238530.141207223,10248.4529399052,-4376.36536188821)
(-233987.496828833,20069.6445636699,-14671.2303445205)
(-219153.100005395,29836.2733264351,-33634.9328959734)
(-185288.96328924,25414.5939976881,-50824.2431536906)
(-134212.780463645,16536.5783478842,-63344.2212084414)
(-70503.4794808317,7820.35127544774,-70035.4689006533)
(0,0,0)
(0,0,0)
(0,0,0)
(0,0,0)
(0,0,0)
(0,0,0)
(-236130.956059882,-2964.68783470749,1022.50154417982)
(-237068.857671931,-2256.45088064731,2263.42355714783)
(-239228.138243877,-305.721121093615,3911.86154766529)
(-243021.147273439,4220.74572379299,5738.90853258343)
(-248614.363196673,14060.9979279942,5478.54022664913)
(-253923.188236276,32949.4552641891,-4844.34809906294)
(-248907.753739978,57441.8858794084,-38019.4032093945)
(-210723.819196115,42864.549718928,-59734.5145097977)
(-150789.606719533,25193.3499423345,-72150.2299164512)
(-78353.1798953887,11191.7766422431,-77969.8112473802)
(0,0,0)
(0,0,0)
(0,0,0)
(0,0,0)
(0,0,0)
(0,0,0)
(-232850.570447656,-6792.44906504072,1719.18075235552)
(-234535.359727346,-6130.28141670218,4196.62516605711)
(-238683.433689212,-4234.42307988723,8442.27174323836)
(-247039.048919563,362.544884697908,15588.7815890635)
(-262506.663533786,11352.3459581767,24397.6576827097)
(-286776.820589961,36991.7082126741,19716.5915601452)
(-306316.186378703,86052.3350924054,-52516.869793056)
(-253628.332562149,50241.6681540726,-77408.2467442554)
(-176007.821376844,25691.5388366768,-86223.7060385376)
(-89553.661270485,10545.4013639813,-89245.6565472736)
(0,0,0)
(0,0,0)
(0,0,0)
(0,0,0)
(0,0,0)
(0,0,0)
(-225804.174692658,-12924.57693873,2393.52671883017)
(-228166.508657011,-12527.1652459485,6078.86356902977)
(-234207.129001871,-11436.7777892922,13030.7840173783)
(-247183.61547357,-9012.58234845836,26580.9260521292)
(-273677.698776095,-4029.37619635714,50046.8609841109)
(-323684.590610989,4646.14095790685,68808.8276162468)
(-392351.710601044,13041.7512188565,-88265.4636951155)
(-303901.848540467,11437.8841993886,-101940.332564194)
(-201747.260723633,6329.51553826422,-101415.144839401)
(-100123.953839184,2436.73123843851,-99897.8494036187)
(0,0,0)
(0,0,0)
(0,0,0)
(0,0,0)
(0,0,0)
(0,0,0)
(-212645.34515989,-21518.9380818187,2795.18688317705)
(-215418.411312688,-21503.8906818068,7156.64669471566)
(-222547.245926813,-21523.8629468438,15447.4581842405)
(-238012.44589591,-21771.6981329145,31555.1716947936)
(-269585.402458179,-22731.9574473622,58715.4400448587)
(-328334.838453035,-24766.5597613234,77215.6923760844)
(-405433.247808573,-24329.2711581466,-89817.7785937084)
(-315409.99838317,-22218.3069339914,-107020.889543794)
(-208153.476128218,-15614.0340758776,-105329.926459173)
(-102622.3792992,-7900.3517445628,-102429.747802024)
(0,0,0)
(0,0,0)
(0,0,0)
(0,0,0)
(0,0,0)
(0,0,0)
(-190907.617718527,-32173.6631089278,2809.95425689919)
(-193713.105853025,-32572.0645332639,7145.60674059438)
(-200820.693410075,-33732.5097393982,15222.3804485015)
(-216063.641109729,-36812.2427645557,30631.9845852962)
(-246756.866591738,-45053.9737213131,56739.2749495782)
(-303516.854955419,-66630.6030414881,77690.6407373048)
(-381071.224521915,-111790.264507188,-87674.4455272035)
(-293202.871985165,-70873.136798903,-100413.059786997)
(-192595.138293149,-41022.5394169158,-97630.0074377777)
(-94767.9088842822,-18864.9213402614,-94582.6056049264)
(0,0,0)
(0,0,0)
(0,0,0)
(0,0,0)
(0,0,0)
(0,0,0)
(-158467.347707443,-43647.987049589,2415.46280542536)
(-160901.16024582,-44341.5495722006,5988.7214217476)
(-166851.689988518,-46176.1119640338,12171.6256186261)
(-179005.520393809,-50344.0956639415,22439.1160112534)
(-201471.777352926,-59322.8449844492,35205.447069399)
(-236685.145713865,-76604.1807020939,32558.2126779659)
(-269151.916314186,-98436.8350452563,-46721.9271289622)
(-222313.355096534,-76978.1877636772,-70572.0858772123)
(-151630.739932673,-49746.113394572,-75516.3244883729)
(-75936.7381496495,-24065.5743168067,-75777.3954790668)
(0,0,0)
(0,0,0)
(0,0,0)
(0,0,0)
(0,0,0)
(0,0,0)
(-114399.388570047,-53770.091788317,1719.29895446462)
(-116184.977475795,-54613.3735466078,4155.896885039)
(-120344.153471149,-56689.2154279609,8024.27207037428)
(-128329.558587588,-60866.4205809953,13490.115740347)
(-141803.295420191,-68342.3046287596,17943.7959202198)
(-159745.861632294,-79259.9921312433,10799.0342500764)
(-170481.560199759,-87563.2530059749,-25177.2861094513)
(-145256.913604501,-73870.2693552003,-43343.7028701425)
(-101882.562202159,-51048.0179513447,-49920.075817072)
(-51879.4838011876,-25725.4500250982,-51789.0038094677)
(0,0,0)
(0,0,0)
(0,0,0)
(0,0,0)
(0,0,0)
(0,0,0)
(-60208.0581898976,-59840.8444050811,878.871621485612)
(-61145.354278821,-60731.7229829332,2084.89766791792)
(-63262.4898360117,-62826.2662678271,3867.44928809357)
(-67112.5330440521,-66726.8728664112,6065.85232805784)
(-73138.4815476922,-72840.9883470351,7079.09529024236)
(-80169.9323841431,-79960.4114907831,2564.39042902143)
(-82699.6155507062,-82566.313989844,-11440.1543720108)
(-71272.8530401248,-71159.3342104057,-20508.0401244986)
(-50767.2150206123,-50706.9118426488,-24630.4445950672)
(-26121.369136926,-26111.4157204854,-26098.6234163904)
(0,0,0)
(0,0,0)
(0,0,0)
(0,0,0)
(0,0,0)
(0,0,0)
(0,0,0)
(0,0,0)
(0,0,0)
(0,0,0)
(0,0,0)
(0,0,0)
(0,0,0)
(0,0,0)
(0,0,0)
(0,0,0)
(0,0,0)
(0,0,0)
(0,0,0)
(0,0,0)
(0,0,0)
(0,0,0)
(0,0,0)
(0,0,0)
(0,0,0)
(0,0,0)
(0,0,0)
(0,0,0)
(0,0,0)
(0,0,0)
(0,0,0)
(0,0,0)
(0,0,0)
(0,0,0)
(0,0,0)
(0,0,0)
(0,0,0)
(0,0,0)
(0,0,0)
(0,0,0)
(0,0,0)
(0,0,0)
(0,0,0)
(0,0,0)
(0,0,0)
(0,0,0)
(0,0,0)
(0,0,0)
(0,0,0)
(0,0,0)
(0,0,0)
(0,0,0)
(0,0,0)
(0,0,0)
(0,0,0)
(0,0,0)
(0,0,0)
(0,0,0)
(0,0,0)
(0,0,0)
(0,0,0)
(0,0,0)
(0,0,0)
(0,0,0)
(0,0,0)
(0,0,0)
(0,0,0)
(0,0,0)
(0,0,0)
(0,0,0)
(0,0,0)
(0,0,0)
(0,0,0)
(0,0,0)
(0,0,0)
(0,0,0)
(0,0,0)
(0,0,0)
(0,0,0)
(0,0,0)
(0,0,0)
(0,0,0)
(0,0,0)
(0,0,0)
(0,0,0)
(0,0,0)
(0,0,0)
(0,0,0)
(0,0,0)
(0,0,0)
(0,0,0)
(0,0,0)
(0,0,0)
(0,0,0)
(0,0,0)
(0,0,0)
(0,0,0)
(0,0,0)
(0,0,0)
(0,0,0)
(0,0,0)
(0,0,0)
(0,0,0)
(0,0,0)
(0,0,0)
(0,0,0)
(0,0,0)
(0,0,0)
(0,0,0)
(0,0,0)
(0,0,0)
(0,0,0)
(0,0,0)
(0,0,0)
(0,0,0)
(0,0,0)
(0,0,0)
(0,0,0)
(0,0,0)
(0,0,0)
(0,0,0)
(0,0,0)
(0,0,0)
(0,0,0)
(0,0,0)
(0,0,0)
(0,0,0)
(0,0,0)
(0,0,0)
(0,0,0)
(0,0,0)
(0,0,0)
(0,0,0)
(0,0,0)
(0,0,0)
(0,0,0)
(0,0,0)
(0,0,0)
(0,0,0)
(0,0,0)
(0,0,0)
(0,0,0)
(0,0,0)
(0,0,0)
(0,0,0)
(0,0,0)
(0,0,0)
(0,0,0)
(0,0,0)
(0,0,0)
(0,0,0)
(0,0,0)
(0,0,0)
(0,0,0)
(0,0,0)
(0,0,0)
(0,0,0)
(0,0,0)
(0,0,0)
(0,0,0)
(0,0,0)
(0,0,0)
(0,0,0)
(0,0,0)
(0,0,0)
(0,0,0)
(0,0,0)
(0,0,0)
(0,0,0)
(0,0,0)
(0,0,0)
(0,0,0)
(0,0,0)
(0,0,0)
(0,0,0)
(0,0,0)
(0,0,0)
(0,0,0)
(0,0,0)
(0,0,0)
(0,0,0)
(0,0,0)
(0,0,0)
(0,0,0)
(0,0,0)
(0,0,0)
(0,0,0)
(0,0,0)
(0,0,0)
(0,0,0)
(0,0,0)
(0,0,0)
(0,0,0)
(0,0,0)
(0,0,0)
(0,0,0)
(0,0,0)
(0,0,0)
(0,0,0)
(0,0,0)
(0,0,0)
(0,0,0)
(0,0,0)
(0,0,0)
(0,0,0)
(0,0,0)
(0,0,0)
(0,0,0)
(0,0,0)
(0,0,0)
(0,0,0)
(0,0,0)
(0,0,0)
(0,0,0)
(0,0,0)
(0,0,0)
(0,0,0)
(0,0,0)
(0,0,0)
(0,0,0)
(0,0,0)
(0,0,0)
(0,0,0)
(0,0,0)
(0,0,0)
(0,0,0)
(0,0,0)
(0,0,0)
(0,0,0)
(0,0,0)
(0,0,0)
(0,0,0)
(0,0,0)
(0,0,0)
(0,0,0)
(0,0,0)
(0,0,0)
(0,0,0)
(0,0,0)
(0,0,0)
(0,0,0)
(0,0,0)
(0,0,0)
(0,0,0)
(0,0,0)
(0,0,0)
(0,0,0)
(0,0,0)
(0,0,0)
(0,0,0)
(0,0,0)
(0,0,0)
(0,0,0)
(0,0,0)
(0,0,0)
(0,0,0)
(0,0,0)
(0,0,0)
(0,0,0)
(0,0,0)
(0,0,0)
(0,0,0)
(0,0,0)
(0,0,0)
(0,0,0)
(0,0,0)
(0,0,0)
(0,0,0)
(0,0,0)
(0,0,0)
(0,0,0)
(0,0,0)
(0,0,0)
(0,0,0)
(0,0,0)
(0,0,0)
(0,0,0)
(0,0,0)
(0,0,0)
(0,0,0)
(0,0,0)
(0,0,0)
(0,0,0)
(0,0,0)
(0,0,0)
(0,0,0)
(0,0,0)
(0,0,0)
(0,0,0)
(0,0,0)
(0,0,0)
(0,0,0)
(0,0,0)
(0,0,0)
(0,0,0)
(0,0,0)
(0,0,0)
(0,0,0)
(0,0,0)
(0,0,0)
(0,0,0)
(0,0,0)
(0,0,0)
(0,0,0)
(0,0,0)
(0,0,0)
(0,0,0)
(0,0,0)
(0,0,0)
(0,0,0)
(0,0,0)
(0,0,0)
(0,0,0)
(0,0,0)
(0,0,0)
(0,0,0)
(0,0,0)
(0,0,0)
(0,0,0)
(0,0,0)
(0,0,0)
(0,0,0)
(0,0,0)
(0,0,0)
(0,0,0)
(0,0,0)
(0,0,0)
(0,0,0)
(0,0,0)
(0,0,0)
(0,0,0)
(0,0,0)
(0,0,0)
(0,0,0)
(0,0,0)
(0,0,0)
(0,0,0)
(0,0,0)
(0,0,0)
(0,0,0)
(0,0,0)
(0,0,0)
(0,0,0)
(0,0,0)
(0,0,0)
(0,0,0)
(0,0,0)
(0,0,0)
(0,0,0)
(0,0,0)
(0,0,0)
(0,0,0)
(0,0,0)
(0,0,0)
(0,0,0)
(0,0,0)
(0,0,0)
(0,0,0)
(0,0,0)
(0,0,0)
(0,0,0)
(0,0,0)
(0,0,0)
(0,0,0)
(0,0,0)
(0,0,0)
(0,0,0)
(0,0,0)
(0,0,0)
(0,0,0)
(0,0,0)
(0,0,0)
(0,0,0)
(0,0,0)
(0,0,0)
(0,0,0)
(0,0,0)
(0,0,0)
(0,0,0)
(0,0,0)
(0,0,0)
(0,0,0)
(0,0,0)
(0,0,0)
(0,0,0)
(0,0,0)
(0,0,0)
(0,0,0)
(0,0,0)
(0,0,0)
(0,0,0)
(0,0,0)
(0,0,0)
(0,0,0)
(0,0,0)
(0,0,0)
(0,0,0)
(0,0,0)
(0,0,0)
(0,0,0)
(0,0,0)
(0,0,0)
(0,0,0)
(0,0,0)
(0,0,0)
(0,0,0)
(0,0,0)
(0,0,0)
(0,0,0)
(0,0,0)
(0,0,0)
(0,0,0)
(0,0,0)
(0,0,0)
(0,0,0)
(0,0,0)
(0,0,0)
(0,0,0)
(0,0,0)
(0,0,0)
(0,0,0)
(0,0,0)
(0,0,0)
(0,0,0)
(0,0,0)
(0,0,0)
(0,0,0)
(0,0,0)
(0,0,0)
(0,0,0)
(0,0,0)
(0,0,0)
(0,0,0)
(0,0,0)
(0,0,0)
(0,0,0)
(0,0,0)
(0,0,0)
(0,0,0)
(0,0,0)
(0,0,0)
(0,0,0)
(0,0,0)
(0,0,0)
(0,0,0)
(0,0,0)
(0,0,0)
(0,0,0)
(0,0,0)
(0,0,0)
(0,0,0)
(0,0,0)
(0,0,0)
(0,0,0)
(0,0,0)
(0,0,0)
(0,0,0)
(0,0,0)
(0,0,0)
(0,0,0)
(0,0,0)
(0,0,0)
(0,0,0)
(0,0,0)
(0,0,0)
(0,0,0)
(0,0,0)
(0,0,0)
(0,0,0)
(0,0,0)
(0,0,0)
(0,0,0)
(0,0,0)
(0,0,0)
(0,0,0)
(0,0,0)
(0,0,0)
(0,0,0)
(0,0,0)
(0,0,0)
(0,0,0)
(0,0,0)
(0,0,0)
(0,0,0)
(0,0,0)
(0,0,0)
(0,0,0)
(0,0,0)
(0,0,0)
(0,0,0)
(0,0,0)
(0,0,0)
(0,0,0)
(0,0,0)
(0,0,0)
(0,0,0)
(0,0,0)
(0,0,0)
(0,0,0)
(0,0,0)
(0,0,0)
(0,0,0)
(0,0,0)
(0,0,0)
(0,0,0)
(0,0,0)
(0,0,0)
(0,0,0)
(0,0,0)
(0,0,0)
(0,0,0)
(0,0,0)
(0,0,0)
(0,0,0)
(0,0,0)
(0,0,0)
(0,0,0)
(0,0,0)
(0,0,0)
(0,0,0)
(0,0,0)
(0,0,0)
(0,0,0)
(0,0,0)
(0,0,0)
(0,0,0)
(0,0,0)
(0,0,0)
(0,0,0)
(0,0,0)
(0,0,0)
(0,0,0)
(0,0,0)
(0,0,0)
(0,0,0)
(0,0,0)
(0,0,0)
(0,0,0)
(0,0,0)
(0,0,0)
(0,0,0)
(0,0,0)
(0,0,0)
(0,0,0)
(0,0,0)
(0,0,0)
(0,0,0)
(0,0,0)
(0,0,0)
(0,0,0)
(0,0,0)
(0,0,0)
(0,0,0)
(0,0,0)
(0,0,0)
(0,0,0)
(0,0,0)
(0,0,0)
(0,0,0)
(0,0,0)
(0,0,0)
(0,0,0)
(0,0,0)
(0,0,0)
(0,0,0)
(0,0,0)
(0,0,0)
(0,0,0)
(0,0,0)
(0,0,0)
(0,0,0)
(0,0,0)
(0,0,0)
(0,0,0)
(0,0,0)
(0,0,0)
(0,0,0)
(0,0,0)
(0,0,0)
(0,0,0)
(0,0,0)
(0,0,0)
(0,0,0)
(0,0,0)
(0,0,0)
(0,0,0)
(0,0,0)
(0,0,0)
(0,0,0)
(0,0,0)
(0,0,0)
(0,0,0)
(0,0,0)
(0,0,0)
(0,0,0)
(0,0,0)
(0,0,0)
(0,0,0)
(0,0,0)
(0,0,0)
(0,0,0)
(0,0,0)
(0,0,0)
(0,0,0)
(0,0,0)
(0,0,0)
(0,0,0)
(0,0,0)
(0,0,0)
(0,0,0)
(0,0,0)
(0,0,0)
(0,0,0)
(0,0,0)
(0,0,0)
(0,0,0)
(0,0,0)
(0,0,0)
(0,0,0)
(0,0,0)
(0,0,0)
(0,0,0)
(0,0,0)
(0,0,0)
(0,0,0)
(0,0,0)
(0,0,0)
(0,0,0)
(0,0,0)
(0,0,0)
(0,0,0)
(0,0,0)
(0,0,0)
(0,0,0)
(0,0,0)
(0,0,0)
(0,0,0)
(0,0,0)
(0,0,0)
(0,0,0)
(0,0,0)
(0,0,0)
(0,0,0)
(0,0,0)
(0,0,0)
(0,0,0)
(0,0,0)
(0,0,0)
(0,0,0)
(0,0,0)
(0,0,0)
(0,0,0)
(0,0,0)
(0,0,0)
(0,0,0)
(0,0,0)
(0,0,0)
(0,0,0)
(0,0,0)
(0,0,0)
(0,0,0)
(0,0,0)
(0,0,0)
(0,0,0)
(0,0,0)
(0,0,0)
(0,0,0)
(0,0,0)
(0,0,0)
(0,0,0)
(0,0,0)
(0,0,0)
(0,0,0)
(0,0,0)
(0,0,0)
(0,0,0)
(0,0,0)
(0,0,0)
(0,0,0)
(0,0,0)
(0,0,0)
(0,0,0)
(0,0,0)
(0,0,0)
(0,0,0)
(0,0,0)
(0,0,0)
(0,0,0)
(0,0,0)
(0,0,0)
(0,0,0)
(0,0,0)
(0,0,0)
(0,0,0)
(0,0,0)
(0,0,0)
(0,0,0)
(0,0,0)
(0,0,0)
(0,0,0)
(0,0,0)
(0,0,0)
(0,0,0)
(0,0,0)
(0,0,0)
(0,0,0)
(0,0,0)
(0,0,0)
(0,0,0)
(0,0,0)
(0,0,0)
(0,0,0)
(0,0,0)
(0,0,0)
(0,0,0)
(0,0,0)
(0,0,0)
(0,0,0)
(0,0,0)
(0,0,0)
(0,0,0)
(0,0,0)
(0,0,0)
(0,0,0)
(0,0,0)
(0,0,0)
(0,0,0)
(0,0,0)
(0,0,0)
(0,0,0)
(0,0,0)
(0,0,0)
(0,0,0)
(0,0,0)
(0,0,0)
(0,0,0)
(0,0,0)
(0,0,0)
(0,0,0)
(0,0,0)
(0,0,0)
(0,0,0)
(0,0,0)
(0,0,0)
(0,0,0)
(0,0,0)
(0,0,0)
(0,0,0)
(0,0,0)
(0,0,0)
(0,0,0)
(0,0,0)
(0,0,0)
(0,0,0)
(0,0,0)
(0,0,0)
(0,0,0)
(0,0,0)
(0,0,0)
(0,0,0)
(0,0,0)
(0,0,0)
(0,0,0)
(0,0,0)
(0,0,0)
(0,0,0)
(0,0,0)
(0,0,0)
(0,0,0)
(0,0,0)
(0,0,0)
(0,0,0)
(0,0,0)
(0,0,0)
(0,0,0)
(0,0,0)
(0,0,0)
(0,0,0)
(0,0,0)
(0,0,0)
(0,0,0)
(0,0,0)
(0,0,0)
(0,0,0)
(0,0,0)
(0,0,0)
(0,0,0)
(0,0,0)
(0,0,0)
(0,0,0)
(0,0,0)
(0,0,0)
(0,0,0)
(0,0,0)
(0,0,0)
(0,0,0)
(0,0,0)
(0,0,0)
(0,0,0)
(0,0,0)
(0,0,0)
(0,0,0)
(0,0,0)
(0,0,0)
(0,0,0)
(0,0,0)
(0,0,0)
(0,0,0)
(0,0,0)
(0,0,0)
(0,0,0)
(0,0,0)
(0,0,0)
(0,0,0)
(0,0,0)
(0,0,0)
(0,0,0)
(0,0,0)
(0,0,0)
