(0,0,0)
(0,0,0)
(0,0,0)
(0,0,0)
(0,0,0)
(0,0,0)
(0,0,0)
(0,0,0)
(0,0,0)
(0,0,0)
(0,0,0)
(0,0,0)
(0,0,0)
(0,0,0)
(0,0,0)
(0,0,0)
(0,0,0)
(0,0,0)
(0,0,0)
(0,0,0)
(0,0,0)
(0,0,0)
(0,0,0)
(0,0,0)
(0,0,0)
(0,0,0)
(0,0,0)
(0,0,0)
(0,0,0)
(0,0,0)
(0,0,0)
(0,0,0)
(0,0,0)
(0,0,0)
(0,0,0)
(0,0,0)
(0,0,0)
(0,0,0)
(0,0,0)
(0,0,0)
(0,0,0)
(0,0,0)
(0,0,0)
(0,0,0)
(0,0,0)
(0,0,0)
(0,0,0)
(0,0,0)
(0,0,0)
(0,0,0)
(0,0,0)
(0,0,0)
(0,0,0)
(0,0,0)
(0,0,0)
(0,0,0)
(0,0,0)
(0,0,0)
(0,0,0)
(0,0,0)
(0,0,0)
(0,0,0)
(0,0,0)
(0,0,0)
(0,0,0)
(0,0,0)
(0,0,0)
(0,0,0)
(0,0,0)
(0,0,0)
(0,0,0)
(0,0,0)
(0,0,0)
(0,0,0)
(0,0,0)
(0,0,0)
(0,0,0)
(0,0,0)
(0,0,0)
(0,0,0)
(0,0,0)
(0,0,0)
(0,0,0)
(0,0,0)
(0,0,0)
(0,0,0)
(0,0,0)
(0,0,0)
(0,0,0)
(0,0,0)
(0,0,0)
(0,0,0)
(0,0,0)
(0,0,0)
(0,0,0)
(0,0,0)
(0,0,0)
(0,0,0)
(0,0,0)
(0,0,0)
(0,0,0)
(0,0,0)
(0,0,0)
(0,0,0)
(0,0,0)
(0,0,0)
(0,0,0)
(0,0,0)
(0,0,0)
(0,0,0)
(0,0,0)
(0,0,0)
(0,0,0)
(0,0,0)
(0,0,0)
(0,0,0)
(0,0,0)
(0,0,0)
(0,0,0)
(0,0,0)
(0,0,0)
(0,0,0)
(0,0,0)
(0,0,0)
(0,0,0)
(0,0,0)
(0,0,0)
(0,0,0)
(0,0,0)
(0,0,0)
(0,0,0)
(0,0,0)
(0,0,0)
(0,0,0)
(0,0,0)
(0,0,0)
(0,0,0)
(0,0,0)
(0,0,0)
(0,0,0)
(0,0,0)
(0,0,0)
(0,0,0)
(0,0,0)
(0,0,0)
(0,0,0)
(0,0,0)
(0,0,0)
(0,0,0)
(0,0,0)
(0,0,0)
(0,0,0)
(0,0,0)
(0,0,0)
(0,0,0)
(0,0,0)
(0,0,0)
(0,0,0)
(0,0,0)
(0,0,0)
(0,0,0)
(0,0,0)
(0,0,0)
(0,0,0)
(0,0,0)
(0,0,0)
(0,0,0)
(0,0,0)
(0,0,0)
(0,0,0)
(0,0,0)
(0,0,0)
(0,0,0)
(0,0,0)
(0,0,0)
(0,0,0)
(0,0,0)
(0,0,0)
(0,0,0)
(0,0,0)
(0,0,0)
(0,0,0)
(0,0,0)
(0,0,0)
(0,0,0)
(0,0,0)
(0,0,0)
(0,0,0)
(0,0,0)
(0,0,0)
(0,0,0)
(0,0,0)
(0,0,0)
(0,0,0)
(0,0,0)
(0,0,0)
(0,0,0)
(0,0,0)
(0,0,0)
(0,0,0)
(0,0,0)
(0,0,0)
(0,0,0)
(0,0,0)
(0,0,0)
(0,0,0)
(0,0,0)
(0,0,0)
(0,0,0)
(0,0,0)
(0,0,0)
(0,0,0)
(0,0,0)
(0,0,0)
(0,0,0)
(0,0,0)
(0,0,0)
(0,0,0)
(0,0,0)
(0,0,0)
(0,0,0)
(0,0,0)
(0,0,0)
(0,0,0)
(0,0,0)
(0,0,0)
(0,0,0)
(0,0,0)
(0,0,0)
(0,0,0)
(0,0,0)
(0,0,0)
(0,0,0)
(0,0,0)
(0,0,0)
(0,0,0)
(0,0,0)
(0,0,0)
(0,0,0)
(0,0,0)
(0,0,0)
(0,0,0)
(0,0,0)
(0,0,0)
(0,0,0)
(0,0,0)
(0,0,0)
(0,0,0)
(0,0,0)
(0,0,0)
(0,0,0)
(0,0,0)
(0,0,0)
(0,0,0)
(0,0,0)
(0,0,0)
(0,0,0)
(0,0,0)
(0,0,0)
(0,0,0)
(0,0,0)
(0,0,0)
(0,0,0)
(0,0,0)
(0,0,0)
(0,0,0)
(0,0,0)
(0,0,0)
(0,0,0)
(0,0,0)
(0,0,0)
(0,0,0)
(0,0,0)
(0,0,0)
(0,0,0)
(0,0,0)
(0,0,0)
(0,0,0)
(0,0,0)
(0,0,0)
(0,0,0)
(0,0,0)
(0,0,0)
(0,0,0)
(0,0,0)
(0,0,0)
(0,0,0)
(0,0,0)
(0,0,0)
(0,0,0)
(0,0,0)
(0,0,0)
(0,0,0)
(0,0,0)
(0,0,0)
(0,0,0)
(0,0,0)
(0,0,0)
(0,0,0)
(0,0,0)
(0,0,0)
(0,0,0)
(0,0,0)
(0,0,0)
(0,0,0)
(0,0,0)
(0,0,0)
(0,0,0)
(0,0,0)
(0,0,0)
(0,0,0)
(0,0,0)
(0,0,0)
(0,0,0)
(0,0,0)
(0,0,0)
(0,0,0)
(0,0,0)
(0,0,0)
(0,0,0)
(0,0,0)
(0,0,0)
(0,0,0)
(0,0,0)
(0,0,0)
(0,0,0)
(0,0,0)
(0,0,0)
(0,0,0)
(0,0,0)
(0,0,0)
(0,0,0)
(0,0,0)
(0,0,0)
(0,0,0)
(0,0,0)
(0,0,0)
(0,0,0)
(0,0,0)
(0,0,0)
(0,0,0)
(0,0,0)
(0,0,0)
(0,0,0)
(0,0,0)
(0,0,0)
(0,0,0)
(0,0,0)
(0,0,0)
(0,0,0)
(0,0,0)
(0,0,0)
(0,0,0)
(0,0,0)
(0,0,0)
(0,0,0)
(0,0,0)
(0,0,0)
(0,0,0)
(0,0,0)
(0,0,0)
(0,0,0)
(0,0,0)
(0,0,0)
(0,0,0)
(0,0,0)
(0,0,0)
(0,0,0)
(0,0,0)
(0,0,0)
(0,0,0)
(0,0,0)
(0,0,0)
(0,0,0)
(0,0,0)
(0,0,0)
(0,0,0)
(0,0,0)
(0,0,0)
(0,0,0)
(0,0,0)
(0,0,0)
(0,0,0)
(0,0,0)
(0,0,0)
(0,0,0)
(0,0,0)
(0,0,0)
(0,0,0)
(0,0,0)
(0,0,0)
(0,0,0)
(0,0,0)
(0,0,0)
(0,0,0)
(0,0,0)
(0,0,0)
(0,0,0)
(0,0,0)
(0,0,0)
(0,0,0)
(0,0,0)
(0,0,0)
(0,0,0)
(0,0,0)
(0,0,0)
(0,0,0)
(0,0,0)
(0,0,0)
(0,0,0)
(0,0,0)
(0,0,0)
(0,0,0)
(0,0,0)
(0,0,0)
(0,0,0)
(0,0,0)
(0,0,0)
(0,0,0)
(0,0,0)
(0,0,0)
(0,0,0)
(0,0,0)
(0,0,0)
(0,0,0)
(0,0,0)
(0,0,0)
(0,0,0)
(0,0,0)
(0,0,0)
(0,0,0)
(0,0,0)
(0,0,0)
(0,0,0)
(0,0,0)
(0,0,0)
(0,0,0)
(0,0,0)
(0,0,0)
(0,0,0)
(0,0,0)
(0,0,0)
(0,0,0)
(0,0,0)
(0,0,0)
(0,0,0)
(0,0,0)
(0,0,0)
(0,0,0)
(0,0,0)
(0,0,0)
(0,0,0)
(0,0,0)
(0,0,0)
(0,0,0)
(0,0,0)
(0,0,0)
(0,0,0)
(0,0,0)
(0,0,0)
(0,0,0)
(0,0,0)
(0,0,0)
(0,0,0)
(0,0,0)
(0,0,0)
(0,0,0)
(0,0,0)
(0,0,0)
(0,0,0)
(0,0,0)
(0,0,0)
(0,0,0)
(0,0,0)
(0,0,0)
(0,0,0)
(0,0,0)
(0,0,0)
(0,0,0)
(0,0,0)
(0,0,0)
(0,0,0)
(0,0,0)
(0,0,0)
(0,0,0)
(0,0,0)
(0,0,0)
(0,0,0)
(0,0,0)
(0,0,0)
(0,0,0)
(0,0,0)
(0,0,0)
(0,0,0)
(0,0,0)
(0,0,0)
(0,0,0)
(0,0,0)
(0,0,0)
(0,0,0)
(0,0,0)
(0,0,0)
(0,0,0)
(0,0,0)
(0,0,0)
(0,0,0)
(0,0,0)
(0,0,0)
(0,0,0)
(0,0,0)
(0,0,0)
(0,0,0)
(0,0,0)
(0,0,0)
(0,0,0)
(0,0,0)
(0,0,0)
(0,0,0)
(0,0,0)
(0,0,0)
(0,0,0)
(0,0,0)
(0,0,0)
(0,0,0)
(0,0,0)
(0,0,0)
(0,0,0)
(0,0,0)
(0,0,0)
(0,0,0)
(0,0,0)
(0,0,0)
(0,0,0)
(0,0,0)
(0,0,0)
(0,0,0)
(0,0,0)
(0,0,0)
(0,0,0)
(0,0,0)
(0,0,0)
(0,0,0)
(0,0,0)
(0,0,0)
(0,0,0)
(0,0,0)
(0,0,0)
(0,0,0)
(0,0,0)
(0,0,0)
(0,0,0)
(0,0,0)
(0,0,0)
(0,0,0)
(0,0,0)
(0,0,0)
(0,0,0)
(0,0,0)
(0,0,0)
(0,0,0)
(0,0,0)
(0,0,0)
(0,0,0)
(0,0,0)
(0,0,0)
(0,0,0)
(0,0,0)
(0,0,0)
(0,0,0)
(0,0,0)
(0,0,0)
(0,0,0)
(0,0,0)
(0,0,0)
(0,0,0)
(0,0,0)
(0,0,0)
(0,0,0)
(0,0,0)
(0,0,0)
(0,0,0)
(0,0,0)
(0,0,0)
(0,0,0)
(0,0,0)
(0,0,0)
(0,0,0)
(0,0,0)
(0,0,0)
(0,0,0)
(0,0,0)
(0,0,0)
(0,0,0)
(0,0,0)
(0,0,0)
(0,0,0)
(0,0,0)
(0,0,0)
(0,0,0)
(0,0,0)
(0,0,0)
(0,0,0)
(0,0,0)
(0,0,0)
(0,0,0)
(0,0,0)
(0,0,0)
(0,0,0)
(0,0,0)
(0,0,0)
(0,0,0)
(0,0,0)
(0,0,0)
(0,0,0)
(0,0,0)
(0,0,0)
(0,0,0)
(0,0,0)
(0,0,0)
(0,0,0)
(0,0,0)
(0,0,0)
(0,0,0)
(0,0,0)
(0,0,0)
(0,0,0)
(0,0,0)
(0,0,0)
(0,0,0)
(0,0,0)
(0,0,0)
(0,0,0)
(0,0,0)
(0,0,0)
(0,0,0)
(0,0,0)
(0,0,0)
(0,0,0)
(0,0,0)
(0,0,0)
(0,0,0)
(0,0,0)
(0,0,0)
(0,0,0)
(0,0,0)
(0,0,0)
(0,0,0)
(0,0,0)
(0,0,0)
(0,0,0)
(0,0,0)
(0,0,0)
(0,0,0)
(0,0,0)
(0,0,0)
(0,0,0)
(0,0,0)
(0,0,0)
(0,0,0)
(0,0,0)
(0,0,0)
(0,0,0)
(0,0,0)
(0,0,0)
(0,0,0)
(0,0,0)
(0,0,0)
(0,0,0)
(0,0,0)
(0,0,0)
(0,0,0)
(0,0,0)
(0,0,0)
(0,0,0)
(0,0,0)
(0,0,0)
(0,0,0)
(0,0,0)
(0,0,0)
(0,0,0)
(0,0,0)
(0,0,0)
(0,0,0)
(0,0,0)
(0,0,0)
(0,0,0)
(0,0,0)
(0,0,0)
(0,0,0)
(0,0,0)
(0,0,0)
(0,0,0)
(0,0,0)
(0,0,0)
(0,0,0)
(0,0,0)
(0,0,0)
(0,0,0)
(0,0,0)
(0,0,0)
(0,0,0)
(0,0,0)
(0,0,0)
(0,0,0)
(0,0,0)
(0,0,0)
(0,0,0)
(0,0,0)
(0,0,0)
(0,0,0)
(0,0,0)
(0,0,0)
(0,0,0)
(0,0,0)
(0,0,0)
(0,0,0)
(0,0,0)
(0,0,0)
(0,0,0)
(0,0,0)
(0,0,0)
(0,0,0)
(0,0,0)
(0,0,0)
(0,0,0)
(0,0,0)
(0,0,0)
(0,0,0)
(0,0,0)
(0,0,0)
(0,0,0)
(0,0,0)
(0,0,0)
(0,0,0)
(0,0,0)
(0,0,0)
(0,0,0)
(0,0,0)
(0,0,0)
(0,0,0)
(0,0,0)
(0,0,0)
(0,0,0)
(0,0,0)
(0,0,0)
(0,0,0)
(0,0,0)
(0,0,0)
(0,0,0)
(0,0,0)
(0,0,0)
(0,0,0)
(0,0,0)
(0,0,0)
(0,0,0)
(0,0,0)
(0,0,0)
(0,0,0)
(0,0,0)
(0,0,0)
(0,0,0)
(0,0,0)
(0,0,0)
(0,0,0)
(0,0,0)
(0,0,0)
(0,0,0)
(0,0,0)
(0,0,0)
(0,0,0)
(0,0,0)
(0,0,0)
(0,0,0)
(0,0,0)
(0,0,0)
(0,0,0)
(0,0,0)
(0,0,0)
(0,0,0)
(0,0,0)
(0,0,0)
(0,0,0)
(0,0,0)
(0,0,0)
(0,0,0)
(0,0,0)
(0,0,0)
(0,0,0)
(0,0,0)
(0,0,0)
(0,0,0)
(0,0,0)
(0,0,0)
(0,0,0)
(0,0,0)
(0,0,0)
(0,0,0)
(0,0,0)
(0,0,0)
(0,0,0)
(0,0,0)
(0,0,0)
(0,0,0)
(0,0,0)
(0,0,0)
(0,0,0)
(0,0,0)
(0,0,0)
(0,0,0)
(0,0,0)
(0,0,0)
(0,0,0)
(0,0,0)
(0,0,0)
(0,0,0)
(0,0,0)
(0,0,0)
(0,0,0)
(0,0,0)
(-121338.061217959,64798.5962503688,56539.4649675896)
(-128335.601270142,62148.4026350071,122726.663602724)
(-144473.610821752,56542.8920393614,210657.382385111)
(-174967.61998473,47741.6523060362,337883.350063815)
(-230055.199507572,35917.1351018031,532021.414469583)
(-328949.755332936,22358.7302571898,838612.439545335)
(-508076.599391963,10101.7558361406,1336587.28310118)
(-831867.537745451,2594.90639557537,2165859.91445107)
(-1372131.96142608,89.7361596274206,3537902.13971748)
(-1911871.18201396,-136.501077410405,5449909.82280893)
(0,0,0)
(0,0,0)
(0,0,0)
(0,0,0)
(0,0,0)
(0,0,0)
(-128276.751510838,139130.751120885,53944.5966403199)
(-135348.214052316,134147.795609878,117293.417717768)
(-151755.107429586,123501.912305792,202089.50488092)
(-182970.151224534,106533.713286982,326267.595124508)
(-239587.640913889,83183.0703094436,518589.300830754)
(-340894.015975735,55492.0688538804,826349.978209788)
(-522012.289349432,29376.2022728646,1329087.82112249)
(-844562.957057101,12833.2304400881,2163412.45413503)
(-1380597.09745406,6307.99996017225,3537791.2877886)
(-1915828.77426207,3229.36895623838,5450254.19201691)
(0,0,0)
(0,0,0)
(0,0,0)
(0,0,0)
(0,0,0)
(0,0,0)
(-144223.932167314,234358.744354403,48995.9389337966)
(-151407.278066133,227660.780215736,106890.232394075)
(-168343.175798096,213280.036411367,185455.284086602)
(-201145.585585063,189923.277010602,303211.305948045)
(-261396.320822899,156704.300264538,491086.396815837)
(-368998.518703607,115256.097142727,800320.887230601)
(-556361.665280452,73371.9599590284,1312686.7948249)
(-876188.380046343,44608.8786693622,2157099.52664191)
(-1400986.12497991,29417.8174525787,3534975.83412948)
(-1925069.77116285,15958.7484396295,5447316.22580896)
(0,0,0)
(0,0,0)
(0,0,0)
(0,0,0)
(0,0,0)
(0,0,0)
(-174004.619431363,366093.474426279,42269.8893594877)
(-181303.585850298,358589.89186936,92644.3635561639)
(-198899.493613733,342495.252360895,162328.641220361)
(-233981.08521422,316012.870837094,270220.132608081)
(-300208.039043705,277281.016477359,449851.455438977)
(-419899.215214876,226400.980140306,758605.787656266)
(-622134.473712709,169962.404309221,1284149.81701878)
(-937347.087151293,123920.988617726,2142184.79422169)
(-1438304.1139398,88079.5557534694,3521827.16986053)
(-1941355.11393744,47429.0920277072,5431711.94021008)
(0,0,0)
(0,0,0)
(0,0,0)
(0,0,0)
(0,0,0)
(0,0,0)
(-227462.187453464,558776.130424482,34779.5314552552)
(-234740.880498285,551438.080283488,76672.2235394111)
(-252685.397235744,535800.092312908,136052.78082314)
(-289662.58000795,510017.258900157,231710.972768028)
(-362063.939452329,471820.706654376,399235.222043339)
(-496715.881373033,419939.339967876,702412.743588784)
(-722345.601461952,356409.324919541,1238311.42444041)
(-1030510.71172697,286221.862362801,2106521.26242235)
(-1492544.97938619,205751.67695845,3481394.12060367)
(-1964888.87235454,109090.436836498,5384621.64814942)
(0,0,0)
(0,0,0)
(0,0,0)
(0,0,0)
(0,0,0)
(0,0,0)
(-323919.365102512,855202.039919634,27493.4556073648)
(-330849.059132762,848651.847760314,61128.7472632936)
(-348226.201995722,834729.624730095,110425.416841833)
(-384860.062986635,811543.573473497,193759.165255119)
(-458044.684318049,775971.975007936,347652.581219616)
(-595249.47652855,723649.298963221,639192.098752829)
(-821573.746265605,648806.093066555,1168369.07687141)
(-1115767.00070992,544154.839805409,2026203.10013874)
(-1551310.42848768,398415.695326088,3384849.51025884)
(-1994507.18060511,212701.49612598,5275745.63157442)
(0,0,0)
(0,0,0)
(0,0,0)
(0,0,0)
(0,0,0)
(0,0,0)
(-501071.730062171,1335283.45740673,20990.3125750703)
(-507228.314189244,1329634.76817024,47235.7063543949)
(-522825.433500285,1317479.17425616,87311.5903286124)
(-556287.81539614,1296758.35285019,158384.626348057)
(-624274.538699667,1263094.2550605,295536.884995156)
(-753196.491071768,1207826.72944106,564555.945589093)
(-965611.850441043,1114997.75184367,1063976.13725304)
(-1233130.04687581,960585.799142011,1880675.22479224)
(-1638870.91668364,718687.8198289,3199274.01697302)
(-2042790.94636972,391578.396701903,5063188.06276691)
(0,0,0)
(0,0,0)
(0,0,0)
(0,0,0)
(0,0,0)
(0,0,0)
(-825076.708439173,2144981.52921914,15378.6366267574)
(-830002.933313512,2139845.28170242,35171.0564081008)
(-842559.611230336,2128521.29491123,66688.54698339)
(-869761.683729423,2108344.36972472,124864.213838263)
(-925636.666943841,2073140.66857183,240454.467270781)
(-1032822.06192822,2009176.21529088,471927.043349168)
(-1210715.3461995,1887804.17660789,909835.964784394)
(-1427278.80778756,1658644.53143078,1639056.04028321)
(-1797802.50840985,1283166.30472326,2872380.0637987)
(-2135126.52420258,727313.804070443,4671771.1806327)
(0,0,0)
(0,0,0)
(0,0,0)
(0,0,0)
(0,0,0)
(0,0,0)
(-1367543.18618445,3502210.72812592,10313.9872776512)
(-1370905.92753239,3497043.77802611,24021.418486351)
(-1379442.45979183,3485279.73980045,46705.4333889063)
(-1397731.45913716,3462928.7931243,89852.4691264732)
(-1434655.63154125,3420874.68291953,176774.086320027)
(-1504026.39229495,3339144.58840473,350832.105501145)
(-1620455.03893726,3178117.15963957,680974.161406737)
(-1793425.68249323,2869180.31807436,1263864.05725641)
(-2090924.16357757,2321168.43195497,2316786.09360216)
(-2296191.65370235,1395590.01960835,3944701.53176662)
(0,0,0)
(0,0,0)
(0,0,0)
(0,0,0)
(0,0,0)
(0,0,0)
(-1909773.65681571,5406729.16147061,5255.22347101291)
(-1911470.65776812,5401388.87596526,12380.7832999725)
(-1915727.12292177,5388883.01093221,24504.6350899994)
(-1924721.00318149,5364195.32633431,47959.1050615275)
(-1942603.98157617,5316081.63818929,95356.1313679529)
(-1976000.06931282,5220434.48004395,190066.3090415)
(-2034246.96660536,5030175.76917561,372254.666110797)
(-2132413.87587096,4657760.8314784,716088.028577701)
(-2295674.80607558,3941438.66884951,1391492.59775867)
(-2311963.05900366,2549651.19314741,2549394.48322333)
(0,0,0)
(0,0,0)
(0,0,0)
(0,0,0)
(0,0,0)
(0,0,0)
(0,0,0)
(0,0,0)
(0,0,0)
(0,0,0)
(0,0,0)
(0,0,0)
(0,0,0)
(0,0,0)
(0,0,0)
(0,0,0)
(0,0,0)
(0,0,0)
(0,0,0)
(0,0,0)
(0,0,0)
(0,0,0)
(0,0,0)
(0,0,0)
(0,0,0)
(0,0,0)
(0,0,0)
(0,0,0)
(0,0,0)
(0,0,0)
(0,0,0)
(0,0,0)
(0,0,0)
(0,0,0)
(0,0,0)
(0,0,0)
(0,0,0)
(0,0,0)
(0,0,0)
(0,0,0)
(0,0,0)
(0,0,0)
(0,0,0)
(0,0,0)
(0,0,0)
(0,0,0)
(0,0,0)
(0,0,0)
(0,0,0)
(0,0,0)
(0,0,0)
(0,0,0)
(0,0,0)
(0,0,0)
(0,0,0)
(0,0,0)
(0,0,0)
(0,0,0)
(0,0,0)
(0,0,0)
(0,0,0)
(0,0,0)
(0,0,0)
(0,0,0)
(0,0,0)
(0,0,0)
(0,0,0)
(0,0,0)
(0,0,0)
(0,0,0)
(0,0,0)
(0,0,0)
(0,0,0)
(0,0,0)
(0,0,0)
(0,0,0)
(0,0,0)
(0,0,0)
(0,0,0)
(0,0,0)
(0,0,0)
(0,0,0)
(0,0,0)
(0,0,0)
(0,0,0)
(0,0,0)
(0,0,0)
(0,0,0)
(0,0,0)
(0,0,0)
(0,0,0)
(0,0,0)
(0,0,0)
(0,0,0)
(0,0,0)
(0,0,0)
(0,0,0)
(0,0,0)
(0,0,0)
(0,0,0)
(0,0,0)
(0,0,0)
(17930802.5829294,57761.1373430828,49565.8471572571)
(17919094.2266175,55029.7850945216,106573.862822884)
(17892260.1884965,49172.9059062041,180134.786246012)
(17842106.9128164,39690.8527898955,282837.029302657)
(17752732.7675243,26343.9159245173,433172.774993892)
(17593704.4429519,10424.9101371487,659561.295219564)
(17301826.9557953,-3816.92932876211,1012942.29800857)
(16724902.0185129,-10107.1837278291,1625747.55412568)
(15423191.891567,-8378.21901607714,2998269.54879635)
(11888072.5884847,-4077.96257681834,7361871.36952224)
(0,0,0)
(0,0,0)
(0,0,0)
(0,0,0)
(0,0,0)
(0,0,0)
(17918973.5570992,123097.963001925,46880.4943787762)
(17907232.9514056,117962.534438792,100834.208224337)
(17880142.2715308,106800.151690072,170777.212127765)
(17829028.4527774,88315.6632647168,269621.426298681)
(17737181.7057719,61355.82060752,417307.803577587)
(17573630.8271165,27387.1962097521,645288.303060437)
(17277246.2713417,-4970.07141339854,1006650.51310173)
(16702735.2408026,-18803.4289310242,1627516.1890929)
(15409398.7143239,-14059.7019405242,3002669.48888701)
(11882032.9017599,-5977.75650231689,7366175.23543811)
(0,0,0)
(0,0,0)
(0,0,0)
(0,0,0)
(0,0,0)
(0,0,0)
(17892041.0653307,204521.39421531,41779.199936119)
(17880255.9927709,197673.194912944,89872.897272601)
(17852610.7982074,182637.598022977,152549.105581889)
(17799235.931314,157033.848744577,242917.031850784)
(17700993.7590414,117840.466408378,383509.934833332)
(17523999.7343684,64343.0456213441,613023.46099748)
(17210612.9824897,7599.08656588746,992947.283895739)
(16641577.878197,-16570.2194733966,1632415.44484249)
(15373803.824891,-7901.54459011081,3010934.96626869)
(11867260.6710846,-315.025043216941,7372409.42120994)
(0,0,0)
(0,0,0)
(0,0,0)
(0,0,0)
(0,0,0)
(0,0,0)
(17842424.0689726,312620.237323782,34940.0971352412)
(17830659.1969803,305127.014394353,74991.1234709524)
(17802324.8790337,288682.393840557,127189.583653635)
(17745436.921433,260303.009477547,203970.044921229)
(17635440.9803454,215406.325591636,330222.794996583)
(17428079.58467,149618.016462589,556436.65291817)
(17062567.0715386,69816.5201831809,968985.302697329)
(16502431.1015375,30803.8153654145,1641300.70781752)
(15301940.6952595,33849.4810625897,3018772.50161304)
(11839645.6499474,23881.7742482654,7373042.56708461)
(0,0,0)
(0,0,0)
(0,0,0)
(0,0,0)
(0,0,0)
(0,0,0)
(17754901.9639507,462227.255198949,27496.4593683838)
(17743400.8196591,455251.530992081,58697.8712609377)
(17714922.0972934,440191.531896391,99048.867323832)
(17655048.9682201,414779.80561285,159328.151608131)
(17531604.3081897,375843.182543844,264690.675661738)
(17278757.2668434,321436.301051305,476866.871504438)
(16796375.5597627,257232.985629707,930196.873480974)
(16244400.4470004,201015.929884259,1644541.2288825)
(15189294.561443,146997.90969091,3009020.88807251)
(11798579.7973545,79463.2810905188,7349438.34016883)
(0,0,0)
(0,0,0)
(0,0,0)
(0,0,0)
(0,0,0)
(0,0,0)
(17599157.7161205,678036.597891696,20581.2047317602)
(17588418.8676715,672281.621919715,43750.8156474999)
(17561276.5445412,660115.896716941,73791.3329377823)
(17502470.6335394,640101.558070956,120606.512601498)
(17377588.7090222,609756.36522757,210527.565225189)
(17117511.6713217,565732.165663076,412938.181410795)
(16629012.4269446,504814.215595354,874238.406882713)
(16101395.3143831,426847.462851799,1590712.18746988)
(15093355.4728117,310874.882954796,2941636.94155436)
(11751512.8724134,164399.225805268,7270148.57246866)
(0,0,0)
(0,0,0)
(0,0,0)
(0,0,0)
(0,0,0)
(0,0,0)
(17310236.2551174,1011315.05347846,14881.1878813792)
(17300856.6090807,1006896.91849878,31648.5966800133)
(17276807.0325997,997755.789918855,53843.8660259036)
(17223434.1141262,983266.130490495,90424.9927316919)
(17107002.3342088,961695.206958415,166676.906740073)
(16858297.9449617,928186.347520261,352195.917497023)
(16384461.4424457,869894.463637403,796510.005215882)
(15908277.3047249,766453.150234881,1474964.59487982)
(14951321.330268,559768.927740404,2795345.9317901)
(11671250.0438957,299239.315002311,7105932.48097539)
(0,0,0)
(0,0,0)
(0,0,0)
(0,0,0)
(0,0,0)
(0,0,0)
(16732747.457804,1602456.79531444,10501.7205685608)
(16725336.1416641,1598898.65566941,22628.5370679529)
(16706187.1718304,1591614.39843323,39490.7741405388)
(16663088.5471216,1580344.06388642,69030.2385412833)
(16567145.6392299,1564078.69208846,133332.075885087)
(16356152.7634516,1537955.91512185,294055.311551456)
(15941389.0506642,1478047.12935985,693265.877613032)
(15630951.010622,1292467.02125505,1268489.81683083)
(14664894.5270733,990023.856426128,2535005.4813096)
(11485472.0001436,566242.313363516,6806871.58724988)
(0,0,0)
(0,0,0)
(0,0,0)
(0,0,0)
(0,0,0)
(0,0,0)
(15427641.9665123,2959752.89482744,6986.37643804739)
(15422646.9212394,2956302.6354383,15497.176545126)
(15409853.0662871,2948867.50445439,28416.1730926697)
(15381674.0700218,2935851.97941416,52970.3570535619)
(15321600.7954167,2912818.53353965,107441.717291995)
(15199410.4888159,2867059.6383263,234368.741624511)
(14979257.1599729,2764220.01181619,507951.288905768)
(14670094.5424242,2530061.3740578,966304.339833341)
(13797124.0550216,2116312.86739007,2111434.73891796)
(10920362.1508563,1379765.71108288,6240825.16528762)
(0,0,0)
(0,0,0)
(0,0,0)
(0,0,0)
(0,0,0)
(0,0,0)
(11889657.2108334,7316201.86691452,3587.78891145702)
(11887156.4960485,7312582.60865868,8148.29052197884)
(11880855.906278,7304369.9288746,15530.4655496781)
(11867309.4281562,7288715.69211376,30103.9501601896)
(11839384.7889121,7258445.07620612,61956.2656532382)
(11784498.1748648,7196215.79757114,131769.49087855)
(11682912.7672316,7064255.83030513,274041.567200324)
(11488354.8239262,6790007.20844663,552794.661662131)
(10920791.6233391,6236956.63855164,1375152.08973361)
(8879610.45736192,4861513.18694362,4861298.72615496)
(0,0,0)
(0,0,0)
(0,0,0)
(0,0,0)
(0,0,0)
(0,0,0)
(0,0,0)
(0,0,0)
(0,0,0)
(0,0,0)
(0,0,0)
(0,0,0)
(0,0,0)
(0,0,0)
(0,0,0)
(0,0,0)
(0,0,0)
(0,0,0)
(0,0,0)
(0,0,0)
(0,0,0)
(0,0,0)
(0,0,0)
(0,0,0)
(0,0,0)
(0,0,0)
(0,0,0)
(0,0,0)
(0,0,0)
(0,0,0)
(0,0,0)
(0,0,0)
(0,0,0)
(0,0,0)
(0,0,0)
(0,0,0)
(0,0,0)
(0,0,0)
(0,0,0)
(0,0,0)
(0,0,0)
(0,0,0)
(0,0,0)
(0,0,0)
(0,0,0)
(0,0,0)
(0,0,0)
(0,0,0)
(0,0,0)
(0,0,0)
(0,0,0)
(0,0,0)
(0,0,0)
(0,0,0)
(0,0,0)
(0,0,0)
(0,0,0)
(0,0,0)
(0,0,0)
(0,0,0)
(0,0,0)
(0,0,0)
(0,0,0)
(0,0,0)
(0,0,0)
(0,0,0)
(0,0,0)
(0,0,0)
(0,0,0)
(0,0,0)
(0,0,0)
(0,0,0)
(0,0,0)
(0,0,0)
(0,0,0)
(0,0,0)
(0,0,0)
(0,0,0)
(0,0,0)
(0,0,0)
(0,0,0)
(0,0,0)
(0,0,0)
(0,0,0)
(0,0,0)
(0,0,0)
(0,0,0)
(0,0,0)
(0,0,0)
(0,0,0)
(0,0,0)
(0,0,0)
(0,0,0)
(0,0,0)
(0,0,0)
(0,0,0)
(0,0,0)
(0,0,0)
(0,0,0)
(0,0,0)
(0,0,0)
(0,0,0)
(-312314.927244875,45774.6356794215,37875.2458471553)
(-325237.714046685,43008.4845477478,79731.0733157987)
(-354364.127900155,36909.4151275816,129978.34593729)
(-407373.853560819,26508.026614112,193483.457052724)
(-498147.030412453,10727.1054043008,274168.520937561)
(-649712.244696476,-9645.54606529497,367763.126003564)
(-897718.177750884,-28354.8459701556,436195.476872367)
(-1290344.48717177,-32245.1484823512,324219.502391744)
(-1853270.20026415,-22141.0732233767,-536644.961201389)
(-2271944.65541541,-10106.8751516403,-4525988.47079728)
(0,0,0)
(0,0,0)
(0,0,0)
(0,0,0)
(0,0,0)
(0,0,0)
(-325881.285845201,95994.0508013818,35167.7991747812)
(-338583.412455508,90799.9891413491,73725.0297945394)
(-367427.983673342,79106.9320806772,119630.139397902)
(-420515.666235778,58424.3554278015,177790.300949722)
(-512696.578658991,25108.477334149,253819.584803082)
(-668417.963199043,-22266.8207611017,349022.02116674)
(-922265.147835719,-71598.3458442104,432309.311570443)
(-1311076.37998286,-79951.7466007881,334359.901826631)
(-1863693.90192419,-49617.4830431191,-524538.700753139)
(-2275638.1219864,-20729.0054679503,-4515713.17533811)
(0,0,0)
(0,0,0)
(0,0,0)
(0,0,0)
(0,0,0)
(0,0,0)
(-356232.06452551,154761.295842904,30038.2561671714)
(-368510.813253762,147905.641276092,62231.7814094192)
(-396854.688845228,132193.402023178,99143.1698718541)
(-450473.375384261,103111.847206874,144697.356143235)
(-547471.664962417,52203.286840895,206600.341992593)
(-719303.850466837,-31597.5448862714,299767.022305252)
(-1004264.76871376,-140459.460583165,424038.259599964)
(-1382837.03911974,-155744.191061789,364777.99273)
(-1895206.80222648,-79745.268629809,-495551.223213344)
(-2285759.37106065,-27909.7987781223,-4494818.01640572)
(0,0,0)
(0,0,0)
(0,0,0)
(0,0,0)
(0,0,0)
(0,0,0)
(-410579.887126674,225064.710936816,23232.9123576798)
(-422199.148011474,217821.208924384,46708.0610534449)
(-449769.717992921,201210.099211941,70318.3322436032)
(-504509.833034774,169862.289788057,94047.0154824093)
(-612358.403695351,111571.764293653,123010.293422694)
(-831378.694355467,343.996718758212,191059.402195446)
(-1258928.83986618,-196318.68415574,408946.908525029)
(-1617582.63480549,-227185.242780616,440934.067939067)
(-1974072.5075241,-78754.7763826988,-443510.850171982)
(-2307424.09002071,-17182.9046246472,-4466635.63300515)
(0,0,0)
(0,0,0)
(0,0,0)
(0,0,0)
(0,0,0)
(0,0,0)
(-502037.798692331,306469.610822501,16067.234109629)
(-512718.37889316,300257.053833417,30282.9591051857)
(-538766.146095005,286503.851777672,39209.8212799797)
(-593538.317006098,262194.951979018,35996.815667567)
(-714207.133534796,221877.226031086,12035.1670067915)
(-1023200.97116859,160245.031793789,-5375.25870409485)
(-2033035.76402693,89928.2229927383,378321.529289304)
(-2411551.60120215,58073.3923473147,589547.313716221)
(-2128749.77856847,51085.2462064184,-381715.997508963)
(-2342934.08721292,32387.0802786954,-4449239.72649255)
(0,0,0)
(0,0,0)
(0,0,0)
(0,0,0)
(0,0,0)
(0,0,0)
(-652927.980740304,389146.656884394,9941.02215139609)
(-662300.737671677,384743.400146852,16706.6525335123)
(-685650.144066744,375613.511962239,15056.0523091309)
(-736615.404298217,361032.309427682,-4162.89594976937)
(-853958.271145257,339180.945072355,-49387.2634712405)
(-1162220.89590414,306564.970091467,-75442.2631906974)
(-2123021.45829954,260340.233533774,346711.982864619)
(-2469825.08183078,233779.597966586,582758.544811433)
(-2200878.75542869,168845.143767838,-400234.753157421)
(-2378413.27734251,84110.9606674208,-4481500.11243779)
(0,0,0)
(0,0,0)
(0,0,0)
(0,0,0)
(0,0,0)
(0,0,0)
(-899605.460128487,433896.656357565,5624.08712498884)
(-907353.246734895,431409.992218338,7699.72222145252)
(-927011.597954813,427123.088627093,541.147463302629)
(-971440.765030961,422895.549682992,-25914.8422825072)
(-1079163.90478295,421848.687693009,-81883.9745590931)
(-1381094.48487448,426115.717228147,-121509.920507192)
(-2383517.78026924,426907.916704068,320433.990389818)
(-2704217.50903024,489166.526782025,518074.246681847)
(-2309838.44729607,273362.163367175,-484750.624000886)
(-2436902.28648636,113468.447657807,-4565423.40925696)
(0,0,0)
(0,0,0)
(0,0,0)
(0,0,0)
(0,0,0)
(0,0,0)
(-1293354.82725818,297321.395309307,3209.91746272215)
(-1299219.7645097,296148.804211471,3559.38299575664)
(-1314240.74106847,295212.995835248,-3570.23996122162)
(-1349076.55795841,298859.294107532,-26836.5079534544)
(-1438257.52425457,318492.867656636,-77545.1530801993)
(-1715343.27093687,381233.2713434,-120634.301454737)
(-2810584.94592609,515912.272731585,382867.71046031)
(-2290490.64323223,331556.479690652,302451.782758303)
(-2396523.79664214,122216.273305865,-644451.632112524)
(-2527400.0492247,1115.29224845989,-4678694.05598247)
(0,0,0)
(0,0,0)
(0,0,0)
(0,0,0)
(0,0,0)
(0,0,0)
(-1858140.69492947,-578443.942967257,2080.3710705513)
(-1861961.73522998,-579382.01375423,2752.21685787708)
(-1871584.10365914,-580298.482629773,233.236621512025)
(-1893002.98169115,-578649.470708887,-7048.57549672262)
(-1942176.02210922,-569554.260585577,-14692.2583761636)
(-2059725.20204412,-547991.983698746,14201.0588781633)
(-2316587.81062155,-532276.414493689,198767.088050185)
(-2400530.7606847,-651856.332731922,93337.5749339087)
(-2621250.91654538,-760159.543182684,-765379.26565825)
(-2662636.66719374,-661059.722924928,-4679673.06108254)
(0,0,0)
(0,0,0)
(0,0,0)
(0,0,0)
(0,0,0)
(0,0,0)
(-2275680.52250802,-4573723.53622101,1149.69794746453)
(-2277562.95050948,-4574877.42457054,1896.92667406716)
(-2282186.99892293,-4576826.14125759,1999.86185518553)
(-2292095.85505146,-4578910.07699523,2198.12270140313)
(-2313221.0097493,-4581271.89939689,7053.9315264065)
(-2357488.61560959,-4588556.66962373,30137.7792779894)
(-2439239.60777943,-4618917.38292185,79463.4940695225)
(-2530130.22290467,-4698621.03163601,-14754.3888433287)
(-2663452.38245022,-4684071.25747172,-666066.297412691)
(-2570300.96611096,-4018238.80205855,-4018443.42345397)
(0,0,0)
(0,0,0)
(0,0,0)
(0,0,0)
(0,0,0)
(0,0,0)
(0,0,0)
(0,0,0)
(0,0,0)
(0,0,0)
(0,0,0)
(0,0,0)
(0,0,0)
(0,0,0)
(0,0,0)
(0,0,0)
(0,0,0)
(0,0,0)
(0,0,0)
(0,0,0)
(0,0,0)
(0,0,0)
(0,0,0)
(0,0,0)
(0,0,0)
(0,0,0)
(0,0,0)
(0,0,0)
(0,0,0)
(0,0,0)
(0,0,0)
(0,0,0)
(0,0,0)
(0,0,0)
(0,0,0)
(0,0,0)
(0,0,0)
(0,0,0)
(0,0,0)
(0,0,0)
(0,0,0)
(0,0,0)
(0,0,0)
(0,0,0)
(0,0,0)
(0,0,0)
(0,0,0)
(0,0,0)
(0,0,0)
(0,0,0)
(0,0,0)
(0,0,0)
(0,0,0)
(0,0,0)
(0,0,0)
(0,0,0)
(0,0,0)
(0,0,0)
(0,0,0)
(0,0,0)
(0,0,0)
(0,0,0)
(0,0,0)
(0,0,0)
(0,0,0)
(0,0,0)
(0,0,0)
(0,0,0)
(0,0,0)
(0,0,0)
(0,0,0)
(0,0,0)
(0,0,0)
(0,0,0)
(0,0,0)
(0,0,0)
(0,0,0)
(0,0,0)
(0,0,0)
(0,0,0)
(0,0,0)
(0,0,0)
(0,0,0)
(0,0,0)
(0,0,0)
(0,0,0)
(0,0,0)
(0,0,0)
(0,0,0)
(0,0,0)
(0,0,0)
(0,0,0)
(0,0,0)
(0,0,0)
(0,0,0)
(0,0,0)
(0,0,0)
(0,0,0)
(0,0,0)
(0,0,0)
(0,0,0)
(0,0,0)
(-369355.29576525,32064.647909219,24975.7206111561)
(-380355.256671879,29518.1278672503,50575.1353691043)
(-404450.129455831,23731.9782533421,76929.1586714411)
(-446424.569023775,13296.2921896469,102683.581944747)
(-514215.306202611,-3858.27748634355,122610.135221247)
(-618610.291259927,-28346.8537219592,119855.035506659)
(-768804.085431957,-52876.6093106506,43817.5524983804)
(-955096.838852915,-52961.7998687016,-238468.295951772)
(-1104119.70100124,-32532.5608471313,-955086.23436752)
(-959511.574713704,-13782.0406581144,-2253737.27441109)
(0,0,0)
(0,0,0)
(0,0,0)
(0,0,0)
(0,0,0)
(0,0,0)
(-381699.226265754,65398.8069024531,22483.7814273172)
(-392081.014313942,60630.0988013549,44869.4123516489)
(-414841.622363775,49483.0634034149,66531.9658920127)
(-454614.442914104,28322.0444199659,85604.990340014)
(-519337.074439738,-9757.86032777123,98145.0689621832)
(-620754.226580376,-73170.2611561777,95304.7397777389)
(-769981.718514778,-153560.974959054,43705.6761052027)
(-950609.02488578,-151682.845477236,-218040.63338334)
(-1096845.66526979,-81106.8529863352,-936314.577898522)
(-955033.360545138,-30837.1078427731,-2239864.27215521)
(0,0,0)
(0,0,0)
(0,0,0)
(0,0,0)
(0,0,0)
(0,0,0)
(-408759.311087052,100154.745173898,17771.3082901013)
(-417944.568227491,93944.789725045,33890.372340139)
(-438062.68703394,79063.9887733465,45517.4451589184)
(-473276.7567928,48917.0113343029,47725.8596531214)
(-531583.734824065,-12794.4614186203,34874.5306056162)
(-628903.744195308,-143684.339555941,14988.5027338331)
(-793386.803254848,-395089.621064835,45639.1833807057)
(-950986.815887736,-390475.541572786,-147418.343755769)
(-1079138.24936198,-158597.372968103,-885996.376638498)
(-944087.439627884,-49567.2412584112,-2208938.17465564)
(0,0,0)
(0,0,0)
(0,0,0)
(0,0,0)
(0,0,0)
(0,0,0)
(-455481.960009035,133448.360701422,11608.4573548458)
(-462972.254065747,127157.67809457,19168.6750395986)
(-479209.503739558,112083.78901709,15588.6605424975)
(-507001.418789691,80739.4583612628,-13742.2007295439)
(-552736.648670919,9675.27995416684,-95833.6971267605)
(-643168.305519535,-191473.17957196,-236255.24594668)
(-970359.285842404,-970390.110881937,50475.6898466443)
(-1021111.11808088,-1021092.32656097,84620.9581101996)
(-1037909.56461847,-233356.454861854,-776782.902901691)
(-921963.60763409,-52661.8252003853,-2159148.8013464)
(0,0,0)
(0,0,0)
(0,0,0)
(0,0,0)
(0,0,0)
(0,0,0)
(-529529.948157477,155531.58757783,5408.92258873715)
(-535073.725626128,150645.549832833,4276.39758344379)
(-546449.649491076,139588.084763031,-15544.3947664179)
(-562847.609678536,119093.191118065,-84588.83485078)
(-574458.325516707,82113.0165496894,-296775.379464398)
(-517704.021604879,21243.2527664618,-1014988.76136653)
(-8.70399298266398e-05,-2.38227257488921e-05,5.80777442926582e-05)
(-74.0346997140509,-85.0717220730876,872532.475303477)
(-872758.413228871,-20958.3440789927,-595857.000819027)
(-882095.491439276,-3069.28087965643,-2106288.14091341)
(0,0,0)
(0,0,0)
(0,0,0)
(0,0,0)
(0,0,0)
(0,0,0)
(-640446.38429349,142423.410292583,626.580838437379)
(-644127.042112936,139666.561348869,-6568.12623634503)
(-651025.528624018,134237.49464808,-35842.1515641137)
(-658135.929699385,126176.466191506,-121404.901236388)
(-649696.764022437,113920.703644675,-357474.095454205)
(-550069.514322521,87676.1898059927,-1036058.41407535)
(-7.86262029565944e-05,-3.01593630023393e-05,4.32326727712798e-05)
(-142.785068097557,-547.874345067614,851846.924329055)
(-852106.17859064,59890.4225283471,-577774.419116322)
(-881742.207887537,25611.1792926059,-2103125.94874347)
(0,0,0)
(0,0,0)
(0,0,0)
(0,0,0)
(0,0,0)
(0,0,0)
(-795246.883405664,40097.8951638953,-2033.06159412504)
(-797385.003257781,39500.78347725,-11835.5271996251)
(-800690.127222409,39856.9252786477,-43776.428562587)
(-800704.11304369,45216.1002755609,-133552.714633911)
(-777917.590745944,62758.5477040451,-383636.872730295)
(-645286.592653188,91906.8804838606,-1123675.45562945)
(-0.000213771475769583,7.8604587713909e-05,5.83321376529337e-05)
(360.572907672881,902905.367327601,912573.178247041)
(-912194.35251745,186655.640492456,-611836.134495688)
(-917505.734588041,22963.3154609578,-2128584.82256236)
(0,0,0)
(0,0,0)
(0,0,0)
(0,0,0)
(0,0,0)
(0,0,0)
(-983160.124560611,-267549.55438234,-2547.25315134272)
(-984219.213749097,-266699.761482466,-11347.2589522313)
(-985145.790462104,-262249.226519048,-38336.0577609152)
(-981084.10902187,-245172.364586536,-115940.041835362)
(-951509.376958652,-185458.872434969,-354470.768992267)
(-799071.44487332,36842.9560560523,-1215678.670628)
(702.937375401361,1009870.43333721,903108.049838804)
(-902386.529029192,221407.242036151,196502.060927198)
(-1135407.68326913,-102621.599751505,-775336.812201849)
(-994222.912401109,-134186.539742751,-2151364.09382176)
(0,0,0)
(0,0,0)
(0,0,0)
(0,0,0)
(0,0,0)
(0,0,0)
(-1127841.19005111,-996194.780852114,-1654.27840858494)
(-1128314.07104417,-995183.778329612,-6817.92574724074)
(-1128372.92060144,-991089.073702727,-21189.2616212349)
(-1125275.23758171,-977913.823447068,-56175.5468701381)
(-1110862.00959325,-940795.702619701,-132152.729201374)
(-1066476.08548228,-845974.43352245,-242584.456184715)
(-1009005.22898944,-655166.298384702,114869.693905073)
(-1155193.82050704,-781696.20700055,-127363.797235885)
(-1241900.80908215,-802551.341018296,-806784.163432305)
(-1017690.91724014,-568827.202451214,-2017089.25067747)
(0,0,0)
(0,0,0)
(0,0,0)
(0,0,0)
(0,0,0)
(0,0,0)
(-972889.69963377,-2298313.51928609,-672.084440244612)
(-973095.935820598,-2297628.96810723,-2693.90935149808)
(-973075.023975739,-2294981.29485142,-7913.66314999656)
(-971856.659414918,-2287145.00314346,-18921.6790901159)
(-967336.353102588,-2268403.72219228,-37198.3161642564)
(-957635.620280158,-2231426.06727711,-51599.6777390355)
(-954557.722267143,-2180035.82449117,-11412.0371448225)
(-1006347.61172057,-2168820.23705426,-148070.618275203)
(-1020272.86959658,-2020868.9304799,-572932.54166723)
(-815827.831896557,-1448055.85499915,-1448177.02333369)
(0,0,0)
(0,0,0)
(0,0,0)
(0,0,0)
(0,0,0)
(0,0,0)
(0,0,0)
(0,0,0)
(0,0,0)
(0,0,0)
(0,0,0)
(0,0,0)
(0,0,0)
(0,0,0)
(0,0,0)
(0,0,0)
(0,0,0)
(0,0,0)
(0,0,0)
(0,0,0)
(0,0,0)
(0,0,0)
(0,0,0)
(0,0,0)
(0,0,0)
(0,0,0)
(0,0,0)
(0,0,0)
(0,0,0)
(0,0,0)
(0,0,0)
(0,0,0)
(0,0,0)
(0,0,0)
(0,0,0)
(0,0,0)
(0,0,0)
(0,0,0)
(0,0,0)
(0,0,0)
(0,0,0)
(0,0,0)
(0,0,0)
(0,0,0)
(0,0,0)
(0,0,0)
(0,0,0)
(0,0,0)
(0,0,0)
(0,0,0)
(0,0,0)
(0,0,0)
(0,0,0)
(0,0,0)
(0,0,0)
(0,0,0)
(0,0,0)
(0,0,0)
(0,0,0)
(0,0,0)
(0,0,0)
(0,0,0)
(0,0,0)
(0,0,0)
(0,0,0)
(0,0,0)
(0,0,0)
(0,0,0)
(0,0,0)
(0,0,0)
(0,0,0)
(0,0,0)
(0,0,0)
(0,0,0)
(0,0,0)
(0,0,0)
(0,0,0)
(0,0,0)
(0,0,0)
(0,0,0)
(0,0,0)
(0,0,0)
(0,0,0)
(0,0,0)
(0,0,0)
(0,0,0)
(0,0,0)
(0,0,0)
(0,0,0)
(0,0,0)
(0,0,0)
(0,0,0)
(0,0,0)
(0,0,0)
(0,0,0)
(0,0,0)
(0,0,0)
(0,0,0)
(0,0,0)
(0,0,0)
(0,0,0)
(0,0,0)
(-402993.329871816,19563.3954087879,14074.6386977805)
(-410426.29994482,17644.8555317023,26500.8264390204)
(-426044.800092341,13221.777906109,34873.7191694158)
(-451371.283285391,5034.48706086709,34785.9463701655)
(-488634.114803446,-8999.23484579632,18203.9898167963)
(-539702.257373266,-30463.8705381793,-30240.1735316911)
(-602715.449379974,-54025.7433437754,-142303.066239897)
(-661660.095423613,-48462.4797145449,-387277.329954657)
(-655926.422462403,-25242.6478317941,-810227.960661705)
(-466497.888883081,-9302.40418478643,-1293939.24230753)
(0,0,0)
(0,0,0)
(0,0,0)
(0,0,0)
(0,0,0)
(0,0,0)
(-412362.73861189,38051.1831304847,12175.724624439)
(-418875.849017954,34483.7496543216,22131.6652058261)
(-432258.336186096,26034.6530931245,26735.5038411297)
(-453170.931858528,9504.29812137206,20822.1817250545)
(-482210.300496363,-22060.6845811782,-3243.1424829404)
(-519360.73103869,-81288.4740284394,-53812.0345343657)
(-564174.71782287,-176889.385262637,-136755.393307411)
(-619782.995396228,-152003.350738691,-364040.551772803)
(-628476.633341545,-63382.6688185218,-794269.562714325)
(-454133.910211851,-19882.6306246163,-1284588.78660777)
(0,0,0)
(0,0,0)
(0,0,0)
(0,0,0)
(0,0,0)
(0,0,0)
(-432415.078332436,53065.0605066288,8641.88986923723)
(-437162.354093883,48541.3594186054,13802.0659713494)
(-446157.123281896,37616.7679374313,10314.3873750018)
(-457848.624546868,14980.1058776895,-10589.5526272464)
(-467775.068988746,-34078.2891300782,-62380.6139136659)
(-465271.27626225,-157961.197946077,-149340.357929075)
(-435856.526780415,-571973.426354038,-111786.593312101)
(-478921.74575714,-460509.82953482,-275345.184646572)
(-549801.330931178,-117328.289762852,-750736.482133062)
(-422604.615822638,-27422.7989916166,-1264679.13757132)
(0,0,0)
(0,0,0)
(0,0,0)
(0,0,0)
(0,0,0)
(0,0,0)
(-465627.211083226,59068.3536788566,4141.95790196611)
(-468034.200636409,54774.0029130501,2971.26097817627)
(-471089.907947958,44636.4639090587,-12168.0307850517)
(-469502.388269136,24757.2428455259,-59444.1982734458)
(-448021.548322622,-12133.2030265014,-186104.38472533)
(-358034.499943795,-66042.979360708,-563156.408886437)
(-4.16417492322131e-05,-7.27350244632944e-06,2.18643126326358e-05)
(-14.8804504282234,52.3133377733053,68027.4629147324)
(-358410.284993778,-68114.9969436727,-660685.109529143)
(-360216.848701009,-12752.2660808459,-1237102.40137301)
(0,0,0)
(0,0,0)
(0,0,0)
(0,0,0)
(0,0,0)
(0,0,0)
(-514754.74954071,44418.6782565944,-125.523194503704)
(-514805.823845884,41450.2459936712,-7069.66805537417)
(-511929.585691438,34934.7254706074,-31887.9934165642)
(-497601.665423417,23771.6051666671,-96148.2999928276)
(-449782.109319739,6878.38415776718,-239836.103374054)
(-315549.051573601,-11090.7616373168,-496943.2911287)
(5.92413449251392e-06,-2.0750058308056e-06,-0.000104386233709483)
(-9.62980145600217e-05,-1.19584362534764e-05,4.80885131669262e-06)
(123.163226472637,-234.726828052976,-605151.601616926)
(-273106.788647143,-2710.54539304549,-1224182.02509684)
(0,0,0)
(0,0,0)
(0,0,0)
(0,0,0)
(0,0,0)
(0,0,0)
(-580420.331745033,-12545.9752883699,-3061.39900349491)
(-578593.161471937,-13704.6441803203,-13440.3894705022)
(-571203.243921475,-15462.9492222539,-42864.9994801855)
(-547922.531895666,-16412.5331084281,-112894.25900881)
(-483714.879567806,-14340.8818793625,-257656.877426299)
(-325550.794259976,-7588.46753891279,-485677.891587243)
(-5.08753358967019e-07,-7.41853066223594e-06,-7.89192323804676e-05)
(-7.10362356280217e-05,-2.31859193254162e-05,3.08102858700477e-06)
(318.944689362454,-219.415033487896,-607468.126599503)
(-260322.669427216,-10182.8916804219,-1221415.31877245)
(0,0,0)
(0,0,0)
(0,0,0)
(0,0,0)
(0,0,0)
(0,0,0)
(-655674.37564805,-147955.806547481,-4162.67649850212)
(-652753.972781882,-147424.545958307,-15073.8051964132)
(-642894.886523344,-144642.39676226,-43689.5983554788)
(-614874.035591404,-135213.716983385,-110718.491932803)
(-541323.993393838,-110855.307388246,-250797.663776024)
(-363706.289730597,-62018.1495051215,-477948.284732426)
(-1.09901279496451e-05,-0.000123690401815193,-9.28129004515142e-05)
(-0.000122784098046379,2.69258179058002e-06,3.58757106684047e-06)
(484.697989774602,-36645.9065015236,-617260.205421246)
(-280023.356294479,-53793.5952410886,-1211131.88015414)
(0,0,0)
(0,0,0)
(0,0,0)
(0,0,0)
(0,0,0)
(0,0,0)
(-715221.285487451,-412319.103548059,-3575.54207258882)
(-712130.049148458,-410865.461889235,-12223.7907423062)
(-702219.184048848,-405553.234192074,-34239.55972574)
(-674766.838227592,-389442.705575771,-86327.8419276257)
(-601974.357327463,-344852.888090832,-201865.280856223)
(-416624.937770364,-230653.789057237,-415676.148407071)
(-0.000147002432963768,8.59662092328925e-06,8.56358399058993e-06)
(348.14369827319,-31540.5454396273,-36519.8787926638)
(-365116.868295407,-209221.399370794,-634235.200897114)
(-367336.344764323,-157710.181534758,-1157205.18224025)
(0,0,0)
(0,0,0)
(0,0,0)
(0,0,0)
(0,0,0)
(0,0,0)
(-696699.987840269,-841374.199342181,-2086.10641671231)
(-694299.254992345,-840094.18850463,-6872.19585314495)
(-686794.860659644,-835896.191100294,-18107.2988867263)
(-666493.011283656,-824598.036638734,-41734.1941218142)
(-612352.693555287,-797416.396452416,-87680.0017981834)
(-462454.759028123,-737326.760842405,-185028.356467161)
(533.566233803229,-600959.636695783,-31288.3741357965)
(-370906.525684117,-633055.649068107,-214060.565330255)
(-501448.885714761,-581094.552935661,-582639.335132778)
(-391540.690590134,-367046.343753398,-999453.399564137)
(0,0,0)
(0,0,0)
(0,0,0)
(0,0,0)
(0,0,0)
(0,0,0)
(-487839.533638282,-1325594.0674065,-830.297931182234)
(-486606.447475728,-1324751.49280787,-2662.48197282548)
(-482844.978826259,-1322101.58657432,-6687.13164828951)
(-473268.918292243,-1315505.07772552,-14367.8316841907)
(-450320.612599841,-1301354.46186373,-27445.5067755997)
(-399809.293375587,-1274109.53254174,-48489.0619808382)
(-315009.587672664,-1225820.5937003,-63176.2395708212)
(-377813.947942315,-1162772.99672981,-161992.555687373)
(-394024.656381134,-1000823.49724435,-368511.824594143)
(-286694.987692738,-632333.142746724,-632357.869804648)
(0,0,0)
(0,0,0)
(0,0,0)
(0,0,0)
(0,0,0)
(0,0,0)
(0,0,0)
(0,0,0)
(0,0,0)
(0,0,0)
(0,0,0)
(0,0,0)
(0,0,0)
(0,0,0)
(0,0,0)
(0,0,0)
(0,0,0)
(0,0,0)
(0,0,0)
(0,0,0)
(0,0,0)
(0,0,0)
(0,0,0)
(0,0,0)
(0,0,0)
(0,0,0)
(0,0,0)
(0,0,0)
(0,0,0)
(0,0,0)
(0,0,0)
(0,0,0)
(0,0,0)
(0,0,0)
(0,0,0)
(0,0,0)
(0,0,0)
(0,0,0)
(0,0,0)
(0,0,0)
(0,0,0)
(0,0,0)
(0,0,0)
(0,0,0)
(0,0,0)
(0,0,0)
(0,0,0)
(0,0,0)
(0,0,0)
(0,0,0)
(0,0,0)
(0,0,0)
(0,0,0)
(0,0,0)
(0,0,0)
(0,0,0)
(0,0,0)
(0,0,0)
(0,0,0)
(0,0,0)
(0,0,0)
(0,0,0)
(0,0,0)
(0,0,0)
(0,0,0)
(0,0,0)
(0,0,0)
(0,0,0)
(0,0,0)
(0,0,0)
(0,0,0)
(0,0,0)
(0,0,0)
(0,0,0)
(0,0,0)
(0,0,0)
(0,0,0)
(0,0,0)
(0,0,0)
(0,0,0)
(0,0,0)
(0,0,0)
(0,0,0)
(0,0,0)
(0,0,0)
(0,0,0)
(0,0,0)
(0,0,0)
(0,0,0)
(0,0,0)
(0,0,0)
(0,0,0)
(0,0,0)
(0,0,0)
(0,0,0)
(0,0,0)
(0,0,0)
(0,0,0)
(0,0,0)
(0,0,0)
(0,0,0)
(0,0,0)
(-419803.370770003,10106.7902424807,6703.25065571136)
(-423783.294201583,9135.37223740436,10924.8726750709)
(-431561.630344019,6960.92776655988,9480.7751601882)
(-442538.740142211,3228.74838548447,-2580.51636847669)
(-455775.795105689,-2544.06373334189,-32894.7723328938)
(-469361.118173935,-10040.996947156,-93194.9145850631)
(-479416.177328601,-15383.5795503885,-201110.607086059)
(-474916.042005839,-6500.38614672354,-381354.274357109)
(-418954.765518365,2249.16842915204,-620575.099730271)
(-262926.166632657,3059.96722285358,-827206.789203607)
(0,0,0)
(0,0,0)
(0,0,0)
(0,0,0)
(0,0,0)
(0,0,0)
(-425775.019645345,17775.9141446796,5743.15713125904)
(-428806.162131659,15994.1063155042,8814.7361668668)
(-434265.427462848,11955.7696523715,5826.98555781281)
(-440562.16679212,4710.96891284181,-8264.00003595503)
(-445010.381442353,-7637.50392006507,-40370.4789032399)
(-444106.07259331,-27113.4399714431,-98552.6943243335)
(-437463.950787087,-48415.8541273195,-192231.186783181)
(-434953.079528726,-11011.6746036833,-372549.814193728)
(-394375.593410444,15348.3158408403,-619750.001536499)
(-252212.016104963,11671.1027722436,-830283.031192783)
(0,0,0)
(0,0,0)
(0,0,0)
(0,0,0)
(0,0,0)
(0,0,0)
(-438171.33168239,19537.123977443,3995.04351719581)
(-439432.833531909,17371.7799970649,4887.8492736634)
(-440416.262308351,12423.6911072256,-1320.93315473307)
(-437126.563714029,3156.68958107897,-20488.7146558134)
(-421730.827500869,-14380.7465698824,-59789.7134938737)
(-381739.840766013,-50639.2757509666,-119795.313210595)
(-313497.268094421,-135823.659664265,-154746.766359643)
(-317199.939021452,18598.1782298424,-346078.425928857)
(-331289.252962723,74151.1195253809,-623393.307581859)
(-227370.24529351,35005.6243432184,-841962.199681949)
(0,0,0)
(0,0,0)
(0,0,0)
(0,0,0)
(0,0,0)
(0,0,0)
(-457572.034338547,9639.96950980295,1841.97772295486)
(-456578.951507054,7745.99886833718,12.5097223318018)
(-451764.071399692,3596.508295142,-10486.1440138496)
(-435526.590853676,-3448.81881141033,-37856.4330368185)
(-390445.281031123,-13930.1101647541,-95883.3367334424)
(-276242.374845073,-23557.476062567,-204757.261520565)
(-3.60789589689811e-05,-6.27423676365333e-06,-2.75615581110894e-06)
(391.282682984025,239.761290252536,-290334.345940884)
(-202668.217664561,290511.627754594,-662436.921499322)
(-185191.641044337,74406.9038131897,-876863.408625951)
(0,0,0)
(0,0,0)
(0,0,0)
(0,0,0)
(0,0,0)
(0,0,0)
(-483623.224118359,-21428.1681846744,-63.3877278664292)
(-480538.77398235,-22495.2086898739,-4089.23003318868)
(-470525.987673599,-24452.8589939882,-17443.4607618999)
(-443721.766913302,-26567.469709032,-48204.7083743955)
(-379576.714023168,-26989.719514277,-105350.494321442)
(-242408.745876914,-21026.1344174391,-181022.141663259)
(5.81378490869411e-06,-2.26846618302011e-07,-7.94345227274333e-06)
(-8.55941268588857e-05,-2.86953750047226e-06,-1.50539142825798e-05)
(391.445778534234,-23.3134589477688,-878465.624753276)
(-136122.62164761,10085.6188069267,-951128.506746535)
(0,0,0)
(0,0,0)
(0,0,0)
(0,0,0)
(0,0,0)
(0,0,0)
(-512732.889543632,-87955.1577218999,-1160.45266417901)
(-508245.671886896,-88013.9875307964,-5989.16340830028)
(-494920.078217696,-87255.3823158267,-19469.8057902457)
(-461981.537390911,-83409.7544935724,-48568.515510462)
(-388033.616979992,-71958.2690030849,-99281.2286094671)
(-240270.203926105,-45751.4772341719,-159836.476126608)
(4.0259203491178e-07,-2.99341037219028e-06,-1.46598559741678e-11)
(-5.99903878891493e-05,-2.49396718139955e-06,-1.14214327178003e-05)
(284.44217642458,-105.747907009141,-868294.225161512)
(-127465.177134324,-29895.6116039345,-961170.487043542)
(0,0,0)
(0,0,0)
(0,0,0)
(0,0,0)
(0,0,0)
(0,0,0)
(-534783.719551012,-207661.30745642,-1184.50636253055)
(-529837.30908694,-206957.343919004,-5157.81366926426)
(-515645.552440167,-204098.084746425,-15564.4453218404)
(-481530.049539727,-195239.224436572,-37078.9614305159)
(-405790.55456951,-171581.816672133,-72988.8525857974)
(-253467.844009612,-115025.187224087,-113953.588316863)
(-7.91552491768921e-06,-7.5183197078135e-06,-1.73362881153819e-11)
(-0.000104391998727908,-4.06122234152117e-06,-1.68248614946363e-05)
(133.677549785486,-402431.198298269,-897998.501402638)
(-135515.388493195,-141176.620530615,-931225.460277267)
(0,0,0)
(0,0,0)
(0,0,0)
(0,0,0)
(0,0,0)
(0,0,0)
(-528530.324704616,-393922.03996542,-430.228273830989)
(-524106.106601441,-393138.996779959,-2272.51795988751)
(-511650.002597109,-390219.31338097,-6720.47077708199)
(-482012.020830275,-381277.388478773,-13437.1241321987)
(-415297.508051496,-355359.870839755,-16335.9192405444)
(-272544.239252576,-276726.668306463,1284.86332404625)
(-0.0001301825161884,-1.89566600764501e-05,-5.60157235346187e-06)
(356.236198635443,-403093.93471836,-402206.981427266)
(-187363.355405314,-345750.78392915,-636640.90868647)
(-173150.658327439,-182010.681926543,-789992.533727415)
(0,0,0)
(0,0,0)
(0,0,0)
(0,0,0)
(0,0,0)
(0,0,0)
(-458318.549132789,-632662.563390418,359.08471752254)
(-455172.95456774,-632550.761484053,644.548997002491)
(-446529.244043818,-632085.512661131,2245.13166133036)
(-426519.517179305,-631510.987678949,12505.2367571699)
(-382003.995223922,-635550.872857343,62347.5404433907)
(-279999.248015114,-674920.295971136,278085.657095048)
(746.043997593921,-916832.307069735,-402820.587078599)
(-191880.62859422,-640226.590778374,-344713.828108473)
(-245172.347426452,-473876.931991443,-472864.218334488)
(-176099.262503487,-262312.392811889,-608003.935535807)
(0,0,0)
(0,0,0)
(0,0,0)
(0,0,0)
(0,0,0)
(0,0,0)
(-283074.366725711,-837870.374816333,442.644513350108)
(-281511.196705321,-838306.569112229,1103.20137112012)
(-277313.428203357,-839436.137567215,2922.27565429958)
(-268044.591566834,-842453.626575949,8640.58782588381)
(-249095.362712027,-851284.323481785,23148.7885625197)
(-213348.73847934,-874595.01411964,36362.9518147714)
(-158329.931236398,-911123.812263773,-126025.199427456)
(-180583.565648708,-785219.22683352,-178262.945665917)
(-177926.149074451,-607003.267306951,-261235.117657089)
(-118801.152945657,-345764.974267107,-345676.370948954)
(0,0,0)
(0,0,0)
(0,0,0)
(0,0,0)
(0,0,0)
(0,0,0)
(0,0,0)
(0,0,0)
(0,0,0)
(0,0,0)
(0,0,0)
(0,0,0)
(0,0,0)
(0,0,0)
(0,0,0)
(0,0,0)
(0,0,0)
(0,0,0)
(0,0,0)
(0,0,0)
(0,0,0)
(0,0,0)
(0,0,0)
(0,0,0)
(0,0,0)
(0,0,0)
(0,0,0)
(0,0,0)
(0,0,0)
(0,0,0)
(0,0,0)
(0,0,0)
(0,0,0)
(0,0,0)
(0,0,0)
(0,0,0)
(0,0,0)
(0,0,0)
(0,0,0)
(0,0,0)
(0,0,0)
(0,0,0)
(0,0,0)
(0,0,0)
(0,0,0)
(0,0,0)
(0,0,0)
(0,0,0)
(0,0,0)
(0,0,0)
(0,0,0)
(0,0,0)
(0,0,0)
(0,0,0)
(0,0,0)
(0,0,0)
(0,0,0)
(0,0,0)
(0,0,0)
(0,0,0)
(0,0,0)
(0,0,0)
(0,0,0)
(0,0,0)
(0,0,0)
(0,0,0)
(0,0,0)
(0,0,0)
(0,0,0)
(0,0,0)
(0,0,0)
(0,0,0)
(0,0,0)
(0,0,0)
(0,0,0)
(0,0,0)
(0,0,0)
(0,0,0)
(0,0,0)
(0,0,0)
(0,0,0)
(0,0,0)
(0,0,0)
(0,0,0)
(0,0,0)
(0,0,0)
(0,0,0)
(0,0,0)
(0,0,0)
(0,0,0)
(0,0,0)
(0,0,0)
(0,0,0)
(0,0,0)
(0,0,0)
(0,0,0)
(0,0,0)
(0,0,0)
(0,0,0)
(0,0,0)
(0,0,0)
(0,0,0)
(-426573.043078398,4048.53004935614,2721.14225903033)
(-428247.822800028,4023.53275275781,3162.13810471472)
(-430983.394398054,4186.2812228955,-1602.37906414358)
(-433397.86367771,5188.74040910577,-15931.995937747)
(-433412.945252069,8245.69458250797,-46540.5403738753)
(-427920.113413076,15260.9199861857,-103242.465120921)
(-412665.712523526,26621.3504707725,-196614.280396761)
(-379775.364897905,33532.6978660417,-325287.655370735)
(-306691.920680719,26876.7225430711,-464427.222751456)
(-177009.990798452,13792.4337852624,-564135.83237091)
(0,0,0)
(0,0,0)
(0,0,0)
(0,0,0)
(0,0,0)
(0,0,0)
(-429646.945381206,5218.70792137536,2701.7478638399)
(-430668.734906096,5216.03002339313,3371.82336764188)
(-431846.658567336,5673.35776869867,-534.022073680357)
(-431197.007437756,8067.64642256948,-12778.0874415079)
(-425719.358351831,15642.2202837828,-39465.6362333071)
(-411798.764680565,35334.8119508614,-91846.8361107347)
(-388711.78028583,75693.4334136906,-189671.089554921)
(-366057.451549565,106858.326869076,-331892.346537128)
(-300368.213308268,78487.8687675074,-477510.872863742)
(-174475.877056312,36527.0531703334,-577981.631297457)
(0,0,0)
(0,0,0)
(0,0,0)
(0,0,0)
(0,0,0)
(0,0,0)
(-435658.94531697,-24.6459593192645,2730.96751527162)
(-435481.996973711,60.8935426077988,3935.26743785357)
(-433655.599761115,899.072692116022,1948.88996719862)
(-426671.375269741,4645.79709610725,-5084.44915062656)
(-408392.651196081,16924.3704836551,-19704.7756552899)
(-369719.752949187,55020.5198110497,-51410.571332302)
(-308804.619942622,178041.832684254,-158451.618754672)
(-344973.155964401,336361.235295044,-360181.310237693)
(-296367.571742814,202834.298894123,-519449.4215842)
(-172909.412491161,77183.1882067155,-614566.389422938)
(0,0,0)
(0,0,0)
(0,0,0)
(0,0,0)
(0,0,0)
(0,0,0)
(-443939.663834629,-16503.1447741908,2846.12831095383)
(-442240.514185312,-16308.2736868481,4876.85821866411)
(-436500.440226088,-15262.9092545455,5775.20899172011)
(-420746.430259306,-11684.1974464086,7325.04293986877)
(-381689.782371029,-3046.91450224058,18540.8292656785)
(-284804.819650623,10325.3191266405,71798.4747556386)
(-2.76778374300188e-05,1.13472159935701e-05,-1.53394763231213e-05)
(-400130.620891286,57.5434455069083,-493601.064980565)
(-342028.708487601,493644.849407722,-645051.124671112)
(-184792.311952319,123481.567487277,-691748.833043688)
(0,0,0)
(0,0,0)
(0,0,0)
(0,0,0)
(0,0,0)
(0,0,0)
(-452525.982580148,-50659.5036203994,3059.11730799052)
(-449454.258469514,-50306.4183878318,5972.74649614485)
(-440280.932268459,-48926.9337477592,9391.71558422107)
(-417213.337322471,-44828.671238839,16027.7597858249)
(-363212.197419238,-35411.4252028922,32027.7538825383)
(-242816.482511385,-18862.3854022075,61623.1950458572)
(1.3536791633312e-05,2.18462967914038e-06,2.65893616634448e-06)
(-5.92221867746711e-05,4.72222557955664e-06,-2.79134348541189e-05)
(-623584.828768624,-144.993433340624,-1015167.70083981)
(-231398.322302811,18727.321045936,-815137.753743257)
(0,0,0)
(0,0,0)
(0,0,0)
(0,0,0)
(0,0,0)
(0,0,0)
(-456580.451769374,-110201.231165264,3389.28977060917)
(-452761.370603273,-109771.343258653,7369.91335781519)
(-441879.688803565,-108103.118105741,13505.7083016669)
(-415747.363608486,-103005.734079932,25448.5973603351)
(-356928.294995904,-89725.7942532514,48657.6444266088)
(-232143.030653281,-58968.3551902796,80636.4409418568)
(2.42131413438e-06,1.49772125529063e-06,1.12872049318515e-12)
(-4.22791596100292e-05,8.17460250887824e-06,-2.11636040797214e-05)
(-590541.616522205,-342.287991642736,-996233.605923661)
(-233187.701565809,-37979.2090212515,-833804.55142498)
(0,0,0)
(0,0,0)
(0,0,0)
(0,0,0)
(0,0,0)
(0,0,0)
(-447203.384118268,-201604.229726503,3822.6631285061)
(-443435.210869179,-201416.290561859,9065.51221394603)
(-433022.47272937,-200262.480154412,18601.7945518172)
(-408793.373648287,-195865.428704668,38724.8132851117)
(-355078.957907876,-181193.652189954,79481.0745601846)
(-238459.541687429,-134214.52651001,139718.943557727)
(-3.60641871408526e-06,-9.08484133139903e-07,-1.25334629038186e-12)
(-5.79491033272304e-05,-8.35994346625555e-06,-2.99083506788905e-05)
(-647067.088791047,-590112.710277956,-1033810.76108066)
(-232606.949978945,-178893.521134651,-795804.887481508)
(0,0,0)
(0,0,0)
(0,0,0)
(0,0,0)
(0,0,0)
(0,0,0)
(-410304.797597483,-323872.027533678,4042.27070004696)
(-407314.79268091,-324390.497453977,10225.1636716398)
(-399413.83792397,-325265.997424638,22992.5162687262)
(-382304.890448134,-325970.606857672,53390.5640395854)
(-347368.044383721,-322293.338574365,126560.786756217)
(-269825.724954719,-284530.496464764,274158.242413113)
(-7.84538513359963e-05,-3.65643768090656e-05,-1.26761625207404e-05)
(-476243.88333864,-595716.046934594,-590109.712076333)
(-341186.161630323,-403794.106234756,-622605.509894526)
(-172629.929111804,-185075.42487928,-616944.335365533)
(0,0,0)
(0,0,0)
(0,0,0)
(0,0,0)
(0,0,0)
(0,0,0)
(-328097.670871925,-457622.151821553,3529.24602700494)
(-326224.948721388,-459130.55154399,9321.29427066659)
(-321724.178862867,-463085.261944128,22335.493609204)
(-314078.792430334,-473227.936046118,57152.0980486768)
(-308781.866870297,-502845.759671115,164482.390791802)
(-350478.357272371,-608550.267640655,558981.271224939)
(-724788.217510243,-1076300.53380717,-595520.488953303)
(-355754.357192401,-629269.195915883,-398093.611373825)
(-236282.41664963,-406879.918778708,-403897.72960671)
(-127989.785144844,-205134.916993365,-431947.714851262)
(0,0,0)
(0,0,0)
(0,0,0)
(0,0,0)
(0,0,0)
(0,0,0)
(-187805.411572568,-554916.896335217,2025.78936052406)
(-186950.533939719,-556989.262582575,5323.83763350996)
(-184998.920578253,-562322.163722852,12246.2317871283)
(-182070.83913717,-574631.905083864,27676.4483952112)
(-180811.030729797,-602434.908501792,58981.2652436507)
(-192825.556640633,-661534.087962848,91441.903727146)
(-241775.026201783,-753088.667462769,-148324.867651872)
(-177658.961217281,-604878.538841249,-175640.129157938)
(-129068.492562197,-429246.113666697,-202131.5907822)
(-72184.6321244517,-227036.771150993,-226846.257445775)
(0,0,0)
(0,0,0)
(0,0,0)
(0,0,0)
(0,0,0)
(0,0,0)
(0,0,0)
(0,0,0)
(0,0,0)
(0,0,0)
(0,0,0)
(0,0,0)
(0,0,0)
(0,0,0)
(0,0,0)
(0,0,0)
(0,0,0)
(0,0,0)
(0,0,0)
(0,0,0)
(0,0,0)
(0,0,0)
(0,0,0)
(0,0,0)
(0,0,0)
(0,0,0)
(0,0,0)
(0,0,0)
(0,0,0)
(0,0,0)
(0,0,0)
(0,0,0)
(0,0,0)
(0,0,0)
(0,0,0)
(0,0,0)
(0,0,0)
(0,0,0)
(0,0,0)
(0,0,0)
(0,0,0)
(0,0,0)
(0,0,0)
(0,0,0)
(0,0,0)
(0,0,0)
(0,0,0)
(0,0,0)
(0,0,0)
(0,0,0)
(0,0,0)
(0,0,0)
(0,0,0)
(0,0,0)
(0,0,0)
(0,0,0)
(0,0,0)
(0,0,0)
(0,0,0)
(0,0,0)
(0,0,0)
(0,0,0)
(0,0,0)
(0,0,0)
(0,0,0)
(0,0,0)
(0,0,0)
(0,0,0)
(0,0,0)
(0,0,0)
(0,0,0)
(0,0,0)
(0,0,0)
(0,0,0)
(0,0,0)
(0,0,0)
(0,0,0)
(0,0,0)
(0,0,0)
(0,0,0)
(0,0,0)
(0,0,0)
(0,0,0)
(0,0,0)
(0,0,0)
(0,0,0)
(0,0,0)
(0,0,0)
(0,0,0)
(0,0,0)
(0,0,0)
(0,0,0)
(0,0,0)
(0,0,0)
(0,0,0)
(0,0,0)
(0,0,0)
(0,0,0)
(0,0,0)
(0,0,0)
(0,0,0)
(0,0,0)
(-428497.058778823,843.818637480271,1080.19706294957)
(-429097.240192782,1478.01114448233,451.603311219905)
(-429664.465884862,3215.61276031041,-4082.93796228664)
(-428795.358049895,7315.80947099217,-16001.2530610942)
(-424252.853240806,15921.3104660056,-41082.6555383616)
(-412432.746620903,31397.3311048743,-87967.353435411)
(-387438.232721853,50593.0324634532,-163787.865700539)
(-338738.397347127,47292.8271024809,-252117.660353794)
(-257400.911024933,33229.351912727,-334638.021922311)
(-140929.854847461,16329.423656163,-387047.58152946)
(0,0,0)
(0,0,0)
(0,0,0)
(0,0,0)
(0,0,0)
(0,0,0)
(-429563.034128531,-944.057305947365,1703.96469074973)
(-429982.404259427,272.00630616563,2223.63888239879)
(-430230.204186453,3749.27528157139,73.5219802581078)
(-428996.917833511,12497.4808379998,-7308.23899099819)
(-424519.781071054,32929.9063450671,-25516.4121508332)
(-414678.61829027,77442.5952978539,-68681.8227341037)
(-395450.903897361,155687.643603743,-167037.310262865)
(-347631.754237887,128016.627730412,-266186.80820246)
(-264270.590916514,82514.0501120503,-351569.12879354)
(-144385.760683326,38094.667065728,-403424.488576095)
(0,0,0)
(0,0,0)
(0,0,0)
(0,0,0)
(0,0,0)
(0,0,0)
(-431148.185658625,-8404.31162337701,2949.49465908539)
(-431265.445778114,-6814.01569440289,5818.96546405448)
(-430901.880462256,-2090.9787173697,8905.50016414119)
(-428940.803429144,10460.7874670972,13211.6216944516)
(-424945.659774708,43626.2637789887,19068.2728391591)
(-422905.115470293,140038.671496329,9657.5591617909)
(-435853.28250489,487065.265698977,-194671.400371164)
(-381254.681710847,281302.666793783,-311675.913688085)
(-286732.010681861,157227.923845021,-396025.348482007)
(-154524.435862137,65326.4528984452,-441642.11094375)
(0,0,0)
(0,0,0)
(0,0,0)
(0,0,0)
(0,0,0)
(0,0,0)
(-431869.399785023,-25053.8309835012,4579.25531052111)
(-431602.707358136,-23530.9536206236,10658.3864095746)
(-430361.462492714,-19088.5616398338,21516.9915986671)
(-427033.777516789,-8176.02214892697,46441.1484721678)
(-422658.871216517,15451.5583382551,115584.942758386)
(-438412.608072287,52369.6375539893,356861.765122385)
(-646916.711624554,-1.10963796361017,-400327.578458325)
(-483781.902695639,400297.147172656,-435670.777032844)
(-344667.773424878,212118.698961986,-487922.487212546)
(-177201.206480004,76875.6363015496,-507062.77608795)
(0,0,0)
(0,0,0)
(0,0,0)
(0,0,0)
(0,0,0)
(0,0,0)
(-428973.931485713,-54738.8248106827,6132.94273275035)
(-428328.765199061,-53665.8091287092,15142.3049703782)
(-426076.316342364,-50585.9863634572,32435.1137679003)
(-419636.100819548,-43390.5387376497,70072.3938536937)
(-401101.168287668,-29156.1827055767,152569.105765966)
(-334262.899763298,-8223.57217787444,304608.732749737)
(-4.20967740729535e-05,2.31968819013292e-05,3.68572761163387e-05)
(-639607.735458806,-178.824607134815,-623771.989947328)
(-444919.068350798,32830.0642829889,-623149.115686157)
(-210612.873089217,16884.3928833768,-583943.321481568)
(0,0,0)
(0,0,0)
(0,0,0)
(0,0,0)
(0,0,0)
(0,0,0)
(-417614.748551356,-100932.957958599,7228.42992989715)
(-416871.393990107,-100569.401429185,18242.0456172066)
(-414465.946123593,-99371.8567606568,39614.1733344372)
(-407678.430196498,-96125.5385386895,84280.2397234888)
(-387423.598441304,-87932.2166885054,173551.577151815)
(-314370.854534698,-65355.3999129241,312911.228768279)
(-3.21435817456417e-05,3.56037195998988e-05,2.66549300987208e-05)
(-601190.640289073,-279.86967475096,-590616.36203524)
(-452310.918370918,-56987.5313474138,-639029.464556112)
(-217073.876402821,-37467.4537124263,-600791.443123301)
(0,0,0)
(0,0,0)
(0,0,0)
(0,0,0)
(0,0,0)
(0,0,0)
(-390940.302893593,-164828.5307489,7632.49156561814)
(-390442.707285768,-165423.361487611,19493.9480406291)
(-388953.290218927,-166788.486407488,42841.3951770178)
(-385056.144215712,-169484.815715014,92463.4429207603)
(-373198.083464517,-173547.164171967,196197.515960858)
(-320251.313984323,-165660.216053503,378294.104398338)
(-4.34653277041805e-05,4.63261486716857e-05,3.4207784009844e-05)
(-662016.603327837,-476288.632740384,-647160.021552817)
(-447446.052094923,-284293.176124991,-619475.413471359)
(-207248.081438049,-118970.153765827,-563331.581958857)
(0,0,0)
(0,0,0)
(0,0,0)
(0,0,0)
(0,0,0)
(0,0,0)
(-340420.39893633,-241804.64184858,7091.71243852351)
(-340362.935515944,-243460.238259472,18176.7320454185)
(-340451.236964362,-247734.563581244,40160.2082595606)
(-342160.563177218,-257892.199220273,88423.2644939026)
(-352870.757347663,-283848.008882929,204226.822168812)
(-410073.415915099,-365371.984376394,544186.281452093)
(-740767.500827297,-725005.910341601,-476248.378507712)
(-498263.984653465,-475391.710434132,-455125.199499138)
(-327428.767110679,-298993.02502322,-454182.745120543)
(-160831.470615049,-140499.823276803,-444451.53410633)
(0,0,0)
(0,0,0)
(0,0,0)
(0,0,0)
(0,0,0)
(0,0,0)
(-257879.83759496,-317468.205565926,5445.73044038304)
(-258113.028109356,-320007.026673515,13880.5982423911)
(-259105.343478814,-326514.746346346,30041.9456234459)
(-263112.378476723,-341366.639543685,62549.9719932509)
(-277973.765680053,-374996.426793622,122890.288713699)
(-326691.49190677,-451047.771786976,184779.210758683)
(-445024.364956893,-593492.939688162,-226497.612448101)
(-327641.065364278,-451342.421209011,-278660.193501355)
(-218440.209251964,-299786.078338982,-295709.347583253)
(-110752.187773171,-149391.075647916,-304055.6925838)
(0,0,0)
(0,0,0)
(0,0,0)
(0,0,0)
(0,0,0)
(0,0,0)
(-141000.184082174,-367180.03785277,2906.60479644981)
(-141210.295946938,-370155.832767958,7315.17289811142)
(-141957.828488574,-377471.494348649,15230.8288107296)
(-144478.198751018,-392749.195033988,29020.7439148809)
(-152026.003339162,-421796.618358364,47035.9080889953)
(-170467.662060008,-468895.507616537,42525.7493379352)
(-196977.483404095,-511518.877125607,-84245.8560223166)
(-158813.837353747,-427354.643857258,-127078.757237603)
(-110359.630774762,-300262.431162543,-145311.266201481)
(-57299.1849907352,-154880.209401274,-154707.579581844)
(0,0,0)
(0,0,0)
(0,0,0)
(0,0,0)
(0,0,0)
(0,0,0)
(0,0,0)
(0,0,0)
(0,0,0)
(0,0,0)
(0,0,0)
(0,0,0)
(0,0,0)
(0,0,0)
(0,0,0)
(0,0,0)
(0,0,0)
(0,0,0)
(0,0,0)
(0,0,0)
(0,0,0)
(0,0,0)
(0,0,0)
(0,0,0)
(0,0,0)
(0,0,0)
(0,0,0)
(0,0,0)
(0,0,0)
(0,0,0)
(0,0,0)
(0,0,0)
(0,0,0)
(0,0,0)
(0,0,0)
(0,0,0)
(0,0,0)
(0,0,0)
(0,0,0)
(0,0,0)
(0,0,0)
(0,0,0)
(0,0,0)
(0,0,0)
(0,0,0)
(0,0,0)
(0,0,0)
(0,0,0)
(0,0,0)
(0,0,0)
(0,0,0)
(0,0,0)
(0,0,0)
(0,0,0)
(0,0,0)
(0,0,0)
(0,0,0)
(0,0,0)
(0,0,0)
(0,0,0)
(0,0,0)
(0,0,0)
(0,0,0)
(0,0,0)
(0,0,0)
(0,0,0)
(0,0,0)
(0,0,0)
(0,0,0)
(0,0,0)
(0,0,0)
(0,0,0)
(0,0,0)
(0,0,0)
(0,0,0)
(0,0,0)
(0,0,0)
(0,0,0)
(0,0,0)
(0,0,0)
(0,0,0)
(0,0,0)
(0,0,0)
(0,0,0)
(0,0,0)
(0,0,0)
(0,0,0)
(0,0,0)
(0,0,0)
(0,0,0)
(0,0,0)
(0,0,0)
(0,0,0)
(0,0,0)
(0,0,0)
(0,0,0)
(0,0,0)
(0,0,0)
(0,0,0)
(0,0,0)
(0,0,0)
(0,0,0)
(-428670.923713831,-347.439215501946,521.304150504085)
(-428977.228788362,468.161205387125,-66.8684593027253)
(-429042.302888286,2522.71959438319,-3211.75105025467)
(-427525.648893476,6990.50602542485,-11471.9662321068)
(-421988.962665236,15583.4561875693,-29319.3129952483)
(-407920.354362967,29144.8048030534,-62976.5100562313)
(-377811.493753379,42591.2485842346,-115194.497608939)
(-321535.472648923,38460.5112347427,-170857.933541881)
(-236487.257317058,26436.9476345369,-218208.534884295)
(-125970.960636776,12927.9684827715,-246095.397577751)
(0,0,0)
(0,0,0)
(0,0,0)
(0,0,0)
(0,0,0)
(0,0,0)
(-428534.043871364,-2677.98193294347,1301.55246027494)
(-429122.391293988,-1133.04761766578,2042.74831788392)
(-429965.324894807,2949.13804426885,1351.4505763528)
(-430244.026440697,12402.1738058087,-2813.10859684197)
(-428435.311895673,32381.5212786068,-15695.6428632628)
(-420943.546027835,69154.0126042142,-49439.9229268637)
(-398293.835070551,115278.334264012,-119284.077433448)
(-339968.90803384,94424.7910605188,-182911.203463278)
(-249096.664381235,60101.0968463796,-231749.279210393)
(-132126.444189074,27982.5872717391,-259063.214493619)
(0,0,0)
(0,0,0)
(0,0,0)
(0,0,0)
(0,0,0)
(0,0,0)
(-427514.611757797,-9165.42249122793,2853.8666574567)
(-428641.67495731,-7167.1908545061,6264.23907349439)
(-431026.115446772,-1594.60313582152,10932.2152380996)
(-435139.266461361,12282.5165374463,17250.3355386738)
(-442315.694960205,45834.2280266219,21167.6639761537)
(-453875.132485462,124491.621925602,-3199.92833006458)
(-459707.776837161,276021.603491135,-140088.703224917)
(-388497.015462223,178829.69180916,-217251.270222194)
(-279340.6292305,99375.6882260711,-263917.243053247)
(-146010.615636213,42727.8167335161,-287176.292740943)
(0,0,0)
(0,0,0)
(0,0,0)
(0,0,0)
(0,0,0)
(0,0,0)
(-423866.447858229,-22048.675618085,4880.3012000638)
(-425682.25624636,-20160.5350824745,11953.1943162497)
(-430140.906482987,-14753.5888988258,24891.624069524)
(-439919.016538255,-803.556053163888,50862.9356816087)
(-462836.629364957,36941.1228289693,99933.7990276989)
(-518951.258805811,156468.760011088,148495.311675751)
(-632094.136922014,646873.818246732,-237179.477782391)
(-489940.648463361,244445.242536506,-296636.282742007)
(-333235.549281203,111860.62497732,-320553.443636938)
(-168557.89621375,43491.9918603789,-329960.929030056)
(0,0,0)
(0,0,0)
(0,0,0)
(0,0,0)
(0,0,0)
(0,0,0)
(-414431.423778793,-43381.2446123547,6790.06128734611)
(-416890.066680157,-42214.2761354675,17405.1038214383)
(-423328.803644938,-38985.0769444277,38889.079169618)
(-438709.10085186,-31485.2260226786,88643.7491714441)
(-479466.727333276,-15578.3453706413,219528.776416662)
(-608816.108090139,11556.439249355,638994.305505231)
(-1123772.44876981,-126.420614556612,-639552.976495162)
(-643696.096535477,38143.3338818725,-429162.706763846)
(-398666.789421075,25391.4673237141,-388945.828039961)
(-192973.926838896,10398.740542966,-373491.52297288)
(0,0,0)
(0,0,0)
(0,0,0)
(0,0,0)
(0,0,0)
(0,0,0)
(-394571.215909584,-74401.2927057081,7976.51545158462)
(-397485.484266972,-74277.4282343255,20653.7578273068)
(-405217.465712241,-73979.0131041993,46399.2135757263)
(-423685.874933276,-73626.4648572755,104547.897147101)
(-471291.350760382,-73845.5524766109,246682.856572146)
(-612094.822577073,-71392.1207119649,627355.384575851)
(-1100258.74863129,-294.919448690244,-601199.633795572)
(-661223.929090821,-61227.1285428409,-441795.882569089)
(-412640.437059499,-52185.9363695818,-403888.960187235)
(-198959.171579114,-27705.7295369916,-383899.194930979)
(0,0,0)
(0,0,0)
(0,0,0)
(0,0,0)
(0,0,0)
(0,0,0)
(-359012.965696539,-114473.098389067,8144.46848630734)
(-362081.367108064,-115509.614428226,21015.3145025049)
(-370207.829044602,-118470.508235263,46761.3484592405)
(-389464.049107911,-126791.159414228,104333.947908399)
(-438512.649384081,-153386.345954245,249189.307305593)
(-585376.508366224,-255583.272820668,698505.653796208)
(-1143804.10412237,-740676.108720424,-662023.192025674)
(-640070.407446354,-312523.610646613,-432672.905803395)
(-388646.966599136,-164279.697848573,-379378.229820198)
(-185514.263757857,-72594.9014647848,-356222.875572589)
(0,0,0)
(0,0,0)
(0,0,0)
(0,0,0)
(0,0,0)
(0,0,0)
(-302581.672612229,-159493.112108785,7181.28739561748)
(-305382.667693497,-161444.601306646,18136.006451588)
(-312650.359466895,-166635.702260103,38500.3229789624)
(-329134.769121759,-179088.249102154,77771.6186114289)
(-366411.587635976,-209149.970030062,147076.072975562)
(-449987.640224665,-282126.717186623,213533.741651077)
(-604818.526296739,-429318.817246591,-233772.524353309)
(-455388.585055973,-304800.533533048,-284371.001064374)
(-298377.206875018,-190014.971791635,-287687.287356981)
(-146965.904276138,-90441.8523165559,-283705.902844112)
(0,0,0)
(0,0,0)
(0,0,0)
(0,0,0)
(0,0,0)
(0,0,0)
(-221861.263188789,-200762.545991707,5250.85947675355)
(-223967.000305381,-203272.485809251,12932.7161753834)
(-229309.636830405,-209574.857172533,26076.1644394046)
(-240888.667722551,-222972.921036318,47737.1256193936)
(-264316.654225799,-249254.78037247,74184.8245075437)
(-306145.822266524,-294955.219947495,66467.6576281674)
(-353183.832764953,-345549.740921393,-109141.950888983)
(-289479.113084663,-282593.897684833,-169510.539016806)
(-198113.343287987,-191748.023511756,-188104.353260653)
(-99978.3283391184,-95957.8688223149,-193362.196188949)
(0,0,0)
(0,0,0)
(0,0,0)
(0,0,0)
(0,0,0)
(0,0,0)
(-118196.936323304,-226283.174093631,2717.38034305404)
(-119305.929650311,-229037.820043378,6578.3482805516)
(-122059.65283465,-235622.876407123,12728.1918612194)
(-127800.256026978,-248430.588651841,21507.9167527001)
(-138411.813628159,-269950.317620599,28589.2642898244)
(-154259.424489648,-298578.032183101,16003.8389550643)
(-165698.739793965,-314698.587782132,-46126.057794325)
(-140218.033198707,-268651.417889107,-78664.3417450916)
(-98483.6253327739,-189971.98761625,-92316.3830825862)
(-50485.0400724576,-97612.1575785061,-97476.2392446714)
(0,0,0)
(0,0,0)
(0,0,0)
(0,0,0)
(0,0,0)
(0,0,0)
(0,0,0)
(0,0,0)
(0,0,0)
(0,0,0)
(0,0,0)
(0,0,0)
(0,0,0)
(0,0,0)
(0,0,0)
(0,0,0)
(0,0,0)
(0,0,0)
(0,0,0)
(0,0,0)
(0,0,0)
(0,0,0)
(0,0,0)
(0,0,0)
(0,0,0)
(0,0,0)
(0,0,0)
(0,0,0)
(0,0,0)
(0,0,0)
(0,0,0)
(0,0,0)
(0,0,0)
(0,0,0)
(0,0,0)
(0,0,0)
(0,0,0)
(0,0,0)
(0,0,0)
(0,0,0)
(0,0,0)
(0,0,0)
(0,0,0)
(0,0,0)
(0,0,0)
(0,0,0)
(0,0,0)
(0,0,0)
(0,0,0)
(0,0,0)
(0,0,0)
(0,0,0)
(0,0,0)
(0,0,0)
(0,0,0)
(0,0,0)
(0,0,0)
(0,0,0)
(0,0,0)
(0,0,0)
(0,0,0)
(0,0,0)
(0,0,0)
(0,0,0)
(0,0,0)
(0,0,0)
(0,0,0)
(0,0,0)
(0,0,0)
(0,0,0)
(0,0,0)
(0,0,0)
(0,0,0)
(0,0,0)
(0,0,0)
(0,0,0)
(0,0,0)
(0,0,0)
(0,0,0)
(0,0,0)
(0,0,0)
(0,0,0)
(0,0,0)
(0,0,0)
(0,0,0)
(0,0,0)
(0,0,0)
(0,0,0)
(0,0,0)
(0,0,0)
(0,0,0)
(0,0,0)
(0,0,0)
(0,0,0)
(0,0,0)
(0,0,0)
(0,0,0)
(0,0,0)
(0,0,0)
(0,0,0)
(0,0,0)
(0,0,0)
(-428505.336652037,-416.505333096058,250.918271301546)
(-428801.85928347,113.748080345501,-38.1993139300803)
(-428866.995427198,1406.71707514341,-1620.22385016345)
(-427349.426644213,4087.36038184423,-5883.80648126939)
(-421607.978364428,8987.78219244457,-15252.5729745175)
(-406416.331786242,16046.87488419,-32803.470435435)
(-373678.671197217,22052.2167877785,-58988.5097793817)
(-314605.444161376,20024.7988517387,-85943.3371186731)
(-228472.583492575,13858.6669253366,-107816.677868487)
(-120401.868946172,6812.89105171344,-120198.660610811)
(0,0,0)
(0,0,0)
(0,0,0)
(0,0,0)
(0,0,0)
(0,0,0)
(-427811.453617091,-1902.84666147409,763.751074107295)
(-428652.793963459,-898.572764342793,1306.47458826915)
(-430068.402551769,1654.95625970449,1161.31306067126)
(-431324.862513836,7271.73799059393,-942.228474942874)
(-430511.888237358,18296.2727359194,-8174.14267673462)
(-422424.290244146,36093.1081171273,-26739.6316933549)
(-395757.333563021,53790.8243246713,-61014.7407377736)
(-334707.770096308,45901.0427897484,-92152.1226133181)
(-242402.105878228,29911.224887318,-114899.239078304)
(-127281.074491289,14139.2741880333,-127070.991912403)
(0,0,0)
(0,0,0)
(0,0,0)
(0,0,0)
(0,0,0)
(0,0,0)
(-425648.567253918,-5541.02006945173,1772.12890409658)
(-427487.85240632,-4243.14795299529,3962.88154176175)
(-431535.88571018,-764.312012557188,6891.9200774301)
(-438499.968302668,7391.54049279093,10132.8194165455)
(-448740.642106356,25183.2381127548,9670.80118586631)
(-458480.869358182,59328.6944878567,-8959.04831214527)
(-449592.628538047,103608.605448973,-68891.9777355627)
(-380725.605593048,77416.7076753226,-108179.052490306)
(-272443.387104899,45548.6534304288,-130713.723159027)
(-141518.420857667,20242.1941973929,-141308.837946931)
(0,0,0)
(0,0,0)
(0,0,0)
(0,0,0)
(0,0,0)
(0,0,0)
(-420032.687606896,-12450.0254529402,3075.24513215535)
(-423130.887274145,-11224.633466099,7505.36167304635)
(-430679.301622446,-7836.3686393,15115.8134392516)
(-445809.417608089,430.925794716947,27966.8292071547)
(-473836.939392467,20275.5785971548,43874.7987502644)
(-517745.603561843,66575.3334090183,35422.5045851309)
(-553212.62395503,155172.013199459,-95022.41613233)
(-458208.220994229,90668.4654631514,-140006.601389288)
(-318091.995433576,46413.3505582932,-156014.852364791)
(-161847.471269709,19089.6910446565,-161572.774156094)
(0,0,0)
(0,0,0)
(0,0,0)
(0,0,0)
(0,0,0)
(0,0,0)
(-407655.721149283,-23526.9431872496,4301.21510480272)
(-411940.338568542,-22795.5635430866,10922.4170701739)
(-422843.679994941,-20848.0363637139,23448.9611445966)
(-446213.121865509,-16481.6871398156,47865.5950927761)
(-494068.343175666,-7473.84956566582,90216.6390979841)
(-584284.599934537,8187.9265145941,124072.537836811)
(-708355.61758101,23308.4565660216,-159480.736718573)
(-548865.512183947,20571.5997655051,-184214.455372432)
(-364515.75632169,11414.3694359466,-183366.507349469)
(-180963.892123468,4419.02522617667,-180705.876246409)
(0,0,0)
(0,0,0)
(0,0,0)
(0,0,0)
(0,0,0)
(0,0,0)
(-384092.757758681,-39046.5036491312,5041.10231097811)
(-389106.290537965,-39027.5418532373,12893.8868921208)
(-401955.389321768,-39076.3651881928,27860.1393261215)
(-429694.713085999,-39515.7699067321,56903.0602457607)
(-486555.159401461,-41192.1789804768,105885.19830165)
(-592432.03683017,-44789.2999110281,139199.638980364)
(-731631.037490056,-43939.0939589562,-162180.521635896)
(-569434.498935226,-40109.867409255,-193288.484616727)
(-375973.643656995,-28205.2937776355,-190335.614805656)
(-185427.524555401,-14283.6782568146,-185164.558346385)
(0,0,0)
(0,0,0)
(0,0,0)
(0,0,0)
(0,0,0)
(0,0,0)
(-344841.304081097,-58295.4962765204,5077.33101194511)
(-349891.017548752,-59024.5195398935,12883.9591392917)
(-362730.135546677,-61123.9626950752,27453.8631482501)
(-390092.273801974,-66678.9528826673,55245.2708182488)
(-445290.774839275,-81480.9237795357,102312.141072501)
(-547581.91368078,-120333.92858133,140062.17505735)
(-687631.010938929,-201736.597017894,-158313.415067127)
(-529284.264270451,-127871.555787371,-181337.869864918)
(-347769.805035606,-74034.3958584515,-176385.929347629)
(-171175.252582181,-34085.1575910563,-170923.461189067)
(0,0,0)
(0,0,0)
(0,0,0)
(0,0,0)
(0,0,0)
(0,0,0)
(-286183.477605733,-79086.1587968786,4392.46751386249)
(-290526.775166603,-80331.1650464803,10843.22049356)
(-301283.928536789,-83617.1069890715,21969.9338574532)
(-323176.386850645,-91142.0256591216,40474.6243627944)
(-363602.615466121,-107299.359407635,63484.087821044)
(-427063.053357956,-138458.439449705,58684.0118227093)
(-485722.631054454,-177751.5368842,-84396.943553264)
(-401277.810370089,-138915.494582144,-127463.77944436)
(-273686.940252717,-89761.0765763778,-136427.365348747)
(-137099.954315083,-43472.5432051653,-136905.929695689)
(0,0,0)
(0,0,0)
(0,0,0)
(0,0,0)
(0,0,0)
(0,0,0)
(-206697.305154924,-97402.5984837742,3152.4816530272)
(-209781.559052448,-98905.8058489603,7541.68120257634)
(-217219.174248258,-102643.985023797,14478.0966551543)
(-231682.284226037,-110199.794508066,24329.4820075836)
(-256025.473087204,-123617.403200126,32356.3446614816)
(-288396.420843603,-143272.651077575,19421.1548664318)
(-307826.759824658,-158179.449998125,-45508.0049599378)
(-262252.119530532,-133392.643578188,-78257.8495180258)
(-183869.539548427,-92144.322947336,-90118.4068866282)
(-93609.9480658994,-46460.712009508,-93498.6183555045)
(0,0,0)
(0,0,0)
(0,0,0)
(0,0,0)
(0,0,0)
(0,0,0)
(-108834.303376946,-108379.213999543,1613.98256941109)
(-110402.84414975,-109972.128753797,3777.21997368736)
(-114116.620572329,-113779.848776231,6970.05146379769)
(-121107.25279086,-120845.161002618,10922.4147222321)
(-132067.332337552,-131774.166765546,12734.6969970456)
(-144828.199819059,-144531.974780497,4562.79602938145)
(-149448.275116483,-149173.062295028,-20694.0563511962)
(-128741.678857912,-128558.451577886,-37004.602692294)
(-91658.6824779188,-91559.6719270927,-44414.1965673916)
(-47148.5458112516,-47134.4224946114,-47076.9803434953)
(0,0,0)
(0,0,0)
(0,0,0)
(0,0,0)
(0,0,0)
(0,0,0)
(0,0,0)
(0,0,0)
(0,0,0)
(0,0,0)
(0,0,0)
(0,0,0)
(0,0,0)
(0,0,0)
(0,0,0)
(0,0,0)
(0,0,0)
(0,0,0)
(0,0,0)
(0,0,0)
(0,0,0)
(0,0,0)
(0,0,0)
(0,0,0)
(0,0,0)
(0,0,0)
(0,0,0)
(0,0,0)
(0,0,0)
(0,0,0)
(0,0,0)
(0,0,0)
(0,0,0)
(0,0,0)
(0,0,0)
(0,0,0)
(0,0,0)
(0,0,0)
(0,0,0)
(0,0,0)
(0,0,0)
(0,0,0)
(0,0,0)
(0,0,0)
(0,0,0)
(0,0,0)
(0,0,0)
(0,0,0)
(0,0,0)
(0,0,0)
(0,0,0)
(0,0,0)
(0,0,0)
(0,0,0)
(0,0,0)
(0,0,0)
(0,0,0)
(0,0,0)
(0,0,0)
(0,0,0)
(0,0,0)
(0,0,0)
(0,0,0)
(0,0,0)
(0,0,0)
(0,0,0)
(0,0,0)
(0,0,0)
(0,0,0)
(0,0,0)
(0,0,0)
(0,0,0)
(0,0,0)
(0,0,0)
(0,0,0)
(0,0,0)
(0,0,0)
(0,0,0)
(0,0,0)
(0,0,0)
(0,0,0)
(0,0,0)
(0,0,0)
(0,0,0)
(0,0,0)
(0,0,0)
(0,0,0)
(0,0,0)
(0,0,0)
(0,0,0)
(0,0,0)
(0,0,0)
(0,0,0)
(0,0,0)
(0,0,0)
(0,0,0)
(0,0,0)
(0,0,0)
(0,0,0)
(0,0,0)
(0,0,0)
(0,0,0)
(0,0,0)
(0,0,0)
(0,0,0)
(0,0,0)
(0,0,0)
(0,0,0)
(0,0,0)
(0,0,0)
(0,0,0)
(0,0,0)
(0,0,0)
(0,0,0)
(0,0,0)
(0,0,0)
(0,0,0)
(0,0,0)
(0,0,0)
(0,0,0)
(0,0,0)
(0,0,0)
(0,0,0)
(0,0,0)
(0,0,0)
(0,0,0)
(0,0,0)
(0,0,0)
(0,0,0)
(0,0,0)
(0,0,0)
(0,0,0)
(0,0,0)
(0,0,0)
(0,0,0)
(0,0,0)
(0,0,0)
(0,0,0)
(0,0,0)
(0,0,0)
(0,0,0)
(0,0,0)
(0,0,0)
(0,0,0)
(0,0,0)
(0,0,0)
(0,0,0)
(0,0,0)
(0,0,0)
(0,0,0)
(0,0,0)
(0,0,0)
(0,0,0)
(0,0,0)
(0,0,0)
(0,0,0)
(0,0,0)
(0,0,0)
(0,0,0)
(0,0,0)
(0,0,0)
(0,0,0)
(0,0,0)
(0,0,0)
(0,0,0)
(0,0,0)
(0,0,0)
(0,0,0)
(0,0,0)
(0,0,0)
(0,0,0)
(0,0,0)
(0,0,0)
(0,0,0)
(0,0,0)
(0,0,0)
(0,0,0)
(0,0,0)
(0,0,0)
(0,0,0)
(0,0,0)
(0,0,0)
(0,0,0)
(0,0,0)
(0,0,0)
(0,0,0)
(0,0,0)
(0,0,0)
(0,0,0)
(0,0,0)
(0,0,0)
(0,0,0)
(0,0,0)
(0,0,0)
(0,0,0)
(0,0,0)
(0,0,0)
(0,0,0)
(0,0,0)
(0,0,0)
(0,0,0)
(0,0,0)
(0,0,0)
(0,0,0)
(0,0,0)
(0,0,0)
(0,0,0)
(0,0,0)
(0,0,0)
(0,0,0)
(0,0,0)
(0,0,0)
(0,0,0)
(0,0,0)
(0,0,0)
(0,0,0)
(0,0,0)
(0,0,0)
(0,0,0)
(0,0,0)
(0,0,0)
(0,0,0)
(0,0,0)
(0,0,0)
(0,0,0)
(0,0,0)
(0,0,0)
(0,0,0)
(0,0,0)
(0,0,0)
(0,0,0)
(0,0,0)
(0,0,0)
(0,0,0)
(0,0,0)
(0,0,0)
(0,0,0)
(0,0,0)
(0,0,0)
(0,0,0)
(0,0,0)
(0,0,0)
(0,0,0)
(0,0,0)
(0,0,0)
(0,0,0)
(0,0,0)
(0,0,0)
(0,0,0)
(0,0,0)
(0,0,0)
(0,0,0)
(0,0,0)
(0,0,0)
(0,0,0)
(0,0,0)
(0,0,0)
(0,0,0)
(0,0,0)
(0,0,0)
(0,0,0)
(0,0,0)
(0,0,0)
(0,0,0)
(0,0,0)
(0,0,0)
(0,0,0)
(0,0,0)
(0,0,0)
(0,0,0)
(0,0,0)
(0,0,0)
(0,0,0)
(0,0,0)
(0,0,0)
(0,0,0)
(0,0,0)
(0,0,0)
(0,0,0)
(0,0,0)
(0,0,0)
(0,0,0)
(0,0,0)
(0,0,0)
(0,0,0)
(0,0,0)
(0,0,0)
(0,0,0)
(0,0,0)
(0,0,0)
(0,0,0)
(0,0,0)
(0,0,0)
(0,0,0)
(0,0,0)
(0,0,0)
(0,0,0)
(0,0,0)
(0,0,0)
(0,0,0)
(0,0,0)
(0,0,0)
(0,0,0)
(0,0,0)
(0,0,0)
(0,0,0)
(0,0,0)
(0,0,0)
(0,0,0)
(0,0,0)
(0,0,0)
(0,0,0)
(0,0,0)
(0,0,0)
(0,0,0)
(0,0,0)
(0,0,0)
(0,0,0)
(0,0,0)
(0,0,0)
(0,0,0)
(0,0,0)
(0,0,0)
(0,0,0)
(0,0,0)
(0,0,0)
(0,0,0)
(0,0,0)
(0,0,0)
(0,0,0)
(0,0,0)
(0,0,0)
(0,0,0)
(0,0,0)
(0,0,0)
(0,0,0)
(0,0,0)
(0,0,0)
(0,0,0)
(0,0,0)
(0,0,0)
(0,0,0)
(0,0,0)
(0,0,0)
(0,0,0)
(0,0,0)
(0,0,0)
(0,0,0)
(0,0,0)
(0,0,0)
(0,0,0)
(0,0,0)
(0,0,0)
(0,0,0)
(0,0,0)
(0,0,0)
(0,0,0)
(0,0,0)
(0,0,0)
(0,0,0)
(0,0,0)
(0,0,0)
(0,0,0)
(0,0,0)
(0,0,0)
(0,0,0)
(0,0,0)
(0,0,0)
(0,0,0)
(0,0,0)
(0,0,0)
(0,0,0)
(0,0,0)
(0,0,0)
(0,0,0)
(0,0,0)
(0,0,0)
(0,0,0)
(0,0,0)
(0,0,0)
(0,0,0)
(0,0,0)
(0,0,0)
(0,0,0)
(0,0,0)
(0,0,0)
(0,0,0)
(0,0,0)
(0,0,0)
(0,0,0)
(0,0,0)
(0,0,0)
(0,0,0)
(0,0,0)
(0,0,0)
(0,0,0)
(0,0,0)
(0,0,0)
(0,0,0)
(0,0,0)
(0,0,0)
(0,0,0)
(0,0,0)
(0,0,0)
(0,0,0)
(0,0,0)
(0,0,0)
(0,0,0)
(0,0,0)
(0,0,0)
(0,0,0)
(0,0,0)
(0,0,0)
(0,0,0)
(0,0,0)
(0,0,0)
(0,0,0)
(0,0,0)
(0,0,0)
(0,0,0)
(0,0,0)
(0,0,0)
(0,0,0)
(0,0,0)
(0,0,0)
(0,0,0)
(0,0,0)
(0,0,0)
(0,0,0)
(0,0,0)
(0,0,0)
(0,0,0)
(0,0,0)
(0,0,0)
(0,0,0)
(0,0,0)
(0,0,0)
(0,0,0)
(0,0,0)
(0,0,0)
(0,0,0)
(0,0,0)
(0,0,0)
(0,0,0)
(0,0,0)
(0,0,0)
(0,0,0)
(0,0,0)
(0,0,0)
(0,0,0)
(0,0,0)
(0,0,0)
(0,0,0)
(0,0,0)
(0,0,0)
(0,0,0)
(0,0,0)
(0,0,0)
(0,0,0)
(0,0,0)
(0,0,0)
(0,0,0)
(0,0,0)
(0,0,0)
(0,0,0)
(0,0,0)
(0,0,0)
(0,0,0)
(0,0,0)
(0,0,0)
(0,0,0)
(0,0,0)
(0,0,0)
(0,0,0)
(0,0,0)
(0,0,0)
(0,0,0)
(0,0,0)
(0,0,0)
(0,0,0)
(0,0,0)
(0,0,0)
(0,0,0)
(0,0,0)
(0,0,0)
(0,0,0)
(0,0,0)
(0,0,0)
(0,0,0)
(0,0,0)
(0,0,0)
(0,0,0)
(0,0,0)
(0,0,0)
(0,0,0)
(0,0,0)
(0,0,0)
(0,0,0)
(0,0,0)
(0,0,0)
(0,0,0)
(0,0,0)
(0,0,0)
(0,0,0)
(0,0,0)
(0,0,0)
(0,0,0)
(0,0,0)
(0,0,0)
(0,0,0)
(0,0,0)
(0,0,0)
(0,0,0)
(0,0,0)
(0,0,0)
(0,0,0)
(0,0,0)
(0,0,0)
(0,0,0)
(0,0,0)
(0,0,0)
(0,0,0)
(0,0,0)
(0,0,0)
(0,0,0)
(0,0,0)
(0,0,0)
(0,0,0)
(0,0,0)
(0,0,0)
(0,0,0)
(0,0,0)
(0,0,0)
(0,0,0)
(0,0,0)
(0,0,0)
(0,0,0)
(0,0,0)
(0,0,0)
(0,0,0)
(0,0,0)
(0,0,0)
(0,0,0)
(0,0,0)
(0,0,0)
(0,0,0)
(0,0,0)
(0,0,0)
(0,0,0)
(0,0,0)
(0,0,0)
(0,0,0)
(0,0,0)
(0,0,0)
(0,0,0)
(0,0,0)
(0,0,0)
(0,0,0)
(0,0,0)
(0,0,0)
(0,0,0)
(0,0,0)
(0,0,0)
(0,0,0)
(0,0,0)
(0,0,0)
(0,0,0)
(0,0,0)
(0,0,0)
(0,0,0)
(0,0,0)
(0,0,0)
(0,0,0)
(0,0,0)
(0,0,0)
(0,0,0)
(0,0,0)
(0,0,0)
(0,0,0)
(0,0,0)
(0,0,0)
(0,0,0)
(0,0,0)
(0,0,0)
(0,0,0)
(0,0,0)
(0,0,0)
(0,0,0)
(0,0,0)
(0,0,0)
(0,0,0)
(0,0,0)
(0,0,0)
(0,0,0)
(0,0,0)
(0,0,0)
(0,0,0)
(0,0,0)
(0,0,0)
(0,0,0)
(0,0,0)
(0,0,0)
(0,0,0)
(0,0,0)
(0,0,0)
(0,0,0)
(0,0,0)
(0,0,0)
(0,0,0)
(0,0,0)
(0,0,0)
(0,0,0)
(0,0,0)
(0,0,0)
(0,0,0)
(0,0,0)
(0,0,0)
(0,0,0)
(0,0,0)
(0,0,0)
(0,0,0)
(0,0,0)
(0,0,0)
(0,0,0)
(0,0,0)
(0,0,0)
(0,0,0)
(0,0,0)
(0,0,0)
(0,0,0)
(0,0,0)
(0,0,0)
(0,0,0)
(0,0,0)
(0,0,0)
(0,0,0)
(0,0,0)
(0,0,0)
(0,0,0)
(0,0,0)
(0,0,0)
(0,0,0)
(0,0,0)
(0,0,0)
(0,0,0)
(0,0,0)
(0,0,0)
(0,0,0)
(0,0,0)
(0,0,0)
(0,0,0)
(0,0,0)
(0,0,0)
(0,0,0)
(0,0,0)
(0,0,0)
(0,0,0)
(0,0,0)
(0,0,0)
(0,0,0)
(0,0,0)
(0,0,0)
(0,0,0)
(0,0,0)
(0,0,0)
(0,0,0)
(0,0,0)
(0,0,0)
(0,0,0)
(0,0,0)
(0,0,0)
(0,0,0)
(0,0,0)
(0,0,0)
(0,0,0)
(0,0,0)
(0,0,0)
(0,0,0)
(0,0,0)
(0,0,0)
(0,0,0)
(0,0,0)
(0,0,0)
(0,0,0)
(0,0,0)
(0,0,0)
(0,0,0)
(0,0,0)
(0,0,0)
(0,0,0)
(0,0,0)
(0,0,0)
(0,0,0)
(0,0,0)
(0,0,0)
(0,0,0)
(0,0,0)
(0,0,0)
(0,0,0)
(0,0,0)
(0,0,0)
(0,0,0)
(0,0,0)
(0,0,0)
(0,0,0)
(0,0,0)
(0,0,0)
(0,0,0)
(0,0,0)
(0,0,0)
(0,0,0)
(0,0,0)
(0,0,0)
(0,0,0)
(0,0,0)
(0,0,0)
(0,0,0)
(0,0,0)
(0,0,0)
(0,0,0)
(0,0,0)
(0,0,0)
(0,0,0)
(0,0,0)
(0,0,0)
(0,0,0)
(0,0,0)
(0,0,0)
(0,0,0)
(0,0,0)
(0,0,0)
(0,0,0)
(0,0,0)
(0,0,0)
(0,0,0)
(0,0,0)
(0,0,0)
(0,0,0)
(0,0,0)
(0,0,0)
(0,0,0)
(0,0,0)
(0,0,0)
(0,0,0)
(0,0,0)
(0,0,0)
(0,0,0)
(0,0,0)
(0,0,0)
(0,0,0)
(0,0,0)
(0,0,0)
(0,0,0)
(0,0,0)
(0,0,0)
(0,0,0)
(0,0,0)
(0,0,0)
(0,0,0)
(0,0,0)
(0,0,0)
(0,0,0)
(0,0,0)
(0,0,0)
(0,0,0)
(0,0,0)
(0,0,0)
(0,0,0)
(0,0,0)
(0,0,0)
(0,0,0)
(0,0,0)
(0,0,0)
(0,0,0)
(0,0,0)
(0,0,0)
(0,0,0)
(0,0,0)
(0,0,0)
(0,0,0)
(0,0,0)
(0,0,0)
(0,0,0)
(0,0,0)
(0,0,0)
(0,0,0)
(0,0,0)
(0,0,0)
(0,0,0)
(0,0,0)
(0,0,0)
(0,0,0)
(0,0,0)
(0,0,0)
(0,0,0)
(0,0,0)
(0,0,0)
(0,0,0)
(0,0,0)
(0,0,0)
(0,0,0)
(0,0,0)
(0,0,0)
(0,0,0)
(0,0,0)
(0,0,0)
(0,0,0)
(0,0,0)
(0,0,0)
(0,0,0)
(0,0,0)
(0,0,0)
(0,0,0)
(0,0,0)
(0,0,0)
(0,0,0)
(0,0,0)
(0,0,0)
(0,0,0)
