(0,0,0)
(0,0,0)
(0,0,0)
(0,0,0)
(0,0,0)
(0,0,0)
(0,0,0)
(0,0,0)
(0,0,0)
(0,0,0)
(0,0,0)
(0,0,0)
(0,0,0)
(0,0,0)
(0,0,0)
(0,0,0)
(0,0,0)
(0,0,0)
(0,0,0)
(0,0,0)
(0,0,0)
(0,0,0)
(0,0,0)
(0,0,0)
(0,0,0)
(0,0,0)
(0,0,0)
(0,0,0)
(0,0,0)
(0,0,0)
(0,0,0)
(0,0,0)
(0,0,0)
(0,0,0)
(0,0,0)
(0,0,0)
(0,0,0)
(0,0,0)
(0,0,0)
(0,0,0)
(0,0,0)
(0,0,0)
(0,0,0)
(0,0,0)
(0,0,0)
(0,0,0)
(0,0,0)
(0,0,0)
(0,0,0)
(0,0,0)
(0,0,0)
(0,0,0)
(0,0,0)
(0,0,0)
(0,0,0)
(0,0,0)
(0,0,0)
(0,0,0)
(0,0,0)
(0,0,0)
(0,0,0)
(0,0,0)
(0,0,0)
(0,0,0)
(0,0,0)
(0,0,0)
(0,0,0)
(0,0,0)
(0,0,0)
(0,0,0)
(0,0,0)
(0,0,0)
(0,0,0)
(0,0,0)
(0,0,0)
(0,0,0)
(0,0,0)
(0,0,0)
(0,0,0)
(0,0,0)
(0,0,0)
(0,0,0)
(0,0,0)
(0,0,0)
(0,0,0)
(0,0,0)
(0,0,0)
(0,0,0)
(0,0,0)
(0,0,0)
(0,0,0)
(0,0,0)
(0,0,0)
(0,0,0)
(0,0,0)
(0,0,0)
(0,0,0)
(0,0,0)
(0,0,0)
(0,0,0)
(0,0,0)
(0,0,0)
(0,0,0)
(0,0,0)
(0,0,0)
(0,0,0)
(0,0,0)
(0,0,0)
(0,0,0)
(0,0,0)
(0,0,0)
(0,0,0)
(0,0,0)
(0,0,0)
(0,0,0)
(0,0,0)
(0,0,0)
(0,0,0)
(0,0,0)
(0,0,0)
(0,0,0)
(0,0,0)
(0,0,0)
(0,0,0)
(0,0,0)
(0,0,0)
(0,0,0)
(0,0,0)
(0,0,0)
(0,0,0)
(0,0,0)
(0,0,0)
(0,0,0)
(0,0,0)
(0,0,0)
(0,0,0)
(0,0,0)
(0,0,0)
(0,0,0)
(0,0,0)
(0,0,0)
(0,0,0)
(0,0,0)
(0,0,0)
(0,0,0)
(0,0,0)
(0,0,0)
(0,0,0)
(0,0,0)
(0,0,0)
(0,0,0)
(0,0,0)
(0,0,0)
(0,0,0)
(0,0,0)
(0,0,0)
(0,0,0)
(0,0,0)
(0,0,0)
(0,0,0)
(0,0,0)
(0,0,0)
(0,0,0)
(0,0,0)
(0,0,0)
(0,0,0)
(0,0,0)
(0,0,0)
(0,0,0)
(0,0,0)
(0,0,0)
(0,0,0)
(0,0,0)
(0,0,0)
(0,0,0)
(0,0,0)
(0,0,0)
(0,0,0)
(0,0,0)
(0,0,0)
(0,0,0)
(0,0,0)
(0,0,0)
(0,0,0)
(0,0,0)
(0,0,0)
(0,0,0)
(0,0,0)
(0,0,0)
(0,0,0)
(0,0,0)
(0,0,0)
(0,0,0)
(0,0,0)
(0,0,0)
(0,0,0)
(0,0,0)
(0,0,0)
(0,0,0)
(0,0,0)
(0,0,0)
(0,0,0)
(0,0,0)
(0,0,0)
(0,0,0)
(0,0,0)
(0,0,0)
(0,0,0)
(0,0,0)
(0,0,0)
(0,0,0)
(0,0,0)
(0,0,0)
(0,0,0)
(0,0,0)
(0,0,0)
(0,0,0)
(0,0,0)
(0,0,0)
(0,0,0)
(0,0,0)
(0,0,0)
(0,0,0)
(0,0,0)
(0,0,0)
(0,0,0)
(0,0,0)
(0,0,0)
(0,0,0)
(0,0,0)
(0,0,0)
(0,0,0)
(0,0,0)
(0,0,0)
(0,0,0)
(0,0,0)
(0,0,0)
(0,0,0)
(0,0,0)
(0,0,0)
(0,0,0)
(0,0,0)
(0,0,0)
(0,0,0)
(0,0,0)
(0,0,0)
(0,0,0)
(0,0,0)
(0,0,0)
(0,0,0)
(0,0,0)
(0,0,0)
(0,0,0)
(0,0,0)
(0,0,0)
(0,0,0)
(0,0,0)
(0,0,0)
(0,0,0)
(0,0,0)
(0,0,0)
(0,0,0)
(0,0,0)
(0,0,0)
(0,0,0)
(0,0,0)
(0,0,0)
(0,0,0)
(0,0,0)
(0,0,0)
(0,0,0)
(0,0,0)
(0,0,0)
(0,0,0)
(0,0,0)
(0,0,0)
(0,0,0)
(0,0,0)
(0,0,0)
(0,0,0)
(0,0,0)
(0,0,0)
(0,0,0)
(0,0,0)
(0,0,0)
(0,0,0)
(0,0,0)
(0,0,0)
(0,0,0)
(0,0,0)
(0,0,0)
(0,0,0)
(0,0,0)
(0,0,0)
(0,0,0)
(0,0,0)
(0,0,0)
(0,0,0)
(0,0,0)
(0,0,0)
(0,0,0)
(0,0,0)
(0,0,0)
(0,0,0)
(0,0,0)
(0,0,0)
(0,0,0)
(0,0,0)
(0,0,0)
(0,0,0)
(0,0,0)
(0,0,0)
(0,0,0)
(0,0,0)
(0,0,0)
(0,0,0)
(0,0,0)
(0,0,0)
(0,0,0)
(0,0,0)
(0,0,0)
(0,0,0)
(0,0,0)
(0,0,0)
(0,0,0)
(0,0,0)
(0,0,0)
(0,0,0)
(0,0,0)
(0,0,0)
(0,0,0)
(0,0,0)
(0,0,0)
(0,0,0)
(0,0,0)
(0,0,0)
(0,0,0)
(0,0,0)
(0,0,0)
(0,0,0)
(0,0,0)
(0,0,0)
(0,0,0)
(0,0,0)
(0,0,0)
(0,0,0)
(0,0,0)
(0,0,0)
(0,0,0)
(0,0,0)
(0,0,0)
(0,0,0)
(0,0,0)
(0,0,0)
(0,0,0)
(0,0,0)
(0,0,0)
(0,0,0)
(0,0,0)
(0,0,0)
(0,0,0)
(0,0,0)
(0,0,0)
(0,0,0)
(0,0,0)
(0,0,0)
(0,0,0)
(0,0,0)
(0,0,0)
(0,0,0)
(0,0,0)
(0,0,0)
(0,0,0)
(0,0,0)
(0,0,0)
(0,0,0)
(0,0,0)
(0,0,0)
(0,0,0)
(0,0,0)
(0,0,0)
(0,0,0)
(0,0,0)
(0,0,0)
(0,0,0)
(0,0,0)
(0,0,0)
(0,0,0)
(0,0,0)
(0,0,0)
(0,0,0)
(0,0,0)
(0,0,0)
(0,0,0)
(0,0,0)
(0,0,0)
(0,0,0)
(0,0,0)
(0,0,0)
(0,0,0)
(0,0,0)
(0,0,0)
(0,0,0)
(0,0,0)
(0,0,0)
(0,0,0)
(0,0,0)
(0,0,0)
(0,0,0)
(0,0,0)
(0,0,0)
(0,0,0)
(0,0,0)
(0,0,0)
(0,0,0)
(0,0,0)
(0,0,0)
(0,0,0)
(0,0,0)
(0,0,0)
(0,0,0)
(0,0,0)
(0,0,0)
(0,0,0)
(0,0,0)
(0,0,0)
(0,0,0)
(0,0,0)
(0,0,0)
(0,0,0)
(0,0,0)
(0,0,0)
(0,0,0)
(0,0,0)
(0,0,0)
(0,0,0)
(0,0,0)
(0,0,0)
(0,0,0)
(0,0,0)
(0,0,0)
(0,0,0)
(0,0,0)
(0,0,0)
(0,0,0)
(0,0,0)
(0,0,0)
(0,0,0)
(0,0,0)
(0,0,0)
(0,0,0)
(0,0,0)
(0,0,0)
(0,0,0)
(0,0,0)
(0,0,0)
(0,0,0)
(0,0,0)
(0,0,0)
(0,0,0)
(0,0,0)
(0,0,0)
(0,0,0)
(0,0,0)
(0,0,0)
(0,0,0)
(0,0,0)
(0,0,0)
(0,0,0)
(0,0,0)
(0,0,0)
(0,0,0)
(0,0,0)
(0,0,0)
(0,0,0)
(0,0,0)
(0,0,0)
(0,0,0)
(0,0,0)
(0,0,0)
(0,0,0)
(0,0,0)
(0,0,0)
(0,0,0)
(0,0,0)
(0,0,0)
(0,0,0)
(0,0,0)
(0,0,0)
(0,0,0)
(0,0,0)
(0,0,0)
(0,0,0)
(0,0,0)
(0,0,0)
(0,0,0)
(0,0,0)
(0,0,0)
(0,0,0)
(0,0,0)
(0,0,0)
(0,0,0)
(0,0,0)
(0,0,0)
(0,0,0)
(0,0,0)
(0,0,0)
(0,0,0)
(0,0,0)
(0,0,0)
(0,0,0)
(0,0,0)
(0,0,0)
(0,0,0)
(0,0,0)
(0,0,0)
(0,0,0)
(0,0,0)
(0,0,0)
(0,0,0)
(0,0,0)
(0,0,0)
(0,0,0)
(0,0,0)
(0,0,0)
(0,0,0)
(0,0,0)
(0,0,0)
(0,0,0)
(0,0,0)
(0,0,0)
(0,0,0)
(0,0,0)
(0,0,0)
(0,0,0)
(0,0,0)
(0,0,0)
(0,0,0)
(0,0,0)
(0,0,0)
(0,0,0)
(0,0,0)
(0,0,0)
(0,0,0)
(0,0,0)
(0,0,0)
(0,0,0)
(0,0,0)
(0,0,0)
(0,0,0)
(0,0,0)
(0,0,0)
(0,0,0)
(0,0,0)
(0,0,0)
(0,0,0)
(0,0,0)
(0,0,0)
(0,0,0)
(0,0,0)
(0,0,0)
(0,0,0)
(0,0,0)
(0,0,0)
(0,0,0)
(0,0,0)
(0,0,0)
(0,0,0)
(0,0,0)
(0,0,0)
(0,0,0)
(0,0,0)
(0,0,0)
(0,0,0)
(0,0,0)
(0,0,0)
(0,0,0)
(0,0,0)
(0,0,0)
(0,0,0)
(0,0,0)
(0,0,0)
(0,0,0)
(0,0,0)
(0,0,0)
(0,0,0)
(0,0,0)
(0,0,0)
(0,0,0)
(0,0,0)
(0,0,0)
(0,0,0)
(0,0,0)
(0,0,0)
(0,0,0)
(0,0,0)
(0,0,0)
(0,0,0)
(0,0,0)
(0,0,0)
(0,0,0)
(0,0,0)
(0,0,0)
(0,0,0)
(0,0,0)
(0,0,0)
(0,0,0)
(0,0,0)
(0,0,0)
(0,0,0)
(0,0,0)
(0,0,0)
(0,0,0)
(0,0,0)
(0,0,0)
(0,0,0)
(0,0,0)
(0,0,0)
(0,0,0)
(0,0,0)
(0,0,0)
(0,0,0)
(0,0,0)
(0,0,0)
(0,0,0)
(0,0,0)
(0,0,0)
(0,0,0)
(0,0,0)
(0,0,0)
(0,0,0)
(0,0,0)
(0,0,0)
(0,0,0)
(0,0,0)
(0,0,0)
(0,0,0)
(0,0,0)
(0,0,0)
(0,0,0)
(0,0,0)
(0,0,0)
(0,0,0)
(0,0,0)
(0,0,0)
(0,0,0)
(0,0,0)
(0,0,0)
(0,0,0)
(0,0,0)
(0,0,0)
(0,0,0)
(0,0,0)
(0,0,0)
(0,0,0)
(0,0,0)
(0,0,0)
(0,0,0)
(0,0,0)
(0,0,0)
(0,0,0)
(0,0,0)
(0,0,0)
(0,0,0)
(0,0,0)
(0,0,0)
(0,0,0)
(0,0,0)
(0,0,0)
(0,0,0)
(0,0,0)
(0,0,0)
(0,0,0)
(0,0,0)
(0,0,0)
(0,0,0)
(0,0,0)
(0,0,0)
(0,0,0)
(0,0,0)
(0,0,0)
(0,0,0)
(0,0,0)
(0,0,0)
(0,0,0)
(0,0,0)
(0,0,0)
(0,0,0)
(0,0,0)
(0,0,0)
(0,0,0)
(0,0,0)
(0,0,0)
(0,0,0)
(0,0,0)
(0,0,0)
(0,0,0)
(0,0,0)
(0,0,0)
(0,0,0)
(0,0,0)
(0,0,0)
(0,0,0)
(0,0,0)
(0,0,0)
(0,0,0)
(0,0,0)
(0,0,0)
(0,0,0)
(0,0,0)
(0,0,0)
(0,0,0)
(0,0,0)
(0,0,0)
(0,0,0)
(0,0,0)
(0,0,0)
(0,0,0)
(0,0,0)
(0,0,0)
(0,0,0)
(0,0,0)
(0,0,0)
(0,0,0)
(0,0,0)
(0,0,0)
(0,0,0)
(0,0,0)
(0,0,0)
(0,0,0)
(0,0,0)
(0,0,0)
(0,0,0)
(0,0,0)
(0,0,0)
(0,0,0)
(0,0,0)
(0,0,0)
(0,0,0)
(0,0,0)
(0,0,0)
(0,0,0)
(0,0,0)
(0,0,0)
(0,0,0)
(0,0,0)
(0,0,0)
(0,0,0)
(0,0,0)
(0,0,0)
(0,0,0)
(0,0,0)
(0,0,0)
(0,0,0)
(0,0,0)
(0,0,0)
(0,0,0)
(0,0,0)
(0,0,0)
(0,0,0)
(0,0,0)
(0,0,0)
(0,0,0)
(0,0,0)
(0,0,0)
(0,0,0)
(0,0,0)
(0,0,0)
(0,0,0)
(0,0,0)
(0,0,0)
(0,0,0)
(0,0,0)
(0,0,0)
(0,0,0)
(0,0,0)
(0,0,0)
(0,0,0)
(0,0,0)
(0,0,0)
(0,0,0)
(0,0,0)
(0,0,0)
(0,0,0)
(0,0,0)
(0,0,0)
(0,0,0)
(0,0,0)
(0,0,0)
(0,0,0)
(0,0,0)
(0,0,0)
(0,0,0)
(0,0,0)
(0,0,0)
(0,0,0)
(0,0,0)
(0,0,0)
(0,0,0)
(0,0,0)
(0,0,0)
(0,0,0)
(0,0,0)
(0,0,0)
(0,0,0)
(0,0,0)
(0,0,0)
(0,0,0)
(0,0,0)
(0,0,0)
(0,0,0)
(0,0,0)
(0,0,0)
(0,0,0)
(0,0,0)
(0,0,0)
(0,0,0)
(0,0,0)
(0,0,0)
(-27378.310135291,14632.5458103351,12745.7643249543)
(-28985.7923862791,14057.3215135602,27674.2351976734)
(-32731.2098659483,12823.7240917537,47581.7209718681)
(-39736.3253765224,10852.5790544545,76465.4672939416)
(-52270.1571647746,8173.4622549469,120562.162203779)
(-74785.2448816824,5118.55347417087,190228.853611282)
(-115554.10730065,2325.17310509508,303457.787806861)
(-189189.54624538,605.47194055332,492041.862111728)
(-312135.494228624,48.8778576819919,804128.478482642)
(-435053.827214581,11.1298815149955,1239171.17581574)
(0,0,0)
(0,0,0)
(0,0,0)
(0,0,0)
(0,0,0)
(0,0,0)
(-28916.6807139957,31450.5451298767,12098.6813944525)
(-30559.9035626881,30339.7118365972,26376.1946341084)
(-34361.3716498474,27982.3867168612,45578.9036588444)
(-41531.4145127714,24175.2294671343,73787.6677589424)
(-54421.6472889882,18919.6638946177,117463.113408249)
(-77480.2378975811,12691.6446177072,187370.260162293)
(-118706.460100121,6758.35587664853,301643.53749086)
(-192086.6659722,2968.67176847145,491367.003635066)
(-314072.800557083,1504.52983595609,803984.152213921)
(-435926.677088012,809.624059872838,1239112.33512351)
(0,0,0)
(0,0,0)
(0,0,0)
(0,0,0)
(0,0,0)
(0,0,0)
(-32581.8746992613,53058.1220251623,10974.2978039753)
(-34248.3065061311,51561.7769647227,24000.539181984)
(-38148.6789186294,48354.5629425973,41777.0418748819)
(-45653.017262925,43090.3449285071,68514.9436764367)
(-59370.9484281325,35619.8836944836,111185.672304691)
(-83850.5333781852,26304.7153489423,181423.134951641)
(-126489.989407803,16824.8342455589,297846.645990548)
(-199250.172182894,10266.8306439091,489798.65929798)
(-318669.291215248,6809.48003873516,803163.000310471)
(-437998.773436899,3709.10820246277,1238262.28960484)
(0,0,0)
(0,0,0)
(0,0,0)
(0,0,0)
(0,0,0)
(0,0,0)
(-39441.3016930157,83042.3730683478,9457.05064983163)
(-41121.7194790941,81362.1129585346,20778.4341351159)
(-45148.3753436793,77734.325142672,36547.0472787136)
(-53133.7771853389,71772.3805790766,60998.7888134745)
(-68208.9211405088,63064.7717723527,101762.821876121)
(-95413.3489020658,51616.2751317927,171864.610995341)
(-141395.234251483,38843.0583673992,291241.621124979)
(-213091.864786122,28353.5702110179,486246.746343928)
(-327110.072329033,20158.8627042666,800007.436007394)
(-441682.781156769,10837.3409428923,1234561.98442386)
(0,0,0)
(0,0,0)
(0,0,0)
(0,0,0)
(0,0,0)
(0,0,0)
(-51661.0572662806,126927.680958248,7775.74937637618)
(-53313.702314131,125271.880056111,17179.6845929274)
(-57397.9273435725,121707.585502303,30604.3515768707)
(-65799.1344075602,115906.876356747,52268.9902067588)
(-82281.3927879106,107333.36082104,90281.7939459833)
(-112869.522991404,95646.7403023934,159120.851766765)
(-164135.443475174,81247.0563391227,280852.297270216)
(-234218.63033164,65263.2191015316,478161.278711351)
(-339412.288704746,46900.5872825092,790831.842837939)
(-447015.619523476,24844.8270983865,1223839.9762059)
(0,0,0)
(0,0,0)
(0,0,0)
(0,0,0)
(0,0,0)
(0,0,0)
(-73652.1119466671,194388.376469499,6191.4164354197)
(-75223.0847929669,192913.098262546,13773.283021947)
(-79165.3447055275,189754.873033542,24891.340196236)
(-87481.7017786319,184558.524931074,43721.3934005389)
(-104143.331701084,176577.814284124,78620.2716385436)
(-135312.264363018,164755.694140674,144823.5821633)
(-186729.538393197,147744.535351965,265055.641543666)
(-253622.071890276,123918.665869131,460022.266666344)
(-352779.542091562,90714.9313048511,768987.464735635)
(-453746.322003499,48411.8655664745,1199166.74827088)
(0,0,0)
(0,0,0)
(0,0,0)
(0,0,0)
(0,0,0)
(0,0,0)
(-113985.026807719,303620.995322931,4752.40795428541)
(-115365.411277387,302357.68060512,10673.2368891097)
(-118893.400518004,299640.236966544,19681.2734741181)
(-126508.916088163,295042.623149098,35706.0913442614)
(-141986.248935551,287476.222764769,66793.9317991628)
(-171300.293884948,274962.229064805,127887.690759975)
(-219571.907823944,253824.279369799,241379.854566096)
(-280400.806377828,218670.935671703,427028.391141357)
(-372748.903448831,163590.693745965,726901.532149018)
(-464758.125334851,89128.6195928703,1150942.90345758)
(0,0,0)
(0,0,0)
(0,0,0)
(0,0,0)
(0,0,0)
(0,0,0)
(-187675.07878699,487838.562399938,3457.51170998286)
(-188778.542865517,486702.130291518,7891.60488910681)
(-191610.253432997,484177.17667175,14964.9186169129)
(-197803.862541897,479723.929502706,28087.4748051895)
(-210526.929318287,471803.07266913,54287.5542191096)
(-234925.862567415,457303.417977857,106872.227873454)
(-275386.38486477,429682.79108741,206400.101020593)
(-324652.494467581,377540.5806291,372182.950530797)
(-408964.556149887,292064.105629641,652674.094797007)
(-485792.953904124,165521.46542788,1062074.20286606)
(0,0,0)
(0,0,0)
(0,0,0)
(0,0,0)
(0,0,0)
(0,0,0)
(-311095.997244969,796618.814693745,2315.74495112985)
(-311849.195758201,795492.663164452,5374.40783641471)
(-313780.582492831,792878.461604832,10453.7053961179)
(-317944.914615678,787936.947677415,20185.6018370716)
(-326346.117629426,778452.391245937,39882.4008896882)
(-342152.028963373,759923.944960362,79413.9028705596)
(-368660.475685849,723334.856563513,154422.313080315)
(-408020.151135191,653038.617742129,286944.42710248)
(-475702.89004151,528284.400484975,526427.02228858)
(-522461.637912348,317595.067533701,896815.058095118)
(0,0,0)
(0,0,0)
(0,0,0)
(0,0,0)
(0,0,0)
(0,0,0)
(-434527.819296312,1229970.39272529,1176.24126479811)
(-434899.969689234,1228801.92554384,2766.94857465069)
(-435868.6919371,1226047.22348,5466.87863661825)
(-437922.620345287,1220587.77340799,10738.6732513702)
(-441996.975457685,1209703.84434845,21484.1956065791)
(-449613.22905898,1188010.8450646,43010.5245613102)
(-462889.987249117,1144826.81513898,84408.5532349568)
(-485230.182693907,1060103.69948947,162573.654181479)
(-522376.423762084,897041.568935422,316192.90949307)
(-526098.511218262,580249.467348086,579637.020896976)
(0,0,0)
(0,0,0)
(0,0,0)
(0,0,0)
(0,0,0)
(0,0,0)
(0,0,0)
(0,0,0)
(0,0,0)
(0,0,0)
(0,0,0)
(0,0,0)
(0,0,0)
(0,0,0)
(0,0,0)
(0,0,0)
(0,0,0)
(0,0,0)
(0,0,0)
(0,0,0)
(0,0,0)
(0,0,0)
(0,0,0)
(0,0,0)
(0,0,0)
(0,0,0)
(0,0,0)
(0,0,0)
(0,0,0)
(0,0,0)
(0,0,0)
(0,0,0)
(0,0,0)
(0,0,0)
(0,0,0)
(0,0,0)
(0,0,0)
(0,0,0)
(0,0,0)
(0,0,0)
(0,0,0)
(0,0,0)
(0,0,0)
(0,0,0)
(0,0,0)
(0,0,0)
(0,0,0)
(0,0,0)
(0,0,0)
(0,0,0)
(0,0,0)
(0,0,0)
(0,0,0)
(0,0,0)
(0,0,0)
(0,0,0)
(0,0,0)
(0,0,0)
(0,0,0)
(0,0,0)
(0,0,0)
(0,0,0)
(0,0,0)
(0,0,0)
(0,0,0)
(0,0,0)
(0,0,0)
(0,0,0)
(0,0,0)
(0,0,0)
(0,0,0)
(0,0,0)
(0,0,0)
(0,0,0)
(0,0,0)
(0,0,0)
(0,0,0)
(0,0,0)
(0,0,0)
(0,0,0)
(0,0,0)
(0,0,0)
(0,0,0)
(0,0,0)
(0,0,0)
(0,0,0)
(0,0,0)
(0,0,0)
(0,0,0)
(0,0,0)
(0,0,0)
(0,0,0)
(0,0,0)
(0,0,0)
(0,0,0)
(0,0,0)
(0,0,0)
(0,0,0)
(0,0,0)
(0,0,0)
(0,0,0)
(0,0,0)
(4081771.66546339,13078.3430477991,11153.9206777532)
(4079042.634925,12471.7909015841,24035.941789186)
(4072825.30722186,11172.0803884744,40689.5836370774)
(4061314.55654782,9045.23382864923,63975.7072082933)
(4040985.37599406,6006.5376184484,98095.8757552712)
(4004786.58975961,2412.43923037242,149493.841207716)
(3938332.40940939,-793.980564321675,229783.544386154)
(3807095.57162691,-2211.49106938193,369092.15690749)
(3510862.03436566,-1826.96167885579,681303.829316337)
(2706152.28609614,-883.900395594952,1674363.85572544)
(0,0,0)
(0,0,0)
(0,0,0)
(0,0,0)
(0,0,0)
(0,0,0)
(4079116.01040926,27898.2824227716,10529.6088260393)
(4076376.15810785,26746.0380191385,22701.5393622426)
(4070103.96629864,24256.3779702221,38534.143156218)
(4058371.35171206,20096.5333353629,60962.3167488983)
(4037465.69923722,13995.3107361917,94468.4364292084)
(4000255.27736137,6335.28804238644,146192.311682553)
(3932785.76016526,-979.802737107614,228268.152914258)
(3802057.56174744,-4119.37562225678,369414.049071757)
(3507728.10047145,-3054.08025217823,682222.505940582)
(2704814.24668577,-1274.57305628646,1675254.49415167)
(0,0,0)
(0,0,0)
(0,0,0)
(0,0,0)
(0,0,0)
(0,0,0)
(4072961.35960663,46358.6094299588,9378.67801110765)
(4070225.29719681,44828.0652851632,20205.2863663956)
(4063854.44247404,41460.1306471181,34380.6516211674)
(4051637.14828908,35688.9861740309,54880.2725548009)
(4029262.97437844,26854.0643807375,86769.8354279419)
(3989015.89708798,14786.5435695118,138834.388758916)
(3917719.59756062,1931.49992711065,225095.738450573)
(3788244.78961034,-3547.90280344329,370411.543162881)
(3499732.76916301,-1608.09495987673,683945.736816503)
(2701524.41807157,24.2008463522155,1676506.01072969)
(0,0,0)
(0,0,0)
(0,0,0)
(0,0,0)
(0,0,0)
(0,0,0)
(4061586.37105829,70914.3312167231,7798.84478616706)
(4058858.35012775,69226.2807086694,16802.799080099)
(4052361.1852524,65519.1375587105,28616.4708966664)
(4039392.02302968,59152.6646772879,46009.2315026596)
(4014361.9261805,49057.3587414796,74617.3291452203)
(3967248.71388645,34201.7669785979,125922.282271923)
(3884161.77296979,16105.6262401548,219573.388061898)
(3756753.72680002,7264.09580125844,372298.037195298)
(3483500.0892776,7899.96243974045,685562.057513175)
(2695298.71465168,5516.66127264038,1676470.34060281)
(0,0,0)
(0,0,0)
(0,0,0)
(0,0,0)
(0,0,0)
(0,0,0)
(4041564.51104598,104954.348698983,6116.65352970432)
(4038928.41018502,103374.704238251,13108.3568251911)
(4032438.88129182,99960.1670149749,22212.7580578596)
(4018816.8611603,94275.9535638759,35855.7129276213)
(3990745.47309912,85535.0763072007,59733.3687991961)
(3933319.54350064,73256.4154383277,107871.893171709)
(3823738.67389191,58680.8474001283,210804.793968924)
(3698284.56912226,45897.0129347437,373050.916705863)
(3458000.9911029,33568.1168889297,683351.721773158)
(2686014.06766912,18120.6961573384,1671100.2390201)
(0,0,0)
(0,0,0)
(0,0,0)
(0,0,0)
(0,0,0)
(0,0,0)
(4006035.57073784,154044.895194148,4604.01014453919)
(4003585.58496202,152745.667703406,9806.61624869065)
(3997429.15617501,150009.760579346,16544.7611280097)
(3984065.94226261,145556.840615511,27098.4693595005)
(3955662.1057123,138752.125376896,47458.2222007044)
(3896578.23711905,128821.229905164,93385.1455760228)
(3785581.53234975,114974.200756872,198162.960800616)
(3665689.42418121,97220.626737923,360910.090250088)
(3436159.64266111,70804.6017654084,668116.659945198)
(2675296.07174519,37425.4984490676,1653151.70322897)
(0,0,0)
(0,0,0)
(0,0,0)
(0,0,0)
(0,0,0)
(0,0,0)
(3940217.05415965,229886.602436324,3338.45111471247)
(3938103.06796892,228893.228400178,7104.65049591969)
(3932667.31803785,226870.559506514,12065.3723372726)
(3920529.41943648,223700.611995651,20265.5047567355)
(3894030.77793371,218888.068856086,37494.7737325709)
(3837467.18869553,211346.440072598,79584.3203088414)
(3729758.76881354,198071.236406983,180538.84734543)
(3621578.77586541,174479.52873854,334682.602425886)
(3403742.0875821,127410.530500247,634967.921984175)
(2656995.64796568,68094.4120454079,1615927.47441167)
(0,0,0)
(0,0,0)
(0,0,0)
(0,0,0)
(0,0,0)
(0,0,0)
(3808821.14863815,364424.903191583,2347.71114389415)
(3807163.82077447,363638.498792211,5042.31643613492)
(3802857.77192956,362040.806954478,8786.28294986514)
(3793051.73565824,359617.867204096,15395.668865565)
(3771191.68326738,356023.307986519,29924.0564735733)
(3723147.37434444,350159.316827703,66420.182130983)
(3628813.45889616,336509.423798616,157164.390302624)
(3558265.85081398,294226.493923965,287881.319159773)
(3338431.80293626,225346.73296677,575930.996931294)
(2614667.60873379,128852.205442291,1548094.88022075)
(0,0,0)
(0,0,0)
(0,0,0)
(0,0,0)
(0,0,0)
(0,0,0)
(3511857.30168547,673300.546770752,1553.29681469799)
(3510742.11595285,672556.532189635,3426.19103055253)
(3507858.60001804,670935.366084714,6274.68871369876)
(3501445.08652843,668108.772585258,11776.0215126403)
(3487751.96376977,662979.486838942,24104.0005852528)
(3459906.99994858,652642.629098114,52943.8987271309)
(3409800.14845397,629255.114466179,115119.823244062)
(3339485.46085828,575934.784978789,219288.159520078)
(3140839.67487776,481708.938429426,479765.628462407)
(2485998.32128048,314020.900163539,1419519.21387254)
(0,0,0)
(0,0,0)
(0,0,0)
(0,0,0)
(0,0,0)
(0,0,0)
(2706589.58830731,1664770.587573,794.790918301008)
(2706034.29447143,1664001.2775584,1798.02071305717)
(2704606.08468738,1662223.8028041,3417.04669346518)
(2701523.79769108,1658782.66114486,6678.97942187111)
(2695152.2801936,1651993.40491505,13898.0450187972)
(2682638.78628224,1637897.55572414,29773.3423758483)
(2659489.98348199,1607923.45941927,62107.2660159212)
(2615221.39202807,1545514.85922279,125457.856374279)
(2486053.08755374,1419589.47454796,312530.048264188)
(2021423.74184743,1106492.76096193,1105918.17372424)
(0,0,0)
(0,0,0)
(0,0,0)
(0,0,0)
(0,0,0)
(0,0,0)
(0,0,0)
(0,0,0)
(0,0,0)
(0,0,0)
(0,0,0)
(0,0,0)
(0,0,0)
(0,0,0)
(0,0,0)
(0,0,0)
(0,0,0)
(0,0,0)
(0,0,0)
(0,0,0)
(0,0,0)
(0,0,0)
(0,0,0)
(0,0,0)
(0,0,0)
(0,0,0)
(0,0,0)
(0,0,0)
(0,0,0)
(0,0,0)
(0,0,0)
(0,0,0)
(0,0,0)
(0,0,0)
(0,0,0)
(0,0,0)
(0,0,0)
(0,0,0)
(0,0,0)
(0,0,0)
(0,0,0)
(0,0,0)
(0,0,0)
(0,0,0)
(0,0,0)
(0,0,0)
(0,0,0)
(0,0,0)
(0,0,0)
(0,0,0)
(0,0,0)
(0,0,0)
(0,0,0)
(0,0,0)
(0,0,0)
(0,0,0)
(0,0,0)
(0,0,0)
(0,0,0)
(0,0,0)
(0,0,0)
(0,0,0)
(0,0,0)
(0,0,0)
(0,0,0)
(0,0,0)
(0,0,0)
(0,0,0)
(0,0,0)
(0,0,0)
(0,0,0)
(0,0,0)
(0,0,0)
(0,0,0)
(0,0,0)
(0,0,0)
(0,0,0)
(0,0,0)
(0,0,0)
(0,0,0)
(0,0,0)
(0,0,0)
(0,0,0)
(0,0,0)
(0,0,0)
(0,0,0)
(0,0,0)
(0,0,0)
(0,0,0)
(0,0,0)
(0,0,0)
(0,0,0)
(0,0,0)
(0,0,0)
(0,0,0)
(0,0,0)
(0,0,0)
(0,0,0)
(0,0,0)
(0,0,0)
(0,0,0)
(0,0,0)
(-70533.9380097153,10367.0439073343,8556.32024153887)
(-73585.6480754962,9748.39665592517,18053.9672618093)
(-80342.0597513305,8415.57231664228,29423.5225941842)
(-92496.130413219,6080.67451527897,43771.295715737)
(-113167.175054379,2499.70840168996,62041.8990382297)
(-147669.174643217,-2100.47296047675,83215.8970774137)
(-204117.012706847,-6319.5155266707,98602.5953961301)
(-293409.415228475,-7196.09431715793,72921.4372444386)
(-421535.606896609,-4931.48235107627,-123131.678466522)
(-516944.132361675,-2244.12768404155,-1031173.37164875)
(0,0,0)
(0,0,0)
(0,0,0)
(0,0,0)
(0,0,0)
(0,0,0)
(-73578.3885654894,21757.2431509124,7921.96040690338)
(-76581.2875753311,20591.7680813196,16653.7953403922)
(-83268.3552218109,18014.6079943462,27044.8418589273)
(-95439.3288400305,13355.2069353127,40198.7506667566)
(-116439.29098067,5820.20685090657,57401.0031111758)
(-151870.419171832,-4864.67456913485,78908.6619287296)
(-209642.556352467,-16021.0985175561,97656.3221130614)
(-298105.900877137,-17922.5757225088,75164.0268187065)
(-423882.901270754,-11076.9902370814,-120461.702877149)
(-517754.995163344,-4597.24543884501,-1028921.58259741)
(0,0,0)
(0,0,0)
(0,0,0)
(0,0,0)
(0,0,0)
(0,0,0)
(-80475.3488980762,35057.5687731129,6754.14355832158)
(-83366.0773078146,33538.7693310302,14016.2774889796)
(-89909.0500404085,30053.1609525979,22358.9777208343)
(-102182.566228914,23500.9496936231,32650.7101562161)
(-124298.53473701,12007.2078328654,46642.9789654407)
(-163364.092729101,-6922.7282825446,67698.7831716629)
(-228155.153751801,-31582.7007464495,95752.8973886857)
(-314283.718594831,-35015.8060806309,81992.3966276073)
(-430923.597967358,-17823.5038205136,-113986.961982737)
(-519975.573500534,-6180.76407485265,-1024285.69109889)
(0,0,0)
(0,0,0)
(0,0,0)
(0,0,0)
(0,0,0)
(0,0,0)
(-92895.7729623776,50996.2118311321,5161.26163841006)
(-95630.4343375593,49376.5957816175,10429.9803288519)
(-101966.095593797,45671.0899423436,15757.0928610657)
(-114461.754955464,38644.1627566348,21085.4184589257)
(-139017.014817542,25497.6759036031,27591.6520619253)
(-188761.013340996,326.541503581345,42969.8701789543)
(-285866.420068719,-44275.8685542645,92308.9917009896)
(-367355.581977366,-51163.1444570812,99183.399530608)
(-448662.396823553,-17543.9307014671,-102315.926811461)
(-524809.485320873,-3726.69725336095,-1018044.03298473)
(0,0,0)
(0,0,0)
(0,0,0)
(0,0,0)
(0,0,0)
(0,0,0)
(-113845.97787175,69501.8018847252,3522.65953990445)
(-116327.118725144,68092.6299977708,6679.91490969194)
(-122267.287171413,65023.2012908812,8651.73270005653)
(-134741.972843939,59621.2019670819,7851.28816963818)
(-162176.932522775,50548.8116441685,2340.31872664645)
(-232349.507331855,36593.015688778,-1639.34395033729)
(-461603.495524091,20599.9440333357,85444.7735537635)
(-547089.405785955,13367.3604422361,132906.004238382)
(-483472.856103302,11794.241154521,-88340.5597355725)
(-532750.73073482,7460.92667826243,-1014145.62458737)
(0,0,0)
(0,0,0)
(0,0,0)
(0,0,0)
(0,0,0)
(0,0,0)
(-148331.097887978,88327.5144552486,2158.71673108856)
(-150497.17696259,87325.1805040898,3626.68882509384)
(-155791.78638204,85321.2628724225,3167.33047637242)
(-167371.56445393,82131.0671298406,-1287.26729421306)
(-194041.805024245,77222.500618905,-11639.2848566819)
(-264083.658078166,69828.1804464161,-17594.7937413228)
(-482386.492271751,59283.5503051493,78307.3852840665)
(-560684.077558827,53206.6820301795,131459.326111963)
(-499881.696678163,38432.4973907607,-92519.8301092974)
(-540824.606850675,19145.5338179916,-1021465.99797728)
(0,0,0)
(0,0,0)
(0,0,0)
(0,0,0)
(0,0,0)
(0,0,0)
(-204578.554974149,98535.5922183382,1205.29204643996)
(-206349.10203807,97984.774703054,1615.62853018545)
(-210783.678206017,97097.1385636305,-91.4902415501065)
(-220868.125325736,96264.3377132231,-6209.45538696258)
(-245380.027952631,96094.2018780452,-19052.5900840364)
(-314082.896870872,97084.6017891306,-28141.1651845208)
(-542018.07699532,97198.488986781,72338.5026185425)
(-614284.661521577,111189.014643111,116837.368068312)
(-524863.423138299,62105.5178272482,-111612.38097184)
(-554214.779051544,25781.3277006178,-1040419.98716164)
(0,0,0)
(0,0,0)
(0,0,0)
(0,0,0)
(0,0,0)
(0,0,0)
(-294232.017402133,67533.5383743097,672.980560022442)
(-295549.176599109,67303.4818014045,685.031510987549)
(-298902.304024387,67183.3017236579,-1023.2950193463)
(-306813.600590277,68140.1011106672,-6415.96149255677)
(-327139.735513268,72691.6625285086,-18064.2426864845)
(-390272.26103493,86998.2540301605,-27940.4988724906)
(-639496.969521848,117582.440328306,86603.7388797916)
(-520851.07497195,75485.8836054231,68041.5563792085)
(-544963.234107022,27813.4063296935,-147653.53440409)
(-574940.136336052,262.803532162354,-1065909.50448999)
(0,0,0)
(0,0,0)
(0,0,0)
(0,0,0)
(0,0,0)
(0,0,0)
(-422701.330005837,-131711.460921157,421.391662461759)
(-423560.239090624,-131864.612693657,509.601876668625)
(-425714.741264279,-131976.309283045,-139.685158547592)
(-430584.035367062,-131492.007478465,-1860.69399813867)
(-441815.748145626,-129321.67360239,-3661.88527606798)
(-468644.206381439,-124366.374450182,2871.71021002298)
(-527161.117023006,-120817.617000272,44850.7936912772)
(-546107.921779855,-148145.289856162,20693.1104666693)
(-596296.128438149,-172874.070536162,-174865.848675806)
(-605818.075410722,-150370.707132805,-1065798.18064389)
(0,0,0)
(0,0,0)
(0,0,0)
(0,0,0)
(0,0,0)
(0,0,0)
(-517725.812501673,-1041013.54168563,235.242249240885)
(-518150.15671284,-1041198.35543524,371.196850796816)
(-519195.655238498,-1041532.58182671,346.969996098079)
(-521448.824962348,-1041911.30607108,356.651917754503)
(-526287.818619594,-1042342.91033437,1435.7481386819)
(-536397.790739146,-1043953.51381513,6677.22520072514)
(-555047.785355442,-1050872.14707634,17887.284790025)
(-575687.323124996,-1069087.74465634,-3643.78458110476)
(-606034.723326404,-1065867.88594127,-151944.397620138)
(-584890.090708416,-914411.92787847,-914971.583642844)
(0,0,0)
(0,0,0)
(0,0,0)
(0,0,0)
(0,0,0)
(0,0,0)
(0,0,0)
(0,0,0)
(0,0,0)
(0,0,0)
(0,0,0)
(0,0,0)
(0,0,0)
(0,0,0)
(0,0,0)
(0,0,0)
(0,0,0)
(0,0,0)
(0,0,0)
(0,0,0)
(0,0,0)
(0,0,0)
(0,0,0)
(0,0,0)
(0,0,0)
(0,0,0)
(0,0,0)
(0,0,0)
(0,0,0)
(0,0,0)
(0,0,0)
(0,0,0)
(0,0,0)
(0,0,0)
(0,0,0)
(0,0,0)
(0,0,0)
(0,0,0)
(0,0,0)
(0,0,0)
(0,0,0)
(0,0,0)
(0,0,0)
(0,0,0)
(0,0,0)
(0,0,0)
(0,0,0)
(0,0,0)
(0,0,0)
(0,0,0)
(0,0,0)
(0,0,0)
(0,0,0)
(0,0,0)
(0,0,0)
(0,0,0)
(0,0,0)
(0,0,0)
(0,0,0)
(0,0,0)
(0,0,0)
(0,0,0)
(0,0,0)
(0,0,0)
(0,0,0)
(0,0,0)
(0,0,0)
(0,0,0)
(0,0,0)
(0,0,0)
(0,0,0)
(0,0,0)
(0,0,0)
(0,0,0)
(0,0,0)
(0,0,0)
(0,0,0)
(0,0,0)
(0,0,0)
(0,0,0)
(0,0,0)
(0,0,0)
(0,0,0)
(0,0,0)
(0,0,0)
(0,0,0)
(0,0,0)
(0,0,0)
(0,0,0)
(0,0,0)
(0,0,0)
(0,0,0)
(0,0,0)
(0,0,0)
(0,0,0)
(0,0,0)
(0,0,0)
(0,0,0)
(0,0,0)
(0,0,0)
(0,0,0)
(0,0,0)
(-83500.5228071665,7232.36595018008,5734.21884727153)
(-86089.9395344889,6675.45467871378,11563.055627555)
(-91693.2051058435,5422.52685295152,17491.6741291179)
(-101348.815829766,3073.56196599371,23270.797579668)
(-116815.487656379,-801.110850397968,27720.2210320682)
(-140563.280308811,-6319.04067865991,26933.3673763247)
(-174723.704913074,-11860.1216425252,9400.18122507853)
(-217103.282327923,-11866.3617922643,-55039.5898832164)
(-251059.609673248,-7259.0913080484,-218256.495798503)
(-218230.9723189,-3057.02461985716,-513912.631221404)
(0,0,0)
(0,0,0)
(0,0,0)
(0,0,0)
(0,0,0)
(0,0,0)
(-86258.0307532447,14793.4949890269,5118.51314890708)
(-88723.994399426,13739.3225798001,10197.3520719168)
(-94017.3514497108,11302.3927954591,15066.4823573125)
(-103161.147801274,6529.90141351499,19331.9618710302)
(-117944.526195786,-2075.66934931884,22111.7555850693)
(-141011.688722205,-16386.9601123024,21320.9445690922)
(-174961.909919881,-34579.2376442904,9359.41413827817)
(-216074.124599509,-34116.8457775333,-50421.8781540786)
(-249392.033999152,-18139.7072527207,-214032.129481002)
(-217199.883733364,-6845.66015984316,-510798.605371048)
(0,0,0)
(0,0,0)
(0,0,0)
(0,0,0)
(0,0,0)
(0,0,0)
(-92375.0937350912,22662.2440958728,4030.99573017291)
(-94565.4291098391,21311.4492390824,7658.22087291104)
(-99238.5654440434,18036.6064640128,10253.5226079909)
(-107322.522333178,11244.4850336267,10678.8950921472)
(-120666.102525392,-2717.5308385651,7688.32436977349)
(-142787.115653507,-32349.6769489144,3074.06413077887)
(-180165.571460092,-89333.7522226228,9838.9964174043)
(-216048.27064105,-88091.1770101158,-34422.1203038047)
(-245282.885270137,-35540.1191028591,-202662.421150872)
(-214662.19466109,-11002.6924537026,-503818.767696459)
(0,0,0)
(0,0,0)
(0,0,0)
(0,0,0)
(0,0,0)
(0,0,0)
(-103032.960656681,30211.1005751343,2588.3312150494)
(-104827.815209351,28850.9885180804,4246.17280784834)
(-108594.05400318,25523.4727249272,3387.26495631927)
(-114958.064735198,18481.7363685046,-3353.67659882668)
(-125415.535325422,2381.15018003778,-22053.8371095471)
(-145958.694601298,-43235.9321917907,-53969.9006063695)
(-220180.484049086,-220031.64274184,11042.0538932078)
(-231587.196007328,-230929.268312754,18111.7592258118)
(-235667.800090368,-52359.5859220517,-178063.370688184)
(-209532.960477392,-11674.1618513177,-492668.426134069)
(0,0,0)
(0,0,0)
(0,0,0)
(0,0,0)
(0,0,0)
(0,0,0)
(-120017.22715922,35243.6322511508,1138.71761145154)
(-121332.183409204,34172.7992386904,821.971574901573)
(-123934.531506934,31744.8028079603,-3732.11417260997)
(-127683.689214175,27195.7037139574,-19504.3651478235)
(-130377.63748241,18823.7888032693,-67746.2988114222)
(-117536.219020037,4995.50418797002,-230791.023503009)
(-5.75465590394965e-05,-1.56588299634634e-05,3.87894243978101e-05)
(-305.878300458895,-141.864720432232,196688.676949907)
(-197311.307579865,-4547.32850045272,-137285.128995151)
(-200279.614028704,-561.522081307414,-480868.885471304)
(0,0,0)
(0,0,0)
(0,0,0)
(0,0,0)
(0,0,0)
(0,0,0)
(-145430.844843802,32287.8892427256,55.4899642515999)
(-146289.033770311,31679.9009696783,-1659.75495902008)
(-147841.729402055,30539.4911492347,-8404.50028027747)
(-149450.900929392,28820.9180550531,-27950.3781459119)
(-147562.142917312,26040.3701525719,-81646.6216021572)
(-124956.906898244,20053.634548679,-235831.503142788)
(-5.16489824410413e-05,-2.10680840497479e-05,2.99474469286912e-05)
(-90.6748049962412,-174.085915637941,192324.945067407)
(-192450.864530132,13560.8297437482,-133214.04532482)
(-200184.60734807,5807.96569515764,-480223.532603827)
(0,0,0)
(0,0,0)
(0,0,0)
(0,0,0)
(0,0,0)
(0,0,0)
(-180818.464725831,9052.24234793837,-524.443353525862)
(-181288.160446657,8937.0796839984,-2842.56365927054)
(-181999.106381143,9119.19158460089,-10206.835919498)
(-181986.740555983,10456.7877231781,-30724.0903573693)
(-176837.47054238,14467.0553676438,-87693.3329826946)
(-146738.543612645,21062.6250703391,-256046.67676258)
(-0.00013801638643715,4.89522618328996e-05,3.82815991921869e-05)
(-81.2271910921368,204787.489641076,206264.883995456)
(-206337.478369201,42081.7408012496,-140781.971831136)
(-208431.649557328,5102.30997725397,-485859.445607447)
(0,0,0)
(0,0,0)
(0,0,0)
(0,0,0)
(0,0,0)
(0,0,0)
(-223681.602178725,-60874.3742014947,-623.798673983808)
(-223887.492570559,-60642.4124240946,-2705.99059444629)
(-224033.682170789,-59512.0861084843,-8943.33475496487)
(-223101.501646091,-55493.4622408879,-26705.1837350903)
(-216419.359728723,-41849.3998475921,-81109.1043044116)
(-181865.201637003,8716.76322048693,-277170.301852486)
(-16.9298829449288,230025.776068681,205223.507268621)
(-205115.920249486,50307.2625593654,43968.5796278578)
(-258024.770171567,-23446.682619514,-177441.460886832)
(-226087.951322759,-30542.0091068445,-490649.326816028)
(0,0,0)
(0,0,0)
(0,0,0)
(0,0,0)
(0,0,0)
(0,0,0)
(-256559.428131721,-226603.818539807,-412.457535792408)
(-256656.017660649,-226307.853062102,-1651.23832775587)
(-256636.657110836,-225253.225107922,-4988.18348173415)
(-255920.690403097,-222127.572693507,-13017.41799308)
(-252698.336366125,-213576.715595638,-30407.5140245291)
(-242772.376639341,-191946.13039582,-55616.4501503297)
(-230151.759131181,-148529.562615266,25929.5306417908)
(-262893.66718301,-177573.629684875,-29403.8317108071)
(-282486.306321558,-182464.534747725,-184195.801699181)
(-231522.03559642,-129336.961619562,-459696.889000774)
(0,0,0)
(0,0,0)
(0,0,0)
(0,0,0)
(0,0,0)
(0,0,0)
(-221278.50767014,-522886.143687656,-164.979683675134)
(-221316.927539718,-522646.644627425,-659.417291472044)
(-221309.506801361,-521905.998441194,-1892.79239532947)
(-221036.532128786,-519997.631207598,-4435.02671477996)
(-220051.670984978,-515609.30319919,-8638.58674583513)
(-217907.316976102,-507137.851979825,-11937.3389248825)
(-217300.477486632,-495481.966422183,-2732.2429867556)
(-228981.980444041,-493103.139147746,-33908.076204813)
(-232119.790940188,-459607.095829704,-130680.447509048)
(-185626.726853657,-329376.44946383,-329904.323519535)
(0,0,0)
(0,0,0)
(0,0,0)
(0,0,0)
(0,0,0)
(0,0,0)
(0,0,0)
(0,0,0)
(0,0,0)
(0,0,0)
(0,0,0)
(0,0,0)
(0,0,0)
(0,0,0)
(0,0,0)
(0,0,0)
(0,0,0)
(0,0,0)
(0,0,0)
(0,0,0)
(0,0,0)
(0,0,0)
(0,0,0)
(0,0,0)
(0,0,0)
(0,0,0)
(0,0,0)
(0,0,0)
(0,0,0)
(0,0,0)
(0,0,0)
(0,0,0)
(0,0,0)
(0,0,0)
(0,0,0)
(0,0,0)
(0,0,0)
(0,0,0)
(0,0,0)
(0,0,0)
(0,0,0)
(0,0,0)
(0,0,0)
(0,0,0)
(0,0,0)
(0,0,0)
(0,0,0)
(0,0,0)
(0,0,0)
(0,0,0)
(0,0,0)
(0,0,0)
(0,0,0)
(0,0,0)
(0,0,0)
(0,0,0)
(0,0,0)
(0,0,0)
(0,0,0)
(0,0,0)
(0,0,0)
(0,0,0)
(0,0,0)
(0,0,0)
(0,0,0)
(0,0,0)
(0,0,0)
(0,0,0)
(0,0,0)
(0,0,0)
(0,0,0)
(0,0,0)
(0,0,0)
(0,0,0)
(0,0,0)
(0,0,0)
(0,0,0)
(0,0,0)
(0,0,0)
(0,0,0)
(0,0,0)
(0,0,0)
(0,0,0)
(0,0,0)
(0,0,0)
(0,0,0)
(0,0,0)
(0,0,0)
(0,0,0)
(0,0,0)
(0,0,0)
(0,0,0)
(0,0,0)
(0,0,0)
(0,0,0)
(0,0,0)
(0,0,0)
(0,0,0)
(0,0,0)
(0,0,0)
(0,0,0)
(0,0,0)
(-91219.2785643716,4443.20304232788,3275.55271487843)
(-92985.7866576216,4016.80386908908,6154.59596892173)
(-96635.6047411854,3044.75518093638,8052.24042332517)
(-102495.382188431,1209.98656791152,7988.82021407942)
(-110975.19930784,-1944.43157786199,4092.9634433962)
(-122583.13763227,-6780.43720900737,-7106.74202413856)
(-136916.292909805,-12108.306525336,-32805.847502074)
(-150336.415979407,-10821.3510703334,-88751.3627802553)
(-149070.523188002,-5571.77753727806,-185168.671728227)
(-106026.243835521,-2021.2376734947,-295352.162538062)
(0,0,0)
(0,0,0)
(0,0,0)
(0,0,0)
(0,0,0)
(0,0,0)
(-93269.1279933234,8647.19421020061,2807.10607220278)
(-94844.5817839032,7856.75136963773,5087.74595612794)
(-97990.4170531445,6002.91385683084,6102.65288366635)
(-102835.386364652,2280.62056540152,4706.25744955843)
(-109476.573937278,-4852.10495777385,-854.021429041044)
(-117927.460685647,-18234.0160133247,-12484.6706612833)
(-128151.186705085,-39874.3617482571,-31529.3386531622)
(-140847.822941203,-34117.873949957,-83459.1174318409)
(-142859.844247476,-14036.9013075098,-181526.183413286)
(-103219.827228514,-4322.3441801852,-293205.13341143)
(0,0,0)
(0,0,0)
(0,0,0)
(0,0,0)
(0,0,0)
(0,0,0)
(-97774.1990528796,12063.9996240678,1982.29990391882)
(-98942.2364696407,11078.8506643998,3137.00796896241)
(-101085.732971809,8676.00844097784,2311.08091258327)
(-103819.889876043,3587.23353536592,-2498.1645145138)
(-106142.583871211,-7535.98504616625,-14337.8030803021)
(-105591.085456423,-35610.8499393208,-34156.9993513821)
(-98978.5060288153,-129461.56499823,-25756.8615326845)
(-108923.695792461,-103668.812753163,-63330.4975780701)
(-125028.84922519,-25942.3290401911,-171679.105890355)
(-96055.7121391917,-5901.89873197561,-288706.033860479)
(0,0,0)
(0,0,0)
(0,0,0)
(0,0,0)
(0,0,0)
(0,0,0)
(-105356.992332298,13464.3703568158,923.660942868196)
(-105974.492368469,12548.7843750317,600.404391348807)
(-106740.53931277,10305.7363418775,-2882.83819995822)
(-106425.99945013,5840.18791595419,-13667.8578656155)
(-101604.136368696,-2552.85427466178,-42462.3875938537)
(-81209.3000355558,-14808.5282070193,-128014.103891898)
(-2.67393522625809e-05,-2.94569444672777e-06,1.16644393626008e-05)
(-526.205103416964,253.19089157063,14381.1375917782)
(-81611.8755685716,-14063.0321459129,-151554.083824291)
(-81880.7905573909,-2464.4057784193,-282643.746697878)
(0,0,0)
(0,0,0)
(0,0,0)
(0,0,0)
(0,0,0)
(0,0,0)
(-116641.405154567,10178.6686049498,-90.1202527836937)
(-116685.638686332,9542.41197479988,-1730.29257542916)
(-116048.470067761,8109.6874958971,-7420.3051686223)
(-112817.978359981,5632.62912186693,-22078.4572287317)
(-102019.664846788,1768.03983450698,-54757.3239735154)
(-71604.1658768581,-2348.16434308846,-113149.740980611)
(4.16025864607951e-06,-1.57887781684189e-06,-6.70067053282274e-05)
(-6.34187194710936e-05,-9.02148373386016e-06,5.12697995103302e-06)
(-277.460069693311,305.300918638205,-139922.077790226)
(-62106.9151858565,-437.915625371629,-280121.266786091)
(0,0,0)
(0,0,0)
(0,0,0)
(0,0,0)
(0,0,0)
(0,0,0)
(-131707.062971874,-2787.22646029373,-757.886806685582)
(-131290.522833257,-3022.61648222321,-3191.3692867154)
(-129598.455630392,-3362.81696567676,-9962.13859680433)
(-124305.673193865,-3513.7144758637,-25961.022734602)
(-109758.097122412,-3073.80718134519,-58923.2215136425)
(-73882.534643607,-1565.1132285849,-110780.64488277)
(1.61968931974946e-08,-4.93542664443952e-06,-5.21512577737386e-05)
(-4.61526739668835e-05,-1.64193430633342e-05,1.42364928566849e-06)
(-636.009728076905,-231.918084277113,-140675.248853561)
(-59310.2804170888,-2353.1515834924,-279634.339826435)
(0,0,0)
(0,0,0)
(0,0,0)
(0,0,0)
(0,0,0)
(0,0,0)
(-149026.397381034,-33570.7618030881,-1008.53200200227)
(-148315.52428944,-33420.6056057522,-3583.17903568085)
(-146041.801693448,-32727.6705784916,-10175.6301105674)
(-139663.904464569,-30503.6490662218,-25508.5316116202)
(-122962.530968998,-24972.1772957178,-57485.1010706313)
(-82633.3160224211,-13899.2793029114,-109256.162586538)
(-6.66337287320646e-06,-7.94020318812982e-05,-6.05345922332434e-05)
(-7.97353213478485e-05,-2.83799439251943e-07,2.76303819071005e-06)
(-734.637586286165,-9510.26697669428,-142676.985122791)
(-63844.356659522,-12480.4137829159,-277137.015821155)
(0,0,0)
(0,0,0)
(0,0,0)
(0,0,0)
(0,0,0)
(0,0,0)
(-162714.883052334,-93673.4911867951,-863.989742689655)
(-161963.13956536,-93293.513436987,-2915.43491665799)
(-159668.087062592,-91998.3235065763,-8010.37709676559)
(-153420.6046682,-88231.2588304045,-19963.6643104725)
(-136861.720024596,-78051.6143288139,-46441.8669814955)
(-94769.6819980402,-52099.692915062,-95336.9730083083)
(-9.42064568594843e-05,3.72250912512163e-06,7.79007835908893e-06)
(-269.203883940831,-7359.21002419823,-8909.4208946535)
(-83242.0120910267,-47848.6255676006,-145353.820384288)
(-83626.5580444573,-35939.6259860708,-264356.001459452)
(0,0,0)
(0,0,0)
(0,0,0)
(0,0,0)
(0,0,0)
(0,0,0)
(-158487.376010676,-191229.314233757,-516.229074081524)
(-157927.793044379,-190864.616260438,-1673.35086689956)
(-156203.387484409,-189812.667197243,-4292.27680265975)
(-151566.719163548,-187126.941133447,-9750.56573916877)
(-139262.395134807,-180822.592938901,-20415.5283603969)
(-105299.920056948,-166983.976670461,-43003.7011873858)
(-409.059622176661,-135562.098386137,-6821.2804715222)
(-84561.3107814776,-143572.86722413,-48939.9796731346)
(-114131.608882765,-132043.972330246,-133099.330349284)
(-89107.2346515336,-83429.3994309893,-228024.35784925)
(0,0,0)
(0,0,0)
(0,0,0)
(0,0,0)
(0,0,0)
(0,0,0)
(-110980.253920221,-301316.296026097,-211.271957574275)
(-110679.964909859,-301048.209278713,-664.641569175442)
(-109820.85144963,-300352.003292599,-1613.96082556611)
(-107640.568742807,-298732.134366994,-3404.73097800636)
(-102437.79864536,-295377.610337798,-6463.58591872254)
(-90983.6268519068,-289053.917180645,-11317.3355327402)
(-71771.1599575774,-278006.323867025,-14402.4275809192)
(-85995.6327527881,-263974.023089011,-36987.6194072879)
(-89643.127190309,-227411.631592103,-84096.6238953226)
(-65225.4767675404,-143742.627477523,-144184.645934915)
(0,0,0)
(0,0,0)
(0,0,0)
(0,0,0)
(0,0,0)
(0,0,0)
(0,0,0)
(0,0,0)
(0,0,0)
(0,0,0)
(0,0,0)
(0,0,0)
(0,0,0)
(0,0,0)
(0,0,0)
(0,0,0)
(0,0,0)
(0,0,0)
(0,0,0)
(0,0,0)
(0,0,0)
(0,0,0)
(0,0,0)
(0,0,0)
(0,0,0)
(0,0,0)
(0,0,0)
(0,0,0)
(0,0,0)
(0,0,0)
(0,0,0)
(0,0,0)
(0,0,0)
(0,0,0)
(0,0,0)
(0,0,0)
(0,0,0)
(0,0,0)
(0,0,0)
(0,0,0)
(0,0,0)
(0,0,0)
(0,0,0)
(0,0,0)
(0,0,0)
(0,0,0)
(0,0,0)
(0,0,0)
(0,0,0)
(0,0,0)
(0,0,0)
(0,0,0)
(0,0,0)
(0,0,0)
(0,0,0)
(0,0,0)
(0,0,0)
(0,0,0)
(0,0,0)
(0,0,0)
(0,0,0)
(0,0,0)
(0,0,0)
(0,0,0)
(0,0,0)
(0,0,0)
(0,0,0)
(0,0,0)
(0,0,0)
(0,0,0)
(0,0,0)
(0,0,0)
(0,0,0)
(0,0,0)
(0,0,0)
(0,0,0)
(0,0,0)
(0,0,0)
(0,0,0)
(0,0,0)
(0,0,0)
(0,0,0)
(0,0,0)
(0,0,0)
(0,0,0)
(0,0,0)
(0,0,0)
(0,0,0)
(0,0,0)
(0,0,0)
(0,0,0)
(0,0,0)
(0,0,0)
(0,0,0)
(0,0,0)
(0,0,0)
(0,0,0)
(0,0,0)
(0,0,0)
(0,0,0)
(0,0,0)
(0,0,0)
(-95133.4884351207,2324.31663652769,1589.8932342282)
(-96120.0480953846,2103.04557728233,2621.10909471063)
(-97947.2342302513,1619.43364222242,2313.30494155305)
(-100523.266866702,798.333090557461,-457.143470733493)
(-103508.050658046,-492.459138764888,-7431.83298176497)
(-106537.029775584,-2194.16660546239,-21283.7742329864)
(-108809.923207714,-3396.31827925541,-45993.8256558269)
(-107791.150341536,-1327.87916952523,-87211.2121241794)
(-95104.8573208275,666.836576115669,-141843.71456745)
(-59683.9335950913,792.782717284713,-188978.807525198)
(0,0,0)
(0,0,0)
(0,0,0)
(0,0,0)
(0,0,0)
(0,0,0)
(-96401.912526731,4109.26812047116,1347.83304946784)
(-97188.9685694814,3705.65450074376,2089.61091158573)
(-98500.4972340996,2826.79399212497,1392.33074263871)
(-99999.1583871056,1209.09154959735,-1854.65569394985)
(-101012.753071317,-1601.27536816371,-9209.66033050971)
(-100762.443609811,-6025.81671490019,-22543.0272969098)
(-99258.4934405325,-10852.1541364241,-43979.8847042841)
(-98725.0348667063,-2240.71384400441,-85189.8381043013)
(-89548.1992635061,3785.42861660733,-141620.075128759)
(-57251.335224456,2822.74915174957,-189618.533567282)
(0,0,0)
(0,0,0)
(0,0,0)
(0,0,0)
(0,0,0)
(0,0,0)
(-99150.8090177231,4561.10429278907,924.773792530252)
(-99530.901930293,4081.36620779523,1137.72754613151)
(-99826.5371029694,3008.43542322587,-303.109753807429)
(-99128.3479895779,935.176486473989,-4720.73657715548)
(-95648.20709627,-3092.57724647751,-13723.8114737827)
(-86550.7080106609,-11369.5764309851,-27420.4292034637)
(-71099.3723665981,-30768.5135453098,-35383.2034567941)
(-72067.9366660946,4609.44805205736,-79089.1244792203)
(-75299.2479759757,17391.9663880411,-142425.263499874)
(-51630.0487464401,8228.80974193122,-192256.987482784)
(0,0,0)
(0,0,0)
(0,0,0)
(0,0,0)
(0,0,0)
(0,0,0)
(-103582.325375878,2385.53502863398,400.902307732918)
(-103428.618837031,1988.8973276383,-52.5023435455989)
(-102380.033388914,1075.93714852193,-2480.50999269911)
(-98717.6123632135,-502.957132960782,-8750.76346017862)
(-88484.2611987252,-2948.15625906075,-22015.0596175642)
(-62580.2717184818,-5199.46686469654,-46814.1975009247)
(-2.2957041168531e-05,-3.22417264242738e-06,-3.36385209284521e-06)
(-333.06667741111,646.032612948429,-66317.5128592355)
(-46247.1545485892,67224.8357829983,-151515.103274177)
(-42100.4081737731,17296.5066602176,-200363.182576088)
(0,0,0)
(0,0,0)
(0,0,0)
(0,0,0)
(0,0,0)
(0,0,0)
(-109549.384956292,-4626.06361738347,-80.4215522528545)
(-108879.919298452,-4845.74465365109,-1051.4989588421)
(-106612.659058142,-5271.23352304003,-4140.13929689999)
(-100553.819193056,-5727.9669803391,-11179.2886164473)
(-86016.8801688707,-5887.87522472219,-24242.3543287038)
(-54926.3368072496,-4610.14165890245,-41509.5086041072)
(4.07737478016909e-06,-6.01749491806412e-07,-3.94415506589238e-06)
(-5.53291151009864e-05,-2.09545443572254e-06,-1.01983776418721e-05)
(-493.530009441993,-45.8225984290555,-201447.942562136)
(-31057.6749670148,2401.67927746192,-217602.355398214)
(0,0,0)
(0,0,0)
(0,0,0)
(0,0,0)
(0,0,0)
(0,0,0)
(-116244.061963401,-19756.6969675314,-332.367658325769)
(-115219.836270208,-19749.987886667,-1498.81098836197)
(-112169.43333907,-19551.3168989185,-4647.74990380923)
(-104693.064974398,-18647.6194104863,-11340.7056931291)
(-87933.5649425761,-16100.9241785534,-22952.1889191346)
(-54436.3609772115,-10203.2909591728,-36805.2132852623)
(6.48147154846334e-07,-2.32845711227436e-06,-3.33427966948952e-12)
(-3.82983813682163e-05,-2.57863968158077e-06,-7.37111068708906e-06)
(-542.913411607253,-277.325367361664,-198960.851041725)
(-29141.262107,-6808.29810670632,-219919.891967629)
(0,0,0)
(0,0,0)
(0,0,0)
(0,0,0)
(0,0,0)
(0,0,0)
(-121465.589952717,-46987.2791644883,-330.225231368629)
(-120281.263011154,-46801.0429014921,-1313.4314948346)
(-117011.961375321,-46125.8540343147,-3768.73467756566)
(-109247.627543807,-44058.0624095134,-8774.56859930284)
(-92051.1620861613,-38707.6574913262,-17079.2041693689)
(-57487.0599483344,-25898.7207114361,-26530.0304911924)
(-4.5368144870532e-06,-4.96318953657059e-06,-3.94886883069641e-12)
(-6.64912151576085e-05,-4.93369734513669e-06,-1.08890524755531e-05)
(-125.471573591445,-91938.6881167857,-205412.917889055)
(-30905.0804470304,-32197.3389393727,-212963.153268906)
(0,0,0)
(0,0,0)
(0,0,0)
(0,0,0)
(0,0,0)
(0,0,0)
(-120206.081334904,-89346.9923869982,-149.088494918106)
(-119148.854978882,-89118.5662643017,-645.849718585096)
(-116285.098535755,-88402.9255351026,-1751.76674463977)
(-109528.219846486,-86290.1630503052,-3412.05092555981)
(-94320.2300021184,-80370.9447256996,-4290.25371366401)
(-61882.75696559,-62509.473782779,-566.425674772075)
(-8.05036325386381e-05,-1.59199103253109e-05,-2.15445788939964e-06)
(45.9894659544643,-91504.4365765195,-91633.3002844281)
(-42660.257179891,-78677.8610905463,-145475.882221802)
(-39416.6155396841,-41391.8571643704,-180491.306501571)
(0,0,0)
(0,0,0)
(0,0,0)
(0,0,0)
(0,0,0)
(0,0,0)
(-104251.179515868,-143617.13756723,33.948685421706)
(-103522.074653593,-143525.275197137,34.9392274616689)
(-101539.054783193,-143350.392534759,318.073525898099)
(-96954.9739784373,-143110.246365955,2526.41165644866)
(-86782.9054908863,-143900.004311437,13575.9815982667)
(-63561.0421716379,-152595.04674275,61922.6766729252)
(405.127775785883,-206816.174441057,-90875.9411915657)
(-43587.104851269,-144958.017840088,-78396.5658582045)
(-55758.3425396718,-107546.005841954,-107901.687449885)
(-40065.8821664548,-59571.9043136351,-138762.992785711)
(0,0,0)
(0,0,0)
(0,0,0)
(0,0,0)
(0,0,0)
(0,0,0)
(-64421.5311257309,-190237.245860934,61.3854992210321)
(-64048.3054185543,-190277.283852576,181.734663355314)
(-63084.440586758,-190465.651848651,560.583114374606)
(-60955.3103194244,-191037.882469573,1802.96079460709)
(-56616.069020052,-192913.076303452,4994.30316132543)
(-48464.7894675459,-198035.689739485,7916.10877369466)
(-35932.4767110866,-206166.936704104,-28571.8122097482)
(-41045.8104626979,-177917.408057613,-40562.24428231)
(-40457.4916285243,-137725.703498089,-59568.1821879504)
(-27012.3479894576,-78513.2158757716,-78839.9994038981)
(0,0,0)
(0,0,0)
(0,0,0)
(0,0,0)
(0,0,0)
(0,0,0)
(0,0,0)
(0,0,0)
(0,0,0)
(0,0,0)
(0,0,0)
(0,0,0)
(0,0,0)
(0,0,0)
(0,0,0)
(0,0,0)
(0,0,0)
(0,0,0)
(0,0,0)
(0,0,0)
(0,0,0)
(0,0,0)
(0,0,0)
(0,0,0)
(0,0,0)
(0,0,0)
(0,0,0)
(0,0,0)
(0,0,0)
(0,0,0)
(0,0,0)
(0,0,0)
(0,0,0)
(0,0,0)
(0,0,0)
(0,0,0)
(0,0,0)
(0,0,0)
(0,0,0)
(0,0,0)
(0,0,0)
(0,0,0)
(0,0,0)
(0,0,0)
(0,0,0)
(0,0,0)
(0,0,0)
(0,0,0)
(0,0,0)
(0,0,0)
(0,0,0)
(0,0,0)
(0,0,0)
(0,0,0)
(0,0,0)
(0,0,0)
(0,0,0)
(0,0,0)
(0,0,0)
(0,0,0)
(0,0,0)
(0,0,0)
(0,0,0)
(0,0,0)
(0,0,0)
(0,0,0)
(0,0,0)
(0,0,0)
(0,0,0)
(0,0,0)
(0,0,0)
(0,0,0)
(0,0,0)
(0,0,0)
(0,0,0)
(0,0,0)
(0,0,0)
(0,0,0)
(0,0,0)
(0,0,0)
(0,0,0)
(0,0,0)
(0,0,0)
(0,0,0)
(0,0,0)
(0,0,0)
(0,0,0)
(0,0,0)
(0,0,0)
(0,0,0)
(0,0,0)
(0,0,0)
(0,0,0)
(0,0,0)
(0,0,0)
(0,0,0)
(0,0,0)
(0,0,0)
(0,0,0)
(0,0,0)
(0,0,0)
(0,0,0)
(-96713.7945266024,899.4287032586,680.877388211622)
(-97183.5675405482,912.055574407188,832.341258966308)
(-97870.6331928731,970.645268646131,-214.905047056347)
(-98488.8443688187,1219.21922807079,-3468.5467730077)
(-98430.9424445704,1915.15251875242,-10460.8075052327)
(-97069.3108623277,3495.20973309775,-23423.7361515853)
(-93527.6319896897,6076.67886754618,-44782.7062371526)
(-86000.2363460815,7709.16536289542,-74282.7855954972)
(-69437.6999397051,6224.60109909547,-106174.544075715)
(-40057.8866256557,3221.050338024,-129021.64138317)
(0,0,0)
(0,0,0)
(0,0,0)
(0,0,0)
(0,0,0)
(0,0,0)
(-97380.6822717548,1215.20301048532,662.995437797782)
(-97703.1875184318,1238.56432233385,850.705638822634)
(-98031.7693517049,1388.13942782923,-35.5164027555636)
(-97925.8087781578,1949.25388213477,-2838.90066576964)
(-96628.9690488467,3637.45390409678,-8944.98607358883)
(-93362.6740229213,8068.50802573913,-20918.0539531231)
(-88039.5739936842,17183.4926111959,-43243.7871436309)
(-82854.5168937484,24362.7214349505,-75767.8611886549)
(-68005.0387355905,18018.7514748754,-109105.172092351)
(-39489.1436213943,8421.5810050849,-132067.894362479)
(0,0,0)
(0,0,0)
(0,0,0)
(0,0,0)
(0,0,0)
(0,0,0)
(-98695.8737785995,118.169529407627,642.098241952636)
(-98723.9688681978,167.830614681093,905.898887507406)
(-98348.3038127554,397.30667465245,418.498350468036)
(-96775.1337544714,1248.57695758846,-1234.03896008984)
(-92576.9771555523,3964.03186943916,-4631.8468661518)
(-83732.3422207697,12502.7837610109,-11884.4883913113)
(-69869.4131050585,40178.3544478367,-36109.3094894997)
(-78053.6358139178,76282.6022464113,-82043.4911531429)
(-67162.4824770875,46392.188694407,-118553.69387154)
(-39179.5172634567,17729.5687189648,-140312.213068414)
(0,0,0)
(0,0,0)
(0,0,0)
(0,0,0)
(0,0,0)
(0,0,0)
(-100577.353868905,-3529.40452273693,642.602545169057)
(-100225.135190583,-3440.88872834029,1047.83824173918)
(-98932.3285115052,-3189.82751276736,1187.26755174845)
(-95356.8360739427,-2390.30960746253,1465.37782753116)
(-86431.6989181709,-505.486636871263,3882.33405329493)
(-64435.6278659376,2458.76064222986,15781.7133195311)
(-1.72589287636009e-05,7.86705948139029e-06,-1.15249132512454e-05)
(-90410.9176396101,904.507602543575,-111898.684201433)
(-77634.3547829984,112994.743563871,-147114.038836488)
(-41934.0842989648,28352.38928216,-157903.183274483)
(0,0,0)
(0,0,0)
(0,0,0)
(0,0,0)
(0,0,0)
(0,0,0)
(-102492.821318423,-11223.5629167109,637.594756098858)
(-101802.952740447,-11116.4650595946,1236.20452935387)
(-99717.6114550856,-10795.6749512236,1947.00436475392)
(-94517.1835486132,-9877.51585668632,3397.57496953627)
(-82252.4338394421,-7806.49994478412,6934.14194801637)
(-54959.4001767728,-4130.31461728908,13556.280577061)
(8.99707165077533e-06,7.57921866917444e-07,2.65792560988978e-06)
(-3.71927007995226e-05,2.76873986059175e-06,-1.86537462554229e-05)
(-142094.99137927,-50.4228403621577,-231695.955735993)
(-52644.2279878741,4372.31045861719,-186129.323891594)
(0,0,0)
(0,0,0)
(0,0,0)
(0,0,0)
(0,0,0)
(0,0,0)
(-103446.518831275,-24725.2063327509,704.100283914388)
(-102568.007610552,-24607.1790009056,1542.98556557489)
(-100062.140731364,-24212.9209780826,2852.93898472621)
(-94148.6240846444,-23058.9695085781,5489.95174686656)
(-80823.3925207591,-20101.895005608,10675.1743858771)
(-52549.8903084477,-13188.8244740548,17847.2135738789)
(1.92303745121466e-06,3.40595065166533e-07,2.45123438184161e-13)
(-2.63898482191873e-05,3.03433496768078e-06,-1.21741280109947e-05)
(-134458.890157467,186.66743236142,-227191.692505504)
(-53080.8519498456,-8525.69423753863,-190354.09796652)
(0,0,0)
(0,0,0)
(0,0,0)
(0,0,0)
(0,0,0)
(0,0,0)
(-101512.947489623,-45502.8385521982,824.989756360635)
(-100595.301734,-45426.4537540888,1958.30323238808)
(-98172.4635485749,-45132.6643187751,4038.54874633548)
(-92662.3676288688,-44093.3581019491,8487.67742476785)
(-80469.6082497705,-40807.0726081891,17611.3011909601)
(-54024.1962591998,-30215.2369358241,31174.8499635909)
(-1.79882932025335e-06,-9.27877910839089e-07,-3.08434518460704e-13)
(-3.68336997106718e-05,-8.15867487722007e-06,-1.84645059104704e-05)
(-147463.623293523,-134457.292925156,-235902.198217433)
(-52960.8837591272,-40684.2860212212,-181687.803121649)
(0,0,0)
(0,0,0)
(0,0,0)
(0,0,0)
(0,0,0)
(0,0,0)
(-93279.1161135259,-73310.4222462244,880.618472653772)
(-92539.4254434235,-73375.2755249683,2220.01070807811)
(-90702.6191499371,-73529.745319598,5034.61232308378)
(-86794.3009820572,-73609.1530850493,11816.4884417542)
(-78811.0539705635,-72760.6666542094,28260.9064562169)
(-61170.7407279628,-64226.853801634,61560.5070843996)
(-4.66014677295485e-05,-2.56519546202884e-05,-6.6062864520662e-06)
(-108145.829648258,-135193.029303257,-134205.994488212)
(-77579.5402742569,-91751.6103805285,-141992.39393848)
(-39250.3200319399,-42035.1838166759,-140807.791650766)
(0,0,0)
(0,0,0)
(0,0,0)
(0,0,0)
(0,0,0)
(0,0,0)
(-74622.7408458222,-103696.813249167,757.952332894405)
(-74173.8108080324,-103983.626705727,2018.03966809426)
(-73120.4276071953,-104824.421618405,4894.0887909012)
(-71336.1670901379,-107023.088072126,12689.2168896712)
(-70067.6412061141,-113654.901454402,36868.1874050945)
(-79405.9951829271,-137517.408646959,126003.695261703)
(-163918.019167316,-243274.224099272,-134796.304128822)
(-80647.784999448,-142468.311146295,-90460.3421376053)
(-53641.6286760711,-92261.1659453635,-92067.5004363806)
(-29067.7368742351,-46545.815943971,-98555.0136012987)
(0,0,0)
(0,0,0)
(0,0,0)
(0,0,0)
(0,0,0)
(0,0,0)
(-42752.5996148751,-125788.694573093,422.949813072623)
(-42548.8397789307,-126205.806936623,1145.66440434945)
(-42092.0429785944,-127341.167613917,2670.01279169654)
(-41385.0722651507,-130036.687989246,6113.37465454628)
(-41051.8401912901,-136254.380873652,13148.625245029)
(-43719.8766585186,-149593.301906551,20479.6056955981)
(-54754.1273733064,-170320.683634236,-33652.2841072192)
(-40303.4379553329,-136937.945721164,-39925.0220397181)
(-29299.699422742,-97285.9328197717,-46058.0473710993)
(-16388.0768798263,-51488.5157471989,-51739.6186774966)
(0,0,0)
(0,0,0)
(0,0,0)
(0,0,0)
(0,0,0)
(0,0,0)
(0,0,0)
(0,0,0)
(0,0,0)
(0,0,0)
(0,0,0)
(0,0,0)
(0,0,0)
(0,0,0)
(0,0,0)
(0,0,0)
(0,0,0)
(0,0,0)
(0,0,0)
(0,0,0)
(0,0,0)
(0,0,0)
(0,0,0)
(0,0,0)
(0,0,0)
(0,0,0)
(0,0,0)
(0,0,0)
(0,0,0)
(0,0,0)
(0,0,0)
(0,0,0)
(0,0,0)
(0,0,0)
(0,0,0)
(0,0,0)
(0,0,0)
(0,0,0)
(0,0,0)
(0,0,0)
(0,0,0)
(0,0,0)
(0,0,0)
(0,0,0)
(0,0,0)
(0,0,0)
(0,0,0)
(0,0,0)
(0,0,0)
(0,0,0)
(0,0,0)
(0,0,0)
(0,0,0)
(0,0,0)
(0,0,0)
(0,0,0)
(0,0,0)
(0,0,0)
(0,0,0)
(0,0,0)
(0,0,0)
(0,0,0)
(0,0,0)
(0,0,0)
(0,0,0)
(0,0,0)
(0,0,0)
(0,0,0)
(0,0,0)
(0,0,0)
(0,0,0)
(0,0,0)
(0,0,0)
(0,0,0)
(0,0,0)
(0,0,0)
(0,0,0)
(0,0,0)
(0,0,0)
(0,0,0)
(0,0,0)
(0,0,0)
(0,0,0)
(0,0,0)
(0,0,0)
(0,0,0)
(0,0,0)
(0,0,0)
(0,0,0)
(0,0,0)
(0,0,0)
(0,0,0)
(0,0,0)
(0,0,0)
(0,0,0)
(0,0,0)
(0,0,0)
(0,0,0)
(0,0,0)
(0,0,0)
(0,0,0)
(0,0,0)
(-97222.5767721315,146.046936171843,362.735309362893)
(-97404.2208419998,313.193224690278,270.195386122153)
(-97600.8340341869,739.478940130971,-739.082712701709)
(-97453.0028931571,1677.60038430769,-3452.5245726724)
(-96324.2857466853,3622.46099934377,-9181.64226990036)
(-93493.2886306164,7132.99356863329,-19890.6580702482)
(-87669.9264350992,11491.0942445235,-37239.4578693612)
(-76513.0768889149,10817.1807217027,-57543.798048226)
(-58083.5564302394,7651.50313026573,-76549.4446879648)
(-31786.8721230669,3795.99288656194,-88616.4520771072)
(0,0,0)
(0,0,0)
(0,0,0)
(0,0,0)
(0,0,0)
(0,0,0)
(-97456.5417430417,-252.993947951969,474.900355406849)
(-97601.7912284804,51.2444858167946,635.452804333473)
(-97696.9669640234,892.902613858357,147.226742925947)
(-97433.5055277966,2895.0885735335,-1562.56469666034)
(-96319.9906554957,7504.9699882821,-5754.05207894786)
(-93933.7612982523,17569.0499827656,-15619.0212177478)
(-89406.9470532683,35248.9213681679,-38009.4752818084)
(-78473.4880115011,29148.8036437289,-60722.127086076)
(-59623.0750564553,18899.2694257554,-80351.8570606997)
(-32569.3957420425,8769.50949087006,-92245.1215443601)
(0,0,0)
(0,0,0)
(0,0,0)
(0,0,0)
(0,0,0)
(0,0,0)
(-97759.6679011122,-1871.50314943296,682.303323993678)
(-97826.9355496081,-1483.74391103009,1320.25840225057)
(-97751.1394454421,-380.233642031924,1996.23029083192)
(-97282.0279029845,2477.71555506509,2920.49745781438)
(-96255.3426581429,9941.81674853149,4162.0162001611)
(-95643.6855950454,31692.3524923236,1950.05706487686)
(-98398.0318757869,109929.927910965,-44202.3307071847)
(-86066.9638900594,63920.8175585054,-70961.0165458178)
(-64773.5374165408,35927.4142988467,-90378.1064794548)
(-34920.9504117749,14991.2853153276,-100858.449155591)
(0,0,0)
(0,0,0)
(0,0,0)
(0,0,0)
(0,0,0)
(0,0,0)
(-97903.7594615774,-5568.29144424398,1023.19388748789)
(-97852.4032162231,-5182.2632730459,2348.98127515287)
(-97553.2499909462,-4165.37763869339,4755.04675125779)
(-96757.6288816408,-1685.46538763997,10319.0205016534)
(-95630.0234917052,3633.01203130272,25826.1497924129)
(-99033.8113596993,12046.307834041,80070.3779444548)
(-145765.486044492,699.726956722248,-90345.8396889469)
(-109303.063301545,91405.4062798424,-98938.2827483542)
(-78000.4893874128,48561.4784988898,-111206.212343983)
(-40129.2498841985,17655.0405982551,-115674.802041671)
(0,0,0)
(0,0,0)
(0,0,0)
(0,0,0)
(0,0,0)
(0,0,0)
(-97174.6055148629,-12226.2318184895,1339.72457068934)
(-97027.380604666,-11962.4848587566,3344.37402061395)
(-96507.0866476252,-11259.5810038209,7228.05257827671)
(-95039.6581418635,-9629.70524415569,15694.7670280383)
(-90779.2860714465,-6431.78382629088,34286.4151176416)
(-75610.5422758039,-1714.21995739529,68698.0850081023)
(-2.47484835384861e-05,1.23317491075326e-05,2.34781132561712e-05)
(-145108.456678352,31.26239676768,-141857.362145953)
(-100984.063462696,7621.62379811539,-142028.435361751)
(-47792.4906365205,3968.69541080119,-133193.827525651)
(0,0,0)
(0,0,0)
(0,0,0)
(0,0,0)
(0,0,0)
(0,0,0)
(-94624.7878889453,-22633.3688162742,1585.40605545637)
(-94432.7349846383,-22558.7849787387,4046.43354952506)
(-93840.8639777422,-22277.8535362209,8843.42932831017)
(-92293.2217399469,-21545.3977084295,18903.7194478862)
(-87690.5158168955,-19708.3585889778,39047.4175067085)
(-71150.7803383342,-14614.866881644,70548.9544608421)
(-1.88753262265146e-05,1.87660469462836e-05,1.71454650417623e-05)
(-136410.702650596,118.310201772742,-134273.166832839)
(-102722.94015049,-12785.8089667103,-145601.684074983)
(-49299.7846717884,-8397.51138607368,-137016.544556168)
(0,0,0)
(0,0,0)
(0,0,0)
(0,0,0)
(0,0,0)
(0,0,0)
(-88738.2568230046,-37101.2591231314,1693.19964023533)
(-88552.2604902019,-37242.8579526444,4334.23137033865)
(-88143.902815482,-37540.1958539584,9568.01295498356)
(-87244.1738231013,-38128.3736880087,20732.7951287892)
(-84529.2155113992,-39077.3197985559,44161.3635999912)
(-72525.6377146678,-37336.0515388848,85383.9897127091)
(-2.65741155974143e-05,2.55174449658831e-05,2.13053460521938e-05)
(-150344.73598373,-108163.747553843,-147233.185294245)
(-101692.342007183,-64588.0049096627,-141202.270637632)
(-47098.0292881329,-26985.587637984,-128477.048856722)
(0,0,0)
(0,0,0)
(0,0,0)
(0,0,0)
(0,0,0)
(0,0,0)
(-77354.3113469027,-54597.3869629155,1571.32307315729)
(-77285.4259859954,-54938.4909215623,4012.95658464952)
(-77258.1597034073,-55911.2504838058,8939.55176796072)
(-77617.8344808974,-58176.8479376464,19811.5595164406)
(-79991.1049946192,-64057.8598489104,45972.1505908599)
(-92884.9606176447,-82543.6808096026,122893.999751268)
(-167708.213191701,-164067.316890751,-107974.383723701)
(-113007.148608492,-107762.532021518,-103514.280295787)
(-74333.9234081447,-67844.2494898548,-103503.652581696)
(-36516.4653784885,-31878.2386815191,-101344.856191622)
(0,0,0)
(0,0,0)
(0,0,0)
(0,0,0)
(0,0,0)
(0,0,0)
(-58643.9078204644,-71750.0827607476,1173.86277247276)
(-58679.2739931635,-72287.4454692883,3028.28050533223)
(-58879.562994339,-73765.6645884263,6641.82999710148)
(-59732.0249738552,-77092.5446815317,13953.3846247079)
(-63048.2850800198,-84686.898934672,27563.0675843752)
(-74012.1630858842,-101924.984249047,41550.5389267748)
(-100753.594721112,-134225.478193582,-51455.7242165919)
(-74274.413902158,-102190.107320572,-63401.5200148378)
(-49549.4731116235,-67933.0452788323,-67404.879790304)
(-25121.1248051346,-33871.5380162099,-69358.1925247085)
(0,0,0)
(0,0,0)
(0,0,0)
(0,0,0)
(0,0,0)
(0,0,0)
(-32127.2548655424,-82995.6119282142,620.184418134828)
(-32161.4623526231,-83646.8045893283,1592.1661118655)
(-32322.7187648986,-85285.2674936738,3342.44480341507)
(-32853.9156260284,-88711.2298607647,6429.97334352805)
(-34522.0663376525,-95269.4041830838,10482.7047383051)
(-38644.4641044195,-105980.118966088,9462.42690125043)
(-44632.2818972439,-115696.531137557,-19188.365630848)
(-36023.8872353702,-96731.1648766613,-28926.8587947228)
(-25034.4317759183,-67987.4203400655,-33137.7513803146)
(-12998.0190398578,-35071.4027774664,-35327.9444590281)
(0,0,0)
(0,0,0)
(0,0,0)
(0,0,0)
(0,0,0)
(0,0,0)
(0,0,0)
(0,0,0)
(0,0,0)
(0,0,0)
(0,0,0)
(0,0,0)
(0,0,0)
(0,0,0)
(0,0,0)
(0,0,0)
(0,0,0)
(0,0,0)
(0,0,0)
(0,0,0)
(0,0,0)
(0,0,0)
(0,0,0)
(0,0,0)
(0,0,0)
(0,0,0)
(0,0,0)
(0,0,0)
(0,0,0)
(0,0,0)
(0,0,0)
(0,0,0)
(0,0,0)
(0,0,0)
(0,0,0)
(0,0,0)
(0,0,0)
(0,0,0)
(0,0,0)
(0,0,0)
(0,0,0)
(0,0,0)
(0,0,0)
(0,0,0)
(0,0,0)
(0,0,0)
(0,0,0)
(0,0,0)
(0,0,0)
(0,0,0)
(0,0,0)
(0,0,0)
(0,0,0)
(0,0,0)
(0,0,0)
(0,0,0)
(0,0,0)
(0,0,0)
(0,0,0)
(0,0,0)
(0,0,0)
(0,0,0)
(0,0,0)
(0,0,0)
(0,0,0)
(0,0,0)
(0,0,0)
(0,0,0)
(0,0,0)
(0,0,0)
(0,0,0)
(0,0,0)
(0,0,0)
(0,0,0)
(0,0,0)
(0,0,0)
(0,0,0)
(0,0,0)
(0,0,0)
(0,0,0)
(0,0,0)
(0,0,0)
(0,0,0)
(0,0,0)
(0,0,0)
(0,0,0)
(0,0,0)
(0,0,0)
(0,0,0)
(0,0,0)
(0,0,0)
(0,0,0)
(0,0,0)
(0,0,0)
(0,0,0)
(0,0,0)
(0,0,0)
(0,0,0)
(0,0,0)
(0,0,0)
(0,0,0)
(0,0,0)
(-97338.6611048854,-123.743986876638,239.828319626722)
(-97430.8231199477,76.916816405859,189.513781169388)
(-97472.7838302584,575.807519575174,-514.343942324957)
(-97153.5579752415,1600.3195488084,-2414.10840905433)
(-95782.5889575105,3542.78592804743,-6498.59112627875)
(-92387.9300366751,6613.2865796196,-14217.2362998355)
(-85355.6095380421,9667.86496749151,-26199.4181643868)
(-72461.9967109581,8779.63755969665,-39030.1359020345)
(-53167.7536656077,6074.46748950264,-50020.4061561768)
(-28303.8083431163,3001.83483158356,-56505.3047677088)
(0,0,0)
(0,0,0)
(0,0,0)
(0,0,0)
(0,0,0)
(0,0,0)
(-97285.7067378097,-673.216141387827,378.637149281251)
(-97446.6636739637,-303.339309377915,603.765720540873)
(-97638.4262752076,679.045113571709,441.987437729933)
(-97701.8665716851,2846.68586917579,-536.01783874632)
(-97189.0549530683,7373.7780619512,-3497.9456750769)
(-95287.5240646703,15698.3124714293,-11229.2088004677)
(-89939.8938875031,26142.2633648918,-27170.6603636327)
(-76605.7312460929,21511.3292724939,-41770.1088418423)
(-56041.0880924528,13777.2171311009,-53054.8454474394)
(-29714.9751724178,6460.52920744845,-59367.9603929308)
(0,0,0)
(0,0,0)
(0,0,0)
(0,0,0)
(0,0,0)
(0,0,0)
(-96989.7825826795,-2093.52783507506,650.426375254738)
(-97275.5355943079,-1623.4528395784,1419.13995015532)
(-97795.7532320749,-318.141902837337,2460.94075319674)
(-98685.7150207568,2846.6271128653,3864.68662727591)
(-100171.981156152,10437.656682519,4717.44650471181)
(-102607.288138099,28232.2903041453,-852.928784952734)
(-103756.208002179,62521.0300841867,-31873.5193778515)
(-87590.3290500097,40692.9806156422,-49531.8055610549)
(-62961.7788560782,22742.6252328737,-60308.9722232883)
(-32920.2295456016,9838.65307603226,-65687.8169580406)
(0,0,0)
(0,0,0)
(0,0,0)
(0,0,0)
(0,0,0)
(0,0,0)
(-96123.749465151,-4949.45532108574,1075.91748958567)
(-96554.8856401501,-4490.21645231984,2645.16352625013)
(-97525.1387746018,-3240.70648987097,5539.61689693643)
(-99667.0551222975,-68.3260983066584,11363.9963487719)
(-104703.602747343,8467.78342050349,22407.4488664264)
(-117264.326343666,35549.8867485724,33320.3674059743)
(-142705.348002395,146591.246561393,-53809.9871133311)
(-110615.721328927,55680.4943709484,-67484.8428412528)
(-75265.3855054142,25628.1425898444,-73105.4640802286)
(-38107.3087258811,10017.7430508418,-75306.4952133544)
(0,0,0)
(0,0,0)
(0,0,0)
(0,0,0)
(0,0,0)
(0,0,0)
(-93888.2998038593,-9727.3167761169,1491.55574402712)
(-94459.0312914048,-9449.34076050796,3882.33073895644)
(-95892.2650295177,-8703.88548379793,8730.68811478046)
(-99333.4133466954,-6991.47592883027,19947.5931501359)
(-108468.943610891,-3385.32420195512,49490.3583120396)
(-137670.450897295,2799.88018931627,144300.273492791)
(-254088.547260245,235.375439622446,-144856.476254602)
(-145614.707172992,8861.25781813081,-97530.9892071358)
(-90232.2103363981,5951.71243633688,-88606.4121799327)
(-43696.7788516129,2482.9190133646,-85167.2999273697)
(0,0,0)
(0,0,0)
(0,0,0)
(0,0,0)
(0,0,0)
(0,0,0)
(-89420.106913095,-16692.9117950599,1760.91404309266)
(-90041.2626864754,-16687.7298011778,4607.83078559788)
(-91745.1610091651,-16605.2557059719,10413.4980391928)
(-95919.036369674,-16505.363537696,23553.2002777847)
(-106657.223485565,-16536.0986590265,55670.6824035204)
(-138507.700388492,-15916.3139402288,141743.796583225)
(-248967.605665305,372.810410189568,-136260.97599048)
(-149724.559191881,-13670.9855102561,-100414.876120796)
(-93489.4187674232,-11709.0580674686,-91987.6270000666)
(-45086.551377862,-6194.95880834226,-87522.9824722841)
(0,0,0)
(0,0,0)
(0,0,0)
(0,0,0)
(0,0,0)
(0,0,0)
(-81513.9616972165,-25721.1466242615,1803.9397034161)
(-82113.6032853004,-25985.3720097588,4662.92470709792)
(-83884.4351154907,-26654.8310734435,10453.0323745776)
(-88244.4126605781,-28516.5144081964,23464.422082561)
(-99319.0093630166,-34537.5802309427,56255.6975060926)
(-132581.260459835,-57708.9548688321,158103.961179872)
(-259182.073160477,-167786.432220606,-150270.000494996)
(-145066.682368251,-70809.6745836892,-98409.365037046)
(-88120.8827368398,-37243.7803022328,-86446.1020726259)
(-42068.8075863338,-16434.977866415,-81235.3047163476)
(0,0,0)
(0,0,0)
(0,0,0)
(0,0,0)
(0,0,0)
(0,0,0)
(-68746.0153680586,-35923.0373550854,1593.59475197919)
(-69320.9068040164,-36355.2174096506,3998.92096988938)
(-70924.8776452829,-37561.0878121236,8571.89565044724)
(-74639.4230696143,-40367.8489378421,17444.8187688103)
(-83027.8060345392,-47172.7655434934,33116.7051212789)
(-101916.706150035,-63723.7576060816,48163.2533909112)
(-136985.427581418,-97180.1381084741,-53165.8263314956)
(-103186.557686928,-69060.8928766645,-64735.1989600887)
(-67627.2892257412,-43099.4183922962,-65586.1950524388)
(-33313.8488615528,-20517.4443599997,-64706.3450757782)
(0,0,0)
(0,0,0)
(0,0,0)
(0,0,0)
(0,0,0)
(0,0,0)
(-50452.3747053487,-45248.6086730201,1134.03820282098)
(-50908.2958916181,-45815.7177845178,2823.56047614126)
(-52106.7139131851,-47279.5040047205,5769.12758758412)
(-54685.0707918648,-50286.432012775,10640.7564805249)
(-59936.6074056741,-56242.9077907827,16599.2210534666)
(-69350.1659122577,-66643.4046917592,14856.8709655167)
(-79979.3698908425,-78196.5904332098,-24900.9015400257)
(-65580.1616122217,-64022.1297511889,-38633.9169554328)
(-44890.401367747,-43474.4902133127,-42917.9168782853)
(-22663.0559579743,-21775.4394594568,-44117.9906259896)
(0,0,0)
(0,0,0)
(0,0,0)
(0,0,0)
(0,0,0)
(0,0,0)
(-26956.0490144568,-51011.1976172749,591.383093169735)
(-27183.3725939963,-51651.7963515632,1449.37190158792)
(-27802.6145937523,-53152.4339616565,2802.19768737876)
(-29082.0438624283,-56011.8174253909,4755.71133639207)
(-31440.9443015476,-60906.9725187492,6338.6540282517)
(-34963.9698198262,-67494.3692552743,3509.12430716983)
(-37533.0351482986,-71249.487861079,-10537.2250139058)
(-31770.6753748717,-60876.899367074,-17935.6672585176)
(-22320.12494719,-43043.2977328551,-21081.1665677039)
(-11458.3484506281,-22123.9770401367,-22272.2995762536)
(0,0,0)
(0,0,0)
(0,0,0)
(0,0,0)
(0,0,0)
(0,0,0)
(0,0,0)
(0,0,0)
(0,0,0)
(0,0,0)
(0,0,0)
(0,0,0)
(0,0,0)
(0,0,0)
(0,0,0)
(0,0,0)
(0,0,0)
(0,0,0)
(0,0,0)
(0,0,0)
(0,0,0)
(0,0,0)
(0,0,0)
(0,0,0)
(0,0,0)
(0,0,0)
(0,0,0)
(0,0,0)
(0,0,0)
(0,0,0)
(0,0,0)
(0,0,0)
(0,0,0)
(0,0,0)
(0,0,0)
(0,0,0)
(0,0,0)
(0,0,0)
(0,0,0)
(0,0,0)
(0,0,0)
(0,0,0)
(0,0,0)
(0,0,0)
(0,0,0)
(0,0,0)
(0,0,0)
(0,0,0)
(0,0,0)
(0,0,0)
(0,0,0)
(0,0,0)
(0,0,0)
(0,0,0)
(0,0,0)
(0,0,0)
(0,0,0)
(0,0,0)
(0,0,0)
(0,0,0)
(0,0,0)
(0,0,0)
(0,0,0)
(0,0,0)
(0,0,0)
(0,0,0)
(0,0,0)
(0,0,0)
(0,0,0)
(0,0,0)
(0,0,0)
(0,0,0)
(0,0,0)
(0,0,0)
(0,0,0)
(0,0,0)
(0,0,0)
(0,0,0)
(0,0,0)
(0,0,0)
(0,0,0)
(0,0,0)
(0,0,0)
(0,0,0)
(0,0,0)
(0,0,0)
(0,0,0)
(0,0,0)
(0,0,0)
(0,0,0)
(0,0,0)
(0,0,0)
(0,0,0)
(0,0,0)
(0,0,0)
(0,0,0)
(0,0,0)
(0,0,0)
(0,0,0)
(0,0,0)
(0,0,0)
(0,0,0)
(-97282.2559251762,-150.188112900621,93.7829331902485)
(-97397.5240653356,-12.123205654902,72.6070842385772)
(-97452.280327033,315.560097316806,-263.456516305457)
(-97141.4918826797,946.39784086099,-1221.92044972783)
(-95692.1234562387,2057.67617503756,-3370.06212603333)
(-91997.6724925693,3646.41679395513,-7406.73646409514)
(-84336.3429928144,5015.3502277053,-13441.3532370334)
(-70820.9265225906,4583.7556302422,-19666.1790556446)
(-51292.6475808179,3208.59803975555,-24749.8831801841)
(-27014.9414814377,1598.66162370433,-27637.4116655723)
(0,0,0)
(0,0,0)
(0,0,0)
(0,0,0)
(0,0,0)
(0,0,0)
(-97139.4979871911,-500.380740353844,203.983876836387)
(-97356.9281749494,-248.88120970276,351.006381872978)
(-97679.038675615,379.924986092774,327.253893503362)
(-97955.3625062546,1671.98804992156,-144.840380991699)
(-97645.2811521669,4174.31294609638,-1805.25095295251)
(-95582.0202765603,8194.78972342854,-6059.12767053653)
(-89282.7794147536,12207.4809532702,-13908.3728688481)
(-75327.054658946,10465.1499917689,-21068.4438175198)
(-54453.4523964684,6879.92007719914,-26327.4015509446)
(-28576.6529069785,3292.30541204777,-29159.3676047245)
(0,0,0)
(0,0,0)
(0,0,0)
(0,0,0)
(0,0,0)
(0,0,0)
(-96588.9293895896,-1297.75708733536,396.523153890887)
(-97026.3376503402,-979.291058843748,877.735059066366)
(-97934.5788653353,-145.152898655261,1541.63857707588)
(-99467.1446890652,1709.43454701845,2285.62174829091)
(-101621.352273627,5739.79818730108,2169.50762456689)
(-103641.23092985,13471.4971655318,-2073.25702578365)
(-101435.519171021,23505.3265777026,-15691.7914813755)
(-85749.3895048256,17630.9854794504,-24698.5665142375)
(-61318.4700360353,10444.7835233835,-29906.7387804688)
(-31838.5700630474,4689.10415718494,-32385.1970081594)
(0,0,0)
(0,0,0)
(0,0,0)
(0,0,0)
(0,0,0)
(0,0,0)
(-95243.7525125683,-2851.85725585363,674.103215934696)
(-95969.97542774,-2535.2265823403,1645.1285270195)
(-97657.5494027413,-1723.63989204915,3356.02614855553)
(-101009.866500868,155.041924041566,6253.23015010016)
(-107181.631117173,4642.90805834292,9828.14864888763)
(-116996.094586735,15146.8705947516,7884.54346273747)
(-124905.97577443,35221.918483029,-21631.420670554)
(-103374.518015442,20669.8260906857,-31911.4645952721)
(-71756.1253373337,10650.6111371049,-35626.5523770811)
(-36520.05853864,4412.94987940296,-36937.6482865388)
(0,0,0)
(0,0,0)
(0,0,0)
(0,0,0)
(0,0,0)
(0,0,0)
(-92346.4618456235,-5347.29312990654,953.597915817734)
(-93327.1711466104,-5151.97087441375,2438.48206309592)
(-95775.1596866378,-4671.33068288715,5269.06751105752)
(-101030.11043884,-3653.09457531457,10773.9011025556)
(-111755.2772546,-1611.05121263529,20314.1940172407)
(-132104.303121526,1966.8532029061,27928.0636333175)
(-160128.13907014,5416.48464371988,-36226.910717484)
(-124050.217527266,4790.94323619583,-41912.5175087032)
(-82400.1901845497,2696.87570430782,-41790.8022277565)
(-40912.3842820755,1067.1194724192,-41229.3663903022)
(0,0,0)
(0,0,0)
(0,0,0)
(0,0,0)
(0,0,0)
(0,0,0)
(-87068.1491936788,-8821.80363076358,1122.5527814397)
(-88148.1235896901,-8805.53643430473,2882.97924454638)
(-91018.2380643312,-8778.60290896365,6263.32852578469)
(-97305.7544974081,-8832.54898574864,12829.5010639498)
(-110123.495736613,-9201.25072480613,23885.9728271687)
(-134049.981638481,-9986.42841987953,31381.5356999427)
(-165541.176470099,-9772.21708624339,-36856.1917652898)
(-128851.502814648,-8962.39915723855,-43975.9057490845)
(-85093.6435773054,-6323.78810855393,-43351.0171263469)
(-41970.5651108552,-3196.3790344932,-42203.5048864451)
(0,0,0)
(0,0,0)
(0,0,0)
(0,0,0)
(0,0,0)
(0,0,0)
(-78304.8571058902,-13152.485211579,1121.57698948651)
(-79341.8576274846,-13310.1673607606,2854.46225812701)
(-82190.654194351,-13759.9853203553,6142.06374837777)
(-88393.1157779578,-14969.6079988209,12427.8258788314)
(-100861.885824623,-18302.6742823378,23072.1258979675)
(-124008.058065966,-27110.6239417166,31623.1190259281)
(-155715.072392909,-45619.6591373126,-35996.4396905438)
(-119854.636967647,-28913.3101380929,-41257.5741102988)
(-78763.8204738781,-16754.3994017265,-40184.0250800918)
(-38772.1064771037,-7703.60740901901,-38973.4978147982)
(0,0,0)
(0,0,0)
(0,0,0)
(0,0,0)
(0,0,0)
(0,0,0)
(-65027.550320829,-17840.2225591641,969.272300356491)
(-65942.3603992727,-18105.1236420765,2385.68217693066)
(-68339.5388514416,-18851.8856396235,4892.24370235888)
(-73270.238161625,-20523.2991778361,9076.74997338548)
(-82369.6069529212,-24161.7893591542,14277.6659685901)
(-96714.2241264292,-31230.8234611328,13195.3834643991)
(-109980.362484418,-40206.9923154468,-19222.348454466)
(-90870.2633380374,-31438.9275308164,-29013.0254106198)
(-61975.1245483861,-20334.688903289,-31084.9005864167)
(-31052.4478301372,-9848.81625855905,-31201.0927682906)
(0,0,0)
(0,0,0)
(0,0,0)
(0,0,0)
(0,0,0)
(0,0,0)
(-47022.8046798584,-21954.9152538784,685.122669220791)
(-47692.9880817821,-22293.5498391495,1658.24105645974)
(-49359.3909363448,-23152.7371422529,3211.76958224719)
(-52576.6271946557,-24832.3492890498,5412.37609625042)
(-58034.0858965042,-27865.8632264939,7213.92845442014)
(-65323.4792838476,-32345.3690916599,4301.78745653639)
(-69687.8441005269,-35789.2343381935,-10407.4963110326)
(-59374.0252872221,-30206.9783684834,-17845.5817983671)
(-41632.9468900945,-20884.585882176,-20553.1392971333)
(-21220.979385572,-10544.0658267551,-21299.9663013408)
(0,0,0)
(0,0,0)
(0,0,0)
(0,0,0)
(0,0,0)
(0,0,0)
(-24845.8701208339,-24429.7882826962,364.694135194499)
(-25174.8667796002,-24791.9145182445,854.552999893466)
(-25997.9792872876,-25651.9847542121,1549.16530538614)
(-27555.5698479593,-27219.0730390282,2409.4150408962)
(-29998.6695592677,-29704.2237274248,2805.50079954669)
(-32830.9956872843,-32653.1217717747,980.279347120967)
(-33828.8498826631,-33780.8753030735,-4732.26495363425)
(-29138.2574836636,-29134.0812196214,-8437.57999370464)
(-20763.3119638281,-20749.799944273,-10129.1789149697)
(-10710.2082242109,-10700.2678889079,-10721.1170792336)
(0,0,0)
(0,0,0)
(0,0,0)
(0,0,0)
(0,0,0)
(0,0,0)
(0,0,0)
(0,0,0)
(0,0,0)
(0,0,0)
(0,0,0)
(0,0,0)
(0,0,0)
(0,0,0)
(0,0,0)
(0,0,0)
(0,0,0)
(0,0,0)
(0,0,0)
(0,0,0)
(0,0,0)
(0,0,0)
(0,0,0)
(0,0,0)
(0,0,0)
(0,0,0)
(0,0,0)
(0,0,0)
(0,0,0)
(0,0,0)
(0,0,0)
(0,0,0)
(0,0,0)
(0,0,0)
(0,0,0)
(0,0,0)
(0,0,0)
(0,0,0)
(0,0,0)
(0,0,0)
(0,0,0)
(0,0,0)
(0,0,0)
(0,0,0)
(0,0,0)
(0,0,0)
(0,0,0)
(0,0,0)
(0,0,0)
(0,0,0)
(0,0,0)
(0,0,0)
(0,0,0)
(0,0,0)
(0,0,0)
(0,0,0)
(0,0,0)
(0,0,0)
(0,0,0)
(0,0,0)
(0,0,0)
(0,0,0)
(0,0,0)
(0,0,0)
(0,0,0)
(0,0,0)
(0,0,0)
(0,0,0)
(0,0,0)
(0,0,0)
(0,0,0)
(0,0,0)
(0,0,0)
(0,0,0)
(0,0,0)
(0,0,0)
(0,0,0)
(0,0,0)
(0,0,0)
(0,0,0)
(0,0,0)
(0,0,0)
(0,0,0)
(0,0,0)
(0,0,0)
(0,0,0)
(0,0,0)
(0,0,0)
(0,0,0)
(0,0,0)
(0,0,0)
(0,0,0)
(0,0,0)
(0,0,0)
(0,0,0)
(0,0,0)
(0,0,0)
(0,0,0)
(0,0,0)
(0,0,0)
(0,0,0)
(0,0,0)
(0,0,0)
(0,0,0)
(0,0,0)
(0,0,0)
(0,0,0)
(0,0,0)
(0,0,0)
(0,0,0)
(0,0,0)
(0,0,0)
(0,0,0)
(0,0,0)
(0,0,0)
(0,0,0)
(0,0,0)
(0,0,0)
(0,0,0)
(0,0,0)
(0,0,0)
(0,0,0)
(0,0,0)
(0,0,0)
(0,0,0)
(0,0,0)
(0,0,0)
(0,0,0)
(0,0,0)
(0,0,0)
(0,0,0)
(0,0,0)
(0,0,0)
(0,0,0)
(0,0,0)
(0,0,0)
(0,0,0)
(0,0,0)
(0,0,0)
(0,0,0)
(0,0,0)
(0,0,0)
(0,0,0)
(0,0,0)
(0,0,0)
(0,0,0)
(0,0,0)
(0,0,0)
(0,0,0)
(0,0,0)
(0,0,0)
(0,0,0)
(0,0,0)
(0,0,0)
(0,0,0)
(0,0,0)
(0,0,0)
(0,0,0)
(0,0,0)
(0,0,0)
(0,0,0)
(0,0,0)
(0,0,0)
(0,0,0)
(0,0,0)
(0,0,0)
(0,0,0)
(0,0,0)
(0,0,0)
(0,0,0)
(0,0,0)
(0,0,0)
(0,0,0)
(0,0,0)
(0,0,0)
(0,0,0)
(0,0,0)
(0,0,0)
(0,0,0)
(0,0,0)
(0,0,0)
(0,0,0)
(0,0,0)
(0,0,0)
(0,0,0)
(0,0,0)
(0,0,0)
(0,0,0)
(0,0,0)
(0,0,0)
(0,0,0)
(0,0,0)
(0,0,0)
(0,0,0)
(0,0,0)
(0,0,0)
(0,0,0)
(0,0,0)
(0,0,0)
(0,0,0)
(0,0,0)
(0,0,0)
(0,0,0)
(0,0,0)
(0,0,0)
(0,0,0)
(0,0,0)
(0,0,0)
(0,0,0)
(0,0,0)
(0,0,0)
(0,0,0)
(0,0,0)
(0,0,0)
(0,0,0)
(0,0,0)
(0,0,0)
(0,0,0)
(0,0,0)
(0,0,0)
(0,0,0)
(0,0,0)
(0,0,0)
(0,0,0)
(0,0,0)
(0,0,0)
(0,0,0)
(0,0,0)
(0,0,0)
(0,0,0)
(0,0,0)
(0,0,0)
(0,0,0)
(0,0,0)
(0,0,0)
(0,0,0)
(0,0,0)
(0,0,0)
(0,0,0)
(0,0,0)
(0,0,0)
(0,0,0)
(0,0,0)
(0,0,0)
(0,0,0)
(0,0,0)
(0,0,0)
(0,0,0)
(0,0,0)
(0,0,0)
(0,0,0)
(0,0,0)
(0,0,0)
(0,0,0)
(0,0,0)
(0,0,0)
(0,0,0)
(0,0,0)
(0,0,0)
(0,0,0)
(0,0,0)
(0,0,0)
(0,0,0)
(0,0,0)
(0,0,0)
(0,0,0)
(0,0,0)
(0,0,0)
(0,0,0)
(0,0,0)
(0,0,0)
(0,0,0)
(0,0,0)
(0,0,0)
(0,0,0)
(0,0,0)
(0,0,0)
(0,0,0)
(0,0,0)
(0,0,0)
(0,0,0)
(0,0,0)
(0,0,0)
(0,0,0)
(0,0,0)
(0,0,0)
(0,0,0)
(0,0,0)
(0,0,0)
(0,0,0)
(0,0,0)
(0,0,0)
(0,0,0)
(0,0,0)
(0,0,0)
(0,0,0)
(0,0,0)
(0,0,0)
(0,0,0)
(0,0,0)
(0,0,0)
(0,0,0)
(0,0,0)
(0,0,0)
(0,0,0)
(0,0,0)
(0,0,0)
(0,0,0)
(0,0,0)
(0,0,0)
(0,0,0)
(0,0,0)
(0,0,0)
(0,0,0)
(0,0,0)
(0,0,0)
(0,0,0)
(0,0,0)
(0,0,0)
(0,0,0)
(0,0,0)
(0,0,0)
(0,0,0)
(0,0,0)
(0,0,0)
(0,0,0)
(0,0,0)
(0,0,0)
(0,0,0)
(0,0,0)
(0,0,0)
(0,0,0)
(0,0,0)
(0,0,0)
(0,0,0)
(0,0,0)
(0,0,0)
(0,0,0)
(0,0,0)
(0,0,0)
(0,0,0)
(0,0,0)
(0,0,0)
(0,0,0)
(0,0,0)
(0,0,0)
(0,0,0)
(0,0,0)
(0,0,0)
(0,0,0)
(0,0,0)
(0,0,0)
(0,0,0)
(0,0,0)
(0,0,0)
(0,0,0)
(0,0,0)
(0,0,0)
(0,0,0)
(0,0,0)
(0,0,0)
(0,0,0)
(0,0,0)
(0,0,0)
(0,0,0)
(0,0,0)
(0,0,0)
(0,0,0)
(0,0,0)
(0,0,0)
(0,0,0)
(0,0,0)
(0,0,0)
(0,0,0)
(0,0,0)
(0,0,0)
(0,0,0)
(0,0,0)
(0,0,0)
(0,0,0)
(0,0,0)
(0,0,0)
(0,0,0)
(0,0,0)
(0,0,0)
(0,0,0)
(0,0,0)
(0,0,0)
(0,0,0)
(0,0,0)
(0,0,0)
(0,0,0)
(0,0,0)
(0,0,0)
(0,0,0)
(0,0,0)
(0,0,0)
(0,0,0)
(0,0,0)
(0,0,0)
(0,0,0)
(0,0,0)
(0,0,0)
(0,0,0)
(0,0,0)
(0,0,0)
(0,0,0)
(0,0,0)
(0,0,0)
(0,0,0)
(0,0,0)
(0,0,0)
(0,0,0)
(0,0,0)
(0,0,0)
(0,0,0)
(0,0,0)
(0,0,0)
(0,0,0)
(0,0,0)
(0,0,0)
(0,0,0)
(0,0,0)
(0,0,0)
(0,0,0)
(0,0,0)
(0,0,0)
(0,0,0)
(0,0,0)
(0,0,0)
(0,0,0)
(0,0,0)
(0,0,0)
(0,0,0)
(0,0,0)
(0,0,0)
(0,0,0)
(0,0,0)
(0,0,0)
(0,0,0)
(0,0,0)
(0,0,0)
(0,0,0)
(0,0,0)
(0,0,0)
(0,0,0)
(0,0,0)
(0,0,0)
(0,0,0)
(0,0,0)
(0,0,0)
(0,0,0)
(0,0,0)
(0,0,0)
(0,0,0)
(0,0,0)
(0,0,0)
(0,0,0)
(0,0,0)
(0,0,0)
(0,0,0)
(0,0,0)
(0,0,0)
(0,0,0)
(0,0,0)
(0,0,0)
(0,0,0)
(0,0,0)
(0,0,0)
(0,0,0)
(0,0,0)
(0,0,0)
(0,0,0)
(0,0,0)
(0,0,0)
(0,0,0)
(0,0,0)
(0,0,0)
(0,0,0)
(0,0,0)
(0,0,0)
(0,0,0)
(0,0,0)
(0,0,0)
(0,0,0)
(0,0,0)
(0,0,0)
(0,0,0)
(0,0,0)
(0,0,0)
(0,0,0)
(0,0,0)
(0,0,0)
(0,0,0)
(0,0,0)
(0,0,0)
(0,0,0)
(0,0,0)
(0,0,0)
(0,0,0)
(0,0,0)
(0,0,0)
(0,0,0)
(0,0,0)
(0,0,0)
(0,0,0)
(0,0,0)
(0,0,0)
(0,0,0)
(0,0,0)
(0,0,0)
(0,0,0)
(0,0,0)
(0,0,0)
(0,0,0)
(0,0,0)
(0,0,0)
(0,0,0)
(0,0,0)
(0,0,0)
(0,0,0)
(0,0,0)
(0,0,0)
(0,0,0)
(0,0,0)
(0,0,0)
(0,0,0)
(0,0,0)
(0,0,0)
(0,0,0)
(0,0,0)
(0,0,0)
(0,0,0)
(0,0,0)
(0,0,0)
(0,0,0)
(0,0,0)
(0,0,0)
(0,0,0)
(0,0,0)
(0,0,0)
(0,0,0)
(0,0,0)
(0,0,0)
(0,0,0)
(0,0,0)
(0,0,0)
(0,0,0)
(0,0,0)
(0,0,0)
(0,0,0)
(0,0,0)
(0,0,0)
(0,0,0)
(0,0,0)
(0,0,0)
(0,0,0)
(0,0,0)
(0,0,0)
(0,0,0)
(0,0,0)
(0,0,0)
(0,0,0)
(0,0,0)
(0,0,0)
(0,0,0)
(0,0,0)
(0,0,0)
(0,0,0)
(0,0,0)
(0,0,0)
(0,0,0)
(0,0,0)
(0,0,0)
(0,0,0)
(0,0,0)
(0,0,0)
(0,0,0)
(0,0,0)
(0,0,0)
(0,0,0)
(0,0,0)
(0,0,0)
(0,0,0)
(0,0,0)
(0,0,0)
(0,0,0)
(0,0,0)
(0,0,0)
(0,0,0)
(0,0,0)
(0,0,0)
(0,0,0)
(0,0,0)
(0,0,0)
(0,0,0)
(0,0,0)
(0,0,0)
(0,0,0)
(0,0,0)
(0,0,0)
(0,0,0)
(0,0,0)
(0,0,0)
(0,0,0)
(0,0,0)
(0,0,0)
(0,0,0)
(0,0,0)
(0,0,0)
(0,0,0)
(0,0,0)
(0,0,0)
(0,0,0)
(0,0,0)
(0,0,0)
(0,0,0)
(0,0,0)
(0,0,0)
(0,0,0)
(0,0,0)
(0,0,0)
(0,0,0)
(0,0,0)
(0,0,0)
(0,0,0)
(0,0,0)
(0,0,0)
(0,0,0)
(0,0,0)
(0,0,0)
(0,0,0)
(0,0,0)
(0,0,0)
(0,0,0)
(0,0,0)
(0,0,0)
(0,0,0)
(0,0,0)
(0,0,0)
(0,0,0)
(0,0,0)
(0,0,0)
(0,0,0)
(0,0,0)
(0,0,0)
(0,0,0)
(0,0,0)
(0,0,0)
(0,0,0)
(0,0,0)
(0,0,0)
(0,0,0)
(0,0,0)
(0,0,0)
(0,0,0)
(0,0,0)
(0,0,0)
(0,0,0)
(0,0,0)
(0,0,0)
(0,0,0)
(0,0,0)
(0,0,0)
(0,0,0)
(0,0,0)
(0,0,0)
(0,0,0)
(0,0,0)
(0,0,0)
(0,0,0)
(0,0,0)
(0,0,0)
(0,0,0)
(0,0,0)
(0,0,0)
(0,0,0)
(0,0,0)
(0,0,0)
(0,0,0)
(0,0,0)
(0,0,0)
(0,0,0)
(0,0,0)
(0,0,0)
(0,0,0)
(0,0,0)
(0,0,0)
(0,0,0)
(0,0,0)
(0,0,0)
(0,0,0)
(0,0,0)
(0,0,0)
(0,0,0)
(0,0,0)
(0,0,0)
(0,0,0)
(0,0,0)
(0,0,0)
(0,0,0)
(0,0,0)
(0,0,0)
(0,0,0)
(0,0,0)
(0,0,0)
(0,0,0)
(0,0,0)
(0,0,0)
(0,0,0)
(0,0,0)
(0,0,0)
(0,0,0)
(0,0,0)
(0,0,0)
(0,0,0)
(0,0,0)
(0,0,0)
(0,0,0)
(0,0,0)
(0,0,0)
(0,0,0)
(0,0,0)
(0,0,0)
(0,0,0)
(0,0,0)
(0,0,0)
(0,0,0)
(0,0,0)
(0,0,0)
(0,0,0)
(0,0,0)
(0,0,0)
(0,0,0)
(0,0,0)
(0,0,0)
(0,0,0)
(0,0,0)
(0,0,0)
(0,0,0)
(0,0,0)
(0,0,0)
(0,0,0)
(0,0,0)
(0,0,0)
(0,0,0)
(0,0,0)
(0,0,0)
(0,0,0)
(0,0,0)
(0,0,0)
(0,0,0)
(0,0,0)
(0,0,0)
(0,0,0)
(0,0,0)
(0,0,0)
(0,0,0)
(0,0,0)
(0,0,0)
(0,0,0)
(0,0,0)
(0,0,0)
(0,0,0)
(0,0,0)
(0,0,0)
(0,0,0)
(0,0,0)
(0,0,0)
(0,0,0)
(0,0,0)
(0,0,0)
(0,0,0)
(0,0,0)
(0,0,0)
(0,0,0)
(0,0,0)
(0,0,0)
(0,0,0)
(0,0,0)
(0,0,0)
(0,0,0)
(0,0,0)
(0,0,0)
(0,0,0)
(0,0,0)
(0,0,0)
(0,0,0)
(0,0,0)
(0,0,0)
(0,0,0)
(0,0,0)
(0,0,0)
(0,0,0)
(0,0,0)
(0,0,0)
(0,0,0)
(0,0,0)
(0,0,0)
(0,0,0)
(0,0,0)
(0,0,0)
(0,0,0)
(0,0,0)
(0,0,0)
(0,0,0)
(0,0,0)
(0,0,0)
(0,0,0)
(0,0,0)
(0,0,0)
(0,0,0)
(0,0,0)
(0,0,0)
(0,0,0)
(0,0,0)
(0,0,0)
(0,0,0)
(0,0,0)
