(0,0,0)
(0,0,0)
(0,0,0)
(0,0,0)
(0,0,0)
(0,0,0)
(0,0,0)
(0,0,0)
(0,0,0)
(0,0,0)
(0,0,0)
(0,0,0)
(0,0,0)
(0,0,0)
(0,0,0)
(0,0,0)
(0,0,0)
(0,0,0)
(0,0,0)
(0,0,0)
(0,0,0)
(0,0,0)
(0,0,0)
(0,0,0)
(0,0,0)
(0,0,0)
(0,0,0)
(0,0,0)
(0,0,0)
(0,0,0)
(0,0,0)
(0,0,0)
(0,0,0)
(0,0,0)
(0,0,0)
(0,0,0)
(0,0,0)
(0,0,0)
(0,0,0)
(0,0,0)
(0,0,0)
(0,0,0)
(0,0,0)
(0,0,0)
(0,0,0)
(0,0,0)
(0,0,0)
(0,0,0)
(0,0,0)
(0,0,0)
(0,0,0)
(0,0,0)
(0,0,0)
(0,0,0)
(0,0,0)
(0,0,0)
(0,0,0)
(0,0,0)
(0,0,0)
(0,0,0)
(0,0,0)
(0,0,0)
(0,0,0)
(0,0,0)
(0,0,0)
(0,0,0)
(0,0,0)
(0,0,0)
(0,0,0)
(0,0,0)
(0,0,0)
(0,0,0)
(0,0,0)
(0,0,0)
(0,0,0)
(0,0,0)
(0,0,0)
(0,0,0)
(0,0,0)
(0,0,0)
(0,0,0)
(0,0,0)
(0,0,0)
(0,0,0)
(0,0,0)
(0,0,0)
(0,0,0)
(0,0,0)
(0,0,0)
(0,0,0)
(0,0,0)
(0,0,0)
(0,0,0)
(0,0,0)
(0,0,0)
(0,0,0)
(0,0,0)
(0,0,0)
(0,0,0)
(0,0,0)
(0,0,0)
(0,0,0)
(0,0,0)
(0,0,0)
(0,0,0)
(0,0,0)
(0,0,0)
(0,0,0)
(0,0,0)
(0,0,0)
(0,0,0)
(0,0,0)
(0,0,0)
(0,0,0)
(0,0,0)
(0,0,0)
(0,0,0)
(0,0,0)
(0,0,0)
(0,0,0)
(0,0,0)
(0,0,0)
(0,0,0)
(0,0,0)
(0,0,0)
(0,0,0)
(0,0,0)
(0,0,0)
(0,0,0)
(0,0,0)
(0,0,0)
(0,0,0)
(0,0,0)
(0,0,0)
(0,0,0)
(0,0,0)
(0,0,0)
(0,0,0)
(0,0,0)
(0,0,0)
(0,0,0)
(0,0,0)
(0,0,0)
(0,0,0)
(0,0,0)
(0,0,0)
(0,0,0)
(0,0,0)
(0,0,0)
(0,0,0)
(0,0,0)
(0,0,0)
(0,0,0)
(0,0,0)
(0,0,0)
(0,0,0)
(0,0,0)
(0,0,0)
(0,0,0)
(0,0,0)
(0,0,0)
(0,0,0)
(0,0,0)
(0,0,0)
(0,0,0)
(0,0,0)
(0,0,0)
(0,0,0)
(0,0,0)
(0,0,0)
(0,0,0)
(0,0,0)
(0,0,0)
(0,0,0)
(0,0,0)
(0,0,0)
(0,0,0)
(0,0,0)
(0,0,0)
(0,0,0)
(0,0,0)
(0,0,0)
(0,0,0)
(0,0,0)
(0,0,0)
(0,0,0)
(0,0,0)
(0,0,0)
(0,0,0)
(0,0,0)
(0,0,0)
(0,0,0)
(0,0,0)
(0,0,0)
(0,0,0)
(0,0,0)
(0,0,0)
(0,0,0)
(0,0,0)
(0,0,0)
(0,0,0)
(0,0,0)
(0,0,0)
(0,0,0)
(0,0,0)
(0,0,0)
(0,0,0)
(0,0,0)
(0,0,0)
(0,0,0)
(0,0,0)
(0,0,0)
(0,0,0)
(0,0,0)
(0,0,0)
(0,0,0)
(0,0,0)
(0,0,0)
(0,0,0)
(0,0,0)
(0,0,0)
(0,0,0)
(0,0,0)
(0,0,0)
(0,0,0)
(0,0,0)
(0,0,0)
(0,0,0)
(0,0,0)
(0,0,0)
(0,0,0)
(0,0,0)
(0,0,0)
(0,0,0)
(0,0,0)
(0,0,0)
(0,0,0)
(0,0,0)
(0,0,0)
(0,0,0)
(0,0,0)
(0,0,0)
(0,0,0)
(0,0,0)
(0,0,0)
(0,0,0)
(0,0,0)
(0,0,0)
(0,0,0)
(0,0,0)
(0,0,0)
(0,0,0)
(0,0,0)
(0,0,0)
(0,0,0)
(0,0,0)
(0,0,0)
(0,0,0)
(0,0,0)
(0,0,0)
(0,0,0)
(0,0,0)
(0,0,0)
(0,0,0)
(0,0,0)
(0,0,0)
(0,0,0)
(0,0,0)
(0,0,0)
(0,0,0)
(0,0,0)
(0,0,0)
(0,0,0)
(0,0,0)
(0,0,0)
(0,0,0)
(0,0,0)
(0,0,0)
(0,0,0)
(0,0,0)
(0,0,0)
(0,0,0)
(0,0,0)
(0,0,0)
(0,0,0)
(0,0,0)
(0,0,0)
(0,0,0)
(0,0,0)
(0,0,0)
(0,0,0)
(0,0,0)
(0,0,0)
(0,0,0)
(0,0,0)
(0,0,0)
(0,0,0)
(0,0,0)
(0,0,0)
(0,0,0)
(0,0,0)
(0,0,0)
(0,0,0)
(0,0,0)
(0,0,0)
(0,0,0)
(0,0,0)
(0,0,0)
(0,0,0)
(0,0,0)
(0,0,0)
(0,0,0)
(0,0,0)
(0,0,0)
(0,0,0)
(0,0,0)
(0,0,0)
(0,0,0)
(0,0,0)
(0,0,0)
(0,0,0)
(0,0,0)
(0,0,0)
(0,0,0)
(0,0,0)
(0,0,0)
(0,0,0)
(0,0,0)
(0,0,0)
(0,0,0)
(0,0,0)
(0,0,0)
(0,0,0)
(0,0,0)
(0,0,0)
(0,0,0)
(0,0,0)
(0,0,0)
(0,0,0)
(0,0,0)
(0,0,0)
(0,0,0)
(0,0,0)
(0,0,0)
(0,0,0)
(0,0,0)
(0,0,0)
(0,0,0)
(0,0,0)
(0,0,0)
(0,0,0)
(0,0,0)
(0,0,0)
(0,0,0)
(0,0,0)
(0,0,0)
(0,0,0)
(0,0,0)
(0,0,0)
(0,0,0)
(0,0,0)
(0,0,0)
(0,0,0)
(0,0,0)
(0,0,0)
(0,0,0)
(0,0,0)
(0,0,0)
(0,0,0)
(0,0,0)
(0,0,0)
(0,0,0)
(0,0,0)
(0,0,0)
(0,0,0)
(0,0,0)
(0,0,0)
(0,0,0)
(0,0,0)
(0,0,0)
(0,0,0)
(0,0,0)
(0,0,0)
(0,0,0)
(0,0,0)
(0,0,0)
(0,0,0)
(0,0,0)
(0,0,0)
(0,0,0)
(0,0,0)
(0,0,0)
(0,0,0)
(0,0,0)
(0,0,0)
(0,0,0)
(0,0,0)
(0,0,0)
(0,0,0)
(0,0,0)
(0,0,0)
(0,0,0)
(0,0,0)
(0,0,0)
(0,0,0)
(0,0,0)
(0,0,0)
(0,0,0)
(0,0,0)
(0,0,0)
(0,0,0)
(0,0,0)
(0,0,0)
(0,0,0)
(0,0,0)
(0,0,0)
(0,0,0)
(0,0,0)
(0,0,0)
(0,0,0)
(0,0,0)
(0,0,0)
(0,0,0)
(0,0,0)
(0,0,0)
(0,0,0)
(0,0,0)
(0,0,0)
(0,0,0)
(0,0,0)
(0,0,0)
(0,0,0)
(0,0,0)
(0,0,0)
(0,0,0)
(0,0,0)
(0,0,0)
(0,0,0)
(0,0,0)
(0,0,0)
(0,0,0)
(0,0,0)
(0,0,0)
(0,0,0)
(0,0,0)
(0,0,0)
(0,0,0)
(0,0,0)
(0,0,0)
(0,0,0)
(0,0,0)
(0,0,0)
(0,0,0)
(0,0,0)
(0,0,0)
(0,0,0)
(0,0,0)
(0,0,0)
(0,0,0)
(0,0,0)
(0,0,0)
(0,0,0)
(0,0,0)
(0,0,0)
(0,0,0)
(0,0,0)
(0,0,0)
(0,0,0)
(0,0,0)
(0,0,0)
(0,0,0)
(0,0,0)
(0,0,0)
(0,0,0)
(0,0,0)
(0,0,0)
(0,0,0)
(0,0,0)
(0,0,0)
(0,0,0)
(0,0,0)
(0,0,0)
(0,0,0)
(0,0,0)
(0,0,0)
(0,0,0)
(0,0,0)
(0,0,0)
(0,0,0)
(0,0,0)
(0,0,0)
(0,0,0)
(0,0,0)
(0,0,0)
(0,0,0)
(0,0,0)
(0,0,0)
(0,0,0)
(0,0,0)
(0,0,0)
(0,0,0)
(0,0,0)
(0,0,0)
(0,0,0)
(0,0,0)
(0,0,0)
(0,0,0)
(0,0,0)
(0,0,0)
(0,0,0)
(0,0,0)
(0,0,0)
(0,0,0)
(0,0,0)
(0,0,0)
(0,0,0)
(0,0,0)
(0,0,0)
(0,0,0)
(0,0,0)
(0,0,0)
(0,0,0)
(0,0,0)
(0,0,0)
(0,0,0)
(0,0,0)
(0,0,0)
(0,0,0)
(0,0,0)
(0,0,0)
(0,0,0)
(0,0,0)
(0,0,0)
(0,0,0)
(0,0,0)
(0,0,0)
(0,0,0)
(0,0,0)
(0,0,0)
(0,0,0)
(0,0,0)
(0,0,0)
(0,0,0)
(0,0,0)
(0,0,0)
(0,0,0)
(0,0,0)
(0,0,0)
(0,0,0)
(0,0,0)
(0,0,0)
(0,0,0)
(0,0,0)
(0,0,0)
(0,0,0)
(0,0,0)
(0,0,0)
(0,0,0)
(0,0,0)
(0,0,0)
(0,0,0)
(0,0,0)
(0,0,0)
(0,0,0)
(0,0,0)
(0,0,0)
(0,0,0)
(0,0,0)
(0,0,0)
(0,0,0)
(0,0,0)
(0,0,0)
(0,0,0)
(0,0,0)
(0,0,0)
(0,0,0)
(0,0,0)
(0,0,0)
(0,0,0)
(0,0,0)
(0,0,0)
(0,0,0)
(0,0,0)
(0,0,0)
(0,0,0)
(0,0,0)
(0,0,0)
(0,0,0)
(0,0,0)
(0,0,0)
(0,0,0)
(0,0,0)
(0,0,0)
(0,0,0)
(0,0,0)
(0,0,0)
(0,0,0)
(0,0,0)
(0,0,0)
(0,0,0)
(0,0,0)
(0,0,0)
(0,0,0)
(0,0,0)
(0,0,0)
(0,0,0)
(0,0,0)
(0,0,0)
(0,0,0)
(0,0,0)
(0,0,0)
(0,0,0)
(0,0,0)
(0,0,0)
(0,0,0)
(0,0,0)
(0,0,0)
(0,0,0)
(0,0,0)
(0,0,0)
(0,0,0)
(0,0,0)
(0,0,0)
(0,0,0)
(0,0,0)
(0,0,0)
(0,0,0)
(0,0,0)
(0,0,0)
(0,0,0)
(0,0,0)
(0,0,0)
(0,0,0)
(0,0,0)
(0,0,0)
(0,0,0)
(0,0,0)
(0,0,0)
(0,0,0)
(0,0,0)
(0,0,0)
(0,0,0)
(0,0,0)
(0,0,0)
(0,0,0)
(0,0,0)
(0,0,0)
(0,0,0)
(0,0,0)
(0,0,0)
(0,0,0)
(0,0,0)
(0,0,0)
(0,0,0)
(0,0,0)
(0,0,0)
(0,0,0)
(0,0,0)
(0,0,0)
(0,0,0)
(0,0,0)
(0,0,0)
(0,0,0)
(0,0,0)
(0,0,0)
(0,0,0)
(0,0,0)
(0,0,0)
(0,0,0)
(0,0,0)
(0,0,0)
(0,0,0)
(0,0,0)
(0,0,0)
(0,0,0)
(0,0,0)
(0,0,0)
(0,0,0)
(0,0,0)
(0,0,0)
(0,0,0)
(0,0,0)
(0,0,0)
(0,0,0)
(0,0,0)
(0,0,0)
(0,0,0)
(0,0,0)
(0,0,0)
(0,0,0)
(0,0,0)
(0,0,0)
(0,0,0)
(0,0,0)
(0,0,0)
(0,0,0)
(0,0,0)
(0,0,0)
(0,0,0)
(0,0,0)
(0,0,0)
(0,0,0)
(0,0,0)
(0,0,0)
(0,0,0)
(0,0,0)
(0,0,0)
(0,0,0)
(0,0,0)
(0,0,0)
(0,0,0)
(0,0,0)
(0,0,0)
(0,0,0)
(0,0,0)
(0,0,0)
(0,0,0)
(0,0,0)
(0,0,0)
(0,0,0)
(0,0,0)
(0,0,0)
(0,0,0)
(0,0,0)
(0,0,0)
(0,0,0)
(0,0,0)
(0,0,0)
(0,0,0)
(0,0,0)
(0,0,0)
(0,0,0)
(0,0,0)
(0,0,0)
(0,0,0)
(0,0,0)
(0,0,0)
(0,0,0)
(0,0,0)
(0,0,0)
(0,0,0)
(0,0,0)
(0,0,0)
(0,0,0)
(0,0,0)
(0,0,0)
(0,0,0)
(0,0,0)
(0,0,0)
(0,0,0)
(0,0,0)
(0,0,0)
(0,0,0)
(0,0,0)
(0,0,0)
(0,0,0)
(0,0,0)
(0,0,0)
(0,0,0)
(0,0,0)
(0,0,0)
(0,0,0)
(0,0,0)
(0,0,0)
(0,0,0)
(0,0,0)
(0,0,0)
(0,0,0)
(0,0,0)
(0,0,0)
(0,0,0)
(0,0,0)
(0,0,0)
(0,0,0)
(0,0,0)
(0,0,0)
(0,0,0)
(0,0,0)
(0,0,0)
(0,0,0)
(0,0,0)
(0,0,0)
(0,0,0)
(0,0,0)
(0,0,0)
(0,0,0)
(0,0,0)
(0,0,0)
(0,0,0)
(0,0,0)
(0,0,0)
(0,0,0)
(0,0,0)
(0,0,0)
(0,0,0)
(0,0,0)
(0,0,0)
(0,0,0)
(0,0,0)
(0,0,0)
(0,0,0)
(0,0,0)
(0,0,0)
(0,0,0)
(0,0,0)
(0,0,0)
(0,0,0)
(0,0,0)
(0,0,0)
(0,0,0)
(0,0,0)
(0,0,0)
(0,0,0)
(0,0,0)
(0,0,0)
(0,0,0)
(0,0,0)
(0,0,0)
(0,0,0)
(-177094.174041392,94154.6410003255,82939.533041066)
(-187270.080938762,90240.0036163535,179969.610363475)
(-210802.345498555,82110.6221336865,308661.333728344)
(-255322.329816079,69389.5360787062,494594.127465716)
(-335723.440101844,52298.6991946563,778018.868372907)
(-480043.329085377,32629.2459031682,1225432.95155511)
(-741303.419280537,14706.139474074,1952030.23136158)
(-1213480.02968908,3714.48156120059,3161795.77948946)
(-2001425.32005054,46.5689639147522,5163174.53057609)
(-2788638.12318001,-269.479163352242,7952082.13291944)
(0,0,0)
(0,0,0)
(0,0,0)
(0,0,0)
(0,0,0)
(0,0,0)
(-187333.687386332,202402.08773982,79086.2406468385)
(-197609.727307059,195017.499983543,171918.471586708)
(-221524.123834411,179558.905105801,295994.312449004)
(-267077.581272827,154992.254014323,477469.175786215)
(-349678.350325678,121160.669315354,758285.555991195)
(-497444.707160714,80892.4514758632,1207467.05757922)
(-761588.92800619,42762.5387143227,1940999.58634515)
(-1231989.26677966,18618.7567683736,3158084.57791763)
(-2013794.13681503,9112.31430162596,5162812.96939496)
(-2794421.05192128,4640.15700198607,7952324.38515089)
(0,0,0)
(0,0,0)
(0,0,0)
(0,0,0)
(0,0,0)
(0,0,0)
(-210655.356902186,341236.752573283,71820.6920687226)
(-221108.359542345,331346.295700555,156600.255894055)
(-245789.023563246,310405.72764805,271542.456915053)
(-293620.333421051,276526.033611891,443629.010738536)
(-381477.956754791,228293.165264644,717974.471544039)
(-538400.245696268,168002.903628252,1169264.26508792)
(-811647.489302053,106926.41609147,1916747.87701282)
(-1278087.8019339,64964.67911007,3148489.75660502)
(-2043492.82096092,42824.7855376278,5158270.10632996)
(-2807887.05648339,23201.599091647,7947595.72072367)
(0,0,0)
(0,0,0)
(0,0,0)
(0,0,0)
(0,0,0)
(0,0,0)
(-254102.614960456,533274.611718658,62064.7558150818)
(-264721.518470518,522267.052598075,135865.517388081)
(-290350.231748779,498818.748351972,237802.728432937)
(-341493.283335741,460389.158580959,395432.886799609)
(-438069.716140701,404124.967873523,657670.80033143)
(-612606.969730855,330120.987696576,1108159.68599396)
(-907557.621971777,247891.74527802,1874751.97877919)
(-1367282.63575278,180724.971167528,3126274.32247451)
(-2097887.7053083,128407.559400976,5138579.25391947)
(-2831614.22937011,69077.2118427513,7924317.87053847)
(0,0,0)
(0,0,0)
(0,0,0)
(0,0,0)
(0,0,0)
(0,0,0)
(-332043.12494037,814163.701406835,51154.0352521934)
(-342611.175883759,803461.602043142,112570.661690884)
(-368737.756195862,780692.894737792,199434.271500926)
(-422649.260515985,743273.79700822,339198.893589652)
(-528237.33744683,687837.435565883,583723.763344123)
(-724586.143697939,612405.267195694,1026025.62754295)
(-1053673.02523141,519893.464039606,1807696.93401276)
(-1503142.65793353,417563.883645432,3074000.67946839)
(-2176963.89686047,300136.873404519,5079235.26232533)
(-2865897.45367807,159064.149749307,7855145.77809684)
(0,0,0)
(0,0,0)
(0,0,0)
(0,0,0)
(0,0,0)
(0,0,0)
(-472776.741491274,1246431.04659335,40509.3963047567)
(-482826.25388677,1236905.21200848,89892.0402261898)
(-508092.85129669,1216651.05536357,162026.730897099)
(-561468.20796571,1183013.35687393,283755.378997097)
(-668184.090229445,1131442.71302959,508334.191762839)
(-868268.056981918,1055393.96566778,933613.550272671)
(-1198386.51253408,946378.443715034,1705515.08313132)
(-1627471.73630127,793849.236403153,2956701.46667487)
(-2262669.8457766,581257.335359152,4938250.85049684)
(-2909071.11237258,310283.179032486,7696102.93358624)
(0,0,0)
(0,0,0)
(0,0,0)
(0,0,0)
(0,0,0)
(0,0,0)
(-731137.738388083,1946549.47694184,31019.3080396033)
(-740037.54426495,1938341.23951466,69620.8247983659)
(-762709.951848019,1920727.49966896,128254.332340998)
(-811462.585027944,1890683.17213797,232047.102104901)
(-910596.208387959,1841863.14286378,432222.88065867)
(-1098584.66887128,1761554.60608815,824646.909109578)
(-1408398.6422645,1626330.3579082,1553093.63718091)
(-1798580.41164463,1401256.36051695,2744266.92471173)
(-2390377.71886872,1048454.54344742,4667447.43549217)
(-2979523.58587113,571284.29264956,7385969.90774624)
(0,0,0)
(0,0,0)
(0,0,0)
(0,0,0)
(0,0,0)
(0,0,0)
(-1203595.71005502,3127406.81332586,22738.3736709945)
(-1210735.59198302,3119961.43086817,51853.7743005216)
(-1229008.56265972,3103581.52395189,98008.3126773162)
(-1268643.89135785,3074312.1633523,183023.212820831)
(-1350100.26290684,3023218.99508184,351767.623509607)
(-1506375.63775699,2930300.09350967,689397.773845076)
(-1765840.69882867,2753499.98749147,1328068.84309048)
(-2081726.16364937,2419449.08470644,2391602.28255037)
(-2622198.99042628,1871833.07902538,4190422.7373987)
(-3114238.32606166,1061021.74201274,6814923.61409717)
(0,0,0)
(0,0,0)
(0,0,0)
(0,0,0)
(0,0,0)
(0,0,0)
(-1994692.60146123,5106886.15342368,15213.261363421)
(-1999588.39751251,5099429.3424847,35333.7472593955)
(-2012025.55217706,5082364.43887867,68576.3845096732)
(-2038676.08148721,5049895.15361835,131669.475730827)
(-2092477.4182823,4988783.53398866,258582.355106317)
(-2193599.82607952,4870033.72396059,512448.550734906)
(-2363460.34254301,4635480.98802247,993927.892746921)
(-2615783.55662848,4185092.10165615,1844068.43242569)
(-3049733.05435963,3385841.7807676,3379792.7850431)
(-3349156.29621114,2035762.93774069,5754207.8855263)
(0,0,0)
(0,0,0)
(0,0,0)
(0,0,0)
(0,0,0)
(0,0,0)
(-2785546.33631976,7884681.7961342,7750.69360923389)
(-2787998.90334626,7876958.4418183,18220.4976218875)
(-2794202.13573317,7858802.253594,35984.8186397253)
(-2807295.2561988,7822907.78892144,70267.4395354349)
(-2833333.24600503,7752935.14309142,139449.076437696)
(-2882030.4268489,7613940.83024528,277572.397001888)
(-2967043.37733728,7336791.30773294,543305.454628696)
(-3110265.2186533,6793841.86604966,1044820.90888848)
(-3348389.07663935,5749141.64129079,2029910.12500464)
(-3372140.05797344,3719051.38350687,3718761.7372119)
(0,0,0)
(0,0,0)
(0,0,0)
(0,0,0)
(0,0,0)
(0,0,0)
(0,0,0)
(0,0,0)
(0,0,0)
(0,0,0)
(0,0,0)
(0,0,0)
(0,0,0)
(0,0,0)
(0,0,0)
(0,0,0)
(0,0,0)
(0,0,0)
(0,0,0)
(0,0,0)
(0,0,0)
(0,0,0)
(0,0,0)
(0,0,0)
(0,0,0)
(0,0,0)
(0,0,0)
(0,0,0)
(0,0,0)
(0,0,0)
(0,0,0)
(0,0,0)
(0,0,0)
(0,0,0)
(0,0,0)
(0,0,0)
(0,0,0)
(0,0,0)
(0,0,0)
(0,0,0)
(0,0,0)
(0,0,0)
(0,0,0)
(0,0,0)
(0,0,0)
(0,0,0)
(0,0,0)
(0,0,0)
(0,0,0)
(0,0,0)
(0,0,0)
(0,0,0)
(0,0,0)
(0,0,0)
(0,0,0)
(0,0,0)
(0,0,0)
(0,0,0)
(0,0,0)
(0,0,0)
(0,0,0)
(0,0,0)
(0,0,0)
(0,0,0)
(0,0,0)
(0,0,0)
(0,0,0)
(0,0,0)
(0,0,0)
(0,0,0)
(0,0,0)
(0,0,0)
(0,0,0)
(0,0,0)
(0,0,0)
(0,0,0)
(0,0,0)
(0,0,0)
(0,0,0)
(0,0,0)
(0,0,0)
(0,0,0)
(0,0,0)
(0,0,0)
(0,0,0)
(0,0,0)
(0,0,0)
(0,0,0)
(0,0,0)
(0,0,0)
(0,0,0)
(0,0,0)
(0,0,0)
(0,0,0)
(0,0,0)
(0,0,0)
(0,0,0)
(0,0,0)
(0,0,0)
(0,0,0)
(0,0,0)
(0,0,0)
(26152559.4474358,83952.6213813531,72711.7868831893)
(26135515.4276849,79949.0815399549,156295.22646137)
(26096389.6481978,71447.5788235646,263973.683683292)
(26023210.7320442,57691.5376589241,414067.113905856)
(25892752.4095579,38365.2358279106,633544.058159993)
(25660685.2361097,15212.9988419077,963920.523864779)
(25234966.2797785,-5608.14599416866,1479577.00054173)
(24393605.8507919,-14797.5429639178,2373606.69276645)
(22495065.9117391,-12273.5040731708,4375706.99479171)
(17339009.8348512,-6014.55040408818,10740391.6169064)
(0,0,0)
(0,0,0)
(0,0,0)
(0,0,0)
(0,0,0)
(0,0,0)
(26135140.5378659,179045.157082017,68751.2687889269)
(26118061.9324289,171488.877771697,147857.842562999)
(26078570.9970088,155270.626233066,250257.70405209)
(26004014.9085422,128454.463355052,394720.318282676)
(25870010.2931646,89345.9627213033,610368.977640768)
(25631435.3251006,39903.3261109768,943116.64785212)
(25199196.2598453,-7323.78071408532,1470365.12446235)
(24361333.2372959,-27494.7358987698,2376057.84306347)
(22474988.7360101,-20570.2778717489,4381889.77377871)
(17330220.991626,-8789.88958585226,10746341.099155)
(0,0,0)
(0,0,0)
(0,0,0)
(0,0,0)
(0,0,0)
(0,0,0)
(26095710.7716867,297697.511964195,61299.5462706679)
(26078582.4723643,287637.251713975,131778.37016347)
(26038316.077069,265737.967336637,223523.958169426)
(25960497.662309,228581.603680656,355596.851855533)
(25817227.0825428,171647.213107156,560908.591913893)
(25559098.8527292,93757.1029127974,895873.746428401)
(25102102.3933408,11003.3709268193,1450114.74188641)
(24272208.074153,-24244.5938442533,2382886.75348676)
(22423152.1252372,-11596.0515815649,4393585.61074024)
(17308710.0056903,-519.383080214576,10755036.0718026)
(0,0,0)
(0,0,0)
(0,0,0)
(0,0,0)
(0,0,0)
(0,0,0)
(26023271.1195621,455291.671041965,51350.1361414197)
(26006188.0535013,444326.559795847,110069.28582954)
(25964948.8359858,420368.256294906,186457.958878458)
(25882019.5851734,379169.780726218,298674.943065572)
(25721640.1539133,313909.585027936,483020.730832538)
(25419272.5369686,218100.593137275,813115.763650396)
(24886243.0617736,101776.776264437,1414859.70430921)
(24069281.4958642,44881.3937905624,2395487.61479925)
(22318407.9229642,49320.9739681836,4404592.99071874)
(17268488.3254036,34784.0057416409,10755505.0768649)
(0,0,0)
(0,0,0)
(0,0,0)
(0,0,0)
(0,0,0)
(0,0,0)
(25895640.6536711,673436.129143279,40489.7930290274)
(25878967.9367502,663263.460462931,86291.8094697316)
(25837534.9792732,641348.283253121,145357.076784241)
(25750259.044119,604457.623976243,233478.958641018)
(25570267.0958744,547900.598043789,387301.542045759)
(25201552.4323763,468711.55810253,696870.030748025)
(24498027.8259313,375184.671128977,1358079.31446255)
(23692894.9761169,293244.290612478,2399996.81333204)
(22154147.9874523,214451.25528399,4390072.67744517)
(17208642.2636272,115906.951985088,10720728.0436382)
(0,0,0)
(0,0,0)
(0,0,0)
(0,0,0)
(0,0,0)
(0,0,0)
(25668493.878582,988087.384363955,30396.1544478858)
(25652944.2297953,979713.796172244,64493.3647982464)
(25613489.3352169,962058.888130206,108518.603149412)
(25527822.923168,933044.634162637,176958.491571113)
(25345726.9973346,889064.038479674,308201.993312988)
(24966441.2711974,825068.836728734,603453.416249285)
(24253937.656792,736337.87876306,1276294.0690309)
(23484312.405021,622737.594671832,2321334.65339113)
(22014222.0806625,453579.534289679,4291632.47768814)
(17140007.0001389,239859.533638471,10604919.813265)
(0,0,0)
(0,0,0)
(0,0,0)
(0,0,0)
(0,0,0)
(0,0,0)
(25247134.8033121,1474061.31403273,22071.5583728068)
(25233590.6505801,1467634.52995659,46840.6594851609)
(25198659.908623,1454442.15873874,79405.5581473872)
(25120933.1114178,1433501.23032891,132871.295277194)
(24951144.0310699,1402322.43504498,244190.688995801)
(24588471.4983691,1353709.53492808,514811.853297831)
(23897412.7902241,1268841.83596309,1162814.49335099)
(23202832.2987208,1118114.9354801,2152342.47191911)
(21807092.2982498,816660.538732275,4078109.48009974)
(17022926.5960029,436588.259816995,10365248.601789)
(0,0,0)
(0,0,0)
(0,0,0)
(0,0,0)
(0,0,0)
(0,0,0)
(24405024.2604333,2336161.80389788,15597.5693882716)
(24394318.3267881,2330985.36253268,33510.8477828145)
(24366491.8855641,2320486.56740908,58284.0206304855)
(24303733.1150156,2304216.37195372,101509.902374049)
(24163860.6220067,2280746.94504465,195442.537202575)
(23856216.1668901,2242964.76148505,429913.53574031)
(23251322.426507,2155802.80418701,1012107.47192247)
(22798423.8333989,1885359.63115207,1851030.80894397)
(21389326.752032,1444266.04490794,3698217.59005174)
(16751937.3488746,826058.408162133,9928889.79651215)
(0,0,0)
(0,0,0)
(0,0,0)
(0,0,0)
(0,0,0)
(0,0,0)
(22501619.2476829,4315826.60059029,10341.3839052119)
(22494386.5274569,4310808.37967037,22861.4715398559)
(22475778.2022248,4300020.41047104,41841.9038178308)
(22434752.6927783,4281147.88502089,77799.6462269181)
(22347224.1070979,4247774.19781558,157388.897817561)
(22169078.2266162,4181428.86146697,342564.7748817)
(21847939.2634421,4031736.73837365,741549.264451735)
(21396921.473681,3690480.79234304,1410041.10269304)
(20123611.5813405,3087051.35601425,3080229.18562837)
(15927687.7179672,2012661.22577855,9103100.38357538)
(0,0,0)
(0,0,0)
(0,0,0)
(0,0,0)
(0,0,0)
(0,0,0)
(17341354.2519554,10669949.9628299,5294.07922705408)
(17337758.682041,10664655.6848221,12007.2184297287)
(17328604.158554,10652684.8566737,22854.5076816031)
(17308900.6876391,10629931.472283,44193.0063233644)
(17268221.7428553,10586019.8936196,90710.351400822)
(17188169.5364502,10495704.5574322,192552.72187829)
(17039955.2652104,10303541.9049379,400066.942508047)
(16756137.2994992,9903803.21868433,806660.027756064)
(15928315.6556403,9097243.31192905,2006081.3693034)
(12951167.651204,7090998.42835413,7090754.48729212)
(0,0,0)
(0,0,0)
(0,0,0)
(0,0,0)
(0,0,0)
(0,0,0)
(0,0,0)
(0,0,0)
(0,0,0)
(0,0,0)
(0,0,0)
(0,0,0)
(0,0,0)
(0,0,0)
(0,0,0)
(0,0,0)
(0,0,0)
(0,0,0)
(0,0,0)
(0,0,0)
(0,0,0)
(0,0,0)
(0,0,0)
(0,0,0)
(0,0,0)
(0,0,0)
(0,0,0)
(0,0,0)
(0,0,0)
(0,0,0)
(0,0,0)
(0,0,0)
(0,0,0)
(0,0,0)
(0,0,0)
(0,0,0)
(0,0,0)
(0,0,0)
(0,0,0)
(0,0,0)
(0,0,0)
(0,0,0)
(0,0,0)
(0,0,0)
(0,0,0)
(0,0,0)
(0,0,0)
(0,0,0)
(0,0,0)
(0,0,0)
(0,0,0)
(0,0,0)
(0,0,0)
(0,0,0)
(0,0,0)
(0,0,0)
(0,0,0)
(0,0,0)
(0,0,0)
(0,0,0)
(0,0,0)
(0,0,0)
(0,0,0)
(0,0,0)
(0,0,0)
(0,0,0)
(0,0,0)
(0,0,0)
(0,0,0)
(0,0,0)
(0,0,0)
(0,0,0)
(0,0,0)
(0,0,0)
(0,0,0)
(0,0,0)
(0,0,0)
(0,0,0)
(0,0,0)
(0,0,0)
(0,0,0)
(0,0,0)
(0,0,0)
(0,0,0)
(0,0,0)
(0,0,0)
(0,0,0)
(0,0,0)
(0,0,0)
(0,0,0)
(0,0,0)
(0,0,0)
(0,0,0)
(0,0,0)
(0,0,0)
(0,0,0)
(0,0,0)
(0,0,0)
(0,0,0)
(0,0,0)
(0,0,0)
(0,0,0)
(-455881.84608768,66514.7498982015,55608.513883545)
(-474681.772495059,62489.5467701113,116998.137551595)
(-517159.933834214,53662.1799736704,190567.509868095)
(-594548.564042025,38535.2664675824,283473.50974497)
(-727065.597719037,15632.8149291513,401340.672350964)
(-948207.836452331,-14047.6921017492,537963.407272972)
(-1309906.8091591,-41387.6381487174,637906.10461747)
(-1882413.05084749,-47064.7889332024,474671.765448281)
(-2703373.03592549,-32320.2785354715,-780887.03809338)
(-3313939.99935606,-14791.626232307,-6599463.60739559)
(0,0,0)
(0,0,0)
(0,0,0)
(0,0,0)
(0,0,0)
(0,0,0)
(-475793.792528769,139498.356901999,51632.693649048)
(-494274.697502246,131911.973064313,108228.867544219)
(-536318.014642742,114972.412701291,175489.616726338)
(-613767.494584873,84922.3343147514,260566.922264502)
(-748284.073964956,36524.6116145753,371651.462966872)
(-975427.787703905,-32478.0595843753,510626.913512269)
(-1345606.11625567,-104442.932781369,632166.554504096)
(-1912564.37469485,-116626.787229878,489308.135049695)
(-2718484.95310373,-72403.7042203725,-763452.77989335)
(-3319276.23518729,-30291.7544721589,-6584773.45458199)
(0,0,0)
(0,0,0)
(0,0,0)
(0,0,0)
(0,0,0)
(0,0,0)
(-520271.829582983,225057.53655134,44105.3918786116)
(-538127.981022197,215048.943781888,91360.8448058074)
(-579396.164479303,192235.378140547,145492.091173081)
(-657562.29389558,150006.817887795,212149.534062854)
(-799024.147495579,75971.5564232012,302635.789550803)
(-1049579.91237225,-46128.8704368382,438647.335762923)
(-1465051.20746549,-204865.935865518,619905.909911597)
(-2017103.2122569,-227170.707291778,533443.086641633)
(-2764349.73208061,-116367.906082246,-721408.88392047)
(-3333982.71662565,-40761.0833058574,-6554564.86251255)
(0,0,0)
(0,0,0)
(0,0,0)
(0,0,0)
(0,0,0)
(0,0,0)
(-599697.73767401,327559.855347981,34148.5086977222)
(-616591.876671902,317008.250227051,68651.1026839513)
(-656688.777783342,292891.271011938,103314.793839935)
(-736438.930354226,247350.357024699,138111.74048884)
(-893655.800917797,162511.625013262,180549.596988129)
(-1212943.51332405,404.987111782225,279913.759990369)
(-1836302.03332553,-286358.452382347,597633.341864522)
(-2359379.49203303,-331439.028665338,644244.621393475)
(-2879270.24017773,-114913.837932721,-645849.313355859)
(-3365513.0437458,-25064.0793581294,-6513862.97789595)
(0,0,0)
(0,0,0)
(0,0,0)
(0,0,0)
(0,0,0)
(0,0,0)
(-733077.034855144,446266.166918379,23693.3472140349)
(-748576.302380449,437251.711033126,44676.0957968595)
(-786439.143473975,417343.497159309,57879.9626548771)
(-866212.269577108,382032.940802755,53350.6628311408)
(-1042114.26749128,323374.40525048,18551.2162177825)
(-1492652.62167481,233599.195539602,-6755.9679006841)
(-2965279.90579174,131141.782719648,552733.498978581)
(-3517704.05358745,84682.5986982561,860892.87157751)
(-3104819.88987963,74565.6387239734,-555936.757488968)
(-3417247.74933256,47307.1661034941,-6488736.01973256)
(0,0,0)
(0,0,0)
(0,0,0)
(0,0,0)
(0,0,0)
(0,0,0)
(-953040.712776646,566732.975626689,14749.7529085004)
(-966616.740754075,560395.889345182,24848.5154040783)
(-1000531.61873723,547264.756675532,22630.18010014)
(-1074720.64843241,526138.659471496,-5249.99670999358)
(-1245792.08319008,494440.71445105,-71115.2551276961)
(-1695310.93177296,447015.042080636,-109096.928440194)
(-3096579.51172181,379740.040492862,506503.952558636)
(-3602949.93423693,341201.893566349,850928.967206609)
(-3209979.1166588,246429.0097336,-583051.236223517)
(-3468971.4058297,122778.394375297,-6535862.08826845)
(0,0,0)
(0,0,0)
(0,0,0)
(0,0,0)
(0,0,0)
(0,0,0)
(-1312749.45414025,631861.389937782,8437.81339949063)
(-1323923.89468964,628311.40594847,11718.8123241958)
(-1352404.95238667,622261.80968356,1468.5905840593)
(-1417051.44189121,616273.079915511,-36999.3062927644)
(-1574166.04289711,614961.709816481,-118528.257432963)
(-2014433.05250474,621348.523667495,-176275.217887736)
(-3476220.71375078,622667.826032618,468112.470805612)
(-3944164.22779387,713641.927215007,756350.933929805)
(-3368837.22305367,398859.588540596,-706468.153315462)
(-3554280.6230679,165596.065791564,-6658396.6354027)
(0,0,0)
(0,0,0)
(0,0,0)
(0,0,0)
(0,0,0)
(0,0,0)
(-1886886.85956145,432593.483441449,4860.9967493369)
(-1895301.67856199,430908.694560389,5565.6837457495)
(-1917031.60638936,429686.806015728,-4653.85037479138)
(-1967709.25689994,435192.744316327,-38449.1726018936)
(-2097744.25117753,464054.663722465,-112255.283065378)
(-2501749.63812018,555739.600980294,-174998.585109681)
(-4098758.66012971,752304.972128202,559127.325689685)
(-3340594.87857815,483718.952988082,441750.982151922)
(-3495309.96329706,178434.368342812,-939505.112062945)
(-3686293.78013086,1738.36683698642,-6823734.31384471)
(0,0,0)
(0,0,0)
(0,0,0)
(0,0,0)
(0,0,0)
(0,0,0)
(-2710445.57761656,-844791.383107807,3131.66210696337)
(-2715926.72545173,-846176.097534109,4211.67736834449)
(-2729861.91451582,-847445.424868251,665.995251145997)
(-2761003.52754693,-844895.284830431,-9807.78501862919)
(-2832634.5226084,-831410.191030538,-20802.3303011015)
(-3004009.01918216,-799702.249659688,21408.7363954686)
(-3378621.15360097,-776528.693633121,290484.789458077)
(-3501183.90203405,-950623.951947878,136615.040367319)
(-3823164.44152057,-1108544.68187112,-1115947.91629945)
(-3883583.14094312,-964072.463512949,-6825184.25678099)
(0,0,0)
(0,0,0)
(0,0,0)
(0,0,0)
(0,0,0)
(0,0,0)
(-3319338.337169,-6672137.09222211,1720.26849691319)
(-3322007.2469651,-6673862.20526789,2854.27549504578)
(-3328686.06579006,-6676682.21444771,3063.2596768411)
(-3343079.38451875,-6679625.54089311,3455.55815556704)
(-3373854.85270676,-6682818.05706939,10621.9900147365)
(-3438418.20040033,-6693114.14170388,44303.58916768)
(-3557681.19676006,-6737109.43117624,116202.758939548)
(-3690288.62161176,-6853069.91512986,-21243.3865093354)
(-3884763.03255253,-6831782.79877349,-971244.611155925)
(-3748921.61115238,-5860697.41526355,-5860848.42679068)
(0,0,0)
(0,0,0)
(0,0,0)
(0,0,0)
(0,0,0)
(0,0,0)
(0,0,0)
(0,0,0)
(0,0,0)
(0,0,0)
(0,0,0)
(0,0,0)
(0,0,0)
(0,0,0)
(0,0,0)
(0,0,0)
(0,0,0)
(0,0,0)
(0,0,0)
(0,0,0)
(0,0,0)
(0,0,0)
(0,0,0)
(0,0,0)
(0,0,0)
(0,0,0)
(0,0,0)
(0,0,0)
(0,0,0)
(0,0,0)
(0,0,0)
(0,0,0)
(0,0,0)
(0,0,0)
(0,0,0)
(0,0,0)
(0,0,0)
(0,0,0)
(0,0,0)
(0,0,0)
(0,0,0)
(0,0,0)
(0,0,0)
(0,0,0)
(0,0,0)
(0,0,0)
(0,0,0)
(0,0,0)
(0,0,0)
(0,0,0)
(0,0,0)
(0,0,0)
(0,0,0)
(0,0,0)
(0,0,0)
(0,0,0)
(0,0,0)
(0,0,0)
(0,0,0)
(0,0,0)
(0,0,0)
(0,0,0)
(0,0,0)
(0,0,0)
(0,0,0)
(0,0,0)
(0,0,0)
(0,0,0)
(0,0,0)
(0,0,0)
(0,0,0)
(0,0,0)
(0,0,0)
(0,0,0)
(0,0,0)
(0,0,0)
(0,0,0)
(0,0,0)
(0,0,0)
(0,0,0)
(0,0,0)
(0,0,0)
(0,0,0)
(0,0,0)
(0,0,0)
(0,0,0)
(0,0,0)
(0,0,0)
(0,0,0)
(0,0,0)
(0,0,0)
(0,0,0)
(0,0,0)
(0,0,0)
(0,0,0)
(0,0,0)
(0,0,0)
(0,0,0)
(0,0,0)
(0,0,0)
(0,0,0)
(0,0,0)
(-539176.929591338,46577.3802086096,36717.7032950477)
(-555160.057364222,42879.4215687136,74316.5665954969)
(-590303.360717843,34491.1876028175,112968.805876309)
(-651619.149624429,19288.12558276,150751.265875953)
(-750616.770832216,-5621.51939517651,179923.958384309)
(-902927.470569644,-41286.2534030074,175929.845904631)
(-1121893.94207581,-77078.3754246719,64995.3542460136)
(-1393479.14355323,-77221.2995540367,-346717.253494213)
(-1610698.59173639,-47451.4639300529,-1391940.23375326)
(-1399637.7803879,-20147.9418443153,-3286094.51087711)
(0,0,0)
(0,0,0)
(0,0,0)
(0,0,0)
(0,0,0)
(0,0,0)
(-557291.533779833,94998.9572581828,33076.1642014904)
(-572372.361260034,88050.7986508865,66002.4508771039)
(-605550.617385839,71888.7923302745,97837.4488927446)
(-663580.636264953,41094.1849106984,125844.531244885)
(-758039.552884137,-14259.5829775614,144238.07374645)
(-905948.492920349,-106631.62480823,140104.150368117)
(-1123507.29593715,-223847.53128626,64774.48591118)
(-1386843.27083557,-221122.609967293,-317045.307534848)
(-1600003.36329593,-118252.513690413,-1364725.84758228)
(-1393076.98866306,-45001.4296582104,-3266071.60629262)
(0,0,0)
(0,0,0)
(0,0,0)
(0,0,0)
(0,0,0)
(0,0,0)
(-596985.009238814,145551.937915578,26160.1989984356)
(-610303.248283529,136491.079131271,49895.1857793827)
(-639584.644556341,114869.784756632,67102.6734300628)
(-690886.086428729,71044.5565345101,70476.0943394013)
(-775902.247405614,-18740.9854844147,51835.596756289)
(-917729.525049834,-209500.816925016,22854.4015506546)
(-1157425.51891628,-576063.087479144,67444.2691943391)
(-1387170.11552532,-569390.337364915,-214221.100139627)
(-1574042.45213149,-231268.692605124,-1291512.20117404)
(-1377043.63683989,-72301.9127173914,-3221150.79790062)
(0,0,0)
(0,0,0)
(0,0,0)
(0,0,0)
(0,0,0)
(0,0,0)
(-665326.128253266,194025.941858339,17154.3866364949)
(-676180.150345749,184867.059063484,28366.6803781297)
(-699764.347635898,162992.436908932,23319.5980783852)
(-740167.221002762,117431.919765638,-19339.4745042057)
(-806777.241085344,13973.65050934,-138932.670330412)
(-938414.79265132,-279268.256991893,-343693.950936267)
(-1415058.79350337,-1415201.31286489,74201.0346273103)
(-1488873.13702119,-1489657.30584735,123961.648097899)
(-1513645.21510037,-340394.468677608,-1132537.60090698)
(-1344664.68199885,-76779.9413912358,-3148907.93398009)
(0,0,0)
(0,0,0)
(0,0,0)
(0,0,0)
(0,0,0)
(0,0,0)
(-773324.252805733,226169.842052343,8103.31775658423)
(-781322.647927873,219084.518047164,6632.20432032777)
(-797785.160313104,203116.231905628,-22145.5738372393)
(-821531.516129875,173369.105604796,-122763.51312363)
(-838374.746638095,119580.977624364,-432110.361091841)
(-755408.570232733,30905.4989010916,-1479528.1684269)
(-7.0071970631889e-05,-1.97605260669105e-05,4.59270348124108e-05)
(483.650978115739,-499.943744341953,1273404.64530092)
(-1272460.38987212,-30549.6435700891,-868799.679814116)
(-1286411.19032447,-4384.78654042658,-3072031.39367302)
(0,0,0)
(0,0,0)
(0,0,0)
(0,0,0)
(0,0,0)
(0,0,0)
(-934912.829637588,206950.77044294,1091.1884703453)
(-940201.970301212,203008.607058127,-9247.67099348024)
(-950116.23622178,195269.010377168,-51815.8319804648)
(-960293.59103536,183642.569976616,-176516.353749337)
(-947902.036090155,165909.792103689,-520735.215328583)
(-802475.162393343,127746.169837878,-1510411.65564498)
(-6.34861527153504e-05,-2.57800933092673e-05,3.54447071519459e-05)
(900.114643707815,-64.2885976302324,1243563.08082251)
(-1242058.25458973,87536.5944061626,-842444.019222816)
(-1285863.60978269,37469.3080351133,-3067405.90984534)
(0,0,0)
(0,0,0)
(0,0,0)
(0,0,0)
(0,0,0)
(0,0,0)
(-1160551.60810249,57586.519330149,-2833.59492497147)
(-1163576.99676618,56798.5457138449,-16970.4315041524)
(-1168202.74226474,57506.0187763198,-63409.6500252313)
(-1168031.55988459,65456.2191879699,-194243.181243204)
(-1134790.91680448,91178.0171743164,-558886.532406456)
(-941283.855775215,133817.98484668,-1638107.54414478)
(-0.000170580900265433,6.16146681955169e-05,4.58867916419558e-05)
(878.152086213275,1317094.2491539,1331372.94001292)
(-1329981.42436965,272316.047792753,-892262.312057693)
(-1338098.29997302,33579.5148633897,-3104554.84198085)
(0,0,0)
(0,0,0)
(0,0,0)
(0,0,0)
(0,0,0)
(0,0,0)
(-1434466.70218267,-391200.377838486,-3633.26021014939)
(-1435893.15869435,-389910.486886128,-16332.7474778114)
(-1437051.60912948,-383282.989629156,-55523.7363322191)
(-1430971.68679868,-358228.211674457,-168576.875571057)
(-1387817.22924327,-270997.025844303,-516328.854486701)
(-1165516.69139609,53306.6909871988,-1772050.50735132)
(626.722496109408,1472276.45841427,1317118.45739694)
(-1316100.14959927,322932.097282284,286785.880289679)
(-1655880.91894056,-149559.517305854,-1130767.59896823)
(-1450058.61114743,-195606.55501964,-3137816.69806861)
(0,0,0)
(0,0,0)
(0,0,0)
(0,0,0)
(0,0,0)
(0,0,0)
(-1645261.22190166,-1454017.3478555,-2367.38569788657)
(-1645857.79459117,-1452551.66806571,-9795.13537885741)
(-1645842.21132466,-1446503.71812067,-30594.1100785005)
(-1641215.41921239,-1427139.37216499,-81471.0579225056)
(-1620120.24591067,-1372801.74249618,-192180.617968362)
(-1555368.90029655,-1234318.68322963,-353195.362637159)
(-1471517.94472165,-955861.644678271,167839.53157607)
(-1684835.38315397,-1140048.25087912,-185528.639142606)
(-1811281.74508713,-1170395.60421062,-1176575.24867128)
(-1484324.83269823,-829542.265010455,-2941897.84692536)
(0,0,0)
(0,0,0)
(0,0,0)
(0,0,0)
(0,0,0)
(0,0,0)
(-1419119.28332589,-3353292.85496467,-943.54673394524)
(-1419339.55449278,-3352314.68419687,-3848.22307509554)
(-1419240.96053897,-3348401.8820845,-11395.1643623449)
(-1417403.5834635,-3336872.54632746,-27337.7912551275)
(-1410779.70276274,-3309283.96362415,-53930.7200711757)
(-1396638.9528959,-3255073.90147559,-74954.7493296373)
(-1392185.73215793,-3179859.08351287,-16452.7750971653)
(-1467743.73108378,-3163222.90974442,-215823.006759835)
(-1488063.33540279,-2947370.27954544,-835548.02857476)
(-1189916.53665858,-2111969.55329804,-2112125.81478096)
(0,0,0)
(0,0,0)
(0,0,0)
(0,0,0)
(0,0,0)
(0,0,0)
(0,0,0)
(0,0,0)
(0,0,0)
(0,0,0)
(0,0,0)
(0,0,0)
(0,0,0)
(0,0,0)
(0,0,0)
(0,0,0)
(0,0,0)
(0,0,0)
(0,0,0)
(0,0,0)
(0,0,0)
(0,0,0)
(0,0,0)
(0,0,0)
(0,0,0)
(0,0,0)
(0,0,0)
(0,0,0)
(0,0,0)
(0,0,0)
(0,0,0)
(0,0,0)
(0,0,0)
(0,0,0)
(0,0,0)
(0,0,0)
(0,0,0)
(0,0,0)
(0,0,0)
(0,0,0)
(0,0,0)
(0,0,0)
(0,0,0)
(0,0,0)
(0,0,0)
(0,0,0)
(0,0,0)
(0,0,0)
(0,0,0)
(0,0,0)
(0,0,0)
(0,0,0)
(0,0,0)
(0,0,0)
(0,0,0)
(0,0,0)
(0,0,0)
(0,0,0)
(0,0,0)
(0,0,0)
(0,0,0)
(0,0,0)
(0,0,0)
(0,0,0)
(0,0,0)
(0,0,0)
(0,0,0)
(0,0,0)
(0,0,0)
(0,0,0)
(0,0,0)
(0,0,0)
(0,0,0)
(0,0,0)
(0,0,0)
(0,0,0)
(0,0,0)
(0,0,0)
(0,0,0)
(0,0,0)
(0,0,0)
(0,0,0)
(0,0,0)
(0,0,0)
(0,0,0)
(0,0,0)
(0,0,0)
(0,0,0)
(0,0,0)
(0,0,0)
(0,0,0)
(0,0,0)
(0,0,0)
(0,0,0)
(0,0,0)
(0,0,0)
(0,0,0)
(0,0,0)
(0,0,0)
(0,0,0)
(0,0,0)
(0,0,0)
(-588295.119403575,28414.1698404384,20704.0199718)
(-599121.455915906,25616.6344205039,39048.7841029803)
(-621870.795349033,19187.5821786719,51428.6365554979)
(-658893.549658856,7257.85483008659,51445.1817598372)
(-713349.181634925,-13109.3828530558,27286.9754156008)
(-787879.408989852,-44355.0643369918,-43406.0218272014)
(-879674.475296941,-78697.9797802289,-206927.50882584)
(-965517.373583834,-70589.0639944798,-564300.214800755)
(-956979.659463214,-36760.1562943365,-1181258.99077959)
(-680529.835357342,-13568.7120494737,-1886798.22376067)
(0,0,0)
(0,0,0)
(0,0,0)
(0,0,0)
(0,0,0)
(0,0,0)
(-602054.813220058,55229.6418522435,17947.8074284202)
(-611514.720873418,50019.2739312487,32687.5275310611)
(-630989.771530246,37745.2381005062,39569.0257536332)
(-661514.303837673,13683.9698574019,31076.5782990384)
(-703921.388140019,-32177.6277235819,-3973.3415745553)
(-758085.597230071,-118427.831645856,-77763.4699559686)
(-823344.569945872,-257744.241381748,-198879.934345725)
(-904341.108404395,-221421.112612382,-530550.048158997)
(-916882.264476737,-92275.4992828311,-1158155.8039897)
(-662499.603555756,-28953.5867900014,-1873348.31435648)
(0,0,0)
(0,0,0)
(0,0,0)
(0,0,0)
(0,0,0)
(0,0,0)
(-631549.916461853,77046.8470156892,12747.7020595939)
(-638392.352171288,70421.0936610406,20434.9862175607)
(-651433.019004837,54499.9712651745,15528.6275013883)
(-668437.977444171,21593.4563635937,-14828.9679893623)
(-682893.132766942,-49736.0510048638,-90279.6593467514)
(-679101.74223538,-230222.767767815,-217112.506039247)
(-636019.568489881,-833648.475719957,-162614.222127443)
(-698718.254326771,-671035.551679776,-401451.644258592)
(-802037.7461913,-170856.681541256,-1094875.16794036)
(-616470.419807591,-39928.9873277273,-1844472.98443493)
(0,0,0)
(0,0,0)
(0,0,0)
(0,0,0)
(0,0,0)
(0,0,0)
(-680210.233029763,85743.389270873,6187.56252131433)
(-683617.500179663,79443.0786342412,4602.9273820266)
(-687973.074282924,64672.0313834722,-17360.4060892433)
(-685532.94983645,35805.5383952037,-86206.7592871659)
(-654095.705535282,-17810.0200140151,-270814.325828077)
(-522576.242855611,-96317.1539743151,-820558.489417287)
(-3.37505754272449e-05,-6.51431376508165e-06,1.69559105566764e-05)
(301.942263658427,-208.849593196668,98768.7686886036)
(-522648.776746463,-99162.856601769,-963921.49460479)
(-525373.204192562,-18531.7370665808,-1804610.22267222)
(0,0,0)
(0,0,0)
(0,0,0)
(0,0,0)
(0,0,0)
(0,0,0)
(-751850.883184253,64283.2725957916,-13.2529463982272)
(-751809.325209648,59930.8665178555,-10014.3635482376)
(-747479.326623279,50490.0109660063,-46138.1768205976)
(-726405.495588813,34343.6354032108,-139802.294369665)
(-656543.876614709,9851.40870621565,-349294.593113281)
(-460546.634856005,-16257.0131374946,-724216.66932683)
(3.29261012508806e-06,-2.40278497592689e-06,-8.31400942086536e-05)
(-7.39894218292268e-05,-1.13592649561624e-05,2.53497714096271e-06)
(563.164862113171,-117.810454324299,-883131.062377311)
(-398240.63935602,-3858.88895457935,-1785974.46145776)
(0,0,0)
(0,0,0)
(0,0,0)
(0,0,0)
(0,0,0)
(0,0,0)
(-847412.214102343,-18913.0338982837,-4304.30904116952)
(-844644.618252211,-20582.0819883192,-19348.7125839979)
(-833720.346001659,-23051.0742555284,-62203.517582585)
(-799557.450738276,-24317.2988975478,-164278.723578912)
(-705781.777958576,-21173.1881056301,-375374.384898645)
(-474971.442805552,-11211.5201997793,-707923.597424152)
(-1.6443660389757e-06,-6.90438451999724e-06,-6.28224630957748e-05)
(-5.42403454710144e-05,-1.90629572307611e-05,-8.01376641125176e-07)
(379.869042670945,-405.159134800283,-886653.778591553)
(-379681.412308199,-14811.084120411,-1781883.78090022)
(0,0,0)
(0,0,0)
(0,0,0)
(0,0,0)
(0,0,0)
(0,0,0)
(-956982.283197855,-216515.068094302,-5967.29070861071)
(-952613.311449721,-215705.604469241,-21807.453544144)
(-938072.25872693,-211538.503335085,-63450.5080024013)
(-896987.967826872,-197684.582034165,-161126.816923501)
(-789628.204697908,-162067.760180726,-365394.956954982)
(-530516.104251555,-90697.2400284157,-696676.988650006)
(-9.63026840401285e-06,-9.96014155554738e-05,-7.36141480995852e-05)
(-9.42265807834482e-05,1.55578887702894e-06,-1.76685969741919e-07)
(374.592560817518,-53688.0441294727,-900764.321116953)
(-408445.653950288,-78446.109078052,-1766781.94218204)
(0,0,0)
(0,0,0)
(0,0,0)
(0,0,0)
(0,0,0)
(0,0,0)
(-1043606.96366823,-602228.151885209,-5146.6547235287)
(-1038988.38525282,-600069.342934226,-17687.6897000819)
(-1024390.46271411,-592229.494956489,-49657.8444940435)
(-984175.862673228,-568609.027513699,-125529.223139958)
(-877926.040890191,-503456.537309225,-294031.634364539)
(-607607.457174043,-336738.446131348,-605899.662483651)
(-0.000114712703745834,4.70838507609192e-06,5.87955351655719e-06)
(306.539543286136,-45990.4255742519,-53343.8687956918)
(-532575.934179027,-305101.223614089,-925235.674072604)
(-535763.8145126,-229947.159640037,-1688029.42014545)
(0,0,0)
(0,0,0)
(0,0,0)
(0,0,0)
(0,0,0)
(0,0,0)
(-1016375.08600807,-1228125.42897595,-2988.85880284431)
(-1012768.37797276,-1226252.513248,-9895.10510747427)
(-1001735.94265738,-1220105.84903469,-26125.0196965466)
(-972012.677836192,-1203490.0460129,-60446.7425735493)
(-892998.230065809,-1163606.77650167,-127418.519225965)
(-674438.076341078,-1075766.81037759,-269320.978935196)
(606.815964098191,-876763.373655417,-45599.9723628583)
(-541033.809350298,-923229.706992559,-312162.264748225)
(-731355.494703095,-847384.926812013,-849804.811934334)
(-571059.952421712,-535225.04359875,-1457791.80825213)
(0,0,0)
(0,0,0)
(0,0,0)
(0,0,0)
(0,0,0)
(0,0,0)
(-711659.467893939,-1934415.59391624,-1169.65049166187)
(-709764.903587028,-1933181.44776099,-3815.36688442484)
(-704199.424484998,-1929338.01307328,-9624.7388998204)
(-690163.022474637,-1919628.85020599,-20726.4956955943)
(-656678.983644719,-1898672.54602229,-39761.4452929943)
(-583042.707935949,-1858651.76547389,-70472.7351566288)
(-459429.733618287,-1787950.00738706,-92042.0999646321)
(-551033.864174294,-1695768.58961738,-236213.084249295)
(-574672.766125559,-1459512.46883279,-537476.111505752)
(-418150.081276416,-922136.532049412,-922331.078437253)
(0,0,0)
(0,0,0)
(0,0,0)
(0,0,0)
(0,0,0)
(0,0,0)
(0,0,0)
(0,0,0)
(0,0,0)
(0,0,0)
(0,0,0)
(0,0,0)
(0,0,0)
(0,0,0)
(0,0,0)
(0,0,0)
(0,0,0)
(0,0,0)
(0,0,0)
(0,0,0)
(0,0,0)
(0,0,0)
(0,0,0)
(0,0,0)
(0,0,0)
(0,0,0)
(0,0,0)
(0,0,0)
(0,0,0)
(0,0,0)
(0,0,0)
(0,0,0)
(0,0,0)
(0,0,0)
(0,0,0)
(0,0,0)
(0,0,0)
(0,0,0)
(0,0,0)
(0,0,0)
(0,0,0)
(0,0,0)
(0,0,0)
(0,0,0)
(0,0,0)
(0,0,0)
(0,0,0)
(0,0,0)
(0,0,0)
(0,0,0)
(0,0,0)
(0,0,0)
(0,0,0)
(0,0,0)
(0,0,0)
(0,0,0)
(0,0,0)
(0,0,0)
(0,0,0)
(0,0,0)
(0,0,0)
(0,0,0)
(0,0,0)
(0,0,0)
(0,0,0)
(0,0,0)
(0,0,0)
(0,0,0)
(0,0,0)
(0,0,0)
(0,0,0)
(0,0,0)
(0,0,0)
(0,0,0)
(0,0,0)
(0,0,0)
(0,0,0)
(0,0,0)
(0,0,0)
(0,0,0)
(0,0,0)
(0,0,0)
(0,0,0)
(0,0,0)
(0,0,0)
(0,0,0)
(0,0,0)
(0,0,0)
(0,0,0)
(0,0,0)
(0,0,0)
(0,0,0)
(0,0,0)
(0,0,0)
(0,0,0)
(0,0,0)
(0,0,0)
(0,0,0)
(0,0,0)
(0,0,0)
(0,0,0)
(0,0,0)
(-612877.180521272,14653.3495531399,9928.71156455566)
(-618655.615524499,13217.3113162764,16245.5598568718)
(-629943.873198025,10070.956479942,14247.6812259221)
(-646058.21429895,4640.59295789143,-3228.24709187387)
(-665440.422152878,-3697.74487357921,-47439.2617003421)
(-685227.934733136,-14589.396468751,-135501.339488307)
(-699744.755453245,-22365.7292503585,-293065.330081646)
(-693088.298878356,-9402.47194441754,-556091.932842707)
(-611323.687217024,3368.8634372195,-905116.768526115)
(-383632.742060937,4518.95535943655,-1206532.81718196)
(0,0,0)
(0,0,0)
(0,0,0)
(0,0,0)
(0,0,0)
(0,0,0)
(-621676.04628229,25757.572254217,8517.01036115615)
(-626071.636383206,23141.5518103108,13149.685376909)
(-633946.348556291,17300.1122827617,8877.10660013376)
(-643176.087373803,6749.9623415235,-11570.4792473675)
(-649697.413670262,-11140.5759791655,-58351.6226115375)
(-648314.106011246,-39443.248244402,-143269.262054714)
(-638483.862312292,-70385.5140816138,-280110.184857037)
(-634727.852894042,-15760.0388751037,-543365.8734367)
(-575433.247030325,22604.5907244662,-904050.618170358)
(-367990.371060893,17115.7038345036,-1211156.59914029)
(0,0,0)
(0,0,0)
(0,0,0)
(0,0,0)
(0,0,0)
(0,0,0)
(-639975.583730577,28297.4879671284,5885.75155581316)
(-641768.565370148,25102.7415480306,7300.77501695394)
(-643060.579741696,17882.5390496028,-1654.091013028)
(-638244.417388976,4389.69336203875,-29487.3820887367)
(-615775.822453484,-21047.5955692538,-86697.6728121073)
(-557287.617704265,-73742.9394823635,-174212.10610526)
(-457561.537331223,-197553.621165918,-225502.030179614)
(-462973.396525805,28033.5937018689,-505040.520557554)
(-483425.782620173,108531.583915128,-909579.477319342)
(-331752.973818304,51155.4187867223,-1228336.63826085)
(0,0,0)
(0,0,0)
(0,0,0)
(0,0,0)
(0,0,0)
(0,0,0)
(-668465.029676203,13835.0318376253,2717.25277594152)
(-666942.549789614,11021.5327732191,123.511160703891)
(-659766.71711176,4936.88889188887,-15137.1958527457)
(-635993.584727032,-5312.29625603875,-54974.5713440858)
(-570118.617092319,-20505.7289668221,-139493.526389481)
(-403262.121630694,-34431.27003015,-298119.317066611)
(-2.91476618467406e-05,-6.71806104686136e-06,-2.49443028457949e-06)
(77.5846117502076,-372.281909602828,-424562.526346818)
(-295821.822121487,424080.32488351,-966938.221940176)
(-270199.401624144,108588.856549529,-1279545.4622714)
(0,0,0)
(0,0,0)
(0,0,0)
(0,0,0)
(0,0,0)
(0,0,0)
(-706372.391904814,-31594.6100318872,-48.8494099254119)
(-701782.218698654,-33186.8765840358,-5867.54656366316)
(-687025.650621784,-36041.8093907155,-25342.5242825528)
(-647799.404770484,-39076.4679832687,-70184.4433736529)
(-554108.303173236,-39640.8004734084,-153484.945308538)
(-353797.845523512,-30836.0916339538,-263828.913037227)
(2.835389679143e-06,-1.28284818942815e-06,-7.26853300068533e-06)
(-6.36576002294886e-05,-3.43350867901858e-06,-1.39222903526451e-05)
(363.377318162146,-281.90204829408,-1282277.94666405)
(-198587.39895879,14680.519946739,-1388022.85045849)
(0,0,0)
(0,0,0)
(0,0,0)
(0,0,0)
(0,0,0)
(0,0,0)
(-748631.517935121,-128761.480918016,-1613.82528109434)
(-741975.639438558,-128836.182268625,-8633.49841015609)
(-722384.604893446,-127693.223403044,-28317.82550604)
(-674180.371327208,-122020.418261346,-70750.9546390298)
(-566204.061173751,-105265.944354534,-144703.527542729)
(-350538.501851997,-66925.1372900796,-233047.422840158)
(-1.21358987924385e-06,-3.70066495977454e-06,-2.13923148296463e-11)
(-4.45046700055893e-05,-2.34587460819944e-06,-1.08233309285588e-05)
(425.083298170653,-470.99657101983,-1267069.60154415)
(-185915.645784553,-43652.7130642296,-1402502.13505683)
(0,0,0)
(0,0,0)
(0,0,0)
(0,0,0)
(0,0,0)
(0,0,0)
(-780602.853850844,-303467.297148806,-1673.6131162251)
(-773252.704712391,-302416.079812738,-7454.32230944318)
(-752388.665218783,-298204.552240101,-22626.5869805325)
(-702443.688559027,-285211.791357571,-53979.4931521538)
(-591878.626941447,-250650.686812695,-106344.328450453)
(-369654.052732219,-168010.5968642,-166120.920395669)
(-7.44177451887872e-06,-7.36678493869644e-06,-2.52832748815701e-11)
(-7.89093980840109e-05,-3.91525112043205e-06,-1.374783147048e-05)
(620.230009839821,-586826.508253732,-1309946.19053547)
(-197553.443439961,-205868.271615352,-1358622.84249467)
(0,0,0)
(0,0,0)
(0,0,0)
(0,0,0)
(0,0,0)
(0,0,0)
(-771217.810518498,-575266.269498331,-590.180800210991)
(-764641.420829744,-574114.194360854,-3239.03067516958)
(-746356.064701501,-569830.481984382,-9647.49894350009)
(-702976.700218183,-556672.554061103,-19385.8986950123)
(-605556.863765436,-518739.458981462,-23666.3036510014)
(-397354.564284608,-403853.355333039,1923.56192840183)
(-9.97732502524606e-05,-1.72603635760454e-05,-5.21985306468537e-06)
(377.343122464154,-587671.789462111,-586546.923801066)
(-273139.296768544,-504094.833481499,-928715.23598378)
(-252465.147439947,-265361.515288042,-1152520.65938375)
(0,0,0)
(0,0,0)
(0,0,0)
(0,0,0)
(0,0,0)
(0,0,0)
(-668614.377518805,-923595.141363665,568.163376069217)
(-663921.544470704,-923422.341666441,1029.47717959552)
(-651246.412225463,-922746.154078535,3455.61884182811)
(-621977.841138861,-921769.982851286,18518.210934681)
(-556983.801228771,-927415.687150338,91180.010266519)
(-408304.26867781,-984563.378713918,405756.225984129)
(506.540639450391,-1337100.34149479,-587372.354964803)
(-279890.579044177,-933506.697551453,-502680.67718158)
(-357487.563615516,-690917.296465802,-689726.145284857)
(-256783.984733833,-382426.64437301,-886936.98388777)
(0,0,0)
(0,0,0)
(0,0,0)
(0,0,0)
(0,0,0)
(0,0,0)
(-412979.209786007,-1222944.26925905,668.869787456085)
(-410616.196166531,-1223546.04266086,1643.86336138106)
(-404421.632216265,-1225210.31251618,4330.22953029073)
(-390845.473540324,-1229497.64442805,12740.3421727403)
(-363172.18042593,-1242081.95554437,33899.8073479867)
(-311068.363036898,-1275774.44005148,53136.5237865005)
(-230942.56646847,-1328738.74008348,-183712.24477463)
(-263360.412962753,-1144940.43168064,-259951.961856988)
(-259474.434353461,-885001.143385819,-381066.44670907)
(-173264.887611516,-504076.663999391,-504301.620747589)
(0,0,0)
(0,0,0)
(0,0,0)
(0,0,0)
(0,0,0)
(0,0,0)
(0,0,0)
(0,0,0)
(0,0,0)
(0,0,0)
(0,0,0)
(0,0,0)
(0,0,0)
(0,0,0)
(0,0,0)
(0,0,0)
(0,0,0)
(0,0,0)
(0,0,0)
(0,0,0)
(0,0,0)
(0,0,0)
(0,0,0)
(0,0,0)
(0,0,0)
(0,0,0)
(0,0,0)
(0,0,0)
(0,0,0)
(0,0,0)
(0,0,0)
(0,0,0)
(0,0,0)
(0,0,0)
(0,0,0)
(0,0,0)
(0,0,0)
(0,0,0)
(0,0,0)
(0,0,0)
(0,0,0)
(0,0,0)
(0,0,0)
(0,0,0)
(0,0,0)
(0,0,0)
(0,0,0)
(0,0,0)
(0,0,0)
(0,0,0)
(0,0,0)
(0,0,0)
(0,0,0)
(0,0,0)
(0,0,0)
(0,0,0)
(0,0,0)
(0,0,0)
(0,0,0)
(0,0,0)
(0,0,0)
(0,0,0)
(0,0,0)
(0,0,0)
(0,0,0)
(0,0,0)
(0,0,0)
(0,0,0)
(0,0,0)
(0,0,0)
(0,0,0)
(0,0,0)
(0,0,0)
(0,0,0)
(0,0,0)
(0,0,0)
(0,0,0)
(0,0,0)
(0,0,0)
(0,0,0)
(0,0,0)
(0,0,0)
(0,0,0)
(0,0,0)
(0,0,0)
(0,0,0)
(0,0,0)
(0,0,0)
(0,0,0)
(0,0,0)
(0,0,0)
(0,0,0)
(0,0,0)
(0,0,0)
(0,0,0)
(0,0,0)
(0,0,0)
(0,0,0)
(0,0,0)
(0,0,0)
(0,0,0)
(0,0,0)
(-622780.926034378,5782.53264054442,4121.2128725613)
(-625172.112371203,5761.90591772156,4875.80380154472)
(-629120.37537101,6029.09211949875,-1976.78614496978)
(-632708.268242097,7480.33730157322,-22807.0695033957)
(-632742.398405625,11999.8298240977,-67504.9230747465)
(-624672.794995722,22299.4768171319,-150359.53962929)
(-602273.328640957,38904.7960343958,-286735.762475973)
(-554281.097259411,48982.5238339715,-474525.48792889)
(-447595.946540544,39290.7671836982,-677543.995789069)
(-258309.965842748,20184.4452134797,-823051.217220738)
(0,0,0)
(0,0,0)
(0,0,0)
(0,0,0)
(0,0,0)
(0,0,0)
(-627432.161316048,7441.45601463188,4097.19165966976)
(-628852.8408846,7455.89344895005,5184.40862983558)
(-630458.546789815,8180.91011109865,-455.211128238424)
(-629521.890748067,11650.2272819426,-18279.2977343438)
(-621510.935472985,22773.9920505231,-57239.9381580466)
(-601113.921110735,51598.5273169913,-133739.173558417)
(-567299.198682884,110598.377431675,-276617.418585105)
(-534218.075775921,156093.16350005,-484237.835369307)
(-438344.43279695,114693.736885486,-696729.619304472)
(-254608.846943254,53405.1506099671,-843331.8488186)
(0,0,0)
(0,0,0)
(0,0,0)
(0,0,0)
(0,0,0)
(0,0,0)
(-636389.437089752,-222.067677929728,4077.37705173456)
(-636034.843276877,-98.0710408330558,5897.61944824649)
(-633188.334902419,1161.91804154958,3044.36667851874)
(-622971.375106943,6587.04036289857,-7165.48868447038)
(-596278.516723559,24553.6402019527,-28442.4425658251)
(-539706.109003914,80274.3996858433,-74699.8236350282)
(-450666.249429496,260078.540824633,-231075.274929712)
(-503459.816542176,491161.926301899,-525657.617715188)
(-432503.478023152,296161.744682169,-758047.930108891)
(-252323.918107614,112714.834884439,-896786.670094055)
(0,0,0)
(0,0,0)
(0,0,0)
(0,0,0)
(0,0,0)
(0,0,0)
(-648588.523018021,-24272.1382491295,4173.5639130186)
(-646001.37932765,-24007.100851497,7141.42326171979)
(-637437.217176446,-22491.64102513,8465.48239308528)
(-614364.525029286,-17323.8976477484,10747.3607059868)
(-557275.679025176,-4717.82037830523,27175.8832191025)
(-415710.677891416,14887.4893678691,105011.349797798)
(-1.81073469480117e-05,2.47268294521141e-06,-1.17289664696302e-05)
(-584128.158717755,-403.438098010898,-720682.512547637)
(-499104.80069409,720254.976762949,-941492.766055818)
(-269606.390488292,180180.380129795,-1009551.32243703)
(0,0,0)
(0,0,0)
(0,0,0)
(0,0,0)
(0,0,0)
(0,0,0)
(-660918.986463915,-74169.6733076766,4444.12961764683)
(-656355.54676559,-73674.8045038646,8685.16133694996)
(-642817.422998115,-71668.1778405076,13653.4705286581)
(-609049.044039632,-65724.2036985965,23303.4158486536)
(-530141.712208789,-52005.9975471272,46625.0020530284)
(-354309.570691946,-27744.6624321169,89768.8790214485)
(5.14704602157226e-06,2.19803450333421e-07,2.51571379115005e-07)
(-4.22782628734922e-05,4.36068983574687e-07,-2.13681130440414e-05)
(-909813.712206667,-243.114227047355,-1481457.08392561)
(-337548.796070327,27325.8882751571,-1189641.19495943)
(0,0,0)
(0,0,0)
(0,0,0)
(0,0,0)
(0,0,0)
(0,0,0)
(-666611.530340401,-161123.466819403,4933.80591700571)
(-660943.474319448,-160498.162539763,10724.9988337951)
(-644911.818805028,-158051.584444707,19635.6193495756)
(-606650.60373886,-150617.274976663,36998.9230392934)
(-520749.862083979,-131232.547401314,70771.2738037084)
(-338617.308056933,-86225.3931130424,117330.81068957)
(1.1481313055097e-07,-5.63377512931439e-07,1.64879419964881e-12)
(-2.9902761743358e-05,3.24607340066458e-06,-1.74119110305273e-05)
(-861461.092008379,-361.557005003328,-1453678.12380646)
(-340109.554838837,-55354.3858865946,-1216803.94059043)
(0,0,0)
(0,0,0)
(0,0,0)
(0,0,0)
(0,0,0)
(0,0,0)
(-652746.406719251,-294544.957526323,5565.04357532745)
(-647127.758732253,-294241.127655449,13183.0627108744)
(-631773.04555211,-292542.050217564,27057.9088170567)
(-596270.884509717,-286093.494241337,56361.3240324215)
(-517834.356260512,-264643.431694518,115727.93764469)
(-347692.538192011,-195951.177789508,203492.207780947)
(-4.33573007236599e-06,-2.33717493622438e-06,-1.82656698096995e-12)
(-4.22777762792235e-05,-7.58300518106234e-06,-2.5802545049628e-05)
(-943899.4014414,-860794.450451923,-1508422.24558658)
(-339211.645599041,-260869.801784615,-1161248.62752948)
(0,0,0)
(0,0,0)
(0,0,0)
(0,0,0)
(0,0,0)
(0,0,0)
(-598674.230478538,-472975.317555531,5886.77998924967)
(-594199.812248024,-473690.531427529,14894.5751796102)
(-582569.547901239,-474965.747339899,33531.7555016831)
(-557486.269791915,-475908.957430104,77856.788264182)
(-506386.232359115,-470406.335969466,184449.061132809)
(-393243.228850321,-415082.399843673,399468.947752687)
(-5.77420058359477e-05,-3.04191938397495e-05,-1.121201963968e-05)
(-694181.848430608,-868277.254463,-860389.243414337)
(-497413.139813857,-588648.096808909,-908261.75401204)
(-251646.718876577,-269772.891848091,-900177.092511933)
(0,0,0)
(0,0,0)
(0,0,0)
(0,0,0)
(0,0,0)
(0,0,0)
(-478632.689644808,-668111.258227694,5154.2527981651)
(-475822.188833425,-670241.43702032,13605.802753676)
(-469186.382674423,-676026.009366562,32606.0352292994)
(-457936.307337792,-690730.784762254,83386.3287603799)
(-450072.183547505,-733699.138605504,239767.513715154)
(-510753.919914769,-887431.024761131,814565.789869568)
(-1056205.3267898,-1568741.54145546,-867924.961337898)
(-518478.527956228,-917156.233028264,-580458.033860583)
(-344367.580340517,-593038.227523794,-589187.886420696)
(-186543.714399406,-298972.142127296,-630228.906475917)
(0,0,0)
(0,0,0)
(0,0,0)
(0,0,0)
(0,0,0)
(0,0,0)
(-273961.015611751,-810083.477628331,2954.02522638013)
(-272674.768102318,-812993.700692338,7764.86083418471)
(-269772.905195399,-820774.877411671,17865.0018584266)
(-265427.090952889,-838644.843031992,40360.6775407309)
(-263504.948029929,-878964.108976363,85958.4155155867)
(-280987.46924649,-964788.977396593,133235.474360642)
(-352328.93095556,-1097906.81484206,-216212.887765669)
(-258913.593132426,-881672.590064343,-256143.350559918)
(-188101.469440315,-625616.442127018,-294938.100869841)
(-105214.784863855,-330876.883372841,-331083.462371957)
(0,0,0)
(0,0,0)
(0,0,0)
(0,0,0)
(0,0,0)
(0,0,0)
(0,0,0)
(0,0,0)
(0,0,0)
(0,0,0)
(0,0,0)
(0,0,0)
(0,0,0)
(0,0,0)
(0,0,0)
(0,0,0)
(0,0,0)
(0,0,0)
(0,0,0)
(0,0,0)
(0,0,0)
(0,0,0)
(0,0,0)
(0,0,0)
(0,0,0)
(0,0,0)
(0,0,0)
(0,0,0)
(0,0,0)
(0,0,0)
(0,0,0)
(0,0,0)
(0,0,0)
(0,0,0)
(0,0,0)
(0,0,0)
(0,0,0)
(0,0,0)
(0,0,0)
(0,0,0)
(0,0,0)
(0,0,0)
(0,0,0)
(0,0,0)
(0,0,0)
(0,0,0)
(0,0,0)
(0,0,0)
(0,0,0)
(0,0,0)
(0,0,0)
(0,0,0)
(0,0,0)
(0,0,0)
(0,0,0)
(0,0,0)
(0,0,0)
(0,0,0)
(0,0,0)
(0,0,0)
(0,0,0)
(0,0,0)
(0,0,0)
(0,0,0)
(0,0,0)
(0,0,0)
(0,0,0)
(0,0,0)
(0,0,0)
(0,0,0)
(0,0,0)
(0,0,0)
(0,0,0)
(0,0,0)
(0,0,0)
(0,0,0)
(0,0,0)
(0,0,0)
(0,0,0)
(0,0,0)
(0,0,0)
(0,0,0)
(0,0,0)
(0,0,0)
(0,0,0)
(0,0,0)
(0,0,0)
(0,0,0)
(0,0,0)
(0,0,0)
(0,0,0)
(0,0,0)
(0,0,0)
(0,0,0)
(0,0,0)
(0,0,0)
(0,0,0)
(0,0,0)
(0,0,0)
(0,0,0)
(0,0,0)
(0,0,0)
(-625577.720891952,1120.16172758598,1676.63312998916)
(-626418.846763521,2038.26779616852,885.099726137635)
(-627215.660937822,4589.34654312329,-5608.96125017514)
(-625913.892612993,10546.8839869319,-22950.2208662121)
(-619197.181704726,23108.1151593956,-59603.5527265057)
(-601907.12078233,45758.6967452332,-128127.923685132)
(-565328.916675032,73831.1585321451,-238903.494183204)
(-494325.630649962,69040.9730988896,-367899.933891543)
(-375673.263247263,48537.359598452,-488359.976783274)
(-205694.216540447,23867.9243688762,-564843.650454452)
(0,0,0)
(0,0,0)
(0,0,0)
(0,0,0)
(0,0,0)
(0,0,0)
(-627356.102570203,-1556.81269760957,2600.91567934997)
(-627903.392765273,209.941997606337,3479.79335858558)
(-628151.89263058,5344.46453133977,418.021211131829)
(-626267.415836166,18071.5408420331,-10361.1105558713)
(-619630.654840213,47871.4482166072,-37004.7242458544)
(-605183.199117671,112888.477498271,-100065.226991956)
(-577025.738642081,227168.648138953,-243676.176639568)
(-507251.294986194,186833.013312237,-388434.997642642)
(-385643.464179696,120497.272671146,-513095.87933259)
(-210695.165285569,55665.8405913826,-588807.477212782)
(0,0,0)
(0,0,0)
(0,0,0)
(0,0,0)
(0,0,0)
(0,0,0)
(-629877.211548442,-12454.8486153919,4385.81037647439)
(-629947.217555615,-10128.0852091185,8636.21186193646)
(-629241.982481726,-3155.75567728192,13190.0796498657)
(-626268.830693296,15090.7324003983,19468.3436778536)
(-620334.995050052,63412.5118533901,27983.7583675633)
(-617199.48620962,204133.195158787,14232.4179127523)
(-635958.335719826,710692.97529383,-283999.822951794)
(-556235.75397631,410411.572567171,-454802.444772598)
(-418340.967740106,229482.536876099,-577950.219260596)
(-225461.043437921,95389.3400326915,-644536.593371597)
(0,0,0)
(0,0,0)
(0,0,0)
(0,0,0)
(0,0,0)
(0,0,0)
(-630992.864527001,-36751.98996664,6701.48286022803)
(-630461.464634265,-34525.6218158419,15559.1047735663)
(-628448.341742453,-28003.7819278804,31418.255590171)
(-623449.180710472,-12165.1861934279,67758.8298651813)
(-616928.131809161,22205.1690868448,168618.62541571)
(-639724.731058617,76017.5797832187,520748.29395848)
(-943942.412062719,-816.033773412804,-584266.295110975)
(-705646.316009026,583385.008492762,-635721.573745294)
(-502710.184489386,309417.551163051,-712051.204236951)
(-258441.720358677,112185.528274519,-740012.062608392)
(0,0,0)
(0,0,0)
(0,0,0)
(0,0,0)
(0,0,0)
(0,0,0)
(-626497.615093315,-80123.1580588392,8949.79672160073)
(-625456.633707536,-78534.6239260394,22059.8857737438)
(-622010.848320659,-73999.8131463866,47249.3423147927)
(-612475.924991957,-63565.9801851968,102077.017258888)
(-585281.440780393,-42863.7105495303,222285.625466867)
(-487566.549839547,-12223.390712129,443783.575109815)
(-2.9748877569794e-05,1.19843230790328e-05,2.5794602744637e-05)
(-932403.034881538,-124.231248772822,-909589.954537966)
(-648778.41533062,47992.7703673193,-909200.470618277)
(-307081.476821722,24686.5902068056,-852168.85179917)
(0,0,0)
(0,0,0)
(0,0,0)
(0,0,0)
(0,0,0)
(0,0,0)
(-609644.751041214,-147621.885960463,10531.9486024389)
(-608476.275339625,-147042.98120349,26573.1069000651)
(-604810.94998343,-145216.612620905,57689.0375529868)
(-594771.107841131,-140504.429401982,122747.990872043)
(-565094.688159783,-128560.14317442,252789.249572735)
(-458388.872478497,-95470.8909618059,455808.314243976)
(-2.25845620001215e-05,1.95760555104922e-05,1.79366102565469e-05)
(-876392.590931665,-135.606175004521,-861311.627526986)
(-659475.138169881,-82932.4393404525,-932372.371657714)
(-316438.846052218,-54566.3410690545,-876790.149168471)
(0,0,0)
(0,0,0)
(0,0,0)
(0,0,0)
(0,0,0)
(0,0,0)
(-570538.199777073,-240914.012295925,11083.9193932831)
(-569724.692601953,-241705.810111737,28343.6821712305)
(-567383.358137496,-243609.063466579,62346.4456022897)
(-561539.134069304,-247524.837804478,134635.103564371)
(-544118.950280396,-253426.599540478,285786.153950314)
(-466807.501099682,-241725.150196412,551155.376092593)
(-3.47882274613576e-05,3.12713507841447e-05,2.25470036497466e-05)
(-965224.572632492,-694433.704569646,-943932.202285207)
(-652398.23898058,-414496.806187578,-903868.997898901)
(-302103.578764944,-173423.512499313,-822119.89330274)
(0,0,0)
(0,0,0)
(0,0,0)
(0,0,0)
(0,0,0)
(0,0,0)
(-496626.252429198,-353226.268681919,10264.2783366541)
(-496474.035216916,-355561.012059254,26393.7032530618)
(-496491.007394772,-361736.505840548,58442.6051205634)
(-498852.700754286,-376490.647956614,128774.846235069)
(-514303.590473452,-414248.37416554,297513.97897447)
(-597544.074652692,-532804.998293263,792894.672873692)
(-1079431.49728976,-1056618.27594711,-694170.552759654)
(-726182.337656028,-692870.418048054,-663733.350055824)
(-477234.400465927,-435790.767980231,-662618.127611102)
(-234390.51460733,-204754.203719948,-648543.640659715)
(0,0,0)
(0,0,0)
(0,0,0)
(0,0,0)
(0,0,0)
(0,0,0)
(-376126.751487282,-463612.842212416,7880.63537297123)
(-376434.818170279,-467223.914750809,20156.1674013815)
(-377815.367768263,-476682.352456604,43730.9991112788)
(-383545.123980314,-498257.275996503,91106.4437936906)
(-405058.601640013,-547173.750675848,179018.238396506)
(-475986.926168634,-657731.491530826,269177.737887934)
(-648401.571149393,-865035.725416352,-330208.568283223)
(-477382.84967199,-657761.398234558,-406413.266380959)
(-318270.910215404,-436880.621966582,-431420.082519722)
(-161375.821805627,-217687.608234102,-443654.570599344)
(0,0,0)
(0,0,0)
(0,0,0)
(0,0,0)
(0,0,0)
(0,0,0)
(-205608.762871736,-536182.707161056,4217.61220862483)
(-205925.989866013,-540384.826041653,10629.745263164)
(-206998.024485683,-550980.385337913,22152.8974347564)
(-210603.446615376,-573144.429162914,42216.4062636548)
(-221491.0311745,-615426.071429809,68454.8101621867)
(-248331.498998761,-683839.495859915,61906.8442435467)
(-286950.380719898,-745668.954559938,-122838.476848529)
(-231349.062633766,-622809.010965815,-185355.394615931)
(-160744.536311922,-437543.037009738,-212049.912701168)
(-83455.1023691786,-225671.71240015,-225825.491029796)
(0,0,0)
(0,0,0)
(0,0,0)
(0,0,0)
(0,0,0)
(0,0,0)
(0,0,0)
(0,0,0)
(0,0,0)
(0,0,0)
(0,0,0)
(0,0,0)
(0,0,0)
(0,0,0)
(0,0,0)
(0,0,0)
(0,0,0)
(0,0,0)
(0,0,0)
(0,0,0)
(0,0,0)
(0,0,0)
(0,0,0)
(0,0,0)
(0,0,0)
(0,0,0)
(0,0,0)
(0,0,0)
(0,0,0)
(0,0,0)
(0,0,0)
(0,0,0)
(0,0,0)
(0,0,0)
(0,0,0)
(0,0,0)
(0,0,0)
(0,0,0)
(0,0,0)
(0,0,0)
(0,0,0)
(0,0,0)
(0,0,0)
(0,0,0)
(0,0,0)
(0,0,0)
(0,0,0)
(0,0,0)
(0,0,0)
(0,0,0)
(0,0,0)
(0,0,0)
(0,0,0)
(0,0,0)
(0,0,0)
(0,0,0)
(0,0,0)
(0,0,0)
(0,0,0)
(0,0,0)
(0,0,0)
(0,0,0)
(0,0,0)
(0,0,0)
(0,0,0)
(0,0,0)
(0,0,0)
(0,0,0)
(0,0,0)
(0,0,0)
(0,0,0)
(0,0,0)
(0,0,0)
(0,0,0)
(0,0,0)
(0,0,0)
(0,0,0)
(0,0,0)
(0,0,0)
(0,0,0)
(0,0,0)
(0,0,0)
(0,0,0)
(0,0,0)
(0,0,0)
(0,0,0)
(0,0,0)
(0,0,0)
(0,0,0)
(0,0,0)
(0,0,0)
(0,0,0)
(0,0,0)
(0,0,0)
(0,0,0)
(0,0,0)
(0,0,0)
(0,0,0)
(0,0,0)
(0,0,0)
(0,0,0)
(0,0,0)
(-625835.827836471,-616.135607969425,874.242552486938)
(-626273.476012211,535.708467771613,193.163333406716)
(-626311.484871138,3575.59570105794,-4286.60843433285)
(-623996.898536624,10127.3017848163,-16330.9042955194)
(-615733.061918054,22637.3772062006,-42432.401288393)
(-595147.082334505,42457.8505321987,-91650.2902684154)
(-551106.101838702,62125.6985613518,-167998.803666096)
(-469088.238411271,56112.6280123936,-249348.823917179)
(-345093.165503827,38582.7466404209,-318511.668301037)
(-183850.825400392,18884.0230260487,-359239.08246714)
(0,0,0)
(0,0,0)
(0,0,0)
(0,0,0)
(0,0,0)
(0,0,0)
(-625923.199445885,-4072.51994341584,2023.48121112831)
(-626705.207766316,-1874.88066374568,3235.88534368883)
(-627805.416918443,4173.20429022205,2291.80104238831)
(-628064.019628191,18000.0939377232,-3784.38731849329)
(-625239.432843411,47103.8433635182,-22642.0754726126)
(-614196.986954331,100796.900427758,-71967.3375315113)
(-581036.421795741,168144.686489413,-173975.642305913)
(-495967.361399127,137761.273017504,-266908.220898091)
(-363441.120479117,87735.9956368576,-338263.813595106)
(-192772.27254997,40889.9270877361,-378192.610392394)
(0,0,0)
(0,0,0)
(0,0,0)
(0,0,0)
(0,0,0)
(0,0,0)
(-624684.465505447,-13514.8570187429,4249.59103232957)
(-626214.536765503,-10645.3126092186,9287.34218769233)
(-629502.715087437,-2415.04969993887,16136.3287835641)
(-635303.137760732,17819.9775988253,25350.7521898971)
(-645569.079850457,66680.5097192552,31008.1706345664)
(-662226.624564054,181431.723051305,-4599.51363454547)
(-670555.223849105,402470.361645807,-204328.30066166)
(-566636.977670822,260804.34374108,-316970.147690724)
(-407427.260113592,144995.43330287,-385143.292983248)
(-212952.379334847,62365.3584618132,-419127.3884604)
(0,0,0)
(0,0,0)
(0,0,0)
(0,0,0)
(0,0,0)
(0,0,0)
(-619337.574025403,-32301.4350748947,7131.28755455424)
(-621849.287089237,-29569.922166553,17443.7195668612)
(-628142.606912221,-21613.8239951031,36336.7590317942)
(-642202.094132959,-1287.17335079926,74196.8234039078)
(-675414.153538191,53687.2251993325,145676.12965286)
(-756964.051465001,227926.821658182,216420.351452365)
(-921691.569063453,942614.594738417,-345974.724639512)
(-714327.555208746,356283.731631713,-432772.873330421)
(-485837.329311921,163143.284938761,-467793.580143781)
(-245732.294900345,63440.5962876634,-481578.243427964)
(0,0,0)
(0,0,0)
(0,0,0)
(0,0,0)
(0,0,0)
(0,0,0)
(-605212.132101083,-63487.8017005853,9900.88363345711)
(-608708.634259523,-61761.664024869,25344.6260437609)
(-617942.658588124,-56971.8737608079,56634.4860769311)
(-640203.121207895,-46045.5273430487,129120.036285117)
(-699404.313794136,-22875.9652245302,319806.099722723)
(-887625.399450569,16725.5210990276,931066.249892901)
(-1637861.9051452,-334.016123218066,-932278.166394694)
(-938185.235397926,55631.6538717473,-625843.888118343)
(-581113.154028307,37091.0296322572,-567456.894114152)
(-281249.86084182,15201.7582690322,-545049.672075426)
(0,0,0)
(0,0,0)
(0,0,0)
(0,0,0)
(0,0,0)
(0,0,0)
(-575918.310606788,-108834.046582785,11619.8044477722)
(-580093.823241082,-108587.358847018,30063.0471713783)
(-591219.669128902,-108038.390532383,67538.2830884255)
(-618019.032163578,-107512.791286776,152253.471354599)
(-687237.109194126,-107822.212872946,359342.140037357)
(-892192.438019479,-104116.096885485,913987.323562853)
(-1603319.60823885,-205.41159299478,-876240.049943299)
(-963599.441258652,-89127.8804359309,-644273.66530863)
(-601383.247173175,-75992.6228525819,-589281.903820497)
(-289908.88717988,-40334.6109177022,-560275.493506104)
(0,0,0)
(0,0,0)
(0,0,0)
(0,0,0)
(0,0,0)
(0,0,0)
(-523812.892863615,-167387.430331323,11828.0768350828)
(-528206.13588079,-168809.436875365,30531.5981422677)
(-539903.393620492,-173007.458725624,68020.7018185056)
(-567860.885266736,-185077.958506389,151907.620235552)
(-639217.806811419,-223832.372280679,363016.636174309)
(-853124.116912779,-372685.872407087,1017903.02750901)
(-1666958.65327438,-1079601.80729787,-965066.215351991)
(-932801.391150402,-455565.711206224,-631051.56606379)
(-566401.292149464,-239469.497975318,-553571.637772169)
(-270300.754532115,-105788.935563016,-519920.137359685)
(0,0,0)
(0,0,0)
(0,0,0)
(0,0,0)
(0,0,0)
(0,0,0)
(-441312.073113248,-233078.837714877,10377.2280676034)
(-445328.844668159,-235852.253435525,26274.8540790068)
(-455837.222884142,-243335.860521373,55949.4713641267)
(-479775.731694065,-261390.993685311,113185.537482827)
(-533987.91851842,-305163.408465973,214200.901713088)
(-655683.044477941,-411405.875820115,311059.874951363)
(-881308.179871125,-625794.414071807,-340870.835693338)
(-663554.749017862,-444264.34443037,-414799.791107361)
(-434784.431747567,-276946.377404845,-419772.880396192)
(-214136.855532229,-131784.883085081,-414030.591949228)
(0,0,0)
(0,0,0)
(0,0,0)
(0,0,0)
(0,0,0)
(0,0,0)
(-323493.331989614,-293291.809150252,7579.55193770795)
(-326525.215310469,-296910.314299708,18728.0099420812)
(-334298.639013075,-306035.093839655,37910.5145051748)
(-351094.24807679,-325423.153392582,69491.7983089207)
(-385107.773826275,-363668.426001638,108045.988030847)
(-445991.180889708,-430152.025894287,96796.3928260949)
(-514505.131197395,-503703.749305756,-159190.711891954)
(-421684.569360829,-411834.734718994,-247318.601914491)
(-288614.810235207,-279428.51836098,-274492.560938552)
(-145685.973357329,-139810.217252485,-282157.075219446)
(0,0,0)
(0,0,0)
(0,0,0)
(0,0,0)
(0,0,0)
(0,0,0)
(-172298.582918059,-330546.314536258,3944.32543232828)
(-173936.290658635,-334499.400642268,9543.71256750895)
(-177973.645463566,-344014.301373583,18498.5410793204)
(-186292.769451079,-362510.968453253,31275.6789756936)
(-201640.869889646,-393852.033626842,41609.1253160444)
(-224695.896148549,-435484.171353846,23305.6679253888)
(-241327.144210192,-458756.313662063,-67265.0042280109)
(-204198.5064358,-391478.000023324,-114772.295121648)
(-143421.357313024,-276798.823102811,-134725.169378716)
(-73532.0838507721,-142198.699352634,-142259.705796973)
(0,0,0)
(0,0,0)
(0,0,0)
(0,0,0)
(0,0,0)
(0,0,0)
(0,0,0)
(0,0,0)
(0,0,0)
(0,0,0)
(0,0,0)
(0,0,0)
(0,0,0)
(0,0,0)
(0,0,0)
(0,0,0)
(0,0,0)
(0,0,0)
(0,0,0)
(0,0,0)
(0,0,0)
(0,0,0)
(0,0,0)
(0,0,0)
(0,0,0)
(0,0,0)
(0,0,0)
(0,0,0)
(0,0,0)
(0,0,0)
(0,0,0)
(0,0,0)
(0,0,0)
(0,0,0)
(0,0,0)
(0,0,0)
(0,0,0)
(0,0,0)
(0,0,0)
(0,0,0)
(0,0,0)
(0,0,0)
(0,0,0)
(0,0,0)
(0,0,0)
(0,0,0)
(0,0,0)
(0,0,0)
(0,0,0)
(0,0,0)
(0,0,0)
(0,0,0)
(0,0,0)
(0,0,0)
(0,0,0)
(0,0,0)
(0,0,0)
(0,0,0)
(0,0,0)
(0,0,0)
(0,0,0)
(0,0,0)
(0,0,0)
(0,0,0)
(0,0,0)
(0,0,0)
(0,0,0)
(0,0,0)
(0,0,0)
(0,0,0)
(0,0,0)
(0,0,0)
(0,0,0)
(0,0,0)
(0,0,0)
(0,0,0)
(0,0,0)
(0,0,0)
(0,0,0)
(0,0,0)
(0,0,0)
(0,0,0)
(0,0,0)
(0,0,0)
(0,0,0)
(0,0,0)
(0,0,0)
(0,0,0)
(0,0,0)
(0,0,0)
(0,0,0)
(0,0,0)
(0,0,0)
(0,0,0)
(0,0,0)
(0,0,0)
(0,0,0)
(0,0,0)
(0,0,0)
(0,0,0)
(0,0,0)
(0,0,0)
(-625597.535423174,-673.245155344972,434.952742049328)
(-626043.751624229,65.4322714055248,139.796082662029)
(-626052.312125165,1987.43520832599,-2106.81187163785)
(-623736.760418364,5981.26978433244,-8348.21977422922)
(-615119.700645509,13120.5521950793,-22082.1332418525)
(-592890.60800093,23420.3937327589,-47759.0013081878)
(-545030.304873506,32224.3144816656,-86059.1127550491)
(-458921.414554612,29252.9431461927,-125478.8797579)
(-333364.298254869,20247.8910368488,-157455.638043706)
(-175724.344273783,9968.31742916699,-175550.436599482)
(0,0,0)
(0,0,0)
(0,0,0)
(0,0,0)
(0,0,0)
(0,0,0)
(-624896.74611811,-2870.00520933009,1170.30672621032)
(-626055.146305367,-1455.78097333765,2041.4585100045)
(-627992.860456155,2347.77142962738,1868.56582641471)
(-629656.740725897,10635.0299160279,-1192.47320757493)
(-628223.847768745,26698.0316561032,-11785.5377432641)
(-616294.064718608,52664.5513159329,-38932.6175621628)
(-577278.604203878,78529.4901971442,-88995.6108695037)
(-488227.869159286,67019.8409062404,-134502.000869392)
(-353641.677077124,43705.3810470894,-167758.934281626)
(-185708.724200055,20695.7974295434,-185549.962631917)
(0,0,0)
(0,0,0)
(0,0,0)
(0,0,0)
(0,0,0)
(0,0,0)
(-621991.026769908,-8177.73479558047,2614.29085071293)
(-624566.623941723,-6334.02249733597,5844.61955093172)
(-630273.188799196,-1187.85345062948,10150.7181429475)
(-640161.904169836,10756.2579125007,14888.2565555795)
(-654827.118079189,36678.0722278374,14166.2542125763)
(-668829.749648896,86478.7583413747,-13044.8277280235)
(-655696.768952914,151086.979363485,-100460.771790557)
(-555177.661308811,112926.564738315,-157826.811984642)
(-397276.04268263,66495.5566449107,-190768.205013427)
(-206366.463228127,29571.8991921242,-206230.222882727)
(0,0,0)
(0,0,0)
(0,0,0)
(0,0,0)
(0,0,0)
(0,0,0)
(-613745.508720056,-18257.3302274181,4487.53012649049)
(-618142.552131986,-16507.5462465716,10954.3189184741)
(-628930.374265523,-11522.2887181317,22076.5215392785)
(-650732.628162671,561.237888370095,40802.0755931195)
(-691344.412618154,29491.7173610355,63918.6895398859)
(-755105.073492473,96987.8493536307,51550.6205551041)
(-806560.883274833,226116.457338238,-138609.543208268)
(-667911.008743388,132161.486219377,-204261.011154689)
(-463627.664456641,67720.4206843827,-227695.54004944)
(-235898.711543142,27863.4115158528,-235820.63573037)
(0,0,0)
(0,0,0)
(0,0,0)
(0,0,0)
(0,0,0)
(0,0,0)
(-595279.146763499,-34453.5609891726,6263.24542417059)
(-601455.293813888,-33393.7770262473,15896.1357582108)
(-617199.350434641,-30505.6724550657,34136.2113416623)
(-651083.451367897,-24111.0402663387,69688.8196563735)
(-720616.716883983,-10956.9178153874,131349.857922643)
(-851853.674145874,11901.1384391961,180664.843532381)
(-1032462.31869478,33941.0896497378,-232559.375229542)
(-799896.434610092,29990.0452067284,-268676.735004726)
(-531224.41668624,16688.7657707761,-267533.817433185)
(-263704.556122995,6484.32943375957,-263700.040069916)
(0,0,0)
(0,0,0)
(0,0,0)
(0,0,0)
(0,0,0)
(0,0,0)
(-560518.618518854,-57166.7501027135,7313.49702560653)
(-567797.358256946,-57106.3246758756,18729.5796910981)
(-586412.067152954,-57097.3170768806,40513.6223369645)
(-626743.096907435,-57687.1156834458,82813.7624979284)
(-709443.158998856,-60112.1358095765,154175.030296849)
(-863520.792918164,-65308.9646318848,202713.488266614)
(-1066180.77758819,-64016.9352842834,-236467.317450021)
(-829707.883088841,-58446.9585737159,-281921.871839388)
(-547827.616926192,-41080.8698664811,-277707.866449112)
(-270150.542794442,-20769.7680941675,-270212.113306624)
(0,0,0)
(0,0,0)
(0,0,0)
(0,0,0)
(0,0,0)
(0,0,0)
(-502960.326946447,-85354.6081632735,7335.29214339021)
(-510299.070199313,-86358.4172010198,18680.3189870573)
(-528916.437957679,-89318.6352907945,39914.6815381572)
(-568726.944211798,-97311.6487127348,80405.273512508)
(-649047.363211588,-118872.321002407,148995.015105507)
(-797982.971515334,-175477.058618553,204021.96369473)
(-1002008.95022086,-294100.673514328,-230844.001128741)
(-771166.174489285,-186417.886157813,-264508.290205761)
(-506723.389833924,-107905.575836123,-257361.48655166)
(-249367.588925272,-49636.2788003754,-249428.141452294)
(0,0,0)
(0,0,0)
(0,0,0)
(0,0,0)
(0,0,0)
(0,0,0)
(-417270.458054137,-115690.995377007,6294.77215462312)
(-423586.946170842,-117461.537812482,15655.9942687685)
(-439216.482280711,-122180.055996936,31896.6743714782)
(-471042.886315129,-133025.521608675,58877.7018884825)
(-529864.105921813,-156544.338371941,92425.9066614114)
(-622254.03524006,-201913.753265339,85433.5920703156)
(-707732.067043187,-259147.869221682,-123095.325050269)
(-584624.544132383,-202505.780370588,-185937.63572297)
(-398756.275503607,-130830.004996706,-199041.362806347)
(-199733.318186948,-63330.6516173626,-199750.52733464)
(0,0,0)
(0,0,0)
(0,0,0)
(0,0,0)
(0,0,0)
(0,0,0)
(-301286.213835721,-142407.867822578,4509.75429167703)
(-305782.683102516,-144585.413830248,10891.0981014907)
(-316663.119443684,-149961.997982563,21037.5205177261)
(-337654.866094803,-160832.862940617,35405.4798676816)
(-372998.056600734,-180362.427030994,47113.8513011925)
(-420086.682789573,-208977.980839269,28273.5807749866)
(-448376.812804075,-230626.424635304,-66376.1822047105)
(-381963.606752442,-194420.471724351,-114182.453459336)
(-267852.297107975,-134291.854209678,-131483.117373596)
(-136425.969687941,-67690.3173004646,-136383.455359881)
(0,0,0)
(0,0,0)
(0,0,0)
(0,0,0)
(0,0,0)
(0,0,0)
(-158609.422021576,-158421.374833249,2324.34611418861)
(-160934.503204888,-160744.978382314,5482.12321250762)
(-166405.24136141,-166196.985753066,10148.7068808537)
(-176535.029408056,-176336.609083093,15894.712980306)
(-192400.081356067,-192258.951373642,18550.4487893751)
(-210951.072281597,-210849.105084324,6676.74916747911)
(-217627.653960885,-217512.47422864,-30136.6914884921)
(-187450.120706945,-187340.630533212,-53964.9184084861)
(-133490.725006974,-133401.984231491,-64785.4206927224)
(-68710.7909407219,-68649.9604770077,-68647.0704262299)
(0,0,0)
(0,0,0)
(0,0,0)
(0,0,0)
(0,0,0)
(0,0,0)
(0,0,0)
(0,0,0)
(0,0,0)
(0,0,0)
(0,0,0)
(0,0,0)
(0,0,0)
(0,0,0)
(0,0,0)
(0,0,0)
(0,0,0)
(0,0,0)
(0,0,0)
(0,0,0)
(0,0,0)
(0,0,0)
(0,0,0)
(0,0,0)
(0,0,0)
(0,0,0)
(0,0,0)
(0,0,0)
(0,0,0)
(0,0,0)
(0,0,0)
(0,0,0)
(0,0,0)
(0,0,0)
(0,0,0)
(0,0,0)
(0,0,0)
(0,0,0)
(0,0,0)
(0,0,0)
(0,0,0)
(0,0,0)
(0,0,0)
(0,0,0)
(0,0,0)
(0,0,0)
(0,0,0)
(0,0,0)
(0,0,0)
(0,0,0)
(0,0,0)
(0,0,0)
(0,0,0)
(0,0,0)
(0,0,0)
(0,0,0)
(0,0,0)
(0,0,0)
(0,0,0)
(0,0,0)
(0,0,0)
(0,0,0)
(0,0,0)
(0,0,0)
(0,0,0)
(0,0,0)
(0,0,0)
(0,0,0)
(0,0,0)
(0,0,0)
(0,0,0)
(0,0,0)
(0,0,0)
(0,0,0)
(0,0,0)
(0,0,0)
(0,0,0)
(0,0,0)
(0,0,0)
(0,0,0)
(0,0,0)
(0,0,0)
(0,0,0)
(0,0,0)
(0,0,0)
(0,0,0)
(0,0,0)
(0,0,0)
(0,0,0)
(0,0,0)
(0,0,0)
(0,0,0)
(0,0,0)
(0,0,0)
(0,0,0)
(0,0,0)
(0,0,0)
(0,0,0)
(0,0,0)
(0,0,0)
(0,0,0)
(0,0,0)
(0,0,0)
(0,0,0)
(0,0,0)
(0,0,0)
(0,0,0)
(0,0,0)
(0,0,0)
(0,0,0)
(0,0,0)
(0,0,0)
(0,0,0)
(0,0,0)
(0,0,0)
(0,0,0)
(0,0,0)
(0,0,0)
(0,0,0)
(0,0,0)
(0,0,0)
(0,0,0)
(0,0,0)
(0,0,0)
(0,0,0)
(0,0,0)
(0,0,0)
(0,0,0)
(0,0,0)
(0,0,0)
(0,0,0)
(0,0,0)
(0,0,0)
(0,0,0)
(0,0,0)
(0,0,0)
(0,0,0)
(0,0,0)
(0,0,0)
(0,0,0)
(0,0,0)
(0,0,0)
(0,0,0)
(0,0,0)
(0,0,0)
(0,0,0)
(0,0,0)
(0,0,0)
(0,0,0)
(0,0,0)
(0,0,0)
(0,0,0)
(0,0,0)
(0,0,0)
(0,0,0)
(0,0,0)
(0,0,0)
(0,0,0)
(0,0,0)
(0,0,0)
(0,0,0)
(0,0,0)
(0,0,0)
(0,0,0)
(0,0,0)
(0,0,0)
(0,0,0)
(0,0,0)
(0,0,0)
(0,0,0)
(0,0,0)
(0,0,0)
(0,0,0)
(0,0,0)
(0,0,0)
(0,0,0)
(0,0,0)
(0,0,0)
(0,0,0)
(0,0,0)
(0,0,0)
(0,0,0)
(0,0,0)
(0,0,0)
(0,0,0)
(0,0,0)
(0,0,0)
(0,0,0)
(0,0,0)
(0,0,0)
(0,0,0)
(0,0,0)
(0,0,0)
(0,0,0)
(0,0,0)
(0,0,0)
(0,0,0)
(0,0,0)
(0,0,0)
(0,0,0)
(0,0,0)
(0,0,0)
(0,0,0)
(0,0,0)
(0,0,0)
(0,0,0)
(0,0,0)
(0,0,0)
(0,0,0)
(0,0,0)
(0,0,0)
(0,0,0)
(0,0,0)
(0,0,0)
(0,0,0)
(0,0,0)
(0,0,0)
(0,0,0)
(0,0,0)
(0,0,0)
(0,0,0)
(0,0,0)
(0,0,0)
(0,0,0)
(0,0,0)
(0,0,0)
(0,0,0)
(0,0,0)
(0,0,0)
(0,0,0)
(0,0,0)
(0,0,0)
(0,0,0)
(0,0,0)
(0,0,0)
(0,0,0)
(0,0,0)
(0,0,0)
(0,0,0)
(0,0,0)
(0,0,0)
(0,0,0)
(0,0,0)
(0,0,0)
(0,0,0)
(0,0,0)
(0,0,0)
(0,0,0)
(0,0,0)
(0,0,0)
(0,0,0)
(0,0,0)
(0,0,0)
(0,0,0)
(0,0,0)
(0,0,0)
(0,0,0)
(0,0,0)
(0,0,0)
(0,0,0)
(0,0,0)
(0,0,0)
(0,0,0)
(0,0,0)
(0,0,0)
(0,0,0)
(0,0,0)
(0,0,0)
(0,0,0)
(0,0,0)
(0,0,0)
(0,0,0)
(0,0,0)
(0,0,0)
(0,0,0)
(0,0,0)
(0,0,0)
(0,0,0)
(0,0,0)
(0,0,0)
(0,0,0)
(0,0,0)
(0,0,0)
(0,0,0)
(0,0,0)
(0,0,0)
(0,0,0)
(0,0,0)
(0,0,0)
(0,0,0)
(0,0,0)
(0,0,0)
(0,0,0)
(0,0,0)
(0,0,0)
(0,0,0)
(0,0,0)
(0,0,0)
(0,0,0)
(0,0,0)
(0,0,0)
(0,0,0)
(0,0,0)
(0,0,0)
(0,0,0)
(0,0,0)
(0,0,0)
(0,0,0)
(0,0,0)
(0,0,0)
(0,0,0)
(0,0,0)
(0,0,0)
(0,0,0)
(0,0,0)
(0,0,0)
(0,0,0)
(0,0,0)
(0,0,0)
(0,0,0)
(0,0,0)
(0,0,0)
(0,0,0)
(0,0,0)
(0,0,0)
(0,0,0)
(0,0,0)
(0,0,0)
(0,0,0)
(0,0,0)
(0,0,0)
(0,0,0)
(0,0,0)
(0,0,0)
(0,0,0)
(0,0,0)
(0,0,0)
(0,0,0)
(0,0,0)
(0,0,0)
(0,0,0)
(0,0,0)
(0,0,0)
(0,0,0)
(0,0,0)
(0,0,0)
(0,0,0)
(0,0,0)
(0,0,0)
(0,0,0)
(0,0,0)
(0,0,0)
(0,0,0)
(0,0,0)
(0,0,0)
(0,0,0)
(0,0,0)
(0,0,0)
(0,0,0)
(0,0,0)
(0,0,0)
(0,0,0)
(0,0,0)
(0,0,0)
(0,0,0)
(0,0,0)
(0,0,0)
(0,0,0)
(0,0,0)
(0,0,0)
(0,0,0)
(0,0,0)
(0,0,0)
(0,0,0)
(0,0,0)
(0,0,0)
(0,0,0)
(0,0,0)
(0,0,0)
(0,0,0)
(0,0,0)
(0,0,0)
(0,0,0)
(0,0,0)
(0,0,0)
(0,0,0)
(0,0,0)
(0,0,0)
(0,0,0)
(0,0,0)
(0,0,0)
(0,0,0)
(0,0,0)
(0,0,0)
(0,0,0)
(0,0,0)
(0,0,0)
(0,0,0)
(0,0,0)
(0,0,0)
(0,0,0)
(0,0,0)
(0,0,0)
(0,0,0)
(0,0,0)
(0,0,0)
(0,0,0)
(0,0,0)
(0,0,0)
(0,0,0)
(0,0,0)
(0,0,0)
(0,0,0)
(0,0,0)
(0,0,0)
(0,0,0)
(0,0,0)
(0,0,0)
(0,0,0)
(0,0,0)
(0,0,0)
(0,0,0)
(0,0,0)
(0,0,0)
(0,0,0)
(0,0,0)
(0,0,0)
(0,0,0)
(0,0,0)
(0,0,0)
(0,0,0)
(0,0,0)
(0,0,0)
(0,0,0)
(0,0,0)
(0,0,0)
(0,0,0)
(0,0,0)
(0,0,0)
(0,0,0)
(0,0,0)
(0,0,0)
(0,0,0)
(0,0,0)
(0,0,0)
(0,0,0)
(0,0,0)
(0,0,0)
(0,0,0)
(0,0,0)
(0,0,0)
(0,0,0)
(0,0,0)
(0,0,0)
(0,0,0)
(0,0,0)
(0,0,0)
(0,0,0)
(0,0,0)
(0,0,0)
(0,0,0)
(0,0,0)
(0,0,0)
(0,0,0)
(0,0,0)
(0,0,0)
(0,0,0)
(0,0,0)
(0,0,0)
(0,0,0)
(0,0,0)
(0,0,0)
(0,0,0)
(0,0,0)
(0,0,0)
(0,0,0)
(0,0,0)
(0,0,0)
(0,0,0)
(0,0,0)
(0,0,0)
(0,0,0)
(0,0,0)
(0,0,0)
(0,0,0)
(0,0,0)
(0,0,0)
(0,0,0)
(0,0,0)
(0,0,0)
(0,0,0)
(0,0,0)
(0,0,0)
(0,0,0)
(0,0,0)
(0,0,0)
(0,0,0)
(0,0,0)
(0,0,0)
(0,0,0)
(0,0,0)
(0,0,0)
(0,0,0)
(0,0,0)
(0,0,0)
(0,0,0)
(0,0,0)
(0,0,0)
(0,0,0)
(0,0,0)
(0,0,0)
(0,0,0)
(0,0,0)
(0,0,0)
(0,0,0)
(0,0,0)
(0,0,0)
(0,0,0)
(0,0,0)
(0,0,0)
(0,0,0)
(0,0,0)
(0,0,0)
(0,0,0)
(0,0,0)
(0,0,0)
(0,0,0)
(0,0,0)
(0,0,0)
(0,0,0)
(0,0,0)
(0,0,0)
(0,0,0)
(0,0,0)
(0,0,0)
(0,0,0)
(0,0,0)
(0,0,0)
(0,0,0)
(0,0,0)
(0,0,0)
(0,0,0)
(0,0,0)
(0,0,0)
(0,0,0)
(0,0,0)
(0,0,0)
(0,0,0)
(0,0,0)
(0,0,0)
(0,0,0)
(0,0,0)
(0,0,0)
(0,0,0)
(0,0,0)
(0,0,0)
(0,0,0)
(0,0,0)
(0,0,0)
(0,0,0)
(0,0,0)
(0,0,0)
(0,0,0)
(0,0,0)
(0,0,0)
(0,0,0)
(0,0,0)
(0,0,0)
(0,0,0)
(0,0,0)
(0,0,0)
(0,0,0)
(0,0,0)
(0,0,0)
(0,0,0)
(0,0,0)
(0,0,0)
(0,0,0)
(0,0,0)
(0,0,0)
(0,0,0)
(0,0,0)
(0,0,0)
(0,0,0)
(0,0,0)
(0,0,0)
(0,0,0)
(0,0,0)
(0,0,0)
(0,0,0)
(0,0,0)
(0,0,0)
(0,0,0)
(0,0,0)
(0,0,0)
(0,0,0)
(0,0,0)
(0,0,0)
(0,0,0)
(0,0,0)
(0,0,0)
(0,0,0)
(0,0,0)
(0,0,0)
(0,0,0)
(0,0,0)
(0,0,0)
(0,0,0)
(0,0,0)
(0,0,0)
(0,0,0)
(0,0,0)
(0,0,0)
(0,0,0)
(0,0,0)
(0,0,0)
(0,0,0)
(0,0,0)
(0,0,0)
(0,0,0)
(0,0,0)
(0,0,0)
(0,0,0)
(0,0,0)
(0,0,0)
(0,0,0)
(0,0,0)
(0,0,0)
(0,0,0)
(0,0,0)
(0,0,0)
(0,0,0)
(0,0,0)
(0,0,0)
(0,0,0)
(0,0,0)
(0,0,0)
(0,0,0)
(0,0,0)
(0,0,0)
(0,0,0)
(0,0,0)
(0,0,0)
(0,0,0)
(0,0,0)
(0,0,0)
(0,0,0)
(0,0,0)
(0,0,0)
(0,0,0)
(0,0,0)
(0,0,0)
(0,0,0)
(0,0,0)
(0,0,0)
(0,0,0)
(0,0,0)
(0,0,0)
(0,0,0)
(0,0,0)
(0,0,0)
(0,0,0)
(0,0,0)
(0,0,0)
(0,0,0)
(0,0,0)
(0,0,0)
(0,0,0)
(0,0,0)
(0,0,0)
(0,0,0)
(0,0,0)
(0,0,0)
(0,0,0)
(0,0,0)
(0,0,0)
(0,0,0)
(0,0,0)
(0,0,0)
(0,0,0)
(0,0,0)
(0,0,0)
(0,0,0)
(0,0,0)
(0,0,0)
(0,0,0)
(0,0,0)
(0,0,0)
(0,0,0)
(0,0,0)
(0,0,0)
(0,0,0)
(0,0,0)
(0,0,0)
(0,0,0)
(0,0,0)
(0,0,0)
(0,0,0)
(0,0,0)
(0,0,0)
(0,0,0)
(0,0,0)
(0,0,0)
(0,0,0)
(0,0,0)
(0,0,0)
(0,0,0)
(0,0,0)
(0,0,0)
(0,0,0)
(0,0,0)
(0,0,0)
(0,0,0)
(0,0,0)
(0,0,0)
(0,0,0)
(0,0,0)
(0,0,0)
(0,0,0)
(0,0,0)
(0,0,0)
(0,0,0)
(0,0,0)
(0,0,0)
(0,0,0)
(0,0,0)
(0,0,0)
(0,0,0)
(0,0,0)
(0,0,0)
(0,0,0)
(0,0,0)
(0,0,0)
(0,0,0)
(0,0,0)
(0,0,0)
(0,0,0)
(0,0,0)
(0,0,0)
(0,0,0)
(0,0,0)
(0,0,0)
(0,0,0)
(0,0,0)
(0,0,0)
(0,0,0)
(0,0,0)
(0,0,0)
(0,0,0)
(0,0,0)
(0,0,0)
(0,0,0)
(0,0,0)
(0,0,0)
(0,0,0)
(0,0,0)
(0,0,0)
(0,0,0)
(0,0,0)
(0,0,0)
(0,0,0)
(0,0,0)
(0,0,0)
(0,0,0)
(0,0,0)
(0,0,0)
(0,0,0)
(0,0,0)
(0,0,0)
(0,0,0)
(0,0,0)
(0,0,0)
(0,0,0)
(0,0,0)
(0,0,0)
(0,0,0)
(0,0,0)
(0,0,0)
(0,0,0)
(0,0,0)
(0,0,0)
(0,0,0)
(0,0,0)
(0,0,0)
(0,0,0)
(0,0,0)
(0,0,0)
(0,0,0)
(0,0,0)
(0,0,0)
(0,0,0)
(0,0,0)
(0,0,0)
(0,0,0)
(0,0,0)
(0,0,0)
(0,0,0)
(0,0,0)
(0,0,0)
(0,0,0)
(0,0,0)
(0,0,0)
(0,0,0)
(0,0,0)
(0,0,0)
(0,0,0)
(0,0,0)
(0,0,0)
(0,0,0)
(0,0,0)
(0,0,0)
(0,0,0)
(0,0,0)
(0,0,0)
(0,0,0)
(0,0,0)
(0,0,0)
(0,0,0)
(0,0,0)
