(0,0,0)
(0,0,0)
(0,0,0)
(0,0,0)
(0,0,0)
(0,0,0)
(0,0,0)
(0,0,0)
(0,0,0)
(0,0,0)
(0,0,0)
(0,0,0)
(0,0,0)
(0,0,0)
(0,0,0)
(0,0,0)
(0,0,0)
(0,0,0)
(0,0,0)
(0,0,0)
(0,0,0)
(0,0,0)
(0,0,0)
(0,0,0)
(0,0,0)
(0,0,0)
(0,0,0)
(0,0,0)
(0,0,0)
(0,0,0)
(0,0,0)
(0,0,0)
(0,0,0)
(0,0,0)
(0,0,0)
(0,0,0)
(0,0,0)
(0,0,0)
(0,0,0)
(0,0,0)
(0,0,0)
(0,0,0)
(0,0,0)
(0,0,0)
(0,0,0)
(0,0,0)
(0,0,0)
(0,0,0)
(0,0,0)
(0,0,0)
(0,0,0)
(0,0,0)
(0,0,0)
(0,0,0)
(0,0,0)
(0,0,0)
(0,0,0)
(0,0,0)
(0,0,0)
(0,0,0)
(0,0,0)
(0,0,0)
(0,0,0)
(0,0,0)
(0,0,0)
(0,0,0)
(0,0,0)
(0,0,0)
(0,0,0)
(0,0,0)
(0,0,0)
(0,0,0)
(0,0,0)
(0,0,0)
(0,0,0)
(0,0,0)
(0,0,0)
(0,0,0)
(0,0,0)
(0,0,0)
(0,0,0)
(0,0,0)
(0,0,0)
(0,0,0)
(0,0,0)
(0,0,0)
(0,0,0)
(0,0,0)
(0,0,0)
(0,0,0)
(0,0,0)
(0,0,0)
(0,0,0)
(0,0,0)
(0,0,0)
(0,0,0)
(0,0,0)
(0,0,0)
(0,0,0)
(0,0,0)
(0,0,0)
(0,0,0)
(0,0,0)
(0,0,0)
(0,0,0)
(0,0,0)
(0,0,0)
(0,0,0)
(0,0,0)
(0,0,0)
(0,0,0)
(0,0,0)
(0,0,0)
(0,0,0)
(0,0,0)
(0,0,0)
(0,0,0)
(0,0,0)
(0,0,0)
(0,0,0)
(0,0,0)
(0,0,0)
(0,0,0)
(0,0,0)
(0,0,0)
(0,0,0)
(0,0,0)
(0,0,0)
(0,0,0)
(0,0,0)
(0,0,0)
(0,0,0)
(0,0,0)
(0,0,0)
(0,0,0)
(0,0,0)
(0,0,0)
(0,0,0)
(0,0,0)
(0,0,0)
(0,0,0)
(0,0,0)
(0,0,0)
(0,0,0)
(0,0,0)
(0,0,0)
(0,0,0)
(0,0,0)
(0,0,0)
(0,0,0)
(0,0,0)
(0,0,0)
(0,0,0)
(0,0,0)
(0,0,0)
(0,0,0)
(0,0,0)
(0,0,0)
(0,0,0)
(0,0,0)
(0,0,0)
(0,0,0)
(0,0,0)
(0,0,0)
(0,0,0)
(0,0,0)
(0,0,0)
(0,0,0)
(0,0,0)
(0,0,0)
(0,0,0)
(0,0,0)
(0,0,0)
(0,0,0)
(0,0,0)
(0,0,0)
(0,0,0)
(0,0,0)
(0,0,0)
(0,0,0)
(0,0,0)
(0,0,0)
(0,0,0)
(0,0,0)
(0,0,0)
(0,0,0)
(0,0,0)
(0,0,0)
(0,0,0)
(0,0,0)
(0,0,0)
(0,0,0)
(0,0,0)
(0,0,0)
(0,0,0)
(0,0,0)
(0,0,0)
(0,0,0)
(0,0,0)
(0,0,0)
(0,0,0)
(0,0,0)
(0,0,0)
(0,0,0)
(0,0,0)
(0,0,0)
(0,0,0)
(0,0,0)
(0,0,0)
(0,0,0)
(0,0,0)
(0,0,0)
(0,0,0)
(0,0,0)
(0,0,0)
(0,0,0)
(0,0,0)
(0,0,0)
(0,0,0)
(0,0,0)
(0,0,0)
(0,0,0)
(0,0,0)
(0,0,0)
(0,0,0)
(0,0,0)
(0,0,0)
(0,0,0)
(0,0,0)
(0,0,0)
(0,0,0)
(0,0,0)
(0,0,0)
(0,0,0)
(0,0,0)
(0,0,0)
(0,0,0)
(0,0,0)
(0,0,0)
(0,0,0)
(0,0,0)
(0,0,0)
(0,0,0)
(0,0,0)
(0,0,0)
(0,0,0)
(0,0,0)
(0,0,0)
(0,0,0)
(0,0,0)
(0,0,0)
(0,0,0)
(0,0,0)
(0,0,0)
(0,0,0)
(0,0,0)
(0,0,0)
(0,0,0)
(0,0,0)
(0,0,0)
(0,0,0)
(0,0,0)
(0,0,0)
(0,0,0)
(0,0,0)
(0,0,0)
(0,0,0)
(0,0,0)
(0,0,0)
(0,0,0)
(0,0,0)
(0,0,0)
(0,0,0)
(0,0,0)
(0,0,0)
(0,0,0)
(0,0,0)
(0,0,0)
(0,0,0)
(0,0,0)
(0,0,0)
(0,0,0)
(0,0,0)
(0,0,0)
(0,0,0)
(0,0,0)
(0,0,0)
(0,0,0)
(0,0,0)
(0,0,0)
(0,0,0)
(0,0,0)
(0,0,0)
(0,0,0)
(0,0,0)
(0,0,0)
(0,0,0)
(0,0,0)
(0,0,0)
(0,0,0)
(0,0,0)
(0,0,0)
(0,0,0)
(0,0,0)
(0,0,0)
(0,0,0)
(0,0,0)
(0,0,0)
(0,0,0)
(0,0,0)
(0,0,0)
(0,0,0)
(0,0,0)
(0,0,0)
(0,0,0)
(0,0,0)
(0,0,0)
(0,0,0)
(0,0,0)
(0,0,0)
(0,0,0)
(0,0,0)
(0,0,0)
(0,0,0)
(0,0,0)
(0,0,0)
(0,0,0)
(0,0,0)
(0,0,0)
(0,0,0)
(0,0,0)
(0,0,0)
(0,0,0)
(0,0,0)
(0,0,0)
(0,0,0)
(0,0,0)
(0,0,0)
(0,0,0)
(0,0,0)
(0,0,0)
(0,0,0)
(0,0,0)
(0,0,0)
(0,0,0)
(0,0,0)
(0,0,0)
(0,0,0)
(0,0,0)
(0,0,0)
(0,0,0)
(0,0,0)
(0,0,0)
(0,0,0)
(0,0,0)
(0,0,0)
(0,0,0)
(0,0,0)
(0,0,0)
(0,0,0)
(0,0,0)
(0,0,0)
(0,0,0)
(0,0,0)
(0,0,0)
(0,0,0)
(0,0,0)
(0,0,0)
(0,0,0)
(0,0,0)
(0,0,0)
(0,0,0)
(0,0,0)
(0,0,0)
(0,0,0)
(0,0,0)
(0,0,0)
(0,0,0)
(0,0,0)
(0,0,0)
(0,0,0)
(0,0,0)
(0,0,0)
(0,0,0)
(0,0,0)
(0,0,0)
(0,0,0)
(0,0,0)
(0,0,0)
(0,0,0)
(0,0,0)
(0,0,0)
(0,0,0)
(0,0,0)
(0,0,0)
(0,0,0)
(0,0,0)
(0,0,0)
(0,0,0)
(0,0,0)
(0,0,0)
(0,0,0)
(0,0,0)
(0,0,0)
(0,0,0)
(0,0,0)
(0,0,0)
(0,0,0)
(0,0,0)
(0,0,0)
(0,0,0)
(0,0,0)
(0,0,0)
(0,0,0)
(0,0,0)
(0,0,0)
(0,0,0)
(0,0,0)
(0,0,0)
(0,0,0)
(0,0,0)
(0,0,0)
(0,0,0)
(0,0,0)
(0,0,0)
(0,0,0)
(0,0,0)
(0,0,0)
(0,0,0)
(0,0,0)
(0,0,0)
(0,0,0)
(0,0,0)
(0,0,0)
(0,0,0)
(0,0,0)
(0,0,0)
(0,0,0)
(0,0,0)
(0,0,0)
(0,0,0)
(0,0,0)
(0,0,0)
(0,0,0)
(0,0,0)
(0,0,0)
(0,0,0)
(0,0,0)
(0,0,0)
(0,0,0)
(0,0,0)
(0,0,0)
(0,0,0)
(0,0,0)
(0,0,0)
(0,0,0)
(0,0,0)
(0,0,0)
(0,0,0)
(0,0,0)
(0,0,0)
(0,0,0)
(0,0,0)
(0,0,0)
(0,0,0)
(0,0,0)
(0,0,0)
(0,0,0)
(0,0,0)
(0,0,0)
(0,0,0)
(0,0,0)
(0,0,0)
(0,0,0)
(0,0,0)
(0,0,0)
(0,0,0)
(0,0,0)
(0,0,0)
(0,0,0)
(0,0,0)
(0,0,0)
(0,0,0)
(0,0,0)
(0,0,0)
(0,0,0)
(0,0,0)
(0,0,0)
(0,0,0)
(0,0,0)
(0,0,0)
(0,0,0)
(0,0,0)
(0,0,0)
(0,0,0)
(0,0,0)
(0,0,0)
(0,0,0)
(0,0,0)
(0,0,0)
(0,0,0)
(0,0,0)
(0,0,0)
(0,0,0)
(0,0,0)
(0,0,0)
(0,0,0)
(0,0,0)
(0,0,0)
(0,0,0)
(0,0,0)
(0,0,0)
(0,0,0)
(0,0,0)
(0,0,0)
(0,0,0)
(0,0,0)
(0,0,0)
(0,0,0)
(0,0,0)
(0,0,0)
(0,0,0)
(0,0,0)
(0,0,0)
(0,0,0)
(0,0,0)
(0,0,0)
(0,0,0)
(0,0,0)
(0,0,0)
(0,0,0)
(0,0,0)
(0,0,0)
(0,0,0)
(0,0,0)
(0,0,0)
(0,0,0)
(0,0,0)
(0,0,0)
(0,0,0)
(0,0,0)
(0,0,0)
(0,0,0)
(0,0,0)
(0,0,0)
(0,0,0)
(0,0,0)
(0,0,0)
(0,0,0)
(0,0,0)
(0,0,0)
(0,0,0)
(0,0,0)
(0,0,0)
(0,0,0)
(0,0,0)
(0,0,0)
(0,0,0)
(0,0,0)
(0,0,0)
(0,0,0)
(0,0,0)
(0,0,0)
(0,0,0)
(0,0,0)
(0,0,0)
(0,0,0)
(0,0,0)
(0,0,0)
(0,0,0)
(0,0,0)
(0,0,0)
(0,0,0)
(0,0,0)
(0,0,0)
(0,0,0)
(0,0,0)
(0,0,0)
(0,0,0)
(0,0,0)
(0,0,0)
(0,0,0)
(0,0,0)
(0,0,0)
(0,0,0)
(0,0,0)
(0,0,0)
(0,0,0)
(0,0,0)
(0,0,0)
(0,0,0)
(0,0,0)
(0,0,0)
(0,0,0)
(0,0,0)
(0,0,0)
(0,0,0)
(0,0,0)
(0,0,0)
(0,0,0)
(0,0,0)
(0,0,0)
(0,0,0)
(0,0,0)
(0,0,0)
(0,0,0)
(0,0,0)
(0,0,0)
(0,0,0)
(0,0,0)
(0,0,0)
(0,0,0)
(0,0,0)
(0,0,0)
(0,0,0)
(0,0,0)
(0,0,0)
(0,0,0)
(0,0,0)
(0,0,0)
(0,0,0)
(0,0,0)
(0,0,0)
(0,0,0)
(0,0,0)
(0,0,0)
(0,0,0)
(0,0,0)
(0,0,0)
(0,0,0)
(0,0,0)
(0,0,0)
(0,0,0)
(0,0,0)
(0,0,0)
(0,0,0)
(0,0,0)
(0,0,0)
(0,0,0)
(0,0,0)
(0,0,0)
(0,0,0)
(0,0,0)
(0,0,0)
(0,0,0)
(0,0,0)
(0,0,0)
(0,0,0)
(0,0,0)
(0,0,0)
(0,0,0)
(0,0,0)
(0,0,0)
(0,0,0)
(0,0,0)
(0,0,0)
(0,0,0)
(0,0,0)
(0,0,0)
(0,0,0)
(0,0,0)
(0,0,0)
(0,0,0)
(0,0,0)
(0,0,0)
(0,0,0)
(0,0,0)
(0,0,0)
(0,0,0)
(0,0,0)
(0,0,0)
(0,0,0)
(0,0,0)
(0,0,0)
(0,0,0)
(0,0,0)
(0,0,0)
(0,0,0)
(0,0,0)
(0,0,0)
(0,0,0)
(0,0,0)
(0,0,0)
(0,0,0)
(0,0,0)
(0,0,0)
(0,0,0)
(0,0,0)
(0,0,0)
(0,0,0)
(0,0,0)
(0,0,0)
(0,0,0)
(0,0,0)
(0,0,0)
(0,0,0)
(0,0,0)
(0,0,0)
(0,0,0)
(0,0,0)
(0,0,0)
(0,0,0)
(0,0,0)
(0,0,0)
(0,0,0)
(0,0,0)
(0,0,0)
(0,0,0)
(0,0,0)
(0,0,0)
(0,0,0)
(0,0,0)
(0,0,0)
(0,0,0)
(0,0,0)
(0,0,0)
(0,0,0)
(0,0,0)
(0,0,0)
(0,0,0)
(0,0,0)
(0,0,0)
(0,0,0)
(0,0,0)
(0,0,0)
(0,0,0)
(0,0,0)
(0,0,0)
(0,0,0)
(0,0,0)
(0,0,0)
(0,0,0)
(0,0,0)
(0,0,0)
(0,0,0)
(0,0,0)
(0,0,0)
(0,0,0)
(0,0,0)
(0,0,0)
(0,0,0)
(0,0,0)
(0,0,0)
(0,0,0)
(0,0,0)
(0,0,0)
(0,0,0)
(0,0,0)
(0,0,0)
(0,0,0)
(0,0,0)
(0,0,0)
(0,0,0)
(0,0,0)
(0,0,0)
(0,0,0)
(0,0,0)
(0,0,0)
(0,0,0)
(0,0,0)
(0,0,0)
(0,0,0)
(0,0,0)
(0,0,0)
(0,0,0)
(0,0,0)
(0,0,0)
(0,0,0)
(0,0,0)
(0,0,0)
(0,0,0)
(0,0,0)
(0,0,0)
(0,0,0)
(0,0,0)
(0,0,0)
(0,0,0)
(0,0,0)
(0,0,0)
(0,0,0)
(0,0,0)
(0,0,0)
(0,0,0)
(0,0,0)
(0,0,0)
(0,0,0)
(0,0,0)
(0,0,0)
(0,0,0)
(0,0,0)
(0,0,0)
(0,0,0)
(0,0,0)
(0,0,0)
(0,0,0)
(0,0,0)
(0,0,0)
(0,0,0)
(0,0,0)
(0,0,0)
(0,0,0)
(0,0,0)
(0,0,0)
(0,0,0)
(0,0,0)
(0,0,0)
(0,0,0)
(0,0,0)
(0,0,0)
(0,0,0)
(0,0,0)
(0,0,0)
(0,0,0)
(0,0,0)
(0,0,0)
(0,0,0)
(0,0,0)
(0,0,0)
(0,0,0)
(-165104.283968628,87736.7752733738,77367.5086952537)
(-174603.971670845,84121.9760299848,167849.504336114)
(-196585.404143913,76591.3420889183,287843.566391109)
(-238142.202594006,64797.7197144205,461188.049270697)
(-313095.509404304,48881.4154039091,725402.143271099)
(-447616.395158833,30584.2845446733,1142434.25388524)
(-691165.431812467,13919.382584653,1819680.30311309)
(-1131328.42416378,3682.7810627543,2947325.94621412)
(-1865807.27277119,241.417836665622,4812891.80114869)
(-2599586.55990616,-145.384910604596,7412623.74596546)
(0,0,0)
(0,0,0)
(0,0,0)
(0,0,0)
(0,0,0)
(0,0,0)
(-174643.293839753,188586.35117503,73793.7179380967)
(-184233.703134818,181782.435162775,160366.961940127)
(-206561.407923255,167473.605732758,276046.106219538)
(-249077.133444784,144670.855299794,445250.104078954)
(-326080.716100843,113208.768836109,707003.466747593)
(-463819.063756828,75741.6182893249,1125665.19675978)
(-710065.661652947,40253.3887100179,1809396.85228733)
(-1148552.35391263,17733.2338412449,2943898.75342143)
(-1877279.35750971,8815.50023231643,4812604.02853554)
(-2604939.53552538,4517.00102515836,7412881.17812509)
(0,0,0)
(0,0,0)
(0,0,0)
(0,0,0)
(0,0,0)
(0,0,0)
(-196382.930785323,318024.700840242,66944.5811201095)
(-206152.322768948,308904.950537308,145974.388514526)
(-229189.875944048,289516.183880116,253121.686311221)
(-273818.984917167,258015.45200472,413596.074523463)
(-355726.268038701,213158.291227613,669372.82017066)
(-501986.890471882,157028.75332506,1090072.57560681)
(-756702.755744558,100148.337994775,1786880.38206661)
(-1191477.64104667,61031.1208628993,2935060.13609159)
(-1904912.77225801,40297.7622101209,4808490.64637189)
(-2617464.71670754,21876.8307332317,7408595.53337131)
(0,0,0)
(0,0,0)
(0,0,0)
(0,0,0)
(0,0,0)
(0,0,0)
(-236939.750561808,497214.46656742,57749.9848346312)
(-246880.177663707,487029.959853588,126505.15318206)
(-270805.343797983,465277.997264519,221548.683595634)
(-318492.768338092,429477.214246112,368579.689692329)
(-408504.928420177,377111.956462367,613130.952877755)
(-571158.726363906,308209.846766949,1033108.58579977)
(-846082.079943359,231570.117948237,1747768.88578968)
(-1274608.57294321,168958.264477061,2914450.31511869)
(-1955617.07774502,120117.802105974,4790247.35296781)
(-2639588.80051668,64675.1295205216,7387037.8546973)
(0,0,0)
(0,0,0)
(0,0,0)
(0,0,0)
(0,0,0)
(0,0,0)
(-309630.265671887,759267.83315048,47576.8990888252)
(-319504.917482942,749331.98396563,104779.792459724)
(-343901.741640091,728183.776167102,185775.755197232)
(-394166.105911253,693312.001726649,316107.073627952)
(-492550.674954139,641657.266796795,544112.438247668)
(-675518.392620782,571367.44049333,956473.237142053)
(-982264.327366427,485105.504439195,1685202.17801752)
(-1401264.23585316,389705.560479889,2865719.11786788)
(-2029361.8720659,280192.624916199,4735006.1671236)
(-2671578.76138747,148535.788824686,7322724.26920691)
(0,0,0)
(0,0,0)
(0,0,0)
(0,0,0)
(0,0,0)
(0,0,0)
(-440823.086524381,1162405.51401286,37685.4056620054)
(-450205.656058173,1153582.8976354,83640.148050402)
(-473797.209805938,1134746.80536518,150874.328658258)
(-523555.540226562,1103377.55519223,264364.31541924)
(-622982.479993993,1055253.36880492,473750.693405111)
(-809444.033817793,984302.444792935,870259.722923307)
(-1117164.69820341,882645.431450102,1589884.49411583)
(-1517177.49790241,740403.768281753,2756363.78421636)
(-2109266.32799321,542173.41817368,4603649.31895214)
(-2711827.12298209,289438.213139846,7174574.01761897)
(0,0,0)
(0,0,0)
(0,0,0)
(0,0,0)
(0,0,0)
(0,0,0)
(-681625.956318112,1815176.46221876,28855.0081122101)
(-689936.751034793,1807580.17677194,64794.4800104663)
(-711112.720034323,1791190.05977052,119463.945639456)
(-756572.510374254,1763200.61150658,216213.399699363)
(-848941.478075281,1717607.38699513,402800.859584434)
(-1024175.0931226,1642623.34909794,768655.048402015)
(-1312994.29175062,1516522.04680888,1447772.72479386)
(-1676732.37424328,1306613.01217482,2558295.85514407)
(-2228339.40166511,977644.857352641,4351163.81763017)
(-2777503.69282776,532687.801515348,6885417.92208248)
(0,0,0)
(0,0,0)
(0,0,0)
(0,0,0)
(0,0,0)
(0,0,0)
(-1121978.55909918,2915987.72054201,21167.3007759109)
(-1128650.68526345,2909095.93970271,48302.2231085996)
(-1145727.47646214,2893876.22869828,91343.5306429888)
(-1182706.38107201,2866690.25480798,170560.268413584)
(-1258634.27051231,2818985.12152037,327816.804400652)
(-1404341.41723639,2732200.17976026,642581.390974729)
(-1646228.27671986,2567309.7479593,1238021.96654416)
(-1940653.35059751,2255750.81436054,2229537.51495596)
(-2444416.53461514,1745134.07744842,3906464.82947532)
(-2903049.41016618,989186.747400991,6353015.2937558)
(0,0,0)
(0,0,0)
(0,0,0)
(0,0,0)
(0,0,0)
(0,0,0)
(-1859430.03321372,4761206.84028014,14210.9134755838)
(-1863985.42465388,4754310.9151269,32981.362705286)
(-1875592.16670138,4738485.17638957,63964.5817153519)
(-1900459.30125722,4708369.61422835,122744.523552206)
(-1950623.97533942,4651363.89120994,240989.729202068)
(-2044919.36521988,4540483.03427034,477626.239911847)
(-2203250.2439894,4321673.9485276,926512.283332947)
(-2438418.71433759,3901633.2067446,1719048.60528648)
(-2842904.99967793,3156413.96932396,3150673.71308883)
(-3122001.90301985,1897802.09560442,5364060.26790528)
(0,0,0)
(0,0,0)
(0,0,0)
(0,0,0)
(0,0,0)
(0,0,0)
(-2596635.00816573,7350616.71791027,7225.13053558836)
(-2598911.77402702,7343441.58860991,17006.2310796252)
(-2604686.73289762,7326604.59039235,33573.549974475)
(-2616904.11634706,7293356.63048688,65490.6500630259)
(-2641200.21454267,7228127.42327969,129927.332535956)
(-2686615.85447442,7098348.34026217,258677.881018537)
(-2765838.23651391,6839762.70362911,506427.362430928)
(-2899305.55425958,6333409.23529803,973956.888137037)
(-3121263.50852924,5359378.34816669,1892256.01782352)
(-3143411.09330865,3466913.71269085,3466555.49404574)
(0,0,0)
(0,0,0)
(0,0,0)
(0,0,0)
(0,0,0)
(0,0,0)
(0,0,0)
(0,0,0)
(0,0,0)
(0,0,0)
(0,0,0)
(0,0,0)
(0,0,0)
(0,0,0)
(0,0,0)
(0,0,0)
(0,0,0)
(0,0,0)
(0,0,0)
(0,0,0)
(0,0,0)
(0,0,0)
(0,0,0)
(0,0,0)
(0,0,0)
(0,0,0)
(0,0,0)
(0,0,0)
(0,0,0)
(0,0,0)
(0,0,0)
(0,0,0)
(0,0,0)
(0,0,0)
(0,0,0)
(0,0,0)
(0,0,0)
(0,0,0)
(0,0,0)
(0,0,0)
(0,0,0)
(0,0,0)
(0,0,0)
(0,0,0)
(0,0,0)
(0,0,0)
(0,0,0)
(0,0,0)
(0,0,0)
(0,0,0)
(0,0,0)
(0,0,0)
(0,0,0)
(0,0,0)
(0,0,0)
(0,0,0)
(0,0,0)
(0,0,0)
(0,0,0)
(0,0,0)
(0,0,0)
(0,0,0)
(0,0,0)
(0,0,0)
(0,0,0)
(0,0,0)
(0,0,0)
(0,0,0)
(0,0,0)
(0,0,0)
(0,0,0)
(0,0,0)
(0,0,0)
(0,0,0)
(0,0,0)
(0,0,0)
(0,0,0)
(0,0,0)
(0,0,0)
(0,0,0)
(0,0,0)
(0,0,0)
(0,0,0)
(0,0,0)
(0,0,0)
(0,0,0)
(0,0,0)
(0,0,0)
(0,0,0)
(0,0,0)
(0,0,0)
(0,0,0)
(0,0,0)
(0,0,0)
(0,0,0)
(0,0,0)
(0,0,0)
(0,0,0)
(0,0,0)
(0,0,0)
(0,0,0)
(0,0,0)
(24378815.6306177,78219.9927055557,67879.7789167295)
(24362921.6624758,74511.0278108784,145862.80316778)
(24326391.1937115,66614.083569812,246291.807951087)
(24258106.8135992,53832.6956156401,386229.782350772)
(24136483.7432374,35832.6202593072,590837.595658407)
(23920175.572315,14303.9258498049,898761.388543297)
(23523309.4826775,-5021.26872611394,1379327.42898805)
(22739004.5931002,-13575.5821026617,2212589.68003531)
(20969275.2783361,-11270.0734095486,4078796.88854612)
(16162964.0069847,-5511.78684542567,10011777.7947092)
(0,0,0)
(0,0,0)
(0,0,0)
(0,0,0)
(0,0,0)
(0,0,0)
(24362570.8994023,166841.105433123,64184.3802390207)
(24346635.1463932,159844.354572787,138001.890157737)
(24309770.7856193,144802.837298131,233500.629095503)
(24240215.758389,119868.343601532,368191.775484439)
(24115310.5373622,83465.6815876748,569187.146901682)
(23892937.9408171,37465.6486431757,879288.105743045)
(23489980.1169541,-6453.51851357798,1370694.26313219)
(22708946.3659861,-25259.0359520689,2214898.68329146)
(20950604.3340776,-18866.2472054881,4084630.85170857)
(16154803.7437604,-8006.15531982919,10017401.6271058)
(0,0,0)
(0,0,0)
(0,0,0)
(0,0,0)
(0,0,0)
(0,0,0)
(24325819.6644,277498.114861149,57160.0815952707)
(24309810.3147269,268173.103506903,122888.38137398)
(24272217.9966021,247870.436296146,208432.59603848)
(24199630.5980469,213282.392731696,331588.650152942)
(24066087.5598258,160285.913096859,522974.276987746)
(23825506.7258529,87771.1115578146,835194.883956982)
(23399500.2730805,10706.8749982645,1351851.14782874)
(22625931.631854,-22136.5595126143,2221339.08469741)
(20902350.9549705,-10422.5210242479,4095651.31749622)
(16134789.0847334,-241.046648415853,10025652.0935925)
(0,0,0)
(0,0,0)
(0,0,0)
(0,0,0)
(0,0,0)
(0,0,0)
(24258228.9293613,424540.441237626,47808.6799090372)
(24242231.4001369,414359.392497855,102530.499326189)
(24203728.8943881,392119.000645753,173767.382999158)
(24126417.1730276,353726.830831458,278432.689742365)
(23976947.0080907,292965.739171113,450320.613365815)
(23695157.5268805,203758.630983022,758036.526904862)
(23198317.0740882,95338.2682925107,1319025.66578768)
(22436806.8706713,42313.3725414962,2233179.97632763)
(20804740.7538366,46389.92850617,4106029.38142418)
(16097311.5882789,32682.5093163202,10026225.1228726)
(0,0,0)
(0,0,0)
(0,0,0)
(0,0,0)
(0,0,0)
(0,0,0)
(24139214.2453835,628045.691646404,37669.9247444822)
(24123628.7497734,618590.289273063,80325.0469215569)
(24084943.8668738,598223.672245636,135394.453016438)
(24003582.5966686,563831.657171423,217560.610305244)
(23835872.5456407,511134.364589169,360988.450501006)
(23492272.1306583,437366.350732966,649609.89368063)
(22836479.8714797,350172.091738914,1266051.55759666)
(22085935.5659063,273798.843384159,2237385.97120315)
(20651608.8629352,200282.680614994,4092542.17030171)
(16041512.0143726,108262.067169559,9993891.52289708)
(0,0,0)
(0,0,0)
(0,0,0)
(0,0,0)
(0,0,0)
(0,0,0)
(23927433.0205727,921554.903890998,28254.3668669339)
(23912916.5653902,913777.786772115,59964.3341281187)
(23876093.6139109,897338.343331462,100978.525534056)
(23796227.1978782,870258.963186844,164788.167622536)
(23626566.3266561,829220.686333249,287172.72543699)
(23273100.2907129,769543.364466525,562471.073381398)
(22608930.5478728,686798.253770782,1189769.35148198)
(21891529.9375811,580834.030279602,2164046.41531157)
(20521154.5482151,423100.669375074,4000827.23655183)
(15977521.9744384,223755.644313636,9886004.24819601)
(0,0,0)
(0,0,0)
(0,0,0)
(0,0,0)
(0,0,0)
(0,0,0)
(23534723.5014245,1374720.53344034,20504.5989166834)
(23522061.2273382,1368767.10447437,43536.9890500439)
(23489431.405401,1356471.19099652,73879.7021583546)
(23416945.3088536,1336938.71307694,123701.819248997)
(23258734.5439511,1307815.15643454,227451.013329957)
(22920673.9845034,1262412.12239005,479752.863989007)
(22276413.4866549,1183232.69036682,1083930.33519603)
(21628966.602372,1042602.32501964,2006482.75004931)
(20327996.9942053,761528.457285112,3801738.2524774)
(15868363.3258651,407119.691104414,9662526.87320254)
(0,0,0)
(0,0,0)
(0,0,0)
(0,0,0)
(0,0,0)
(0,0,0)
(22749823.9870684,2178429.68346815,14507.99001324)
(22739805.5819335,2173651.3579267,31187.1555725398)
(22713790.5211302,2163893.86717146,54266.1680137937)
(22655233.5128799,2148777.93233512,94506.7410124014)
(22524858.785269,2126844.95376719,182003.574106958)
(22238028.716999,2091478.59073801,400586.657732333)
(21674038.9105012,2010119.52833263,943452.31875401)
(21252018.1826827,1757813.10697256,1725589.68972939)
(19938610.7787732,1346540.45850677,3447570.06132791)
(15615805.0881169,770175.804715487,9255679.13564236)
(0,0,0)
(0,0,0)
(0,0,0)
(0,0,0)
(0,0,0)
(0,0,0)
(20975525.3641457,4023830.92997472,9663.042342591)
(20968788.9859242,4019215.80130177,21343.8745981431)
(20951409.3809262,4009226.21254958,39029.6678010467)
(20913118.0506154,3991731.98257288,72517.9518992239)
(20831515.4751395,3960589.01995569,146654.121440328)
(20665418.266765,3898576.11606741,319238.650334691)
(20366039.8932316,3758856.66472914,691231.062925851)
(19945705.1753507,3440511.74376177,1314428.222657)
(18758821.1632026,2877890.05931818,2871372.14517372)
(14847499.7021216,1876304.18038483,8485761.85057147)
(0,0,0)
(0,0,0)
(0,0,0)
(0,0,0)
(0,0,0)
(0,0,0)
(16165262.9147389,9947003.84650476,4948.84677393299)
(16161933.573178,9942123.61666957,11215.3704096761)
(16153396.9931028,9931057.62800194,21319.915165496)
(16135000.2862941,9909987.93498126,41179.2463246418)
(16097058.9706054,9869020.08877551,84508.6785654102)
(16022417.244177,9784646.91509395,179424.467096131)
(15884259.9469933,9605318.64146409,372883.99306255)
(15619740.4125717,9232454.7551536,751914.701048022)
(14848106.2577806,8480469.50384891,1869985.17641607)
(12072864.8044864,6610243.06389002,6609790.0813244)
(0,0,0)
(0,0,0)
(0,0,0)
(0,0,0)
(0,0,0)
(0,0,0)
(0,0,0)
(0,0,0)
(0,0,0)
(0,0,0)
(0,0,0)
(0,0,0)
(0,0,0)
(0,0,0)
(0,0,0)
(0,0,0)
(0,0,0)
(0,0,0)
(0,0,0)
(0,0,0)
(0,0,0)
(0,0,0)
(0,0,0)
(0,0,0)
(0,0,0)
(0,0,0)
(0,0,0)
(0,0,0)
(0,0,0)
(0,0,0)
(0,0,0)
(0,0,0)
(0,0,0)
(0,0,0)
(0,0,0)
(0,0,0)
(0,0,0)
(0,0,0)
(0,0,0)
(0,0,0)
(0,0,0)
(0,0,0)
(0,0,0)
(0,0,0)
(0,0,0)
(0,0,0)
(0,0,0)
(0,0,0)
(0,0,0)
(0,0,0)
(0,0,0)
(0,0,0)
(0,0,0)
(0,0,0)
(0,0,0)
(0,0,0)
(0,0,0)
(0,0,0)
(0,0,0)
(0,0,0)
(0,0,0)
(0,0,0)
(0,0,0)
(0,0,0)
(0,0,0)
(0,0,0)
(0,0,0)
(0,0,0)
(0,0,0)
(0,0,0)
(0,0,0)
(0,0,0)
(0,0,0)
(0,0,0)
(0,0,0)
(0,0,0)
(0,0,0)
(0,0,0)
(0,0,0)
(0,0,0)
(0,0,0)
(0,0,0)
(0,0,0)
(0,0,0)
(0,0,0)
(0,0,0)
(0,0,0)
(0,0,0)
(0,0,0)
(0,0,0)
(0,0,0)
(0,0,0)
(0,0,0)
(0,0,0)
(0,0,0)
(0,0,0)
(0,0,0)
(0,0,0)
(0,0,0)
(0,0,0)
(0,0,0)
(0,0,0)
(-425168.289008274,61993.7282229599,51970.5051944025)
(-442699.652797618,58278.4761085399,109293.658150706)
(-482337.628161605,50055.4095818686,177947.384233407)
(-554489.147070377,35971.5462716183,264552.112422838)
(-678021.560829967,14653.1005486925,374384.629732869)
(-884163.560947304,-12960.8943643441,501664.971150979)
(-1221364.13399071,-38370.5225414337,594689.424151996)
(-1755036.07745219,-43664.5039975762,442374.912493383)
(-2520296.16630092,-29966.7773968602,-728106.551681357)
(-3089387.58541008,-13681.3227652078,-6152093.32272988)
(0,0,0)
(0,0,0)
(0,0,0)
(0,0,0)
(0,0,0)
(0,0,0)
(-443750.794960533,130078.434346863,48217.3020302889)
(-461005.858351201,123049.315886744,101067.780787843)
(-500246.519069888,107296.603318176,163824.205532083)
(-572446.985908986,79313.3769283857,243125.432964688)
(-697804.783844675,34239.6988926683,346634.469618943)
(-909520.037100177,-30008.1774332664,476120.044396473)
(-1254612.93886188,-97002.2469027239,589325.138365038)
(-1783113.36972399,-108367.816565709,456068.500434664)
(-2534351.89044911,-67199.3787789951,-711762.359864956)
(-3094328.69562695,-28049.6051248286,-6138281.32432665)
(0,0,0)
(0,0,0)
(0,0,0)
(0,0,0)
(0,0,0)
(0,0,0)
(-485202.191821659,209940.521552611,41140.0828072901)
(-501881.625281972,200628.046095801,85233.6063984311)
(-540398.873776771,179408.849099916,135718.544786895)
(-613276.505306515,140058.558934951,197860.77992505)
(-745106.911077673,71086.1880250548,282189.075487639)
(-978622.544072834,-42668.4173931244,408958.899164568)
(-1365891.58714404,-190582.902662972,577911.728940698)
(-1880453.55758612,-211361.446079379,497270.861685708)
(-2576993.757677,-108135.384658975,-672468.105995367)
(-3107948.78525871,-37793.9491442941,-6110005.5781924)
(0,0,0)
(0,0,0)
(0,0,0)
(0,0,0)
(0,0,0)
(0,0,0)
(-559246.984180871,305564.237174937,31832.5117112235)
(-575050.264520207,295738.202629487,63984.3336259363)
(-612479.634915942,273282.63923424,96299.3865869953)
(-686811.78895923,230817.217542442,128750.003757671)
(-833321.002747294,151769.850346014,168314.666066124)
(-1130880.80296699,710.987779580727,260953.904532257)
(-1711888.43925811,-266617.733720403,557174.562727393)
(-2199443.59224244,-308615.056049976,600658.949403164)
(-2684055.52716882,-106803.412414099,-601896.4280449)
(-3137298.51129991,-23181.4724919546,-6071918.4913271)
(0,0,0)
(0,0,0)
(0,0,0)
(0,0,0)
(0,0,0)
(0,0,0)
(-683625.367057541,416339.598244044,22044.5651632833)
(-698104.947212736,407935.883344635,41560.8952256397)
(-733439.254983436,389353.785433909,53853.1846745496)
(-807780.049012998,356401.977108618,49611.3845813489)
(-971671.641208522,301730.106895224,17175.6286727055)
(-1391566.53122107,218073.756016233,-6368.16389321846)
(-2764368.20661509,122550.732114587,515291.762158009)
(-3279469.05784731,79378.2582633873,802683.385389635)
(-2894350.22990221,69819.4556576606,-518000.076053214)
(-3185545.95403759,44257.038434752,-6048400.30477831)
(0,0,0)
(0,0,0)
(0,0,0)
(0,0,0)
(0,0,0)
(0,0,0)
(-888724.641620136,528795.768403947,13681.8058243275)
(-901405.722510206,522878.552130663,23041.7387300965)
(-933046.210469676,510581.749112356,20933.9132236274)
(-1002187.30459571,490832.383943146,-5101.67734565343)
(-1161574.28619217,461249.362116902,-66500.0059276936)
(-1580518.17462339,417023.733741746,-101851.204525568)
(-2886794.95778866,354239.596792182,472165.750249612)
(-3358487.80657716,318231.468788715,793310.597674016)
(-2992403.84555532,229925.542446484,-543256.781553084)
(-3233792.21297074,114585.423098196,-6092290.66501601)
(0,0,0)
(0,0,0)
(0,0,0)
(0,0,0)
(0,0,0)
(0,0,0)
(-1223964.34354396,589654.154755255,7809.77240850778)
(-1234438.50114721,586350.200708074,10818.1661078967)
(-1261060.24653165,580656.546245974,1215.33469823499)
(-1321320.04398498,575015.081850098,-34721.6965787243)
(-1467709.65282992,573745.396982676,-110793.2208721)
(-1878131.88304126,579648.421083124,-164631.726877368)
(-3241114.03653087,580789.536377817,436326.170514194)
(-3677235.49947665,665547.208847213,705192.846095765)
(-3140631.76131056,372063.095233124,-658335.637383566)
(-3313333.20245245,154511.555717915,-6206584.92789448)
(0,0,0)
(0,0,0)
(0,0,0)
(0,0,0)
(0,0,0)
(0,0,0)
(-1759039.33265805,403996.007168628,4501.78110446168)
(-1766954.52863024,402448.738312819,5143.66785487727)
(-1787298.48999816,401296.264680843,-4426.72566015807)
(-1834565.92932314,406404.661726214,-36036.5495419465)
(-1955751.4161443,433263.747562258,-104964.384916755)
(-2332458.90971487,518668.698790175,-163516.722118645)
(-3821878.7587611,701914.651364583,521256.145948336)
(-3114428.56885383,451306.112297087,411924.307826443)
(-3258418.42338703,166605.070223806,-875608.151212503)
(-3436322.44112201,1789.987335217,-6360778.73979945)
(0,0,0)
(0,0,0)
(0,0,0)
(0,0,0)
(0,0,0)
(0,0,0)
(-2526681.87667895,-786734.934874455,2918.4966591368)
(-2531835.95758628,-787973.256451664,3945.74872538394)
(-2544889.26861162,-789119.310357028,640.287092460267)
(-2573945.30779297,-786726.314072015,-9185.06490951112)
(-2640702.19683994,-774200.207140792,-19523.1244355573)
(-2800484.35976192,-744747.767105525,19776.2817783965)
(-3149791.11034223,-723250.689895745,270752.940403884)
(-3263869.87856117,-885750.454751967,127364.875156155)
(-3563935.1762565,-1033071.77689367,-1040221.62447596)
(-3620205.42078974,-898475.147305996,-6362271.05313195)
(0,0,0)
(0,0,0)
(0,0,0)
(0,0,0)
(0,0,0)
(0,0,0)
(-3094226.25068143,-6218870.92853999,1605.4728772158)
(-3096731.93077518,-6220402.49505635,2680.52922646907)
(-3102996.08930561,-6222946.94048436,2881.55555363644)
(-3116428.35046167,-6225646.76172822,3210.95375693505)
(-3145112.45703083,-6228689.74401531,9852.23205909077)
(-3205300.74301067,-6238429.94099467,41232.7069272686)
(-3316473.78567417,-6279586.9295059,108282.992996357)
(-3440040.05343942,-6387871.81039051,-19834.8715625817)
(-3621300.06701473,-6368100.63041052,-905419.379459003)
(-3494664.36598091,-5462941.25079614,-5463443.79171011)
(0,0,0)
(0,0,0)
(0,0,0)
(0,0,0)
(0,0,0)
(0,0,0)
(0,0,0)
(0,0,0)
(0,0,0)
(0,0,0)
(0,0,0)
(0,0,0)
(0,0,0)
(0,0,0)
(0,0,0)
(0,0,0)
(0,0,0)
(0,0,0)
(0,0,0)
(0,0,0)
(0,0,0)
(0,0,0)
(0,0,0)
(0,0,0)
(0,0,0)
(0,0,0)
(0,0,0)
(0,0,0)
(0,0,0)
(0,0,0)
(0,0,0)
(0,0,0)
(0,0,0)
(0,0,0)
(0,0,0)
(0,0,0)
(0,0,0)
(0,0,0)
(0,0,0)
(0,0,0)
(0,0,0)
(0,0,0)
(0,0,0)
(0,0,0)
(0,0,0)
(0,0,0)
(0,0,0)
(0,0,0)
(0,0,0)
(0,0,0)
(0,0,0)
(0,0,0)
(0,0,0)
(0,0,0)
(0,0,0)
(0,0,0)
(0,0,0)
(0,0,0)
(0,0,0)
(0,0,0)
(0,0,0)
(0,0,0)
(0,0,0)
(0,0,0)
(0,0,0)
(0,0,0)
(0,0,0)
(0,0,0)
(0,0,0)
(0,0,0)
(0,0,0)
(0,0,0)
(0,0,0)
(0,0,0)
(0,0,0)
(0,0,0)
(0,0,0)
(0,0,0)
(0,0,0)
(0,0,0)
(0,0,0)
(0,0,0)
(0,0,0)
(0,0,0)
(0,0,0)
(0,0,0)
(0,0,0)
(0,0,0)
(0,0,0)
(0,0,0)
(0,0,0)
(0,0,0)
(0,0,0)
(0,0,0)
(0,0,0)
(0,0,0)
(0,0,0)
(0,0,0)
(0,0,0)
(0,0,0)
(0,0,0)
(0,0,0)
(-502956.103488313,43395.5199669058,34392.294513134)
(-517839.283970297,39980.0230199095,69551.9026659026)
(-550584.223025976,32174.8338192141,105623.663711062)
(-607729.036252083,18031.052138003,140832.500754763)
(-700014.452508541,-5149.44977309141,167974.84220643)
(-841964.383856043,-38360.3696597973,164136.034774967)
(-1046132.26413006,-71684.5705112194,60588.7354255448)
(-1299285.30408949,-71811.3430083328,-323350.694928819)
(-1501796.09180874,-44077.5526670552,-1297773.21675393)
(-1304985.95177403,-18669.3908969138,-3063505.45949307)
(0,0,0)
(0,0,0)
(0,0,0)
(0,0,0)
(0,0,0)
(0,0,0)
(-519874.302842074,88579.7184150297,30939.3094334177)
(-533931.835924354,82117.2229728102,61728.0870536672)
(-564849.942672809,67082.4480540533,91423.8964217494)
(-618934.032534635,38431.6976886108,117510.297496789)
(-706955.933333657,-13123.6379663632,134635.635179042)
(-844772.701878067,-99193.5189012319,130721.449198373)
(-1047577.92580464,-208410.472192454,60412.3378223714)
(-1293033.95189385,-205852.064548158,-295626.358467939)
(-1491767.27875753,-109980.217451544,-1272308.30537504)
(-1298822.47424556,-41779.8491975484,-3044704.06845582)
(0,0,0)
(0,0,0)
(0,0,0)
(0,0,0)
(0,0,0)
(0,0,0)
(-556862.142767648,135807.759931342,24431.9094296812)
(-569288.065903989,127350.641994164,46604.93103034)
(-596570.812824987,107221.614645181,62637.7034874261)
(-644384.455581211,66401.0907354951,65776.2607152424)
(-723582.411208366,-17281.7617230537,48409.8846026239)
(-855711.107951929,-195082.485756962,21387.41533744)
(-1079082.15441967,-536743.646375699,62911.1567963208)
(-1293161.78883695,-530497.576250063,-199735.100250945)
(-1467408.62544163,-215335.448626365,-1203965.0013115)
(-1283752.31773114,-67237.4752460576,-3002703.84279058)
(0,0,0)
(0,0,0)
(0,0,0)
(0,0,0)
(0,0,0)
(0,0,0)
(-620514.735371932,181063.034193887,16012.4769285207)
(-630671.411907642,172527.934093538,26456.3322165855)
(-652669.388809657,152143.846534172,21723.8542213119)
(-690305.390648177,109659.14091478,-18040.5942690261)
(-752334.65457872,13196.8962685513,-129505.600429199)
(-874923.208165314,-260184.75394347,-320360.927044371)
(-1318981.57413634,-1319221.32247242,69209.8839305636)
(-1387595.67331444,-1388728.39240152,115592.781154026)
(-1410987.55811061,-317164.114064295,-1055646.52246625)
(-1253511.29430306,-71461.3153544362,-2935209.89935472)
(0,0,0)
(0,0,0)
(0,0,0)
(0,0,0)
(0,0,0)
(0,0,0)
(-721212.638126403,211147.097215191,7503.20804755748)
(-728706.449092302,204554.621675791,6078.0223448709)
(-744074.712930449,189632.102005614,-20774.7751795575)
(-766173.782648675,161866.203477314,-114588.104106414)
(-781782.264653376,111692.142794274,-402972.727187285)
(-704312.436987023,28987.948329659,-1379399.52369447)
(-7.59154861069508e-05,-1.95663927187793e-05,4.94748103181614e-05)
(751.091624917119,307.987870306201,1187398.614398)
(-1186152.84640706,-28283.698689687,-809679.184471772)
(-1199227.81918087,-4005.87613634547,-2863452.75854661)
(0,0,0)
(0,0,0)
(0,0,0)
(0,0,0)
(0,0,0)
(0,0,0)
(-871867.639056552,193359.987325337,930.10732627275)
(-876832.349545418,189689.171909003,-8777.81587172646)
(-886103.892126628,182407.7275676,-48495.7597767604)
(-895559.525299403,171529.01025545,-164786.345851203)
(-883907.395155933,154957.575332169,-485718.669425329)
(-748195.771773927,119322.158925763,-1408375.28287089)
(-6.89330116302505e-05,-2.73074981878527e-05,4.03512531353264e-05)
(375.373639599796,-532.782968830612,1158964.37144193)
(-1158236.27298351,81648.5401294397,-785135.439949017)
(-1198797.61126393,34994.0463372769,-2859129.9641294)
(0,0,0)
(0,0,0)
(0,0,0)
(0,0,0)
(0,0,0)
(0,0,0)
(-1082129.94572862,54235.3719129823,-2709.78240298753)
(-1085012.40566524,53506.3402013618,-15953.0461773255)
(-1089385.9666459,54093.1869571221,-59312.785452598)
(-1089206.36685871,61462.3133716969,-181359.765695117)
(-1058127.72915821,85424.3207899113,-521408.434824573)
(-877604.515205641,125104.934655559,-1527718.57838998)
(-0.000184779634379091,6.73051033506502e-05,5.01308370630301e-05)
(880.726571502307,1228213.8998208,1241431.41101363)
(-1240191.65984321,254148.452473852,-831508.602798142)
(-1247473.76648116,31444.123190222,-2893818.11562236)
(0,0,0)
(0,0,0)
(0,0,0)
(0,0,0)
(0,0,0)
(0,0,0)
(-1337347.02391506,-364031.386306193,-3425.55052381651)
(-1338750.58483253,-362835.400546266,-15287.7535738994)
(-1339897.17879019,-356698.017602776,-51897.8602219762)
(-1334246.51965966,-333354.282536225,-157400.673977534)
(-1293935.47768228,-252004.767148571,-481787.524501071)
(-1086509.77874087,50392.0061146289,-1653023.72693415)
(1241.28182187747,1373750.21808121,1228513.59779256)
(-1226999.65218153,301657.470786839,267641.110154234)
(-1543677.89055063,-139048.459921178,-1053902.51028715)
(-1351743.62616092,-182147.472786706,-2924889.7292713)
(0,0,0)
(0,0,0)
(0,0,0)
(0,0,0)
(0,0,0)
(0,0,0)
(-1533749.364981,-1354739.07842314,-2224.81958098993)
(-1534390.19663361,-1353368.39936982,-9137.58171009789)
(-1534437.3073474,-1347718.88664086,-28568.67393622)
(-1530149.47439272,-1329636.54454567,-76082.2453270317)
(-1510435.17046409,-1278957.57504489,-179396.463806553)
(-1450020.31255784,-1149839.68876619,-329628.816129816)
(-1372000.54421369,-890211.21313271,156542.048955557)
(-1570637.31570215,-1062168.15902588,-172864.884090736)
(-1688461.88932003,-1090650.53009621,-1096736.10085216)
(-1383663.10457085,-773054.101502121,-2742371.78835563)
(0,0,0)
(0,0,0)
(0,0,0)
(0,0,0)
(0,0,0)
(0,0,0)
(-1322896.19347101,-3125180.51340303,-888.622230535654)
(-1323168.56234088,-3124239.78490674,-3580.60512792255)
(-1323140.99624438,-3120527.77468788,-10626.8101421147)
(-1321432.78314489,-3109723.12179908,-25535.8002054632)
(-1315215.63670694,-3084018.62089735,-50371.5746768921)
(-1301991.97702979,-3033521.62560577,-69998.4038182015)
(-1297835.64525074,-2963494.86011516,-15352.8972591608)
(-1368226.52811227,-2948162.24481369,-201172.336798486)
(-1387155.87740102,-2747079.49287923,-778887.563629167)
(-1109223.28017028,-1968459.30085435,-1968923.45008756)
(0,0,0)
(0,0,0)
(0,0,0)
(0,0,0)
(0,0,0)
(0,0,0)
(0,0,0)
(0,0,0)
(0,0,0)
(0,0,0)
(0,0,0)
(0,0,0)
(0,0,0)
(0,0,0)
(0,0,0)
(0,0,0)
(0,0,0)
(0,0,0)
(0,0,0)
(0,0,0)
(0,0,0)
(0,0,0)
(0,0,0)
(0,0,0)
(0,0,0)
(0,0,0)
(0,0,0)
(0,0,0)
(0,0,0)
(0,0,0)
(0,0,0)
(0,0,0)
(0,0,0)
(0,0,0)
(0,0,0)
(0,0,0)
(0,0,0)
(0,0,0)
(0,0,0)
(0,0,0)
(0,0,0)
(0,0,0)
(0,0,0)
(0,0,0)
(0,0,0)
(0,0,0)
(0,0,0)
(0,0,0)
(0,0,0)
(0,0,0)
(0,0,0)
(0,0,0)
(0,0,0)
(0,0,0)
(0,0,0)
(0,0,0)
(0,0,0)
(0,0,0)
(0,0,0)
(0,0,0)
(0,0,0)
(0,0,0)
(0,0,0)
(0,0,0)
(0,0,0)
(0,0,0)
(0,0,0)
(0,0,0)
(0,0,0)
(0,0,0)
(0,0,0)
(0,0,0)
(0,0,0)
(0,0,0)
(0,0,0)
(0,0,0)
(0,0,0)
(0,0,0)
(0,0,0)
(0,0,0)
(0,0,0)
(0,0,0)
(0,0,0)
(0,0,0)
(0,0,0)
(0,0,0)
(0,0,0)
(0,0,0)
(0,0,0)
(0,0,0)
(0,0,0)
(0,0,0)
(0,0,0)
(0,0,0)
(0,0,0)
(0,0,0)
(0,0,0)
(0,0,0)
(0,0,0)
(0,0,0)
(0,0,0)
(0,0,0)
(-548927.228547083,26528.5578786123,19442.5671801553)
(-558955.674566291,23920.3122097115,36638.6455664395)
(-580122.489631082,17929.9988504177,48246.9133211269)
(-614597.609819142,6839.95958421613,48275.5273039705)
(-665319.468924956,-12127.8111695664,25708.3548899464)
(-734726.015950047,-41235.7289539659,-40294.2840620841)
(-820339.598959971,-73204.8399616023,-192882.109270572)
(-900348.293605426,-65630.461795925,-526188.657958716)
(-892421.281709157,-34105.4399384731,-1101458.02811982)
(-634636.238778387,-12542.7626009599,-1759264.97851448)
(0,0,0)
(0,0,0)
(0,0,0)
(0,0,0)
(0,0,0)
(0,0,0)
(-561754.386027106,51580.4404579019,16828.2006057384)
(-570534.898067114,46720.2206110852,30631.3543471253)
(-588661.51716642,35293.5965228766,37079.3311682798)
(-617086.520968044,12904.4738539743,29167.3053319338)
(-656558.083577539,-29830.2146950449,-3528.14089870705)
(-706969.381240427,-110202.151157102,-72365.039333211)
(-767799.306403262,-239987.329388557,-185361.169307638)
(-843263.590625541,-206089.974562168,-494672.017809707)
(-854964.870150285,-85762.5966777605,-1079817.26967767)
(-617768.721356882,-26832.662185972,-1746581.12298131)
(0,0,0)
(0,0,0)
(0,0,0)
(0,0,0)
(0,0,0)
(0,0,0)
(-589207.999944219,71978.0679623986,11948.2296720727)
(-595568.259343706,65806.637081622,19142.0066412564)
(-607700.451810475,50998.6633851508,14566.5787644682)
(-623517.470279572,20335.9523734876,-13731.8850566859)
(-636909.355966415,-46171.3537987143,-84063.8011949671)
(-633299.022702411,-214386.208406066,-202291.829195512)
(-593086.336536734,-776706.720827776,-151568.25563923)
(-651446.235881232,-625037.561997858,-374336.221159266)
(-747761.228538617,-159026.641396453,-1020719.57334359)
(-574746.455803941,-37072.9624598238,-1719485.13499694)
(0,0,0)
(0,0,0)
(0,0,0)
(0,0,0)
(0,0,0)
(0,0,0)
(-634477.326837158,80140.0640941035,5800.59533351909)
(-637650.741540564,74269.3530883726,4317.20895968882)
(-641711.416936128,60536.626482901,-16178.7260115881)
(-639402.000051239,33609.44629449,-80355.6105295282)
(-610022.528825978,-16431.202703187,-252407.887377802)
(-487311.176921032,-89657.4394637256,-764748.687564426)
(-3.53061764848377e-05,-2.58617782530544e-06,1.45778562146601e-05)
(334.663663815737,-369.395274148666,91780.5547870137)
(-487304.333945351,-92353.8323140787,-898575.478460613)
(-489813.775883164,-17190.5201021376,-1682155.43923821)
(0,0,0)
(0,0,0)
(0,0,0)
(0,0,0)
(0,0,0)
(0,0,0)
(-701269.380547089,60242.1338066465,-45.3272918538987)
(-701211.028500348,56170.8480968598,-9442.24289229597)
(-697181.095580377,47355.3058132699,-43154.5395727379)
(-677521.533506257,32281.2147759329,-130478.557196599)
(-612321.996418517,9387.81777946824,-325757.84591411)
(-429477.482419645,-15012.1092409737,-675238.130704234)
(4.67973880496e-06,-2.95855555127331e-06,-8.59087449185e-05)
(-8.19508194273903e-05,-7.88043358611021e-06,3.48837998393967e-06)
(265.017054283539,-382.479737171821,-823178.801999954)
(-371317.94926121,-3583.68305236619,-1664695.50896935)
(0,0,0)
(0,0,0)
(0,0,0)
(0,0,0)
(0,0,0)
(0,0,0)
(-790323.168691128,-17226.755727809,-4075.58083097073)
(-787726.689272625,-18805.2972692251,-18205.0957376787)
(-777573.472800268,-21169.6177878759,-58210.5914628926)
(-745733.279742046,-22369.6323204821,-153385.989923834)
(-658227.247952246,-19480.9661440786,-350197.353203967)
(-442907.582637117,-10263.110110406,-660234.541471342)
(-7.72007442527578e-07,-7.54780260375423e-06,-6.89772352468525e-05)
(-6.04357649604317e-05,-1.70284482265522e-05,1.07084879923587e-06)
(549.327679909788,-368.889874028169,-826090.638230621)
(-353914.451338192,-13746.7376462139,-1660810.74356252)
(0,0,0)
(0,0,0)
(0,0,0)
(0,0,0)
(0,0,0)
(0,0,0)
(-892350.787886446,-201405.848890576,-5600.06467940055)
(-888318.215448121,-200650.459338461,-20449.0928272745)
(-874812.504391201,-196825.127647419,-59367.0452224401)
(-836530.266401951,-183926.343884102,-150486.434115581)
(-736381.153305987,-150736.776428709,-340977.199683176)
(-494679.624010755,-84292.0703071601,-649873.130681311)
(-9.6908343644548e-06,-0.000107646286184331,-8.04048025232959e-05)
(-0.000105117717127321,4.69264400017567e-06,2.62147355892328e-06)
(638.802113262252,-49556.8787298752,-839141.919970678)
(-380687.743841977,-72952.3083413177,-1646722.37191475)
(0,0,0)
(0,0,0)
(0,0,0)
(0,0,0)
(0,0,0)
(0,0,0)
(-973024.0513161,-560895.580432324,-4833.24105721245)
(-968793.561503899,-558886.635090687,-16554.0886336234)
(-955223.655279437,-551602.961719268,-46449.7780725319)
(-917772.309527762,-529572.854466048,-117277.477622483)
(-818657.052963279,-468828.336392289,-274464.342377901)
(-566506.942876344,-313489.221134357,-565270.027415229)
(-0.000126896858554435,7.85996814381459e-06,6.02705646604298e-06)
(476.573268221831,-42277.2268023512,-49324.6559052983)
(-496304.863453952,-284014.122405246,-862240.439326602)
(-499378.164909723,-214152.284268981,-1573405.92465014)
(0,0,0)
(0,0,0)
(0,0,0)
(0,0,0)
(0,0,0)
(0,0,0)
(-947524.500057703,-1144301.87314631,-2818.57220930516)
(-944275.109088072,-1142570.81817328,-9249.47667225733)
(-934031.694213378,-1136818.12515284,-24439.9263727132)
(-906363.748865691,-1121263.1633416,-56535.343024189)
(-832644.809111924,-1084056.26785338,-119097.772915265)
(-628806.378028331,-1002122.09383117,-251678.834747959)
(444.819847257559,-816364.331425026,-42228.4576343384)
(-504271.105052997,-860020.134104324,-290851.760981521)
(-681672.177514875,-789550.283563176,-792105.31162875)
(-532301.433105768,-498727.269269642,-1358891.99809317)
(0,0,0)
(0,0,0)
(0,0,0)
(0,0,0)
(0,0,0)
(0,0,0)
(-663420.475951415,-1802684.62097303,-1092.96969287944)
(-661749.559221851,-1801545.42224263,-3537.36874256951)
(-656616.380205138,-1797890.47130506,-8989.63862960797)
(-643539.094789969,-1788737.02440106,-19409.4659250793)
(-612262.118169155,-1769198.45839376,-37220.7939224762)
(-543550.192457467,-1731888.7612694,-65895.9110565779)
(-428295.859090462,-1665990.83930309,-85809.1893387983)
(-513639.581542466,-1580237.57676122,-220178.69325171)
(-535674.736793483,-1360183.6893362,-501026.428086224)
(-389785.176346339,-859401.919485916,-859789.881693901)
(0,0,0)
(0,0,0)
(0,0,0)
(0,0,0)
(0,0,0)
(0,0,0)
(0,0,0)
(0,0,0)
(0,0,0)
(0,0,0)
(0,0,0)
(0,0,0)
(0,0,0)
(0,0,0)
(0,0,0)
(0,0,0)
(0,0,0)
(0,0,0)
(0,0,0)
(0,0,0)
(0,0,0)
(0,0,0)
(0,0,0)
(0,0,0)
(0,0,0)
(0,0,0)
(0,0,0)
(0,0,0)
(0,0,0)
(0,0,0)
(0,0,0)
(0,0,0)
(0,0,0)
(0,0,0)
(0,0,0)
(0,0,0)
(0,0,0)
(0,0,0)
(0,0,0)
(0,0,0)
(0,0,0)
(0,0,0)
(0,0,0)
(0,0,0)
(0,0,0)
(0,0,0)
(0,0,0)
(0,0,0)
(0,0,0)
(0,0,0)
(0,0,0)
(0,0,0)
(0,0,0)
(0,0,0)
(0,0,0)
(0,0,0)
(0,0,0)
(0,0,0)
(0,0,0)
(0,0,0)
(0,0,0)
(0,0,0)
(0,0,0)
(0,0,0)
(0,0,0)
(0,0,0)
(0,0,0)
(0,0,0)
(0,0,0)
(0,0,0)
(0,0,0)
(0,0,0)
(0,0,0)
(0,0,0)
(0,0,0)
(0,0,0)
(0,0,0)
(0,0,0)
(0,0,0)
(0,0,0)
(0,0,0)
(0,0,0)
(0,0,0)
(0,0,0)
(0,0,0)
(0,0,0)
(0,0,0)
(0,0,0)
(0,0,0)
(0,0,0)
(0,0,0)
(0,0,0)
(0,0,0)
(0,0,0)
(0,0,0)
(0,0,0)
(0,0,0)
(0,0,0)
(0,0,0)
(0,0,0)
(0,0,0)
(0,0,0)
(-571888.079640154,13674.7462501698,9286.10484290542)
(-577234.994899092,12336.3413572009,15229.083818507)
(-587721.058610227,9410.74298684508,13416.9098108046)
(-602694.220067787,4395.67653685086,-2882.15647740009)
(-620699.934300715,-3376.79899509879,-44124.8921065443)
(-639095.40095483,-13540.1551619767,-126215.351939783)
(-652641.617807314,-20730.1615060263,-273183.171586416)
(-646415.074092354,-8610.18970424419,-518506.201395243)
(-570180.062937976,3279.06115779335,-844026.481324204)
(-357806.984547297,4282.77311118642,-1125138.5086665)
(0,0,0)
(0,0,0)
(0,0,0)
(0,0,0)
(0,0,0)
(0,0,0)
(-580094.44402673,24067.292833584,7947.51141621543)
(-584168.76965862,21640.0252356958,12277.6991292258)
(-591506.184960576,16205.9752282864,8327.13468194022)
(-600052.161969675,6413.31719955995,-10724.8649791413)
(-606041.54117277,-10268.1250858851,-54350.0812931236)
(-604709.462625977,-36641.8227908812,-133508.332278671)
(-595530.892498724,-65373.6024566257,-261133.305232605)
(-591977.915673205,-14390.4492245792,-506638.720664603)
(-536673.193659134,21286.963472797,-842938.29947075)
(-343197.393868761,16067.6439689573,-1129294.49781665)
(0,0,0)
(0,0,0)
(0,0,0)
(0,0,0)
(0,0,0)
(0,0,0)
(-597130.918534192,26485.3312894116,5504.88013414756)
(-598761.398908788,23521.3358795845,6816.709055342)
(-599980.839174915,16821.7342301613,-1518.66258208753)
(-595433.431698204,4269.99540608574,-27459.3793699845)
(-574374.327717954,-19450.1804123899,-80812.3522919386)
(-519812.262451284,-68554.0550806419,-162386.880253311)
(-426794.014071397,-183784.669919814,-210268.135255459)
(-431783.264858807,26651.3884536321,-470972.943956095)
(-450809.010367638,101367.064635094,-848005.263289376)
(-309360.410155432,47801.3373768139,-1145125.00234573)
(0,0,0)
(0,0,0)
(0,0,0)
(0,0,0)
(0,0,0)
(0,0,0)
(-623592.419923457,13055.4072316091,2545.01714410067)
(-622129.078785858,10428.0411460942,116.649122887178)
(-615470.536843501,4805.90699732305,-14108.4037369021)
(-593268.870265356,-4742.12717942453,-51229.4109372745)
(-531757.198278707,-18940.2632139084,-130004.658683026)
(-376128.323123348,-31963.8569978709,-277777.710563483)
(-3.08711749587073e-05,-3.32278498406912e-06,-4.52309414264012e-06)
(-74.5397440425271,-681.964168740449,-396171.872566824)
(-275926.432239348,395198.143411554,-901380.853049289)
(-251981.595141044,101251.467800012,-1192663.16421461)
(0,0,0)
(0,0,0)
(0,0,0)
(0,0,0)
(0,0,0)
(0,0,0)
(-658906.627951202,-29213.8206633273,-93.5247009489809)
(-654580.145017262,-30719.220080953,-5577.1469569868)
(-640858.733275995,-33363.7319066121,-23729.870357434)
(-604289.582992147,-36199.5548039551,-65504.3932470126)
(-516855.493755549,-36763.0681917729,-143148.090932116)
(-330003.230254533,-28610.7079890812,-245975.492106018)
(4.4614131700021e-06,-1.3742928743381e-06,-3.81338002680747e-06)
(-7.15462300577254e-05,-5.10765933706376e-07,-1.3966646954117e-05)
(84.0692119926253,-151.618793394527,-1195087.58650937)
(-185201.429925741,13751.7149990146,-1293704.35304384)
(0,0,0)
(0,0,0)
(0,0,0)
(0,0,0)
(0,0,0)
(0,0,0)
(-698219.637074544,-119735.924116125,-1581.42816378665)
(-691999.373093112,-119815.884314643,-8212.08010961148)
(-673799.890168905,-118776.435532566,-26572.959115025)
(-628892.524833595,-113509.014706452,-66104.2541209782)
(-528142.306207692,-97911.788829895,-135040.475227411)
(-326943.893728402,-62231.4880168377,-217383.384108371)
(-1.16686383687797e-07,-3.77266088940792e-06,-1.99394412909338e-11)
(-5.02447343308847e-05,-7.59305657721704e-08,-1.06258859369221e-05)
(595.188213470601,-378.358757444232,-1180956.60816846)
(-173284.738866352,-40600.0097153955,-1307234.59592588)
(0,0,0)
(0,0,0)
(0,0,0)
(0,0,0)
(0,0,0)
(0,0,0)
(-727885.224756288,-282580.217699714,-1621.26954657494)
(-721099.093729508,-281575.8181744,-7080.45740543542)
(-701731.735563067,-277664.028363433,-21273.6334027005)
(-655195.330565217,-265584.26745893,-50533.316486959)
(-552057.672415779,-233388.496871055,-99380.0893360057)
(-344749.059724684,-156434.640934528,-155107.500704386)
(-7.1297587727415e-06,-7.64933458769161e-06,-2.35747772007341e-11)
(-8.80437571667227e-05,-2.9164333566088e-06,-1.4233480744539e-05)
(994.007407602922,-546757.04657312,-1220876.25555954)
(-184081.275776719,-191748.145483494,-1266334.58785672)
(0,0,0)
(0,0,0)
(0,0,0)
(0,0,0)
(0,0,0)
(0,0,0)
(-719087.828300421,-535907.077247306,-609.363468086138)
(-713063.786091521,-534805.232835785,-3109.72421907491)
(-696066.939754141,-530792.949350638,-9137.51875716508)
(-655638.041946282,-518538.504022867,-18317.5497747045)
(-564765.499379661,-483197.745554697,-22399.854674681)
(-370557.586894147,-376177.59545851,1393.7438671034)
(-0.000110978169184011,-1.74972363123374e-05,-6.23439066641404e-06)
(660.567533821436,-547380.483947823,-546511.612137174)
(-254428.66253762,-469573.03932854,-865571.820298085)
(-235299.145250249,-247168.471020143,-1074230.51442091)
(0,0,0)
(0,0,0)
(0,0,0)
(0,0,0)
(0,0,0)
(0,0,0)
(-623328.358525741,-860581.260963633,478.042184362281)
(-619085.85178434,-860426.653396366,910.205441203959)
(-607314.953813524,-859746.431435879,3146.94712658941)
(-580051.55249449,-858784.27932874,17080.5260612608)
(-519410.739407923,-864013.283011281,84661.9938138438)
(-380675.853157864,-917195.684430442,377549.557915305)
(854.763862293925,-1245412.53686507,-547128.399278559)
(-260740.464588348,-869612.141431644,-468427.382259384)
(-333144.379049399,-643678.713551892,-642849.506501512)
(-239346.399928971,-356285.867339216,-826687.143359236)
(0,0,0)
(0,0,0)
(0,0,0)
(0,0,0)
(0,0,0)
(0,0,0)
(-384980.914503537,-1139649.78468165,628.962270147135)
(-382878.641243495,-1140237.54318951,1568.93408492896)
(-377155.705199433,-1141689.16107018,4050.98871352827)
(-364498.117587151,-1145589.19195158,11814.9241335523)
(-338644.982331681,-1157269.23627083,31453.7415556333)
(-290011.146871988,-1188628.33607357,49347.3476132835)
(-215219.58351736,-1237932.42022277,-171209.044602123)
(-245451.353463351,-1066752.20444266,-242257.209670228)
(-241841.193658889,-824608.029984975,-355161.436371731)
(-161505.875418147,-469698.793105995,-470027.811533151)
(0,0,0)
(0,0,0)
(0,0,0)
(0,0,0)
(0,0,0)
(0,0,0)
(0,0,0)
(0,0,0)
(0,0,0)
(0,0,0)
(0,0,0)
(0,0,0)
(0,0,0)
(0,0,0)
(0,0,0)
(0,0,0)
(0,0,0)
(0,0,0)
(0,0,0)
(0,0,0)
(0,0,0)
(0,0,0)
(0,0,0)
(0,0,0)
(0,0,0)
(0,0,0)
(0,0,0)
(0,0,0)
(0,0,0)
(0,0,0)
(0,0,0)
(0,0,0)
(0,0,0)
(0,0,0)
(0,0,0)
(0,0,0)
(0,0,0)
(0,0,0)
(0,0,0)
(0,0,0)
(0,0,0)
(0,0,0)
(0,0,0)
(0,0,0)
(0,0,0)
(0,0,0)
(0,0,0)
(0,0,0)
(0,0,0)
(0,0,0)
(0,0,0)
(0,0,0)
(0,0,0)
(0,0,0)
(0,0,0)
(0,0,0)
(0,0,0)
(0,0,0)
(0,0,0)
(0,0,0)
(0,0,0)
(0,0,0)
(0,0,0)
(0,0,0)
(0,0,0)
(0,0,0)
(0,0,0)
(0,0,0)
(0,0,0)
(0,0,0)
(0,0,0)
(0,0,0)
(0,0,0)
(0,0,0)
(0,0,0)
(0,0,0)
(0,0,0)
(0,0,0)
(0,0,0)
(0,0,0)
(0,0,0)
(0,0,0)
(0,0,0)
(0,0,0)
(0,0,0)
(0,0,0)
(0,0,0)
(0,0,0)
(0,0,0)
(0,0,0)
(0,0,0)
(0,0,0)
(0,0,0)
(0,0,0)
(0,0,0)
(0,0,0)
(0,0,0)
(0,0,0)
(0,0,0)
(0,0,0)
(0,0,0)
(0,0,0)
(-581217.603976971,5485.25852274951,3844.26581406249)
(-583406.25517397,5430.12973189533,4585.39635704296)
(-587028.244506691,5671.75317318421,-1779.17091967611)
(-590321.932283178,7059.00859801124,-21210.4673022943)
(-590299.383842977,11247.8444131652,-62858.8621731962)
(-582721.578347653,20816.2051624289,-140048.889942801)
(-561805.605690645,36365.7436527288,-267250.645712195)
(-517010.273004564,45810.4296202422,-442465.876420232)
(-417468.949764848,36745.4948282914,-631922.484421649)
(-240929.272250592,18862.0844480827,-767662.281166446)
(0,0,0)
(0,0,0)
(0,0,0)
(0,0,0)
(0,0,0)
(0,0,0)
(-585478.257763875,7050.69828205109,3818.37397784052)
(-586798.492351597,7043.15304280686,4835.07335990677)
(-588305.686625381,7726.2598456073,-419.931647711608)
(-587382.113874344,10993.2468556787,-17024.2180007092)
(-579831.114055055,21309.3243805652,-53296.1250858264)
(-560774.793026496,48160.4455025164,-124575.035025394)
(-529174.670273545,103289.710686614,-257855.224284462)
(-498254.614161785,145750.187726518,-451518.283902167)
(-408814.903203528,107062.38141823,-649693.460947718)
(-237464.753017324,49855.8221835936,-786419.839534667)
(0,0,0)
(0,0,0)
(0,0,0)
(0,0,0)
(0,0,0)
(0,0,0)
(-593777.650323949,-106.260159980771,3803.69023178625)
(-593423.980541537,22.4512466318396,5486.97366070785)
(-590820.457383468,1224.09885732315,2828.75285754185)
(-581252.70854188,6303.32422717368,-6662.04767027413)
(-556254.870604015,22998.8644413416,-26471.0448449899)
(-503490.88846996,74937.6664972613,-69569.6398210564)
(-420387.102162329,242767.24019851,-215454.081242023)
(-469563.420661812,458261.795264709,-490185.53297721)
(-403348.934083325,276182.979915948,-706766.207759236)
(-235323.74251035,105148.256960825,-836095.310181556)
(0,0,0)
(0,0,0)
(0,0,0)
(0,0,0)
(0,0,0)
(0,0,0)
(-605089.061475048,-22508.7967775893,3899.17816919986)
(-602630.629037242,-22230.2595609599,6653.43922817191)
(-594713.167164418,-20772.2740571272,7892.44246353615)
(-573182.190701873,-15950.1004858546,10059.1876130806)
(-519854.456779684,-4256.21855978005,25411.5291151865)
(-387823.10854688,13961.6017846697,98082.3792513127)
(-2.4553647690942e-05,1.34416272360755e-05,-1.61398546141654e-05)
(-544876.115950195,-664.005844393896,-672150.418685185)
(-465385.150434975,671121.348155315,-877630.068728933)
(-251409.084327438,167950.504955113,-941004.827536808)
(0,0,0)
(0,0,0)
(0,0,0)
(0,0,0)
(0,0,0)
(0,0,0)
(-616536.844235753,-68970.896629409,4092.31613636708)
(-612238.40229911,-68488.4947414008,8008.80859865945)
(-599684.752657983,-66605.6063688432,12668.1602923633)
(-568224.781819703,-61074.3658020784,21727.624436141)
(-494561.105418714,-48337.4307414036,43514.4482809293)
(-330536.108309165,-25792.2504275951,83801.1785478271)
(1.26345551972903e-05,8.85350372480628e-07,5.14529186257855e-06)
(-4.93160329808044e-05,6.92256439104708e-06,-2.43005695090013e-05)
(-847908.408041768,281.071894151679,-1380613.52222783)
(-314659.642002646,25609.1662625294,-1108813.97145835)
(0,0,0)
(0,0,0)
(0,0,0)
(0,0,0)
(0,0,0)
(0,0,0)
(-621753.593937619,-149980.421371262,4543.4816049257)
(-616468.04152109,-149377.305329294,9900.96062079868)
(-601610.503041854,-147112.417043355,18218.384168262)
(-565994.733583916,-140206.601580619,34452.8286971231)
(-485820.515098263,-122180.244900882,65973.8517471748)
(-315878.315154895,-80293.1784393837,109409.201185455)
(1.49022985469246e-06,2.24122641308487e-07,1.54262690769307e-12)
(-3.52754129977827e-05,9.9788416283822e-06,-1.80255970278101e-05)
(-803207.117167757,-119.557220321736,-1355201.00401706)
(-317117.042100617,-51489.4170588417,-1134270.11746143)
(0,0,0)
(0,0,0)
(0,0,0)
(0,0,0)
(0,0,0)
(0,0,0)
(-608675.531373337,-274351.471664491,5161.35691028149)
(-603518.866441326,-274036.993466561,12240.8177593664)
(-589297.942799476,-272465.767383617,25160.3753360354)
(-556237.04751262,-266472.787432668,52468.2781354897)
(-483065.790715429,-246512.890491168,107809.042025426)
(-324315.18088927,-182550.504448339,189632.489198964)
(-3.55458593575372e-06,-1.93672808941783e-06,-1.70561395812017e-12)
(-4.73623773989255e-05,-6.19372230089219e-06,-2.45088175441368e-05)
(-880153.295461916,-802525.615546658,-1406419.43349397)
(-316309.679113446,-243101.453355635,-1082578.99386045)
(0,0,0)
(0,0,0)
(0,0,0)
(0,0,0)
(0,0,0)
(0,0,0)
(-558196.223110264,-440702.525223889,5459.44836924375)
(-554139.981081341,-441345.285037842,13843.9349303457)
(-543366.972879141,-442520.242140567,31198.4428122956)
(-519993.283059125,-443367.680778587,72448.5772710565)
(-472338.730456552,-438253.745981214,171762.663837991)
(-366783.86794161,-386747.050653255,372185.49109037)
(-6.5679786114364e-05,-3.22755169754447e-05,-1.21269151079351e-05)
(-647117.212824727,-809279.601534284,-802110.388259421)
(-463720.336279234,-548576.844579402,-846767.485485074)
(-234643.27884236,-251338.594172213,-839186.211076379)
(0,0,0)
(0,0,0)
(0,0,0)
(0,0,0)
(0,0,0)
(0,0,0)
(-446201.07193509,-622609.711641127,4779.89982658451)
(-443681.265747954,-624621.339561847,12651.3683142048)
(-437550.114763858,-629988.931994947,30355.2191189144)
(-427094.098023354,-643606.770533488,77636.8544026748)
(-419759.136613266,-683610.833312575,223342.338939379)
(-476255.824852088,-826868.825901711,759044.085882059)
(-984464.755781777,-1461863.65689027,-808993.787366454)
(-483301.225341268,-854610.32503151,-541102.303116302)
(-321030.66843922,-552552.963318769,-549239.894987125)
(-173933.359803707,-278508.630400104,-587482.898884493)
(0,0,0)
(0,0,0)
(0,0,0)
(0,0,0)
(0,0,0)
(0,0,0)
(-255392.446849611,-754974.416920809,2776.23762575581)
(-254246.999878914,-757748.792574711,7272.04927404047)
(-251586.346620971,-764949.497744511,16663.2564451429)
(-247559.248771993,-781482.308771253,37599.9258677527)
(-245754.682590101,-818958.765087215,80057.5579008074)
(-262014.246650124,-898902.175279685,124094.007056917)
(-328437.136728802,-1022969.63405054,-201582.462571368)
(-241371.05780069,-821494.990681039,-238778.092584504)
(-175365.006970559,-582904.37579585,-274902.86679575)
(-98103.5495704684,-308237.560680014,-308576.262363519)
(0,0,0)
(0,0,0)
(0,0,0)
(0,0,0)
(0,0,0)
(0,0,0)
(0,0,0)
(0,0,0)
(0,0,0)
(0,0,0)
(0,0,0)
(0,0,0)
(0,0,0)
(0,0,0)
(0,0,0)
(0,0,0)
(0,0,0)
(0,0,0)
(0,0,0)
(0,0,0)
(0,0,0)
(0,0,0)
(0,0,0)
(0,0,0)
(0,0,0)
(0,0,0)
(0,0,0)
(0,0,0)
(0,0,0)
(0,0,0)
(0,0,0)
(0,0,0)
(0,0,0)
(0,0,0)
(0,0,0)
(0,0,0)
(0,0,0)
(0,0,0)
(0,0,0)
(0,0,0)
(0,0,0)
(0,0,0)
(0,0,0)
(0,0,0)
(0,0,0)
(0,0,0)
(0,0,0)
(0,0,0)
(0,0,0)
(0,0,0)
(0,0,0)
(0,0,0)
(0,0,0)
(0,0,0)
(0,0,0)
(0,0,0)
(0,0,0)
(0,0,0)
(0,0,0)
(0,0,0)
(0,0,0)
(0,0,0)
(0,0,0)
(0,0,0)
(0,0,0)
(0,0,0)
(0,0,0)
(0,0,0)
(0,0,0)
(0,0,0)
(0,0,0)
(0,0,0)
(0,0,0)
(0,0,0)
(0,0,0)
(0,0,0)
(0,0,0)
(0,0,0)
(0,0,0)
(0,0,0)
(0,0,0)
(0,0,0)
(0,0,0)
(0,0,0)
(0,0,0)
(0,0,0)
(0,0,0)
(0,0,0)
(0,0,0)
(0,0,0)
(0,0,0)
(0,0,0)
(0,0,0)
(0,0,0)
(0,0,0)
(0,0,0)
(0,0,0)
(0,0,0)
(0,0,0)
(0,0,0)
(0,0,0)
(0,0,0)
(-583993.85133222,1172.97204416998,1603.27531108316)
(-584703.720606938,2010.37098124842,890.369762803029)
(-585343.572908989,4395.20441073922,-5189.50624564248)
(-584074.322866933,9966.89461853078,-21404.0102804206)
(-577802.786377381,21659.3479355542,-55559.9556815693)
(-561627.122769107,42736.3149294048,-119390.726189523)
(-527426.233772718,68949.8886688308,-222719.986776281)
(-461123.082078796,64519.1568726828,-343126.334574732)
(-350382.129553318,45373.3609286537,-455586.515714918)
(-191855.005585526,22317.6865988549,-526978.468978835)
(0,0,0)
(0,0,0)
(0,0,0)
(0,0,0)
(0,0,0)
(0,0,0)
(-585488.811894129,-1273.23523381156,2456.76140823604)
(-585996.715613195,373.405388595321,3291.95026248949)
(-586200.918732219,5177.89194873142,404.494831336389)
(-584393.745103056,17053.1132514549,-9670.09257287593)
(-578164.062616917,44791.1588302333,-34468.954905691)
(-564655.50408477,105388.729373376,-93240.6582913891)
(-538289.988624759,212034.338057582,-227209.789328927)
(-473109.532540518,174405.646699164,-362241.360776673)
(-359644.231821615,112485.946200081,-478524.617430013)
(-196496.112485437,51992.6916275163,-549168.26299056)
(0,0,0)
(0,0,0)
(0,0,0)
(0,0,0)
(0,0,0)
(0,0,0)
(-587707.37320664,-11432.3923848061,4088.88003368728)
(-587784.365107013,-9226.82353345069,8049.49352120877)
(-587145.26760026,-2729.72382726531,12281.919514)
(-584320.617792832,14267.9098276761,18135.0321887295)
(-578725.16727222,59283.082461033,26113.4052261334)
(-575826.448409649,190505.78467372,13331.9098654753)
(-593269.146795193,663090.262715014,-264841.970159088)
(-518793.281930704,382892.759101919,-424099.221292948)
(-390137.081476181,214074.008688984,-538899.136388994)
(-210263.927683218,89035.2255322754,-601001.485120881)
(0,0,0)
(0,0,0)
(0,0,0)
(0,0,0)
(0,0,0)
(0,0,0)
(-588669.755253954,-34095.9375632423,6244.23895734322)
(-588173.632185982,-31946.1681094414,14506.5866820769)
(-586355.638623963,-25869.5817474646,29288.916061824)
(-581668.725460306,-11133.404646268,63176.7652941972)
(-575541.438186979,20862.3352085408,157284.493953979)
(-596859.682464493,70989.8283953659,485837.024149946)
(-880648.263608224,-678.84834215569,-544992.092906085)
(-658232.946259001,544103.798333122,-592846.301828491)
(-468814.900816381,288501.433895604,-663843.976653695)
(-241001.504404649,104646.736241399,-689863.067285612)
(0,0,0)
(0,0,0)
(0,0,0)
(0,0,0)
(0,0,0)
(0,0,0)
(-584408.29431272,-74516.20710372,8291.71961744571)
(-583434.413293948,-72979.1752348295,20520.737737669)
(-580287.546186964,-68778.3704044013,44032.3199235834)
(-571417.52313985,-59082.583525051,95174.2401225121)
(-546024.305044657,-39839.0687270951,207338.843684091)
(-454896.652562864,-11367.2792116367,414056.495544789)
(-3.44500693853678e-05,2.00224210598625e-05,2.99999142883159e-05)
(-869797.930282823,-195.859002935901,-848363.419567733)
(-605009.504379883,44867.6516902966,-847628.541024304)
(-286354.631557987,23113.6122728186,-794400.427500381)
(0,0,0)
(0,0,0)
(0,0,0)
(0,0,0)
(0,0,0)
(0,0,0)
(-568607.731131577,-137434.437238764,9772.36732900453)
(-567543.830760644,-136864.797245022,24733.7785787507)
(-564205.045462204,-135208.565477129,53758.5160718286)
(-554888.229461072,-130853.235210048,114422.663633981)
(-527182.167793566,-119769.794988344,235715.042590533)
(-427636.355964623,-88990.0479706916,425095.852159312)
(-2.75703505375282e-05,3.12642403859026e-05,2.13831952834089e-05)
(-817506.973683694,-194.721507077598,-803318.006826996)
(-615077.967753684,-77244.9921155775,-869334.512435202)
(-295155.971908768,-50778.226344957,-817403.744009275)
(0,0,0)
(0,0,0)
(0,0,0)
(0,0,0)
(0,0,0)
(0,0,0)
(-532043.197038903,-224408.272319222,10341.5007460235)
(-531342.393406806,-225136.29732469,26436.5277911697)
(-529229.483148744,-226974.628162015,58134.1308253271)
(-523825.954783107,-230638.634981294,125508.437867058)
(-507589.826028764,-236168.938272881,266431.616464928)
(-435442.953834403,-225319.234493073,513888.575932451)
(-3.49872169696357e-05,3.84403837576917e-05,2.84063775936924e-05)
(-900198.213467092,-647518.683952344,-880260.03932583)
(-608466.770315055,-386389.078214233,-842802.478374041)
(-281816.342406943,-161571.665211533,-766502.376213967)
(0,0,0)
(0,0,0)
(0,0,0)
(0,0,0)
(0,0,0)
(0,0,0)
(-463022.065955948,-329162.428044979,9579.99857143819)
(-462957.379867515,-331351.936755136,24613.0367880602)
(-463055.022086238,-337160.740719602,54487.1985527393)
(-465299.89087016,-350855.597601195,120010.768983675)
(-479736.800448598,-386049.573280614,277289.473983458)
(-557317.220851725,-496631.319942093,739134.912342598)
(-1006473.159945,-985051.649499294,-647289.94273125)
(-677133.590633802,-645869.523075702,-618922.725798807)
(-445034.16157754,-406139.02374394,-617858.954970787)
(-218630.892350849,-190751.059291549,-604691.947382291)
(0,0,0)
(0,0,0)
(0,0,0)
(0,0,0)
(0,0,0)
(0,0,0)
(-350597.877857009,-432111.36959403,7345.74747096956)
(-350947.733053162,-435523.444501233,18783.7225222758)
(-352307.7176664,-444367.351062621,40747.9357678409)
(-357709.289996841,-464374.066145139,84881.5962852746)
(-377809.961491609,-509919.636519936,166802.484402938)
(-443920.125722232,-612969.281997692,250804.747328677)
(-604543.181067452,-806211.473498198,-307957.003386743)
(-445126.870662433,-613006.319657059,-378994.56148423)
(-296803.684511319,-407101.765642974,-402258.803513094)
(-150519.146057625,-202789.709695543,-413634.366855178)
(0,0,0)
(0,0,0)
(0,0,0)
(0,0,0)
(0,0,0)
(0,0,0)
(-191651.666652918,-499805.805963708,3953.65617298695)
(-191971.974573532,-503773.646902041,9928.83326841064)
(-193026.972729671,-513639.542278892,20641.650593379)
(-196441.230058768,-534174.714610247,39324.280345266)
(-206623.674167284,-573481.155334122,63754.7907366364)
(-231624.732395997,-637218.318929924,57614.3134147418)
(-267558.908218638,-694853.730229215,-114621.658364414)
(-215733.537039461,-580378.333665959,-172887.165116745)
(-149926.456275428,-407702.340299349,-197725.1411555)
(-77854.5501475936,-210222.78226303,-210541.06801089)
(0,0,0)
(0,0,0)
(0,0,0)
(0,0,0)
(0,0,0)
(0,0,0)
(0,0,0)
(0,0,0)
(0,0,0)
(0,0,0)
(0,0,0)
(0,0,0)
(0,0,0)
(0,0,0)
(0,0,0)
(0,0,0)
(0,0,0)
(0,0,0)
(0,0,0)
(0,0,0)
(0,0,0)
(0,0,0)
(0,0,0)
(0,0,0)
(0,0,0)
(0,0,0)
(0,0,0)
(0,0,0)
(0,0,0)
(0,0,0)
(0,0,0)
(0,0,0)
(0,0,0)
(0,0,0)
(0,0,0)
(0,0,0)
(0,0,0)
(0,0,0)
(0,0,0)
(0,0,0)
(0,0,0)
(0,0,0)
(0,0,0)
(0,0,0)
(0,0,0)
(0,0,0)
(0,0,0)
(0,0,0)
(0,0,0)
(0,0,0)
(0,0,0)
(0,0,0)
(0,0,0)
(0,0,0)
(0,0,0)
(0,0,0)
(0,0,0)
(0,0,0)
(0,0,0)
(0,0,0)
(0,0,0)
(0,0,0)
(0,0,0)
(0,0,0)
(0,0,0)
(0,0,0)
(0,0,0)
(0,0,0)
(0,0,0)
(0,0,0)
(0,0,0)
(0,0,0)
(0,0,0)
(0,0,0)
(0,0,0)
(0,0,0)
(0,0,0)
(0,0,0)
(0,0,0)
(0,0,0)
(0,0,0)
(0,0,0)
(0,0,0)
(0,0,0)
(0,0,0)
(0,0,0)
(0,0,0)
(0,0,0)
(0,0,0)
(0,0,0)
(0,0,0)
(0,0,0)
(0,0,0)
(0,0,0)
(0,0,0)
(0,0,0)
(0,0,0)
(0,0,0)
(0,0,0)
(0,0,0)
(0,0,0)
(0,0,0)
(-584326.310222078,-477.84229905956,810.301188913452)
(-584645.766311309,595.422973769131,156.923919516166)
(-584563.628926371,3422.99630820303,-4046.01637129924)
(-582345.416051156,9524.71220057849,-15299.6353876563)
(-574675.757403321,21189.0124693148,-39615.676831034)
(-555419.15578481,39626.7088163655,-85450.3526316934)
(-514228.243710455,57988.6756943077,-156637.018388264)
(-437604.271505786,52408.0134747037,-232563.842435973)
(-321837.167120063,36030.6101987633,-297139.415067995)
(-171446.95597915,17639.9198434844,-335187.384517854)
(0,0,0)
(0,0,0)
(0,0,0)
(0,0,0)
(0,0,0)
(0,0,0)
(-584212.501758347,-3639.81296373794,1885.66052889631)
(-584938.204827373,-1579.87996339367,3002.45268023416)
(-585909.983063798,4051.85006517866,2082.66325483633)
(-586108.413698273,16922.3898383385,-3600.34578770427)
(-583461.831800152,44032.173072452,-21145.7372076063)
(-573111.022902208,94058.4295762574,-67121.9391500615)
(-542082.468972504,156921.359603584,-162262.142711591)
(-462628.577059821,128591.002493542,-248926.087211127)
(-338938.754052043,81885.5785810802,-315486.533363017)
(-179768.891187425,38176.5955349886,-352750.430352538)
(0,0,0)
(0,0,0)
(0,0,0)
(0,0,0)
(0,0,0)
(0,0,0)
(-582846.780011566,-12431.8031531282,3931.39699431462)
(-584313.507544386,-9703.80705930456,8584.46652759836)
(-587377.091031008,-2070.73861075565,14938.8786342813)
(-592766.703875631,16753.9265818803,23553.4279735367)
(-602322.866932885,62290.4603807558,28892.8403258977)
(-617880.622739823,169297.43955887,-4291.99532653968)
(-625604.549853081,375562.908772449,-190598.141437514)
(-528549.099230201,243348.952021187,-295600.273665672)
(-379985.778366755,135293.475236486,-359159.473430498)
(-198627.788691775,58231.4304998684,-390850.447386821)
(0,0,0)
(0,0,0)
(0,0,0)
(0,0,0)
(0,0,0)
(0,0,0)
(-577757.72556166,-29952.7508230707,6608.91797764954)
(-580134.817842078,-27333.9291867698,16200.225761211)
(-586046.400937684,-19969.0679520529,33789.3174162267)
(-599184.395742552,-1060.62133298565,69119.5356133438)
(-630170.058679138,50166.9457326416,135871.670753619)
(-706312.853519253,212681.980480009,201940.30088724)
(-860042.686138549,879700.070303981,-322802.438113961)
(-666438.631992328,332399.019815918,-403646.820175359)
(-453183.171040409,152223.233095649,-436208.307810495)
(-229218.963706257,59248.0137135116,-449007.431722531)
(0,0,0)
(0,0,0)
(0,0,0)
(0,0,0)
(0,0,0)
(0,0,0)
(-564515.981369863,-59020.6738821258,9175.61011619904)
(-567801.594977456,-57367.2515785243,23576.1141914621)
(-576459.536883435,-52973.5759747164,52752.6129106004)
(-597278.313299792,-42830.0674189907,120382.849156547)
(-652544.104788985,-21296.2564789201,298365.851112439)
(-828259.518822314,15484.0038341697,868926.694017733)
(-1528521.71555214,-830.815390188493,-870080.391516563)
(-875410.434501749,51772.0147055032,-583840.88218722)
(-542120.616727037,34667.6148252153,-529174.151569632)
(-262379.443707314,14290.3117005991,-508191.637407397)
(0,0,0)
(0,0,0)
(0,0,0)
(0,0,0)
(0,0,0)
(0,0,0)
(-537106.249923775,-101321.927659387,10799.772569463)
(-541033.207109585,-101087.255396334,28009.152736215)
(-551482.813643853,-100646.37613796,62959.7210811081)
(-576535.100629414,-100193.259328988,141969.784159445)
(-641112.483031431,-100543.161345943,335147.00426433)
(-832367.029540151,-97186.9437954218,852548.625469451)
(-1495791.50960383,-458.635906094423,-817471.078741889)
(-899028.34984522,-83189.6440995648,-600988.043775291)
(-561048.238951308,-70805.0821490984,-549545.075603348)
(-270498.751733821,-37509.1668266937,-522402.817250999)
(0,0,0)
(0,0,0)
(0,0,0)
(0,0,0)
(0,0,0)
(0,0,0)
(-488470.884537496,-155932.514088285,11038.2739274911)
(-492620.048665173,-157259.106683814,28487.7804733387)
(-503595.776348101,-161247.220622547,63454.918157284)
(-529707.820079027,-172520.856741477,141664.380865696)
(-596273.489238958,-208704.455145421,338509.337875365)
(-795798.48061075,-347579.548648645,949257.46950494)
(-1554822.91233731,-1006885.87821423,-900136.935690346)
(-870154.793867332,-424815.596642797,-588554.402746882)
(-528379.641865539,-223225.366723305,-516221.246622187)
(-252215.368338354,-98537.9029673433,-484793.484550126)
(0,0,0)
(0,0,0)
(0,0,0)
(0,0,0)
(0,0,0)
(0,0,0)
(-411404.646625089,-217240.758511159,9690.82509201337)
(-415233.669238669,-219816.812197524,24524.8199768766)
(-425128.065868606,-226857.703152993,52208.3462896918)
(-447497.880125061,-243671.339577946,105556.818381061)
(-498076.000435362,-284509.125436673,199700.688659075)
(-611573.538019771,-383600.091297288,289977.548475765)
(-821949.277823882,-583474.871556867,-317957.340302716)
(-618914.432156121,-414144.670926918,-386847.424496281)
(-405545.773967148,-258094.000680065,-391467.178149919)
(-199772.966212021,-122761.556973606,-386101.450282475)
(0,0,0)
(0,0,0)
(0,0,0)
(0,0,0)
(0,0,0)
(0,0,0)
(-301446.512267269,-273457.370653123,7065.24655222534)
(-304358.071117627,-276815.390564329,17474.1629834955)
(-311699.715632686,-285350.640891349,35359.0986881355)
(-327431.451717195,-303380.036247082,64789.9570776249)
(-359205.963994131,-339019.18832498,100696.022468454)
(-415984.064933707,-400980.442703678,90140.3130863207)
(-479834.617589047,-469493.835764322,-148549.286184631)
(-393314.136542636,-383827.985613823,-230678.705617518)
(-269210.104564851,-260363.52848872,-256002.757755326)
(-135898.340569003,-130221.454014954,-263163.666202602)
(0,0,0)
(0,0,0)
(0,0,0)
(0,0,0)
(0,0,0)
(0,0,0)
(-160515.734656346,-308284.72359994,3691.42095024578)
(-162083.742908069,-311930.429195973,8918.22791642516)
(-165926.424635728,-320779.946729452,17246.9856605861)
(-173745.096952231,-337968.578724706,29139.3950316707)
(-188106.604581272,-367131.787457888,38734.9245785636)
(-209584.184106373,-405912.254115423,21626.1877006813)
(-225052.396588517,-427558.203023306,-62815.9566704559)
(-190451.781041139,-364829.630403254,-107096.067879347)
(-133785.665153565,-257892.741243158,-125707.646246772)
(-68600.9148822524,-132434.637182131,-132748.098344935)
(0,0,0)
(0,0,0)
(0,0,0)
(0,0,0)
(0,0,0)
(0,0,0)
(0,0,0)
(0,0,0)
(0,0,0)
(0,0,0)
(0,0,0)
(0,0,0)
(0,0,0)
(0,0,0)
(0,0,0)
(0,0,0)
(0,0,0)
(0,0,0)
(0,0,0)
(0,0,0)
(0,0,0)
(0,0,0)
(0,0,0)
(0,0,0)
(0,0,0)
(0,0,0)
(0,0,0)
(0,0,0)
(0,0,0)
(0,0,0)
(0,0,0)
(0,0,0)
(0,0,0)
(0,0,0)
(0,0,0)
(0,0,0)
(0,0,0)
(0,0,0)
(0,0,0)
(0,0,0)
(0,0,0)
(0,0,0)
(0,0,0)
(0,0,0)
(0,0,0)
(0,0,0)
(0,0,0)
(0,0,0)
(0,0,0)
(0,0,0)
(0,0,0)
(0,0,0)
(0,0,0)
(0,0,0)
(0,0,0)
(0,0,0)
(0,0,0)
(0,0,0)
(0,0,0)
(0,0,0)
(0,0,0)
(0,0,0)
(0,0,0)
(0,0,0)
(0,0,0)
(0,0,0)
(0,0,0)
(0,0,0)
(0,0,0)
(0,0,0)
(0,0,0)
(0,0,0)
(0,0,0)
(0,0,0)
(0,0,0)
(0,0,0)
(0,0,0)
(0,0,0)
(0,0,0)
(0,0,0)
(0,0,0)
(0,0,0)
(0,0,0)
(0,0,0)
(0,0,0)
(0,0,0)
(0,0,0)
(0,0,0)
(0,0,0)
(0,0,0)
(0,0,0)
(0,0,0)
(0,0,0)
(0,0,0)
(0,0,0)
(0,0,0)
(0,0,0)
(0,0,0)
(0,0,0)
(0,0,0)
(0,0,0)
(0,0,0)
(-584175.448672063,-576.537352987051,425.675802972058)
(-584477.525033307,134.905553185408,122.528971785637)
(-584387.547234928,1920.70619833027,-1974.25891798802)
(-582154.699240463,5616.24131117979,-7781.21703986132)
(-574146.766256838,12262.0924734173,-20572.3006597579)
(-553308.10127735,21827.6111961039,-44510.9663633209)
(-508557.276695881,30045.6242074959,-80227.557585393)
(-428126.437964539,27293.5773405707,-116998.96846721)
(-310857.333075555,18885.7800161766,-146864.582527894)
(-163839.019180091,9309.1835630003,-163781.702889955)
(0,0,0)
(0,0,0)
(0,0,0)
(0,0,0)
(0,0,0)
(0,0,0)
(-583349.998869942,-2556.74950776444,1117.70926637105)
(-584381.621816542,-1214.28913522698,1910.32094395139)
(-586121.968842513,2317.91421998278,1725.09870101603)
(-587639.232108675,9998.83406768147,-1126.67564508547)
(-586291.675410685,24946.7799309403,-10981.5194920739)
(-575079.143529516,49117.4408959756,-36303.2285646359)
(-538587.424059432,73250.8284140647,-83003.4776842765)
(-455432.28493818,62523.2128854977,-125429.405350842)
(-329761.82165841,40753.5946341217,-156474.152362416)
(-173149.503406649,19302.4684677036,-173086.825047892)
(0,0,0)
(0,0,0)
(0,0,0)
(0,0,0)
(0,0,0)
(0,0,0)
(-580351.19946262,-7497.48924082827,2445.15918411897)
(-582764.549093154,-5740.55559823805,5422.46719590024)
(-588063.237179036,-981.512426527563,9408.03999043827)
(-597322.422193618,10113.3842137893,13849.2081623212)
(-611003.587967959,34262.5744520489,13214.1346762905)
(-624061.39118532,80683.6060397235,-12171.2620219595)
(-611742.469521811,140956.60320991,-93739.1171490737)
(-517881.306108712,105339.270660943,-147222.968046007)
(-370507.303635604,62015.8453277253,-177963.693470767)
(-192472.671149179,27585.3937328395,-192401.736278497)
(0,0,0)
(0,0,0)
(0,0,0)
(0,0,0)
(0,0,0)
(0,0,0)
(-572529.033946298,-16902.6713720371,4176.4905158461)
(-576658.176725439,-15239.2058361495,10198.4996371166)
(-586737.451158423,-10640.5681013378,20548.6055326687)
(-607168.376238741,605.772133147926,38040.1981094976)
(-645076.676173913,27562.2599424334,59647.1301138909)
(-704591.653793617,90496.5237373689,48113.012690609)
(-752595.98295733,210975.834156319,-129352.921437022)
(-623169.26623585,123283.27650824,-190566.293040797)
(-432515.478063404,63189.0362191928,-212407.176909273)
(-220059.975496403,26012.8338848574,-219993.605271142)
(0,0,0)
(0,0,0)
(0,0,0)
(0,0,0)
(0,0,0)
(0,0,0)
(-555267.052873041,-31996.8476314266,5845.24776256671)
(-561038.57717297,-30987.8885858629,14830.9127077927)
(-575753.110103117,-28351.2508327345,31835.1686588713)
(-607455.930374713,-22414.9620091182,65033.5198760571)
(-672343.809600295,-10199.608779587,122595.093409387)
(-794826.617760802,11043.8565482152,168614.859537026)
(-963400.602964863,31512.5198426328,-217042.938736565)
(-746377.857786264,27902.1952545123,-250694.434198312)
(-495646.03969665,15596.5104692954,-249576.485478807)
(-246048.90297244,6100.1370520186,-245994.329380839)
(0,0,0)
(0,0,0)
(0,0,0)
(0,0,0)
(0,0,0)
(0,0,0)
(-522782.645553905,-53168.0014219675,6847.5494206675)
(-529550.068583501,-53118.0390990765,17494.5614077974)
(-546976.696857126,-53176.581319986,37813.77510832)
(-584673.218064865,-53765.2888531704,77302.2193878218)
(-661799.325119356,-56073.8947301905,143863.347426351)
(-805587.367449344,-60966.5475021615,189094.089385918)
(-994706.668824986,-59815.2389481642,-220662.992602114)
(-774156.952204407,-54572.0352339027,-263060.15975451)
(-511137.71392575,-38293.2364820458,-259080.937828732)
(-252097.892745719,-19320.2332720291,-252061.426492788)
(0,0,0)
(0,0,0)
(0,0,0)
(0,0,0)
(0,0,0)
(0,0,0)
(-469062.313589177,-79467.3437821743,6890.77141188798)
(-475913.775112375,-80403.0858658214,17469.5446258358)
(-493339.829682031,-83235.2854124328,37272.30205221)
(-530516.320085276,-90731.5320011368,75047.0452064264)
(-605410.230794747,-110875.042728151,138984.934760175)
(-744352.607411584,-163684.227296813,190256.741355658)
(-934687.408732195,-274310.942849518,-215383.058348088)
(-719462.977939038,-173861.445293661,-246785.464216628)
(-472755.499904346,-100601.106956309,-240101.735703556)
(-232702.726391738,-46240.4044356425,-232694.206486558)
(0,0,0)
(0,0,0)
(0,0,0)
(0,0,0)
(0,0,0)
(0,0,0)
(-388971.501100052,-107826.311070721,5925.82176351001)
(-394930.571127959,-109454.968209251,14674.605996231)
(-409596.327539942,-113906.236050785,29813.8183059189)
(-439331.787524714,-124039.196078361,54955.3897827973)
(-494192.986816002,-145995.468430693,86192.8018659815)
(-580383.118567253,-188305.706101983,79623.86121863)
(-660129.964877133,-241633.129968318,-114873.264609315)
(-545394.230256863,-188789.679640391,-173465.232161836)
(-372002.615224024,-121927.33481916,-185682.163042112)
(-186345.167714243,-58995.4911132005,-186354.874862331)
(0,0,0)
(0,0,0)
(0,0,0)
(0,0,0)
(0,0,0)
(0,0,0)
(-280693.016254202,-132808.257633198,4228.45054940908)
(-284975.511432428,-134814.516007926,10205.4386628854)
(-295208.008695275,-139850.330355315,19657.8260300039)
(-314867.81863477,-149975.76417598,33030.7610451971)
(-347893.072002028,-168186.373635615,43908.774258015)
(-391826.596564668,-194849.721037935,26295.3208249261)
(-418213.888101889,-214980.160725963,-61978.3779045891)
(-356335.024327689,-181215.368475183,-106531.801284746)
(-249870.456598001,-125137.160228895,-122661.623841864)
(-127245.348774864,-63049.8617071133,-127260.245042092)
(0,0,0)
(0,0,0)
(0,0,0)
(0,0,0)
(0,0,0)
(0,0,0)
(-147706.662854629,-147791.029021448,2173.69958653234)
(-149932.227763163,-149917.54237239,5125.21080609135)
(-155104.718486581,-155010.579414916,9463.75371654491)
(-164608.007650756,-164453.738463506,14804.6387025974)
(-179456.682070087,-179281.111993174,17249.4545489731)
(-196749.359355738,-196584.747628588,6149.65638899271)
(-202949.633162719,-202749.224504561,-28184.0432582084)
(-174832.425949406,-174616.219548118,-50402.5472770076)
(-124497.646608902,-124320.018938104,-60507.7071124602)
(-64067.2692714006,-63962.2058729095,-64129.0085575164)
(0,0,0)
(0,0,0)
(0,0,0)
(0,0,0)
(0,0,0)
(0,0,0)
(0,0,0)
(0,0,0)
(0,0,0)
(0,0,0)
(0,0,0)
(0,0,0)
(0,0,0)
(0,0,0)
(0,0,0)
(0,0,0)
(0,0,0)
(0,0,0)
(0,0,0)
(0,0,0)
(0,0,0)
(0,0,0)
(0,0,0)
(0,0,0)
(0,0,0)
(0,0,0)
(0,0,0)
(0,0,0)
(0,0,0)
(0,0,0)
(0,0,0)
(0,0,0)
(0,0,0)
(0,0,0)
(0,0,0)
(0,0,0)
(0,0,0)
(0,0,0)
(0,0,0)
(0,0,0)
(0,0,0)
(0,0,0)
(0,0,0)
(0,0,0)
(0,0,0)
(0,0,0)
(0,0,0)
(0,0,0)
(0,0,0)
(0,0,0)
(0,0,0)
(0,0,0)
(0,0,0)
(0,0,0)
(0,0,0)
(0,0,0)
(0,0,0)
(0,0,0)
(0,0,0)
(0,0,0)
(0,0,0)
(0,0,0)
(0,0,0)
(0,0,0)
(0,0,0)
(0,0,0)
(0,0,0)
(0,0,0)
(0,0,0)
(0,0,0)
(0,0,0)
(0,0,0)
(0,0,0)
(0,0,0)
(0,0,0)
(0,0,0)
(0,0,0)
(0,0,0)
(0,0,0)
(0,0,0)
(0,0,0)
(0,0,0)
(0,0,0)
(0,0,0)
(0,0,0)
(0,0,0)
(0,0,0)
(0,0,0)
(0,0,0)
(0,0,0)
(0,0,0)
(0,0,0)
(0,0,0)
(0,0,0)
(0,0,0)
(0,0,0)
(0,0,0)
(0,0,0)
(0,0,0)
(0,0,0)
(0,0,0)
(0,0,0)
(0,0,0)
(0,0,0)
(0,0,0)
(0,0,0)
(0,0,0)
(0,0,0)
(0,0,0)
(0,0,0)
(0,0,0)
(0,0,0)
(0,0,0)
(0,0,0)
(0,0,0)
(0,0,0)
(0,0,0)
(0,0,0)
(0,0,0)
(0,0,0)
(0,0,0)
(0,0,0)
(0,0,0)
(0,0,0)
(0,0,0)
(0,0,0)
(0,0,0)
(0,0,0)
(0,0,0)
(0,0,0)
(0,0,0)
(0,0,0)
(0,0,0)
(0,0,0)
(0,0,0)
(0,0,0)
(0,0,0)
(0,0,0)
(0,0,0)
(0,0,0)
(0,0,0)
(0,0,0)
(0,0,0)
(0,0,0)
(0,0,0)
(0,0,0)
(0,0,0)
(0,0,0)
(0,0,0)
(0,0,0)
(0,0,0)
(0,0,0)
(0,0,0)
(0,0,0)
(0,0,0)
(0,0,0)
(0,0,0)
(0,0,0)
(0,0,0)
(0,0,0)
(0,0,0)
(0,0,0)
(0,0,0)
(0,0,0)
(0,0,0)
(0,0,0)
(0,0,0)
(0,0,0)
(0,0,0)
(0,0,0)
(0,0,0)
(0,0,0)
(0,0,0)
(0,0,0)
(0,0,0)
(0,0,0)
(0,0,0)
(0,0,0)
(0,0,0)
(0,0,0)
(0,0,0)
(0,0,0)
(0,0,0)
(0,0,0)
(0,0,0)
(0,0,0)
(0,0,0)
(0,0,0)
(0,0,0)
(0,0,0)
(0,0,0)
(0,0,0)
(0,0,0)
(0,0,0)
(0,0,0)
(0,0,0)
(0,0,0)
(0,0,0)
(0,0,0)
(0,0,0)
(0,0,0)
(0,0,0)
(0,0,0)
(0,0,0)
(0,0,0)
(0,0,0)
(0,0,0)
(0,0,0)
(0,0,0)
(0,0,0)
(0,0,0)
(0,0,0)
(0,0,0)
(0,0,0)
(0,0,0)
(0,0,0)
(0,0,0)
(0,0,0)
(0,0,0)
(0,0,0)
(0,0,0)
(0,0,0)
(0,0,0)
(0,0,0)
(0,0,0)
(0,0,0)
(0,0,0)
(0,0,0)
(0,0,0)
(0,0,0)
(0,0,0)
(0,0,0)
(0,0,0)
(0,0,0)
(0,0,0)
(0,0,0)
(0,0,0)
(0,0,0)
(0,0,0)
(0,0,0)
(0,0,0)
(0,0,0)
(0,0,0)
(0,0,0)
(0,0,0)
(0,0,0)
(0,0,0)
(0,0,0)
(0,0,0)
(0,0,0)
(0,0,0)
(0,0,0)
(0,0,0)
(0,0,0)
(0,0,0)
(0,0,0)
(0,0,0)
(0,0,0)
(0,0,0)
(0,0,0)
(0,0,0)
(0,0,0)
(0,0,0)
(0,0,0)
(0,0,0)
(0,0,0)
(0,0,0)
(0,0,0)
(0,0,0)
(0,0,0)
(0,0,0)
(0,0,0)
(0,0,0)
(0,0,0)
(0,0,0)
(0,0,0)
(0,0,0)
(0,0,0)
(0,0,0)
(0,0,0)
(0,0,0)
(0,0,0)
(0,0,0)
(0,0,0)
(0,0,0)
(0,0,0)
(0,0,0)
(0,0,0)
(0,0,0)
(0,0,0)
(0,0,0)
(0,0,0)
(0,0,0)
(0,0,0)
(0,0,0)
(0,0,0)
(0,0,0)
(0,0,0)
(0,0,0)
(0,0,0)
(0,0,0)
(0,0,0)
(0,0,0)
(0,0,0)
(0,0,0)
(0,0,0)
(0,0,0)
(0,0,0)
(0,0,0)
(0,0,0)
(0,0,0)
(0,0,0)
(0,0,0)
(0,0,0)
(0,0,0)
(0,0,0)
(0,0,0)
(0,0,0)
(0,0,0)
(0,0,0)
(0,0,0)
(0,0,0)
(0,0,0)
(0,0,0)
(0,0,0)
(0,0,0)
(0,0,0)
(0,0,0)
(0,0,0)
(0,0,0)
(0,0,0)
(0,0,0)
(0,0,0)
(0,0,0)
(0,0,0)
(0,0,0)
(0,0,0)
(0,0,0)
(0,0,0)
(0,0,0)
(0,0,0)
(0,0,0)
(0,0,0)
(0,0,0)
(0,0,0)
(0,0,0)
(0,0,0)
(0,0,0)
(0,0,0)
(0,0,0)
(0,0,0)
(0,0,0)
(0,0,0)
(0,0,0)
(0,0,0)
(0,0,0)
(0,0,0)
(0,0,0)
(0,0,0)
(0,0,0)
(0,0,0)
(0,0,0)
(0,0,0)
(0,0,0)
(0,0,0)
(0,0,0)
(0,0,0)
(0,0,0)
(0,0,0)
(0,0,0)
(0,0,0)
(0,0,0)
(0,0,0)
(0,0,0)
(0,0,0)
(0,0,0)
(0,0,0)
(0,0,0)
(0,0,0)
(0,0,0)
(0,0,0)
(0,0,0)
(0,0,0)
(0,0,0)
(0,0,0)
(0,0,0)
(0,0,0)
(0,0,0)
(0,0,0)
(0,0,0)
(0,0,0)
(0,0,0)
(0,0,0)
(0,0,0)
(0,0,0)
(0,0,0)
(0,0,0)
(0,0,0)
(0,0,0)
(0,0,0)
(0,0,0)
(0,0,0)
(0,0,0)
(0,0,0)
(0,0,0)
(0,0,0)
(0,0,0)
(0,0,0)
(0,0,0)
(0,0,0)
(0,0,0)
(0,0,0)
(0,0,0)
(0,0,0)
(0,0,0)
(0,0,0)
(0,0,0)
(0,0,0)
(0,0,0)
(0,0,0)
(0,0,0)
(0,0,0)
(0,0,0)
(0,0,0)
(0,0,0)
(0,0,0)
(0,0,0)
(0,0,0)
(0,0,0)
(0,0,0)
(0,0,0)
(0,0,0)
(0,0,0)
(0,0,0)
(0,0,0)
(0,0,0)
(0,0,0)
(0,0,0)
(0,0,0)
(0,0,0)
(0,0,0)
(0,0,0)
(0,0,0)
(0,0,0)
(0,0,0)
(0,0,0)
(0,0,0)
(0,0,0)
(0,0,0)
(0,0,0)
(0,0,0)
(0,0,0)
(0,0,0)
(0,0,0)
(0,0,0)
(0,0,0)
(0,0,0)
(0,0,0)
(0,0,0)
(0,0,0)
(0,0,0)
(0,0,0)
(0,0,0)
(0,0,0)
(0,0,0)
(0,0,0)
(0,0,0)
(0,0,0)
(0,0,0)
(0,0,0)
(0,0,0)
(0,0,0)
(0,0,0)
(0,0,0)
(0,0,0)
(0,0,0)
(0,0,0)
(0,0,0)
(0,0,0)
(0,0,0)
(0,0,0)
(0,0,0)
(0,0,0)
(0,0,0)
(0,0,0)
(0,0,0)
(0,0,0)
(0,0,0)
(0,0,0)
(0,0,0)
(0,0,0)
(0,0,0)
(0,0,0)
(0,0,0)
(0,0,0)
(0,0,0)
(0,0,0)
(0,0,0)
(0,0,0)
(0,0,0)
(0,0,0)
(0,0,0)
(0,0,0)
(0,0,0)
(0,0,0)
(0,0,0)
(0,0,0)
(0,0,0)
(0,0,0)
(0,0,0)
(0,0,0)
(0,0,0)
(0,0,0)
(0,0,0)
(0,0,0)
(0,0,0)
(0,0,0)
(0,0,0)
(0,0,0)
(0,0,0)
(0,0,0)
(0,0,0)
(0,0,0)
(0,0,0)
(0,0,0)
(0,0,0)
(0,0,0)
(0,0,0)
(0,0,0)
(0,0,0)
(0,0,0)
(0,0,0)
(0,0,0)
(0,0,0)
(0,0,0)
(0,0,0)
(0,0,0)
(0,0,0)
(0,0,0)
(0,0,0)
(0,0,0)
(0,0,0)
(0,0,0)
(0,0,0)
(0,0,0)
(0,0,0)
(0,0,0)
(0,0,0)
(0,0,0)
(0,0,0)
(0,0,0)
(0,0,0)
(0,0,0)
(0,0,0)
(0,0,0)
(0,0,0)
(0,0,0)
(0,0,0)
(0,0,0)
(0,0,0)
(0,0,0)
(0,0,0)
(0,0,0)
(0,0,0)
(0,0,0)
(0,0,0)
(0,0,0)
(0,0,0)
(0,0,0)
(0,0,0)
(0,0,0)
(0,0,0)
(0,0,0)
(0,0,0)
(0,0,0)
(0,0,0)
(0,0,0)
(0,0,0)
(0,0,0)
(0,0,0)
(0,0,0)
(0,0,0)
(0,0,0)
(0,0,0)
(0,0,0)
(0,0,0)
(0,0,0)
(0,0,0)
(0,0,0)
(0,0,0)
(0,0,0)
(0,0,0)
(0,0,0)
(0,0,0)
(0,0,0)
(0,0,0)
(0,0,0)
(0,0,0)
(0,0,0)
(0,0,0)
(0,0,0)
(0,0,0)
(0,0,0)
(0,0,0)
(0,0,0)
(0,0,0)
(0,0,0)
(0,0,0)
(0,0,0)
(0,0,0)
(0,0,0)
(0,0,0)
(0,0,0)
(0,0,0)
(0,0,0)
(0,0,0)
(0,0,0)
(0,0,0)
(0,0,0)
(0,0,0)
(0,0,0)
(0,0,0)
(0,0,0)
(0,0,0)
(0,0,0)
(0,0,0)
(0,0,0)
(0,0,0)
(0,0,0)
(0,0,0)
(0,0,0)
(0,0,0)
(0,0,0)
(0,0,0)
(0,0,0)
(0,0,0)
(0,0,0)
(0,0,0)
(0,0,0)
(0,0,0)
(0,0,0)
(0,0,0)
(0,0,0)
(0,0,0)
(0,0,0)
(0,0,0)
(0,0,0)
(0,0,0)
(0,0,0)
(0,0,0)
(0,0,0)
(0,0,0)
(0,0,0)
(0,0,0)
(0,0,0)
(0,0,0)
(0,0,0)
(0,0,0)
(0,0,0)
(0,0,0)
(0,0,0)
(0,0,0)
(0,0,0)
(0,0,0)
(0,0,0)
(0,0,0)
(0,0,0)
(0,0,0)
(0,0,0)
(0,0,0)
(0,0,0)
(0,0,0)
(0,0,0)
(0,0,0)
(0,0,0)
(0,0,0)
(0,0,0)
(0,0,0)
(0,0,0)
(0,0,0)
(0,0,0)
(0,0,0)
(0,0,0)
(0,0,0)
(0,0,0)
(0,0,0)
(0,0,0)
(0,0,0)
(0,0,0)
(0,0,0)
(0,0,0)
(0,0,0)
(0,0,0)
(0,0,0)
(0,0,0)
(0,0,0)
(0,0,0)
(0,0,0)
(0,0,0)
(0,0,0)
(0,0,0)
(0,0,0)
(0,0,0)
(0,0,0)
(0,0,0)
(0,0,0)
(0,0,0)
(0,0,0)
(0,0,0)
(0,0,0)
(0,0,0)
(0,0,0)
(0,0,0)
(0,0,0)
(0,0,0)
(0,0,0)
(0,0,0)
(0,0,0)
(0,0,0)
(0,0,0)
(0,0,0)
(0,0,0)
(0,0,0)
(0,0,0)
(0,0,0)
(0,0,0)
(0,0,0)
(0,0,0)
(0,0,0)
(0,0,0)
(0,0,0)
(0,0,0)
(0,0,0)
(0,0,0)
(0,0,0)
(0,0,0)
(0,0,0)
(0,0,0)
(0,0,0)
(0,0,0)
(0,0,0)
(0,0,0)
(0,0,0)
(0,0,0)
(0,0,0)
(0,0,0)
(0,0,0)
(0,0,0)
(0,0,0)
(0,0,0)
(0,0,0)
(0,0,0)
(0,0,0)
(0,0,0)
(0,0,0)
(0,0,0)
(0,0,0)
(0,0,0)
(0,0,0)
(0,0,0)
(0,0,0)
(0,0,0)
(0,0,0)
(0,0,0)
(0,0,0)
(0,0,0)
(0,0,0)
(0,0,0)
(0,0,0)
(0,0,0)
(0,0,0)
(0,0,0)
(0,0,0)
(0,0,0)
(0,0,0)
(0,0,0)
(0,0,0)
(0,0,0)
(0,0,0)
(0,0,0)
(0,0,0)
(0,0,0)
(0,0,0)
(0,0,0)
(0,0,0)
(0,0,0)
(0,0,0)
(0,0,0)
(0,0,0)
(0,0,0)
(0,0,0)
(0,0,0)
(0,0,0)
(0,0,0)
(0,0,0)
(0,0,0)
(0,0,0)
(0,0,0)
(0,0,0)
(0,0,0)
(0,0,0)
(0,0,0)
(0,0,0)
(0,0,0)
(0,0,0)
(0,0,0)
(0,0,0)
(0,0,0)
(0,0,0)
(0,0,0)
(0,0,0)
(0,0,0)
(0,0,0)
(0,0,0)
(0,0,0)
(0,0,0)
(0,0,0)
(0,0,0)
(0,0,0)
