(0,0,0)
(0,0,0)
(0,0,0)
(0,0,0)
(0,0,0)
(0,0,0)
(0,0,0)
(0,0,0)
(0,0,0)
(0,0,0)
(0,0,0)
(0,0,0)
(0,0,0)
(0,0,0)
(0,0,0)
(0,0,0)
(0,0,0)
(0,0,0)
(0,0,0)
(0,0,0)
(0,0,0)
(0,0,0)
(0,0,0)
(0,0,0)
(0,0,0)
(0,0,0)
(0,0,0)
(0,0,0)
(0,0,0)
(0,0,0)
(0,0,0)
(0,0,0)
(0,0,0)
(0,0,0)
(0,0,0)
(0,0,0)
(0,0,0)
(0,0,0)
(0,0,0)
(0,0,0)
(0,0,0)
(0,0,0)
(0,0,0)
(0,0,0)
(0,0,0)
(0,0,0)
(0,0,0)
(0,0,0)
(0,0,0)
(0,0,0)
(0,0,0)
(0,0,0)
(0,0,0)
(0,0,0)
(0,0,0)
(0,0,0)
(0,0,0)
(0,0,0)
(0,0,0)
(0,0,0)
(0,0,0)
(0,0,0)
(0,0,0)
(0,0,0)
(0,0,0)
(0,0,0)
(0,0,0)
(0,0,0)
(0,0,0)
(0,0,0)
(0,0,0)
(0,0,0)
(0,0,0)
(0,0,0)
(0,0,0)
(0,0,0)
(0,0,0)
(0,0,0)
(0,0,0)
(0,0,0)
(0,0,0)
(0,0,0)
(0,0,0)
(0,0,0)
(0,0,0)
(0,0,0)
(0,0,0)
(0,0,0)
(0,0,0)
(0,0,0)
(0,0,0)
(0,0,0)
(0,0,0)
(0,0,0)
(0,0,0)
(0,0,0)
(0,0,0)
(0,0,0)
(0,0,0)
(0,0,0)
(0,0,0)
(0,0,0)
(0,0,0)
(0,0,0)
(0,0,0)
(0,0,0)
(0,0,0)
(0,0,0)
(0,0,0)
(0,0,0)
(0,0,0)
(0,0,0)
(0,0,0)
(0,0,0)
(0,0,0)
(0,0,0)
(0,0,0)
(0,0,0)
(0,0,0)
(0,0,0)
(0,0,0)
(0,0,0)
(0,0,0)
(0,0,0)
(0,0,0)
(0,0,0)
(0,0,0)
(0,0,0)
(0,0,0)
(0,0,0)
(0,0,0)
(0,0,0)
(0,0,0)
(0,0,0)
(0,0,0)
(0,0,0)
(0,0,0)
(0,0,0)
(0,0,0)
(0,0,0)
(0,0,0)
(0,0,0)
(0,0,0)
(0,0,0)
(0,0,0)
(0,0,0)
(0,0,0)
(0,0,0)
(0,0,0)
(0,0,0)
(0,0,0)
(0,0,0)
(0,0,0)
(0,0,0)
(0,0,0)
(0,0,0)
(0,0,0)
(0,0,0)
(0,0,0)
(0,0,0)
(0,0,0)
(0,0,0)
(0,0,0)
(0,0,0)
(0,0,0)
(0,0,0)
(0,0,0)
(0,0,0)
(0,0,0)
(0,0,0)
(0,0,0)
(0,0,0)
(0,0,0)
(0,0,0)
(0,0,0)
(0,0,0)
(0,0,0)
(0,0,0)
(0,0,0)
(0,0,0)
(0,0,0)
(0,0,0)
(0,0,0)
(0,0,0)
(0,0,0)
(0,0,0)
(0,0,0)
(0,0,0)
(0,0,0)
(0,0,0)
(0,0,0)
(0,0,0)
(0,0,0)
(0,0,0)
(0,0,0)
(0,0,0)
(0,0,0)
(0,0,0)
(0,0,0)
(0,0,0)
(0,0,0)
(0,0,0)
(0,0,0)
(0,0,0)
(0,0,0)
(0,0,0)
(0,0,0)
(0,0,0)
(0,0,0)
(0,0,0)
(0,0,0)
(0,0,0)
(0,0,0)
(0,0,0)
(0,0,0)
(0,0,0)
(0,0,0)
(0,0,0)
(0,0,0)
(0,0,0)
(0,0,0)
(0,0,0)
(0,0,0)
(0,0,0)
(0,0,0)
(0,0,0)
(0,0,0)
(0,0,0)
(0,0,0)
(0,0,0)
(0,0,0)
(0,0,0)
(0,0,0)
(0,0,0)
(0,0,0)
(0,0,0)
(0,0,0)
(0,0,0)
(0,0,0)
(0,0,0)
(0,0,0)
(0,0,0)
(0,0,0)
(0,0,0)
(0,0,0)
(0,0,0)
(0,0,0)
(0,0,0)
(0,0,0)
(0,0,0)
(0,0,0)
(0,0,0)
(0,0,0)
(0,0,0)
(0,0,0)
(0,0,0)
(0,0,0)
(0,0,0)
(0,0,0)
(0,0,0)
(0,0,0)
(0,0,0)
(0,0,0)
(0,0,0)
(0,0,0)
(0,0,0)
(0,0,0)
(0,0,0)
(0,0,0)
(0,0,0)
(0,0,0)
(0,0,0)
(0,0,0)
(0,0,0)
(0,0,0)
(0,0,0)
(0,0,0)
(0,0,0)
(0,0,0)
(0,0,0)
(0,0,0)
(0,0,0)
(0,0,0)
(0,0,0)
(0,0,0)
(0,0,0)
(0,0,0)
(0,0,0)
(0,0,0)
(0,0,0)
(0,0,0)
(0,0,0)
(0,0,0)
(0,0,0)
(0,0,0)
(0,0,0)
(0,0,0)
(0,0,0)
(0,0,0)
(0,0,0)
(0,0,0)
(0,0,0)
(0,0,0)
(0,0,0)
(0,0,0)
(0,0,0)
(0,0,0)
(0,0,0)
(0,0,0)
(0,0,0)
(0,0,0)
(0,0,0)
(0,0,0)
(0,0,0)
(0,0,0)
(0,0,0)
(0,0,0)
(0,0,0)
(0,0,0)
(0,0,0)
(0,0,0)
(0,0,0)
(0,0,0)
(0,0,0)
(0,0,0)
(0,0,0)
(0,0,0)
(0,0,0)
(0,0,0)
(0,0,0)
(0,0,0)
(0,0,0)
(0,0,0)
(0,0,0)
(0,0,0)
(0,0,0)
(0,0,0)
(0,0,0)
(0,0,0)
(0,0,0)
(0,0,0)
(0,0,0)
(0,0,0)
(0,0,0)
(0,0,0)
(0,0,0)
(0,0,0)
(0,0,0)
(0,0,0)
(0,0,0)
(0,0,0)
(0,0,0)
(0,0,0)
(0,0,0)
(0,0,0)
(0,0,0)
(0,0,0)
(0,0,0)
(0,0,0)
(0,0,0)
(0,0,0)
(0,0,0)
(0,0,0)
(0,0,0)
(0,0,0)
(0,0,0)
(0,0,0)
(0,0,0)
(0,0,0)
(0,0,0)
(0,0,0)
(0,0,0)
(0,0,0)
(0,0,0)
(0,0,0)
(0,0,0)
(0,0,0)
(0,0,0)
(0,0,0)
(0,0,0)
(0,0,0)
(0,0,0)
(0,0,0)
(0,0,0)
(0,0,0)
(0,0,0)
(0,0,0)
(0,0,0)
(0,0,0)
(0,0,0)
(0,0,0)
(0,0,0)
(0,0,0)
(0,0,0)
(0,0,0)
(0,0,0)
(0,0,0)
(0,0,0)
(0,0,0)
(0,0,0)
(0,0,0)
(0,0,0)
(0,0,0)
(0,0,0)
(0,0,0)
(0,0,0)
(0,0,0)
(0,0,0)
(0,0,0)
(0,0,0)
(0,0,0)
(0,0,0)
(0,0,0)
(0,0,0)
(0,0,0)
(0,0,0)
(0,0,0)
(0,0,0)
(0,0,0)
(0,0,0)
(0,0,0)
(0,0,0)
(0,0,0)
(0,0,0)
(0,0,0)
(0,0,0)
(0,0,0)
(0,0,0)
(0,0,0)
(0,0,0)
(0,0,0)
(0,0,0)
(0,0,0)
(0,0,0)
(0,0,0)
(0,0,0)
(0,0,0)
(0,0,0)
(0,0,0)
(0,0,0)
(0,0,0)
(0,0,0)
(0,0,0)
(0,0,0)
(0,0,0)
(0,0,0)
(0,0,0)
(0,0,0)
(0,0,0)
(0,0,0)
(0,0,0)
(0,0,0)
(0,0,0)
(0,0,0)
(0,0,0)
(0,0,0)
(0,0,0)
(0,0,0)
(0,0,0)
(0,0,0)
(0,0,0)
(0,0,0)
(0,0,0)
(0,0,0)
(0,0,0)
(0,0,0)
(0,0,0)
(0,0,0)
(0,0,0)
(0,0,0)
(0,0,0)
(0,0,0)
(0,0,0)
(0,0,0)
(0,0,0)
(0,0,0)
(0,0,0)
(0,0,0)
(0,0,0)
(0,0,0)
(0,0,0)
(0,0,0)
(0,0,0)
(0,0,0)
(0,0,0)
(0,0,0)
(0,0,0)
(0,0,0)
(0,0,0)
(0,0,0)
(0,0,0)
(0,0,0)
(0,0,0)
(0,0,0)
(0,0,0)
(0,0,0)
(0,0,0)
(0,0,0)
(0,0,0)
(0,0,0)
(0,0,0)
(0,0,0)
(0,0,0)
(0,0,0)
(0,0,0)
(0,0,0)
(0,0,0)
(0,0,0)
(0,0,0)
(0,0,0)
(0,0,0)
(0,0,0)
(0,0,0)
(0,0,0)
(0,0,0)
(0,0,0)
(0,0,0)
(0,0,0)
(0,0,0)
(0,0,0)
(0,0,0)
(0,0,0)
(0,0,0)
(0,0,0)
(0,0,0)
(0,0,0)
(0,0,0)
(0,0,0)
(0,0,0)
(0,0,0)
(0,0,0)
(0,0,0)
(0,0,0)
(0,0,0)
(0,0,0)
(0,0,0)
(0,0,0)
(0,0,0)
(0,0,0)
(0,0,0)
(0,0,0)
(0,0,0)
(0,0,0)
(0,0,0)
(0,0,0)
(0,0,0)
(0,0,0)
(0,0,0)
(0,0,0)
(0,0,0)
(0,0,0)
(0,0,0)
(0,0,0)
(0,0,0)
(0,0,0)
(0,0,0)
(0,0,0)
(0,0,0)
(0,0,0)
(0,0,0)
(0,0,0)
(0,0,0)
(0,0,0)
(0,0,0)
(0,0,0)
(0,0,0)
(0,0,0)
(0,0,0)
(0,0,0)
(0,0,0)
(0,0,0)
(0,0,0)
(0,0,0)
(0,0,0)
(0,0,0)
(0,0,0)
(0,0,0)
(0,0,0)
(0,0,0)
(0,0,0)
(0,0,0)
(0,0,0)
(0,0,0)
(0,0,0)
(0,0,0)
(0,0,0)
(0,0,0)
(0,0,0)
(0,0,0)
(0,0,0)
(0,0,0)
(0,0,0)
(0,0,0)
(0,0,0)
(0,0,0)
(0,0,0)
(0,0,0)
(0,0,0)
(0,0,0)
(0,0,0)
(0,0,0)
(0,0,0)
(0,0,0)
(0,0,0)
(0,0,0)
(0,0,0)
(0,0,0)
(0,0,0)
(0,0,0)
(0,0,0)
(0,0,0)
(0,0,0)
(0,0,0)
(0,0,0)
(0,0,0)
(0,0,0)
(0,0,0)
(0,0,0)
(0,0,0)
(0,0,0)
(0,0,0)
(0,0,0)
(0,0,0)
(0,0,0)
(0,0,0)
(0,0,0)
(0,0,0)
(0,0,0)
(0,0,0)
(0,0,0)
(0,0,0)
(0,0,0)
(0,0,0)
(0,0,0)
(0,0,0)
(0,0,0)
(0,0,0)
(0,0,0)
(0,0,0)
(0,0,0)
(0,0,0)
(0,0,0)
(0,0,0)
(0,0,0)
(0,0,0)
(0,0,0)
(0,0,0)
(0,0,0)
(0,0,0)
(0,0,0)
(0,0,0)
(0,0,0)
(0,0,0)
(0,0,0)
(0,0,0)
(0,0,0)
(0,0,0)
(0,0,0)
(0,0,0)
(0,0,0)
(0,0,0)
(0,0,0)
(0,0,0)
(0,0,0)
(0,0,0)
(0,0,0)
(0,0,0)
(0,0,0)
(0,0,0)
(0,0,0)
(0,0,0)
(0,0,0)
(0,0,0)
(0,0,0)
(0,0,0)
(0,0,0)
(0,0,0)
(0,0,0)
(0,0,0)
(0,0,0)
(0,0,0)
(0,0,0)
(0,0,0)
(0,0,0)
(0,0,0)
(0,0,0)
(0,0,0)
(0,0,0)
(0,0,0)
(0,0,0)
(0,0,0)
(0,0,0)
(0,0,0)
(0,0,0)
(0,0,0)
(0,0,0)
(0,0,0)
(0,0,0)
(0,0,0)
(0,0,0)
(0,0,0)
(0,0,0)
(0,0,0)
(0,0,0)
(0,0,0)
(0,0,0)
(0,0,0)
(0,0,0)
(0,0,0)
(0,0,0)
(0,0,0)
(0,0,0)
(0,0,0)
(0,0,0)
(0,0,0)
(0,0,0)
(0,0,0)
(0,0,0)
(0,0,0)
(0,0,0)
(0,0,0)
(0,0,0)
(0,0,0)
(0,0,0)
(0,0,0)
(0,0,0)
(0,0,0)
(0,0,0)
(0,0,0)
(0,0,0)
(0,0,0)
(0,0,0)
(0,0,0)
(0,0,0)
(0,0,0)
(0,0,0)
(0,0,0)
(0,0,0)
(0,0,0)
(0,0,0)
(0,0,0)
(0,0,0)
(0,0,0)
(0,0,0)
(0,0,0)
(0,0,0)
(0,0,0)
(0,0,0)
(0,0,0)
(0,0,0)
(0,0,0)
(0,0,0)
(0,0,0)
(0,0,0)
(0,0,0)
(0,0,0)
(0,0,0)
(0,0,0)
(0,0,0)
(0,0,0)
(0,0,0)
(0,0,0)
(0,0,0)
(0,0,0)
(0,0,0)
(0,0,0)
(0,0,0)
(0,0,0)
(0,0,0)
(0,0,0)
(0,0,0)
(0,0,0)
(0,0,0)
(0,0,0)
(0,0,0)
(0,0,0)
(0,0,0)
(0,0,0)
(0,0,0)
(0,0,0)
(0,0,0)
(0,0,0)
(0,0,0)
(0,0,0)
(0,0,0)
(0,0,0)
(0,0,0)
(0,0,0)
(0,0,0)
(0,0,0)
(0,0,0)
(0,0,0)
(0,0,0)
(0,0,0)
(0,0,0)
(0,0,0)
(0,0,0)
(0,0,0)
(0,0,0)
(0,0,0)
(0,0,0)
(0,0,0)
(0,0,0)
(0,0,0)
(0,0,0)
(0,0,0)
(0,0,0)
(0,0,0)
(0,0,0)
(0,0,0)
(0,0,0)
(0,0,0)
(0,0,0)
(0,0,0)
(0,0,0)
(0,0,0)
(0,0,0)
(0,0,0)
(0,0,0)
(-207292.089041911,110395.088900031,96897.0001418789)
(-219187.977553905,105847.736335676,210237.241360108)
(-246740.497098439,96360.3193015793,360617.419156966)
(-298920.435156224,81456.363367412,578081.490945788)
(-393048.671699482,61401.73630512,909728.426340152)
(-562034.397729804,38349.7766289682,1433413.04744099)
(-867968.36570222,17362.7246586642,2284018.68848457)
(-1420759.59886364,4514.99578723065,3700263.291561)
(-2343125.25345412,201.463769349048,6043187.08124574)
(-3264588.70782043,-229.507994476995,9308005.29706072)
(0,0,0)
(0,0,0)
(0,0,0)
(0,0,0)
(0,0,0)
(0,0,0)
(-219161.429492916,237205.941364327,92350.5770286184)
(-231222.803900435,228644.195449697,200776.921815036)
(-259256.701117908,210607.953909377,345785.988325144)
(-312678.549945453,181846.0427807,558074.858857312)
(-409409.123514136,142157.951622591,886727.767053972)
(-582451.939252789,95013.0490891117,1412516.43384661)
(-891749.577375136,50359.2604886516,2271269.47539175)
(-1442438.72964826,22105.332929295,3696117.86789789)
(-2357591.54593046,10956.9985750368,6042953.8790227)
(-3271332.07429777,5625.37025739542,9308431.07506855)
(0,0,0)
(0,0,0)
(0,0,0)
(0,0,0)
(0,0,0)
(0,0,0)
(-246471.219269165,399906.457036693,83770.7035967989)
(-258768.155468293,388432.636751496,182750.417763296)
(-287703.906832978,363974.525625582,317087.752880074)
(-343788.974120876,324256.726132358,518466.043649294)
(-446700.56946577,267695.469607185,839629.095130459)
(-630466.385631525,197105.33587491,1368003.19397618)
(-950386.951000115,125579.281018812,2243170.12444615)
(-1496422.54602635,76457.5675236387,3685240.43587811)
(-2392365.99966474,50523.90567488,6038039.52844305)
(-3287088.64232086,27421.097734161,9303332.44328718)
(0,0,0)
(0,0,0)
(0,0,0)
(0,0,0)
(0,0,0)
(0,0,0)
(-297365.09514495,625007.625164669,72263.9270169743)
(-309851.540230903,612190.864952286,158357.239047089)
(-339918.846314832,584763.350303079,277487.260684415)
(-399890.140118293,539631.843291183,462002.283643876)
(-513021.458724301,473633.251374437,769085.960600934)
(-717390.326525262,386956.397700794,1296625.22530031)
(-1062702.11459631,290662.936488321,2194243.6844271)
(-1600868.8073401,212028.148447464,3659541.91084335)
(-2456048.63916901,150750.854409564,6015363.60127761)
(-3314867.77039563,81152.8612682317,9276499.60813933)
(0,0,0)
(0,0,0)
(0,0,0)
(0,0,0)
(0,0,0)
(0,0,0)
(-388661.516816191,954167.049997833,59502.0919830224)
(-401088.901724812,941697.692149963,131084.166510153)
(-431753.426703041,915021.630536899,232579.312979375)
(-494974.372640767,871010.644333969,396174.884577356)
(-618647.536113191,805921.775483581,682533.896581401)
(-848528.99528197,717493.545485742,1200525.7440784)
(-1233773.13697481,609097.710599201,2115864.10694232)
(-1759912.58363746,489253.467732484,3598551.37129479)
(-2548622.41553621,351736.127354167,5946188.51388652)
(-3355020.04165589,186463.193358873,9195898.22345174)
(0,0,0)
(0,0,0)
(0,0,0)
(0,0,0)
(0,0,0)
(0,0,0)
(-553468.918211035,1460548.78912359,47087.1790852858)
(-565267.505197109,1449442.4251836,104609.951248752)
(-594929.734920363,1425673.33298723,188887.983718788)
(-657523.690295366,1386049.07135676,331373.24699135)
(-782486.53785327,1325393.90193937,594387.658388843)
(-1016718.92336737,1236140.1372091,1092459.99003286)
(-1403153.02863365,1108366.62135962,1996344.10790609)
(-1905426.24289809,929676.883572501,3461346.93496418)
(-2648940.86582669,680726.834213411,5781297.09393167)
(-3405562.08484418,363418.526720724,9009903.84541393)
(0,0,0)
(0,0,0)
(0,0,0)
(0,0,0)
(0,0,0)
(0,0,0)
(-855934.967070086,2280510.10518418,35973.6510094911)
(-866380.909045629,2270847.69790948,80949.2873292478)
(-892987.555634591,2250119.07183185,149491.104119215)
(-950138.125091443,2214711.73192164,270966.568645792)
(-1066211.86900818,2157206.77124448,505365.56834885)
(-1286308.15884208,2062871.99864555,964941.865754486)
(-1648998.7977516,1904366.13742522,1817941.14744049)
(-2105722.09708672,1640692.06102,3212648.06707969)
(-2798425.9022266,1227559.41437554,5464241.3891441)
(-3488023.61405133,668846.912108182,8646836.61780808)
(0,0,0)
(0,0,0)
(0,0,0)
(0,0,0)
(0,0,0)
(0,0,0)
(-1409047.9457408,3663162.8051571,26395.24576788)
(-1417389.11282926,3654322.63084582,60309.4256608085)
(-1438819.77469793,3635000.097539,114248.174651605)
(-1485298.35683479,3600532.54326674,213725.720141264)
(-1580683.30772322,3540338.66748423,411277.131624728)
(-1763660.57559468,3431144.59242153,806665.113443407)
(-2067399.47696538,3223877.37797869,1554553.34985528)
(-2437124.18447291,2832561.50723477,2799808.08811345)
(-3069760.5165034,2191339.97569322,4905788.04329918)
(-3645696.8087832,1242079.35318584,7978252.41100468)
(0,0,0)
(0,0,0)
(0,0,0)
(0,0,0)
(0,0,0)
(0,0,0)
(-2335147.34346466,5980576.89785232,17733.2507694117)
(-2340843.0278662,5971712.14365421,41186.7658272123)
(-2355411.01447891,5951588.90382232,80008.9740227583)
(-2386654.31595224,5913373.07197469,153822.761267056)
(-2449636.75298162,5841432.67503365,302365.506699255)
(-2568068.94607931,5701962.64409485,599616.401105248)
(-2766899.64316748,5426982.87805099,1163410.54420044)
(-3062204.62883435,4899385.30721434,2158791.37305525)
(-3570167.19899634,3963557.09608369,3956741.45166103)
(-3920662.06330845,2383084.28639375,6736398.58176156)
(0,0,0)
(0,0,0)
(0,0,0)
(0,0,0)
(0,0,0)
(0,0,0)
(-3260886.28161805,9232447.14307035,9016.03640003722)
(-3263752.36052441,9223253.79063698,21226.7499416811)
(-3271000.57371298,9201821.8237632,41994.403713831)
(-3286327.38791051,9159612.22503866,82082.6385604131)
(-3316809.38949097,9077303.3646895,163021.338395562)
(-3373877.6807413,8914115.88764313,324745.775588549)
(-3473395.55605827,8589216.62474424,635907.584953538)
(-3640995.97304192,7953210.82449319,1223078.04071656)
(-3919728.82265947,6729993.82306755,2376370.1363921)
(-3947535.55013058,4353545.14848183,4353444.82443465)
(0,0,0)
(0,0,0)
(0,0,0)
(0,0,0)
(0,0,0)
(0,0,0)
(0,0,0)
(0,0,0)
(0,0,0)
(0,0,0)
(0,0,0)
(0,0,0)
(0,0,0)
(0,0,0)
(0,0,0)
(0,0,0)
(0,0,0)
(0,0,0)
(0,0,0)
(0,0,0)
(0,0,0)
(0,0,0)
(0,0,0)
(0,0,0)
(0,0,0)
(0,0,0)
(0,0,0)
(0,0,0)
(0,0,0)
(0,0,0)
(0,0,0)
(0,0,0)
(0,0,0)
(0,0,0)
(0,0,0)
(0,0,0)
(0,0,0)
(0,0,0)
(0,0,0)
(0,0,0)
(0,0,0)
(0,0,0)
(0,0,0)
(0,0,0)
(0,0,0)
(0,0,0)
(0,0,0)
(0,0,0)
(0,0,0)
(0,0,0)
(0,0,0)
(0,0,0)
(0,0,0)
(0,0,0)
(0,0,0)
(0,0,0)
(0,0,0)
(0,0,0)
(0,0,0)
(0,0,0)
(0,0,0)
(0,0,0)
(0,0,0)
(0,0,0)
(0,0,0)
(0,0,0)
(0,0,0)
(0,0,0)
(0,0,0)
(0,0,0)
(0,0,0)
(0,0,0)
(0,0,0)
(0,0,0)
(0,0,0)
(0,0,0)
(0,0,0)
(0,0,0)
(0,0,0)
(0,0,0)
(0,0,0)
(0,0,0)
(0,0,0)
(0,0,0)
(0,0,0)
(0,0,0)
(0,0,0)
(0,0,0)
(0,0,0)
(0,0,0)
(0,0,0)
(0,0,0)
(0,0,0)
(0,0,0)
(0,0,0)
(0,0,0)
(0,0,0)
(0,0,0)
(0,0,0)
(0,0,0)
(0,0,0)
(0,0,0)
(30614965.3110351,98415.0635968336,84931.5041479672)
(30595022.1630945,93753.858870526,182571.472450881)
(30549177.9372693,83851.2907513281,308405.715153471)
(30463410.3506741,67744.6071626834,483934.289982181)
(30310670.0931482,45084.1785444439,740735.31441186)
(30038917.104813,17970.8641427682,1127416.91554802)
(29540408.7838371,-6389.5247067719,1731033.25853708)
(28555428.9546197,-17148.8535557843,2777597.52643132)
(26332992.6720323,-14234.4658508599,5121318.03461765)
(20297265.282852,-6954.05066833859,12572022.0624353)
(0,0,0)
(0,0,0)
(0,0,0)
(0,0,0)
(0,0,0)
(0,0,0)
(30594690.1636563,209868.326541673,80299.1117277873)
(30574659.5994194,201072.106193217,172702.428907127)
(30528350.0525766,182177.609048235,292373.324737471)
(30440932.2232199,150782.997390973,461328.129165629)
(30284004.9000376,104918.966472985,713683.285507171)
(30004609.5728649,47029.3459833465,1103167.25937072)
(29498488.8415932,-8256.47986521729,1720399.76338269)
(28517623.26566,-31880.5844583653,2780673.46679879)
(26309483.4698461,-23812.4390861796,5128780.3920793)
(20287000.6177725,-10102.2491571257,12579199.8663195)
(0,0,0)
(0,0,0)
(0,0,0)
(0,0,0)
(0,0,0)
(0,0,0)
(30548528.6208804,348940.082174363,71532.3720393718)
(30528399.2041123,337224.446942396,153816.639531307)
(30481174.4174373,311693.294956025,261026.597175107)
(30389940.7976756,268150.131878473,415533.658712956)
(30222123.457803,201385.399907393,655847.165831618)
(29919826.6586931,110170.236744891,1048017.19856738)
(29384750.7805256,13271.3869749802,1696955.5680233)
(28413256.6115654,-27995.8254114358,2788995.61920647)
(26248781.6716787,-13215.048991212,5142854.52558971)
(20261824.4539625,-368.341887821198,12589811.4898589)
(0,0,0)
(0,0,0)
(0,0,0)
(0,0,0)
(0,0,0)
(0,0,0)
(30463665.3807573,533691.009114988,59822.564978861)
(30443585.249359,520892.399278036,128321.790875135)
(30395206.6539581,492906.863162591,217586.690217391)
(30297977.607948,444569.62735746,348903.41449396)
(30110101.1407525,368036.827805037,564733.354941348)
(29756035.4336793,255817.679785236,951264.119518241)
(29131945.8811135,119577.85774543,1655913.62085983)
(28175640.1510585,52957.409211963,2804055.39565965)
(26126152.5612843,58115.9284520085,5156127.18558477)
(20214738.1539775,40964.5190037367,12590792.368142)
(0,0,0)
(0,0,0)
(0,0,0)
(0,0,0)
(0,0,0)
(0,0,0)
(30314158.8460961,789353.44581013,47121.1682143874)
(30294566.00641,777486.14397755,100476.483201818)
(30245947.7589548,751831.219470526,169454.909057867)
(30143619.8392872,708470.663329658,272563.628979424)
(29932804.6569829,642072.732571771,452679.49893849)
(29501103.8311292,549250.529937652,815217.790196717)
(28677410.6144161,439657.045014047,1589558.81935895)
(27735003.8639652,343679.989703682,2809523.75908643)
(25933874.7218186,251363.144532654,5139383.37347268)
(20144684.0121684,135878.293928902,12550369.5125449)
(0,0,0)
(0,0,0)
(0,0,0)
(0,0,0)
(0,0,0)
(0,0,0)
(30048176.0393323,1158008.51452222,35303.9415662713)
(30029926.7646072,1148228.71368878,74971.0698725814)
(29983623.0924591,1127495.0264336,126358.403351882)
(29883176.7621503,1093300.6692008,206431.912857019)
(29669939.6009704,1041546.68069567,360135.793731303)
(29225880.3142124,966433.571302771,705957.482608184)
(28391728.8772677,862422.978273467,1493913.61126925)
(27490926.4920522,729301.449260289,2717543.38458401)
(25770101.1736468,531185.148459986,5024283.30900499)
(20064349.9343487,280913.494087235,12414940.0574754)
(0,0,0)
(0,0,0)
(0,0,0)
(0,0,0)
(0,0,0)
(0,0,0)
(29554880.7883705,1727255.53194571,25541.194957664)
(29538997.0305434,1719663.22196914,54332.7149100299)
(29497999.0954397,1704092.65988518,92352.3982060292)
(29406862.4130753,1679361.93986905,154894.557192828)
(29208037.4111138,1642550.10303587,285245.822552509)
(28783408.8522754,1585358.55919251,602207.791367004)
(27974369.0107947,1485801.34619711,1361065.58271878)
(27161423.1531501,1309138.21828703,2519687.53127704)
(25527635.2468909,956133.160310918,4774282.33813024)
(19927287.4406838,511137.517266366,12134351.2280378)
(0,0,0)
(0,0,0)
(0,0,0)
(0,0,0)
(0,0,0)
(0,0,0)
(28568983.0895538,2736765.46782685,18062.9966460622)
(28556474.9131077,2730588.50152264,38877.6589773599)
(28523848.606844,2718127.67889225,67778.2262501)
(28450246.0333103,2698880.6489212,118319.094874649)
(28286436.8094352,2671068.16820855,228284.880365229)
(27926230.5603593,2626464.25253083,502892.018894875)
(27218082.4829664,2524138.44014594,1184676.93283607)
(26688094.0706145,2207243.85190339,2166957.01195397)
(25038665.2107407,1690742.30719885,4329526.10564366)
(19610113.2122707,967016.289533325,11623441.2801445)
(0,0,0)
(0,0,0)
(0,0,0)
(0,0,0)
(0,0,0)
(0,0,0)
(26340816.6302646,5054387.30913317,12018.1527862854)
(26332392.2509729,5048386.74349054,26588.5998011563)
(26310609.5495549,5035583.37867373,48716.3038076333)
(26262490.7003379,5013295.01509397,90760.889166493)
(26159984.646345,4973881.80564731,183929.820222789)
(25951370.7967155,4895797.00755049,400761.290230253)
(25575450.4932964,4720182.54760357,867971.014130597)
(25047607.2579014,4320322.18395136,1650684.76316879)
(23557100.0311593,3613753.82568756,3606009.98234623)
(18645286.0606959,2356047.70008139,10656634.4156156)
(0,0,0)
(0,0,0)
(0,0,0)
(0,0,0)
(0,0,0)
(0,0,0)
(20300158.5509779,12492793.4356947,6153.00866421627)
(20295965.3886993,12486462.9730326,13962.9977201048)
(20285281.3465104,12472261.6049558,26606.8190365616)
(20262193.7817536,12445445.2565739,51539.3757144317)
(20214542.5542322,12393683.3656951,105989.839765329)
(20120760.981753,12287512.0353686,225240.117274802)
(19947251.9125887,12062153.4146815,468225.749371664)
(19615078.9831974,11593815.4541167,944261.49078898)
(18646049.0992336,10649413.7159399,2348427.64646546)
(15160928.5835946,8300870.23254586,8300744.94809752)
(0,0,0)
(0,0,0)
(0,0,0)
(0,0,0)
(0,0,0)
(0,0,0)
(0,0,0)
(0,0,0)
(0,0,0)
(0,0,0)
(0,0,0)
(0,0,0)
(0,0,0)
(0,0,0)
(0,0,0)
(0,0,0)
(0,0,0)
(0,0,0)
(0,0,0)
(0,0,0)
(0,0,0)
(0,0,0)
(0,0,0)
(0,0,0)
(0,0,0)
(0,0,0)
(0,0,0)
(0,0,0)
(0,0,0)
(0,0,0)
(0,0,0)
(0,0,0)
(0,0,0)
(0,0,0)
(0,0,0)
(0,0,0)
(0,0,0)
(0,0,0)
(0,0,0)
(0,0,0)
(0,0,0)
(0,0,0)
(0,0,0)
(0,0,0)
(0,0,0)
(0,0,0)
(0,0,0)
(0,0,0)
(0,0,0)
(0,0,0)
(0,0,0)
(0,0,0)
(0,0,0)
(0,0,0)
(0,0,0)
(0,0,0)
(0,0,0)
(0,0,0)
(0,0,0)
(0,0,0)
(0,0,0)
(0,0,0)
(0,0,0)
(0,0,0)
(0,0,0)
(0,0,0)
(0,0,0)
(0,0,0)
(0,0,0)
(0,0,0)
(0,0,0)
(0,0,0)
(0,0,0)
(0,0,0)
(0,0,0)
(0,0,0)
(0,0,0)
(0,0,0)
(0,0,0)
(0,0,0)
(0,0,0)
(0,0,0)
(0,0,0)
(0,0,0)
(0,0,0)
(0,0,0)
(0,0,0)
(0,0,0)
(0,0,0)
(0,0,0)
(0,0,0)
(0,0,0)
(0,0,0)
(0,0,0)
(0,0,0)
(0,0,0)
(0,0,0)
(0,0,0)
(0,0,0)
(0,0,0)
(0,0,0)
(0,0,0)
(-533515.645462821,77942.6191152655,64934.3695608438)
(-555555.902633154,73251.0734267877,136657.394039862)
(-605364.969504796,62979.5288988615,222616.804093441)
(-696052.743731498,45298.4730149429,331177.457662376)
(-851226.308165893,18460.1069919901,469009.784162686)
(-1110241.22722006,-16287.7793005639,628851.92767456)
(-1533841.21784186,-48282.7937970359,745780.755328915)
(-2204112.17150137,-54941.6013300344,554659.514958223)
(-3165065.92650256,-37720.7154594078,-915165.138869386)
(-3879681.93476533,-17229.1068648197,-7726592.7822089)
(0,0,0)
(0,0,0)
(0,0,0)
(0,0,0)
(0,0,0)
(0,0,0)
(-556786.5907366,163548.255312387,60267.1503739335)
(-578480.930451907,154694.125329066,126360.660521095)
(-627815.317049366,134954.811764157,204946.779460004)
(-718612.742426823,99805.8456978395,304380.404602033)
(-876163.476175632,43074.7731251308,434330.146860319)
(-1142212.22728218,-37724.8459031992,596985.045788213)
(-1575700.62856415,-121975.778588484,739263.532915173)
(-2239459.21862989,-136249.524059557,572049.972112757)
(-3182792.81567124,-84516.1841081281,-894482.241542918)
(-3885919.30178084,-35281.517108209,-7709113.87956783)
(0,0,0)
(0,0,0)
(0,0,0)
(0,0,0)
(0,0,0)
(0,0,0)
(-608837.634984901,263872.78629463,51437.7570614314)
(-629828.516483622,252183.31724285,106572.317921861)
(-678257.433818043,225576.437855909,169778.575263581)
(-769912.931024981,176134.081809922,247700.100030262)
(-935647.150679413,89352.9188093223,353588.595006635)
(-1229115.12813982,-53653.8381784369,512855.406292862)
(-1715611.27169429,-239530.522063776,725168.234166215)
(-2361861.98249976,-265617.549322429,624050.8856724)
(-3236491.77034609,-135919.009999499,-844876.814233068)
(-3903117.62055799,-47502.9655881926,-7673317.25905446)
(0,0,0)
(0,0,0)
(0,0,0)
(0,0,0)
(0,0,0)
(0,0,0)
(-701855.647254478,384024.387908466,39765.4585762031)
(-721726.403583937,371700.105859679,79956.3550804968)
(-768782.817053779,343533.995223823,120384.300902706)
(-862319.504410845,290175.634946471,161035.892303153)
(-1046538.62522433,190733.303282896,210691.305984583)
(-1420468.02827781,848.385119250138,327088.576822231)
(-2150392.22800839,-335001.283478618,699293.479537113)
(-2762628.44894426,-387712.985749449,754053.548145083)
(-3371030.16531374,-134231.689566875,-756055.013511171)
(-3940023.40869958,-29148.5108337056,-7625251.87341047)
(0,0,0)
(0,0,0)
(0,0,0)
(0,0,0)
(0,0,0)
(0,0,0)
(-858144.236995153,523207.492704819,27516.0104730755)
(-876372.461194634,512683.523300829,51867.0928147975)
(-920801.47598406,489375.355753374,67170.9994022745)
(-1014360.49423635,447942.186834197,61780.8132163744)
(-1220428.49455989,379138.040016623,21005.260203552)
(-1748001.54628024,273930.028414264,-8574.97350382845)
(-3472440.57048669,153850.618431846,646820.341666712)
(-4118838.88575788,99505.1465761909,1007840.99124234)
(-3635049.53858031,87518.8920157166,-650589.297763063)
(-4000552.98522985,55495.5297200991,-7595600.30874033)
(0,0,0)
(0,0,0)
(0,0,0)
(0,0,0)
(0,0,0)
(0,0,0)
(-1115730.57740745,664502.038355633,17008.103267241)
(-1131684.99558422,657059.153205251,28640.2657323987)
(-1171490.99204878,641612.477870202,25913.2603016141)
(-1258497.1472344,616749.769850281,-6824.38115170948)
(-1458871.59915684,579468.196106249,-83947.3049359459)
(-1985208.66899565,523780.112844796,-128312.37398019)
(-3625922.7283917,444831.742852274,592754.139436929)
(-4218213.84828226,399615.77697116,996179.881554704)
(-3758163.18209554,288602.309921696,-682243.148430804)
(-4061105.40696974,143788.444088468,-7650684.68930238)
(0,0,0)
(0,0,0)
(0,0,0)
(0,0,0)
(0,0,0)
(0,0,0)
(-1536889.58355853,741056.865733106,9611.57672981215)
(-1550004.24452712,736804.094021435,13263.9431623934)
(-1583466.34781067,729581.473756502,1156.42270456689)
(-1659291.01037567,722416.036827538,-43960.3886435088)
(-1843306.3208826,720663.073088024,-139415.501450733)
(-2358804.76750757,727906.452576733,-206932.189221394)
(-4070335.61989379,729208.761674946,547791.454822721)
(-4617753.74734875,835556.225551955,885423.938918993)
(-3944156.42889016,467000.012509056,-826786.055708878)
(-4161003.5253091,193875.827250676,-7794186.4407)
(0,0,0)
(0,0,0)
(0,0,0)
(0,0,0)
(0,0,0)
(0,0,0)
(-2209104.12176388,508042.853811039,5497.25541793548)
(-2218960.92815385,505970.967145491,6162.25573367904)
(-2244485.37059801,504371.690196002,-5897.95108554967)
(-2303940.01332182,510631.203483774,-45531.0389314633)
(-2456246.67875826,544160.623706497,-131949.069178148)
(-2929281.80980379,651212.411509412,-205346.625769658)
(-4799171.85980736,881111.365701426,654401.14515582)
(-3911107.01536089,566412.753806144,517141.735055275)
(-4092075.39966909,208911.982368329,-1099633.59221586)
(-4315478.0308597,2039.2025964624,-7987809.69225289)
(0,0,0)
(0,0,0)
(0,0,0)
(0,0,0)
(0,0,0)
(0,0,0)
(-3173191.86935672,-987092.208666505,3539.59427698868)
(-3179586.86919067,-988832.787003621,4718.50076779763)
(-3195922.63201488,-990498.955416852,517.360128662632)
(-3232466.26805371,-987713.277034256,-11785.158783487)
(-3316379.7449506,-972205.105609455,-24659.0059936221)
(-3517045.61430628,-935414.347583084,24780.1962987075)
(-3955572.74097777,-908589.137058136,339899.965510627)
(-4098895.85544787,-1112699.40289361,159911.267737724)
(-4475740.13397785,-1297699.88989288,-1306240.66268567)
(-4546366.48276795,-1128566.05469473,-7989586.82975244)
(0,0,0)
(0,0,0)
(0,0,0)
(0,0,0)
(0,0,0)
(0,0,0)
(-3885861.80951521,-7808620.70163208,1944.88563696134)
(-3888974.94757242,-7810784.74011178,3233.20719507826)
(-3896790.53832629,-7814262.10018354,3464.26897666106)
(-3913663.90910727,-7817876.80990435,3881.5248857155)
(-3949728.78839542,-7821923.68448116,12267.4785632057)
(-4025351.70267815,-7834357.17746578,51719.0250551638)
(-4164948.82131022,-7886204.7358366,135931.38991082)
(-4320126.91955428,-8022266.50650977,-24899.5715433056)
(-4547739.53518493,-7997493.35970557,-1136921.43513399)
(-4388674.99178719,-6860688.11648043,-6860799.76578833)
(0,0,0)
(0,0,0)
(0,0,0)
(0,0,0)
(0,0,0)
(0,0,0)
(0,0,0)
(0,0,0)
(0,0,0)
(0,0,0)
(0,0,0)
(0,0,0)
(0,0,0)
(0,0,0)
(0,0,0)
(0,0,0)
(0,0,0)
(0,0,0)
(0,0,0)
(0,0,0)
(0,0,0)
(0,0,0)
(0,0,0)
(0,0,0)
(0,0,0)
(0,0,0)
(0,0,0)
(0,0,0)
(0,0,0)
(0,0,0)
(0,0,0)
(0,0,0)
(0,0,0)
(0,0,0)
(0,0,0)
(0,0,0)
(0,0,0)
(0,0,0)
(0,0,0)
(0,0,0)
(0,0,0)
(0,0,0)
(0,0,0)
(0,0,0)
(0,0,0)
(0,0,0)
(0,0,0)
(0,0,0)
(0,0,0)
(0,0,0)
(0,0,0)
(0,0,0)
(0,0,0)
(0,0,0)
(0,0,0)
(0,0,0)
(0,0,0)
(0,0,0)
(0,0,0)
(0,0,0)
(0,0,0)
(0,0,0)
(0,0,0)
(0,0,0)
(0,0,0)
(0,0,0)
(0,0,0)
(0,0,0)
(0,0,0)
(0,0,0)
(0,0,0)
(0,0,0)
(0,0,0)
(0,0,0)
(0,0,0)
(0,0,0)
(0,0,0)
(0,0,0)
(0,0,0)
(0,0,0)
(0,0,0)
(0,0,0)
(0,0,0)
(0,0,0)
(0,0,0)
(0,0,0)
(0,0,0)
(0,0,0)
(0,0,0)
(0,0,0)
(0,0,0)
(0,0,0)
(0,0,0)
(0,0,0)
(0,0,0)
(0,0,0)
(0,0,0)
(0,0,0)
(0,0,0)
(0,0,0)
(0,0,0)
(0,0,0)
(-630978.312960457,54557.3029243488,42905.3645732897)
(-649729.959149238,50256.3947179489,86823.0263714286)
(-690974.299570689,40510.3817732278,131921.974664096)
(-762867.275727877,22776.4669914747,175960.039668998)
(-878842.408398087,-6399.93767149026,209976.07757268)
(-1057267.28803187,-48179.5324639265,205181.670848416)
(-1313794.19948944,-90097.0490707825,75231.7015667729)
(-1631791.71897771,-90267.2631347137,-406821.487822173)
(-1885971.67280493,-55440.5829247248,-1630475.15859505)
(-1638763.15469069,-23500.1442901527,-3847893.79437952)
(0,0,0)
(0,0,0)
(0,0,0)
(0,0,0)
(0,0,0)
(0,0,0)
(-652194.963090821,111365.817266108,38599.8580124616)
(-669907.423120329,103260.749026611,77021.9963722214)
(-708855.324815196,84428.8902871014,114143.495624181)
(-776929.498223557,48456.518646378,146780.199766006)
(-887633.943538905,-16391.0406001482,168241.770057934)
(-1060913.86293967,-124614.716870975,163378.590122486)
(-1315728.14712654,-261893.335357803,75202.3949718982)
(-1624038.39693028,-258676.521792143,-371809.168070281)
(-1873466.41426089,-138246.59412859,-1598329.55827674)
(-1631062.54970677,-52527.2367478251,-3824159.21789321)
(0,0,0)
(0,0,0)
(0,0,0)
(0,0,0)
(0,0,0)
(0,0,0)
(-698650.75304254,170697.969940203,30480.9653835485)
(-714328.424710648,160116.215847496,58125.4067896878)
(-748702.140885866,134893.064611631,78105.93953298)
(-808912.45334371,83624.0227600071,81937.9577380807)
(-908584.699726673,-21589.7749024745,60074.241087665)
(-1074765.40727482,-245088.67704113,26198.4803928002)
(-1355474.28777664,-674389.827670895,78557.9887882446)
(-1624403.10814421,-666458.237677156,-251119.169682308)
(-1843062.48053521,-270549.958481493,-1512245.09514028)
(-1612263.30204937,-84479.2214798599,-3771147.42891688)
(0,0,0)
(0,0,0)
(0,0,0)
(0,0,0)
(0,0,0)
(0,0,0)
(-778646.342099148,227558.892032844,19929.7727520363)
(-791476.002724481,216876.515770703,32919.0719693795)
(-819188.042589924,191348.399251328,26868.9628658306)
(-866662.336438184,138013.571091442,-23177.7534382642)
(-944783.679555587,16749.2294171528,-163271.703426632)
(-1099019.50751623,-326817.365550829,-402991.53567852)
(-1657227.20925558,-1657199.05435162,86652.6722493974)
(-1743464.29876574,-1744031.74722477,145062.031618483)
(-1772336.07663102,-398359.521202164,-1325822.49434357)
(-1574343.92929333,-89776.4620520089,-3686204.73317772)
(0,0,0)
(0,0,0)
(0,0,0)
(0,0,0)
(0,0,0)
(0,0,0)
(-905227.248662888,265339.535660778,9302.36803979833)
(-914712.085656447,257087.700730369,7430.8075419449)
(-934067.660689998,238421.666930267,-26376.2754310498)
(-962023.588835099,203568.985664805,-144268.595405661)
(-981837.763733701,140472.946770384,-506583.043585087)
(-884695.48622277,36464.976070919,-1733171.44526431)
(3.90960625441489e-05,9.90100186480016e-06,-2.55020472545725e-05)
(452.62352554587,-27.0216510663613,1490977.7507638)
(-1489847.0585817,-35691.8618669129,-1016892.3885701)
(-1506114.38599618,-5123.7769096384,-3595983.67294616)
(0,0,0)
(0,0,0)
(0,0,0)
(0,0,0)
(0,0,0)
(0,0,0)
(-1094503.48254037,243067.178129029,1045.26266467304)
(-1100785.96379541,238435.570800501,-11201.6391942727)
(-1112482.12769285,229331.37933587,-61120.2159558004)
(-1124526.18504671,215667.585791554,-207189.778270237)
(-1110098.88589212,194788.247237922,-610277.792002508)
(-939779.809434213,149911.823437264,-1769153.49893029)
(3.57115874047706e-05,1.22446257230173e-05,-1.89801993508063e-05)
(404.363387494139,-131.798233673777,1455629.71550277)
(-1454760.30605098,102493.320348316,-985958.342757007)
(-1505554.49836572,43852.3608093977,-3590485.38907999)
(0,0,0)
(0,0,0)
(0,0,0)
(0,0,0)
(0,0,0)
(0,0,0)
(-1358769.29984362,68480.6665695993,-3533.77215547275)
(-1362354.72207976,67495.1208520121,-20242.8446543529)
(-1367878.75473534,68205.2916154286,-74704.3500092297)
(-1367803.70296354,77414.1058946408,-227938.177524449)
(-1328948.22148777,107385.585036643,-654893.614718002)
(-1102309.40974379,157078.026066128,-1918555.17511065)
(0.000100851062714913,-3.80136581111003e-05,-2.89943841495713e-05)
(521.64009300904,1541912.20036235,1558559.32742027)
(-1557707.25902107,318893.069487968,-1044289.59158848)
(-1566714.66904004,39305.925209496,-3634032.01225766)
(0,0,0)
(0,0,0)
(0,0,0)
(0,0,0)
(0,0,0)
(0,0,0)
(-1679555.295212,-456651.491371652,-4416.66861063441)
(-1681237.58229984,-455214.034498069,-19430.8591145697)
(-1682686.23195642,-447608.174498846,-65416.5316418956)
(-1675687.13988535,-418429.108706248,-197826.190477478)
(-1625208.96874903,-316480.622116611,-604997.693333462)
(-1364836.26730713,62996.6232556636,-2075361.83301966)
(746.019539543806,1724265.88380304,1542162.66476823)
(-1541110.27746462,378281.762882345,335796.364351944)
(-1938829.57121541,-174987.949759098,-1323568.44485467)
(-1697697.69740687,-228983.481979485,-3673059.37111854)
(0,0,0)
(0,0,0)
(0,0,0)
(0,0,0)
(0,0,0)
(0,0,0)
(-1926352.39568089,-1700590.59222111,-2900.37282636609)
(-1927029.40547564,-1698985.7276749,-11686.1433645466)
(-1927040.364908,-1692069.61506471,-36106.96990555)
(-1921705.82127578,-1669589.01281126,-95707.5125784603)
(-1897054.4675109,-1606195.97160259,-225317.440532164)
(-1821201.50046117,-1444309.88345141,-413855.047670211)
(-1722983.57297113,-1118524.95593313,196346.624059317)
(-1972647.07175966,-1334388.66638452,-217231.730362023)
(-2120626.31293646,-1370046.94932767,-1377286.55183483)
(-1737751.24946669,-971070.75275065,-3443814.51436494)
(0,0,0)
(0,0,0)
(0,0,0)
(0,0,0)
(0,0,0)
(0,0,0)
(-1661469.54928764,-3923806.07879291,-1176.77365574465)
(-1661718.63474145,-3922814.78867803,-4604.02548358328)
(-1661625.56487193,-3918386.83378788,-13451.7802147829)
(-1659497.21043407,-3905044.74271405,-32162.7489851672)
(-1651766.21086504,-3873015.4909196,-63305.8071985473)
(-1635205.64361911,-3809846.32153462,-87915.4281743858)
(-1629951.87460201,-3722075.73177326,-19361.5990424369)
(-1718375.72904424,-3702826.90901112,-252674.546925848)
(-1742120.42577945,-3450263.66778748,-978076.937871514)
(-1393030.73856878,-2472315.83368363,-2472476.11015693)
(0,0,0)
(0,0,0)
(0,0,0)
(0,0,0)
(0,0,0)
(0,0,0)
(0,0,0)
(0,0,0)
(0,0,0)
(0,0,0)
(0,0,0)
(0,0,0)
(0,0,0)
(0,0,0)
(0,0,0)
(0,0,0)
(0,0,0)
(0,0,0)
(0,0,0)
(0,0,0)
(0,0,0)
(0,0,0)
(0,0,0)
(0,0,0)
(0,0,0)
(0,0,0)
(0,0,0)
(0,0,0)
(0,0,0)
(0,0,0)
(0,0,0)
(0,0,0)
(0,0,0)
(0,0,0)
(0,0,0)
(0,0,0)
(0,0,0)
(0,0,0)
(0,0,0)
(0,0,0)
(0,0,0)
(0,0,0)
(0,0,0)
(0,0,0)
(0,0,0)
(0,0,0)
(0,0,0)
(0,0,0)
(0,0,0)
(0,0,0)
(0,0,0)
(0,0,0)
(0,0,0)
(0,0,0)
(0,0,0)
(0,0,0)
(0,0,0)
(0,0,0)
(0,0,0)
(0,0,0)
(0,0,0)
(0,0,0)
(0,0,0)
(0,0,0)
(0,0,0)
(0,0,0)
(0,0,0)
(0,0,0)
(0,0,0)
(0,0,0)
(0,0,0)
(0,0,0)
(0,0,0)
(0,0,0)
(0,0,0)
(0,0,0)
(0,0,0)
(0,0,0)
(0,0,0)
(0,0,0)
(0,0,0)
(0,0,0)
(0,0,0)
(0,0,0)
(0,0,0)
(0,0,0)
(0,0,0)
(0,0,0)
(0,0,0)
(0,0,0)
(0,0,0)
(0,0,0)
(0,0,0)
(0,0,0)
(0,0,0)
(0,0,0)
(0,0,0)
(0,0,0)
(0,0,0)
(0,0,0)
(0,0,0)
(0,0,0)
(-688457.658557686,33283.9907043186,24195.3548929108)
(-701182.242763901,30037.983404561,45609.6551030143)
(-727966.501457382,22585.0667632994,60016.7902264041)
(-771452.588970018,8705.32888647701,59896.7745820691)
(-835267.53575307,-15146.963217359,31468.8651544103)
(-922584.074591822,-51767.147264935,-51447.2010207043)
(-1030236.99471717,-91999.7176082823,-243004.688184693)
(-1130773.89671948,-82525.9160129365,-661496.594429986)
(-1120672.63896767,-42938.1555703043,-1383857.47269694)
(-796927.341771049,-15817.7062066676,-2209875.57940989)
(0,0,0)
(0,0,0)
(0,0,0)
(0,0,0)
(0,0,0)
(0,0,0)
(-704629.462865868,64790.3482485136,20928.1422308507)
(-715759.819943229,58729.7452485602,38088.7772097484)
(-738685.67701039,44450.6125398878,46053.5836283532)
(-774558.607956652,16383.3625778677,36004.6596700616)
(-824298.533071063,-37338.7839975436,-5138.93001759648)
(-887779.886707182,-138435.199203706,-91604.8543113192)
(-964295.250246398,-301628.696639213,-233408.772160531)
(-1059125.1385232,-259093.258503907,-621754.68807663)
(-1073705.46272502,-107894.770183869,-1356559.02499895)
(-775772.039726461,-33791.2620444851,-2193875.97914143)
(0,0,0)
(0,0,0)
(0,0,0)
(0,0,0)
(0,0,0)
(0,0,0)
(-739148.1854464,90448.6931645504,14839.087487822)
(-747239.365222701,82747.6161317821,23732.1571166563)
(-762621.26866581,64226.6836696342,17875.2137668556)
(-782657.703463797,25762.4791373361,-17758.6526725248)
(-799662.07240325,-57836.7541114637,-106183.309882027)
(-795305.273989946,-269374.925443403,-254703.716927196)
(-744901.856925211,-976183.857055412,-190720.987362423)
(-818309.535287501,-785606.059962906,-470301.758760134)
(-939227.469585137,-199925.61012992,-1282105.92976417)
(-721848.059770288,-46643.8251853701,-2159668.60890238)
(0,0,0)
(0,0,0)
(0,0,0)
(0,0,0)
(0,0,0)
(0,0,0)
(-796081.763545846,100737.603572147,7146.51103910291)
(-800192.777999168,93415.556385549,5195.34606001803)
(-805408.957031434,76256.5679265743,-20613.6237554085)
(-802689.755096733,42489.3650327234,-101313.090992249)
(-765946.566920823,-20425.1965488076,-317561.761189679)
(-611995.947387049,-112584.657989085,-961375.588773177)
(1.79850769997336e-05,1.65482054497133e-06,-7.89766587790733e-06)
(132.507276898563,-183.222546275007,115636.938778658)
(-612166.761117915,-115963.446627782,-1128494.54023659)
(-615207.045552383,-21634.5219309525,-2112640.72723198)
(0,0,0)
(0,0,0)
(0,0,0)
(0,0,0)
(0,0,0)
(0,0,0)
(-880062.158147096,75726.6629903519,-154.149933992472)
(-880122.098987911,70662.6714961944,-11991.251713179)
(-875135.800737914,59705.0266288418,-54371.5703675322)
(-850602.271986794,40811.5448942975,-164115.067077414)
(-768882.37390147,12003.8859771288,-409499.539435569)
(-539378.489472381,-18783.860840931,-848617.333334091)
(-2.94677611902153e-06,9.78491265795781e-07,4.54766740205505e-05)
(4.37268497220062e-05,4.5778719901355e-06,-1.85807400646729e-06)
(198.847830517163,-635.496383517377,-1033834.33731041)
(-466387.360492718,-4592.40672662974,-2090603.47801816)
(0,0,0)
(0,0,0)
(0,0,0)
(0,0,0)
(0,0,0)
(0,0,0)
(-992016.214254182,-21538.7045419437,-5221.90075389533)
(-988871.087718057,-23502.7257248343,-22971.3796102197)
(-976164.322982108,-26366.1672659947,-73217.990426128)
(-936284.127492434,-27869.2495368465,-192779.25354926)
(-826577.546063225,-24302.4004000166,-439994.307000998)
(-556272.542179054,-12830.5098371595,-829454.925259922)
(9.3663478908018e-08,3.39922600468513e-06,3.58808787427076e-05)
(3.23492900789711e-05,1.06441955988676e-05,-1.96380563850831e-06)
(425.917343828212,-513.377256145702,-1037394.05782697)
(-444579.067650285,-17328.904100911,-2085632.99116813)
(0,0,0)
(0,0,0)
(0,0,0)
(0,0,0)
(0,0,0)
(0,0,0)
(-1120458.56487302,-252714.609056863,-7134.83045567957)
(-1115401.14027248,-251785.504272266,-25805.6337155236)
(-1098449.87184349,-246954.254690404,-74646.4291829736)
(-1050449.7129382,-230809.061797915,-189060.606947236)
(-924813.558014448,-189234.330747065,-428263.340073511)
(-621339.878188163,-105873.126874093,-816190.254592223)
(4.99568098493541e-06,5.84820165088543e-05,4.34839850155585e-05)
(5.62402219933509e-05,-7.96929968881338e-07,-1.20172940983438e-06)
(727.380696386792,-62384.8428074551,-1053853.61561911)
(-478208.926218886,-91748.0050305133,-2067940.25751066)
(0,0,0)
(0,0,0)
(0,0,0)
(0,0,0)
(0,0,0)
(0,0,0)
(-1222055.02243537,-704074.593441002,-6140.28839249629)
(-1216666.652984,-701569.101354851,-20927.6206257674)
(-1199630.59527919,-692482.114993335,-58455.3970000524)
(-1152648.29071736,-664949.692746739,-147353.615219222)
(-1028280.77474573,-588817.865716605,-344698.274252976)
(-711656.687731216,-393847.147250681,-709903.833452303)
(6.81399446169375e-05,-2.73005536340707e-06,-4.84901647032931e-06)
(267.821864800482,-53551.676532242,-62268.9335644492)
(-623614.409070368,-356957.549827008,-1082911.38868994)
(-627328.85764631,-269142.656886378,-1975885.57659465)
(0,0,0)
(0,0,0)
(0,0,0)
(0,0,0)
(0,0,0)
(0,0,0)
(-1190216.70134704,-1436590.017708,-3620.27006685368)
(-1185998.48882718,-1434451.45757908,-11768.8304910918)
(-1173095.85607795,-1427352.38649076,-30843.0678237236)
(-1138366.56861198,-1408042.43673527,-71089.5764989936)
(-1045877.13440744,-1361537.65615978,-149547.119159281)
(-789938.950815107,-1258891.76495411,-315765.051101901)
(262.986451829903,-1026030.90419196,-53490.4084179315)
(-633649.159938023,-1080553.62822906,-365486.36854277)
(-856409.916254894,-991862.886401032,-994797.428650311)
(-668663.818043872,-626533.197141995,-1706494.3198175)
(0,0,0)
(0,0,0)
(0,0,0)
(0,0,0)
(0,0,0)
(0,0,0)
(-833327.867982794,-2263297.27215977,-1434.42685307856)
(-831117.105658053,-2261945.09945334,-4542.3140622218)
(-824628.301143605,-2257520.99404067,-11370.9702406369)
(-808221.921278594,-2246253.46678879,-24435.2293426042)
(-769022.739947816,-2221954.82247546,-46761.5339441222)
(-682792.207406131,-2175346.80000177,-82719.9351094545)
(-538071.010249421,-2092767.12713854,-107864.576515482)
(-645260.1722875,-1984958.72018946,-276575.041311825)
(-672888.41487653,-1708477.26362546,-629192.674990335)
(-489583.346164267,-1079468.38496114,-1079704.87957571)
(0,0,0)
(0,0,0)
(0,0,0)
(0,0,0)
(0,0,0)
(0,0,0)
(0,0,0)
(0,0,0)
(0,0,0)
(0,0,0)
(0,0,0)
(0,0,0)
(0,0,0)
(0,0,0)
(0,0,0)
(0,0,0)
(0,0,0)
(0,0,0)
(0,0,0)
(0,0,0)
(0,0,0)
(0,0,0)
(0,0,0)
(0,0,0)
(0,0,0)
(0,0,0)
(0,0,0)
(0,0,0)
(0,0,0)
(0,0,0)
(0,0,0)
(0,0,0)
(0,0,0)
(0,0,0)
(0,0,0)
(0,0,0)
(0,0,0)
(0,0,0)
(0,0,0)
(0,0,0)
(0,0,0)
(0,0,0)
(0,0,0)
(0,0,0)
(0,0,0)
(0,0,0)
(0,0,0)
(0,0,0)
(0,0,0)
(0,0,0)
(0,0,0)
(0,0,0)
(0,0,0)
(0,0,0)
(0,0,0)
(0,0,0)
(0,0,0)
(0,0,0)
(0,0,0)
(0,0,0)
(0,0,0)
(0,0,0)
(0,0,0)
(0,0,0)
(0,0,0)
(0,0,0)
(0,0,0)
(0,0,0)
(0,0,0)
(0,0,0)
(0,0,0)
(0,0,0)
(0,0,0)
(0,0,0)
(0,0,0)
(0,0,0)
(0,0,0)
(0,0,0)
(0,0,0)
(0,0,0)
(0,0,0)
(0,0,0)
(0,0,0)
(0,0,0)
(0,0,0)
(0,0,0)
(0,0,0)
(0,0,0)
(0,0,0)
(0,0,0)
(0,0,0)
(0,0,0)
(0,0,0)
(0,0,0)
(0,0,0)
(0,0,0)
(0,0,0)
(0,0,0)
(0,0,0)
(0,0,0)
(0,0,0)
(0,0,0)
(-717206.005060434,17197.2767665063,11551.0697362472)
(-724076.303385962,15519.8176339989,18925.31272431)
(-737458.29061778,11882.4213628101,16534.680521896)
(-756459.428692925,5613.65346884373,-4072.13322404215)
(-779213.500548727,-4127.64607393888,-55998.5223544496)
(-802473.028664522,-16901.9057659285,-159207.662515815)
(-819641.154380346,-26022.559413782,-343780.943438863)
(-811872.409315736,-10864.8807665112,-651817.550076097)
(-716003.772040604,4045.85167551823,-1060532.26867866)
(-449309.193856019,5326.81982282825,-1413477.23641657)
(0,0,0)
(0,0,0)
(0,0,0)
(0,0,0)
(0,0,0)
(0,0,0)
(-727622.369158769,30327.0318639538,9863.15119545603)
(-732859.943660181,27273.8284696049,15209.2640768031)
(-742239.737692068,20491.6412696946,10154.1048515986)
(-753161.380225024,8244.66067185973,-13874.130083048)
(-760853.460595656,-12674.5362485046,-68772.3123838896)
(-759295.853293616,-45881.4160143914,-168276.835548993)
(-747891.790408968,-82173.2386644416,-328529.616135759)
(-743490.148716242,-18254.9820587645,-636774.504650464)
(-673951.027518157,26594.8284982462,-1059077.91668004)
(-430964.561987012,20097.6827883631,-1418656.25738502)
(0,0,0)
(0,0,0)
(0,0,0)
(0,0,0)
(0,0,0)
(0,0,0)
(-749016.756522621,33394.8764046929,6800.72653548564)
(-751213.982481887,29699.7303565782,8349.44190769833)
(-752907.242698906,21339.6820429304,-2212.62483243957)
(-747383.034933776,5633.77839748786,-34876.411088093)
(-721104.205078901,-24149.8888784272,-101958.925782521)
(-652669.879102478,-86016.1076105926,-204459.629073794)
(-535937.584254227,-231195.667195179,-264401.473214041)
(-542206.760178569,32865.5652108754,-591624.795592612)
(-566162.247422856,127116.170355576,-1065211.35961223)
(-388501.224683747,59949.2456229571,-1438409.75753335)
(0,0,0)
(0,0,0)
(0,0,0)
(0,0,0)
(0,0,0)
(0,0,0)
(-782315.978912269,16545.5313103094,3083.56046080209)
(-780667.030832133,13298.7666864064,-41.2230360594524)
(-772451.228961003,6299.41701813055,-17958.6860816928)
(-744726.666849337,-5629.26207579745,-64658.7338558025)
(-667603.078238477,-23471.4257953729,-163680.6856212)
(-472249.12635695,-40002.4363567522,-349441.17790514)
(1.46232331817481e-05,1.48466163661354e-06,3.73911162803151e-06)
(489.85695319751,-314.694880120725,-497015.776884043)
(-346419.659354462,496363.705721934,-1132010.41401386)
(-316407.932059245,127144.420079899,-1498004.70196393)
(0,0,0)
(0,0,0)
(0,0,0)
(0,0,0)
(0,0,0)
(0,0,0)
(-826769.928926692,-36569.9970754658,-176.700834624241)
(-821522.053705154,-38401.2836121864,-7076.69581878718)
(-804390.085988726,-41617.9691071601,-29905.0244426855)
(-758572.654688646,-45118.9800799427,-82444.9237366889)
(-648914.944353439,-45856.716756678,-180027.062323416)
(-414360.746363809,-35788.1135506173,-309259.128238124)
(-2.81808824998289e-06,1.58619002755828e-07,2.27111436591508e-06)
(3.87512170632386e-05,6.26101923680798e-07,7.14732226167242e-06)
(240.147476310474,-420.389863687291,-1500872.93147881)
(-232584.924812118,17212.1428794882,-1624743.08995899)
(0,0,0)
(0,0,0)
(0,0,0)
(0,0,0)
(0,0,0)
(0,0,0)
(-876310.400525231,-150259.28698063,-2016.52382378618)
(-868627.741274562,-150332.862811013,-10328.2910684567)
(-845803.847516138,-148909.128215671,-33397.60742592)
(-789461.278110579,-142253.127430509,-83086.3094572106)
(-663109.327843069,-122717.683341529,-169693.561092513)
(-410556.46461545,-78045.0220252965,-273152.730181439)
(-2.81145990674164e-07,1.39918141322019e-06,-2.50384180082862e-11)
(2.70876171483813e-05,8.88861679896749e-07,4.99888813595647e-06)
(272.263522692171,-277.058039257213,-1482927.97343044)
(-217732.348731768,-50982.5119417678,-1641580.0375277)
(0,0,0)
(0,0,0)
(0,0,0)
(0,0,0)
(0,0,0)
(0,0,0)
(-913951.169465332,-354705.164313004,-2061.5180753299)
(-905413.080705933,-353474.000831878,-8908.43962101544)
(-881062.901148501,-348507.469953937,-26697.0685777359)
(-822654.547578746,-333313.341199231,-63432.0201684695)
(-693245.445038702,-292956.562770707,-124761.253715038)
(-432991.481242554,-196410.39594937,-194744.276736571)
(3.57608986197574e-06,3.53515330891213e-06,-2.96071001333541e-11)
(4.70831598951911e-05,2.73745756708727e-06,7.30843660386896e-06)
(455.968141973821,-686855.634613481,-1533357.12277978)
(-231394.909943754,-240903.862474075,-1590249.78852263)
(0,0,0)
(0,0,0)
(0,0,0)
(0,0,0)
(0,0,0)
(0,0,0)
(-903198.01682195,-672790.550030272,-771.619896147415)
(-895523.621282402,-671448.013756435,-3940.6386731785)
(-874136.583990756,-666445.932803141,-11496.1871124117)
(-823387.684757092,-651096.128657635,-22974.005614272)
(-709353.146871491,-606799.572642109,-28058.6236171026)
(-465510.256167479,-472487.113274677,1871.66214446973)
(5.93565017715864e-05,9.82138654812782e-06,2.52066922889449e-06)
(257.205828329415,-687745.921566955,-686525.721530475)
(-319999.299574087,-589919.456338868,-1087077.00930136)
(-295729.279791518,-310549.786278287,-1349030.66335194)
(0,0,0)
(0,0,0)
(0,0,0)
(0,0,0)
(0,0,0)
(0,0,0)
(-783112.425648584,-1080479.60598397,584.780255248824)
(-777646.703477264,-1080300.44361,1085.42475889117)
(-762803.973058119,-1079530.90445221,3878.51338812922)
(-728547.390304153,-1078452.88885689,21416.0952795684)
(-652448.38714277,-1085180.83120254,106368.606575331)
(-478305.639387907,-1152184.3471151,474432.528988548)
(642.166774402633,-1564756.56402966,-687519.090234526)
(-327889.839006551,-1092556.18173101,-588468.151001939)
(-418764.389360606,-808645.900745768,-807387.233489324)
(-300785.564999385,-447617.048971828,-1038198.22384029)
(0,0,0)
(0,0,0)
(0,0,0)
(0,0,0)
(0,0,0)
(0,0,0)
(-483707.869004466,-1430860.06982739,760.46486509755)
(-480953.918397285,-1431613.24892894,1910.08292326801)
(-473714.899031353,-1433564.79817385,5030.57453264934)
(-457813.776685216,-1438621.58184326,14791.1229256411)
(-425393.936252797,-1453496.65732949,39478.1453575831)
(-364380.526083386,-1493095.41092342,61977.52784315)
(-270527.677840131,-1555174.18198213,-215148.186613666)
(-308509.311387159,-1340110.44456558,-304344.784679431)
(-303925.037129483,-1035888.94532183,-446065.117850417)
(-202924.145650763,-590041.57496724,-590299.792368513)
(0,0,0)
(0,0,0)
(0,0,0)
(0,0,0)
(0,0,0)
(0,0,0)
(0,0,0)
(0,0,0)
(0,0,0)
(0,0,0)
(0,0,0)
(0,0,0)
(0,0,0)
(0,0,0)
(0,0,0)
(0,0,0)
(0,0,0)
(0,0,0)
(0,0,0)
(0,0,0)
(0,0,0)
(0,0,0)
(0,0,0)
(0,0,0)
(0,0,0)
(0,0,0)
(0,0,0)
(0,0,0)
(0,0,0)
(0,0,0)
(0,0,0)
(0,0,0)
(0,0,0)
(0,0,0)
(0,0,0)
(0,0,0)
(0,0,0)
(0,0,0)
(0,0,0)
(0,0,0)
(0,0,0)
(0,0,0)
(0,0,0)
(0,0,0)
(0,0,0)
(0,0,0)
(0,0,0)
(0,0,0)
(0,0,0)
(0,0,0)
(0,0,0)
(0,0,0)
(0,0,0)
(0,0,0)
(0,0,0)
(0,0,0)
(0,0,0)
(0,0,0)
(0,0,0)
(0,0,0)
(0,0,0)
(0,0,0)
(0,0,0)
(0,0,0)
(0,0,0)
(0,0,0)
(0,0,0)
(0,0,0)
(0,0,0)
(0,0,0)
(0,0,0)
(0,0,0)
(0,0,0)
(0,0,0)
(0,0,0)
(0,0,0)
(0,0,0)
(0,0,0)
(0,0,0)
(0,0,0)
(0,0,0)
(0,0,0)
(0,0,0)
(0,0,0)
(0,0,0)
(0,0,0)
(0,0,0)
(0,0,0)
(0,0,0)
(0,0,0)
(0,0,0)
(0,0,0)
(0,0,0)
(0,0,0)
(0,0,0)
(0,0,0)
(0,0,0)
(0,0,0)
(0,0,0)
(0,0,0)
(0,0,0)
(0,0,0)
(-728852.096543309,6871.18000132152,4774.91148154387)
(-731785.591459584,6810.77494018055,5673.42461498166)
(-736534.182105739,7151.02707937721,-2401.71097643625)
(-740865.424860689,8933.71219813514,-26929.4270068031)
(-741021.544364759,14263.0200335531,-79384.4032243215)
(-731700.516852643,26284.4079512426,-176441.322987446)
(-705577.634573584,45721.0352980275,-336225.878092233)
(-649374.950957128,57536.1721727589,-556259.508623598)
(-524305.95756161,46127.8853465722,-794085.208449172)
(-302593.060180837,23673.5300608261,-964474.872185168)
(0,0,0)
(0,0,0)
(0,0,0)
(0,0,0)
(0,0,0)
(0,0,0)
(-734372.093873123,8904.73976594309,4716.16494973215)
(-736186.705618332,8907.00299933292,5946.69884873369)
(-738247.561067278,9803.48569592773,-697.936392612076)
(-737262.848012735,13958.5930903089,-21621.3494970757)
(-727930.876031482,27022.6033021146,-67303.5173298127)
(-704118.816449999,60731.016611703,-156927.162833896)
(-664593.521394818,129805.51814831,-324309.914698338)
(-625839.900798695,183072.612060249,-567496.602503388)
(-513429.856885182,134439.631561,-816329.519350794)
(-298211.234357574,62575.2543417429,-987984.571261143)
(0,0,0)
(0,0,0)
(0,0,0)
(0,0,0)
(0,0,0)
(0,0,0)
(-744818.058691989,-2.40021580508697,4708.44215111491)
(-744558.374477708,191.193620791825,6768.64352547385)
(-741446.77506125,1732.53603568361,3379.12554805988)
(-729593.454876925,8163.34952518931,-8615.21094366924)
(-698345.126681943,29216.8014130605,-33568.4874515745)
(-632154.817257046,94383.1816570751,-87735.7143423734)
(-527929.617655587,304918.969715027,-270857.132507737)
(-589776.832279345,575615.09593136,-615829.544278071)
(-506575.079750622,346856.001680819,-887833.082070107)
(-295519.111277143,132010.098529805,-1050250.03966478)
(0,0,0)
(0,0,0)
(0,0,0)
(0,0,0)
(0,0,0)
(0,0,0)
(-759048.220140322,-28105.3941271942,4835.23513944195)
(-756189.199651518,-27720.2990185697,8268.89659818469)
(-746386.851850653,-25858.0333027796,9795.08882629643)
(-719478.322487574,-19732.2594470825,12442.3534368071)
(-652644.903500304,-4984.23071010265,31685.2108218059)
(-486909.441177353,17797.9924828503,122930.714816434)
(1.08243058459592e-05,-5.04307422395444e-06,7.39964683241727e-06)
(-684352.677695666,-822.281286142097,-844249.944298201)
(-584472.178368089,842976.771316232,-1102318.19491998)
(-315705.740513955,210930.519949931,-1181940.80788539)
(0,0,0)
(0,0,0)
(0,0,0)
(0,0,0)
(0,0,0)
(0,0,0)
(-773546.239358834,-86470.775982266,5141.69228720703)
(-768342.683101382,-85835.5956419659,10077.6183068362)
(-752678.309518999,-83394.8449907728,15902.653525103)
(-713252.45311005,-76364.3631410917,27214.5556405185)
(-620908.605316901,-60333.4492690158,54557.4351628875)
(-415013.249869789,-32154.6667237436,105162.597875462)
(-5.59191793495664e-06,-9.31479344618319e-07,-1.60389593607068e-06)
(2.61842867035119e-05,-2.84185507659779e-06,1.38729126317396e-05)
(-1065015.23496234,-422.432908860983,-1734002.74816998)
(-395175.609082161,32017.0525655616,-1392498.59651556)
(0,0,0)
(0,0,0)
(0,0,0)
(0,0,0)
(0,0,0)
(0,0,0)
(-780297.202434877,-188214.273488847,5730.2994162283)
(-773783.528876194,-187435.945168122,12486.4365440255)
(-755151.538629045,-184494.467987292,22933.7506534508)
(-710443.973350929,-175766.396895255,43318.479647966)
(-609920.003529907,-153139.404134086,82935.1101998769)
(-396620.676315171,-100673.941237625,137518.596413479)
(-1.05530603127252e-06,-5.79096877040894e-07,1.94229790109576e-12)
(1.85391010026104e-05,-3.70793148157185e-06,9.41459449304276e-06)
(-1008266.77683123,-141.845996725281,-1701274.31375073)
(-398144.434040848,-64676.3638702058,-1424168.81200589)
(0,0,0)
(0,0,0)
(0,0,0)
(0,0,0)
(0,0,0)
(0,0,0)
(-764269.067301386,-344369.335293306,6472.9596405236)
(-757768.225346362,-343994.054862395,15386.2139752233)
(-739877.887269764,-341958.64221172,31665.3743209132)
(-698369.517489243,-334398.118617054,66012.065953208)
(-606568.273472626,-309384.050509191,135579.54076224)
(-407298.934942952,-229176.970228116,238390.023453124)
(1.7625823313196e-06,6.08492517332541e-07,-2.13692768335999e-12)
(2.61494152161919e-05,4.7912164650585e-06,1.24345945954414e-05)
(-1104980.82296256,-1007422.96718116,-1765608.49413952)
(-397190.928970932,-305257.044569789,-1359231.79441275)
(0,0,0)
(0,0,0)
(0,0,0)
(0,0,0)
(0,0,0)
(0,0,0)
(-701206.989158231,-553221.724378658,6861.36142163833)
(-695980.510672957,-554062.231394248,17386.4273440507)
(-682362.628834701,-555560.597998705,39214.4279749804)
(-653012.580183821,-556658.803969128,91100.0087537802)
(-593234.35137711,-550294.591669535,215891.754419739)
(-460733.748312019,-485722.570770129,467660.847106291)
(3.45188220460394e-05,1.86044791960429e-05,5.39227551502812e-06)
(-812701.590633299,-1016253.4711743,-1007091.43500543)
(-582471.389264416,-688874.066038882,-1063168.24645739)
(-294768.854622021,-315682.960372073,-1053702.7558246)
(0,0,0)
(0,0,0)
(0,0,0)
(0,0,0)
(0,0,0)
(0,0,0)
(-560729.851455562,-781635.281475714,6030.98290402958)
(-557418.541509135,-784155.964808063,15896.5543497162)
(-549622.585253019,-790957.831098828,38112.3996447361)
(-536458.541067861,-808161.235538698,97525.9819780095)
(-527271.175992871,-858520.49703067,280574.676189248)
(-598291.227662299,-1038646.52673009,953484.22042359)
(-1236680.6987641,-1836326.44149734,-1016104.71832321)
(-607197.269906769,-1073541.71252102,-679509.04607626)
(-403383.353734929,-694075.10540973,-689689.042331102)
(-218551.744539843,-349885.197178815,-737720.625983892)
(0,0,0)
(0,0,0)
(0,0,0)
(0,0,0)
(0,0,0)
(0,0,0)
(-321017.315340773,-947812.772218658,3486.93707925417)
(-319463.008711134,-951273.227434783,9113.29001982533)
(-316049.275401544,-960421.411625529,20911.2469167161)
(-310961.886546406,-981319.844133749,47217.9653729611)
(-308697.471407614,-1028561.88920444,100562.892701539)
(-329162.090248604,-1129198.92484972,155896.854986399)
(-412652.559981343,-1285135.19714856,-253169.507221177)
(-303312.232113205,-1032039.68144864,-299868.617567522)
(-220383.525415826,-732265.167385429,-345220.067305478)
(-123270.950341591,-387249.770424067,-387508.689369394)
(0,0,0)
(0,0,0)
(0,0,0)
(0,0,0)
(0,0,0)
(0,0,0)
(0,0,0)
(0,0,0)
(0,0,0)
(0,0,0)
(0,0,0)
(0,0,0)
(0,0,0)
(0,0,0)
(0,0,0)
(0,0,0)
(0,0,0)
(0,0,0)
(0,0,0)
(0,0,0)
(0,0,0)
(0,0,0)
(0,0,0)
(0,0,0)
(0,0,0)
(0,0,0)
(0,0,0)
(0,0,0)
(0,0,0)
(0,0,0)
(0,0,0)
(0,0,0)
(0,0,0)
(0,0,0)
(0,0,0)
(0,0,0)
(0,0,0)
(0,0,0)
(0,0,0)
(0,0,0)
(0,0,0)
(0,0,0)
(0,0,0)
(0,0,0)
(0,0,0)
(0,0,0)
(0,0,0)
(0,0,0)
(0,0,0)
(0,0,0)
(0,0,0)
(0,0,0)
(0,0,0)
(0,0,0)
(0,0,0)
(0,0,0)
(0,0,0)
(0,0,0)
(0,0,0)
(0,0,0)
(0,0,0)
(0,0,0)
(0,0,0)
(0,0,0)
(0,0,0)
(0,0,0)
(0,0,0)
(0,0,0)
(0,0,0)
(0,0,0)
(0,0,0)
(0,0,0)
(0,0,0)
(0,0,0)
(0,0,0)
(0,0,0)
(0,0,0)
(0,0,0)
(0,0,0)
(0,0,0)
(0,0,0)
(0,0,0)
(0,0,0)
(0,0,0)
(0,0,0)
(0,0,0)
(0,0,0)
(0,0,0)
(0,0,0)
(0,0,0)
(0,0,0)
(0,0,0)
(0,0,0)
(0,0,0)
(0,0,0)
(0,0,0)
(0,0,0)
(0,0,0)
(0,0,0)
(0,0,0)
(0,0,0)
(0,0,0)
(-732247.619315074,1462.74316905798,1932.77960271308)
(-733364.44525063,2519.85793514932,991.77545861007)
(-734373.334025855,5532.23356436679,-6701.30618564364)
(-733011.665877647,12577.8068458076,-27132.8720144947)
(-725364.870386196,27336.2144468818,-70125.7604399384)
(-705236.528802459,53795.5909861699,-150385.339476295)
(-662425.75344138,86667.2707071307,-280204.49131563)
(-579220.572314329,81063.3567460758,-431422.2267045)
(-440128.546868682,56977.4106946712,-572577.048092101)
(-241007.785564777,28005.9764030895,-662168.299111246)
(0,0,0)
(0,0,0)
(0,0,0)
(0,0,0)
(0,0,0)
(0,0,0)
(-734330.983784377,-1605.21519503516,3026.84827534391)
(-735130.212008396,473.782994734057,4016.42960582577)
(-735563.486070905,6519.98459030329,344.603583520186)
(-733488.83690609,21503.5350523644,-12355.1357296827)
(-725840.29958347,56467.7354616294,-43577.233192439)
(-709003.402391102,132558.650802503,-117455.707067666)
(-676058.351635547,266390.518396407,-285714.124516214)
(-594278.717464765,219093.222683811,-455305.173787867)
(-451721.587954669,141282.579139938,-601318.611163649)
(-246793.548947147,65268.7824736822,-689999.102644673)
(0,0,0)
(0,0,0)
(0,0,0)
(0,0,0)
(0,0,0)
(0,0,0)
(-737233.817736104,-14302.4696055731,5113.01345465392)
(-737477.647763251,-11535.6190565674,10041.6887914976)
(-736833.911468439,-3361.08269835926,15309.8924873538)
(-733467.586878355,18079.2915497867,22608.2679913631)
(-726597.247069119,74735.8306301723,32592.2932099991)
(-723019.980111587,239505.803851949,16510.3030150927)
(-745038.003079264,832836.269309777,-332827.062474593)
(-651591.917727746,480933.662039858,-532852.416382235)
(-489982.000046394,268860.869879008,-677023.786825535)
(-264061.885440273,111769.600679927,-754981.83086865)
(0,0,0)
(0,0,0)
(0,0,0)
(0,0,0)
(0,0,0)
(0,0,0)
(-738466.696432393,-42724.1668782077,7840.17356470762)
(-738033.469279822,-40057.7294594644,18206.5535959191)
(-735888.883981469,-32404.1619458118,36751.6649741906)
(-730155.128770021,-13775.4698743571,79283.2326807741)
(-722611.088598667,26522.0638998255,197463.18450948)
(-749439.873832975,89467.497858226,610031.923158822)
(-1105854.57966623,-642.874792775975,-684449.759204385)
(-826596.388722313,683314.508995267,-744586.895133146)
(-588750.115980133,362325.926356489,-833774.013998592)
(-302656.244974291,131389.515645386,-866443.424503702)
(0,0,0)
(0,0,0)
(0,0,0)
(0,0,0)
(0,0,0)
(0,0,0)
(-733228.409575828,-93508.3612151638,10466.3645539547)
(-732158.00889149,-91608.508671677,25832.4695562737)
(-728329.676045542,-86269.1871531453,55348.861290144)
(-717306.591903638,-73966.7963506291,119594.326559998)
(-685574.151956858,-49709.3392913006,260491.276391089)
(-571196.275033988,-13996.1117550246,520137.911168532)
(1.9557022657787e-05,-1.06857922344252e-05,-1.65236411310803e-05)
(-1092102.61319789,-111.760817517297,-1065200.36498253)
(-759752.132199382,56239.1978066661,-1064376.73919566)
(-359603.734897756,28960.1358898561,-997519.233624532)
(0,0,0)
(0,0,0)
(0,0,0)
(0,0,0)
(0,0,0)
(0,0,0)
(-713637.300376383,-172505.801349003,12337.5380753429)
(-712382.807949281,-171808.141178303,31136.4496550554)
(-708244.594141172,-169649.384980974,67609.7029950149)
(-696585.46984717,-164097.978364906,143882.381505533)
(-661918.079984953,-150146.735063792,296317.853733069)
(-536992.131968423,-111574.202820082,534267.400451376)
(1.28763996865437e-05,-1.45932070705983e-05,-1.18339510671829e-05)
(-1026492.12209283,-62.7175796518231,-1008606.82456377)
(-772281.67207338,-96939.3101323497,-1091413.42138259)
(-370587.934075453,-63779.0753511407,-1026230.71010699)
(0,0,0)
(0,0,0)
(0,0,0)
(0,0,0)
(0,0,0)
(0,0,0)
(-668075.383665222,-281695.626548188,12996.141563014)
(-667162.806540303,-282645.954365595,33228.5359442429)
(-664511.478676527,-284905.571369899,73118.3137399313)
(-657736.69441326,-289472.197120951,157859.709419986)
(-637401.248175447,-296421.77252151,334967.72158052)
(-546891.913117261,-282892.780195665,645879.277130423)
(1.96388831618708e-05,-1.96295905342088e-05,-1.49853691928096e-05)
(-1130511.84302841,-813142.219194315,-1105307.53791043)
(-764035.046082419,-485123.69684179,-1058068.92808113)
(-353852.600852046,-202909.595897449,-962276.735653714)
(0,0,0)
(0,0,0)
(0,0,0)
(0,0,0)
(0,0,0)
(0,0,0)
(-581738.560634914,-413212.371434941,12048.3163634319)
(-581514.74120471,-415995.685976097,30932.2785056889)
(-581544.250514244,-423305.035323262,68513.3641385879)
(-584355.793520193,-440544.392460919,150928.772814929)
(-602509.039356212,-484747.425198176,348529.113470701)
(-700037.063378725,-623721.706560423,928661.354902177)
(-1264276.22427866,-1237274.87126281,-812909.617622578)
(-850524.959308645,-811146.831840571,-777081.636300975)
(-558974.757154752,-510029.458533299,-775672.506719121)
(-274592.787207601,-239585.658189885,-759172.511841114)
(0,0,0)
(0,0,0)
(0,0,0)
(0,0,0)
(0,0,0)
(0,0,0)
(-440781.128550932,-542444.130815457,9283.03647588809)
(-441050.241118924,-546713.833417585,23632.8835271637)
(-442629.834075573,-557885.954565579,51221.0515920405)
(-449359.355876253,-583121.524494987,106698.998434505)
(-474575.452085329,-640359.639523125,209615.488851912)
(-557644.869905628,-769903.430040941,315150.85457576)
(-759452.73516612,-1012674.93576484,-386677.044520189)
(-559216.204551218,-769986.684499233,-475818.25721709)
(-372874.529006273,-511326.616385862,-505029.924093177)
(-189076.931732458,-254740.942952446,-519349.452137991)
(0,0,0)
(0,0,0)
(0,0,0)
(0,0,0)
(0,0,0)
(0,0,0)
(-241069.966179204,-627376.984931191,4985.50495416491)
(-241340.074085609,-632330.929637517,12479.6665485706)
(-242550.165990484,-644857.08410323,25951.6866751556)
(-246767.909026522,-670808.822939625,49445.0075999112)
(-259513.504805864,-720245.368195222,80146.7696702639)
(-290952.503189874,-800409.969829701,72443.7224002981)
(-336149.443930753,-872863.811711256,-143870.517703885)
(-271066.592922005,-729069.760980222,-217033.080414098)
(-188377.485427439,-512132.067764221,-248233.669024128)
(-97816.6417720721,-264089.759146154,-264339.161399942)
(0,0,0)
(0,0,0)
(0,0,0)
(0,0,0)
(0,0,0)
(0,0,0)
(0,0,0)
(0,0,0)
(0,0,0)
(0,0,0)
(0,0,0)
(0,0,0)
(0,0,0)
(0,0,0)
(0,0,0)
(0,0,0)
(0,0,0)
(0,0,0)
(0,0,0)
(0,0,0)
(0,0,0)
(0,0,0)
(0,0,0)
(0,0,0)
(0,0,0)
(0,0,0)
(0,0,0)
(0,0,0)
(0,0,0)
(0,0,0)
(0,0,0)
(0,0,0)
(0,0,0)
(0,0,0)
(0,0,0)
(0,0,0)
(0,0,0)
(0,0,0)
(0,0,0)
(0,0,0)
(0,0,0)
(0,0,0)
(0,0,0)
(0,0,0)
(0,0,0)
(0,0,0)
(0,0,0)
(0,0,0)
(0,0,0)
(0,0,0)
(0,0,0)
(0,0,0)
(0,0,0)
(0,0,0)
(0,0,0)
(0,0,0)
(0,0,0)
(0,0,0)
(0,0,0)
(0,0,0)
(0,0,0)
(0,0,0)
(0,0,0)
(0,0,0)
(0,0,0)
(0,0,0)
(0,0,0)
(0,0,0)
(0,0,0)
(0,0,0)
(0,0,0)
(0,0,0)
(0,0,0)
(0,0,0)
(0,0,0)
(0,0,0)
(0,0,0)
(0,0,0)
(0,0,0)
(0,0,0)
(0,0,0)
(0,0,0)
(0,0,0)
(0,0,0)
(0,0,0)
(0,0,0)
(0,0,0)
(0,0,0)
(0,0,0)
(0,0,0)
(0,0,0)
(0,0,0)
(0,0,0)
(0,0,0)
(0,0,0)
(0,0,0)
(0,0,0)
(0,0,0)
(0,0,0)
(0,0,0)
(0,0,0)
(0,0,0)
(-732636.759408426,-578.232340733805,967.372434079978)
(-733216.719443658,743.451768860995,76.1948582454422)
(-733340.095793998,4301.4973448236,-5258.54071842704)
(-730857.544068414,12013.6735139381,-19426.3360416045)
(-721490.395269398,26718.2478086084,-50019.0589670137)
(-697490.700509821,49875.0702919948,-107639.95755164)
(-645898.010185842,72917.0249203164,-197084.725727493)
(-549729.670320872,65879.9031680747,-292455.53088902)
(-404329.258608822,45258.8356439726,-373513.654792855)
(-215414.344447992,22123.3570723886,-421230.452982028)
(0,0,0)
(0,0,0)
(0,0,0)
(0,0,0)
(0,0,0)
(0,0,0)
(-732695.535749882,-4567.21825352055,2353.53787829171)
(-733716.757263124,-1998.00056603646,3681.53546791077)
(-735118.033140044,5069.77792089343,2467.80196098094)
(-735618.62927193,21313.7552693648,-4702.48742860185)
(-732535.409109877,55484.0311632372,-26773.1612568255)
(-719679.808770784,118314.629728506,-84536.3143136574)
(-680855.400554934,197200.827158194,-204023.067632146)
(-581117.250072179,161583.199542368,-312887.831399033)
(-425755.785954126,102882.082935209,-396476.880690807)
(-225824.725531708,47938.9364867476,-443261.283520607)
(0,0,0)
(0,0,0)
(0,0,0)
(0,0,0)
(0,0,0)
(0,0,0)
(-731163.886772088,-15600.8869923299,4963.73777479281)
(-733083.519195715,-12200.7458949044,10772.3545361256)
(-737096.847880356,-2601.70983499377,18706.7787039283)
(-744077.318312606,21151.2885071835,29478.9769003572)
(-756266.548753657,78478.1042795062,36154.2054686212)
(-775884.055985439,212860.951854332,-5528.0407833526)
(-785677.068612068,471800.869262985,-239489.01735534)
(-663835.598096956,305730.047474227,-371392.184917998)
(-477242.071769248,169969.777814591,-451219.808074525)
(-249446.050905919,73134.4662420612,-491031.172364187)
(0,0,0)
(0,0,0)
(0,0,0)
(0,0,0)
(0,0,0)
(0,0,0)
(-724830.085244512,-37602.5733625283,8365.0751823203)
(-727933.617556327,-34339.8967549477,20404.3743188626)
(-735507.379660866,-25050.963025693,42472.1231889561)
(-752169.996483806,-1181.05060694877,86819.3300168827)
(-791223.446022202,63279.2392361847,170630.552483737)
(-886932.916010962,267410.940362444,253573.606153624)
(-1079997.31409031,1104872.80813647,-405355.598295782)
(-836888.592227626,417570.6209818,-506903.968298037)
(-569094.380647901,191225.589503672,-547815.515319356)
(-287827.094723704,74412.4903254371,-563922.68965332)
(0,0,0)
(0,0,0)
(0,0,0)
(0,0,0)
(0,0,0)
(0,0,0)
(-708303.736768211,-74134.3199419935,11607.0737718449)
(-712517.130762982,-72072.668454003,29698.9673423932)
(-723526.749857544,-66490.6804491512,66335.7585778579)
(-749823.914457098,-53635.2751106275,151307.305634997)
(-819367.388157439,-26463.908830018,374843.689901781)
(-1040082.23553822,19893.9206616324,1091246.67010682)
(-1919368.41481821,-198.560768957676,-1092416.83198222)
(-1099229.38081823,65320.7559171513,-733040.199297231)
(-680756.810466643,43595.5271256708,-664405.458651972)
(-329466.574272467,17927.0087972673,-638057.137749101)
(0,0,0)
(0,0,0)
(0,0,0)
(0,0,0)
(0,0,0)
(0,0,0)
(-674157.836889826,-127235.730277574,13621.946849027)
(-679121.42354178,-126950.047839678,35237.941827199)
(-692304.912707148,-126340.563013946,79148.1429579688)
(-723854.231936817,-125689.175136561,178470.805073549)
(-805091.687903558,-126042.724610696,421223.228772826)
(-1045407.43039671,-121742.920891937,1071275.36875469)
(-1878918.20361195,-39.483382427907,-1026748.77834837)
(-1129066.97826954,-104227.217665861,-754625.948588636)
(-704549.389306512,-88830.5452570094,-689932.158972845)
(-339650.561809187,-47116.9045798148,-655825.617862027)
(0,0,0)
(0,0,0)
(0,0,0)
(0,0,0)
(0,0,0)
(0,0,0)
(-613426.951571037,-195761.560956107,13877.3985843502)
(-618569.937503787,-197472.001748891,35806.483457049)
(-632349.77006112,-202456.252220543,79760.4640482375)
(-665180.710598822,-216584.849480814,178100.154578059)
(-748870.783455097,-261980.55438773,425507.519634741)
(-999653.485162132,-436463.90820511,1192990.07899279)
(-1953462.6308466,-1264960.99058921,-1130820.6621627)
(-1092972.27917551,-533518.188133432,-739069.255548042)
(-663565.465185396,-280289.551718755,-648079.829983328)
(-316691.63925263,-123757.519297135,-608600.17686542)
(0,0,0)
(0,0,0)
(0,0,0)
(0,0,0)
(0,0,0)
(0,0,0)
(-517000.681651611,-272681.611011558,12182.1710721475)
(-521637.503007545,-275992.421905,30825.3530310891)
(-533951.288281433,-284852.674528564,65628.8131063012)
(-562036.992280783,-305990.095510674,132715.25789675)
(-625588.651237841,-357228.205387385,251042.520778032)
(-768254.502621966,-481718.318574699,364514.370390855)
(-1032599.30390066,-732884.313090191,-399239.227486161)
(-777458.71491692,-520152.046485764,-485671.613525557)
(-509378.465156471,-324139.627218799,-491417.830023804)
(-250883.762187083,-154184.855078194,-484699.519263253)
(0,0,0)
(0,0,0)
(0,0,0)
(0,0,0)
(0,0,0)
(0,0,0)
(-379111.820187717,-343250.744319047,8899.82494427552)
(-382607.736210499,-347498.440746109,21963.338876959)
(-391685.922349951,-358262.945980549,44429.6986033249)
(-411371.10110766,-380978.565704273,81429.9140283278)
(-451228.779399837,-425721.540453685,126576.576409134)
(-522587.851037091,-503581.075490977,113382.314456872)
(-602820.00801547,-589707.238937511,-186427.48684647)
(-494108.303210669,-482143.37022981,-289544.064442968)
(-338162.609544965,-327066.538184043,-321329.072939025)
(-170664.153020887,-163590.348558721,-330336.358170068)
(0,0,0)
(0,0,0)
(0,0,0)
(0,0,0)
(0,0,0)
(0,0,0)
(-202023.043973067,-386917.168183748,4619.50165856418)
(-203877.168029766,-391523.763291108,11181.918147718)
(-208570.541652573,-402730.304434395,21669.6522636535)
(-218302.020428827,-424426.029619251,36651.2275809343)
(-236274.129515474,-461057.841023283,48748.15286014)
(-263292.985710803,-509777.682483069,27285.2423731558)
(-282750.849133892,-537036.367597054,-78784.2237641598)
(-239274.295845021,-458322.818799732,-134397.072271221)
(-168075.361601615,-324024.106446737,-157741.627834349)
(-86178.6165800805,-166399.640130789,-166570.361454272)
(0,0,0)
(0,0,0)
(0,0,0)
(0,0,0)
(0,0,0)
(0,0,0)
(0,0,0)
(0,0,0)
(0,0,0)
(0,0,0)
(0,0,0)
(0,0,0)
(0,0,0)
(0,0,0)
(0,0,0)
(0,0,0)
(0,0,0)
(0,0,0)
(0,0,0)
(0,0,0)
(0,0,0)
(0,0,0)
(0,0,0)
(0,0,0)
(0,0,0)
(0,0,0)
(0,0,0)
(0,0,0)
(0,0,0)
(0,0,0)
(0,0,0)
(0,0,0)
(0,0,0)
(0,0,0)
(0,0,0)
(0,0,0)
(0,0,0)
(0,0,0)
(0,0,0)
(0,0,0)
(0,0,0)
(0,0,0)
(0,0,0)
(0,0,0)
(0,0,0)
(0,0,0)
(0,0,0)
(0,0,0)
(0,0,0)
(0,0,0)
(0,0,0)
(0,0,0)
(0,0,0)
(0,0,0)
(0,0,0)
(0,0,0)
(0,0,0)
(0,0,0)
(0,0,0)
(0,0,0)
(0,0,0)
(0,0,0)
(0,0,0)
(0,0,0)
(0,0,0)
(0,0,0)
(0,0,0)
(0,0,0)
(0,0,0)
(0,0,0)
(0,0,0)
(0,0,0)
(0,0,0)
(0,0,0)
(0,0,0)
(0,0,0)
(0,0,0)
(0,0,0)
(0,0,0)
(0,0,0)
(0,0,0)
(0,0,0)
(0,0,0)
(0,0,0)
(0,0,0)
(0,0,0)
(0,0,0)
(0,0,0)
(0,0,0)
(0,0,0)
(0,0,0)
(0,0,0)
(0,0,0)
(0,0,0)
(0,0,0)
(0,0,0)
(0,0,0)
(0,0,0)
(0,0,0)
(0,0,0)
(0,0,0)
(0,0,0)
(-732361.679068764,-735.034131982423,459.953792319602)
(-732911.731936823,120.840994892831,34.1252905984614)
(-733060.319379789,2372.89317397682,-2618.5442975896)
(-730613.02242331,7057.52459225464,-9920.5905349481)
(-720846.539549038,15446.5211099369,-26010.9673652398)
(-694907.110701344,27498.3715981381,-56092.9287718561)
(-638817.812330156,37821.5443165995,-100994.670944148)
(-537847.264121338,34338.6167744847,-147215.693918172)
(-390585.579890627,23731.9700222441,-184691.342658607)
(-205877.350860086,11663.4371207281,-205891.773367247)
(0,0,0)
(0,0,0)
(0,0,0)
(0,0,0)
(0,0,0)
(0,0,0)
(-731531.465900209,-3269.38797446197,1370.28399280947)
(-732927.902025743,-1615.88513821786,2318.15488854045)
(-735310.677276422,2824.48822782601,2059.20397106989)
(-737507.915136243,12546.6143937797,-1540.59996614829)
(-736097.929025083,31408.9196669578,-13940.4786079627)
(-722196.42458865,61809.317200685,-45734.8083926399)
(-676488.707328029,92107.0516606628,-104387.008963605)
(-572071.976146331,78608.1561400601,-157701.822255028)
(-414283.427035369,51233.830160074,-196676.041311612)
(-217540.912023984,24250.2341169877,-217546.651815591)
(0,0,0)
(0,0,0)
(0,0,0)
(0,0,0)
(0,0,0)
(0,0,0)
(-728058.175018325,-9446.28924254366,3071.1895143167)
(-731139.564687765,-7271.54102440646,6782.89089255762)
(-737981.91082267,-1283.55486434819,11775.9969270466)
(-749831.402239793,12739.4535713586,17337.2416766575)
(-767204.004934983,43166.2585847125,16517.3589402369)
(-783701.853965978,101497.660292943,-15353.1861714822)
(-768330.843135566,177173.03006174,-117765.390049062)
(-650463.329510722,132413.329779711,-184942.832274941)
(-465383.128554325,77965.9427191531,-223533.88804895)
(-241733.884340128,34695.6448966988,-241691.465394452)
(0,0,0)
(0,0,0)
(0,0,0)
(0,0,0)
(0,0,0)
(0,0,0)
(-718306.153168889,-21256.1906839081,5285.96936573911)
(-723566.581791063,-19178.5277215854,12825.9202976546)
(-736408.812733223,-13374.1858781236,25817.9843837894)
(-762226.21815346,831.367682190451,47782.291942608)
(-809954.742415231,34769.7777925302,74910.0691278181)
(-884813.7415513,113860.954966983,60427.5999941153)
(-945140.995110023,265143.468104418,-162399.157028847)
(-782577.536276467,154959.636961114,-239256.520161404)
(-543142.269484377,79427.2589360958,-266669.947541883)
(-276314.302394417,32723.9144743093,-276211.009448778)
(0,0,0)
(0,0,0)
(0,0,0)
(0,0,0)
(0,0,0)
(0,0,0)
(-696724.834835858,-40210.4236447824,7375.33102852234)
(-704024.055516755,-38956.7795777595,18660.507638469)
(-722650.377705926,-35614.5097768439,40024.459385577)
(-762624.812800535,-28084.4472814,81741.1726926011)
(-844255.626808509,-12650.1614554042,154049.350591604)
(-998156.662746272,14140.9553646952,211843.777401948)
(-1209849.72386351,39925.8710306908,-272457.316479033)
(-937248.365333011,35237.7945029714,-314716.489506084)
(-622406.52616131,19649.7719638336,-313289.286839155)
(-308946.955634717,7680.76835762049,-308765.759360207)
(0,0,0)
(0,0,0)
(0,0,0)
(0,0,0)
(0,0,0)
(0,0,0)
(-656184.720856133,-66782.2708318706,8598.73115339443)
(-664723.786270272,-66742.3778562184,21986.6921603446)
(-686665.778939874,-66794.624577795,47527.6731940166)
(-734102.977064657,-67468.8656548802,97160.8366953365)
(-831117.524306424,-70286.8356140592,180823.347256858)
(-1011782.82492443,-76360.064335731,237699.761484995)
(-1249379.03520757,-74873.9104874895,-277039.625401198)
(-972248.407771099,-68374.6351501622,-330245.766246496)
(-641905.480104754,-48029.9110374334,-325209.992446993)
(-316538.173975244,-24261.3727898083,-316380.239133513)
(0,0,0)
(0,0,0)
(0,0,0)
(0,0,0)
(0,0,0)
(0,0,0)
(-589073.465295351,-99762.0093914734,8626.25228391497)
(-597617.625458837,-100997.003882689,21928.5662654372)
(-619484.625994142,-104554.300322329,46823.0979429932)
(-666208.756941873,-113934.226335436,94316.5049666009)
(-760385.770380406,-139166.302881625,174710.959159474)
(-935013.524731574,-205485.722331544,239196.656724722)
(-1174164.42491518,-344520.354130275,-270455.105563883)
(-903654.823059421,-218314.464878995,-309832.731951138)
(-593726.392450821,-126314.415931649,-301387.299791494)
(-292189.482570877,-58075.1855610188,-292075.643702038)
(0,0,0)
(0,0,0)
(0,0,0)
(0,0,0)
(0,0,0)
(0,0,0)
(-488877.318811914,-135310.552207431,7425.17997626042)
(-496185.037471619,-137441.608581619,18417.3191392672)
(-514497.488198884,-143052.539035584,37461.7577699752)
(-551827.284536725,-155772.092336081,69089.9160265631)
(-620772.105228417,-183287.727363251,108394.794498772)
(-729110.121637564,-236431.477030507,100196.168213333)
(-829267.514720388,-303490.714690343,-144165.260406866)
(-685064.604983099,-237121.545717565,-217752.289502104)
(-467223.022613596,-153145.690946955,-233076.457029682)
(-234020.355599085,-74102.2419529598,-233912.807225736)
(0,0,0)
(0,0,0)
(0,0,0)
(0,0,0)
(0,0,0)
(0,0,0)
(-353048.324148073,-166695.392155166,5321.34390808751)
(-358290.720700827,-169254.685827051,12817.4056438484)
(-371029.502294239,-175590.32278185,24698.7693344009)
(-395627.329735195,-188339.715827278,41522.621453131)
(-437045.742081847,-211185.087418477,55236.9441903691)
(-492280.33184918,-244662.386605813,33160.3345777652)
(-525410.786946635,-270005.348645509,-77734.2525359012)
(-447632.208438378,-227630.815430477,-133701.077595281)
(-313852.927315034,-157205.144678963,-153951.306093205)
(-159790.481825466,-79214.0065117417,-159713.212729845)
(0,0,0)
(0,0,0)
(0,0,0)
(0,0,0)
(0,0,0)
(0,0,0)
(-185943.877696135,-185495.309501185,2720.75106908619)
(-188648.93794543,-188192.499514819,6430.33467251961)
(-195036.194148135,-194591.114308384,11896.778694613)
(-206877.373201235,-206499.261539054,18631.6771787985)
(-225451.358244264,-225113.906220695,21737.7247098076)
(-247211.413384421,-246821.532563482,7815.29834109678)
(-255006.914007392,-254613.667611681,-35320.3178192301)
(-219657.976896908,-219333.337081236,-63234.1151165865)
(-156421.325786683,-156190.054590739,-75903.2410197416)
(-80490.9134516318,-80369.2813246636,-80435.6693352692)
(0,0,0)
(0,0,0)
(0,0,0)
(0,0,0)
(0,0,0)
(0,0,0)
(0,0,0)
(0,0,0)
(0,0,0)
(0,0,0)
(0,0,0)
(0,0,0)
(0,0,0)
(0,0,0)
(0,0,0)
(0,0,0)
(0,0,0)
(0,0,0)
(0,0,0)
(0,0,0)
(0,0,0)
(0,0,0)
(0,0,0)
(0,0,0)
(0,0,0)
(0,0,0)
(0,0,0)
(0,0,0)
(0,0,0)
(0,0,0)
(0,0,0)
(0,0,0)
(0,0,0)
(0,0,0)
(0,0,0)
(0,0,0)
(0,0,0)
(0,0,0)
(0,0,0)
(0,0,0)
(0,0,0)
(0,0,0)
(0,0,0)
(0,0,0)
(0,0,0)
(0,0,0)
(0,0,0)
(0,0,0)
(0,0,0)
(0,0,0)
(0,0,0)
(0,0,0)
(0,0,0)
(0,0,0)
(0,0,0)
(0,0,0)
(0,0,0)
(0,0,0)
(0,0,0)
(0,0,0)
(0,0,0)
(0,0,0)
(0,0,0)
(0,0,0)
(0,0,0)
(0,0,0)
(0,0,0)
(0,0,0)
(0,0,0)
(0,0,0)
(0,0,0)
(0,0,0)
(0,0,0)
(0,0,0)
(0,0,0)
(0,0,0)
(0,0,0)
(0,0,0)
(0,0,0)
(0,0,0)
(0,0,0)
(0,0,0)
(0,0,0)
(0,0,0)
(0,0,0)
(0,0,0)
(0,0,0)
(0,0,0)
(0,0,0)
(0,0,0)
(0,0,0)
(0,0,0)
(0,0,0)
(0,0,0)
(0,0,0)
(0,0,0)
(0,0,0)
(0,0,0)
(0,0,0)
(0,0,0)
(0,0,0)
(0,0,0)
(0,0,0)
(0,0,0)
(0,0,0)
(0,0,0)
(0,0,0)
(0,0,0)
(0,0,0)
(0,0,0)
(0,0,0)
(0,0,0)
(0,0,0)
(0,0,0)
(0,0,0)
(0,0,0)
(0,0,0)
(0,0,0)
(0,0,0)
(0,0,0)
(0,0,0)
(0,0,0)
(0,0,0)
(0,0,0)
(0,0,0)
(0,0,0)
(0,0,0)
(0,0,0)
(0,0,0)
(0,0,0)
(0,0,0)
(0,0,0)
(0,0,0)
(0,0,0)
(0,0,0)
(0,0,0)
(0,0,0)
(0,0,0)
(0,0,0)
(0,0,0)
(0,0,0)
(0,0,0)
(0,0,0)
(0,0,0)
(0,0,0)
(0,0,0)
(0,0,0)
(0,0,0)
(0,0,0)
(0,0,0)
(0,0,0)
(0,0,0)
(0,0,0)
(0,0,0)
(0,0,0)
(0,0,0)
(0,0,0)
(0,0,0)
(0,0,0)
(0,0,0)
(0,0,0)
(0,0,0)
(0,0,0)
(0,0,0)
(0,0,0)
(0,0,0)
(0,0,0)
(0,0,0)
(0,0,0)
(0,0,0)
(0,0,0)
(0,0,0)
(0,0,0)
(0,0,0)
(0,0,0)
(0,0,0)
(0,0,0)
(0,0,0)
(0,0,0)
(0,0,0)
(0,0,0)
(0,0,0)
(0,0,0)
(0,0,0)
(0,0,0)
(0,0,0)
(0,0,0)
(0,0,0)
(0,0,0)
(0,0,0)
(0,0,0)
(0,0,0)
(0,0,0)
(0,0,0)
(0,0,0)
(0,0,0)
(0,0,0)
(0,0,0)
(0,0,0)
(0,0,0)
(0,0,0)
(0,0,0)
(0,0,0)
(0,0,0)
(0,0,0)
(0,0,0)
(0,0,0)
(0,0,0)
(0,0,0)
(0,0,0)
(0,0,0)
(0,0,0)
(0,0,0)
(0,0,0)
(0,0,0)
(0,0,0)
(0,0,0)
(0,0,0)
(0,0,0)
(0,0,0)
(0,0,0)
(0,0,0)
(0,0,0)
(0,0,0)
(0,0,0)
(0,0,0)
(0,0,0)
(0,0,0)
(0,0,0)
(0,0,0)
(0,0,0)
(0,0,0)
(0,0,0)
(0,0,0)
(0,0,0)
(0,0,0)
(0,0,0)
(0,0,0)
(0,0,0)
(0,0,0)
(0,0,0)
(0,0,0)
(0,0,0)
(0,0,0)
(0,0,0)
(0,0,0)
(0,0,0)
(0,0,0)
(0,0,0)
(0,0,0)
(0,0,0)
(0,0,0)
(0,0,0)
(0,0,0)
(0,0,0)
(0,0,0)
(0,0,0)
(0,0,0)
(0,0,0)
(0,0,0)
(0,0,0)
(0,0,0)
(0,0,0)
(0,0,0)
(0,0,0)
(0,0,0)
(0,0,0)
(0,0,0)
(0,0,0)
(0,0,0)
(0,0,0)
(0,0,0)
(0,0,0)
(0,0,0)
(0,0,0)
(0,0,0)
(0,0,0)
(0,0,0)
(0,0,0)
(0,0,0)
(0,0,0)
(0,0,0)
(0,0,0)
(0,0,0)
(0,0,0)
(0,0,0)
(0,0,0)
(0,0,0)
(0,0,0)
(0,0,0)
(0,0,0)
(0,0,0)
(0,0,0)
(0,0,0)
(0,0,0)
(0,0,0)
(0,0,0)
(0,0,0)
(0,0,0)
(0,0,0)
(0,0,0)
(0,0,0)
(0,0,0)
(0,0,0)
(0,0,0)
(0,0,0)
(0,0,0)
(0,0,0)
(0,0,0)
(0,0,0)
(0,0,0)
(0,0,0)
(0,0,0)
(0,0,0)
(0,0,0)
(0,0,0)
(0,0,0)
(0,0,0)
(0,0,0)
(0,0,0)
(0,0,0)
(0,0,0)
(0,0,0)
(0,0,0)
(0,0,0)
(0,0,0)
(0,0,0)
(0,0,0)
(0,0,0)
(0,0,0)
(0,0,0)
(0,0,0)
(0,0,0)
(0,0,0)
(0,0,0)
(0,0,0)
(0,0,0)
(0,0,0)
(0,0,0)
(0,0,0)
(0,0,0)
(0,0,0)
(0,0,0)
(0,0,0)
(0,0,0)
(0,0,0)
(0,0,0)
(0,0,0)
(0,0,0)
(0,0,0)
(0,0,0)
(0,0,0)
(0,0,0)
(0,0,0)
(0,0,0)
(0,0,0)
(0,0,0)
(0,0,0)
(0,0,0)
(0,0,0)
(0,0,0)
(0,0,0)
(0,0,0)
(0,0,0)
(0,0,0)
(0,0,0)
(0,0,0)
(0,0,0)
(0,0,0)
(0,0,0)
(0,0,0)
(0,0,0)
(0,0,0)
(0,0,0)
(0,0,0)
(0,0,0)
(0,0,0)
(0,0,0)
(0,0,0)
(0,0,0)
(0,0,0)
(0,0,0)
(0,0,0)
(0,0,0)
(0,0,0)
(0,0,0)
(0,0,0)
(0,0,0)
(0,0,0)
(0,0,0)
(0,0,0)
(0,0,0)
(0,0,0)
(0,0,0)
(0,0,0)
(0,0,0)
(0,0,0)
(0,0,0)
(0,0,0)
(0,0,0)
(0,0,0)
(0,0,0)
(0,0,0)
(0,0,0)
(0,0,0)
(0,0,0)
(0,0,0)
(0,0,0)
(0,0,0)
(0,0,0)
(0,0,0)
(0,0,0)
(0,0,0)
(0,0,0)
(0,0,0)
(0,0,0)
(0,0,0)
(0,0,0)
(0,0,0)
(0,0,0)
(0,0,0)
(0,0,0)
(0,0,0)
(0,0,0)
(0,0,0)
(0,0,0)
(0,0,0)
(0,0,0)
(0,0,0)
(0,0,0)
(0,0,0)
(0,0,0)
(0,0,0)
(0,0,0)
(0,0,0)
(0,0,0)
(0,0,0)
(0,0,0)
(0,0,0)
(0,0,0)
(0,0,0)
(0,0,0)
(0,0,0)
(0,0,0)
(0,0,0)
(0,0,0)
(0,0,0)
(0,0,0)
(0,0,0)
(0,0,0)
(0,0,0)
(0,0,0)
(0,0,0)
(0,0,0)
(0,0,0)
(0,0,0)
(0,0,0)
(0,0,0)
(0,0,0)
(0,0,0)
(0,0,0)
(0,0,0)
(0,0,0)
(0,0,0)
(0,0,0)
(0,0,0)
(0,0,0)
(0,0,0)
(0,0,0)
(0,0,0)
(0,0,0)
(0,0,0)
(0,0,0)
(0,0,0)
(0,0,0)
(0,0,0)
(0,0,0)
(0,0,0)
(0,0,0)
(0,0,0)
(0,0,0)
(0,0,0)
(0,0,0)
(0,0,0)
(0,0,0)
(0,0,0)
(0,0,0)
(0,0,0)
(0,0,0)
(0,0,0)
(0,0,0)
(0,0,0)
(0,0,0)
(0,0,0)
(0,0,0)
(0,0,0)
(0,0,0)
(0,0,0)
(0,0,0)
(0,0,0)
(0,0,0)
(0,0,0)
(0,0,0)
(0,0,0)
(0,0,0)
(0,0,0)
(0,0,0)
(0,0,0)
(0,0,0)
(0,0,0)
(0,0,0)
(0,0,0)
(0,0,0)
(0,0,0)
(0,0,0)
(0,0,0)
(0,0,0)
(0,0,0)
(0,0,0)
(0,0,0)
(0,0,0)
(0,0,0)
(0,0,0)
(0,0,0)
(0,0,0)
(0,0,0)
(0,0,0)
(0,0,0)
(0,0,0)
(0,0,0)
(0,0,0)
(0,0,0)
(0,0,0)
(0,0,0)
(0,0,0)
(0,0,0)
(0,0,0)
(0,0,0)
(0,0,0)
(0,0,0)
(0,0,0)
(0,0,0)
(0,0,0)
(0,0,0)
(0,0,0)
(0,0,0)
(0,0,0)
(0,0,0)
(0,0,0)
(0,0,0)
(0,0,0)
(0,0,0)
(0,0,0)
(0,0,0)
(0,0,0)
(0,0,0)
(0,0,0)
(0,0,0)
(0,0,0)
(0,0,0)
(0,0,0)
(0,0,0)
(0,0,0)
(0,0,0)
(0,0,0)
(0,0,0)
(0,0,0)
(0,0,0)
(0,0,0)
(0,0,0)
(0,0,0)
(0,0,0)
(0,0,0)
(0,0,0)
(0,0,0)
(0,0,0)
(0,0,0)
(0,0,0)
(0,0,0)
(0,0,0)
(0,0,0)
(0,0,0)
(0,0,0)
(0,0,0)
(0,0,0)
(0,0,0)
(0,0,0)
(0,0,0)
(0,0,0)
(0,0,0)
(0,0,0)
(0,0,0)
(0,0,0)
(0,0,0)
(0,0,0)
(0,0,0)
(0,0,0)
(0,0,0)
(0,0,0)
(0,0,0)
(0,0,0)
(0,0,0)
(0,0,0)
(0,0,0)
(0,0,0)
(0,0,0)
(0,0,0)
(0,0,0)
(0,0,0)
(0,0,0)
(0,0,0)
(0,0,0)
(0,0,0)
(0,0,0)
(0,0,0)
(0,0,0)
(0,0,0)
(0,0,0)
(0,0,0)
(0,0,0)
(0,0,0)
(0,0,0)
(0,0,0)
(0,0,0)
(0,0,0)
(0,0,0)
(0,0,0)
(0,0,0)
(0,0,0)
(0,0,0)
(0,0,0)
(0,0,0)
(0,0,0)
(0,0,0)
(0,0,0)
(0,0,0)
(0,0,0)
(0,0,0)
(0,0,0)
(0,0,0)
(0,0,0)
(0,0,0)
(0,0,0)
(0,0,0)
(0,0,0)
(0,0,0)
(0,0,0)
(0,0,0)
(0,0,0)
(0,0,0)
(0,0,0)
(0,0,0)
(0,0,0)
(0,0,0)
(0,0,0)
(0,0,0)
(0,0,0)
(0,0,0)
(0,0,0)
(0,0,0)
(0,0,0)
(0,0,0)
(0,0,0)
(0,0,0)
(0,0,0)
(0,0,0)
(0,0,0)
(0,0,0)
(0,0,0)
(0,0,0)
(0,0,0)
(0,0,0)
(0,0,0)
(0,0,0)
(0,0,0)
(0,0,0)
(0,0,0)
(0,0,0)
(0,0,0)
(0,0,0)
(0,0,0)
(0,0,0)
(0,0,0)
(0,0,0)
(0,0,0)
(0,0,0)
(0,0,0)
(0,0,0)
(0,0,0)
(0,0,0)
(0,0,0)
(0,0,0)
(0,0,0)
(0,0,0)
(0,0,0)
(0,0,0)
(0,0,0)
(0,0,0)
(0,0,0)
(0,0,0)
(0,0,0)
(0,0,0)
(0,0,0)
(0,0,0)
(0,0,0)
(0,0,0)
(0,0,0)
(0,0,0)
(0,0,0)
(0,0,0)
(0,0,0)
(0,0,0)
(0,0,0)
(0,0,0)
(0,0,0)
(0,0,0)
(0,0,0)
(0,0,0)
(0,0,0)
(0,0,0)
(0,0,0)
(0,0,0)
(0,0,0)
(0,0,0)
(0,0,0)
(0,0,0)
(0,0,0)
(0,0,0)
(0,0,0)
(0,0,0)
(0,0,0)
(0,0,0)
(0,0,0)
(0,0,0)
(0,0,0)
(0,0,0)
(0,0,0)
(0,0,0)
(0,0,0)
(0,0,0)
(0,0,0)
(0,0,0)
(0,0,0)
(0,0,0)
(0,0,0)
(0,0,0)
(0,0,0)
(0,0,0)
(0,0,0)
(0,0,0)
(0,0,0)
(0,0,0)
(0,0,0)
(0,0,0)
(0,0,0)
(0,0,0)
(0,0,0)
(0,0,0)
(0,0,0)
(0,0,0)
(0,0,0)
(0,0,0)
(0,0,0)
(0,0,0)
(0,0,0)
(0,0,0)
(0,0,0)
(0,0,0)
(0,0,0)
(0,0,0)
(0,0,0)
(0,0,0)
(0,0,0)
(0,0,0)
(0,0,0)
(0,0,0)
(0,0,0)
(0,0,0)
(0,0,0)
(0,0,0)
(0,0,0)
(0,0,0)
(0,0,0)
(0,0,0)
(0,0,0)
(0,0,0)
(0,0,0)
(0,0,0)
(0,0,0)
(0,0,0)
(0,0,0)
(0,0,0)
(0,0,0)
(0,0,0)
(0,0,0)
(0,0,0)
(0,0,0)
(0,0,0)
(0,0,0)
(0,0,0)
(0,0,0)
(0,0,0)
(0,0,0)
(0,0,0)
(0,0,0)
(0,0,0)
(0,0,0)
(0,0,0)
(0,0,0)
(0,0,0)
(0,0,0)
(0,0,0)
(0,0,0)
(0,0,0)
(0,0,0)
(0,0,0)
(0,0,0)
(0,0,0)
(0,0,0)
