(0,0,0)
(0,0,0)
(0,0,0)
(0,0,0)
(0,0,0)
(0,0,0)
(0,0,0)
(0,0,0)
(0,0,0)
(0,0,0)
(0,0,0)
(0,0,0)
(0,0,0)
(0,0,0)
(0,0,0)
(0,0,0)
(0,0,0)
(0,0,0)
(0,0,0)
(0,0,0)
(0,0,0)
(0,0,0)
(0,0,0)
(0,0,0)
(0,0,0)
(0,0,0)
(0,0,0)
(0,0,0)
(0,0,0)
(0,0,0)
(0,0,0)
(0,0,0)
(0,0,0)
(0,0,0)
(0,0,0)
(0,0,0)
(0,0,0)
(0,0,0)
(0,0,0)
(0,0,0)
(0,0,0)
(0,0,0)
(0,0,0)
(0,0,0)
(0,0,0)
(0,0,0)
(0,0,0)
(0,0,0)
(0,0,0)
(0,0,0)
(0,0,0)
(0,0,0)
(0,0,0)
(0,0,0)
(0,0,0)
(0,0,0)
(0,0,0)
(0,0,0)
(0,0,0)
(0,0,0)
(0,0,0)
(0,0,0)
(0,0,0)
(0,0,0)
(0,0,0)
(0,0,0)
(0,0,0)
(0,0,0)
(0,0,0)
(0,0,0)
(0,0,0)
(0,0,0)
(0,0,0)
(0,0,0)
(0,0,0)
(0,0,0)
(0,0,0)
(0,0,0)
(0,0,0)
(0,0,0)
(0,0,0)
(0,0,0)
(0,0,0)
(0,0,0)
(0,0,0)
(0,0,0)
(0,0,0)
(0,0,0)
(0,0,0)
(0,0,0)
(0,0,0)
(0,0,0)
(0,0,0)
(0,0,0)
(0,0,0)
(0,0,0)
(0,0,0)
(0,0,0)
(0,0,0)
(0,0,0)
(0,0,0)
(0,0,0)
(0,0,0)
(0,0,0)
(0,0,0)
(0,0,0)
(0,0,0)
(0,0,0)
(0,0,0)
(0,0,0)
(0,0,0)
(0,0,0)
(0,0,0)
(0,0,0)
(0,0,0)
(0,0,0)
(0,0,0)
(0,0,0)
(0,0,0)
(0,0,0)
(0,0,0)
(0,0,0)
(0,0,0)
(0,0,0)
(0,0,0)
(0,0,0)
(0,0,0)
(0,0,0)
(0,0,0)
(0,0,0)
(0,0,0)
(0,0,0)
(0,0,0)
(0,0,0)
(0,0,0)
(0,0,0)
(0,0,0)
(0,0,0)
(0,0,0)
(0,0,0)
(0,0,0)
(0,0,0)
(0,0,0)
(0,0,0)
(0,0,0)
(0,0,0)
(0,0,0)
(0,0,0)
(0,0,0)
(0,0,0)
(0,0,0)
(0,0,0)
(0,0,0)
(0,0,0)
(0,0,0)
(0,0,0)
(0,0,0)
(0,0,0)
(0,0,0)
(0,0,0)
(0,0,0)
(0,0,0)
(0,0,0)
(0,0,0)
(0,0,0)
(0,0,0)
(0,0,0)
(0,0,0)
(0,0,0)
(0,0,0)
(0,0,0)
(0,0,0)
(0,0,0)
(0,0,0)
(0,0,0)
(0,0,0)
(0,0,0)
(0,0,0)
(0,0,0)
(0,0,0)
(0,0,0)
(0,0,0)
(0,0,0)
(0,0,0)
(0,0,0)
(0,0,0)
(0,0,0)
(0,0,0)
(0,0,0)
(0,0,0)
(0,0,0)
(0,0,0)
(0,0,0)
(0,0,0)
(0,0,0)
(0,0,0)
(0,0,0)
(0,0,0)
(0,0,0)
(0,0,0)
(0,0,0)
(0,0,0)
(0,0,0)
(0,0,0)
(0,0,0)
(0,0,0)
(0,0,0)
(0,0,0)
(0,0,0)
(0,0,0)
(0,0,0)
(0,0,0)
(0,0,0)
(0,0,0)
(0,0,0)
(0,0,0)
(0,0,0)
(0,0,0)
(0,0,0)
(0,0,0)
(0,0,0)
(0,0,0)
(0,0,0)
(0,0,0)
(0,0,0)
(0,0,0)
(0,0,0)
(0,0,0)
(0,0,0)
(0,0,0)
(0,0,0)
(0,0,0)
(0,0,0)
(0,0,0)
(0,0,0)
(0,0,0)
(0,0,0)
(0,0,0)
(0,0,0)
(0,0,0)
(0,0,0)
(0,0,0)
(0,0,0)
(0,0,0)
(0,0,0)
(0,0,0)
(0,0,0)
(0,0,0)
(0,0,0)
(0,0,0)
(0,0,0)
(0,0,0)
(0,0,0)
(0,0,0)
(0,0,0)
(0,0,0)
(0,0,0)
(0,0,0)
(0,0,0)
(0,0,0)
(0,0,0)
(0,0,0)
(0,0,0)
(0,0,0)
(0,0,0)
(0,0,0)
(0,0,0)
(0,0,0)
(0,0,0)
(0,0,0)
(0,0,0)
(0,0,0)
(0,0,0)
(0,0,0)
(0,0,0)
(0,0,0)
(0,0,0)
(0,0,0)
(0,0,0)
(0,0,0)
(0,0,0)
(0,0,0)
(0,0,0)
(0,0,0)
(0,0,0)
(0,0,0)
(0,0,0)
(0,0,0)
(0,0,0)
(0,0,0)
(0,0,0)
(0,0,0)
(0,0,0)
(0,0,0)
(0,0,0)
(0,0,0)
(0,0,0)
(0,0,0)
(0,0,0)
(0,0,0)
(0,0,0)
(0,0,0)
(0,0,0)
(0,0,0)
(0,0,0)
(0,0,0)
(0,0,0)
(0,0,0)
(0,0,0)
(0,0,0)
(0,0,0)
(0,0,0)
(0,0,0)
(0,0,0)
(0,0,0)
(0,0,0)
(0,0,0)
(0,0,0)
(0,0,0)
(0,0,0)
(0,0,0)
(0,0,0)
(0,0,0)
(0,0,0)
(0,0,0)
(0,0,0)
(0,0,0)
(0,0,0)
(0,0,0)
(0,0,0)
(0,0,0)
(0,0,0)
(0,0,0)
(0,0,0)
(0,0,0)
(0,0,0)
(0,0,0)
(0,0,0)
(0,0,0)
(0,0,0)
(0,0,0)
(0,0,0)
(0,0,0)
(0,0,0)
(0,0,0)
(0,0,0)
(0,0,0)
(0,0,0)
(0,0,0)
(0,0,0)
(0,0,0)
(0,0,0)
(0,0,0)
(0,0,0)
(0,0,0)
(0,0,0)
(0,0,0)
(0,0,0)
(0,0,0)
(0,0,0)
(0,0,0)
(0,0,0)
(0,0,0)
(0,0,0)
(0,0,0)
(0,0,0)
(0,0,0)
(0,0,0)
(0,0,0)
(0,0,0)
(0,0,0)
(0,0,0)
(0,0,0)
(0,0,0)
(0,0,0)
(0,0,0)
(0,0,0)
(0,0,0)
(0,0,0)
(0,0,0)
(0,0,0)
(0,0,0)
(0,0,0)
(0,0,0)
(0,0,0)
(0,0,0)
(0,0,0)
(0,0,0)
(0,0,0)
(0,0,0)
(0,0,0)
(0,0,0)
(0,0,0)
(0,0,0)
(0,0,0)
(0,0,0)
(0,0,0)
(0,0,0)
(0,0,0)
(0,0,0)
(0,0,0)
(0,0,0)
(0,0,0)
(0,0,0)
(0,0,0)
(0,0,0)
(0,0,0)
(0,0,0)
(0,0,0)
(0,0,0)
(0,0,0)
(0,0,0)
(0,0,0)
(0,0,0)
(0,0,0)
(0,0,0)
(0,0,0)
(0,0,0)
(0,0,0)
(0,0,0)
(0,0,0)
(0,0,0)
(0,0,0)
(0,0,0)
(0,0,0)
(0,0,0)
(0,0,0)
(0,0,0)
(0,0,0)
(0,0,0)
(0,0,0)
(0,0,0)
(0,0,0)
(0,0,0)
(0,0,0)
(0,0,0)
(0,0,0)
(0,0,0)
(0,0,0)
(0,0,0)
(0,0,0)
(0,0,0)
(0,0,0)
(0,0,0)
(0,0,0)
(0,0,0)
(0,0,0)
(0,0,0)
(0,0,0)
(0,0,0)
(0,0,0)
(0,0,0)
(0,0,0)
(0,0,0)
(0,0,0)
(0,0,0)
(0,0,0)
(0,0,0)
(0,0,0)
(0,0,0)
(0,0,0)
(0,0,0)
(0,0,0)
(0,0,0)
(0,0,0)
(0,0,0)
(0,0,0)
(0,0,0)
(0,0,0)
(0,0,0)
(0,0,0)
(0,0,0)
(0,0,0)
(0,0,0)
(0,0,0)
(0,0,0)
(0,0,0)
(0,0,0)
(0,0,0)
(0,0,0)
(0,0,0)
(0,0,0)
(0,0,0)
(0,0,0)
(0,0,0)
(0,0,0)
(0,0,0)
(0,0,0)
(0,0,0)
(0,0,0)
(0,0,0)
(0,0,0)
(0,0,0)
(0,0,0)
(0,0,0)
(0,0,0)
(0,0,0)
(0,0,0)
(0,0,0)
(0,0,0)
(0,0,0)
(0,0,0)
(0,0,0)
(0,0,0)
(0,0,0)
(0,0,0)
(0,0,0)
(0,0,0)
(0,0,0)
(0,0,0)
(0,0,0)
(0,0,0)
(0,0,0)
(0,0,0)
(0,0,0)
(0,0,0)
(0,0,0)
(0,0,0)
(0,0,0)
(0,0,0)
(0,0,0)
(0,0,0)
(0,0,0)
(0,0,0)
(0,0,0)
(0,0,0)
(0,0,0)
(0,0,0)
(0,0,0)
(0,0,0)
(0,0,0)
(0,0,0)
(0,0,0)
(0,0,0)
(0,0,0)
(0,0,0)
(0,0,0)
(0,0,0)
(0,0,0)
(0,0,0)
(0,0,0)
(0,0,0)
(0,0,0)
(0,0,0)
(0,0,0)
(0,0,0)
(0,0,0)
(0,0,0)
(0,0,0)
(0,0,0)
(0,0,0)
(0,0,0)
(0,0,0)
(0,0,0)
(0,0,0)
(0,0,0)
(0,0,0)
(0,0,0)
(0,0,0)
(0,0,0)
(0,0,0)
(0,0,0)
(0,0,0)
(0,0,0)
(0,0,0)
(0,0,0)
(0,0,0)
(0,0,0)
(0,0,0)
(0,0,0)
(0,0,0)
(0,0,0)
(0,0,0)
(0,0,0)
(0,0,0)
(0,0,0)
(0,0,0)
(0,0,0)
(0,0,0)
(0,0,0)
(0,0,0)
(0,0,0)
(0,0,0)
(0,0,0)
(0,0,0)
(0,0,0)
(0,0,0)
(0,0,0)
(0,0,0)
(0,0,0)
(0,0,0)
(0,0,0)
(0,0,0)
(0,0,0)
(0,0,0)
(0,0,0)
(0,0,0)
(0,0,0)
(0,0,0)
(0,0,0)
(0,0,0)
(0,0,0)
(0,0,0)
(0,0,0)
(0,0,0)
(0,0,0)
(0,0,0)
(0,0,0)
(0,0,0)
(0,0,0)
(0,0,0)
(0,0,0)
(0,0,0)
(0,0,0)
(0,0,0)
(0,0,0)
(0,0,0)
(0,0,0)
(0,0,0)
(0,0,0)
(0,0,0)
(0,0,0)
(0,0,0)
(0,0,0)
(0,0,0)
(0,0,0)
(0,0,0)
(0,0,0)
(0,0,0)
(0,0,0)
(0,0,0)
(0,0,0)
(0,0,0)
(0,0,0)
(0,0,0)
(0,0,0)
(0,0,0)
(0,0,0)
(0,0,0)
(0,0,0)
(0,0,0)
(0,0,0)
(0,0,0)
(0,0,0)
(0,0,0)
(0,0,0)
(0,0,0)
(0,0,0)
(0,0,0)
(0,0,0)
(0,0,0)
(0,0,0)
(0,0,0)
(0,0,0)
(0,0,0)
(0,0,0)
(0,0,0)
(0,0,0)
(0,0,0)
(0,0,0)
(0,0,0)
(0,0,0)
(0,0,0)
(0,0,0)
(0,0,0)
(0,0,0)
(0,0,0)
(0,0,0)
(0,0,0)
(0,0,0)
(0,0,0)
(0,0,0)
(0,0,0)
(0,0,0)
(0,0,0)
(0,0,0)
(0,0,0)
(0,0,0)
(0,0,0)
(0,0,0)
(0,0,0)
(0,0,0)
(0,0,0)
(0,0,0)
(0,0,0)
(0,0,0)
(0,0,0)
(0,0,0)
(0,0,0)
(0,0,0)
(0,0,0)
(0,0,0)
(0,0,0)
(0,0,0)
(0,0,0)
(0,0,0)
(0,0,0)
(0,0,0)
(0,0,0)
(0,0,0)
(0,0,0)
(0,0,0)
(0,0,0)
(0,0,0)
(0,0,0)
(0,0,0)
(0,0,0)
(0,0,0)
(0,0,0)
(0,0,0)
(0,0,0)
(0,0,0)
(0,0,0)
(0,0,0)
(0,0,0)
(0,0,0)
(0,0,0)
(0,0,0)
(0,0,0)
(0,0,0)
(0,0,0)
(0,0,0)
(0,0,0)
(0,0,0)
(0,0,0)
(0,0,0)
(0,0,0)
(0,0,0)
(0,0,0)
(0,0,0)
(0,0,0)
(0,0,0)
(0,0,0)
(0,0,0)
(0,0,0)
(0,0,0)
(0,0,0)
(0,0,0)
(0,0,0)
(0,0,0)
(0,0,0)
(0,0,0)
(0,0,0)
(0,0,0)
(0,0,0)
(0,0,0)
(0,0,0)
(0,0,0)
(0,0,0)
(0,0,0)
(0,0,0)
(0,0,0)
(0,0,0)
(0,0,0)
(0,0,0)
(0,0,0)
(0,0,0)
(0,0,0)
(0,0,0)
(0,0,0)
(0,0,0)
(0,0,0)
(0,0,0)
(0,0,0)
(0,0,0)
(0,0,0)
(0,0,0)
(0,0,0)
(0,0,0)
(0,0,0)
(0,0,0)
(0,0,0)
(0,0,0)
(0,0,0)
(0,0,0)
(0,0,0)
(0,0,0)
(0,0,0)
(0,0,0)
(0,0,0)
(0,0,0)
(0,0,0)
(0,0,0)
(0,0,0)
(0,0,0)
(0,0,0)
(0,0,0)
(0,0,0)
(0,0,0)
(0,0,0)
(0,0,0)
(0,0,0)
(0,0,0)
(0,0,0)
(0,0,0)
(0,0,0)
(0,0,0)
(0,0,0)
(0,0,0)
(0,0,0)
(0,0,0)
(0,0,0)
(0,0,0)
(0,0,0)
(0,0,0)
(0,0,0)
(0,0,0)
(0,0,0)
(0,0,0)
(0,0,0)
(0,0,0)
(0,0,0)
(0,0,0)
(0,0,0)
(0,0,0)
(0,0,0)
(0,0,0)
(0,0,0)
(0,0,0)
(-83351.0840534582,44375.7710236586,38975.3130297981)
(-88165.0856183547,42529.4051782058,84610.9934699452)
(-99266.3025215496,38700.512112431,145176.783879059)
(-120204.695469659,32743.4562900385,232638.023058692)
(-157986.686450771,24653.4260625209,365971.283446937)
(-225840.786541957,15385.4755174389,576426.594471461)
(-348721.233488829,6935.82922601585,918211.998734302)
(-570873.892065287,1751.51649548442,1487334.37430411)
(-941592.075944485,12.8519015816077,2428913.59834698)
(-1311996.15332327,-134.596854783247,3741044.34852509)
(0,0,0)
(0,0,0)
(0,0,0)
(0,0,0)
(0,0,0)
(0,0,0)
(-88175.0627897141,95350.0173484675,37200.8164649049)
(-93029.124769403,91889.0748017827,80870.2716107313)
(-104300.152058064,84620.4362594038,139250.499521822)
(-125723.40064841,73091.9454004027,224625.411059866)
(-164555.052798514,57114.5896873492,356719.30023355)
(-234031.356070675,38151.2270979395,567984.904723714)
(-358277.50732465,20158.311076705,913039.93019766)
(-579585.933070153,8744.71428088094,1485632.66548237)
(-947398.162843117,4237.50851830319,2428806.17170885)
(-1314713.37171078,2152.38598693061,3741232.56057777)
(0,0,0)
(0,0,0)
(0,0,0)
(0,0,0)
(0,0,0)
(0,0,0)
(-99175.1419486016,160739.90580567,33785.2534913991)
(-104098.993003906,156097.394136592,73675.9271604986)
(-115710.188141824,146255.978304733,127750.573256999)
(-138199.327143407,130324.579243325,208717.266557484)
(-179514.325425044,107571.165553117,337775.016116747)
(-253297.042779435,79165.8476306115,550057.438363516)
(-381808.176714263,50367.0408192148,901656.885335293)
(-601260.693856346,30536.9110014607,1481125.38247102)
(-961367.188845039,20035.7016641659,2426694.37817021)
(-1321041.97693466,10845.7480755814,3739042.9930163)
(0,0,0)
(0,0,0)
(0,0,0)
(0,0,0)
(0,0,0)
(0,0,0)
(-119648.659817656,251216.166209871,29172.3994134553)
(-124649.749592767,246037.349682408,63882.1934604097)
(-136700.488087859,235001.216889596,111837.442963398)
(-160743.761148557,216876.5448442,186029.238511064)
(-206145.326210313,190311.976413381,309433.753861133)
(-288193.019809165,155429.97308275,521362.648218156)
(-426909.317100747,116655.844905944,881983.161232143)
(-643221.421239745,84973.3023146752,1470768.19115865)
(-986975.316969868,60272.2168969989,2417506.99289562)
(-1332213.03065019,32418.5295300473,3728147.24209161)
(0,0,0)
(0,0,0)
(0,0,0)
(0,0,0)
(0,0,0)
(0,0,0)
(-156317.212580791,383510.426330189,24022.9524604655)
(-161292.626267506,378467.220937142,52885.7074732314)
(-173583.989972563,367707.302990358,93763.6113450358)
(-198909.707979511,349968.501558028,159581.362610725)
(-248539.75679675,323750.076247582,274683.019573261)
(-340860.414012837,288183.955011331,482789.451657507)
(-495644.940624339,244584.552756903,850505.684430909)
(-707125.204199888,196354.031374834,1446250.15957062)
(-1024177.95190752,141027.479960861,2389672.84841439)
(-1348340.76620069,74737.1821996096,3695694.96194555)
(0,0,0)
(0,0,0)
(0,0,0)
(0,0,0)
(0,0,0)
(0,0,0)
(-222486.710864271,586955.182686322,19041.954508143)
(-227217.005792607,582464.791879255,42261.3893586335)
(-239119.198942896,572864.32622466,76223.5650672305)
(-264189.437940624,556826.963809451,133554.540756421)
(-314342.759126312,532388.110027559,239259.266102778)
(-408422.784504328,496500.883619699,439365.121998738)
(-563689.12741981,445157.097129871,802481.705045586)
(-765590.662346921,373313.771840807,1391112.62692657)
(-1064501.42897175,273253.724533708,2323387.81132545)
(-1368667.74165375,145843.859856995,3620948.87532179)
(0,0,0)
(0,0,0)
(0,0,0)
(0,0,0)
(0,0,0)
(0,0,0)
(-343994.50953783,916338.998449513,14610.6937746384)
(-348182.247038628,912455.007254376,32802.725438161)
(-358852.420819004,904073.165571584,60446.306910241)
(-381759.128482248,889737.594222942,109294.804978991)
(-428368.077479729,866585.371831379,203465.620654903)
(-516787.540334386,828653.199540407,388100.845068603)
(-662520.928859222,764991.861234853,730787.00982285)
(-846126.47027408,659052.913932699,1291174.33800502)
(-1124596.90146885,493075.738822677,2195949.22518492)
(-1401821.33409548,268645.534147204,3474968.88499023)
(0,0,0)
(0,0,0)
(0,0,0)
(0,0,0)
(0,0,0)
(0,0,0)
(-566200.136429057,1471777.39500722,10761.739871332)
(-569568.434656023,1468254.41836226,24530.7634194725)
(-578175.168342031,1460490.65481025,46288.442522837)
(-596830.178528132,1446595.74242674,86260.4728471446)
(-635149.948675086,1422396.55514575,165599.238207864)
(-708651.280454051,1378511.01407488,324392.704127414)
(-830705.893344096,1295256.39373419,624834.064972128)
(-979356.325606821,1138067.26117407,1125176.04333762)
(-1233662.43969818,880454.552550538,1971459.66930795)
(-1465182.41482672,499051.496856852,3206236.12142498)
(0,0,0)
(0,0,0)
(0,0,0)
(0,0,0)
(0,0,0)
(0,0,0)
(-938379.536442549,2402881.54703074,7275.38441902481)
(-940675.822499126,2399400.37016588,16805.2551145074)
(-946531.074460163,2391368.45561719,32458.528767693)
(-959099.429553937,2376036.32448696,62117.376261398)
(-984429.215706455,2347175.0481433,121768.098970339)
(-1032004.32945919,2291150.23822839,241133.204276027)
(-1111907.38412629,2180696.75610037,467600.226036159)
(-1230630.43621806,1968787.93851082,867509.984917486)
(-1434811.51112568,1592788.64950377,1589987.39908981)
(-1575709.95142342,957663.786394557,2707085.06097549)
(0,0,0)
(0,0,0)
(0,0,0)
(0,0,0)
(0,0,0)
(0,0,0)
(-1310558.86593981,3709701.5489002,3738.86407034254)
(-1311673.19149402,3706096.21246387,8716.2132663511)
(-1314572.0036205,3697559.09717908,17097.5753249822)
(-1320748.07934775,3680666.2183268,33215.7608329343)
(-1333026.5058725,3647711.09496939,65706.2198793745)
(-1355951.27423418,3582193.52856094,130614.203780959)
(-1395935.05286741,3451669.58534006,255576.427408685)
(-1463308.81777147,3196201.17337101,491472.010319925)
(-1575356.06818247,2704709.27148289,954907.456523173)
(-1586556.85876931,1749639.81242676,1749488.28926038)
(0,0,0)
(0,0,0)
(0,0,0)
(0,0,0)
(0,0,0)
(0,0,0)
(0,0,0)
(0,0,0)
(0,0,0)
(0,0,0)
(0,0,0)
(0,0,0)
(0,0,0)
(0,0,0)
(0,0,0)
(0,0,0)
(0,0,0)
(0,0,0)
(0,0,0)
(0,0,0)
(0,0,0)
(0,0,0)
(0,0,0)
(0,0,0)
(0,0,0)
(0,0,0)
(0,0,0)
(0,0,0)
(0,0,0)
(0,0,0)
(0,0,0)
(0,0,0)
(0,0,0)
(0,0,0)
(0,0,0)
(0,0,0)
(0,0,0)
(0,0,0)
(0,0,0)
(0,0,0)
(0,0,0)
(0,0,0)
(0,0,0)
(0,0,0)
(0,0,0)
(0,0,0)
(0,0,0)
(0,0,0)
(0,0,0)
(0,0,0)
(0,0,0)
(0,0,0)
(0,0,0)
(0,0,0)
(0,0,0)
(0,0,0)
(0,0,0)
(0,0,0)
(0,0,0)
(0,0,0)
(0,0,0)
(0,0,0)
(0,0,0)
(0,0,0)
(0,0,0)
(0,0,0)
(0,0,0)
(0,0,0)
(0,0,0)
(0,0,0)
(0,0,0)
(0,0,0)
(0,0,0)
(0,0,0)
(0,0,0)
(0,0,0)
(0,0,0)
(0,0,0)
(0,0,0)
(0,0,0)
(0,0,0)
(0,0,0)
(0,0,0)
(0,0,0)
(0,0,0)
(0,0,0)
(0,0,0)
(0,0,0)
(0,0,0)
(0,0,0)
(0,0,0)
(0,0,0)
(0,0,0)
(0,0,0)
(0,0,0)
(0,0,0)
(0,0,0)
(0,0,0)
(0,0,0)
(0,0,0)
(0,0,0)
(0,0,0)
(12305278.7834519,39537.2165199024,34196.2328190845)
(12297221.6384946,37667.4528633971,73505.3726871044)
(12278770.9527121,33684.4598696333,124146.974427999)
(12244336.8124722,27218.5438647485,194750.239465706)
(12183015.2409182,18083.0520414258,298028.576899661)
(12073906.3267567,7193.75382213006,453451.026623068)
(11873711.0916326,-2613.93283652515,695995.951182326)
(11477856.9167464,-6961.43864914094,1116589.89786405)
(10584573.2895852,-5792.26977030386,2058580.11894899)
(8158551.0753531,-2832.68304029403,5053228.89015745)
(0,0,0)
(0,0,0)
(0,0,0)
(0,0,0)
(0,0,0)
(0,0,0)
(12297063.9476641,84298.1368270654,32363.3860834155)
(12288998.4199798,80787.8777896792,69578.7332522478)
(12270398.8604436,73196.7034412783,117730.794023208)
(12235327.213185,60575.868302574,185686.172596387)
(12172317.1055891,42123.8276456903,287136.555448913)
(12060146.4981125,18867.8723136878,443647.899618524)
(11856867.4040028,-3405.71288996176,691658.085188913)
(11462670.9217644,-12956.6363282589,1117759.74487784)
(10575144.7341941,-9725.06618635012,2061512.96110068)
(8154418.69011417,-4150.97288816794,5056062.50596771)
(0,0,0)
(0,0,0)
(0,0,0)
(0,0,0)
(0,0,0)
(0,0,0)
(12278484.9859997,140160.847337165,28840.4783858022)
(12270425.8479787,135458.400552542,62008.4314845844)
(12251490.6164297,125202.31411944,105165.333079313)
(12214887.2419562,107714.351755353,167303.597371294)
(12147514.8553638,80876.9996827237,263884.561389804)
(12026145.0403718,44217.8771126142,421455.790284032)
(11811206.5672506,5227.22488556766,682171.425387986)
(11420740.2556364,-11427.5804583693,1121004.73686971)
(10550748.3383976,-5530.71537767955,2067058.1756625)
(8144298.07850021,-281.742145795496,5060212.20632954)
(0,0,0)
(0,0,0)
(0,0,0)
(0,0,0)
(0,0,0)
(0,0,0)
(12244313.311815,214402.75593307,24159.4366156699)
(12236297.7085877,209256.254501053,51777.4413310398)
(12216911.940353,198010.099810243,87720.5440436531)
(12177924.9674708,178590.353227447,140539.130796557)
(12102543.4810168,147810.131585799,227280.508510763)
(11960398.4694779,102698.021020166,382572.192160497)
(11709683.0739715,47912.8180005758,665657.52481763)
(11325263.6162455,21087.1976935402,1127021.02602483)
(10501438.1131428,23112.4485772193,2072327.7488015)
(8125359.03078779,16318.0713421594,5060519.19071998)
(0,0,0)
(0,0,0)
(0,0,0)
(0,0,0)
(0,0,0)
(0,0,0)
(12184235.0115071,317170.500354374,19043.3483351906)
(12176432.3827403,312385.212335786,40552.6983368483)
(12156955.3180412,302044.333503389,68342.4734743666)
(12115954.5972163,284571.983336681,109859.85501355)
(12031366.8875262,257841.838787108,182284.820333758)
(11858017.2102235,220516.621432333,327951.912529605)
(11527107.231306,176477.155034154,638998.720410049)
(11148253.9704058,137880.274481022,1129189.78586125)
(10424178.1994888,100743.273850945,2065566.12603533)
(8097212.3083848,54452.4926050099,5044241.94703118)
(0,0,0)
(0,0,0)
(0,0,0)
(0,0,0)
(0,0,0)
(0,0,0)
(12077429.7618574,465302.511244351,14314.8332325043)
(12070152.0530761,461355.866842838,30338.4367010499)
(12051598.5891806,452984.524594157,51043.7743310763)
(12011359.1265836,439144.886382739,83285.6236051818)
(11925783.7985445,418285.093313774,145079.128251965)
(11747455.40907,388076.352268208,284004.52068603)
(11412337.7596046,346299.017581458,600519.087958729)
(11050172.6169528,292792.924052996,1092206.47593138)
(10358333.2374491,213186.117162799,2019292.28304321)
(8064908.31346108,112719.67358931,4989812.36378827)
(0,0,0)
(0,0,0)
(0,0,0)
(0,0,0)
(0,0,0)
(0,0,0)
(11879311.5237228,693938.353044405,10421.4417836248)
(11872955.7740748,690895.00800088,22107.5963565229)
(11856521.7810033,684618.428795065,37462.8071777212)
(11819992.4578216,674592.35255716,62627.0715437471)
(11740169.1772777,659746.184634617,114992.042309845)
(11569603.7587875,636738.094513417,242302.317786991)
(11244528.8927153,596780.896331138,547133.93430692)
(10917617.7699666,525839.615863712,1012706.31909984)
(10260815.8761579,384044.786383331,1918798.18909668)
(8009796.88893713,205300.240270661,4876962.71622714)
(0,0,0)
(0,0,0)
(0,0,0)
(0,0,0)
(0,0,0)
(0,0,0)
(11483209.5669966,1099492.36273349,7399.60372962261)
(11478177.4947424,1097006.7398864,15905.2592899027)
(11465078.9771154,1092023.87800789,27608.9814639735)
(11435538.3464273,1084266.77698474,47929.3489252318)
(11369742.2088672,1073081.74002533,92064.9528364438)
(11225046.2227575,1055153.32569823,202315.535284431)
(10940505.3303382,1014071.47999581,476177.044781677)
(10727325.558395,886811.134694947,870886.958792724)
(10064291.876066,679340.848297793,1739999.89795838)
(7882343.58743627,388553.861543359,4671583.59126705)
(0,0,0)
(0,0,0)
(0,0,0)
(0,0,0)
(0,0,0)
(0,0,0)
(10587690.3719621,2030812.80992511,4972.96124808474)
(10584308.1165709,2028427.90399669,10931.1749120798)
(10575554.8629794,2023337.9718565,19894.4604681607)
(10556214.8150927,2014411.07056711,36799.239083414)
(10515019.3981416,1998613.64497964,74182.0371252539)
(10431218.5940866,1967255.17704111,161220.57908113)
(10280157.6717805,1896723.9649509,348866.355063718)
(10067924.493021,1736141.11947275,663344.757891281)
(9468803.02968269,1452281.04280611,1449153.33941897)
(7494541.68752897,946858.37248852,4282960.50636569)
(0,0,0)
(0,0,0)
(0,0,0)
(0,0,0)
(0,0,0)
(0,0,0)
(8159642.47200388,5020413.67400107,2561.1148245987)
(8157988.68621717,5017923.27182972,5767.18612450802)
(8153701.56531721,5012285.04739816,10909.8584894514)
(8144415.09307107,5001568.62267798,20952.4508042272)
(8125258.58635445,4980857.77227167,42786.5481296434)
(8087598.08888137,4938240.6506683,90615.028231308)
(8017873.06341698,4847716.9280282,188177.265713924)
(7884327.69470848,4659603.83870717,379441.350844042)
(7494815.97129297,4280150.69150234,943762.979516806)
(6093991.83688767,3336280.53278282,3336155.44040983)
(0,0,0)
(0,0,0)
(0,0,0)
(0,0,0)
(0,0,0)
(0,0,0)
(0,0,0)
(0,0,0)
(0,0,0)
(0,0,0)
(0,0,0)
(0,0,0)
(0,0,0)
(0,0,0)
(0,0,0)
(0,0,0)
(0,0,0)
(0,0,0)
(0,0,0)
(0,0,0)
(0,0,0)
(0,0,0)
(0,0,0)
(0,0,0)
(0,0,0)
(0,0,0)
(0,0,0)
(0,0,0)
(0,0,0)
(0,0,0)
(0,0,0)
(0,0,0)
(0,0,0)
(0,0,0)
(0,0,0)
(0,0,0)
(0,0,0)
(0,0,0)
(0,0,0)
(0,0,0)
(0,0,0)
(0,0,0)
(0,0,0)
(0,0,0)
(0,0,0)
(0,0,0)
(0,0,0)
(0,0,0)
(0,0,0)
(0,0,0)
(0,0,0)
(0,0,0)
(0,0,0)
(0,0,0)
(0,0,0)
(0,0,0)
(0,0,0)
(0,0,0)
(0,0,0)
(0,0,0)
(0,0,0)
(0,0,0)
(0,0,0)
(0,0,0)
(0,0,0)
(0,0,0)
(0,0,0)
(0,0,0)
(0,0,0)
(0,0,0)
(0,0,0)
(0,0,0)
(0,0,0)
(0,0,0)
(0,0,0)
(0,0,0)
(0,0,0)
(0,0,0)
(0,0,0)
(0,0,0)
(0,0,0)
(0,0,0)
(0,0,0)
(0,0,0)
(0,0,0)
(0,0,0)
(0,0,0)
(0,0,0)
(0,0,0)
(0,0,0)
(0,0,0)
(0,0,0)
(0,0,0)
(0,0,0)
(0,0,0)
(0,0,0)
(0,0,0)
(0,0,0)
(0,0,0)
(0,0,0)
(0,0,0)
(0,0,0)
(-214591.581082723,31352.9493956273,26154.0982946506)
(-223458.931897053,29466.681222165,55004.6706197664)
(-243477.072632909,25300.2219441136,89589.157176487)
(-279900.303377309,18171.4607077275,133291.495473944)
(-342195.041053862,7387.04208510569,188751.418516562)
(-446175.510713533,-6570.82815587603,253040.767298468)
(-616241.477157742,-19437.7117319687,300067.730976572)
(-885604.123878281,-22145.1122322005,223310.566989197)
(-1271874.68027176,-15234.9537337698,-367369.826264393)
(-1559155.95967896,-6968.51978322418,-3105057.58829336)
(0,0,0)
(0,0,0)
(0,0,0)
(0,0,0)
(0,0,0)
(0,0,0)
(-223979.171263934,65711.3110005895,24321.4404786756)
(-232686.108413805,62171.8003180212,50937.5329321039)
(-252474.895028659,54203.4147486202,82544.7787555901)
(-288909.05182767,40033.419907064,122555.767724511)
(-352155.115563599,17236.6151296025,174815.098988325)
(-458948.817444613,-15226.567538618,240202.837083827)
(-633029.714688959,-49119.2998451236,297418.227044359)
(-899784.461851943,-54900.1353107998,230265.316894911)
(-1278977.10605821,-34101.1811786212,-359109.932251935)
(-1561672.51924425,-14260.9680068476,-3098089.59151411)
(0,0,0)
(0,0,0)
(0,0,0)
(0,0,0)
(0,0,0)
(0,0,0)
(-244912.83162922,105985.156946569,20760.6548387407)
(-253291.873561139,101288.909364288,42997.9504880568)
(-272695.956914857,90571.0151507752,68453.6065860425)
(-309471.127351494,70673.1333767127,99808.9455797313)
(-375983.063226356,35809.8017811577,142370.360673934)
(-493797.072871074,-21656.1422132287,206378.731747015)
(-689216.844570319,-96383.4489302457,291702.97580871)
(-948987.886765524,-106922.758980052,251090.425035531)
(-1300577.16630042,-54805.2049487733,-339243.363340398)
(-1568597.46380467,-19202.1324884516,-3083769.97339823)
(0,0,0)
(0,0,0)
(0,0,0)
(0,0,0)
(0,0,0)
(0,0,0)
(-282374.456169584,154245.299011247,16064.3090756658)
(-290272.169861909,149277.353195359,32282.426849855)
(-309112.014840322,137918.745946047,48595.3344036223)
(-346612.004525073,116456.000189589,64986.122742261)
(-420505.193774794,76510.9611281614,84970.3213424676)
(-570629.633841911,231.422592570617,131747.543012148)
(-863868.999251307,-134704.39153183,281257.241992122)
(-1110097.60283211,-155952.408916646,303284.794161978)
(-1354719.89348966,-54152.7926858644,-303572.928312662)
(-1583472.25852365,-11843.129766133,-3064463.95856802)
(0,0,0)
(0,0,0)
(0,0,0)
(0,0,0)
(0,0,0)
(0,0,0)
(-345193.378716619,210176.993201307,11133.3791892734)
(-352410.44938117,205926.191877846,20964.0557840616)
(-370192.259329287,196495.385223872,27171.6770322915)
(-407661.501630261,179789.464529947,25090.9946942638)
(-490313.995442857,152133.05006746,8786.47187955884)
(-702145.817666882,109867.352946387,-3049.74742821031)
(-1394816.62870385,61665.8497601747,260140.554445222)
(-1654905.49134382,39799.6478957226,405184.642538153)
(-1460883.21838573,34933.8573345298,-261203.906451857)
(-1607844.09741801,22172.2868062931,-3052526.23406565)
(0,0,0)
(0,0,0)
(0,0,0)
(0,0,0)
(0,0,0)
(0,0,0)
(-448648.517048197,266941.129616324,6950.82564643218)
(-454964.376589603,263939.159920839,11690.970424837)
(-470884.463432951,257683.244360677,10622.8470572858)
(-505716.920221355,247601.422624423,-2476.38107661193)
(-586097.622355711,232574.98919771,-33400.2161509047)
(-797441.523733137,210198.131862403,-51197.3791080501)
(-1456471.06193405,178541.093179456,238372.882166884)
(-1694808.91314987,160317.597542611,400473.145778232)
(-1510440.30416423,115743.418065392,-273926.190183839)
(-1632211.65692237,57654.4764491107,-3074651.72628748)
(0,0,0)
(0,0,0)
(0,0,0)
(0,0,0)
(0,0,0)
(0,0,0)
(-617736.293840056,297619.093888396,4006.53644646082)
(-622955.786821176,295915.916532513,5578.0238864)
(-636352.549046222,293001.15878731,771.122664866799)
(-666726.043518267,290045.590685081,-17317.8609002117)
(-740573.693430629,289296.012480791,-55659.3303193302)
(-947631.32798751,292204.987730444,-82794.4162565951)
(-1635227.83871104,292823.697921631,220316.393583422)
(-1855759.16298671,335619.645144369,356027.962090723)
(-1585318.27529388,187576.547563975,-332034.332800209)
(-1672381.82678386,77849.6607291519,-3132414.11820367)
(0,0,0)
(0,0,0)
(0,0,0)
(0,0,0)
(0,0,0)
(0,0,0)
(-887759.026460747,203878.870621705,2345.49987967108)
(-891695.947893243,203029.85915742,2741.68304617217)
(-901933.52725867,202417.193463568,-2025.16410035133)
(-925786.632315771,204906.71206646,-17924.6235829428)
(-986929.122782834,218363.668798736,-52684.2650950555)
(-1176950.81824665,261372.037246161,-82217.5904509497)
(-1928167.84176238,353808.344032508,263107.618694556)
(-1571744.95519015,227469.606367429,207964.854212442)
(-1644625.50979826,83903.4865636367,-441808.015767128)
(-1734391.54032496,782.108334838329,-3210368.65245588)
(0,0,0)
(0,0,0)
(0,0,0)
(0,0,0)
(0,0,0)
(0,0,0)
(-1275201.65423654,-397148.802866835,1556.38284285029)
(-1277753.54105909,-397831.072387199,2115.65517319222)
(-1284322.16843921,-398447.586336269,494.149547391601)
(-1299011.45612885,-397312.177514234,-4424.00649462614)
(-1332695.61231622,-391057.543047855,-9651.10103443705)
(-1413294.58677681,-376275.437433206,10146.2376637961)
(-1589480.99326918,-365459.489052748,136689.418954294)
(-1647209.81528083,-447375.801353861,64305.818132942)
(-1798731.60395716,-521637.48361471,-524981.894893172)
(-1827149.42666549,-453634.832785923,-3211237.15642221)
(0,0,0)
(0,0,0)
(0,0,0)
(0,0,0)
(0,0,0)
(0,0,0)
(-1561716.76445872,-3139003.65302306,850.769774559407)
(-1562949.83570721,-3139811.89949505,1406.80196245494)
(-1566096.72167346,-3141148.5008122,1542.68658479677)
(-1572889.29709414,-3142575.74434474,1747.32673606113)
(-1587354.97501394,-3144150.72035541,5090.7485676455)
(-1617704.96330893,-3149120.53891362,20875.5853939462)
(-1673808.38163598,-3169916.72942078,54650.9539706511)
(-1736222.84265645,-3224512.26725082,-10025.3596119232)
(-1827729.83790539,-3214493.03293661,-456987.317936089)
(-1763825.41123199,-2757551.61084642,-2757616.60860028)
(0,0,0)
(0,0,0)
(0,0,0)
(0,0,0)
(0,0,0)
(0,0,0)
(0,0,0)
(0,0,0)
(0,0,0)
(0,0,0)
(0,0,0)
(0,0,0)
(0,0,0)
(0,0,0)
(0,0,0)
(0,0,0)
(0,0,0)
(0,0,0)
(0,0,0)
(0,0,0)
(0,0,0)
(0,0,0)
(0,0,0)
(0,0,0)
(0,0,0)
(0,0,0)
(0,0,0)
(0,0,0)
(0,0,0)
(0,0,0)
(0,0,0)
(0,0,0)
(0,0,0)
(0,0,0)
(0,0,0)
(0,0,0)
(0,0,0)
(0,0,0)
(0,0,0)
(0,0,0)
(0,0,0)
(0,0,0)
(0,0,0)
(0,0,0)
(0,0,0)
(0,0,0)
(0,0,0)
(0,0,0)
(0,0,0)
(0,0,0)
(0,0,0)
(0,0,0)
(0,0,0)
(0,0,0)
(0,0,0)
(0,0,0)
(0,0,0)
(0,0,0)
(0,0,0)
(0,0,0)
(0,0,0)
(0,0,0)
(0,0,0)
(0,0,0)
(0,0,0)
(0,0,0)
(0,0,0)
(0,0,0)
(0,0,0)
(0,0,0)
(0,0,0)
(0,0,0)
(0,0,0)
(0,0,0)
(0,0,0)
(0,0,0)
(0,0,0)
(0,0,0)
(0,0,0)
(0,0,0)
(0,0,0)
(0,0,0)
(0,0,0)
(0,0,0)
(0,0,0)
(0,0,0)
(0,0,0)
(0,0,0)
(0,0,0)
(0,0,0)
(0,0,0)
(0,0,0)
(0,0,0)
(0,0,0)
(0,0,0)
(0,0,0)
(0,0,0)
(0,0,0)
(0,0,0)
(0,0,0)
(0,0,0)
(0,0,0)
(-253819.878555582,21941.8682940715,17286.4291787883)
(-261339.442033282,20213.7993886554,34953.1399263631)
(-277894.446337852,16246.7677463421,53123.7458849665)
(-306753.387777617,9081.79637989807,70895.0339053774)
(-353284.740510077,-2635.84217410576,84620.5755356988)
(-424897.454041044,-19424.4591501887,82766.9780133949)
(-527869.160734789,-36256.242872572,30650.9044630136)
(-655649.464688101,-36346.9539763708,-162956.800750791)
(-757849.044819038,-22354.3354826526,-654628.100720813)
(-658537.752821118,-9499.52214084673,-1545746.78543776)
(0,0,0)
(0,0,0)
(0,0,0)
(0,0,0)
(0,0,0)
(0,0,0)
(-262357.849612215,44737.192927181,15583.3537151668)
(-269427.506469494,41469.8010563601,31068.7501031552)
(-285034.035041521,33845.6384908827,46029.0193714777)
(-312345.190351172,19345.3553715897,59201.5989032838)
(-356761.588220212,-6698.16322700901,67870.3926127956)
(-426295.63575304,-50169.1569821449,65961.908753183)
(-528618.666419443,-105332.993116472,30627.6107275709)
(-652520.946289357,-104091.493084293,-148891.365727095)
(-752816.010619496,-55672.9527133787,-641733.84393505)
(-655445.493483164,-21196.6878477386,-1536263.70398934)
(0,0,0)
(0,0,0)
(0,0,0)
(0,0,0)
(0,0,0)
(0,0,0)
(-281007.345939522,68520.6341144675,12311.0731230176)
(-287243.514962893,64253.2140749564,23479.3015061747)
(-301009.224773902,54070.906132023,31567.3017240778)
(-325155.801389694,33437.0809699759,33160.2501638877)
(-365123.076959125,-8803.05633641707,24405.1570060638)
(-431816.015460408,-98565.9668092683,10820.9094225054)
(-544575.916637999,-271053.471802504,31900.4601762131)
(-652728.693612095,-267992.468360156,-100457.75770137)
(-740639.353504915,-108894.483740869,-607174.039469395)
(-647911.412597348,-34056.8527887258,-1514999.92573578)
(0,0,0)
(0,0,0)
(0,0,0)
(0,0,0)
(0,0,0)
(0,0,0)
(-313224.848642518,91325.6609204891,8045.36566692261)
(-318290.827153188,87004.7407164197,13312.496316746)
(-329356.541432542,76687.0961939606,10940.8328470339)
(-348361.564005489,55229.0582520632,-9101.58495463261)
(-379649.226673921,6558.83498095409,-65319.4433728765)
(-441544.329189571,-131384.21689028,-161586.497944215)
(-665827.659433549,-665713.573654727,35032.2640902561)
(-700988.601713001,-700762.864754647,58693.659365612)
(-712390.998824158,-160297.460129164,-532232.258911588)
(-632733.642657306,-36210.0067804805,-1480817.72078627)
(0,0,0)
(0,0,0)
(0,0,0)
(0,0,0)
(0,0,0)
(0,0,0)
(-364126.384307355,106477.208399254,3781.45811196811)
(-367825.921016968,103137.578922405,3064.09154178481)
(-375536.746465147,95571.8987424831,-10476.2238708723)
(-386672.417460971,81524.6734090486,-57760.9231971445)
(-394518.803561114,56206.7707471166,-203204.050845053)
(-355409.980886568,14502.7018469097,-695826.806362552)
(8.39884137335951e-05,2.15714991113349e-05,-5.52809342778641e-05)
(-75.9833371825278,-59.3416276362315,599242.950828643)
(-599325.422270357,-14578.7323555937,-408033.57306035)
(-605433.12650465,-2183.65644452677,-1444470.89430964)
(0,0,0)
(0,0,0)
(0,0,0)
(0,0,0)
(0,0,0)
(0,0,0)
(-440171.978630909,97490.3379124072,510.33206956241)
(-442594.72173683,95631.0527159038,-4352.79657670831)
(-447227.616356616,91949.1522598985,-24386.8971704516)
(-451965.018104955,86401.1182146655,-83015.2440924722)
(-446051.438415548,78001.4889917016,-244856.146277237)
(-377538.9382249,60039.8972835956,-710295.92722216)
(7.61647283885181e-05,2.81629182380796e-05,-4.2978332502961e-05)
(-244.792593904884,-495.630685241609,584973.49933658)
(-585488.45008946,40961.4997388154,-395518.586832599)
(-605267.360951469,17532.6077232243,-1442179.14697111)
(0,0,0)
(0,0,0)
(0,0,0)
(0,0,0)
(0,0,0)
(0,0,0)
(-546236.724826162,27299.8903042264,-1309.12140570024)
(-547607.884868878,26904.9913154026,-7930.96195750271)
(-549780.167176826,27203.3334353871,-29757.5250023814)
(-549673.305595234,30857.2635821302,-91266.4082928765)
(-533977.066457778,42889.309802756,-262750.856076793)
(-442881.443709477,62909.6443157702,-770370.487386993)
(0.000207240282029781,-7.55593443149419e-05,-5.87610977600811e-05)
(20.7841937800497,619686.173603722,626692.932358937)
(-627073.06641609,128311.827052931,-418902.603832954)
(-629857.569682777,15841.0963753308,-1459735.34958617)
(0,0,0)
(0,0,0)
(0,0,0)
(0,0,0)
(0,0,0)
(0,0,0)
(-675027.076594269,-183782.188449794,-1649.87111246541)
(-675664.664511748,-183209.671582646,-7566.49159591757)
(-676226.440557996,-180095.747343728,-25974.4975174745)
(-673374.220983354,-168389.796585895,-79139.8486818746)
(-653026.6818748,-127435.454703458,-242717.525083698)
(-548411.035764663,25037.9649493953,-833385.628199304)
(169.150952131599,692528.359356075,619694.890065997)
(-619624.708374233,152004.528890109,135256.287963674)
(-779410.570660108,-70218.2817241493,-531428.5423974)
(-682320.909835976,-91978.1426757874,-1475679.93383532)
(0,0,0)
(0,0,0)
(0,0,0)
(0,0,0)
(0,0,0)
(0,0,0)
(-774174.183665482,-683765.424432946,-1044.23458789952)
(-774430.439052253,-683098.890171649,-4478.11800571485)
(-774440.233897318,-680241.525100557,-14214.2747907521)
(-772276.422096953,-671201.500286278,-38137.6051222497)
(-762300.067287947,-645721.592178255,-90247.0126757222)
(-731802.432406322,-580679.654332312,-166021.547764512)
(-692254.929737097,-449749.684757975,79030.4328174546)
(-792718.829924518,-536330.696299623,-87125.3273491032)
(-852211.395370573,-550576.907255803,-553286.910404015)
(-698325.798883391,-390256.155930536,-1383832.52493142)
(0,0,0)
(0,0,0)
(0,0,0)
(0,0,0)
(0,0,0)
(0,0,0)
(-667757.020482555,-1577315.47536684,-409.693042265029)
(-667848.058212265,-1576860.60237873,-1749.75833011593)
(-667809.986042506,-1575016.88009704,-5261.13896458441)
(-666939.421478297,-1569667.5907558,-12744.9241108858)
(-663775.345066303,-1556778.0919243,-25268.0543124905)
(-657085.982305877,-1531370.28200827,-35196.4076396019)
(-654981.676134357,-1496058.58221498,-7714.2156841787)
(-690549.827538881,-1488219.18117607,-101498.745925293)
(-700112.42236155,-1386671.62725634,-393021.441468571)
(-559826.793819666,-993631.117737376,-993645.097074037)
(0,0,0)
(0,0,0)
(0,0,0)
(0,0,0)
(0,0,0)
(0,0,0)
(0,0,0)
(0,0,0)
(0,0,0)
(0,0,0)
(0,0,0)
(0,0,0)
(0,0,0)
(0,0,0)
(0,0,0)
(0,0,0)
(0,0,0)
(0,0,0)
(0,0,0)
(0,0,0)
(0,0,0)
(0,0,0)
(0,0,0)
(0,0,0)
(0,0,0)
(0,0,0)
(0,0,0)
(0,0,0)
(0,0,0)
(0,0,0)
(0,0,0)
(0,0,0)
(0,0,0)
(0,0,0)
(0,0,0)
(0,0,0)
(0,0,0)
(0,0,0)
(0,0,0)
(0,0,0)
(0,0,0)
(0,0,0)
(0,0,0)
(0,0,0)
(0,0,0)
(0,0,0)
(0,0,0)
(0,0,0)
(0,0,0)
(0,0,0)
(0,0,0)
(0,0,0)
(0,0,0)
(0,0,0)
(0,0,0)
(0,0,0)
(0,0,0)
(0,0,0)
(0,0,0)
(0,0,0)
(0,0,0)
(0,0,0)
(0,0,0)
(0,0,0)
(0,0,0)
(0,0,0)
(0,0,0)
(0,0,0)
(0,0,0)
(0,0,0)
(0,0,0)
(0,0,0)
(0,0,0)
(0,0,0)
(0,0,0)
(0,0,0)
(0,0,0)
(0,0,0)
(0,0,0)
(0,0,0)
(0,0,0)
(0,0,0)
(0,0,0)
(0,0,0)
(0,0,0)
(0,0,0)
(0,0,0)
(0,0,0)
(0,0,0)
(0,0,0)
(0,0,0)
(0,0,0)
(0,0,0)
(0,0,0)
(0,0,0)
(0,0,0)
(0,0,0)
(0,0,0)
(0,0,0)
(0,0,0)
(0,0,0)
(0,0,0)
(-277016.49188602,13426.3292598073,9770.28407063427)
(-282058.080764266,12077.2329568531,18411.6898447708)
(-292768.687139824,9028.20216276699,24257.7284839699)
(-310197.427414806,3428.21801980385,24273.5501013549)
(-335797.204512718,-6138.27505237247,12924.2891563713)
(-370845.947249571,-20854.6931988857,-20272.5244362235)
(-414024.334123507,-37008.4290626914,-97108.9219848159)
(-454396.64804554,-33215.6123751041,-265146.126252282)
(-450373.351794879,-17294.7769043092,-555327.042372154)
(-320267.127887988,-6386.79479043292,-887210.872514845)
(0,0,0)
(0,0,0)
(0,0,0)
(0,0,0)
(0,0,0)
(0,0,0)
(-283458.673516252,26076.9147705035,8450.23839334307)
(-287865.729507001,23571.3825309614,15394.311856734)
(-297024.071077745,17766.5047746223,18646.0452811021)
(-311400.92667551,6462.28005229422,14667.7195729543)
(-331355.17732341,-15095.4446795839,-1781.52169663928)
(-356821.794042053,-55683.4433599906,-36426.61324652)
(-387512.636097655,-121259.253660628,-93281.8189703671)
(-425569.9934994,-104267.08220621,-249181.301929207)
(-431462.051509564,-43451.8702859851,-544378.167657483)
(-311744.146478534,-13640.144686032,-880826.16476647)
(0,0,0)
(0,0,0)
(0,0,0)
(0,0,0)
(0,0,0)
(0,0,0)
(-297269.693276337,36348.0348329354,5991.22727438431)
(-300483.118200609,33187.5777799536,9614.63526311402)
(-306619.254178916,25677.3527378899,7313.81670486371)
(-314631.755349003,10193.5782322871,-6941.5275158141)
(-321420.121162673,-23342.6946336268,-42397.2333582247)
(-319628.680105874,-108265.482617827,-102002.529454906)
(-299318.260480164,-392244.648609595,-76274.7906637562)
(-328690.778127122,-316206.312744138,-188373.475610807)
(-377384.398280104,-80617.8024607184,-514462.4986609)
(-290073.414514549,-18860.8267844417,-867079.81464531)
(0,0,0)
(0,0,0)
(0,0,0)
(0,0,0)
(0,0,0)
(0,0,0)
(-320209.114469988,40436.827556504,2895.47310390104)
(-321795.330468619,37429.4946635218,2158.05953575893)
(-323818.100762445,30463.606346373,-8166.63474282115)
(-322678.476001774,16863.316736099,-40519.4612503527)
(-307859.787945259,-8353.81628071149,-127297.778331937)
(-245942.159248466,-45294.3990252568,-385871.031865615)
(4.10583739813063e-05,4.60982618943536e-06,-1.9542741166331e-05)
(641.676584625648,178.565285502252,47311.4686694523)
(-245920.1803552,-47207.2279127455,-452569.924347485)
(-247212.714961632,-8898.6094786938,-848053.0693489)
(0,0,0)
(0,0,0)
(0,0,0)
(0,0,0)
(0,0,0)
(0,0,0)
(-353998.829900268,30330.7435949322,-21.4704455138095)
(-353930.28131891,28249.2818665041,-4736.89734656212)
(-351868.810378851,23777.294468144,-21718.5215546327)
(-341946.836784768,16144.1245147763,-65724.9100095175)
(-309024.298381647,4608.09260264126,-164181.324072331)
(-216732.601730415,-7676.27709932722,-340476.825154383)
(-5.39927482884317e-06,2.69524496185798e-06,9.7385343590582e-05)
(9.33145477146391e-05,9.17349559711301e-06,-4.93384041793382e-06)
(-211.57778404869,-662.709844784458,-414103.825514723)
(-187455.236905351,-1990.84821164029,-838989.476381071)
(0,0,0)
(0,0,0)
(0,0,0)
(0,0,0)
(0,0,0)
(0,0,0)
(-399038.980737275,-8777.89010517603,-2024.36419352962)
(-397669.293799903,-9602.77879135995,-9097.73147259421)
(-392506.775725314,-10798.7568079852,-29242.5208277703)
(-376398.544124124,-11458.8517750009,-77206.0185188203)
(-332209.813041103,-10015.2749062446,-176424.276384362)
(-223517.408909308,-5316.8008398416,-332805.281959426)
(6.77599112393288e-07,7.80679496547216e-06,7.64859600242674e-05)
(6.81417676531954e-05,2.09021791916787e-05,-3.46853532704325e-06)
(258.380747242447,-497.112418719204,-415208.03456558)
(-178620.087840547,-6997.84558010117,-836848.310308062)
(0,0,0)
(0,0,0)
(0,0,0)
(0,0,0)
(0,0,0)
(0,0,0)
(-450550.341905998,-101677.368263506,-2786.90476183533)
(-448443.679865472,-101349.347087508,-10204.5414690905)
(-441596.253081209,-99425.9320644879,-29761.2803082093)
(-422237.465850769,-92997.6106558801,-75658.3611717914)
(-371677.331735029,-76279.4246324133,-171693.946168367)
(-249696.648926732,-42698.2720450146,-327497.269745956)
(1.06395869667607e-05,0.00012018083938394,9.04486049626855e-05)
(0.000117330412652316,-2.34744251241538e-06,-3.91620112079736e-06)
(709.397079440157,-23966.5332437239,-421578.681506226)
(-192077.638088385,-36592.8414209501,-829763.617259772)
(0,0,0)
(0,0,0)
(0,0,0)
(0,0,0)
(0,0,0)
(0,0,0)
(-491297.120406611,-283042.445340652,-2364.879110524)
(-489093.343128266,-282083.285751986,-8202.26182953678)
(-482225.798847293,-278416.94314217,-23211.8924625488)
(-463290.492458649,-267404.913127096,-58888.3185160352)
(-413242.268675662,-236820.498133536,-138131.658214036)
(-285992.726525308,-158438.699160402,-284809.540338008)
(0.000140397022955991,-6.90427348542891e-06,-7.80293367238575e-06)
(226.758269588846,-21139.7518773579,-24423.5046442361)
(-250472.869320832,-143032.404376341,-434295.33485089)
(-252018.107493506,-107977.719248243,-793213.25936608)
(0,0,0)
(0,0,0)
(0,0,0)
(0,0,0)
(0,0,0)
(0,0,0)
(-478450.335121674,-577433.244526123,-1333.04935834097)
(-476747.98499136,-576597.748392657,-4501.04077857369)
(-471561.079607659,-573707.227384804,-12089.9108255973)
(-457561.062178639,-565961.807437896,-28248.3764331167)
(-420317.648930473,-547283.246588273,-59768.0463358487)
(-317446.29358059,-506062.68213484,-126500.202187135)
(141.667041634861,-412550.273068856,-21476.5870952295)
(-254542.631776033,-434171.613297719,-146620.923823369)
(-344047.090016894,-398433.93554433,-399383.698009057)
(-268627.724787628,-251692.388811405,-685367.102541671)
(0,0,0)
(0,0,0)
(0,0,0)
(0,0,0)
(0,0,0)
(0,0,0)
(-334959.876061981,-909735.051350197,-495.337596510398)
(-334081.386608093,-909153.996331637,-1705.76126172057)
(-331477.97561347,-907327.345421559,-4417.65365401062)
(-324853.211022532,-902818.188450768,-9647.48309690084)
(-309039.739409506,-893050.186454136,-18616.1488878114)
(-274350.893600671,-874316.414636185,-33097.505091681)
(-216191.178049778,-841133.451585457,-43304.8246596813)
(-259257.511951088,-797688.948049074,-111079.805496135)
(-270368.997779811,-686517.633454007,-252739.532168201)
(-196727.724046035,-433760.28921243,-433770.701540805)
(0,0,0)
(0,0,0)
(0,0,0)
(0,0,0)
(0,0,0)
(0,0,0)
(0,0,0)
(0,0,0)
(0,0,0)
(0,0,0)
(0,0,0)
(0,0,0)
(0,0,0)
(0,0,0)
(0,0,0)
(0,0,0)
(0,0,0)
(0,0,0)
(0,0,0)
(0,0,0)
(0,0,0)
(0,0,0)
(0,0,0)
(0,0,0)
(0,0,0)
(0,0,0)
(0,0,0)
(0,0,0)
(0,0,0)
(0,0,0)
(0,0,0)
(0,0,0)
(0,0,0)
(0,0,0)
(0,0,0)
(0,0,0)
(0,0,0)
(0,0,0)
(0,0,0)
(0,0,0)
(0,0,0)
(0,0,0)
(0,0,0)
(0,0,0)
(0,0,0)
(0,0,0)
(0,0,0)
(0,0,0)
(0,0,0)
(0,0,0)
(0,0,0)
(0,0,0)
(0,0,0)
(0,0,0)
(0,0,0)
(0,0,0)
(0,0,0)
(0,0,0)
(0,0,0)
(0,0,0)
(0,0,0)
(0,0,0)
(0,0,0)
(0,0,0)
(0,0,0)
(0,0,0)
(0,0,0)
(0,0,0)
(0,0,0)
(0,0,0)
(0,0,0)
(0,0,0)
(0,0,0)
(0,0,0)
(0,0,0)
(0,0,0)
(0,0,0)
(0,0,0)
(0,0,0)
(0,0,0)
(0,0,0)
(0,0,0)
(0,0,0)
(0,0,0)
(0,0,0)
(0,0,0)
(0,0,0)
(0,0,0)
(0,0,0)
(0,0,0)
(0,0,0)
(0,0,0)
(0,0,0)
(0,0,0)
(0,0,0)
(0,0,0)
(0,0,0)
(0,0,0)
(0,0,0)
(0,0,0)
(0,0,0)
(0,0,0)
(-288605.11902545,6898.40516774388,4690.22197169063)
(-291288.750751345,6201.21418168911,7719.67777708063)
(-296615.083511488,4718.95771571217,6847.11643303227)
(-304167.951916067,2177.35852321951,-1359.71758893151)
(-313283.036375464,-1726.48412824417,-22147.4015979434)
(-322658.479356406,-6824.43324560449,-63510.4362454945)
(-329527.187769029,-10467.4595713013,-137540.123028678)
(-326375.668199016,-4384.20711606519,-261176.895759131)
(-287854.07605782,1613.92369952568,-425310.095195689)
(-180614.165396267,2131.27968103026,-567094.337368501)
(0,0,0)
(0,0,0)
(0,0,0)
(0,0,0)
(0,0,0)
(0,0,0)
(-292724.079760061,12159.3801497201,4004.43126183556)
(-294778.971606907,10898.0974374669,6220.79010596779)
(-298490.799636632,8140.32331440453,4266.15306616453)
(-302827.827345795,3192.32406929908,-5321.91180963252)
(-305913.316096676,-5200.93886166583,-27289.3183029398)
(-305312.637263528,-18457.9144429049,-67164.9938841646)
(-300697.539938638,-32989.6534043295,-131457.896210152)
(-298865.306738804,-7371.04584210111,-255175.744244703)
(-270896.196447674,10635.1205983506,-424762.796205399)
(-173213.256800173,8041.11142143969,-569203.517624174)
(0,0,0)
(0,0,0)
(0,0,0)
(0,0,0)
(0,0,0)
(0,0,0)
(-301317.475564494,13442.8348482501,2764.32758963083)
(-302174.909182759,11894.7013854912,3459.51462375769)
(-302783.979793061,8478.61143950149,-714.047887192084)
(-300519.37856964,2134.83452579503,-13768.9351230567)
(-289957.934159023,-9793.82632764221,-40638.2346607286)
(-262458.866084468,-34527.1516895615,-81738.8114354921)
(-215479.350577045,-92694.403187035,-105872.971555907)
(-217867.904691845,13136.1865677118,-237203.077401001)
(-227488.830493191,50810.5718979441,-427274.096487515)
(-156119.00697761,23961.8823422398,-577149.27494523)
(0,0,0)
(0,0,0)
(0,0,0)
(0,0,0)
(0,0,0)
(0,0,0)
(-314730.781585684,6695.74574155554,1268.75622238776)
(-314014.874906117,5305.23571304185,77.7663323374141)
(-310620.737057901,2426.65951576289,-7067.64544847121)
(-299443.367049155,-2415.00476398519,-25752.915111308)
(-268452.761711269,-9550.01885010517,-65403.7488228349)
(-189892.43694798,-16113.8286787138,-139866.794134167)
(3.50083145363574e-05,4.17528581642546e-06,5.32074124748697e-06)
(518.02945441236,-484.400425324157,-199401.525322592)
(-139020.451132844,198479.405590474,-453970.08823749)
(-127087.827775453,50819.3713497889,-600952.464431198)
(0,0,0)
(0,0,0)
(0,0,0)
(0,0,0)
(0,0,0)
(0,0,0)
(-332574.039519004,-14703.7011665915,-25.3434731114487)
(-330397.980551485,-15503.0493245825,-2749.35920291063)
(-323460.145139111,-16863.8569637793,-11867.5079631098)
(-305009.623971017,-18337.1018025557,-32882.6237382923)
(-260906.804586788,-18618.6387940344,-71931.4975892192)
(-166567.700524276,-14499.8883491481,-123710.339124925)
(-5.15813931208294e-06,1.00615085181573e-06,4.98566881463016e-06)
(8.14313758346431e-05,3.53001181726857e-07,1.67929318219583e-05)
(594.645034412358,-177.931240111108,-601414.28440929)
(-93299.66927954,6849.89117071686,-651600.371856025)
(0,0,0)
(0,0,0)
(0,0,0)
(0,0,0)
(0,0,0)
(0,0,0)
(-352568.579297916,-60422.7367111481,-751.365894807239)
(-349400.298163274,-60494.8329393552,-4028.57791666365)
(-340190.708266657,-59984.7699965207,-13223.7323425836)
(-317482.411388349,-57391.6781749336,-33085.2887059823)
(-266635.108250268,-49535.6414431512,-67742.9908477003)
(-165055.549861312,-31491.6934610058,-109213.044783841)
(-4.0910067311243e-08,3.74097877968178e-06,-1.00529626182003e-11)
(5.67553144801936e-05,1.09653001883513e-06,1.06429142829315e-05)
(448.026566997314,14.6370982366911,-594221.194570462)
(-87311.4397908401,-20409.5273102182,-658270.42413923)
(0,0,0)
(0,0,0)
(0,0,0)
(0,0,0)
(0,0,0)
(0,0,0)
(-367654.031360558,-142565.62179587,-753.425460729927)
(-364168.912229136,-142112.57305627,-3410.45298015547)
(-354355.583918644,-140167.377305229,-10468.5148340114)
(-330806.497537624,-134157.659551841,-25133.5017702443)
(-278726.185048837,-117936.061640791,-49684.228258797)
(-174077.772260388,-79045.2405261136,-77749.5578600312)
(7.7608882908102e-06,8.17544424603159e-06,-1.18836909210288e-11)
(9.88623839514668e-05,4.35172055087206e-06,1.5212826285122e-05)
(493.52839711517,-275153.069978463,-614571.933329042)
(-92815.3195043657,-96508.9246730877,-637734.85455021)
(0,0,0)
(0,0,0)
(0,0,0)
(0,0,0)
(0,0,0)
(0,0,0)
(-363291.932423876,-270357.104305274,-213.705473330403)
(-360179.374566955,-269866.398890427,-1373.84820047917)
(-351555.134749559,-267872.223315273,-4339.66628817737)
(-331092.243923654,-261801.161236376,-8894.41313863627)
(-285185.770183156,-244019.513772125,-10867.4594998136)
(-187139.748471309,-189991.147334793,1225.46925486976)
(0.000123104464604239,2.01240404503924e-05,5.41740618744683e-06)
(231.113137270297,-276017.625305013,-275349.070497293)
(-128380.210740365,-236629.859569179,-435964.939487035)
(-118707.688170293,-124577.593408079,-541206.690075245)
(0,0,0)
(0,0,0)
(0,0,0)
(0,0,0)
(0,0,0)
(0,0,0)
(-314983.241589059,-434176.456035115,352.258197233808)
(-312772.12526621,-434147.01422536,657.013807006102)
(-306782.928666274,-433831.708740552,1838.34829088676)
(-292970.899626967,-433462.953849918,8909.97835276763)
(-262323.963542452,-436198.397044612,43095.1762372317)
(-192280.302563395,-463135.077450217,191073.115335453)
(390.721348189541,-629016.745666212,-276282.771144497)
(-131665.930767706,-438957.471371163,-236219.626086656)
(-168148.627589441,-324738.530355665,-324009.417727627)
(-120787.1029225,-179737.407365341,-416690.225635513)
(0,0,0)
(0,0,0)
(0,0,0)
(0,0,0)
(0,0,0)
(0,0,0)
(-194527.029069925,-575005.239967164,395.936939997357)
(-193413.445589465,-575307.081377794,888.063073805474)
(-190492.77831571,-576078.924885302,2150.08192079353)
(-184075.281088443,-578179.50545622,6088.70359299745)
(-171001.854511268,-584179.828220014,16032.2498701698)
(-146437.243996882,-600079.9335585,25063.4563746556)
(-108675.17971164,-625049.825330181,-86419.4622995027)
(-123921.660195348,-538494.677899986,-122218.107526422)
(-122078.551160273,-416145.982435513,-179101.102066106)
(-81527.9828707222,-237014.537481186,-237023.71312558)
(0,0,0)
(0,0,0)
(0,0,0)
(0,0,0)
(0,0,0)
(0,0,0)
(0,0,0)
(0,0,0)
(0,0,0)
(0,0,0)
(0,0,0)
(0,0,0)
(0,0,0)
(0,0,0)
(0,0,0)
(0,0,0)
(0,0,0)
(0,0,0)
(0,0,0)
(0,0,0)
(0,0,0)
(0,0,0)
(0,0,0)
(0,0,0)
(0,0,0)
(0,0,0)
(0,0,0)
(0,0,0)
(0,0,0)
(0,0,0)
(0,0,0)
(0,0,0)
(0,0,0)
(0,0,0)
(0,0,0)
(0,0,0)
(0,0,0)
(0,0,0)
(0,0,0)
(0,0,0)
(0,0,0)
(0,0,0)
(0,0,0)
(0,0,0)
(0,0,0)
(0,0,0)
(0,0,0)
(0,0,0)
(0,0,0)
(0,0,0)
(0,0,0)
(0,0,0)
(0,0,0)
(0,0,0)
(0,0,0)
(0,0,0)
(0,0,0)
(0,0,0)
(0,0,0)
(0,0,0)
(0,0,0)
(0,0,0)
(0,0,0)
(0,0,0)
(0,0,0)
(0,0,0)
(0,0,0)
(0,0,0)
(0,0,0)
(0,0,0)
(0,0,0)
(0,0,0)
(0,0,0)
(0,0,0)
(0,0,0)
(0,0,0)
(0,0,0)
(0,0,0)
(0,0,0)
(0,0,0)
(0,0,0)
(0,0,0)
(0,0,0)
(0,0,0)
(0,0,0)
(0,0,0)
(0,0,0)
(0,0,0)
(0,0,0)
(0,0,0)
(0,0,0)
(0,0,0)
(0,0,0)
(0,0,0)
(0,0,0)
(0,0,0)
(0,0,0)
(0,0,0)
(0,0,0)
(0,0,0)
(0,0,0)
(0,0,0)
(-293286.957635428,2704.29768551129,1977.54092445631)
(-294392.527641796,2670.3109611536,2411.00685374914)
(-296272.943742869,2805.29208315001,-736.42499801644)
(-297925.142895237,3511.93551513869,-10491.1695339806)
(-297967.534564679,5648.39442608405,-31455.0657708525)
(-294276.336029784,10538.6798314339,-70375.8889289104)
(-283786.147265083,18389.2971172937,-134506.226550143)
(-261209.237690917,23136.5117685965,-222809.168826842)
(-210900.379975196,18549.8618604286,-318312.726769907)
(-121663.715817806,9534.91648578575,-386798.092834142)
(0,0,0)
(0,0,0)
(0,0,0)
(0,0,0)
(0,0,0)
(0,0,0)
(-295463.163245901,3506.02138303905,1937.35978831111)
(-296143.310984478,3485.88856810851,2486.12155892472)
(-296922.218121685,3824.08101833482,-101.248891213118)
(-296489.572368454,5482.64472772412,-8410.21308113668)
(-292764.467482718,10736.9391992283,-26647.6064682427)
(-283248.9727204,24403.8173124925,-62576.4084924363)
(-267343.304971263,52275.1961179038,-129816.542460435)
(-251740.188038426,73638.7856026852,-227443.934994914)
(-206488.137121627,54045.0087776539,-327347.141238206)
(-119901.388924236,25169.910414544,-396294.00304288)
(0,0,0)
(0,0,0)
(0,0,0)
(0,0,0)
(0,0,0)
(0,0,0)
(-299726.197346702,-8.14993238163255,1922.89309762104)
(-299581.243343304,6.3664504740493,2808.74937579376)
(-298254.368900459,583.029668953437,1520.18983257015)
(-293471.266550835,3156.40143298058,-3201.678891494)
(-280954.609429696,11653.5781554037,-13121.6425770015)
(-254375.135451949,38009.6932536817,-34811.2491507068)
(-212410.682944016,122937.3315469,-108542.05221274)
(-237215.033580895,231534.401993487,-247090.539714494)
(-203641.543586486,139262.708687392,-356155.526530926)
(-118771.102152046,52993.6868667234,-421327.207808663)
(0,0,0)
(0,0,0)
(0,0,0)
(0,0,0)
(0,0,0)
(0,0,0)
(-305466.469168742,-11234.2174646569,1961.75511532915)
(-304264.069635208,-11170.2597409202,3387.57603580942)
(-300241.51565632,-10470.3039268059,4061.68822998693)
(-289415.946788323,-8050.20135036294,5240.8707525011)
(-262592.513776129,-2110.94116137903,13145.1421341527)
(-195935.006806056,7119.99328299794,50077.4119629119)
(2.60436375028369e-05,-1.34078915417569e-05,1.81633048109331e-05)
(-275304.396947751,-896.026152267403,-339278.209649048)
(-234823.782221405,338067.69046205,-442279.860335138)
(-126819.341940404,84566.9406548094,-474121.599958252)
(0,0,0)
(0,0,0)
(0,0,0)
(0,0,0)
(0,0,0)
(0,0,0)
(-311241.8421222,-34661.6549422211,2095.24008075873)
(-309098.518170458,-34486.4085499745,4111.92650879328)
(-302760.959496166,-33568.7991962265,6511.23613527357)
(-286909.279174193,-30830.362219694,11191.0522077864)
(-249788.325007322,-24406.1293561481,22367.7608230795)
(-166947.868828171,-13021.6227327099,42889.5451426812)
(-1.32335581959257e-05,-1.32865670337323e-06,-5.0299287811236e-06)
(5.59281798930841e-05,-8.21654857271067e-06,2.91012260263181e-05)
(-427431.507867059,-382.481419022635,-695606.060108723)
(-158619.316237522,12793.2161590024,-558512.688654918)
(0,0,0)
(0,0,0)
(0,0,0)
(0,0,0)
(0,0,0)
(0,0,0)
(-314015.130158156,-75549.7989382606,2334.69485628682)
(-311349.441041006,-75303.8457800502,5101.27496410213)
(-303835.248582115,-74210.1378876753,9387.1539710107)
(-285840.517845642,-70807.17588148,17722.074090087)
(-245391.025677215,-61735.9059552274,33807.7681161137)
(-159561.634345939,-40570.9380237538,55863.1678917856)
(-1.94695967264341e-06,-5.06127132937577e-07,7.96661268974597e-13)
(3.92354895189111e-05,-9.51561790391349e-06,1.88188950891465e-05)
(-404422.926173802,54.9827866346259,-682256.763756935)
(-159734.105428066,-25908.8317240268,-571132.050236678)
(0,0,0)
(0,0,0)
(0,0,0)
(0,0,0)
(0,0,0)
(0,0,0)
(-307592.082429714,-138280.13672485,2668.38885575527)
(-304944.979929966,-138193.11246943,6333.72324595812)
(-297731.000474734,-137472.152933919,12971.1548482926)
(-280985.430008713,-134554.902809899,26897.8142477968)
(-244010.512385347,-124521.739469441,54967.9750985215)
(-163835.054054998,-92207.3775264908,96361.6963958638)
(3.61609125345105e-06,1.93412113932877e-06,-8.35752072533696e-13)
(5.36456633166839e-05,8.3708158117654e-06,2.73302860833517e-05)
(-443294.578131186,-404091.555068348,-708156.230731195)
(-159354.183086744,-122409.21389861,-545116.984974233)
(0,0,0)
(0,0,0)
(0,0,0)
(0,0,0)
(0,0,0)
(0,0,0)
(-282255.987171929,-222163.742536363,2847.66055957446)
(-280128.166038943,-222567.868941738,7171.20850387712)
(-274629.63369859,-223231.258921772,16004.8134407603)
(-262773.325415712,-223802.554522488,36933.5466454034)
(-238663.190452994,-221289.814491158,87179.0419369569)
(-185333.242356499,-195285.383443781,188450.541739436)
(7.25878029727263e-05,3.68250348770462e-05,1.21834940906308e-05)
(-326376.443279028,-408035.973795386,-404252.656270907)
(-233790.001616634,-276432.538369207,-426501.882093783)
(-118295.302285723,-126652.307236294,-422671.174640669)
(0,0,0)
(0,0,0)
(0,0,0)
(0,0,0)
(0,0,0)
(0,0,0)
(-225736.193053202,-313908.898167215,2498.10709499187)
(-224378.598257473,-315002.041135816,6538.75228033184)
(-221209.708368551,-317781.683195791,15515.9562566323)
(-215882.291681953,-324815.886185973,39440.6799751041)
(-212133.395215441,-345128.319724556,113088.616881493)
(-240658.674391184,-417517.678724097,383699.283989585)
(-497342.105388787,-738268.989699231,-408479.933398996)
(-244022.601943914,-431291.897135122,-272867.338883047)
(-161993.865909432,-278689.207426513,-276765.431505754)
(-87736.5526875389,-140458.430777553,-296009.858199454)
(0,0,0)
(0,0,0)
(0,0,0)
(0,0,0)
(0,0,0)
(0,0,0)
(-129247.681924308,-380637.415178856,1449.16986602699)
(-128586.203233572,-382109.966031319,3729.85240564296)
(-127180.877651803,-385838.785710598,8475.05425654139)
(-125123.281958867,-394361.095171361,19068.2641123522)
(-124186.81970248,-413411.768293583,40536.6778725846)
(-132384.153940863,-453827.454148528,62793.3632410006)
(-165921.883803057,-516500.323285848,-101728.599080961)
(-121885.94850603,-414630.621122188,-120425.586783214)
(-88521.871065036,-294099.285287281,-138572.189017679)
(-49509.9514436378,-155497.807598025,-155550.843624293)
(0,0,0)
(0,0,0)
(0,0,0)
(0,0,0)
(0,0,0)
(0,0,0)
(0,0,0)
(0,0,0)
(0,0,0)
(0,0,0)
(0,0,0)
(0,0,0)
(0,0,0)
(0,0,0)
(0,0,0)
(0,0,0)
(0,0,0)
(0,0,0)
(0,0,0)
(0,0,0)
(0,0,0)
(0,0,0)
(0,0,0)
(0,0,0)
(0,0,0)
(0,0,0)
(0,0,0)
(0,0,0)
(0,0,0)
(0,0,0)
(0,0,0)
(0,0,0)
(0,0,0)
(0,0,0)
(0,0,0)
(0,0,0)
(0,0,0)
(0,0,0)
(0,0,0)
(0,0,0)
(0,0,0)
(0,0,0)
(0,0,0)
(0,0,0)
(0,0,0)
(0,0,0)
(0,0,0)
(0,0,0)
(0,0,0)
(0,0,0)
(0,0,0)
(0,0,0)
(0,0,0)
(0,0,0)
(0,0,0)
(0,0,0)
(0,0,0)
(0,0,0)
(0,0,0)
(0,0,0)
(0,0,0)
(0,0,0)
(0,0,0)
(0,0,0)
(0,0,0)
(0,0,0)
(0,0,0)
(0,0,0)
(0,0,0)
(0,0,0)
(0,0,0)
(0,0,0)
(0,0,0)
(0,0,0)
(0,0,0)
(0,0,0)
(0,0,0)
(0,0,0)
(0,0,0)
(0,0,0)
(0,0,0)
(0,0,0)
(0,0,0)
(0,0,0)
(0,0,0)
(0,0,0)
(0,0,0)
(0,0,0)
(0,0,0)
(0,0,0)
(0,0,0)
(0,0,0)
(0,0,0)
(0,0,0)
(0,0,0)
(0,0,0)
(0,0,0)
(0,0,0)
(0,0,0)
(0,0,0)
(0,0,0)
(0,0,0)
(-294626.018487047,510.906943108218,828.153908517604)
(-294986.323556404,902.198966697227,519.750856428522)
(-295391.722299753,2116.38002688626,-2477.85061357771)
(-294787.557877804,4960.11799838104,-10575.5536293905)
(-291706.032440391,10890.0732566946,-27727.1290103701)
(-283691.972085743,21585.9411380655,-59897.4340924796)
(-266509.848120615,34845.8711680411,-112019.604404993)
(-233084.417089974,32580.5205583816,-172724.945564302)
(-177118.480026781,22903.1514454545,-229409.996958181)
(-96934.5615758932,11296.007080955,-265435.158281044)
(0,0,0)
(0,0,0)
(0,0,0)
(0,0,0)
(0,0,0)
(0,0,0)
(-295452.076636326,-733.496245800075,1233.31657932876)
(-295726.552888305,44.2215794559139,1674.53587040069)
(-295889.793968995,2455.47188203119,303.019862572019)
(-295040.897039579,8478.85131535093,-4664.38878327834)
(-291996.758793289,22556.3945315084,-17098.4187475192)
(-285318.338463323,53281.5792954667,-46724.6911619919)
(-272080.428327583,107223.626584538,-114365.323222167)
(-239178.258170141,88121.9702430884,-182468.702775145)
(-181772.769989343,56800.9814291901,-241081.899891164)
(-99271.5128385239,26265.5731437093,-276681.342039635)
(0,0,0)
(0,0,0)
(0,0,0)
(0,0,0)
(0,0,0)
(0,0,0)
(-296742.887198262,-5775.61534778769,2058.80895355071)
(-296819.676623254,-4744.36048611461,4085.82429907254)
(-296525.938593888,-1490.68026499207,6303.54613953348)
(-295171.266660577,7124.19853599835,9358.1990286357)
(-292450.157989813,29944.0762603997,13466.0658598618)
(-291081.156877259,96380.7474674476,7072.91911319208)
(-299954.354080191,335399.199658585,-133558.982824668)
(-262251.379165938,193422.758762476,-213823.425759014)
(-197105.06103989,108032.125837943,-271591.052714368)
(-106174.339875223,44923.4092643617,-302845.65111184)
(0,0,0)
(0,0,0)
(0,0,0)
(0,0,0)
(0,0,0)
(0,0,0)
(-297265.586919287,-17126.9406344219,3150.44303718259)
(-297072.489937379,-16133.6955045179,7348.19835776505)
(-296165.7378385,-13100.4255625541,14882.1658375108)
(-293868.910803105,-5657.02997493348,32116.3583632189)
(-290892.704382258,10544.8718983046,79815.7533314384)
(-301748.280414007,35903.8717855167,246105.902621312)
(-445365.09811515,-493.170973290611,-275431.75111145)
(-332622.72393125,274449.66786752,-299140.333232991)
(-236736.989325125,145426.458934117,-334621.459225461)
(-121640.350155016,52748.2703018974,-347625.312048369)
(0,0,0)
(0,0,0)
(0,0,0)
(0,0,0)
(0,0,0)
(0,0,0)
(-295130.85964315,-37447.7552774931,4209.83216402045)
(-294689.038094777,-36751.2610608343,10417.9176446503)
(-293117.048345647,-34679.3117681952,22352.8926997605)
(-288692.273370935,-29843.7637951123,48322.6207166736)
(-275952.463738081,-20132.3546278398,105163.985973589)
(-229920.288896331,-5751.75330388865,209792.031131149)
(3.91981607805091e-05,-2.29100511918796e-05,-3.32349243358936e-05)
(-439090.5260894,-353.572125925319,-427964.198807318)
(-305258.660020615,22467.615538075,-427178.203257712)
(-144445.976913896,11612.1330426378,-400215.405322082)
(0,0,0)
(0,0,0)
(0,0,0)
(0,0,0)
(0,0,0)
(0,0,0)
(-287303.74300886,-69124.7458323413,4965.60340554832)
(-286797.081041466,-68913.4524559843,12575.4348011575)
(-285100.748688709,-68163.9776041535,27325.6007437129)
(-280402.940832906,-66075.6013921737,58119.8613280383)
(-266430.821096341,-60520.1678850314,119547.470004358)
(-216108.30238267,-44968.1593146267,215310.544051826)
(2.93692417789119e-05,-3.33561840162347e-05,-2.47448187235203e-05)
(-412383.945135031,-29.1923160348527,-404952.081257228)
(-310107.106613919,-38887.3867921841,-437912.89848683)
(-148783.316836073,-25573.2667268541,-411678.287309327)
(0,0,0)
(0,0,0)
(0,0,0)
(0,0,0)
(0,0,0)
(0,0,0)
(-269025.116369529,-112963.563683834,5271.85179130176)
(-268646.18292763,-113419.384255737,13478.9865887153)
(-267545.964715985,-114466.492574083,29596.4657998935)
(-264769.394085748,-116457.453830311,63762.2823150588)
(-256528.717939625,-119301.184243962,135061.504228263)
(-220049.25242091,-113806.819398675,260114.362678233)
(3.96920462417373e-05,-4.17911311231234e-05,-3.21421858361232e-05)
(-454108.653813541,-326500.341176941,-443760.512105153)
(-306760.405097865,-194659.868171797,-424522.203758849)
(-142040.322472021,-81389.9854309613,-386019.345669462)
(0,0,0)
(0,0,0)
(0,0,0)
(0,0,0)
(0,0,0)
(0,0,0)
(-234367.152613546,-165766.116487056,4913.71824483642)
(-234246.065937456,-166965.07505204,12577.3089396502)
(-234232.946658168,-170018.705987844,27732.8353129873)
(-235299.155455886,-177100.880612225,60902.092135076)
(-242525.057658335,-194933.041875562,140395.816972019)
(-281658.898621246,-250742.771054467,373657.424892563)
(-508380.444874614,-497301.672265003,-326636.242254171)
(-341793.334633086,-325737.494592148,-311982.197484914)
(-224511.393388599,-204670.54232112,-311250.131563611)
(-110248.486551296,-96108.1450448083,-304578.787684198)
(0,0,0)
(0,0,0)
(0,0,0)
(0,0,0)
(0,0,0)
(0,0,0)
(-177628.797807218,-217635.597293956,3762.08556091704)
(-177697.764908708,-219466.960721565,9583.1378816752)
(-178292.380907616,-224065.125377204,20712.2298101035)
(-180952.020479609,-234349.079591588,43030.1575871267)
(-191029.276692685,-257443.276030587,84436.2732193913)
(-224369.425404505,-309481.130100186,126885.38327844)
(-305444.058324454,-406994.074877695,-155320.261173198)
(-224781.290261391,-309251.100763061,-191047.966684808)
(-149790.721933364,-205246.27676641,-202675.376215581)
(-75914.9027110203,-102221.456465243,-208383.714771653)
(0,0,0)
(0,0,0)
(0,0,0)
(0,0,0)
(0,0,0)
(0,0,0)
(-97181.503140912,-251709.384303408,2007.60822605704)
(-97235.5430787927,-253843.977552951,5033.96490266174)
(-97684.2835611909,-258981.976199505,10454.2216343442)
(-99374.2832890259,-269549.639961165,19905.7833340823)
(-104479.393375822,-289503.042944903,32258.1239217525)
(-117079.758919676,-321709.103876097,29181.7026764799)
(-135206.28524377,-350752.926710789,-57775.0440497204)
(-108954.694545962,-292817.514743845,-87139.8840290035)
(-75681.2463184681,-205611.943492084,-99614.8420498942)
(-39277.866143204,-106000.053440135,-106068.330375447)
(0,0,0)
(0,0,0)
(0,0,0)
(0,0,0)
(0,0,0)
(0,0,0)
(0,0,0)
(0,0,0)
(0,0,0)
(0,0,0)
(0,0,0)
(0,0,0)
(0,0,0)
(0,0,0)
(0,0,0)
(0,0,0)
(0,0,0)
(0,0,0)
(0,0,0)
(0,0,0)
(0,0,0)
(0,0,0)
(0,0,0)
(0,0,0)
(0,0,0)
(0,0,0)
(0,0,0)
(0,0,0)
(0,0,0)
(0,0,0)
(0,0,0)
(0,0,0)
(0,0,0)
(0,0,0)
(0,0,0)
(0,0,0)
(0,0,0)
(0,0,0)
(0,0,0)
(0,0,0)
(0,0,0)
(0,0,0)
(0,0,0)
(0,0,0)
(0,0,0)
(0,0,0)
(0,0,0)
(0,0,0)
(0,0,0)
(0,0,0)
(0,0,0)
(0,0,0)
(0,0,0)
(0,0,0)
(0,0,0)
(0,0,0)
(0,0,0)
(0,0,0)
(0,0,0)
(0,0,0)
(0,0,0)
(0,0,0)
(0,0,0)
(0,0,0)
(0,0,0)
(0,0,0)
(0,0,0)
(0,0,0)
(0,0,0)
(0,0,0)
(0,0,0)
(0,0,0)
(0,0,0)
(0,0,0)
(0,0,0)
(0,0,0)
(0,0,0)
(0,0,0)
(0,0,0)
(0,0,0)
(0,0,0)
(0,0,0)
(0,0,0)
(0,0,0)
(0,0,0)
(0,0,0)
(0,0,0)
(0,0,0)
(0,0,0)
(0,0,0)
(0,0,0)
(0,0,0)
(0,0,0)
(0,0,0)
(0,0,0)
(0,0,0)
(0,0,0)
(0,0,0)
(0,0,0)
(0,0,0)
(0,0,0)
(0,0,0)
(-294721.419532084,-330.027881719951,425.428926748853)
(-294859.258091737,181.779353126762,116.584108955105)
(-294950.411479352,1614.89385273566,-1939.6205641747)
(-293915.560865726,4726.22302155166,-7537.84059781128)
(-290141.684491052,10641.2804088926,-19743.4689560455)
(-280581.956274323,20004.908976658,-42858.3937441142)
(-259885.500900478,29300.952464782,-78783.6934290324)
(-221223.625052351,26461.0591436727,-117105.544610327)
(-162738.113019063,18189.7319339266,-149675.643551968)
(-86676.1518215932,8927.90692021934,-168861.960226493)
(0,0,0)
(0,0,0)
(0,0,0)
(0,0,0)
(0,0,0)
(0,0,0)
(-294767.95268619,-1947.14280078861,932.990968934494)
(-295145.958056248,-962.309912128914,1496.48540212978)
(-295762.136728772,1865.1742535362,1118.54776110768)
(-295942.132875986,8391.34616502184,-1645.33954595039)
(-294715.657040783,22152.7461063126,-10437.9069958781)
(-289657.174893784,47528.3586828413,-33622.5202716049)
(-274070.919275565,79329.658783194,-81660.7356420322)
(-233927.301606675,64968.4667730449,-125419.099834879)
(-171366.859026108,41353.647800071,-158988.926664248)
(-90868.0883326459,19279.6959440281,-177744.140193941)
(0,0,0)
(0,0,0)
(0,0,0)
(0,0,0)
(0,0,0)
(0,0,0)
(-294319.576517973,-6345.41981821961,1974.96633714414)
(-295099.646585595,-5055.53563855821,4348.16202591364)
(-296728.042346702,-1222.41255688619,7637.85258914711)
(-299525.437542885,8324.27155309313,12059.0980833801)
(-304454.2280941,31412.1678285268,14803.7464654544)
(-312423.658661546,85594.363821992,-1919.75688940762)
(-316368.782073652,189897.437815897,-96073.1079286513)
(-267248.905692379,122934.696770962,-149041.811400142)
(-192048.550210217,68297.541649301,-181042.216079045)
(-100341.353879312,29384.7136403253,-196980.219771245)
(0,0,0)
(0,0,0)
(0,0,0)
(0,0,0)
(0,0,0)
(0,0,0)
(-291821.472808462,-15131.6352383838,3342.10130934531)
(-293101.179556124,-13885.4841586927,8200.73944822307)
(-296139.797721718,-10195.484082088,17147.8708566389)
(-302859.382528582,-624.114092768077,35086.7282279831)
(-318624.760009482,25307.3140142301,68923.637669506)
(-357170.533009162,107516.535312424,102423.718774243)
(-434908.786347357,444836.967973579,-162972.123151244)
(-336872.23680897,167865.124507407,-203653.038009949)
(-228962.647921068,76799.3883888099,-219929.226153524)
(-115757.050027262,29879.9849747655,-226307.79761572)
(0,0,0)
(0,0,0)
(0,0,0)
(0,0,0)
(0,0,0)
(0,0,0)
(-285199.747958613,-29703.3605879341,4640.61366501289)
(-286921.857317235,-28943.6482439512,11931.5969727313)
(-291342.755212606,-26776.591105411,26738.4108630196)
(-301937.663252958,-21681.7445517321,61041.4312040053)
(-329936.816087856,-10814.476173677,151147.573741689)
(-418769.158779793,7688.19780381837,439824.781133752)
(-772926.345482083,-1115.78283905057,-439800.170769337)
(-442330.974735537,25965.7361685251,-294660.333784313)
(-273760.742870462,17438.2958903047,-266797.158435955)
(-132453.679226228,7203.17138579598,-256112.642534658)
(0,0,0)
(0,0,0)
(0,0,0)
(0,0,0)
(0,0,0)
(0,0,0)
(-271532.707138932,-50943.8502540724,5469.45379621315)
(-273557.314864515,-50917.3174383731,14203.3568136814)
(-278843.94731667,-50775.277782603,31945.2421188323)
(-291510.540125721,-50617.1919862067,71988.2888461242)
(-324126.378302139,-50811.7441706093,169681.114048853)
(-420658.745001989,-49092.3969151559,431012.151387157)
(-755621.454549333,-95.1106213101865,-412631.600560472)
(-453993.080380641,-41927.7219205201,-303129.007225794)
(-283167.932584543,-35661.882773884,-276968.002591014)
(-136483.231488366,-18881.078629179,-263183.837923739)
(0,0,0)
(0,0,0)
(0,0,0)
(0,0,0)
(0,0,0)
(0,0,0)
(-247166.543588521,-78403.5973988134,5601.17436373476)
(-249251.672974225,-79188.2181777381,14477.5651496957)
(-254767.611681775,-81309.3155648082,32233.2498976918)
(-267895.400685267,-87104.0153052018,71846.0798162142)
(-301452.705054509,-105405.627877799,171363.950638287)
(-402172.238227074,-175526.462819987,479921.002349299)
(-785520.780132699,-508539.214789713,-454469.759120393)
(-439358.170282808,-214329.670718364,-296818.293853292)
(-266625.31562153,-112497.674118468,-260117.591985057)
(-127217.82970862,-49633.4231784789,-244187.740199152)
(0,0,0)
(0,0,0)
(0,0,0)
(0,0,0)
(0,0,0)
(0,0,0)
(-208429.772181963,-109264.977286199,4923.99945580361)
(-210273.257111166,-110693.681119902,12456.6535716775)
(-215208.526776609,-114377.394000578,26500.3121258857)
(-226418.753542774,-122997.15386473,53513.0487723008)
(-251876.539710637,-143661.761887194,101120.664834003)
(-309129.629417417,-193681.088770677,146746.021580858)
(-415289.185127105,-294560.135443476,-160324.31751288)
(-312531.225161902,-208911.666482836,-195004.431219602)
(-204693.771930542,-130075.775560054,-197243.951236085)
(-100795.299198778,-61838.1636376242,-194492.398129454)
(0,0,0)
(0,0,0)
(0,0,0)
(0,0,0)
(0,0,0)
(0,0,0)
(-152927.173304102,-137555.976461936,3589.37467262215)
(-154276.135777523,-139386.820440093,8860.88486162909)
(-157894.286369371,-143840.611640294,17926.007963104)
(-165746.157227764,-153104.614238297,32827.6050848231)
(-181697.74968574,-171175.174559984,51009.490750667)
(-210291.438504819,-202457.409692625,45707.8247729258)
(-242470.645790959,-236992.171535488,-74833.5516685729)
(-198628.456422914,-193624.174639255,-116273.877350623)
(-135884.134259922,-131260.763178112,-128995.477405999)
(-68561.9392624388,-65636.0945345693,-132550.509957636)
(0,0,0)
(0,0,0)
(0,0,0)
(0,0,0)
(0,0,0)
(0,0,0)
(-81523.1105587889,-155083.181754068,1868.81271000961)
(-82206.6302458824,-157064.009398229,4517.0888352347)
(-84070.142174688,-161679.696769569,8742.03257800603)
(-87966.4117528012,-170547.385648704,14776.9324521874)
(-95171.7767017197,-185350.326875484,19644.468093582)
(-105984.021905472,-204927.221196916,11018.5425836612)
(-113761.004861457,-215794.423125728,-31624.4862084099)
(-96200.9853335296,-184029.649270165,-53972.7207899337)
(-67544.7117578853,-130058.765057129,-63311.2534715003)
(-34619.6920219967,-66786.626058569,-66818.8960687065)
(0,0,0)
(0,0,0)
(0,0,0)
(0,0,0)
(0,0,0)
(0,0,0)
(0,0,0)
(0,0,0)
(0,0,0)
(0,0,0)
(0,0,0)
(0,0,0)
(0,0,0)
(0,0,0)
(0,0,0)
(0,0,0)
(0,0,0)
(0,0,0)
(0,0,0)
(0,0,0)
(0,0,0)
(0,0,0)
(0,0,0)
(0,0,0)
(0,0,0)
(0,0,0)
(0,0,0)
(0,0,0)
(0,0,0)
(0,0,0)
(0,0,0)
(0,0,0)
(0,0,0)
(0,0,0)
(0,0,0)
(0,0,0)
(0,0,0)
(0,0,0)
(0,0,0)
(0,0,0)
(0,0,0)
(0,0,0)
(0,0,0)
(0,0,0)
(0,0,0)
(0,0,0)
(0,0,0)
(0,0,0)
(0,0,0)
(0,0,0)
(0,0,0)
(0,0,0)
(0,0,0)
(0,0,0)
(0,0,0)
(0,0,0)
(0,0,0)
(0,0,0)
(0,0,0)
(0,0,0)
(0,0,0)
(0,0,0)
(0,0,0)
(0,0,0)
(0,0,0)
(0,0,0)
(0,0,0)
(0,0,0)
(0,0,0)
(0,0,0)
(0,0,0)
(0,0,0)
(0,0,0)
(0,0,0)
(0,0,0)
(0,0,0)
(0,0,0)
(0,0,0)
(0,0,0)
(0,0,0)
(0,0,0)
(0,0,0)
(0,0,0)
(0,0,0)
(0,0,0)
(0,0,0)
(0,0,0)
(0,0,0)
(0,0,0)
(0,0,0)
(0,0,0)
(0,0,0)
(0,0,0)
(0,0,0)
(0,0,0)
(0,0,0)
(0,0,0)
(0,0,0)
(0,0,0)
(0,0,0)
(0,0,0)
(0,0,0)
(-294584.47737027,-365.51947164529,228.577309831665)
(-294690.535482971,-8.38244330255268,68.2371443765447)
(-294805.647529237,889.836803035303,-966.363608777592)
(-293808.615921635,2782.44940540852,-3855.75795827537)
(-289882.769855337,6164.22192628839,-10278.8945202721)
(-279547.559823474,11041.3883823401,-22354.6793534651)
(-257070.862524379,15205.5344401185,-40374.8521696874)
(-216443.509941114,13794.8117908328,-58949.7790717596)
(-157218.023548525,9550.86694790587,-74020.7354901956)
(-82877.1497870193,4724.62716967942,-82544.3646944521)
(0,0,0)
(0,0,0)
(0,0,0)
(0,0,0)
(0,0,0)
(0,0,0)
(-294275.289366603,-1409.82264471874,551.63985348642)
(-294802.634737769,-743.527632163361,943.461723867919)
(-295838.384622575,1030.11248636399,879.433934339367)
(-296707.526063806,4949.94926498504,-522.672737421243)
(-296161.781951162,12557.7585421167,-5470.08444286974)
(-290698.626014191,24847.3204145293,-18234.56535465)
(-272355.659443106,37052.9828812185,-41797.2736282008)
(-230293.220251518,31600.8634404155,-63237.406632942)
(-166753.926717582,20595.9403215872,-78895.4123151447)
(-87549.9342311309,9752.0707184591,-87241.009965432)
(0,0,0)
(0,0,0)
(0,0,0)
(0,0,0)
(0,0,0)
(0,0,0)
(-293046.02881575,-3899.74959585684,1216.37924891399)
(-294303.938197923,-3055.44352406868,2732.5867531498)
(-297079.02694629,-658.78135768903,4772.4651967909)
(-301833.057341428,5001.09452324515,7028.93973707594)
(-308867.471807858,17270.3161397246,6729.62585323029)
(-315600.326419251,40814.7446934855,-6061.13066802035)
(-309409.746147629,71283.0304234415,-47250.214136266)
(-261872.26949019,53217.1616762855,-74243.1485743151)
(-187287.648356213,31302.0071771567,-89710.1172839023)
(-97249.7783447936,13910.8010128386,-96960.4231127994)
(0,0,0)
(0,0,0)
(0,0,0)
(0,0,0)
(0,0,0)
(0,0,0)
(-289212.053795352,-8610.27425157147,2101.10564260046)
(-291387.90988277,-7809.92467263136,5142.31711780735)
(-296537.075110513,-5504.40496879773,10385.2181177183)
(-306932.691929473,213.184450075492,19246.4375917765)
(-326200.461894422,13874.5227537484,30217.9328626892)
(-356334.611947782,45747.6640808891,24449.0924139016)
(-380584.090694414,106669.36447292,-65261.9372885086)
(-315046.854408441,62269.3485041862,-96139.5065169369)
(-218591.957525676,31879.4557146638,-107087.64544985)
(-111176.19172289,13111.1244628439,-110868.827204227)
(0,0,0)
(0,0,0)
(0,0,0)
(0,0,0)
(0,0,0)
(0,0,0)
(-280603.883195076,-16145.2039379006,2939.06492279591)
(-283586.696580831,-15687.2803225265,7481.25983628663)
(-291069.938668841,-14390.8564750693,16094.8947987994)
(-307166.436118904,-11381.2465843211,32918.0986991388)
(-340022.437981362,-5197.69987921788,62075.9432256105)
(-401906.559354864,5546.61561275627,85414.3922688192)
(-487071.576677055,15823.0000250601,-109594.012088371)
(-377210.596246751,14062.4294407882,-126507.471513732)
(-250420.194034159,7870.9099248127,-125839.474560188)
(-124295.553174387,3093.76827012423,-123980.244419304)
(0,0,0)
(0,0,0)
(0,0,0)
(0,0,0)
(0,0,0)
(0,0,0)
(-264366.534207681,-26765.5060827834,3454.12921363416)
(-267827.430839924,-26819.2122853384,8856.17715185767)
(-276646.938957171,-26893.6072338502,19161.9195511348)
(-295694.64671634,-27191.6816157165,39156.4611731471)
(-334656.337169925,-28344.7464407503,72833.4666024676)
(-407218.003556062,-30774.2488098888,95713.5895791791)
(-502634.606293893,-30151.0837623478,-111299.174888853)
(-391071.789588553,-27484.7271801523,-132673.309059996)
(-258114.447603979,-19269.505653174,-130586.378462586)
(-127278.990524402,-9706.09173429921,-126990.759422134)
(0,0,0)
(0,0,0)
(0,0,0)
(0,0,0)
(0,0,0)
(0,0,0)
(-237477.594070631,-39934.3274704778,3479.87186979993)
(-240929.361640567,-40515.8112840861,8854.15953489344)
(-249703.781366414,-42003.5927087026,18900.3146943839)
(-268389.672362179,-45815.1261857866,38018.0309413642)
(-306142.444575946,-55994.301869592,70357.3258916398)
(-376243.445541809,-82632.2564280524,96286.5408245277)
(-472278.730488802,-138476.084150257,-108630.508431433)
(-363360.414874605,-87681.9373958351,-124431.053623958)
(-238649.807161108,-50690.1524595684,-120985.915277984)
(-117428.546966703,-23285.2019733347,-117196.087780871)
(0,0,0)
(0,0,0)
(0,0,0)
(0,0,0)
(0,0,0)
(0,0,0)
(-197210.785151801,-54137.7507744511,2984.43627380793)
(-200125.947429725,-55082.4311753709,7403.74648365615)
(-207467.860774005,-57419.3415395001,15078.8293118546)
(-222371.59009755,-62603.3912824074,27819.9309632526)
(-249971.985599957,-73725.5738050277,43646.6487880152)
(-293399.255207016,-95078.3393793872,40362.3575289482)
(-333561.246318606,-121978.480959356,-57863.1844704459)
(-275418.460140085,-95229.8776159701,-87428.0092721107)
(-187780.523760044,-61456.6768775909,-93574.7330246019)
(-94034.6941946663,-29728.221862538,-93892.3181395055)
(0,0,0)
(0,0,0)
(0,0,0)
(0,0,0)
(0,0,0)
(0,0,0)
(-142532.451462292,-66677.0693706352,2144.59675436992)
(-144560.537603194,-67803.6346007249,5150.20200539599)
(-149642.09686227,-70452.9685439696,9931.63950276448)
(-159459.606519752,-75681.547114671,16723.2446270136)
(-176028.649045374,-84939.5981585265,22268.1683401486)
(-198100.940212892,-98392.2960908818,13391.6267597188)
(-211329.832246426,-108530.292090551,-31197.3756536197)
(-179924.651085204,-91426.2158770414,-53704.8427302613)
(-126096.866841623,-63115.0216642248,-61833.7653619266)
(-64188.5750908369,-31810.5112583465,-64124.8401377199)
(0,0,0)
(0,0,0)
(0,0,0)
(0,0,0)
(0,0,0)
(0,0,0)
(-75071.2913070878,-74235.2336379772,1106.34501564126)
(-76102.9490037725,-75402.2089937653,2601.238166573)
(-78664.7832777579,-78062.6230186646,4805.53374433594)
(-83409.5477753576,-82969.5043027122,7536.62695493402)
(-90852.6779953903,-90517.1593713686,8795.08946144764)
(-99533.514970438,-99231.1874049282,3183.47384046315)
(-102612.077241624,-102317.053268304,-14178.6926016136)
(-88318.8049691933,-88075.5415176807,-25411.5473253123)
(-62858.2447773252,-62727.57067509,-30485.4652950078)
(-32329.3350404002,-32299.1749807363,-32287.1585542148)
(0,0,0)
(0,0,0)
(0,0,0)
(0,0,0)
(0,0,0)
(0,0,0)
(0,0,0)
(0,0,0)
(0,0,0)
(0,0,0)
(0,0,0)
(0,0,0)
(0,0,0)
(0,0,0)
(0,0,0)
(0,0,0)
(0,0,0)
(0,0,0)
(0,0,0)
(0,0,0)
(0,0,0)
(0,0,0)
(0,0,0)
(0,0,0)
(0,0,0)
(0,0,0)
(0,0,0)
(0,0,0)
(0,0,0)
(0,0,0)
(0,0,0)
(0,0,0)
(0,0,0)
(0,0,0)
(0,0,0)
(0,0,0)
(0,0,0)
(0,0,0)
(0,0,0)
(0,0,0)
(0,0,0)
(0,0,0)
(0,0,0)
(0,0,0)
(0,0,0)
(0,0,0)
(0,0,0)
(0,0,0)
(0,0,0)
(0,0,0)
(0,0,0)
(0,0,0)
(0,0,0)
(0,0,0)
(0,0,0)
(0,0,0)
(0,0,0)
(0,0,0)
(0,0,0)
(0,0,0)
(0,0,0)
(0,0,0)
(0,0,0)
(0,0,0)
(0,0,0)
(0,0,0)
(0,0,0)
(0,0,0)
(0,0,0)
(0,0,0)
(0,0,0)
(0,0,0)
(0,0,0)
(0,0,0)
(0,0,0)
(0,0,0)
(0,0,0)
(0,0,0)
(0,0,0)
(0,0,0)
(0,0,0)
(0,0,0)
(0,0,0)
(0,0,0)
(0,0,0)
(0,0,0)
(0,0,0)
(0,0,0)
(0,0,0)
(0,0,0)
(0,0,0)
(0,0,0)
(0,0,0)
(0,0,0)
(0,0,0)
(0,0,0)
(0,0,0)
(0,0,0)
(0,0,0)
(0,0,0)
(0,0,0)
(0,0,0)
(0,0,0)
(0,0,0)
(0,0,0)
(0,0,0)
(0,0,0)
(0,0,0)
(0,0,0)
(0,0,0)
(0,0,0)
(0,0,0)
(0,0,0)
(0,0,0)
(0,0,0)
(0,0,0)
(0,0,0)
(0,0,0)
(0,0,0)
(0,0,0)
(0,0,0)
(0,0,0)
(0,0,0)
(0,0,0)
(0,0,0)
(0,0,0)
(0,0,0)
(0,0,0)
(0,0,0)
(0,0,0)
(0,0,0)
(0,0,0)
(0,0,0)
(0,0,0)
(0,0,0)
(0,0,0)
(0,0,0)
(0,0,0)
(0,0,0)
(0,0,0)
(0,0,0)
(0,0,0)
(0,0,0)
(0,0,0)
(0,0,0)
(0,0,0)
(0,0,0)
(0,0,0)
(0,0,0)
(0,0,0)
(0,0,0)
(0,0,0)
(0,0,0)
(0,0,0)
(0,0,0)
(0,0,0)
(0,0,0)
(0,0,0)
(0,0,0)
(0,0,0)
(0,0,0)
(0,0,0)
(0,0,0)
(0,0,0)
(0,0,0)
(0,0,0)
(0,0,0)
(0,0,0)
(0,0,0)
(0,0,0)
(0,0,0)
(0,0,0)
(0,0,0)
(0,0,0)
(0,0,0)
(0,0,0)
(0,0,0)
(0,0,0)
(0,0,0)
(0,0,0)
(0,0,0)
(0,0,0)
(0,0,0)
(0,0,0)
(0,0,0)
(0,0,0)
(0,0,0)
(0,0,0)
(0,0,0)
(0,0,0)
(0,0,0)
(0,0,0)
(0,0,0)
(0,0,0)
(0,0,0)
(0,0,0)
(0,0,0)
(0,0,0)
(0,0,0)
(0,0,0)
(0,0,0)
(0,0,0)
(0,0,0)
(0,0,0)
(0,0,0)
(0,0,0)
(0,0,0)
(0,0,0)
(0,0,0)
(0,0,0)
(0,0,0)
(0,0,0)
(0,0,0)
(0,0,0)
(0,0,0)
(0,0,0)
(0,0,0)
(0,0,0)
(0,0,0)
(0,0,0)
(0,0,0)
(0,0,0)
(0,0,0)
(0,0,0)
(0,0,0)
(0,0,0)
(0,0,0)
(0,0,0)
(0,0,0)
(0,0,0)
(0,0,0)
(0,0,0)
(0,0,0)
(0,0,0)
(0,0,0)
(0,0,0)
(0,0,0)
(0,0,0)
(0,0,0)
(0,0,0)
(0,0,0)
(0,0,0)
(0,0,0)
(0,0,0)
(0,0,0)
(0,0,0)
(0,0,0)
(0,0,0)
(0,0,0)
(0,0,0)
(0,0,0)
(0,0,0)
(0,0,0)
(0,0,0)
(0,0,0)
(0,0,0)
(0,0,0)
(0,0,0)
(0,0,0)
(0,0,0)
(0,0,0)
(0,0,0)
(0,0,0)
(0,0,0)
(0,0,0)
(0,0,0)
(0,0,0)
(0,0,0)
(0,0,0)
(0,0,0)
(0,0,0)
(0,0,0)
(0,0,0)
(0,0,0)
(0,0,0)
(0,0,0)
(0,0,0)
(0,0,0)
(0,0,0)
(0,0,0)
(0,0,0)
(0,0,0)
(0,0,0)
(0,0,0)
(0,0,0)
(0,0,0)
(0,0,0)
(0,0,0)
(0,0,0)
(0,0,0)
(0,0,0)
(0,0,0)
(0,0,0)
(0,0,0)
(0,0,0)
(0,0,0)
(0,0,0)
(0,0,0)
(0,0,0)
(0,0,0)
(0,0,0)
(0,0,0)
(0,0,0)
(0,0,0)
(0,0,0)
(0,0,0)
(0,0,0)
(0,0,0)
(0,0,0)
(0,0,0)
(0,0,0)
(0,0,0)
(0,0,0)
(0,0,0)
(0,0,0)
(0,0,0)
(0,0,0)
(0,0,0)
(0,0,0)
(0,0,0)
(0,0,0)
(0,0,0)
(0,0,0)
(0,0,0)
(0,0,0)
(0,0,0)
(0,0,0)
(0,0,0)
(0,0,0)
(0,0,0)
(0,0,0)
(0,0,0)
(0,0,0)
(0,0,0)
(0,0,0)
(0,0,0)
(0,0,0)
(0,0,0)
(0,0,0)
(0,0,0)
(0,0,0)
(0,0,0)
(0,0,0)
(0,0,0)
(0,0,0)
(0,0,0)
(0,0,0)
(0,0,0)
(0,0,0)
(0,0,0)
(0,0,0)
(0,0,0)
(0,0,0)
(0,0,0)
(0,0,0)
(0,0,0)
(0,0,0)
(0,0,0)
(0,0,0)
(0,0,0)
(0,0,0)
(0,0,0)
(0,0,0)
(0,0,0)
(0,0,0)
(0,0,0)
(0,0,0)
(0,0,0)
(0,0,0)
(0,0,0)
(0,0,0)
(0,0,0)
(0,0,0)
(0,0,0)
(0,0,0)
(0,0,0)
(0,0,0)
(0,0,0)
(0,0,0)
(0,0,0)
(0,0,0)
(0,0,0)
(0,0,0)
(0,0,0)
(0,0,0)
(0,0,0)
(0,0,0)
(0,0,0)
(0,0,0)
(0,0,0)
(0,0,0)
(0,0,0)
(0,0,0)
(0,0,0)
(0,0,0)
(0,0,0)
(0,0,0)
(0,0,0)
(0,0,0)
(0,0,0)
(0,0,0)
(0,0,0)
(0,0,0)
(0,0,0)
(0,0,0)
(0,0,0)
(0,0,0)
(0,0,0)
(0,0,0)
(0,0,0)
(0,0,0)
(0,0,0)
(0,0,0)
(0,0,0)
(0,0,0)
(0,0,0)
(0,0,0)
(0,0,0)
(0,0,0)
(0,0,0)
(0,0,0)
(0,0,0)
(0,0,0)
(0,0,0)
(0,0,0)
(0,0,0)
(0,0,0)
(0,0,0)
(0,0,0)
(0,0,0)
(0,0,0)
(0,0,0)
(0,0,0)
(0,0,0)
(0,0,0)
(0,0,0)
(0,0,0)
(0,0,0)
(0,0,0)
(0,0,0)
(0,0,0)
(0,0,0)
(0,0,0)
(0,0,0)
(0,0,0)
(0,0,0)
(0,0,0)
(0,0,0)
(0,0,0)
(0,0,0)
(0,0,0)
(0,0,0)
(0,0,0)
(0,0,0)
(0,0,0)
(0,0,0)
(0,0,0)
(0,0,0)
(0,0,0)
(0,0,0)
(0,0,0)
(0,0,0)
(0,0,0)
(0,0,0)
(0,0,0)
(0,0,0)
(0,0,0)
(0,0,0)
(0,0,0)
(0,0,0)
(0,0,0)
(0,0,0)
(0,0,0)
(0,0,0)
(0,0,0)
(0,0,0)
(0,0,0)
(0,0,0)
(0,0,0)
(0,0,0)
(0,0,0)
(0,0,0)
(0,0,0)
(0,0,0)
(0,0,0)
(0,0,0)
(0,0,0)
(0,0,0)
(0,0,0)
(0,0,0)
(0,0,0)
(0,0,0)
(0,0,0)
(0,0,0)
(0,0,0)
(0,0,0)
(0,0,0)
(0,0,0)
(0,0,0)
(0,0,0)
(0,0,0)
(0,0,0)
(0,0,0)
(0,0,0)
(0,0,0)
(0,0,0)
(0,0,0)
(0,0,0)
(0,0,0)
(0,0,0)
(0,0,0)
(0,0,0)
(0,0,0)
(0,0,0)
(0,0,0)
(0,0,0)
(0,0,0)
(0,0,0)
(0,0,0)
(0,0,0)
(0,0,0)
(0,0,0)
(0,0,0)
(0,0,0)
(0,0,0)
(0,0,0)
(0,0,0)
(0,0,0)
(0,0,0)
(0,0,0)
(0,0,0)
(0,0,0)
(0,0,0)
(0,0,0)
(0,0,0)
(0,0,0)
(0,0,0)
(0,0,0)
(0,0,0)
(0,0,0)
(0,0,0)
(0,0,0)
(0,0,0)
(0,0,0)
(0,0,0)
(0,0,0)
(0,0,0)
(0,0,0)
(0,0,0)
(0,0,0)
(0,0,0)
(0,0,0)
(0,0,0)
(0,0,0)
(0,0,0)
(0,0,0)
(0,0,0)
(0,0,0)
(0,0,0)
(0,0,0)
(0,0,0)
(0,0,0)
(0,0,0)
(0,0,0)
(0,0,0)
(0,0,0)
(0,0,0)
(0,0,0)
(0,0,0)
(0,0,0)
(0,0,0)
(0,0,0)
(0,0,0)
(0,0,0)
(0,0,0)
(0,0,0)
(0,0,0)
(0,0,0)
(0,0,0)
(0,0,0)
(0,0,0)
(0,0,0)
(0,0,0)
(0,0,0)
(0,0,0)
(0,0,0)
(0,0,0)
(0,0,0)
(0,0,0)
(0,0,0)
(0,0,0)
(0,0,0)
(0,0,0)
(0,0,0)
(0,0,0)
(0,0,0)
(0,0,0)
(0,0,0)
(0,0,0)
(0,0,0)
(0,0,0)
(0,0,0)
(0,0,0)
(0,0,0)
(0,0,0)
(0,0,0)
(0,0,0)
(0,0,0)
(0,0,0)
(0,0,0)
(0,0,0)
(0,0,0)
(0,0,0)
(0,0,0)
(0,0,0)
(0,0,0)
(0,0,0)
(0,0,0)
(0,0,0)
(0,0,0)
(0,0,0)
(0,0,0)
(0,0,0)
(0,0,0)
(0,0,0)
(0,0,0)
(0,0,0)
(0,0,0)
(0,0,0)
(0,0,0)
(0,0,0)
(0,0,0)
(0,0,0)
(0,0,0)
(0,0,0)
(0,0,0)
(0,0,0)
(0,0,0)
(0,0,0)
(0,0,0)
(0,0,0)
(0,0,0)
(0,0,0)
(0,0,0)
(0,0,0)
(0,0,0)
(0,0,0)
(0,0,0)
(0,0,0)
(0,0,0)
(0,0,0)
(0,0,0)
(0,0,0)
(0,0,0)
(0,0,0)
(0,0,0)
(0,0,0)
(0,0,0)
(0,0,0)
(0,0,0)
(0,0,0)
(0,0,0)
(0,0,0)
(0,0,0)
(0,0,0)
(0,0,0)
(0,0,0)
(0,0,0)
(0,0,0)
(0,0,0)
(0,0,0)
(0,0,0)
(0,0,0)
(0,0,0)
(0,0,0)
(0,0,0)
(0,0,0)
(0,0,0)
(0,0,0)
(0,0,0)
(0,0,0)
(0,0,0)
(0,0,0)
(0,0,0)
(0,0,0)
(0,0,0)
(0,0,0)
(0,0,0)
(0,0,0)
(0,0,0)
(0,0,0)
(0,0,0)
(0,0,0)
(0,0,0)
(0,0,0)
(0,0,0)
(0,0,0)
(0,0,0)
(0,0,0)
(0,0,0)
(0,0,0)
(0,0,0)
(0,0,0)
(0,0,0)
(0,0,0)
(0,0,0)
(0,0,0)
(0,0,0)
(0,0,0)
(0,0,0)
(0,0,0)
(0,0,0)
(0,0,0)
(0,0,0)
(0,0,0)
(0,0,0)
(0,0,0)
(0,0,0)
(0,0,0)
(0,0,0)
(0,0,0)
(0,0,0)
(0,0,0)
(0,0,0)
(0,0,0)
(0,0,0)
(0,0,0)
(0,0,0)
(0,0,0)
(0,0,0)
(0,0,0)
(0,0,0)
(0,0,0)
(0,0,0)
(0,0,0)
(0,0,0)
(0,0,0)
(0,0,0)
(0,0,0)
(0,0,0)
(0,0,0)
(0,0,0)
(0,0,0)
(0,0,0)
(0,0,0)
(0,0,0)
(0,0,0)
(0,0,0)
(0,0,0)
(0,0,0)
(0,0,0)
(0,0,0)
(0,0,0)
(0,0,0)
(0,0,0)
(0,0,0)
(0,0,0)
(0,0,0)
(0,0,0)
(0,0,0)
(0,0,0)
(0,0,0)
(0,0,0)
(0,0,0)
(0,0,0)
(0,0,0)
(0,0,0)
(0,0,0)
(0,0,0)
(0,0,0)
(0,0,0)
(0,0,0)
(0,0,0)
(0,0,0)
(0,0,0)
(0,0,0)
(0,0,0)
(0,0,0)
(0,0,0)
(0,0,0)
(0,0,0)
(0,0,0)
(0,0,0)
(0,0,0)
(0,0,0)
(0,0,0)
(0,0,0)
(0,0,0)
(0,0,0)
(0,0,0)
(0,0,0)
(0,0,0)
(0,0,0)
(0,0,0)
(0,0,0)
(0,0,0)
(0,0,0)
(0,0,0)
(0,0,0)
(0,0,0)
(0,0,0)
(0,0,0)
(0,0,0)
(0,0,0)
(0,0,0)
(0,0,0)
(0,0,0)
(0,0,0)
(0,0,0)
(0,0,0)
(0,0,0)
(0,0,0)
(0,0,0)
(0,0,0)
(0,0,0)
(0,0,0)
(0,0,0)
(0,0,0)
(0,0,0)
