(0,0,0)
(0,0,0)
(0,0,0)
(0,0,0)
(0,0,0)
(0,0,0)
(0,0,0)
(0,0,0)
(0,0,0)
(0,0,0)
(0,0,0)
(0,0,0)
(0,0,0)
(0,0,0)
(0,0,0)
(0,0,0)
(0,0,0)
(0,0,0)
(0,0,0)
(0,0,0)
(0,0,0)
(0,0,0)
(0,0,0)
(0,0,0)
(0,0,0)
(0,0,0)
(0,0,0)
(0,0,0)
(0,0,0)
(0,0,0)
(0,0,0)
(0,0,0)
(0,0,0)
(0,0,0)
(0,0,0)
(0,0,0)
(0,0,0)
(0,0,0)
(0,0,0)
(0,0,0)
(0,0,0)
(0,0,0)
(0,0,0)
(0,0,0)
(0,0,0)
(0,0,0)
(0,0,0)
(0,0,0)
(0,0,0)
(0,0,0)
(0,0,0)
(0,0,0)
(0,0,0)
(0,0,0)
(0,0,0)
(0,0,0)
(0,0,0)
(0,0,0)
(0,0,0)
(0,0,0)
(0,0,0)
(0,0,0)
(0,0,0)
(0,0,0)
(0,0,0)
(0,0,0)
(0,0,0)
(0,0,0)
(0,0,0)
(0,0,0)
(0,0,0)
(0,0,0)
(0,0,0)
(0,0,0)
(0,0,0)
(0,0,0)
(0,0,0)
(0,0,0)
(0,0,0)
(0,0,0)
(0,0,0)
(0,0,0)
(0,0,0)
(0,0,0)
(0,0,0)
(0,0,0)
(0,0,0)
(0,0,0)
(0,0,0)
(0,0,0)
(0,0,0)
(0,0,0)
(0,0,0)
(0,0,0)
(0,0,0)
(0,0,0)
(0,0,0)
(0,0,0)
(0,0,0)
(0,0,0)
(0,0,0)
(0,0,0)
(0,0,0)
(0,0,0)
(0,0,0)
(0,0,0)
(0,0,0)
(0,0,0)
(0,0,0)
(0,0,0)
(0,0,0)
(0,0,0)
(0,0,0)
(0,0,0)
(0,0,0)
(0,0,0)
(0,0,0)
(0,0,0)
(0,0,0)
(0,0,0)
(0,0,0)
(0,0,0)
(0,0,0)
(0,0,0)
(0,0,0)
(0,0,0)
(0,0,0)
(0,0,0)
(0,0,0)
(0,0,0)
(0,0,0)
(0,0,0)
(0,0,0)
(0,0,0)
(0,0,0)
(0,0,0)
(0,0,0)
(0,0,0)
(0,0,0)
(0,0,0)
(0,0,0)
(0,0,0)
(0,0,0)
(0,0,0)
(0,0,0)
(0,0,0)
(0,0,0)
(0,0,0)
(0,0,0)
(0,0,0)
(0,0,0)
(0,0,0)
(0,0,0)
(0,0,0)
(0,0,0)
(0,0,0)
(0,0,0)
(0,0,0)
(0,0,0)
(0,0,0)
(0,0,0)
(0,0,0)
(0,0,0)
(0,0,0)
(0,0,0)
(0,0,0)
(0,0,0)
(0,0,0)
(0,0,0)
(0,0,0)
(0,0,0)
(0,0,0)
(0,0,0)
(0,0,0)
(0,0,0)
(0,0,0)
(0,0,0)
(0,0,0)
(0,0,0)
(0,0,0)
(0,0,0)
(0,0,0)
(0,0,0)
(0,0,0)
(0,0,0)
(0,0,0)
(0,0,0)
(0,0,0)
(0,0,0)
(0,0,0)
(0,0,0)
(0,0,0)
(0,0,0)
(0,0,0)
(0,0,0)
(0,0,0)
(0,0,0)
(0,0,0)
(0,0,0)
(0,0,0)
(0,0,0)
(0,0,0)
(0,0,0)
(0,0,0)
(0,0,0)
(0,0,0)
(0,0,0)
(0,0,0)
(0,0,0)
(0,0,0)
(0,0,0)
(0,0,0)
(0,0,0)
(0,0,0)
(0,0,0)
(0,0,0)
(0,0,0)
(0,0,0)
(0,0,0)
(0,0,0)
(0,0,0)
(0,0,0)
(0,0,0)
(0,0,0)
(0,0,0)
(0,0,0)
(0,0,0)
(0,0,0)
(0,0,0)
(0,0,0)
(0,0,0)
(0,0,0)
(0,0,0)
(0,0,0)
(0,0,0)
(0,0,0)
(0,0,0)
(0,0,0)
(0,0,0)
(0,0,0)
(0,0,0)
(0,0,0)
(0,0,0)
(0,0,0)
(0,0,0)
(0,0,0)
(0,0,0)
(0,0,0)
(0,0,0)
(0,0,0)
(0,0,0)
(0,0,0)
(0,0,0)
(0,0,0)
(0,0,0)
(0,0,0)
(0,0,0)
(0,0,0)
(0,0,0)
(0,0,0)
(0,0,0)
(0,0,0)
(0,0,0)
(0,0,0)
(0,0,0)
(0,0,0)
(0,0,0)
(0,0,0)
(0,0,0)
(0,0,0)
(0,0,0)
(0,0,0)
(0,0,0)
(0,0,0)
(0,0,0)
(0,0,0)
(0,0,0)
(0,0,0)
(0,0,0)
(0,0,0)
(0,0,0)
(0,0,0)
(0,0,0)
(0,0,0)
(0,0,0)
(0,0,0)
(0,0,0)
(0,0,0)
(0,0,0)
(0,0,0)
(0,0,0)
(0,0,0)
(0,0,0)
(0,0,0)
(0,0,0)
(0,0,0)
(0,0,0)
(0,0,0)
(0,0,0)
(0,0,0)
(0,0,0)
(0,0,0)
(0,0,0)
(0,0,0)
(0,0,0)
(0,0,0)
(0,0,0)
(0,0,0)
(0,0,0)
(0,0,0)
(0,0,0)
(0,0,0)
(0,0,0)
(0,0,0)
(0,0,0)
(0,0,0)
(0,0,0)
(0,0,0)
(0,0,0)
(0,0,0)
(0,0,0)
(0,0,0)
(0,0,0)
(0,0,0)
(0,0,0)
(0,0,0)
(0,0,0)
(0,0,0)
(0,0,0)
(0,0,0)
(0,0,0)
(0,0,0)
(0,0,0)
(0,0,0)
(0,0,0)
(0,0,0)
(0,0,0)
(0,0,0)
(0,0,0)
(0,0,0)
(0,0,0)
(0,0,0)
(0,0,0)
(0,0,0)
(0,0,0)
(0,0,0)
(0,0,0)
(0,0,0)
(0,0,0)
(0,0,0)
(0,0,0)
(0,0,0)
(0,0,0)
(0,0,0)
(0,0,0)
(0,0,0)
(0,0,0)
(0,0,0)
(0,0,0)
(0,0,0)
(0,0,0)
(0,0,0)
(0,0,0)
(0,0,0)
(0,0,0)
(0,0,0)
(0,0,0)
(0,0,0)
(0,0,0)
(0,0,0)
(0,0,0)
(0,0,0)
(0,0,0)
(0,0,0)
(0,0,0)
(0,0,0)
(0,0,0)
(0,0,0)
(0,0,0)
(0,0,0)
(0,0,0)
(0,0,0)
(0,0,0)
(0,0,0)
(0,0,0)
(0,0,0)
(0,0,0)
(0,0,0)
(0,0,0)
(0,0,0)
(0,0,0)
(0,0,0)
(0,0,0)
(0,0,0)
(0,0,0)
(0,0,0)
(0,0,0)
(0,0,0)
(0,0,0)
(0,0,0)
(0,0,0)
(0,0,0)
(0,0,0)
(0,0,0)
(0,0,0)
(0,0,0)
(0,0,0)
(0,0,0)
(0,0,0)
(0,0,0)
(0,0,0)
(0,0,0)
(0,0,0)
(0,0,0)
(0,0,0)
(0,0,0)
(0,0,0)
(0,0,0)
(0,0,0)
(0,0,0)
(0,0,0)
(0,0,0)
(0,0,0)
(0,0,0)
(0,0,0)
(0,0,0)
(0,0,0)
(0,0,0)
(0,0,0)
(0,0,0)
(0,0,0)
(0,0,0)
(0,0,0)
(0,0,0)
(0,0,0)
(0,0,0)
(0,0,0)
(0,0,0)
(0,0,0)
(0,0,0)
(0,0,0)
(0,0,0)
(0,0,0)
(0,0,0)
(0,0,0)
(0,0,0)
(0,0,0)
(0,0,0)
(0,0,0)
(0,0,0)
(0,0,0)
(0,0,0)
(0,0,0)
(0,0,0)
(0,0,0)
(0,0,0)
(0,0,0)
(0,0,0)
(0,0,0)
(0,0,0)
(0,0,0)
(0,0,0)
(0,0,0)
(0,0,0)
(0,0,0)
(0,0,0)
(0,0,0)
(0,0,0)
(0,0,0)
(0,0,0)
(0,0,0)
(0,0,0)
(0,0,0)
(0,0,0)
(0,0,0)
(0,0,0)
(0,0,0)
(0,0,0)
(0,0,0)
(0,0,0)
(0,0,0)
(0,0,0)
(0,0,0)
(0,0,0)
(0,0,0)
(0,0,0)
(0,0,0)
(0,0,0)
(0,0,0)
(0,0,0)
(0,0,0)
(0,0,0)
(0,0,0)
(0,0,0)
(0,0,0)
(0,0,0)
(0,0,0)
(0,0,0)
(0,0,0)
(0,0,0)
(0,0,0)
(0,0,0)
(0,0,0)
(0,0,0)
(0,0,0)
(0,0,0)
(0,0,0)
(0,0,0)
(0,0,0)
(0,0,0)
(0,0,0)
(0,0,0)
(0,0,0)
(0,0,0)
(0,0,0)
(0,0,0)
(0,0,0)
(0,0,0)
(0,0,0)
(0,0,0)
(0,0,0)
(0,0,0)
(0,0,0)
(0,0,0)
(0,0,0)
(0,0,0)
(0,0,0)
(0,0,0)
(0,0,0)
(0,0,0)
(0,0,0)
(0,0,0)
(0,0,0)
(0,0,0)
(0,0,0)
(0,0,0)
(0,0,0)
(0,0,0)
(0,0,0)
(0,0,0)
(0,0,0)
(0,0,0)
(0,0,0)
(0,0,0)
(0,0,0)
(0,0,0)
(0,0,0)
(0,0,0)
(0,0,0)
(0,0,0)
(0,0,0)
(0,0,0)
(0,0,0)
(0,0,0)
(0,0,0)
(0,0,0)
(0,0,0)
(0,0,0)
(0,0,0)
(0,0,0)
(0,0,0)
(0,0,0)
(0,0,0)
(0,0,0)
(0,0,0)
(0,0,0)
(0,0,0)
(0,0,0)
(0,0,0)
(0,0,0)
(0,0,0)
(0,0,0)
(0,0,0)
(0,0,0)
(0,0,0)
(0,0,0)
(0,0,0)
(0,0,0)
(0,0,0)
(0,0,0)
(0,0,0)
(0,0,0)
(0,0,0)
(0,0,0)
(0,0,0)
(0,0,0)
(0,0,0)
(0,0,0)
(0,0,0)
(0,0,0)
(0,0,0)
(0,0,0)
(0,0,0)
(0,0,0)
(0,0,0)
(0,0,0)
(0,0,0)
(0,0,0)
(0,0,0)
(0,0,0)
(0,0,0)
(0,0,0)
(0,0,0)
(0,0,0)
(0,0,0)
(0,0,0)
(0,0,0)
(0,0,0)
(0,0,0)
(0,0,0)
(0,0,0)
(0,0,0)
(0,0,0)
(0,0,0)
(0,0,0)
(0,0,0)
(0,0,0)
(0,0,0)
(0,0,0)
(0,0,0)
(0,0,0)
(0,0,0)
(0,0,0)
(0,0,0)
(0,0,0)
(0,0,0)
(0,0,0)
(0,0,0)
(0,0,0)
(0,0,0)
(0,0,0)
(0,0,0)
(0,0,0)
(0,0,0)
(0,0,0)
(0,0,0)
(0,0,0)
(0,0,0)
(0,0,0)
(0,0,0)
(0,0,0)
(0,0,0)
(0,0,0)
(0,0,0)
(0,0,0)
(0,0,0)
(0,0,0)
(0,0,0)
(0,0,0)
(0,0,0)
(0,0,0)
(0,0,0)
(0,0,0)
(0,0,0)
(0,0,0)
(0,0,0)
(0,0,0)
(0,0,0)
(0,0,0)
(0,0,0)
(0,0,0)
(0,0,0)
(0,0,0)
(0,0,0)
(0,0,0)
(0,0,0)
(0,0,0)
(0,0,0)
(0,0,0)
(0,0,0)
(0,0,0)
(0,0,0)
(0,0,0)
(0,0,0)
(0,0,0)
(0,0,0)
(0,0,0)
(0,0,0)
(0,0,0)
(0,0,0)
(0,0,0)
(0,0,0)
(0,0,0)
(0,0,0)
(0,0,0)
(0,0,0)
(0,0,0)
(0,0,0)
(0,0,0)
(0,0,0)
(0,0,0)
(0,0,0)
(0,0,0)
(0,0,0)
(0,0,0)
(0,0,0)
(0,0,0)
(0,0,0)
(0,0,0)
(0,0,0)
(0,0,0)
(0,0,0)
(0,0,0)
(0,0,0)
(0,0,0)
(0,0,0)
(0,0,0)
(0,0,0)
(0,0,0)
(0,0,0)
(0,0,0)
(0,0,0)
(0,0,0)
(0,0,0)
(0,0,0)
(0,0,0)
(0,0,0)
(0,0,0)
(0,0,0)
(0,0,0)
(0,0,0)
(0,0,0)
(0,0,0)
(0,0,0)
(0,0,0)
(0,0,0)
(0,0,0)
(0,0,0)
(0,0,0)
(0,0,0)
(0,0,0)
(0,0,0)
(0,0,0)
(0,0,0)
(0,0,0)
(0,0,0)
(0,0,0)
(0,0,0)
(0,0,0)
(0,0,0)
(0,0,0)
(0,0,0)
(0,0,0)
(0,0,0)
(0,0,0)
(0,0,0)
(0,0,0)
(0,0,0)
(0,0,0)
(0,0,0)
(0,0,0)
(0,0,0)
(0,0,0)
(0,0,0)
(0,0,0)
(0,0,0)
(0,0,0)
(0,0,0)
(0,0,0)
(0,0,0)
(0,0,0)
(0,0,0)
(0,0,0)
(0,0,0)
(0,0,0)
(0,0,0)
(0,0,0)
(0,0,0)
(0,0,0)
(0,0,0)
(0,0,0)
(0,0,0)
(0,0,0)
(0,0,0)
(0,0,0)
(0,0,0)
(0,0,0)
(0,0,0)
(0,0,0)
(0,0,0)
(0,0,0)
(0,0,0)
(0,0,0)
(0,0,0)
(0,0,0)
(0,0,0)
(0,0,0)
(0,0,0)
(0,0,0)
(0,0,0)
(0,0,0)
(0,0,0)
(0,0,0)
(0,0,0)
(0,0,0)
(0,0,0)
(0,0,0)
(0,0,0)
(0,0,0)
(0,0,0)
(0,0,0)
(0,0,0)
(0,0,0)
(0,0,0)
(0,0,0)
(0,0,0)
(0,0,0)
(0,0,0)
(0,0,0)
(0,0,0)
(0,0,0)
(0,0,0)
(0,0,0)
(0,0,0)
(0,0,0)
(0,0,0)
(0,0,0)
(0,0,0)
(0,0,0)
(-130005.35941842,69051.274901464,60954.0845169543)
(-137500.977932858,66209.8020775095,132245.260372301)
(-154871.698293853,60267.8849547237,226849.073711425)
(-187736.78198201,50986.6053191242,363599.250374324)
(-246963.206731845,38400.5218756184,572161.935230545)
(-353266.750766185,23909.653644956,901519.032351781)
(-545728.201393039,10783.030256581,1436464.20348827)
(-893481.798601749,2753.55202286507,2327192.45006715)
(-1473727.57810732,122.663498770538,3800797.36467567)
(-2053434.35625724,-118.493426330343,5854350.2143593)
(0,0,0)
(0,0,0)
(0,0,0)
(0,0,0)
(0,0,0)
(0,0,0)
(-137525.287093289,148472.856262559,58103.7057321933)
(-145104.582772045,143109.245603477,126308.844978272)
(-162763.13192232,131816.785586523,217523.076268792)
(-196398.367207768,113853.384011762,351054.664783923)
(-257262.318565679,88975.8921635454,557741.613061671)
(-366115.403646993,59378.7806751297,888387.889678482)
(-560682.183347162,31411.2315489492,1428441.87173326)
(-907090.113106462,13728.3296785986,2324557.20718394)
(-1482786.67047096,6812.97519557709,3800653.56595818)
(-2057654.43243758,3527.55214724012,5854661.95282203)
(0,0,0)
(0,0,0)
(0,0,0)
(0,0,0)
(0,0,0)
(0,0,0)
(-154707.326470846,250472.749099703,52707.4336337018)
(-162441.318258789,243281.187524571,114976.809971401)
(-180672.300793936,227971.562887278,199494.333464587)
(-215983.23958026,203137.646444139,326193.31061247)
(-280713.835241415,167682.691205307,528200.346812111)
(-396298.52108368,123402.192135666,860475.456435261)
(-597540.145260827,78596.1595561774,1410830.67368888)
(-941012.352119952,47854.4825619953,2317716.8729254)
(-1504630.59119566,31646.4439356153,3797513.99538104)
(-2067549.12603437,17208.8787974631,5851381.79476526)
(0,0,0)
(0,0,0)
(0,0,0)
(0,0,0)
(0,0,0)
(0,0,0)
(-186768.856829062,391759.021491425,45482.5844373407)
(-194628.61306942,383742.560677322,99649.8243540137)
(-213570.230720848,366569.753366867,174621.864595264)
(-251324.171870457,338353.613218523,290730.069691323)
(-322462.774223682,296975.198834493,483900.336285839)
(-450976.647606306,242618.230631115,815660.945396691)
(-668140.982975535,182295.986263367,1380102.101665)
(-1006655.09770975,133022.043660735,2301589.638276)
(-1544688.02356572,94632.7522112187,3783291.35356605)
(-2085031.22610478,50984.3161275345,5834547.14234101)
(0,0,0)
(0,0,0)
(0,0,0)
(0,0,0)
(0,0,0)
(0,0,0)
(-244238.887319662,598545.92867589,37451.9801351889)
(-252035.562419564,590724.573950448,82505.5292816199)
(-271335.046938227,574024.258570826,146386.071015893)
(-311140.843300699,546532.394037673,249348.133497449)
(-388913.760702158,505742.655507959,429494.437526128)
(-533425.848414243,450284.246538577,755254.270032899)
(-775657.278652633,382363.178785149,1330844.35616377)
(-1106602.74700964,307182.263407572,2263286.88342656)
(-1602871.97129126,220909.508802138,3739882.09812702)
(-2110277.83369346,117151.570035107,5783992.67791293)
(0,0,0)
(0,0,0)
(0,0,0)
(0,0,0)
(0,0,0)
(0,0,0)
(-347911.663536269,916809.358434763,29648.2337774017)
(-355307.24311472,909814.934628719,65865.1162138476)
(-373971.235522144,894941.135556229,118919.474750591)
(-413369.101640521,870216.867100041,208604.103328735)
(-491953.847128649,832250.847904935,374049.75806043)
(-639191.987748234,776264.840223465,687261.152123776)
(-882150.26650977,696118.838739948,1255655.75867875)
(-1198095.49998764,583943.449359113,2176990.07271489)
(-1665936.91962193,427646.881502262,3636189.61963667)
(-2142041.03376104,228331.609524923,5667050.61390787)
(0,0,0)
(0,0,0)
(0,0,0)
(0,0,0)
(0,0,0)
(0,0,0)
(-538169.196097109,1432271.37411519,22707.1804166797)
(-544732.599740747,1426217.22348014,51037.4913060186)
(-561479.789409134,1413255.25593896,94203.1603324239)
(-597444.114786298,1391174.23634904,170689.905869716)
(-670405.359893964,1355207.98801108,318138.125657532)
(-808733.355512524,1296039.36055022,607096.960843326)
(-1036751.75158534,1196541.42514263,1143426.12602599)
(-1324085.66135492,1030913.85037954,2020541.38636045)
(-1759968.86384663,771416.149839557,3436740.98186981)
(-2193902.17929053,420352.985967958,5438621.78471734)
(0,0,0)
(0,0,0)
(0,0,0)
(0,0,0)
(0,0,0)
(0,0,0)
(-886080.492996629,2301637.09214862,16714.7749631882)
(-891349.088767805,2296169.6415457,38111.4456654357)
(-904835.192428566,2284100.91379594,72100.9802370259)
(-934071.586585083,2262601.48580006,134745.317371057)
(-994017.274317007,2224978.706683,258991.873016148)
(-1109001.99535848,2156489.15475337,507544.074171451)
(-1299941.41815941,2026306.15458265,977720.762890791)
(-1532599.27211635,1780394.14514349,1760839.74024324)
(-1930673.63948354,1377468.28606236,3085461.24350398)
(-2293093.82055739,780831.975562277,5018076.07446701)
(0,0,0)
(0,0,0)
(0,0,0)
(0,0,0)
(0,0,0)
(0,0,0)
(-1468697.42388504,3759112.29422756,11222.2218060922)
(-1472294.69077948,3753658.13388193,26028.4202493217)
(-1481451.87185738,3741088.66160774,50492.5442948688)
(-1501113.92345515,3717252.97511288,96954.978437189)
(-1540726.6328224,3672272.18950395,190388.128438671)
(-1615133.61399039,3584736.44753952,377274.449642924)
(-1740109.46947842,3411976.40856517,731713.66513884)
(-1925921.82222356,3080361.81796618,1357667.81453973)
(-2245529.22164721,2492130.10287084,2488535.21937834)
(-2466116.19783688,1498501.84901642,4236981.54376106)
(0,0,0)
(0,0,0)
(0,0,0)
(0,0,0)
(0,0,0)
(0,0,0)
(-2051120.54535674,5804505.96049209,5726.87909219516)
(-2052910.50372641,5798852.6854935,13442.831207017)
(-2057452.00620767,5785480.50576204,26502.9932603998)
(-2067120.54120674,5759146.40172624,51730.1078538191)
(-2086308.03364296,5707641.13914024,102669.191860526)
(-2122131.91956985,5605200.74104094,204336.817928916)
(-2184680.52649237,5401047.08572515,399946.667261304)
(-2290142.39959288,5001250.26027146,769200.624548854)
(-2465522.99297653,4232263.94444885,1494589.77594727)
(-2483095.79421139,2737978.75655447,2738208.66262071)
(0,0,0)
(0,0,0)
(0,0,0)
(0,0,0)
(0,0,0)
(0,0,0)
(0,0,0)
(0,0,0)
(0,0,0)
(0,0,0)
(0,0,0)
(0,0,0)
(0,0,0)
(0,0,0)
(0,0,0)
(0,0,0)
(0,0,0)
(0,0,0)
(0,0,0)
(0,0,0)
(0,0,0)
(0,0,0)
(0,0,0)
(0,0,0)
(0,0,0)
(0,0,0)
(0,0,0)
(0,0,0)
(0,0,0)
(0,0,0)
(0,0,0)
(0,0,0)
(0,0,0)
(0,0,0)
(0,0,0)
(0,0,0)
(0,0,0)
(0,0,0)
(0,0,0)
(0,0,0)
(0,0,0)
(0,0,0)
(0,0,0)
(0,0,0)
(0,0,0)
(0,0,0)
(0,0,0)
(0,0,0)
(0,0,0)
(0,0,0)
(0,0,0)
(0,0,0)
(0,0,0)
(0,0,0)
(0,0,0)
(0,0,0)
(0,0,0)
(0,0,0)
(0,0,0)
(0,0,0)
(0,0,0)
(0,0,0)
(0,0,0)
(0,0,0)
(0,0,0)
(0,0,0)
(0,0,0)
(0,0,0)
(0,0,0)
(0,0,0)
(0,0,0)
(0,0,0)
(0,0,0)
(0,0,0)
(0,0,0)
(0,0,0)
(0,0,0)
(0,0,0)
(0,0,0)
(0,0,0)
(0,0,0)
(0,0,0)
(0,0,0)
(0,0,0)
(0,0,0)
(0,0,0)
(0,0,0)
(0,0,0)
(0,0,0)
(0,0,0)
(0,0,0)
(0,0,0)
(0,0,0)
(0,0,0)
(0,0,0)
(0,0,0)
(0,0,0)
(0,0,0)
(0,0,0)
(0,0,0)
(0,0,0)
(0,0,0)
(19258904.1718347,61536.9762085116,53447.7068224955)
(19246324.0670194,58640.9219104648,114875.954244048)
(19217440.6845612,52447.7335364822,194010.05213657)
(19163414.1175404,42396.2057786563,304357.161119628)
(19067280.398162,28174.8000921548,465832.970417776)
(18896305.2480848,11138.2740760344,709016.911774719)
(18582696.4810126,-4114.66630822816,1088601.1099612)
(17963064.3888134,-10831.8004038158,1746780.93723399)
(16564979.3632229,-8965.54384865347,3220933.75403651)
(12768125.9450327,-4378.61099978907,7907646.27803072)
(0,0,0)
(0,0,0)
(0,0,0)
(0,0,0)
(0,0,0)
(0,0,0)
(19246073.6785605,131305.901737022,50526.3231019018)
(19233473.4169679,125828.738294427,108654.721262152)
(19204321.8606903,114006.382319941,183905.294150202)
(19149280.0985255,94371.0564157749,290146.192063972)
(19050520.4189436,65600.9856578363,448831.483273203)
(18874738.8074397,29259.4342232884,693750.326323379)
(18556336.0692956,-5394.42613555828,1081906.04779218)
(17939320.6284344,-20162.3200559867,1748720.04018768)
(16550255.3758169,-15044.0045916187,3225650.66892664)
(12761707.2545423,-6386.98300175376,7912191.56823269)
(0,0,0)
(0,0,0)
(0,0,0)
(0,0,0)
(0,0,0)
(0,0,0)
(19217007.1959795,218489.819238177,44995.7743325039)
(19204354.6968275,211165.942822874,96756.7690018657)
(19174618.0474358,195176.980684156,164190.036692134)
(19117162.7463685,167928.410914572,261380.910528768)
(19011582.8425983,126050.596209969,412528.836421086)
(18821422.5753742,68815.7349729213,659145.653497781)
(18484821.9319418,8047.49752262202,1067235.86692107)
(17873709.1315014,-17753.9846084359,1754000.26213641)
(16512108.5370681,-8391.02263847606,3234502.36620344)
(12745886.9119002,-260.790084609656,7918834.34963585)
(0,0,0)
(0,0,0)
(0,0,0)
(0,0,0)
(0,0,0)
(0,0,0)
(19163573.1986341,334389.754289651,37652.2237694424)
(19150939.3480681,326393.416272152,80751.0034667571)
(19120467.7651764,308873.02072933,136911.181808434)
(19059244.8123954,278643.064086586,219521.758654746)
(18941073.3330106,230647.544151957,355282.917762688)
(18718411.4522798,160245.59823101,598359.168902588)
(18325932.6573457,74788.478406182,1041438.76198197)
(17724391.5291014,33063.2424830381,1763469.1223635)
(16435016.2592057,36415.506968563,3242852.52426917)
(12716274.0527787,25712.0156183364,7919468.65396698)
(0,0,0)
(0,0,0)
(0,0,0)
(0,0,0)
(0,0,0)
(0,0,0)
(19069481.5728351,494919.460529388,29644.0478896635)
(19057168.7984245,487492.430837969,63234.8867638099)
(19026557.1272261,471447.08147824,106662.866134839)
(18962132.2699915,444358.83317711,171568.198036119)
(18829548.7034502,402761.013897212,284886.478422733)
(18558156.5243585,344572.092833927,512871.825331306)
(18040282.8744216,275879.425627252,999734.939320162)
(17447505.8004724,215677.208508885,1766906.64009652)
(16314192.8605318,157793.361241772,3232358.16828419)
(12672238.9154829,85321.4211462783,7894126.22786396)
(0,0,0)
(0,0,0)
(0,0,0)
(0,0,0)
(0,0,0)
(0,0,0)
(18902151.457965,726531.185365125,22219.3679469515)
(18890691.0898307,720402.867898405,47204.812225234)
(18861544.408148,707449.803961923,79580.6603555778)
(18798326.0042478,686122.073163129,130016.528765433)
(18664238.5688615,653755.473915885,226723.867040678)
(18385116.8860183,606698.939710213,444182.360681914)
(17860724.8420941,541493.475667196,939587.416322399)
(17294087.788337,457933.036919775,1709042.51387099)
(16211266.5123455,333568.375413968,3159958.28201562)
(12621758.8993712,176410.049935645,7808963.93437799)
(0,0,0)
(0,0,0)
(0,0,0)
(0,0,0)
(0,0,0)
(0,0,0)
(18591854.4520742,1084257.97381232,16143.7776656222)
(18581866.9488122,1079545.6794492,34295.6318460543)
(18556055.952261,1069834.04692233,58269.8614997437)
(18498707.5141148,1054447.16140818,97687.3586376859)
(18373732.079422,1031498.34625885,179701.261262935)
(18106878.3239105,995703.273070523,378979.462763661)
(17598313.3466136,933275.279763253,856026.774752581)
(17086843.2463666,822341.446190276,1584583.67204469)
(16058749.7734023,600636.23433591,3002691.39015769)
(12535556.0582003,321110.05667342,7632427.36021337)
(0,0,0)
(0,0,0)
(0,0,0)
(0,0,0)
(0,0,0)
(0,0,0)
(17971670.2028298,1718949.80810502,11451.6841650567)
(17963776.5363354,1715152.60379412,24613.3490010619)
(17943239.2552751,1707407.96868866,42859.193815126)
(17896930.9973585,1695481.35025592,74716.6353078377)
(17793993.6651072,1678220.37497043,143877.881456062)
(17567692.5074081,1650305.4738083,316475.392235963)
(17122653.6067399,1586056.86150163,744992.999882355)
(16788935.39446,1386993.68034011,1362700.31344006)
(15751067.7065872,1062538.58065623,2722950.83533315)
(12336002.2521022,607785.444477977,7311073.58915315)
(0,0,0)
(0,0,0)
(0,0,0)
(0,0,0)
(0,0,0)
(0,0,0)
(16569953.3596996,3176571.28750123,7621.95130332416)
(16564636.3546256,3172886.65682816,16851.0671483538)
(16550926.2760792,3164947.59482112,30827.5073634061)
(16520640.5248975,3151135.47198624,57313.1515645462)
(16456215.8556926,3126582.77989977,115902.472404285)
(16325200.2605647,3077588.5043229,252179.781618919)
(16088949.3405552,2967257.75908737,545814.2882838)
(15756722.7230722,2716041.82140148,1038015.81621085)
(14818935.3753366,2272061.08126871,2267922.93289873)
(11728983.0195755,1481481.58768031,6703021.78656806)
(0,0,0)
(0,0,0)
(0,0,0)
(0,0,0)
(0,0,0)
(0,0,0)
(12769952.4404267,7855466.61673249,3925.89926940489)
(12767329.4339657,7851585.45857761,8881.37411181478)
(12760618.4459024,7842799.78129167,16852.9498153203)
(12746058.8346087,7826144.3430716,32558.9171987841)
(12716095.3428758,7793819.16773148,66813.3671325114)
(12657231.2323054,7727188.35427434,141744.579590084)
(12548168.8991304,7585598.01032323,294449.117015599)
(12339129.0817121,7291309.67926495,593803.992131444)
(11729466.0680878,6697735.11317475,1477035.11344525)
(9537051.3776959,5221001.57444029,5221262.16906212)
(0,0,0)
(0,0,0)
(0,0,0)
(0,0,0)
(0,0,0)
(0,0,0)
(0,0,0)
(0,0,0)
(0,0,0)
(0,0,0)
(0,0,0)
(0,0,0)
(0,0,0)
(0,0,0)
(0,0,0)
(0,0,0)
(0,0,0)
(0,0,0)
(0,0,0)
(0,0,0)
(0,0,0)
(0,0,0)
(0,0,0)
(0,0,0)
(0,0,0)
(0,0,0)
(0,0,0)
(0,0,0)
(0,0,0)
(0,0,0)
(0,0,0)
(0,0,0)
(0,0,0)
(0,0,0)
(0,0,0)
(0,0,0)
(0,0,0)
(0,0,0)
(0,0,0)
(0,0,0)
(0,0,0)
(0,0,0)
(0,0,0)
(0,0,0)
(0,0,0)
(0,0,0)
(0,0,0)
(0,0,0)
(0,0,0)
(0,0,0)
(0,0,0)
(0,0,0)
(0,0,0)
(0,0,0)
(0,0,0)
(0,0,0)
(0,0,0)
(0,0,0)
(0,0,0)
(0,0,0)
(0,0,0)
(0,0,0)
(0,0,0)
(0,0,0)
(0,0,0)
(0,0,0)
(0,0,0)
(0,0,0)
(0,0,0)
(0,0,0)
(0,0,0)
(0,0,0)
(0,0,0)
(0,0,0)
(0,0,0)
(0,0,0)
(0,0,0)
(0,0,0)
(0,0,0)
(0,0,0)
(0,0,0)
(0,0,0)
(0,0,0)
(0,0,0)
(0,0,0)
(0,0,0)
(0,0,0)
(0,0,0)
(0,0,0)
(0,0,0)
(0,0,0)
(0,0,0)
(0,0,0)
(0,0,0)
(0,0,0)
(0,0,0)
(0,0,0)
(0,0,0)
(0,0,0)
(0,0,0)
(0,0,0)
(0,0,0)
(-334650.753419798,48754.4011372079,40906.3098331623)
(-348505.74471306,45845.7375680791,85996.1697132676)
(-379855.63598309,39400.0226142029,139998.2533593)
(-437003.29653504,28312.3815765616,208209.071574043)
(-534738.468471224,11462.7989757617,294870.924947373)
(-697738.232261561,-10358.1408910977,395378.331900859)
(-964232.416532636,-30418.1753591529,468831.19052131)
(-1385931.83327089,-34569.1952703552,348502.393591846)
(-1990563.36029806,-23737.3660533499,-576111.73111793)
(-2440242.98979544,-10853.5761636453,-4860783.43441021)
(0,0,0)
(0,0,0)
(0,0,0)
(0,0,0)
(0,0,0)
(0,0,0)
(-349310.743478261,102309.976765781,37934.6321259842)
(-362936.957687143,96810.6959483281,79485.8341166187)
(-393978.468585801,84422.1590894266,128869.81263337)
(-451164.160356125,62370.1840955497,191362.054711851)
(-550362.993262422,26761.8799640155,273052.171645444)
(-717796.941734914,-23966.4201828222,375301.985827649)
(-990545.723474165,-76836.4737623388,464707.862716384)
(-1408131.09830265,-85738.3856350588,359434.565533928)
(-2001641.86680765,-53201.8109674063,-563097.961211303)
(-2444118.83787191,-22227.5811432215,-4849792.07810158)
(0,0,0)
(0,0,0)
(0,0,0)
(0,0,0)
(0,0,0)
(0,0,0)
(-382060.079695472,165135.633186976,32347.4049697748)
(-395244.909945791,157843.007535403,67020.4858718885)
(-425744.609241192,141135.353810833,106775.733543252)
(-483485.996519255,110128.985782539,155771.460459837)
(-587791.4933691,55665.2987119391,222348.163395137)
(-772441.85683896,-34120.6825726209,322472.643713875)
(-1078511.86271763,-150838.543468401,455914.293795269)
(-1485077.38549778,-167103.267740518,392171.478615671)
(-2035383.92990369,-85518.3067212396,-531913.772942641)
(-2454933.44010051,-29899.6536914089,-4827315.5626779)
(0,0,0)
(0,0,0)
(0,0,0)
(0,0,0)
(0,0,0)
(0,0,0)
(-440603.193748652,240392.824055869,25024.9872297712)
(-453096.764798595,232688.155043259,50321.7383044953)
(-482758.159841042,215024.188959631,75764.6138890329)
(-541687.910014424,181606.433895439,101325.673901771)
(-657607.868748648,119231.047204173,132546.912884583)
(-892799.924389053,22.2081428591301,205721.184553883)
(-1351827.12470202,-210913.736354213,439661.945203204)
(-1736948.02773342,-243889.820577537,473893.840590879)
(-2119949.10781766,-84479.7818734428,-476073.531517625)
(-2478145.759724,-18372.7596999647,-4797074.82729068)
(0,0,0)
(0,0,0)
(0,0,0)
(0,0,0)
(0,0,0)
(0,0,0)
(-538956.324361868,327626.348477422,17310.1584912524)
(-550412.65586332,321026.466009825,32659.0875284803)
(-578423.313846672,306442.186936389,42327.3163402254)
(-637357.555189033,280548.807307994,38980.5538241976)
(-766997.078489915,237477.186757906,13385.9819263599)
(-1098684.31359445,171552.924108823,-5198.1103708726)
(-2182735.02943589,96303.7355488592,406708.107299336)
(-2589177.78658252,62223.3957184684,633384.263774065)
(-2285808.31754523,54801.3375144828,-409789.891820802)
(-2516178.15076674,34767.6230008754,-4778407.42255605)
(0,0,0)
(0,0,0)
(0,0,0)
(0,0,0)
(0,0,0)
(0,0,0)
(-701027.798119809,416198.839857705,10712.5504205728)
(-711065.36264986,411538.309052772,18062.9455740471)
(-736152.516291489,401904.248310795,16403.594354953)
(-790932.683844234,386419.732621863,-4102.85715106766)
(-916950.229516553,363176.896549802,-52507.982848974)
(-1247786.74679669,328424.374516921,-80370.0147261362)
(-2279053.26724395,279075.516777549,372742.099098907)
(-2651567.78923347,250704.239658436,626022.61844521)
(-2363097.96324625,181035.355160166,-429741.137893004)
(-2554208.03762534,90165.0180293076,-4813065.81020894)
(0,0,0)
(0,0,0)
(0,0,0)
(0,0,0)
(0,0,0)
(0,0,0)
(-965967.73269399,464006.20226242,6120.60807933131)
(-974251.800959828,461410.452805743,8472.99981422063)
(-995335.255415971,456947.892944002,926.348573738843)
(-1043055.90100746,452571.455463684,-27356.17342991)
(-1158726.48770863,451666.810490903,-87281.7345245551)
(-1482642.96100367,456467.660230559,-129697.949608082)
(-2558220.61313792,457575.253598646,344442.059038417)
(-2902660.82760236,524425.07353023,556331.084851523)
(-2480016.39861589,292916.022113042,-520677.624367031)
(-2617020.66440454,121520.712979707,-4903350.81099685)
(0,0,0)
(0,0,0)
(0,0,0)
(0,0,0)
(0,0,0)
(0,0,0)
(-1388916.33902368,317187.930996456,3510.59883526333)
(-1395168.90666523,315951.414781242,4020.86557625458)
(-1411240.99532519,315027.015607528,-3472.2207710426)
(-1448656.63233386,319100.480421391,-28307.8303204365)
(-1544342.29666382,340361.270399706,-82560.5427422199)
(-1841393.61503032,407773.225057359,-128674.199414841)
(-3015817.7992187,552294.934315824,411183.311542517)
(-2458754.54828163,354721.341636831,324682.771893552)
(-2573289.60427712,130345.075064546,-692283.18447766)
(-2714252.25334645,756.360490912376,-5025158.54082432)
(0,0,0)
(0,0,0)
(0,0,0)
(0,0,0)
(0,0,0)
(0,0,0)
(-1995544.99329456,-623471.987410769,2264.05711722211)
(-1999609.40177757,-624524.221275461,3091.23529297956)
(-2009903.33704295,-625481.041279537,534.691018092616)
(-2032905.70648137,-623574.580777269,-7138.23068848328)
(-2085587.52404463,-613669.01862621,-15198.7762094351)
(-2211449.70367348,-590498.139988436,15828.3387902169)
(-2486686.57592034,-573626.684770018,213491.660067399)
(-2577436.07382751,-701637.195537616,100114.779857332)
(-2814890.61183439,-817481.071533657,-822127.300657579)
(-2859607.91540217,-710498.619370396,-5026175.60010264)
(0,0,0)
(0,0,0)
(0,0,0)
(0,0,0)
(0,0,0)
(0,0,0)
(-2444088.84050905,-4914601.93185863,1277.01109948439)
(-2446055.07585457,-4915894.22731173,2137.31267185758)
(-2450975.25125214,-4917952.91138209,2308.66564488947)
(-2461622.77143096,-4920088.02031329,2609.49693632142)
(-2484267.78104892,-4922490.4620807,7899.85003137529)
(-2531656.37554437,-4930244.35616258,32639.4597710229)
(-2619308.95107474,-4962768.7752264,85365.1861484223)
(-2717109.50711758,-5048018.27476426,-15909.3600795215)
(-2860477.72759739,-5031927.49993505,-715413.350277112)
(-2760554.42029925,-4316245.63944952,-4315954.74648702)
(0,0,0)
(0,0,0)
(0,0,0)
(0,0,0)
(0,0,0)
(0,0,0)
(0,0,0)
(0,0,0)
(0,0,0)
(0,0,0)
(0,0,0)
(0,0,0)
(0,0,0)
(0,0,0)
(0,0,0)
(0,0,0)
(0,0,0)
(0,0,0)
(0,0,0)
(0,0,0)
(0,0,0)
(0,0,0)
(0,0,0)
(0,0,0)
(0,0,0)
(0,0,0)
(0,0,0)
(0,0,0)
(0,0,0)
(0,0,0)
(0,0,0)
(0,0,0)
(0,0,0)
(0,0,0)
(0,0,0)
(0,0,0)
(0,0,0)
(0,0,0)
(0,0,0)
(0,0,0)
(0,0,0)
(0,0,0)
(0,0,0)
(0,0,0)
(0,0,0)
(0,0,0)
(0,0,0)
(0,0,0)
(0,0,0)
(0,0,0)
(0,0,0)
(0,0,0)
(0,0,0)
(0,0,0)
(0,0,0)
(0,0,0)
(0,0,0)
(0,0,0)
(0,0,0)
(0,0,0)
(0,0,0)
(0,0,0)
(0,0,0)
(0,0,0)
(0,0,0)
(0,0,0)
(0,0,0)
(0,0,0)
(0,0,0)
(0,0,0)
(0,0,0)
(0,0,0)
(0,0,0)
(0,0,0)
(0,0,0)
(0,0,0)
(0,0,0)
(0,0,0)
(0,0,0)
(0,0,0)
(0,0,0)
(0,0,0)
(0,0,0)
(0,0,0)
(0,0,0)
(0,0,0)
(0,0,0)
(0,0,0)
(0,0,0)
(0,0,0)
(0,0,0)
(0,0,0)
(0,0,0)
(0,0,0)
(0,0,0)
(0,0,0)
(0,0,0)
(0,0,0)
(0,0,0)
(0,0,0)
(0,0,0)
(0,0,0)
(-395821.243879052,34134.9434285249,27035.5470307302)
(-407571.585351122,31447.1737063474,54654.2139624459)
(-433470.720868083,25308.4439544686,82960.8548929722)
(-478782.351733848,14161.669711101,110578.24038068)
(-551925.550904331,-4175.39090974352,131940.713723531)
(-664284.479867106,-30410.1845461086,128897.14587518)
(-825696.531724146,-56723.0343706348,47084.2954373243)
(-1025832.92085056,-56814.1683174776,-256200.448665521)
(-1185935.26878547,-34903.0003348888,-1025925.53984318)
(-1030604.76306512,-14795.1916406564,-2420768.5749328)
(0,0,0)
(0,0,0)
(0,0,0)
(0,0,0)
(0,0,0)
(0,0,0)
(-409099.863802243,69613.3038929977,24310.7598595043)
(-420217.829919873,64558.2818965159,48480.5239020693)
(-444706.283855598,52723.0718382788,71793.7112880578)
(-487597.137439177,30139.6237024985,92248.7343797084)
(-557391.133967864,-10598.3618140001,105699.845989403)
(-666530.725724153,-78566.3395343958,102589.784966934)
(-826923.322513299,-164808.920379902,47053.2700153364)
(-1020961.93815593,-162740.844760097,-234189.213688765)
(-1178021.0283627,-87013.276620411,-1005699.77584817)
(-1025719.13432017,-33078.1831460058,-2405816.48789466)
(0,0,0)
(0,0,0)
(0,0,0)
(0,0,0)
(0,0,0)
(0,0,0)
(-438281.927379878,106641.630044059,19193.5215333475)
(-448138.438282928,100039.041385624,36606.2903813753)
(-469805.181535042,84206.8761462035,49183.0583672986)
(-507768.040473078,52055.6795801374,51549.0464434779)
(-570584.527330419,-14013.1270714466,37756.8456622411)
(-675254.04650546,-154401.226945806,16403.9227401347)
(-851969.029870365,-424191.291529649,49243.4610426121)
(-1021233.57104745,-419069.025172349,-158272.17299548)
(-1158912.5026781,-170173.870870084,-951583.005971407)
(-1013908.54326394,-53168.297466655,-2372517.78848738)
(0,0,0)
(0,0,0)
(0,0,0)
(0,0,0)
(0,0,0)
(0,0,0)
(-488637.176032445,142115.757637367,12559.8546904952)
(-496699.931971528,135438.683474888,20763.3797741718)
(-514208.080488881,119437.825865839,16982.3507023799)
(-544173.357697961,86030.2574344777,-14506.7794684188)
(-593444.929425908,9944.2934892019,-102627.139351807)
(-690620.957000059,-205826.658166123,-253380.675520492)
(-1041903.71076155,-1041879.61451104,54384.2335204385)
(-1096178.88803442,-1096219.57150208,90765.6401511372)
(-1114518.37169044,-250453.931676114,-834385.035170048)
(-990121.66250827,-56484.6677767051,-2319092.76207582)
(0,0,0)
(0,0,0)
(0,0,0)
(0,0,0)
(0,0,0)
(0,0,0)
(-568293.381111773,165595.375375231,5857.43901203865)
(-574256.54207597,160431.305362367,4708.70333721377)
(-586528.648595426,148767.850169875,-16515.9862180641)
(-604221.107833846,126996.914222599,-90619.0903613692)
(-616828.278353129,87525.9412698233,-318369.53827878)
(-555919.774879856,22447.3632209056,-1089408.0983804)
(8.72712547990743e-05,2.47000138677261e-05,-5.87896852677905e-05)
(-241.197358639424,-178.60789350418,936600.964067414)
(-936842.841493768,-22539.7369753284,-640278.706684882)
(-947225.40045364,-3312.36694202522,-2262403.75783264)
(0,0,0)
(0,0,0)
(0,0,0)
(0,0,0)
(0,0,0)
(0,0,0)
(-687412.601235191,151312.561755107,667.616735509371)
(-691374.824481463,148417.761551536,-7009.3776220562)
(-698798.63600971,142753.262589576,-38348.6703235283)
(-706459.331737949,134299.508860764,-130124.617067982)
(-697511.892042239,121402.04569723,-383439.058969719)
(-590575.080876831,93585.5811634574,-1111788.94283213)
(7.98701189853004e-05,3.11150459104652e-05,-4.47929719218106e-05)
(-94.0856391756063,-294.169791857552,914367.312450884)
(-914486.151259584,64166.7128573378,-620950.949368442)
(-946793.80125725,27358.0240917334,-2259035.57677016)
(0,0,0)
(0,0,0)
(0,0,0)
(0,0,0)
(0,0,0)
(0,0,0)
(-853702.114438248,41200.9321183212,-2153.98861894277)
(-856007.823264452,40635.3991430085,-12615.6039057992)
(-859523.469679569,41126.1690488103,-46800.296101429)
(-859546.517348259,47041.587578884,-143051.758478744)
(-835203.193351037,66121.18187057,-411294.189009692)
(-692795.554904678,97775.2782327336,-1205331.29217795)
(0.00021879754531347,-7.9983000969087e-05,-6.16192035443719e-05)
(104.533663105758,968379.463458305,978905.069495105)
(-978833.78137134,199668.075755253,-657778.910647351)
(-985206.410978068,24275.4222476659,-2286510.56222979)
(0,0,0)
(0,0,0)
(0,0,0)
(0,0,0)
(0,0,0)
(0,0,0)
(-1055682.53486761,-289305.621614132,-2727.25042362231)
(-1056797.83715628,-288383.371716262,-12079.5490733057)
(-1057730.92047036,-283556.544884424,-40906.9099949035)
(-1053394.28777188,-265086.815402528,-124040.85157548)
(-1021681.8042839,-200845.617795936,-379734.544288889)
(-857977.590301407,37760.1461809964,-1303135.43696605)
(62.4637357322566,1081407.69739496,968248.600205489)
(-968238.224615629,236045.514101317,210066.225896464)
(-1218970.72856165,-111231.964511509,-833352.609552242)
(-1067675.0528451,-144587.965155814,-2311066.42265016)
(0,0,0)
(0,0,0)
(0,0,0)
(0,0,0)
(0,0,0)
(0,0,0)
(-1211167.6095757,-1071897.7722588,-1785.23307417561)
(-1211643.5771652,-1070908.38609176,-7226.0433110236)
(-1211680.32008943,-1066516.72088732,-22488.8842616184)
(-1208368.04383299,-1052246.36742102,-59866.9948914924)
(-1192794.48013318,-1012323.26550628,-141182.391092598)
(-1144723.26295655,-910679.687762144,-259468.997866398)
(-1081206.03622104,-706257.860233928,122716.020063186)
(-1239943.94187811,-841328.864632736,-137401.733152143)
(-1333524.33451831,-863070.315535505,-866929.659444205)
(-1092952.7187463,-611453.785078841,-2166719.0361771)
(0,0,0)
(0,0,0)
(0,0,0)
(0,0,0)
(0,0,0)
(0,0,0)
(-1044849.97502758,-2470450.77844359,-685.859296679328)
(-1045031.12906407,-2469818.65147363,-2799.54070529179)
(-1044987.95188425,-2466955.57378888,-8347.98717162054)
(-1043689.01076973,-2458464.53779868,-20063.5774551702)
(-1038787.00288508,-2438281.8711641,-39585.7499612064)
(-1028204.11071757,-2398643.84467626,-55073.8578739007)
(-1024636.36809849,-2343547.16578605,-12457.1352979886)
(-1080558.53906098,-2331040.74403066,-159296.22395666)
(-1095698.03469487,-2171612.12416147,-615534.108233199)
(-876213.858076346,-1555816.18306064,-1555512.27247429)
(0,0,0)
(0,0,0)
(0,0,0)
(0,0,0)
(0,0,0)
(0,0,0)
(0,0,0)
(0,0,0)
(0,0,0)
(0,0,0)
(0,0,0)
(0,0,0)
(0,0,0)
(0,0,0)
(0,0,0)
(0,0,0)
(0,0,0)
(0,0,0)
(0,0,0)
(0,0,0)
(0,0,0)
(0,0,0)
(0,0,0)
(0,0,0)
(0,0,0)
(0,0,0)
(0,0,0)
(0,0,0)
(0,0,0)
(0,0,0)
(0,0,0)
(0,0,0)
(0,0,0)
(0,0,0)
(0,0,0)
(0,0,0)
(0,0,0)
(0,0,0)
(0,0,0)
(0,0,0)
(0,0,0)
(0,0,0)
(0,0,0)
(0,0,0)
(0,0,0)
(0,0,0)
(0,0,0)
(0,0,0)
(0,0,0)
(0,0,0)
(0,0,0)
(0,0,0)
(0,0,0)
(0,0,0)
(0,0,0)
(0,0,0)
(0,0,0)
(0,0,0)
(0,0,0)
(0,0,0)
(0,0,0)
(0,0,0)
(0,0,0)
(0,0,0)
(0,0,0)
(0,0,0)
(0,0,0)
(0,0,0)
(0,0,0)
(0,0,0)
(0,0,0)
(0,0,0)
(0,0,0)
(0,0,0)
(0,0,0)
(0,0,0)
(0,0,0)
(0,0,0)
(0,0,0)
(0,0,0)
(0,0,0)
(0,0,0)
(0,0,0)
(0,0,0)
(0,0,0)
(0,0,0)
(0,0,0)
(0,0,0)
(0,0,0)
(0,0,0)
(0,0,0)
(0,0,0)
(0,0,0)
(0,0,0)
(0,0,0)
(0,0,0)
(0,0,0)
(0,0,0)
(0,0,0)
(0,0,0)
(0,0,0)
(0,0,0)
(-431881.585699102,20806.2257151068,15254.1161049475)
(-439812.733060679,18762.2588504479,28733.0049640622)
(-456567.821531316,14057.2088931753,37772.8967341143)
(-483950.732796464,5310.64146653237,37630.6363301986)
(-524297.318855932,-9705.24188761222,19707.6461694139)
(-579396.935752378,-32710.8562889556,-32469.0416563653)
(-647191.727599937,-57957.6685286651,-153016.17725191)
(-710594.164206518,-51980.3129369844,-416274.620958979)
(-704456.988962111,-27082.255798916,-870670.644983441)
(-500985.807475027,-9996.04247627444,-1390293.55809725)
(0,0,0)
(0,0,0)
(0,0,0)
(0,0,0)
(0,0,0)
(0,0,0)
(-441943.791363768,40438.5993371744,13211.5539394599)
(-448897.457536385,36640.0509032975,24013.389503114)
(-463280.621150472,27645.514585431,28999.4211057316)
(-485898.624895542,10000.5986219399,22610.9514066931)
(-517386.072935425,-23787.5972595768,-3311.7542537851)
(-557506.92988581,-87307.870220816,-57738.536160266)
(-605781.323518225,-189864.8588886,-146973.3447954)
(-665601.778062458,-163045.925628165,-391267.892197683)
(-674944.146758415,-67969.2572895698,-853457.772311333)
(-487689.946686729,-21326.612984044,-1380156.38943696)
(0,0,0)
(0,0,0)
(0,0,0)
(0,0,0)
(0,0,0)
(0,0,0)
(-463567.3610677,56336.2646298511,9387.76839514549)
(-468627.844828558,51516.6424905636,15000.583353514)
(-478326.494071043,39870.1854569924,11297.2250179587)
(-491025.355934123,15728.5656858554,-11173.4265849054)
(-501915.667223848,-36794.7883885006,-66835.0955625542)
(-499397.461584175,-169704.322108673,-160295.228595967)
(-467961.426024877,-614099.845204965,-120067.846125073)
(-514325.916570496,-494019.457580717,-296001.968649485)
(-590447.538134748,-125803.312964818,-806632.877517607)
(-453808.262919679,-29397.1885198835,-1358662.58232604)
(0,0,0)
(0,0,0)
(0,0,0)
(0,0,0)
(0,0,0)
(0,0,0)
(-499380.029299559,62551.091946925,4528.02595003881)
(-501941.180158171,57970.0984846972,3315.81814254334)
(-505288.578841791,47188.7802036775,-12922.2782512314)
(-503701.792659945,26035.669256844,-63700.9468602405)
(-480813.567874856,-13379.770053435,-199747.326746366)
(-384304.558908346,-71086.0627415986,-604681.984205158)
(4.38054826994717e-05,7.2084562950036e-06,-2.25143380004294e-05)
(-174.062107315107,-348.485423666913,72397.1731431547)
(-385048.589451133,-72853.3780558769,-710022.544005099)
(-386865.879063675,-13631.4219177653,-1329044.09405181)
(0,0,0)
(0,0,0)
(0,0,0)
(0,0,0)
(0,0,0)
(0,0,0)
(-552225.163794789,46573.9426064888,-91.0679765453569)
(-552262.429007187,43415.5952782034,-7530.6778388428)
(-549236.793928912,36544.271837772,-34178.0241394546)
(-533939.391766845,24760.5342645001,-103184.605214116)
(-482764.18464044,6848.36854458551,-257476.83752482)
(-338733.13453057,-12189.4535201929,-533560.087095479)
(-5.07240723718843e-06,3.37367990009679e-06,0.000102724138076743)
(9.67847318714472e-05,1.24086620622768e-05,-6.77939222713047e-06)
(-381.071833873209,-207.297208490463,-650676.619684291)
(-293393.878819848,-2888.80306647615,-1315250.76016937)
(0,0,0)
(0,0,0)
(0,0,0)
(0,0,0)
(0,0,0)
(0,0,0)
(-622743.634902098,-14820.1988574797,-3274.82486912795)
(-620762.361888267,-16042.741808642,-14428.9503754801)
(-612842.320475179,-17841.1252775333,-45999.8687947083)
(-587887.140335432,-18674.339479359,-121137.186453361)
(-519112.804471599,-16180.8070537393,-276507.098425659)
(-349425.28436048,-8579.11413523418,-521267.234326957)
(1.4120766394923e-06,8.75691193253162e-06,7.94182822587081e-05)
(7.1572918994371e-05,2.45187353714038e-05,-4.5528600995658e-06)
(203.544968782355,-114.19153787131,-653282.176183587)
(-279619.88203346,-11003.5432485606,-1312341.35522531)
(0,0,0)
(0,0,0)
(0,0,0)
(0,0,0)
(0,0,0)
(0,0,0)
(-703628.486210079,-160448.566317056,-4445.26076859487)
(-700481.188609892,-159845.416096112,-16169.2211356784)
(-689881.701301145,-156821.678904593,-46830.4358870481)
(-659831.717001482,-146548.629534525,-118670.946178655)
(-581018.057771821,-120138.914453814,-268897.97435779)
(-390412.551822601,-67309.6741068269,-512550.417468292)
(1.20441294764345e-05,0.000127353252759985,9.42690984386563e-05)
(0.000124265799937305,4.79153348389724e-08,-6.01530068508713e-06)
(277.342320161056,-40423.1989286708,-664184.668510319)
(-300793.498497972,-58156.8786701602,-1301444.24556882)
(0,0,0)
(0,0,0)
(0,0,0)
(0,0,0)
(0,0,0)
(0,0,0)
(-767804.307515722,-444499.705465733,-3827.08820322549)
(-764456.463057074,-442945.553333775,-13068.325064776)
(-753796.112489259,-437240.543907488,-36584.2680429739)
(-724385.87216998,-419810.273785463,-92331.0393939285)
(-646308.941409086,-371755.667944841,-216087.148777708)
(-447354.864127603,-248885.588831244,-445133.9602271)
(0.000150324995726582,-7.6003548058308e-06,-1.06861511091821e-05)
(-178.65150285805,-35646.3471771562,-40694.4842032589)
(-392263.83957112,-225738.063814077,-682086.50830838)
(-394579.999743291,-169840.32977513,-1243498.11030523)
(0,0,0)
(0,0,0)
(0,0,0)
(0,0,0)
(0,0,0)
(0,0,0)
(-748078.081542448,-905346.563059155,-2242.67043983691)
(-745462.869263737,-904070.102896461,-7298.82877862947)
(-737409.670483286,-899609.77569357,-19200.2465986882)
(-715676.222881505,-887352.147192014,-44350.1941436269)
(-657585.546604296,-858121.354790469,-93193.4408268798)
(-496811.092779617,-794025.696063249,-195965.503771805)
(-733.227113458236,-649621.238844836,-35980.3724523663)
(-398686.304060377,-681907.799875227,-230976.557572044)
(-538655.344646711,-625215.706964012,-626367.904293703)
(-420593.99662456,-394722.766128405,-1073844.19006218)
(0,0,0)
(0,0,0)
(0,0,0)
(0,0,0)
(0,0,0)
(0,0,0)
(-523910.646508407,-1425424.53618966,-861.355388679448)
(-522545.160607257,-1424640.89684355,-2776.52989842806)
(-518501.300051982,-1421825.47616884,-7047.48125543186)
(-508242.497709151,-1414652.38431814,-15193.7571898876)
(-483615.497517657,-1399411.94062327,-29074.6767244822)
(-429411.021625969,-1370370.29830871,-51523.1635706372)
(-338539.94706859,-1318885.30161927,-68355.5218261279)
(-405884.947364751,-1250520.80607082,-174416.107326779)
(-423259.339980974,-1076000.47878597,-396070.030218725)
(-307981.020926102,-679672.650849032,-679352.982648342)
(0,0,0)
(0,0,0)
(0,0,0)
(0,0,0)
(0,0,0)
(0,0,0)
(0,0,0)
(0,0,0)
(0,0,0)
(0,0,0)
(0,0,0)
(0,0,0)
(0,0,0)
(0,0,0)
(0,0,0)
(0,0,0)
(0,0,0)
(0,0,0)
(0,0,0)
(0,0,0)
(0,0,0)
(0,0,0)
(0,0,0)
(0,0,0)
(0,0,0)
(0,0,0)
(0,0,0)
(0,0,0)
(0,0,0)
(0,0,0)
(0,0,0)
(0,0,0)
(0,0,0)
(0,0,0)
(0,0,0)
(0,0,0)
(0,0,0)
(0,0,0)
(0,0,0)
(0,0,0)
(0,0,0)
(0,0,0)
(0,0,0)
(0,0,0)
(0,0,0)
(0,0,0)
(0,0,0)
(0,0,0)
(0,0,0)
(0,0,0)
(0,0,0)
(0,0,0)
(0,0,0)
(0,0,0)
(0,0,0)
(0,0,0)
(0,0,0)
(0,0,0)
(0,0,0)
(0,0,0)
(0,0,0)
(0,0,0)
(0,0,0)
(0,0,0)
(0,0,0)
(0,0,0)
(0,0,0)
(0,0,0)
(0,0,0)
(0,0,0)
(0,0,0)
(0,0,0)
(0,0,0)
(0,0,0)
(0,0,0)
(0,0,0)
(0,0,0)
(0,0,0)
(0,0,0)
(0,0,0)
(0,0,0)
(0,0,0)
(0,0,0)
(0,0,0)
(0,0,0)
(0,0,0)
(0,0,0)
(0,0,0)
(0,0,0)
(0,0,0)
(0,0,0)
(0,0,0)
(0,0,0)
(0,0,0)
(0,0,0)
(0,0,0)
(0,0,0)
(0,0,0)
(0,0,0)
(0,0,0)
(0,0,0)
(0,0,0)
(-449841.616978122,10679.0559293716,7280.97534965205)
(-454081.050260127,9624.47719831165,11924.8153507877)
(-462392.91391086,7317.31866538123,10432.5890649502)
(-474332.631656944,3354.44253623034,-2539.95461080659)
(-488812.616415119,-2789.22497185155,-35235.4320797705)
(-503600.419850154,-10849.5512744226,-100182.396707562)
(-514506.637440644,-16554.2139621376,-216313.272904725)
(-509850.467006847,-6988.90348912759,-410068.066615264)
(-449785.870083869,2442.02386360822,-667181.209357088)
(-282253.996423275,3306.42280338778,-889219.443212291)
(0,0,0)
(0,0,0)
(0,0,0)
(0,0,0)
(0,0,0)
(0,0,0)
(-456311.12956555,18807.0933401592,6239.30079099742)
(-459534.203766966,16883.8449674154,9616.67925247927)
(-465369.057144534,12577.3604827715,6445.07342915264)
(-472258.10964149,4864.44275943365,-8705.44204810564)
(-477262.291681224,-8324.28349343925,-43294.1647807137)
(-476469.220839063,-29259.0406814266,-105922.384420458)
(-469463.353049037,-52109.9670961464,-206684.601755634)
(-466911.315702824,-11830.6146727612,-400533.352931626)
(-423373.559168219,16503.7685951925,-666165.685253387)
(-270734.598152132,12542.7462321998,-892357.357216801)
(0,0,0)
(0,0,0)
(0,0,0)
(0,0,0)
(0,0,0)
(0,0,0)
(-469676.708195889,20595.837991571,4320.602476782)
(-471010.189235618,18262.452839734,5324.3390115262)
(-472061.265608483,12961.3149262919,-1324.84389455421)
(-468644.438675882,3086.03576886335,-21927.3541622295)
(-452289.59108818,-15662.5266314062,-64215.1871599284)
(-409490.327814993,-54607.8976495896,-128773.463960961)
(-336380.814879681,-146143.631526328,-166320.410675976)
(-340549.853408126,20115.8269689644,-372042.915480075)
(-355670.355260354,79619.7293899481,-669936.059149232)
(-244060.495932446,37574.8045662133,-904715.884470455)
(0,0,0)
(0,0,0)
(0,0,0)
(0,0,0)
(0,0,0)
(0,0,0)
(-490571.002484989,9820.89868734739,1965.91248965083)
(-489506.488432404,7780.99621678162,12.6773868387875)
(-484371.423529851,3334.62715184777,-11277.79015066)
(-467030.646088933,-4149.5828014037,-40713.3181514039)
(-418756.057092193,-15279.3773332072,-103153.978232264)
(-296275.236970422,-25490.735056843,-220300.462762932)
(3.78826914573904e-05,6.06239988271286e-06,4.3304377749532e-06)
(-215.392824737248,-312.663203745471,-312342.636149461)
(-217785.617436527,311783.621807976,-711769.500582104)
(-198842.599476513,79846.960597354,-942064.936200389)
(0,0,0)
(0,0,0)
(0,0,0)
(0,0,0)
(0,0,0)
(0,0,0)
(-518509.641396053,-23782.8655998775,-111.75811150594)
(-515214.978171703,-24929.2558940176,-4448.95683618866)
(-504520.897615729,-27001.7198286042,-18828.5061689215)
(-475831.448019416,-29158.4886402681,-51927.5440774883)
(-407112.2286619,-29454.0953363697,-113404.782052863)
(-259992.728888235,-22839.5890216531,-194796.333730389)
(-4.80088095774281e-06,1.62238403194821e-06,6.47514773838591e-06)
(8.66341005980927e-05,3.3664884538547e-06,1.34025414434902e-05)
(-157.863404871922,370.902070658862,-943576.427631927)
(-146254.517258825,10909.6206873834,-1021778.44928298)
(0,0,0)
(0,0,0)
(0,0,0)
(0,0,0)
(0,0,0)
(0,0,0)
(-549778.634955098,-95473.6389211045,-1274.22662577768)
(-544949.582872538,-95515.8965894635,-6500.36494606072)
(-530665.438046474,-94660.9960674944,-21017.971135881)
(-495371.69488451,-90404.9045368144,-52287.0006902594)
(-416160.504704826,-77908.6062149855,-106784.789578416)
(-257707.476194389,-49479.7128905014,-171862.47387566)
(5.17391125831899e-07,4.4802969851389e-06,-1.57460722909041e-11)
(5.99654845623095e-05,3.60652790566637e-06,1.13673792341768e-05)
(-98.0401271612359,19.8794892766132,-933101.989454589)
(-136982.01412688,-32113.4227971685,-1032716.81387661)
(0,0,0)
(0,0,0)
(0,0,0)
(0,0,0)
(0,0,0)
(0,0,0)
(-573602.371900596,-224215.661796763,-1284.09143383538)
(-568261.339230638,-223427.758430943,-5592.07897161473)
(-553027.085788664,-220344.533426821,-16763.1571247672)
(-516458.524332189,-210713.623829333,-39827.6305015367)
(-435306.166557584,-185107.919965005,-78340.2079657545)
(-271919.639562278,-124055.702850878,-122257.130265698)
(8.795225962669e-06,8.95048979984572e-06,-1.86048227821555e-11)
(0.000103761543019774,6.63009768351188e-06,1.74806685348619e-05)
(-405.065263635209,-432788.125050215,-965270.891351722)
(-145673.338043507,-151817.687794108,-1000686.78680926)
(0,0,0)
(0,0,0)
(0,0,0)
(0,0,0)
(0,0,0)
(0,0,0)
(-567152.621259486,-424394.128465618,-473.219587380025)
(-562357.831446258,-423555.818777998,-2443.79085113531)
(-548978.039194227,-420450.286717886,-7156.11085511109)
(-517235.407501822,-410742.089030952,-14278.1103216496)
(-445707.146453916,-382726.2581737,-17261.5670681286)
(-292559.176590422,-298015.26284172,1902.30538553664)
(0.000130293007176849,2.40475799054372e-05,4.44628512246078e-06)
(-413.727983596202,-433847.083679472,-432763.74207882)
(-201518.866565474,-371924.824753428,-684372.015381244)
(-186093.763781759,-195730.336584332,-848945.602552542)
(0,0,0)
(0,0,0)
(0,0,0)
(0,0,0)
(0,0,0)
(0,0,0)
(-491972.852094237,-680865.830992672,366.473078850157)
(-488570.841182407,-680805.717539104,724.34375861763)
(-479309.376260601,-680366.475926286,2540.23874431944)
(-457902.665652584,-679659.913327441,13684.5058118965)
(-410193.366367593,-683915.976276755,67482.0436782474)
(-300987.989154715,-726381.448653226,300025.125864844)
(-818.013384361187,-987094.565100966,-433887.959882318)
(-206633.410345354,-688884.148839036,-370903.788437758)
(-263535.148134168,-509671.762763397,-508277.046940337)
(-189272.681744052,-282037.813054157,-653290.885351041)
(0,0,0)
(0,0,0)
(0,0,0)
(0,0,0)
(0,0,0)
(0,0,0)
(-303973.133555426,-901275.437109824,472.093164175922)
(-302272.811247421,-901833.970500324,1227.99676556075)
(-297773.98293389,-903084.190204013,3218.39392519509)
(-287839.834850363,-906261.766100588,9417.58383954526)
(-267513.678334373,-915683.54689956,25083.3352790745)
(-229237.760438925,-940811.252815382,39339.878254177)
(-170439.89203068,-980167.845648176,-135686.896236511)
(-194186.696043461,-844501.945248949,-191767.35114789)
(-191236.93392164,-652674.23457787,-280787.285392744)
(-127704.230799264,-371683.04471971,-371418.843854036)
(0,0,0)
(0,0,0)
(0,0,0)
(0,0,0)
(0,0,0)
(0,0,0)
(0,0,0)
(0,0,0)
(0,0,0)
(0,0,0)
(0,0,0)
(0,0,0)
(0,0,0)
(0,0,0)
(0,0,0)
(0,0,0)
(0,0,0)
(0,0,0)
(0,0,0)
(0,0,0)
(0,0,0)
(0,0,0)
(0,0,0)
(0,0,0)
(0,0,0)
(0,0,0)
(0,0,0)
(0,0,0)
(0,0,0)
(0,0,0)
(0,0,0)
(0,0,0)
(0,0,0)
(0,0,0)
(0,0,0)
(0,0,0)
(0,0,0)
(0,0,0)
(0,0,0)
(0,0,0)
(0,0,0)
(0,0,0)
(0,0,0)
(0,0,0)
(0,0,0)
(0,0,0)
(0,0,0)
(0,0,0)
(0,0,0)
(0,0,0)
(0,0,0)
(0,0,0)
(0,0,0)
(0,0,0)
(0,0,0)
(0,0,0)
(0,0,0)
(0,0,0)
(0,0,0)
(0,0,0)
(0,0,0)
(0,0,0)
(0,0,0)
(0,0,0)
(0,0,0)
(0,0,0)
(0,0,0)
(0,0,0)
(0,0,0)
(0,0,0)
(0,0,0)
(0,0,0)
(0,0,0)
(0,0,0)
(0,0,0)
(0,0,0)
(0,0,0)
(0,0,0)
(0,0,0)
(0,0,0)
(0,0,0)
(0,0,0)
(0,0,0)
(0,0,0)
(0,0,0)
(0,0,0)
(0,0,0)
(0,0,0)
(0,0,0)
(0,0,0)
(0,0,0)
(0,0,0)
(0,0,0)
(0,0,0)
(0,0,0)
(0,0,0)
(0,0,0)
(0,0,0)
(0,0,0)
(0,0,0)
(0,0,0)
(0,0,0)
(-457057.546272548,4222.88910023209,2993.04019418445)
(-458813.813358106,4180.15884770413,3545.64444445564)
(-461715.89230659,4348.39521131297,-1479.77237112338)
(-464389.119271096,5433.86525778485,-16857.150014751)
(-464567.699987509,8762.42453173657,-49864.4909740989)
(-458795.925411722,16275.5825545067,-110944.56796704)
(-442470.526538589,28471.0277243982,-211451.706593486)
(-407368.855782583,35926.0773562142,-349859.395173966)
(-328990.491998716,28853.0171744125,-499507.790433544)
(-189883.299029815,14827.2187042064,-606705.706531197)
(0,0,0)
(0,0,0)
(0,0,0)
(0,0,0)
(0,0,0)
(0,0,0)
(-460472.638838934,5409.44293452998,2974.95543908453)
(-461525.15228499,5398.17568562777,3747.88711918221)
(-462749.293194451,5876.94778945065,-400.429409044666)
(-462091.321051724,8439.31661021586,-13572.6693512386)
(-456305.121014347,16597.6425655443,-42365.0580519278)
(-441458.917653646,37660.9526096053,-98760.731292449)
(-416735.714003929,80896.5126218564,-203913.855235029)
(-392567.969803155,114474.493800458,-356805.617578954)
(-322166.683207842,84197.4047671817,-513356.88113212)
(-187135.573473918,39210.1883994025,-621338.875505508)
(0,0,0)
(0,0,0)
(0,0,0)
(0,0,0)
(0,0,0)
(0,0,0)
(-466954.946671352,-268.182621559615,2955.86403154568)
(-466735.237809485,-184.294595124202,4263.38288615708)
(-464742.838522438,684.524609146789,2137.37898041414)
(-457283.3998754,4690.08359310608,-5474.42680296147)
(-437713.302611923,17861.2503048655,-21314.3230185452)
(-396255.861994312,58615.8653095274,-55503.7015391455)
(-330949.50892926,190217.34596469,-170255.840832408)
(-369851.320417952,360456.650925607,-386936.530947733)
(-317848.169919439,217538.167264018,-558099.478785474)
(-185454.604209431,82821.9315654766,-660317.113674556)
(0,0,0)
(0,0,0)
(0,0,0)
(0,0,0)
(0,0,0)
(0,0,0)
(-475816.078542554,-18035.4081322483,3012.30156825063)
(-474000.284798519,-17829.042699881,5150.84603911778)
(-467856.94919246,-16755.7767239623,6076.6730348346)
(-450981.112587023,-12918.8273535705,7636.05047960455)
(-409083.096412828,-3605.65233867171,19429.9924437866)
(-305179.85189163,10832.4627522391,76118.0099222816)
(2.70540982871623e-05,-9.74029820295399e-06,1.71388943700627e-05)
(-428981.645158312,-119.953212798344,-529730.001235451)
(-366779.136077596,529432.558918764,-692630.87424912)
(-198170.536914954,132470.917694665,-742951.922939848)
(0,0,0)
(0,0,0)
(0,0,0)
(0,0,0)
(0,0,0)
(0,0,0)
(-484888.691864949,-54844.3023470659,3187.94468371186)
(-481624.825007447,-54488.6843974111,6257.43321699436)
(-471837.800670633,-53052.5888173918,9871.14836533195)
(-447141.02870079,-48617.0316391895,16878.9333323307)
(-389255.401925819,-38431.2988661392,33847.7531237078)
(-260185.483491711,-20504.7100469848,65377.6805264057)
(-1.11289559052903e-05,-7.05117992355745e-07,-3.6813991541559e-06)
(5.99294471361934e-05,-4.35575840488263e-06,2.77461964305117e-05)
(-668786.305432977,462.725269888956,-1089506.05226596)
(-248183.809003191,20245.2321272695,-875351.074954182)
(0,0,0)
(0,0,0)
(0,0,0)
(0,0,0)
(0,0,0)
(0,0,0)
(-489222.775930341,-118957.907504295,3557.74613247906)
(-485125.486522023,-118521.592473423,7766.5578579844)
(-473485.842147918,-116740.310009376,14274.6831514143)
(-445502.069608244,-111210.512359209,26998.5385951646)
(-382512.793249435,-96843.0116423289,51762.5399159639)
(-248787.098622001,-63596.2847538371,85933.7370504291)
(-1.59903041482866e-06,1.33651673242939e-07,1.19700227065269e-12)
(4.21441555541954e-05,-6.39218929406163e-06,1.98577610942955e-05)
(-633848.416522623,-172.958909497067,-1069836.30518315)
(-250249.62911813,-40706.2484956121,-895617.209569022)
(0,0,0)
(0,0,0)
(0,0,0)
(0,0,0)
(0,0,0)
(0,0,0)
(-479333.788623723,-217269.94624284,4043.45546168007)
(-475272.002001147,-217079.381125264,9611.90688402338)
(-464120.955180292,-215848.153451968,19813.6197182435)
(-438160.89334557,-211043.620645676,41349.0970180875)
(-380648.742935729,-195156.323221991,85004.9849758944)
(-255637.580414833,-144462.83948008,149589.480554686)
(4.26429214508615e-06,2.40487150185387e-06,-1.34697185235318e-12)
(5.80171048503751e-05,1.11779580684709e-05,2.81742894598949e-05)
(-694711.320982647,-633631.075353929,-1110350.84804738)
(-249722.648403091,-192083.412992612,-854924.373190795)
(0,0,0)
(0,0,0)
(0,0,0)
(0,0,0)
(0,0,0)
(0,0,0)
(-440011.197229431,-348695.43844972,4284.06817683491)
(-436765.100013356,-349273.63075729,10885.5863759645)
(-428280.338506962,-350268.601587217,24608.3338239489)
(-409959.335905197,-350948.587574922,57237.2291565679)
(-372544.582368239,-346835.175494831,135753.517343729)
(-289413.580043054,-306008.106170965,294153.187487246)
(7.63232141109788e-05,4.19949792126572e-05,1.01759357797679e-05)
(-511201.638892161,-639618.516197686,-633629.293297101)
(-366302.451988105,-433660.795028249,-668815.988200153)
(-185374.123511062,-198766.42116004,-662852.62030342)
(0,0,0)
(0,0,0)
(0,0,0)
(0,0,0)
(0,0,0)
(0,0,0)
(-352035.367736563,-492401.378581155,3768.45577375634)
(-350008.394940143,-494058.847320977,9991.22609517888)
(-345166.947254996,-498399.514495799,23979.7099981595)
(-336981.647712728,-509260.711618437,61370.8161018194)
(-331341.492569203,-540938.527175554,176622.293984155)
(-376236.662651668,-654302.840394984,600165.701705116)
(-778311.887219169,-1156302.49884361,-639583.657316066)
(-382054.754058717,-676103.326501322,-427677.503299062)
(-253749.947313182,-437166.199060386,-433957.300087917)
(-137503.188504562,-220384.046557915,-464109.167929528)
(0,0,0)
(0,0,0)
(0,0,0)
(0,0,0)
(0,0,0)
(0,0,0)
(-201602.968998935,-596954.922145902,2183.37900825948)
(-200679.518892288,-599215.547839307,5746.7871714624)
(-198588.652499671,-605012.896388619,13174.8386300617)
(-195427.367248946,-618235.036377691,29736.695787897)
(-194056.106901529,-648000.445870088,63341.0430495792)
(-207005.748628569,-711364.028664129,98170.2195083706)
(-259678.884216565,-809493.536903371,-159399.75024598)
(-190838.747303794,-650080.932493862,-188770.092993106)
(-138642.049332681,-461296.623097903,-217234.553544542)
(-77580.2518028444,-243951.580895434,-243790.998203443)
(0,0,0)
(0,0,0)
(0,0,0)
(0,0,0)
(0,0,0)
(0,0,0)
(0,0,0)
(0,0,0)
(0,0,0)
(0,0,0)
(0,0,0)
(0,0,0)
(0,0,0)
(0,0,0)
(0,0,0)
(0,0,0)
(0,0,0)
(0,0,0)
(0,0,0)
(0,0,0)
(0,0,0)
(0,0,0)
(0,0,0)
(0,0,0)
(0,0,0)
(0,0,0)
(0,0,0)
(0,0,0)
(0,0,0)
(0,0,0)
(0,0,0)
(0,0,0)
(0,0,0)
(0,0,0)
(0,0,0)
(0,0,0)
(0,0,0)
(0,0,0)
(0,0,0)
(0,0,0)
(0,0,0)
(0,0,0)
(0,0,0)
(0,0,0)
(0,0,0)
(0,0,0)
(0,0,0)
(0,0,0)
(0,0,0)
(0,0,0)
(0,0,0)
(0,0,0)
(0,0,0)
(0,0,0)
(0,0,0)
(0,0,0)
(0,0,0)
(0,0,0)
(0,0,0)
(0,0,0)
(0,0,0)
(0,0,0)
(0,0,0)
(0,0,0)
(0,0,0)
(0,0,0)
(0,0,0)
(0,0,0)
(0,0,0)
(0,0,0)
(0,0,0)
(0,0,0)
(0,0,0)
(0,0,0)
(0,0,0)
(0,0,0)
(0,0,0)
(0,0,0)
(0,0,0)
(0,0,0)
(0,0,0)
(0,0,0)
(0,0,0)
(0,0,0)
(0,0,0)
(0,0,0)
(0,0,0)
(0,0,0)
(0,0,0)
(0,0,0)
(0,0,0)
(0,0,0)
(0,0,0)
(0,0,0)
(0,0,0)
(0,0,0)
(0,0,0)
(0,0,0)
(0,0,0)
(0,0,0)
(0,0,0)
(0,0,0)
(-459129.873527777,859.384012818601,1212.94324241687)
(-459718.137094381,1502.43951977277,614.827458919473)
(-460265.860198823,3357.48563824504,-4192.69028709726)
(-459324.232879245,7736.53945116869,-16994.1161301155)
(-454500.705694006,16983.1643543784,-44044.2747779947)
(-441894.391003285,33580.0150465981,-94525.8242330327)
(-415061.215774967,54182.1574646743,-176117.292461333)
(-362948.499109195,50703.6672651614,-271241.316399869)
(-275809.864672402,35666.1006143886,-360088.044340582)
(-151064.01159069,17545.3210752596,-416452.652854962)
(0,0,0)
(0,0,0)
(0,0,0)
(0,0,0)
(0,0,0)
(0,0,0)
(-460398.230856523,-1094.28990969379,1879.26594009699)
(-460806.553565593,184.530517937906,2478.57622253764)
(-461006.404789172,3917.51988493393,175.653570576967)
(-459623.030923009,13251.0883656749,-7807.18547264928)
(-454790.636449098,35137.7105787999,-27476.2162623168)
(-444234.228418962,82791.9146951463,-73912.8051455444)
(-423561.255474298,166594.887821144,-179499.994031643)
(-372391.859262229,137161.281631795,-286133.718939189)
(-283124.559739182,88528.0948159122,-378037.836609373)
(-154707.520299163,40909.8091345982,-433830.377843469)
(0,0,0)
(0,0,0)
(0,0,0)
(0,0,0)
(0,0,0)
(0,0,0)
(-462102.683173943,-9091.43681227398,3144.88340517351)
(-462219.445345104,-7406.26306196603,6219.88452069744)
(-461764.968717283,-2360.95383743575,9520.48843792081)
(-459588.48557179,11026.8249552189,14049.8375447744)
(-455213.223287172,46509.4878897782,20177.9809090467)
(-452908.345137103,149696.330882684,9926.0478643019)
(-466598.99634825,521036.729168548,-208866.306064101)
(-408268.867400976,301321.218851808,-334608.69630109)
(-307145.755872644,168608.609771346,-425391.625303324)
(-165565.750337574,70121.1892478186,-474491.859288398)
(0,0,0)
(0,0,0)
(0,0,0)
(0,0,0)
(0,0,0)
(0,0,0)
(-462741.361600143,-27016.7165005872,4850.56274590562)
(-462481.632290428,-25388.6146817608,11314.2618576176)
(-461144.362515708,-20656.9415290059,22897.6628724402)
(-457528.645498913,-9020.75998290798,49492.7807224519)
(-452721.50586279,16291.7781698308,123348.899892355)
(-469368.303653767,55963.5591938897,381270.123343279)
(-692123.764325443,346.960170509597,-428597.254436972)
(-517981.865047581,428979.705300042,-467255.520995933)
(-369170.745062558,227496.269360319,-523751.57159996)
(-189820.557857932,82510.1065280992,-544490.467937248)
(0,0,0)
(0,0,0)
(0,0,0)
(0,0,0)
(0,0,0)
(0,0,0)
(-459374.201168755,-59020.7469169506,6489.53972016934)
(-458733.751437627,-57874.1432064916,16083.9946750727)
(-456369.038598208,-54592.3624599657,34550.6535335964)
(-449490.253397989,-46894.3200557014,74773.4383035814)
(-429591.160344252,-31603.030858002,163004.005749858)
(-357905.3730534,-9006.18742042102,325693.641925854)
(4.22583869347199e-05,-2.01483017247764e-05,-3.72762450620665e-05)
(-685137.126506599,186.869930135613,-668678.128513828)
(-476766.181050198,35487.7311051843,-668689.714641465)
(-225681.890103485,18250.1521058889,-626931.679118962)
(0,0,0)
(0,0,0)
(0,0,0)
(0,0,0)
(0,0,0)
(0,0,0)
(-447147.26915184,-108770.71027614,7674.45658068521)
(-446377.603581357,-108377.234081969,19429.6645154957)
(-443830.762950885,-107079.620906495,42261.8437649939)
(-436589.233832229,-103590.830511955,90045.5184452327)
(-414925.837129981,-94743.2901490721,185598.821616851)
(-336674.318186455,-70312.932844735,334792.786605617)
(3.05770275802483e-05,-2.99971444434889e-05,-2.66163557888354e-05)
(-644395.604264778,42.6734102778638,-633518.620580569)
(-484951.020455096,-60930.050779428,-685998.234763464)
(-232720.868349976,-40107.0436871567,-645169.799738567)
(0,0,0)
(0,0,0)
(0,0,0)
(0,0,0)
(0,0,0)
(0,0,0)
(-418692.411747807,-177522.900223927,8110.81307186356)
(-418166.023426749,-178155.913771678,20783.5141871712)
(-416588.751492049,-179610.052751002,45781.7423434327)
(-412431.283137498,-182456.485988614,98917.787612012)
(-399802.226877564,-186729.815059207,210057.796463977)
(-343105.071452538,-178016.846287015,405229.200943972)
(4.50852673056514e-05,-4.14561499428391e-05,-3.47787403015034e-05)
(-710026.884438552,-510953.155394872,-694484.175012254)
(-479947.450326545,-305023.510766151,-665154.585681621)
(-222298.732979669,-127633.582568125,-605051.962224072)
(0,0,0)
(0,0,0)
(0,0,0)
(0,0,0)
(0,0,0)
(0,0,0)
(-364747.37653577,-260290.396840934,7503.67592334401)
(-364688.04479681,-262079.402758059,19350.1096931769)
(-364775.49544159,-266708.889170421,42944.1030472221)
(-366625.613459284,-277546.316042489,94700.2106551839)
(-378177.845628038,-305269.074732095,218872.733587873)
(-439576.187352503,-392443.248843991,583461.743454303)
(-794357.425977994,-777833.329165513,-510906.395634825)
(-534404.415961663,-510145.580226533,-488511.19373367)
(-351231.756381606,-320877.521617182,-487727.878489123)
(-172562.871954939,-150765.476231109,-477407.23638227)
(0,0,0)
(0,0,0)
(0,0,0)
(0,0,0)
(0,0,0)
(0,0,0)
(-276496.791259368,-341618.603834587,5789.63051645858)
(-276750.148584365,-344359.698220274,14811.6796228933)
(-277779.458276278,-351428.488171456,32143.7896452129)
(-282056.860290623,-367345.646990812,67018.3331714352)
(-298020.234940602,-403323.624046819,131751.624857553)
(-350354.183363506,-484733.011214729,198158.907940136)
(-477426.633066357,-637357.06053655,-243202.614841634)
(-351512.643093941,-484644.818513666,-299245.487519276)
(-234370.830438039,-321879.855251964,-317622.270759632)
(-118879.259568127,-160371.547619472,-326640.128307693)
(0,0,0)
(0,0,0)
(0,0,0)
(0,0,0)
(0,0,0)
(0,0,0)
(-151263.303860386,-395076.946524796,3118.67755166364)
(-151499.034478192,-398251.063398753,7829.55831604429)
(-152306.085037585,-406163.748084602,16282.2507670989)
(-154974.519183324,-422583.024964707,31066.7806753739)
(-163024.383023934,-453692.344636001,50403.7773869737)
(-182822.039577699,-504083.986517985,45571.0436393632)
(-211328.167721655,-549620.708769803,-90516.0246223021)
(-170401.174743559,-459072.584728724,-136525.830967478)
(-118419.005887122,-322496.846682647,-156131.882982352)
(-61517.8664081745,-166308.466842114,-166257.349154391)
(0,0,0)
(0,0,0)
(0,0,0)
(0,0,0)
(0,0,0)
(0,0,0)
(0,0,0)
(0,0,0)
(0,0,0)
(0,0,0)
(0,0,0)
(0,0,0)
(0,0,0)
(0,0,0)
(0,0,0)
(0,0,0)
(0,0,0)
(0,0,0)
(0,0,0)
(0,0,0)
(0,0,0)
(0,0,0)
(0,0,0)
(0,0,0)
(0,0,0)
(0,0,0)
(0,0,0)
(0,0,0)
(0,0,0)
(0,0,0)
(0,0,0)
(0,0,0)
(0,0,0)
(0,0,0)
(0,0,0)
(0,0,0)
(0,0,0)
(0,0,0)
(0,0,0)
(0,0,0)
(0,0,0)
(0,0,0)
(0,0,0)
(0,0,0)
(0,0,0)
(0,0,0)
(0,0,0)
(0,0,0)
(0,0,0)
(0,0,0)
(0,0,0)
(0,0,0)
(0,0,0)
(0,0,0)
(0,0,0)
(0,0,0)
(0,0,0)
(0,0,0)
(0,0,0)
(0,0,0)
(0,0,0)
(0,0,0)
(0,0,0)
(0,0,0)
(0,0,0)
(0,0,0)
(0,0,0)
(0,0,0)
(0,0,0)
(0,0,0)
(0,0,0)
(0,0,0)
(0,0,0)
(0,0,0)
(0,0,0)
(0,0,0)
(0,0,0)
(0,0,0)
(0,0,0)
(0,0,0)
(0,0,0)
(0,0,0)
(0,0,0)
(0,0,0)
(0,0,0)
(0,0,0)
(0,0,0)
(0,0,0)
(0,0,0)
(0,0,0)
(0,0,0)
(0,0,0)
(0,0,0)
(0,0,0)
(0,0,0)
(0,0,0)
(0,0,0)
(0,0,0)
(0,0,0)
(0,0,0)
(0,0,0)
(0,0,0)
(-459310.699367477,-391.793919719253,572.619759411759)
(-459570.007446706,414.864606101462,9.62550563428868)
(-459549.167727784,2634.31201663746,-3341.37898203439)
(-457900.946390303,7437.1150006437,-12201.780471627)
(-451931.864358986,16649.9301689614,-31420.5519756097)
(-436847.90615589,31175.2736155751,-67642.3104385699)
(-404497.563228442,45631.1714330943,-123837.134418188)
(-344224.615021883,41252.4090149994,-183813.427520498)
(-253160.330298423,28356.1631524674,-234819.125046941)
(-134896.030239401,13873.9051390878,-264861.011537322)
(0,0,0)
(0,0,0)
(0,0,0)
(0,0,0)
(0,0,0)
(0,0,0)
(-459284.23712155,-2920.84211386037,1415.05445917004)
(-459855.15108787,-1334.05311177432,2212.56969931992)
(-460673.461232344,3078.9686598392,1434.96949929109)
(-460915.443105785,13218.5852565068,-3054.08857379125)
(-458871.290254622,34602.7245705934,-16926.2291699001)
(-450755.684365187,73968.3171281261,-53197.8167362306)
(-426387.249044508,123427.041326353,-128167.693059276)
(-363936.587528465,101225.307577548,-196595.863355597)
(-266651.883681975,64484.3844145723,-249196.760674898)
(-141443.98266255,30056.4156011698,-278642.808773599)
(0,0,0)
(0,0,0)
(0,0,0)
(0,0,0)
(0,0,0)
(0,0,0)
(-458221.209740996,-9824.17313712853,3021.85759032344)
(-459408.738813887,-7749.40188890361,6626.49983623514)
(-461873.714653898,-1777.74172966674,11591.9561623529)
(-466182.456065868,13066.8561198465,18337.6557930872)
(-473702.825679979,48962.0864358149,22467.896320674)
(-485914.480202427,133172.04313378,-3729.69461965458)
(-491998.475643586,295440.67872778,-150343.852725746)
(-415789.418432232,191595.972422835,-233193.966539793)
(-298979.856384113,106568.5006859,-283443.982299652)
(-156293.606740386,45867.5792083247,-308527.289503986)
(0,0,0)
(0,0,0)
(0,0,0)
(0,0,0)
(0,0,0)
(0,0,0)
(-454094.851106115,-23642.7343961301,5172.05076497915)
(-456064.775566356,-21662.633866131,12668.4260181316)
(-460815.697862117,-15888.6623373472,26450.6819722167)
(-471247.061363878,-979.976466759018,54215.9304237928)
(-495648.549794373,39430.6334150448,106674.427376148)
(-555509.181063237,167457.744304742,158529.60361467)
(-676403.05967516,692458.142789602,-254208.565097445)
(-524343.228714989,261906.562780354,-318157.791787537)
(-356658.254922763,119984.164039031,-344085.945280473)
(-180407.836766366,46703.5054241957,-354334.59258791)
(0,0,0)
(0,0,0)
(0,0,0)
(0,0,0)
(0,0,0)
(0,0,0)
(-443578.203520291,-46633.6593734891,7194.92732889438)
(-446297.963458816,-45391.3431929503,18487.848676906)
(-453249.100900074,-41938.4657293309,41417.7143707624)
(-469776.05031354,-33920.9903003001,94644.5251198524)
(-513368.235406396,-16850.5240480193,234702.757645062)
(-651683.201765794,12385.9919583669,683552.338703827)
(-1202701.03916704,336.752889950952,-684769.079363961)
(-689104.261889571,41114.5104396555,-460009.891640284)
(-426892.510061779,27408.0534022605,-417307.451991927)
(-206625.355968164,11271.4020285046,-400931.882731561)
(0,0,0)
(0,0,0)
(0,0,0)
(0,0,0)
(0,0,0)
(0,0,0)
(-422160.963662927,-80094.0698934479,8474.10503104759)
(-425363.209953743,-79922.5666328035,21990.934843284)
(-433693.151053161,-79586.3880793334,49501.2452955606)
(-453555.734325075,-79206.6882248444,111753.443712953)
(-504576.553627204,-79380.6355028587,263934.271665013)
(-655339.714270352,-76516.2659498707,671501.925657158)
(-1178075.93843791,305.979995928606,-644037.734786674)
(-708188.100261321,-65371.7900150211,-473758.93833543)
(-442034.209587933,-55792.0318894034,-433475.663910962)
(-213114.49859148,-29619.5825034532,-412191.049137495)
(0,0,0)
(0,0,0)
(0,0,0)
(0,0,0)
(0,0,0)
(0,0,0)
(-384176.983777476,-123268.643107026,8659.14524325057)
(-387492.110043979,-124329.575442274,22392.2406699536)
(-396240.258622001,-127487.028362733,49944.3880833061)
(-416951.314286835,-136364.600735498,111622.331743305)
(-469574.851720886,-164811.888372824,266826.209456592)
(-626968.20540603,-274185.88484577,748358.962306)
(-1225516.40052341,-793866.121789681,-709687.18298074)
(-685873.736113046,-335045.683477776,-464166.437843501)
(-416487.145000346,-176136.900560054,-407281.874499062)
(-198795.434525138,-77814.7976480777,-382589.957808964)
(0,0,0)
(0,0,0)
(0,0,0)
(0,0,0)
(0,0,0)
(0,0,0)
(-323922.629062221,-171688.245714699,7594.85513412272)
(-326936.2553274,-173765.476809186,19278.9670316256)
(-334737.13355917,-179361.525181416,41115.101967886)
(-352443.49913041,-192666.842200603,83235.2291041157)
(-392458.648058094,-224821.045511611,157525.188672964)
(-482076.426718715,-302909.477078616,228749.020272016)
(-648155.171518845,-460529.245110039,-250790.110866767)
(-488090.140782939,-326966.752922063,-305183.316601214)
(-319823.095591444,-203830.700270954,-308898.177680488)
(-157560.927235797,-96980.8715023528,-304734.048545351)
(0,0,0)
(0,0,0)
(0,0,0)
(0,0,0)
(0,0,0)
(0,0,0)
(-237635.316405856,-216120.522179311,5570.8016111013)
(-239906.080204266,-218801.812637565,13763.0690593822)
(-245618.159840943,-225606.964189138,27847.2096317716)
(-258016.093466725,-239949.38552774,51088.986135008)
(-283144.367562889,-268062.778363002,79454.8516086848)
(-328027.888646518,-316950.748709507,71169.8285225861)
(-378557.096364111,-371022.724630413,-117206.228659301)
(-310322.284310415,-303343.533875667,-182019.806489216)
(-212392.148924027,-205795.860969185,-202033.327304988)
(-107236.412230536,-102933.180347662,-207723.865797271)
(0,0,0)
(0,0,0)
(0,0,0)
(0,0,0)
(0,0,0)
(0,0,0)
(-126642.639222697,-243649.167468479,2907.98065147925)
(-127852.620932542,-246555.684652629,7015.43912089158)
(-130824.928606083,-253639.044100095,13566.362600346)
(-136961.527700259,-267374.741349742,22978.7269392828)
(-148292.840001512,-290414.867019634,30599.2725734893)
(-165285.838118769,-321006.465891873,17118.7882969179)
(-177591.605896379,-338089.186084821,-49551.3120739468)
(-150297.924970389,-288499.964920836,-84498.1308019505)
(-105578.543099316,-203951.494537314,-99182.9600216276)
(-54160.3292877444,-104722.710003257,-104750.967486461)
(0,0,0)
(0,0,0)
(0,0,0)
(0,0,0)
(0,0,0)
(0,0,0)
(0,0,0)
(0,0,0)
(0,0,0)
(0,0,0)
(0,0,0)
(0,0,0)
(0,0,0)
(0,0,0)
(0,0,0)
(0,0,0)
(0,0,0)
(0,0,0)
(0,0,0)
(0,0,0)
(0,0,0)
(0,0,0)
(0,0,0)
(0,0,0)
(0,0,0)
(0,0,0)
(0,0,0)
(0,0,0)
(0,0,0)
(0,0,0)
(0,0,0)
(0,0,0)
(0,0,0)
(0,0,0)
(0,0,0)
(0,0,0)
(0,0,0)
(0,0,0)
(0,0,0)
(0,0,0)
(0,0,0)
(0,0,0)
(0,0,0)
(0,0,0)
(0,0,0)
(0,0,0)
(0,0,0)
(0,0,0)
(0,0,0)
(0,0,0)
(0,0,0)
(0,0,0)
(0,0,0)
(0,0,0)
(0,0,0)
(0,0,0)
(0,0,0)
(0,0,0)
(0,0,0)
(0,0,0)
(0,0,0)
(0,0,0)
(0,0,0)
(0,0,0)
(0,0,0)
(0,0,0)
(0,0,0)
(0,0,0)
(0,0,0)
(0,0,0)
(0,0,0)
(0,0,0)
(0,0,0)
(0,0,0)
(0,0,0)
(0,0,0)
(0,0,0)
(0,0,0)
(0,0,0)
(0,0,0)
(0,0,0)
(0,0,0)
(0,0,0)
(0,0,0)
(0,0,0)
(0,0,0)
(0,0,0)
(0,0,0)
(0,0,0)
(0,0,0)
(0,0,0)
(0,0,0)
(0,0,0)
(0,0,0)
(0,0,0)
(0,0,0)
(0,0,0)
(0,0,0)
(0,0,0)
(0,0,0)
(0,0,0)
(0,0,0)
(-459099.233553208,-484.175063688963,272.709249420893)
(-459340.814748155,35.7961598787839,7.7203909993629)
(-459344.92362394,1463.82295965876,-1660.34667250742)
(-457732.738565697,4396.71579842063,-6225.2702955333)
(-451500.129695616,9643.92912998627,-16300.9340888838)
(-435132.803365374,17183.5389939105,-35199.5758733144)
(-399939.73795217,23656.995269316,-63414.3964189074)
(-336675.408369097,21512.1041679097,-92475.7072396054)
(-244472.173902572,14890.2837538887,-116054.147389338)
(-128870.995058388,7331.19064763269,-129410.373217987)
(0,0,0)
(0,0,0)
(0,0,0)
(0,0,0)
(0,0,0)
(0,0,0)
(-458513.383507689,-2079.11131794756,824.082640396977)
(-459340.506308419,-1059.70373775303,1404.93775857738)
(-460779.475955726,1728.60839637373,1246.1670452411)
(-462092.397434323,7814.86280485009,-995.025632654895)
(-461067.598404527,19606.7184569577,-8761.50680972137)
(-452256.119268033,38644.0200738967,-28721.5529868584)
(-423562.901620537,57656.3460416773,-65545.2511831829)
(-358176.46840583,49266.9233319529,-99060.1894698627)
(-259370.641656882,32135.7579667705,-123586.905707832)
(-136203.435422664,15226.5044576694,-136722.766757747)
(0,0,0)
(0,0,0)
(0,0,0)
(0,0,0)
(0,0,0)
(0,0,0)
(-456206.246017803,-5962.08986630838,1868.01482516599)
(-458159.529159071,-4623.57405781534,4182.67549041483)
(-462400.272009451,-890.946042087433,7328.78728442947)
(-469746.652085749,7884.28305676249,10823.5630524011)
(-480491.375831511,26922.034289266,10296.7973716284)
(-490745.557599652,63482.2434089324,-9710.34856618286)
(-481071.775204394,110950.003374228,-73930.7063379267)
(-407318.587229705,82993.1405753697,-116127.754783861)
(-291444.204461052,48894.9976491151,-140422.64638928)
(-151401.683919575,21771.9551108403,-151860.01986326)
(0,0,0)
(0,0,0)
(0,0,0)
(0,0,0)
(0,0,0)
(0,0,0)
(-449948.325849445,-13372.0717182962,3263.45659531353)
(-453287.196422989,-12099.6424401737,7961.94583430391)
(-461334.503133463,-8494.12211883762,16083.9271824067)
(-477497.284424933,384.457185301718,29833.97611492)
(-507365.914574016,21646.4363181338,46826.9388656914)
(-554189.54960233,71247.2137768415,37742.3370368714)
(-591956.777420335,166141.915625902,-101895.857469617)
(-490227.302148109,97178.6159139635,-150197.259375088)
(-340269.978548248,49834.9848230155,-167525.522923517)
(-173112.738884875,20536.3480982199,-173585.013792387)
(0,0,0)
(0,0,0)
(0,0,0)
(0,0,0)
(0,0,0)
(0,0,0)
(-436241.905584753,-25274.4485740661,4566.07892023479)
(-440922.731397358,-24512.8449950821,11604.0494136841)
(-452660.910683729,-22447.7400600506,24969.4771385576)
(-477773.866369259,-17746.7378547345,51098.4882343106)
(-528978.073250618,-8063.69083145905,96418.4532281249)
(-625435.37390506,8775.9331125977,132641.906031638)
(-758121.751852954,25079.0574922423,-170874.523148814)
(-587431.117493051,22147.3277211638,-197516.379352506)
(-390142.43154355,12348.7515006239,-196780.224548347)
(-193658.114624699,4817.83038530015,-194028.948178887)
(0,0,0)
(0,0,0)
(0,0,0)
(0,0,0)
(0,0,0)
(0,0,0)
(-410787.262089352,-41999.5673530885,5351.41720545036)
(-416263.07138916,-41974.4556609304,13712.8893067179)
(-430096.953495223,-42035.3454001114,29704.297088837)
(-459945.193973413,-42466.1175001874,60813.1363826258)
(-520873.375669285,-44216.2997857943,113262.567379044)
(-634234.419984247,-47988.5821691425,148921.788374675)
(-783295.661974984,-46935.117695968,-173844.312900038)
(-609680.346125049,-42873.6622005556,-207331.077114585)
(-402567.533261674,-30140.1199354067,-204308.882004825)
(-198518.380238278,-15243.4336320042,-198843.736340728)
(0,0,0)
(0,0,0)
(0,0,0)
(0,0,0)
(0,0,0)
(0,0,0)
(-368817.443581951,-62750.779270986,5391.67172236831)
(-374272.475989383,-63528.0040662868,13725.5860731312)
(-388086.584526563,-65785.8870962353,29322.4536738165)
(-417530.847715159,-71673.6312942592,59109.5008962111)
(-476726.221010159,-87488.8314302665,109533.401829953)
(-586326.804601419,-129077.683566254,149981.102422442)
(-736451.687347857,-216246.139460931,-169772.588988119)
(-566882.887161992,-137064.713238658,-194572.386901075)
(-372480.890570876,-79343.8837062619,-189374.877559689)
(-183320.057659499,-36493.2239981761,-183600.464059161)
(0,0,0)
(0,0,0)
(0,0,0)
(0,0,0)
(0,0,0)
(0,0,0)
(-306195.522814608,-85107.5419860455,4629.65646744397)
(-310885.604723616,-86474.5951884231,11525.5969857997)
(-322426.512428205,-90036.8670615584,23465.9558201618)
(-345926.389328357,-98048.8358029858,43324.0505268354)
(-389310.852563297,-115305.585693559,67993.0092953373)
(-457347.842959485,-148643.419188769,62830.1611586215)
(-520313.106361859,-190703.906457239,-90554.1370020524)
(-429901.232762348,-149013.822399649,-136793.935861635)
(-293215.406669482,-96272.0938928433,-146473.414597031)
(-146893.362808435,-46584.646849182,-147049.556173383)
(0,0,0)
(0,0,0)
(0,0,0)
(0,0,0)
(0,0,0)
(0,0,0)
(-221204.334668546,-104870.048808048,3331.52508468941)
(-224574.910190365,-106511.079658532,8036.83954089837)
(-232552.810473127,-110535.866120541,15470.489232065)
(-248025.837260641,-118594.286886312,26025.6841093047)
(-274122.809706542,-132941.030376072,34639.570935473)
(-308832.214702579,-153974.768188082,20775.2459908489)
(-329747.943340053,-169868.637001814,-48869.1764886349)
(-280998.344662259,-143172.97391214,-84033.9646243029)
(-197038.375297188,-98880.2167662631,-96779.6153777216)
(-100351.504700389,-49815.6720599119,-100433.497697139)
(0,0,0)
(0,0,0)
(0,0,0)
(0,0,0)
(0,0,0)
(0,0,0)
(-116467.785278547,-116767.332723497,1722.4299712987)
(-118212.489155717,-118480.426589796,4051.64512573912)
(-122232.291761974,-122533.627634374,7456.76979546087)
(-129709.112176384,-130061.347680068,11671.4150653414)
(-141424.786523604,-141770.036588827,13632.3678001886)
(-155095.872525817,-155427.575682589,4895.20970174662)
(-160065.843298194,-160292.227905319,-22206.96199293)
(-137916.109502785,-138022.245792583,-39739.5055800939)
(-98222.7060168262,-98268.0740243476,-47707.4854045)
(-50558.5513091254,-50549.4710275571,-50575.4644154741)
(0,0,0)
(0,0,0)
(0,0,0)
(0,0,0)
(0,0,0)
(0,0,0)
(0,0,0)
(0,0,0)
(0,0,0)
(0,0,0)
(0,0,0)
(0,0,0)
(0,0,0)
(0,0,0)
(0,0,0)
(0,0,0)
(0,0,0)
(0,0,0)
(0,0,0)
(0,0,0)
(0,0,0)
(0,0,0)
(0,0,0)
(0,0,0)
(0,0,0)
(0,0,0)
(0,0,0)
(0,0,0)
(0,0,0)
(0,0,0)
(0,0,0)
(0,0,0)
(0,0,0)
(0,0,0)
(0,0,0)
(0,0,0)
(0,0,0)
(0,0,0)
(0,0,0)
(0,0,0)
(0,0,0)
(0,0,0)
(0,0,0)
(0,0,0)
(0,0,0)
(0,0,0)
(0,0,0)
(0,0,0)
(0,0,0)
(0,0,0)
(0,0,0)
(0,0,0)
(0,0,0)
(0,0,0)
(0,0,0)
(0,0,0)
(0,0,0)
(0,0,0)
(0,0,0)
(0,0,0)
(0,0,0)
(0,0,0)
(0,0,0)
(0,0,0)
(0,0,0)
(0,0,0)
(0,0,0)
(0,0,0)
(0,0,0)
(0,0,0)
(0,0,0)
(0,0,0)
(0,0,0)
(0,0,0)
(0,0,0)
(0,0,0)
(0,0,0)
(0,0,0)
(0,0,0)
(0,0,0)
(0,0,0)
(0,0,0)
(0,0,0)
(0,0,0)
(0,0,0)
(0,0,0)
(0,0,0)
(0,0,0)
(0,0,0)
(0,0,0)
(0,0,0)
(0,0,0)
(0,0,0)
(0,0,0)
(0,0,0)
(0,0,0)
(0,0,0)
(0,0,0)
(0,0,0)
(0,0,0)
(0,0,0)
(0,0,0)
(0,0,0)
(0,0,0)
(0,0,0)
(0,0,0)
(0,0,0)
(0,0,0)
(0,0,0)
(0,0,0)
(0,0,0)
(0,0,0)
(0,0,0)
(0,0,0)
(0,0,0)
(0,0,0)
(0,0,0)
(0,0,0)
(0,0,0)
(0,0,0)
(0,0,0)
(0,0,0)
(0,0,0)
(0,0,0)
(0,0,0)
(0,0,0)
(0,0,0)
(0,0,0)
(0,0,0)
(0,0,0)
(0,0,0)
(0,0,0)
(0,0,0)
(0,0,0)
(0,0,0)
(0,0,0)
(0,0,0)
(0,0,0)
(0,0,0)
(0,0,0)
(0,0,0)
(0,0,0)
(0,0,0)
(0,0,0)
(0,0,0)
(0,0,0)
(0,0,0)
(0,0,0)
(0,0,0)
(0,0,0)
(0,0,0)
(0,0,0)
(0,0,0)
(0,0,0)
(0,0,0)
(0,0,0)
(0,0,0)
(0,0,0)
(0,0,0)
(0,0,0)
(0,0,0)
(0,0,0)
(0,0,0)
(0,0,0)
(0,0,0)
(0,0,0)
(0,0,0)
(0,0,0)
(0,0,0)
(0,0,0)
(0,0,0)
(0,0,0)
(0,0,0)
(0,0,0)
(0,0,0)
(0,0,0)
(0,0,0)
(0,0,0)
(0,0,0)
(0,0,0)
(0,0,0)
(0,0,0)
(0,0,0)
(0,0,0)
(0,0,0)
(0,0,0)
(0,0,0)
(0,0,0)
(0,0,0)
(0,0,0)
(0,0,0)
(0,0,0)
(0,0,0)
(0,0,0)
(0,0,0)
(0,0,0)
(0,0,0)
(0,0,0)
(0,0,0)
(0,0,0)
(0,0,0)
(0,0,0)
(0,0,0)
(0,0,0)
(0,0,0)
(0,0,0)
(0,0,0)
(0,0,0)
(0,0,0)
(0,0,0)
(0,0,0)
(0,0,0)
(0,0,0)
(0,0,0)
(0,0,0)
(0,0,0)
(0,0,0)
(0,0,0)
(0,0,0)
(0,0,0)
(0,0,0)
(0,0,0)
(0,0,0)
(0,0,0)
(0,0,0)
(0,0,0)
(0,0,0)
(0,0,0)
(0,0,0)
(0,0,0)
(0,0,0)
(0,0,0)
(0,0,0)
(0,0,0)
(0,0,0)
(0,0,0)
(0,0,0)
(0,0,0)
(0,0,0)
(0,0,0)
(0,0,0)
(0,0,0)
(0,0,0)
(0,0,0)
(0,0,0)
(0,0,0)
(0,0,0)
(0,0,0)
(0,0,0)
(0,0,0)
(0,0,0)
(0,0,0)
(0,0,0)
(0,0,0)
(0,0,0)
(0,0,0)
(0,0,0)
(0,0,0)
(0,0,0)
(0,0,0)
(0,0,0)
(0,0,0)
(0,0,0)
(0,0,0)
(0,0,0)
(0,0,0)
(0,0,0)
(0,0,0)
(0,0,0)
(0,0,0)
(0,0,0)
(0,0,0)
(0,0,0)
(0,0,0)
(0,0,0)
(0,0,0)
(0,0,0)
(0,0,0)
(0,0,0)
(0,0,0)
(0,0,0)
(0,0,0)
(0,0,0)
(0,0,0)
(0,0,0)
(0,0,0)
(0,0,0)
(0,0,0)
(0,0,0)
(0,0,0)
(0,0,0)
(0,0,0)
(0,0,0)
(0,0,0)
(0,0,0)
(0,0,0)
(0,0,0)
(0,0,0)
(0,0,0)
(0,0,0)
(0,0,0)
(0,0,0)
(0,0,0)
(0,0,0)
(0,0,0)
(0,0,0)
(0,0,0)
(0,0,0)
(0,0,0)
(0,0,0)
(0,0,0)
(0,0,0)
(0,0,0)
(0,0,0)
(0,0,0)
(0,0,0)
(0,0,0)
(0,0,0)
(0,0,0)
(0,0,0)
(0,0,0)
(0,0,0)
(0,0,0)
(0,0,0)
(0,0,0)
(0,0,0)
(0,0,0)
(0,0,0)
(0,0,0)
(0,0,0)
(0,0,0)
(0,0,0)
(0,0,0)
(0,0,0)
(0,0,0)
(0,0,0)
(0,0,0)
(0,0,0)
(0,0,0)
(0,0,0)
(0,0,0)
(0,0,0)
(0,0,0)
(0,0,0)
(0,0,0)
(0,0,0)
(0,0,0)
(0,0,0)
(0,0,0)
(0,0,0)
(0,0,0)
(0,0,0)
(0,0,0)
(0,0,0)
(0,0,0)
(0,0,0)
(0,0,0)
(0,0,0)
(0,0,0)
(0,0,0)
(0,0,0)
(0,0,0)
(0,0,0)
(0,0,0)
(0,0,0)
(0,0,0)
(0,0,0)
(0,0,0)
(0,0,0)
(0,0,0)
(0,0,0)
(0,0,0)
(0,0,0)
(0,0,0)
(0,0,0)
(0,0,0)
(0,0,0)
(0,0,0)
(0,0,0)
(0,0,0)
(0,0,0)
(0,0,0)
(0,0,0)
(0,0,0)
(0,0,0)
(0,0,0)
(0,0,0)
(0,0,0)
(0,0,0)
(0,0,0)
(0,0,0)
(0,0,0)
(0,0,0)
(0,0,0)
(0,0,0)
(0,0,0)
(0,0,0)
(0,0,0)
(0,0,0)
(0,0,0)
(0,0,0)
(0,0,0)
(0,0,0)
(0,0,0)
(0,0,0)
(0,0,0)
(0,0,0)
(0,0,0)
(0,0,0)
(0,0,0)
(0,0,0)
(0,0,0)
(0,0,0)
(0,0,0)
(0,0,0)
(0,0,0)
(0,0,0)
(0,0,0)
(0,0,0)
(0,0,0)
(0,0,0)
(0,0,0)
(0,0,0)
(0,0,0)
(0,0,0)
(0,0,0)
(0,0,0)
(0,0,0)
(0,0,0)
(0,0,0)
(0,0,0)
(0,0,0)
(0,0,0)
(0,0,0)
(0,0,0)
(0,0,0)
(0,0,0)
(0,0,0)
(0,0,0)
(0,0,0)
(0,0,0)
(0,0,0)
(0,0,0)
(0,0,0)
(0,0,0)
(0,0,0)
(0,0,0)
(0,0,0)
(0,0,0)
(0,0,0)
(0,0,0)
(0,0,0)
(0,0,0)
(0,0,0)
(0,0,0)
(0,0,0)
(0,0,0)
(0,0,0)
(0,0,0)
(0,0,0)
(0,0,0)
(0,0,0)
(0,0,0)
(0,0,0)
(0,0,0)
(0,0,0)
(0,0,0)
(0,0,0)
(0,0,0)
(0,0,0)
(0,0,0)
(0,0,0)
(0,0,0)
(0,0,0)
(0,0,0)
(0,0,0)
(0,0,0)
(0,0,0)
(0,0,0)
(0,0,0)
(0,0,0)
(0,0,0)
(0,0,0)
(0,0,0)
(0,0,0)
(0,0,0)
(0,0,0)
(0,0,0)
(0,0,0)
(0,0,0)
(0,0,0)
(0,0,0)
(0,0,0)
(0,0,0)
(0,0,0)
(0,0,0)
(0,0,0)
(0,0,0)
(0,0,0)
(0,0,0)
(0,0,0)
(0,0,0)
(0,0,0)
(0,0,0)
(0,0,0)
(0,0,0)
(0,0,0)
(0,0,0)
(0,0,0)
(0,0,0)
(0,0,0)
(0,0,0)
(0,0,0)
(0,0,0)
(0,0,0)
(0,0,0)
(0,0,0)
(0,0,0)
(0,0,0)
(0,0,0)
(0,0,0)
(0,0,0)
(0,0,0)
(0,0,0)
(0,0,0)
(0,0,0)
(0,0,0)
(0,0,0)
(0,0,0)
(0,0,0)
(0,0,0)
(0,0,0)
(0,0,0)
(0,0,0)
(0,0,0)
(0,0,0)
(0,0,0)
(0,0,0)
(0,0,0)
(0,0,0)
(0,0,0)
(0,0,0)
(0,0,0)
(0,0,0)
(0,0,0)
(0,0,0)
(0,0,0)
(0,0,0)
(0,0,0)
(0,0,0)
(0,0,0)
(0,0,0)
(0,0,0)
(0,0,0)
(0,0,0)
(0,0,0)
(0,0,0)
(0,0,0)
(0,0,0)
(0,0,0)
(0,0,0)
(0,0,0)
(0,0,0)
(0,0,0)
(0,0,0)
(0,0,0)
(0,0,0)
(0,0,0)
(0,0,0)
(0,0,0)
(0,0,0)
(0,0,0)
(0,0,0)
(0,0,0)
(0,0,0)
(0,0,0)
(0,0,0)
(0,0,0)
(0,0,0)
(0,0,0)
(0,0,0)
(0,0,0)
(0,0,0)
(0,0,0)
(0,0,0)
(0,0,0)
(0,0,0)
(0,0,0)
(0,0,0)
(0,0,0)
(0,0,0)
(0,0,0)
(0,0,0)
(0,0,0)
(0,0,0)
(0,0,0)
(0,0,0)
(0,0,0)
(0,0,0)
(0,0,0)
(0,0,0)
(0,0,0)
(0,0,0)
(0,0,0)
(0,0,0)
(0,0,0)
(0,0,0)
(0,0,0)
(0,0,0)
(0,0,0)
(0,0,0)
(0,0,0)
(0,0,0)
(0,0,0)
(0,0,0)
(0,0,0)
(0,0,0)
(0,0,0)
(0,0,0)
(0,0,0)
(0,0,0)
(0,0,0)
(0,0,0)
(0,0,0)
(0,0,0)
(0,0,0)
(0,0,0)
(0,0,0)
(0,0,0)
(0,0,0)
(0,0,0)
(0,0,0)
(0,0,0)
(0,0,0)
(0,0,0)
(0,0,0)
(0,0,0)
(0,0,0)
(0,0,0)
(0,0,0)
(0,0,0)
(0,0,0)
(0,0,0)
(0,0,0)
(0,0,0)
(0,0,0)
(0,0,0)
(0,0,0)
(0,0,0)
(0,0,0)
(0,0,0)
(0,0,0)
(0,0,0)
(0,0,0)
(0,0,0)
(0,0,0)
(0,0,0)
(0,0,0)
(0,0,0)
(0,0,0)
(0,0,0)
(0,0,0)
(0,0,0)
(0,0,0)
(0,0,0)
(0,0,0)
(0,0,0)
(0,0,0)
(0,0,0)
(0,0,0)
(0,0,0)
(0,0,0)
(0,0,0)
(0,0,0)
(0,0,0)
(0,0,0)
(0,0,0)
(0,0,0)
(0,0,0)
(0,0,0)
(0,0,0)
(0,0,0)
(0,0,0)
(0,0,0)
(0,0,0)
(0,0,0)
(0,0,0)
(0,0,0)
(0,0,0)
(0,0,0)
(0,0,0)
(0,0,0)
(0,0,0)
(0,0,0)
(0,0,0)
(0,0,0)
(0,0,0)
(0,0,0)
(0,0,0)
(0,0,0)
(0,0,0)
(0,0,0)
(0,0,0)
(0,0,0)
(0,0,0)
(0,0,0)
(0,0,0)
(0,0,0)
(0,0,0)
(0,0,0)
(0,0,0)
(0,0,0)
(0,0,0)
(0,0,0)
(0,0,0)
(0,0,0)
(0,0,0)
(0,0,0)
(0,0,0)
(0,0,0)
(0,0,0)
(0,0,0)
(0,0,0)
(0,0,0)
(0,0,0)
(0,0,0)
(0,0,0)
(0,0,0)
(0,0,0)
(0,0,0)
(0,0,0)
(0,0,0)
(0,0,0)
(0,0,0)
(0,0,0)
(0,0,0)
(0,0,0)
(0,0,0)
(0,0,0)
(0,0,0)
(0,0,0)
(0,0,0)
(0,0,0)
(0,0,0)
(0,0,0)
(0,0,0)
(0,0,0)
(0,0,0)
(0,0,0)
(0,0,0)
(0,0,0)
(0,0,0)
(0,0,0)
(0,0,0)
(0,0,0)
(0,0,0)
(0,0,0)
(0,0,0)
(0,0,0)
(0,0,0)
(0,0,0)
(0,0,0)
(0,0,0)
(0,0,0)
(0,0,0)
(0,0,0)
(0,0,0)
(0,0,0)
(0,0,0)
(0,0,0)
(0,0,0)
(0,0,0)
(0,0,0)
(0,0,0)
(0,0,0)
(0,0,0)
(0,0,0)
(0,0,0)
(0,0,0)
(0,0,0)
(0,0,0)
(0,0,0)
(0,0,0)
(0,0,0)
(0,0,0)
(0,0,0)
(0,0,0)
(0,0,0)
(0,0,0)
(0,0,0)
(0,0,0)
(0,0,0)
(0,0,0)
(0,0,0)
(0,0,0)
(0,0,0)
(0,0,0)
(0,0,0)
(0,0,0)
(0,0,0)
(0,0,0)
(0,0,0)
(0,0,0)
(0,0,0)
(0,0,0)
(0,0,0)
(0,0,0)
(0,0,0)
(0,0,0)
(0,0,0)
(0,0,0)
(0,0,0)
(0,0,0)
(0,0,0)
(0,0,0)
(0,0,0)
(0,0,0)
(0,0,0)
(0,0,0)
