(0,0,0)
(0,0,0)
(0,0,0)
(0,0,0)
(0,0,0)
(0,0,0)
(0,0,0)
(0,0,0)
(0,0,0)
(0,0,0)
(0,0,0)
(0,0,0)
(0,0,0)
(0,0,0)
(0,0,0)
(0,0,0)
(0,0,0)
(0,0,0)
(0,0,0)
(0,0,0)
(0,0,0)
(0,0,0)
(0,0,0)
(0,0,0)
(0,0,0)
(0,0,0)
(0,0,0)
(0,0,0)
(0,0,0)
(0,0,0)
(0,0,0)
(0,0,0)
(0,0,0)
(0,0,0)
(0,0,0)
(0,0,0)
(0,0,0)
(0,0,0)
(0,0,0)
(0,0,0)
(0,0,0)
(0,0,0)
(0,0,0)
(0,0,0)
(0,0,0)
(0,0,0)
(0,0,0)
(0,0,0)
(0,0,0)
(0,0,0)
(0,0,0)
(0,0,0)
(0,0,0)
(0,0,0)
(0,0,0)
(0,0,0)
(0,0,0)
(0,0,0)
(0,0,0)
(0,0,0)
(0,0,0)
(0,0,0)
(0,0,0)
(0,0,0)
(0,0,0)
(0,0,0)
(0,0,0)
(0,0,0)
(0,0,0)
(0,0,0)
(0,0,0)
(0,0,0)
(0,0,0)
(0,0,0)
(0,0,0)
(0,0,0)
(0,0,0)
(0,0,0)
(0,0,0)
(0,0,0)
(0,0,0)
(0,0,0)
(0,0,0)
(0,0,0)
(0,0,0)
(0,0,0)
(0,0,0)
(0,0,0)
(0,0,0)
(0,0,0)
(0,0,0)
(0,0,0)
(0,0,0)
(0,0,0)
(0,0,0)
(0,0,0)
(0,0,0)
(0,0,0)
(0,0,0)
(0,0,0)
(0,0,0)
(0,0,0)
(0,0,0)
(0,0,0)
(0,0,0)
(0,0,0)
(0,0,0)
(0,0,0)
(0,0,0)
(0,0,0)
(0,0,0)
(0,0,0)
(0,0,0)
(0,0,0)
(0,0,0)
(0,0,0)
(0,0,0)
(0,0,0)
(0,0,0)
(0,0,0)
(0,0,0)
(0,0,0)
(0,0,0)
(0,0,0)
(0,0,0)
(0,0,0)
(0,0,0)
(0,0,0)
(0,0,0)
(0,0,0)
(0,0,0)
(0,0,0)
(0,0,0)
(0,0,0)
(0,0,0)
(0,0,0)
(0,0,0)
(0,0,0)
(0,0,0)
(0,0,0)
(0,0,0)
(0,0,0)
(0,0,0)
(0,0,0)
(0,0,0)
(0,0,0)
(0,0,0)
(0,0,0)
(0,0,0)
(0,0,0)
(0,0,0)
(0,0,0)
(0,0,0)
(0,0,0)
(0,0,0)
(0,0,0)
(0,0,0)
(0,0,0)
(0,0,0)
(0,0,0)
(0,0,0)
(0,0,0)
(0,0,0)
(0,0,0)
(0,0,0)
(0,0,0)
(0,0,0)
(0,0,0)
(0,0,0)
(0,0,0)
(0,0,0)
(0,0,0)
(0,0,0)
(0,0,0)
(0,0,0)
(0,0,0)
(0,0,0)
(0,0,0)
(0,0,0)
(0,0,0)
(0,0,0)
(0,0,0)
(0,0,0)
(0,0,0)
(0,0,0)
(0,0,0)
(0,0,0)
(0,0,0)
(0,0,0)
(0,0,0)
(0,0,0)
(0,0,0)
(0,0,0)
(0,0,0)
(0,0,0)
(0,0,0)
(0,0,0)
(0,0,0)
(0,0,0)
(0,0,0)
(0,0,0)
(0,0,0)
(0,0,0)
(0,0,0)
(0,0,0)
(0,0,0)
(0,0,0)
(0,0,0)
(0,0,0)
(0,0,0)
(0,0,0)
(0,0,0)
(0,0,0)
(0,0,0)
(0,0,0)
(0,0,0)
(0,0,0)
(0,0,0)
(0,0,0)
(0,0,0)
(0,0,0)
(0,0,0)
(0,0,0)
(0,0,0)
(0,0,0)
(0,0,0)
(0,0,0)
(0,0,0)
(0,0,0)
(0,0,0)
(0,0,0)
(0,0,0)
(0,0,0)
(0,0,0)
(0,0,0)
(0,0,0)
(0,0,0)
(0,0,0)
(0,0,0)
(0,0,0)
(0,0,0)
(0,0,0)
(0,0,0)
(0,0,0)
(0,0,0)
(0,0,0)
(0,0,0)
(0,0,0)
(0,0,0)
(0,0,0)
(0,0,0)
(0,0,0)
(0,0,0)
(0,0,0)
(0,0,0)
(0,0,0)
(0,0,0)
(0,0,0)
(0,0,0)
(0,0,0)
(0,0,0)
(0,0,0)
(0,0,0)
(0,0,0)
(0,0,0)
(0,0,0)
(0,0,0)
(0,0,0)
(0,0,0)
(0,0,0)
(0,0,0)
(0,0,0)
(0,0,0)
(0,0,0)
(0,0,0)
(0,0,0)
(0,0,0)
(0,0,0)
(0,0,0)
(0,0,0)
(0,0,0)
(0,0,0)
(0,0,0)
(0,0,0)
(0,0,0)
(0,0,0)
(0,0,0)
(0,0,0)
(0,0,0)
(0,0,0)
(0,0,0)
(0,0,0)
(0,0,0)
(0,0,0)
(0,0,0)
(0,0,0)
(0,0,0)
(0,0,0)
(0,0,0)
(0,0,0)
(0,0,0)
(0,0,0)
(0,0,0)
(0,0,0)
(0,0,0)
(0,0,0)
(0,0,0)
(0,0,0)
(0,0,0)
(0,0,0)
(0,0,0)
(0,0,0)
(0,0,0)
(0,0,0)
(0,0,0)
(0,0,0)
(0,0,0)
(0,0,0)
(0,0,0)
(0,0,0)
(0,0,0)
(0,0,0)
(0,0,0)
(0,0,0)
(0,0,0)
(0,0,0)
(0,0,0)
(0,0,0)
(0,0,0)
(0,0,0)
(0,0,0)
(0,0,0)
(0,0,0)
(0,0,0)
(0,0,0)
(0,0,0)
(0,0,0)
(0,0,0)
(0,0,0)
(0,0,0)
(0,0,0)
(0,0,0)
(0,0,0)
(0,0,0)
(0,0,0)
(0,0,0)
(0,0,0)
(0,0,0)
(0,0,0)
(0,0,0)
(0,0,0)
(0,0,0)
(0,0,0)
(0,0,0)
(0,0,0)
(0,0,0)
(0,0,0)
(0,0,0)
(0,0,0)
(0,0,0)
(0,0,0)
(0,0,0)
(0,0,0)
(0,0,0)
(0,0,0)
(0,0,0)
(0,0,0)
(0,0,0)
(0,0,0)
(0,0,0)
(0,0,0)
(0,0,0)
(0,0,0)
(0,0,0)
(0,0,0)
(0,0,0)
(0,0,0)
(0,0,0)
(0,0,0)
(0,0,0)
(0,0,0)
(0,0,0)
(0,0,0)
(0,0,0)
(0,0,0)
(0,0,0)
(0,0,0)
(0,0,0)
(0,0,0)
(0,0,0)
(0,0,0)
(0,0,0)
(0,0,0)
(0,0,0)
(0,0,0)
(0,0,0)
(0,0,0)
(0,0,0)
(0,0,0)
(0,0,0)
(0,0,0)
(0,0,0)
(0,0,0)
(0,0,0)
(0,0,0)
(0,0,0)
(0,0,0)
(0,0,0)
(0,0,0)
(0,0,0)
(0,0,0)
(0,0,0)
(0,0,0)
(0,0,0)
(0,0,0)
(0,0,0)
(0,0,0)
(0,0,0)
(0,0,0)
(0,0,0)
(0,0,0)
(0,0,0)
(0,0,0)
(0,0,0)
(0,0,0)
(0,0,0)
(0,0,0)
(0,0,0)
(0,0,0)
(0,0,0)
(0,0,0)
(0,0,0)
(0,0,0)
(0,0,0)
(0,0,0)
(0,0,0)
(0,0,0)
(0,0,0)
(0,0,0)
(0,0,0)
(0,0,0)
(0,0,0)
(0,0,0)
(0,0,0)
(0,0,0)
(0,0,0)
(0,0,0)
(0,0,0)
(0,0,0)
(0,0,0)
(0,0,0)
(0,0,0)
(0,0,0)
(0,0,0)
(0,0,0)
(0,0,0)
(0,0,0)
(0,0,0)
(0,0,0)
(0,0,0)
(0,0,0)
(0,0,0)
(0,0,0)
(0,0,0)
(0,0,0)
(0,0,0)
(0,0,0)
(0,0,0)
(0,0,0)
(0,0,0)
(0,0,0)
(0,0,0)
(0,0,0)
(0,0,0)
(0,0,0)
(0,0,0)
(0,0,0)
(0,0,0)
(0,0,0)
(0,0,0)
(0,0,0)
(0,0,0)
(0,0,0)
(0,0,0)
(0,0,0)
(0,0,0)
(0,0,0)
(0,0,0)
(0,0,0)
(0,0,0)
(0,0,0)
(0,0,0)
(0,0,0)
(0,0,0)
(0,0,0)
(0,0,0)
(0,0,0)
(0,0,0)
(0,0,0)
(0,0,0)
(0,0,0)
(0,0,0)
(0,0,0)
(0,0,0)
(0,0,0)
(0,0,0)
(0,0,0)
(0,0,0)
(0,0,0)
(0,0,0)
(0,0,0)
(0,0,0)
(0,0,0)
(0,0,0)
(0,0,0)
(0,0,0)
(0,0,0)
(0,0,0)
(0,0,0)
(0,0,0)
(0,0,0)
(0,0,0)
(0,0,0)
(0,0,0)
(0,0,0)
(0,0,0)
(0,0,0)
(0,0,0)
(0,0,0)
(0,0,0)
(0,0,0)
(0,0,0)
(0,0,0)
(0,0,0)
(0,0,0)
(0,0,0)
(0,0,0)
(0,0,0)
(0,0,0)
(0,0,0)
(0,0,0)
(0,0,0)
(0,0,0)
(0,0,0)
(0,0,0)
(0,0,0)
(0,0,0)
(0,0,0)
(0,0,0)
(0,0,0)
(0,0,0)
(0,0,0)
(0,0,0)
(0,0,0)
(0,0,0)
(0,0,0)
(0,0,0)
(0,0,0)
(0,0,0)
(0,0,0)
(0,0,0)
(0,0,0)
(0,0,0)
(0,0,0)
(0,0,0)
(0,0,0)
(0,0,0)
(0,0,0)
(0,0,0)
(0,0,0)
(0,0,0)
(0,0,0)
(0,0,0)
(0,0,0)
(0,0,0)
(0,0,0)
(0,0,0)
(0,0,0)
(0,0,0)
(0,0,0)
(0,0,0)
(0,0,0)
(0,0,0)
(0,0,0)
(0,0,0)
(0,0,0)
(0,0,0)
(0,0,0)
(0,0,0)
(0,0,0)
(0,0,0)
(0,0,0)
(0,0,0)
(0,0,0)
(0,0,0)
(0,0,0)
(0,0,0)
(0,0,0)
(0,0,0)
(0,0,0)
(0,0,0)
(0,0,0)
(0,0,0)
(0,0,0)
(0,0,0)
(0,0,0)
(0,0,0)
(0,0,0)
(0,0,0)
(0,0,0)
(0,0,0)
(0,0,0)
(0,0,0)
(0,0,0)
(0,0,0)
(0,0,0)
(0,0,0)
(0,0,0)
(0,0,0)
(0,0,0)
(0,0,0)
(0,0,0)
(0,0,0)
(0,0,0)
(0,0,0)
(0,0,0)
(0,0,0)
(0,0,0)
(0,0,0)
(0,0,0)
(0,0,0)
(0,0,0)
(0,0,0)
(0,0,0)
(0,0,0)
(0,0,0)
(0,0,0)
(0,0,0)
(0,0,0)
(0,0,0)
(0,0,0)
(0,0,0)
(0,0,0)
(0,0,0)
(0,0,0)
(0,0,0)
(0,0,0)
(0,0,0)
(0,0,0)
(0,0,0)
(0,0,0)
(0,0,0)
(0,0,0)
(0,0,0)
(0,0,0)
(0,0,0)
(0,0,0)
(0,0,0)
(0,0,0)
(0,0,0)
(0,0,0)
(0,0,0)
(0,0,0)
(0,0,0)
(0,0,0)
(0,0,0)
(0,0,0)
(0,0,0)
(0,0,0)
(0,0,0)
(0,0,0)
(0,0,0)
(0,0,0)
(0,0,0)
(0,0,0)
(0,0,0)
(0,0,0)
(0,0,0)
(0,0,0)
(0,0,0)
(0,0,0)
(0,0,0)
(0,0,0)
(0,0,0)
(0,0,0)
(0,0,0)
(0,0,0)
(0,0,0)
(0,0,0)
(0,0,0)
(0,0,0)
(0,0,0)
(0,0,0)
(0,0,0)
(0,0,0)
(0,0,0)
(0,0,0)
(0,0,0)
(0,0,0)
(0,0,0)
(0,0,0)
(0,0,0)
(0,0,0)
(0,0,0)
(0,0,0)
(0,0,0)
(0,0,0)
(0,0,0)
(0,0,0)
(0,0,0)
(0,0,0)
(0,0,0)
(0,0,0)
(0,0,0)
(0,0,0)
(0,0,0)
(0,0,0)
(0,0,0)
(0,0,0)
(0,0,0)
(0,0,0)
(0,0,0)
(0,0,0)
(0,0,0)
(0,0,0)
(0,0,0)
(0,0,0)
(0,0,0)
(0,0,0)
(0,0,0)
(0,0,0)
(0,0,0)
(0,0,0)
(0,0,0)
(0,0,0)
(0,0,0)
(0,0,0)
(0,0,0)
(0,0,0)
(0,0,0)
(0,0,0)
(0,0,0)
(0,0,0)
(0,0,0)
(0,0,0)
(0,0,0)
(0,0,0)
(0,0,0)
(0,0,0)
(0,0,0)
(0,0,0)
(0,0,0)
(0,0,0)
(0,0,0)
(0,0,0)
(0,0,0)
(0,0,0)
(0,0,0)
(0,0,0)
(0,0,0)
(0,0,0)
(0,0,0)
(0,0,0)
(0,0,0)
(0,0,0)
(0,0,0)
(0,0,0)
(0,0,0)
(0,0,0)
(0,0,0)
(0,0,0)
(0,0,0)
(0,0,0)
(0,0,0)
(0,0,0)
(0,0,0)
(0,0,0)
(0,0,0)
(0,0,0)
(0,0,0)
(0,0,0)
(0,0,0)
(0,0,0)
(0,0,0)
(0,0,0)
(0,0,0)
(0,0,0)
(0,0,0)
(0,0,0)
(0,0,0)
(0,0,0)
(0,0,0)
(0,0,0)
(0,0,0)
(0,0,0)
(0,0,0)
(0,0,0)
(0,0,0)
(0,0,0)
(0,0,0)
(0,0,0)
(0,0,0)
(0,0,0)
(0,0,0)
(0,0,0)
(0,0,0)
(0,0,0)
(0,0,0)
(0,0,0)
(0,0,0)
(0,0,0)
(0,0,0)
(0,0,0)
(0,0,0)
(0,0,0)
(0,0,0)
(0,0,0)
(0,0,0)
(0,0,0)
(-197113.368571768,104794.663429183,92318.7051425843)
(-208399.563787072,100491.85289333,200226.416036324)
(-234622.526742174,91518.2714331366,343330.671345357)
(-284228.007933904,77409.9055130896,550148.773766185)
(-373756.890301159,58325.1172789616,865580.546788377)
(-534447.279504848,36342.8231059574,1363685.00318727)
(-825330.88032102,16369.7742008886,2172646.10930744)
(-1351024.85547333,4126.69364382557,3519544.27113694)
(-2228228.35674259,64.1887485462507,5747708.43913095)
(-3104566.69584138,-261.158419386644,8852536.29339177)
(0,0,0)
(0,0,0)
(0,0,0)
(0,0,0)
(0,0,0)
(0,0,0)
(-208401.581011549,225158.889788374,88037.3546523573)
(-219808.232425734,217049.611670187,191287.828301235)
(-246471.119882797,200008.49967879,329268.719938377)
(-297252.394148961,172773.407922554,531157.611677875)
(-389249.964094411,135033.435910573,843699.257140673)
(-553808.614306361,90111.89250909,1343738.80204389)
(-847922.13877471,47639.1887010911,2160391.52631839)
(-1371658.4129744,20741.526665687,3515435.10627087)
(-2241997.30924381,10171.5930744082,5747325.01118889)
(-3110980.7686169,5232.12519413599,8852812.49619211)
(0,0,0)
(0,0,0)
(0,0,0)
(0,0,0)
(0,0,0)
(0,0,0)
(-234330.907141497,379599.223101516,79890.573828355)
(-245947.758957697,368708.487905139,174179.456551105)
(-273445.453651745,345619.039803685,302014.370077961)
(-326762.444904923,308054.78331239,493495.439593049)
(-424647.419746681,254301.83826647,798874.456983819)
(-599421.953011026,187093.001698965,1301315.30080498)
(-903659.096012828,119095.133723756,2133518.45179516)
(-1422981.96496203,72397.3652371508,3504844.57818568)
(-2275034.83049326,47716.2608871002,5742334.74086627)
(-3125922.51909501,25885.9199562489,8847603.46519924)
(0,0,0)
(0,0,0)
(0,0,0)
(0,0,0)
(0,0,0)
(0,0,0)
(-282747.181209869,593418.916744969,68927.4875664155)
(-294554.605008194,581267.692119098,150922.888360652)
(-323091.984877581,555369.241950709,264264.6710912)
(-380114.85460429,512688.776665988,439745.532341879)
(-487730.83372555,450027.774548247,731750.42978567)
(-682087.674344099,367577.977833133,1233353.12799559)
(-1010458.21767927,276053.868528266,2086852.61087033)
(-1522290.49139963,201324.929831662,3480215.53767543)
(-2335603.85650766,143041.739184467,5720493.91588565)
(-3152346.0914151,76982.4267235691,8821743.50053368)
(0,0,0)
(0,0,0)
(0,0,0)
(0,0,0)
(0,0,0)
(0,0,0)
(-369550.744369595,906238.103225052,56731.5578895055)
(-381311.568635109,894415.483923568,124895.334720142)
(-410405.315181989,869202.94086797,221466.950984875)
(-470515.785989036,827585.760993256,377085.752646649)
(-588158.899558926,765890.929989983,649381.496763829)
(-806775.078340773,681877.766126267,1141856.78681146)
(-1173137.88591802,578910.908735148,2012137.63252261)
(-1673543.91460055,465025.763185197,3421980.71376963)
(-2423656.29946313,334270.026249093,5654408.72616824)
(-3190545.71073378,177179.724871541,8744757.13875408)
(0,0,0)
(0,0,0)
(0,0,0)
(0,0,0)
(0,0,0)
(0,0,0)
(-526232.819482584,1387642.89044078,44828.0322668609)
(-537411.580860999,1377121.1145203,99533.9825311208)
(-565567.742941149,1354615.16669532,179689.499644924)
(-625062.689768122,1317120.64528343,315217.305122861)
(-743917.743496531,1259703.08195246,565322.896656935)
(-966680.178794394,1175002.63729728,1038878.20428031)
(-1334180.80697214,1053668.92359234,1898300.99639528)
(-1811886.04118961,883889.102416654,3291323.69835346)
(-2519002.63502731,647198.93243496,5497397.42719489)
(-3238567.89208696,345499.171778138,8567645.87237522)
(0,0,0)
(0,0,0)
(0,0,0)
(0,0,0)
(0,0,0)
(0,0,0)
(-813827.808618159,2167205.51656699,34265.1824919418)
(-823727.231967649,2158101.0248277,77012.504152212)
(-849008.543365663,2138480.24085279,142155.973360404)
(-903347.468020056,2104964.51319628,257659.573467606)
(-1013721.73206973,2050553.50490302,480530.882586773)
(-1223027.88800791,1961054.84646982,917506.561422157)
(-1567924.60971809,1810515.59685467,1728584.49787792)
(-2002287.19444907,1559955.11239839,3054805.68234524)
(-2661094.04830688,1167204.02589349,5195894.6371936)
(-3316950.27592354,635993.329906759,8222350.75498858)
(0,0,0)
(0,0,0)
(0,0,0)
(0,0,0)
(0,0,0)
(0,0,0)
(-1339822.29885317,3481909.63621027,25118.1792098753)
(-1347750.00110541,3473608.17159988,57361.0335431013)
(-1368122.51660541,3455341.50614799,108622.28485332)
(-1412297.44874387,3422714.64087849,203169.605914949)
(-1502994.71859334,3365710.07533011,391007.754081195)
(-1676982.14492511,3262071.26872465,766973.476751448)
(-1965802.96859031,3065203.15891629,1478088.88328009)
(-2317426.15881073,2693265.17149425,2662204.98299502)
(-2919089.92143468,2083660.83560083,4664838.09472237)
(-3466860.78881569,1181092.11812637,7586600.0953184)
(0,0,0)
(0,0,0)
(0,0,0)
(0,0,0)
(0,0,0)
(0,0,0)
(-2220560.17282568,5685634.98803089,16834.8210050575)
(-2225966.86611724,5677308.53096478,39101.3277573865)
(-2239824.66911254,5658285.68950212,75981.8135157543)
(-2269539.43242791,5622124.71043171,146111.176390441)
(-2329439.82974989,5553902.00541805,287359.076052421)
(-2442010.67218741,5421394.73666408,570046.280300404)
(-2631047.64988448,5160140.19289039,1106156.89621082)
(-2911916.63968362,4658643.27468609,2052695.43270261)
(-3395000.7875111,3768927.10607439,3762429.94974002)
(-3728371.25070283,2266105.84255339,6405787.47601581)
(0,0,0)
(0,0,0)
(0,0,0)
(0,0,0)
(0,0,0)
(0,0,0)
(-3100988.57549899,8778070.94908318,8552.61444669946)
(-3103699.11370246,8769420.45064356,20139.8084703438)
(-3110590.87745089,8749137.14370376,39879.2317196121)
(-3125197.39541497,8709203.8971501,77997.4404162315)
(-3154197.53576975,8631121.54092459,154975.440679487)
(-3208413.58237209,8476024.71799486,308759.04172076)
(-3303014.08945175,8167268.75994462,604644.564118274)
(-3462431.5360929,7562692.91822562,1163026.4566716)
(-3727518.52041304,6399716.26191031,2259755.82124862)
(-3753993.15130384,4139950.17844872,4139904.63665723)
(0,0,0)
(0,0,0)
(0,0,0)
(0,0,0)
(0,0,0)
(0,0,0)
(0,0,0)
(0,0,0)
(0,0,0)
(0,0,0)
(0,0,0)
(0,0,0)
(0,0,0)
(0,0,0)
(0,0,0)
(0,0,0)
(0,0,0)
(0,0,0)
(0,0,0)
(0,0,0)
(0,0,0)
(0,0,0)
(0,0,0)
(0,0,0)
(0,0,0)
(0,0,0)
(0,0,0)
(0,0,0)
(0,0,0)
(0,0,0)
(0,0,0)
(0,0,0)
(0,0,0)
(0,0,0)
(0,0,0)
(0,0,0)
(0,0,0)
(0,0,0)
(0,0,0)
(0,0,0)
(0,0,0)
(0,0,0)
(0,0,0)
(0,0,0)
(0,0,0)
(0,0,0)
(0,0,0)
(0,0,0)
(0,0,0)
(0,0,0)
(0,0,0)
(0,0,0)
(0,0,0)
(0,0,0)
(0,0,0)
(0,0,0)
(0,0,0)
(0,0,0)
(0,0,0)
(0,0,0)
(0,0,0)
(0,0,0)
(0,0,0)
(0,0,0)
(0,0,0)
(0,0,0)
(0,0,0)
(0,0,0)
(0,0,0)
(0,0,0)
(0,0,0)
(0,0,0)
(0,0,0)
(0,0,0)
(0,0,0)
(0,0,0)
(0,0,0)
(0,0,0)
(0,0,0)
(0,0,0)
(0,0,0)
(0,0,0)
(0,0,0)
(0,0,0)
(0,0,0)
(0,0,0)
(0,0,0)
(0,0,0)
(0,0,0)
(0,0,0)
(0,0,0)
(0,0,0)
(0,0,0)
(0,0,0)
(0,0,0)
(0,0,0)
(0,0,0)
(0,0,0)
(0,0,0)
(0,0,0)
(0,0,0)
(0,0,0)
(29114176.3238165,93412.313738543,80943.0931002849)
(29095251.5998355,88994.1145957613,173942.914109159)
(29051660.9474753,79594.3222979609,293710.216820719)
(28970144.2257018,64322.5626198529,460660.519792096)
(28824871.6007366,42762.1145791283,704915.013402183)
(28566449.2135139,16952.9149324499,1072710.70467793)
(28092432.8566651,-6228.45596313179,1646820.5228818)
(27155749.3699805,-16474.9571344543,2642166.35378944)
(25042183.93347,-13675.3578386005,4871074.52064244)
(19302282.3095075,-6694.8936178191,11956565.5081386)
(0,0,0)
(0,0,0)
(0,0,0)
(0,0,0)
(0,0,0)
(0,0,0)
(29094933.3984053,199182.35335273,76540.0801960224)
(29075940.839948,190872.904876582,164557.316768444)
(29031913.0500767,172964.740684221,278447.827649671)
(28948838.1061007,143179.062042648,439145.927204255)
(28799606.7402426,99562.9187461608,679133.517927275)
(28533911.6966077,44466.6348727322,1049544.58629997)
(28052608.3133217,-8141.2278395169,1636572.00530715)
(27119776.0523515,-30627.8082218006,2644935.49029562)
(25019800.9929025,-22926.0135670214,4878032.94310449)
(19292494.8311252,-9779.72785408427,11963287.2768255)
(0,0,0)
(0,0,0)
(0,0,0)
(0,0,0)
(0,0,0)
(0,0,0)
(29051107.0130184,331214.490432566,68175.0419872042)
(29032034.5632362,320136.785945256,146573.937951597)
(28987156.3601527,295943.445469877,248638.518588589)
(28900445.9107052,254654.799163409,395599.525084802)
(28740855.4582737,191197.38622992,624107.2788077)
(28453354.7801701,104413.854433009,997028.425293412)
(27944476.0514889,12245.8170217719,1614151.33215743)
(27020525.1612807,-26990.1532072914,2652651.65012732)
(24962099.5498513,-12923.6194680419,4891159.97491057)
(19268585.6374114,-577.513359930801,11973094.703137)
(0,0,0)
(0,0,0)
(0,0,0)
(0,0,0)
(0,0,0)
(0,0,0)
(28970413.431259,506678.149004898,57020.8281857474)
(28951378.6970577,494581.520670307,122287.890621808)
(28905444.5895099,468081.436409415,207258.424521763)
(28813000.030321,422263.342220163,332180.095766689)
(28634309.0059631,349569.462212628,537413.279322456)
(28297586.5318544,242853.956664025,904944.070119939)
(27704075.7447054,113322.389760459,1574978.63422363)
(26794554.5368069,50005.5342787796,2666783.01775813)
(24845457.785312,54935.5312914025,4903507.32440604)
(19223787.4166391,38746.0445784455,11973695.3576406)
(0,0,0)
(0,0,0)
(0,0,0)
(0,0,0)
(0,0,0)
(0,0,0)
(28828267.6378094,749622.240028434,44882.626024453)
(28809689.8446988,738402.509086983,95705.323500791)
(28763542.7853928,714109.065089518,161374.693473086)
(28666243.4003735,673026.504855405,259497.443702199)
(28465720.358123,610060.125654858,430772.621805183)
(28055164.4785835,521879.034484082,775453.08628795)
(27271819.6173092,417769.901860405,1511693.17018781)
(26375483.8866145,326558.775611237,2671757.22686738)
(24662586.6579761,238812.205620415,4887282.69432603)
(19157159.2857984,129071.91628433,11934896.9253149)
(0,0,0)
(0,0,0)
(0,0,0)
(0,0,0)
(0,0,0)
(0,0,0)
(28575361.5065689,1100087.22663224,33585.7865715442)
(28558049.0152803,1090850.51076724,71322.2879769229)
(28514078.5498727,1071210.99926973,120219.160209909)
(28418582.9062154,1038825.66379579,196419.504513116)
(28215783.7342269,989833.63917147,342589.612500065)
(27793495.4440438,918564.096027481,671374.027345381)
(27000224.1028871,819812.247918911,1420571.87065477)
(26143442.6903345,693343.185693515,2584103.82827537)
(24506941.8220016,505003.281276132,4777613.39481795)
(19080836.380997,267064.159754893,11805861.9774903)
(0,0,0)
(0,0,0)
(0,0,0)
(0,0,0)
(0,0,0)
(0,0,0)
(28106337.5717912,1641261.16190342,24305.7835464079)
(28091256.6305505,1634143.16992517,51674.3610974011)
(28052282.5736212,1619417.14204231,87822.2005650819)
(27965615.9075112,1596022.73875251,147306.849304031)
(27776568.7390838,1561253.35965085,271241.756898169)
(27372789.1106741,1507045.65030411,572588.303166485)
(26603422.2525678,1412548.78719405,1294150.00083232)
(25830255.783625,1244707.489453,2395887.81822582)
(24276501.8699416,909112.21990179,4539828.06057846)
(18950573.5480372,486038.612954955,11538974.8826447)
(0,0,0)
(0,0,0)
(0,0,0)
(0,0,0)
(0,0,0)
(0,0,0)
(27168789.8220723,2601129.71951287,17164.4206921417)
(27156899.7569463,2595362.46904518,36940.4627473954)
(27125863.8818927,2583609.77704634,64406.5284723046)
(27055887.7227482,2565437.666471,112451.528488656)
(26900145.2153001,2539214.46959782,216995.583875151)
(26557648.6609109,2496985.40908057,478070.118489789)
(25884244.8080037,2399868.07677504,1126348.15154176)
(25380204.0414147,2098670.55138667,2060399.98860943)
(23811559.1406128,1607647.69671714,4116860.54897364)
(18648992.2255239,919538.181602598,11053153.0652134)
(0,0,0)
(0,0,0)
(0,0,0)
(0,0,0)
(0,0,0)
(0,0,0)
(25049785.5783693,4805028.17484124,11400.8927037388)
(25041785.6673967,4799430.4348677,25225.4925942413)
(25021034.2313421,4787382.14912634,46239.3192866069)
(24975272.2412416,4766333.27580355,86177.1355115452)
(24877826.0883024,4729037.58454147,174733.20174251)
(24679535.7373809,4654918.40580132,380898.894680671)
(24322103.8511271,4488083.94628606,825176.623385162)
(23820073.3478705,4108025.43492663,1569476.85151812)
(22402561.0934202,3436315.73042244,3428892.03610861)
(17731412.352661,2240430.06999556,10133861.6435788)
(0,0,0)
(0,0,0)
(0,0,0)
(0,0,0)
(0,0,0)
(0,0,0)
(19305106.8336293,11878743.9773423,5833.88759755528)
(19301126.408192,11872842.0046052,13241.8951923532)
(19290935.3472267,11859484.5100551,25258.4088130462)
(19268946.6877742,11834123.6383843,48969.0622702503)
(19223662.0963935,11785060.2719862,100731.841889397)
(19134568.3738064,11684204.0861683,214109.304571077)
(18969623.3104801,11470026.0020821,445174.94807019)
(18653695.0477818,11024865.109565,897853.788784277)
(17732118.4759474,10127020.2431565,2233157.37891687)
(14417774.8537682,7893803.19118544,7893661.35188194)
(0,0,0)
(0,0,0)
(0,0,0)
(0,0,0)
(0,0,0)
(0,0,0)
(0,0,0)
(0,0,0)
(0,0,0)
(0,0,0)
(0,0,0)
(0,0,0)
(0,0,0)
(0,0,0)
(0,0,0)
(0,0,0)
(0,0,0)
(0,0,0)
(0,0,0)
(0,0,0)
(0,0,0)
(0,0,0)
(0,0,0)
(0,0,0)
(0,0,0)
(0,0,0)
(0,0,0)
(0,0,0)
(0,0,0)
(0,0,0)
(0,0,0)
(0,0,0)
(0,0,0)
(0,0,0)
(0,0,0)
(0,0,0)
(0,0,0)
(0,0,0)
(0,0,0)
(0,0,0)
(0,0,0)
(0,0,0)
(0,0,0)
(0,0,0)
(0,0,0)
(0,0,0)
(0,0,0)
(0,0,0)
(0,0,0)
(0,0,0)
(0,0,0)
(0,0,0)
(0,0,0)
(0,0,0)
(0,0,0)
(0,0,0)
(0,0,0)
(0,0,0)
(0,0,0)
(0,0,0)
(0,0,0)
(0,0,0)
(0,0,0)
(0,0,0)
(0,0,0)
(0,0,0)
(0,0,0)
(0,0,0)
(0,0,0)
(0,0,0)
(0,0,0)
(0,0,0)
(0,0,0)
(0,0,0)
(0,0,0)
(0,0,0)
(0,0,0)
(0,0,0)
(0,0,0)
(0,0,0)
(0,0,0)
(0,0,0)
(0,0,0)
(0,0,0)
(0,0,0)
(0,0,0)
(0,0,0)
(0,0,0)
(0,0,0)
(0,0,0)
(0,0,0)
(0,0,0)
(0,0,0)
(0,0,0)
(0,0,0)
(0,0,0)
(0,0,0)
(0,0,0)
(0,0,0)
(0,0,0)
(0,0,0)
(0,0,0)
(-507357.7754455,74016.5342045505,61872.4658303529)
(-528240.630355356,69558.1702134826,130161.426580519)
(-575578.974921131,59768.4229435165,211987.826806442)
(-661776.972181938,42944.7611156236,315319.164347611)
(-809366.290917407,17406.4994826406,446505.457292017)
(-1055656.23167567,-15657.0836043773,598622.88685901)
(-1458431.05292971,-46100.9337908826,709942.631017799)
(-2095814.55299925,-52433.6884664803,528295.143237025)
(-3009725.936568,-36017.7597020423,-869422.326249932)
(-3689360.91058791,-16473.536760722,-7346950.66862077)
(0,0,0)
(0,0,0)
(0,0,0)
(0,0,0)
(0,0,0)
(0,0,0)
(-529401.20481424,155266.741561834,57439.296635194)
(-549979.314567937,146880.427974077,120392.094163557)
(-596867.996458112,128096.306310908,195200.158103996)
(-683158.707003126,94657.8235301099,289838.809566296)
(-832973.406319025,40705.9603744515,413474.396009064)
(-1085958.33274161,-36162.5061617178,568204.748688669)
(-1498194.23935098,-116333.092568789,703594.360912075)
(-2129449.14413156,-129923.896359367,544664.666060968)
(-3026617.94600933,-80680.1803557897,-849899.073600197)
(-3695324.63945622,-33743.2214256174,-7330455.01758077)
(0,0,0)
(0,0,0)
(0,0,0)
(0,0,0)
(0,0,0)
(0,0,0)
(-578780.190217992,250482.866038353,49025.9795329372)
(-598693.842044281,239424.897241644,101564.816318884)
(-644722.261846133,214124.220684965,161770.424716561)
(-731842.638472658,167125.40987454,235946.288322902)
(-889434.188868766,84624.8947251454,336671.901887625)
(-1168522.86273388,-51389.4716625425,488131.411065306)
(-1631218.680119,-228213.259191147,690061.210068525)
(-2245878.15818142,-253031.97235366,593927.506297812)
(-3077689.27101483,-129634.204337984,-802974.748080641)
(-3711685.17243243,-45407.4667121187,-7296684.79217732)
(0,0,0)
(0,0,0)
(0,0,0)
(0,0,0)
(0,0,0)
(0,0,0)
(-667194.341970368,364534.222569318,37911.3174714478)
(-686054.733063578,352888.741134262,76235.8044731009)
(-730751.324646745,326144.655599834,114766.184487899)
(-819695.757898867,275448.936149633,153493.347205703)
(-994887.82185642,180942.699163424,200727.27135983)
(-1350500.48889695,390.092326201297,311389.628895465)
(-2044715.98369166,-318977.743075945,665300.741950249)
(-2627098.69442343,-369114.650387268,717391.551987084)
(-3205690.8292935,-127987.333594267,-718751.803378095)
(-3746824.57135269,-27927.7175818931,-7251264.66374376)
(0,0,0)
(0,0,0)
(0,0,0)
(0,0,0)
(0,0,0)
(0,0,0)
(-815808.723073556,496750.339780102,26215.1444451878)
(-833089.283565901,486813.595003738,49424.3196134878)
(-875272.700342503,464697.236607861,64042.1251135701)
(-964251.291676343,425343.831808272,58996.8222778834)
(-1160240.07329345,360024.787593614,20230.0660370056)
(-1661976.25787056,260058.044587112,-7942.24899692494)
(-3301977.78652151,146015.181429787,615217.13110098)
(-3917000.94617535,94363.2867534411,958578.9275231)
(-3456787.19974081,83033.4819101953,-618713.129491377)
(-3804398.4086407,52652.8664854719,-7223381.11834654)
(0,0,0)
(0,0,0)
(0,0,0)
(0,0,0)
(0,0,0)
(0,0,0)
(-1060765.38906547,631024.989869191,16207.146318455)
(-1075885.0172878,624037.17638897,27272.4982743874)
(-1113690.58446695,609387.235693314,24706.5343015225)
(-1196435.0723825,585781.310515054,-6358.06503446223)
(-1386981.29557335,550468.777725161,-79682.1245927448)
(-1887504.213982,497642.312455966,-121911.833662704)
(-3447792.20119317,422777.231879248,563697.320740939)
(-4011415.89522391,379908.895133775,947365.19869195)
(-3573677.48639551,274377.275645106,-649004.385873074)
(-3861886.09039452,136694.629405334,-7275968.77662833)
(0,0,0)
(0,0,0)
(0,0,0)
(0,0,0)
(0,0,0)
(0,0,0)
(-1461132.05459564,703686.744735013,9162.77229406109)
(-1473605.38327493,699778.31301934,12638.5502620573)
(-1505433.0229432,692963.579074192,1132.70421843592)
(-1577559.9972696,686195.515583778,-41750.6952964145)
(-1752499.734653,684681.932787636,-132540.47584913)
(-2242689.88572841,691724.573141603,-196788.839359202)
(-3870292.57708676,693196.746830241,520861.376117489)
(-4391006.90091359,794465.933582891,841921.92297998)
(-3750274.48478753,443985.598882781,-786555.144755327)
(-3956757.05555904,184329.704911157,-7412504.71589199)
(0,0,0)
(0,0,0)
(0,0,0)
(0,0,0)
(0,0,0)
(0,0,0)
(-2100337.04180654,481965.339685314,5203.16970147923)
(-2109720.59643228,480133.810730131,5822.92614228845)
(-2134016.16490195,478676.356819397,-5654.90403531781)
(-2190570.20766882,484702.577483842,-43349.1347452749)
(-2335340.55775806,516734.152855441,-125560.680981822)
(-2785111.16507612,618697.766086905,-195419.147167179)
(-4563261.54548304,837519.065733355,622119.788189481)
(-3718722.61511412,538348.857319443,491518.421754858)
(-3890947.16376289,198470.237730717,-1046105.01194431)
(-4103639.8341837,1851.39502777023,-7596639.74158029)
(0,0,0)
(0,0,0)
(0,0,0)
(0,0,0)
(0,0,0)
(0,0,0)
(-3017248.22807766,-939983.345065839,3337.39197105122)
(-3023334.50941618,-941497.667483369,4443.94777048694)
(-3038924.39119793,-942980.301288412,414.129191307797)
(-3073691.24302569,-940237.891405584,-11327.0168789644)
(-3153407.42658782,-925376.398245274,-23628.0501149445)
(-3344089.15432031,-890296.390249012,23345.8986949526)
(-3760951.97920142,-864686.417358394,322962.11288818)
(-3897362.9287191,-1058638.24945487,151740.397025014)
(-4255900.46549883,-1234391.18960077,-1242581.71595151)
(-4323278.79793625,-1073386.21758153,-7598298.05197191)
(0,0,0)
(0,0,0)
(0,0,0)
(0,0,0)
(0,0,0)
(0,0,0)
(-3695168.61329207,-7427194.21070647,1841.21333502489)
(-3698138.91249519,-7429093.65958527,3057.4268971184)
(-3705621.56664723,-7432259.63769614,3248.57795182824)
(-3721698.15952265,-7435634.06245623,3644.49707216566)
(-3755933.56679433,-7439381.06120932,11599.7239969923)
(-3827740.97283763,-7451112.43584739,49080.0170122771)
(-3960401.09725601,-7500345.98061915,129118.888782179)
(-4108004.80924488,-7629578.77460519,-23885.8282679687)
(-4324568.95062553,-7605808.38120017,-1081426.30932276)
(-4173431.77703646,-6524522.70074222,-6524728.29458446)
(0,0,0)
(0,0,0)
(0,0,0)
(0,0,0)
(0,0,0)
(0,0,0)
(0,0,0)
(0,0,0)
(0,0,0)
(0,0,0)
(0,0,0)
(0,0,0)
(0,0,0)
(0,0,0)
(0,0,0)
(0,0,0)
(0,0,0)
(0,0,0)
(0,0,0)
(0,0,0)
(0,0,0)
(0,0,0)
(0,0,0)
(0,0,0)
(0,0,0)
(0,0,0)
(0,0,0)
(0,0,0)
(0,0,0)
(0,0,0)
(0,0,0)
(0,0,0)
(0,0,0)
(0,0,0)
(0,0,0)
(0,0,0)
(0,0,0)
(0,0,0)
(0,0,0)
(0,0,0)
(0,0,0)
(0,0,0)
(0,0,0)
(0,0,0)
(0,0,0)
(0,0,0)
(0,0,0)
(0,0,0)
(0,0,0)
(0,0,0)
(0,0,0)
(0,0,0)
(0,0,0)
(0,0,0)
(0,0,0)
(0,0,0)
(0,0,0)
(0,0,0)
(0,0,0)
(0,0,0)
(0,0,0)
(0,0,0)
(0,0,0)
(0,0,0)
(0,0,0)
(0,0,0)
(0,0,0)
(0,0,0)
(0,0,0)
(0,0,0)
(0,0,0)
(0,0,0)
(0,0,0)
(0,0,0)
(0,0,0)
(0,0,0)
(0,0,0)
(0,0,0)
(0,0,0)
(0,0,0)
(0,0,0)
(0,0,0)
(0,0,0)
(0,0,0)
(0,0,0)
(0,0,0)
(0,0,0)
(0,0,0)
(0,0,0)
(0,0,0)
(0,0,0)
(0,0,0)
(0,0,0)
(0,0,0)
(0,0,0)
(0,0,0)
(0,0,0)
(0,0,0)
(0,0,0)
(0,0,0)
(0,0,0)
(0,0,0)
(-600045.040007338,51831.8473840872,40855.4171777513)
(-617792.475555424,47734.1493330364,82673.1130447836)
(-656937.493660268,38436.1834601397,125595.448323784)
(-725258.885367835,21512.3764521605,167564.985057521)
(-835592.072774091,-6266.57358759953,200057.340501805)
(-1005252.66194573,-46033.8836353433,195687.654407201)
(-1249123.69395504,-85903.6677757141,72283.9632082486)
(-1551466.19216019,-86044.9384832615,-386019.459147545)
(-1793263.20297301,-52846.856572834,-1549635.33616967)
(-1558257.00157831,-22409.2799142366,-3658329.96526499)
(0,0,0)
(0,0,0)
(0,0,0)
(0,0,0)
(0,0,0)
(0,0,0)
(-620109.835979837,105752.908811452,36787.5697382284)
(-636898.742259956,98045.5781882028,73395.5685750867)
(-673887.354426707,80112.1933186669,108738.916685157)
(-738577.209316008,45828.4020959121,139841.393354283)
(-843855.375762292,-15875.1899195555,160331.979129501)
(-1008635.34859972,-118831.170915151,155806.282267416)
(-1250947.83043795,-249427.755717504,72083.9612961771)
(-1544123.85985525,-246383.054398998,-352903.2070644)
(-1781382.33162889,-131755.604674053,-1519230.0733436)
(-1550929.50484043,-50112.1994298652,-3635922.28844386)
(0,0,0)
(0,0,0)
(0,0,0)
(0,0,0)
(0,0,0)
(0,0,0)
(-664127.596039297,162019.971531562,29080.3431011986)
(-679000.373128191,151992.64525606,55439.8071172494)
(-711676.4231268,127990.636496833,74515.5252197498)
(-768916.700763818,79200.6744633209,78217.3151434979)
(-863680.227382817,-20876.738511083,57464.9022490756)
(-1021731.90685741,-233431.084766783,25273.8602242188)
(-1288744.23342766,-641767.114398723,75138.7722140936)
(-1544539.19042822,-634294.190622517,-238289.0593156)
(-1752493.15893711,-257649.630501783,-1437591.1455656)
(-1533072.891147,-80541.5520600031,-3585774.07422091)
(0,0,0)
(0,0,0)
(0,0,0)
(0,0,0)
(0,0,0)
(0,0,0)
(-740149.652001546,215956.19940971,19019.0821530389)
(-752316.914888758,205837.905027273,31436.0042070129)
(-778645.515260509,181563.158730943,25757.6725866701)
(-823795.984899102,130843.358723344,-21784.784673114)
(-898086.937642609,15533.5862367896,-154995.993634798)
(-1044814.52782161,-311138.114273125,-382974.925203804)
(-1575869.72896338,-1576247.60628348,82659.3119526704)
(-1658076.13584098,-1659061.30861549,138403.871363166)
(-1685334.96506264,-379127.427796761,-1260474.19557271)
(-1497070.461886,-85539.8542353654,-3505230.00286413)
(0,0,0)
(0,0,0)
(0,0,0)
(0,0,0)
(0,0,0)
(0,0,0)
(-860500.415024334,251773.008892591,8874.88246789479)
(-869456.232459383,243962.96746351,7116.7689251454)
(-887845.045626778,226230.793577416,-24978.5206370448)
(-914460.020526837,193109.601354726,-137036.034417931)
(-933333.104901044,133159.793887925,-481569.210461474)
(-841034.316012379,34355.854517974,-1648005.12111075)
(5.27508961519717e-05,1.57045560258635e-05,-3.44339644353459e-05)
(993.696394930029,-222.748345877869,1418399.12609177)
(-1416648.89074098,-33997.2899129079,-966869.320791964)
(-1432184.47945524,-4920.4932587592,-3419702.61095402)
(0,0,0)
(0,0,0)
(0,0,0)
(0,0,0)
(0,0,0)
(0,0,0)
(-1040498.0917819,230477.325385127,1028.38622389064)
(-1046410.03063645,226145.467019879,-10629.0999838237)
(-1057529.27793278,217519.723667998,-58079.3366085622)
(-1069013.87315307,204554.820271049,-196945.75475432)
(-1055304.97099425,184778.785433895,-580241.07087941)
(-893408.274761007,142213.583510311,-1682194.73909274)
(4.81936244728945e-05,2.05090211824635e-05,-2.66800531155647e-05)
(1273.25955922572,46.689299090247,1384773.99319105)
(-1382804.3466149,97576.0788434373,-937672.515345909)
(-1431517.36756263,41713.2389494404,-3414674.97038588)
(0,0,0)
(0,0,0)
(0,0,0)
(0,0,0)
(0,0,0)
(0,0,0)
(-1291657.09866138,64346.7520116063,-3344.38256072907)
(-1295079.42938861,63514.6517197058,-19239.5211468784)
(-1300362.37327454,64236.4018195242,-71026.848967053)
(-1300317.0986879,73017.4766941858,-216732.403971892)
(-1263335.40594529,101613.041930044,-622730.989175761)
(-1047877.08317372,148995.963337935,-1824326.17155807)
(0.000130935661623453,-4.65486744225193e-05,-3.50337246611594e-05)
(1523.30038976452,1466426.53268605,1482318.72114775)
(-1479986.84769246,303064.818154595,-993457.655258474)
(-1489521.30142294,37296.4879574369,-3456276.65840261)
(0,0,0)
(0,0,0)
(0,0,0)
(0,0,0)
(0,0,0)
(0,0,0)
(-1596616.9898639,-435146.628021772,-4226.67190927672)
(-1598241.60961908,-433668.302501585,-18522.704501189)
(-1599661.36276486,-426381.02699378,-62260.0778249745)
(-1593054.64895909,-398586.390997634,-188171.768842896)
(-1544987.38498989,-301549.783845395,-575362.115835631)
(-1297297.48037295,59419.3449177133,-1973599.18211858)
(1670.88420792231,1639448.10022689,1466429.02541325)
(-1464259.07088318,359377.996194405,319014.017673945)
(-1843014.19042585,-166715.325224142,-1259138.81228436)
(-1614147.38871743,-217909.785925779,-3493424.98386746)
(0,0,0)
(0,0,0)
(0,0,0)
(0,0,0)
(0,0,0)
(0,0,0)
(-1831399.80422551,-1618208.46793265,-2786.58394126977)
(-1832065.11320717,-1616566.29827994,-11157.9843719023)
(-1832142.07887758,-1609916.94653124,-34404.3771547659)
(-1827112.57952089,-1588466.38254767,-91103.0491095194)
(-1803577.13104763,-1528121.06657659,-214362.061918503)
(-1731235.90445072,-1374199.86502052,-393596.101849872)
(-1637036.77799785,-1064440.84611204,186377.643285483)
(-1875073.47631522,-1269560.77067307,-206973.042250907)
(-2016124.97767187,-1303287.20332127,-1310176.65198072)
(-1652330.71601198,-923681.172805562,-3275353.34702526)
(0,0,0)
(0,0,0)
(0,0,0)
(0,0,0)
(0,0,0)
(0,0,0)
(-1579751.56302958,-3732498.17459388,-1127.34360123308)
(-1580007.02023396,-3731421.15335023,-4404.38079216625)
(-1579974.44962399,-3727122.60311268,-12845.8412339598)
(-1577986.27866602,-3714395.02928284,-30629.0753553882)
(-1570568.50343308,-3683869.37678436,-60245.8285088792)
(-1554718.30443416,-3623793.7382338,-83674.6236990794)
(-1549555.86682571,-3540338.65711091,-18622.0431304821)
(-1633721.53655695,-3521912.82630596,-240553.260185516)
(-1656454.06563911,-3281542.84231257,-930412.506180608)
(-1324640.32865257,-2351333.63411528,-2351551.49325476)
(0,0,0)
(0,0,0)
(0,0,0)
(0,0,0)
(0,0,0)
(0,0,0)
(0,0,0)
(0,0,0)
(0,0,0)
(0,0,0)
(0,0,0)
(0,0,0)
(0,0,0)
(0,0,0)
(0,0,0)
(0,0,0)
(0,0,0)
(0,0,0)
(0,0,0)
(0,0,0)
(0,0,0)
(0,0,0)
(0,0,0)
(0,0,0)
(0,0,0)
(0,0,0)
(0,0,0)
(0,0,0)
(0,0,0)
(0,0,0)
(0,0,0)
(0,0,0)
(0,0,0)
(0,0,0)
(0,0,0)
(0,0,0)
(0,0,0)
(0,0,0)
(0,0,0)
(0,0,0)
(0,0,0)
(0,0,0)
(0,0,0)
(0,0,0)
(0,0,0)
(0,0,0)
(0,0,0)
(0,0,0)
(0,0,0)
(0,0,0)
(0,0,0)
(0,0,0)
(0,0,0)
(0,0,0)
(0,0,0)
(0,0,0)
(0,0,0)
(0,0,0)
(0,0,0)
(0,0,0)
(0,0,0)
(0,0,0)
(0,0,0)
(0,0,0)
(0,0,0)
(0,0,0)
(0,0,0)
(0,0,0)
(0,0,0)
(0,0,0)
(0,0,0)
(0,0,0)
(0,0,0)
(0,0,0)
(0,0,0)
(0,0,0)
(0,0,0)
(0,0,0)
(0,0,0)
(0,0,0)
(0,0,0)
(0,0,0)
(0,0,0)
(0,0,0)
(0,0,0)
(0,0,0)
(0,0,0)
(0,0,0)
(0,0,0)
(0,0,0)
(0,0,0)
(0,0,0)
(0,0,0)
(0,0,0)
(0,0,0)
(0,0,0)
(0,0,0)
(0,0,0)
(0,0,0)
(0,0,0)
(0,0,0)
(0,0,0)
(-654695.951984843,31628.2408964837,23022.6710810245)
(-666721.741178336,28544.1187851348,43407.8179188061)
(-692070.290392939,21438.0394984742,57102.5751529953)
(-733344.315908006,8150.38554409775,57037.620149069)
(-794100.243624619,-14592.3755029957,30138.1665025932)
(-877144.714602836,-49480.797655931,-48488.9831843722)
(-979421.619943628,-87747.5738879899,-230443.483307797)
(-1074971.04253511,-78712.0937272839,-628226.539205593)
(-1065444.81927134,-40975.4482609516,-1315069.47464633)
(-757671.231041839,-15099.7208596765,-2100555.52432312)
(0,0,0)
(0,0,0)
(0,0,0)
(0,0,0)
(0,0,0)
(0,0,0)
(-669924.56029305,61501.1694429462,19941.7957667511)
(-680462.373065913,55755.716184951,36293.8291728827)
(-702191.148287377,42162.5510002287,43873.1115317968)
(-736257.426459209,15359.4085481486,34344.3056709518)
(-783602.390095472,-35821.7405900972,-4679.31490876885)
(-843998.770736321,-132034.184022166,-86762.5064059262)
(-916728.835392677,-287290.285294689,-221438.790044495)
(-1006863.43823878,-246843.423813919,-590567.881574312)
(-1020779.85310264,-102896.189501411,-1289249.61886012)
(-737541.812350646,-32268.55799432,-2085468.47421522)
(0,0,0)
(0,0,0)
(0,0,0)
(0,0,0)
(0,0,0)
(0,0,0)
(-702588.07248773,85781.7177326321,14179.9281587474)
(-710249.127672011,78496.2240480295,22688.174839495)
(-724840.020862751,60855.7484006396,17158.5751750381)
(-743886.889795157,24208.5408855538,-16720.3681310225)
(-760093.64572546,-55362.3919238144,-100766.298454664)
(-756012.038739094,-256553.780386689,-241966.570208444)
(-708141.312081894,-928856.695434541,-181003.081414342)
(-777915.519291224,-747805.410185706,-446664.766179559)
(-892907.531995995,-190477.870121253,-1218668.71250085)
(-686274.096050145,-44523.4579514075,-2053212.60764064)
(0,0,0)
(0,0,0)
(0,0,0)
(0,0,0)
(0,0,0)
(0,0,0)
(-756652.07036743,95447.5868216872,6836.54927682891)
(-760538.924457287,88533.2367579407,5021.54613544053)
(-765469.215130749,72183.1256022185,-19482.1311958984)
(-762904.472844904,40052.9138869932,-96218.0162515396)
(-728017.270749029,-19776.2802776893,-301873.794791255)
(-581718.760910409,-107304.142452277,-914219.199636875)
(2.66429002096831e-05,6.09394656852929e-06,-1.36012151386663e-05)
(250.584942752428,94.3180208711012,110635.001646663)
(-581941.700532326,-110472.204762742,-1072763.92824216)
(-584911.017051738,-20691.9529538478,-2008754.87807399)
(0,0,0)
(0,0,0)
(0,0,0)
(0,0,0)
(0,0,0)
(0,0,0)
(-836481.572012063,71558.865456852,-130.121647433104)
(-836487.148598556,66805.3151318436,-11371.2838821714)
(-831757.707340885,56365.8956375654,-51641.392203416)
(-808484.164300494,38419.1036716372,-155983.438214405)
(-730832.272657921,11066.5009501595,-389327.051685371)
(-512682.38282172,-18094.6160796856,-806888.511248592)
(-2.12311277977934e-06,2.31780013387328e-06,6.32260337320423e-05)
(5.63434736055208e-05,8.16112877777552e-06,-9.82290893072796e-07)
(510.060214004901,-307.636792210289,-983002.970230123)
(-443394.321370424,-4356.38385488756,-1988128.69741389)
(0,0,0)
(0,0,0)
(0,0,0)
(0,0,0)
(0,0,0)
(0,0,0)
(-942940.578042921,-21039.7027281382,-4958.94555398811)
(-939891.86908544,-22819.8584194495,-21851.9335537093)
(-927855.170152972,-25539.7271734984,-69620.4185224562)
(-889998.79389988,-26931.0473256292,-183285.346778376)
(-785711.399272433,-23464.2828257123,-418348.134724304)
(-528751.11243484,-12467.2117216354,-788632.70140851)
(1.47031228739951e-06,5.6399934799843e-06,4.7568780819694e-05)
(4.25323274377405e-05,1.57502952776697e-05,-2.20384096839901e-06)
(378.046549555797,171.115460827361,-986925.531928207)
(-422710.999378304,-16395.0008433517,-1983693.28312409)
(0,0,0)
(0,0,0)
(0,0,0)
(0,0,0)
(0,0,0)
(0,0,0)
(-1064938.22536658,-240960.668698489,-6797.90732445779)
(-1060139.20837945,-239988.182663469,-24569.8040895946)
(-1044100.24700778,-235354.040861597,-71017.6166682659)
(-998523.03699726,-219954.794499432,-179787.931185098)
(-879071.5514956,-180325.20527973,-407190.863180765)
(-590589.140124397,-100973.39253617,-775972.625415572)
(7.49719513833657e-06,7.68259861201973e-05,5.61515136653187e-05)
(7.41488550546974e-05,-3.69990203736212e-07,-1.34768452203883e-06)
(419.209897035467,-60267.7167673411,-1003482.01297389)
(-454712.647153447,-87461.558761744,-1967224.10932499)
(0,0,0)
(0,0,0)
(0,0,0)
(0,0,0)
(0,0,0)
(0,0,0)
(-1161486.55569882,-670205.752776366,-5885.35008720971)
(-1156401.08982987,-667759.122023328,-19954.9305165689)
(-1140277.2121954,-659067.338635909,-55625.7833117064)
(-1095673.87100353,-632839.145626196,-140122.210140504)
(-977407.035755135,-560377.419766274,-327650.344888698)
(-676404.637823048,-374933.121754048,-674583.458220731)
(8.88799072021019e-05,-2.10781189781768e-06,-6.15748106943133e-06)
(412.92577410806,-51889.0510131471,-60140.3944486566)
(-592779.763900635,-340063.454063022,-1030579.08367819)
(-596405.089545096,-256174.99689363,-1879607.94471866)
(0,0,0)
(0,0,0)
(0,0,0)
(0,0,0)
(0,0,0)
(0,0,0)
(-1131280.34707204,-1366844.93309433,-3480.27683551535)
(-1127305.66217657,-1364770.28434533,-11228.5655441218)
(-1115122.41961637,-1357963.6807516,-29351.8826896494)
(-1082169.09266705,-1339543.62285179,-67590.8923179048)
(-994198.55295267,-1295318.36482149,-142028.52535765)
(-750808.305744275,-1197950.78837595,-299438.457442176)
(641.981428065958,-977317.689935289,-51877.7995452981)
(-602156.434575976,-1028497.30320719,-348186.589090516)
(-814067.190318395,-943806.274910089,-946501.555596923)
(-635713.0862743,-596080.656757264,-1623213.52547098)
(0,0,0)
(0,0,0)
(0,0,0)
(0,0,0)
(0,0,0)
(0,0,0)
(-792143.181444082,-2153069.00537674,-1384.30930309948)
(-790074.082721495,-2151735.99418431,-4351.53697660024)
(-783973.309623718,-2147472.05513451,-10844.3025939686)
(-768418.469712698,-2136721.59923144,-23234.1351676404)
(-731121.572920472,-2113596.28540188,-44403.1450998376)
(-649093.327058294,-2069412.44808063,-78566.4627710311)
(-511428.707985691,-1991104.41890741,-102906.892638952)
(-613365.238191151,-1888425.88886723,-263334.605344723)
(-639718.095090096,-1625255.76919631,-598621.08160752)
(-465522.645192409,-1026804.97780943,-1027014.44401551)
(0,0,0)
(0,0,0)
(0,0,0)
(0,0,0)
(0,0,0)
(0,0,0)
(0,0,0)
(0,0,0)
(0,0,0)
(0,0,0)
(0,0,0)
(0,0,0)
(0,0,0)
(0,0,0)
(0,0,0)
(0,0,0)
(0,0,0)
(0,0,0)
(0,0,0)
(0,0,0)
(0,0,0)
(0,0,0)
(0,0,0)
(0,0,0)
(0,0,0)
(0,0,0)
(0,0,0)
(0,0,0)
(0,0,0)
(0,0,0)
(0,0,0)
(0,0,0)
(0,0,0)
(0,0,0)
(0,0,0)
(0,0,0)
(0,0,0)
(0,0,0)
(0,0,0)
(0,0,0)
(0,0,0)
(0,0,0)
(0,0,0)
(0,0,0)
(0,0,0)
(0,0,0)
(0,0,0)
(0,0,0)
(0,0,0)
(0,0,0)
(0,0,0)
(0,0,0)
(0,0,0)
(0,0,0)
(0,0,0)
(0,0,0)
(0,0,0)
(0,0,0)
(0,0,0)
(0,0,0)
(0,0,0)
(0,0,0)
(0,0,0)
(0,0,0)
(0,0,0)
(0,0,0)
(0,0,0)
(0,0,0)
(0,0,0)
(0,0,0)
(0,0,0)
(0,0,0)
(0,0,0)
(0,0,0)
(0,0,0)
(0,0,0)
(0,0,0)
(0,0,0)
(0,0,0)
(0,0,0)
(0,0,0)
(0,0,0)
(0,0,0)
(0,0,0)
(0,0,0)
(0,0,0)
(0,0,0)
(0,0,0)
(0,0,0)
(0,0,0)
(0,0,0)
(0,0,0)
(0,0,0)
(0,0,0)
(0,0,0)
(0,0,0)
(0,0,0)
(0,0,0)
(0,0,0)
(0,0,0)
(0,0,0)
(0,0,0)
(-681920.290700681,16254.6143770137,10969.7243388295)
(-688409.661629537,14689.6297253201,17968.0150647103)
(-701014.400595615,11223.2338179819,15688.8914494042)
(-718970.588375543,5170.87505348879,-3855.7111365512)
(-740665.203623852,-4162.16131083396,-53128.5898264851)
(-762813.780642543,-16373.0705564917,-151086.453230278)
(-779065.664100484,-25061.4076103625,-326381.001463069)
(-771670.476836085,-10617.4681539517,-619064.099008143)
(-680570.789753958,3666.99606790652,-1007605.1245934)
(-427064.241260642,5008.39144630219,-1343220.50582097)
(0,0,0)
(0,0,0)
(0,0,0)
(0,0,0)
(0,0,0)
(0,0,0)
(-691683.904470558,28625.6477449567,9388.31080956859)
(-696642.268889674,25769.5808921014,14488.2554665507)
(-705477.894488216,19312.6804446652,9685.55504071146)
(-715797.504909376,7553.09164481188,-13156.5831004491)
(-723156.508182348,-12472.4593762346,-65292.1669481678)
(-721725.771371743,-44157.1614962804,-159781.07537296)
(-710857.335950475,-78767.0612228002,-311946.921202721)
(-706657.667448858,-17919.3523615579,-604850.807785037)
(-640580.372319102,24970.5308911497,-1006353.8233918)
(-409620.543596412,18997.5211492754,-1348264.22184901)
(0,0,0)
(0,0,0)
(0,0,0)
(0,0,0)
(0,0,0)
(0,0,0)
(-711962.696750859,31496.9026393498,6503.3693687421)
(-714021.482213264,28016.2559576114,8029.04884448743)
(-715560.750514085,20042.6346823045,-1980.17574181622)
(-710273.57730146,5024.37973790577,-33064.7763286116)
(-685337.980339618,-23427.6188583921,-96865.2822322954)
(-620346.937848426,-82352.8369972194,-194334.707622036)
(-509391.411831008,-220740.896129273,-251110.772966452)
(-515330.400077797,30412.3783197391,-562027.622861178)
(-538084.243655962,120538.849352352,-1012419.22966242)
(-369240.317216771,56870.0285731468,-1367325.51591964)
(0,0,0)
(0,0,0)
(0,0,0)
(0,0,0)
(0,0,0)
(0,0,0)
(-743515.920974555,15410.2290194106,2950.52422706182)
(-741930.35230698,12358.3952024647,-0.187168093605329)
(-734075.186062561,5670.67582367148,-17022.2573776514)
(-707721.988552857,-5715.8635411658,-61464.4983906261)
(-634464.548842627,-22710.1224544381,-155734.716700979)
(-448827.714915366,-38310.2628264345,-332668.336866805)
(2.303998150964e-05,6.35251504088656e-06,1.04075477632017e-06)
(339.411715204756,16.6271087249022,-471975.9895763)
(-329180.483720958,471993.380007258,-1076191.73704258)
(-300726.629260291,120815.94356502,-1424322.03982589)
(0,0,0)
(0,0,0)
(0,0,0)
(0,0,0)
(0,0,0)
(0,0,0)
(-785721.075358834,-35190.7058976165,-159.561736195871)
(-780693.815796006,-36876.0766020003,-6718.42273427788)
(-764418.982020179,-39963.7115370997,-28422.7606942144)
(-720906.065470444,-43298.2689599136,-78418.4541055206)
(-616707.968132957,-43975.1655680417,-171277.715516878)
(-393791.19538074,-34257.7711750564,-294221.394609238)
(-1.70749764910715e-06,1.50546558783133e-06,6.15146209631169e-06)
(5.00284551019958e-05,3.52577799245913e-06,8.74625515987917e-06)
(773.325613647779,-536.445594582029,-1427407.67696599)
(-221004.108831009,16264.7814759589,-1545246.72741634)
(0,0,0)
(0,0,0)
(0,0,0)
(0,0,0)
(0,0,0)
(0,0,0)
(-832805.471095123,-143395.943058359,-1929.86978705977)
(-825471.06867988,-143375.674696509,-9851.07209811157)
(-803842.779670934,-142030.615046633,-31796.5590706221)
(-750343.269961765,-135685.025380052,-79065.3265886005)
(-630239.63545601,-117064.526041664,-161447.729931399)
(-390187.428096514,-74462.9807591752,-259806.204685608)
(1.20094468634126e-06,3.17587863459691e-06,-2.38193453957027e-11)
(3.47490147553969e-05,3.10396353003227e-06,8.20510332542572e-06)
(590.980829408156,68.0567483541935,-1410461.37879906)
(-206947.537824487,-48491.0222514659,-1561469.03662545)
(0,0,0)
(0,0,0)
(0,0,0)
(0,0,0)
(0,0,0)
(0,0,0)
(-868465.566449796,-337879.384746315,-1989.21722883453)
(-860381.853169341,-336594.640179657,-8527.60695580346)
(-837347.721030837,-331841.926797275,-25468.8211821009)
(-781905.821486858,-317375.583662528,-60395.4784100205)
(-658886.273158616,-278946.286554108,-118698.996234562)
(-411515.628534268,-187044.754218051,-185190.734365812)
(5.83089508146944e-06,5.72679277582414e-06,-2.8155226100537e-11)
(6.05683863834374e-05,3.53530280961445e-06,1.31491012364528e-05)
(565.759394372042,-653730.853377177,-1458977.80612337)
(-219986.028905219,-229301.342601039,-1512894.10402204)
(0,0,0)
(0,0,0)
(0,0,0)
(0,0,0)
(0,0,0)
(0,0,0)
(-858230.801628677,-640351.469763468,-783.669052989684)
(-850994.585019145,-638979.112783047,-3805.7012603177)
(-830767.797607077,-634167.462358076,-10989.5802878471)
(-782611.120835234,-619559.508163386,-21868.4059552805)
(-674204.953597092,-577423.989390389,-26592.7852770471)
(-442441.903786416,-449686.755385957,2086.48185423064)
(7.76173451419447e-05,1.30825482735132e-05,3.80119425275652e-06)
(349.621747362231,-654871.346399548,-653659.003317984)
(-304144.385536577,-561592.241575,-1034432.99348421)
(-281105.978762753,-295585.278254479,-1283448.1686131)
(0,0,0)
(0,0,0)
(0,0,0)
(0,0,0)
(0,0,0)
(0,0,0)
(-744101.496475794,-1028036.28820556,505.967845852699)
(-738959.473840832,-1027805.40321329,986.069940352586)
(-724940.430865397,-1027014.45584164,3651.07467293432)
(-692472.316394501,-1025982.67715788,20377.4673948992)
(-620170.468147405,-1032447.28877473,101372.68197397)
(-454666.989943537,-1096476.67687348,452021.287660744)
(639.96965794102,-1489721.34137716,-654855.90443673)
(-311651.250202021,-1039981.03143638,-560251.403773834)
(-398027.786212317,-769632.932350015,-768250.117104903)
(-285916.812075406,-425967.345725796,-987664.323832499)
(0,0,0)
(0,0,0)
(0,0,0)
(0,0,0)
(0,0,0)
(0,0,0)
(-459614.84966832,-1361257.40661939,692.786638072027)
(-457038.533913527,-1361930.22916562,1782.06378243478)
(-450219.158999147,-1363736.85304689,4750.31036310818)
(-435162.867647632,-1368550.92422979,14062.9553699423)
(-404383.812526815,-1382751.01395897,37628.9201605405)
(-346390.567293218,-1420626.50409416,59075.9876161358)
(-257159.386121478,-1479990.86856452,-204923.807060707)
(-293251.333879282,-1275298.88913865,-289719.853670304)
(-288915.523902868,-985713.583646596,-424441.773560944)
(-192941.224135933,-561407.103430158,-561583.436913066)
(0,0,0)
(0,0,0)
(0,0,0)
(0,0,0)
(0,0,0)
(0,0,0)
(0,0,0)
(0,0,0)
(0,0,0)
(0,0,0)
(0,0,0)
(0,0,0)
(0,0,0)
(0,0,0)
(0,0,0)
(0,0,0)
(0,0,0)
(0,0,0)
(0,0,0)
(0,0,0)
(0,0,0)
(0,0,0)
(0,0,0)
(0,0,0)
(0,0,0)
(0,0,0)
(0,0,0)
(0,0,0)
(0,0,0)
(0,0,0)
(0,0,0)
(0,0,0)
(0,0,0)
(0,0,0)
(0,0,0)
(0,0,0)
(0,0,0)
(0,0,0)
(0,0,0)
(0,0,0)
(0,0,0)
(0,0,0)
(0,0,0)
(0,0,0)
(0,0,0)
(0,0,0)
(0,0,0)
(0,0,0)
(0,0,0)
(0,0,0)
(0,0,0)
(0,0,0)
(0,0,0)
(0,0,0)
(0,0,0)
(0,0,0)
(0,0,0)
(0,0,0)
(0,0,0)
(0,0,0)
(0,0,0)
(0,0,0)
(0,0,0)
(0,0,0)
(0,0,0)
(0,0,0)
(0,0,0)
(0,0,0)
(0,0,0)
(0,0,0)
(0,0,0)
(0,0,0)
(0,0,0)
(0,0,0)
(0,0,0)
(0,0,0)
(0,0,0)
(0,0,0)
(0,0,0)
(0,0,0)
(0,0,0)
(0,0,0)
(0,0,0)
(0,0,0)
(0,0,0)
(0,0,0)
(0,0,0)
(0,0,0)
(0,0,0)
(0,0,0)
(0,0,0)
(0,0,0)
(0,0,0)
(0,0,0)
(0,0,0)
(0,0,0)
(0,0,0)
(0,0,0)
(0,0,0)
(0,0,0)
(0,0,0)
(0,0,0)
(-692883.847375674,6435.72781545783,4527.82885952557)
(-695619.839228356,6393.83940354586,5344.16705479621)
(-700019.427895122,6683.22714431682,-2334.03279001004)
(-704028.226076479,8300.89635367285,-25577.2914427431)
(-704179.392779886,13297.9348962887,-75361.0371829997)
(-695324.279365683,24699.297014676,-167549.835474536)
(-670459.535636563,43137.472476148,-319293.436414598)
(-617059.554234438,54372.2564783842,-528276.61549463)
(-498168.237183491,43634.7431426877,-754313.911207797)
(-287460.769696292,22438.4494200213,-916355.832192155)
(0,0,0)
(0,0,0)
(0,0,0)
(0,0,0)
(0,0,0)
(0,0,0)
(-697995.277513999,8277.21688466691,4469.883974232)
(-699688.046971084,8287.35517679242,5622.14628239516)
(-701572.148251386,9103.68784892885,-704.0606590554)
(-700580.891236476,12970.4503330288,-20590.2283113087)
(-691718.642926872,25264.578992433,-63994.737662933)
(-669092.904856616,57198.9159359869,-149127.223099377)
(-631493.38333517,122699.879288169,-308053.582526717)
(-594668.877131234,173411.077943825,-539081.194309794)
(-487859.314989932,127466.680320128,-775634.188816418)
(-283339.506984287,59380.8661386176,-938857.64214712)
(0,0,0)
(0,0,0)
(0,0,0)
(0,0,0)
(0,0,0)
(0,0,0)
(-707925.717218262,-227.548215835293,4467.78556789737)
(-707642.044572938,-59.2946287849957,6434.99773314046)
(-704611.678606128,1376.9564786971,3212.65719541247)
(-693301.44474522,7431.81662990928,-8220.84165770971)
(-663607.005105861,27317.4680603975,-32004.7059594352)
(-600693.396653937,89098.3684864326,-83557.6997043668)
(-501601.827685434,288699.183379256,-257346.587941034)
(-560319.437980911,546155.624831631,-585102.096925728)
(-481361.106077747,329485.383152085,-843843.937335888)
(-280813.887362106,125409.06815953,-998298.569211462)
(0,0,0)
(0,0,0)
(0,0,0)
(0,0,0)
(0,0,0)
(0,0,0)
(-721354.452981627,-26964.7215335171,4575.70532475077)
(-718602.791384781,-26622.5089454,7811.3587191606)
(-709248.319687722,-24869.575862362,9231.02468538172)
(-683670.9978508,-19081.7472543406,11693.5978675787)
(-620153.26617074,-5101.64845757868,29801.4317136768)
(-462637.434539695,16629.0008570131,116080.518967424)
(1.16244811414946e-05,3.16971409659374e-06,7.37483182147419e-06)
(-649880.958550826,-102.254314819521,-801906.421044637)
(-555520.703663207,801993.728842613,-1048074.54679291)
(-300081.283261876,200550.22356683,-1123861.0481986)
(0,0,0)
(0,0,0)
(0,0,0)
(0,0,0)
(0,0,0)
(0,0,0)
(-735014.068811258,-82541.4493802762,4869.72129917934)
(-730033.817725195,-81933.7505044842,9520.9647874598)
(-715159.175945585,-79629.1752657106,15020.7581162182)
(-677714.040708417,-72970.9128679341,25717.8989677915)
(-589945.941501607,-57722.1914845006,51576.4153633542)
(-394295.022176873,-30803.1993540323,99512.4423705324)
(-7.12293645385557e-07,5.34496165103987e-07,1.2333836626535e-06)
(3.30931247500195e-05,1.66596775078394e-06,1.6158442198162e-05)
(-1013061.76860063,-777.736238392998,-1649587.9504662)
(-375787.690742001,30276.0385546938,-1324530.18354306)
(0,0,0)
(0,0,0)
(0,0,0)
(0,0,0)
(0,0,0)
(0,0,0)
(-741368.975764889,-179394.249184988,5416.30447448285)
(-735160.831869608,-178616.432109309,11788.7492690428)
(-717527.323717065,-175827.235532012,21671.3535814787)
(-675102.210308906,-167521.176547679,40980.5576083613)
(-579562.643812375,-145964.551429327,78545.9259095536)
(-376863.727033324,-95944.4610054759,130363.486497808)
(2.02286510356315e-07,8.73443594022384e-07,1.82958081043399e-12)
(2.39085985477332e-05,-1.27432541633881e-06,1.37807112043673e-05)
(-958932.061265067,-51.2903421877643,-1618353.11754788)
(-378624.084438431,-61608.4922390262,-1354792.04014022)
(0,0,0)
(0,0,0)
(0,0,0)
(0,0,0)
(0,0,0)
(0,0,0)
(-726031.0804415,-327951.835518205,6123.10032493063)
(-719892.110006481,-327529.983114872,14546.9081676284)
(-703007.953674858,-325581.138324688,29961.0436043264)
(-663657.49277737,-318368.719957069,62560.2583042231)
(-576423.134989789,-294516.430259067,128648.998965136)
(-387063.1043383,-218136.922357743,226388.936121428)
(3.44556322122745e-06,1.95910633375441e-06,-2.03970082159003e-12)
(3.368163529919e-05,6.77282486760866e-06,1.88395987605987e-05)
(-1051149.48113399,-958646.846760065,-1679810.70268692)
(-377762.586338051,-290541.191536729,-1293101.44595638)
(0,0,0)
(0,0,0)
(0,0,0)
(0,0,0)
(0,0,0)
(0,0,0)
(-666084.512544704,-526580.879556716,6482.75495454836)
(-661188.93263766,-527315.302162657,16462.4216208545)
(-648374.451754281,-528691.665533288,37179.6029766563)
(-620583.44798628,-529720.921945666,86504.132116297)
(-563807.24561231,-523639.72628609,205229.720158535)
(-437947.142974014,-462191.973662286,444790.010650676)
(4.45274436382659e-05,2.51879803461203e-05,7.38235841406656e-06)
(-773222.443047378,-967220.102385796,-958442.854526898)
(-553998.978658072,-655687.01374317,-1011548.0944223)
(-280291.991487175,-300494.037724642,-1002409.23550997)
(0,0,0)
(0,0,0)
(0,0,0)
(0,0,0)
(0,0,0)
(0,0,0)
(-532571.298804289,-743789.786349461,5678.70912123495)
(-529512.483483897,-746130.809636552,15047.2262381933)
(-522210.832555019,-752538.088651165,36164.0510456965)
(-509798.210574977,-768913.326859069,92682.3501395763)
(-501175.735710235,-816869.264721966,266917.156138285)
(-568938.354774352,-988394.750156148,907391.297462947)
(-1176761.57284885,-1747780.10477135,-967234.439408262)
(-577571.773079121,-1021780.34964055,-646753.669276402)
(-383579.663134148,-660670.127947988,-656218.67814976)
(-207788.074365212,-333054.089134046,-701787.364450548)
(0,0,0)
(0,0,0)
(0,0,0)
(0,0,0)
(0,0,0)
(0,0,0)
(-304862.32768881,-901825.038078784,3282.72974981564)
(-303451.095984139,-905060.572245788,8625.0544296691)
(-300275.663058509,-913702.252574415,19845.7224122812)
(-295501.42785895,-933593.766609987,44864.7223745175)
(-293437.3969625,-978592.940661348,95641.9827495778)
(-312976.378141182,-1074478.87035864,148311.913800041)
(-392505.924897778,-1223069.97488346,-241051.677311547)
(-288441.844458392,-982219.935277047,-285421.581095941)
(-209553.471911673,-696960.324751918,-328493.436283201)
(-117218.655886812,-368587.003249955,-368683.090416413)
(0,0,0)
(0,0,0)
(0,0,0)
(0,0,0)
(0,0,0)
(0,0,0)
(0,0,0)
(0,0,0)
(0,0,0)
(0,0,0)
(0,0,0)
(0,0,0)
(0,0,0)
(0,0,0)
(0,0,0)
(0,0,0)
(0,0,0)
(0,0,0)
(0,0,0)
(0,0,0)
(0,0,0)
(0,0,0)
(0,0,0)
(0,0,0)
(0,0,0)
(0,0,0)
(0,0,0)
(0,0,0)
(0,0,0)
(0,0,0)
(0,0,0)
(0,0,0)
(0,0,0)
(0,0,0)
(0,0,0)
(0,0,0)
(0,0,0)
(0,0,0)
(0,0,0)
(0,0,0)
(0,0,0)
(0,0,0)
(0,0,0)
(0,0,0)
(0,0,0)
(0,0,0)
(0,0,0)
(0,0,0)
(0,0,0)
(0,0,0)
(0,0,0)
(0,0,0)
(0,0,0)
(0,0,0)
(0,0,0)
(0,0,0)
(0,0,0)
(0,0,0)
(0,0,0)
(0,0,0)
(0,0,0)
(0,0,0)
(0,0,0)
(0,0,0)
(0,0,0)
(0,0,0)
(0,0,0)
(0,0,0)
(0,0,0)
(0,0,0)
(0,0,0)
(0,0,0)
(0,0,0)
(0,0,0)
(0,0,0)
(0,0,0)
(0,0,0)
(0,0,0)
(0,0,0)
(0,0,0)
(0,0,0)
(0,0,0)
(0,0,0)
(0,0,0)
(0,0,0)
(0,0,0)
(0,0,0)
(0,0,0)
(0,0,0)
(0,0,0)
(0,0,0)
(0,0,0)
(0,0,0)
(0,0,0)
(0,0,0)
(0,0,0)
(0,0,0)
(0,0,0)
(0,0,0)
(0,0,0)
(0,0,0)
(0,0,0)
(-696020.692250811,1255.54969883604,1881.29517630739)
(-696981.689354519,2268.293414566,974.851887904681)
(-697814.974477356,5114.73732461369,-6344.33885447981)
(-696399.626906781,11764.5424539747,-25737.4804781522)
(-689076.702918913,25729.5928416323,-66569.7631807558)
(-669939.20938653,50883.7518201253,-142838.584980038)
(-629249.602401915,82062.7772927781,-266111.295507468)
(-550184.836790795,76724.6971734153,-409710.710124514)
(-418006.071228683,53944.5654189046,-543817.441498235)
(-228839.963213457,26556.7255606854,-628994.973541751)
(0,0,0)
(0,0,0)
(0,0,0)
(0,0,0)
(0,0,0)
(0,0,0)
(-697895.808159542,-1709.3755632996,2865.45590767312)
(-698607.298227784,267.773523977563,3785.22705496416)
(-698953.686102779,5996.25873645187,285.24349452523)
(-696915.274524866,20176.7425207352,-11792.5732838488)
(-689594.457680198,53295.440720344,-41482.6064092321)
(-673558.816811303,125533.219928465,-111666.162562881)
(-642220.637195492,252554.513796072,-271430.645205852)
(-564548.25542505,207715.393049757,-432541.962788362)
(-429116.089617137,133962.958719203,-571303.581461457)
(-234413.959068771,61928.7397802422,-655601.143596532)
(0,0,0)
(0,0,0)
(0,0,0)
(0,0,0)
(0,0,0)
(0,0,0)
(-700578.737824949,-13860.8853221243,4804.53036551349)
(-700811.391211033,-11231.942294057,9473.59282164422)
(-700158.104504951,-3454.58263456734,14470.8600914952)
(-696901.63369295,16876.2415038164,21371.5500561508)
(-690325.491705447,70595.9526123388,30789.5247637423)
(-686855.960907339,227027.691194175,15457.6177514365)
(-707688.198861452,790323.867191958,-316225.364468421)
(-619029.348085593,456549.195783733,-506349.257097714)
(-465577.063452843,255292.939355339,-643463.28035876)
(-250909.020527817,106140.947865615,-717580.355278418)
(0,0,0)
(0,0,0)
(0,0,0)
(0,0,0)
(0,0,0)
(0,0,0)
(-701648.517044773,-40924.9158574227,7358.094598448)
(-701252.060407622,-38382.4202061437,17157.8415333844)
(-699214.518059494,-31075.2489618308,34744.7062324226)
(-693743.307806321,-13411.6035480902,75104.8612398433)
(-686516.410906762,24823.2875792158,187240.671008984)
(-711871.622834896,84712.2163618569,578790.334136497)
(-1050111.49716957,-374.078642228069,-650040.872434573)
(-785357.825041094,649676.100705233,-707690.910865801)
(-559566.345686336,344431.880857803,-792784.210345153)
(-287661.814078901,124840.028250614,-823902.759913113)
(0,0,0)
(0,0,0)
(0,0,0)
(0,0,0)
(0,0,0)
(0,0,0)
(-696535.150710381,-89259.2893795193,9855.45542122113)
(-695531.960658507,-87420.5612555887,24391.7394039707)
(-691931.710229072,-82323.334127534,52412.3588531516)
(-681458.239500257,-70666.2381291214,113411.192226014)
(-651267.82908762,-47618.343094392,247174.710485647)
(-542588.809645476,-13565.4824678086,493746.19678391)
(2.2437429348508e-05,-5.12722485136145e-06,-2.08137552964502e-05)
(-1038272.70743096,-222.235899896845,-1012952.02199385)
(-722393.779093475,53256.1874984392,-1012444.31814164)
(-341897.41322222,27384.7944399315,-948879.361850734)
(0,0,0)
(0,0,0)
(0,0,0)
(0,0,0)
(0,0,0)
(0,0,0)
(-677814.744432335,-164447.251015852,11633.7303037751)
(-676646.766580075,-163734.724115226,29433.827873879)
(-672806.947281707,-161674.380623583,64064.4979345714)
(-661796.814835963,-156388.368736453,136481.233068961)
(-628874.639877859,-143072.079833952,281246.965874006)
(-510192.605405388,-106270.73898471,507281.100762969)
(1.88668814077153e-05,-1.23942163807992e-05,-1.39859363027536e-05)
(-975987.64000614,-206.667302964835,-959226.374283558)
(-734324.947121449,-92361.9111792598,-1038215.38974946)
(-352358.20399409,-60801.0108540867,-976295.46489978)
(0,0,0)
(0,0,0)
(0,0,0)
(0,0,0)
(0,0,0)
(0,0,0)
(-634423.629684847,-268331.515252786,12276.813480274)
(-633629.810598621,-269176.438111809,31456.2280689914)
(-631251.50803226,-271287.294498683,69312.6963014915)
(-624921.269578895,-275594.656222065,149782.760588623)
(-605659.007988056,-282139.66063957,318086.214392504)
(-519698.66544268,-269153.318674563,613604.355186748)
(2.86213782171158e-05,-2.29894568887909e-05,-1.80531427889967e-05)
(-1074949.15403231,-773442.244607798,-1051256.72595703)
(-726558.911068746,-461647.878520957,-1006561.32868057)
(-336485.023740597,-193167.903160507,-915471.998971598)
(0,0,0)
(0,0,0)
(0,0,0)
(0,0,0)
(0,0,0)
(0,0,0)
(-552378.961533021,-393425.20942375,11388.1431592792)
(-552277.65409611,-396009.192075943,29309.6185818613)
(-552464.763414087,-402877.950487385,64990.5862303672)
(-555230.810118394,-419251.637994222,143294.930134637)
(-572581.893195007,-461276.143033288,331206.060111055)
(-665440.64664584,-593386.614472229,882932.85958055)
(-1202213.65737046,-1176883.45061716,-773267.759130479)
(-808803.395367348,-771798.150922544,-739330.900495767)
(-531568.199490055,-485450.19262197,-737959.365562755)
(-261123.545301033,-228092.437573338,-722203.277336075)
(0,0,0)
(0,0,0)
(0,0,0)
(0,0,0)
(0,0,0)
(0,0,0)
(-418455.00412675,-516307.256232222,8765.75213093357)
(-418824.48314118,-520320.783136095,22389.3428483652)
(-420461.907774605,-530852.945756371,48615.4133369397)
(-426927.659990837,-554853.287220261,101346.511978844)
(-451008.278619294,-609343.628975769,199246.54083038)
(-530139.374425554,-732605.373381668,299666.319391029)
(-722266.365074707,-963674.68149557,-368037.657504697)
(-531784.50886158,-732807.163820799,-452815.908823986)
(-354582.524366914,-486762.059669222,-480501.18054396)
(-179812.337039486,-242536.125153571,-494033.230289441)
(0,0,0)
(0,0,0)
(0,0,0)
(0,0,0)
(0,0,0)
(0,0,0)
(-228808.416482518,-597074.759053029,4713.59161451774)
(-229138.874448032,-601735.706567514,11816.2935098288)
(-230382.667172002,-613571.751447176,24642.1033141219)
(-234444.999041902,-638234.911562781,46967.2988395948)
(-246650.074564175,-685309.494462848,76145.8419283601)
(-276594.560513659,-761660.323230524,68818.974149696)
(-319648.60278473,-830725.491412769,-136987.538046161)
(-257755.289474813,-693922.448416973,-206558.808433564)
(-179139.614694919,-487541.639082083,-236193.086237457)
(-93025.49238579,-251445.584288443,-251476.790603617)
(0,0,0)
(0,0,0)
(0,0,0)
(0,0,0)
(0,0,0)
(0,0,0)
(0,0,0)
(0,0,0)
(0,0,0)
(0,0,0)
(0,0,0)
(0,0,0)
(0,0,0)
(0,0,0)
(0,0,0)
(0,0,0)
(0,0,0)
(0,0,0)
(0,0,0)
(0,0,0)
(0,0,0)
(0,0,0)
(0,0,0)
(0,0,0)
(0,0,0)
(0,0,0)
(0,0,0)
(0,0,0)
(0,0,0)
(0,0,0)
(0,0,0)
(0,0,0)
(0,0,0)
(0,0,0)
(0,0,0)
(0,0,0)
(0,0,0)
(0,0,0)
(0,0,0)
(0,0,0)
(0,0,0)
(0,0,0)
(0,0,0)
(0,0,0)
(0,0,0)
(0,0,0)
(0,0,0)
(0,0,0)
(0,0,0)
(0,0,0)
(0,0,0)
(0,0,0)
(0,0,0)
(0,0,0)
(0,0,0)
(0,0,0)
(0,0,0)
(0,0,0)
(0,0,0)
(0,0,0)
(0,0,0)
(0,0,0)
(0,0,0)
(0,0,0)
(0,0,0)
(0,0,0)
(0,0,0)
(0,0,0)
(0,0,0)
(0,0,0)
(0,0,0)
(0,0,0)
(0,0,0)
(0,0,0)
(0,0,0)
(0,0,0)
(0,0,0)
(0,0,0)
(0,0,0)
(0,0,0)
(0,0,0)
(0,0,0)
(0,0,0)
(0,0,0)
(0,0,0)
(0,0,0)
(0,0,0)
(0,0,0)
(0,0,0)
(0,0,0)
(0,0,0)
(0,0,0)
(0,0,0)
(0,0,0)
(0,0,0)
(0,0,0)
(0,0,0)
(0,0,0)
(0,0,0)
(0,0,0)
(0,0,0)
(0,0,0)
(-696277.641215326,-671.241538957294,928.190503464708)
(-696746.021000723,614.453914622438,78.0682350432858)
(-696744.830741104,4005.82303506598,-4997.89853626635)
(-694246.775146773,11299.7109381153,-18450.4612343954)
(-685241.283112475,25223.047803646,-47508.9288444811)
(-662417.300515221,47240.3188197602,-102271.15653554)
(-613406.045101787,69111.0364276772,-187225.750263344)
(-522022.836108774,62418.3491438556,-277806.100089219)
(-383912.762603111,42908.9584624166,-354808.367177206)
(-204506.704889149,21021.7749636118,-400163.40046513)
(0,0,0)
(0,0,0)
(0,0,0)
(0,0,0)
(0,0,0)
(0,0,0)
(-696241.335668025,-4532.67472704631,2206.9606965731)
(-697178.897420091,-2064.82343210342,3457.83723560371)
(-698460.745792372,4669.89886098509,2300.82109927792)
(-698850.783154084,20057.8903774362,-4521.84971082184)
(-695827.538335675,52443.0613763434,-25508.7826280446)
(-683562.410842015,112124.974405134,-80389.8441827108)
(-646658.752082398,187047.887809025,-193888.58067715)
(-551937.591109422,153252.312977604,-297333.208826535)
(-404367.212756243,97583.8683961703,-376756.995621173)
(-214463.602711591,45508.3433820191,-421193.920396765)
(0,0,0)
(0,0,0)
(0,0,0)
(0,0,0)
(0,0,0)
(0,0,0)
(-694680.997998283,-15109.3069458202,4678.8923921092)
(-696516.586555075,-11869.1452796542,10188.4095837022)
(-700302.083932627,-2710.92392591042,17713.2117982703)
(-706872.92800664,19838.3040482913,27904.0924411015)
(-718405.154055327,74219.3201419156,34207.4960254098)
(-736976.40738797,201843.735454296,-5390.81854311986)
(-746238.956092413,447834.306058335,-227626.47956147)
(-630588.514448383,290204.701024828,-353019.701245918)
(-453393.589212762,161317.523407564,-428936.830497393)
(-237000.124566996,69409.569543641,-466746.952619828)
(0,0,0)
(0,0,0)
(0,0,0)
(0,0,0)
(0,0,0)
(0,0,0)
(-688553.532592961,-36078.1033677024,7873.8119700733)
(-691535.516956559,-32987.1948644088,19275.3181037613)
(-698745.095795529,-24120.4444266444,40215.4163405268)
(-714536.532857428,-1453.53543582782,82300.480875759)
(-751611.713980423,59748.3287099879,161866.775381349)
(-842479.245288795,253709.802777106,240608.330512451)
(-1025893.58454667,1049503.40691684,-385278.682968963)
(-795140.79251306,396652.701656954,-481943.716129106)
(-540801.93634169,181578.987813104,-520969.589879301)
(-273548.889616632,70608.6593435078,-536281.604141436)
(0,0,0)
(0,0,0)
(0,0,0)
(0,0,0)
(0,0,0)
(0,0,0)
(-672728.941827874,-70836.5346773764,10952.2224271637)
(-676793.888481358,-68850.1131138522,28077.0684994597)
(-687323.241515432,-63510.9530683353,62859.1084275159)
(-712294.524190177,-51310.089545306,143551.947226912)
(-778331.156450478,-25488.7162115603,355852.319511318)
(-988052.920303994,18617.633189348,1036408.59975759)
(-1823533.55778709,-251.750026231578,-1038114.86667424)
(-1044632.12004052,61905.2504510275,-697008.002858748)
(-647065.498632135,41239.8800351707,-631997.175542151)
(-313185.475004281,16898.6697881627,-606999.12420475)
(0,0,0)
(0,0,0)
(0,0,0)
(0,0,0)
(0,0,0)
(0,0,0)
(-640167.20323499,-121354.353455765,12870.277581045)
(-644964.651604977,-121016.000788082,33354.0502801746)
(-657610.52433302,-120407.676795567,75054.3510587169)
(-687653.637095967,-119778.499615987,169379.583389403)
(-764862.576906239,-120078.48536417,399957.28957039)
(-993250.337843285,-115929.237179275,1017561.89237692)
(-1785338.63723592,-120.313010210778,-975866.749281061)
(-1073092.38279662,-99272.4725989858,-717584.28344054)
(-669727.571523341,-84632.0543500811,-656309.724653428)
(-322876.964814745,-44926.3450305442,-623965.949014062)
(0,0,0)
(0,0,0)
(0,0,0)
(0,0,0)
(0,0,0)
(0,0,0)
(-582384.309878496,-186533.073131396,13139.3998692825)
(-587373.992735468,-188075.086954603,33942.6681726519)
(-600613.41426409,-192766.429379365,75663.3269882794)
(-631912.468525999,-206172.682369747,169048.70868915)
(-711510.480861678,-249296.43224645,404118.128445051)
(-949865.995454521,-415074.738716494,1133430.95999413)
(-1856365.39146904,-1202353.22600453,-1074910.85482042)
(-1038842.21482799,-507399.65651792,-702890.610105822)
(-630805.735214721,-266712.745200033,-616563.095109907)
(-301075.744401722,-117827.984008248,-579070.735471073)
(0,0,0)
(0,0,0)
(0,0,0)
(0,0,0)
(0,0,0)
(0,0,0)
(-490779.421549606,-259678.900662007,11546.2875471946)
(-495297.700488738,-262741.865436599,29233.1124218187)
(-507149.700799601,-271103.385050826,62255.005478793)
(-533917.358590533,-291194.484048747,125963.355629932)
(-594411.741540296,-339924.814897466,238421.586626241)
(-730086.168116607,-458265.255862468,346257.62524298)
(-981457.172466434,-697040.674586377,-379811.411079196)
(-739019.11060245,-494890.180967816,-462105.171394209)
(-484264.195011319,-308523.857916294,-467598.063156695)
(-238543.053764303,-146809.524889199,-461197.013812467)
(0,0,0)
(0,0,0)
(0,0,0)
(0,0,0)
(0,0,0)
(0,0,0)
(-359833.464342352,-326747.225083297,8446.78463689621)
(-363227.78524763,-330739.237151128,20847.4584578758)
(-371975.624553972,-340923.339111696,42181.1292981155)
(-390726.451702953,-362517.321856116,77302.7588175982)
(-428717.29986163,-405106.896085099,120193.861247564)
(-496654.900022186,-479185.331525347,107629.462507072)
(-573035.64675878,-561156.35959796,-177485.570797288)
(-469712.029182236,-458873.117696924,-275575.113747517)
(-321524.854811399,-311364.278539813,-305792.362679506)
(-162306.055304524,-155770.345874261,-314337.823429407)
(0,0,0)
(0,0,0)
(0,0,0)
(0,0,0)
(0,0,0)
(0,0,0)
(-191691.918856708,-368266.407749513,4402.6850404056)
(-193486.405818564,-372605.526242964,10616.5055027721)
(-198036.362427462,-383242.305503243,20589.1671497784)
(-207317.316837059,-403844.113382591,34788.2764714078)
(-224491.341193046,-438715.151518468,46237.7985336458)
(-250229.132765558,-485131.894076039,25818.9333362305)
(-268788.025772204,-511159.968396286,-75038.0348779656)
(-227480.532076041,-436272.892455314,-127913.017518349)
(-159814.807855202,-308487.597328992,-150114.505568888)
(-81943.9053854575,-158459.037211175,-158507.401232304)
(0,0,0)
(0,0,0)
(0,0,0)
(0,0,0)
(0,0,0)
(0,0,0)
(0,0,0)
(0,0,0)
(0,0,0)
(0,0,0)
(0,0,0)
(0,0,0)
(0,0,0)
(0,0,0)
(0,0,0)
(0,0,0)
(0,0,0)
(0,0,0)
(0,0,0)
(0,0,0)
(0,0,0)
(0,0,0)
(0,0,0)
(0,0,0)
(0,0,0)
(0,0,0)
(0,0,0)
(0,0,0)
(0,0,0)
(0,0,0)
(0,0,0)
(0,0,0)
(0,0,0)
(0,0,0)
(0,0,0)
(0,0,0)
(0,0,0)
(0,0,0)
(0,0,0)
(0,0,0)
(0,0,0)
(0,0,0)
(0,0,0)
(0,0,0)
(0,0,0)
(0,0,0)
(0,0,0)
(0,0,0)
(0,0,0)
(0,0,0)
(0,0,0)
(0,0,0)
(0,0,0)
(0,0,0)
(0,0,0)
(0,0,0)
(0,0,0)
(0,0,0)
(0,0,0)
(0,0,0)
(0,0,0)
(0,0,0)
(0,0,0)
(0,0,0)
(0,0,0)
(0,0,0)
(0,0,0)
(0,0,0)
(0,0,0)
(0,0,0)
(0,0,0)
(0,0,0)
(0,0,0)
(0,0,0)
(0,0,0)
(0,0,0)
(0,0,0)
(0,0,0)
(0,0,0)
(0,0,0)
(0,0,0)
(0,0,0)
(0,0,0)
(0,0,0)
(0,0,0)
(0,0,0)
(0,0,0)
(0,0,0)
(0,0,0)
(0,0,0)
(0,0,0)
(0,0,0)
(0,0,0)
(0,0,0)
(0,0,0)
(0,0,0)
(0,0,0)
(0,0,0)
(0,0,0)
(0,0,0)
(0,0,0)
(0,0,0)
(-695979.466769694,-739.026541694698,440.852096063823)
(-696429.470920189,102.575290921893,21.7267246175665)
(-696465.582766622,2260.5785636274,-2518.09981349577)
(-694025.515217891,6689.58316634413,-9428.94290872297)
(-684594.707134312,14629.1144275602,-24704.6333144391)
(-659903.558134166,26071.0218643215,-53289.3975598183)
(-606643.336846912,35868.1352429623,-95920.2410576617)
(-510699.161893723,32571.5524426978,-139815.467715413)
(-370848.562512432,22541.6037712082,-175421.271577293)
(-195473.480656071,11111.1448172266,-195565.640627602)
(0,0,0)
(0,0,0)
(0,0,0)
(0,0,0)
(0,0,0)
(0,0,0)
(-695067.279130992,-3197.48041281714,1284.39733409079)
(-696377.943912009,-1585.56764014,2171.58675706968)
(-698609.133356026,2662.06755970283,1918.4853246466)
(-700623.5752659,11862.1194542441,-1481.25885144203)
(-699165.147608805,29737.8654630714,-13252.4006138222)
(-685894.431283807,58604.3248674979,-43453.6831752027)
(-642465.761438112,87391.4688270376,-99170.0074035578)
(-543291.043721211,74594.0538059117,-149839.056154985)
(-393416.727433635,48620.2901957326,-186868.227902111)
(-206594.501510403,23030.2713439107,-206656.455629977)
(0,0,0)
(0,0,0)
(0,0,0)
(0,0,0)
(0,0,0)
(0,0,0)
(-691600.269709049,-9176.5029919314,2898.29428987921)
(-694546.615466562,-7076.13426952205,6418.8898307516)
(-701030.12500565,-1334.30895866256,11143.3074221407)
(-712238.405917157,11969.0056712586,16401.8991156458)
(-728713.164530032,40822.2542168851,15625.5208365419)
(-744332.5621889,96205.0176732991,-14619.0171683304)
(-729690.884911828,168134.02244212,-111909.641963997)
(-617790.762647474,125681.310110323,-175794.650069308)
(-442042.152127093,73979.7733946074,-212505.570353864)
(-229664.726397376,32907.0412389424,-229717.738418515)
(0,0,0)
(0,0,0)
(0,0,0)
(0,0,0)
(0,0,0)
(0,0,0)
(-682259.25809952,-20445.7941334849,4975.01664811245)
(-687291.454378272,-18467.962519124,12122.7823194275)
(-699489.589573263,-12908.9591239028,24441.9262624078)
(-723965.077145193,572.566896543762,45266.9093248862)
(-769332.983012681,32781.6687740545,71028.7637999711)
(-840448.731937084,107913.931452919,57289.3366686361)
(-897795.130319829,251721.70502586,-154396.800141934)
(-743464.125069674,147124.886570428,-227517.044045421)
(-516071.2255419,75369.9342613755,-253637.915711992)
(-262615.235748051,31011.3639887772,-262675.892330408)
(0,0,0)
(0,0,0)
(0,0,0)
(0,0,0)
(0,0,0)
(0,0,0)
(-661659.589915329,-38482.3484086423,6967.20236261769)
(-668670.662087584,-37274.7718431158,17650.7852928358)
(-686431.404072118,-34061.2283227341,37911.2170483591)
(-724395.585364304,-26910.6565372393,77495.5016562675)
(-801963.81959763,-12240.7060090828,146150.539586556)
(-948260.70289685,13209.5611101315,201062.692522206)
(-1149503.10576403,37777.3707393283,-259023.425214346)
(-890618.310635388,33368.4244292643,-299280.772478288)
(-591529.349190435,18567.4134700259,-298014.40112864)
(-293670.491710223,7211.73513506081,-293729.755568976)
(0,0,0)
(0,0,0)
(0,0,0)
(0,0,0)
(0,0,0)
(0,0,0)
(-623035.290796012,-63756.7947471091,8142.53389949184)
(-631248.555290228,-63674.9870956442,20826.6528372734)
(-652212.874179941,-63695.34201581,45063.1163772663)
(-697349.543333659,-64321.6882783953,92170.054356113)
(-789576.682233635,-66965.6168556477,171609.070530076)
(-961330.618932913,-72742.8834684441,225641.796198273)
(-1187208.82031868,-71295.8380740006,-263414.811905637)
(-923978.22448123,-65104.0927825609,-314056.453009201)
(-610127.912221562,-45737.0643206205,-309351.634520343)
(-300901.723453733,-23123.8298539119,-300991.310892388)
(0,0,0)
(0,0,0)
(0,0,0)
(0,0,0)
(0,0,0)
(0,0,0)
(-559243.043575761,-95093.3945407029,8195.33349085463)
(-567457.135199901,-96212.9207789666,20816.4096386134)
(-588350.676997596,-99573.3988349433,44431.7291912529)
(-632829.758551062,-108469.624566914,89496.9555048335)
(-722395.367383641,-132431.260284026,165847.485455172)
(-888401.760027715,-195468.709897773,227109.076457686)
(-1115777.77875634,-327570.259409592,-257204.114919404)
(-858797.06075687,-207651.84209768,-294701.519675402)
(-564331.155954164,-120178.354665382,-286734.808591195)
(-277755.386397852,-55270.6428337614,-277908.35361522)
(0,0,0)
(0,0,0)
(0,0,0)
(0,0,0)
(0,0,0)
(0,0,0)
(-464080.329682305,-128852.859619675,7060.37321166763)
(-471092.758519504,-130844.246293418,17486.7567568888)
(-488591.113227075,-136177.336986996,35532.1073364188)
(-524120.349687821,-148267.771764731,65533.2456315236)
(-589736.772613351,-174427.055934672,102854.072355231)
(-692781.583258216,-224956.398869476,95037.1764685408)
(-788078.442928785,-288684.545094029,-137227.267384666)
(-651068.937981095,-225619.12375587,-207210.158347814)
(-444099.515739982,-145753.587495799,-221799.60478875)
(-222463.113088937,-70535.7552235753,-222614.433074298)
(0,0,0)
(0,0,0)
(0,0,0)
(0,0,0)
(0,0,0)
(0,0,0)
(-335144.77939833,-158608.762937969,5067.21837426885)
(-340129.362235688,-161062.680714683,12187.2297835939)
(-352294.260625579,-167119.609675149,23448.1385433532)
(-375703.497987011,-179228.040546464,39385.4536091404)
(-415178.436650039,-200961.289273415,52380.8237362961)
(-467770.512438924,-232831.597170177,31371.6344537368)
(-499344.044493233,-256951.945824167,-74052.5670816725)
(-425447.047768338,-216665.287362383,-127271.38488906)
(-298349.181941357,-149652.065404282,-146548.579850619)
(-151919.853006161,-75409.1982299015,-152061.339142656)
(0,0,0)
(0,0,0)
(0,0,0)
(0,0,0)
(0,0,0)
(0,0,0)
(-176455.604431401,-176455.321391355,2610.24402807932)
(-179008.336784786,-179053.909897752,6123.40417737079)
(-185140.703108951,-185197.522808807,11305.6579925156)
(-196424.87966721,-196480.595825654,17665.7761018571)
(-214173.775165172,-214190.781898767,20577.702699337)
(-234917.634987534,-234899.909115432,7334.51686657088)
(-242381.771151739,-242362.871325153,-33660.8122529054)
(-208816.882607052,-208799.554715805,-60190.1943684746)
(-148713.140467365,-148688.191372356,-72255.7357882377)
(-76508.6645295899,-76512.3546294803,-76587.820244527)
(0,0,0)
(0,0,0)
(0,0,0)
(0,0,0)
(0,0,0)
(0,0,0)
(0,0,0)
(0,0,0)
(0,0,0)
(0,0,0)
(0,0,0)
(0,0,0)
(0,0,0)
(0,0,0)
(0,0,0)
(0,0,0)
(0,0,0)
(0,0,0)
(0,0,0)
(0,0,0)
(0,0,0)
(0,0,0)
(0,0,0)
(0,0,0)
(0,0,0)
(0,0,0)
(0,0,0)
(0,0,0)
(0,0,0)
(0,0,0)
(0,0,0)
(0,0,0)
(0,0,0)
(0,0,0)
(0,0,0)
(0,0,0)
(0,0,0)
(0,0,0)
(0,0,0)
(0,0,0)
(0,0,0)
(0,0,0)
(0,0,0)
(0,0,0)
(0,0,0)
(0,0,0)
(0,0,0)
(0,0,0)
(0,0,0)
(0,0,0)
(0,0,0)
(0,0,0)
(0,0,0)
(0,0,0)
(0,0,0)
(0,0,0)
(0,0,0)
(0,0,0)
(0,0,0)
(0,0,0)
(0,0,0)
(0,0,0)
(0,0,0)
(0,0,0)
(0,0,0)
(0,0,0)
(0,0,0)
(0,0,0)
(0,0,0)
(0,0,0)
(0,0,0)
(0,0,0)
(0,0,0)
(0,0,0)
(0,0,0)
(0,0,0)
(0,0,0)
(0,0,0)
(0,0,0)
(0,0,0)
(0,0,0)
(0,0,0)
(0,0,0)
(0,0,0)
(0,0,0)
(0,0,0)
(0,0,0)
(0,0,0)
(0,0,0)
(0,0,0)
(0,0,0)
(0,0,0)
(0,0,0)
(0,0,0)
(0,0,0)
(0,0,0)
(0,0,0)
(0,0,0)
(0,0,0)
(0,0,0)
(0,0,0)
(0,0,0)
(0,0,0)
(0,0,0)
(0,0,0)
(0,0,0)
(0,0,0)
(0,0,0)
(0,0,0)
(0,0,0)
(0,0,0)
(0,0,0)
(0,0,0)
(0,0,0)
(0,0,0)
(0,0,0)
(0,0,0)
(0,0,0)
(0,0,0)
(0,0,0)
(0,0,0)
(0,0,0)
(0,0,0)
(0,0,0)
(0,0,0)
(0,0,0)
(0,0,0)
(0,0,0)
(0,0,0)
(0,0,0)
(0,0,0)
(0,0,0)
(0,0,0)
(0,0,0)
(0,0,0)
(0,0,0)
(0,0,0)
(0,0,0)
(0,0,0)
(0,0,0)
(0,0,0)
(0,0,0)
(0,0,0)
(0,0,0)
(0,0,0)
(0,0,0)
(0,0,0)
(0,0,0)
(0,0,0)
(0,0,0)
(0,0,0)
(0,0,0)
(0,0,0)
(0,0,0)
(0,0,0)
(0,0,0)
(0,0,0)
(0,0,0)
(0,0,0)
(0,0,0)
(0,0,0)
(0,0,0)
(0,0,0)
(0,0,0)
(0,0,0)
(0,0,0)
(0,0,0)
(0,0,0)
(0,0,0)
(0,0,0)
(0,0,0)
(0,0,0)
(0,0,0)
(0,0,0)
(0,0,0)
(0,0,0)
(0,0,0)
(0,0,0)
(0,0,0)
(0,0,0)
(0,0,0)
(0,0,0)
(0,0,0)
(0,0,0)
(0,0,0)
(0,0,0)
(0,0,0)
(0,0,0)
(0,0,0)
(0,0,0)
(0,0,0)
(0,0,0)
(0,0,0)
(0,0,0)
(0,0,0)
(0,0,0)
(0,0,0)
(0,0,0)
(0,0,0)
(0,0,0)
(0,0,0)
(0,0,0)
(0,0,0)
(0,0,0)
(0,0,0)
(0,0,0)
(0,0,0)
(0,0,0)
(0,0,0)
(0,0,0)
(0,0,0)
(0,0,0)
(0,0,0)
(0,0,0)
(0,0,0)
(0,0,0)
(0,0,0)
(0,0,0)
(0,0,0)
(0,0,0)
(0,0,0)
(0,0,0)
(0,0,0)
(0,0,0)
(0,0,0)
(0,0,0)
(0,0,0)
(0,0,0)
(0,0,0)
(0,0,0)
(0,0,0)
(0,0,0)
(0,0,0)
(0,0,0)
(0,0,0)
(0,0,0)
(0,0,0)
(0,0,0)
(0,0,0)
(0,0,0)
(0,0,0)
(0,0,0)
(0,0,0)
(0,0,0)
(0,0,0)
(0,0,0)
(0,0,0)
(0,0,0)
(0,0,0)
(0,0,0)
(0,0,0)
(0,0,0)
(0,0,0)
(0,0,0)
(0,0,0)
(0,0,0)
(0,0,0)
(0,0,0)
(0,0,0)
(0,0,0)
(0,0,0)
(0,0,0)
(0,0,0)
(0,0,0)
(0,0,0)
(0,0,0)
(0,0,0)
(0,0,0)
(0,0,0)
(0,0,0)
(0,0,0)
(0,0,0)
(0,0,0)
(0,0,0)
(0,0,0)
(0,0,0)
(0,0,0)
(0,0,0)
(0,0,0)
(0,0,0)
(0,0,0)
(0,0,0)
(0,0,0)
(0,0,0)
(0,0,0)
(0,0,0)
(0,0,0)
(0,0,0)
(0,0,0)
(0,0,0)
(0,0,0)
(0,0,0)
(0,0,0)
(0,0,0)
(0,0,0)
(0,0,0)
(0,0,0)
(0,0,0)
(0,0,0)
(0,0,0)
(0,0,0)
(0,0,0)
(0,0,0)
(0,0,0)
(0,0,0)
(0,0,0)
(0,0,0)
(0,0,0)
(0,0,0)
(0,0,0)
(0,0,0)
(0,0,0)
(0,0,0)
(0,0,0)
(0,0,0)
(0,0,0)
(0,0,0)
(0,0,0)
(0,0,0)
(0,0,0)
(0,0,0)
(0,0,0)
(0,0,0)
(0,0,0)
(0,0,0)
(0,0,0)
(0,0,0)
(0,0,0)
(0,0,0)
(0,0,0)
(0,0,0)
(0,0,0)
(0,0,0)
(0,0,0)
(0,0,0)
(0,0,0)
(0,0,0)
(0,0,0)
(0,0,0)
(0,0,0)
(0,0,0)
(0,0,0)
(0,0,0)
(0,0,0)
(0,0,0)
(0,0,0)
(0,0,0)
(0,0,0)
(0,0,0)
(0,0,0)
(0,0,0)
(0,0,0)
(0,0,0)
(0,0,0)
(0,0,0)
(0,0,0)
(0,0,0)
(0,0,0)
(0,0,0)
(0,0,0)
(0,0,0)
(0,0,0)
(0,0,0)
(0,0,0)
(0,0,0)
(0,0,0)
(0,0,0)
(0,0,0)
(0,0,0)
(0,0,0)
(0,0,0)
(0,0,0)
(0,0,0)
(0,0,0)
(0,0,0)
(0,0,0)
(0,0,0)
(0,0,0)
(0,0,0)
(0,0,0)
(0,0,0)
(0,0,0)
(0,0,0)
(0,0,0)
(0,0,0)
(0,0,0)
(0,0,0)
(0,0,0)
(0,0,0)
(0,0,0)
(0,0,0)
(0,0,0)
(0,0,0)
(0,0,0)
(0,0,0)
(0,0,0)
(0,0,0)
(0,0,0)
(0,0,0)
(0,0,0)
(0,0,0)
(0,0,0)
(0,0,0)
(0,0,0)
(0,0,0)
(0,0,0)
(0,0,0)
(0,0,0)
(0,0,0)
(0,0,0)
(0,0,0)
(0,0,0)
(0,0,0)
(0,0,0)
(0,0,0)
(0,0,0)
(0,0,0)
(0,0,0)
(0,0,0)
(0,0,0)
(0,0,0)
(0,0,0)
(0,0,0)
(0,0,0)
(0,0,0)
(0,0,0)
(0,0,0)
(0,0,0)
(0,0,0)
(0,0,0)
(0,0,0)
(0,0,0)
(0,0,0)
(0,0,0)
(0,0,0)
(0,0,0)
(0,0,0)
(0,0,0)
(0,0,0)
(0,0,0)
(0,0,0)
(0,0,0)
(0,0,0)
(0,0,0)
(0,0,0)
(0,0,0)
(0,0,0)
(0,0,0)
(0,0,0)
(0,0,0)
(0,0,0)
(0,0,0)
(0,0,0)
(0,0,0)
(0,0,0)
(0,0,0)
(0,0,0)
(0,0,0)
(0,0,0)
(0,0,0)
(0,0,0)
(0,0,0)
(0,0,0)
(0,0,0)
(0,0,0)
(0,0,0)
(0,0,0)
(0,0,0)
(0,0,0)
(0,0,0)
(0,0,0)
(0,0,0)
(0,0,0)
(0,0,0)
(0,0,0)
(0,0,0)
(0,0,0)
(0,0,0)
(0,0,0)
(0,0,0)
(0,0,0)
(0,0,0)
(0,0,0)
(0,0,0)
(0,0,0)
(0,0,0)
(0,0,0)
(0,0,0)
(0,0,0)
(0,0,0)
(0,0,0)
(0,0,0)
(0,0,0)
(0,0,0)
(0,0,0)
(0,0,0)
(0,0,0)
(0,0,0)
(0,0,0)
(0,0,0)
(0,0,0)
(0,0,0)
(0,0,0)
(0,0,0)
(0,0,0)
(0,0,0)
(0,0,0)
(0,0,0)
(0,0,0)
(0,0,0)
(0,0,0)
(0,0,0)
(0,0,0)
(0,0,0)
(0,0,0)
(0,0,0)
(0,0,0)
(0,0,0)
(0,0,0)
(0,0,0)
(0,0,0)
(0,0,0)
(0,0,0)
(0,0,0)
(0,0,0)
(0,0,0)
(0,0,0)
(0,0,0)
(0,0,0)
(0,0,0)
(0,0,0)
(0,0,0)
(0,0,0)
(0,0,0)
(0,0,0)
(0,0,0)
(0,0,0)
(0,0,0)
(0,0,0)
(0,0,0)
(0,0,0)
(0,0,0)
(0,0,0)
(0,0,0)
(0,0,0)
(0,0,0)
(0,0,0)
(0,0,0)
(0,0,0)
(0,0,0)
(0,0,0)
(0,0,0)
(0,0,0)
(0,0,0)
(0,0,0)
(0,0,0)
(0,0,0)
(0,0,0)
(0,0,0)
(0,0,0)
(0,0,0)
(0,0,0)
(0,0,0)
(0,0,0)
(0,0,0)
(0,0,0)
(0,0,0)
(0,0,0)
(0,0,0)
(0,0,0)
(0,0,0)
(0,0,0)
(0,0,0)
(0,0,0)
(0,0,0)
(0,0,0)
(0,0,0)
(0,0,0)
(0,0,0)
(0,0,0)
(0,0,0)
(0,0,0)
(0,0,0)
(0,0,0)
(0,0,0)
(0,0,0)
(0,0,0)
(0,0,0)
(0,0,0)
(0,0,0)
(0,0,0)
(0,0,0)
(0,0,0)
(0,0,0)
(0,0,0)
(0,0,0)
(0,0,0)
(0,0,0)
(0,0,0)
(0,0,0)
(0,0,0)
(0,0,0)
(0,0,0)
(0,0,0)
(0,0,0)
(0,0,0)
(0,0,0)
(0,0,0)
(0,0,0)
(0,0,0)
(0,0,0)
(0,0,0)
(0,0,0)
(0,0,0)
(0,0,0)
(0,0,0)
(0,0,0)
(0,0,0)
(0,0,0)
(0,0,0)
(0,0,0)
(0,0,0)
(0,0,0)
(0,0,0)
(0,0,0)
(0,0,0)
(0,0,0)
(0,0,0)
(0,0,0)
(0,0,0)
(0,0,0)
(0,0,0)
(0,0,0)
(0,0,0)
(0,0,0)
(0,0,0)
(0,0,0)
(0,0,0)
(0,0,0)
(0,0,0)
(0,0,0)
(0,0,0)
(0,0,0)
(0,0,0)
(0,0,0)
(0,0,0)
(0,0,0)
(0,0,0)
(0,0,0)
(0,0,0)
(0,0,0)
(0,0,0)
(0,0,0)
(0,0,0)
(0,0,0)
(0,0,0)
(0,0,0)
(0,0,0)
(0,0,0)
(0,0,0)
(0,0,0)
(0,0,0)
(0,0,0)
(0,0,0)
(0,0,0)
(0,0,0)
(0,0,0)
(0,0,0)
(0,0,0)
(0,0,0)
(0,0,0)
(0,0,0)
(0,0,0)
(0,0,0)
(0,0,0)
(0,0,0)
(0,0,0)
(0,0,0)
(0,0,0)
(0,0,0)
(0,0,0)
(0,0,0)
(0,0,0)
(0,0,0)
(0,0,0)
(0,0,0)
(0,0,0)
(0,0,0)
(0,0,0)
(0,0,0)
(0,0,0)
(0,0,0)
(0,0,0)
(0,0,0)
(0,0,0)
(0,0,0)
(0,0,0)
(0,0,0)
(0,0,0)
(0,0,0)
(0,0,0)
(0,0,0)
(0,0,0)
(0,0,0)
(0,0,0)
(0,0,0)
(0,0,0)
(0,0,0)
(0,0,0)
(0,0,0)
(0,0,0)
(0,0,0)
(0,0,0)
(0,0,0)
(0,0,0)
(0,0,0)
(0,0,0)
(0,0,0)
(0,0,0)
(0,0,0)
(0,0,0)
(0,0,0)
(0,0,0)
(0,0,0)
(0,0,0)
(0,0,0)
(0,0,0)
(0,0,0)
(0,0,0)
(0,0,0)
(0,0,0)
(0,0,0)
(0,0,0)
(0,0,0)
(0,0,0)
(0,0,0)
(0,0,0)
(0,0,0)
(0,0,0)
(0,0,0)
(0,0,0)
(0,0,0)
(0,0,0)
(0,0,0)
(0,0,0)
(0,0,0)
(0,0,0)
(0,0,0)
(0,0,0)
(0,0,0)
(0,0,0)
(0,0,0)
(0,0,0)
(0,0,0)
(0,0,0)
(0,0,0)
(0,0,0)
(0,0,0)
(0,0,0)
(0,0,0)
(0,0,0)
(0,0,0)
(0,0,0)
(0,0,0)
(0,0,0)
(0,0,0)
(0,0,0)
(0,0,0)
(0,0,0)
(0,0,0)
(0,0,0)
(0,0,0)
(0,0,0)
(0,0,0)
(0,0,0)
(0,0,0)
(0,0,0)
(0,0,0)
(0,0,0)
(0,0,0)
(0,0,0)
(0,0,0)
(0,0,0)
(0,0,0)
(0,0,0)
(0,0,0)
(0,0,0)
(0,0,0)
(0,0,0)
(0,0,0)
(0,0,0)
(0,0,0)
(0,0,0)
(0,0,0)
(0,0,0)
(0,0,0)
(0,0,0)
(0,0,0)
(0,0,0)
(0,0,0)
(0,0,0)
(0,0,0)
(0,0,0)
(0,0,0)
(0,0,0)
(0,0,0)
(0,0,0)
(0,0,0)
(0,0,0)
(0,0,0)
(0,0,0)
(0,0,0)
(0,0,0)
(0,0,0)
(0,0,0)
(0,0,0)
(0,0,0)
(0,0,0)
(0,0,0)
